1
               ---------------------------------------------
               WARNING : INCORRECT ATOM TYPES GIVEN IN INPUT
                         DATA ARE CORRECTED AS FOLLOWS
               ---------------------------------------------


             Atom type of atom    1 is replaced by   1 (was   0)
             Atom type of atom    2 is replaced by   1 (was   0)
             Atom type of atom    3 is replaced by   6 (was   0)
             Atom type of atom    4 is replaced by   6 (was   0)
             Atom type of atom    5 is replaced by   5 (was   0)
             Atom type of atom    6 is replaced by   5 (was   0)
             Atom type of atom    7 is replaced by   5 (was   0)
             Atom type of atom    8 is replaced by   5 (was   0)
             Atom type of atom    9 is replaced by  21 (was   0)
             Atom type of atom   10 is replaced by  21 (was   0)
1     1,2-ethanediol-g-,g+,a                                      

               CHEMICAL FORMULA :  C(   2)  H(   6)  O(   2) 
               FORMULA WEIGHT   :     62.038
                                                               DATE 30-MAY-23
                                                               TIME  17:17:24


          THE COORDINATES OF   10 ATOMS ARE READ IN.
          SOME CONSTANTS WILL BE READ IN.

      CONFORMATIONAL ENERGY, PART 1:  GEOMETRY AND STERIC ENERGY
                                      OF INITIAL CONFORMATION.


      CONNECTED ATOMS
         1-   2-   4-
         1-   3-

      ATTACHED ATOMS
         1-   5,   1-   6,   2-   7,   2-   8,   3-   9,   4-  10,

      INITIAL ATOMIC COORDINATES
           ATOM         X           Y           Z       TYPE
         C(   1)     0.69593    -0.61987    -0.29495   (  1)
         C(   2)    -0.69440    -0.60481     0.30060   (  1)
         O(   3)     1.36582     0.55396     0.16343   (  6)
         O(   4)    -1.45275     0.51855    -0.15614   (  6)
         H(   5)     1.24353    -1.53331     0.03330   (  5)
         H(   6)     0.64949    -0.62681    -1.40859   (  5)
         H(   7)    -1.26550    -1.50758     0.00004   (  5)
         H(   8)    -0.64876    -0.60095     1.41700   (  5)
         H(   9)     2.26354     0.54635    -0.19581   ( 21)
         H(  10)    -0.88068     1.29118    -0.02895   ( 21)


          DIELECTRIC CONSTANT =  1.500


      INITIAL STERIC ENERGY IS      1.5092 KCAL/MOL.

                  COMPRESSION       0.4804
                  BENDING           0.6225
                  BEND-BEND        -0.0116
                  STRETCH-BEND     -0.0005
                  VANDERWAALS
                    1,4 ENERGY      3.1627
                    OTHER          -0.0533
                  H-BONDING        -0.7153
                  PI-COMPLX         0.0000

                  TORSIONAL        -0.8299
                  TORSION-STRETCH  -0.0007
                  DIPOLE-DIPOLE    -1.1450
                  CHARGE-DIPOLE     0.0000
                  CHARGE-CHARGE     0.0000


      MOLECULAR POLARIZABILITIES (A**3)
        ALPHA(1)   =       6.52
        ALPHA(2)   =       6.84
        ALPHA(3)   =       5.46
        AVG. ALPHA =       6.27



      DIPOLE MOMENT =          2.697 D


      E (INDP/INDP) =         -0.210 KCAL/MOLE
      DIPOLE MOMENT =          2.970 D (INCLUDES INDUCED BOND MOMENTS)
      *NOTE*  E (INDP/INDP) IS NOT INCLUDED IN THE INITIAL STERIC ENERGY

      CPU TIME FOR INITIAL CALCULATION IS     0.01 SECONDS.


1     1,2-ethanediol-g-,g+,a                                      


     CONFORMATIONAL ENERGY, PART 2: GEOMETRY MINIMIZATION

               GEOMETRY OPTIMIZATION IS CONTINUED UNTIL ATOM
               MOVEMENT CONVERGES WITHIN FOLLOWING VALUES:

                         AVERAGE MOVEMENT  0.00009 A
                         MAXIMUM MOVEMENT  0.00095 A



     <<<<<<<<<<<<<<<<<<<<<<<<<<  C Y C L E   1 >>>>>>>>>>>>>>>>>>>>>>>>>>

                              (CH)-MOVEMENT = 1

       ITER    1   AVG. MOVE = 0.00922 A   (MAX MOVE : ATOM    2   0.04560 A)  
       ITER    2   AVG. MOVE = 0.00293 A   (MAX MOVE : ATOM   10   0.03123 A)  
       ITER    3   AVG. MOVE = 0.00052 A   (MAX MOVE : ATOM   10   0.00457 A)  
       ITER    4   AVG. MOVE = 0.00023 A   (MAX MOVE : ATOM    9   0.00120 A)  
       ITER    5   AVG. MOVE = 0.00014 A   (MAX MOVE : ATOM    5   0.00071 A)  
       ITER    6   AVG. MOVE = 0.00011 A   (MAX MOVE : ATOM    5   0.00057 A)  
       ITER    7   AVG. MOVE = 0.00009 A   (MAX MOVE : ATOM    5   0.00045 A)  


     <<<<<<<<<<<<<<<<<<<<<<<<<<  C Y C L E   2 >>>>>>>>>>>>>>>>>>>>>>>>>>

                              (CH)-MOVEMENT = 0

       ITER    8   AVG. MOVE = 0.00006 A   (MAX MOVE : ATOM    3   0.00037 A)  


              * * * * * * * * * GEOMETRY IS OPTIMIZED * * * * * * * * *

               WITHIN : AVERAGE MOVEMENT  0.00006 A (LIMIT  0.00009 A)
                        MAXIMUM MOVEMENT  0.00037 A (LIMIT  0.00095 A)

               GRADIENT
                  RMS GRADIENT                0.005870 KCAL/MOL/A

                  MAX GRADIENT
                    X-DIRECTION : ATOM #   3   0.008832 KCAL/MOL/A
                    Y-DIRECTION : ATOM #   2   0.013101 KCAL/MOL/A
                    Z-DIRECTION : ATOM #   5   0.010626 KCAL/MOL/A

        DELTA TIME =    0.00 SEC.       TOTAL CPU TIME =      0.02 SEC.


                            =====================
                            FULL-MATRIX OPTIMIZER
                            =====================


     iter.  rms force   max force   avg. move    max move  atom  convg  d-time

        0    0.008504    0.022980   0.00025 A   0.00108 A    5    [N]     0.0s
        1    0.000237    0.000757   0.00000 A   0.00000 A   10    [N]     0.0s
        2    0.000020    0.000048                                 [Y]     0.0s


      TOTAL ENERGY IS      0.7569 KCAL/MOL.

        COMPRESS    0.0722      VDW 1,4    3.2797      DIPL-DIPL   -1.2138
        BENDING     0.2132        OTHER   -0.0507      CHRG-DIPL    0.0000
        STR-BEND    0.0274      TORSION   -0.8139      CHRG-CHRG    0.0000
        BEND-BEND  -0.0337      TOR-STR   -0.0011      EPR          0.0000
        H-BONDING  -0.7224      PI-CMPL    0.0000
0     DELTA(T) =     0.0 SEC.          ELAPSED TIME =     0.0 SEC.


    * * * ENERGY IS MINIMIZED WITHIN RMS OF FORCES   0.00002  Kcal/mol/A * * *

                 * * * *  RMS FORCE IS   0.00002 Kcal/mol/A * * * *

1     1,2-ethanediol-g-,g+,a                                      

               CHEMICAL FORMULA :  C(   2)  H(   6)  O(   2) 
               FORMULA WEIGHT   :     62.038
                                                               DATE : 30-MAY-23

           * M M 3 * * * * * * * * * * * 2 0 0 0 *
           *                                     *   PARAMETER RELIABILITY
           *                                     *
           *                                     *   BLANK = GOOD
           *                                     *       B = FAIR
           *                                     *       C = TRIAL
           *                                     *       R = READ IN
           *                                     *       S = SUBSTITUTED
           *                                     *       U = PARAMETER NOT EXIST
           *                                     *
           *                                     *   THIS IS SHOWN AT THE END 
           *                                     *   OF THE LINE.
           * * * * * * * * * * * * * * * * * * * * 


      CONFORMATIONAL ENERGY, PART 3:  GEOMETRY AND STERIC ENERGY
                                      OF FINAL CONFORMATION.

      CONNECTED ATOMS
         1-   2-   4-
         1-   3-

      ATTACHED ATOMS
         1-   5,   1-   6,   2-   7,   2-   8,   3-   9,   4-  10,

      FINAL ATOMIC COORDINATE
           ATOM         X           Y           Z       TYPE
         C(   1)     0.68167     0.62424     0.29716   (  1)
         C(   2)    -0.72148     0.61860    -0.29822   (  1)
         O(   3)     1.36923    -0.54489    -0.16868   (  6)
         O(   4)    -1.42177    -0.54444     0.15829   (  6)
         H(   5)     1.23516     1.54050    -0.02322   (  5)
         H(   6)     0.63840     0.62348     1.41371   (  5)
         H(   7)    -1.28046     1.52378     0.01697   (  5)
         H(   8)    -0.68281     0.62317    -1.41516   (  5)
         H(   9)     2.24463    -0.53809     0.19458   ( 21)
         H(  10)    -0.84736    -1.28285    -0.00931   ( 21)


          DIELECTRIC CONSTANT =  1.500


      BOND LENGTHS AND STRETCHING ENERGY   (    9 BONDS)

        ENERGY = 71.94(KS)(DR)(DR)(1-(CS)(DR)+(7/12)((CS)(DR))**2)
                          DR = R-RO
                          CS =  2.550
                                                         R(0)-CORR        CORR
          BOND        LENGTH   R(0)    K(S)  ENERGY   E-NEG   MISCEL       KS
    C(   1)- C(   2)  1.5242  1.5134  4.490  0.0372 -0.0113                     
    C(   1)- O(   3)  1.4341  1.4280  5.700  0.0150  0.0150                     
    C(   1)- H(   5)  1.1174  1.1150  4.579  0.0018 -0.0039  0.0069  BH -0.101  
    C(   1)- H(   6)  1.1174  1.1150  4.579  0.0018 -0.0039  0.0069  BH -0.101  
    C(   2)- O(   4)  1.4323  1.4280  5.700  0.0075  0.0150                     
    C(   2)- H(   7)  1.1096  1.1082  4.803  0.0006 -0.0039  0.0001  BH  0.123  
    C(   2)- H(   8)  1.1176  1.1155  4.564  0.0015 -0.0039  0.0074  BH -0.116  
    O(   3)- H(   9)  0.9478  0.9470  7.630  0.0003                             
    O(   4)- H(  10)  0.9504  0.9470  7.630  0.0063                             


      NON-BONDED DISTANCES, VDW AND EPR ENERGY   (     22 PAIRS)

              E(VDW) = KV*(1.84(10**5)EXP(-12.00/P) - 2.25(P**6))
              E(EPR) = C*KV*(1.84(10**5)EXP(-12.00/Q) - 2.25(Q**6))
              E(HBD) = EP1-EP2*COS(THETA)*RTH/RTH0
                            EP1 = KHB*1.84(10**5)*EXP(-12.0/P)
                            EP2 = KHB*2.25(P**6)

            IF P > 3.020, THEN,
              E(VDW) = KV(192.270)(P**2)
              E(HBD) = EP1-EP2*COS(THETA)*RTH/RTH0
                            EP1 = KHB*(192.270*P**2+1706.96)
                            EP2 = KHB*1706.96

               WHERE   RV = RVDW(I) + RVDW(K)
                       KV = SQRT(EPS(I)*EPS(K))
                      KHB = EPS/DIELEC  FOR HYDROGEN BOND
                        P = (RV/R) OR (RV/R#)
                        C = SCALE FACTOR
                        Q = RV/R, WHERE R IS MODIFIED DISTANCE
                    THETA = ANGLE H-X-Y IN HYDROGEN BOND X-H...Y
                      RTH = BOND LENGTH X-H IN X-H...Y
                     RTH0 = NATURAL BOND LENGTH X-H

          # IN THE VDW CALCULATIONS THE HYDROGEN ATOMS ARE RELOCATED
          SO THAT THE ATTACHED HYDROGEN DISTANCE IS REDUCED BY 0.923

          # IN THE VDW CALCULATIONS THE DEUTERIUM ATOMS ARE RELOCATED
          SO THAT THE ATTACHED DEUTERIUM DISTANCE IS REDUCED BY  0.923

         ATOM PAIR          R       R#       RV      KV       ENERGY
      C(   1), O(   4)   2.4103
      C(   1), H(   7)   2.1766
      C(   1), H(   8)   2.1895
      C(   1), H(   9)   1.9505
      C(   1), H(  10)   2.4635   2.4464   3.640   0.0208     0.6948  1,4       
      C(   2), O(   3)   2.3962
      C(   2), H(   5)   2.1804
      C(   2), H(   6)   2.1863
      C(   2), H(   9)   3.2216   3.1556   3.640   0.0208     0.0059  1,4       
      C(   2), H(  10)   1.9274
      O(   3), O(   4)   2.8101            3.640   0.0590     0.4018  1,4       
      O(   3), H(   5)   2.0948
      O(   3), H(   6)   2.0984
      O(   3), H(   7)   3.3667   3.2889   3.440   0.0344    -0.0354  1,4       
      O(   3), H(   8)   2.6700   2.6331   3.440   0.0344     0.2638  1,4       
      O(   3), H(  10)   2.3416   2.3675   2.110   3.0000    -0.8825    H       
      O(   4), H(   5)   3.3822   3.3041   3.440   0.0344    -0.0360  1,4       
      O(   4), H(   6)   2.6804   2.6438   3.440   0.0344     0.2493  1,4       
      O(   4), H(   7)   2.0779
      O(   4), H(   8)   2.0941
      O(   4), H(   9)   3.6666   3.5990   2.110   3.0000     0.1601    H       
      H(   5), H(   6)   1.8061
      H(   5), H(   7)   2.5160   2.4300   3.240   0.0200     0.2013  1,4       
      H(   5), H(   8)   2.5412   2.4528   3.240   0.0200     0.1783  1,4       
      H(   5), H(   9)   2.3210   2.2430   3.220   0.0179     0.4188  1,4       
      H(   5), H(  10)   3.5083   3.4076   3.220   0.0179    -0.0186            
      H(   6), H(   7)   2.5384   2.4502   3.240   0.0200     0.1809  1,4       
      H(   6), H(   8)   3.1222   2.9701   3.240   0.0200    -0.0144  1,4       
      H(   6), H(   9)   2.3271   2.2487   3.220   0.0179     0.4080  1,4       
      H(   6), H(  10)   2.8047   2.7432   3.220   0.0179     0.0143            
      H(   7), H(   8)   1.7942
      H(   7), H(   9)   4.0877   3.9574   3.220   0.0179    -0.0104            
      H(   7), H(  10)   2.8400   2.7023   3.220   0.0179     0.0240  1,4       
      H(   8), H(   9)   3.5369   3.4326   3.220   0.0179    -0.0183            
      H(   8), H(  10)   2.3741   2.2884   3.220   0.0179     0.3387  1,4       
      H(   9), H(  10)   3.1869   3.1491   3.200   0.0160    -0.0177            


      BOND ANGLES, BENDING AND STRETCH-BEND ENERGIES   (   14 ANGLES)

          EB = 0.021914(KB)(DT)(DT)(1+CF*DT+QF*DT**2+PF*DT**3+SF*DT**4)
                          DT = THETA-TZERO
                          CF = -1400.000E-5
                          QF =     5.600E-5
                          PF =    -0.070E-5
                          SF =     0.022E-6
          ESB(J) = 2.51124(KSB(J))(DT)(DR1+DR2)
                          DR(I) = R(I) - R0(I)
          EBDBD  = -0.02191418(KBB1)(DT1)(KBB2)(DT2)

          A T O M S            THETA    TZERO     KB     EB     KSB    ESB
   C(   2)- C(   1)- O(   3)  108.147  107.900  0.830  0.0011  0.13  0.0014     
   C(   2)- C(   1)- H(   5)  110.305  109.310  0.590  0.0126  0.08  0.0027     
   C(   2)- C(   1)- H(   6)  110.773  109.310  0.590  0.0271  0.08  0.0039     
   O(   3)- C(   1)- H(   5)  109.748  108.900  0.820  0.0128  0.08  0.0014     
   O(   3)- C(   1)- H(   6)  110.035  108.900  0.820  0.0228  0.08  0.0019     
   H(   5)- C(   1)- H(   6)  107.834  107.600  0.550  0.0007                   
   C(   1)- C(   2)- O(   4)  109.183  107.900  0.830  0.0294  0.13  0.0064     
   C(   1)- C(   2)- H(   7)  110.474  109.310  0.590  0.0172  0.08  0.0029     
   C(   1)- C(   2)- H(   8)  111.008  109.310  0.590  0.0364  0.08  0.0044     
   O(   4)- C(   2)- H(   7)  109.001  108.900  0.820  0.0002  0.08  0.0001     
   O(   4)- C(   2)- H(   8)  109.801  108.900  0.820  0.0144  0.08  0.0012     
   H(   7)- C(   2)- H(   8)  107.337  107.600  0.550  0.0008                   
   C(   1)- O(   3)- H(   9)  108.208  106.800  0.750  0.0319  0.09  0.0022     
   C(   2)- O(   4)- H(  10)  106.211  106.800  0.750  0.0057  0.09 -0.0010     


     DIHEDRAL ANGLES, TORSIONAL ENERGY (ET)   (   15 ANGLES)

           ET = (V1/2)(1+COS(W))+(V2/2)(1-COS(2W))+(V3/2)(1+COS(3W))

           ETS = -11.995*(R-R0)((KTS1/2)(1+COS(W))+
                                (KTS2/2)(1-COS(2W)+
                                (KTS3/2)(1+COS(3W))

           SIGN OF ANGLE A-B-C-D : WHEN LOOKING THROUGH B TOWARD C,
           IF D IS COUNTERCLOCKWISE FROM A, NEGATIVE.

         A T O M S               OMEGA    V1     V2     V3     ET   KTS3   ETS
 C(   1) C(   2) O(   4) H(  10) -50.5  0.400  0.000  0.100  0.333 0.100 0.000  
 C(   2) C(   1) O(   3) H(   9) 179.5  0.400  0.000  0.100  0.000 0.100 0.000  
 O(   3) C(   1) C(   2) O(   4)  61.6  0.500 -2.000  1.900 -1.176 0.059 0.000 B
 O(   3) C(   1) C(   2) H(   7)-178.5  0.000  0.000  0.300  0.000 0.059 0.000  
 O(   3) C(   1) C(   2) H(   8) -59.6  0.000  0.000  0.300  0.000 0.059 0.000  
 O(   4) C(   2) C(   1) H(   5)-178.3  0.000  0.000  0.300  0.001 0.059 0.000  
 O(   4) C(   2) C(   1) H(   6) -59.0  0.000  0.000  0.300  0.000 0.059 0.000  
 H(   5) C(   1) C(   2) H(   7) -58.5  0.000  0.000  0.238  0.000 0.059 0.000  
 H(   5) C(   1) C(   2) H(   8)  60.5  0.000  0.000  0.238  0.000 0.059 0.000  
 H(   5) C(   1) O(   3) H(   9)  59.1  0.000  0.000  0.200  0.000 0.100 0.000  
 H(   6) C(   1) C(   2) H(   7)  60.8  0.000  0.000  0.238  0.000 0.059 0.000  
 H(   6) C(   1) C(   2) H(   8) 179.8  0.000  0.000  0.238  0.000 0.059 0.000  
 H(   6) C(   1) O(   3) H(   9) -59.4  0.000  0.000  0.200  0.000 0.100 0.000  
 H(   7) C(   2) O(   4) H(  10)-171.3  0.000  0.000  0.200  0.010 0.100 0.000  
 H(   8) C(   2) O(   4) H(  10)  71.4  0.000  0.000  0.200  0.017 0.100 0.000  

     DIPOLE-DIPOLE INTERACTION ENERGY  (DIELECTRIC CONSTANT = 1.50)

          E = 14.388*MU1*MU2*(COSX-3*COSA*COSB)/(R12**3*DIELC)

               MU1 = BOND MOM OF BOND 1
               MU2 = BOND MOM OF BOND 2
               R12 = DISTANCE BETWEEN MID-POINTS OF TWO BONDS.

        BOND(1)       MU1           BOND(2)       MU2      R12        E
   C(   1)- O(   3)  1.170   + C(   2)- O(   4)  1.170   2.1014    1.3670       
   C(   1)- O(   3)  1.170   + O(   4)- H(  10) -1.670   2.3611   -1.2824       
   C(   2)- O(   4)  1.170   + O(   3)- H(   9) -1.670   2.9373   -0.3815       
   O(   3)- H(   9) -1.670   + O(   4)- H(  10) -1.670   2.9656   -0.9169       


 ==============================================================================
                        NORMAL MODE VIBRATIONAL ANALYSIS
 ==============================================================================


             Molecular Shape : ASYMMETRIC ROTOR WITH KAPPA =-0.817954
        Symmetry Point Group : C1  
             Symmetry Number :  1
                   Chirality : yes



0       FUNDAMENTAL NORMAL VIBRATIONAL FREQUENCIES
                ( THEORETICALLY  24 VALUES )

             Frequency :  in 1/cm
             A(i)      :  IR intensity (vs,s,m,w,vw,-- or in 10**6 cm/mole)
             A(i) = -- :  IR inactive


             no       Frequency   Symmetry      A(i)

             1.          3684.3     (A   )       vs
             2.          3645.0     (A   )       vs
             3.          2959.9     (A   )        m
             4.          2898.6     (A   )        m
             5.          2863.3     (A   )        w
             6.          2844.9     (A   )        m
             7.          1546.1     (A   )        m
             8.          1516.8     (A   )        w
             9.          1438.3     (A   )        w
            10.          1380.6     (A   )        m
            11.          1326.7     (A   )       vs
            12.          1294.5     (A   )       vs
            13.          1288.3     (A   )        w
            14.          1273.2     (A   )        m
            15.          1093.7     (A   )        m
            16.          1075.8     (A   )        m
            17.           989.8     (A   )        w
            18.           874.7     (A   )        m
            19.           850.2     (A   )        w
            20.           490.4     (A   )        w
            21.           381.6     (A   )       vs
            22.           329.5     (A   )        w
            23.           236.5     (A   )       vs
            24.           183.4     (A   )        w
            25.     (       0.0)    (t/r )
            26.     (       0.0)    (t/r )
            27.     (       0.0)    (t/r )
            28.     (       0.0)    (t/r )
            29.     (       0.0)    (t/r )
            30.     (       0.0)    (t/r )


0       CORRESPONDING EIGEN VECTOR MATRIX   30 BY  30



 (  1)
     0.001   -0.001   -0.001    0.000    0.000    0.000   -0.057    0.001
    -0.023    0.000    0.000    0.000   -0.001    0.007    0.000   -0.002
     0.003    0.005    0.000    0.000    0.000    0.000    0.000    0.000
     0.894   -0.003    0.365   -0.004    0.007    0.001

 (  2)
     0.000    0.000    0.000    0.001    0.001   -0.001    0.000    0.000
     0.000    0.036   -0.048   -0.010    0.000    0.000    0.000    0.000
     0.000    0.000    0.003    0.001   -0.002   -0.001   -0.003    0.005
    -0.008    0.000   -0.003   -0.570    0.762    0.165

 (  3)
    -0.002   -0.001   -0.002    0.041   -0.066   -0.042    0.000    0.000
     0.000    0.000    0.001    0.000    0.013    0.014   -0.003    0.006
     0.000    0.025   -0.465    0.744    0.245   -0.012    0.010    0.262
    -0.001    0.000   -0.001    0.007    0.008   -0.005

 (  4)
     0.030    0.047   -0.072   -0.001    0.001   -0.002    0.000    0.000
     0.000    0.000    0.000    0.000   -0.336   -0.549    0.191   -0.022
    -0.001    0.664    0.008   -0.011   -0.004    0.007    0.000    0.036
     0.001    0.001   -0.001   -0.001    0.000    0.000

 (  5)
    -0.008   -0.011   -0.016    0.010   -0.023    0.073    0.000    0.001
     0.000    0.002    0.002   -0.001    0.077    0.118   -0.031   -0.008
     0.006    0.195   -0.134    0.219    0.049    0.016    0.026   -0.888
    -0.001   -0.003   -0.002   -0.005    0.002    0.004

 (  6)
     0.027    0.052    0.043    0.001   -0.009    0.016    0.001   -0.003
    -0.002    0.001    0.001    0.000   -0.328   -0.550    0.163    0.011
    -0.025   -0.654   -0.043    0.085    0.025    0.003    0.008   -0.223
     0.005    0.012    0.010   -0.002    0.000    0.001

 (  7)
    -0.082    0.028   -0.001    0.136    0.097   -0.022    0.014   -0.009
     0.000   -0.048   -0.033    0.014    0.082   -0.099   -0.064    0.150
    -0.139    0.008   -0.305   -0.256    0.240   -0.191   -0.389   -0.055
     0.023   -0.037   -0.014    0.119    0.107   -0.073

 (  8)
     0.101   -0.116   -0.029    0.012    0.056   -0.018   -0.030    0.031
     0.009   -0.013   -0.011    0.005   -0.346    0.242    0.306   -0.136
     0.461   -0.062   -0.175   -0.101    0.164    0.029   -0.209   -0.035
    -0.027   -0.013   -0.018    0.008    0.007   -0.008

 (  9)
     0.065    0.030    0.040   -0.082    0.031   -0.039   -0.002   -0.011
    -0.007    0.017    0.006   -0.011   -0.070    0.009   -0.345   -0.219
    -0.266    0.053    0.123    0.011    0.485    0.293   -0.395   -0.054
    -0.028    0.112    0.060   -0.131   -0.122    0.070

 ( 10)
    -0.090    0.018   -0.036   -0.051   -0.017   -0.011    0.013   -0.002
     0.004    0.025    0.015   -0.013    0.270   -0.054    0.441    0.419
     0.253   -0.036    0.212    0.044    0.308    0.261   -0.213   -0.009
     0.041   -0.123   -0.062   -0.126   -0.116    0.069

 ( 11)
     0.009    0.007   -0.005   -0.020   -0.055   -0.038   -0.001   -0.004
    -0.003   -0.055    0.000    0.041    0.022    0.011    0.017    0.022
     0.002   -0.005    0.057   -0.090    0.183    0.418    0.171   -0.036
    -0.013    0.047    0.024    0.516    0.502   -0.289

 ( 12)
     0.013    0.037    0.038    0.006   -0.001   -0.001   -0.005   -0.078
    -0.054   -0.006   -0.008   -0.007    0.053    0.069    0.173    0.091
     0.178    0.051    0.138    0.089   -0.032   -0.225   -0.124   -0.009
    -0.173    0.685    0.365    0.058    0.043   -0.032

 ( 13)
     0.007    0.024   -0.028    0.003    0.016   -0.022   -0.012   -0.025
     0.030   -0.001   -0.010    0.004   -0.531    0.395    0.090    0.537
    -0.426   -0.011    0.064    0.064   -0.046    0.045    0.074   -0.026
    -0.011    0.001    0.029   -0.028   -0.033    0.014

 ( 14)
    -0.008    0.003    0.008   -0.004    0.007    0.020    0.006    0.016
     0.013   -0.014   -0.026   -0.014   -0.109    0.053   -0.018   -0.109
     0.028    0.007    0.558    0.381   -0.044   -0.374   -0.363    0.005
     0.065   -0.256   -0.136    0.245    0.190   -0.138

 ( 15)
    -0.069    0.054    0.046    0.059    0.080   -0.051    0.040   -0.061
    -0.038   -0.030   -0.078    0.042   -0.201    0.094   -0.081   -0.202
     0.307    0.044    0.202    0.142    0.053    0.240    0.326   -0.047
     0.046   -0.105   -0.052   -0.118   -0.153    0.073

 ( 16)
     0.031   -0.107   -0.016   -0.005    0.105   -0.041   -0.036    0.081
     0.025   -0.028   -0.085    0.031    0.238   -0.273   -0.122    0.262
    -0.097   -0.011    0.154    0.245   -0.136    0.139    0.084   -0.044
    -0.064    0.194    0.093   -0.007   -0.068    0.008

 ( 17)
     0.040   -0.017    0.133   -0.048   -0.035   -0.130    0.006    0.015
    -0.010    0.005    0.021    0.010   -0.017   -0.085   -0.163    0.341
     0.203    0.151   -0.020   -0.125    0.180   -0.395    0.181   -0.146
     0.032   -0.142   -0.073   -0.006    0.015    0.009

 ( 18)
     0.110    0.099    0.007   -0.093    0.066   -0.042    0.024   -0.046
     0.004   -0.038   -0.063    0.022    0.314    0.104    0.368   -0.085
    -0.159    0.004   -0.218    0.043   -0.186   -0.077   -0.035   -0.046
     0.067   -0.181   -0.099    0.020   -0.006   -0.039

 ( 19)
    -0.024   -0.018    0.072   -0.077    0.052    0.059    0.042   -0.036
    -0.034    0.017    0.012   -0.024   -0.143   -0.061   -0.265    0.265
     0.244    0.080   -0.273    0.092   -0.411    0.276   -0.306    0.064
     0.039   -0.079   -0.023    0.107    0.091   -0.079

 ( 20)
    -0.095   -0.097   -0.042   -0.097    0.090   -0.045    0.084   -0.044
     0.022    0.080    0.038    0.030   -0.080   -0.054    0.117   -0.196
    -0.170   -0.043   -0.081    0.052    0.102   -0.198    0.149   -0.046
     0.069    0.098    0.062    0.161    0.100    0.022

 ( 21)
    -0.021    0.004    0.013    0.013   -0.007   -0.034   -0.033   -0.003
     0.017    0.061    0.011    0.062   -0.008    0.003    0.034   -0.056
    -0.010    0.012    0.000    0.004   -0.089    0.028   -0.074   -0.035
     0.019    0.076   -0.111   -0.332   -0.094   -0.816

 ( 22)
     0.042    0.004   -0.085   -0.046    0.003    0.077    0.111   -0.014
     0.051   -0.099   -0.011   -0.032   -0.008   -0.019   -0.247    0.148
     0.171   -0.082    0.005   -0.017    0.234   -0.163    0.157    0.074
     0.092    0.052    0.099   -0.213   -0.041   -0.276

 ( 23)
    -0.004    0.003   -0.012   -0.005   -0.005   -0.007    0.021    0.036
    -0.056    0.011   -0.001    0.030   -0.007    0.016    0.026   -0.021
    -0.032   -0.011   -0.005   -0.003   -0.015   -0.016   -0.024   -0.007
    -0.309   -0.470    0.749   -0.051   -0.018   -0.107

 ( 24)
    -0.017   -0.062    0.049    0.021   -0.061   -0.047    0.111    0.054
    -0.050   -0.109    0.056    0.047   -0.057    0.018    0.210   -0.093
    -0.206    0.046    0.062    0.018   -0.202    0.100   -0.197   -0.045
     0.114    0.124   -0.056   -0.218   -0.032    0.070

 ( 25)
     0.007   -0.122   -0.029   -0.022   -0.085    0.040   -0.045   -0.138
    -0.067   -0.029   -0.068    0.071    0.015   -0.135   -0.054    0.063
    -0.124   -0.027    0.016   -0.072    0.070   -0.077   -0.083    0.038
    -0.027   -0.162   -0.110   -0.056   -0.083    0.041

 ( 26)
    -0.029   -0.055    0.029    0.020   -0.007   -0.087   -0.043   -0.097
     0.115   -0.070    0.036   -0.115    0.038   -0.087    0.051   -0.121
    -0.024    0.025    0.034    0.026   -0.157    0.113   -0.038   -0.084
    -0.072   -0.127    0.188   -0.089    0.006   -0.049

 ( 27)
     0.005   -0.037    0.016   -0.001    0.087    0.029   -0.036    0.004
    -0.147   -0.033    0.048   -0.120    0.031   -0.011    0.133    0.016
    -0.185    0.016    0.031    0.062    0.155   -0.011    0.235    0.029
    -0.032   -0.072   -0.154   -0.058    0.052   -0.225

 ( 28)
     0.094   -0.024   -0.078    0.100   -0.040   -0.091    0.101   -0.033
    -0.045    0.098   -0.031   -0.073    0.096   -0.030   -0.093    0.083
     0.001   -0.078    0.095   -0.034   -0.117    0.111   -0.064   -0.091
     0.098   -0.023   -0.037    0.101   -0.034   -0.051

 ( 29)
    -0.033    0.056   -0.158   -0.051    0.012   -0.114   -0.061    0.001
    -0.060   -0.051    0.066    0.025   -0.032    0.017   -0.267    0.001
     0.169   -0.156   -0.031    0.051   -0.189   -0.085   -0.101   -0.116
    -0.050    0.028   -0.088   -0.064    0.043    0.082

 ( 30)
     0.099   -0.002    0.009    0.084    0.083    0.043    0.002   -0.065
     0.024    0.010    0.147    0.092    0.158   -0.052   -0.030    0.126
     0.031    0.010    0.157    0.133    0.032    0.057    0.050    0.042
     0.011   -0.119    0.003   -0.048    0.100    0.098


 ==============================================================================
                      STATISTICAL THERMODYNAMICS ANALYSIS
 ==============================================================================

  Structure name    : 1,2-ethanediol-g-,g+,a                                      
  Temperature       :   298.16 K
  Symmetry number   :   1
  Optical isomers   :   2
  Zero Point Energy :   52.130 Kcal/mol


                     ENERGY   ENTHALPY    ENTROPY  FREE ENERGY   HEAT CAPACITY
                  (Kcal/mol) (Kcal/mol)     (eu)   (Kcal/mol)    (cal/mol/deg)
  Translational       0.889      1.481     38.278     -9.932         4.967
     Rotational       0.889      0.889     24.225     -6.334         2.980
    Vibrational      53.586%    53.586%     7.821*    51.255%       11.060*
      Potential       0.757#     0.757#     0.000      0.757#        0.000
         Mixing       0.000      0.000      1.377     -0.411         0.000
          Total      56.121     56.713     71.701     35.335        19.008

  Enthalpy Function (H-Ho)/T     =   12.83 cal/mol/deg
  Free Energy Function -(G-Ho)/T =   58.87 cal/mol/deg

  % Includes zero point energy (ZPE).
  * Excludes contribution from frequencies lower than 40 (1/cm).
  # Includes steric energy (SE).
    Internal rotation contributions are not considered

  This structure has   0 imaginary frequencies,
                       0 free internal rotation (fir) frequencies
                         (>= 0,< 10 /cm),
                       0 restricted internal rotation (rir) frequencies
                         (>= 10,< 40 /cm),
                       6 zero frequencies, and
                      24 real frequencies.


      FINAL STERIC ENERGY IS      0.7569 KCAL/MOL.


                COMPRESSION       0.0722
                BENDING           0.2132
                BEND-BEND        -0.0337
                STRETCH-BEND      0.0274
                VANDERWAALS
                  1,4 ENERGY      3.2797
                  OTHER          -0.0507
                H-BONDING        -0.7224
                PI-COMPLX         0.0000

                TORSIONAL        -0.8139
                TORSION-STRETCH  -0.0011
                DIPOLE-DIPOLE    -1.2138
                CHARGE-DIPOLE     0.0000
                CHARGE-CHARGE     0.0000

      -----------------------------------------------------------------

      COORDINATES TRANSLATED TO NEW ORIGIN WHICH IS CENTER OF MASS
         C(   1)     0.68167     0.62424     0.29716   (  1)
         C(   2)    -0.72148     0.61860    -0.29822   (  1)
         O(   3)     1.36923    -0.54489    -0.16868   (  6)
         O(   4)    -1.42177    -0.54444     0.15829   (  6)
         H(   5)     1.23516     1.54050    -0.02322   (  5)
         H(   6)     0.63840     0.62348     1.41371   (  5)
         H(   7)    -1.28046     1.52378     0.01697   (  5)
         H(   8)    -0.68281     0.62317    -1.41516   (  5)
         H(   9)     2.24463    -0.53809     0.19458   ( 21)
         H(  10)    -0.84736    -1.28285    -0.00931   ( 21)

      MOMENT OF INERTIA WITH THE PRINCIPAL AXES

          (1)  UNIT = 10**(-39) GM*CM**2
               IX=    5.5257    IY=   15.1211    IZ=   18.3040

          (2)  UNIT = AU A**2
               IX=   33.2800    IY=   91.0712    IZ=  110.2411



      MOLECULAR POLARIZABILITIES (A**3)
        ALPHA(1)   =       6.46
        ALPHA(2)   =       6.83
        ALPHA(3)   =       5.41
        AVG. ALPHA =       6.23



      DIPOLE MOMENT =          2.660 D


        COMPONENTS WITH PRINCIPAL AXES

                          X = -2.5628    Y = -0.6184    Z = -0.3527


      E (INDP/INDP) =         -0.230 KCAL/MOLE
      DIPOLE MOMENT =          2.925 D (INCLUDES INDUCED BOND MOMENTS)
      *NOTE*  E (INDP/INDP) IS NOT INCLUDED IN THE FINAL STERIC ENERGY

        COMPONENTS WITH PRINCIPAL AXES

                          X = -2.8609    Y = -0.4732    Z = -0.3820



      TOTAL ATOMIC CHARGE ON EACH ATOM (in ELECTRON CHARGE)

           C(    1):          0.174
           C(    2):          0.166
           O(    3):         -0.610
           O(    4):         -0.604
           H(    5):          0.004
           H(    6):          0.007
           H(    7):          0.013
           H(    8):          0.011
           H(    9):          0.418
           H(   10):          0.420

      -----------------------------------------------------------------

        END OF 1,2-ethanediol-g-,g+,a                                      


           TOTAL CPU TIME IS      0.03 SECONDS.

           THIS JOB COMPLETED AT    17:17:24
