1
               ---------------------------------------------
               WARNING : INCORRECT ATOM TYPES GIVEN IN INPUT
                         DATA ARE CORRECTED AS FOLLOWS
               ---------------------------------------------


             Atom type of atom    1 is replaced by   4 (was   0)
             Atom type of atom    2 is replaced by   1 (was   0)
             Atom type of atom    3 is replaced by   1 (was   0)
             Atom type of atom    4 is replaced by   4 (was   0)
             Atom type of atom    5 is replaced by  10 (was   0)
             Atom type of atom    6 is replaced by  10 (was   0)
             Atom type of atom    7 is replaced by   5 (was   0)
             Atom type of atom    8 is replaced by   5 (was   0)
             Atom type of atom    9 is replaced by   5 (was   0)
             Atom type of atom   10 is replaced by   5 (was   0)
1     1,2-DCE-t                                                   

               CHEMICAL FORMULA :  C(   4)  H(   4)  N(   2) 
               FORMULA WEIGHT   :     80.038
                                                               DATE 30-MAY-23
                                                               TIME  17:09:14


          THE COORDINATES OF   10 ATOMS ARE READ IN.
          SOME CONSTANTS WILL BE READ IN.

      CONFORMATIONAL ENERGY, PART 1:  GEOMETRY AND STERIC ENERGY
                                      OF INITIAL CONFORMATION.


      CONNECTED ATOMS
         1-   2-   3-   4-

      ATTACHED ATOMS
         1-   5,   2-   7,   2-   8,   3-   9,   3-  10,   4-   6,

      INITIAL ATOMIC COORDINATES
           ATOM         X           Y           Z       TYPE
         C(   1)     1.88727    -0.16643     0.00000   (  4)
         C(   2)     0.48545    -0.60401     0.00000   (  1)
         C(   3)    -0.48545     0.60401     0.00000   (  1)
         C(   4)    -1.88727     0.16643     0.00000   (  4)
         N(   5)     2.98725     0.19214     0.00000   ( 10)
         N(   6)    -2.98725    -0.19214     0.00000   ( 10)
         H(   7)     0.29913    -1.23571    -0.89325   (  5)
         H(   8)     0.29913    -1.23571     0.89325   (  5)
         H(   9)    -0.29913     1.23571     0.89325   (  5)
         H(  10)    -0.29913     1.23571    -0.89325   (  5)


          DIELECTRIC CONSTANT =  1.500


      INITIAL STERIC ENERGY IS      6.5369 KCAL/MOL.

                  COMPRESSION       0.2086
                  BENDING           0.1116
                  BEND-BEND        -0.0028
                  STRETCH-BEND      0.0332
                  VANDERWAALS
                    1,4 ENERGY      1.3492
                    OTHER          -0.1886
                  H-BONDING         0.0000
                  PI-COMPLX         0.0000

                  TORSIONAL         0.0041
                  TORSION-STRETCH  -0.0002
                  DIPOLE-DIPOLE     5.0219
                  CHARGE-DIPOLE     0.0000
                  CHARGE-CHARGE     0.0000


      MOLECULAR POLARIZABILITIES (A**3)
        ALPHA(1)   =      10.54
        ALPHA(2)   =       5.25
        ALPHA(3)   =       4.34
        AVG. ALPHA =       6.71



      DIPOLE MOMENT =          0.000 D


      CPU TIME FOR INITIAL CALCULATION IS     0.01 SECONDS.


1     1,2-DCE-t                                                   


     CONFORMATIONAL ENERGY, PART 2: GEOMETRY MINIMIZATION

               GEOMETRY OPTIMIZATION IS CONTINUED UNTIL ATOM
               MOVEMENT CONVERGES WITHIN FOLLOWING VALUES:

                         AVERAGE MOVEMENT  0.00009 A
                         MAXIMUM MOVEMENT  0.00095 A



     <<<<<<<<<<<<<<<<<<<<<<<<<<  C Y C L E   1 >>>>>>>>>>>>>>>>>>>>>>>>>>

                              (CH)-MOVEMENT = 1

       ITER    1   AVG. MOVE = 0.00205 A   (MAX MOVE : ATOM    1   0.01368 A)  
       ITER    2   AVG. MOVE = 0.00035 A   (MAX MOVE : ATOM    1   0.00287 A)  
       ITER    3   AVG. MOVE = 0.00014 A   (MAX MOVE : ATOM    5   0.00099 A)  
       ITER    4   AVG. MOVE = 0.00004 A   (MAX MOVE : ATOM    5   0.00028 A)  


     <<<<<<<<<<<<<<<<<<<<<<<<<<  C Y C L E   2 >>>>>>>>>>>>>>>>>>>>>>>>>>

                              (CH)-MOVEMENT = 0

       ITER    5   AVG. MOVE = 0.00001 A   (MAX MOVE : ATOM    5   0.00006 A)  


              * * * * * * * * * GEOMETRY IS OPTIMIZED * * * * * * * * *

               WITHIN : AVERAGE MOVEMENT  0.00001 A (LIMIT  0.00009 A)
                        MAXIMUM MOVEMENT  0.00006 A (LIMIT  0.00095 A)

               GRADIENT
                  RMS GRADIENT                0.002588 KCAL/MOL/A

                  MAX GRADIENT
                    X-DIRECTION : ATOM #   1   0.007600 KCAL/MOL/A
                    Y-DIRECTION : ATOM #   2   0.006251 KCAL/MOL/A
                    Z-DIRECTION : ATOM #   8   0.001469 KCAL/MOL/A

        DELTA TIME =    0.00 SEC.       TOTAL CPU TIME =      0.02 SEC.


                            =====================
                            FULL-MATRIX OPTIMIZER
                            =====================


     iter.  rms force   max force   avg. move    max move  atom  convg  d-time

        0    0.002459    0.008508   0.00001 A   0.00006 A    8    [N]     0.0s
        1    0.000082    0.000187                                 [Y]     0.0s


      TOTAL ENERGY IS      6.4441 KCAL/MOL.

        COMPRESS    0.1318      VDW 1,4    1.3557      DIPL-DIPL    5.0264
        BENDING     0.0948        OTHER   -0.1883      CHRG-DIPL    0.0000
        STR-BEND    0.0236      TORSION    0.0025      CHRG-CHRG    0.0000
        BEND-BEND  -0.0022      TOR-STR   -0.0001      EPR          0.0000
        H-BONDING   0.0000      PI-CMPL    0.0000
0     DELTA(T) =     0.0 SEC.          ELAPSED TIME =     0.0 SEC.


    * * * ENERGY IS STATIONARY WITHIN RMS OF FORCES   0.00010  Kcal/mol/A * * *

                 * * * *  RMS FORCE IS   0.00008 Kcal/mol/A * * * *

1     1,2-DCE-t                                                   

               CHEMICAL FORMULA :  C(   4)  H(   4)  N(   2) 
               FORMULA WEIGHT   :     80.038
                                                               DATE : 30-MAY-23

           * M M 3 * * * * * * * * * * * 2 0 0 0 *
           *                                     *   PARAMETER RELIABILITY
           *                                     *
           *                                     *   BLANK = GOOD
           *                                     *       B = FAIR
           *                                     *       C = TRIAL
           *                                     *       R = READ IN
           *                                     *       S = SUBSTITUTED
           *                                     *       U = PARAMETER NOT EXIST
           *                                     *
           *                                     *   THIS IS SHOWN AT THE END 
           *                                     *   OF THE LINE.
           * * * * * * * * * * * * * * * * * * * * 


      CONFORMATIONAL ENERGY, PART 3:  GEOMETRY AND STERIC ENERGY
                                      OF FINAL CONFORMATION.

      CONNECTED ATOMS
         1-   2-   3-   4-

      ATTACHED ATOMS
         1-   5,   2-   7,   2-   8,   3-   9,   3-  10,   4-   6,

      FINAL ATOMIC COORDINATE
           ATOM         X           Y           Z       TYPE
         C(   1)     1.88868     0.16835     0.00000   (  4)
         C(   2)     0.47759     0.60601     0.00000   (  1)
         C(   3)    -0.47759    -0.60601     0.00000   (  1)
         C(   4)    -1.88868    -0.16835     0.00000   (  4)
         N(   5)     2.98993    -0.19155     0.00000   ( 10)
         N(   6)    -2.98993     0.19155     0.00000   ( 10)
         H(   7)     0.29322     1.23719     0.89355   (  5)
         H(   8)     0.29322     1.23719    -0.89355   (  5)
         H(   9)    -0.29322    -1.23719    -0.89355   (  5)
         H(  10)    -0.29322    -1.23719     0.89355   (  5)


          DIELECTRIC CONSTANT =  1.500


      BOND LENGTHS AND STRETCHING ENERGY   (    9 BONDS)

        ENERGY = 71.94(KS)(DR)(DR)(1-(CS)(DR)+(7/12)((CS)(DR))**2)
                          DR = R-RO
                          CS =  2.550
                                                         R(0)-CORR        CORR
          BOND        LENGTH   R(0)    K(S)  ENERGY   E-NEG   MISCEL       KS
    C(   1)- C(   2)  1.4774  1.4720  5.500  0.0114  0.0020                     
    C(   1)- N(   5)  1.1586  1.1580 17.330  0.0004                             
    C(   2)- C(   3)  1.5432  1.5247  4.490  0.1051                             
    C(   2)- H(   7)  1.1094  1.1079  4.812  0.0008 -0.0041              0.132  
    C(   2)- H(   8)  1.1094  1.1079  4.812  0.0008 -0.0041              0.132  
    C(   3)- C(   4)  1.4774  1.4720  5.500  0.0114  0.0020                     
    C(   3)- H(   9)  1.1094  1.1079  4.812  0.0008 -0.0041              0.132  
    C(   3)- H(  10)  1.1094  1.1079  4.812  0.0008 -0.0041              0.132  
    C(   4)- N(   6)  1.1586  1.1580 17.330  0.0004                             


      NON-BONDED DISTANCES, VDW AND EPR ENERGY   (     22 PAIRS)

              E(VDW) = KV*(1.84(10**5)EXP(-12.00/P) - 2.25(P**6))
              E(EPR) = C*KV*(1.84(10**5)EXP(-12.00/Q) - 2.25(Q**6))
              E(HBD) = EP1-EP2*COS(THETA)*RTH/RTH0
                            EP1 = KHB*1.84(10**5)*EXP(-12.0/P)
                            EP2 = KHB*2.25(P**6)

            IF P > 3.020, THEN,
              E(VDW) = KV(192.270)(P**2)
              E(HBD) = EP1-EP2*COS(THETA)*RTH/RTH0
                            EP1 = KHB*(192.270*P**2+1706.96)
                            EP2 = KHB*1706.96

               WHERE   RV = RVDW(I) + RVDW(K)
                       KV = SQRT(EPS(I)*EPS(K))
                      KHB = EPS/DIELEC  FOR HYDROGEN BOND
                        P = (RV/R) OR (RV/R#)
                        C = SCALE FACTOR
                        Q = RV/R, WHERE R IS MODIFIED DISTANCE
                    THETA = ANGLE H-X-Y IN HYDROGEN BOND X-H...Y
                      RTH = BOND LENGTH X-H IN X-H...Y
                     RTH0 = NATURAL BOND LENGTH X-H

          # IN THE VDW CALCULATIONS THE HYDROGEN ATOMS ARE RELOCATED
          SO THAT THE ATTACHED HYDROGEN DISTANCE IS REDUCED BY 0.923

          # IN THE VDW CALCULATIONS THE DEUTERIUM ATOMS ARE RELOCATED
          SO THAT THE ATTACHED DEUTERIUM DISTANCE IS REDUCED BY  0.923

         ATOM PAIR          R       R#       RV      KV       ENERGY
      C(   1), C(   3)   2.4898
      C(   1), C(   4)   3.7923            3.880   0.0560    -0.0615  1,4       
      C(   1), N(   6)   4.8787            3.870   0.0491    -0.0251            
      C(   1), H(   7)   2.1181
      C(   1), H(   8)   2.1181
      C(   1), H(   9)   2.7449   2.7100   3.560   0.0335     0.2770  1,4       
      C(   1), H(  10)   2.7449   2.7100   3.560   0.0335     0.2770  1,4       
      C(   2), C(   4)   2.4898
      C(   2), N(   5)   2.6359
      C(   2), N(   6)   3.4922            3.970   0.0341    -0.0022  1,4       
      C(   2), H(   9)   2.1886
      C(   2), H(  10)   2.1886
      C(   3), N(   5)   3.4922            3.970   0.0341    -0.0022  1,4       
      C(   3), N(   6)   2.6359
      C(   3), H(   7)   2.1886
      C(   3), H(   8)   2.1886
      C(   4), N(   5)   4.8787            3.870   0.0491    -0.0251            
      C(   4), H(   7)   2.7449   2.7100   3.560   0.0335     0.2770  1,4       
      C(   4), H(   8)   2.7449   2.7100   3.560   0.0335     0.2770  1,4       
      C(   4), H(   9)   2.1181
      C(   4), H(  10)   2.1181
      N(   5), N(   6)   5.9921            3.860   0.0430    -0.0068            
      N(   5), H(   7)   3.1799   3.1274   3.550   0.0293    -0.0028  1,4       
      N(   5), H(   8)   3.1799   3.1274   3.550   0.0293    -0.0028  1,4       
      N(   5), H(   9)   3.5596   3.5421   3.550   0.0293    -0.0328            
      N(   5), H(  10)   3.5596   3.5421   3.550   0.0293    -0.0328            
      N(   6), H(   7)   3.5596   3.5421   3.550   0.0293    -0.0328            
      N(   6), H(   8)   3.5596   3.5421   3.550   0.0293    -0.0328            
      N(   6), H(   9)   3.1799   3.1274   3.550   0.0293    -0.0028  1,4       
      N(   6), H(  10)   3.1799   3.1274   3.550   0.0293    -0.0028  1,4       
      H(   7), H(   8)   1.7871
      H(   7), H(   9)   3.1081   2.9580   3.240   0.0200    -0.0135  1,4       
      H(   7), H(  10)   2.5429   2.4554   3.240   0.0200     0.1758  1,4       
      H(   8), H(   9)   2.5429   2.4554   3.240   0.0200     0.1758  1,4       
      H(   8), H(  10)   3.1081   2.9580   3.240   0.0200    -0.0135  1,4       
      H(   9), H(  10)   1.7871


      BOND ANGLES, BENDING AND STRETCH-BEND ENERGIES   (   14 ANGLES)

          EB = 0.021914(KB)(DT)(DT)(1+CF*DT+QF*DT**2+PF*DT**3+SF*DT**4)
                          DT = THETA-TZERO
                          CF = -1400.000E-5
                          QF =     5.600E-5
                          PF =    -0.070E-5
                          SF =     0.022E-6
          ESB(J) = 2.51124(KSB(J))(DT)(DR1+DR2)
                          DR(I) = R(I) - R0(I)
          EBDBD  = -0.02191418(KBB1)(DT1)(KBB2)(DT2)

          A T O M S            THETA    TZERO     KB     EB     KSB    ESB
   C(   2)- C(   1)- N(   5)  179.133  180.000  0.335  0.0056  0.13 -0.0017     
   C(   1)- C(   2)- C(   3)  111.009  110.000  0.960  0.0211  0.13  0.0079     
   C(   1)- C(   2)- H(   7)  109.103  109.410  0.680  0.0014  0.08 -0.0004     
   C(   1)- C(   2)- H(   8)  109.103  109.410  0.680  0.0014  0.08 -0.0004     
   C(   3)- C(   2)- H(   7)  110.120  109.310  0.590  0.0084  0.08  0.0032     
   C(   3)- C(   2)- H(   8)  110.120  109.310  0.590  0.0084  0.08  0.0032     
   H(   7)- C(   2)- H(   8)  107.302  107.600  0.550  0.0011                   
   C(   2)- C(   3)- C(   4)  111.009  110.000  0.960  0.0211  0.13  0.0079     
   C(   2)- C(   3)- H(   9)  110.120  109.310  0.590  0.0084  0.08  0.0032     
   C(   2)- C(   3)- H(  10)  110.120  109.310  0.590  0.0084  0.08  0.0032     
   C(   4)- C(   3)- H(   9)  109.103  109.410  0.680  0.0014  0.08 -0.0004     
   C(   4)- C(   3)- H(  10)  109.103  109.410  0.680  0.0014  0.08 -0.0004     
   H(   9)- C(   3)- H(  10)  107.302  107.600  0.550  0.0011                   
   C(   3)- C(   4)- N(   6)  179.134  180.000  0.335  0.0056  0.13 -0.0017     


     DIHEDRAL ANGLES, TORSIONAL ENERGY (ET)   (   15 ANGLES)

           ET = (V1/2)(1+COS(W))+(V2/2)(1-COS(2W))+(V3/2)(1+COS(3W))

           ETS = -11.995*(R-R0)((KTS1/2)(1+COS(W))+
                                (KTS2/2)(1-COS(2W)+
                                (KTS3/2)(1+COS(3W))

           SIGN OF ANGLE A-B-C-D : WHEN LOOKING THROUGH B TOWARD C,
           IF D IS COUNTERCLOCKWISE FROM A, NEGATIVE.

         A T O M S               OMEGA    V1     V2     V3     ET   KTS3   ETS
 C(   1) C(   2) C(   3) C(   4) 180.0  1.000  0.000  0.093  0.000 0.059 0.000 C
 C(   1) C(   2) C(   3) H(   9) -59.1  0.000  0.000  0.560  0.000 0.059 0.000  
 C(   1) C(   2) C(   3) H(  10)  59.1  0.000  0.000  0.560  0.000 0.059 0.000  
 C(   2) C(   3) C(   4) N(   6)  NONE  
 C(   3) C(   2) C(   1) N(   5)  NONE  
 C(   4) C(   3) C(   2) H(   7)  59.1  0.000  0.000  0.560  0.000 0.059 0.000  
 C(   4) C(   3) C(   2) H(   8) -59.1  0.000  0.000  0.560  0.000 0.059 0.000  
 N(   5) C(   1) C(   2) H(   7)  NONE  
 N(   5) C(   1) C(   2) H(   8)  NONE  
 N(   6) C(   4) C(   3) H(   9)  NONE  
 N(   6) C(   4) C(   3) H(  10)  NONE  
 H(   7) C(   2) C(   3) H(   9) 180.0  0.000  0.000  0.238  0.000 0.059 0.000  
 H(   7) C(   2) C(   3) H(  10) -61.9  0.000  0.000  0.238  0.001 0.059 0.000  
 H(   8) C(   2) C(   3) H(   9)  61.9  0.000  0.000  0.238  0.001 0.059 0.000  
 H(   8) C(   2) C(   3) H(  10)-180.0  0.000  0.000  0.238  0.000 0.059 0.000  

     DIPOLE-DIPOLE INTERACTION ENERGY  (DIELECTRIC CONSTANT = 1.50)

          E = 14.388*MU1*MU2*(COSX-3*COSA*COSB)/(R12**3*DIELC)

               MU1 = BOND MOM OF BOND 1
               MU2 = BOND MOM OF BOND 2
               R12 = DISTANCE BETWEEN MID-POINTS OF TWO BONDS.

        BOND(1)       MU1           BOND(2)       MU2      R12        E
   C(   1)- C(   2) -1.640   + C(   3)- C(   4)  1.640   2.4898    1.6643       
   C(   1)- C(   2) -1.640   + C(   4)- N(   6)  2.500   3.6419    1.2373       
   C(   1)- N(   5)  2.500   + C(   3)- C(   4)  1.640   3.6419    1.2373       
   C(   1)- N(   5)  2.500   + C(   4)- N(   6)  2.500   4.8787    0.8874       


 ==============================================================================
                        NORMAL MODE VIBRATIONAL ANALYSIS
 ==============================================================================


             Molecular Shape : ASYMMETRIC ROTOR WITH KAPPA =-0.995406
        Symmetry Point Group : C2h 
             Symmetry Number :  2
                   Chirality :  no



0       FUNDAMENTAL NORMAL VIBRATIONAL FREQUENCIES
                ( THEORETICALLY  24 VALUES )

             Frequency :  in 1/cm
             A(i)      :  IR intensity (vs,s,m,w,vw,-- or in 10**6 cm/mole)
             A(i) = -- :  IR inactive


             no       Frequency   Symmetry      A(i)

             1.          2979.7     (Au  )        m
             2.          2975.6     (Bg  )       --
             3.          2929.1     (Ag  )       --
             4.          2920.2     (Bu  )        m
             5.          2246.2     (Ag  )       --
             6.          2244.2     (Bu  )       vs
             7.          1504.4     (Ag  )       --
             8.          1445.4     (Bu  )        m
             9.          1428.9     (Ag  )       --
            10.          1358.7     (Bu  )        m
            11.          1261.3     (Au  )       vw
            12.          1237.9     (Bg  )       --
            13.           983.5     (Ag  )       --
            14.           975.4     (Ag  )       --
            15.           972.6     (Bg  )       --
            16.           927.6     (Bu  )       vs
            17.           806.2     (Au  )        w
            18.           528.2     (Bu  )        w
            19.           453.5     (Ag  )       --
            20.           373.8     (Au  )        w
            21.           336.8     (Bg  )       --
            22.           250.9     (Ag  )       --
            23.           156.5     (Bu  )        m
            24.            86.7     (Au  )        m
            25.     (       0.0)    (t/r )
            26.     (       0.0)    (t/r )
            27.     (       0.0)    (t/r )
            28.     (       0.0)    (t/r )
            29.     (       0.0)    (t/r )
            30.     (       0.0)    (t/r )


0       CORRESPONDING EIGEN VECTOR MATRIX   30 BY  30



 (  1)
     0.000    0.000    0.000    0.000    0.000    0.064    0.000    0.000
     0.064    0.000    0.000    0.000    0.000    0.000    0.000    0.000
     0.000    0.000    0.073   -0.274   -0.379   -0.073    0.274   -0.379
     0.073   -0.274   -0.379   -0.073    0.274   -0.379

 (  2)
     0.000    0.000    0.000    0.000    0.000   -0.065    0.000    0.000
     0.065    0.000    0.000    0.000    0.000    0.000    0.000    0.000
     0.000    0.000   -0.080    0.267    0.381    0.080   -0.267    0.381
     0.080   -0.267   -0.381   -0.080    0.267   -0.381

 (  3)
     0.004   -0.002    0.000   -0.015    0.052    0.000    0.015   -0.052
     0.000   -0.004    0.002    0.000   -0.001    0.001    0.000    0.001
    -0.001    0.000    0.084   -0.287   -0.375    0.084   -0.287    0.375
    -0.084    0.287    0.375   -0.084    0.287   -0.375

 (  4)
     0.005   -0.002    0.000   -0.017    0.049    0.000   -0.017    0.049
     0.000    0.005   -0.002    0.000   -0.002    0.001    0.000   -0.002
     0.001    0.000    0.083   -0.289   -0.376    0.083   -0.289    0.376
     0.083   -0.289   -0.376    0.083   -0.289    0.376

 (  5)
     0.153   -0.049    0.000   -0.031    0.004    0.000    0.031   -0.004
     0.000   -0.152    0.049    0.000   -0.108    0.035    0.000    0.108
    -0.035    0.000    0.008    0.013    0.017    0.008    0.013   -0.017
    -0.008   -0.013   -0.017   -0.008   -0.013    0.017

 (  6)
    -0.153    0.048    0.000    0.027   -0.006    0.000    0.027   -0.006
     0.000   -0.153    0.048    0.000    0.108   -0.035    0.000    0.108
    -0.035    0.000    0.000   -0.011   -0.020    0.000   -0.011    0.020
     0.000   -0.011   -0.020    0.000   -0.011    0.020

 (  7)
     0.000    0.012    0.000   -0.138   -0.017    0.000    0.138    0.017
     0.000    0.000   -0.012    0.000    0.032   -0.010    0.000   -0.032
     0.010    0.000    0.340    0.005    0.092    0.340    0.005   -0.092
    -0.340   -0.005   -0.092   -0.340   -0.005    0.092

 (  8)
     0.003    0.010    0.000   -0.065    0.038    0.000   -0.065    0.038
     0.000    0.003    0.010    0.000    0.018   -0.005    0.000    0.018
    -0.005    0.000    0.243   -0.254    0.296    0.243   -0.254   -0.296
     0.243   -0.254    0.296    0.243   -0.254   -0.296

 (  9)
    -0.001   -0.003    0.000    0.028    0.075    0.000   -0.028   -0.075
     0.000    0.001    0.003    0.000   -0.002    0.002    0.000    0.002
    -0.002    0.000    0.012   -0.334    0.314    0.012   -0.334   -0.314
    -0.012    0.334   -0.314   -0.012    0.334    0.314

 ( 10)
    -0.006   -0.016    0.000    0.080    0.051    0.000    0.080    0.051
     0.000   -0.006   -0.016    0.000   -0.015    0.006    0.000   -0.015
     0.006    0.000   -0.334   -0.248    0.136   -0.334   -0.248   -0.136
    -0.334   -0.248    0.136   -0.334   -0.248   -0.136

 ( 11)
     0.000    0.000    0.036    0.000    0.000   -0.035    0.000    0.000
    -0.035    0.000    0.000    0.036    0.000    0.000   -0.001    0.000
     0.000   -0.001    0.477    0.073    0.004   -0.477   -0.073    0.004
     0.477    0.073    0.004   -0.477   -0.073    0.004

 ( 12)
     0.000    0.000    0.035    0.000    0.000    0.012    0.000    0.000
    -0.012    0.000    0.000   -0.035    0.000    0.000   -0.001    0.000
     0.000    0.001    0.473    0.124    0.025   -0.473   -0.124    0.025
    -0.473   -0.124   -0.025    0.473    0.124   -0.025

 ( 13)
     0.015   -0.059    0.000   -0.050    0.157    0.000    0.050   -0.157
     0.000   -0.015    0.059    0.000    0.058   -0.010    0.000   -0.058
     0.010    0.000   -0.103    0.172   -0.010   -0.103    0.172    0.010
     0.103   -0.172    0.010    0.103   -0.172   -0.010

 ( 14)
    -0.021    0.022    0.000    0.109    0.073    0.000   -0.109   -0.073
     0.000    0.021   -0.022    0.000   -0.048    0.016    0.000    0.048
    -0.016    0.000    0.315    0.153   -0.012    0.315    0.153    0.012
    -0.315   -0.153    0.012   -0.315   -0.153   -0.012

 ( 15)
     0.000    0.000   -0.047    0.000    0.000    0.135    0.000    0.000
    -0.135    0.000    0.000    0.047    0.000    0.000    0.005    0.000
     0.000   -0.005   -0.079    0.329   -0.111    0.079   -0.329   -0.111
     0.079   -0.329    0.111   -0.079    0.329    0.111

 ( 16)
    -0.050    0.034    0.000    0.126   -0.053    0.000    0.126   -0.053
     0.000   -0.050    0.034    0.000   -0.095    0.025    0.000   -0.095
     0.025    0.000    0.211   -0.062    0.017    0.211   -0.062   -0.017
     0.211   -0.062    0.017    0.211   -0.062   -0.017

 ( 17)
     0.000    0.000   -0.047    0.000    0.000    0.076    0.000    0.000
     0.076    0.000    0.000   -0.047    0.000    0.000    0.006    0.000
     0.000    0.006   -0.004    0.395   -0.211    0.004   -0.395   -0.211
    -0.004    0.395   -0.211    0.004   -0.395   -0.211

 ( 18)
    -0.055   -0.156    0.000    0.029    0.087    0.000    0.029    0.087
     0.000   -0.055   -0.156    0.000    0.007    0.045    0.000    0.007
     0.045    0.000    0.105    0.098    0.007    0.105    0.098   -0.007
     0.105    0.098    0.007    0.105    0.098   -0.007

 ( 19)
    -0.117   -0.131    0.000   -0.030   -0.013    0.000    0.030    0.013
     0.000    0.117    0.131    0.000   -0.063    0.066    0.000    0.063
    -0.066    0.000    0.005   -0.013    0.007    0.005   -0.013   -0.007
    -0.005    0.013   -0.007   -0.005    0.013    0.007

 ( 20)
     0.000    0.000   -0.160    0.000    0.000    0.049    0.000    0.000
     0.049    0.000    0.000   -0.160    0.000    0.000    0.075    0.000
     0.000    0.075    0.109   -0.100    0.143   -0.109    0.100    0.143
     0.109   -0.100    0.143   -0.109    0.100    0.143

 ( 21)
     0.000    0.000   -0.163    0.000    0.000    0.011    0.000    0.000
    -0.011    0.000    0.000    0.163    0.000    0.000    0.089    0.000
     0.000   -0.089    0.096   -0.115    0.113   -0.096    0.115    0.113
    -0.096    0.115   -0.113    0.096   -0.115   -0.113

 ( 22)
    -0.062    0.090    0.000   -0.065    0.047    0.000    0.065   -0.047
     0.000    0.062   -0.090    0.000   -0.116   -0.069    0.000    0.116
     0.069    0.000   -0.105    0.029    0.004   -0.105    0.029   -0.004
     0.105   -0.029   -0.004    0.105   -0.029    0.004

 ( 23)
    -0.011   -0.032    0.000   -0.032   -0.111    0.000   -0.032   -0.111
     0.000   -0.011   -0.032    0.000    0.044    0.139    0.000    0.044
     0.139    0.000   -0.051   -0.112   -0.003   -0.051   -0.112    0.003
    -0.051   -0.112   -0.003   -0.051   -0.112    0.003

 ( 24)
     0.000    0.000   -0.002    0.000    0.000   -0.126    0.000    0.000
    -0.126    0.000    0.000   -0.002    0.000    0.000    0.133    0.000
     0.000    0.133   -0.056    0.040   -0.165    0.056   -0.040   -0.165
    -0.056    0.040   -0.165    0.056   -0.040   -0.165

 ( 25)
    -0.016   -0.013    0.083   -0.010    0.006   -0.011   -0.026    0.019
     0.012   -0.021    0.038   -0.082   -0.021   -0.028    0.158   -0.016
     0.053   -0.157   -0.046    0.060   -0.056    0.042   -0.043   -0.056
     0.009   -0.035    0.057   -0.079    0.068    0.057

 ( 26)
     0.005    0.042    0.071   -0.007    0.004    0.118    0.025   -0.021
    -0.111    0.014   -0.058   -0.064    0.014    0.071    0.032    0.004
    -0.087   -0.025   -0.041   -0.155    0.223   -0.005    0.154    0.223
     0.060    0.138   -0.216    0.024   -0.170   -0.216

 ( 27)
    -0.048    0.085   -0.077   -0.062    0.039   -0.107   -0.022    0.008
    -0.022   -0.037   -0.038   -0.053   -0.036    0.121   -0.053   -0.048
    -0.074   -0.077   -0.082    0.095   -0.151   -0.083   -0.030   -0.151
    -0.002   -0.049    0.022   -0.002    0.076    0.022

 ( 28)
     0.026    0.100    0.004    0.028    0.105    0.022    0.023    0.109
    -0.013    0.025    0.114    0.005    0.025    0.096   -0.011    0.026
     0.119    0.020    0.033    0.078    0.043    0.027    0.134    0.043
     0.018    0.136   -0.033    0.023    0.080   -0.033

 ( 29)
    -0.020   -0.057   -0.066   -0.007   -0.017   -0.018   -0.042    0.011
    -0.133   -0.029    0.052   -0.086   -0.030   -0.089   -0.105   -0.019
     0.083   -0.047    0.014   -0.098    0.044    0.008    0.076    0.044
    -0.063    0.093   -0.195   -0.057   -0.081   -0.195

 ( 30)
    -0.095    0.011    0.043   -0.093    0.015    0.072   -0.097    0.017
     0.028   -0.096    0.021    0.056   -0.096    0.007    0.020   -0.095
     0.024    0.080   -0.085   -0.023    0.100   -0.098    0.053    0.100
    -0.105    0.055   -0.001   -0.092   -0.021   -0.001


 ==============================================================================
                      STATISTICAL THERMODYNAMICS ANALYSIS
 ==============================================================================

  Structure name    : 1,2-DCE-t                                                   
  Temperature       :   298.16 K
  Symmetry number   :   2
  Optical isomers   :   1
  Zero Point Energy :   44.864 Kcal/mol


                     ENERGY   ENTHALPY    ENTROPY  FREE ENERGY   HEAT CAPACITY
                  (Kcal/mol) (Kcal/mol)     (eu)   (Kcal/mol)    (cal/mol/deg)
  Translational       0.889      1.481     39.037    -10.158         4.967
     Rotational       0.889      0.889     24.833     -6.515         2.980
    Vibrational      46.969%    46.969%    12.483*    43.247%       14.325*
      Potential       6.444#     6.444#     0.000      6.444#        0.000
         Mixing       0.000      0.000      0.000      0.000         0.000
          Total      55.190     55.783     76.352     33.017        22.273

  Enthalpy Function (H-Ho)/T     =   15.01 cal/mol/deg
  Free Energy Function -(G-Ho)/T =   61.34 cal/mol/deg

  % Includes zero point energy (ZPE).
  * Excludes contribution from frequencies lower than 40 (1/cm).
  # Includes steric energy (SE).
    Internal rotation contributions are not considered

  This structure has   0 imaginary frequencies,
                       0 free internal rotation (fir) frequencies
                         (>= 0,< 10 /cm),
                       0 restricted internal rotation (rir) frequencies
                         (>= 10,< 40 /cm),
                       6 zero frequencies, and
                      24 real frequencies.


      FINAL STERIC ENERGY IS      6.4441 KCAL/MOL.


                COMPRESSION       0.1318
                BENDING           0.0948
                BEND-BEND        -0.0022
                STRETCH-BEND      0.0236
                VANDERWAALS
                  1,4 ENERGY      1.3557
                  OTHER          -0.1883
                H-BONDING         0.0000
                PI-COMPLX         0.0000

                TORSIONAL         0.0025
                TORSION-STRETCH  -0.0001
                DIPOLE-DIPOLE     5.0264
                CHARGE-DIPOLE     0.0000
                CHARGE-CHARGE     0.0000

      -----------------------------------------------------------------

      COORDINATES TRANSLATED TO NEW ORIGIN WHICH IS CENTER OF MASS
         C(   1)     1.88868     0.16835     0.00000   (  4)
         C(   2)     0.47759     0.60601     0.00000   (  1)
         C(   3)    -0.47759    -0.60601     0.00000   (  1)
         C(   4)    -1.88868    -0.16835     0.00000   (  4)
         N(   5)     2.98993    -0.19155     0.00000   ( 10)
         N(   6)    -2.98993     0.19155     0.00000   ( 10)
         H(   7)     0.29322     1.23719     0.89355   (  5)
         H(   8)     0.29322     1.23719    -0.89355   (  5)
         H(   9)    -0.29322    -1.23719    -0.89355   (  5)
         H(  10)    -0.29322    -1.23719     0.89355   (  5)

      MOMENT OF INERTIA WITH THE PRINCIPAL AXES

          (1)  UNIT = 10**(-39) GM*CM**2
               IX=    3.3062    IY=   57.2850    IZ=   59.5222

          (2)  UNIT = AU A**2
               IX=   19.9127    IY=  345.0161    IZ=  358.4902



      MOLECULAR POLARIZABILITIES (A**3)
        ALPHA(1)   =      10.66
        ALPHA(2)   =       5.26
        ALPHA(3)   =       4.36
        AVG. ALPHA =       6.76



      DIPOLE MOMENT =          0.000 D


        COMPONENTS WITH PRINCIPAL AXES

                          X =  0.0000    Y =  0.0000    Z =  0.0000


      -----------------------------------------------------------------

        END OF 1,2-DCE-t                                                   


           TOTAL CPU TIME IS      0.03 SECONDS.

           THIS JOB COMPLETED AT    17:09:14
