1
               ---------------------------------------------
               WARNING : INCORRECT ATOM TYPES GIVEN IN INPUT
                         DATA ARE CORRECTED AS FOLLOWS
               ---------------------------------------------


             Atom type of atom    1 is replaced by   5 (was   0)
             Atom type of atom    2 is replaced by   1 (was   0)
             Atom type of atom    3 is replaced by   1 (was   0)
             Atom type of atom    4 is replaced by   1 (was   0)
             Atom type of atom    5 is replaced by   6 (was   0)
             Atom type of atom    6 is replaced by   5 (was   0)
             Atom type of atom    7 is replaced by   5 (was   0)
             Atom type of atom    8 is replaced by   5 (was   0)
             Atom type of atom    9 is replaced by   5 (was   0)
             Atom type of atom   10 is replaced by   5 (was   0)
             Atom type of atom   11 is replaced by   5 (was   0)
             Atom type of atom   12 is replaced by  21 (was   0)
1     1-propanol-ga                                               

               CHEMICAL FORMULA :  C(   3)  H(   8)  O(   1) 
               FORMULA WEIGHT   :     60.059
                                                               DATE 30-MAY-23
                                                               TIME  17:25:10


          THE COORDINATES OF   12 ATOMS ARE READ IN.
          SOME CONSTANTS WILL BE READ IN.

      CONFORMATIONAL ENERGY, PART 1:  GEOMETRY AND STERIC ENERGY
                                      OF INITIAL CONFORMATION.


      CONNECTED ATOMS
         2-   3-   4-
         2-   5-

      ATTACHED ATOMS
         1-   2,   2-  11,   3-   6,   3-   7,   4-   8,   4-   9,   4-  10,
         5-  12,

      INITIAL ATOMIC COORDINATES
           ATOM         X           Y           Z       TYPE
         H(   1)    -1.27589     1.50712     0.03651   (  5)
         C(   2)    -0.69784     0.59332     0.31675   (  1)
         C(   3)     0.69199     0.63176    -0.31458   (  1)
         C(   4)     1.56144    -0.54623     0.14392   (  1)
         O(   5)    -1.35725    -0.57883    -0.17286   (  6)
         H(   6)     0.58520     0.61119    -1.42253   (  5)
         H(   7)     1.18738     1.59283    -0.04978   (  5)
         H(   8)     2.57037    -0.50751    -0.32439   (  5)
         H(   9)     1.70664    -0.54366     1.24699   (  5)
         H(  10)     1.10512    -1.52316    -0.13059   (  5)
         H(  11)    -0.62913     0.57158     1.43012   (  5)
         H(  12)    -2.24212    -0.60943     0.21680   ( 21)


          DIELECTRIC CONSTANT =  1.500


      INITIAL STERIC ENERGY IS      3.9216 KCAL/MOL.

                  COMPRESSION       0.2995
                  BENDING           0.2163
                  BEND-BEND        -0.0225
                  STRETCH-BEND      0.0252
                  VANDERWAALS
                    1,4 ENERGY      3.1229
                    OTHER           0.0986
                  H-BONDING         0.0000
                  PI-COMPLX         0.0000

                  TORSIONAL         0.1826
                  TORSION-STRETCH  -0.0010
                  DIPOLE-DIPOLE     0.0000
                  CHARGE-DIPOLE     0.0000
                  CHARGE-CHARGE     0.0000


      MOLECULAR POLARIZABILITIES (A**3)
        ALPHA(1)   =       7.67
        ALPHA(2)   =       7.92
        ALPHA(3)   =       6.70
        AVG. ALPHA =       7.43



      DIPOLE MOMENT =          1.717 D


      E (INDP/INDP) =          0.309 KCAL/MOLE
      DIPOLE MOMENT =          1.580 D (INCLUDES INDUCED BOND MOMENTS)
      *NOTE*  E (INDP/INDP) IS NOT INCLUDED IN THE INITIAL STERIC ENERGY

      CPU TIME FOR INITIAL CALCULATION IS     0.01 SECONDS.


1     1-propanol-ga                                               


     CONFORMATIONAL ENERGY, PART 2: GEOMETRY MINIMIZATION

               GEOMETRY OPTIMIZATION IS CONTINUED UNTIL ATOM
               MOVEMENT CONVERGES WITHIN FOLLOWING VALUES:

                         AVERAGE MOVEMENT  0.00010 A
                         MAXIMUM MOVEMENT  0.00104 A



     <<<<<<<<<<<<<<<<<<<<<<<<<<  C Y C L E   1 >>>>>>>>>>>>>>>>>>>>>>>>>>

                              (CH)-MOVEMENT = 1

       ITER    1   AVG. MOVE = 0.00635 A   (MAX MOVE : ATOM    5   0.03737 A)  
       ITER    2   AVG. MOVE = 0.00207 A   (MAX MOVE : ATOM   12   0.01272 A)  
       ITER    3   AVG. MOVE = 0.00108 A   (MAX MOVE : ATOM   12   0.00662 A)  
       ITER    4   AVG. MOVE = 0.00060 A   (MAX MOVE : ATOM    8   0.00367 A)  
       ITER    5   AVG. MOVE = 0.00041 A   (MAX MOVE : ATOM    8   0.00316 A)  
       ITER    6   AVG. MOVE = 0.00035 A   (MAX MOVE : ATOM    8   0.00281 A)  
       ITER    7   AVG. MOVE = 0.00032 A   (MAX MOVE : ATOM    8   0.00253 A)  
       ITER    8   AVG. MOVE = 0.00029 A   (MAX MOVE : ATOM    8   0.00229 A)  
       ITER    9   AVG. MOVE = 0.00028 A   (MAX MOVE : ATOM    8   0.00209 A)  
       ITER   10   AVG. MOVE = 0.00026 A   (MAX MOVE : ATOM    8   0.00191 A)  
       ITER   11   AVG. MOVE = 0.00024 A   (MAX MOVE : ATOM    8   0.00175 A)  
       ITER   12   AVG. MOVE = 0.00023 A   (MAX MOVE : ATOM    8   0.00160 A)  
       ITER   13   AVG. MOVE = 0.00021 A   (MAX MOVE : ATOM    8   0.00147 A)  
       ITER   14   AVG. MOVE = 0.00020 A   (MAX MOVE : ATOM    8   0.00135 A)  
       ITER   15   AVG. MOVE = 0.00019 A   (MAX MOVE : ATOM    8   0.00125 A)  
       ITER   16   AVG. MOVE = 0.00018 A   (MAX MOVE : ATOM    8   0.00115 A)  
       ITER   17   AVG. MOVE = 0.00017 A   (MAX MOVE : ATOM    8   0.00106 A)  
       ITER   18   AVG. MOVE = 0.00016 A   (MAX MOVE : ATOM    8   0.00098 A)  
       ITER   19   AVG. MOVE = 0.00016 A   (MAX MOVE : ATOM    8   0.00091 A)  
       ITER   20   AVG. MOVE = 0.00015 A   (MAX MOVE : ATOM    8   0.00084 A)  
       ITER   21   AVG. MOVE = 0.00015 A   (MAX MOVE : ATOM    8   0.00078 A)  
       ITER   22   AVG. MOVE = 0.00014 A   (MAX MOVE : ATOM    8   0.00073 A)  
       ITER   23   AVG. MOVE = 0.00014 A   (MAX MOVE : ATOM    8   0.00068 A)  
       ITER   24   AVG. MOVE = 0.00013 A   (MAX MOVE : ATOM    8   0.00063 A)  
       ITER   25   AVG. MOVE = 0.00013 A   (MAX MOVE : ATOM    3   0.00059 A)  
       ITER   26   AVG. MOVE = 0.00012 A   (MAX MOVE : ATOM    3   0.00059 A)  
       ITER   27   AVG. MOVE = 0.00012 A   (MAX MOVE : ATOM    3   0.00058 A)  
       ITER   28   AVG. MOVE = 0.00012 A   (MAX MOVE : ATOM    3   0.00058 A)  
       ITER   29   AVG. MOVE = 0.00011 A   (MAX MOVE : ATOM    3   0.00057 A)  
       ITER   30   AVG. MOVE = 0.00011 A   (MAX MOVE : ATOM    5   0.00057 A)  
       ITER   31   AVG. MOVE = 0.00011 A   (MAX MOVE : ATOM    5   0.00058 A)  
       ITER   32   AVG. MOVE = 0.00011 A   (MAX MOVE : ATOM    5   0.00058 A)  
       ITER   33   AVG. MOVE = 0.00010 A   (MAX MOVE : ATOM    5   0.00059 A)  


     <<<<<<<<<<<<<<<<<<<<<<<<<<  C Y C L E   2 >>>>>>>>>>>>>>>>>>>>>>>>>>

                              (CH)-MOVEMENT = 0

       ITER   34   AVG. MOVE = 0.00005 A   (MAX MOVE : ATOM    8   0.00030 A)  


              * * * * * * * * * GEOMETRY IS OPTIMIZED * * * * * * * * *

               WITHIN : AVERAGE MOVEMENT  0.00005 A (LIMIT  0.00010 A)
                        MAXIMUM MOVEMENT  0.00030 A (LIMIT  0.00104 A)

               GRADIENT
                  RMS GRADIENT                0.005284 KCAL/MOL/A

                  MAX GRADIENT
                    X-DIRECTION : ATOM #   2   0.009365 KCAL/MOL/A
                    Y-DIRECTION : ATOM #  11   0.005577 KCAL/MOL/A
                    Z-DIRECTION : ATOM #   3   0.012644 KCAL/MOL/A

        DELTA TIME =    0.00 SEC.       TOTAL CPU TIME =      0.02 SEC.


                            =====================
                            FULL-MATRIX OPTIMIZER
                            =====================


     iter.  rms force   max force   avg. move    max move  atom  convg  d-time

        0    0.006579    0.016750   0.00043 A   0.00362 A    9    [N]     0.0s
        1    0.000938    0.003104   0.00000 A   0.00000 A   10    [N]     0.0s
        2    0.000032    0.000113                                 [Y]     0.0s


      TOTAL ENERGY IS      3.5207 KCAL/MOL.

        COMPRESS    0.0918      VDW 1,4    2.9898      DIPL-DIPL    0.0000
        BENDING     0.2429        OTHER    0.0078      CHRG-DIPL    0.0000
        STR-BEND    0.0371      TORSION    0.1722      CHRG-CHRG    0.0000
        BEND-BEND  -0.0201      TOR-STR   -0.0008      EPR          0.0000
        H-BONDING   0.0000      PI-CMPL    0.0000
0     DELTA(T) =     0.0 SEC.          ELAPSED TIME =     0.0 SEC.


    * * * ENERGY IS MINIMIZED WITHIN RMS OF FORCES   0.00003  Kcal/mol/A * * *

                 * * * *  RMS FORCE IS   0.00003 Kcal/mol/A * * * *

1     1-propanol-ga                                               

               CHEMICAL FORMULA :  C(   3)  H(   8)  O(   1) 
               FORMULA WEIGHT   :     60.059
                                                               DATE : 30-MAY-23

           * M M 3 * * * * * * * * * * * 2 0 0 0 *
           *                                     *   PARAMETER RELIABILITY
           *                                     *
           *                                     *   BLANK = GOOD
           *                                     *       B = FAIR
           *                                     *       C = TRIAL
           *                                     *       R = READ IN
           *                                     *       S = SUBSTITUTED
           *                                     *       U = PARAMETER NOT EXIST
           *                                     *
           *                                     *   THIS IS SHOWN AT THE END 
           *                                     *   OF THE LINE.
           * * * * * * * * * * * * * * * * * * * * 


      CONFORMATIONAL ENERGY, PART 3:  GEOMETRY AND STERIC ENERGY
                                      OF FINAL CONFORMATION.

      CONNECTED ATOMS
         2-   3-   4-
         2-   5-

      ATTACHED ATOMS
         1-   2,   2-  11,   3-   6,   3-   7,   4-   8,   4-   9,   4-  10,
         5-  12,

      FINAL ATOMIC COORDINATE
           ATOM         X           Y           Z       TYPE
         H(   1)    -1.26604    -1.50786    -0.01565   (  5)
         C(   2)    -0.69656    -0.58943    -0.30518   (  1)
         C(   3)     0.70594    -0.62808     0.30162   (  1)
         C(   4)     1.58162     0.55010    -0.13649   (  1)
         O(   5)    -1.39084     0.57174     0.16786   (  6)
         H(   6)     0.63136    -0.64263     1.41275   (  5)
         H(   7)     1.20473    -1.57938     0.00620   (  5)
         H(   8)     2.60216     0.48180     0.30287   (  5)
         H(   9)     1.69959     0.58246    -1.24268   (  5)
         H(  10)     1.15076     1.52520     0.18240   (  5)
         H(  11)    -0.63739    -0.56745    -1.42161   (  5)
         H(  12)    -2.25567     0.58070    -0.22072   ( 21)


          DIELECTRIC CONSTANT =  1.500


      BOND LENGTHS AND STRETCHING ENERGY   (   11 BONDS)

        ENERGY = 71.94(KS)(DR)(DR)(1-(CS)(DR)+(7/12)((CS)(DR))**2)
                          DR = R-RO
                          CS =  2.550
                                                         R(0)-CORR        CORR
          BOND        LENGTH   R(0)    K(S)  ENERGY   E-NEG   MISCEL       KS
    H(   1)- C(   2)  1.1188  1.1161  4.543  0.0022 -0.0028  0.0069  BH -0.137  
    C(   2)- C(   3)  1.5286  1.5177  4.490  0.0376 -0.0070                     
    C(   2)- O(   5)  1.4332  1.4280  5.700  0.0110  0.0150                     
    C(   2)- H(  11)  1.1182  1.1161  4.545  0.0015 -0.0028  0.0069  BH -0.135  
    C(   3)- C(   4)  1.5319  1.5219  4.490  0.0318 -0.0028                     
    C(   3)- H(   6)  1.1137  1.1109  4.716  0.0027 -0.0011              0.036  
    C(   3)- H(   7)  1.1140  1.1109  4.716  0.0033 -0.0011              0.036  
    C(   4)- H(   8)  1.1132  1.1120  4.750  0.0005                             
    C(   4)- H(   9)  1.1129  1.1120  4.750  0.0003                             
    C(   4)- H(  10)  1.1127  1.1120  4.750  0.0002                             
    O(   5)- H(  12)  0.9482  0.9470  7.630  0.0007                             


      NON-BONDED DISTANCES, VDW AND EPR ENERGY   (     36 PAIRS)

              E(VDW) = KV*(1.84(10**5)EXP(-12.00/P) - 2.25(P**6))
              E(EPR) = C*KV*(1.84(10**5)EXP(-12.00/Q) - 2.25(Q**6))
              E(HBD) = EP1-EP2*COS(THETA)*RTH/RTH0
                            EP1 = KHB*1.84(10**5)*EXP(-12.0/P)
                            EP2 = KHB*2.25(P**6)

            IF P > 3.020, THEN,
              E(VDW) = KV(192.270)(P**2)
              E(HBD) = EP1-EP2*COS(THETA)*RTH/RTH0
                            EP1 = KHB*(192.270*P**2+1706.96)
                            EP2 = KHB*1706.96

               WHERE   RV = RVDW(I) + RVDW(K)
                       KV = SQRT(EPS(I)*EPS(K))
                      KHB = EPS/DIELEC  FOR HYDROGEN BOND
                        P = (RV/R) OR (RV/R#)
                        C = SCALE FACTOR
                        Q = RV/R, WHERE R IS MODIFIED DISTANCE
                    THETA = ANGLE H-X-Y IN HYDROGEN BOND X-H...Y
                      RTH = BOND LENGTH X-H IN X-H...Y
                     RTH0 = NATURAL BOND LENGTH X-H

          # IN THE VDW CALCULATIONS THE HYDROGEN ATOMS ARE RELOCATED
          SO THAT THE ATTACHED HYDROGEN DISTANCE IS REDUCED BY 0.923

          # IN THE VDW CALCULATIONS THE DEUTERIUM ATOMS ARE RELOCATED
          SO THAT THE ATTACHED DEUTERIUM DISTANCE IS REDUCED BY  0.923

         ATOM PAIR          R       R#       RV      KV       ENERGY
      H(   1), C(   3)   2.1825
      H(   1), C(   4)   3.5155   3.4381   3.560   0.0230    -0.0246  1,4       
      H(   1), O(   5)   2.0914
      H(   1), H(   6)   2.5277   2.4400   3.240   0.0200     0.1910  1,4       
      H(   1), H(   7)   2.4719   2.3905   3.240   0.0200     0.2468  1,4       
      H(   1), H(   8)   4.3616   4.2223   3.240   0.0200    -0.0086            
      H(   1), H(   9)   3.8301   3.7156   3.240   0.0200    -0.0159            
      H(   1), H(  10)   3.8832   3.7635   3.240   0.0200    -0.0151            
      H(   1), H(  11)   1.8045
      H(   1), H(  12)   2.3202   2.2421   3.220   0.0179     0.4205  1,4       
      C(   2), C(   4)   2.5529
      C(   2), H(   6)   2.1720
      C(   2), H(   7)   2.1661
      C(   2), H(   8)   3.5212   3.4435   3.560   0.0230    -0.0247  1,4       
      C(   2), H(   9)   2.8273   2.7914   3.560   0.0230     0.1242  1,4       
      C(   2), H(  10)   2.8499   2.8125   3.560   0.0230     0.1102  1,4       
      C(   2), H(  12)   1.9512
      C(   3), O(   5)   2.4195
      C(   3), H(   8)   2.1971
      C(   3), H(   9)   2.1995
      C(   3), H(  10)   2.2020
      C(   3), H(  11)   2.1858
      C(   3), H(  12)   3.2412   3.1754   3.640   0.0208     0.0026  1,4       
      C(   4), O(   5)   2.9881            3.860   0.0399     0.2613  1,4       
      C(   4), H(   6)   2.1739
      C(   4), H(   7)   2.1673
      C(   4), H(  11)   2.7972   2.7631   3.560   0.0230     0.1449  1,4       
      C(   4), H(  12)   3.8383   3.7712   3.640   0.0208    -0.0226            
      O(   5), H(   6)   2.6672   2.6322   3.440   0.0344     0.2650  1,4       
      O(   5), H(   7)   3.3750   3.2979   3.440   0.0344    -0.0358  1,4       
      O(   5), H(   8)   3.9963   3.9166   3.440   0.0344    -0.0281            
      O(   5), H(   9)   3.3971   3.3543   3.440   0.0344    -0.0376            
      O(   5), H(  10)   2.7146   2.7205   3.440   0.0344     0.1619            
      O(   5), H(  11)   2.0957
      H(   6), H(   7)   1.7846
      H(   6), H(   8)   2.5259   2.4397   3.240   0.0200     0.1913  1,4       
      H(   6), H(   9)   3.1134   2.9623   3.240   0.0200    -0.0138  1,4       
      H(   6), H(  10)   2.5462   2.4579   3.240   0.0200     0.1735  1,4       
      H(   6), H(  11)   3.1063   2.9550   3.240   0.0200    -0.0132  1,4       
      H(   6), H(  12)   3.5355   3.4327   3.220   0.0179    -0.0183            
      H(   7), H(   8)   2.5078   2.4233   3.240   0.0200     0.2084  1,4       
      H(   7), H(   9)   2.5452   2.4565   3.240   0.0200     0.1748  1,4       
      H(   7), H(  10)   3.1100   2.9591   3.240   0.0200    -0.0135  1,4       
      H(   7), H(  11)   2.5409   2.4515   3.240   0.0200     0.1796  1,4       
      H(   7), H(  12)   4.0856   3.9571   3.220   0.0179    -0.0104            
      H(   8), H(   9)   1.7926
      H(   8), H(  10)   1.7916
      H(   8), H(  11)   3.8170   3.7029   3.240   0.0200    -0.0161            
      H(   8), H(  12)   4.8870   4.7359   3.220   0.0179    -0.0039            
      H(   9), H(  10)   1.7947
      H(   9), H(  11)   2.6107   2.6063   3.240   0.0200     0.0703            
      H(   9), H(  12)   4.0851   3.9982   3.220   0.0179    -0.0099            
      H(  10), H(  11)   3.1858   3.1051   3.240   0.0200    -0.0208            
      H(  10), H(  12)   3.5579   3.5008   3.220   0.0179    -0.0173            
      H(  11), H(  12)   2.3193   2.2416   3.220   0.0179     0.4215  1,4       


      BOND ANGLES, BENDING AND STRETCH-BEND ENERGIES   (   19 ANGLES)

          EB = 0.021914(KB)(DT)(DT)(1+CF*DT+QF*DT**2+PF*DT**3+SF*DT**4)
                          DT = THETA-TZERO
                          CF = -1400.000E-5
                          QF =     5.600E-5
                          PF =    -0.070E-5
                          SF =     0.022E-6
          ESB(J) = 2.51124(KSB(J))(DT)(DR1+DR2)
                          DR(I) = R(I) - R0(I)
          EBDBD  = -0.02191418(KBB1)(DT1)(KBB2)(DT2)

          A T O M S            THETA    TZERO     KB     EB     KSB    ESB
   H(   1)- C(   2)- C(   3)  110.093  109.310  0.590  0.0078  0.08  0.0021     
   H(   1)- C(   2)- O(   5)  109.458  108.900  0.820  0.0055  0.08  0.0009     
   H(   1)- C(   2)- H(  11)  107.545  107.600  0.550  0.0000                   
   C(   3)- C(   2)- O(   5)  109.507  107.900  0.830  0.0459  0.13  0.0085     
   C(   3)- C(   2)- H(  11)  110.381  109.310  0.590  0.0146  0.08  0.0028     
   O(   5)- C(   2)- H(  11)  109.830  108.900  0.820  0.0154  0.08  0.0014     
   C(   2)- C(   3)- C(   4)  113.046  111.000  0.670  0.0597  0.13  0.0140     
   C(   2)- C(   3)- H(   6)  109.568  109.310  0.590  0.0009  0.08  0.0007     
   C(   2)- C(   3)- H(   7)  109.094  109.310  0.590  0.0006  0.08 -0.0006     
   C(   4)- C(   3)- H(   6)  109.491  109.310  0.590  0.0004  0.08  0.0005     
   C(   4)- C(   3)- H(   7)  108.964  109.310  0.590  0.0016  0.08 -0.0009     
   H(   6)- C(   3)- H(   7)  106.463  107.600  0.550  0.0158                   
   C(   3)- C(   4)- H(   8)  111.344  110.700  0.590  0.0053  0.08  0.0015     
   C(   3)- C(   4)- H(   9)  111.543  110.700  0.590  0.0091  0.08  0.0019     
   C(   3)- C(   4)- H(  10)  111.757  110.700  0.590  0.0142  0.08  0.0023     
   H(   8)- C(   4)- H(   9)  107.271  107.800  0.550  0.0034                   
   H(   8)- C(   4)- H(  10)  107.196  107.800  0.550  0.0044                   
   H(   9)- C(   4)- H(  10)  107.482  107.800  0.550  0.0012                   
   C(   2)- O(   5)- H(  12)  108.314  106.800  0.750  0.0369  0.09  0.0022     


     DIHEDRAL ANGLES, TORSIONAL ENERGY (ET)   (   21 ANGLES)

           ET = (V1/2)(1+COS(W))+(V2/2)(1-COS(2W))+(V3/2)(1+COS(3W))

           ETS = -11.995*(R-R0)((KTS1/2)(1+COS(W))+
                                (KTS2/2)(1-COS(2W)+
                                (KTS3/2)(1+COS(3W))

           SIGN OF ANGLE A-B-C-D : WHEN LOOKING THROUGH B TOWARD C,
           IF D IS COUNTERCLOCKWISE FROM A, NEGATIVE.

         A T O M S               OMEGA    V1     V2     V3     ET   KTS3   ETS
 H(   1) C(   2) C(   3) C(   4) 175.8  0.000  0.000  0.280  0.003 0.059 0.000  
 H(   1) C(   2) C(   3) H(   6) -61.8  0.000  0.000  0.238  0.001 0.059 0.000  
 H(   1) C(   2) C(   3) H(   7)  54.4  0.000  0.000  0.238  0.005 0.059 0.000  
 H(   1) C(   2) O(   5) H(  12) -59.4  0.000  0.000  0.200  0.000 0.100 0.000  
 C(   2) C(   3) C(   4) H(   8)-178.7  0.000  0.000  0.280  0.000 0.059 0.000  
 C(   2) C(   3) C(   4) H(   9) -58.9  0.000  0.000  0.280  0.000 0.059 0.000  
 C(   2) C(   3) C(   4) H(  10)  61.4  0.000  0.000  0.280  0.000 0.059 0.000  
 C(   3) C(   2) O(   5) H(  12) 179.8  0.400  0.000  0.100  0.000 0.100 0.000  
 C(   4) C(   3) C(   2) O(   5) -63.8  0.200  0.000  0.300  0.147 0.059 0.000  
 C(   4) C(   3) C(   2) H(  11)  57.2  0.000  0.000  0.280  0.001 0.059 0.000  
 O(   5) C(   2) C(   3) H(   6)  58.6  0.000  0.000  0.300  0.000 0.059 0.000  
 O(   5) C(   2) C(   3) H(   7) 174.8  0.000  0.000  0.300  0.006 0.059 0.000  
 H(   6) C(   3) C(   2) H(  11) 179.6  0.000  0.000  0.238  0.000 0.059 0.000  
 H(   6) C(   3) C(   4) H(   8)  58.8  0.000  0.000  0.238  0.000 0.059 0.000  
 H(   6) C(   3) C(   4) H(   9) 178.6  0.000  0.000  0.238  0.000 0.059 0.000  
 H(   6) C(   3) C(   4) H(  10) -61.0  0.000  0.000  0.238  0.000 0.059 0.000  
 H(   7) C(   3) C(   2) H(  11) -64.2  0.000  0.000  0.238  0.003 0.059 0.000  
 H(   7) C(   3) C(   4) H(   8) -57.3  0.000  0.000  0.238  0.001 0.059 0.000  
 H(   7) C(   3) C(   4) H(   9)  62.5  0.000  0.000  0.238  0.001 0.059 0.000  
 H(   7) C(   3) C(   4) H(  10)-177.1  0.000  0.000  0.238  0.001 0.059 0.000  
 H(  11) C(   2) O(   5) H(  12)  58.4  0.000  0.000  0.200  0.000 0.100 0.000  


 ==============================================================================
                        NORMAL MODE VIBRATIONAL ANALYSIS
 ==============================================================================


             Molecular Shape : ASYMMETRIC ROTOR WITH KAPPA =-0.852356
        Symmetry Point Group : C1  
             Symmetry Number :  1
                   Chirality : yes



0       FUNDAMENTAL NORMAL VIBRATIONAL FREQUENCIES
                ( THEORETICALLY  30 VALUES )

             Frequency :  in 1/cm
             A(i)      :  IR intensity (vs,s,m,w,vw,-- or in 10**6 cm/mole)
             A(i) = -- :  IR inactive


             no       Frequency   Symmetry      A(i)

             1.          3679.6     (A   )       vs
             2.          2971.4     (A   )        m
             3.          2968.3     (A   )        m
             4.          2932.7     (A   )        m
             5.          2887.6     (A   )        m
             6.          2885.8     (A   )        m
             7.          2872.5     (A   )        m
             8.          2834.1     (A   )        w
             9.          1534.6     (A   )        w
            10.          1468.2     (A   )        w
            11.          1460.0     (A   )        w
            12.          1457.3     (A   )        w
            13.          1444.8     (A   )        w
            14.          1401.7     (A   )        w
            15.          1366.2     (A   )        m
            16.          1299.3     (A   )        w
            17.          1289.3     (A   )       vs
            18.          1231.5     (A   )        w
            19.          1092.4     (A   )        m
            20.          1044.6     (A   )        w
            21.          1015.0     (A   )        w
            22.          1001.6     (A   )        w
            23.           910.6     (A   )        w
            24.           824.3     (A   )        w
            25.           802.2     (A   )        w
            26.           459.2     (A   )        w
            27.           318.9     (A   )        w
            28.           224.6     (A   )        m
            29.           222.0     (A   )       vs
            30.           129.4     (A   )        w
            31.     (       0.0)    (t/r )
            32.     (       0.0)    (t/r )
            33.     (       0.0)    (t/r )
            34.     (       0.0)    (t/r )
            35.     (       0.0)    (t/r )
            36.     (       0.0)    (t/r )


0       CORRESPONDING EIGEN VECTOR MATRIX   36 BY  36



 (  1)
     0.001   -0.007    0.000   -0.001    0.001    0.001    0.000    0.000
     0.000    0.000    0.000    0.000    0.056   -0.002    0.024    0.000
     0.000    0.000    0.000    0.000    0.000    0.000    0.000    0.000
     0.000    0.000    0.000    0.000    0.000    0.000    0.003   -0.004
    -0.005   -0.883    0.019   -0.390

 (  2)
     0.000   -0.001    0.000    0.000    0.000    0.000   -0.001    0.002
     0.003   -0.041    0.055    0.062    0.000    0.000    0.000    0.006
     0.006   -0.035    0.010   -0.037   -0.006    0.138   -0.017    0.040
     0.076    0.016   -0.566    0.274   -0.649   -0.211    0.000    0.000
    -0.001    0.000    0.000    0.000

 (  3)
     0.004    0.006   -0.002   -0.001   -0.001    0.001   -0.001    0.000
     0.001    0.063   -0.024    0.063    0.000    0.000    0.000    0.005
     0.005   -0.020    0.001    0.006    0.000   -0.688    0.034   -0.293
     0.047    0.030   -0.511   -0.105    0.225    0.055    0.000    0.000
    -0.006    0.000    0.000    0.000

 (  4)
     0.003    0.006   -0.002    0.000   -0.001    0.001   -0.028    0.046
     0.073    0.002   -0.003   -0.005    0.000    0.000    0.000    0.044
     0.012   -0.686    0.290   -0.553   -0.169    0.000    0.001    0.001
    -0.001    0.005    0.038   -0.018    0.027    0.013   -0.007    0.001
    -0.022    0.001    0.000    0.000

 (  5)
     0.201    0.310   -0.093   -0.020   -0.027    0.034    0.017   -0.042
     0.031    0.017    0.023   -0.010    0.000    0.000    0.000    0.018
     0.025   -0.465   -0.229    0.441    0.114   -0.232    0.001   -0.090
    -0.034   -0.016    0.263    0.093   -0.231   -0.070    0.015    0.007
    -0.311    0.000   -0.001    0.000

 (  6)
     0.259    0.418   -0.135   -0.024   -0.036    0.065   -0.008    0.023
    -0.020   -0.012   -0.016    0.006    0.000    0.000    0.000   -0.021
    -0.015    0.272    0.118   -0.230   -0.058    0.177   -0.002    0.070
     0.024    0.011   -0.183   -0.065    0.162    0.049    0.030    0.011
    -0.628    0.000    0.001    0.002

 (  7)
     0.018    0.023   -0.003   -0.003   -0.002   -0.009    0.016   -0.028
     0.024   -0.030   -0.036    0.013    0.000    0.000    0.000    0.017
     0.018   -0.371   -0.177    0.334    0.087    0.442   -0.016    0.181
     0.061    0.030   -0.456   -0.159    0.404    0.121   -0.004    0.000
     0.097    0.000   -0.001   -0.001

 (  8)
    -0.362   -0.589    0.155    0.029    0.054    0.043    0.001   -0.008
     0.003   -0.001   -0.001    0.000    0.001   -0.003   -0.002    0.003
     0.005   -0.078   -0.034    0.084    0.026    0.013   -0.001    0.006
     0.002    0.001   -0.013   -0.005    0.012    0.004    0.021   -0.013
    -0.637    0.005    0.012    0.010

 (  9)
     0.355   -0.260   -0.255   -0.135    0.112    0.021    0.062   -0.003
     0.009   -0.012   -0.010    0.001    0.033   -0.031   -0.007   -0.148
     0.011    0.002   -0.009   -0.037   -0.049   -0.017   -0.005    0.006
     0.002    0.036    0.006    0.033    0.017   -0.032    0.222   -0.443
     0.047    0.036   -0.015    0.006

 ( 10)
     0.085   -0.038   -0.233    0.039    0.042    0.030   -0.128   -0.080
     0.002    0.063    0.069   -0.014    0.003   -0.011   -0.008    0.248
     0.234    0.040    0.334    0.176   -0.065    0.052   -0.195    0.034
    -0.057   -0.178   -0.050   -0.252   -0.082    0.095   -0.148   -0.206
     0.035   -0.017    0.079    0.045

 ( 11)
    -0.004   -0.002    0.058   -0.010   -0.011   -0.009    0.027    0.004
     0.021   -0.009    0.017    0.044    0.000    0.004    0.002   -0.081
     0.083    0.025   -0.079   -0.015   -0.111    0.179   -0.439   -0.449
     0.338    0.214    0.111   -0.463   -0.054   -0.300    0.012    0.055
    -0.012    0.006   -0.024   -0.014

 ( 12)
    -0.020    0.000   -0.159    0.016    0.018    0.017   -0.027    0.046
    -0.039   -0.044   -0.001    0.005    0.002   -0.006   -0.002    0.186
    -0.355   -0.054   -0.002   -0.050    0.411    0.102    0.172   -0.366
     0.431   -0.243    0.054   -0.011   -0.073    0.303   -0.054   -0.146
     0.021   -0.007    0.034    0.021

 ( 13)
     0.034   -0.013    0.142   -0.020   -0.015   -0.015    0.026   -0.034
     0.035   -0.022    0.025   -0.021    0.000    0.005    0.002   -0.238
     0.366    0.044   -0.061    0.042   -0.440    0.032    0.178   -0.159
     0.293   -0.379   -0.010    0.057   -0.077    0.443    0.061    0.119
    -0.018    0.009   -0.037   -0.022

 ( 14)
    -0.185    0.043   -0.419    0.081   -0.002    0.040    0.005    0.005
     0.010   -0.041   -0.064    0.023   -0.009   -0.002   -0.006   -0.136
     0.210    0.009   -0.036    0.061   -0.246    0.023    0.231   -0.120
     0.131    0.256    0.067    0.235    0.096   -0.154   -0.387   -0.250
     0.032   -0.037    0.114    0.060

 ( 15)
     0.192   -0.035    0.278   -0.037    0.020   -0.020   -0.078   -0.046
    -0.009   -0.028   -0.060    0.031    0.007   -0.005   -0.001    0.296
     0.170    0.018    0.342    0.165    0.012    0.080    0.293   -0.194
     0.179    0.270    0.081    0.250    0.111   -0.172    0.234    0.160
    -0.013    0.014   -0.031   -0.016

 ( 16)
     0.537   -0.404   -0.084   -0.010   -0.025    0.023   -0.004   -0.008
     0.020    0.000    0.003   -0.006    0.013    0.028   -0.026   -0.022
    -0.077    0.023   -0.074   -0.055    0.058   -0.005    0.018    0.007
     0.017    0.027   -0.003    0.021    0.010    0.003   -0.532    0.423
     0.006    0.020   -0.032   -0.046

 ( 17)
    -0.077   -0.041   -0.160   -0.015   -0.033   -0.041   -0.009    0.001
     0.008    0.001    0.000    0.004    0.004    0.077    0.058    0.181
     0.066    0.022   -0.029   -0.002   -0.011    0.001    0.019    0.008
     0.000    0.006    0.005    0.011    0.004    0.004   -0.072   -0.186
    -0.057    0.187   -0.707   -0.393

 ( 18)
     0.122   -0.082   -0.019    0.017   -0.021   -0.029   -0.006   -0.008
    -0.006   -0.010    0.021    0.030   -0.011    0.004    0.000    0.571
     0.287    0.035   -0.588   -0.303   -0.048   -0.003    0.023    0.014
    -0.037   -0.030    0.032    0.030    0.061   -0.016    0.113   -0.110
    -0.031   -0.051    0.183    0.102

 ( 19)
     0.293   -0.236   -0.012    0.078   -0.097   -0.016   -0.070    0.017
    -0.015    0.039   -0.013   -0.009   -0.046    0.090    0.041   -0.288
    -0.175   -0.035   -0.042    0.058   -0.096    0.072    0.157   -0.058
    -0.054    0.065   -0.019   -0.098   -0.072   -0.022    0.345   -0.245
    -0.006   -0.056    0.136    0.068

 ( 20)
    -0.029   -0.019   -0.082    0.009    0.007    0.079   -0.015   -0.016
    -0.119    0.012    0.021    0.101    0.013   -0.008   -0.012   -0.212
     0.179   -0.139   -0.056   -0.103    0.087    0.167    0.124   -0.242
    -0.314   -0.368    0.058    0.023    0.137   -0.235    0.103    0.162
     0.092    0.037   -0.127   -0.071

 ( 21)
    -0.063   -0.047   -0.126   -0.044   -0.013    0.021    0.015    0.120
    -0.015    0.033   -0.117    0.021    0.020   -0.015   -0.017    0.201
     0.129   -0.004    0.025    0.169   -0.124    0.059    0.259    0.021
    -0.200    0.047    0.003   -0.421   -0.362    0.141    0.022    0.147
     0.026    0.009    0.014    0.011

 ( 22)
     0.005   -0.156   -0.193   -0.019   -0.085   -0.018    0.091    0.044
    -0.031   -0.082   -0.026    0.036   -0.032    0.061    0.011    0.184
     0.147   -0.027    0.368    0.166    0.034   -0.112   -0.362    0.057
     0.003   -0.262    0.041    0.161    0.096   -0.017    0.079    0.026
    -0.014   -0.064    0.175    0.088

 ( 23)
     0.098    0.083    0.274   -0.010    0.028   -0.124    0.037    0.013
     0.054    0.018   -0.012    0.062   -0.014   -0.004    0.020    0.054
    -0.166    0.053    0.089    0.084   -0.095    0.142    0.158   -0.203
    -0.277   -0.316    0.021   -0.034    0.040   -0.173   -0.360   -0.270
    -0.151   -0.025    0.101    0.049

 ( 24)
    -0.303   -0.072   -0.349   -0.114   -0.080   -0.007    0.027   -0.060
     0.078    0.087    0.077   -0.014   -0.005    0.022   -0.012    0.094
    -0.172    0.082    0.051   -0.023   -0.013    0.158    0.254   -0.147
    -0.022    0.025   -0.031    0.041    0.087   -0.103    0.094    0.171
     0.004   -0.044    0.128    0.080

 ( 25)
     0.010   -0.023   -0.078    0.018    0.008    0.044   -0.078    0.082
     0.046   -0.025    0.001    0.000    0.038   -0.038   -0.023    0.168
    -0.411    0.049   -0.141    0.211   -0.492   -0.021   -0.185   -0.036
    -0.001   -0.219   -0.007    0.191    0.142   -0.152    0.153    0.106
     0.052    0.045   -0.094   -0.039

 ( 26)
     0.068    0.061   -0.094    0.084    0.094    0.049    0.093   -0.104
     0.041   -0.059   -0.035   -0.022   -0.093    0.045   -0.029    0.181
    -0.212    0.042    0.067   -0.069   -0.125   -0.032    0.125   -0.066
    -0.120   -0.059   -0.030   -0.189   -0.084   -0.046    0.171    0.150
     0.053   -0.077   -0.096   -0.072

 ( 27)
    -0.003   -0.006   -0.247    0.051    0.010   -0.083   -0.042   -0.011
     0.092   -0.121   -0.007   -0.036    0.107   -0.008    0.025   -0.141
     0.124    0.087   -0.008   -0.032    0.227   -0.057    0.013   -0.185
    -0.282   -0.016   -0.054   -0.089   -0.008    0.013    0.169    0.162
    -0.074    0.049   -0.016    0.156

 ( 28)
    -0.035    0.015    0.047   -0.013   -0.014   -0.004   -0.003   -0.033
    -0.036   -0.043    0.016    0.017    0.067    0.037   -0.011    0.001
    -0.076   -0.036    0.016   -0.010   -0.075   -0.181    0.268    0.377
     0.323   -0.197    0.050   -0.299    0.017   -0.332   -0.052   -0.042
    -0.006   -0.125   -0.191    0.412

 ( 29)
     0.020    0.008    0.010    0.002    0.016   -0.006   -0.002    0.022
     0.010    0.051   -0.017    0.013   -0.030    0.017   -0.056   -0.012
     0.035    0.009   -0.020    0.006    0.030    0.115   -0.179   -0.160
    -0.123    0.109   -0.002    0.202   -0.013    0.205    0.002   -0.010
    -0.006   -0.330   -0.472    0.601

 ( 30)
     0.060   -0.015   -0.233    0.023    0.062   -0.061   -0.017    0.055
     0.035    0.085   -0.051   -0.044   -0.086   -0.055    0.068   -0.090
     0.179    0.032   -0.049   -0.005    0.173    0.012    0.006    0.135
     0.267   -0.265   -0.031    0.055    0.020   -0.302    0.097    0.227
    -0.054   -0.067   -0.064    0.024

 ( 31)
    -0.056    0.119   -0.138   -0.004    0.097   -0.104   -0.036    0.037
    -0.033    0.034    0.004    0.017    0.019    0.124   -0.134   -0.094
     0.035   -0.037   -0.060    0.018   -0.012    0.009   -0.040    0.069
     0.092    0.004    0.023    0.058    0.020    0.000    0.054    0.100
    -0.101    0.039    0.161   -0.178

 ( 32)
    -0.003   -0.023   -0.161    0.036   -0.017   -0.068    0.028   -0.128
    -0.057    0.078   -0.121    0.063    0.075   -0.035    0.033    0.015
    -0.230   -0.059   -0.006   -0.120   -0.141    0.070   -0.201    0.067
     0.091   -0.021    0.067    0.112   -0.134    0.150    0.048    0.085
    -0.066    0.080    0.035    0.025

 ( 33)
    -0.020   -0.083   -0.177   -0.049   -0.045   -0.113   -0.056   -0.032
    -0.097   -0.092    0.025   -0.014   -0.097   -0.098   -0.053   -0.070
    -0.102   -0.099   -0.018    0.003   -0.148   -0.095    0.035   -0.004
    -0.078    0.096   -0.010   -0.131   -0.009    0.039   -0.035    0.024
    -0.111   -0.092   -0.106   -0.064

 ( 34)
     0.172   -0.057   -0.091    0.124   -0.012   -0.045    0.106    0.058
     0.000    0.046    0.126    0.064    0.035   -0.070   -0.034    0.070
     0.020   -0.003    0.176    0.098   -0.012    0.036    0.178    0.096
     0.081    0.167    0.069   -0.026    0.090    0.079    0.159    0.025
    -0.043    0.047   -0.113   -0.062

 ( 35)
     0.048   -0.045    0.096    0.038   -0.071   -0.006    0.055   -0.010
    -0.041    0.040   -0.049   -0.176    0.048   -0.028   -0.096    0.086
     0.094   -0.038    0.049   -0.037    0.034    0.052   -0.005   -0.198
     0.009   -0.153   -0.183    0.046   -0.020   -0.256    0.007   -0.175
    -0.010    0.037   -0.066   -0.073

 ( 36)
    -0.015   -0.057    0.060    0.006   -0.080    0.028   -0.037   -0.032
     0.131   -0.006   -0.067    0.101   -0.027   -0.043   -0.113   -0.117
     0.055    0.127   -0.016   -0.056    0.242   -0.037   -0.033    0.180
     0.073   -0.154    0.107   -0.028   -0.042   -0.006    0.086   -0.168
     0.031    0.000   -0.073   -0.175


 ==============================================================================
                      STATISTICAL THERMODYNAMICS ANALYSIS
 ==============================================================================

  Structure name    : 1-propanol-ga                                               
  Temperature       :   298.16 K
  Symmetry number   :   1
  Optical isomers   :   2
  Zero Point Energy :   65.802 Kcal/mol


                     ENERGY   ENTHALPY    ENTROPY  FREE ENERGY   HEAT CAPACITY
                  (Kcal/mol) (Kcal/mol)     (eu)   (Kcal/mol)    (cal/mol/deg)
  Translational       0.889      1.481     38.181     -9.903         4.967
     Rotational       0.889      0.889     24.469     -6.407         2.980
    Vibrational      67.555%    67.555%     9.951*    64.588%       12.727*
      Potential       3.521#     3.521#     0.000      3.521#        0.000
         Mixing       0.000      0.000      1.377     -0.411         0.000
          Total      72.853     73.445     73.979     51.388        20.675

  Enthalpy Function (H-Ho)/T     =   13.83 cal/mol/deg
  Free Energy Function -(G-Ho)/T =   60.15 cal/mol/deg

  % Includes zero point energy (ZPE).
  * Excludes contribution from frequencies lower than 40 (1/cm).
  # Includes steric energy (SE).
    Internal rotation contributions are not considered

  This structure has   0 imaginary frequencies,
                       0 free internal rotation (fir) frequencies
                         (>= 0,< 10 /cm),
                       0 restricted internal rotation (rir) frequencies
                         (>= 10,< 40 /cm),
                       6 zero frequencies, and
                      30 real frequencies.


      FINAL STERIC ENERGY IS      3.5207 KCAL/MOL.


                COMPRESSION       0.0918
                BENDING           0.2429
                BEND-BEND        -0.0201
                STRETCH-BEND      0.0371
                VANDERWAALS
                  1,4 ENERGY      2.9898
                  OTHER           0.0078
                H-BONDING         0.0000
                PI-COMPLX         0.0000

                TORSIONAL         0.1722
                TORSION-STRETCH  -0.0008
                DIPOLE-DIPOLE     0.0000
                CHARGE-DIPOLE     0.0000
                CHARGE-CHARGE     0.0000

      -----------------------------------------------------------------

      COORDINATES TRANSLATED TO NEW ORIGIN WHICH IS CENTER OF MASS
         H(   1)    -1.26604    -1.50786    -0.01565   (  5)
         C(   2)    -0.69656    -0.58943    -0.30518   (  1)
         C(   3)     0.70594    -0.62808     0.30162   (  1)
         C(   4)     1.58162     0.55010    -0.13649   (  1)
         O(   5)    -1.39084     0.57174     0.16786   (  6)
         H(   6)     0.63136    -0.64263     1.41275   (  5)
         H(   7)     1.20473    -1.57938     0.00620   (  5)
         H(   8)     2.60216     0.48180     0.30287   (  5)
         H(   9)     1.69959     0.58246    -1.24268   (  5)
         H(  10)     1.15076     1.52520     0.18240   (  5)
         H(  11)    -0.63739    -0.56745    -1.42161   (  5)
         H(  12)    -2.25567     0.58070    -0.22072   ( 21)

      MOMENT OF INERTIA WITH THE PRINCIPAL AXES

          (1)  UNIT = 10**(-39) GM*CM**2
               IX=    5.8503    IY=   16.8555    IZ=   19.8286

          (2)  UNIT = AU A**2
               IX=   35.2352    IY=  101.5176    IZ=  119.4238



      MOLECULAR POLARIZABILITIES (A**3)
        ALPHA(1)   =       7.64
        ALPHA(2)   =       7.91
        ALPHA(3)   =       6.64
        AVG. ALPHA =       7.40



      DIPOLE MOMENT =          1.712 D


        COMPONENTS WITH PRINCIPAL AXES

                          X =  0.9565    Y =  0.9321    Z =  1.0706


      E (INDP/INDP) =          0.321 KCAL/MOLE
      DIPOLE MOMENT =          1.576 D (INCLUDES INDUCED BOND MOMENTS)
      *NOTE*  E (INDP/INDP) IS NOT INCLUDED IN THE FINAL STERIC ENERGY

        COMPONENTS WITH PRINCIPAL AXES

                          X =  0.9548    Y =  0.7985    Z =  0.9673



      TOTAL ATOMIC CHARGE ON EACH ATOM (in ELECTRON CHARGE)

           H(    1):          0.008
           C(    2):          0.158
           C(    3):         -0.005
           C(    4):          0.000
           O(    5):         -0.607
           H(    6):          0.007
           H(    7):          0.005
           H(    8):          0.002
           H(    9):          0.003
           H(   10):          0.005
           H(   11):          0.008
           H(   12):          0.415

      -----------------------------------------------------------------

        END OF 1-propanol-ga                                               


           TOTAL CPU TIME IS      0.04 SECONDS.

           THIS JOB COMPLETED AT    17:25:10
