1
               ---------------------------------------------
               WARNING : INCORRECT ATOM TYPES GIVEN IN INPUT
                         DATA ARE CORRECTED AS FOLLOWS
               ---------------------------------------------


             Atom type of atom    1 is replaced by   1 (was   0)
             Atom type of atom    2 is replaced by   1 (was   0)
             Atom type of atom    3 is replaced by   1 (was   0)
             Atom type of atom    4 is replaced by   6 (was   0)
             Atom type of atom    5 is replaced by   6 (was   0)
             Atom type of atom    6 is replaced by   1 (was   0)
             Atom type of atom    7 is replaced by   1 (was   0)
             Atom type of atom    8 is replaced by   1 (was   0)
             Atom type of atom    9 is replaced by   5 (was   0)
             Atom type of atom   10 is replaced by   5 (was   0)
             Atom type of atom   11 is replaced by   5 (was   0)
             Atom type of atom   12 is replaced by   5 (was   0)
             Atom type of atom   13 is replaced by   5 (was   0)
             Atom type of atom   14 is replaced by   5 (was   0)
             Atom type of atom   15 is replaced by   5 (was   0)
             Atom type of atom   16 is replaced by   5 (was   0)
             Atom type of atom   17 is replaced by   5 (was   0)
             Atom type of atom   18 is replaced by   5 (was   0)
             Atom type of atom   19 is replaced by   5 (was   0)
             Atom type of atom   20 is replaced by   5 (was   0)
1     2,5-dimethyl-1,3-dioxane-eq,ax                              

               CHEMICAL FORMULA :  C(   6)  H(  12)  O(   2) 
               FORMULA WEIGHT   :    116.086
                                                               DATE 30-MAY-23
                                                               TIME  18:43:09


          THE COORDINATES OF   20 ATOMS ARE READ IN.
          SOME CONSTANTS WILL BE READ IN.

      CONFORMATIONAL ENERGY, PART 1:  GEOMETRY AND STERIC ENERGY
                                      OF INITIAL CONFORMATION.


      CONNECTED ATOMS
         1-   2-   3-   5-   6-   7-
         1-   4-   6-
         2-   8-

      ATTACHED ATOMS
         1-   9,   1-  10,   2-  11,   3-  12,   3-  13,   6-  14,   7-  15,
         7-  16,   7-  17,   8-  18,   8-  19,   8-  20,

      INITIAL ATOMIC COORDINATES
           ATOM         X           Y           Z       TYPE
         C(   1)     0.71121    -1.23109    -0.61823   (  1)
         C(   2)     1.57018     0.00000    -0.32702   (  1)
         C(   3)     0.71121     1.23109    -0.61823   (  1)
         O(   4)    -0.54239    -1.15717     0.07397   (  6)
         O(   5)    -0.54239     1.15717     0.07397   (  6)
         C(   6)    -1.24453     0.00000    -0.29447   (  1)
         C(   7)    -2.53507     0.00000     0.50012   (  1)
         C(   8)     2.03513     0.00000     1.13567   (  1)
         H(   9)     1.20294    -2.16695    -0.27943   (  5)
         H(  10)     0.52055    -1.34463    -1.71987   (  5)
         H(  11)     2.45629     0.00000    -1.00086   (  5)
         H(  12)     0.52055     1.34463    -1.71987   (  5)
         H(  13)     1.20294     2.16695    -0.27943   (  5)
         H(  14)    -1.42320     0.00000    -1.40976   (  5)
         H(  15)    -2.32576     0.00000     1.59066   (  5)
         H(  16)    -3.14451     0.89991     0.27355   (  5)
         H(  17)    -3.14451    -0.89991     0.27355   (  5)
         H(  18)     1.17413     0.00000     1.84012   (  5)
         H(  19)     2.65361    -0.89586     1.36513   (  5)
         H(  20)     2.65361     0.89586     1.36513   (  5)


          DIELECTRIC CONSTANT =  1.500


      INITIAL STERIC ENERGY IS      6.5259 KCAL/MOL.

                  COMPRESSION       0.3522
                  BENDING           1.9921
                  BEND-BEND        -0.0249
                  STRETCH-BEND      0.0082
                  VANDERWAALS
                    1,4 ENERGY      7.6486
                    OTHER           0.0545
                  H-BONDING         0.0000
                  PI-COMPLX         0.0000

                  TORSIONAL        -1.2475
                  TORSION-STRETCH  -0.0113
                  DIPOLE-DIPOLE    -2.2459
                  CHARGE-DIPOLE     0.0000
                  CHARGE-CHARGE     0.0000


      MOLECULAR POLARIZABILITIES (A**3)
        ALPHA(1)   =      15.84
        ALPHA(2)   =      14.44
        ALPHA(3)   =      13.24
        AVG. ALPHA =      14.51



      DIPOLE MOMENT =          1.951 D


      E (INDP/INDP) =         -0.028 KCAL/MOLE
      DIPOLE MOMENT =          1.514 D (INCLUDES INDUCED BOND MOMENTS)
      *NOTE*  E (INDP/INDP) IS NOT INCLUDED IN THE INITIAL STERIC ENERGY

      CPU TIME FOR INITIAL CALCULATION IS     0.02 SECONDS.


1     2,5-dimethyl-1,3-dioxane-eq,ax                              


     CONFORMATIONAL ENERGY, PART 2: GEOMETRY MINIMIZATION

               GEOMETRY OPTIMIZATION IS CONTINUED UNTIL ATOM
               MOVEMENT CONVERGES WITHIN FOLLOWING VALUES:

                         AVERAGE MOVEMENT  0.00013 A
                         MAXIMUM MOVEMENT  0.00134 A



     <<<<<<<<<<<<<<<<<<<<<<<<<<  C Y C L E   1 >>>>>>>>>>>>>>>>>>>>>>>>>>

                              (CH)-MOVEMENT = 1

       ITER    1   AVG. MOVE = 0.01122 A   (MAX MOVE : ATOM   13   0.08040 A)  
       ITER    2   AVG. MOVE = 0.00225 A   (MAX MOVE : ATOM    4   0.01377 A)  
       ITER    3   AVG. MOVE = 0.00110 A   (MAX MOVE : ATOM    8   0.00793 A)  
       ITER    4   AVG. MOVE = 0.00079 A   (MAX MOVE : ATOM    8   0.00653 A)  
       ITER    5   AVG. MOVE = 0.00067 A   (MAX MOVE : ATOM    8   0.00572 A)  
       ITER    6   AVG. MOVE = 0.00059 A   (MAX MOVE : ATOM    8   0.00500 A)  
       ITER    7   AVG. MOVE = 0.00053 A   (MAX MOVE : ATOM    8   0.00440 A)  
       ITER    8   AVG. MOVE = 0.00047 A   (MAX MOVE : ATOM    8   0.00389 A)  
       ITER    9   AVG. MOVE = 0.00042 A   (MAX MOVE : ATOM    8   0.00345 A)  
       ITER   10   AVG. MOVE = 0.00038 A   (MAX MOVE : ATOM    8   0.00307 A)  
       ITER   11   AVG. MOVE = 0.00034 A   (MAX MOVE : ATOM    8   0.00274 A)  
       ITER   12   AVG. MOVE = 0.00030 A   (MAX MOVE : ATOM    8   0.00244 A)  
       ITER   13   AVG. MOVE = 0.00027 A   (MAX MOVE : ATOM    8   0.00218 A)  
       ITER   14   AVG. MOVE = 0.00024 A   (MAX MOVE : ATOM    8   0.00195 A)  
       ITER   15   AVG. MOVE = 0.00022 A   (MAX MOVE : ATOM    8   0.00175 A)  
       ITER   16   AVG. MOVE = 0.00020 A   (MAX MOVE : ATOM    8   0.00156 A)  
       ITER   17   AVG. MOVE = 0.00018 A   (MAX MOVE : ATOM    8   0.00140 A)  
       ITER   18   AVG. MOVE = 0.00016 A   (MAX MOVE : ATOM    8   0.00125 A)  
       ITER   19   AVG. MOVE = 0.00014 A   (MAX MOVE : ATOM    8   0.00112 A)  
       ITER   20   AVG. MOVE = 0.00013 A   (MAX MOVE : ATOM    8   0.00101 A)  


     <<<<<<<<<<<<<<<<<<<<<<<<<<  C Y C L E   2 >>>>>>>>>>>>>>>>>>>>>>>>>>

                              (CH)-MOVEMENT = 0

       ITER   21   AVG. MOVE = 0.00005 A   (MAX MOVE : ATOM   10   0.00031 A)  


              * * * * * * * * * GEOMETRY IS OPTIMIZED * * * * * * * * *

               WITHIN : AVERAGE MOVEMENT  0.00005 A (LIMIT  0.00013 A)
                        MAXIMUM MOVEMENT  0.00031 A (LIMIT  0.00134 A)

               GRADIENT
                  RMS GRADIENT                0.016036 KCAL/MOL/A

                  MAX GRADIENT
                    X-DIRECTION : ATOM #   1   0.031689 KCAL/MOL/A
                    Y-DIRECTION : ATOM #   1   0.008152 KCAL/MOL/A
                    Z-DIRECTION : ATOM #   2   0.045826 KCAL/MOL/A

        DELTA TIME =    0.00 SEC.       TOTAL CPU TIME =      0.03 SEC.


                            =====================
                            FULL-MATRIX OPTIMIZER
                            =====================


     iter.  rms force   max force   avg. move    max move  atom  convg  d-time

        0    0.024713    0.090157   0.00133 A   0.00740 A   20    [N]     0.0s
        1    0.003000    0.014174   0.00001 A   0.00004 A   15    [N]     0.0s
        2    0.000082    0.000371                                 [Y]     0.0s


      TOTAL ENERGY IS      5.0968 KCAL/MOL.

        COMPRESS    0.3139      VDW 1,4    7.4719      DIPL-DIPL   -2.1125
        BENDING     1.0347        OTHER    0.0441      CHRG-DIPL    0.0000
        STR-BEND    0.0873      TORSION   -1.6327      CHRG-CHRG    0.0000
        BEND-BEND  -0.0965      TOR-STR   -0.0134      EPR          0.0000
        H-BONDING   0.0000      PI-CMPL    0.0000
0     DELTA(T) =     0.0 SEC.          ELAPSED TIME =     0.1 SEC.


    * * * ENERGY IS STATIONARY WITHIN RMS OF FORCES   0.00010  Kcal/mol/A * * *

                 * * * *  RMS FORCE IS   0.00008 Kcal/mol/A * * * *

1     2,5-dimethyl-1,3-dioxane-eq,ax                              

               CHEMICAL FORMULA :  C(   6)  H(  12)  O(   2) 
               FORMULA WEIGHT   :    116.086
                                                               DATE : 30-MAY-23

           * M M 3 * * * * * * * * * * * 2 0 0 0 *
           *                                     *   PARAMETER RELIABILITY
           *                                     *
           *                                     *   BLANK = GOOD
           *                                     *       B = FAIR
           *                                     *       C = TRIAL
           *                                     *       R = READ IN
           *                                     *       S = SUBSTITUTED
           *                                     *       U = PARAMETER NOT EXIST
           *                                     *
           *                                     *   THIS IS SHOWN AT THE END 
           *                                     *   OF THE LINE.
           * * * * * * * * * * * * * * * * * * * * 


      CONFORMATIONAL ENERGY, PART 3:  GEOMETRY AND STERIC ENERGY
                                      OF FINAL CONFORMATION.

      CONNECTED ATOMS
         1-   2-   3-   5-   6-   7-
         1-   4-   6-
         2-   8-

      ATTACHED ATOMS
         1-   9,   1-  10,   2-  11,   3-  12,   3-  13,   6-  14,   7-  15,
         7-  16,   7-  17,   8-  18,   8-  19,   8-  20,

      FINAL ATOMIC COORDINATE
           ATOM         X           Y           Z       TYPE
         C(   1)    -0.70276     1.24700    -0.61328   (  1)
         C(   2)    -1.54808     0.00000    -0.34599   (  1)
         C(   3)    -0.70276    -1.24700    -0.61328   (  1)
         O(   4)     0.52776     1.14495     0.11801   (  6)
         O(   5)     0.52776    -1.14495     0.11801   (  6)
         C(   6)     1.25613     0.00000    -0.29344   (  1)
         C(   7)     2.57773     0.00000     0.46337   (  1)
         C(   8)    -2.09009     0.00000     1.09055   (  1)
         H(   9)    -1.24194     2.16340    -0.29517   (  5)
         H(  10)    -0.48795     1.35893    -1.70449   (  5)
         H(  11)    -2.41872     0.00000    -1.04358   (  5)
         H(  12)    -0.48795    -1.35893    -1.70449   (  5)
         H(  13)    -1.24194    -2.16340    -0.29517   (  5)
         H(  14)     1.44741     0.00000    -1.40023   (  5)
         H(  15)     2.42530     0.00000     1.56445   (  5)
         H(  16)     3.18883    -0.89414     0.21362   (  5)
         H(  17)     3.18883     0.89414     0.21362   (  5)
         H(  18)    -1.27363     0.00000     1.84609   (  5)
         H(  19)    -2.72227     0.89446     1.28763   (  5)
         H(  20)    -2.72227    -0.89446     1.28763   (  5)


          DIELECTRIC CONSTANT =  1.500


      BOND LENGTHS AND STRETCHING ENERGY   (   20 BONDS)

        ENERGY = 71.94(KS)(DR)(DR)(1-(CS)(DR)+(7/12)((CS)(DR))**2)
                          DR = R-RO
                          CS =  2.550
                                                         R(0)-CORR        CORR
          BOND        LENGTH   R(0)    K(S)  ENERGY   E-NEG   MISCEL       KS
    C(   1)- C(   2)  1.5300  1.5149  4.490  0.0713 -0.0098                     
    C(   1)- O(   4)  1.4351  1.4289  5.700  0.0152  0.0028  0.0131  AN         
    C(   1)- H(   9)  1.1098  1.1092  4.771  0.0001 -0.0028  0.0000  BH  0.091  
    C(   1)- H(  10)  1.1178  1.1162  4.540  0.0008 -0.0028  0.0070  BH -0.140  
    C(   2)- C(   3)  1.5300  1.5149  4.490  0.0713 -0.0098                     
    C(   2)- C(   8)  1.5354  1.5202  4.490  0.0721 -0.0045                     
    C(   2)- H(  11)  1.1156  1.1102  4.869  0.0102 -0.0018              0.059  
    C(   3)- O(   5)  1.4351  1.4289  5.700  0.0152  0.0028  0.0131  AN         
    C(   3)- H(  12)  1.1178  1.1162  4.540  0.0008 -0.0028  0.0070  BH -0.140  
    C(   3)- H(  13)  1.1098  1.1092  4.771  0.0001 -0.0028  0.0000  BH  0.091  
    O(   4)- C(   6)  1.4180  1.4126  5.700  0.0120         -0.0004  AN         
    O(   5)- C(   6)  1.4180  1.4126  5.700  0.0120         -0.0004  AN         
    C(   6)- C(   7)  1.5230  1.5134  4.490  0.0290 -0.0113                     
    C(   6)- H(  14)  1.1232  1.1210  4.511  0.0016 -0.0045  0.0135  BH -0.299  
    C(   7)- H(  15)  1.1116  1.1102  4.809  0.0007 -0.0018              0.059  
    C(   7)- H(  16)  1.1114  1.1102  4.809  0.0005 -0.0018              0.059  
    C(   7)- H(  17)  1.1114  1.1102  4.809  0.0005 -0.0018              0.059  
    C(   8)- H(  18)  1.1124  1.1120  4.750  0.0001                             
    C(   8)- H(  19)  1.1129  1.1120  4.750  0.0003                             
    C(   8)- H(  20)  1.1129  1.1120  4.750  0.0003                             


      NON-BONDED DISTANCES, VDW AND EPR ENERGY   (    132 PAIRS)

              E(VDW) = KV*(1.84(10**5)EXP(-12.00/P) - 2.25(P**6))
              E(EPR) = C*KV*(1.84(10**5)EXP(-12.00/Q) - 2.25(Q**6))
              E(HBD) = EP1-EP2*COS(THETA)*RTH/RTH0
                            EP1 = KHB*1.84(10**5)*EXP(-12.0/P)
                            EP2 = KHB*2.25(P**6)

            IF P > 3.020, THEN,
              E(VDW) = KV(192.270)(P**2)
              E(HBD) = EP1-EP2*COS(THETA)*RTH/RTH0
                            EP1 = KHB*(192.270*P**2+1706.96)
                            EP2 = KHB*1706.96

               WHERE   RV = RVDW(I) + RVDW(K)
                       KV = SQRT(EPS(I)*EPS(K))
                      KHB = EPS/DIELEC  FOR HYDROGEN BOND
                        P = (RV/R) OR (RV/R#)
                        C = SCALE FACTOR
                        Q = RV/R, WHERE R IS MODIFIED DISTANCE
                    THETA = ANGLE H-X-Y IN HYDROGEN BOND X-H...Y
                      RTH = BOND LENGTH X-H IN X-H...Y
                     RTH0 = NATURAL BOND LENGTH X-H

          # IN THE VDW CALCULATIONS THE HYDROGEN ATOMS ARE RELOCATED
          SO THAT THE ATTACHED HYDROGEN DISTANCE IS REDUCED BY 0.923

          # IN THE VDW CALCULATIONS THE DEUTERIUM ATOMS ARE RELOCATED
          SO THAT THE ATTACHED DEUTERIUM DISTANCE IS REDUCED BY  0.923

         ATOM PAIR          R       R#       RV      KV       ENERGY
      C(   1), C(   3)   2.4940
      C(   1), O(   5)   2.7875            3.860   0.0399     0.6327  1,4       
      C(   1), C(   6)   2.3440
      C(   1), C(   7)   3.6709            4.080   0.0270    -0.0128  1,4       
      C(   1), C(   8)   2.5264
      C(   1), H(  11)   2.1644
      C(   1), H(  12)   2.8333   2.7928   3.560   0.0230     0.1232  1,4       
      C(   1), H(  13)   3.4674   3.3895   3.560   0.0230    -0.0233  1,4       
      C(   1), H(  14)   2.6072   2.5705   3.560   0.0230     0.3652  1,4       
      C(   1), H(  15)   4.0103   3.9741   3.560   0.0230    -0.0203            
      C(   1), H(  16)   4.5180   4.4487   3.560   0.0230    -0.0123            
      C(   1), H(  17)   3.9941   3.9591   3.560   0.0230    -0.0206            
      C(   1), H(  18)   2.8159   2.7789   3.560   0.0230     0.1330  1,4       
      C(   1), H(  19)   2.7957   2.7600   3.560   0.0230     0.1473  1,4       
      C(   1), H(  20)   3.5040   3.4258   3.560   0.0230    -0.0243  1,4       
      C(   2), O(   4)   2.4156
      C(   2), O(   5)   2.4156
      C(   2), C(   6)   2.8047            4.080   0.0270     0.7234  1,4       
      C(   2), C(   7)   4.2044            4.080   0.0270    -0.0296            
      C(   2), H(   9)   2.1855
      C(   2), H(  10)   2.1946
      C(   2), H(  12)   2.1946
      C(   2), H(  13)   2.1855
      C(   2), H(  14)   3.1756   3.1343   3.560   0.0230    -0.0019            
      C(   2), H(  15)   4.4088   4.3834   3.560   0.0230    -0.0132            
      C(   2), H(  16)   4.8529   4.7970   3.560   0.0230    -0.0082            
      C(   2), H(  17)   4.8529   4.7970   3.560   0.0230    -0.0082            
      C(   2), H(  18)   2.2092
      C(   2), H(  19)   2.2017
      C(   2), H(  20)   2.2017
      C(   3), O(   4)   2.7875            3.860   0.0399     0.6327  1,4       
      C(   3), C(   6)   2.3440
      C(   3), C(   7)   3.6709            4.080   0.0270    -0.0128  1,4       
      C(   3), C(   8)   2.5264
      C(   3), H(   9)   3.4674   3.3895   3.560   0.0230    -0.0233  1,4       
      C(   3), H(  10)   2.8333   2.7928   3.560   0.0230     0.1232  1,4       
      C(   3), H(  11)   2.1644
      C(   3), H(  14)   2.6072   2.5705   3.560   0.0230     0.3652  1,4       
      C(   3), H(  15)   4.0103   3.9741   3.560   0.0230    -0.0203            
      C(   3), H(  16)   3.9941   3.9591   3.560   0.0230    -0.0206            
      C(   3), H(  17)   4.5180   4.4487   3.560   0.0230    -0.0123            
      C(   3), H(  18)   2.8159   2.7789   3.560   0.0230     0.1330  1,4       
      C(   3), H(  19)   3.5040   3.4258   3.560   0.0230    -0.0243  1,4       
      C(   3), H(  20)   2.7957   2.7600   3.560   0.0230     0.1473  1,4       
      O(   4), O(   5)   2.2899
      O(   4), C(   7)   2.3733
      O(   4), C(   8)   3.0183            3.860   0.0399     0.2249  1,4       
      O(   4), H(   9)   2.0832
      O(   4), H(  10)   2.0974
      O(   4), H(  11)   3.3678   3.2908   3.440   0.0344    -0.0355  1,4       
      O(   4), H(  12)   3.2592   3.2116   3.440   0.0344    -0.0306            
      O(   4), H(  13)   3.7746   3.6961   3.440   0.0344    -0.0343            
      O(   4), H(  14)   2.1123
      O(   4), H(  15)   2.6465   2.6097   3.440   0.0344     0.2979  1,4       
      O(   4), H(  16)   3.3539   3.2754   3.440   0.0344    -0.0348  1,4       
      O(   4), H(  17)   2.6746   2.6360   3.440   0.0344     0.2598  1,4       
      O(   4), H(  18)   2.7463   2.7523   3.440   0.0344     0.1330            
      O(   4), H(  19)   3.4632   3.4181   3.440   0.0344    -0.0384            
      O(   4), H(  20)   4.0112   3.9325   3.440   0.0344    -0.0277            
      O(   5), C(   7)   2.3733
      O(   5), C(   8)   3.0183            3.860   0.0399     0.2249  1,4       
      O(   5), H(   9)   3.7746   3.6961   3.440   0.0344    -0.0343            
      O(   5), H(  10)   3.2592   3.2116   3.440   0.0344    -0.0306            
      O(   5), H(  11)   3.3678   3.2908   3.440   0.0344    -0.0355  1,4       
      O(   5), H(  12)   2.0974
      O(   5), H(  13)   2.0832
      O(   5), H(  14)   2.1123
      O(   5), H(  15)   2.6465   2.6097   3.440   0.0344     0.2979  1,4       
      O(   5), H(  16)   2.6746   2.6360   3.440   0.0344     0.2598  1,4       
      O(   5), H(  17)   3.3539   3.2754   3.440   0.0344    -0.0348  1,4       
      O(   5), H(  18)   2.7463   2.7523   3.440   0.0344     0.1330            
      O(   5), H(  19)   4.0112   3.9325   3.440   0.0344    -0.0277            
      O(   5), H(  20)   3.4632   3.4181   3.440   0.0344    -0.0384            
      C(   6), C(   8)   3.6211            4.080   0.0270    -0.0066            
      C(   6), H(   9)   3.3046   3.2273   3.560   0.0230    -0.0134  1,4       
      C(   6), H(  10)   2.6229   2.5854   3.560   0.0230     0.3419  1,4       
      C(   6), H(  11)   3.7506   3.6744   3.560   0.0230    -0.0251            
      C(   6), H(  12)   2.6229   2.5854   3.560   0.0230     0.3419  1,4       
      C(   6), H(  13)   3.3046   3.2273   3.560   0.0230    -0.0134  1,4       
      C(   6), H(  15)   2.1952
      C(   6), H(  16)   2.1891
      C(   6), H(  17)   2.1891
      C(   6), H(  18)   3.3132   3.3247   3.560   0.0230    -0.0205            
      C(   6), H(  19)   4.3735   4.3100   3.560   0.0230    -0.0144            
      C(   6), H(  20)   4.3735   4.3100   3.560   0.0230    -0.0144            
      C(   7), C(   8)   4.7098            4.080   0.0270    -0.0209            
      C(   7), H(   9)   4.4548   4.3895   3.560   0.0230    -0.0131            
      C(   7), H(  10)   3.9931   3.9580   3.560   0.0230    -0.0206            
      C(   7), H(  11)   5.2187   5.1392   3.560   0.0230    -0.0056            
      C(   7), H(  12)   3.9931   3.9580   3.560   0.0230    -0.0206            
      C(   7), H(  13)   4.4548   4.3895   3.560   0.0230    -0.0131            
      C(   7), H(  14)   2.1796
      C(   7), H(  18)   4.0921   4.1323   3.560   0.0230    -0.0174            
      C(   7), H(  19)   5.4378   5.3770   3.560   0.0230    -0.0043            
      C(   7), H(  20)   5.4378   5.3770   3.560   0.0230    -0.0043            
      C(   8), H(   9)   2.7055   2.6759   3.560   0.0230     0.2251  1,4       
      C(   8), H(  10)   3.4965   3.4186   3.560   0.0230    -0.0241  1,4       
      C(   8), H(  11)   2.1593
      C(   8), H(  12)   3.4965   3.4186   3.560   0.0230    -0.0241  1,4       
      C(   8), H(  13)   2.7055   2.6759   3.560   0.0230     0.2251  1,4       
      C(   8), H(  14)   4.3264   4.2657   3.560   0.0230    -0.0151            
      C(   8), H(  15)   4.5402   4.5438   3.560   0.0230    -0.0110            
      C(   8), H(  16)   5.4254   5.3656   3.560   0.0230    -0.0044            
      C(   8), H(  17)   5.4254   5.3656   3.560   0.0230    -0.0044            
      H(   9), H(  10)   1.7894
      H(   9), H(  11)   2.5740   2.4808   3.240   0.0200     0.1529  1,4       
      H(   9), H(  12)   3.8680   3.7459   3.240   0.0200    -0.0154            
      H(   9), H(  13)   4.3268   4.1857   3.240   0.0200    -0.0090            
      H(   9), H(  14)   3.6241   3.5077   3.240   0.0200    -0.0196            
      H(   9), H(  15)   4.6462   4.5660   3.240   0.0200    -0.0056            
      H(   9), H(  16)   5.4073   5.2607   3.240   0.0200    -0.0024            
      H(   9), H(  17)   4.6370   4.5570   3.240   0.0200    -0.0056            
      H(   9), H(  18)   3.0441   2.9733   3.240   0.0200    -0.0146            
      H(   9), H(  19)   2.5113   2.5122   3.240   0.0200     0.1279            
      H(   9), H(  20)   3.7479   3.6362   3.240   0.0200    -0.0173            
      H(  10), H(  11)   2.4518   2.3734   3.240   0.0200     0.2688  1,4       
      H(  10), H(  12)   2.7179   2.7006   3.240   0.0200     0.0325            
      H(  10), H(  13)   3.8680   3.7459   3.240   0.0200    -0.0154            
      H(  10), H(  14)   2.3843   2.3810   3.240   0.0200     0.2588            
      H(  10), H(  15)   4.5847   4.4818   3.240   0.0200    -0.0062            
      H(  10), H(  16)   4.7196   4.6329   3.240   0.0200    -0.0051            
      H(  10), H(  17)   4.1730   4.1238   3.240   0.0200    -0.0097            
      H(  10), H(  18)   3.8821   3.7593   3.240   0.0200    -0.0151            
      H(  10), H(  19)   3.7631   3.6537   3.240   0.0200    -0.0170            
      H(  10), H(  20)   4.3615   4.2200   3.240   0.0200    -0.0086            
      H(  11), H(  12)   2.4518   2.3734   3.240   0.0200     0.2688  1,4       
      H(  11), H(  13)   2.5740   2.4808   3.240   0.0200     0.1529  1,4       
      H(  11), H(  14)   3.8825   3.7983   3.240   0.0200    -0.0145            
      H(  11), H(  15)   5.5015   5.3880   3.240   0.0200    -0.0021            
      H(  11), H(  16)   5.8159   5.6881   3.240   0.0200    -0.0015            
      H(  11), H(  17)   5.8159   5.6881   3.240   0.0200    -0.0015            
      H(  11), H(  18)   3.1083   2.9575   3.240   0.0200    -0.0134  1,4       
      H(  11), H(  19)   2.5153   2.4297   3.240   0.0200     0.2017  1,4       
      H(  11), H(  20)   2.5153   2.4297   3.240   0.0200     0.2017  1,4       
      H(  12), H(  13)   1.7894
      H(  12), H(  14)   2.3843   2.3810   3.240   0.0200     0.2588            
      H(  12), H(  15)   4.5847   4.4818   3.240   0.0200    -0.0062            
      H(  12), H(  16)   4.1730   4.1238   3.240   0.0200    -0.0097            
      H(  12), H(  17)   4.7196   4.6329   3.240   0.0200    -0.0051            
      H(  12), H(  18)   3.8821   3.7593   3.240   0.0200    -0.0151            
      H(  12), H(  19)   4.3615   4.2200   3.240   0.0200    -0.0086            
      H(  12), H(  20)   3.7631   3.6537   3.240   0.0200    -0.0170            
      H(  13), H(  14)   3.6241   3.5077   3.240   0.0200    -0.0196            
      H(  13), H(  15)   4.6462   4.5660   3.240   0.0200    -0.0056            
      H(  13), H(  16)   4.6370   4.5570   3.240   0.0200    -0.0056            
      H(  13), H(  17)   5.4073   5.2607   3.240   0.0200    -0.0024            
      H(  13), H(  18)   3.0441   2.9733   3.240   0.0200    -0.0146            
      H(  13), H(  19)   3.7479   3.6362   3.240   0.0200    -0.0173            
      H(  13), H(  20)   2.5113   2.5122   3.240   0.0200     0.1279            
      H(  14), H(  15)   3.1218   2.9697   3.240   0.0200    -0.0144  1,4       
      H(  14), H(  16)   2.5370   2.4491   3.240   0.0200     0.1819  1,4       
      H(  14), H(  17)   2.5370   2.4491   3.240   0.0200     0.1819  1,4       
      H(  14), H(  18)   4.2359   4.1589   3.240   0.0200    -0.0093            
      H(  14), H(  19)   5.0409   4.9232   3.240   0.0200    -0.0036            
      H(  14), H(  20)   5.0409   4.9232   3.240   0.0200    -0.0036            
      H(  15), H(  16)   1.7909
      H(  15), H(  17)   1.7909
      H(  15), H(  18)   3.7096   3.7861   3.240   0.0200    -0.0147            
      H(  15), H(  19)   5.2320   5.1810   3.240   0.0200    -0.0027            
      H(  15), H(  20)   5.2320   5.1810   3.240   0.0200    -0.0027            
      H(  16), H(  17)   1.7883
      H(  16), H(  18)   4.8351   4.8119   3.240   0.0200    -0.0041            
      H(  16), H(  19)   6.2685   6.1339   3.240   0.0200    -0.0010            
      H(  16), H(  20)   6.0079   5.9076   3.240   0.0200    -0.0012            
      H(  17), H(  18)   4.8351   4.8119   3.240   0.0200    -0.0041            
      H(  17), H(  19)   6.0079   5.9076   3.240   0.0200    -0.0012            
      H(  17), H(  20)   6.2685   6.1339   3.240   0.0200    -0.0010            
      H(  18), H(  19)   1.7918
      H(  18), H(  20)   1.7918
      H(  19), H(  20)   1.7889


      BOND ANGLES, BENDING AND STRETCH-BEND ENERGIES   (   38 ANGLES)

          EB = 0.021914(KB)(DT)(DT)(1+CF*DT+QF*DT**2+PF*DT**3+SF*DT**4)
                          DT = THETA-TZERO
                          CF = -1400.000E-5
                          QF =     5.600E-5
                          PF =    -0.070E-5
                          SF =     0.022E-6
          ESB(J) = 2.51124(KSB(J))(DT)(DR1+DR2)
                          DR(I) = R(I) - R0(I)
          EBDBD  = -0.02191418(KBB1)(DT1)(KBB2)(DT2)

          A T O M S            THETA    TZERO     KB     EB     KSB    ESB
   C(   2)- C(   1)- O(   4)  109.072  107.900  0.830  0.0246  0.13  0.0081     
   C(   2)- C(   1)- H(   9)  110.762  109.310  0.590  0.0267  0.08  0.0046     
   C(   2)- C(   1)- H(  10)  110.997  109.310  0.590  0.0360  0.08  0.0056     
   O(   4)- C(   1)- H(   9)  109.222  108.900  0.820  0.0019  0.08  0.0004     
   O(   4)- C(   1)- H(  10)  109.866  108.900  0.820  0.0165  0.08  0.0015     
   H(   9)- C(   1)- H(  10)  106.888  107.600  0.550  0.0062                   
   C(   1)- C(   2)- C(   3)  109.177  110.200  0.670  0.0156  0.13 -0.0101     
   C(   1)- C(   2)- C(   8)  111.007  110.200  0.670  0.0094  0.13  0.0080     
   C(   1)- C(   2)- H(  11)  108.779  109.800  0.590  0.0137  0.08 -0.0042     
   C(   3)- C(   2)- C(   8)  111.007  110.200  0.670  0.0094  0.13  0.0080     
   C(   3)- C(   2)- H(  11)  108.779  109.800  0.590  0.0137  0.08 -0.0042     
   C(   8)- C(   2)- H(  11)  108.032  109.800  0.590  0.0414  0.08 -0.0073     
   C(   2)- C(   3)- O(   5)  109.072  107.900  0.830  0.0246  0.13  0.0081     
   C(   2)- C(   3)- H(  12)  110.997  109.310  0.590  0.0360  0.08  0.0056     
   C(   2)- C(   3)- H(  13)  110.762  109.310  0.590  0.0267  0.08  0.0046     
   O(   5)- C(   3)- H(  12)  109.866  108.900  0.820  0.0165  0.08  0.0015     
   O(   5)- C(   3)- H(  13)  109.222  108.900  0.820  0.0019  0.08  0.0004     
   H(  12)- C(   3)- H(  13)  106.888  107.600  0.550  0.0062                   
   C(   1)- O(   4)- C(   6)  110.488  107.200  0.820  0.1854  0.10  0.0096     
   C(   3)- O(   5)- C(   6)  110.488  107.200  0.820  0.1854  0.10  0.0096     
   O(   4)- C(   6)- O(   5)  107.693  104.785  0.540  0.0961  0.13  0.0103     
   O(   4)- C(   6)- C(   7)  107.551  107.000  0.830  0.0055  0.13  0.0027     
   O(   4)- C(   6)- H(  14)  111.926  110.000  0.820  0.0648  0.08  0.0030     
   O(   5)- C(   6)- C(   7)  107.551  107.000  0.830  0.0055  0.13  0.0027     
   O(   5)- C(   6)- H(  14)  111.926  110.000  0.820  0.0648  0.08  0.0030     
   C(   7)- C(   6)- H(  14)  109.992  109.800  0.590  0.0005  0.08  0.0005     
   C(   6)- C(   7)- H(  15)  111.916  110.700  0.590  0.0188  0.08  0.0027     
   C(   6)- C(   7)- H(  16)  111.437  110.700  0.590  0.0069  0.08  0.0016     
   C(   6)- C(   7)- H(  17)  111.437  110.700  0.590  0.0069  0.08  0.0016     
   H(  15)- C(   7)- H(  16)  107.336  107.800  0.550  0.0026                   
   H(  15)- C(   7)- H(  17)  107.336  107.800  0.550  0.0026                   
   H(  16)- C(   7)- H(  17)  107.121  107.800  0.550  0.0056                   
   C(   2)- C(   8)- H(  18)  112.110  110.700  0.590  0.0252  0.08  0.0044     
   C(   2)- C(   8)- H(  19)  111.482  110.700  0.590  0.0078  0.08  0.0025     
   C(   2)- C(   8)- H(  20)  111.482  110.700  0.590  0.0078  0.08  0.0025     
   H(  18)- C(   8)- H(  19)  107.256  107.800  0.550  0.0036                   
   H(  18)- C(   8)- H(  20)  107.256  107.800  0.550  0.0036                   
   H(  19)- C(   8)- H(  20)  106.973  107.800  0.550  0.0083                   


     DIHEDRAL ANGLES, TORSIONAL ENERGY (ET)   (   48 ANGLES)

           ET = (V1/2)(1+COS(W))+(V2/2)(1-COS(2W))+(V3/2)(1+COS(3W))

           ETS = -11.995*(R-R0)((KTS1/2)(1+COS(W))+
                                (KTS2/2)(1-COS(2W)+
                                (KTS3/2)(1+COS(3W))

           SIGN OF ANGLE A-B-C-D : WHEN LOOKING THROUGH B TOWARD C,
           IF D IS COUNTERCLOCKWISE FROM A, NEGATIVE.

         A T O M S               OMEGA    V1     V2     V3     ET   KTS3   ETS
 C(   1) C(   2) C(   3) O(   5)  52.0  0.200  0.000  0.300  0.175 0.059 0.000  
 C(   1) C(   2) C(   3) H(  12) -69.2  0.000  0.000  0.280  0.016 0.059-0.001  
 C(   1) C(   2) C(   3) H(  13) 172.2  0.000  0.000  0.280  0.012 0.059 0.000  
 C(   1) C(   2) C(   8) H(  18) -60.8  0.000  0.000  0.280  0.000 0.059 0.000  
 C(   1) C(   2) C(   8) H(  19)  59.5  0.000  0.000  0.280  0.000 0.059 0.000  
 C(   1) C(   2) C(   8) H(  20) 178.9  0.000  0.000  0.280  0.000 0.059 0.000  
 C(   1) O(   4) C(   6) O(   5) -67.5  1.250 -3.000  0.850 -1.664 0.100 0.000 B
 C(   1) O(   4) C(   6) C(   7) 176.9  0.450  0.050  0.757  0.006 0.100 0.000  
 C(   1) O(   4) C(   6) H(  14)  55.9  0.000  0.000  0.680  0.008 0.100 0.000  
 C(   2) C(   1) O(   4) C(   6)  60.4  0.450  0.050  0.757  0.374 0.100 0.000  
 C(   2) C(   3) O(   5) C(   6) -60.4  0.450  0.050  0.757  0.374 0.100 0.000  
 C(   3) C(   2) C(   1) O(   4) -52.0  0.200  0.000  0.300  0.175 0.059 0.000  
 C(   3) C(   2) C(   1) H(   9)-172.2  0.000  0.000  0.280  0.012 0.059 0.000  
 C(   3) C(   2) C(   1) H(  10)  69.2  0.000  0.000  0.280  0.016 0.059-0.001  
 C(   3) C(   2) C(   8) H(  18)  60.8  0.000  0.000  0.280  0.000 0.059 0.000  
 C(   3) C(   2) C(   8) H(  19)-178.9  0.000  0.000  0.280  0.000 0.059 0.000  
 C(   3) C(   2) C(   8) H(  20) -59.5  0.000  0.000  0.280  0.000 0.059 0.000  
 C(   3) O(   5) C(   6) O(   4)  67.5  1.250 -3.000  0.850 -1.664 0.100 0.000 B
 C(   3) O(   5) C(   6) C(   7)-176.9  0.450  0.050  0.757  0.006 0.100 0.000  
 C(   3) O(   5) C(   6) H(  14) -55.9  0.000  0.000  0.680  0.008 0.100 0.000  
 O(   4) C(   1) C(   2) C(   8)  70.7  0.200  0.000  0.300  0.156 0.059-0.001  
 O(   4) C(   1) C(   2) H(  11)-170.5  0.000  0.000  0.300  0.018 0.059-0.001  
 O(   4) C(   6) C(   7) H(  15)  57.9  0.000  0.000  0.300  0.001 0.059 0.000  
 O(   4) C(   6) C(   7) H(  16) 178.1  0.000  0.000  0.300  0.001 0.059 0.000  
 O(   4) C(   6) C(   7) H(  17) -62.3  0.000  0.000  0.300  0.001 0.059 0.000  
 O(   5) C(   3) C(   2) C(   8) -70.7  0.200  0.000  0.300  0.156 0.059-0.001  
 O(   5) C(   3) C(   2) H(  11) 170.5  0.000  0.000  0.300  0.018 0.059-0.001  
 O(   5) C(   6) C(   7) H(  15) -57.9  0.000  0.000  0.300  0.001 0.059 0.000  
 O(   5) C(   6) C(   7) H(  16)  62.3  0.000  0.000  0.300  0.001 0.059 0.000  
 O(   5) C(   6) C(   7) H(  17)-178.1  0.000  0.000  0.300  0.001 0.059 0.000  
 C(   6) O(   4) C(   1) H(   9)-178.5  0.000  0.000  0.680  0.001 0.100 0.000  
 C(   6) O(   4) C(   1) H(  10) -61.5  0.000  0.000  0.680  0.001 0.100 0.000  
 C(   6) O(   5) C(   3) H(  12)  61.5  0.000  0.000  0.680  0.001 0.100 0.000  
 C(   6) O(   5) C(   3) H(  13) 178.5  0.000  0.000  0.680  0.001 0.100 0.000  
 C(   8) C(   2) C(   1) H(   9) -49.5  0.000  0.000  0.280  0.021 0.059-0.001  
 C(   8) C(   2) C(   1) H(  10)-168.1  0.000  0.000  0.280  0.026 0.059-0.001  
 C(   8) C(   2) C(   3) H(  12) 168.1  0.000  0.000  0.280  0.026 0.059-0.001  
 C(   8) C(   2) C(   3) H(  13)  49.5  0.000  0.000  0.280  0.021 0.059-0.001  
 H(   9) C(   1) C(   2) H(  11)  69.2  0.000  0.000  0.238  0.014 0.059-0.001  
 H(  10) C(   1) C(   2) H(  11) -49.3  0.000  0.000  0.238  0.018 0.059-0.001  
 H(  11) C(   2) C(   3) H(  12)  49.3  0.000  0.000  0.238  0.018 0.059-0.001  
 H(  11) C(   2) C(   3) H(  13) -69.2  0.000  0.000  0.238  0.014 0.059-0.001  
 H(  11) C(   2) C(   8) H(  18) 180.0  0.000  0.000  0.238  0.000 0.059 0.000  
 H(  11) C(   2) C(   8) H(  19) -59.7  0.000  0.000  0.238  0.000 0.059 0.000  
 H(  11) C(   2) C(   8) H(  20)  59.7  0.000  0.000  0.238  0.000 0.059 0.000  
 H(  14) C(   6) C(   7) H(  15)-180.0  0.000  0.000  0.238  0.000 0.059 0.000  
 H(  14) C(   6) C(   7) H(  16) -59.8  0.000  0.000  0.238  0.000 0.059 0.000  
 H(  14) C(   6) C(   7) H(  17)  59.8  0.000  0.000  0.238  0.000 0.059 0.000  

     DIPOLE-DIPOLE INTERACTION ENERGY  (DIELECTRIC CONSTANT = 1.50)

          E = 14.388*MU1*MU2*(COSX-3*COSA*COSB)/(R12**3*DIELC)

               MU1 = BOND MOM OF BOND 1
               MU2 = BOND MOM OF BOND 2
               R12 = DISTANCE BETWEEN MID-POINTS OF TWO BONDS.

        BOND(1)       MU1           BOND(2)       MU2      R12        E
   C(   1)- O(   4)  1.170   + C(   3)- O(   5)  1.170   2.3919    0.9643       
   C(   1)- O(   4)  1.170   + O(   5)- C(   6) -1.170   2.0279   -1.5384       
   C(   3)- O(   5)  1.170   + O(   4)- C(   6) -1.170   2.0279   -1.5384       


 ==============================================================================
                        NORMAL MODE VIBRATIONAL ANALYSIS
 ==============================================================================


             Molecular Shape : ASYMMETRIC ROTOR WITH KAPPA =-0.780117
        Symmetry Point Group : Cs  
             Symmetry Number :  1
                   Chirality :  no



0       FUNDAMENTAL NORMAL VIBRATIONAL FREQUENCIES
                ( THEORETICALLY  54 VALUES )

             Frequency :  in 1/cm
             A(i)      :  IR intensity (vs,s,m,w,vw,-- or in 10**6 cm/mole)
             A(i) = -- :  IR inactive


             no       Frequency   Symmetry      A(i)

             1.          2984.9     (A"  )        m
             2.          2984.1     (A`  )        m
             3.          2973.3     (A`  )        m
             4.          2969.3     (A"  )        m
             5.          2956.7     (A`  )        m
             6.          2954.9     (A"  )        m
             7.          2927.1     (A`  )        m
             8.          2892.1     (A`  )        m
             9.          2878.5     (A`  )        m
            10.          2858.3     (A"  )        w
            11.          2858.1     (A`  )        m
            12.          2847.4     (A`  )        w
            13.          1539.3     (A`  )        m
            14.          1538.7     (A"  )        m
            15.          1527.2     (A"  )        m
            16.          1469.8     (A`  )        w
            17.          1464.1     (A`  )        w
            18.          1460.7     (A"  )        w
            19.          1460.4     (A`  )        w
            20.          1455.3     (A"  )        w
            21.          1450.7     (A`  )        m
            22.          1439.7     (A"  )        w
            23.          1426.0     (A`  )        w
            24.          1372.1     (A`  )        w
            25.          1370.8     (A"  )        w
            26.          1358.3     (A`  )        w
            27.          1299.8     (A`  )        w
            28.          1299.1     (A"  )        m
            29.          1167.1     (A"  )        s
            30.          1158.4     (A`  )        s
            31.          1139.2     (A"  )       vw
            32.          1073.1     (A`  )        m
            33.          1068.3     (A`  )        m
            34.          1044.4     (A`  )        w
            35.          1039.2     (A"  )        w
            36.          1014.6     (A`  )        m
            37.           959.5     (A"  )        w
            38.           921.8     (A`  )        w
            39.           918.7     (A"  )       vw
            40.           892.2     (A"  )        w
            41.           854.2     (A`  )        m
            42.           773.2     (A`  )        w
            43.           664.2     (A`  )        w
            44.           497.3     (A`  )        w
            45.           456.8     (A"  )        w
            46.           441.2     (A`  )        w
            47.           385.8     (A"  )        w
            48.           363.1     (A`  )        w
            49.           317.8     (A"  )        w
            50.           256.1     (A`  )        w
            51.           254.5     (A"  )        w
            52.           224.0     (A"  )       vw
            53.           210.2     (A"  )        w
            54.           110.3     (A`  )        w
            55.     (       0.0)    (t/r )
            56.     (       0.0)    (t/r )
            57.     (       0.0)    (t/r )
            58.     (       0.0)    (t/r )
            59.     (       0.0)    (t/r )
            60.     (       0.0)    (t/r )


0       CORRESPONDING EIGEN VECTOR MATRIX   60 BY  60



 (  1)
     0.000    0.000    0.000    0.000    0.000    0.000    0.000    0.000
     0.000    0.000    0.000    0.000    0.000    0.000    0.000    0.000
     0.001    0.000    0.000   -0.093    0.000    0.000    0.000    0.000
     0.000    0.000    0.000    0.000    0.000    0.000    0.000    0.000
     0.000    0.000    0.000    0.000    0.000    0.000    0.000    0.000
    -0.001    0.000    0.000    0.020   -0.001   -0.370    0.538    0.136
     0.370    0.538   -0.136    0.000    0.000    0.000    0.000    0.000
     0.000    0.000    0.000    0.000

 (  2)
     0.000    0.000    0.000    0.000    0.000    0.000    0.000    0.000
     0.000    0.000    0.000    0.000    0.000    0.000    0.000    0.000
     0.000    0.000    0.046    0.000   -0.080    0.000    0.000    0.000
     0.000    0.000    0.000    0.000    0.000    0.000    0.000    0.000
     0.000    0.000    0.000    0.000    0.000    0.000    0.000    0.007
     0.000    0.014   -0.093    0.000    0.757   -0.228    0.305    0.097
    -0.227   -0.304    0.097    0.000    0.000    0.000    0.000    0.000
     0.000    0.000    0.000    0.000

 (  3)
    -0.001    0.000    0.001    0.002    0.000    0.002   -0.001    0.000
     0.001    0.000    0.000    0.000    0.000    0.000    0.000    0.000
     0.000    0.000    0.000    0.000    0.000    0.086    0.000    0.034
     0.003   -0.006   -0.002    0.001    0.001   -0.005   -0.021    0.000
    -0.030    0.001   -0.001   -0.005    0.003    0.006   -0.002    0.000
     0.000    0.000    0.000    0.000    0.000    0.000    0.000    0.000
     0.000    0.000    0.000   -0.566    0.000   -0.537   -0.227    0.290
     0.066   -0.227   -0.290    0.066

 (  4)
    -0.003    0.004    0.003    0.000   -0.001    0.000    0.003    0.004
    -0.003    0.000    0.000    0.000    0.000    0.000    0.000    0.000
     0.000    0.000    0.000    0.000    0.000    0.000    0.092    0.000
     0.026   -0.046   -0.015    0.004    0.001   -0.018    0.000    0.002
     0.000   -0.004    0.001    0.018   -0.026   -0.046    0.015    0.000
     0.000    0.000    0.000    0.000    0.000    0.000    0.000    0.000
     0.000    0.000    0.000    0.000   -0.020    0.000    0.371   -0.536
    -0.130   -0.371   -0.536    0.130

 (  5)
     0.031   -0.046   -0.029    0.006    0.000    0.004    0.031    0.046
    -0.029   -0.001    0.000    0.000   -0.001    0.000    0.000    0.000
     0.000   -0.001    0.000    0.000    0.000    0.001    0.000    0.000
    -0.309    0.536    0.176   -0.040   -0.011    0.175   -0.063    0.000
    -0.050   -0.040    0.011    0.175   -0.309   -0.536    0.176   -0.003
     0.000    0.011    0.000    0.000   -0.002    0.000    0.000    0.000
     0.000    0.000    0.000   -0.002    0.000   -0.002   -0.005    0.006
     0.002   -0.005   -0.006    0.002

 (  6)
     0.030   -0.045   -0.029    0.000    0.002    0.000   -0.030   -0.045
     0.029   -0.001    0.000    0.000    0.001    0.000    0.000    0.000
     0.000    0.000    0.000    0.000    0.000    0.000    0.008    0.000
    -0.310    0.536    0.177   -0.041   -0.011    0.175    0.000   -0.004
     0.000    0.041   -0.011   -0.175    0.310    0.536   -0.177    0.000
     0.000    0.000    0.000    0.000    0.000    0.000    0.000    0.000
     0.000    0.000    0.000    0.000   -0.002    0.000    0.032   -0.047
    -0.012   -0.032   -0.047    0.012

 (  7)
    -0.004    0.001    0.006    0.064    0.000    0.051   -0.004   -0.001
     0.006    0.000    0.000    0.000    0.000    0.000    0.000    0.000
     0.000    0.000    0.000    0.000    0.000   -0.001    0.000   -0.008
     0.022   -0.029   -0.012    0.018    0.013   -0.067   -0.736    0.000
    -0.588    0.018   -0.013   -0.067    0.022    0.029   -0.012    0.001
     0.000   -0.003    0.000    0.000    0.000    0.000    0.000    0.000
     0.000    0.000    0.000    0.060    0.000    0.050   -0.022    0.029
     0.014   -0.022   -0.029    0.014

 (  8)
     0.000    0.000    0.000    0.000    0.000    0.000    0.000    0.000
     0.000    0.000    0.000    0.000    0.000    0.000    0.000    0.002
     0.000    0.010   -0.052    0.000   -0.031    0.000    0.000    0.000
    -0.001    0.002    0.001    0.000    0.000   -0.002    0.001    0.000
     0.000    0.000    0.000   -0.002   -0.001   -0.002    0.001    0.014
     0.000   -0.099   -0.055    0.000    0.566    0.322   -0.437   -0.109
     0.322    0.437   -0.109    0.000    0.000    0.000    0.000    0.000
     0.000    0.000    0.000    0.000

 (  9)
     0.000    0.001   -0.002   -0.008    0.000   -0.001    0.000   -0.001
    -0.002    0.000    0.000    0.000    0.000    0.000    0.000    0.000
     0.000    0.000    0.000    0.000    0.000    0.024    0.000   -0.056
     0.003   -0.007   -0.002   -0.005   -0.004    0.025    0.069    0.000
     0.051   -0.005    0.004    0.025    0.003    0.007   -0.002    0.000
     0.000    0.001    0.000    0.000    0.000    0.000    0.000    0.000
     0.000    0.000    0.000    0.383    0.000    0.384   -0.326    0.448
     0.122   -0.326   -0.448    0.122

 ( 10)
    -0.001   -0.022    0.052    0.000    0.003    0.000    0.001   -0.022
    -0.052   -0.002    0.000   -0.001    0.002    0.000    0.001    0.000
     0.000    0.000    0.000    0.000    0.000    0.000    0.000    0.000
    -0.093    0.163    0.038    0.118    0.082   -0.632    0.000   -0.011
     0.000   -0.119    0.083    0.633    0.093    0.163   -0.038    0.000
     0.000    0.000    0.000    0.000    0.000    0.000    0.000    0.000
     0.000    0.000    0.000    0.000    0.000    0.000   -0.002    0.003
     0.000    0.002    0.003    0.000

 ( 11)
     0.000   -0.022    0.051   -0.004    0.000   -0.006    0.000    0.022
     0.051   -0.002    0.000   -0.001   -0.002    0.000   -0.001   -0.001
     0.000    0.009    0.001    0.000    0.000    0.001    0.000   -0.002
    -0.095    0.166    0.039    0.116    0.081   -0.625    0.061    0.000
     0.058    0.116   -0.081   -0.624   -0.095   -0.166    0.039    0.018
     0.000   -0.105    0.000    0.000   -0.009   -0.005    0.008    0.002
    -0.005   -0.008    0.002    0.013    0.000    0.014   -0.010    0.014
     0.003   -0.010   -0.014    0.003

 ( 12)
     0.000    0.002   -0.006    0.000    0.000    0.001    0.000   -0.002
    -0.006    0.001   -0.002   -0.001    0.001    0.002   -0.001   -0.014
     0.000    0.082    0.005    0.000    0.001    0.000    0.000    0.000
     0.006   -0.012   -0.002   -0.014   -0.009    0.073   -0.006    0.000
    -0.006   -0.014    0.009    0.073    0.006    0.012   -0.002    0.155
     0.000   -0.929   -0.002    0.000   -0.052   -0.033    0.052    0.016
    -0.033   -0.052    0.016   -0.001    0.000   -0.001    0.001   -0.001
     0.000    0.001    0.001    0.000

 ( 13)
    -0.107   -0.016   -0.047    0.036    0.000   -0.001   -0.107    0.016
    -0.047    0.035    0.005    0.014    0.035   -0.005    0.014   -0.018
     0.000   -0.004    0.007    0.000    0.004   -0.004    0.000    0.006
     0.213    0.067    0.311    0.365   -0.119    0.018    0.044    0.000
     0.005    0.365    0.119    0.018    0.213   -0.067    0.311    0.017
     0.000    0.003   -0.018    0.000    0.003   -0.004   -0.006   -0.010
    -0.004    0.006   -0.010    0.023    0.000   -0.021   -0.009    0.000
    -0.003   -0.009    0.000   -0.003

 ( 14)
     0.080    0.009    0.036    0.000   -0.013    0.000   -0.080    0.009
    -0.036   -0.046    0.031   -0.013    0.046    0.031    0.013    0.000
    -0.139    0.000    0.000    0.006    0.000    0.000    0.001    0.000
    -0.110   -0.036   -0.197   -0.254    0.072   -0.010    0.000   -0.060
     0.000    0.254    0.072    0.010    0.110   -0.036    0.197    0.000
     0.452    0.000    0.000    0.071    0.000   -0.050   -0.009   -0.076
     0.050   -0.009    0.076    0.000    0.009    0.000    0.001   -0.002
     0.012   -0.001   -0.002   -0.012

 ( 15)
    -0.066   -0.014   -0.033    0.000    0.014    0.000    0.066   -0.014
     0.033    0.002    0.038    0.005   -0.002    0.038   -0.005    0.000
    -0.126    0.000    0.000    0.007    0.000    0.000   -0.001    0.000
     0.167    0.030    0.273    0.282   -0.112    0.013    0.000    0.038
     0.000   -0.282   -0.112   -0.013   -0.167    0.030   -0.273    0.000
     0.451    0.000    0.000    0.074    0.000   -0.048   -0.007   -0.075
     0.048   -0.007    0.075    0.000   -0.009    0.000   -0.001    0.002
    -0.013    0.001    0.002    0.013

 ( 16)
    -0.019   -0.027    0.007    0.038    0.000   -0.015   -0.019    0.027
     0.007    0.007   -0.003    0.005    0.007    0.003    0.005   -0.030
     0.000   -0.008    0.022    0.000    0.005    0.032    0.000    0.026
     0.094    0.082   -0.142   -0.054    0.151    0.027   -0.012    0.000
     0.061   -0.054   -0.151    0.027    0.094   -0.082   -0.142    0.120
     0.000    0.017   -0.036    0.000    0.000   -0.044   -0.046   -0.016
    -0.044    0.046   -0.016    0.301    0.000   -0.231   -0.438   -0.333
    -0.014   -0.438    0.333   -0.014

 ( 17)
    -0.004   -0.005    0.001    0.007    0.000   -0.008   -0.004    0.005
     0.001    0.002    0.000    0.003    0.002    0.000    0.003   -0.013
     0.000   -0.015    0.041    0.000   -0.035   -0.010    0.000    0.004
     0.019    0.014   -0.021   -0.013    0.025    0.004   -0.020    0.000
     0.026   -0.013   -0.025    0.004    0.019   -0.014   -0.021    0.102
     0.000   -0.002    0.335    0.000   -0.016   -0.395   -0.407    0.283
    -0.395    0.407    0.283   -0.025    0.000    0.018    0.065    0.061
    -0.014    0.065   -0.061   -0.014

 ( 18)
     0.017    0.034   -0.008    0.000   -0.066    0.000   -0.017    0.034
     0.008   -0.004   -0.002   -0.001    0.004   -0.002    0.001    0.000
     0.002    0.000    0.000    0.002    0.000    0.000   -0.038    0.000
    -0.045   -0.028    0.095    0.002   -0.126   -0.037    0.000    0.148
     0.000   -0.002   -0.127    0.037    0.045   -0.028   -0.095    0.000
    -0.001    0.000    0.000   -0.027    0.000    0.003   -0.001    0.019
    -0.003   -0.001   -0.019    0.000    0.625    0.000    0.225    0.010
     0.396   -0.225    0.009   -0.396

 ( 19)
    -0.029   -0.039    0.012    0.057    0.000   -0.057   -0.029    0.039
     0.012    0.017   -0.008    0.009    0.017    0.008    0.009   -0.076
     0.000   -0.015    0.050    0.000    0.031   -0.050    0.000    0.043
     0.123    0.105   -0.186   -0.081    0.193    0.038   -0.142    0.000
     0.196   -0.081   -0.193    0.038    0.123   -0.105   -0.186    0.270
     0.000    0.042   -0.237    0.000    0.007    0.004    0.006   -0.157
     0.004   -0.006   -0.157   -0.010    0.000   -0.001    0.208    0.239
    -0.108    0.209   -0.239   -0.107

 ( 20)
    -0.004   -0.002   -0.001    0.000    0.000    0.000    0.004   -0.002
     0.001    0.005   -0.007    0.004   -0.005   -0.007   -0.004    0.000
     0.022    0.000    0.000   -0.052    0.000    0.000   -0.003    0.000
     0.004    0.008   -0.017   -0.008    0.018    0.001    0.000    0.006
     0.000    0.008    0.018   -0.001   -0.004    0.008    0.017    0.000
    -0.161    0.000    0.000    0.687    0.000   -0.050    0.019   -0.471
     0.050    0.019    0.471    0.000    0.036    0.000    0.013    0.001
     0.022   -0.013    0.001   -0.022

 ( 21)
    -0.013   -0.022    0.014    0.056    0.000   -0.066   -0.013    0.022
     0.014   -0.016    0.017   -0.004   -0.016   -0.017   -0.004    0.107
     0.000    0.022   -0.089    0.000   -0.041   -0.037    0.000    0.065
     0.116    0.068   -0.045   -0.020    0.042    0.027   -0.163    0.000
     0.209   -0.020   -0.042    0.027    0.116   -0.068   -0.045   -0.343
     0.000   -0.052    0.294    0.000   -0.007    0.111    0.102    0.178
     0.111   -0.102    0.178    0.159    0.000   -0.129    0.008    0.102
    -0.157    0.008   -0.102   -0.157

 ( 22)
    -0.052   -0.076    0.010    0.000    0.079    0.000    0.052   -0.076
    -0.010    0.012    0.008    0.007   -0.012    0.008   -0.007    0.000
    -0.011    0.000    0.000    0.004    0.000    0.000   -0.028    0.000
     0.203    0.141   -0.245    0.004    0.352    0.084    0.000   -0.214
     0.000   -0.004    0.352   -0.084   -0.203    0.141    0.245    0.000
     0.022    0.000    0.000   -0.034    0.000   -0.002   -0.001    0.020
     0.002   -0.001   -0.020    0.000    0.279    0.000    0.113    0.010
     0.137   -0.113    0.010   -0.137

 ( 23)
    -0.039   -0.042   -0.003   -0.003    0.000    0.048   -0.039    0.042
    -0.003    0.008    0.005    0.005    0.008   -0.005    0.005    0.026
     0.000    0.007   -0.040    0.000   -0.020    0.027    0.000   -0.090
     0.158    0.130   -0.197    0.013    0.298    0.052    0.121    0.000
    -0.088    0.013   -0.298    0.052    0.158   -0.130   -0.197   -0.054
     0.000   -0.005    0.142    0.000   -0.004    0.074    0.059    0.089
     0.074   -0.059    0.089   -0.298    0.000    0.228    0.071   -0.074
     0.281    0.071    0.074    0.281

 ( 24)
    -0.004    0.008   -0.012   -0.028    0.000    0.033   -0.004   -0.008
    -0.012    0.020   -0.018    0.010    0.020    0.018    0.010   -0.086
     0.000   -0.005   -0.053    0.000   -0.052    0.000    0.000    0.028
    -0.070   -0.028   -0.011   -0.009    0.023   -0.015    0.148    0.000
    -0.190   -0.009   -0.023   -0.015   -0.070    0.028   -0.011    0.511
     0.000    0.100    0.324    0.000   -0.021    0.240    0.137    0.235
     0.240   -0.137    0.235    0.109    0.000   -0.079    0.017    0.055
    -0.138    0.017   -0.055   -0.138

 ( 25)
     0.028   -0.007    0.021    0.000    0.141    0.000   -0.028   -0.007
    -0.021   -0.008   -0.006   -0.014    0.008   -0.006    0.014    0.000
     0.015    0.000    0.000   -0.004    0.000    0.000   -0.025    0.000
    -0.193   -0.176    0.131    0.104   -0.163    0.023    0.000   -0.658
     0.000   -0.104   -0.163   -0.023    0.193   -0.176   -0.131    0.000
    -0.002    0.000    0.000    0.013    0.000    0.007    0.001   -0.004
    -0.007    0.001    0.004    0.000    0.118    0.000    0.073    0.023
    -0.007   -0.073    0.023    0.007

 ( 26)
    -0.016   -0.012   -0.013   -0.059    0.000    0.084   -0.016    0.012
    -0.013    0.003    0.004   -0.003    0.003   -0.004   -0.003    0.042
     0.000    0.007    0.014    0.000    0.019    0.004    0.000    0.048
    -0.001    0.027   -0.106    0.076    0.198    0.027    0.366    0.000
    -0.445    0.076   -0.198    0.027   -0.001   -0.027   -0.106   -0.263
     0.000   -0.045   -0.113    0.000    0.009   -0.093   -0.050   -0.083
    -0.093    0.050   -0.083    0.199    0.000   -0.141    0.052    0.112
    -0.264    0.052   -0.112   -0.264

 ( 27)
    -0.013    0.011    0.024    0.005    0.000    0.010   -0.013   -0.011
     0.024    0.025   -0.031   -0.032    0.025    0.031   -0.032   -0.027
     0.000    0.025    0.002    0.000   -0.004   -0.006    0.000   -0.010
    -0.361   -0.120   -0.183    0.413    0.135    0.126   -0.172    0.000
     0.235    0.413   -0.135    0.126   -0.362    0.120   -0.183   -0.120
     0.000    0.016    0.008    0.000   -0.003    0.011   -0.004    0.036
     0.011    0.004    0.036    0.007    0.000   -0.026   -0.013   -0.005
    -0.003   -0.013    0.005   -0.003

 ( 28)
     0.021   -0.014   -0.017    0.000    0.018    0.000   -0.021   -0.014
     0.017   -0.031    0.037    0.036    0.031    0.037   -0.036    0.000
    -0.037    0.000    0.000    0.009    0.000    0.000   -0.003    0.000
     0.349    0.093    0.218   -0.358   -0.139   -0.108    0.000   -0.197
     0.000    0.358   -0.139    0.108   -0.349    0.093   -0.218    0.000
    -0.341    0.000    0.000   -0.038    0.000   -0.025   -0.008    0.001
     0.025   -0.008   -0.001    0.000   -0.002    0.000    0.003    0.000
    -0.007   -0.003    0.000    0.007

 ( 29)
     0.009   -0.007    0.011    0.000    0.000    0.000   -0.009   -0.007
    -0.011   -0.042    0.053    0.019    0.042    0.053   -0.019    0.000
    -0.113    0.000    0.000    0.039    0.000    0.000    0.000    0.000
    -0.166   -0.094   -0.035    0.245    0.109    0.073    0.000    0.135
     0.000   -0.245    0.109   -0.073    0.166   -0.094    0.035    0.000
    -0.598    0.000    0.000   -0.110    0.000   -0.134   -0.040   -0.041
     0.134   -0.040    0.041    0.000    0.009    0.000    0.003    0.004
    -0.006   -0.003    0.004    0.006

 ( 30)
    -0.052    0.018   -0.018    0.046    0.000   -0.047   -0.052   -0.018
    -0.018    0.077   -0.054    0.010    0.077    0.054    0.010   -0.071
     0.000    0.043    0.015    0.000    0.005   -0.008    0.000    0.021
    -0.114    0.014   -0.099   -0.249   -0.143   -0.079    0.124    0.000
    -0.148   -0.249    0.143   -0.079   -0.114   -0.014   -0.099   -0.433
     0.000   -0.007   -0.013    0.000    0.004    0.038   -0.008    0.094
     0.038    0.008    0.094   -0.024    0.000    0.040   -0.001   -0.007
     0.074   -0.001    0.007    0.074

 ( 31)
    -0.050   -0.031   -0.044    0.000    0.110    0.000    0.050   -0.031
     0.044    0.046   -0.002    0.041   -0.046   -0.002   -0.041    0.000
    -0.031    0.000    0.000    0.017    0.000    0.000   -0.045    0.000
    -0.240   -0.157    0.005   -0.273   -0.045   -0.094    0.000    0.375
     0.000    0.273   -0.045    0.094    0.240   -0.157   -0.005    0.000
     0.027    0.000    0.000   -0.024    0.000   -0.047   -0.009   -0.015
     0.047   -0.009    0.015    0.000    0.117    0.000    0.094    0.050
    -0.140   -0.094    0.050    0.140

 ( 32)
    -0.016   -0.003    0.069    0.042    0.000   -0.118   -0.016    0.003
     0.069   -0.029    0.001   -0.034   -0.029   -0.001   -0.034    0.045
     0.000    0.042   -0.014    0.000   -0.040    0.008    0.000    0.075
    -0.023    0.055   -0.115    0.131   -0.162    0.085    0.243    0.000
    -0.376    0.131    0.162    0.085   -0.023   -0.055   -0.115    0.223
     0.000    0.076   -0.146    0.000   -0.062   -0.027   -0.020   -0.002
    -0.027    0.020   -0.002   -0.101    0.000    0.202   -0.026   -0.027
     0.084   -0.026    0.027    0.084

 ( 33)
    -0.057    0.013   -0.029    0.049    0.000   -0.005   -0.057   -0.013
    -0.029    0.027    0.018    0.052    0.027   -0.018    0.052    0.119
     0.000   -0.055   -0.068    0.000    0.026   -0.025    0.000    0.000
    -0.264   -0.086   -0.080   -0.083   -0.011   -0.040    0.055    0.000
    -0.011   -0.083    0.011   -0.040   -0.264    0.086   -0.080    0.276
     0.000   -0.037    0.178    0.000    0.060   -0.137    0.025   -0.228
    -0.137   -0.025   -0.228    0.045    0.000   -0.076    0.016    0.009
     0.092    0.016   -0.009    0.092

 ( 34)
    -0.014    0.016   -0.026    0.012    0.000    0.054   -0.014   -0.016
    -0.026    0.010   -0.016    0.002    0.010    0.016    0.002    0.076
     0.000    0.127   -0.026    0.000   -0.114   -0.024    0.000   -0.039
    -0.014   -0.004    0.039   -0.085    0.038   -0.039   -0.038    0.000
     0.121   -0.085   -0.038   -0.039   -0.014    0.004    0.039    0.177
     0.000    0.158   -0.501    0.000   -0.184   -0.029   -0.067    0.118
    -0.029    0.067    0.118    0.100    0.000   -0.177    0.035    0.024
     0.039    0.035   -0.024    0.039

 ( 35)
    -0.046    0.049   -0.034    0.000   -0.059    0.000    0.046    0.049
     0.034    0.069   -0.012    0.044   -0.069   -0.012   -0.044    0.000
    -0.047    0.000    0.000    0.058    0.000    0.000    0.056    0.000
    -0.120    0.036   -0.105   -0.075   -0.012   -0.050    0.000   -0.407
     0.000    0.075   -0.012    0.050    0.120    0.036    0.105    0.000
    -0.024    0.000    0.000   -0.104    0.000   -0.201   -0.055   -0.079
     0.201   -0.055    0.079    0.000   -0.141    0.000   -0.115   -0.072
     0.212    0.115   -0.072   -0.212

 ( 36)
     0.021   -0.015    0.022    0.082    0.000    0.032    0.021    0.015
     0.022   -0.035    0.000   -0.022   -0.035    0.000   -0.022   -0.038
     0.000   -0.021    0.027    0.000    0.020   -0.097    0.000   -0.036
     0.010   -0.021    0.013    0.041   -0.049    0.024    0.203    0.000
    -0.103    0.041    0.049    0.024    0.010    0.021    0.013   -0.059
     0.000   -0.027    0.072    0.000    0.027    0.043    0.009    0.023
     0.043   -0.009    0.023    0.302    0.000   -0.470    0.113    0.065
     0.340    0.113   -0.065    0.340

 ( 37)
     0.003    0.028    0.034    0.000   -0.011    0.000   -0.003    0.028
    -0.034    0.002   -0.033   -0.028   -0.002   -0.033    0.028    0.000
     0.026    0.000    0.000    0.085    0.000    0.000   -0.066    0.000
     0.122    0.139   -0.084    0.036   -0.125    0.025    0.000    0.009
     0.000   -0.036   -0.125   -0.025   -0.122    0.139    0.084    0.000
     0.032    0.000    0.000   -0.193    0.000   -0.369   -0.123   -0.158
     0.369   -0.123    0.158    0.000    0.152    0.000    0.142    0.094
    -0.272   -0.142    0.094    0.272

 ( 38)
    -0.005    0.069    0.037   -0.033    0.000    0.048   -0.005   -0.069
     0.037    0.014   -0.055   -0.037    0.014    0.055   -0.037    0.005
     0.000    0.060   -0.057    0.000    0.025    0.009    0.000   -0.053
     0.188    0.246   -0.136    0.020   -0.177    0.016   -0.058    0.000
     0.080    0.020    0.177    0.016    0.188   -0.246   -0.136    0.085
     0.000    0.078    0.260    0.000    0.067   -0.122    0.022   -0.213
    -0.122   -0.022   -0.213    0.064    0.000   -0.116    0.033    0.016
    -0.055    0.033   -0.016   -0.055

 ( 39)
    -0.014    0.073   -0.026    0.000   -0.073    0.000    0.014    0.073
     0.026    0.022    0.020    0.036   -0.022    0.020   -0.036    0.000
    -0.053    0.000    0.000   -0.050    0.000    0.000   -0.073    0.000
    -0.029    0.097   -0.109    0.047    0.036   -0.021    0.000   -0.250
     0.000   -0.047    0.036    0.021    0.029    0.097    0.109    0.000
    -0.074    0.000    0.000    0.128    0.000    0.244    0.088    0.108
    -0.244    0.088   -0.108    0.000    0.155    0.000    0.162    0.109
    -0.311   -0.162    0.109    0.311

 ( 40)
     0.063   -0.001   -0.087    0.000   -0.045    0.000   -0.063   -0.001
     0.087    0.001   -0.014    0.003   -0.001   -0.014   -0.003    0.000
     0.039    0.000    0.000    0.025    0.000    0.000   -0.021    0.000
     0.004   -0.160    0.272    0.013    0.429   -0.054    0.000   -0.101
     0.000   -0.013    0.429    0.054   -0.004   -0.160   -0.272    0.000
     0.104    0.000    0.000   -0.055    0.000   -0.117   -0.041   -0.051
     0.117   -0.041    0.051    0.000    0.031    0.000    0.044    0.028
    -0.084   -0.044    0.028    0.084

 ( 41)
    -0.039    0.058    0.030   -0.017    0.000    0.032   -0.039   -0.058
     0.030   -0.007    0.046    0.040   -0.007   -0.046    0.040    0.024
     0.000   -0.107    0.063    0.000   -0.010    0.016    0.000   -0.049
    -0.011    0.175   -0.251    0.046   -0.220    0.016   -0.036    0.000
     0.055    0.046    0.220    0.016   -0.011   -0.175   -0.251   -0.019
     0.000   -0.120   -0.226    0.000   -0.048    0.129   -0.015    0.205
     0.129    0.015    0.205    0.036    0.000   -0.072    0.025    0.009
    -0.067    0.025   -0.009   -0.067

 ( 42)
    -0.038   -0.094    0.046    0.104    0.000    0.075   -0.038    0.094
     0.046   -0.025   -0.005   -0.022   -0.025    0.005   -0.022   -0.007
     0.000    0.015    0.003    0.000    0.003    0.067    0.000   -0.098
    -0.091   -0.118    0.014   -0.111   -0.181    0.025    0.110    0.000
     0.071   -0.111    0.181    0.025   -0.091    0.118    0.014    0.008
     0.000    0.018    0.040    0.000    0.007   -0.003    0.002   -0.021
    -0.003   -0.002   -0.021   -0.062    0.000    0.039    0.014   -0.005
    -0.255    0.014    0.005   -0.255

 ( 43)
     0.008   -0.089    0.050   -0.143    0.000   -0.060    0.008    0.089
     0.050    0.070    0.044    0.011    0.070   -0.044    0.011   -0.017
     0.000    0.010   -0.051    0.000   -0.018    0.010    0.000   -0.047
     0.016   -0.061   -0.028    0.002   -0.135    0.044   -0.138    0.000
    -0.070    0.002    0.135    0.044    0.016    0.061   -0.028   -0.016
     0.000    0.010   -0.051    0.000   -0.018   -0.059   -0.002   -0.027
    -0.059    0.002   -0.027    0.156    0.000   -0.204    0.063    0.010
     0.068    0.063   -0.010    0.068

 ( 44)
     0.062   -0.036   -0.004    0.036    0.000    0.031    0.062    0.036
    -0.004    0.005   -0.080    0.043    0.005    0.080    0.043   -0.016
     0.000   -0.117   -0.131    0.000   -0.029   -0.012    0.000    0.022
     0.093   -0.003   -0.057    0.115   -0.090    0.000    0.053    0.000
     0.011    0.115    0.090    0.000    0.093    0.003   -0.057   -0.050
     0.000   -0.121   -0.265    0.000   -0.046   -0.113   -0.006    0.042
    -0.113    0.006    0.042   -0.047    0.000    0.060   -0.022    0.000
    -0.007   -0.022    0.000   -0.007

 ( 45)
     0.047   -0.087    0.072    0.000   -0.090    0.000   -0.047   -0.087
    -0.072    0.093    0.060    0.020   -0.093    0.060   -0.020    0.000
     0.026    0.000    0.000    0.037    0.000    0.000    0.038    0.000
     0.011   -0.107    0.066    0.014   -0.060    0.068    0.000   -0.034
     0.000   -0.014   -0.060   -0.068   -0.011   -0.107   -0.066    0.000
     0.030    0.000    0.000    0.036    0.000    0.010    0.046   -0.002
    -0.010    0.046    0.002    0.000    0.085    0.000    0.037    0.085
    -0.085   -0.037    0.085    0.085

 ( 46)
     0.043   -0.008   -0.047    0.057    0.000    0.079    0.043    0.008
    -0.047    0.023    0.096   -0.008    0.023   -0.096   -0.008   -0.074
     0.000    0.059   -0.043    0.000   -0.033   -0.067    0.000    0.049
     0.020    0.030   -0.199    0.075   -0.160   -0.059    0.063    0.000
     0.068    0.075    0.160   -0.059    0.020   -0.030   -0.199   -0.054
     0.000    0.060    0.036    0.000   -0.023   -0.062    0.001   -0.084
    -0.062   -0.001   -0.084   -0.141    0.000    0.128   -0.091   -0.001
    -0.015   -0.091    0.001   -0.015

 ( 47)
    -0.095    0.012    0.069    0.000   -0.053    0.000    0.095    0.012
    -0.069   -0.027   -0.023   -0.043    0.027   -0.023    0.043    0.000
    -0.028    0.000    0.000   -0.025    0.000    0.000    0.105    0.000
    -0.109   -0.051    0.231   -0.193    0.154    0.066    0.000   -0.090
     0.000    0.193    0.154   -0.066    0.109   -0.051   -0.231    0.000
    -0.057    0.000    0.000   -0.037    0.000    0.007   -0.018   -0.008
    -0.007   -0.018    0.008    0.000    0.092    0.000    0.089    0.186
    -0.071   -0.089    0.186    0.071

 ( 48)
     0.003    0.079    0.061    0.078    0.000   -0.031    0.003   -0.079
     0.061    0.029    0.056   -0.011    0.029   -0.056   -0.011   -0.074
     0.000   -0.030   -0.109    0.000   -0.004    0.052    0.000   -0.053
    -0.023    0.019    0.194   -0.049    0.215    0.066    0.093    0.000
    -0.050   -0.049   -0.215    0.066   -0.023   -0.019    0.194   -0.072
     0.000   -0.029   -0.148    0.000   -0.008   -0.104   -0.001    0.017
    -0.104    0.001    0.017    0.037    0.000   -0.036    0.046   -0.001
    -0.066    0.046    0.001   -0.066

 ( 49)
    -0.030   -0.028   -0.029    0.000   -0.045    0.000    0.030   -0.028
     0.029   -0.048    0.066    0.039    0.048    0.066   -0.039    0.000
     0.099    0.000    0.000   -0.139    0.000    0.000    0.022    0.000
    -0.085   -0.031   -0.112    0.010   -0.081   -0.027    0.000   -0.090
     0.000   -0.010   -0.081    0.027    0.085   -0.031    0.112    0.000
     0.147    0.000    0.000   -0.160    0.000   -0.161   -0.244   -0.031
     0.161   -0.244    0.031    0.000    0.014    0.000    0.039    0.057
    -0.030   -0.039    0.057    0.030

 ( 50)
    -0.014   -0.007    0.037   -0.020    0.000    0.065   -0.014    0.007
     0.037    0.059    0.000   -0.087    0.059    0.000   -0.087    0.066
     0.000   -0.065   -0.007    0.000    0.076   -0.120    0.000    0.030
     0.017   -0.009    0.095   -0.107    0.009    0.020    0.001    0.000
     0.036   -0.107   -0.009    0.020    0.017    0.009    0.095    0.130
     0.000   -0.053   -0.129    0.000    0.060    0.021   -0.001    0.148
     0.021    0.001    0.148   -0.167    0.000    0.081   -0.135    0.000
    -0.015   -0.135    0.000   -0.015

 ( 51)
    -0.011    0.016   -0.009    0.000    0.002    0.000    0.011    0.016
     0.009    0.039    0.054   -0.080   -0.039    0.054    0.080    0.000
    -0.001    0.000    0.000   -0.058    0.000    0.000   -0.075    0.000
    -0.013    0.005    0.018   -0.066    0.028   -0.020    0.000   -0.007
     0.000    0.066    0.028    0.020    0.013    0.005   -0.018    0.000
    -0.070    0.000    0.000   -0.460    0.000    0.130    0.116   -0.309
    -0.130    0.116    0.309    0.000   -0.175    0.000    0.047   -0.058
     0.068   -0.047   -0.058   -0.068

 ( 52)
     0.003   -0.001   -0.004    0.000    0.001    0.000   -0.003   -0.001
     0.004    0.006    0.008   -0.012   -0.006    0.008    0.012    0.000
     0.001    0.000    0.000    0.020    0.000    0.000   -0.035    0.000
     0.006    0.003   -0.011   -0.001   -0.007   -0.005    0.000    0.017
     0.000    0.001   -0.007    0.005   -0.006    0.003    0.011    0.000
    -0.016    0.000    0.000    0.201    0.000   -0.064   -0.062    0.138
     0.064   -0.062   -0.138    0.000   -0.582    0.000    0.424    0.221
     0.192   -0.424    0.221   -0.192

 ( 53)
    -0.015    0.028    0.021    0.000    0.005    0.000    0.015    0.028
    -0.021    0.041    0.043   -0.063   -0.041    0.043    0.063    0.000
    -0.008    0.000    0.000   -0.045    0.000    0.000   -0.086    0.000
    -0.016    0.006    0.084   -0.077    0.073    0.014    0.000    0.003
     0.000    0.077    0.073   -0.014    0.016    0.006   -0.084    0.000
    -0.078    0.000    0.000    0.321    0.000   -0.180   -0.245    0.274
     0.180   -0.245   -0.274    0.000    0.059    0.000   -0.155   -0.195
    -0.004    0.155   -0.195    0.004

 ( 54)
     0.016    0.011    0.056    0.004    0.000   -0.017    0.016   -0.011
     0.056    0.017   -0.014    0.052    0.017    0.014    0.052    0.006
     0.000   -0.004    0.069    0.000   -0.116   -0.140    0.000   -0.073
     0.015   -0.002    0.092    0.022    0.063    0.063    0.066    0.000
    -0.095    0.022   -0.063    0.063    0.015    0.002    0.092   -0.078
     0.000   -0.018    0.164    0.000   -0.103    0.047    0.000   -0.169
     0.047    0.000   -0.169   -0.212    0.000    0.005   -0.160    0.000
    -0.136   -0.160    0.000   -0.136

 ( 55)
    -0.072   -0.100   -0.022   -0.033   -0.116    0.025    0.001   -0.100
     0.054   -0.061   -0.041   -0.033    0.006   -0.041    0.036   -0.032
    -0.032   -0.007   -0.023    0.029   -0.022   -0.016   -0.088    0.032
    -0.096   -0.106   -0.044   -0.088   -0.127   -0.028   -0.041   -0.163
     0.036   -0.009   -0.127    0.055    0.031   -0.106    0.088   -0.045
    -0.060   -0.009   -0.011    0.058   -0.020    0.000    0.040   -0.002
    -0.053    0.040   -0.057   -0.007   -0.041    0.022   -0.040   -0.101
     0.012    0.012   -0.101    0.066

 ( 56)
     0.012   -0.012    0.036   -0.035    0.013    0.003   -0.077   -0.012
    -0.017    0.003   -0.071    0.042   -0.079   -0.071   -0.007   -0.035
    -0.089    0.023   -0.040   -0.152    0.032   -0.045    0.002   -0.001
     0.042    0.001    0.052    0.023    0.004    0.040   -0.030    0.059
    -0.003   -0.074    0.004   -0.018   -0.112    0.001   -0.041   -0.027
    -0.072    0.024   -0.048   -0.170    0.031   -0.071   -0.169    0.017
    -0.006   -0.169    0.055   -0.050   -0.044    0.005   -0.014    0.020
     0.014   -0.078    0.020   -0.024

 ( 57)
     0.002   -0.016   -0.096    0.000   -0.020   -0.121    0.013   -0.016
    -0.102   -0.016   -0.013   -0.064   -0.007   -0.013   -0.070   -0.001
    -0.009   -0.048   -0.021   -0.005   -0.014   -0.037   -0.026   -0.135
    -0.010   -0.019   -0.107    0.030   -0.012   -0.090    0.018   -0.022
    -0.143    0.041   -0.012   -0.097    0.008   -0.019   -0.119    0.028
    -0.005   -0.043   -0.049   -0.009   -0.018   -0.010   -0.002    0.000
    -0.018   -0.002    0.004   -0.056   -0.025   -0.114   -0.046   -0.029
    -0.149   -0.038   -0.029   -0.154

 ( 58)
     0.003   -0.003   -0.074   -0.019    0.031    0.015   -0.057   -0.003
     0.052    0.023    0.005   -0.107   -0.032    0.005    0.009   -0.017
    -0.034   -0.071    0.006   -0.027   -0.112    0.025    0.117    0.031
     0.034    0.026   -0.104   -0.028   -0.063   -0.087   -0.040    0.017
     0.042   -0.093   -0.063    0.051   -0.069    0.026    0.115   -0.051
    -0.094   -0.077    0.039    0.033   -0.107   -0.023   -0.054   -0.085
     0.020   -0.054   -0.176    0.048    0.136    0.006    0.052    0.142
     0.005    0.009    0.142    0.096

 ( 59)
     0.032   -0.021   -0.068    0.013    0.000   -0.032    0.015   -0.021
     0.069    0.003    0.011   -0.014   -0.013    0.011    0.111    0.011
    -0.017    0.077   -0.018    0.016    0.128   -0.043    0.082   -0.053
     0.026    0.000   -0.139    0.075   -0.082   -0.066    0.040   -0.032
    -0.066    0.057   -0.082    0.083   -0.004    0.000    0.098    0.054
    -0.079    0.084   -0.061    0.077    0.122   -0.015   -0.002    0.201
    -0.002   -0.002    0.103   -0.072    0.118   -0.022   -0.044    0.097
    -0.127   -0.056    0.097   -0.029

 ( 60)
    -0.089    0.044    0.010   -0.079    0.035    0.001   -0.068    0.044
    -0.006   -0.089    0.049    0.011   -0.070    0.049   -0.004   -0.079
     0.058    0.005   -0.080    0.064    0.006   -0.081    0.022    0.000
    -0.097    0.037    0.015   -0.088    0.053    0.011   -0.078    0.032
     0.000   -0.066    0.053   -0.006   -0.061    0.037   -0.013   -0.077
     0.066    0.005   -0.081    0.055    0.006   -0.072    0.070    0.001
    -0.087    0.070    0.013   -0.082    0.023    0.001   -0.088    0.015
     0.005   -0.074    0.015   -0.007


 ==============================================================================
                      STATISTICAL THERMODYNAMICS ANALYSIS
 ==============================================================================

  Structure name    : 2,5-dimethyl-1,3-dioxane-eq,ax                              
  Temperature       :   298.16 K
  Symmetry number   :   1
  Optical isomers   :   1
  Zero Point Energy :  108.963 Kcal/mol


                     ENERGY   ENTHALPY    ENTROPY  FREE ENERGY   HEAT CAPACITY
                  (Kcal/mol) (Kcal/mol)     (eu)   (Kcal/mol)    (cal/mol/deg)
  Translational       0.889      1.481     40.145    -10.488         4.967
     Rotational       0.889      0.889     28.014     -7.464         2.980
    Vibrational     112.330%   112.330%    18.386*   106.848%       25.677*
      Potential       5.097#     5.097#     0.000      5.097#        0.000
         Mixing       0.000      0.000      0.000      0.000         0.000
          Total     119.204    119.796     86.545     93.992        33.625

  Enthalpy Function (H-Ho)/T     =   19.24 cal/mol/deg
  Free Energy Function -(G-Ho)/T =   67.30 cal/mol/deg

  % Includes zero point energy (ZPE).
  * Excludes contribution from frequencies lower than 40 (1/cm).
  # Includes steric energy (SE).
    Internal rotation contributions are not considered

  This structure has   0 imaginary frequencies,
                       0 free internal rotation (fir) frequencies
                         (>= 0,< 10 /cm),
                       0 restricted internal rotation (rir) frequencies
                         (>= 10,< 40 /cm),
                       6 zero frequencies, and
                      54 real frequencies.


      FINAL STERIC ENERGY IS      5.0968 KCAL/MOL.


                COMPRESSION       0.3139
                BENDING           1.0347
                BEND-BEND        -0.0965
                STRETCH-BEND      0.0873
                VANDERWAALS
                  1,4 ENERGY      7.4719
                  OTHER           0.0441
                H-BONDING         0.0000
                PI-COMPLX         0.0000

                TORSIONAL        -1.6327
                TORSION-STRETCH  -0.0134
                DIPOLE-DIPOLE    -2.1125
                CHARGE-DIPOLE     0.0000
                CHARGE-CHARGE     0.0000

      -----------------------------------------------------------------

      COORDINATES TRANSLATED TO NEW ORIGIN WHICH IS CENTER OF MASS
         C(   1)    -0.70276     1.24700    -0.61328   (  1)
         C(   2)    -1.54808     0.00000    -0.34599   (  1)
         C(   3)    -0.70276    -1.24700    -0.61328   (  1)
         O(   4)     0.52776     1.14495     0.11801   (  6)
         O(   5)     0.52776    -1.14495     0.11801   (  6)
         C(   6)     1.25613     0.00000    -0.29344   (  1)
         C(   7)     2.57773     0.00000     0.46337   (  1)
         C(   8)    -2.09009     0.00000     1.09055   (  1)
         H(   9)    -1.24194     2.16340    -0.29517   (  5)
         H(  10)    -0.48795     1.35893    -1.70449   (  5)
         H(  11)    -2.41872     0.00000    -1.04358   (  5)
         H(  12)    -0.48795    -1.35893    -1.70449   (  5)
         H(  13)    -1.24194    -2.16340    -0.29517   (  5)
         H(  14)     1.44741     0.00000    -1.40023   (  5)
         H(  15)     2.42530     0.00000     1.56445   (  5)
         H(  16)     3.18883    -0.89414     0.21362   (  5)
         H(  17)     3.18883     0.89414     0.21362   (  5)
         H(  18)    -1.27363     0.00000     1.84609   (  5)
         H(  19)    -2.72227     0.89446     1.28763   (  5)
         H(  20)    -2.72227    -0.89446     1.28763   (  5)

      MOMENT OF INERTIA WITH THE PRINCIPAL AXES

          (1)  UNIT = 10**(-39) GM*CM**2
               IX=   23.7220    IY=   50.2175    IZ=   58.2545

          (2)  UNIT = AU A**2
               IX=  142.8730    IY=  302.4503    IZ=  350.8554



      MOLECULAR POLARIZABILITIES (A**3)
        ALPHA(1)   =      15.90
        ALPHA(2)   =      14.51
        ALPHA(3)   =      13.36
        AVG. ALPHA =      14.59



      DIPOLE MOMENT =          2.037 D


        COMPONENTS WITH PRINCIPAL AXES

                          X =  0.8045    Y =  0.0000    Z =  1.8714


      E (INDP/INDP) =          0.061 KCAL/MOLE
      DIPOLE MOMENT =          1.563 D (INCLUDES INDUCED BOND MOMENTS)
      *NOTE*  E (INDP/INDP) IS NOT INCLUDED IN THE FINAL STERIC ENERGY

        COMPONENTS WITH PRINCIPAL AXES

                          X =  1.0089    Y =  0.0000    Z =  1.1943



      TOTAL ATOMIC CHARGE ON EACH ATOM (in ELECTRON CHARGE)

           C(    1):          0.176
           C(    2):          0.006
           C(    3):          0.176
           O(    4):         -0.385
           O(    5):         -0.385
           C(    6):          0.330
           C(    7):          0.002
           C(    8):          0.003
           H(    9):          0.005
           H(   10):          0.005
           H(   11):          0.008
           H(   12):          0.005
           H(   13):          0.005
           H(   14):          0.002
           H(   15):          0.011
           H(   16):          0.011
           H(   17):          0.011
           H(   18):          0.006
           H(   19):          0.004
           H(   20):          0.004

      -----------------------------------------------------------------

        END OF 2,5-dimethyl-1,3-dioxane-eq,ax                              


           TOTAL CPU TIME IS      0.13 SECONDS.

           THIS JOB COMPLETED AT    18:43:09
