1
               ---------------------------------------------
               WARNING : INCORRECT ATOM TYPES GIVEN IN INPUT
                         DATA ARE CORRECTED AS FOLLOWS
               ---------------------------------------------


             Atom type of atom    1 is replaced by   1 (was   0)
             Atom type of atom    2 is replaced by   1 (was   0)
             Atom type of atom    3 is replaced by   1 (was   0)
             Atom type of atom    4 is replaced by   6 (was   0)
             Atom type of atom    5 is replaced by   1 (was   0)
             Atom type of atom    6 is replaced by   1 (was   0)
             Atom type of atom    7 is replaced by   5 (was   0)
             Atom type of atom    8 is replaced by   5 (was   0)
             Atom type of atom    9 is replaced by   5 (was   0)
             Atom type of atom   10 is replaced by   5 (was   0)
             Atom type of atom   11 is replaced by   5 (was   0)
             Atom type of atom   12 is replaced by   5 (was   0)
             Atom type of atom   13 is replaced by   5 (was   0)
             Atom type of atom   14 is replaced by   5 (was   0)
             Atom type of atom   15 is replaced by   5 (was   0)
             Atom type of atom   16 is replaced by   1 (was   0)
             Atom type of atom   17 is replaced by   5 (was   0)
             Atom type of atom   18 is replaced by   5 (was   0)
             Atom type of atom   19 is replaced by   5 (was   0)
1     2-Me-THP-eq                                                 

               CHEMICAL FORMULA :  C(   6)  H(  12)  O(   1) 
               FORMULA WEIGHT   :    100.091
                                                               DATE 30-MAY-23
                                                               TIME  19:00:35


          THE COORDINATES OF   19 ATOMS ARE READ IN.
          SOME CONSTANTS WILL BE READ IN.

      CONFORMATIONAL ENERGY, PART 1:  GEOMETRY AND STERIC ENERGY
                                      OF INITIAL CONFORMATION.


      CONNECTED ATOMS
         1-   2-   3-   5-   6-  16-
         1-   4-   6-

      ATTACHED ATOMS
         1-   7,   1-   8,   2-   9,   2-  10,   3-  11,   3-  12,   5-  13,
         5-  14,   6-  15,  16-  17,  16-  18,  16-  19,

      INITIAL ATOMIC COORDINATES
           ATOM         X           Y           Z       TYPE
         C(   1)     0.98516     1.26638     0.21809   (  1)
         C(   2)     1.85284     0.11311    -0.28497   (  1)
         C(   3)     1.26335    -1.21703     0.20180   (  1)
         O(   4)    -0.37606     1.12998    -0.20548   (  6)
         C(   5)    -0.22274    -1.29907    -0.17330   (  1)
         C(   6)    -0.95797    -0.05878     0.34378   (  1)
         H(   7)     1.33758     2.23790    -0.19121   (  5)
         H(   8)     1.02490     1.35452     1.33681   (  5)
         H(   9)     2.89659     0.24742     0.07541   (  5)
         H(  10)     1.87844     0.13168    -1.39727   (  5)
         H(  11)     1.37521    -1.29384     1.30751   (  5)
         H(  12)     1.82112    -2.07267    -0.24223   (  5)
         H(  13)    -0.69131    -2.21156     0.25690   (  5)
         H(  14)    -0.32886    -1.35952    -1.27900   (  5)
         H(  15)    -0.89872    -0.00745     1.46609   (  5)
         C(  16)    -2.41962    -0.04995    -0.09146   (  1)
         H(  17)    -2.96730    -0.93377     0.30010   (  5)
         H(  18)    -2.93658     0.86194     0.27804   (  5)
         H(  19)    -2.51180    -0.05167    -1.19870   (  5)


          DIELECTRIC CONSTANT =  1.500


      INITIAL STERIC ENERGY IS     10.2960 KCAL/MOL.

                  COMPRESSION       0.5614
                  BENDING           1.2156
                  BEND-BEND         0.0130
                  STRETCH-BEND      0.0997
                  VANDERWAALS
                    1,4 ENERGY      6.7711
                    OTHER          -0.1366
                  H-BONDING         0.0000
                  PI-COMPLX         0.0000

                  TORSIONAL         1.7784
                  TORSION-STRETCH  -0.0067
                  DIPOLE-DIPOLE     0.0000
                  CHARGE-DIPOLE     0.0000
                  CHARGE-CHARGE     0.0000


      MOLECULAR POLARIZABILITIES (A**3)
        ALPHA(1)   =      14.90
        ALPHA(2)   =      13.78
        ALPHA(3)   =      11.60
        AVG. ALPHA =      13.42



      DIPOLE MOMENT =          1.332 D


      E (INDP/INDP) =          0.317 KCAL/MOLE
      DIPOLE MOMENT =          1.489 D (INCLUDES INDUCED BOND MOMENTS)
      *NOTE*  E (INDP/INDP) IS NOT INCLUDED IN THE INITIAL STERIC ENERGY

      CPU TIME FOR INITIAL CALCULATION IS     0.02 SECONDS.


1     2-Me-THP-eq                                                 


     CONFORMATIONAL ENERGY, PART 2: GEOMETRY MINIMIZATION

               GEOMETRY OPTIMIZATION IS CONTINUED UNTIL ATOM
               MOVEMENT CONVERGES WITHIN FOLLOWING VALUES:

                         AVERAGE MOVEMENT  0.00013 A
                         MAXIMUM MOVEMENT  0.00131 A



     <<<<<<<<<<<<<<<<<<<<<<<<<<  C Y C L E   1 >>>>>>>>>>>>>>>>>>>>>>>>>>

                              (CH)-MOVEMENT = 1

       ITER    1   AVG. MOVE = 0.00701 A   (MAX MOVE : ATOM    4   0.06376 A)  
       ITER    2   AVG. MOVE = 0.00169 A   (MAX MOVE : ATOM   17   0.01458 A)  
       ITER    3   AVG. MOVE = 0.00090 A   (MAX MOVE : ATOM   17   0.00546 A)  
       ITER    4   AVG. MOVE = 0.00056 A   (MAX MOVE : ATOM   11   0.00292 A)  
       ITER    5   AVG. MOVE = 0.00035 A   (MAX MOVE : ATOM   11   0.00202 A)  
       ITER    6   AVG. MOVE = 0.00024 A   (MAX MOVE : ATOM   11   0.00140 A)  
       ITER    7   AVG. MOVE = 0.00017 A   (MAX MOVE : ATOM   11   0.00100 A)  
       ITER    8   AVG. MOVE = 0.00014 A   (MAX MOVE : ATOM   11   0.00073 A)  
       ITER    9   AVG. MOVE = 0.00012 A   (MAX MOVE : ATOM   11   0.00054 A)  


     <<<<<<<<<<<<<<<<<<<<<<<<<<  C Y C L E   2 >>>>>>>>>>>>>>>>>>>>>>>>>>

                              (CH)-MOVEMENT = 0

       ITER   10   AVG. MOVE = 0.00006 A   (MAX MOVE : ATOM   13   0.00035 A)  


              * * * * * * * * * GEOMETRY IS OPTIMIZED * * * * * * * * *

               WITHIN : AVERAGE MOVEMENT  0.00006 A (LIMIT  0.00013 A)
                        MAXIMUM MOVEMENT  0.00035 A (LIMIT  0.00131 A)

               GRADIENT
                  RMS GRADIENT                0.010644 KCAL/MOL/A

                  MAX GRADIENT
                    X-DIRECTION : ATOM #   1   0.023758 KCAL/MOL/A
                    Y-DIRECTION : ATOM #   1   0.017657 KCAL/MOL/A
                    Z-DIRECTION : ATOM #   2   0.026254 KCAL/MOL/A

        DELTA TIME =    0.00 SEC.       TOTAL CPU TIME =      0.02 SEC.


                            =====================
                            FULL-MATRIX OPTIMIZER
                            =====================


     iter.  rms force   max force   avg. move    max move  atom  convg  d-time

        0    0.018905    0.071916   0.00064 A   0.00404 A   18    [N]     0.0s
        1    0.000927    0.003335   0.00000 A   0.00001 A    8    [N]     0.0s
        2    0.000044    0.000129                                 [Y]     0.0s


      TOTAL ENERGY IS      9.6338 KCAL/MOL.

        COMPRESS    0.2787      VDW 1,4    6.7990      DIPL-DIPL    0.0000
        BENDING     0.8646        OTHER   -0.1998      CHRG-DIPL    0.0000
        STR-BEND    0.0829      TORSION    1.8429      CHRG-CHRG    0.0000
        BEND-BEND  -0.0281      TOR-STR   -0.0064      EPR          0.0000
        H-BONDING   0.0000      PI-CMPL    0.0000
0     DELTA(T) =     0.0 SEC.          ELAPSED TIME =     0.0 SEC.


    * * * ENERGY IS MINIMIZED WITHIN RMS OF FORCES   0.00004  Kcal/mol/A * * *

                 * * * *  RMS FORCE IS   0.00004 Kcal/mol/A * * * *

1     2-Me-THP-eq                                                 

               CHEMICAL FORMULA :  C(   6)  H(  12)  O(   1) 
               FORMULA WEIGHT   :    100.091
                                                               DATE : 30-MAY-23

           * M M 3 * * * * * * * * * * * 2 0 0 0 *
           *                                     *   PARAMETER RELIABILITY
           *                                     *
           *                                     *   BLANK = GOOD
           *                                     *       B = FAIR
           *                                     *       C = TRIAL
           *                                     *       R = READ IN
           *                                     *       S = SUBSTITUTED
           *                                     *       U = PARAMETER NOT EXIST
           *                                     *
           *                                     *   THIS IS SHOWN AT THE END 
           *                                     *   OF THE LINE.
           * * * * * * * * * * * * * * * * * * * * 


      CONFORMATIONAL ENERGY, PART 3:  GEOMETRY AND STERIC ENERGY
                                      OF FINAL CONFORMATION.

      CONNECTED ATOMS
         1-   2-   3-   5-   6-  16-
         1-   4-   6-

      ATTACHED ATOMS
         1-   7,   1-   8,   2-   9,   2-  10,   3-  11,   3-  12,   5-  13,
         5-  14,   6-  15,  16-  17,  16-  18,  16-  19,

      FINAL ATOMIC COORDINATE
           ATOM         X           Y           Z       TYPE
         C(   1)    -0.99714     1.27289    -0.21695   (  1)
         C(   2)    -1.84411     0.10222     0.27907   (  1)
         C(   3)    -1.25385    -1.22769    -0.19515   (  1)
         O(   4)     0.34914     1.11290     0.21026   (  6)
         C(   5)     0.23278    -1.28590     0.16527   (  1)
         C(   6)     0.96545    -0.04322    -0.34908   (  1)
         H(   7)    -1.39048     2.22758     0.19193   (  5)
         H(   8)    -1.03836     1.35499    -1.33061   (  5)
         H(   9)    -2.89156     0.20638    -0.08336   (  5)
         H(  10)    -1.88500     0.11713     1.39191   (  5)
         H(  11)    -1.37617    -1.32031    -1.29906   (  5)
         H(  12)    -1.80016    -2.08223     0.26613   (  5)
         H(  13)     0.69005    -2.20446    -0.26631   (  5)
         H(  14)     0.34406    -1.35925     1.27066   (  5)
         H(  15)     0.92161    -0.00388    -1.46720   (  5)
         C(  16)     2.42843    -0.03579     0.09482   (  1)
         H(  17)     2.97700    -0.91892    -0.29933   (  5)
         H(  18)     2.96026     0.87003    -0.27048   (  5)
         H(  19)     2.52521    -0.05256     1.20235   (  5)


          DIELECTRIC CONSTANT =  1.500


      BOND LENGTHS AND STRETCHING ENERGY   (   19 BONDS)

        ENERGY = 71.94(KS)(DR)(DR)(1-(CS)(DR)+(7/12)((CS)(DR))**2)
                          DR = R-RO
                          CS =  2.550
                                                         R(0)-CORR        CORR
          BOND        LENGTH   R(0)    K(S)  ENERGY   E-NEG   MISCEL       KS
    C(   1)- C(   2)  1.5277  1.5177  4.490  0.0315 -0.0070                     
    C(   1)- O(   4)  1.4215  1.4130  5.700  0.0288                             
    C(   1)- H(   7)  1.1106  1.1092  4.770  0.0006 -0.0028  0.0000  BH  0.090  
    C(   1)- H(   8)  1.1174  1.1161  4.544  0.0006 -0.0028  0.0069  BH -0.136  
    C(   2)- C(   3)  1.5303  1.5219  4.490  0.0225 -0.0028                     
    C(   2)- H(   9)  1.1133  1.1109  4.716  0.0019 -0.0011              0.036  
    C(   2)- H(  10)  1.1137  1.1109  4.716  0.0027 -0.0011              0.036  
    C(   3)- C(   5)  1.5308  1.5219  4.490  0.0250 -0.0028                     
    C(   3)- H(  11)  1.1145  1.1120  4.680  0.0021                             
    C(   3)- H(  12)  1.1142  1.1120  4.680  0.0016                             
    O(   4)- C(   6)  1.4245  1.4130  5.700  0.0530                             
    C(   5)- C(   6)  1.5315  1.5177  4.490  0.0597 -0.0070                     
    C(   5)- H(  13)  1.1132  1.1109  4.716  0.0017 -0.0011              0.036  
    C(   5)- H(  14)  1.1134  1.1109  4.716  0.0021 -0.0011              0.036  
    C(   6)- H(  15)  1.1197  1.1160  4.678  0.0045 -0.0028  0.0068  BH -0.132  
    C(   6)- C(  16)  1.5289  1.5177  4.490  0.0391 -0.0070                     
    C(  16)- H(  17)  1.1118  1.1109  4.786  0.0003 -0.0011              0.036  
    C(  16)- H(  18)  1.1121  1.1109  4.786  0.0005 -0.0011              0.036  
    C(  16)- H(  19)  1.1119  1.1109  4.786  0.0003 -0.0011              0.036  


      NON-BONDED DISTANCES, VDW AND EPR ENERGY   (    115 PAIRS)

              E(VDW) = KV*(1.84(10**5)EXP(-12.00/P) - 2.25(P**6))
              E(EPR) = C*KV*(1.84(10**5)EXP(-12.00/Q) - 2.25(Q**6))
              E(HBD) = EP1-EP2*COS(THETA)*RTH/RTH0
                            EP1 = KHB*1.84(10**5)*EXP(-12.0/P)
                            EP2 = KHB*2.25(P**6)

            IF P > 3.020, THEN,
              E(VDW) = KV(192.270)(P**2)
              E(HBD) = EP1-EP2*COS(THETA)*RTH/RTH0
                            EP1 = KHB*(192.270*P**2+1706.96)
                            EP2 = KHB*1706.96

               WHERE   RV = RVDW(I) + RVDW(K)
                       KV = SQRT(EPS(I)*EPS(K))
                      KHB = EPS/DIELEC  FOR HYDROGEN BOND
                        P = (RV/R) OR (RV/R#)
                        C = SCALE FACTOR
                        Q = RV/R, WHERE R IS MODIFIED DISTANCE
                    THETA = ANGLE H-X-Y IN HYDROGEN BOND X-H...Y
                      RTH = BOND LENGTH X-H IN X-H...Y
                     RTH0 = NATURAL BOND LENGTH X-H

          # IN THE VDW CALCULATIONS THE HYDROGEN ATOMS ARE RELOCATED
          SO THAT THE ATTACHED HYDROGEN DISTANCE IS REDUCED BY 0.923

          # IN THE VDW CALCULATIONS THE DEUTERIUM ATOMS ARE RELOCATED
          SO THAT THE ATTACHED DEUTERIUM DISTANCE IS REDUCED BY  0.923

         ATOM PAIR          R       R#       RV      KV       ENERGY
      C(   1), C(   3)   2.5138
      C(   1), C(   5)   2.8646            4.080   0.0270     0.5820  1,4       
      C(   1), C(   6)   2.3667
      C(   1), H(   9)   2.1781
      C(   1), H(  10)   2.1708
      C(   1), H(  11)   2.8354   2.7962   3.560   0.0230     0.1209  1,4       
      C(   1), H(  12)   3.4835   3.4057   3.560   0.0230    -0.0238  1,4       
      C(   1), H(  13)   3.8654   3.7861   3.560   0.0230    -0.0236            
      C(   1), H(  14)   3.3076   3.2621   3.560   0.0230    -0.0164            
      C(   1), H(  15)   2.6220   2.5861   3.560   0.0230     0.3409  1,4       
      C(   1), C(  16)   3.6803            4.080   0.0270    -0.0139  1,4       
      C(   1), H(  17)   4.5392   4.4691   3.560   0.0230    -0.0120            
      C(   1), H(  18)   3.9782   3.9449   3.560   0.0230    -0.0208            
      C(   1), H(  19)   4.0222   3.9859   3.560   0.0230    -0.0201            
      C(   2), O(   4)   2.4159
      C(   2), C(   5)   2.5007
      C(   2), C(   6)   2.8826            4.080   0.0270     0.5447  1,4       
      C(   2), H(   7)   2.1750
      C(   2), H(   8)   2.1931
      C(   2), H(  11)   2.1756
      C(   2), H(  12)   2.1849
      C(   2), H(  13)   3.4699   3.3921   3.560   0.0230    -0.0234  1,4       
      C(   2), H(  14)   2.8120   2.7734   3.560   0.0230     0.1371  1,4       
      C(   2), H(  15)   3.2726   3.2305   3.560   0.0230    -0.0137            
      C(   2), C(  16)   4.2787            4.080   0.0270    -0.0287            
      C(   2), H(  17)   4.9619   4.9037   3.560   0.0230    -0.0073            
      C(   2), H(  18)   4.8963   4.8424   3.560   0.0230    -0.0078            
      C(   2), H(  19)   4.4685   4.4443   3.560   0.0230    -0.0124            
      C(   3), O(   4)   2.8657            3.860   0.0399     0.4564  1,4       
      C(   3), C(   6)   2.5203
      C(   3), H(   7)   3.4796   3.4021   3.560   0.0230    -0.0237  1,4       
      C(   3), H(   8)   2.8295   2.7906   3.560   0.0230     0.1248  1,4       
      C(   3), H(   9)   2.1797
      C(   3), H(  10)   2.1739
      C(   3), H(  13)   2.1767
      C(   3), H(  14)   2.1724
      C(   3), H(  15)   2.8015   2.7648   3.560   0.0230     0.1436  1,4       
      C(   3), C(  16)   3.8812            4.080   0.0270    -0.0272  1,4       
      C(   3), H(  17)   4.2434   4.2062   3.560   0.0230    -0.0161            
      C(   3), H(  18)   4.7080   4.6401   3.560   0.0230    -0.0099            
      C(   3), H(  19)   4.1971   4.1630   3.560   0.0230    -0.0168            
      O(   4), C(   5)   2.4020
      O(   4), H(   7)   2.0662
      O(   4), H(   8)   2.0876
      O(   4), H(   9)   3.3779   3.3004   3.440   0.0344    -0.0359  1,4       
      O(   4), H(  10)   2.7165   2.6781   3.440   0.0344     0.2068  1,4       
      O(   4), H(  11)   3.3429   3.2953   3.440   0.0344    -0.0357            
      O(   4), H(  12)   3.8512   3.7727   3.440   0.0344    -0.0322            
      O(   4), H(  13)   3.3687   3.2910   3.440   0.0344    -0.0355  1,4       
      O(   4), H(  14)   2.6900   2.6524   3.440   0.0344     0.2382  1,4       
      O(   4), H(  15)   2.0949
      O(   4), C(  16)   2.3783
      O(   4), H(  17)   3.3606   3.2820   3.440   0.0344    -0.0351  1,4       
      O(   4), H(  18)   2.6661   2.6284   3.440   0.0344     0.2704  1,4       
      O(   4), H(  19)   2.6604   2.6231   3.440   0.0344     0.2780  1,4       
      C(   5), H(   7)   3.8704   3.7909   3.560   0.0230    -0.0236            
      C(   5), H(   8)   3.2906   3.2461   3.560   0.0230    -0.0151            
      C(   5), H(   9)   3.4713   3.3935   3.560   0.0230    -0.0234  1,4       
      C(   5), H(  10)   2.8210   2.7819   3.560   0.0230     0.1309  1,4       
      C(   5), H(  11)   2.1758
      C(   5), H(  12)   2.1857
      C(   5), H(  15)   2.1870
      C(   5), C(  16)   2.5276
      C(   5), H(  17)   2.8074   2.7710   3.560   0.0230     0.1389  1,4       
      C(   5), H(  18)   3.5039   3.4257   3.560   0.0230    -0.0243  1,4       
      C(   5), H(  19)   2.8021   2.7661   3.560   0.0230     0.1426  1,4       
      C(   6), H(   7)   3.3166   3.2398   3.560   0.0230    -0.0146  1,4       
      C(   6), H(   8)   2.6332   2.5966   3.560   0.0230     0.3252  1,4       
      C(   6), H(   9)   3.8742   3.7954   3.560   0.0230    -0.0235            
      C(   6), H(  10)   3.3439   3.2973   3.560   0.0230    -0.0189            
      C(   6), H(  11)   2.8314   2.7929   3.560   0.0230     0.1232  1,4       
      C(   6), H(  12)   3.4906   3.4128   3.560   0.0230    -0.0240  1,4       
      C(   6), H(  13)   2.1803
      C(   6), H(  14)   2.1775
      C(   6), H(  17)   2.1945
      C(   6), H(  18)   2.1953
      C(   6), H(  19)   2.2000
      H(   7), H(   8)   1.7898
      H(   7), H(   9)   2.5326   2.4446   3.240   0.0200     0.1863  1,4       
      H(   7), H(  10)   2.4776   2.3956   3.240   0.0200     0.2405  1,4       
      H(   7), H(  11)   3.8485   3.7298   3.240   0.0200    -0.0157            
      H(   7), H(  12)   4.3299   4.1900   3.240   0.0200    -0.0089            
      H(   7), H(  13)   4.9175   4.7540   3.240   0.0200    -0.0044            
      H(   7), H(  14)   4.1277   4.0286   3.240   0.0200    -0.0110            
      H(   7), H(  15)   3.6163   3.5026   3.240   0.0200    -0.0196            
      H(   7), C(  16)   4.4403   4.3765   3.560   0.0230    -0.0133            
      H(   7), H(  17)   5.4052   5.2594   3.240   0.0200    -0.0024            
      H(   7), H(  18)   4.5810   4.5066   3.240   0.0200    -0.0060            
      H(   7), H(  19)   4.6425   4.5626   3.240   0.0200    -0.0056            
      H(   8), H(   9)   2.5118   2.4272   3.240   0.0200     0.2043  1,4       
      H(   8), H(  10)   3.1083   2.9571   3.240   0.0200    -0.0134  1,4       
      H(   8), H(  11)   2.6967   2.6826   3.240   0.0200     0.0385            
      H(   8), H(  12)   3.8658   3.7448   3.240   0.0200    -0.0154            
      H(   8), H(  13)   4.0975   4.0009   3.240   0.0200    -0.0113            
      H(   8), H(  14)   4.0056   3.8843   3.240   0.0200    -0.0131            
      H(   8), H(  15)   2.3889   2.3871   3.240   0.0200     0.2509            
      H(   8), C(  16)   3.9981   3.9633   3.560   0.0230    -0.0205            
      H(   8), H(  17)   4.7283   4.6423   3.240   0.0200    -0.0051            
      H(   8), H(  18)   4.1651   4.1163   3.240   0.0200    -0.0098            
      H(   8), H(  19)   4.5931   4.4902   3.240   0.0200    -0.0061            
      H(   9), H(  10)   1.7882
      H(   9), H(  11)   2.4709   2.3901   3.240   0.0200     0.2472  1,4       
      H(   9), H(  12)   2.5595   2.4689   3.240   0.0200     0.1633  1,4       
      H(   9), H(  13)   4.3213   4.1811   3.240   0.0200    -0.0091            
      H(   9), H(  14)   3.8411   3.7214   3.240   0.0200    -0.0158            
      H(   9), H(  15)   4.0620   3.9694   3.240   0.0200    -0.0118            
      H(   9), C(  16)   5.3285   5.2467   3.560   0.0230    -0.0050            
      H(   9), H(  17)   5.9794   5.8446   3.240   0.0200    -0.0013            
      H(   9), H(  18)   5.8923   5.7648   3.240   0.0200    -0.0014            
      H(   9), H(  19)   5.5733   5.4619   3.240   0.0200    -0.0020            
      H(  10), H(  11)   3.0930   2.9427   3.240   0.0200    -0.0122  1,4       
      H(  10), H(  12)   2.4722   2.3915   3.240   0.0200     0.2454  1,4       
      H(  10), H(  13)   3.8432   3.7236   3.240   0.0200    -0.0158            
      H(  10), H(  14)   2.6764   2.6629   3.240   0.0200     0.0457            
      H(  10), H(  15)   4.0083   3.8878   3.240   0.0200    -0.0130            
      H(  10), C(  16)   4.5068   4.4799   3.560   0.0230    -0.0119            
      H(  10), H(  17)   5.2510   5.1591   3.240   0.0200    -0.0027            
      H(  10), H(  18)   5.1775   5.0909   3.240   0.0200    -0.0030            
      H(  10), H(  19)   4.4175   4.4068   3.240   0.0200    -0.0068            
      H(  11), H(  12)   1.7917
      H(  11), H(  13)   2.4734   2.3922   3.240   0.0200     0.2447  1,4       
      H(  11), H(  14)   3.0926   2.9423   3.240   0.0200    -0.0121  1,4       
      H(  11), H(  15)   2.6535   2.6432   3.240   0.0200     0.0536            
      H(  11), C(  16)   4.2506   4.2129   3.560   0.0230    -0.0160            
      H(  11), H(  17)   4.4845   4.4283   3.240   0.0200    -0.0066            
      H(  11), H(  18)   4.9659   4.8766   3.240   0.0200    -0.0038            
      H(  11), H(  19)   4.8047   4.7028   3.240   0.0200    -0.0047            
      H(  12), H(  13)   2.5494   2.4599   3.240   0.0200     0.1716  1,4       
      H(  12), H(  14)   2.4758   2.3947   3.240   0.0200     0.2416  1,4       
      H(  12), H(  15)   3.8382   3.7195   3.240   0.0200    -0.0158            
      H(  12), C(  16)   4.7009   4.6334   3.560   0.0230    -0.0099            
      H(  12), H(  17)   4.9492   4.8612   3.240   0.0200    -0.0039            
      H(  12), H(  18)   5.6272   5.4805   3.240   0.0200    -0.0019            
      H(  12), H(  19)   4.8688   4.7886   3.240   0.0200    -0.0042            
      H(  13), H(  14)   1.7878
      H(  13), H(  15)   2.5176   2.4319   3.240   0.0200     0.1993  1,4       
      H(  13), C(  16)   2.8028   2.7667   3.560   0.0230     0.1421  1,4       
      H(  13), H(  17)   2.6237   2.6163   3.240   0.0200     0.0655            
      H(  13), H(  18)   3.8218   3.7063   3.240   0.0200    -0.0161            
      H(  13), H(  19)   3.1868   3.1032   3.240   0.0200    -0.0208            
      H(  14), H(  15)   3.1091   2.9578   3.240   0.0200    -0.0134  1,4       
      H(  14), C(  16)   2.7347   2.7031   3.560   0.0230     0.1971  1,4       
      H(  14), H(  17)   3.0970   3.0207   3.240   0.0200    -0.0176            
      H(  14), H(  18)   3.7669   3.6543   3.240   0.0200    -0.0170            
      H(  14), H(  19)   2.5435   2.5423   3.240   0.0200     0.1068            
      H(  15), C(  16)   2.1706
      H(  15), H(  17)   2.5349   2.4471   3.240   0.0200     0.1838  1,4       
      H(  15), H(  18)   2.5203   2.4343   3.240   0.0200     0.1968  1,4       
      H(  15), H(  19)   3.1145   2.9631   3.240   0.0200    -0.0139  1,4       
      H(  17), H(  18)   1.7893
      H(  17), H(  19)   1.7916
      H(  18), H(  19)   1.7916


      BOND ANGLES, BENDING AND STRETCH-BEND ENERGIES   (   37 ANGLES)

          EB = 0.021914(KB)(DT)(DT)(1+CF*DT+QF*DT**2+PF*DT**3+SF*DT**4)
                          DT = THETA-TZERO
                          CF = -1400.000E-5
                          QF =     5.600E-5
                          PF =    -0.070E-5
                          SF =     0.022E-6
          ESB(J) = 2.51124(KSB(J))(DT)(DR1+DR2)
                          DR(I) = R(I) - R0(I)
          EBDBD  = -0.02191418(KBB1)(DT1)(KBB2)(DT2)

          A T O M S            THETA    TZERO     KB     EB     KSB    ESB
   C(   2)- C(   1)- O(   4)  109.953  107.900  0.830  0.0745  0.13  0.0124     
   C(   2)- C(   1)- H(   7)  110.050  109.310  0.590  0.0070  0.08  0.0017     
   C(   2)- C(   1)- H(   8)  111.066  109.310  0.590  0.0389  0.08  0.0040     
   O(   4)- C(   1)- H(   7)  108.757  108.900  0.820  0.0004  0.08 -0.0003     
   O(   4)- C(   1)- H(   8)  110.043  108.900  0.820  0.0231  0.08  0.0022     
   H(   7)- C(   1)- H(   8)  106.900  107.600  0.550  0.0060                   
   C(   1)- C(   2)- C(   3)  110.578  111.000  0.670  0.0026  0.13 -0.0025     
   C(   1)- C(   2)- H(   9)  110.135  109.310  0.590  0.0087  0.08  0.0021     
   C(   1)- C(   2)- H(  10)  109.544  109.310  0.590  0.0007  0.08  0.0006     
   C(   3)- C(   2)- H(   9)  110.080  109.310  0.590  0.0076  0.08  0.0017     
   C(   3)- C(   2)- H(  10)  109.599  109.310  0.590  0.0011  0.08  0.0007     
   H(   9)- C(   2)- H(  10)  106.829  107.600  0.550  0.0072                   
   C(   2)- C(   3)- C(   5)  109.552  111.000  0.670  0.0314  0.13 -0.0082     
   C(   2)- C(   3)- H(  11)  109.683  109.310  0.590  0.0018  0.08  0.0008     
   C(   2)- C(   3)- H(  12)  110.432  109.310  0.590  0.0160  0.08  0.0024     
   C(   5)- C(   3)- H(  11)  109.672  109.310  0.590  0.0017  0.08  0.0008     
   C(   5)- C(   3)- H(  12)  110.458  109.310  0.590  0.0168  0.08  0.0026     
   H(  11)- C(   3)- H(  12)  107.008  107.600  0.550  0.0043                   
   C(   1)- O(   4)- C(   6)  112.525  107.200  0.820  0.4724  0.10  0.0268     
   C(   3)- C(   5)- C(   6)  110.772  111.000  0.670  0.0008  0.13 -0.0017     
   C(   3)- C(   5)- H(  13)  109.817  109.310  0.590  0.0033  0.08  0.0011     
   C(   3)- C(   5)- H(  14)  109.471  109.310  0.590  0.0003  0.08  0.0004     
   C(   6)- C(   5)- H(  13)  110.049  109.310  0.590  0.0070  0.08  0.0024     
   C(   6)- C(   5)- H(  14)  109.820  109.310  0.590  0.0033  0.08  0.0017     
   H(  13)- C(   5)- H(  14)  106.828  107.600  0.550  0.0073                   
   O(   4)- C(   6)- C(   5)  108.643  107.000  0.830  0.0480  0.13  0.0136     
   O(   4)- C(   6)- H(  15)  110.282  110.000  0.820  0.0014  0.08  0.0009     
   O(   4)- C(   6)- C(  16)  107.221  107.000  0.830  0.0009  0.13  0.0016     
   C(   5)- C(   6)- H(  15)  110.191  109.800  0.590  0.0020  0.08  0.0014     
   C(   5)- C(   6)- C(  16)  111.359  110.200  0.670  0.0194  0.13  0.0095     
   H(  15)- C(   6)- C(  16)  109.101  109.800  0.590  0.0064  0.08 -0.0021     
   C(   6)- C(  16)- H(  17)  111.429  110.700  0.590  0.0068  0.08  0.0018     
   C(   6)- C(  16)- H(  18)  111.481  110.700  0.590  0.0078  0.08  0.0019     
   C(   6)- C(  16)- H(  19)  111.865  110.700  0.590  0.0173  0.08  0.0028     
   H(  17)- C(  16)- H(  18)  107.132  107.800  0.550  0.0054                   
   H(  17)- C(  16)- H(  19)  107.349  107.800  0.550  0.0025                   
   H(  18)- C(  16)- H(  19)  107.328  107.800  0.550  0.0027                   


     DIHEDRAL ANGLES, TORSIONAL ENERGY (ET)   (   51 ANGLES)

           ET = (V1/2)(1+COS(W))+(V2/2)(1-COS(2W))+(V3/2)(1+COS(3W))

           ETS = -11.995*(R-R0)((KTS1/2)(1+COS(W))+
                                (KTS2/2)(1-COS(2W)+
                                (KTS3/2)(1+COS(3W))

           SIGN OF ANGLE A-B-C-D : WHEN LOOKING THROUGH B TOWARD C,
           IF D IS COUNTERCLOCKWISE FROM A, NEGATIVE.

         A T O M S               OMEGA    V1     V2     V3     ET   KTS3   ETS
 C(   1) C(   2) C(   3) C(   5)  51.4  0.185  0.170  0.520  0.280 0.059 0.000  
 C(   1) C(   2) C(   3) H(  11) -69.0  0.000  0.000  0.280  0.015 0.059 0.000  
 C(   1) C(   2) C(   3) H(  12) 173.3  0.000  0.000  0.280  0.009 0.059 0.000  
 C(   1) O(   4) C(   6) C(   5) -64.0  0.450  0.050  0.757  0.372 0.100 0.000  
 C(   1) O(   4) C(   6) H(  15)  56.8  0.000  0.000  0.680  0.005 0.100 0.000  
 C(   1) O(   4) C(   6) C(  16) 175.5  0.450  0.050  0.757  0.011 0.100 0.000  
 C(   2) C(   1) O(   4) C(   6)  63.7  0.450  0.050  0.757  0.372 0.100 0.000  
 C(   2) C(   3) C(   5) C(   6) -52.6  0.185  0.170  0.520  0.275 0.059 0.000  
 C(   2) C(   3) C(   5) H(  13)-174.4  0.000  0.000  0.280  0.006 0.059 0.000  
 C(   2) C(   3) C(   5) H(  14)  68.7  0.000  0.000  0.280  0.014 0.059 0.000  
 C(   3) C(   2) C(   1) O(   4) -56.2  0.200  0.000  0.300  0.159 0.059 0.000  
 C(   3) C(   2) C(   1) H(   7)-175.9  0.000  0.000  0.280  0.003 0.059 0.000  
 C(   3) C(   2) C(   1) H(   8)  65.9  0.000  0.000  0.280  0.007 0.059 0.000  
 C(   3) C(   5) C(   6) O(   4)  57.8  0.200  0.000  0.300  0.154 0.059 0.000  
 C(   3) C(   5) C(   6) H(  15) -63.1  0.000  0.000  0.280  0.002 0.059 0.000  
 C(   3) C(   5) C(   6) C(  16) 175.7  0.185  0.170  0.520  0.008 0.059 0.000  
 O(   4) C(   1) C(   2) H(   9)-178.1  0.000  0.000  0.300  0.001 0.059 0.000  
 O(   4) C(   1) C(   2) H(  10)  64.7  0.000  0.000  0.300  0.005 0.059 0.000  
 O(   4) C(   6) C(   5) H(  13) 179.4  0.000  0.000  0.300  0.000 0.059 0.000  
 O(   4) C(   6) C(   5) H(  14) -63.2  0.000  0.000  0.300  0.002 0.059 0.000  
 O(   4) C(   6) C(  16) H(  17) 179.6  0.000  0.000  0.300  0.000 0.059 0.000  
 O(   4) C(   6) C(  16) H(  18) -60.8  0.000  0.000  0.300  0.000 0.059 0.000  
 O(   4) C(   6) C(  16) H(  19)  59.4  0.000  0.000  0.300  0.000 0.059 0.000  
 C(   5) C(   3) C(   2) H(   9) 173.3  0.000  0.000  0.280  0.008 0.059 0.000  
 C(   5) C(   3) C(   2) H(  10) -69.5  0.000  0.000  0.280  0.017 0.059 0.000  
 C(   5) C(   6) C(  16) H(  17)  60.8  0.000  0.000  0.280  0.000 0.059 0.000  
 C(   5) C(   6) C(  16) H(  18)-179.5  0.000  0.000  0.280  0.000 0.059 0.000  
 C(   5) C(   6) C(  16) H(  19) -59.3  0.000  0.000  0.280  0.000 0.059 0.000  
 C(   6) O(   4) C(   1) H(   7)-175.8  0.000  0.000  0.680  0.008 0.100 0.000  
 C(   6) O(   4) C(   1) H(   8) -59.0  0.000  0.000  0.680  0.000 0.100 0.000  
 C(   6) C(   5) C(   3) H(  11)  67.8  0.000  0.000  0.280  0.012 0.059 0.000  
 C(   6) C(   5) C(   3) H(  12)-174.5  0.000  0.000  0.280  0.006 0.059 0.000  
 H(   7) C(   1) C(   2) H(   9)  62.2  0.000  0.000  0.238  0.001 0.059 0.000  
 H(   7) C(   1) C(   2) H(  10) -55.1  0.000  0.000  0.238  0.004 0.059 0.000  
 H(   8) C(   1) C(   2) H(   9) -56.0  0.000  0.000  0.238  0.003 0.059 0.000  
 H(   8) C(   1) C(   2) H(  10)-173.2  0.000  0.000  0.238  0.007 0.059 0.000  
 H(   9) C(   2) C(   3) H(  11)  52.9  0.000  0.000  0.238  0.008 0.059 0.000  
 H(   9) C(   2) C(   3) H(  12) -64.8  0.000  0.000  0.238  0.004 0.059 0.000  
 H(  10) C(   2) C(   3) H(  11) 170.1  0.000  0.000  0.238  0.016 0.059 0.000  
 H(  10) C(   2) C(   3) H(  12)  52.4  0.000  0.000  0.238  0.009 0.059 0.000  
 H(  11) C(   3) C(   5) H(  13) -53.9  0.000  0.000  0.238  0.006 0.059 0.000  
 H(  11) C(   3) C(   5) H(  14)-170.9  0.000  0.000  0.238  0.013 0.059 0.000  
 H(  12) C(   3) C(   5) H(  13)  63.8  0.000  0.000  0.238  0.002 0.059 0.000  
 H(  12) C(   3) C(   5) H(  14) -53.2  0.000  0.000  0.238  0.007 0.059 0.000  
 H(  13) C(   5) C(   6) H(  15)  58.5  0.000  0.000  0.238  0.000 0.059 0.000  
 H(  13) C(   5) C(   6) C(  16) -62.7  0.000  0.000  0.280  0.001 0.059 0.000  
 H(  14) C(   5) C(   6) H(  15) 175.8  0.000  0.000  0.238  0.003 0.059 0.000  
 H(  14) C(   5) C(   6) C(  16)  54.6  0.000  0.000  0.280  0.005 0.059 0.000  
 H(  15) C(   6) C(  16) H(  17) -61.0  0.000  0.000  0.238  0.000 0.059 0.000  
 H(  15) C(   6) C(  16) H(  18)  58.6  0.000  0.000  0.238  0.000 0.059 0.000  
 H(  15) C(   6) C(  16) H(  19) 178.8  0.000  0.000  0.238  0.000 0.059 0.000  


 ==============================================================================
                        NORMAL MODE VIBRATIONAL ANALYSIS
 ==============================================================================


             Molecular Shape : ASYMMETRIC ROTOR WITH KAPPA =-0.531200
        Symmetry Point Group : C1  
             Symmetry Number :  1
                   Chirality : yes



0       FUNDAMENTAL NORMAL VIBRATIONAL FREQUENCIES
                ( THEORETICALLY  51 VALUES )

             Frequency :  in 1/cm
             A(i)      :  IR intensity (vs,s,m,w,vw,-- or in 10**6 cm/mole)
             A(i) = -- :  IR inactive


             no       Frequency   Symmetry      A(i)

             1.          2980.6     (A   )        m
             2.          2978.7     (A   )        m
             3.          2949.8     (A   )        m
             4.          2939.7     (A   )        s
             5.          2937.5     (A   )        m
             6.          2928.9     (A   )        m
             7.          2892.3     (A   )        w
             8.          2889.8     (A   )        m
             9.          2886.4     (A   )        w
            10.          2880.8     (A   )        m
            11.          2872.0     (A   )        m
            12.          2860.0     (A   )        m
            13.          1544.6     (A   )        m
            14.          1500.3     (A   )        m
            15.          1478.3     (A   )        w
            16.          1463.7     (A   )        w
            17.          1461.0     (A   )       vw
            18.          1457.6     (A   )        w
            19.          1454.1     (A   )        w
            20.          1451.9     (A   )        w
            21.          1427.2     (A   )        w
            22.          1408.3     (A   )        w
            23.          1391.8     (A   )        w
            24.          1356.8     (A   )        w
            25.          1318.2     (A   )        m
            26.          1306.6     (A   )        w
            27.          1229.0     (A   )        w
            28.          1213.1     (A   )        w
            29.          1201.8     (A   )        w
            30.          1145.6     (A   )        m
            31.          1096.7     (A   )        m
            32.          1069.9     (A   )        w
            33.          1040.8     (A   )        w
            34.          1032.4     (A   )        w
            35.          1001.9     (A   )        w
            36.           973.0     (A   )        w
            37.           929.0     (A   )        w
            38.           908.4     (A   )        w
            39.           869.7     (A   )        w
            40.           841.8     (A   )        w
            41.           822.7     (A   )        w
            42.           787.0     (A   )        w
            43.           579.4     (A   )        w
            44.           473.5     (A   )        w
            45.           432.1     (A   )        w
            46.           394.3     (A   )       vw
            47.           333.9     (A   )        w
            48.           312.6     (A   )        w
            49.           256.0     (A   )        w
            50.           223.0     (A   )        w
            51.           156.8     (A   )        w
            52.     (       0.0)    (t/r )
            53.     (       0.0)    (t/r )
            54.     (       0.0)    (t/r )
            55.     (       0.0)    (t/r )
            56.     (       0.0)    (t/r )
            57.     (       0.0)    (t/r )


0       CORRESPONDING EIGEN VECTOR MATRIX   57 BY  57



 (  1)
     0.000    0.000    0.000    0.000    0.000    0.000    0.000    0.000
     0.000    0.000    0.000    0.000    0.000    0.000   -0.001    0.000
     0.000   -0.001    0.000    0.000    0.000    0.000    0.000    0.000
     0.000    0.000    0.000    0.000    0.000    0.000    0.000    0.000
     0.000    0.000    0.000    0.000   -0.002    0.004    0.002    0.000
     0.000    0.004    0.009   -0.001    0.015    0.023   -0.048   -0.076
    -0.349    0.536    0.246    0.008    0.032    0.008    0.065    0.000
     0.643

 (  2)
     0.000    0.000    0.000    0.000    0.000    0.000    0.000    0.000
     0.000    0.000    0.000    0.000   -0.001    0.000   -0.001    0.000
    -0.001   -0.001    0.000    0.000    0.000    0.000    0.000    0.000
     0.000    0.000    0.000    0.000    0.000    0.000    0.000    0.000
     0.000    0.000    0.000    0.000    0.002   -0.004   -0.002    0.000
    -0.001    0.007    0.006    0.001    0.011    0.013    0.079   -0.046
     0.179   -0.296   -0.112   -0.376   -0.618    0.247    0.043   -0.023
     0.414

 (  3)
     0.028   -0.066   -0.051    0.002    0.001   -0.006    0.001    0.002
    -0.003   -0.001    0.001    0.000    0.000    0.000    0.000   -0.001
     0.000   -0.001   -0.316    0.781    0.319    0.002   -0.012    0.284
    -0.009   -0.002    0.000   -0.008   -0.005    0.071    0.002    0.002
     0.021   -0.015   -0.024    0.012   -0.001    0.001    0.001    0.001
     0.000    0.003    0.000    0.000    0.013    0.000    0.000    0.000
     0.000    0.000    0.000    0.000    0.000    0.000    0.000    0.000
    -0.001

 (  4)
     0.001   -0.002   -0.001    0.025   -0.002    0.032   -0.002   -0.005
     0.012    0.000    0.000    0.000   -0.017    0.040    0.067    0.000
    -0.001    0.002   -0.010    0.025    0.010    0.002    0.003   -0.002
    -0.300    0.030   -0.101    0.011   -0.005   -0.279   -0.019   -0.013
    -0.115    0.042    0.065   -0.034    0.253   -0.506   -0.233   -0.059
     0.038   -0.559    0.002    0.008   -0.025    0.000    0.000   -0.001
    -0.002    0.003    0.001    0.000    0.000    0.000    0.000    0.000
     0.006

 (  5)
     0.001   -0.003   -0.001    0.049   -0.004    0.064   -0.002   -0.001
     0.005    0.000    0.000    0.000    0.009   -0.021   -0.035    0.000
     0.000   -0.001   -0.014    0.035    0.015    0.004    0.006   -0.007
    -0.592    0.059   -0.199    0.021   -0.008   -0.552    0.003   -0.011
    -0.045    0.016    0.025   -0.013   -0.132    0.265    0.122    0.029
    -0.020    0.293   -0.001   -0.004    0.013    0.000    0.000    0.000
     0.001   -0.001   -0.001    0.000    0.000    0.000    0.000    0.000
    -0.003

 (  6)
    -0.001    0.002    0.002    0.008   -0.002    0.008    0.024    0.042
    -0.076    0.000    0.000    0.000   -0.004    0.006    0.007    0.000
     0.000   -0.001    0.011   -0.027   -0.011    0.000    0.001   -0.012
    -0.099    0.010   -0.034   -0.001    0.008   -0.052    0.067    0.051
     0.609   -0.345   -0.538    0.284    0.040   -0.080   -0.037    0.005
     0.003   -0.042    0.000    0.000    0.004    0.000    0.000    0.000
    -0.001    0.001    0.000    0.000    0.000    0.000    0.000    0.000
    -0.001

 (  7)
     0.000   -0.001    0.005    0.017   -0.003   -0.016    0.012    0.016
     0.016    0.000   -0.001   -0.001   -0.019    0.031   -0.027    0.003
    -0.002    0.043    0.000    0.006   -0.001   -0.002    0.005   -0.054
    -0.178    0.020   -0.051   -0.017    0.004    0.228   -0.033   -0.029
    -0.248   -0.099   -0.150    0.068    0.156   -0.308   -0.124    0.053
    -0.041    0.428   -0.023    0.019   -0.484   -0.025   -0.001   -0.009
     0.125   -0.180   -0.076    0.128    0.195   -0.074    0.028   -0.004
     0.244

 (  8)
     0.001    0.001   -0.008   -0.031    0.004    0.026   -0.012   -0.018
    -0.018    0.000   -0.001    0.000    0.010   -0.015    0.011    0.004
     0.000    0.033   -0.009    0.011    0.009    0.003   -0.006    0.076
     0.314   -0.034    0.091    0.030   -0.007   -0.389    0.036    0.031
     0.275    0.104    0.165   -0.074   -0.081    0.151    0.063   -0.022
     0.022   -0.196   -0.018    0.015   -0.376   -0.035   -0.001   -0.012
     0.173   -0.252   -0.107    0.170    0.262   -0.100    0.041   -0.005
     0.334

 (  9)
    -0.001   -0.002    0.011    0.040   -0.004   -0.032   -0.002    0.003
     0.001    0.000    0.000    0.000    0.020   -0.034    0.026    0.002
     0.002   -0.001    0.004    0.003   -0.005   -0.005    0.011   -0.120
    -0.411    0.041   -0.121   -0.038    0.009    0.488   -0.003   -0.002
    -0.019   -0.001   -0.019    0.006   -0.173    0.344    0.142   -0.053
     0.045   -0.437    0.000    0.000    0.014   -0.021    0.000   -0.006
     0.106   -0.157   -0.067    0.103    0.160   -0.062    0.026   -0.003
     0.202

 ( 10)
     0.000   -0.002    0.004    0.007    0.000   -0.005   -0.006   -0.007
    -0.007    0.001   -0.001   -0.001    0.008   -0.011    0.007    0.000
    -0.001    0.062   -0.007    0.018    0.005   -0.002    0.005   -0.050
    -0.077    0.006   -0.023   -0.007    0.002    0.087    0.015    0.013
     0.109    0.046    0.067   -0.032   -0.068    0.124    0.055   -0.014
     0.019   -0.140   -0.029    0.029   -0.720    0.034    0.001    0.008
    -0.170    0.257    0.112   -0.172   -0.274    0.108   -0.046    0.005
    -0.316

 ( 11)
     0.001   -0.004    0.011    0.020    0.001   -0.013   -0.031   -0.045
    -0.032    0.000    0.000    0.000   -0.009    0.021   -0.013   -0.001
    -0.001   -0.008   -0.008    0.025    0.005   -0.005    0.012   -0.127
    -0.210    0.013   -0.065   -0.018    0.004    0.225    0.080    0.071
     0.589    0.282    0.440   -0.213    0.099   -0.211   -0.090    0.029
    -0.026    0.241    0.004   -0.004    0.099   -0.002    0.000    0.000
     0.008   -0.013   -0.006    0.010    0.016   -0.006    0.003    0.000
     0.014

 ( 12)
     0.015   -0.031    0.069   -0.012    0.003    0.006    0.003    0.004
     0.002   -0.003    0.000   -0.001    0.000   -0.001    0.000    0.000
     0.000   -0.002   -0.113    0.267    0.088   -0.040    0.090   -0.880
     0.131   -0.019    0.044    0.013    0.001   -0.125   -0.007   -0.006
    -0.051   -0.029   -0.043    0.022   -0.004    0.009    0.004   -0.001
     0.001   -0.010    0.001   -0.001    0.026    0.000    0.000    0.000
     0.001   -0.002   -0.001    0.001    0.002   -0.001    0.000    0.000
     0.002

 ( 13)
     0.165    0.028    0.028   -0.033   -0.029    0.006    0.006    0.004
     0.000   -0.055   -0.002   -0.007   -0.007    0.000    0.001    0.024
    -0.019   -0.002   -0.416   -0.085   -0.315   -0.485    0.144    0.082
    -0.028   -0.008   -0.040    0.075    0.064    0.015   -0.011   -0.010
     0.004   -0.015    0.018   -0.005    0.020    0.016   -0.001    0.010
     0.003   -0.001   -0.048    0.055    0.003   -0.009    0.000   -0.002
    -0.003    0.005   -0.001    0.015   -0.010    0.018    0.019    0.011
    -0.006

 ( 14)
    -0.003    0.001   -0.005   -0.002    0.004    0.000    0.003   -0.007
     0.000   -0.035    0.051   -0.004   -0.001    0.025    0.002    0.092
    -0.139   -0.011    0.101   -0.009    0.127    0.096   -0.098   -0.019
    -0.001   -0.008   -0.007    0.006   -0.009    0.001   -0.007    0.019
    -0.001   -0.020    0.009    0.008    0.051    0.055    0.013   -0.009
    -0.045   -0.004   -0.369    0.529    0.033   -0.047    0.001   -0.001
    -0.039    0.047   -0.071    0.139   -0.064    0.158    0.102    0.152
    -0.018

 ( 15)
    -0.004    0.012   -0.005   -0.018    0.001    0.005    0.081   -0.001
     0.009   -0.001   -0.009   -0.003   -0.129   -0.062    0.003    0.094
     0.068    0.001   -0.005   -0.020    0.082    0.053   -0.075   -0.019
    -0.001    0.051   -0.050    0.063   -0.010    0.013   -0.198   -0.065
     0.058   -0.079    0.042   -0.143    0.245    0.128    0.001    0.278
     0.133   -0.028   -0.225   -0.166    0.006   -0.056    0.006   -0.008
     0.138    0.067    0.177    0.007   -0.065   -0.069    0.118   -0.172
    -0.036

 ( 16)
    -0.001    0.000    0.000    0.006   -0.012   -0.004    0.007    0.014
     0.006   -0.001    0.002    0.003   -0.012    0.000   -0.001    0.001
    -0.001   -0.013    0.016    0.009   -0.003   -0.007    0.003    0.000
    -0.005    0.031    0.052   -0.050    0.027   -0.010   -0.043   -0.073
     0.025   -0.008   -0.015   -0.081    0.052    0.014    0.044    0.022
    -0.046   -0.010    0.044   -0.016   -0.021    0.020   -0.005   -0.045
    -0.321   -0.398    0.316   -0.287    0.383    0.436    0.353    0.087
    -0.096

 ( 17)
    -0.008   -0.027    0.005   -0.043    0.109    0.027    0.035   -0.100
    -0.027    0.003    0.000   -0.001   -0.012    0.013   -0.002    0.000
     0.002    0.000   -0.029   -0.021   -0.046    0.025    0.076    0.016
     0.023   -0.216   -0.330    0.320   -0.256    0.066    0.042    0.386
    -0.091   -0.079    0.135    0.336   -0.053   -0.017    0.032    0.035
    -0.035   -0.013    0.003   -0.011   -0.001    0.003    0.002   -0.007
    -0.037   -0.063    0.080   -0.055    0.060    0.040    0.056   -0.031
    -0.016

 ( 18)
    -0.033   -0.080    0.028    0.051    0.078   -0.027    0.036   -0.021
     0.004    0.005    0.005    0.004   -0.038    0.018   -0.011    0.007
    -0.009    0.000    0.098    0.119   -0.380   -0.067    0.397    0.087
    -0.068   -0.146    0.316   -0.335   -0.150   -0.058   -0.114   -0.007
     0.023   -0.051   -0.007   -0.083    0.068   -0.008    0.191    0.146
    -0.158   -0.053   -0.006    0.008    0.001   -0.007   -0.004    0.003
     0.009    0.042   -0.080    0.058   -0.038    0.027   -0.019    0.080
     0.006

 ( 19)
     0.009    0.026   -0.012   -0.033   -0.015    0.016    0.054    0.001
     0.010    0.005   -0.007    0.001   -0.035    0.045   -0.028   -0.043
     0.000    0.003   -0.046   -0.048    0.134    0.024   -0.130   -0.032
     0.028    0.070   -0.174    0.188    0.019    0.035   -0.176   -0.113
     0.057   -0.142    0.041   -0.181    0.070   -0.070    0.394    0.201
    -0.351   -0.101    0.128   -0.065   -0.007    0.032   -0.023    0.011
    -0.092    0.025   -0.315    0.068   -0.004    0.122   -0.143    0.330
     0.041

 ( 20)
     0.009    0.007   -0.003   -0.001   -0.009    0.000    0.003    0.002
     0.003   -0.008    0.012   -0.002    0.013    0.058   -0.021   -0.023
    -0.046   -0.002    0.000   -0.016    0.046    0.006   -0.048   -0.009
    -0.003    0.019    0.013   -0.012    0.025   -0.001   -0.029   -0.042
     0.014   -0.050    0.008   -0.058   -0.012   -0.091    0.322    0.078
    -0.336   -0.071    0.008    0.203    0.006    0.022    0.045    0.004
     0.061   -0.068    0.345   -0.161    0.032   -0.360   -0.031   -0.548
     0.002

 ( 21)
     0.028    0.037   -0.011    0.018   -0.033   -0.019   -0.030   -0.021
    -0.025   -0.005   -0.011   -0.001   -0.024    0.006   -0.018    0.019
     0.037    0.004   -0.080   -0.074    0.170   -0.024   -0.215   -0.036
    -0.070    0.052    0.295   -0.308    0.117   -0.046    0.264    0.346
    -0.107    0.114    0.095    0.401    0.063   -0.062    0.239    0.163
    -0.202   -0.062   -0.058   -0.157    0.002   -0.028   -0.009   -0.008
     0.059    0.043    0.006    0.063   -0.034    0.091    0.090    0.075
    -0.023

 ( 22)
    -0.035   -0.020    0.010   -0.003   -0.038    0.014   -0.061    0.040
     0.005    0.014   -0.005    0.004    0.036    0.020   -0.017    0.013
     0.022    0.007    0.102    0.115   -0.185    0.009    0.210    0.032
     0.092    0.061   -0.244    0.246    0.074    0.030    0.158   -0.116
    -0.005    0.105   -0.078   -0.014   -0.036   -0.106    0.184   -0.039
    -0.212   -0.032    0.007   -0.132    0.006   -0.090   -0.004   -0.029
     0.250    0.141    0.173    0.235   -0.137    0.177    0.334    0.018
    -0.086

 ( 23)
     0.037    0.021   -0.013    0.002    0.077   -0.007    0.038   -0.035
     0.009   -0.004   -0.009   -0.002    0.053    0.032    0.001   -0.029
     0.007    0.008   -0.173   -0.160    0.221   -0.013   -0.242   -0.039
    -0.080   -0.187    0.157   -0.169   -0.201   -0.014   -0.224   -0.094
     0.049   -0.165   -0.018   -0.202   -0.234   -0.081   -0.062   -0.198
    -0.019    0.026    0.151   -0.063    0.002   -0.057   -0.001   -0.025
     0.202    0.101    0.141    0.189   -0.099    0.130    0.249    0.000
    -0.067

 ( 24)
     0.023   -0.001    0.001    0.022    0.088    0.003   -0.095    0.051
     0.011   -0.009   -0.008   -0.010    0.001   -0.020   -0.010    0.037
     0.031   -0.002   -0.155   -0.119    0.104    0.047   -0.115   -0.009
     0.003   -0.377   -0.067    0.033   -0.281    0.010    0.231   -0.252
     0.002    0.281   -0.256   -0.108    0.123   -0.024    0.119    0.061
    -0.088   -0.023   -0.235   -0.087    0.004    0.015   -0.007    0.013
    -0.079   -0.037   -0.061   -0.103    0.043   -0.042   -0.092    0.021
     0.029

 ( 25)
     0.019   -0.010   -0.022    0.007    0.018   -0.011   -0.023    0.025
    -0.001   -0.018    0.036    0.035   -0.049   -0.025    0.016   -0.045
    -0.060   -0.015    0.306    0.040    0.131   -0.358   -0.136   -0.022
     0.004   -0.128   -0.047    0.028   -0.114   -0.011    0.063    0.002
    -0.009    0.155   -0.067    0.036    0.284    0.164   -0.029    0.208
     0.096    0.000    0.524    0.085   -0.037   -0.008    0.013   -0.018
     0.059    0.033    0.036    0.131   -0.053    0.019    0.064   -0.038
    -0.032

 ( 26)
    -0.014    0.012    0.025    0.002    0.006    0.015   -0.011    0.013
    -0.014    0.024   -0.033   -0.041   -0.033   -0.021    0.015   -0.058
    -0.016    0.026   -0.472   -0.123   -0.090    0.470    0.117    0.020
     0.002   -0.002    0.019   -0.016    0.068    0.018    0.057   -0.025
    -0.021    0.097   -0.027    0.034    0.117    0.065   -0.005    0.247
     0.129    0.000    0.288    0.362    0.031   -0.003    0.003   -0.020
     0.079    0.021    0.056    0.098   -0.024    0.062    0.050    0.007
    -0.030

 ( 27)
     0.012   -0.007    0.008    0.001    0.003    0.002   -0.012   -0.013
    -0.045   -0.004   -0.008   -0.011    0.010   -0.002    0.007   -0.006
     0.030    0.046    0.201    0.059    0.034   -0.131   -0.053    0.013
    -0.016   -0.250   -0.020    0.023    0.289   -0.002   -0.037   -0.074
    -0.048    0.021   -0.038   -0.057   -0.485   -0.268    0.045    0.523
     0.256   -0.027   -0.080    0.148    0.064    0.001   -0.010   -0.011
     0.031   -0.012    0.032   -0.027    0.030    0.048   -0.047    0.032
    -0.006

 ( 28)
    -0.026    0.016   -0.046    0.001   -0.001    0.012    0.009    0.003
     0.020    0.036   -0.021    0.002   -0.005    0.000   -0.020   -0.014
     0.009    0.033   -0.051   -0.003   -0.023   -0.229   -0.009   -0.051
     0.059    0.507   -0.011   -0.082   -0.588    0.018    0.259   -0.132
     0.008   -0.057    0.045    0.022   -0.174   -0.104    0.021    0.183
     0.143   -0.032   -0.084    0.166    0.048    0.002   -0.002   -0.006
     0.023   -0.005    0.030    0.003    0.014    0.035   -0.024    0.016
    -0.004

 ( 29)
    -0.019    0.004    0.001    0.014    0.004   -0.043   -0.001    0.006
     0.010    0.024   -0.023   -0.009    0.001   -0.024    0.038   -0.005
     0.037    0.001   -0.035    0.011   -0.026   -0.139   -0.076   -0.003
     0.033    0.192   -0.047    0.054   -0.073   -0.049   -0.506    0.357
     0.038    0.502   -0.331   -0.017   -0.064   -0.068    0.066   -0.071
    -0.100    0.049   -0.053    0.197    0.009    0.002   -0.011    0.002
     0.041    0.012    0.004   -0.037    0.011    0.001    0.008    0.034
     0.003

 ( 30)
    -0.024    0.016   -0.006    0.006   -0.010   -0.010   -0.002    0.015
     0.012    0.068   -0.067   -0.028    0.000   -0.026   -0.005   -0.057
     0.080    0.033    0.095    0.078   -0.033   -0.275   -0.112   -0.010
    -0.022   -0.279   -0.009    0.013    0.091   -0.012    0.061   -0.018
     0.009   -0.230    0.167    0.024    0.273    0.090    0.039   -0.225
    -0.065    0.017   -0.181    0.412    0.056    0.018   -0.029   -0.003
     0.168    0.033    0.067   -0.049    0.029    0.043    0.001    0.081
     0.001

 ( 31)
     0.096   -0.001    0.037   -0.028   -0.040   -0.010    0.014    0.025
     0.025   -0.100    0.009   -0.052   -0.014   -0.036    0.009    0.020
     0.074    0.008    0.329    0.114   -0.025    0.318    0.020    0.036
    -0.052    0.002    0.075    0.037   -0.282   -0.003    0.034    0.003
     0.029   -0.003    0.051    0.053   -0.083   -0.095    0.062   -0.122
    -0.066    0.021    0.192    0.183    0.005   -0.003   -0.044   -0.018
     0.153    0.036    0.012   -0.168    0.047   -0.029   -0.053    0.092
    -0.014

 ( 32)
     0.031    0.015    0.030    0.006   -0.045   -0.049   -0.034    0.034
     0.047   -0.019   -0.002   -0.023    0.043    0.025   -0.059   -0.076
    -0.046    0.066    0.080    0.080   -0.082    0.136   -0.065    0.022
    -0.023   -0.088    0.023    0.082   -0.200   -0.048   -0.162    0.256
     0.045   -0.079    0.011   -0.052    0.182    0.045    0.050    0.128
     0.248   -0.057   -0.263   -0.229    0.075    0.038    0.030   -0.027
     0.006   -0.061    0.131    0.258   -0.019    0.170   -0.147   -0.078
    -0.012

 ( 33)
     0.009    0.045   -0.049    0.009   -0.073    0.044   -0.064    0.048
    -0.050    0.012    0.001    0.014    0.058   -0.012    0.064   -0.012
     0.006   -0.064   -0.007    0.033   -0.034    0.069    0.120   -0.052
     0.045   -0.187   -0.099   -0.168   -0.278    0.041   -0.329    0.035
    -0.022   -0.155    0.185    0.098    0.042    0.015   -0.014    0.243
    -0.030    0.050   -0.056   -0.012   -0.069   -0.002   -0.007    0.061
    -0.050    0.041   -0.112   -0.083   -0.031   -0.116    0.292    0.010
     0.037

 ( 34)
    -0.045    0.038   -0.007    0.029   -0.030   -0.007   -0.056    0.007
     0.009    0.023   -0.014    0.010    0.040    0.011    0.006    0.143
    -0.003    0.067   -0.112    0.034   -0.051   -0.055   -0.030   -0.014
     0.039   -0.109   -0.061   -0.035   -0.075   -0.011   -0.137    0.096
     0.011   -0.179    0.068   -0.016    0.030   -0.014    0.051   -0.004
    -0.013    0.011    0.325    0.008    0.068   -0.082   -0.002   -0.079
    -0.094   -0.051    0.018   -0.100    0.046    0.018   -0.393   -0.004
    -0.057

 ( 35)
    -0.037    0.014    0.084    0.021   -0.005   -0.102   -0.013    0.005
     0.070    0.014   -0.009   -0.005   -0.005   -0.001   -0.022    0.022
    -0.003   -0.037   -0.088    0.105   -0.178   -0.008   -0.306    0.062
    -0.048   -0.028    0.097    0.241   -0.038   -0.100    0.150    0.142
     0.043   -0.166    0.006   -0.113   -0.088   -0.068    0.035    0.077
     0.101   -0.025    0.132    0.037   -0.044   -0.029    0.008    0.062
    -0.179    0.031   -0.197   -0.112   -0.044   -0.187    0.348   -0.011
     0.029

 ( 36)
    -0.003   -0.063    0.025    0.033    0.054   -0.019   -0.066   -0.035
    -0.009   -0.038    0.029    0.002    0.076    0.028    0.006   -0.011
    -0.005   -0.001   -0.061   -0.113    0.083   -0.034   -0.032    0.032
     0.063    0.284   -0.041    0.029    0.112   -0.022   -0.044    0.074
    -0.024   -0.183   -0.019   -0.117    0.232    0.114   -0.012    0.198
     0.073   -0.003   -0.036   -0.051   -0.002    0.005   -0.086    0.002
     0.369    0.108    0.072   -0.350    0.100   -0.053    0.008    0.171
     0.007

 ( 37)
    -0.005    0.001    0.090    0.023    0.039   -0.014   -0.024   -0.025
    -0.080   -0.027   -0.031   -0.036    0.020    0.015    0.097   -0.002
     0.028   -0.017    0.061    0.145   -0.190   -0.001   -0.352    0.066
     0.042    0.193   -0.021    0.016   -0.035   -0.014   -0.054   -0.239
    -0.062   -0.043    0.079    0.095    0.026    0.152   -0.196    0.131
    -0.283    0.069   -0.049   -0.025   -0.018    0.013    0.031   -0.017
    -0.106   -0.067    0.036    0.224   -0.046    0.103   -0.120   -0.087
    -0.007

 ( 38)
     0.037   -0.070   -0.012    0.006    0.049    0.020   -0.043   -0.022
    -0.005   -0.033   -0.027   -0.039    0.063   -0.058   -0.020    0.008
     0.068    0.038    0.104   -0.136    0.200   -0.036    0.134    0.009
     0.046    0.214   -0.051   -0.058    0.117    0.018   -0.058    0.053
    -0.011   -0.135    0.004   -0.065    0.195   -0.098    0.203   -0.050
     0.129    0.008    0.062    0.123    0.040   -0.031    0.053    0.019
    -0.384   -0.090   -0.156    0.198   -0.110   -0.048    0.142   -0.138
     0.000

 ( 39)
    -0.027   -0.098    0.012    0.040   -0.006   -0.068    0.002    0.103
     0.011   -0.005    0.056    0.036   -0.010   -0.086    0.033    0.001
     0.016   -0.066   -0.190   -0.222    0.140   -0.057    0.025    0.025
     0.006   -0.011    0.036    0.173   -0.018   -0.064   -0.062   -0.006
     0.030   -0.131    0.266    0.151   -0.143   -0.180    0.088   -0.028
    -0.042    0.041   -0.031    0.043   -0.067    0.036    0.010   -0.020
     0.069   -0.025    0.105    0.152    0.000    0.123   -0.169   -0.018
    -0.001

 ( 40)
     0.017    0.012   -0.042   -0.133    0.003   -0.049   -0.030   -0.031
     0.003    0.053   -0.001    0.018    0.056   -0.007    0.058    0.010
     0.017   -0.016    0.061   -0.027    0.099    0.024    0.220   -0.027
    -0.296    0.033    0.432    0.340   -0.036   -0.026    0.057    0.003
    -0.010   -0.030   -0.084   -0.092    0.073    0.069   -0.095    0.177
    -0.145    0.037   -0.027    0.027   -0.014   -0.016    0.005   -0.008
    -0.036   -0.018    0.020    0.033   -0.007    0.036   -0.083   -0.017
    -0.002

 ( 41)
     0.016    0.005   -0.037    0.068   -0.031    0.001   -0.040   -0.040
     0.083   -0.027   -0.022   -0.002   -0.054    0.028    0.055    0.001
     0.043   -0.050    0.011   -0.056    0.101    0.014    0.156   -0.026
     0.121   -0.050   -0.157   -0.084    0.021   -0.008    0.220    0.331
     0.020   -0.200   -0.158   -0.334   -0.153    0.108   -0.223    0.111
    -0.217    0.020   -0.015    0.078   -0.050    0.035    0.014   -0.005
     0.000   -0.030    0.045    0.156   -0.022    0.081   -0.063   -0.035
     0.004

 ( 42)
     0.018   -0.081   -0.009    0.042   -0.023   -0.045    0.027    0.077
     0.001   -0.002   -0.056   -0.041   -0.031    0.113    0.006   -0.009
    -0.009    0.090    0.026   -0.181    0.229   -0.057    0.143    0.013
     0.017   -0.037    0.036    0.149   -0.046   -0.040   -0.054   -0.050
     0.023    0.095    0.127    0.171   -0.092    0.209   -0.259    0.065
    -0.134   -0.023   -0.013   -0.049    0.092   -0.047   -0.003    0.006
    -0.103    0.011   -0.100   -0.124   -0.001   -0.102    0.115    0.003
    -0.009

 ( 43)
    -0.038    0.085   -0.026    0.090    0.001   -0.027   -0.048   -0.069
    -0.022   -0.073   -0.062    0.024   -0.039    0.045   -0.006    0.034
     0.006   -0.019   -0.019    0.032    0.124   -0.040    0.211   -0.014
     0.012    0.011    0.216    0.312   -0.015   -0.015   -0.138   -0.211
     0.003   -0.013    0.004    0.163    0.013   -0.006    0.169   -0.113
     0.196    0.014    0.037    0.030   -0.017    0.074   -0.004    0.010
     0.077   -0.009    0.023    0.096   -0.012    0.019    0.067   -0.004
     0.011

 ( 44)
     0.046   -0.051   -0.005    0.003    0.003    0.024    0.034    0.033
    -0.003    0.007   -0.094    0.054    0.018    0.097    0.013   -0.016
     0.016   -0.135    0.074   -0.016   -0.064    0.091   -0.103   -0.011
     0.008    0.012    0.016    0.009    0.007    0.025    0.053    0.048
    -0.006    0.068    0.006   -0.017    0.049    0.033    0.190   -0.016
     0.295    0.032   -0.028    0.070   -0.129   -0.092    0.000    0.013
    -0.057   -0.012    0.094   -0.037   -0.004    0.089   -0.243    0.002
     0.028

 ( 45)
    -0.077    0.073   -0.028   -0.002    0.061    0.008    0.106    0.090
     0.017   -0.102   -0.074   -0.001    0.095   -0.059    0.016   -0.004
    -0.037    0.002   -0.030    0.076    0.012   -0.075    0.087   -0.027
    -0.010   -0.016    0.010    0.009    0.083    0.008    0.150    0.144
     0.006    0.069    0.069   -0.069    0.054   -0.043   -0.064    0.133
    -0.111    0.008   -0.012   -0.047    0.002   -0.005   -0.039   -0.003
    -0.008   -0.043   -0.002   -0.006   -0.042   -0.009    0.000   -0.037
    -0.003

 ( 46)
    -0.047   -0.068    0.011   -0.131    0.003    0.027   -0.039    0.061
     0.005   -0.016   -0.053   -0.013   -0.010    0.071   -0.014    0.104
     0.007   -0.007   -0.020   -0.039   -0.032   -0.058   -0.108    0.008
    -0.110    0.002   -0.038   -0.180    0.005    0.024   -0.037    0.090
     0.002   -0.007    0.021   -0.030   -0.040    0.042    0.019   -0.017
     0.089   -0.012    0.120    0.012   -0.007    0.137   -0.009    0.001
     0.129   -0.015    0.000    0.153   -0.017    0.002    0.145   -0.012
     0.000

 ( 47)
     0.002   -0.056   -0.097    0.043   -0.011    0.065    0.003    0.027
    -0.069   -0.035    0.032    0.071   -0.022    0.014    0.026   -0.016
     0.032    0.072   -0.066    0.005   -0.309    0.090   -0.269   -0.117
    -0.013   -0.007    0.232    0.233   -0.015    0.072    0.063    0.162
    -0.088   -0.032   -0.017   -0.195    0.003    0.024    0.032   -0.081
    -0.003    0.031   -0.044    0.043    0.072    0.017   -0.030   -0.047
    -0.065   -0.065   -0.087    0.032   -0.066   -0.113    0.114   -0.022
    -0.057

 ( 48)
    -0.033    0.003   -0.006   -0.013   -0.029   -0.030    0.033   -0.037
     0.054   -0.021    0.078    0.021    0.046    0.063   -0.038   -0.004
     0.093   -0.013   -0.091   -0.013   -0.024   -0.014   -0.001   -0.008
     0.002   -0.077   -0.089   -0.078    0.004   -0.033   -0.028   -0.143
     0.070    0.110   -0.027    0.165    0.071    0.095   -0.081    0.100
     0.033   -0.045    0.006    0.128   -0.012   -0.007   -0.143    0.008
    -0.154   -0.238    0.009    0.157   -0.236    0.023   -0.024   -0.177
     0.009

 ( 49)
    -0.040    0.011    0.048    0.010   -0.040    0.027    0.035    0.010
    -0.067    0.015    0.046   -0.095   -0.011    0.037    0.084   -0.002
    -0.009   -0.006   -0.036   -0.026    0.141   -0.139    0.081    0.056
    -0.007   -0.054    0.073    0.053   -0.101    0.029    0.141    0.116
    -0.087    0.009   -0.041   -0.194    0.034   -0.007    0.229   -0.113
     0.165    0.104    0.004   -0.081   -0.009   -0.006   -0.058    0.009
     0.036    0.072   -0.225   -0.041    0.063    0.259   -0.015   -0.354
     0.005

 ( 50)
    -0.021    0.012    0.058    0.002   -0.029    0.010    0.020    0.007
    -0.061    0.011    0.017   -0.037   -0.007    0.014    0.032   -0.002
    -0.008   -0.004   -0.014   -0.021    0.143   -0.080    0.088    0.066
    -0.003   -0.029    0.025    0.011   -0.088    0.011    0.086    0.085
    -0.075    0.002   -0.029   -0.151    0.014   -0.007    0.099   -0.061
     0.071    0.042   -0.004   -0.049   -0.005   -0.003   -0.016    0.000
    -0.122   -0.270    0.404    0.124   -0.255   -0.407   -0.013    0.471
     0.009

 ( 51)
    -0.022   -0.020   -0.026    0.038    0.001    0.111   -0.022    0.015
     0.007    0.000    0.019   -0.088    0.002   -0.016   -0.101    0.022
     0.005   -0.034   -0.009    0.002   -0.065   -0.087   -0.099   -0.029
    -0.014    0.003    0.263    0.204   -0.001    0.118   -0.106    0.066
     0.012    0.002    0.003    0.012   -0.036    0.007   -0.191    0.061
    -0.104   -0.112    0.119    0.009   -0.037   -0.022   -0.001    0.121
     0.013   -0.015    0.200    0.027   -0.013    0.161   -0.141    0.023
     0.132

 ( 52)
    -0.009    0.057   -0.025   -0.058    0.102   -0.003   -0.100    0.067
     0.044   -0.021    0.020   -0.002   -0.107    0.023    0.066   -0.055
    -0.018    0.039    0.020    0.083   -0.058    0.009    0.026   -0.028
    -0.049    0.129   -0.020   -0.072    0.135   -0.003   -0.088    0.039
     0.045   -0.137    0.100    0.061   -0.134   -0.006    0.098   -0.124
     0.051    0.069   -0.038   -0.049    0.038   -0.061   -0.058    0.059
    -0.087   -0.089    0.092   -0.023   -0.088    0.040   -0.076   -0.030
     0.060

 ( 53)
    -0.037   -0.011    0.039   -0.024   -0.009    0.066   -0.064   -0.009
     0.016   -0.016   -0.033   -0.035   -0.046   -0.031   -0.064   -0.059
    -0.032   -0.084   -0.004   -0.013    0.074   -0.094    0.006    0.042
    -0.042    0.008    0.123    0.035   -0.025    0.069   -0.123    0.009
     0.021   -0.049   -0.009    0.032   -0.079   -0.030   -0.101    0.012
    -0.048   -0.071   -0.117   -0.015   -0.081   -0.035   -0.055   -0.161
    -0.066   -0.055   -0.203   -0.044   -0.056   -0.176    0.023   -0.072
    -0.167

 ( 54)
    -0.116   -0.034    0.032   -0.073   -0.073    0.013   -0.017   -0.044
     0.001   -0.112    0.015    0.038   -0.017    0.011    0.009   -0.063
     0.046    0.028   -0.156   -0.054    0.042   -0.113   -0.022    0.033
    -0.075   -0.110    0.009   -0.080   -0.088    0.013   -0.007   -0.036
    -0.001    0.014   -0.071   -0.013    0.022    0.034    0.000   -0.020
     0.002    0.008   -0.058    0.058    0.028   -0.066    0.099    0.037
    -0.029    0.125    0.029   -0.100    0.124    0.051   -0.072    0.089
     0.037

 ( 55)
    -0.014   -0.056   -0.076    0.011   -0.027    0.037    0.021   -0.058
     0.137   -0.004   -0.002   -0.085    0.028   -0.007    0.117    0.002
    -0.040    0.000   -0.020   -0.028   -0.148   -0.034   -0.150   -0.082
     0.003   -0.071    0.046    0.030    0.066    0.036    0.003   -0.152
     0.147    0.041   -0.027    0.218    0.033   -0.037    0.185    0.048
     0.086    0.121   -0.018   -0.134   -0.002    0.010    0.017   -0.026
     0.015   -0.008    0.039   -0.009   -0.006   -0.110    0.029    0.111
    -0.026

 ( 56)
    -0.014    0.070   -0.050    0.006    0.069   -0.019    0.014    0.067
    -0.004   -0.006    0.092   -0.066    0.019    0.090   -0.024   -0.001
     0.089   -0.055   -0.019    0.072   -0.061   -0.030    0.050   -0.051
     0.000    0.051   -0.006    0.021    0.087   -0.018    0.000    0.047
    -0.001    0.029    0.069    0.018    0.023    0.087   -0.014    0.035
     0.110   -0.024   -0.017    0.069   -0.055    0.005    0.112   -0.075
     0.009    0.112   -0.068   -0.010    0.112   -0.098    0.020    0.132
    -0.076

 ( 57)
    -0.017   -0.035   -0.131   -0.032   -0.028   -0.139   -0.015   -0.035
    -0.097   -0.031   -0.026   -0.084   -0.027   -0.027   -0.046   -0.011
    -0.035   -0.043   -0.032   -0.029   -0.161    0.020   -0.055   -0.134
    -0.020   -0.035   -0.176   -0.069   -0.008   -0.141    0.022   -0.054
    -0.099   -0.029   -0.028   -0.100   -0.011   -0.034   -0.015   -0.063
    -0.008   -0.041    0.026   -0.055   -0.045   -0.026   -0.026    0.005
    -0.012   -0.032    0.039   -0.015   -0.031    0.007   -0.063   -0.006
     0.009


 ==============================================================================
                      STATISTICAL THERMODYNAMICS ANALYSIS
 ==============================================================================

  Structure name    : 2-Me-THP-eq                                                 
  Temperature       :   298.16 K
  Symmetry number   :   1
  Optical isomers   :   2
  Zero Point Energy :  106.275 Kcal/mol


                     ENERGY   ENTHALPY    ENTROPY  FREE ENERGY   HEAT CAPACITY
                  (Kcal/mol) (Kcal/mol)     (eu)   (Kcal/mol)    (cal/mol/deg)
  Translational       0.889      1.481     39.703    -10.357         4.967
     Rotational       0.889      0.889     27.314     -7.255         2.980
    Vibrational     108.892%   108.892%    13.740*   104.795%       21.575*
      Potential       9.634#     9.634#     0.000      9.634#        0.000
         Mixing       0.000      0.000      1.377     -0.411         0.000
          Total     120.303    120.896     82.133     96.407        29.523

  Enthalpy Function (H-Ho)/T     =   16.72 cal/mol/deg
  Free Energy Function -(G-Ho)/T =   65.41 cal/mol/deg

  % Includes zero point energy (ZPE).
  * Excludes contribution from frequencies lower than 40 (1/cm).
  # Includes steric energy (SE).
    Internal rotation contributions are not considered

  This structure has   0 imaginary frequencies,
                       0 free internal rotation (fir) frequencies
                         (>= 0,< 10 /cm),
                       0 restricted internal rotation (rir) frequencies
                         (>= 10,< 40 /cm),
                       6 zero frequencies, and
                      51 real frequencies.


      FINAL STERIC ENERGY IS      9.6338 KCAL/MOL.


                COMPRESSION       0.2787
                BENDING           0.8646
                BEND-BEND        -0.0281
                STRETCH-BEND      0.0829
                VANDERWAALS
                  1,4 ENERGY      6.7990
                  OTHER          -0.1998
                H-BONDING         0.0000
                PI-COMPLX         0.0000

                TORSIONAL         1.8429
                TORSION-STRETCH  -0.0064
                DIPOLE-DIPOLE     0.0000
                CHARGE-DIPOLE     0.0000
                CHARGE-CHARGE     0.0000

      -----------------------------------------------------------------

      COORDINATES TRANSLATED TO NEW ORIGIN WHICH IS CENTER OF MASS
         C(   1)    -0.99714     1.27289    -0.21695   (  1)
         C(   2)    -1.84411     0.10222     0.27907   (  1)
         C(   3)    -1.25385    -1.22769    -0.19515   (  1)
         O(   4)     0.34914     1.11290     0.21026   (  6)
         C(   5)     0.23278    -1.28590     0.16527   (  1)
         C(   6)     0.96545    -0.04322    -0.34908   (  1)
         H(   7)    -1.39048     2.22758     0.19193   (  5)
         H(   8)    -1.03836     1.35499    -1.33061   (  5)
         H(   9)    -2.89156     0.20638    -0.08336   (  5)
         H(  10)    -1.88500     0.11713     1.39191   (  5)
         H(  11)    -1.37617    -1.32031    -1.29906   (  5)
         H(  12)    -1.80016    -2.08223     0.26613   (  5)
         H(  13)     0.69005    -2.20446    -0.26631   (  5)
         H(  14)     0.34406    -1.35925     1.27066   (  5)
         H(  15)     0.92161    -0.00388    -1.46720   (  5)
         C(  16)     2.42843    -0.03579     0.09482   (  1)
         H(  17)     2.97700    -0.91892    -0.29933   (  5)
         H(  18)     2.96026     0.87003    -0.27048   (  5)
         H(  19)     2.52521    -0.05256     1.20235   (  5)

      MOMENT OF INERTIA WITH THE PRINCIPAL AXES

          (1)  UNIT = 10**(-39) GM*CM**2
               IX=   18.9889    IY=   36.1351    IZ=   49.9418

          (2)  UNIT = AU A**2
               IX=  114.3663    IY=  217.6347    IZ=  300.7895



      MOLECULAR POLARIZABILITIES (A**3)
        ALPHA(1)   =      14.80
        ALPHA(2)   =      13.66
        ALPHA(3)   =      11.53
        AVG. ALPHA =      13.33



      DIPOLE MOMENT =          1.300 D


        COMPONENTS WITH PRINCIPAL AXES

                          X =  0.6019    Y =  0.8179    Z =  0.8110


      E (INDP/INDP) =          0.341 KCAL/MOLE
      DIPOLE MOMENT =          1.445 D (INCLUDES INDUCED BOND MOMENTS)
      *NOTE*  E (INDP/INDP) IS NOT INCLUDED IN THE FINAL STERIC ENERGY

        COMPONENTS WITH PRINCIPAL AXES

                          X =  0.6428    Y =  1.1852    Z =  0.5188



      TOTAL ATOMIC CHARGE ON EACH ATOM (in ELECTRON CHARGE)

           C(    1):          0.173
           C(    2):         -0.005
           C(    3):         -0.004
           O(    4):         -0.398
           C(    5):          0.011
           C(    6):          0.166
           H(    7):          0.004
           H(    8):          0.004
           H(    9):          0.005
           H(   10):          0.006
           H(   11):          0.002
           H(   12):          0.002
           H(   13):          0.005
           H(   14):          0.006
           H(   15):          0.004
           C(   16):         -0.001
           H(   17):          0.005
           H(   18):          0.007
           H(   19):          0.007

      -----------------------------------------------------------------

        END OF 2-Me-THP-eq                                                 


           TOTAL CPU TIME IS      0.05 SECONDS.

           THIS JOB COMPLETED AT    19:00:35
