1
               ---------------------------------------------
               WARNING : INCORRECT ATOM TYPES GIVEN IN INPUT
                         DATA ARE CORRECTED AS FOLLOWS
               ---------------------------------------------


             Atom type of atom    1 is replaced by   1 (was   0)
             Atom type of atom    2 is replaced by   1 (was   0)
             Atom type of atom    3 is replaced by   1 (was   0)
             Atom type of atom    4 is replaced by   6 (was   0)
             Atom type of atom    5 is replaced by   1 (was   0)
             Atom type of atom    6 is replaced by   1 (was   0)
             Atom type of atom    7 is replaced by   5 (was   0)
             Atom type of atom    8 is replaced by   5 (was   0)
             Atom type of atom    9 is replaced by   5 (was   0)
             Atom type of atom   10 is replaced by   5 (was   0)
             Atom type of atom   11 is replaced by   5 (was   0)
             Atom type of atom   12 is replaced by   5 (was   0)
             Atom type of atom   13 is replaced by   5 (was   0)
             Atom type of atom   14 is replaced by   5 (was   0)
             Atom type of atom   15 is replaced by   5 (was   0)
             Atom type of atom   16 is replaced by   8 (was   0)
             Atom type of atom   17 is replaced by   1 (was   0)
             Atom type of atom   18 is replaced by  23 (was   0)
             Atom type of atom   19 is replaced by   5 (was   0)
             Atom type of atom   20 is replaced by   5 (was   0)
             Atom type of atom   21 is replaced by   5 (was   0)
1     2-MeN-THP-ax                                                

               CHEMICAL FORMULA :  C(   6)  H(  13)  O(   1)  N(   1) 
               FORMULA WEIGHT   :    115.102
                                                               DATE 30-MAY-23
                                                               TIME  19:09:50


          THE COORDINATES OF   21 ATOMS ARE READ IN.
          SOME CONSTANTS WILL BE READ IN.

      CONFORMATIONAL ENERGY, PART 1:  GEOMETRY AND STERIC ENERGY
                                      OF INITIAL CONFORMATION.


      CONNECTED ATOMS
         1-   2-   3-   5-   6-  16-  17-
         1-   4-   6-

      ATTACHED ATOMS
         1-   7,   1-   8,   2-   9,   2-  10,   3-  11,   3-  12,   5-  13,
         5-  14,   6-  15,  16-  18,  17-  19,  17-  20,  17-  21,

      INITIAL ATOMIC COORDINATES
           ATOM         X           Y           Z       TYPE
         C(   1)    -1.39976     0.98692    -0.51358   (  1)
         C(   2)    -2.01163    -0.41027    -0.42229   (  1)
         C(   3)    -0.89311    -1.45067    -0.27982   (  1)
         O(   4)    -0.54215     1.27663     0.60023   (  6)
         C(   5)     0.02047    -1.06342     0.88617   (  1)
         C(   6)     0.56496     0.35326     0.68873   (  1)
         H(   7)    -2.19105     1.76774    -0.49617   (  5)
         H(   8)    -0.83908     1.12609    -1.47546   (  5)
         H(   9)    -2.63103    -0.60361    -1.32575   (  5)
         H(  10)    -2.68664    -0.45867     0.46101   (  5)
         H(  11)    -0.30678    -1.50930    -1.22449   (  5)
         H(  12)    -1.32911    -2.46075    -0.10608   (  5)
         H(  13)     0.84881    -1.78882     1.01418   (  5)
         H(  14)    -0.56385    -1.07944     1.83154   (  5)
         H(  15)     1.11819     0.68136     1.61394   (  5)
         N(  16)     1.39602     0.46346    -0.51780   (  8)
         C(  17)     2.64404    -0.29012    -0.41944   (  1)
         H(  18)     1.63291     1.46352    -0.65618   ( 23)
         H(  19)     3.27258    -0.09388    -1.31464   (  5)
         H(  20)     3.26314    -0.03485     0.48079   (  5)
         H(  21)     2.42842    -1.37988    -0.41721   (  5)

     ==================
     TORSIONAL CONSTANT
     ------------------
       MISSING FOR   16-   6-   4-   1 (TYPE   8-  1-  6-  1)
                                   NO REPLACEMENT PARAMETERS ARE FOUND.
       MISSING FOR    4-   6-  16-  17 (TYPE   6-  1-  8-  1)
                                   NO REPLACEMENT PARAMETERS ARE FOUND.
       MISSING FOR    4-   6-  16-  18 (TYPE   6-  1-  8- 23)
                                   NO REPLACEMENT PARAMETERS ARE FOUND.

     ==============
     ANGLE CONSTANT
     --------------
       MISSING FOR    4-   6-  16 (TYPE   6-  1-  8) ANGLE TYPE 1
                               NO REPLACEMENT PARAMETERS ARE FOUND.

     =======================================================
      Warning!!  Warning!!  Warning!!  Warning!!  Warning!!
     =======================================================
      THERE ARE SOME PARAMETERS MISSING.  PROGRAM WILL USE
      THE PARAMETERS GENERATED FROM THE MM3 PARAMETER
      ESTIMATION ROUTINE.  THESE PARAMETERS ARE ONLY
      ESTIMATES.  THEY WILL BE SUFFICIENTLY GOOD FOR MANY
      PURPOSES, BUT IF YOUR RESULTS ARE SENSITIVE TO THE
      EXACT VALUES USED FOR THESE PARAMETERS, THE WORK NEED
      FOR FURTHER WORK IS INDICATED.




               ****************************************************
               ***                                              ***
               ***    Do not worry, be happy. Let us go to:     ***
               ***            MM3 PARAMETER ESTIMATOR           ***
               ***    The missing parameters will be found      ***
               ***                                              ***
               ****************************************************




   
 THIS PROGRAM WILL MERGE THESE PARAMETERS IN PARA.MM3
   
   
  NEW MM3 PARAMETER FILE NAME IS NEW_PAR.MM3
   
  EXPLANATIONS FOR EACH ESTIMATED PARAMETER
  ARE WRITTEN TO FILE   ESTIMATE.MM3.
   

   PARAMETERS WRITTEN TO FILE NEW_PAR.MM3                   
  ****   END  OF  MM3  PARAMETER  ESTIMATOR  ****  


          THE FOLLOWING  3 TORSIONAL PARAMETERS ARE READ IN
                   (* FOR 4- AND 5-MEMBERED RING)
                   (A FOR ALLENES)
                   (C FOR CUMMULENE)
               ATOM TYPE NOS.     V1      V2      V3
               8   1   6   1     0.000   0.000   0.200
               6   1   8   1     0.000   0.000   0.360
               6   1   8  23     0.000   0.000   0.360


          THE FOLLOWING  1 BENDING PARAMETERS ARE READ IN
                   (*5 FOR 5-MEMBERED RING)
                   (*4 FOR 4-MEMBERED RING)
                   (*3 FOR 3-MEMBERED RING)
                   (*C3  FOR 3-MEM ANGLE CORR)
                   (*C4  FOR 4-MEM ANGLE CORR)
                   (*C34 FOR 3,4-MEM FUSED RING ANGLE CORR)
                   (*C35 FOR 3,5-MEM FUSED RING ANGLE CORR)

               ATOM TYPES      KB    THETA(0)   ED. TYPE
                6   1   8    0.695   109.500


          DIELECTRIC CONSTANT =  1.500


      INITIAL STERIC ENERGY IS     11.8709 KCAL/MOL.

                  COMPRESSION       1.1029
                  BENDING           3.2903
                  BEND-BEND         0.0574
                  STRETCH-BEND      0.1662
                  VANDERWAALS
                    1,4 ENERGY      8.0660
                    OTHER           0.7593
                  H-BONDING         0.0000
                  PI-COMPLX         0.0000

                  TORSIONAL         1.6811
                  TORSION-STRETCH  -0.0092
                  DIPOLE-DIPOLE    -3.2432
                  CHARGE-DIPOLE     0.0000
                  CHARGE-CHARGE     0.0000


      MOLECULAR POLARIZABILITIES (A**3)
        ALPHA(1)   =      16.75
        ALPHA(2)   =      15.07
        ALPHA(3)   =      14.34
        AVG. ALPHA =      15.39



      DIPOLE MOMENT =          0.817 D


      E (INDP/INDP) =         -0.108 KCAL/MOLE
      DIPOLE MOMENT =          1.264 D (INCLUDES INDUCED BOND MOMENTS)
      *NOTE*  E (INDP/INDP) IS NOT INCLUDED IN THE INITIAL STERIC ENERGY

      CPU TIME FOR INITIAL CALCULATION IS     0.07 SECONDS.


1     2-MeN-THP-ax                                                


     CONFORMATIONAL ENERGY, PART 2: GEOMETRY MINIMIZATION

               GEOMETRY OPTIMIZATION IS CONTINUED UNTIL ATOM
               MOVEMENT CONVERGES WITHIN FOLLOWING VALUES:

                         AVERAGE MOVEMENT  0.00014 A
                         MAXIMUM MOVEMENT  0.00137 A



     <<<<<<<<<<<<<<<<<<<<<<<<<<  C Y C L E   1 >>>>>>>>>>>>>>>>>>>>>>>>>>

                              (CH)-MOVEMENT = 1

       ITER    1   AVG. MOVE = 0.01033 A   (MAX MOVE : ATOM   15   0.12673 A)  
       ITER    2   AVG. MOVE = 0.00374 A   (MAX MOVE : ATOM   18   0.02645 A)  
       ITER    3   AVG. MOVE = 0.00191 A   (MAX MOVE : ATOM   18   0.01078 A)  
       ITER    4   AVG. MOVE = 0.00142 A   (MAX MOVE : ATOM   21   0.00925 A)  
       ITER    5   AVG. MOVE = 0.00113 A   (MAX MOVE : ATOM   17   0.00962 A)  
       ITER    6   AVG. MOVE = 0.00094 A   (MAX MOVE : ATOM   17   0.00954 A)  
       ITER    7   AVG. MOVE = 0.00082 A   (MAX MOVE : ATOM   17   0.00923 A)  
       ITER    8   AVG. MOVE = 0.00075 A   (MAX MOVE : ATOM   17   0.00882 A)  
       ITER    9   AVG. MOVE = 0.00070 A   (MAX MOVE : ATOM   17   0.00838 A)  
       ITER   10   AVG. MOVE = 0.00067 A   (MAX MOVE : ATOM   17   0.00793 A)  
       ITER   11   AVG. MOVE = 0.00064 A   (MAX MOVE : ATOM   17   0.00750 A)  
       ITER   12   AVG. MOVE = 0.00061 A   (MAX MOVE : ATOM   17   0.00710 A)  
       ITER   13   AVG. MOVE = 0.00058 A   (MAX MOVE : ATOM   17   0.00672 A)  
       ITER   14   AVG. MOVE = 0.00056 A   (MAX MOVE : ATOM   17   0.00636 A)  
       ITER   15   AVG. MOVE = 0.00054 A   (MAX MOVE : ATOM   17   0.00603 A)  
       ITER   16   AVG. MOVE = 0.00051 A   (MAX MOVE : ATOM   17   0.00572 A)  
       ITER   17   AVG. MOVE = 0.00049 A   (MAX MOVE : ATOM   17   0.00543 A)  
       ITER   18   AVG. MOVE = 0.00047 A   (MAX MOVE : ATOM   17   0.00516 A)  
       ITER   19   AVG. MOVE = 0.00045 A   (MAX MOVE : ATOM   17   0.00491 A)  
       ITER   20   AVG. MOVE = 0.00043 A   (MAX MOVE : ATOM   17   0.00467 A)  
       ITER   21   AVG. MOVE = 0.00041 A   (MAX MOVE : ATOM   17   0.00445 A)  
       ITER   22   AVG. MOVE = 0.00039 A   (MAX MOVE : ATOM   17   0.00424 A)  
       ITER   23   AVG. MOVE = 0.00038 A   (MAX MOVE : ATOM   17   0.00405 A)  
       ITER   24   AVG. MOVE = 0.00036 A   (MAX MOVE : ATOM   17   0.00387 A)  
       ITER   25   AVG. MOVE = 0.00035 A   (MAX MOVE : ATOM   17   0.00369 A)  
       ITER   26   AVG. MOVE = 0.00033 A   (MAX MOVE : ATOM   17   0.00353 A)  
       ITER   27   AVG. MOVE = 0.00032 A   (MAX MOVE : ATOM   17   0.00338 A)  
       ITER   28   AVG. MOVE = 0.00031 A   (MAX MOVE : ATOM   17   0.00323 A)  
       ITER   29   AVG. MOVE = 0.00030 A   (MAX MOVE : ATOM   17   0.00309 A)  
       ITER   30   AVG. MOVE = 0.00028 A   (MAX MOVE : ATOM   21   0.00299 A)  
       ITER   31   AVG. MOVE = 0.00027 A   (MAX MOVE : ATOM   21   0.00289 A)  
       ITER   32   AVG. MOVE = 0.00026 A   (MAX MOVE : ATOM   21   0.00280 A)  
       ITER   33   AVG. MOVE = 0.00025 A   (MAX MOVE : ATOM   21   0.00271 A)  
       ITER   34   AVG. MOVE = 0.00024 A   (MAX MOVE : ATOM   21   0.00263 A)  
       ITER   35   AVG. MOVE = 0.00024 A   (MAX MOVE : ATOM   21   0.00254 A)  
       ITER   36   AVG. MOVE = 0.00023 A   (MAX MOVE : ATOM   21   0.00246 A)  
       ITER   37   AVG. MOVE = 0.00022 A   (MAX MOVE : ATOM   21   0.00238 A)  
       ITER   38   AVG. MOVE = 0.00021 A   (MAX MOVE : ATOM   21   0.00231 A)  
       ITER   39   AVG. MOVE = 0.00020 A   (MAX MOVE : ATOM   21   0.00223 A)  
       ITER   40   AVG. MOVE = 0.00020 A   (MAX MOVE : ATOM   21   0.00216 A)  
       ITER   41   AVG. MOVE = 0.00019 A   (MAX MOVE : ATOM   21   0.00209 A)  
       ITER   42   AVG. MOVE = 0.00018 A   (MAX MOVE : ATOM   21   0.00203 A)  
       ITER   43   AVG. MOVE = 0.00018 A   (MAX MOVE : ATOM   21   0.00196 A)  
       ITER   44   AVG. MOVE = 0.00017 A   (MAX MOVE : ATOM   21   0.00190 A)  
       ITER   45   AVG. MOVE = 0.00016 A   (MAX MOVE : ATOM   21   0.00184 A)  
       ITER   46   AVG. MOVE = 0.00016 A   (MAX MOVE : ATOM   21   0.00178 A)  
       ITER   47   AVG. MOVE = 0.00015 A   (MAX MOVE : ATOM   21   0.00173 A)  
       ITER   48   AVG. MOVE = 0.00015 A   (MAX MOVE : ATOM   21   0.00167 A)  
       ITER   49   AVG. MOVE = 0.00014 A   (MAX MOVE : ATOM   21   0.00162 A)  
       ITER   50   AVG. MOVE = 0.00014 A   (MAX MOVE : ATOM   21   0.00156 A)  
       ITER   51   AVG. MOVE = 0.00013 A   (MAX MOVE : ATOM   21   0.00151 A)  
       ITER   52   AVG. MOVE = 0.00013 A   (MAX MOVE : ATOM   21   0.00147 A)  
       ITER   53   AVG. MOVE = 0.00012 A   (MAX MOVE : ATOM   21   0.00142 A)  
       ITER   54   AVG. MOVE = 0.00012 A   (MAX MOVE : ATOM   21   0.00137 A)  


     <<<<<<<<<<<<<<<<<<<<<<<<<<  C Y C L E   2 >>>>>>>>>>>>>>>>>>>>>>>>>>

                              (CH)-MOVEMENT = 0

       ITER   55   AVG. MOVE = 0.00007 A   (MAX MOVE : ATOM   20   0.00126 A)  


              * * * * * * * * * GEOMETRY IS OPTIMIZED * * * * * * * * *

               WITHIN : AVERAGE MOVEMENT  0.00007 A (LIMIT  0.00014 A)
                        MAXIMUM MOVEMENT  0.00126 A (LIMIT  0.00137 A)

               GRADIENT
                  RMS GRADIENT                0.014617 KCAL/MOL/A

                  MAX GRADIENT
                    X-DIRECTION : ATOM #  17   0.045784 KCAL/MOL/A
                    Y-DIRECTION : ATOM #  20   0.040478 KCAL/MOL/A
                    Z-DIRECTION : ATOM #  17   0.037846 KCAL/MOL/A

        DELTA TIME =    0.00 SEC.       TOTAL CPU TIME =      0.09 SEC.


                            =====================
                            FULL-MATRIX OPTIMIZER
                            =====================


     iter.  rms force   max force   avg. move    max move  atom  convg  d-time

        0    0.023393    0.086507   0.00321 A   0.03874 A   21    [N]     0.0s
        1    0.047977    0.246179   0.00004 A   0.00056 A   21    [N]     0.0s
        2    0.000110    0.000334                                 [Y]     0.0s


      TOTAL ENERGY IS     10.0040 KCAL/MOL.

        COMPRESS    0.3508      VDW 1,4    8.2492      DIPL-DIPL   -3.3180
        BENDING     2.2710        OTHER    0.5947      CHRG-DIPL    0.0000
        STR-BEND    0.1409      TORSION    1.7723      CHRG-CHRG    0.0000
        BEND-BEND  -0.0446      TOR-STR   -0.0124      EPR          0.0000
        H-BONDING   0.0000      PI-CMPL    0.0000
0     DELTA(T) =     0.0 SEC.          ELAPSED TIME =     0.1 SEC.


    * * * ENERGY IS STATIONARY WITHIN RMS OF FORCES   0.00014  Kcal/mol/A * * *

                 * * * *  RMS FORCE IS   0.00011 Kcal/mol/A * * * *

1     2-MeN-THP-ax                                                

               CHEMICAL FORMULA :  C(   6)  H(  13)  O(   1)  N(   1) 
               FORMULA WEIGHT   :    115.102
                                                               DATE : 30-MAY-23

           * M M 3 * * * * * * * * * * * 2 0 0 0 *
           *                                     *   PARAMETER RELIABILITY
           *                                     *
           *                                     *   BLANK = GOOD
           *                                     *       B = FAIR
           *                                     *       C = TRIAL
           *                                     *       R = READ IN
           *                                     *       S = SUBSTITUTED
           *                                     *       U = PARAMETER NOT EXIST
           *                                     *
           *                                     *   THIS IS SHOWN AT THE END 
           *                                     *   OF THE LINE.
           * * * * * * * * * * * * * * * * * * * * 


      CONFORMATIONAL ENERGY, PART 3:  GEOMETRY AND STERIC ENERGY
                                      OF FINAL CONFORMATION.

      CONNECTED ATOMS
         1-   2-   3-   5-   6-  16-  17-
         1-   4-   6-

      ATTACHED ATOMS
         1-   7,   1-   8,   2-   9,   2-  10,   3-  11,   3-  12,   5-  13,
         5-  14,   6-  15,  16-  18,  17-  19,  17-  20,  17-  21,

      FINAL ATOMIC COORDINATE
           ATOM         X           Y           Z       TYPE
         C(   1)    -1.37667     1.04449    -0.48221   (  1)
         C(   2)    -2.03876    -0.32992    -0.41392   (  1)
         C(   3)    -0.98059    -1.42972    -0.31309   (  1)
         O(   4)    -0.50566     1.23166     0.62742   (  6)
         C(   5)    -0.02179    -1.10018     0.83151   (  1)
         C(   6)     0.57366     0.30289     0.68463   (  1)
         H(   7)    -2.15265     1.83877    -0.46127   (  5)
         H(   8)    -0.81835     1.17056    -1.44114   (  5)
         H(   9)    -2.67709    -0.49355    -1.31118   (  5)
         H(  10)    -2.71109    -0.37590     0.47274   (  5)
         H(  11)    -0.41799    -1.50438    -1.27186   (  5)
         H(  12)    -1.46471    -2.41868    -0.14232   (  5)
         H(  13)     0.77989    -1.86782     0.88989   (  5)
         H(  14)    -0.57361    -1.16151     1.79709   (  5)
         H(  15)     1.19234     0.53656     1.59398   (  5)
         N(  16)     1.41643     0.41969    -0.50820   (  8)
         C(  17)     2.70558    -0.26452    -0.40465   (  1)
         H(  18)     1.57885     1.40396    -0.70841   ( 23)
         H(  19)     3.30305    -0.09748    -1.32755   (  5)
         H(  20)     3.29714     0.10982     0.47510   (  5)
         H(  21)     2.56571    -1.36050    -0.29773   (  5)


          DIELECTRIC CONSTANT =  1.500


      BOND LENGTHS AND STRETCHING ENERGY   (   21 BONDS)

        ENERGY = 71.94(KS)(DR)(DR)(1-(CS)(DR)+(7/12)((CS)(DR))**2)
                          DR = R-RO
                          CS =  2.550
                                                         R(0)-CORR        CORR
          BOND        LENGTH   R(0)    K(S)  ENERGY   E-NEG   MISCEL       KS
    C(   1)- C(   2)  1.5271  1.5177  4.490  0.0279 -0.0070                     
    C(   1)- O(   4)  1.4230  1.4130  5.700  0.0401                             
    C(   1)- H(   7)  1.1106  1.1092  4.771  0.0007 -0.0028  0.0000  BH  0.091  
    C(   1)- H(   8)  1.1168  1.1162  4.540  0.0001 -0.0028  0.0070  BH -0.140  
    C(   2)- C(   3)  1.5295  1.5219  4.490  0.0184 -0.0028                     
    C(   2)- H(   9)  1.1132  1.1109  4.716  0.0019 -0.0011              0.036  
    C(   2)- H(  10)  1.1137  1.1109  4.716  0.0027 -0.0011              0.036  
    C(   3)- C(   5)  1.5291  1.5207  4.490  0.0223 -0.0040                     
    C(   3)- H(  11)  1.1141  1.1120  4.680  0.0015                             
    C(   3)- H(  12)  1.1143  1.1120  4.680  0.0017                             
    O(   4)- C(   6)  1.4251  1.4130  5.700  0.0579                             
    C(   5)- C(   6)  1.5313  1.5146  4.490  0.0858 -0.0101                     
    C(   5)- H(  13)  1.1115  1.1106  4.725  0.0003 -0.0014              0.045  
    C(   5)- H(  14)  1.1138  1.1106  4.725  0.0035 -0.0014              0.045  
    C(   6)- H(  15)  1.1244  1.1204  4.531  0.0051 -0.0035  0.0119  BH -0.279  
    C(   6)- N(  16)  1.4652  1.4540  5.300  0.0463  0.0060                     
    N(  16)- C(  17)  1.4631  1.4540  5.300  0.0311  0.0060                     
    N(  16)- H(  18)  1.0175  1.0150  6.420  0.0028                             
    C(  17)- H(  19)  1.1120  1.1112  4.776  0.0002 -0.0011  0.0003  BH  0.026  
    C(  17)- H(  20)  1.1243  1.1233  4.381  0.0003 -0.0011  0.0124  BH -0.369  
    C(  17)- H(  21)  1.1100  1.1109  4.786  0.0003 -0.0011  0.0000  BH  0.036  


      NON-BONDED DISTANCES, VDW AND EPR ENERGY   (    149 PAIRS)

              E(VDW) = KV*(1.84(10**5)EXP(-12.00/P) - 2.25(P**6))
              E(EPR) = C*KV*(1.84(10**5)EXP(-12.00/Q) - 2.25(Q**6))
              E(HBD) = EP1-EP2*COS(THETA)*RTH/RTH0
                            EP1 = KHB*1.84(10**5)*EXP(-12.0/P)
                            EP2 = KHB*2.25(P**6)

            IF P > 3.020, THEN,
              E(VDW) = KV(192.270)(P**2)
              E(HBD) = EP1-EP2*COS(THETA)*RTH/RTH0
                            EP1 = KHB*(192.270*P**2+1706.96)
                            EP2 = KHB*1706.96

               WHERE   RV = RVDW(I) + RVDW(K)
                       KV = SQRT(EPS(I)*EPS(K))
                      KHB = EPS/DIELEC  FOR HYDROGEN BOND
                        P = (RV/R) OR (RV/R#)
                        C = SCALE FACTOR
                        Q = RV/R, WHERE R IS MODIFIED DISTANCE
                    THETA = ANGLE H-X-Y IN HYDROGEN BOND X-H...Y
                      RTH = BOND LENGTH X-H IN X-H...Y
                     RTH0 = NATURAL BOND LENGTH X-H

          # IN THE VDW CALCULATIONS THE HYDROGEN ATOMS ARE RELOCATED
          SO THAT THE ATTACHED HYDROGEN DISTANCE IS REDUCED BY 0.923

          # IN THE VDW CALCULATIONS THE DEUTERIUM ATOMS ARE RELOCATED
          SO THAT THE ATTACHED DEUTERIUM DISTANCE IS REDUCED BY  0.923

         ATOM PAIR          R       R#       RV      KV       ENERGY
      C(   1), C(   3)   2.5114
      C(   1), C(   5)   2.8568            4.080   0.0270     0.5991  1,4       
      C(   1), C(   6)   2.3907
      C(   1), H(   9)   2.1780
      C(   1), H(  10)   2.1703
      C(   1), H(  11)   2.8354   2.7960   3.560   0.0230     0.1210  1,4       
      C(   1), H(  12)   3.4809   3.4031   3.560   0.0230    -0.0237  1,4       
      C(   1), H(  13)   3.8749   3.7947   3.560   0.0230    -0.0235            
      C(   1), H(  14)   3.2721   3.2284   3.560   0.0230    -0.0135            
      C(   1), H(  15)   3.3419   3.2648   3.560   0.0230    -0.0167  1,4       
      C(   1), N(  16)   2.8622            3.970   0.0341     0.5503  1,4       
      C(   1), C(  17)   4.2877            4.080   0.0270    -0.0285            
      C(   1), H(  18)   2.9859   2.9642   3.640   0.0220     0.0612            
      C(   1), H(  19)   4.8907   4.8378   3.560   0.0230    -0.0079            
      C(   1), H(  20)   4.8615   4.8105   3.560   0.0230    -0.0081            
      C(   1), H(  21)   4.6217   4.5873   3.560   0.0230    -0.0105            
      C(   2), O(   4)   2.4235
      C(   2), C(   5)   2.4925
      C(   2), C(   6)   2.9038            4.080   0.0270     0.5032  1,4       
      C(   2), H(   7)   2.1722
      C(   2), H(   8)   2.1900
      C(   2), H(  11)   2.1777
      C(   2), H(  12)   2.1832
      C(   2), H(  13)   3.4655   3.3876   3.560   0.0230    -0.0232  1,4       
      C(   2), H(  14)   2.7797   2.7426   3.560   0.0230     0.1613  1,4       
      C(   2), H(  15)   3.9016   3.8223   3.560   0.0230    -0.0230            
      C(   2), N(  16)   3.5368            3.970   0.0341    -0.0107            
      C(   2), C(  17)   4.7448            4.080   0.0270    -0.0202            
      C(   2), H(  18)   4.0225   3.9779   3.640   0.0220    -0.0209            
      C(   2), H(  19)   5.4244   5.3669   3.560   0.0230    -0.0043            
      C(   2), H(  20)   5.4273   5.3695   3.560   0.0230    -0.0043            
      C(   2), H(  21)   4.7198   4.7125   3.560   0.0230    -0.0091            
      C(   3), O(   4)   2.8624            3.860   0.0399     0.4630  1,4       
      C(   3), C(   6)   2.5324
      C(   3), H(   7)   3.4755   3.3980   3.560   0.0230    -0.0235  1,4       
      C(   3), H(   8)   2.8391   2.7994   3.560   0.0230     0.1188  1,4       
      C(   3), H(   9)   2.1796
      C(   3), H(  10)   2.1732
      C(   3), H(  13)   2.1768
      C(   3), H(  14)   2.1657
      C(   3), H(  15)   3.4964   3.4187   3.560   0.0230    -0.0241  1,4       
      C(   3), N(  16)   3.0338            3.970   0.0341     0.2677  1,4       
      C(   3), C(  17)   3.8670            4.080   0.0270    -0.0267            
      C(   3), H(  18)   3.8388   3.7732   3.640   0.0220    -0.0239            
      C(   3), H(  19)   4.5993   4.5374   3.560   0.0230    -0.0111            
      C(   3), H(  20)   4.6141   4.5511   3.560   0.0230    -0.0109            
      C(   3), H(  21)   3.5470   3.5604   3.560   0.0230    -0.0257            
      O(   4), C(   5)   2.3902
      O(   4), H(   7)   2.0655
      O(   4), H(   8)   2.0930
      O(   4), H(   9)   3.3837   3.3064   3.440   0.0344    -0.0361  1,4       
      O(   4), H(  10)   2.7335   2.6946   3.440   0.0344     0.1884  1,4       
      O(   4), H(  11)   3.3318   3.2846   3.440   0.0344    -0.0352            
      O(   4), H(  12)   3.8519   3.7732   3.440   0.0344    -0.0322            
      O(   4), H(  13)   3.3658   3.2876   3.440   0.0344    -0.0354  1,4       
      O(   4), H(  14)   2.6646   2.6277   3.440   0.0344     0.2713  1,4       
      O(   4), H(  15)   2.0738
      O(   4), N(  16)   2.3756
      O(   4), C(  17)   3.6900            3.860   0.0399    -0.0411  1,4       
      O(   4), H(  18)   2.4818   2.4589   3.420   0.0326     0.5430  1,4       
      O(   4), H(  19)   4.4827   4.4168   3.440   0.0344    -0.0160            
      O(   4), H(  20)   3.9677   3.9357   3.440   0.0344    -0.0276            
      O(   4), H(  21)   4.1241   4.0816   3.440   0.0344    -0.0236            
      C(   5), H(   7)   3.8535   3.7745   3.560   0.0230    -0.0238            
      C(   5), H(   8)   3.3099   3.2637   3.560   0.0230    -0.0166            
      C(   5), H(   9)   3.4655   3.3875   3.560   0.0230    -0.0232  1,4       
      C(   5), H(  10)   2.8081   2.7692   3.560   0.0230     0.1402  1,4       
      C(   5), H(  11)   2.1782
      C(   5), H(  12)   2.1838
      C(   5), H(  15)   2.1759
      C(   5), N(  16)   2.4846
      C(   5), C(  17)   3.1088            4.080   0.0270     0.2207  1,4       
      C(   5), H(  18)   3.3473   3.2777   3.640   0.0220    -0.0108  1,4       
      C(   5), H(  19)   4.0892   4.0113   3.560   0.0230    -0.0196            
      C(   5), H(  20)   3.5505   3.5057   3.560   0.0230    -0.0255            
      C(   5), H(  21)   2.8351   2.8418   3.560   0.0230     0.0927            
      C(   6), H(   7)   3.3324   3.2561   3.560   0.0230    -0.0160  1,4       
      C(   6), H(   8)   2.6850   2.6468   3.560   0.0230     0.2583  1,4       
      C(   6), H(   9)   3.8968   3.8180   3.560   0.0230    -0.0231            
      C(   6), H(  10)   3.3608   3.3146   3.560   0.0230    -0.0200            
      C(   6), H(  11)   2.8421   2.8038   3.560   0.0230     0.1159  1,4       
      C(   6), H(  12)   3.4994   3.4218   3.560   0.0230    -0.0242  1,4       
      C(   6), H(  13)   2.1901
      C(   6), H(  14)   2.1675
      C(   6), C(  17)   2.4604
      C(   6), H(  18)   2.0404
      C(   6), H(  19)   3.4145   3.3376   3.560   0.0230    -0.0212  1,4       
      C(   6), H(  20)   2.7383   2.7014   3.560   0.0230     0.1988  1,4       
      C(   6), H(  21)   2.7749   2.7360   3.560   0.0230     0.1669  1,4       
      H(   7), H(   8)   1.7852
      H(   7), H(   9)   2.5371   2.4484   3.240   0.0200     0.1826  1,4       
      H(   7), H(  10)   2.4676   2.3865   3.240   0.0200     0.2517  1,4       
      H(   7), H(  11)   3.8526   3.7331   3.240   0.0200    -0.0156            
      H(   7), H(  12)   4.3245   4.1848   3.240   0.0200    -0.0090            
      H(   7), H(  13)   4.9157   4.7520   3.240   0.0200    -0.0044            
      H(   7), H(  14)   4.0737   3.9783   3.240   0.0200    -0.0117            
      H(   7), H(  15)   4.1363   4.0019   3.240   0.0200    -0.0113            
      H(   7), N(  16)   3.8411   3.7632   3.550   0.0293    -0.0304            
      H(   7), C(  17)   5.2943   5.2153   3.560   0.0230    -0.0051            
      H(   7), H(  18)   3.7649   3.6939   3.220   0.0190    -0.0151            
      H(   7), H(  19)   5.8536   5.7285   3.240   0.0200    -0.0015            
      H(   7), H(  20)   5.7936   5.6745   3.240   0.0200    -0.0016            
      H(   7), H(  21)   5.7031   5.5815   3.240   0.0200    -0.0017            
      H(   8), H(   9)   2.4982   2.4150   3.240   0.0200     0.2177  1,4       
      H(   8), H(  10)   3.1043   2.9534   3.240   0.0200    -0.0131  1,4       
      H(   8), H(  11)   2.7100   2.6947   3.240   0.0200     0.0344            
      H(   8), H(  12)   3.8714   3.7500   3.240   0.0200    -0.0153            
      H(   8), H(  13)   4.1497   4.0482   3.240   0.0200    -0.0107            
      H(   8), H(  14)   3.9981   3.8767   3.240   0.0200    -0.0132            
      H(   8), H(  15)   3.6955   3.5772   3.240   0.0200    -0.0184            
      H(   8), N(  16)   2.5354   2.5447   3.550   0.0293     0.5052            
      H(   8), C(  17)   3.9436   3.9600   3.560   0.0230    -0.0206            
      H(   8), H(  18)   2.5175   2.5251   3.220   0.0190     0.1022            
      H(   8), H(  19)   4.3136   4.3115   3.240   0.0200    -0.0077            
      H(   8), H(  20)   4.6620   4.6078   3.240   0.0200    -0.0053            
      H(   8), H(  21)   4.3778   4.3456   3.240   0.0200    -0.0074            
      H(   9), H(  10)   1.7881
      H(   9), H(  11)   2.4752   2.3941   3.240   0.0200     0.2422  1,4       
      H(   9), H(  12)   2.5578   2.4673   3.240   0.0200     0.1648  1,4       
      H(   9), H(  13)   4.3225   4.1816   3.240   0.0200    -0.0090            
      H(   9), H(  14)   3.8121   3.6937   3.240   0.0200    -0.0163            
      H(   9), H(  15)   4.9471   4.7836   3.240   0.0200    -0.0043            
      H(   9), N(  16)   4.2703   4.2079   3.550   0.0293    -0.0202            
      H(   9), C(  17)   5.4633   5.4032   3.560   0.0230    -0.0042            
      H(   9), H(  18)   4.6986   4.6007   3.220   0.0190    -0.0049            
      H(   9), H(  19)   5.9933   5.8967   3.240   0.0200    -0.0012            
      H(   9), H(  20)   6.2647   6.1323   3.240   0.0200    -0.0010            
      H(   9), H(  21)   5.4098   5.3474   3.240   0.0200    -0.0022            
      H(  10), H(  11)   3.0944   2.9441   3.240   0.0200    -0.0123  1,4       
      H(  10), H(  12)   2.4708   2.3901   3.240   0.0200     0.2472  1,4       
      H(  10), H(  13)   3.8193   3.7016   3.240   0.0200    -0.0161            
      H(  10), H(  14)   2.6344   2.6234   3.240   0.0200     0.0622            
      H(  10), H(  15)   4.1625   4.0642   3.240   0.0200    -0.0105            
      H(  10), N(  16)   4.3164   4.2511   3.550   0.0293    -0.0193            
      H(  10), C(  17)   5.4884   5.4266   3.560   0.0230    -0.0041            
      H(  10), H(  18)   4.7923   4.6853   3.220   0.0190    -0.0044            
      H(  10), H(  19)   6.2840   6.1507   3.240   0.0200    -0.0010            
      H(  10), H(  20)   6.0278   5.9283   3.240   0.0200    -0.0012            
      H(  10), H(  21)   5.4229   5.3605   3.240   0.0200    -0.0022            
      H(  11), H(  12)   1.7909
      H(  11), H(  13)   2.4980   2.4141   3.240   0.0200     0.2187  1,4       
      H(  11), H(  14)   3.0920   2.9415   3.240   0.0200    -0.0121  1,4       
      H(  11), H(  15)   3.8693   3.7494   3.240   0.0200    -0.0153            
      H(  11), N(  16)   2.7659   2.7716   3.550   0.0293     0.1692            
      H(  11), C(  17)   3.4707   3.4902   3.560   0.0230    -0.0254            
      H(  11), H(  18)   3.5726   3.5153   3.220   0.0190    -0.0181            
      H(  11), H(  19)   3.9785   3.9695   3.240   0.0200    -0.0118            
      H(  11), H(  20)   4.4113   4.3426   3.240   0.0200    -0.0074            
      H(  11), H(  21)   3.1420   3.1739   3.240   0.0200    -0.0220            
      H(  12), H(  13)   2.5312   2.4438   3.240   0.0200     0.1872  1,4       
      H(  12), H(  14)   2.4771   2.3952   3.240   0.0200     0.2409  1,4       
      H(  12), H(  15)   4.3368   4.1979   3.240   0.0200    -0.0089            
      H(  12), N(  16)   4.0609   3.9802   3.550   0.0293    -0.0255            
      H(  12), C(  17)   4.7011   4.6327   3.560   0.0230    -0.0100            
      H(  12), H(  18)   4.9190   4.7671   3.220   0.0190    -0.0040            
      H(  12), H(  19)   5.4336   5.3046   3.240   0.0200    -0.0023            
      H(  12), H(  20)   5.4268   5.2994   3.240   0.0200    -0.0023            
      H(  12), H(  21)   4.1699   4.1462   3.240   0.0200    -0.0095            
      H(  13), H(  14)   1.7759
      H(  13), H(  15)   2.5391   2.4507   3.240   0.0200     0.1803  1,4       
      H(  13), N(  16)   2.7555   2.7195   3.550   0.0293     0.2228  1,4       
      H(  13), C(  17)   2.8204   2.8282   3.560   0.0230     0.1006            
      H(  13), H(  18)   3.7279   3.6126   3.220   0.0190    -0.0164            
      H(  13), H(  19)   3.7970   3.7307   3.240   0.0200    -0.0156            
      H(  13), H(  20)   3.2279   3.1965   3.240   0.0200    -0.0222            
      H(  13), H(  21)   2.2038   2.2708   3.240   0.0200     0.4394            
      H(  14), H(  15)   2.4583   2.3780   3.240   0.0200     0.2628  1,4       
      H(  14), N(  16)   3.4314   3.3549   3.550   0.0293    -0.0285  1,4       
      H(  14), C(  17)   4.0504   3.9747   3.560   0.0230    -0.0203            
      H(  14), H(  18)   4.1824   4.0509   3.220   0.0190    -0.0098            
      H(  14), H(  19)   5.0916   4.9316   3.240   0.0200    -0.0036            
      H(  14), H(  20)   4.2833   4.1918   3.240   0.0200    -0.0089            
      H(  14), H(  21)   3.7793   3.7131   3.240   0.0200    -0.0159            
      H(  15), N(  16)   2.1173
      H(  15), C(  17)   2.6318   2.6017   3.560   0.0230     0.3177  1,4       
      H(  15), H(  18)   2.4905   2.3975   3.220   0.0190     0.2093  1,4       
      H(  15), H(  19)   3.6596   3.5480   3.240   0.0200    -0.0189            
      H(  15), H(  20)   2.4216   2.4243   3.240   0.0200     0.2074            
      H(  15), H(  21)   3.0106   2.9359   3.240   0.0200    -0.0116            
      N(  16), H(  19)   2.1209
      N(  16), H(  20)   2.1447
      N(  16), H(  21)   2.1294
      C(  17), H(  18)   2.0361
      H(  18), H(  19)   2.3687   2.2903   3.220   0.0190     0.3561  1,4       
      H(  18), H(  20)   2.4552   2.3678   3.220   0.0190     0.2437  1,4       
      H(  18), H(  21)   2.9639   2.8200   3.220   0.0190     0.0006  1,4       
      H(  19), H(  20)   1.8145
      H(  19), H(  21)   1.7887
      H(  20), H(  21)   1.8150


      BOND ANGLES, BENDING AND STRETCH-BEND ENERGIES   (   40 ANGLES)

          EB = 0.021914(KB)(DT)(DT)(1+CF*DT+QF*DT**2+PF*DT**3+SF*DT**4)
                          DT = THETA-TZERO
                          CF = -1400.000E-5
                          QF =     5.600E-5
                          PF =    -0.070E-5
                          SF =     0.022E-6
          ESB(J) = 2.51124(KSB(J))(DT)(DR1+DR2)
                          DR(I) = R(I) - R0(I)
          EBDBD  = -0.02191418(KBB1)(DT1)(KBB2)(DT2)

          A T O M S            THETA    TZERO     KB     EB     KSB    ESB
   C(   2)- C(   1)- O(   4)  110.419  107.900  0.830  0.1114  0.13  0.0160     
   C(   2)- C(   1)- H(   7)  109.871  109.310  0.590  0.0040  0.08  0.0012     
   C(   2)- C(   1)- H(   8)  110.901  109.310  0.590  0.0320  0.08  0.0032     
   O(   4)- C(   1)- H(   7)  108.596  108.900  0.820  0.0017  0.08 -0.0007     
   O(   4)- C(   1)- H(   8)  110.408  108.900  0.820  0.0400  0.08  0.0032     
   H(   7)- C(   1)- H(   8)  106.545  107.600  0.550  0.0136                   
   C(   1)- C(   2)- C(   3)  110.497  111.000  0.670  0.0037  0.13 -0.0028     
   C(   1)- C(   2)- H(   9)  110.172  109.310  0.590  0.0095  0.08  0.0020     
   C(   1)- C(   2)- H(  10)  109.542  109.310  0.590  0.0007  0.08  0.0006     
   C(   3)- C(   2)- H(   9)  110.129  109.310  0.590  0.0086  0.08  0.0016     
   C(   3)- C(   2)- H(  10)  109.602  109.310  0.590  0.0011  0.08  0.0006     
   H(   9)- C(   2)- H(  10)  106.825  107.600  0.550  0.0073                   
   C(   2)- C(   3)- C(   5)  109.159  111.000  0.670  0.0511  0.13 -0.0096     
   C(   2)- C(   3)- H(  11)  109.925  109.310  0.590  0.0049  0.08  0.0012     
   C(   2)- C(   3)- H(  12)  110.347  109.310  0.590  0.0137  0.08  0.0021     
   C(   5)- C(   3)- H(  11)  109.998  109.310  0.590  0.0061  0.08  0.0015     
   C(   5)- C(   3)- H(  12)  110.427  109.310  0.590  0.0159  0.08  0.0024     
   H(  11)- C(   3)- H(  12)  106.966  107.600  0.550  0.0049                   
   C(   1)- O(   4)- C(   6)  114.152  107.200  0.820  0.7862  0.10  0.0385     
   C(   3)- C(   5)- C(   6)  111.686  111.000  0.670  0.0068  0.13  0.0056     
   C(   3)- C(   5)- H(  13)  110.044  109.310  0.590  0.0069  0.08  0.0014     
   C(   3)- C(   5)- H(  14)  109.051  109.310  0.590  0.0009  0.08 -0.0006     
   C(   6)- C(   5)- H(  13)  110.940  109.310  0.590  0.0336  0.08  0.0057     
   C(   6)- C(   5)- H(  14)  109.042  109.310  0.590  0.0009  0.08 -0.0011     
   H(  13)- C(   5)- H(  14)  105.889  107.600  0.550  0.0361                   
   O(   4)- C(   6)- C(   5)  107.849  107.000  0.830  0.0130  0.13  0.0080     
   O(   4)- C(   6)- H(  15)  108.286  110.000  0.820  0.0541  0.08 -0.0055     
   O(   4)- C(   6)- N(  16)  110.549  109.500  0.695  0.0165  0.13  0.0080    R
   C(   5)- C(   6)- H(  15)  109.075  109.800  0.590  0.0069  0.08 -0.0030     
   C(   5)- C(   6)- N(  16)  112.013  108.000  0.780  0.2600  0.13  0.0365     
   H(  15)- C(   6)- N(  16)  108.987  109.300  0.820  0.0018  0.08 -0.0010     
   C(   6)- N(  16)- C(  17)  114.325  108.200  0.720  0.5423  0.05  0.0156     
   C(   6)- N(  16)- H(  18)  109.216  108.100  0.600  0.0161  0.03  0.0011     
   C(  17)- N(  16)- H(  18)  109.005  108.100  0.600  0.0106  0.03  0.0008     
   N(  16)- C(  17)- H(  19)  110.146  109.300  0.820  0.0127  0.08  0.0017     
   N(  16)- C(  17)- H(  20)  111.301  109.300  0.820  0.0700  0.08  0.0041     
   N(  16)- C(  17)- H(  21)  110.947  109.300  0.820  0.0476  0.08  0.0027     
   H(  19)- C(  17)- H(  20)  108.463  107.800  0.550  0.0052                   
   H(  19)- C(  17)- H(  21)  107.215  107.800  0.550  0.0042                   
   H(  20)- C(  17)- H(  21)  108.643  107.800  0.550  0.0085                   


     DIHEDRAL ANGLES, TORSIONAL ENERGY (ET)   (   54 ANGLES)

           ET = (V1/2)(1+COS(W))+(V2/2)(1-COS(2W))+(V3/2)(1+COS(3W))

           ETS = -11.995*(R-R0)((KTS1/2)(1+COS(W))+
                                (KTS2/2)(1-COS(2W)+
                                (KTS3/2)(1+COS(3W))

           SIGN OF ANGLE A-B-C-D : WHEN LOOKING THROUGH B TOWARD C,
           IF D IS COUNTERCLOCKWISE FROM A, NEGATIVE.

         A T O M S               OMEGA    V1     V2     V3     ET   KTS3   ETS
 C(   1) C(   2) C(   3) C(   5)  51.8  0.185  0.170  0.520  0.278 0.059 0.000  
 C(   1) C(   2) C(   3) H(  11) -68.9  0.000  0.000  0.280  0.015 0.059 0.000  
 C(   1) C(   2) C(   3) H(  12) 173.3  0.000  0.000  0.280  0.008 0.059 0.000  
 C(   1) O(   4) C(   6) C(   5) -61.9  0.450  0.050  0.757  0.372 0.100 0.000  
 C(   1) O(   4) C(   6) H(  15)-179.8  0.000  0.000  0.680  0.000 0.100 0.000  
 C(   1) O(   4) C(   6) N(  16)  60.9  0.000  0.000  0.200  0.000 0.100 0.000 R
 C(   2) C(   1) O(   4) C(   6)  61.9  0.450  0.050  0.757  0.372 0.100 0.000  
 C(   2) C(   3) C(   5) C(   6) -53.9  0.185  0.170  0.520  0.271 0.059 0.000  
 C(   2) C(   3) C(   5) H(  13)-177.6  0.000  0.000  0.280  0.001 0.059 0.000  
 C(   2) C(   3) C(   5) H(  14)  66.7  0.000  0.000  0.280  0.009 0.059 0.000  
 C(   3) C(   2) C(   1) O(   4) -55.1  0.200  0.000  0.300  0.162 0.059 0.000  
 C(   3) C(   2) C(   1) H(   7)-174.8  0.000  0.000  0.280  0.005 0.059 0.000  
 C(   3) C(   2) C(   1) H(   8)  67.6  0.000  0.000  0.280  0.011 0.059 0.000  
 C(   3) C(   5) C(   6) O(   4)  57.3  0.200  0.000  0.300  0.156 0.059 0.000  
 C(   3) C(   5) C(   6) H(  15) 174.7  0.000  0.000  0.280  0.005 0.059 0.000  
 C(   3) C(   5) C(   6) N(  16) -64.6 -0.302  0.696  0.499  0.359 0.059 0.000  
 O(   4) C(   1) C(   2) H(   9)-177.0  0.000  0.000  0.300  0.002 0.059 0.000  
 O(   4) C(   1) C(   2) H(  10)  65.8  0.000  0.000  0.300  0.007 0.059 0.000  
 O(   4) C(   6) C(   5) H(  13)-179.5  0.000  0.000  0.300  0.000 0.059 0.000  
 O(   4) C(   6) C(   5) H(  14) -63.3  0.000  0.000  0.300  0.002 0.059 0.000  
 O(   4) C(   6) N(  16) C(  17) 166.7  0.000  0.000  0.360  0.042 0.061-0.001 R
 O(   4) C(   6) N(  16) H(  18)  44.3  0.000  0.000  0.360  0.058 0.061-0.001 R
 C(   5) C(   3) C(   2) H(   9) 173.7  0.000  0.000  0.280  0.007 0.059 0.000  
 C(   5) C(   3) C(   2) H(  10) -69.0  0.000  0.000  0.280  0.015 0.059 0.000  
 C(   5) C(   6) N(  16) C(  17) -73.0  0.958 -0.155  0.766  0.563 0.061-0.001  
 C(   5) C(   6) N(  16) H(  18) 164.6  0.073 -0.422  0.327  0.022 0.061-0.001  
 C(   6) O(   4) C(   1) H(   7)-177.6  0.000  0.000  0.680  0.003 0.100 0.000  
 C(   6) O(   4) C(   1) H(   8) -61.1  0.000  0.000  0.680  0.001 0.100 0.000  
 C(   6) C(   5) C(   3) H(  11)  66.8  0.000  0.000  0.280  0.009 0.059 0.000  
 C(   6) C(   5) C(   3) H(  12)-175.4  0.000  0.000  0.280  0.004 0.059 0.000  
 C(   6) N(  16) C(  17) H(  19)-177.7  0.072 -0.012  0.563  0.002 0.061 0.000  
 C(   6) N(  16) C(  17) H(  20) -57.4  0.072 -0.012  0.563  0.050 0.061 0.000  
 C(   6) N(  16) C(  17) H(  21)  63.7  0.072 -0.012  0.563  0.048 0.061 0.000  
 H(   7) C(   1) C(   2) H(   9)  63.2  0.000  0.000  0.238  0.002 0.059 0.000  
 H(   7) C(   1) C(   2) H(  10) -54.0  0.000  0.000  0.238  0.006 0.059 0.000  
 H(   8) C(   1) C(   2) H(   9) -54.3  0.000  0.000  0.238  0.005 0.059 0.000  
 H(   8) C(   1) C(   2) H(  10)-171.5  0.000  0.000  0.238  0.012 0.059 0.000  
 H(   9) C(   2) C(   3) H(  11)  53.0  0.000  0.000  0.238  0.008 0.059 0.000  
 H(   9) C(   2) C(   3) H(  12) -64.7  0.000  0.000  0.238  0.004 0.059 0.000  
 H(  10) C(   2) C(   3) H(  11) 170.2  0.000  0.000  0.238  0.015 0.059 0.000  
 H(  10) C(   2) C(   3) H(  12)  52.5  0.000  0.000  0.238  0.009 0.059 0.000  
 H(  11) C(   3) C(   5) H(  13) -56.9  0.000  0.000  0.238  0.002 0.059 0.000  
 H(  11) C(   3) C(   5) H(  14)-172.6  0.000  0.000  0.238  0.009 0.059 0.000  
 H(  12) C(   3) C(   5) H(  13)  61.0  0.000  0.000  0.238  0.000 0.059 0.000  
 H(  12) C(   3) C(   5) H(  14) -54.8  0.000  0.000  0.238  0.004 0.059 0.000  
 H(  13) C(   5) C(   6) H(  15) -62.1  0.000  0.000  0.238  0.001 0.059 0.000  
 H(  13) C(   5) C(   6) N(  16)  58.6  0.000  0.000  0.374  0.000 0.059 0.000  
 H(  14) C(   5) C(   6) H(  15)  54.1  0.000  0.000  0.238  0.006 0.059 0.000  
 H(  14) C(   5) C(   6) N(  16) 174.9  0.000  0.000  0.374  0.007 0.059 0.000  
 H(  15) C(   6) N(  16) C(  17)  47.8  0.072 -0.012  0.563  0.109 0.061-0.001  
 H(  15) C(   6) N(  16) H(  18) -74.6  0.121 -0.648  0.199 -0.498 0.061-0.001  
 H(  18) N(  16) C(  17) H(  19) -55.2  0.121 -0.648  0.199 -0.339 0.061 0.000  
 H(  18) N(  16) C(  17) H(  20)  65.1  0.121 -0.648  0.199 -0.444 0.061 0.000  
 H(  18) N(  16) C(  17) H(  21)-173.8  0.121 -0.648  0.199 -0.002 0.061 0.000  

     DIPOLE-DIPOLE INTERACTION ENERGY  (DIELECTRIC CONSTANT = 1.50)

          E = 14.388*MU1*MU2*(COSX-3*COSA*COSB)/(R12**3*DIELC)

               MU1 = BOND MOM OF BOND 1
               MU2 = BOND MOM OF BOND 2
               R12 = DISTANCE BETWEEN MID-POINTS OF TWO BONDS.

        BOND(1)       MU1           BOND(2)       MU2      R12        E
   C(   1)- O(   4)  1.170   + C(   6)- N(  16)  0.680   2.0863   -0.8880       
   C(   1)- O(   4)  1.170   + N(  16)- C(  17) -0.680   3.2276    0.1398       
   C(   1)- O(   4)  1.170   + N(  16)- H(  18) -1.340   2.5422    0.0551       
   O(   4)- C(   6) -1.170   + N(  16)- C(  17) -0.680   2.4129   -0.5727       
   O(   4)- C(   6) -1.170   + N(  16)- H(  18) -1.340   1.9395   -2.0523       


 ==============================================================================
                        NORMAL MODE VIBRATIONAL ANALYSIS
 ==============================================================================


             Molecular Shape : ASYMMETRIC ROTOR WITH KAPPA =-0.741480
        Symmetry Point Group : C1  
             Symmetry Number :  1
                   Chirality : yes



0       FUNDAMENTAL NORMAL VIBRATIONAL FREQUENCIES
                ( THEORETICALLY  57 VALUES )

             Frequency :  in 1/cm
             A(i)      :  IR intensity (vs,s,m,w,vw,-- or in 10**6 cm/mole)
             A(i) = -- :  IR inactive


             no       Frequency   Symmetry      A(i)

             1.          3378.3     (A   )        s
             2.          2993.3     (A   )        m
             3.          2949.5     (A   )        m
             4.          2949.3     (A   )        m
             5.          2942.6     (A   )        m
             6.          2938.1     (A   )        m
             7.          2930.5     (A   )        m
             8.          2894.7     (A   )        m
             9.          2888.5     (A   )        m
            10.          2874.4     (A   )        m
            11.          2866.1     (A   )        m
            12.          2835.9     (A   )        m
            13.          2806.0     (A   )        m
            14.          1607.9     (A   )        m
            15.          1552.4     (A   )        m
            16.          1513.6     (A   )        w
            17.          1492.3     (A   )        w
            18.          1475.7     (A   )        w
            19.          1465.2     (A   )        w
            20.          1461.8     (A   )        w
            21.          1458.5     (A   )        w
            22.          1441.0     (A   )        w
            23.          1434.1     (A   )        m
            24.          1420.5     (A   )        m
            25.          1408.7     (A   )        m
            26.          1392.7     (A   )        w
            27.          1346.4     (A   )        m
            28.          1308.7     (A   )        w
            29.          1250.9     (A   )        w
            30.          1223.4     (A   )        m
            31.          1198.5     (A   )        w
            32.          1171.6     (A   )        w
            33.          1163.9     (A   )        m
            34.          1119.3     (A   )        w
            35.          1090.7     (A   )        w
            36.          1061.2     (A   )        m
            37.          1052.0     (A   )        w
            38.          1030.3     (A   )        w
            39.           988.3     (A   )        w
            40.           922.6     (A   )        w
            41.           901.7     (A   )        m
            42.           874.4     (A   )        m
            43.           848.6     (A   )        w
            44.           819.0     (A   )        w
            45.           798.5     (A   )        m
            46.           755.0     (A   )        m
            47.           625.4     (A   )        w
            48.           503.0     (A   )        w
            49.           446.4     (A   )        w
            50.           414.3     (A   )        w
            51.           378.8     (A   )        w
            52.           314.7     (A   )        w
            53.           301.8     (A   )        w
            54.           245.5     (A   )        w
            55.           193.9     (A   )        w
            56.           147.0     (A   )        w
            57.            78.9     (A   )        w
            58.     (       0.0)    (t/r )
            59.     (       0.0)    (t/r )
            60.     (       0.0)    (t/r )
            61.     (       0.0)    (t/r )
            62.     (       0.0)    (t/r )
            63.     (       0.0)    (t/r )


0       CORRESPONDING EIGEN VECTOR MATRIX   63 BY  63



 (  1)
     0.000    0.000    0.000    0.000    0.000    0.000    0.000    0.000
     0.000    0.000    0.000    0.000    0.000    0.000    0.000   -0.001
    -0.001    0.002    0.000    0.000    0.000    0.001    0.000    0.000
     0.000    0.000    0.000    0.000    0.000    0.000    0.000    0.000
     0.000    0.000    0.000    0.000    0.000   -0.001    0.000    0.000
     0.000    0.000   -0.001    0.000   -0.007    0.011    0.068   -0.015
     0.001   -0.001    0.000   -0.153   -0.928    0.193   -0.008    0.002
     0.004   -0.006    0.001   -0.004    0.005    0.002    0.000

 (  2)
     0.000    0.000    0.000    0.000    0.000    0.000    0.000    0.000
     0.000    0.000    0.000    0.000   -0.003    0.002    0.001    0.000
     0.000    0.000    0.000    0.000    0.000    0.000    0.000    0.000
     0.000    0.000    0.000    0.000    0.000    0.000    0.000    0.000
    -0.001    0.000   -0.001    0.000    0.032   -0.028    0.001    0.006
     0.000   -0.010    0.002    0.001    0.003    0.000   -0.001    0.001
     0.034    0.076   -0.040    0.010   -0.002   -0.001   -0.282   -0.084
     0.420   -0.032   -0.030   -0.030   -0.096   -0.779    0.085

 (  3)
     0.067   -0.053   -0.021    0.004    0.002   -0.005    0.002    0.003
    -0.002   -0.001    0.000    0.000   -0.002    0.001    0.000    0.000
     0.000   -0.001   -0.616    0.647    0.008   -0.163   -0.029    0.257
    -0.002   -0.003    0.000   -0.048   -0.011    0.057   -0.012    0.002
     0.020   -0.013   -0.029    0.004    0.015   -0.015    0.001    0.005
     0.000   -0.008    0.003    0.001    0.004    0.000    0.000    0.000
     0.000    0.000    0.000    0.000    0.000    0.000    0.002    0.000
    -0.003    0.000    0.000   -0.001    0.000   -0.001    0.000

 (  4)
     0.001   -0.001   -0.001   -0.001   -0.001   -0.007    0.002    0.000
    -0.005    0.000    0.000    0.000    0.069   -0.046   -0.029    0.000
     0.001    0.001   -0.011    0.012    0.000   -0.004   -0.001    0.007
     0.033    0.008    0.045   -0.029   -0.002    0.037   -0.023    0.006
     0.054   -0.002   -0.007    0.003   -0.579    0.552   -0.048   -0.231
    -0.022    0.399   -0.003   -0.003   -0.005    0.000    0.000    0.000
     0.005   -0.004   -0.014    0.001    0.000    0.000   -0.088   -0.021
     0.132    0.025    0.017    0.041    0.007    0.052   -0.004

 (  5)
     0.000    0.000    0.000    0.000    0.000   -0.003    0.001    0.000
    -0.001    0.000    0.000    0.000    0.013   -0.008   -0.006    0.000
     0.000    0.001    0.001   -0.001    0.000    0.000    0.000    0.000
     0.015    0.004    0.021   -0.014   -0.001    0.018   -0.007    0.002
     0.015   -0.003   -0.006    0.001   -0.098    0.095   -0.009   -0.047
    -0.005    0.082   -0.003   -0.002   -0.006    0.002    0.000    0.000
    -0.019    0.042    0.070   -0.002   -0.006    0.003    0.407    0.091
    -0.615   -0.157   -0.105   -0.247   -0.048   -0.473    0.032

 (  6)
    -0.003    0.004    0.000   -0.003   -0.007   -0.089    0.009    0.006
    -0.009    0.000    0.000    0.000   -0.006    0.004    0.002    0.000
     0.000    0.000    0.042   -0.044   -0.001   -0.004   -0.009    0.002
     0.405    0.103    0.560   -0.370   -0.024    0.485   -0.064    0.014
     0.095   -0.038   -0.079    0.013    0.055   -0.053    0.005    0.021
     0.002   -0.032    0.001    0.000    0.001    0.000    0.000    0.000
     0.000   -0.001   -0.002    0.000    0.000    0.000   -0.009   -0.002
     0.013    0.004    0.003    0.006    0.001    0.014   -0.001

 (  7)
    -0.002    0.001    0.001    0.002    0.001    0.015    0.052    0.047
    -0.056    0.000    0.000    0.000   -0.003    0.003   -0.001   -0.001
     0.000   -0.001    0.022   -0.022    0.000    0.008    0.002   -0.011
    -0.074   -0.019   -0.103    0.043    0.011   -0.066   -0.325    0.044
     0.555   -0.290   -0.598    0.099    0.036   -0.034    0.003   -0.001
     0.001    0.020    0.004    0.002    0.006    0.000    0.000    0.000
     0.000    0.000    0.000    0.000    0.000    0.000   -0.002    0.000
     0.002    0.001    0.001    0.002    0.000    0.004    0.000

 (  8)
     0.003    0.001   -0.003   -0.020   -0.002    0.003    0.004   -0.022
    -0.022    0.000    0.000    0.000   -0.004   -0.030    0.060    0.004
     0.003    0.004   -0.005    0.001    0.001   -0.022   -0.006    0.039
     0.100    0.022    0.124    0.126    0.010   -0.154   -0.149    0.030
     0.256    0.097    0.209   -0.020   -0.292    0.286   -0.044    0.348
     0.060   -0.642   -0.039   -0.021   -0.050    0.000    0.000    0.000
     0.000    0.001    0.001    0.000    0.001    0.000    0.001    0.000
    -0.002   -0.004   -0.003   -0.006    0.000   -0.013    0.000

 (  9)
     0.008    0.005   -0.014   -0.064   -0.009    0.006    0.005   -0.018
    -0.012    0.000    0.000    0.000    0.001    0.015   -0.026   -0.002
    -0.002   -0.002    0.003   -0.016    0.004   -0.091   -0.024    0.159
     0.325    0.079    0.412    0.395    0.029   -0.480   -0.097    0.021
     0.172    0.069    0.170   -0.024    0.143   -0.143    0.018   -0.151
    -0.027    0.281    0.020    0.011    0.027    0.000    0.000    0.000
     0.000   -0.001    0.000    0.000    0.000    0.000    0.000    0.000
     0.001    0.002    0.001    0.003    0.000    0.006    0.000

 ( 10)
    -0.006   -0.008    0.018    0.025    0.007   -0.001    0.003   -0.052
    -0.038    0.000    0.000    0.000    0.000    0.012   -0.015   -0.002
    -0.001   -0.002   -0.042    0.051   -0.005    0.113    0.031   -0.197
    -0.140   -0.043   -0.184   -0.157   -0.011    0.190   -0.286    0.063
     0.502    0.248    0.532   -0.070    0.105   -0.110    0.009   -0.096
    -0.018    0.179    0.016    0.008    0.022    0.000    0.000    0.000
     0.000    0.000    0.000    0.000    0.000    0.000    0.000    0.000
     0.000    0.001    0.001    0.002    0.000    0.004    0.000

 ( 11)
    -0.015   -0.030    0.066   -0.019   -0.001   -0.002    0.000    0.009
     0.006   -0.002    0.000   -0.002    0.000   -0.002    0.001    0.001
     0.000    0.001   -0.217    0.233   -0.017    0.416    0.117   -0.733
     0.115    0.023    0.154    0.118    0.013   -0.140    0.048   -0.011
    -0.085   -0.047   -0.097    0.013   -0.012    0.013   -0.001    0.011
     0.002   -0.020   -0.008   -0.004   -0.012    0.000    0.000    0.000
     0.000    0.000    0.000   -0.001    0.000    0.000    0.000    0.000
     0.000    0.000    0.000    0.000    0.000    0.000    0.000

 ( 12)
     0.000    0.000   -0.001    0.000    0.000    0.000    0.000   -0.001
     0.000   -0.001    0.001   -0.001   -0.002    0.002   -0.006    0.046
     0.017    0.067   -0.001    0.001    0.000   -0.006   -0.002    0.010
    -0.001    0.000   -0.002   -0.001    0.000    0.001   -0.005    0.001
     0.009    0.001    0.004   -0.001    0.038   -0.030    0.005   -0.029
     0.001    0.060   -0.524   -0.201   -0.766    0.001    0.000   -0.002
     0.001    0.000    0.001   -0.001    0.008    0.003   -0.007   -0.001
     0.010   -0.008   -0.005   -0.012    0.000    0.006    0.000

 ( 13)
     0.000    0.000    0.000    0.000    0.000    0.000    0.000    0.000
     0.000    0.000    0.000    0.000    0.000    0.000    0.000    0.000
     0.001    0.002    0.000    0.000    0.000    0.000    0.000    0.000
     0.000    0.000    0.000    0.000    0.000    0.000    0.000    0.000
     0.000    0.000    0.000    0.000   -0.003    0.004   -0.001    0.000
     0.000   -0.001   -0.010   -0.004   -0.015    0.004   -0.001    0.000
    -0.057   -0.005   -0.045   -0.009   -0.008    0.002    0.160    0.036
    -0.203    0.492    0.281    0.695   -0.011   -0.233    0.034

 ( 14)
     0.006    0.009    0.010   -0.002   -0.003    0.000    0.001    0.000
     0.000    0.019   -0.031   -0.018    0.007   -0.005   -0.008   -0.123
     0.060    0.076   -0.033   -0.028   -0.059   -0.017    0.007   -0.002
     0.000    0.000   -0.003    0.001    0.007    0.004    0.002   -0.002
     0.001   -0.001    0.001   -0.002   -0.036   -0.051    0.010    0.026
     0.051    0.004    0.530   -0.189   -0.302    0.084   -0.013   -0.031
    -0.045    0.015    0.000   -0.248    0.079    0.130    0.006   -0.058
     0.036    0.013   -0.060   -0.025    0.124    0.000   -0.011

 ( 15)
     0.105    0.066    0.109   -0.021   -0.034   -0.010    0.002    0.006
     0.001   -0.034   -0.018   -0.031   -0.003   -0.003    0.000    0.016
    -0.003   -0.004   -0.128   -0.170   -0.501   -0.485    0.022   -0.219
     0.001   -0.015   -0.043    0.031    0.073    0.042   -0.005   -0.011
    -0.001   -0.010    0.012   -0.010    0.014    0.015   -0.003   -0.003
     0.004    0.002    0.000   -0.031    0.016   -0.013    0.003    0.006
     0.012   -0.004    0.000    0.064   -0.017   -0.027   -0.012    0.023
    -0.016   -0.016    0.021    0.013   -0.040    0.001    0.006

 ( 16)
    -0.008   -0.001   -0.008    0.003   -0.001    0.002   -0.006    0.001
    -0.005    0.009   -0.010   -0.007    0.007   -0.019    0.013   -0.035
     0.024    0.019   -0.008    0.002    0.041    0.060   -0.011    0.029
     0.002    0.004    0.002   -0.002    0.001   -0.002    0.016    0.005
     0.007    0.011   -0.004    0.022    0.080    0.035   -0.141   -0.097
     0.139   -0.026    0.220   -0.132   -0.116   -0.038    0.015   -0.001
     0.107   -0.059   -0.002    0.140   -0.022   -0.065   -0.221    0.431
    -0.166   -0.135    0.141    0.107   -0.477    0.011    0.211

 ( 17)
     0.000   -0.005   -0.001   -0.005    0.011   -0.002    0.020   -0.007
     0.016   -0.005    0.006   -0.002   -0.006    0.063   -0.049   -0.027
    -0.058    0.020    0.011    0.004    0.013    0.002    0.006    0.002
    -0.005   -0.012    0.001   -0.001   -0.024    0.000   -0.037   -0.004
    -0.016   -0.048    0.013   -0.069   -0.242   -0.114    0.389    0.293
    -0.367    0.060    0.190    0.160   -0.194   -0.023    0.024    0.015
     0.048   -0.007    0.008    0.223   -0.039   -0.118   -0.155   -0.127
    -0.158   -0.224    0.132    0.160    0.032   -0.025   -0.149

 ( 18)
    -0.001    0.005   -0.002    0.008   -0.010    0.003   -0.031   -0.001
    -0.027    0.001   -0.004   -0.004    0.028   -0.017    0.046   -0.003
     0.015   -0.009   -0.010   -0.001    0.024    0.023   -0.021    0.008
     0.003    0.004    0.007   -0.009    0.023   -0.009    0.084    0.052
     0.031    0.025   -0.013    0.110    0.101    0.005   -0.283   -0.252
     0.193   -0.080    0.075   -0.121   -0.029   -0.024    0.015    0.028
     0.028    0.012    0.018    0.141   -0.029   -0.064   -0.094   -0.463
    -0.145   -0.297    0.232    0.175    0.176   -0.043   -0.414

 ( 19)
    -0.014   -0.061    0.009    0.005    0.080   -0.001   -0.019   -0.066
    -0.045    0.000    0.010    0.006    0.058    0.058    0.037   -0.021
    -0.050    0.008    0.167    0.097   -0.187   -0.144    0.240   -0.009
     0.005   -0.198    0.057   -0.018   -0.171   -0.037    0.180    0.354
     0.012   -0.144    0.024    0.324   -0.107   -0.133   -0.141   -0.164
    -0.099   -0.098    0.020    0.113   -0.069    0.007    0.002   -0.004
    -0.012    0.003   -0.005    0.052   -0.011   -0.034    0.024    0.078
     0.032    0.067   -0.074   -0.033    0.005    0.012    0.091

 ( 20)
    -0.020   -0.048    0.006    0.086   -0.002    0.011   -0.040    0.052
     0.000    0.003    0.001    0.005    0.002   -0.006    0.002   -0.002
     0.004   -0.001    0.206    0.155   -0.182   -0.150    0.233   -0.017
    -0.324    0.007    0.343   -0.340   -0.044   -0.352   -0.030   -0.281
     0.051    0.228   -0.088   -0.174    0.026    0.020    0.032    0.003
    -0.001    0.003    0.005   -0.013   -0.002    0.001    0.000    0.001
     0.003   -0.001    0.000    0.001    0.001    0.002   -0.014   -0.006
    -0.012   -0.017    0.007    0.012    0.000   -0.001   -0.007

 ( 21)
    -0.021   -0.067    0.004   -0.032    0.102   -0.012    0.087   -0.034
     0.051    0.012   -0.006    0.004   -0.072   -0.064   -0.039    0.020
     0.062   -0.008    0.146    0.077   -0.179   -0.085    0.256    0.025
     0.060   -0.169   -0.036    0.090   -0.219    0.068   -0.185    0.058
    -0.116   -0.107    0.040   -0.073    0.098    0.126    0.049    0.158
     0.172    0.109   -0.037   -0.129    0.088   -0.004   -0.004    0.002
     0.017   -0.007    0.007   -0.087    0.020    0.058   -0.040   -0.085
    -0.045   -0.090    0.106    0.042   -0.028   -0.015   -0.116

 ( 22)
     0.000    0.002    0.000    0.004    0.000    0.000   -0.002   -0.003
    -0.004    0.002   -0.005   -0.004    0.003    0.007   -0.003   -0.010
     0.011   -0.004   -0.010   -0.007    0.010    0.017   -0.011    0.007
    -0.025   -0.005    0.024   -0.028   -0.003   -0.026    0.020    0.031
     0.004   -0.012    0.006    0.029   -0.036   -0.027    0.052    0.037
    -0.062    0.008    0.100   -0.065   -0.063   -0.022   -0.010    0.028
    -0.006   -0.018    0.013    0.082   -0.042   -0.023    0.426   -0.035
     0.309    0.226    0.457   -0.341   -0.386   -0.018   -0.338

 ( 23)
    -0.010   -0.026   -0.004   -0.025    0.019   -0.002    0.018    0.016
     0.038   -0.007    0.016    0.004    0.000    0.002    0.000   -0.021
    -0.082    0.029    0.088    0.063   -0.026   -0.041    0.102   -0.002
     0.144   -0.006   -0.128    0.161   -0.035    0.148   -0.161   -0.281
    -0.027    0.084   -0.061   -0.302    0.097    0.084   -0.223   -0.168
     0.191   -0.079    0.197    0.288   -0.217   -0.011    0.012    0.018
    -0.026    0.020   -0.009    0.323   -0.082   -0.173    0.125   -0.010
     0.088    0.112   -0.090   -0.065    0.074    0.022    0.058

 ( 24)
     0.023    0.031    0.005    0.020    0.015   -0.010    0.047   -0.025
     0.011   -0.011   -0.004   -0.013   -0.048   -0.047   -0.029    0.005
     0.001    0.009   -0.133   -0.116    0.125    0.064   -0.204   -0.010
    -0.257   -0.047    0.209   -0.234   -0.076   -0.223   -0.017    0.258
    -0.059   -0.155    0.094    0.164    0.116    0.128    0.008    0.107
     0.183    0.076    0.159   -0.023   -0.087   -0.034    0.008    0.025
    -0.021    0.027   -0.015    0.356   -0.099   -0.178    0.092   -0.019
     0.050    0.093   -0.186   -0.013    0.145    0.030    0.120

 ( 25)
    -0.026   -0.024   -0.005   -0.005   -0.011    0.009   -0.036    0.016
    -0.023    0.017   -0.021   -0.007    0.017   -0.001    0.018   -0.004
     0.090   -0.035    0.087    0.084   -0.082    0.017    0.153    0.049
     0.148    0.031   -0.111    0.121    0.063    0.116    0.068   -0.071
     0.046    0.098   -0.040    0.023   -0.078   -0.095    0.147    0.058
    -0.157    0.032    0.051   -0.514    0.077   -0.055    0.002    0.033
    -0.011    0.027   -0.018    0.360   -0.112   -0.165    0.095   -0.010
     0.040    0.096   -0.204   -0.001    0.139    0.032    0.136

 ( 26)
     0.033    0.023    0.013   -0.016    0.101   -0.014    0.019   -0.025
     0.028   -0.003   -0.011   -0.014    0.045    0.054    0.040   -0.003
     0.021   -0.020   -0.230   -0.232    0.088    0.096   -0.214    0.013
    -0.080   -0.289    0.104   -0.054   -0.301   -0.068   -0.173   -0.205
    -0.063    0.045   -0.090   -0.280   -0.158   -0.172   -0.125   -0.179
    -0.168   -0.099   -0.058   -0.212    0.071   -0.007   -0.002    0.001
     0.002    0.000   -0.001   -0.017    0.000    0.007   -0.002    0.005
    -0.003    0.006   -0.021    0.004    0.010    0.001    0.014

 ( 27)
    -0.020   -0.001   -0.011    0.001   -0.078   -0.005    0.095   -0.034
     0.058    0.012   -0.004    0.006    0.021    0.047    0.021   -0.012
     0.014   -0.012    0.095    0.115   -0.054   -0.016    0.108    0.007
    -0.144    0.337    0.019   -0.095    0.230   -0.062   -0.276    0.131
    -0.173   -0.367    0.150   -0.191   -0.160   -0.156   -0.195   -0.168
    -0.085   -0.094   -0.044   -0.122    0.039   -0.005   -0.001    0.001
     0.002    0.001   -0.001    0.012   -0.005   -0.004    0.001    0.001
    -0.002    0.006   -0.009    0.001    0.003    0.001    0.003

 ( 28)
     0.038   -0.011   -0.005    0.012    0.000   -0.016   -0.002    0.000
     0.009   -0.070    0.032   -0.003   -0.002    0.003    0.007    0.040
    -0.003   -0.012    0.375    0.298    0.428   -0.383   -0.294   -0.295
     0.034   -0.051   -0.025    0.060   -0.072    0.010   -0.064    0.032
    -0.028   -0.009    0.000   -0.007    0.040    0.050    0.030   -0.057
    -0.094   -0.029    0.157   -0.205   -0.036    0.006   -0.004    0.012
    -0.004   -0.002   -0.003   -0.078    0.014    0.036    0.005    0.008
     0.004   -0.025    0.001    0.009   -0.010    0.001    0.024

 ( 29)
     0.002   -0.007    0.032   -0.003   -0.006    0.000   -0.005    0.007
     0.016   -0.045    0.020   -0.042   -0.016    0.002    0.003    0.086
    -0.028   -0.047   -0.055   -0.062   -0.090    0.250    0.191    0.212
    -0.022   -0.028    0.018   -0.005    0.060    0.005   -0.049    0.050
    -0.008   -0.045    0.026    0.018    0.259    0.304    0.129   -0.269
    -0.350   -0.165    0.268   -0.080   -0.157   -0.007    0.000    0.047
    -0.004   -0.005   -0.019   -0.205    0.037    0.073    0.072   -0.024
     0.027   -0.084   -0.019    0.037    0.004    0.006    0.094

 ( 30)
     0.011   -0.011    0.059   -0.008   -0.001    0.002    0.018   -0.015
    -0.044   -0.047    0.019   -0.044    0.002    0.017    0.016    0.017
    -0.033    0.023    0.092    0.062    0.100    0.136    0.081    0.158
     0.073   -0.503    0.037   -0.098    0.573   -0.035   -0.031   -0.058
    -0.081   -0.029    0.004   -0.077   -0.093   -0.091   -0.088    0.179
     0.178    0.128    0.011   -0.100    0.050    0.003    0.007   -0.015
    -0.002   -0.006    0.010   -0.015    0.011   -0.016   -0.028    0.022
     0.000    0.031    0.012   -0.019    0.019   -0.013   -0.026

 ( 31)
    -0.023   -0.005   -0.001    0.031    0.015   -0.026    0.002    0.000
    -0.005    0.030   -0.013    0.023   -0.021   -0.024    0.029   -0.010
     0.028   -0.027   -0.043   -0.020   -0.038   -0.065   -0.099   -0.037
     0.041   -0.044   -0.024    0.035    0.231   -0.022   -0.509    0.190
    -0.322    0.470   -0.179    0.291   -0.066   -0.074   -0.006   -0.066
    -0.110    0.006    0.008    0.175   -0.082   -0.003   -0.002    0.022
     0.003    0.000   -0.015   -0.009   -0.002    0.022    0.048   -0.006
     0.012   -0.050    0.000    0.019   -0.007    0.008    0.047

 ( 32)
     0.003   -0.001    0.019    0.016   -0.004   -0.015   -0.019    0.007
     0.017   -0.022    0.008   -0.030    0.010    0.013    0.001   -0.015
    -0.044    0.073    0.012    0.006   -0.007    0.076    0.032    0.068
    -0.020    0.089   -0.007    0.061   -0.083    0.012   -0.211    0.125
    -0.101    0.112   -0.047    0.082    0.165    0.188    0.140   -0.105
    -0.084   -0.069   -0.079   -0.210    0.169    0.025    0.014   -0.096
    -0.015   -0.006    0.081    0.176   -0.010   -0.113   -0.301    0.118
    -0.075    0.289    0.027   -0.130    0.069   -0.052   -0.260

 ( 33)
    -0.028    0.005   -0.022    0.007    0.002   -0.001   -0.009    0.007
     0.005    0.073   -0.033    0.052    0.010   -0.012   -0.015   -0.058
     0.047   -0.004   -0.012    0.024    0.000   -0.154   -0.139   -0.117
     0.071   -0.399    0.025   -0.048    0.284   -0.028    0.054   -0.004
     0.043   -0.237    0.093   -0.147    0.244    0.251    0.183   -0.224
    -0.221   -0.164   -0.117    0.127    0.011    0.010   -0.018   -0.014
     0.001    0.023    0.007    0.118   -0.035   -0.005   -0.044   -0.045
    -0.035    0.041   -0.039    0.009   -0.081    0.032   -0.048

 ( 34)
     0.010   -0.001    0.015   -0.002   -0.001   -0.003    0.003   -0.001
     0.005   -0.019    0.006   -0.017   -0.002    0.003   -0.008    0.007
     0.000    0.007    0.027    0.013    0.021    0.044    0.030    0.040
    -0.020    0.044    0.001    0.013   -0.025    0.008    0.000    0.005
     0.003    0.056   -0.023    0.030   -0.049   -0.046   -0.042    0.022
    -0.001    0.004    0.038    0.046   -0.025   -0.018   -0.061   -0.015
     0.049    0.112    0.021   -0.026   -0.039    0.120   -0.046   -0.356
    -0.127    0.234   -0.401    0.121   -0.520    0.183   -0.107

 ( 35)
     0.003   -0.005   -0.002   -0.019    0.012    0.004    0.034    0.001
     0.016    0.005   -0.007    0.005   -0.039   -0.045   -0.018    0.039
     0.060   -0.047    0.016    0.007    0.026   -0.033   -0.011   -0.023
    -0.019   -0.017    0.009   -0.033    0.086    0.000    0.171   -0.088
     0.104    0.039    0.005    0.055   -0.138   -0.160   -0.112   -0.107
    -0.106   -0.062    0.166    0.195   -0.171   -0.083    0.036    0.000
     0.042   -0.044    0.079   -0.113    0.059    0.072   -0.208    0.101
    -0.053    0.395   -0.104   -0.127    0.232   -0.100   -0.184

 ( 36)
     0.026    0.053    0.073    0.029   -0.076   -0.041   -0.045    0.048
     0.044    0.003   -0.029   -0.055    0.017   -0.035   -0.030   -0.037
     0.049    0.019    0.228    0.246    0.013    0.196   -0.009    0.168
    -0.061   -0.246    0.055    0.181   -0.273    0.060   -0.105    0.138
     0.009   -0.073    0.052   -0.020   -0.087   -0.138    0.071   -0.095
     0.053   -0.090   -0.117    0.216    0.029   -0.034    0.014   -0.007
     0.028   -0.018   -0.020   -0.002    0.018    0.035    0.121   -0.033
     0.035   -0.034    0.000    0.015    0.067   -0.017    0.057

 ( 37)
     0.018   -0.019    0.041   -0.030    0.029   -0.022    0.050   -0.005
     0.059   -0.025   -0.002   -0.026   -0.039   -0.044   -0.056    0.014
     0.051    0.009    0.056    0.013    0.098    0.042    0.021    0.066
    -0.118    0.070    0.033    0.022    0.154    0.026    0.236   -0.053
     0.175    0.175   -0.055    0.119   -0.126   -0.139   -0.093   -0.176
    -0.161   -0.144   -0.076    0.094    0.062    0.088   -0.050   -0.002
    -0.075    0.035   -0.016    0.248   -0.090   -0.059   -0.104    0.119
    -0.019   -0.179    0.150    0.002   -0.088    0.042   -0.003

 ( 38)
    -0.043   -0.051    0.039    0.027    0.070   -0.057   -0.001   -0.038
     0.068    0.004    0.002   -0.014    0.020    0.024   -0.065   -0.024
    -0.030    0.058   -0.035   -0.041   -0.030   -0.066   -0.198    0.013
    -0.118    0.182    0.028    0.130    0.283    0.027    0.173    0.129
     0.160    0.143   -0.133   -0.087    0.029    0.045    0.056   -0.060
     0.086   -0.112   -0.047   -0.113    0.097   -0.060    0.038   -0.028
     0.062   -0.030   -0.024   -0.125    0.063    0.034    0.226   -0.134
     0.062   -0.015   -0.060    0.042    0.060   -0.021    0.092

 ( 39)
    -0.084   -0.010    0.035    0.087    0.009   -0.060   -0.063   -0.005
     0.021    0.002    0.007    0.013    0.011    0.010    0.008    0.055
    -0.004   -0.069   -0.045    0.037   -0.231    0.029   -0.295    0.067
    -0.045   -0.007    0.039    0.237    0.017    0.046    0.013    0.174
     0.053   -0.121   -0.020   -0.235   -0.046   -0.054   -0.034    0.132
     0.138    0.084    0.113   -0.013   -0.107    0.036   -0.034    0.052
    -0.056    0.024    0.029    0.011   -0.046   -0.013   -0.227    0.127
    -0.060    0.045    0.029   -0.043   -0.041    0.011   -0.089

 ( 40)
     0.051   -0.025   -0.072    0.004   -0.027    0.008   -0.054    0.026
     0.065   -0.024    0.040    0.039    0.060   -0.038   -0.068    0.022
    -0.004   -0.010   -0.167   -0.241    0.155   -0.079    0.338   -0.102
     0.041   -0.132    0.000   -0.030    0.058   -0.013   -0.077    0.281
     0.035    0.029   -0.046   -0.134   -0.114   -0.199    0.231   -0.122
     0.268   -0.154    0.047   -0.066   -0.010    0.000   -0.013    0.019
    -0.008    0.005    0.005   -0.020   -0.014    0.007   -0.042    0.035
    -0.012    0.011    0.001   -0.007   -0.007    0.002   -0.017

 ( 41)
     0.064   -0.081    0.068   -0.012    0.060   -0.013   -0.030   -0.032
    -0.056   -0.014   -0.019   -0.051    0.070   -0.025    0.064   -0.057
     0.058   -0.051    0.038   -0.117    0.241   -0.010    0.065    0.050
    -0.070    0.311   -0.018    0.006    0.091    0.003   -0.057   -0.004
    -0.077   -0.120   -0.004   -0.148    0.131    0.048    0.239    0.033
     0.083    0.053   -0.098    0.242   -0.075   -0.007   -0.015    0.024
    -0.002    0.000    0.003    0.053   -0.012    0.085   -0.053    0.046
    -0.022    0.030    0.016   -0.025    0.043   -0.008   -0.024

 ( 42)
    -0.047   -0.048    0.010    0.090    0.035    0.074   -0.025    0.029
    -0.030   -0.045    0.007   -0.032   -0.015   -0.049   -0.008    0.071
     0.045    0.086   -0.095   -0.093   -0.088   -0.037   -0.167    0.002
     0.347    0.095   -0.119   -0.137   -0.026   -0.107   -0.092   -0.044
    -0.063   -0.215    0.121   -0.029   -0.115   -0.152    0.030   -0.120
    -0.048   -0.065    0.076    0.120    0.071   -0.005   -0.006   -0.053
     0.010    0.000   -0.015    0.129    0.010    0.123    0.087   -0.017
     0.031   -0.061    0.029    0.022    0.016    0.005    0.036

 ( 43)
    -0.012   -0.083    0.015    0.013    0.001   -0.068    0.038    0.126
    -0.020    0.000    0.043    0.024    0.013   -0.042    0.020   -0.025
    -0.039   -0.010   -0.098   -0.170    0.015   -0.053   -0.048   -0.001
    -0.206   -0.053    0.099    0.242    0.022    0.109   -0.061   -0.280
    -0.041   -0.192    0.297    0.319   -0.057   -0.115    0.062   -0.055
     0.004   -0.013   -0.015   -0.096   -0.004    0.010    0.019   -0.005
     0.009   -0.001   -0.001   -0.065    0.010   -0.110    0.027   -0.035
     0.005    0.009   -0.028    0.011   -0.038    0.005    0.005

 ( 44)
     0.037   -0.039   -0.027    0.048   -0.027   -0.045   -0.058    0.011
     0.012   -0.002   -0.004    0.011   -0.078    0.026    0.049    0.017
     0.039    0.039   -0.117   -0.193    0.192   -0.077    0.248   -0.054
    -0.137   -0.065    0.097    0.233    0.022    0.099    0.019    0.150
     0.046   -0.049   -0.020   -0.149    0.023    0.101   -0.366    0.182
    -0.282    0.176    0.037    0.070    0.020   -0.007   -0.002   -0.049
     0.015   -0.007   -0.008    0.140    0.019    0.163    0.069   -0.021
     0.022   -0.027    0.026    0.008    0.047   -0.006    0.029

 ( 45)
     0.041   -0.058    0.037    0.086    0.007    0.060    0.002    0.066
     0.048    0.007   -0.048   -0.039   -0.057    0.054   -0.051   -0.078
    -0.024   -0.062   -0.001   -0.107    0.128   -0.013    0.004    0.015
     0.301    0.018   -0.093   -0.088   -0.026   -0.078    0.011    0.115
     0.051    0.010    0.064    0.035   -0.021    0.084   -0.221    0.040
    -0.039   -0.004   -0.143   -0.061   -0.017    0.013    0.021    0.048
    -0.007   -0.004    0.008   -0.182   -0.018   -0.287   -0.054   -0.012
    -0.022    0.043   -0.044   -0.010   -0.044   -0.002   -0.027

 ( 46)
     0.002   -0.014    0.012    0.011   -0.006    0.012    0.032    0.046
     0.018    0.003    0.000   -0.001    0.007    0.073   -0.049   -0.040
    -0.040   -0.047    0.006   -0.011   -0.011    0.017   -0.040    0.016
     0.059   -0.032   -0.017   -0.020   -0.022   -0.012   -0.014   -0.053
     0.000    0.044    0.065    0.161    0.018    0.088   -0.034    0.015
     0.119   -0.043   -0.028   -0.104   -0.040   -0.045   -0.073    0.005
    -0.002    0.009   -0.006    0.269    0.019    0.696   -0.044    0.100
    -0.019   -0.009    0.096   -0.036    0.146   -0.008    0.006

 ( 47)
    -0.013    0.026   -0.026    0.047    0.013    0.006   -0.009   -0.040
    -0.042    0.007   -0.105   -0.026   -0.007    0.100   -0.062    0.070
     0.030    0.061   -0.051   -0.013    0.154   -0.093    0.158   -0.053
    -0.126    0.008    0.135    0.198    0.044    0.127   -0.098   -0.248
    -0.075   -0.086    0.033    0.192   -0.049    0.073    0.085   -0.087
     0.195   -0.100    0.045    0.069    0.068   -0.023   -0.020    0.049
    -0.026    0.006    0.006   -0.095   -0.037   -0.085   -0.063    0.048
    -0.009   -0.009   -0.003   -0.002   -0.008    0.000   -0.026

 ( 48)
     0.010   -0.085    0.025   -0.107   -0.035   -0.057   -0.025    0.063
    -0.003    0.087    0.015   -0.027    0.053    0.039   -0.032    0.068
     0.028    0.086    0.047   -0.049    0.001   -0.024   -0.130   -0.001
     0.015   -0.015   -0.152   -0.206   -0.064   -0.137   -0.049    0.092
    -0.021    0.038    0.032   -0.011    0.063    0.038   -0.154    0.128
    -0.056    0.002    0.083    0.048    0.070   -0.049   -0.027    0.036
    -0.048    0.007    0.012   -0.095   -0.040   -0.060   -0.069    0.044
     0.006   -0.045    0.011    0.009   -0.012    0.001   -0.013

 ( 49)
     0.042   -0.031    0.041    0.024   -0.044    0.003   -0.034   -0.090
    -0.042   -0.022    0.124    0.070   -0.028    0.044   -0.083   -0.043
     0.074    0.013    0.022   -0.048   -0.086    0.100   -0.075    0.069
     0.011    0.000    0.005    0.027   -0.054    0.005   -0.081   -0.172
    -0.062   -0.054   -0.062    0.070    0.013    0.086   -0.088   -0.012
    -0.003   -0.077   -0.031    0.018    0.019    0.008   -0.056    0.024
     0.048   -0.018   -0.022   -0.045   -0.082   -0.139    0.025    0.042
    -0.027    0.051   -0.024   -0.022    0.099   -0.029   -0.063

 ( 50)
    -0.062    0.083   -0.010    0.058    0.020   -0.016    0.003   -0.041
     0.036    0.026    0.069   -0.081    0.071   -0.085   -0.017   -0.045
    -0.024    0.039   -0.128    0.018    0.128   -0.161    0.194   -0.052
     0.076   -0.001   -0.025    0.026    0.013   -0.040   -0.035   -0.140
     0.022   -0.066    0.002    0.103    0.130   -0.037   -0.165    0.169
    -0.216    0.028   -0.073   -0.011    0.054   -0.028   -0.026    0.072
    -0.013    0.000   -0.008   -0.064   -0.026    0.048   -0.081    0.026
    -0.047    0.034    0.009   -0.045    0.028   -0.005   -0.017

 ( 51)
    -0.019    0.021   -0.055   -0.027    0.045    0.000    0.022    0.083
     0.020   -0.123   -0.058    0.037    0.088    0.010   -0.003   -0.015
     0.039    0.028    0.010    0.051   -0.133    0.076   -0.032   -0.006
    -0.035    0.007    0.014   -0.008    0.069    0.016   -0.003    0.103
     0.003    0.043    0.071    0.001    0.135    0.049   -0.138    0.170
    -0.098    0.035   -0.026    0.093    0.020    0.010   -0.087    0.021
     0.059   -0.032   -0.027   -0.058   -0.110   -0.140    0.034    0.038
    -0.032    0.056   -0.032   -0.026    0.129   -0.046   -0.072

 ( 52)
    -0.029   -0.012   -0.011   -0.021   -0.014    0.025    0.028    0.033
    -0.040    0.029    0.023   -0.055   -0.092    0.003    0.067   -0.015
    -0.033    0.056   -0.032   -0.015    0.008   -0.070   -0.026   -0.038
    -0.064   -0.026    0.058    0.031   -0.033    0.063    0.101    0.173
    -0.008    0.079   -0.014   -0.176   -0.114   -0.016    0.159   -0.197
     0.053    0.010   -0.043   -0.026    0.072    0.019   -0.053    0.073
     0.079    0.036   -0.088   -0.073   -0.053    0.001    0.019    0.221
    -0.095    0.090   -0.044   -0.062    0.154    0.010   -0.238

 ( 53)
     0.085   -0.012   -0.055    0.050    0.018    0.089    0.056    0.015
    -0.054    0.015    0.030   -0.010    0.016   -0.037   -0.011   -0.028
    -0.013    0.027    0.117    0.021   -0.174    0.135   -0.134   -0.042
    -0.097    0.007    0.198    0.195    0.060    0.202    0.055    0.126
    -0.063    0.079   -0.011   -0.147    0.031   -0.023   -0.032    0.001
    -0.089   -0.024   -0.004   -0.009    0.008   -0.102   -0.030   -0.014
    -0.090    0.021    0.032   -0.124   -0.032   -0.043   -0.058    0.056
     0.060   -0.142    0.034    0.061   -0.051    0.014    0.010

 ( 54)
    -0.010    0.034    0.038    0.028    0.008   -0.042    0.012   -0.005
     0.028    0.017   -0.001    0.019   -0.002    0.007    0.034    0.007
    -0.011   -0.033   -0.034    0.009    0.109   -0.042    0.115    0.030
     0.098    0.017   -0.094   -0.045   -0.017   -0.098    0.031   -0.050
     0.043   -0.009    0.009    0.050   -0.001    0.007    0.056   -0.007
     0.048    0.033    0.053    0.004   -0.069   -0.048   -0.074   -0.081
     0.001    0.034    0.036   -0.103   -0.080   -0.154    0.219    0.366
     0.237   -0.250   -0.169    0.292    0.072   -0.013   -0.326

 ( 55)
     0.104   -0.017   -0.067    0.002    0.036   -0.034   -0.084   -0.040
     0.074    0.000   -0.037    0.018   -0.016   -0.036    0.021   -0.003
    -0.037    0.030    0.160    0.041   -0.182    0.197   -0.111   -0.024
     0.036    0.039   -0.058   -0.046    0.133   -0.065   -0.105   -0.179
     0.073   -0.168    0.017    0.171   -0.014   -0.039   -0.028    0.031
    -0.044    0.048   -0.010   -0.046    0.037   -0.013    0.046    0.031
     0.006    0.078   -0.066   -0.038    0.063    0.090   -0.012    0.204
    -0.056    0.006   -0.005   -0.031    0.034    0.062   -0.190

 ( 56)
    -0.030   -0.030   -0.023   -0.056   -0.009    0.087   -0.044   -0.002
    -0.002    0.000    0.009   -0.055    0.028   -0.007   -0.062    0.002
     0.011   -0.028   -0.011   -0.010   -0.049   -0.047   -0.104   -0.042
    -0.151   -0.026    0.157    0.038    0.022    0.160   -0.106    0.018
    -0.041   -0.024   -0.008    0.018    0.043    0.004   -0.129    0.087
    -0.050   -0.031   -0.045    0.002    0.007    0.071    0.065    0.028
     0.022   -0.030    0.042    0.138    0.074    0.128    0.175    0.188
     0.181   -0.092   -0.304    0.235   -0.057   -0.052   -0.285

 ( 57)
     0.011   -0.004   -0.007    0.052   -0.027   -0.050    0.074   -0.002
     0.003   -0.032    0.013    0.024    0.015    0.032    0.042   -0.008
     0.040    0.037   -0.016   -0.030   -0.024    0.038    0.028    0.013
     0.104   -0.042   -0.084    0.006   -0.051   -0.086    0.117    0.005
     0.028    0.092   -0.012   -0.010    0.026    0.049    0.096   -0.027
     0.041    0.018   -0.014    0.056    0.037   -0.013    0.063    0.037
    -0.092   -0.102   -0.080    0.086    0.064    0.124   -0.064    0.005
    -0.043   -0.059   -0.338   -0.003   -0.219   -0.107   -0.296

 ( 58)
     0.000    0.016   -0.105    0.010    0.015   -0.036    0.018    0.028
     0.023   -0.004    0.080   -0.113    0.013    0.094    0.008    0.003
     0.091   -0.063   -0.006    0.012   -0.148    0.001   -0.029   -0.111
     0.013   -0.036   -0.030    0.008    0.055   -0.036    0.021   -0.017
     0.028    0.025    0.033    0.072    0.018    0.103    0.049    0.011
     0.139    0.010   -0.001    0.142   -0.073    0.005    0.036   -0.067
     0.010    0.051   -0.028   -0.002    0.027   -0.117    0.011    0.008
    -0.036    0.005    0.100   -0.046    0.017    0.055    0.028

 ( 59)
    -0.031    0.052   -0.041   -0.062    0.065   -0.076   -0.089    0.041
    -0.059   -0.058    0.020   -0.015   -0.113    0.007   -0.028   -0.079
    -0.004    0.005   -0.014    0.068   -0.053   -0.001    0.051   -0.024
    -0.041    0.089   -0.095   -0.088    0.069   -0.095   -0.063    0.040
    -0.044   -0.115    0.050   -0.084   -0.132   -0.011   -0.015   -0.142
     0.008   -0.044   -0.100   -0.028    0.025   -0.043   -0.008    0.030
    -0.061   -0.037    0.058   -0.017   -0.009    0.046   -0.032   -0.039
     0.076   -0.078   -0.060    0.079   -0.087   -0.035    0.041

 ( 60)
    -0.020   -0.083   -0.064   -0.022   -0.079   -0.022   -0.024   -0.079
     0.001   -0.012   -0.055   -0.074   -0.017   -0.050   -0.014   -0.014
    -0.056   -0.056   -0.018   -0.080   -0.080   -0.025   -0.110   -0.071
    -0.028   -0.102   -0.014   -0.017   -0.054   -0.017   -0.031   -0.106
    -0.001   -0.026   -0.073    0.030   -0.018   -0.051    0.001   -0.011
    -0.023   -0.009   -0.008   -0.033   -0.066   -0.021   -0.090   -0.064
    -0.022   -0.090   -0.054   -0.020   -0.096   -0.092   -0.028   -0.116
    -0.062   -0.016   -0.068   -0.068   -0.024   -0.087   -0.023

 ( 61)
     0.038   -0.042   -0.068    0.059   -0.054   -0.106    0.074   -0.035
    -0.060   -0.018   -0.031   -0.026    0.013   -0.023   -0.013   -0.004
    -0.012    0.022    0.023   -0.055   -0.101    0.081   -0.028   -0.041
     0.105   -0.061   -0.137    0.018   -0.069   -0.138    0.121   -0.021
    -0.034    0.083   -0.045   -0.087    0.024   -0.010    0.022   -0.032
    -0.037   -0.039   -0.052   -0.005    0.052    0.050    0.008    0.062
     0.057    0.030    0.121    0.042    0.011    0.074    0.098    0.045
     0.150    0.009    0.037    0.150    0.072    0.027    0.109

 ( 62)
     0.094    0.045   -0.022    0.034    0.075   -0.001   -0.013    0.031
     0.028    0.094    0.029   -0.019   -0.008    0.012    0.029    0.053
    -0.016    0.007    0.128    0.079   -0.044    0.107    0.003   -0.021
     0.034    0.085   -0.003    0.026    0.121   -0.005   -0.009   -0.011
     0.034   -0.057    0.055    0.043   -0.041   -0.021    0.050   -0.018
     0.054    0.026    0.056   -0.025    0.007    0.067   -0.075    0.011
     0.037   -0.129    0.034    0.111   -0.086   -0.007    0.051   -0.172
     0.035    0.047   -0.137    0.031   -0.011   -0.120    0.053

 ( 63)
     0.028    0.043    0.002    0.020    0.044   -0.064    0.014    0.032
    -0.130    0.039   -0.020    0.005    0.025   -0.034   -0.121    0.033
    -0.030   -0.053    0.033    0.047    0.050    0.021    0.089    0.004
     0.011    0.094   -0.067    0.027    0.002   -0.061    0.005    0.078
    -0.139    0.009    0.026   -0.178    0.021   -0.042   -0.168    0.033
    -0.081   -0.120    0.042   -0.082   -0.046    0.024    0.027   -0.054
     0.020    0.013   -0.100    0.029    0.036   -0.004    0.014    0.057
    -0.096    0.030   -0.037   -0.085    0.014    0.008   -0.156


 ==============================================================================
                      STATISTICAL THERMODYNAMICS ANALYSIS
 ==============================================================================

  Structure name    : 2-MeN-THP-ax                                                
  Temperature       :   298.16 K
  Symmetry number   :   1
  Optical isomers   :   2
  Zero Point Energy :  117.146 Kcal/mol


                     ENERGY   ENTHALPY    ENTROPY  FREE ENERGY   HEAT CAPACITY
                  (Kcal/mol) (Kcal/mol)     (eu)   (Kcal/mol)    (cal/mol/deg)
  Translational       0.889      1.481     40.119    -10.481         4.967
     Rotational       0.889      0.889     28.148     -7.504         2.980
    Vibrational     120.533%   120.533%    19.271*   114.788%       25.724*
      Potential      10.004#    10.004#     0.000     10.004#        0.000
         Mixing       0.000      0.000      1.377     -0.411         0.000
          Total     132.315    132.907     88.915    106.396        33.672

  Enthalpy Function (H-Ho)/T     =   19.31 cal/mol/deg
  Free Energy Function -(G-Ho)/T =   69.61 cal/mol/deg

  % Includes zero point energy (ZPE).
  * Excludes contribution from frequencies lower than 40 (1/cm).
  # Includes steric energy (SE).
    Internal rotation contributions are not considered

  This structure has   0 imaginary frequencies,
                       0 free internal rotation (fir) frequencies
                         (>= 0,< 10 /cm),
                       0 restricted internal rotation (rir) frequencies
                         (>= 10,< 40 /cm),
                       6 zero frequencies, and
                      57 real frequencies.


      FINAL STERIC ENERGY IS     10.0040 KCAL/MOL.


                COMPRESSION       0.3508
                BENDING           2.2710
                BEND-BEND        -0.0446
                STRETCH-BEND      0.1409
                VANDERWAALS
                  1,4 ENERGY      8.2492
                  OTHER           0.5947
                H-BONDING         0.0000
                PI-COMPLX         0.0000

                TORSIONAL         1.7723
                TORSION-STRETCH  -0.0124
                DIPOLE-DIPOLE    -3.3180
                CHARGE-DIPOLE     0.0000
                CHARGE-CHARGE     0.0000

      -----------------------------------------------------------------

      COORDINATES TRANSLATED TO NEW ORIGIN WHICH IS CENTER OF MASS
         C(   1)    -1.37667     1.04449    -0.48221   (  1)
         C(   2)    -2.03876    -0.32992    -0.41392   (  1)
         C(   3)    -0.98059    -1.42972    -0.31309   (  1)
         O(   4)    -0.50566     1.23166     0.62742   (  6)
         C(   5)    -0.02179    -1.10018     0.83151   (  1)
         C(   6)     0.57366     0.30289     0.68463   (  1)
         H(   7)    -2.15265     1.83877    -0.46127   (  5)
         H(   8)    -0.81835     1.17056    -1.44114   (  5)
         H(   9)    -2.67709    -0.49355    -1.31118   (  5)
         H(  10)    -2.71109    -0.37590     0.47274   (  5)
         H(  11)    -0.41799    -1.50438    -1.27186   (  5)
         H(  12)    -1.46471    -2.41868    -0.14232   (  5)
         H(  13)     0.77989    -1.86782     0.88989   (  5)
         H(  14)    -0.57361    -1.16151     1.79709   (  5)
         H(  15)     1.19234     0.53656     1.59398   (  5)
         N(  16)     1.41643     0.41969    -0.50820   (  8)
         C(  17)     2.70558    -0.26452    -0.40465   (  1)
         H(  18)     1.57885     1.40396    -0.70841   ( 23)
         H(  19)     3.30305    -0.09748    -1.32755   (  5)
         H(  20)     3.29714     0.10982     0.47510   (  5)
         H(  21)     2.56571    -1.36050    -0.29773   (  5)

      MOMENT OF INERTIA WITH THE PRINCIPAL AXES

          (1)  UNIT = 10**(-39) GM*CM**2
               IX=   25.1499    IY=   51.6192    IZ=   61.1773

          (2)  UNIT = AU A**2
               IX=  151.4726    IY=  310.8919    IZ=  368.4585



      MOLECULAR POLARIZABILITIES (A**3)
        ALPHA(1)   =      16.58
        ALPHA(2)   =      14.85
        ALPHA(3)   =      14.17
        AVG. ALPHA =      15.20



      DIPOLE MOMENT =          0.793 D


        COMPONENTS WITH PRINCIPAL AXES

                          X = -0.5919    Y = -0.0077    Z =  0.5273


      E (INDP/INDP) =         -0.078 KCAL/MOLE
      DIPOLE MOMENT =          1.200 D (INCLUDES INDUCED BOND MOMENTS)
      *NOTE*  E (INDP/INDP) IS NOT INCLUDED IN THE FINAL STERIC ENERGY

        COMPONENTS WITH PRINCIPAL AXES

                          X = -0.5800    Y =  0.5604    Z =  0.8889



      TOTAL ATOMIC CHARGE ON EACH ATOM (in ELECTRON CHARGE)

           C(    1):          0.184
           C(    2):         -0.003
           C(    3):          0.010
           O(    4):         -0.409
           C(    5):         -0.002
           C(    6):          0.286
           H(    7):          0.003
           H(    8):          0.005
           H(    9):          0.005
           H(   10):          0.005
           H(   11):          0.003
           H(   12):          0.001
           H(   13):          0.006
           H(   14):          0.007
           H(   15):          0.008
           N(   16):         -0.525
           C(   17):          0.098
           H(   18):          0.293
           H(   19):          0.008
           H(   20):          0.009
           H(   21):          0.009

      -----------------------------------------------------------------

        END OF 2-MeN-THP-ax                                                


           TOTAL CPU TIME IS      0.12 SECONDS.

           THIS JOB COMPLETED AT    19:09:51
