1
               ---------------------------------------------
               WARNING : INCORRECT ATOM TYPES GIVEN IN INPUT
                         DATA ARE CORRECTED AS FOLLOWS
               ---------------------------------------------


             Atom type of atom    1 is replaced by   1 (was   0)
             Atom type of atom    2 is replaced by   1 (was   0)
             Atom type of atom    3 is replaced by   1 (was   0)
             Atom type of atom    4 is replaced by   6 (was   0)
             Atom type of atom    5 is replaced by   1 (was   0)
             Atom type of atom    6 is replaced by   1 (was   0)
             Atom type of atom    7 is replaced by   5 (was   0)
             Atom type of atom    8 is replaced by   5 (was   0)
             Atom type of atom    9 is replaced by   5 (was   0)
             Atom type of atom   10 is replaced by   5 (was   0)
             Atom type of atom   11 is replaced by   5 (was   0)
             Atom type of atom   12 is replaced by   5 (was   0)
             Atom type of atom   13 is replaced by   5 (was   0)
             Atom type of atom   14 is replaced by   5 (was   0)
             Atom type of atom   15 is replaced by   5 (was   0)
             Atom type of atom   16 is replaced by   8 (was   0)
             Atom type of atom   17 is replaced by   1 (was   0)
             Atom type of atom   18 is replaced by  23 (was   0)
             Atom type of atom   19 is replaced by   5 (was   0)
             Atom type of atom   20 is replaced by   5 (was   0)
             Atom type of atom   21 is replaced by   5 (was   0)
1     2-MeN-THP-eq                                                

               CHEMICAL FORMULA :  C(   6)  H(  13)  O(   1)  N(   1) 
               FORMULA WEIGHT   :    115.102
                                                               DATE 30-MAY-23
                                                               TIME  19:12:06


          THE COORDINATES OF   21 ATOMS ARE READ IN.
          SOME CONSTANTS WILL BE READ IN.

      CONFORMATIONAL ENERGY, PART 1:  GEOMETRY AND STERIC ENERGY
                                      OF INITIAL CONFORMATION.


      CONNECTED ATOMS
         1-   2-   3-   5-   6-  16-  17-
         1-   4-   6-

      ATTACHED ATOMS
         1-   7,   1-   8,   2-   9,   2-  10,   3-  11,   3-  12,   5-  13,
         5-  14,   6-  15,  16-  18,  17-  19,  17-  20,  17-  21,

      INITIAL ATOMIC COORDINATES
           ATOM         X           Y           Z       TYPE
         C(   1)     1.13543     1.38072     0.19985   (  1)
         C(   2)     2.23084     0.40248    -0.21973   (  1)
         C(   3)     1.86534    -1.00459     0.26897   (  1)
         O(   4)    -0.14698     0.97734    -0.29297   (  6)
         C(   5)     0.44869    -1.36984    -0.18633   (  1)
         C(   6)    -0.53469    -0.28901     0.26104   (  1)
         H(   7)     1.32107     2.39260    -0.22097   (  5)
         H(   8)     1.09169     1.49854     1.31551   (  5)
         H(   9)     3.20763     0.73351     0.19680   (  5)
         H(  10)     2.32128     0.40684    -1.32878   (  5)
         H(  11)     1.92201    -1.04114     1.38096   (  5)
         H(  12)     2.59736    -1.74945    -0.11820   (  5)
         H(  13)     0.14471    -2.35074     0.23742   (  5)
         H(  14)     0.42335    -1.46352    -1.29306   (  5)
         H(  15)    -0.50380    -0.20140     1.39632   (  5)
         N(  16)    -1.87485    -0.62333    -0.22430   (  8)
         C(  17)    -2.84580     0.40800     0.13090   (  1)
         H(  18)    -2.18402    -1.53147     0.16720   ( 23)
         H(  19)    -3.84578     0.14077    -0.27312   (  5)
         H(  20)    -2.96314     0.57343     1.23522   (  5)
         H(  21)    -2.55047     1.36709    -0.34631   (  5)

     ==================
     TORSIONAL CONSTANT
     ------------------
       MISSING FOR   16-   6-   4-   1 (TYPE   8-  1-  6-  1)
                                   NO REPLACEMENT PARAMETERS ARE FOUND.
       MISSING FOR    4-   6-  16-  17 (TYPE   6-  1-  8-  1)
                                   NO REPLACEMENT PARAMETERS ARE FOUND.
       MISSING FOR    4-   6-  16-  18 (TYPE   6-  1-  8- 23)
                                   NO REPLACEMENT PARAMETERS ARE FOUND.

     ==============
     ANGLE CONSTANT
     --------------
       MISSING FOR    4-   6-  16 (TYPE   6-  1-  8) ANGLE TYPE 1
                               NO REPLACEMENT PARAMETERS ARE FOUND.

     =======================================================
      Warning!!  Warning!!  Warning!!  Warning!!  Warning!!
     =======================================================
      THERE ARE SOME PARAMETERS MISSING.  PROGRAM WILL USE
      THE PARAMETERS GENERATED FROM THE MM3 PARAMETER
      ESTIMATION ROUTINE.  THESE PARAMETERS ARE ONLY
      ESTIMATES.  THEY WILL BE SUFFICIENTLY GOOD FOR MANY
      PURPOSES, BUT IF YOUR RESULTS ARE SENSITIVE TO THE
      EXACT VALUES USED FOR THESE PARAMETERS, THE WORK NEED
      FOR FURTHER WORK IS INDICATED.




               ****************************************************
               ***                                              ***
               ***    Do not worry, be happy. Let us go to:     ***
               ***            MM3 PARAMETER ESTIMATOR           ***
               ***    The missing parameters will be found      ***
               ***                                              ***
               ****************************************************




   
 THIS PROGRAM WILL MERGE THESE PARAMETERS IN PARA.MM3
   
   
  NEW MM3 PARAMETER FILE NAME IS NEW_PAR.MM3
   
  EXPLANATIONS FOR EACH ESTIMATED PARAMETER
  ARE WRITTEN TO FILE   ESTIMATE.MM3.
   

   PARAMETERS WRITTEN TO FILE NEW_PAR.MM3                   
  ****   END  OF  MM3  PARAMETER  ESTIMATOR  ****  


          THE FOLLOWING  3 TORSIONAL PARAMETERS ARE READ IN
                   (* FOR 4- AND 5-MEMBERED RING)
                   (A FOR ALLENES)
                   (C FOR CUMMULENE)
               ATOM TYPE NOS.     V1      V2      V3
               8   1   6   1     0.000   0.000   0.200
               6   1   8   1     0.000   0.000   0.360
               6   1   8  23     0.000   0.000   0.360


          THE FOLLOWING  1 BENDING PARAMETERS ARE READ IN
                   (*5 FOR 5-MEMBERED RING)
                   (*4 FOR 4-MEMBERED RING)
                   (*3 FOR 3-MEMBERED RING)
                   (*C3  FOR 3-MEM ANGLE CORR)
                   (*C4  FOR 4-MEM ANGLE CORR)
                   (*C34 FOR 3,4-MEM FUSED RING ANGLE CORR)
                   (*C35 FOR 3,5-MEM FUSED RING ANGLE CORR)

               ATOM TYPES      KB    THETA(0)   ED. TYPE
                6   1   8    0.695   109.500


          DIELECTRIC CONSTANT =  1.500


      INITIAL STERIC ENERGY IS     10.0930 KCAL/MOL.

                  COMPRESSION       0.8139
                  BENDING           2.0055
                  BEND-BEND        -0.0098
                  STRETCH-BEND      0.1165
                  VANDERWAALS
                    1,4 ENERGY      8.2270
                    OTHER           0.3371
                  H-BONDING         0.0000
                  PI-COMPLX         0.0000

                  TORSIONAL         0.4406
                  TORSION-STRETCH  -0.0063
                  DIPOLE-DIPOLE    -1.8317
                  CHARGE-DIPOLE     0.0000
                  CHARGE-CHARGE     0.0000


      MOLECULAR POLARIZABILITIES (A**3)
        ALPHA(1)   =      17.06
        ALPHA(2)   =      15.96
        ALPHA(3)   =      13.11
        AVG. ALPHA =      15.38



      DIPOLE MOMENT =          2.205 D


      E (INDP/INDP) =          0.609 KCAL/MOLE
      DIPOLE MOMENT =          1.999 D (INCLUDES INDUCED BOND MOMENTS)
      *NOTE*  E (INDP/INDP) IS NOT INCLUDED IN THE INITIAL STERIC ENERGY

      CPU TIME FOR INITIAL CALCULATION IS     0.03 SECONDS.


1     2-MeN-THP-eq                                                


     CONFORMATIONAL ENERGY, PART 2: GEOMETRY MINIMIZATION

               GEOMETRY OPTIMIZATION IS CONTINUED UNTIL ATOM
               MOVEMENT CONVERGES WITHIN FOLLOWING VALUES:

                         AVERAGE MOVEMENT  0.00014 A
                         MAXIMUM MOVEMENT  0.00137 A



     <<<<<<<<<<<<<<<<<<<<<<<<<<  C Y C L E   1 >>>>>>>>>>>>>>>>>>>>>>>>>>

                              (CH)-MOVEMENT = 1

       ITER    1   AVG. MOVE = 0.00948 A   (MAX MOVE : ATOM    4   0.07895 A)  
       ITER    2   AVG. MOVE = 0.00281 A   (MAX MOVE : ATOM   19   0.01753 A)  
       ITER    3   AVG. MOVE = 0.00175 A   (MAX MOVE : ATOM   18   0.01075 A)  
       ITER    4   AVG. MOVE = 0.00133 A   (MAX MOVE : ATOM   18   0.00907 A)  
       ITER    5   AVG. MOVE = 0.00104 A   (MAX MOVE : ATOM   17   0.00744 A)  
       ITER    6   AVG. MOVE = 0.00084 A   (MAX MOVE : ATOM   17   0.00672 A)  
       ITER    7   AVG. MOVE = 0.00070 A   (MAX MOVE : ATOM   17   0.00600 A)  
       ITER    8   AVG. MOVE = 0.00061 A   (MAX MOVE : ATOM   17   0.00533 A)  
       ITER    9   AVG. MOVE = 0.00052 A   (MAX MOVE : ATOM   17   0.00474 A)  
       ITER   10   AVG. MOVE = 0.00045 A   (MAX MOVE : ATOM   17   0.00421 A)  
       ITER   11   AVG. MOVE = 0.00039 A   (MAX MOVE : ATOM   17   0.00376 A)  
       ITER   12   AVG. MOVE = 0.00034 A   (MAX MOVE : ATOM   17   0.00336 A)  
       ITER   13   AVG. MOVE = 0.00030 A   (MAX MOVE : ATOM   17   0.00301 A)  
       ITER   14   AVG. MOVE = 0.00026 A   (MAX MOVE : ATOM   17   0.00270 A)  
       ITER   15   AVG. MOVE = 0.00024 A   (MAX MOVE : ATOM   17   0.00244 A)  
       ITER   16   AVG. MOVE = 0.00021 A   (MAX MOVE : ATOM   17   0.00220 A)  
       ITER   17   AVG. MOVE = 0.00019 A   (MAX MOVE : ATOM   17   0.00199 A)  
       ITER   18   AVG. MOVE = 0.00018 A   (MAX MOVE : ATOM   17   0.00181 A)  
       ITER   19   AVG. MOVE = 0.00016 A   (MAX MOVE : ATOM   17   0.00165 A)  
       ITER   20   AVG. MOVE = 0.00015 A   (MAX MOVE : ATOM   17   0.00150 A)  
       ITER   21   AVG. MOVE = 0.00014 A   (MAX MOVE : ATOM   17   0.00137 A)  


     <<<<<<<<<<<<<<<<<<<<<<<<<<  C Y C L E   2 >>>>>>>>>>>>>>>>>>>>>>>>>>

                              (CH)-MOVEMENT = 0

       ITER   22   AVG. MOVE = 0.00006 A   (MAX MOVE : ATOM   20   0.00068 A)  


              * * * * * * * * * GEOMETRY IS OPTIMIZED * * * * * * * * *

               WITHIN : AVERAGE MOVEMENT  0.00006 A (LIMIT  0.00014 A)
                        MAXIMUM MOVEMENT  0.00068 A (LIMIT  0.00137 A)

               GRADIENT
                  RMS GRADIENT                0.016370 KCAL/MOL/A

                  MAX GRADIENT
                    X-DIRECTION : ATOM #   1   0.023426 KCAL/MOL/A
                    Y-DIRECTION : ATOM #   4   0.051591 KCAL/MOL/A
                    Z-DIRECTION : ATOM #   6   0.043275 KCAL/MOL/A

        DELTA TIME =    0.00 SEC.       TOTAL CPU TIME =      0.05 SEC.


                            =====================
                            FULL-MATRIX OPTIMIZER
                            =====================


     iter.  rms force   max force   avg. move    max move  atom  convg  d-time

        0    0.025807    0.109202   0.00226 A   0.02230 A   21    [N]     0.0s
        1    0.014779    0.066693   0.00001 A   0.00014 A   21    [N]     0.0s
        2    0.000046    0.000153                                 [Y]     0.0s


      TOTAL ENERGY IS      8.6717 KCAL/MOL.

        COMPRESS    0.3209      VDW 1,4    8.2425      DIPL-DIPL   -1.8124
        BENDING     1.3709        OTHER    0.0093      CHRG-DIPL    0.0000
        STR-BEND    0.0973      TORSION    0.5209      CHRG-CHRG    0.0000
        BEND-BEND  -0.0710      TOR-STR   -0.0068      EPR          0.0000
        H-BONDING   0.0000      PI-CMPL    0.0000
0     DELTA(T) =     0.0 SEC.          ELAPSED TIME =     0.1 SEC.


    * * * ENERGY IS STATIONARY WITHIN RMS OF FORCES   0.00010  Kcal/mol/A * * *

                 * * * *  RMS FORCE IS   0.00005 Kcal/mol/A * * * *

1     2-MeN-THP-eq                                                

               CHEMICAL FORMULA :  C(   6)  H(  13)  O(   1)  N(   1) 
               FORMULA WEIGHT   :    115.102
                                                               DATE : 30-MAY-23

           * M M 3 * * * * * * * * * * * 2 0 0 0 *
           *                                     *   PARAMETER RELIABILITY
           *                                     *
           *                                     *   BLANK = GOOD
           *                                     *       B = FAIR
           *                                     *       C = TRIAL
           *                                     *       R = READ IN
           *                                     *       S = SUBSTITUTED
           *                                     *       U = PARAMETER NOT EXIST
           *                                     *
           *                                     *   THIS IS SHOWN AT THE END 
           *                                     *   OF THE LINE.
           * * * * * * * * * * * * * * * * * * * * 


      CONFORMATIONAL ENERGY, PART 3:  GEOMETRY AND STERIC ENERGY
                                      OF FINAL CONFORMATION.

      CONNECTED ATOMS
         1-   2-   3-   5-   6-  16-  17-
         1-   4-   6-

      ATTACHED ATOMS
         1-   7,   1-   8,   2-   9,   2-  10,   3-  11,   3-  12,   5-  13,
         5-  14,   6-  15,  16-  18,  17-  19,  17-  20,  17-  21,

      FINAL ATOMIC COORDINATE
           ATOM         X           Y           Z       TYPE
         C(   1)     1.15355    -1.38723    -0.20008   (  1)
         C(   2)     2.23225    -0.38655     0.20909   (  1)
         C(   3)     1.86393     1.02085    -0.26484   (  1)
         O(   4)    -0.10750    -0.96683     0.30309   (  6)
         C(   5)     0.43851     1.35732     0.17813   (  1)
         C(   6)    -0.54163     0.26631    -0.26102   (  1)
         H(   7)     1.38740    -2.39064     0.21436   (  5)
         H(   8)     1.10621    -1.49694    -1.31103   (  5)
         H(   9)     3.21643    -0.68816    -0.21485   (  5)
         H(  10)     2.34326    -0.39049     1.31723   (  5)
         H(  11)     1.93275     1.07215    -1.37609   (  5)
         H(  12)     2.58416     1.76811     0.14064   (  5)
         H(  13)     0.13930     2.34026    -0.25044   (  5)
         H(  14)     0.40976     1.46641     1.28596   (  5)
         H(  15)    -0.56750     0.19346    -1.39009   (  5)
         N(  16)    -1.87908     0.59822     0.23181   (  8)
         C(  17)    -2.88632    -0.39697    -0.13527   (  1)
         H(  18)    -2.16803     1.51166    -0.11135   ( 23)
         H(  19)    -3.88347    -0.09652     0.25432   (  5)
         H(  20)    -2.95779    -0.51098    -1.25169   (  5)
         H(  21)    -2.64099    -1.38662     0.30605   (  5)


          DIELECTRIC CONSTANT =  1.500


      BOND LENGTHS AND STRETCHING ENERGY   (   21 BONDS)

        ENERGY = 71.94(KS)(DR)(DR)(1-(CS)(DR)+(7/12)((CS)(DR))**2)
                          DR = R-RO
                          CS =  2.550
                                                         R(0)-CORR        CORR
          BOND        LENGTH   R(0)    K(S)  ENERGY   E-NEG   MISCEL       KS
    C(   1)- C(   2)  1.5272  1.5177  4.490  0.0285 -0.0070                     
    C(   1)- O(   4)  1.4213  1.4130  5.700  0.0278                             
    C(   1)- H(   7)  1.1105  1.1092  4.770  0.0006 -0.0028  0.0000  BH  0.090  
    C(   1)- H(   8)  1.1174  1.1161  4.545  0.0005 -0.0028  0.0069  BH -0.135  
    C(   2)- C(   3)  1.5300  1.5219  4.490  0.0210 -0.0028                     
    C(   2)- H(   9)  1.1132  1.1109  4.716  0.0019 -0.0011              0.036  
    C(   2)- H(  10)  1.1137  1.1109  4.716  0.0027 -0.0011              0.036  
    C(   3)- C(   5)  1.5301  1.5207  4.490  0.0282 -0.0040                     
    C(   3)- H(  11)  1.1146  1.1120  4.680  0.0022                             
    C(   3)- H(  12)  1.1142  1.1120  4.680  0.0017                             
    O(   4)- C(   6)  1.4238  1.4130  5.700  0.0469                             
    C(   5)- C(   6)  1.5310  1.5146  4.490  0.0829 -0.0101                     
    C(   5)- H(  13)  1.1133  1.1106  4.725  0.0024 -0.0014              0.045  
    C(   5)- H(  14)  1.1136  1.1106  4.725  0.0029 -0.0014              0.045  
    C(   6)- H(  15)  1.1317  1.1278  4.289  0.0046 -0.0035  0.0193  BH -0.521  
    C(   6)- N(  16)  1.4635  1.4540  5.300  0.0336  0.0060                     
    N(  16)- C(  17)  1.4628  1.4540  5.300  0.0287  0.0060                     
    N(  16)- H(  18)  1.0177  1.0150  6.420  0.0032                             
    C(  17)- H(  19)  1.1119  1.1111  4.779  0.0002 -0.0011  0.0002  BH  0.029  
    C(  17)- H(  20)  1.1245  1.1234  4.378  0.0004 -0.0011  0.0125  BH -0.372  
    C(  17)- H(  21)  1.1110  1.1109  4.785  0.0000 -0.0011  0.0000  BH  0.035  


      NON-BONDED DISTANCES, VDW AND EPR ENERGY   (    149 PAIRS)

              E(VDW) = KV*(1.84(10**5)EXP(-12.00/P) - 2.25(P**6))
              E(EPR) = C*KV*(1.84(10**5)EXP(-12.00/Q) - 2.25(Q**6))
              E(HBD) = EP1-EP2*COS(THETA)*RTH/RTH0
                            EP1 = KHB*1.84(10**5)*EXP(-12.0/P)
                            EP2 = KHB*2.25(P**6)

            IF P > 3.020, THEN,
              E(VDW) = KV(192.270)(P**2)
              E(HBD) = EP1-EP2*COS(THETA)*RTH/RTH0
                            EP1 = KHB*(192.270*P**2+1706.96)
                            EP2 = KHB*1706.96

               WHERE   RV = RVDW(I) + RVDW(K)
                       KV = SQRT(EPS(I)*EPS(K))
                      KHB = EPS/DIELEC  FOR HYDROGEN BOND
                        P = (RV/R) OR (RV/R#)
                        C = SCALE FACTOR
                        Q = RV/R, WHERE R IS MODIFIED DISTANCE
                    THETA = ANGLE H-X-Y IN HYDROGEN BOND X-H...Y
                      RTH = BOND LENGTH X-H IN X-H...Y
                     RTH0 = NATURAL BOND LENGTH X-H

          # IN THE VDW CALCULATIONS THE HYDROGEN ATOMS ARE RELOCATED
          SO THAT THE ATTACHED HYDROGEN DISTANCE IS REDUCED BY 0.923

          # IN THE VDW CALCULATIONS THE DEUTERIUM ATOMS ARE RELOCATED
          SO THAT THE ATTACHED DEUTERIUM DISTANCE IS REDUCED BY  0.923

         ATOM PAIR          R       R#       RV      KV       ENERGY
      C(   1), C(   3)   2.5115
      C(   1), C(   5)   2.8613            4.080   0.0270     0.5893  1,4       
      C(   1), C(   6)   2.3689
      C(   1), H(   9)   2.1782
      C(   1), H(  10)   2.1705
      C(   1), H(  11)   2.8353   2.7959   3.560   0.0230     0.1211  1,4       
      C(   1), H(  12)   3.4812   3.4034   3.560   0.0230    -0.0237  1,4       
      C(   1), H(  13)   3.8633   3.7840   3.560   0.0230    -0.0237            
      C(   1), H(  14)   3.3022   3.2569   3.560   0.0230    -0.0160            
      C(   1), H(  15)   2.6223   2.5862   3.560   0.0230     0.3407  1,4       
      C(   1), N(  16)   3.6504            3.970   0.0341    -0.0256  1,4       
      C(   1), C(  17)   4.1600            4.080   0.0270    -0.0299            
      C(   1), H(  18)   4.4096   4.3474   3.640   0.0220    -0.0147            
      C(   1), H(  19)   5.2196   5.1372   3.560   0.0230    -0.0056            
      C(   1), H(  20)   4.3332   4.3097   3.560   0.0230    -0.0144            
      C(   1), H(  21)   3.8281   3.8433   3.560   0.0230    -0.0227            
      C(   2), O(   4)   2.4125
      C(   2), C(   5)   2.5019
      C(   2), C(   6)   2.8882            4.080   0.0270     0.5335  1,4       
      C(   2), H(   7)   2.1749
      C(   2), H(   8)   2.1936
      C(   2), H(  11)   2.1749
      C(   2), H(  12)   2.1843
      C(   2), H(  13)   3.4680   3.3904   3.560   0.0230    -0.0233  1,4       
      C(   2), H(  14)   2.8133   2.7747   3.560   0.0230     0.1361  1,4       
      C(   2), H(  15)   3.2760   3.2338   3.560   0.0230    -0.0140            
      C(   2), N(  16)   4.2277            3.970   0.0341    -0.0349            
      C(   2), C(  17)   5.1301            4.080   0.0270    -0.0140            
      C(   2), H(  18)   4.8030   4.7534   3.640   0.0220    -0.0094            
      C(   2), H(  19)   6.1228   6.0449   3.560   0.0230    -0.0022            
      C(   2), H(  20)   5.3931   5.3650   3.560   0.0230    -0.0044            
      C(   2), H(  21)   4.9757   4.9790   3.560   0.0230    -0.0067            
      C(   3), O(   4)   2.8566            3.860   0.0399     0.4746  1,4       
      C(   3), C(   6)   2.5211
      C(   3), H(   7)   3.4778   3.4003   3.560   0.0230    -0.0236  1,4       
      C(   3), H(   8)   2.8298   2.7907   3.560   0.0230     0.1247  1,4       
      C(   3), H(   9)   2.1800
      C(   3), H(  10)   2.1736
      C(   3), H(  13)   2.1715
      C(   3), H(  14)   2.1721
      C(   3), H(  15)   2.8040   2.7669   3.560   0.0230     0.1420  1,4       
      C(   3), N(  16)   3.7994            3.970   0.0341    -0.0353  1,4       
      C(   3), C(  17)   4.9590            4.080   0.0270    -0.0165            
      C(   3), H(  18)   4.0646   4.0357   3.640   0.0220    -0.0199            
      C(   3), H(  19)   5.8780   5.8048   3.560   0.0230    -0.0027            
      C(   3), H(  20)   5.1545   5.1310   3.560   0.0230    -0.0056            
      C(   3), H(  21)   5.1397   5.1174   3.560   0.0230    -0.0057            
      O(   4), C(   5)   2.3907
      O(   4), H(   7)   2.0664
      O(   4), H(   8)   2.0879
      O(   4), H(   9)   3.3756   3.2980   3.440   0.0344    -0.0358  1,4       
      O(   4), H(  10)   2.7142   2.6757   3.440   0.0344     0.2096  1,4       
      O(   4), H(  11)   3.3376   3.2897   3.440   0.0344    -0.0354            
      O(   4), H(  12)   3.8408   3.7624   3.440   0.0344    -0.0325            
      O(   4), H(  13)   3.3622   3.2842   3.440   0.0344    -0.0352  1,4       
      O(   4), H(  14)   2.6747   2.6373   3.440   0.0344     0.2581  1,4       
      O(   4), H(  15)   2.1035
      O(   4), N(  16)   2.3649
      O(   4), C(  17)   2.8703            3.860   0.0399     0.4474  1,4       
      O(   4), H(  18)   3.2497   3.1787   3.420   0.0326    -0.0278  1,4       
      O(   4), H(  19)   3.8753   3.7958   3.440   0.0344    -0.0316            
      O(   4), H(  20)   3.2786   3.2351   3.440   0.0344    -0.0324            
      O(   4), H(  21)   2.5680   2.5756   3.440   0.0344     0.3534            
      C(   5), H(   7)   3.8664   3.7869   3.560   0.0230    -0.0236            
      C(   5), H(   8)   3.2879   3.2434   3.560   0.0230    -0.0149            
      C(   5), H(   9)   3.4721   3.3942   3.560   0.0230    -0.0234  1,4       
      C(   5), H(  10)   2.8250   2.7856   3.560   0.0230     0.1282  1,4       
      C(   5), H(  11)   2.1748
      C(   5), H(  12)   2.1849
      C(   5), H(  15)   2.1968
      C(   5), N(  16)   2.4393
      C(   5), C(  17)   3.7723            4.080   0.0270    -0.0218  1,4       
      C(   5), H(  18)   2.6271   2.5990   3.640   0.0220     0.3966  1,4       
      C(   5), H(  19)   4.5606   4.4950   3.560   0.0230    -0.0117            
      C(   5), H(  20)   4.1316   4.0941   3.560   0.0230    -0.0181            
      C(   5), H(  21)   4.1266   4.0897   3.560   0.0230    -0.0182            
      C(   6), H(   7)   3.3176   3.2409   3.560   0.0230    -0.0147  1,4       
      C(   6), H(   8)   2.6319   2.5956   3.560   0.0230     0.3267  1,4       
      C(   6), H(   9)   3.8776   3.7990   3.560   0.0230    -0.0234            
      C(   6), H(  10)   3.3533   3.3065   3.560   0.0230    -0.0195            
      C(   6), H(  11)   2.8311   2.7927   3.560   0.0230     0.1233  1,4       
      C(   6), H(  12)   3.4910   3.4132   3.560   0.0230    -0.0240  1,4       
      C(   6), H(  13)   2.1829
      C(   6), H(  14)   2.1768
      C(   6), C(  17)   2.4399
      C(   6), H(  18)   2.0539
      C(   6), H(  19)   3.4008   3.3234   3.560   0.0230    -0.0205  1,4       
      C(   6), H(  20)   2.7246   2.6871   3.560   0.0230     0.2132  1,4       
      C(   6), H(  21)   2.7315   2.6939   3.560   0.0230     0.2062  1,4       
      H(   7), H(   8)   1.7901
      H(   7), H(   9)   2.5354   2.4470   3.240   0.0200     0.1840  1,4       
      H(   7), H(  10)   2.4760   2.3941   3.240   0.0200     0.2422  1,4       
      H(   7), H(  11)   3.8494   3.7304   3.240   0.0200    -0.0156            
      H(   7), H(  12)   4.3281   4.1883   3.240   0.0200    -0.0090            
      H(   7), H(  13)   4.9148   4.7513   3.240   0.0200    -0.0044            
      H(   7), H(  14)   4.1208   4.0220   3.240   0.0200    -0.0110            
      H(   7), H(  15)   3.6157   3.5019   3.240   0.0200    -0.0197            
      H(   7), N(  16)   4.4276   4.3626   3.550   0.0293    -0.0170            
      H(   7), C(  17)   4.7288   4.6781   3.560   0.0230    -0.0095            
      H(   7), H(  18)   5.2892   5.1503   3.220   0.0190    -0.0025            
      H(   7), H(  19)   5.7486   5.6219   3.240   0.0200    -0.0016            
      H(   7), H(  20)   4.9561   4.8759   3.240   0.0200    -0.0038            
      H(   7), H(  21)   4.1526   4.1532   3.240   0.0200    -0.0094            
      H(   8), H(   9)   2.5117   2.4271   3.240   0.0200     0.2044  1,4       
      H(   8), H(  10)   3.1084   2.9572   3.240   0.0200    -0.0134  1,4       
      H(   8), H(  11)   2.6996   2.6850   3.240   0.0200     0.0377            
      H(   8), H(  12)   3.8668   3.7455   3.240   0.0200    -0.0154            
      H(   8), H(  13)   4.0968   3.9999   3.240   0.0200    -0.0114            
      H(   8), H(  14)   4.0014   3.8801   3.240   0.0200    -0.0131            
      H(   8), H(  15)   2.3801   2.3792   3.240   0.0200     0.2611            
      H(   8), N(  16)   3.9601   3.9258   3.550   0.0293    -0.0268            
      H(   8), C(  17)   4.3050   4.2836   3.560   0.0230    -0.0148            
      H(   8), H(  18)   4.6056   4.5259   3.220   0.0190    -0.0054            
      H(   8), H(  19)   5.4137   5.3055   3.240   0.0200    -0.0023            
      H(   8), H(  20)   4.1823   4.1806   3.240   0.0200    -0.0091            
      H(   8), H(  21)   4.0827   4.0602   3.240   0.0200    -0.0105            
      H(   9), H(  10)   1.7884
      H(   9), H(  11)   2.4688   2.3883   3.240   0.0200     0.2495  1,4       
      H(   9), H(  12)   2.5611   2.4703   3.240   0.0200     0.1621  1,4       
      H(   9), H(  13)   4.3176   4.1777   3.240   0.0200    -0.0091            
      H(   9), H(  14)   3.8434   3.7236   3.240   0.0200    -0.0158            
      H(   9), H(  15)   4.0591   3.9672   3.240   0.0200    -0.0118            
      H(   9), N(  16)   5.2743   5.1927   3.550   0.0293    -0.0066            
      H(   9), C(  17)   6.1102   6.0331   3.560   0.0230    -0.0022            
      H(   9), H(  18)   5.8174   5.6914   3.220   0.0190    -0.0014            
      H(   9), H(  19)   7.1399   6.9805   3.240   0.0200    -0.0004            
      H(   9), H(  20)   6.2632   6.1739   3.240   0.0200    -0.0009            
      H(   9), H(  21)   5.9219   5.8540   3.240   0.0200    -0.0013            
      H(  10), H(  11)   3.0922   2.9420   3.240   0.0200    -0.0121  1,4       
      H(  10), H(  12)   2.4702   2.3897   3.240   0.0200     0.2477  1,4       
      H(  10), H(  13)   3.8434   3.7239   3.240   0.0200    -0.0158            
      H(  10), H(  14)   2.6810   2.6672   3.240   0.0200     0.0441            
      H(  10), H(  15)   4.0179   3.8968   3.240   0.0200    -0.0129            
      H(  10), N(  16)   4.4703   4.4422   3.550   0.0293    -0.0156            
      H(  10), C(  17)   5.4276   5.3971   3.560   0.0230    -0.0042            
      H(  10), H(  18)   5.1001   5.0163   3.220   0.0190    -0.0030            
      H(  10), H(  19)   6.3236   6.2294   3.240   0.0200    -0.0009            
      H(  10), H(  20)   5.8919   5.8063   3.240   0.0200    -0.0014            
      H(  10), H(  21)   5.1824   5.1686   3.240   0.0200    -0.0027            
      H(  11), H(  12)   1.7914
      H(  11), H(  13)   2.4681   2.3871   3.240   0.0200     0.2509  1,4       
      H(  11), H(  14)   3.0922   2.9419   3.240   0.0200    -0.0121  1,4       
      H(  11), H(  15)   2.6502   2.6402   3.240   0.0200     0.0548            
      H(  11), N(  16)   4.1641   4.1265   3.550   0.0293    -0.0220            
      H(  11), C(  17)   5.1886   5.1627   3.560   0.0230    -0.0054            
      H(  11), H(  18)   4.3138   4.2643   3.220   0.0190    -0.0075            
      H(  11), H(  19)   6.1524   6.0486   3.240   0.0200    -0.0011            
      H(  11), H(  20)   5.1419   5.1277   3.240   0.0200    -0.0028            
      H(  11), H(  21)   5.4584   5.3984   3.240   0.0200    -0.0021            
      H(  12), H(  13)   2.5412   2.4522   3.240   0.0200     0.1789  1,4       
      H(  12), H(  14)   2.4760   2.3948   3.240   0.0200     0.2414  1,4       
      H(  12), H(  15)   3.8413   3.7221   3.240   0.0200    -0.0158            
      H(  12), N(  16)   4.6149   4.5476   3.550   0.0293    -0.0138            
      H(  12), C(  17)   5.8898   5.8158   3.560   0.0230    -0.0027            
      H(  12), H(  18)   4.7658   4.6863   3.220   0.0190    -0.0044            
      H(  12), H(  19)   6.7320   6.5955   3.240   0.0200    -0.0006            
      H(  12), H(  20)   6.1519   6.0468   3.240   0.0200    -0.0011            
      H(  12), H(  21)   6.1059   6.0062   3.240   0.0200    -0.0011            
      H(  13), H(  14)   1.7881
      H(  13), H(  15)   2.5312   2.4444   3.240   0.0200     0.1866  1,4       
      H(  13), N(  16)   2.7095   2.6732   3.550   0.0293     0.2803  1,4       
      H(  13), C(  17)   4.0817   4.0478   3.560   0.0230    -0.0189            
      H(  13), H(  18)   2.4555   2.4541   3.220   0.0190     0.1546            
      H(  13), H(  19)   4.7303   4.6511   3.240   0.0200    -0.0050            
      H(  13), H(  20)   4.3271   4.2726   3.240   0.0200    -0.0081            
      H(  13), H(  21)   4.6829   4.5810   3.240   0.0200    -0.0055            
      H(  14), H(  15)   3.1204   2.9681   3.240   0.0200    -0.0142  1,4       
      H(  14), N(  16)   2.6653   2.6319   3.550   0.0293     0.3411  1,4       
      H(  14), C(  17)   4.0443   4.0130   3.560   0.0230    -0.0196            
      H(  14), H(  18)   2.9325   2.8627   3.220   0.0190    -0.0052            
      H(  14), H(  19)   4.6839   4.6086   3.240   0.0200    -0.0053            
      H(  14), H(  20)   4.6573   4.5564   3.240   0.0200    -0.0056            
      H(  14), H(  21)   4.2904   4.2383   3.240   0.0200    -0.0084            
      H(  15), N(  16)   2.1248
      H(  15), C(  17)   2.7019   2.6656   3.560   0.0230     0.2364  1,4       
      H(  15), H(  18)   2.4361   2.3504   3.220   0.0190     0.2658  1,4       
      H(  15), H(  19)   3.7127   3.5972   3.240   0.0200    -0.0180            
      H(  15), H(  20)   2.4958   2.4915   3.240   0.0200     0.1440            
      H(  15), H(  21)   3.1101   3.0243   3.240   0.0200    -0.0178            
      N(  16), H(  19)   2.1215
      N(  16), H(  20)   2.1435
      N(  16), H(  21)   2.1274
      C(  17), H(  18)   2.0395
      H(  18), H(  19)   2.3796   2.3002   3.220   0.0190     0.3396  1,4       
      H(  18), H(  20)   2.4526   2.3656   3.220   0.0190     0.2465  1,4       
      H(  18), H(  21)   2.9661   2.8220   3.220   0.0190     0.0003  1,4       
      H(  19), H(  20)   1.8157
      H(  19), H(  21)   1.7919
      H(  20), H(  21)   1.8149


      BOND ANGLES, BENDING AND STRETCH-BEND ENERGIES   (   40 ANGLES)

          EB = 0.021914(KB)(DT)(DT)(1+CF*DT+QF*DT**2+PF*DT**3+SF*DT**4)
                          DT = THETA-TZERO
                          CF = -1400.000E-5
                          QF =     5.600E-5
                          PF =    -0.070E-5
                          SF =     0.022E-6
          ESB(J) = 2.51124(KSB(J))(DT)(DR1+DR2)
                          DR(I) = R(I) - R0(I)
          EBDBD  = -0.02191418(KBB1)(DT1)(KBB2)(DT2)

          A T O M S            THETA    TZERO     KB     EB     KSB    ESB
   C(   2)- C(   1)- O(   4)  109.756  107.900  0.830  0.0611  0.13  0.0108     
   C(   2)- C(   1)- H(   7)  110.079  109.310  0.590  0.0076  0.08  0.0017     
   C(   2)- C(   1)- H(   8)  111.140  109.310  0.590  0.0422  0.08  0.0040     
   O(   4)- C(   1)- H(   7)  108.782  108.900  0.820  0.0003  0.08 -0.0002     
   O(   4)- C(   1)- H(   8)  110.087  108.900  0.820  0.0249  0.08  0.0023     
   H(   7)- C(   1)- H(   8)  106.933  107.600  0.550  0.0054                   
   C(   1)- C(   2)- C(   3)  110.469  111.000  0.670  0.0042  0.13 -0.0031     
   C(   1)- C(   2)- H(   9)  110.175  109.310  0.590  0.0095  0.08  0.0021     
   C(   1)- C(   2)- H(  10)  109.552  109.310  0.590  0.0008  0.08  0.0006     
   C(   3)- C(   2)- H(   9)  110.125  109.310  0.590  0.0085  0.08  0.0017     
   C(   3)- C(   2)- H(  10)  109.600  109.310  0.590  0.0011  0.08  0.0006     
   H(   9)- C(   2)- H(  10)  106.848  107.600  0.550  0.0069                   
   C(   2)- C(   3)- C(   5)  109.685  111.000  0.670  0.0258  0.13 -0.0076     
   C(   2)- C(   3)- H(  11)  109.651  109.310  0.590  0.0015  0.08  0.0007     
   C(   2)- C(   3)- H(  12)  110.400  109.310  0.590  0.0151  0.08  0.0023     
   C(   5)- C(   3)- H(  11)  109.636  109.310  0.590  0.0014  0.08  0.0008     
   C(   5)- C(   3)- H(  12)  110.447  109.310  0.590  0.0164  0.08  0.0027     
   H(  11)- C(   3)- H(  12)  106.980  107.600  0.550  0.0047                   
   C(   1)- O(   4)- C(   6)  112.732  107.200  0.820  0.5082  0.10  0.0266     
   C(   3)- C(   5)- C(   6)  110.895  111.000  0.670  0.0002  0.13 -0.0009     
   C(   3)- C(   5)- H(  13)  109.456  109.310  0.590  0.0003  0.08  0.0004     
   C(   3)- C(   5)- H(  14)  109.488  109.310  0.590  0.0004  0.08  0.0004     
   C(   6)- C(   5)- H(  13)  110.287  109.310  0.590  0.0122  0.08  0.0037     
   C(   6)- C(   5)- H(  14)  109.795  109.310  0.590  0.0030  0.08  0.0019     
   H(  13)- C(   5)- H(  14)  106.831  107.600  0.550  0.0072                   
   O(   4)- C(   6)- C(   5)  107.960  107.000  0.830  0.0165  0.13  0.0085     
   O(   4)- C(   6)- H(  15)  110.272  110.000  0.820  0.0013  0.08  0.0008     
   O(   4)- C(   6)- N(  16)  109.977  109.500  0.695  0.0034  0.13  0.0032    R
   C(   5)- C(   6)- H(  15)  110.285  109.800  0.590  0.0030  0.08  0.0020     
   C(   5)- C(   6)- N(  16)  109.078  108.000  0.780  0.0196  0.13  0.0091     
   H(  15)- C(   6)- N(  16)  109.248  109.300  0.820  0.0000  0.08 -0.0001     
   C(   6)- N(  16)- C(  17)  112.984  108.200  0.720  0.3373  0.05  0.0110     
   C(   6)- N(  16)- H(  18)  110.457  108.100  0.600  0.0706  0.03  0.0022     
   C(  17)- N(  16)- H(  18)  109.301  108.100  0.600  0.0187  0.03  0.0010     
   N(  16)- C(  17)- H(  19)  110.227  109.300  0.820  0.0152  0.08  0.0018     
   N(  16)- C(  17)- H(  20)  111.216  109.300  0.820  0.0642  0.08  0.0038     
   N(  16)- C(  17)- H(  21)  110.750  109.300  0.820  0.0370  0.08  0.0026     
   H(  19)- C(  17)- H(  20)  108.558  107.800  0.550  0.0068                   
   H(  19)- C(  17)- H(  21)  107.430  107.800  0.550  0.0017                   
   H(  20)- C(  17)- H(  21)  108.548  107.800  0.550  0.0067                   


     DIHEDRAL ANGLES, TORSIONAL ENERGY (ET)   (   54 ANGLES)

           ET = (V1/2)(1+COS(W))+(V2/2)(1-COS(2W))+(V3/2)(1+COS(3W))

           ETS = -11.995*(R-R0)((KTS1/2)(1+COS(W))+
                                (KTS2/2)(1-COS(2W)+
                                (KTS3/2)(1+COS(3W))

           SIGN OF ANGLE A-B-C-D : WHEN LOOKING THROUGH B TOWARD C,
           IF D IS COUNTERCLOCKWISE FROM A, NEGATIVE.

         A T O M S               OMEGA    V1     V2     V3     ET   KTS3   ETS
 C(   1) C(   2) C(   3) C(   5)  51.1  0.185  0.170  0.520  0.281 0.059 0.000  
 C(   1) C(   2) C(   3) H(  11) -69.4  0.000  0.000  0.280  0.016 0.059 0.000  
 C(   1) C(   2) C(   3) H(  12) 173.0  0.000  0.000  0.280  0.009 0.059 0.000  
 C(   1) O(   4) C(   6) C(   5) -64.7  0.450  0.050  0.757  0.373 0.100 0.000  
 C(   1) O(   4) C(   6) H(  15)  55.8  0.000  0.000  0.680  0.008 0.100 0.000  
 C(   1) O(   4) C(   6) N(  16) 176.4  0.000  0.000  0.200  0.002 0.100 0.000 R
 C(   2) C(   1) O(   4) C(   6)  64.3  0.450  0.050  0.757  0.373 0.100 0.000  
 C(   2) C(   3) C(   5) C(   6) -52.7  0.185  0.170  0.520  0.275 0.059 0.000  
 C(   2) C(   3) C(   5) H(  13)-174.6  0.000  0.000  0.280  0.005 0.059 0.000  
 C(   2) C(   3) C(   5) H(  14)  68.6  0.000  0.000  0.280  0.014 0.059 0.000  
 C(   3) C(   2) C(   1) O(   4) -55.9  0.200  0.000  0.300  0.159 0.059 0.000  
 C(   3) C(   2) C(   1) H(   7)-175.6  0.000  0.000  0.280  0.004 0.059 0.000  
 C(   3) C(   2) C(   1) H(   8)  66.1  0.000  0.000  0.280  0.007 0.059 0.000  
 C(   3) C(   5) C(   6) O(   4)  58.1  0.200  0.000  0.300  0.154 0.059 0.000  
 C(   3) C(   5) C(   6) H(  15) -62.4  0.000  0.000  0.280  0.001 0.059 0.000  
 C(   3) C(   5) C(   6) N(  16) 177.6 -0.302  0.696  0.499  0.003 0.059 0.000  
 O(   4) C(   1) C(   2) H(   9)-177.8  0.000  0.000  0.300  0.001 0.059 0.000  
 O(   4) C(   1) C(   2) H(  10)  64.9  0.000  0.000  0.300  0.005 0.059 0.000  
 O(   4) C(   6) C(   5) H(  13) 179.5  0.000  0.000  0.300  0.000 0.059 0.000  
 O(   4) C(   6) C(   5) H(  14) -63.0  0.000  0.000  0.300  0.002 0.059 0.000  
 O(   4) C(   6) N(  16) C(  17) -61.5  0.000  0.000  0.360  0.001 0.061 0.000 R
 O(   4) C(   6) N(  16) H(  18) 175.8  0.000  0.000  0.360  0.004 0.061 0.000 R
 C(   5) C(   3) C(   2) H(   9) 173.0  0.000  0.000  0.280  0.009 0.059 0.000  
 C(   5) C(   3) C(   2) H(  10) -69.7  0.000  0.000  0.280  0.018 0.059 0.000  
 C(   5) C(   6) N(  16) C(  17)-179.7  0.958 -0.155  0.766  0.000 0.061 0.000  
 C(   5) C(   6) N(  16) H(  18)  57.5  0.073 -0.422  0.327 -0.243 0.061 0.000  
 C(   6) O(   4) C(   1) H(   7)-175.2  0.000  0.000  0.680  0.011 0.100 0.000  
 C(   6) O(   4) C(   1) H(   8) -58.4  0.000  0.000  0.680  0.001 0.100 0.000  
 C(   6) C(   5) C(   3) H(  11)  67.7  0.000  0.000  0.280  0.011 0.059 0.000  
 C(   6) C(   5) C(   3) H(  12)-174.6  0.000  0.000  0.280  0.005 0.059 0.000  
 C(   6) N(  16) C(  17) H(  19)-179.6  0.072 -0.012  0.563  0.000 0.061 0.000  
 C(   6) N(  16) C(  17) H(  20) -59.1  0.072 -0.012  0.563  0.046 0.061 0.000  
 C(   6) N(  16) C(  17) H(  21)  61.7  0.072 -0.012  0.563  0.045 0.061 0.000  
 H(   7) C(   1) C(   2) H(   9)  62.5  0.000  0.000  0.238  0.001 0.059 0.000  
 H(   7) C(   1) C(   2) H(  10) -54.8  0.000  0.000  0.238  0.004 0.059 0.000  
 H(   8) C(   1) C(   2) H(   9) -55.8  0.000  0.000  0.238  0.003 0.059 0.000  
 H(   8) C(   1) C(   2) H(  10)-173.1  0.000  0.000  0.238  0.008 0.059 0.000  
 H(   9) C(   2) C(   3) H(  11)  52.6  0.000  0.000  0.238  0.009 0.059 0.000  
 H(   9) C(   2) C(   3) H(  12) -65.1  0.000  0.000  0.238  0.004 0.059 0.000  
 H(  10) C(   2) C(   3) H(  11) 169.8  0.000  0.000  0.238  0.016 0.059 0.000  
 H(  10) C(   2) C(   3) H(  12)  52.2  0.000  0.000  0.238  0.010 0.059 0.000  
 H(  11) C(   3) C(   5) H(  13) -54.2  0.000  0.000  0.238  0.005 0.059 0.000  
 H(  11) C(   3) C(   5) H(  14)-171.0  0.000  0.000  0.238  0.013 0.059 0.000  
 H(  12) C(   3) C(   5) H(  13)  63.5  0.000  0.000  0.238  0.002 0.059 0.000  
 H(  12) C(   3) C(   5) H(  14) -53.3  0.000  0.000  0.238  0.007 0.059 0.000  
 H(  13) C(   5) C(   6) H(  15)  59.0  0.000  0.000  0.238  0.000 0.059 0.000  
 H(  13) C(   5) C(   6) N(  16) -61.0  0.000  0.000  0.374  0.000 0.059 0.000  
 H(  14) C(   5) C(   6) H(  15) 176.4  0.000  0.000  0.238  0.002 0.059 0.000  
 H(  14) C(   5) C(   6) N(  16)  56.4  0.000  0.000  0.374  0.003 0.059 0.000  
 H(  15) C(   6) N(  16) C(  17)  59.7  0.072 -0.012  0.563  0.045 0.061 0.000  
 H(  15) C(   6) N(  16) H(  18) -63.1  0.121 -0.648  0.199 -0.426 0.061 0.000  
 H(  18) N(  16) C(  17) H(  19) -56.1  0.121 -0.648  0.199 -0.351 0.061 0.000  
 H(  18) N(  16) C(  17) H(  20)  64.3  0.121 -0.648  0.199 -0.437 0.061 0.000  
 H(  18) N(  16) C(  17) H(  21)-174.9  0.121 -0.648  0.199 -0.001 0.061 0.000  

     DIPOLE-DIPOLE INTERACTION ENERGY  (DIELECTRIC CONSTANT = 1.50)

          E = 14.388*MU1*MU2*(COSX-3*COSA*COSB)/(R12**3*DIELC)

               MU1 = BOND MOM OF BOND 1
               MU2 = BOND MOM OF BOND 2
               R12 = DISTANCE BETWEEN MID-POINTS OF TWO BONDS.

        BOND(1)       MU1           BOND(2)       MU2      R12        E
   C(   1)- O(   4)  1.170   + C(   6)- N(  16)  0.680   2.3662   -0.6094       
   C(   1)- O(   4)  1.170   + N(  16)- C(  17) -0.680   3.1742    0.1612       
   C(   1)- O(   4)  1.170   + N(  16)- H(  18) -1.340   3.3863    0.6524       
   O(   4)- C(   6) -1.170   + N(  16)- C(  17) -0.680   2.1071   -0.8409       
   O(   4)- C(   6) -1.170   + N(  16)- H(  18) -1.340   2.2052   -1.1755       


 ==============================================================================
                        NORMAL MODE VIBRATIONAL ANALYSIS
 ==============================================================================


             Molecular Shape : ASYMMETRIC ROTOR WITH KAPPA =-0.803256
        Symmetry Point Group : C1  
             Symmetry Number :  1
                   Chirality : yes



0       FUNDAMENTAL NORMAL VIBRATIONAL FREQUENCIES
                ( THEORETICALLY  57 VALUES )

             Frequency :  in 1/cm
             A(i)      :  IR intensity (vs,s,m,w,vw,-- or in 10**6 cm/mole)
             A(i) = -- :  IR inactive


             no       Frequency   Symmetry      A(i)

             1.          3375.7     (A   )        s
             2.          2985.9     (A   )        m
             3.          2950.1     (A   )        m
             4.          2939.3     (A   )        m
             5.          2938.9     (A   )        s
             6.          2937.0     (A   )        m
             7.          2928.4     (A   )        m
             8.          2890.5     (A   )        m
             9.          2885.8     (A   )        m
            10.          2871.7     (A   )        m
            11.          2860.8     (A   )        m
            12.          2803.7     (A   )        m
            13.          2759.5     (A   )        m
            14.          1580.3     (A   )        m
            15.          1542.0     (A   )        w
            16.          1521.7     (A   )        m
            17.          1482.7     (A   )        m
            18.          1467.7     (A   )        w
            19.          1461.5     (A   )        w
            20.          1457.7     (A   )        w
            21.          1457.1     (A   )        w
            22.          1442.0     (A   )        w
            23.          1430.9     (A   )        m
            24.          1414.8     (A   )        m
            25.          1396.5     (A   )        w
            26.          1359.5     (A   )        m
            27.          1338.4     (A   )        m
            28.          1307.2     (A   )        w
            29.          1230.9     (A   )        w
            30.          1214.0     (A   )        w
            31.          1206.3     (A   )        w
            32.          1188.0     (A   )        w
            33.          1128.9     (A   )        m
            34.          1124.9     (A   )        m
            35.          1085.3     (A   )        m
            36.          1075.1     (A   )        w
            37.          1050.8     (A   )        w
            38.          1027.8     (A   )        w
            39.          1008.2     (A   )        w
            40.           944.8     (A   )        w
            41.           935.7     (A   )        m
            42.           890.9     (A   )        w
            43.           844.2     (A   )        w
            44.           831.4     (A   )        w
            45.           800.4     (A   )        m
            46.           751.1     (A   )        s
            47.           583.5     (A   )        w
            48.           480.5     (A   )        w
            49.           439.4     (A   )        w
            50.           423.0     (A   )        w
            51.           344.5     (A   )        w
            52.           339.1     (A   )        w
            53.           253.2     (A   )        w
            54.           236.5     (A   )        w
            55.           202.4     (A   )        w
            56.           141.4     (A   )        w
            57.            94.2     (A   )        w
            58.     (       0.0)    (t/r )
            59.     (       0.0)    (t/r )
            60.     (       0.0)    (t/r )
            61.     (       0.0)    (t/r )
            62.     (       0.0)    (t/r )
            63.     (       0.0)    (t/r )


0       CORRESPONDING EIGEN VECTOR MATRIX   63 BY  63



 (  1)
     0.000    0.000    0.000    0.000    0.000    0.000    0.000    0.000
     0.000    0.000    0.000    0.000    0.000    0.000    0.000   -0.002
     0.001    0.001    0.000    0.000    0.000    0.000    0.000    0.000
     0.000    0.000    0.000    0.000    0.000    0.000    0.000    0.000
     0.000    0.000    0.000    0.000    0.000    0.001   -0.001    0.000
     0.000    0.000    0.004   -0.002   -0.006    0.020   -0.064    0.023
     0.001    0.002    0.000   -0.273    0.863   -0.321   -0.009   -0.003
     0.000   -0.003   -0.004   -0.005    0.005   -0.001    0.003

 (  2)
     0.000    0.000    0.000    0.000    0.000    0.000    0.000    0.000
     0.000    0.000    0.000    0.000    0.000    0.000    0.000    0.000
     0.000    0.000    0.000    0.000    0.000    0.000    0.000    0.000
     0.000    0.000    0.000    0.000    0.000    0.000    0.000    0.000
     0.000    0.000    0.000    0.000    0.000    0.000    0.000    0.000
     0.000    0.000    0.000    0.000   -0.002    0.001   -0.001    0.000
    -0.061    0.070   -0.008   -0.009   -0.003   -0.003    0.551   -0.165
    -0.204    0.013   -0.011    0.020    0.159   -0.644    0.276

 (  3)
     0.018   -0.069    0.051    0.002    0.001    0.006    0.002    0.002
     0.003   -0.001    0.001    0.000    0.000    0.000    0.000    0.000
     0.000    0.001   -0.184    0.820   -0.324   -0.019   -0.018   -0.285
    -0.009   -0.001    0.001   -0.014   -0.005   -0.069    0.001    0.002
    -0.020   -0.019   -0.020   -0.010    0.000    0.000    0.000    0.000
     0.000   -0.003   -0.001    0.000   -0.004    0.000    0.000    0.000
     0.000    0.000    0.000    0.000    0.000    0.000    0.000    0.000
     0.000    0.000    0.000    0.000    0.000    0.000    0.000

 (  4)
     0.000    0.000    0.000   -0.001    0.000    0.002    0.000    0.000
     0.000    0.000    0.000    0.000    0.000   -0.001    0.002    0.000
     0.000    0.000    0.000   -0.002    0.001    0.000    0.000    0.000
     0.015   -0.005   -0.006   -0.002    0.000   -0.015    0.000    0.000
    -0.005   -0.002   -0.002   -0.001   -0.006    0.018   -0.008    0.001
    -0.002   -0.019    0.000    0.000   -0.003    0.002    0.001    0.000
    -0.043   -0.029    0.067   -0.002    0.006   -0.001    0.618   -0.163
    -0.245   -0.015   -0.030   -0.324   -0.108    0.514   -0.235

 (  5)
     0.000    0.003   -0.001   -0.038    0.013    0.058    0.004    0.004
     0.013    0.000    0.000    0.000    0.009   -0.029    0.046    0.000
     0.000    0.000    0.008   -0.038    0.015   -0.005   -0.005   -0.005
     0.492   -0.151   -0.207   -0.049    0.003   -0.482    0.011    0.011
    -0.124   -0.059   -0.061   -0.032   -0.113    0.369   -0.158    0.012
    -0.039   -0.385   -0.003   -0.004   -0.005    0.000    0.000    0.000
     0.002    0.001   -0.003    0.000   -0.001    0.000   -0.023    0.006
     0.009    0.001    0.001    0.012    0.004   -0.019    0.009

 (  6)
     0.000   -0.002    0.001    0.029   -0.010   -0.046    0.000    0.001
     0.002    0.000    0.000    0.000    0.011   -0.037    0.060    0.000
     0.001    0.000   -0.005    0.023   -0.009    0.004    0.004    0.005
    -0.387    0.118    0.163    0.038   -0.001    0.380    0.010   -0.006
    -0.017   -0.010   -0.010   -0.005   -0.148    0.484   -0.207    0.013
    -0.051   -0.505   -0.004   -0.006   -0.007    0.000    0.000    0.000
     0.000    0.000   -0.001    0.000   -0.001    0.000   -0.005    0.001
     0.002    0.000    0.000    0.003    0.001   -0.005    0.002

 (  7)
     0.001   -0.002    0.002   -0.007    0.003    0.008   -0.036   -0.038
    -0.073    0.000    0.000    0.000    0.003   -0.007    0.008    0.000
     0.000    0.000   -0.007    0.028   -0.011   -0.001   -0.001   -0.011
     0.089   -0.027   -0.038   -0.003   -0.009   -0.046   -0.038   -0.028
     0.612    0.454    0.471    0.249   -0.028    0.091   -0.039   -0.008
    -0.003   -0.049    0.000   -0.001    0.001    0.000    0.000    0.000
     0.000    0.000    0.000    0.000    0.000    0.000    0.000    0.000
     0.000    0.000    0.000    0.000    0.000    0.000    0.000

 (  8)
     0.002    0.002    0.010   -0.038    0.012   -0.031   -0.020   -0.021
     0.026    0.000    0.000    0.000    0.011   -0.032   -0.024    0.001
     0.001    0.001   -0.006    0.004   -0.007   -0.004   -0.012   -0.106
     0.367   -0.115   -0.135    0.067   -0.007    0.486    0.033    0.028
    -0.380    0.190    0.198    0.087   -0.099    0.309   -0.116   -0.014
     0.054    0.390    0.000    0.000   -0.011    0.000    0.000    0.000
     0.000    0.000    0.000    0.000   -0.001    0.000    0.000    0.000
     0.000    0.000    0.000    0.000    0.000    0.000    0.000

 (  9)
    -0.002   -0.003   -0.011    0.038   -0.010    0.028   -0.006    0.000
     0.003    0.000    0.000    0.000    0.014   -0.045   -0.031    0.001
     0.002    0.002    0.004    0.005    0.004    0.005    0.014    0.120
    -0.370    0.111    0.139   -0.064    0.008   -0.460    0.004    0.004
    -0.052    0.035    0.021    0.013   -0.135    0.440   -0.168   -0.020
     0.073    0.524    0.001   -0.001   -0.015    0.000    0.000    0.000
     0.000    0.000    0.000    0.000   -0.001    0.000    0.000    0.000
     0.000    0.000    0.000    0.000    0.000    0.000    0.000

 ( 10)
     0.001    0.005    0.012   -0.020    0.002   -0.012    0.037    0.038
    -0.036    0.000    0.000    0.000    0.004   -0.023   -0.013    0.001
     0.001    0.001    0.005   -0.033    0.008   -0.006   -0.018   -0.143
     0.190   -0.050   -0.074    0.030   -0.004    0.214   -0.055   -0.046
     0.599   -0.371   -0.385   -0.185   -0.063    0.231   -0.092   -0.010
     0.036    0.250    0.000   -0.001   -0.010    0.000    0.000    0.000
     0.000    0.000    0.000    0.000   -0.001    0.000    0.000    0.000
     0.000    0.000    0.000    0.000    0.000    0.000    0.000

 ( 11)
    -0.005    0.035    0.068    0.012   -0.006    0.006   -0.004   -0.004
     0.003    0.003   -0.001   -0.001    0.000    0.001    0.001    0.000
     0.000    0.001    0.068   -0.283    0.090   -0.035   -0.112   -0.875
    -0.127    0.045    0.053   -0.022   -0.001   -0.130    0.006    0.005
    -0.060    0.043    0.043    0.022    0.004   -0.015    0.006    0.000
    -0.002   -0.015    0.000   -0.001   -0.007    0.000    0.000    0.000
     0.000    0.000    0.000    0.000    0.000    0.000    0.000    0.000
     0.000    0.000    0.000    0.000    0.000    0.000    0.000

 ( 12)
     0.000    0.000    0.000    0.000    0.000    0.000    0.000    0.000
     0.000    0.000    0.000    0.000    0.000    0.000    0.000    0.001
     0.000    0.001    0.000    0.000    0.000    0.000    0.000    0.000
     0.000    0.000    0.000    0.000    0.000    0.000    0.000    0.000
     0.000    0.000    0.000    0.000    0.000   -0.001    0.000    0.000
     0.000   -0.001    0.000    0.000   -0.009   -0.003   -0.002   -0.002
     0.026    0.026    0.063    0.009   -0.006    0.006   -0.241    0.057
     0.073   -0.076   -0.110   -0.884    0.044   -0.230    0.081

 ( 13)
     0.000    0.000   -0.001    0.000    0.000    0.000    0.000    0.000
     0.000   -0.001    0.002   -0.001   -0.002    0.001   -0.001    0.002
     0.005    0.083    0.001   -0.002    0.001    0.000    0.001    0.009
     0.000    0.000    0.000    0.000    0.000    0.000    0.000    0.000
     0.001    0.002    0.003    0.001    0.010   -0.016    0.010   -0.005
    -0.007   -0.011   -0.023   -0.068   -0.950    0.002    0.000   -0.001
     0.000    0.000   -0.001   -0.005   -0.007    0.006   -0.001    0.000
     0.001    0.001    0.001    0.009    0.000    0.002   -0.001

 ( 14)
    -0.035    0.000    0.008    0.009    0.002    0.001   -0.013    0.005
     0.002    0.030   -0.032   -0.008    0.040    0.005    0.000   -0.138
     0.079    0.000    0.047    0.011   -0.016    0.048    0.007    0.007
     0.009   -0.001   -0.007   -0.017   -0.005    0.005    0.015   -0.010
     0.005    0.005   -0.013   -0.003   -0.102   -0.046   -0.017   -0.059
    -0.029    0.001    0.552   -0.362    0.016    0.079    0.006    0.010
    -0.036   -0.023   -0.012   -0.143   -0.073    0.009   -0.019    0.055
     0.003    0.026    0.057   -0.036    0.114    0.036    0.058

 ( 15)
    -0.161    0.005    0.038    0.037    0.022    0.003   -0.002   -0.005
     0.000    0.047   -0.001   -0.008   -0.006   -0.004    0.000    0.016
     0.005   -0.002    0.400   -0.007   -0.355    0.454   -0.247    0.058
     0.025    0.003   -0.041   -0.082   -0.049    0.021    0.006    0.011
     0.002    0.009   -0.017   -0.004    0.007    0.002    0.007    0.009
     0.011   -0.001   -0.094    0.029   -0.004   -0.019   -0.005   -0.004
     0.016    0.012    0.005    0.068    0.023   -0.004   -0.002   -0.053
    -0.005   -0.018   -0.026    0.016   -0.069   -0.015   -0.020

 ( 16)
     0.011    0.001   -0.004   -0.004   -0.003    0.000    0.005    0.002
     0.000    0.009   -0.030    0.000   -0.017   -0.021   -0.001   -0.002
     0.093   -0.017   -0.070    0.013    0.075   -0.061    0.059   -0.010
     0.000    0.006    0.005    0.009    0.006   -0.002   -0.011   -0.007
    -0.002    0.008   -0.001    0.007   -0.014   -0.015    0.026    0.041
     0.053   -0.010    0.141   -0.317    0.000   -0.065   -0.039   -0.004
     0.086    0.072    0.029    0.357    0.085   -0.012   -0.052   -0.343
    -0.094   -0.182   -0.159    0.099   -0.359   -0.069   -0.098

 ( 17)
    -0.007    0.004    0.001   -0.006    0.003   -0.001    0.039   -0.006
    -0.006    0.007   -0.023    0.001   -0.075   -0.031    0.002    0.048
     0.074   -0.015   -0.017    0.003    0.001    0.012   -0.002    0.002
     0.004    0.025    0.011    0.015   -0.010   -0.005   -0.101   -0.017
    -0.022   -0.019    0.022    0.071    0.121    0.033    0.020    0.163
     0.084   -0.004   -0.046   -0.246    0.005   -0.040   -0.005    0.022
    -0.027   -0.037    0.012    0.224    0.066   -0.015    0.044    0.492
    -0.166   -0.102   -0.106    0.031    0.476   -0.010   -0.165

 ( 18)
     0.001   -0.007   -0.003    0.013    0.001    0.002   -0.066    0.006
     0.015   -0.006    0.017    0.000    0.094    0.011   -0.012   -0.028
    -0.053    0.003    0.027    0.004    0.016   -0.006    0.020   -0.007
    -0.010   -0.052   -0.024   -0.036    0.006    0.010    0.212    0.071
     0.049    0.070   -0.044   -0.184   -0.184   -0.026    0.118   -0.229
     0.046   -0.033    0.078    0.190   -0.017   -0.011   -0.011    0.007
     0.035    0.026    0.034    0.015   -0.004    0.015   -0.083    0.150
    -0.379   -0.380   -0.233    0.115    0.215   -0.051   -0.242

 ( 19)
     0.013    0.024    0.003    0.025   -0.115    0.027   -0.022    0.107
    -0.028   -0.004    0.003   -0.001    0.014   -0.014   -0.003   -0.002
    -0.007    0.003    0.034    0.016   -0.044   -0.037   -0.065    0.019
    -0.005    0.207   -0.337   -0.266    0.312    0.079   -0.109   -0.379
    -0.078    0.080   -0.148    0.333    0.059    0.008    0.029   -0.042
     0.037   -0.013    0.007    0.028    0.001    0.001   -0.001    0.000
     0.004    0.004    0.003   -0.020   -0.007    0.002   -0.011   -0.001
    -0.035   -0.037   -0.018    0.010    0.009   -0.003   -0.017

 ( 20)
    -0.033   -0.050   -0.014    0.041    0.051    0.013    0.049   -0.027
    -0.011    0.001    0.011   -0.004   -0.034    0.057    0.026   -0.014
    -0.032    0.005    0.105    0.063    0.230    0.005    0.258   -0.061
    -0.077   -0.084   -0.196   -0.226   -0.072    0.052   -0.184   -0.022
    -0.034   -0.098    0.037    0.157    0.071   -0.065   -0.399    0.156
    -0.394    0.099    0.061    0.077   -0.003    0.010   -0.001    0.001
     0.018    0.017    0.012   -0.087   -0.030    0.010   -0.058   -0.033
    -0.160   -0.173   -0.070    0.044    0.019   -0.012   -0.061

 ( 21)
     0.041    0.058    0.021   -0.066   -0.042   -0.022    0.035    0.004
    -0.010   -0.007    0.005    0.002   -0.013    0.036    0.017   -0.024
    -0.020    0.004   -0.111   -0.098   -0.329    0.008   -0.344    0.082
     0.097    0.127    0.292    0.330    0.032   -0.081   -0.129   -0.073
    -0.033   -0.088    0.065    0.128    0.041   -0.046   -0.253    0.076
    -0.249    0.062    0.078    0.060   -0.002    0.016   -0.004    0.000
     0.020    0.018    0.012   -0.086   -0.036    0.009   -0.076   -0.058
    -0.194   -0.206   -0.043    0.044    0.027    0.002   -0.033

 ( 22)
    -0.006   -0.008   -0.003    0.004    0.012    0.001    0.012   -0.005
    -0.002    0.000   -0.001    0.001   -0.024   -0.025   -0.010    0.014
     0.009    0.003    0.012    0.010    0.037    0.012    0.039   -0.010
    -0.009   -0.019   -0.008   -0.013   -0.028    0.003   -0.041    0.001
    -0.006   -0.001   -0.002    0.022    0.054    0.060    0.152    0.021
     0.172   -0.036   -0.073    0.007    0.007    0.021   -0.013   -0.005
     0.013   -0.023   -0.003   -0.006   -0.025   -0.006   -0.180   -0.233
    -0.379   -0.367    0.479   -0.034    0.152    0.203    0.465

 ( 23)
    -0.028   -0.027   -0.005   -0.010    0.039   -0.014    0.045    0.001
    -0.022    0.003    0.011   -0.005   -0.015   -0.029   -0.024   -0.009
    -0.032    0.010    0.087    0.042    0.117    0.042    0.156   -0.033
     0.049   -0.055    0.215    0.201   -0.158   -0.046   -0.309   -0.202
    -0.070   -0.096   -0.033    0.330    0.060    0.133    0.326   -0.055
     0.337   -0.077    0.096    0.086    0.005    0.028    0.009    0.000
     0.008    0.028    0.007   -0.269   -0.078    0.019   -0.018   -0.026
    -0.015   -0.036   -0.202    0.041   -0.080   -0.065   -0.179

 ( 24)
     0.038    0.022    0.010    0.009    0.004    0.018    0.036   -0.044
     0.014   -0.010    0.001   -0.001   -0.076   -0.028   -0.008    0.006
     0.002    0.011   -0.110   -0.083   -0.182   -0.069   -0.212    0.046
    -0.107    0.023   -0.284   -0.283    0.072    0.058    0.046    0.265
     0.038   -0.005    0.114   -0.218    0.192    0.107    0.123    0.177
     0.170   -0.026    0.043   -0.060    0.021    0.047    0.010   -0.001
     0.005    0.031    0.006   -0.393   -0.124    0.018   -0.052   -0.074
    -0.059   -0.076   -0.169    0.038   -0.075   -0.043   -0.142

 ( 25)
     0.048    0.013    0.009    0.017    0.078    0.008    0.046   -0.054
    -0.010   -0.014    0.005    0.008    0.049    0.024   -0.011   -0.024
    -0.016   -0.008   -0.209   -0.140   -0.228   -0.049   -0.260    0.048
    -0.142   -0.163   -0.196   -0.247   -0.150    0.039   -0.289   -0.022
    -0.035   -0.184    0.046    0.220   -0.242   -0.008    0.117   -0.168
     0.063   -0.025    0.114    0.101   -0.024   -0.028   -0.006    0.004
     0.000   -0.016   -0.003    0.276    0.086   -0.008    0.040    0.043
     0.053    0.051    0.062   -0.017    0.022    0.010    0.055

 ( 26)
    -0.022    0.000    0.000   -0.034   -0.083    0.007    0.070   -0.052
     0.008    0.000    0.023   -0.009   -0.011    0.017   -0.013   -0.026
    -0.057   -0.004    0.234    0.095    0.087   -0.024    0.130   -0.015
     0.067    0.337   -0.052    0.042    0.274    0.001   -0.130    0.263
     0.013   -0.178    0.257   -0.117   -0.033    0.068    0.106    0.022
     0.094   -0.024    0.312    0.196   -0.032   -0.027    0.002    0.013
     0.005   -0.014   -0.004    0.238    0.081    0.000    0.040    0.029
     0.045    0.014    0.040   -0.011   -0.007    0.002    0.048

 ( 27)
     0.018   -0.012    0.006    0.019    0.035    0.002   -0.045    0.048
     0.003   -0.020    0.037   -0.012   -0.058   -0.019   -0.012   -0.014
    -0.068    0.000    0.104   -0.045   -0.117   -0.138   -0.074    0.021
    -0.028   -0.207    0.062    0.010   -0.145    0.003    0.141   -0.094
     0.009    0.208   -0.174   -0.037    0.356    0.101   -0.029    0.249
     0.034   -0.012    0.485    0.180   -0.029   -0.032    0.005    0.023
     0.008   -0.014   -0.007    0.211    0.075    0.002    0.047    0.025
     0.056   -0.004    0.035   -0.014   -0.024    0.005    0.062

 ( 28)
     0.017   -0.015    0.032    0.001   -0.001    0.018    0.003   -0.007
    -0.012   -0.021    0.042   -0.052    0.021    0.010    0.007    0.036
    -0.005    0.023    0.546    0.021   -0.167   -0.585   -0.045    0.067
    -0.004   -0.028    0.032    0.003   -0.101    0.022   -0.039    0.035
    -0.015   -0.045    0.017    0.024   -0.040   -0.010    0.007   -0.175
    -0.055    0.011   -0.104   -0.333    0.054   -0.008    0.001   -0.001
     0.002    0.002    0.000   -0.071   -0.014    0.012   -0.001    0.003
    -0.009   -0.006    0.016   -0.002    0.005    0.008    0.011

 ( 29)
     0.008   -0.009   -0.005    0.002    0.004   -0.002   -0.008   -0.007
     0.045    0.000   -0.007    0.008   -0.004   -0.008   -0.008   -0.021
     0.028   -0.033    0.194    0.016   -0.045   -0.161   -0.025    0.003
    -0.047   -0.202    0.030    0.064    0.233   -0.007   -0.034   -0.069
     0.051    0.051   -0.062    0.049   -0.516   -0.165   -0.009    0.612
     0.161   -0.010   -0.075    0.176   -0.050    0.022   -0.003   -0.008
    -0.010    0.004    0.004   -0.009   -0.016   -0.015   -0.032   -0.034
    -0.018    0.027   -0.021    0.005    0.017   -0.004   -0.032

 ( 30)
    -0.019    0.021    0.048    0.001   -0.002   -0.004    0.011    0.006
    -0.026    0.036   -0.031   -0.002   -0.013   -0.006    0.013   -0.044
     0.019   -0.013   -0.045    0.008    0.030   -0.256    0.026    0.068
     0.152    0.486   -0.002   -0.179   -0.569    0.012    0.170   -0.103
    -0.026    0.006    0.014   -0.031   -0.078   -0.036   -0.012    0.142
     0.083    0.010   -0.087    0.246   -0.032    0.028   -0.006   -0.017
    -0.013    0.001    0.012    0.092    0.016   -0.012   -0.045   -0.041
    -0.034    0.057   -0.010    0.010    0.027   -0.018   -0.054

 ( 31)
    -0.009    0.001   -0.008    0.015    0.001    0.042    0.001    0.010
    -0.007    0.017   -0.024    0.010   -0.011   -0.026   -0.037   -0.040
     0.043    0.019    0.021    0.018    0.016   -0.137   -0.057    0.003
     0.015    0.011    0.039    0.086    0.057    0.044   -0.431    0.442
    -0.015    0.377   -0.351   -0.008    0.100    0.004   -0.048   -0.158
    -0.093   -0.042   -0.096    0.219    0.012    0.035   -0.017   -0.027
    -0.020    0.008    0.019    0.125    0.014   -0.013   -0.070   -0.068
    -0.044    0.104   -0.009    0.015    0.062   -0.012   -0.075

 ( 32)
    -0.014    0.008    0.003    0.009    0.005    0.010   -0.005   -0.009
    -0.001   -0.007    0.010   -0.009    0.007    0.005   -0.015    0.084
    -0.031   -0.022   -0.136   -0.012    0.019    0.060    0.009    0.001
     0.095    0.290    0.009   -0.027   -0.148    0.016   -0.178    0.165
    -0.004    0.261   -0.276    0.013   -0.315   -0.095   -0.018    0.094
    -0.026   -0.013    0.186   -0.156   -0.019   -0.061    0.029    0.050
     0.037   -0.014   -0.042   -0.267   -0.049    0.005    0.147    0.148
     0.105   -0.225   -0.004   -0.030   -0.126    0.031    0.152

 ( 33)
    -0.039    0.029    0.013    0.012   -0.005    0.008   -0.008    0.007
    -0.004    0.067   -0.076    0.012    0.006   -0.016    0.003   -0.007
     0.058   -0.040    0.002    0.049    0.032   -0.299   -0.048    0.036
    -0.039   -0.199    0.031    0.023    0.101    0.009    0.009   -0.001
    -0.004   -0.138    0.127    0.004    0.145    0.003   -0.050   -0.134
    -0.006   -0.002   -0.043    0.305   -0.062   -0.010    0.013    0.044
     0.028   -0.013   -0.073   -0.089   -0.047   -0.054    0.180    0.136
     0.193   -0.333   -0.179   -0.038   -0.102    0.077    0.197

 ( 34)
     0.028   -0.011   -0.013   -0.009   -0.006    0.001    0.005    0.002
    -0.007   -0.039    0.020    0.016   -0.006   -0.006   -0.002    0.021
     0.013   -0.001    0.098    0.005   -0.007    0.123   -0.003   -0.020
    -0.001    0.051   -0.021   -0.010   -0.092    0.001    0.017   -0.009
    -0.008    0.014   -0.003   -0.013   -0.051   -0.024   -0.010   -0.032
    -0.016   -0.003    0.039    0.023   -0.002    0.004   -0.059    0.037
    -0.044    0.094   -0.065    0.061   -0.086   -0.061   -0.051   -0.301
     0.229   -0.002   -0.406   -0.019    0.414    0.334    0.193

 ( 35)
    -0.080    0.020    0.042    0.028    0.030   -0.024   -0.020   -0.024
     0.034    0.068   -0.024   -0.046    0.021    0.018   -0.022    0.040
    -0.040    0.003   -0.284   -0.047   -0.020   -0.261    0.056    0.051
     0.064    0.016    0.069   -0.024    0.231   -0.019   -0.021   -0.060
     0.036   -0.041   -0.001    0.026    0.052    0.053    0.038    0.047
    -0.054   -0.015    0.131   -0.016   -0.002   -0.072   -0.056   -0.019
     0.007    0.074    0.039   -0.161   -0.075    0.014   -0.066   -0.078
    -0.028    0.274    0.108    0.021    0.248    0.116   -0.013

 ( 36)
    -0.044   -0.021    0.025    0.016    0.050   -0.020    0.014   -0.036
     0.020    0.029    0.025   -0.047   -0.014    0.037    0.013   -0.040
    -0.067    0.033   -0.225   -0.097   -0.063   -0.111    0.073    0.019
     0.057    0.129    0.021    0.028    0.258   -0.022    0.067   -0.080
     0.024    0.114   -0.140    0.036    0.017    0.079    0.087    0.046
     0.011    0.022   -0.214   -0.201    0.050    0.071    0.054    0.016
    -0.037   -0.041   -0.051    0.284    0.126    0.029   -0.014   -0.113
     0.062   -0.210   -0.258   -0.021   -0.032    0.001    0.048

 ( 37)
    -0.001    0.030    0.007    0.016   -0.059    0.019   -0.074    0.050
    -0.005    0.012    0.009   -0.015    0.095    0.024    0.013   -0.059
    -0.065   -0.016   -0.074    0.040    0.070    0.064   -0.008    0.011
     0.017   -0.117    0.061   -0.060   -0.206    0.030   -0.258    0.299
    -0.003   -0.173    0.117    0.050    0.212    0.042   -0.030    0.361
     0.167    0.006   -0.200   -0.239   -0.004   -0.007   -0.012   -0.011
     0.017    0.010   -0.014    0.043    0.019    0.034    0.049    0.023
     0.053   -0.039   -0.050   -0.005    0.042    0.048    0.055

 ( 38)
    -0.035   -0.017   -0.083    0.027    0.036    0.102    0.004   -0.028
    -0.093    0.001   -0.008    0.019   -0.003    0.031    0.091   -0.010
    -0.032   -0.063   -0.035    0.054    0.089   -0.098   -0.257   -0.063
    -0.044    0.104   -0.115    0.298    0.082    0.082    0.266    0.125
    -0.074   -0.056   -0.116    0.180    0.019   -0.029   -0.066   -0.012
     0.225    0.078    0.017   -0.057   -0.069   -0.015    0.000    0.009
    -0.003    0.012    0.011   -0.030   -0.008   -0.002   -0.036   -0.044
    -0.030    0.075    0.029    0.005    0.046    0.010   -0.021

 ( 39)
     0.027   -0.058   -0.006   -0.013    0.050   -0.009    0.025   -0.028
     0.014   -0.024    0.021    0.010    0.006    0.007    0.005   -0.115
     0.018    0.034    0.063   -0.090   -0.093    0.035    0.039   -0.019
     0.016    0.197   -0.047    0.044    0.106   -0.016    0.070   -0.077
     0.016    0.096   -0.094    0.015    0.109    0.049    0.032    0.057
     0.023    0.006   -0.182    0.009    0.039   -0.026   -0.092   -0.056
     0.099    0.046   -0.006   -0.078   -0.085    0.019    0.241    0.310
     0.143   -0.067    0.083    0.002   -0.013    0.079    0.125

 ( 40)
     0.035    0.013    0.099   -0.051   -0.028   -0.051    0.048    0.005
    -0.049    0.027   -0.004   -0.012   -0.023    0.006    0.106   -0.026
    -0.028   -0.076    0.020   -0.104   -0.180    0.086    0.366    0.065
    -0.076   -0.191    0.011   -0.107    0.053   -0.049    0.030    0.123
    -0.048    0.165   -0.138    0.010   -0.022   -0.109   -0.166   -0.162
     0.284    0.078   -0.022   -0.002   -0.084   -0.017    0.001    0.011
     0.006    0.013    0.007   -0.038   -0.016   -0.016   -0.012   -0.016
    -0.016    0.051    0.026    0.003    0.034    0.015   -0.006

 ( 41)
     0.020   -0.083    0.007    0.031    0.059   -0.035   -0.072   -0.031
     0.032   -0.050   -0.003    0.042    0.082   -0.035    0.007    0.031
     0.052   -0.074    0.049   -0.168   -0.208   -0.023    0.125   -0.015
     0.153    0.293    0.085   -0.074    0.165   -0.024   -0.094    0.054
     0.037   -0.151    0.010    0.093    0.264   -0.046   -0.145    0.037
     0.092   -0.010    0.028    0.064   -0.081    0.002    0.023    0.038
    -0.033   -0.022    0.003   -0.022   -0.034   -0.097   -0.074   -0.070
    -0.060    0.018    0.009   -0.004   -0.046   -0.051   -0.054

 ( 42)
    -0.033   -0.077    0.027    0.027   -0.014    0.059   -0.010    0.070
    -0.059    0.007    0.056   -0.048   -0.016   -0.092   -0.006    0.026
     0.031    0.091   -0.239   -0.212   -0.182   -0.010    0.171   -0.001
    -0.021   -0.024   -0.048    0.165   -0.006    0.046    0.053    0.163
    -0.053   -0.180    0.185    0.038   -0.151   -0.201   -0.156    0.001
     0.066   -0.024    0.077    0.105    0.092    0.016   -0.013   -0.022
     0.004   -0.002   -0.004    0.026    0.005    0.018    0.031    0.043
     0.031   -0.042   -0.012    0.001   -0.020    0.001    0.016

 ( 43)
    -0.034   -0.040   -0.051    0.114   -0.019   -0.033    0.059    0.064
     0.024   -0.040    0.019    0.017   -0.044   -0.001    0.056   -0.025
    -0.022   -0.023   -0.089   -0.004    0.077   -0.091   -0.226   -0.030
     0.259   -0.059    0.330   -0.231    0.058    0.006   -0.153   -0.089
     0.001    0.092    0.181   -0.249   -0.097   -0.089   -0.117   -0.165
     0.174    0.035   -0.017   -0.046   -0.023    0.004   -0.009   -0.002
     0.015    0.008    0.003    0.003   -0.004    0.011    0.022    0.024
     0.007    0.013    0.015    0.003    0.007    0.008    0.006

 ( 44)
    -0.017   -0.035   -0.021   -0.080    0.043    0.043    0.045    0.055
     0.074    0.042    0.010   -0.007    0.052   -0.045    0.009   -0.012
    -0.028   -0.045   -0.020   -0.031   -0.007   -0.038   -0.041   -0.021
    -0.207    0.090   -0.287    0.239   -0.090    0.007   -0.260   -0.278
     0.036    0.168    0.163   -0.351    0.085   -0.097   -0.131   -0.020
     0.081   -0.008   -0.045   -0.062   -0.045   -0.021    0.020    0.016
    -0.009   -0.002    0.000   -0.026    0.016    0.008   -0.034   -0.053
    -0.024    0.026   -0.007   -0.002    0.027    0.003   -0.008

 ( 45)
     0.002   -0.083    0.020    0.048   -0.040    0.052    0.026    0.069
    -0.022   -0.011   -0.040    0.030   -0.028    0.106   -0.037   -0.017
     0.001   -0.068   -0.056   -0.205   -0.241   -0.018    0.186   -0.009
     0.010   -0.056   -0.034    0.158   -0.079    0.041    0.003    0.025
    -0.027    0.039    0.100   -0.097   -0.083    0.248    0.326    0.055
    -0.250    0.004   -0.071   -0.029   -0.068   -0.012    0.004    0.034
    -0.004    0.003    0.003   -0.024   -0.065   -0.145   -0.022   -0.013
    -0.030    0.031    0.032   -0.003   -0.010   -0.010   -0.025

 ( 46)
     0.014   -0.027    0.001    0.011    0.001    0.003   -0.001    0.009
    -0.005   -0.007   -0.044    0.033   -0.002    0.005   -0.006    0.004
     0.008   -0.017    0.048   -0.056   -0.086   -0.005    0.054   -0.008
     0.020    0.019    0.008    0.011    0.004    0.003    0.004    0.013
    -0.004   -0.010    0.017   -0.003   -0.004    0.016    0.017   -0.005
    -0.025   -0.003    0.041    0.014   -0.017   -0.030    0.048   -0.074
     0.009   -0.013   -0.002   -0.116    0.337    0.779    0.002   -0.088
     0.031   -0.005   -0.117    0.012    0.119    0.051    0.083

 ( 47)
     0.018   -0.083   -0.023   -0.086    0.017   -0.020    0.052    0.055
    -0.026    0.082    0.050    0.019    0.022   -0.073   -0.014   -0.041
    -0.003   -0.022    0.018   -0.027    0.121   -0.003   -0.203   -0.008
     0.002   -0.002    0.210   -0.294    0.073    0.005    0.179    0.187
    -0.009    0.001   -0.001    0.177   -0.014   -0.006    0.174    0.066
    -0.247    0.007   -0.063   -0.030   -0.018   -0.051    0.040    0.029
    -0.005   -0.001   -0.003   -0.064    0.018   -0.021   -0.036   -0.064
    -0.035    0.040   -0.001   -0.006    0.042    0.008   -0.008

 ( 48)
     0.032   -0.074   -0.002   -0.022    0.006   -0.025    0.041    0.038
    -0.003   -0.005   -0.100   -0.040    0.043    0.101   -0.004    0.012
     0.018    0.129    0.077   -0.041    0.058    0.059   -0.135    0.003
    -0.003    0.012    0.013   -0.042    0.014   -0.023    0.056    0.052
    -0.001    0.079   -0.004    0.011    0.042    0.034   -0.164    0.056
     0.284   -0.024    0.041    0.061    0.123   -0.069    0.039   -0.014
    -0.038   -0.016   -0.009   -0.055   -0.009   -0.159   -0.049   -0.080
     0.014   -0.053   -0.012   -0.008    0.025   -0.009   -0.028

 ( 49)
    -0.005    0.085    0.026    0.076    0.033   -0.003    0.075    0.016
    -0.004   -0.083   -0.054   -0.006    0.026   -0.105   -0.040   -0.077
    -0.039    0.019    0.030    0.069   -0.035    0.013    0.117    0.021
     0.043    0.003   -0.062    0.136    0.030   -0.010    0.132    0.052
     0.002    0.014    0.039    0.066    0.014   -0.096   -0.008    0.035
    -0.111   -0.038   -0.110   -0.048    0.020   -0.057    0.076    0.037
     0.042   -0.004   -0.012   -0.051    0.022   -0.117    0.003   -0.121
    -0.028    0.082    0.017   -0.017    0.130    0.004   -0.041

 ( 50)
     0.079   -0.036   -0.014    0.067   -0.055    0.012   -0.086   -0.084
     0.031    0.085    0.038   -0.021   -0.082    0.003   -0.010   -0.065
     0.018    0.014    0.042   -0.041   -0.004    0.091   -0.030   -0.015
     0.065    0.013   -0.044    0.103   -0.082    0.007   -0.106   -0.115
     0.027   -0.094   -0.046   -0.028   -0.044   -0.016   -0.084   -0.113
     0.069   -0.018   -0.080    0.021    0.014   -0.057    0.091    0.024
     0.040    0.016   -0.007   -0.069    0.042   -0.099    0.003   -0.086
    -0.027    0.080    0.019   -0.011    0.128    0.033   -0.017

 ( 51)
    -0.025   -0.057    0.025   -0.061    0.018   -0.047   -0.055    0.058
     0.051   -0.031   -0.062   -0.006   -0.069    0.011   -0.037    0.022
    -0.049   -0.027    0.011   -0.017    0.104   -0.025   -0.144    0.034
    -0.075    0.055   -0.107    0.012   -0.015   -0.054    0.030    0.162
     0.062   -0.099    0.034    0.177   -0.094   -0.024   -0.103   -0.130
     0.064   -0.044   -0.005   -0.061   -0.025    0.088    0.035    0.031
     0.117    0.043    0.004    0.105    0.027   -0.005    0.112    0.026
     0.000    0.131    0.067    0.001    0.121    0.036   -0.014

 ( 52)
     0.008   -0.034    0.091    0.060   -0.025   -0.053    0.041    0.011
     0.050   -0.025    0.053   -0.074    0.008    0.021   -0.027   -0.021
     0.052   -0.055   -0.045    0.030    0.281    0.060   -0.233    0.109
    -0.001   -0.029   -0.195    0.222   -0.053   -0.069    0.110    0.101
     0.059    0.019   -0.019    0.147    0.044    0.029   -0.034   -0.037
     0.021   -0.028   -0.056    0.080   -0.055   -0.022   -0.053    0.051
    -0.046   -0.023    0.001   -0.060   -0.006    0.213   -0.066    0.035
    -0.093    0.039   -0.056   -0.001   -0.128   -0.019    0.056

 ( 53)
    -0.016    0.027   -0.073    0.016   -0.033   -0.023    0.046    0.015
     0.084    0.048    0.017    0.095   -0.018    0.018   -0.093   -0.008
    -0.041    0.014   -0.005   -0.026   -0.208   -0.105    0.157   -0.082
     0.001   -0.029   -0.061    0.032   -0.119   -0.025    0.196    0.120
     0.098   -0.002   -0.025    0.245   -0.003   -0.046   -0.253   -0.103
     0.180   -0.112   -0.028   -0.123    0.020   -0.013   -0.029    0.005
    -0.053    0.013   -0.008    0.012   -0.017    0.017   -0.060    0.095
    -0.088    0.009   -0.041   -0.006   -0.137    0.023    0.061

 ( 54)
     0.005   -0.011    0.026    0.036   -0.007   -0.053    0.003    0.020
     0.047    0.013    0.012    0.033   -0.011   -0.022    0.034    0.012
    -0.017   -0.031    0.009    0.005    0.063   -0.023   -0.063    0.033
    -0.003    0.010   -0.158    0.145   -0.049   -0.064    0.022    0.102
     0.052   -0.017    0.006    0.110   -0.016   -0.007    0.074   -0.034
    -0.073    0.039    0.070   -0.044   -0.030   -0.009    0.019   -0.109
    -0.050    0.007    0.043   -0.005   -0.004   -0.174    0.057   -0.132
     0.423   -0.398    0.204    0.045    0.162   -0.057   -0.219

 ( 55)
    -0.068    0.007   -0.015   -0.041   -0.043    0.021    0.028   -0.028
     0.004   -0.028    0.064    0.013    0.026    0.054   -0.044   -0.004
     0.063    0.000   -0.114   -0.014   -0.041   -0.082    0.043   -0.018
    -0.041   -0.086    0.053   -0.078   -0.048    0.025    0.064   -0.041
     0.006    0.053   -0.059    0.017    0.065    0.039   -0.107    0.009
     0.119   -0.051   -0.034    0.048    0.002   -0.003   -0.015    0.043
     0.090   -0.091   -0.021   -0.066   -0.022    0.077    0.101   -0.317
     0.179   -0.048    0.130   -0.035    0.286   -0.152   -0.266

 ( 56)
     0.056    0.008   -0.004   -0.003    0.027    0.100    0.010   -0.005
     0.003    0.011   -0.039   -0.078   -0.014   -0.008   -0.081   -0.013
    -0.030   -0.043    0.055    0.004   -0.014    0.136    0.040   -0.010
     0.050    0.034    0.220   -0.132    0.064    0.113    0.066   -0.063
     0.004   -0.021    0.025    0.003   -0.006   -0.032   -0.143   -0.052
     0.056   -0.088   -0.079   -0.018   -0.041    0.021   -0.030    0.059
    -0.059    0.062    0.035    0.036    0.020    0.180    0.009    0.019
     0.242   -0.231    0.269    0.025   -0.017   -0.026   -0.186

 ( 57)
     0.009   -0.010    0.041    0.021    0.018   -0.054   -0.024    0.004
    -0.062    0.025   -0.005    0.080   -0.003   -0.008    0.013   -0.003
    -0.024    0.057    0.039    0.010    0.072   -0.042   -0.058    0.048
    -0.002    0.020   -0.109    0.092    0.046   -0.061   -0.088   -0.018
    -0.067   -0.010    0.021   -0.118   -0.034   -0.013    0.023    0.049
    -0.005    0.014   -0.016   -0.045    0.059   -0.003   -0.040    0.068
    -0.024    0.056   -0.136    0.042    0.019    0.187   -0.016   -0.008
    -0.066   -0.035    0.296   -0.160   -0.038   -0.044   -0.352

 ( 58)
    -0.080    0.019   -0.074   -0.061   -0.021   -0.026   -0.043    0.012
     0.056   -0.069    0.011   -0.040   -0.034    0.009    0.087   -0.054
     0.049    0.034   -0.092   -0.008   -0.133   -0.091    0.083   -0.080
    -0.069   -0.012   -0.052   -0.051   -0.085   -0.028   -0.051    0.074
     0.059   -0.028   -0.022    0.093   -0.022    0.038    0.146   -0.023
    -0.053    0.094   -0.065    0.114    0.030   -0.045    0.042    0.064
    -0.064    0.079    0.016   -0.034    0.066    0.118   -0.056    0.073
     0.042   -0.075    0.143    0.010   -0.076    0.050   -0.042

 ( 59)
    -0.079   -0.066    0.076   -0.050   -0.071    0.012   -0.016   -0.089
    -0.066   -0.065   -0.004    0.059   -0.004   -0.025   -0.078   -0.036
    -0.025   -0.009   -0.104   -0.049    0.133   -0.089   -0.129    0.083
    -0.061   -0.122    0.024   -0.044   -0.010    0.012   -0.021   -0.155
    -0.070    0.007   -0.085   -0.114    0.020   -0.042   -0.132    0.005
     0.039   -0.084   -0.044   -0.089   -0.005   -0.024    0.039   -0.020
    -0.053    0.045    0.043   -0.002    0.027   -0.071   -0.042    0.094
     0.031   -0.062   -0.017    0.050   -0.076    0.064    0.098

 ( 60)
    -0.021   -0.010   -0.046   -0.042   -0.003   -0.009   -0.043   -0.002
    -0.007   -0.038   -0.026   -0.075   -0.057   -0.020   -0.041   -0.036
    -0.025   -0.076   -0.022   -0.011   -0.048    0.009   -0.001   -0.048
    -0.028    0.010    0.014   -0.070   -0.011   -0.007   -0.014    0.008
    -0.005   -0.060    0.001    0.018   -0.056   -0.019   -0.041   -0.087
    -0.029   -0.041   -0.006   -0.016   -0.077   -0.052   -0.042   -0.108
    -0.032   -0.049   -0.142   -0.051   -0.042   -0.108   -0.045   -0.062
    -0.166   -0.002   -0.040   -0.145   -0.034   -0.050   -0.144

 ( 61)
    -0.001    0.026   -0.006   -0.021    0.068   -0.054   -0.080    0.048
    -0.064    0.001   -0.007    0.025   -0.078    0.009   -0.027   -0.056
    -0.029    0.019    0.044    0.040    0.002   -0.030    0.008   -0.003
    -0.024    0.093   -0.078    0.012    0.088   -0.057   -0.115    0.033
    -0.067   -0.092    0.078   -0.097   -0.123   -0.007   -0.033   -0.049
     0.025   -0.028   -0.087   -0.048    0.021   -0.052   -0.065    0.053
    -0.031   -0.103    0.099   -0.092   -0.079    0.048   -0.029   -0.129
     0.124   -0.060   -0.123    0.102    0.014   -0.088    0.107

 ( 62)
    -0.002    0.032    0.121   -0.028    0.054    0.138   -0.029    0.040
     0.099   -0.024    0.026    0.070   -0.049    0.031    0.044   -0.020
     0.010    0.032   -0.003    0.043    0.148    0.037    0.011    0.121
    -0.010    0.058    0.177   -0.065    0.076    0.142    0.007    0.020
     0.100   -0.052    0.057    0.108   -0.046    0.019    0.015   -0.087
     0.051    0.041    0.019   -0.012    0.032   -0.041    0.003   -0.020
    -0.016   -0.017   -0.035   -0.041   -0.007   -0.047   -0.033   -0.022
    -0.074    0.023   -0.039   -0.035   -0.019   -0.005   -0.007

 ( 63)
     0.003   -0.074   -0.001    0.001   -0.085    0.033    0.002   -0.071
     0.074    0.001   -0.089    0.007    0.001   -0.085    0.078    0.003
    -0.072    0.042    0.002   -0.086   -0.030    0.008   -0.041   -0.004
     0.003   -0.072    0.028   -0.003   -0.118    0.033    0.007   -0.038
     0.075    0.001   -0.083    0.099    0.002   -0.072    0.106   -0.004
    -0.118    0.081    0.007   -0.039    0.040    0.001   -0.088    0.046
     0.003   -0.077    0.013    0.002   -0.078    0.073    0.001   -0.089
     0.018    0.007   -0.044    0.009    0.001   -0.090   -0.015


 ==============================================================================
                      STATISTICAL THERMODYNAMICS ANALYSIS
 ==============================================================================

  Structure name    : 2-MeN-THP-eq                                                
  Temperature       :   298.16 K
  Symmetry number   :   1
  Optical isomers   :   2
  Zero Point Energy :  116.742 Kcal/mol


                     ENERGY   ENTHALPY    ENTROPY  FREE ENERGY   HEAT CAPACITY
                  (Kcal/mol) (Kcal/mol)     (eu)   (Kcal/mol)    (cal/mol/deg)
  Translational       0.889      1.481     40.119    -10.481         4.967
     Rotational       0.889      0.889     28.271     -7.541         2.980
    Vibrational     120.177%   120.177%    19.394*   114.395%       25.897*
      Potential       8.672#     8.672#     0.000      8.672#        0.000
         Mixing       0.000      0.000      1.377     -0.411         0.000
          Total     130.626    131.219     89.161    104.634        33.845

  Enthalpy Function (H-Ho)/T     =   19.47 cal/mol/deg
  Free Energy Function -(G-Ho)/T =   69.69 cal/mol/deg

  % Includes zero point energy (ZPE).
  * Excludes contribution from frequencies lower than 40 (1/cm).
  # Includes steric energy (SE).
    Internal rotation contributions are not considered

  This structure has   0 imaginary frequencies,
                       0 free internal rotation (fir) frequencies
                         (>= 0,< 10 /cm),
                       0 restricted internal rotation (rir) frequencies
                         (>= 10,< 40 /cm),
                       6 zero frequencies, and
                      57 real frequencies.


      FINAL STERIC ENERGY IS      8.6717 KCAL/MOL.


                COMPRESSION       0.3209
                BENDING           1.3709
                BEND-BEND        -0.0710
                STRETCH-BEND      0.0973
                VANDERWAALS
                  1,4 ENERGY      8.2425
                  OTHER           0.0093
                H-BONDING         0.0000
                PI-COMPLX         0.0000

                TORSIONAL         0.5209
                TORSION-STRETCH  -0.0068
                DIPOLE-DIPOLE    -1.8124
                CHARGE-DIPOLE     0.0000
                CHARGE-CHARGE     0.0000

      -----------------------------------------------------------------

      COORDINATES TRANSLATED TO NEW ORIGIN WHICH IS CENTER OF MASS
         C(   1)     1.15355    -1.38723    -0.20008   (  1)
         C(   2)     2.23225    -0.38655     0.20909   (  1)
         C(   3)     1.86393     1.02085    -0.26484   (  1)
         O(   4)    -0.10750    -0.96683     0.30309   (  6)
         C(   5)     0.43851     1.35732     0.17813   (  1)
         C(   6)    -0.54163     0.26631    -0.26102   (  1)
         H(   7)     1.38740    -2.39064     0.21436   (  5)
         H(   8)     1.10621    -1.49694    -1.31103   (  5)
         H(   9)     3.21643    -0.68816    -0.21485   (  5)
         H(  10)     2.34326    -0.39049     1.31723   (  5)
         H(  11)     1.93275     1.07215    -1.37609   (  5)
         H(  12)     2.58416     1.76811     0.14064   (  5)
         H(  13)     0.13930     2.34026    -0.25044   (  5)
         H(  14)     0.40976     1.46641     1.28596   (  5)
         H(  15)    -0.56750     0.19346    -1.39009   (  5)
         N(  16)    -1.87908     0.59822     0.23181   (  8)
         C(  17)    -2.88632    -0.39697    -0.13527   (  1)
         H(  18)    -2.16803     1.51166    -0.11135   ( 23)
         H(  19)    -3.88347    -0.09652     0.25432   (  5)
         H(  20)    -2.95779    -0.51098    -1.25169   (  5)
         H(  21)    -2.64099    -1.38662     0.30605   (  5)

      MOMENT OF INERTIA WITH THE PRINCIPAL AXES

          (1)  UNIT = 10**(-39) GM*CM**2
               IX=   20.5592    IY=   58.9817    IZ=   74.0887

          (2)  UNIT = AU A**2
               IX=  123.8239    IY=  355.2352    IZ=  446.2214



      MOLECULAR POLARIZABILITIES (A**3)
        ALPHA(1)   =      16.94
        ALPHA(2)   =      15.74
        ALPHA(3)   =      13.00
        AVG. ALPHA =      15.23



      DIPOLE MOMENT =          2.183 D


        COMPONENTS WITH PRINCIPAL AXES

                          X = -0.4541    Y = -1.2531    Z =  1.7292


      E (INDP/INDP) =          0.729 KCAL/MOLE
      DIPOLE MOMENT =          1.985 D (INCLUDES INDUCED BOND MOMENTS)
      *NOTE*  E (INDP/INDP) IS NOT INCLUDED IN THE FINAL STERIC ENERGY

        COMPONENTS WITH PRINCIPAL AXES

                          X = -0.6220    Y = -1.4853    Z =  1.1611



      TOTAL ATOMIC CHARGE ON EACH ATOM (in ELECTRON CHARGE)

           C(    1):          0.173
           C(    2):          0.011
           C(    3):         -0.025
           O(    4):         -0.397
           C(    5):          0.015
           C(    6):          0.270
           H(    7):          0.005
           H(    8):          0.004
           H(    9):          0.005
           H(   10):          0.006
           H(   11):          0.003
           H(   12):          0.002
           H(   13):          0.008
           H(   14):          0.009
           H(   15):          0.014
           N(   16):         -0.519
           C(   17):          0.096
           H(   18):          0.288
           H(   19):          0.010
           H(   20):          0.011
           H(   21):          0.012

      -----------------------------------------------------------------

        END OF 2-MeN-THP-eq                                                


           TOTAL CPU TIME IS      0.08 SECONDS.

           THIS JOB COMPLETED AT    19:12:06
