1
               ---------------------------------------------
               WARNING : INCORRECT ATOM TYPES GIVEN IN INPUT
                         DATA ARE CORRECTED AS FOLLOWS
               ---------------------------------------------


             Atom type of atom    1 is replaced by   1 (was   0)
             Atom type of atom    2 is replaced by   6 (was   0)
             Atom type of atom    3 is replaced by   1 (was   0)
             Atom type of atom    4 is replaced by   6 (was   0)
             Atom type of atom    5 is replaced by   1 (was   0)
             Atom type of atom    6 is replaced by   5 (was   0)
             Atom type of atom    7 is replaced by   5 (was   0)
             Atom type of atom    8 is replaced by   5 (was   0)
             Atom type of atom    9 is replaced by   1 (was   0)
             Atom type of atom   10 is replaced by   5 (was   0)
             Atom type of atom   11 is replaced by   5 (was   0)
             Atom type of atom   12 is replaced by   5 (was   0)
             Atom type of atom   13 is replaced by   5 (was   0)
             Atom type of atom   14 is replaced by   5 (was   0)
             Atom type of atom   15 is replaced by   5 (was   0)
             Atom type of atom   16 is replaced by   5 (was   0)
1     acetaldehydedimethylacetal-g-,g-                            

               CHEMICAL FORMULA :  C(   4)  H(  10)  O(   2) 
               FORMULA WEIGHT   :     90.070
                                                               DATE 30-MAY-23
                                                               TIME  20:33:28


          THE COORDINATES OF   16 ATOMS ARE READ IN.
          SOME CONSTANTS WILL BE READ IN.

      CONFORMATIONAL ENERGY, PART 1:  GEOMETRY AND STERIC ENERGY
                                      OF INITIAL CONFORMATION.


      CONNECTED ATOMS
         1-   2-   3-   4-   5-
         3-   9-

      ATTACHED ATOMS
         1-   6,   1-   7,   1-   8,   3-  10,   5-  11,   5-  12,   5-  13,
         9-  14,   9-  15,   9-  16,

      INITIAL ATOMIC COORDINATES
           ATOM         X           Y           Z       TYPE
         C(   1)     1.39605     1.21850    -0.49490   (  1)
         O(   2)     0.76321     0.67563     0.66303   (  6)
         C(   3)     0.03964    -0.51212     0.42367   (  1)
         O(   4)    -1.01792    -0.32258    -0.47803   (  6)
         C(   5)    -2.05262     0.49797     0.05359   (  1)
         H(   6)     1.74884     2.23342    -0.22174   (  5)
         H(   7)     2.27582     0.58892    -0.78480   (  5)
         H(   8)     0.67048     1.29200    -1.34192   (  5)
         C(   9)     0.89934    -1.64182    -0.12764   (  1)
         H(  10)    -0.38447    -0.78985     1.42316   (  5)
         H(  11)    -2.79895     0.64085    -0.75287   (  5)
         H(  12)    -2.53901    -0.00917     0.92605   (  5)
         H(  13)    -1.64099     1.49210     0.36193   (  5)
         H(  14)     1.80039    -1.80867     0.49888   (  5)
         H(  15)     1.23220    -1.44542    -1.16743   (  5)
         H(  16)     0.31368    -2.58548    -0.14654   (  5)


          DIELECTRIC CONSTANT =  1.500


      INITIAL STERIC ENERGY IS      4.2613 KCAL/MOL.

                  COMPRESSION       0.1096
                  BENDING           3.8679
                  BEND-BEND         0.0799
                  STRETCH-BEND     -0.0370
                  VANDERWAALS
                    1,4 ENERGY      4.2670
                    OTHER           1.2096
                  H-BONDING         0.0000
                  PI-COMPLX         0.0000

                  TORSIONAL        -2.2829
                  TORSION-STRETCH   0.0016
                  DIPOLE-DIPOLE    -2.9544
                  CHARGE-DIPOLE     0.0000
                  CHARGE-CHARGE     0.0000


      MOLECULAR POLARIZABILITIES (A**3)
        ALPHA(1)   =      11.52
        ALPHA(2)   =      10.71
        ALPHA(3)   =      10.41
        AVG. ALPHA =      10.88



      DIPOLE MOMENT =          0.068 D


      E (INDP/INDP) =         -0.243 KCAL/MOLE
      DIPOLE MOMENT =          0.272 D (INCLUDES INDUCED BOND MOMENTS)
      *NOTE*  E (INDP/INDP) IS NOT INCLUDED IN THE INITIAL STERIC ENERGY

      CPU TIME FOR INITIAL CALCULATION IS     0.01 SECONDS.


1     acetaldehydedimethylacetal-g-,g-                            


     CONFORMATIONAL ENERGY, PART 2: GEOMETRY MINIMIZATION

               GEOMETRY OPTIMIZATION IS CONTINUED UNTIL ATOM
               MOVEMENT CONVERGES WITHIN FOLLOWING VALUES:

                         AVERAGE MOVEMENT  0.00012 A
                         MAXIMUM MOVEMENT  0.00120 A



     <<<<<<<<<<<<<<<<<<<<<<<<<<  C Y C L E   1 >>>>>>>>>>>>>>>>>>>>>>>>>>

                              (CH)-MOVEMENT = 1

       ITER    1   AVG. MOVE = 0.01316 A   (MAX MOVE : ATOM    9   0.07155 A)  
       ITER    2   AVG. MOVE = 0.00523 A   (MAX MOVE : ATOM    1   0.05154 A)  
       ITER    3   AVG. MOVE = 0.00287 A   (MAX MOVE : ATOM    1   0.02932 A)  
       ITER    4   AVG. MOVE = 0.00195 A   (MAX MOVE : ATOM    1   0.01820 A)  
       ITER    5   AVG. MOVE = 0.00148 A   (MAX MOVE : ATOM    1   0.01483 A)  
       ITER    6   AVG. MOVE = 0.00120 A   (MAX MOVE : ATOM    1   0.01244 A)  
       ITER    7   AVG. MOVE = 0.00102 A   (MAX MOVE : ATOM    1   0.01057 A)  
       ITER    8   AVG. MOVE = 0.00087 A   (MAX MOVE : ATOM    1   0.00907 A)  
       ITER    9   AVG. MOVE = 0.00075 A   (MAX MOVE : ATOM    1   0.00784 A)  
       ITER   10   AVG. MOVE = 0.00065 A   (MAX MOVE : ATOM    1   0.00680 A)  
       ITER   11   AVG. MOVE = 0.00057 A   (MAX MOVE : ATOM    1   0.00593 A)  
       ITER   12   AVG. MOVE = 0.00051 A   (MAX MOVE : ATOM    1   0.00518 A)  
       ITER   13   AVG. MOVE = 0.00045 A   (MAX MOVE : ATOM    1   0.00455 A)  
       ITER   14   AVG. MOVE = 0.00041 A   (MAX MOVE : ATOM    1   0.00401 A)  
       ITER   15   AVG. MOVE = 0.00037 A   (MAX MOVE : ATOM    1   0.00354 A)  
       ITER   16   AVG. MOVE = 0.00034 A   (MAX MOVE : ATOM    1   0.00314 A)  
       ITER   17   AVG. MOVE = 0.00032 A   (MAX MOVE : ATOM    1   0.00279 A)  
       ITER   18   AVG. MOVE = 0.00030 A   (MAX MOVE : ATOM    1   0.00248 A)  
       ITER   19   AVG. MOVE = 0.00028 A   (MAX MOVE : ATOM    1   0.00222 A)  
       ITER   20   AVG. MOVE = 0.00026 A   (MAX MOVE : ATOM    1   0.00199 A)  
       ITER   21   AVG. MOVE = 0.00024 A   (MAX MOVE : ATOM    8   0.00186 A)  
       ITER   22   AVG. MOVE = 0.00023 A   (MAX MOVE : ATOM    8   0.00175 A)  
       ITER   23   AVG. MOVE = 0.00021 A   (MAX MOVE : ATOM    8   0.00164 A)  
       ITER   24   AVG. MOVE = 0.00020 A   (MAX MOVE : ATOM    8   0.00154 A)  
       ITER   25   AVG. MOVE = 0.00019 A   (MAX MOVE : ATOM    8   0.00145 A)  
       ITER   26   AVG. MOVE = 0.00018 A   (MAX MOVE : ATOM    8   0.00136 A)  
       ITER   27   AVG. MOVE = 0.00017 A   (MAX MOVE : ATOM    8   0.00128 A)  
       ITER   28   AVG. MOVE = 0.00016 A   (MAX MOVE : ATOM    8   0.00121 A)  
       ITER   29   AVG. MOVE = 0.00015 A   (MAX MOVE : ATOM    8   0.00114 A)  
       ITER   30   AVG. MOVE = 0.00014 A   (MAX MOVE : ATOM    8   0.00107 A)  
       ITER   31   AVG. MOVE = 0.00014 A   (MAX MOVE : ATOM    8   0.00101 A)  
       ITER   32   AVG. MOVE = 0.00013 A   (MAX MOVE : ATOM    8   0.00095 A)  
       ITER   33   AVG. MOVE = 0.00012 A   (MAX MOVE : ATOM    8   0.00090 A)  
       ITER   34   AVG. MOVE = 0.00012 A   (MAX MOVE : ATOM    8   0.00085 A)  


     <<<<<<<<<<<<<<<<<<<<<<<<<<  C Y C L E   2 >>>>>>>>>>>>>>>>>>>>>>>>>>

                              (CH)-MOVEMENT = 0

       ITER   35   AVG. MOVE = 0.00009 A   (MAX MOVE : ATOM    8   0.00074 A)  


              * * * * * * * * * GEOMETRY IS OPTIMIZED * * * * * * * * *

               WITHIN : AVERAGE MOVEMENT  0.00009 A (LIMIT  0.00012 A)
                        MAXIMUM MOVEMENT  0.00074 A (LIMIT  0.00120 A)

               GRADIENT
                  RMS GRADIENT                0.010228 KCAL/MOL/A

                  MAX GRADIENT
                    X-DIRECTION : ATOM #   1   0.025695 KCAL/MOL/A
                    Y-DIRECTION : ATOM #  12   0.017709 KCAL/MOL/A
                    Z-DIRECTION : ATOM #   5   0.024573 KCAL/MOL/A

        DELTA TIME =    0.01 SEC.       TOTAL CPU TIME =      0.02 SEC.


                            =====================
                            FULL-MATRIX OPTIMIZER
                            =====================


     iter.  rms force   max force   avg. move    max move  atom  convg  d-time

        0    0.015721    0.053344   0.00149 A   0.01227 A    8    [N]     0.0s
        1    0.010127    0.030512   0.00002 A   0.00020 A    8    [N]     0.0s
        2    0.000142    0.000559   0.00000 A   0.00000 A   11    [N]     0.0s
        3    0.000024    0.000059                                 [Y]     0.0s


      TOTAL ENERGY IS      2.6936 KCAL/MOL.

        COMPRESS    0.1175      VDW 1,4    3.9094      DIPL-DIPL   -2.7832
        BENDING     2.8524        OTHER    1.1597      CHRG-DIPL    0.0000
        STR-BEND    0.1167      TORSION   -2.6339      CHRG-CHRG    0.0000
        BEND-BEND  -0.0371      TOR-STR   -0.0079      EPR          0.0000
        H-BONDING   0.0000      PI-CMPL    0.0000
0     DELTA(T) =     0.0 SEC.          ELAPSED TIME =     0.0 SEC.


    * * * ENERGY IS MINIMIZED WITHIN RMS OF FORCES   0.00002  Kcal/mol/A * * *

                 * * * *  RMS FORCE IS   0.00002 Kcal/mol/A * * * *

1     acetaldehydedimethylacetal-g-,g-                            

               CHEMICAL FORMULA :  C(   4)  H(  10)  O(   2) 
               FORMULA WEIGHT   :     90.070
                                                               DATE : 30-MAY-23

           * M M 3 * * * * * * * * * * * 2 0 0 0 *
           *                                     *   PARAMETER RELIABILITY
           *                                     *
           *                                     *   BLANK = GOOD
           *                                     *       B = FAIR
           *                                     *       C = TRIAL
           *                                     *       R = READ IN
           *                                     *       S = SUBSTITUTED
           *                                     *       U = PARAMETER NOT EXIST
           *                                     *
           *                                     *   THIS IS SHOWN AT THE END 
           *                                     *   OF THE LINE.
           * * * * * * * * * * * * * * * * * * * * 


      CONFORMATIONAL ENERGY, PART 3:  GEOMETRY AND STERIC ENERGY
                                      OF FINAL CONFORMATION.

      CONNECTED ATOMS
         1-   2-   3-   4-   5-
         3-   9-

      ATTACHED ATOMS
         1-   6,   1-   7,   1-   8,   3-  10,   5-  11,   5-  12,   5-  13,
         9-  14,   9-  15,   9-  16,

      FINAL ATOMIC COORDINATE
           ATOM         X           Y           Z       TYPE
         C(   1)    -1.49241    -1.17092    -0.46539   (  1)
         O(   2)    -0.74135    -0.68056     0.65332   (  6)
         C(   3)    -0.01039     0.51792     0.43031   (  1)
         O(   4)     1.02152     0.26964    -0.51082   (  6)
         C(   5)     2.10467    -0.48525     0.04979   (  1)
         H(   6)    -1.89012    -2.17695    -0.22039   (  5)
         H(   7)    -2.36123    -0.50653    -0.68554   (  5)
         H(   8)    -0.84932    -1.26392    -1.37216   (  5)
         C(   9)    -0.90160     1.62995    -0.11436   (  1)
         H(  10)     0.42715     0.86109     1.39887   (  5)
         H(  11)     2.86940    -0.66325    -0.73345   (  5)
         H(  12)     2.58525     0.07618     0.88672   (  5)
         H(  13)     1.74827    -1.47516     0.42262   (  5)
         H(  14)    -1.79016     1.79635     0.53223   (  5)
         H(  15)    -1.26551     1.42457    -1.14327   (  5)
         H(  16)    -0.35130     2.59467    -0.16058   (  5)


          DIELECTRIC CONSTANT =  1.500


      BOND LENGTHS AND STRETCHING ENERGY   (   15 BONDS)

        ENERGY = 71.94(KS)(DR)(DR)(1-(CS)(DR)+(7/12)((CS)(DR))**2)
                          DR = R-RO
                          CS =  2.550
                                                         R(0)-CORR        CORR
          BOND        LENGTH   R(0)    K(S)  ENERGY   E-NEG   MISCEL       KS
    C(   1)- O(   2)  1.4339  1.4287  5.700  0.0111  0.0028  0.0129  AN         
    C(   1)- H(   6)  1.1092  1.1093  4.837  0.0000 -0.0028  0.0001  BH  0.087  
    C(   1)- H(   7)  1.1157  1.1166  4.599  0.0003 -0.0028  0.0074  BH -0.151  
    C(   1)- H(   8)  1.1155  1.1158  4.626  0.0000 -0.0028  0.0066  BH -0.124  
    O(   2)- C(   3)  1.4214  1.4136  5.700  0.0245          0.0006  AN         
    C(   3)- O(   4)  1.4185  1.4117  5.700  0.0188         -0.0013  AN         
    C(   3)- C(   9)  1.5256  1.5134  4.490  0.0471 -0.0113                     
    C(   3)- H(  10)  1.1168  1.1137  4.753  0.0034 -0.0045  0.0062  BH -0.057  
    O(   4)- C(   5)  1.4343  1.4291  5.700  0.0110  0.0028  0.0133  AN         
    C(   5)- H(  11)  1.1090  1.1092  4.841  0.0000 -0.0028  0.0000  BH  0.091  
    C(   5)- H(  12)  1.1165  1.1163  4.609  0.0000 -0.0028  0.0071  BH -0.141  
    C(   5)- H(  13)  1.1162  1.1162  4.613  0.0000 -0.0028  0.0070  BH -0.137  
    C(   9)- H(  14)  1.1114  1.1102  4.809  0.0005 -0.0018              0.059  
    C(   9)- H(  15)  1.1105  1.1102  4.809  0.0000 -0.0018              0.059  
    C(   9)- H(  16)  1.1116  1.1102  4.809  0.0007 -0.0018              0.059  


      NON-BONDED DISTANCES, VDW AND EPR ENERGY   (     79 PAIRS)

              E(VDW) = KV*(1.84(10**5)EXP(-12.00/P) - 2.25(P**6))
              E(EPR) = C*KV*(1.84(10**5)EXP(-12.00/Q) - 2.25(Q**6))
              E(HBD) = EP1-EP2*COS(THETA)*RTH/RTH0
                            EP1 = KHB*1.84(10**5)*EXP(-12.0/P)
                            EP2 = KHB*2.25(P**6)

            IF P > 3.020, THEN,
              E(VDW) = KV(192.270)(P**2)
              E(HBD) = EP1-EP2*COS(THETA)*RTH/RTH0
                            EP1 = KHB*(192.270*P**2+1706.96)
                            EP2 = KHB*1706.96

               WHERE   RV = RVDW(I) + RVDW(K)
                       KV = SQRT(EPS(I)*EPS(K))
                      KHB = EPS/DIELEC  FOR HYDROGEN BOND
                        P = (RV/R) OR (RV/R#)
                        C = SCALE FACTOR
                        Q = RV/R, WHERE R IS MODIFIED DISTANCE
                    THETA = ANGLE H-X-Y IN HYDROGEN BOND X-H...Y
                      RTH = BOND LENGTH X-H IN X-H...Y
                     RTH0 = NATURAL BOND LENGTH X-H

          # IN THE VDW CALCULATIONS THE HYDROGEN ATOMS ARE RELOCATED
          SO THAT THE ATTACHED HYDROGEN DISTANCE IS REDUCED BY 0.923

          # IN THE VDW CALCULATIONS THE DEUTERIUM ATOMS ARE RELOCATED
          SO THAT THE ATTACHED DEUTERIUM DISTANCE IS REDUCED BY  0.923

         ATOM PAIR          R       R#       RV      KV       ENERGY
      C(   1), C(   3)   2.4188
      C(   1), O(   4)   2.8978            3.860   0.0399     0.3969  1,4       
      C(   1), C(   5)   3.6979            4.080   0.0270    -0.0157            
      C(   1), C(   9)   2.8839            4.080   0.0270     0.5419  1,4       
      C(   1), H(  10)   3.3599   3.2836   3.560   0.0230    -0.0180  1,4       
      C(   1), H(  11)   4.3994   4.3394   3.560   0.0230    -0.0139            
      C(   1), H(  12)   4.4733   4.4084   3.560   0.0230    -0.0129            
      C(   1), H(  13)   3.3739   3.3869   3.560   0.0230    -0.0232            
      C(   1), H(  14)   3.1446   3.1112   3.560   0.0230     0.0019            
      C(   1), H(  15)   2.6921   2.6911   3.560   0.0230     0.2090            
      C(   1), H(  16)   3.9465   3.8637   3.560   0.0230    -0.0223            
      O(   2), O(   4)   2.3164
      O(   2), C(   5)   2.9159            3.860   0.0399     0.3661  1,4       
      O(   2), H(   6)   2.0790
      O(   2), H(   7)   2.1088
      O(   2), H(   8)   2.1106
      O(   2), C(   9)   2.4400
      O(   2), H(  10)   2.0731
      O(   2), H(  11)   3.8679   3.7916   3.440   0.0344    -0.0317            
      O(   2), H(  12)   3.4196   3.3703   3.440   0.0344    -0.0379            
      O(   2), H(  13)   2.6235   2.6304   3.440   0.0344     0.2676            
      O(   2), H(  14)   2.6925   2.6575   3.440   0.0344     0.2317  1,4       
      O(   2), H(  15)   2.8167   2.7738   3.440   0.0344     0.1155  1,4       
      O(   2), H(  16)   3.3973   3.3202   3.440   0.0344    -0.0366  1,4       
      C(   3), C(   5)   2.3716
      C(   3), H(   6)   3.3495   3.2739   3.560   0.0230    -0.0173  1,4       
      C(   3), H(   7)   2.7966   2.7533   3.560   0.0230     0.1526  1,4       
      C(   3), H(   8)   2.6698   2.6346   3.560   0.0230     0.2735  1,4       
      C(   3), H(  11)   3.3230   3.2462   3.560   0.0230    -0.0151  1,4       
      C(   3), H(  12)   2.6722   2.6335   3.560   0.0230     0.2748  1,4       
      C(   3), H(  13)   2.6581   2.6203   3.560   0.0230     0.2921  1,4       
      C(   3), H(  14)   2.1937
      C(   3), H(  15)   2.2076
      C(   3), H(  16)   2.1859
      O(   4), H(   6)   3.8142   3.7399   3.440   0.0344    -0.0332            
      O(   4), H(   7)   3.4750   3.4211   3.440   0.0344    -0.0384            
      O(   4), H(   8)   2.5678   2.5776   3.440   0.0344     0.3498            
      O(   4), C(   9)   2.3887
      O(   4), H(  10)   2.0857
      O(   4), H(  11)   2.0819
      O(   4), H(  12)   2.1061
      O(   4), H(  13)   2.1080
      O(   4), H(  14)   3.3652   3.2869   3.440   0.0344    -0.0353  1,4       
      O(   4), H(  15)   2.6390   2.6038   3.440   0.0344     0.3069  1,4       
      O(   4), H(  16)   2.7227   2.6821   3.440   0.0344     0.2022  1,4       
      C(   5), H(   6)   4.3466   4.2900   3.560   0.0230    -0.0147            
      C(   5), H(   7)   4.5261   4.4579   3.560   0.0230    -0.0122            
      C(   5), H(   8)   3.3696   3.3830   3.560   0.0230    -0.0231            
      C(   5), C(   9)   3.6795            4.080   0.0270    -0.0138  1,4       
      C(   5), H(  10)   2.5390   2.5089   3.560   0.0230     0.4765  1,4       
      C(   5), H(  14)   4.5396   4.4694   3.560   0.0230    -0.0120            
      C(   5), H(  15)   4.0533   4.0148   3.560   0.0230    -0.0195            
      C(   5), H(  16)   3.9449   3.9139   3.560   0.0230    -0.0214            
      H(   6), H(   7)   1.7968
      H(   6), H(   8)   1.8010
      H(   6), C(   9)   3.9346   3.8525   3.560   0.0230    -0.0225            
      H(   6), H(  10)   4.1499   4.0162   3.240   0.0200    -0.0111            
      H(   6), H(  11)   5.0207   4.9091   3.240   0.0200    -0.0037            
      H(   6), H(  12)   5.1314   5.0102   3.240   0.0200    -0.0033            
      H(   6), H(  13)   3.7608   3.7559   3.240   0.0200    -0.0152            
      H(   6), H(  14)   4.0452   3.9519   3.240   0.0200    -0.0120            
      H(   6), H(  15)   3.7700   3.6875   3.240   0.0200    -0.0164            
      H(   6), H(  16)   5.0140   4.8475   3.240   0.0200    -0.0040            
      H(   7), H(   8)   1.8251
      H(   7), C(   9)   2.6498   2.6519   3.560   0.0230     0.2522            
      H(   7), H(  10)   3.7403   3.6241   3.240   0.0200    -0.0175            
      H(   7), H(  11)   5.2332   5.1057   3.240   0.0200    -0.0029            
      H(   7), H(  12)   5.2230   5.1012   3.240   0.0200    -0.0029            
      H(   7), H(  13)   4.3651   4.2897   3.240   0.0200    -0.0079            
      H(   7), H(  14)   2.6669   2.6710   3.240   0.0200     0.0427            
      H(   7), H(  15)   2.2670   2.2947   3.240   0.0200     0.3931            
      H(   7), H(  16)   3.7327   3.6536   3.240   0.0200    -0.0170            
      H(   8), C(   9)   3.1558   3.1216   3.560   0.0230     0.0001            
      H(   8), H(  10)   3.7180   3.5977   3.240   0.0200    -0.0180            
      H(   8), H(  11)   3.8207   3.8110   3.240   0.0200    -0.0143            
      H(   8), H(  12)   4.3237   4.2497   3.240   0.0200    -0.0083            
      H(   8), H(  13)   3.1644   3.1703   3.240   0.0200    -0.0220            
      H(   8), H(  14)   3.7252   3.6202   3.240   0.0200    -0.0176            
      H(   8), H(  15)   2.7301   2.7287   3.240   0.0200     0.0241            
      H(   8), H(  16)   4.0749   3.9792   3.240   0.0200    -0.0117            
      C(   9), H(  10)   2.1556
      C(   9), H(  11)   4.4567   4.3918   3.560   0.0230    -0.0131            
      C(   9), H(  12)   3.9465   3.9152   3.560   0.0230    -0.0214            
      C(   9), H(  13)   4.1173   4.0744   3.560   0.0230    -0.0184            
      H(  10), H(  11)   3.5826   3.4691   3.240   0.0200    -0.0202            
      H(  10), H(  12)   2.3528   2.3533   3.240   0.0200     0.2969            
      H(  10), H(  13)   2.8560   2.7866   3.240   0.0200     0.0100            
      H(  10), H(  14)   2.5578   2.4664   3.240   0.0200     0.1656  1,4       
      H(  10), H(  15)   3.1056   2.9548   3.240   0.0200    -0.0132  1,4       
      H(  10), H(  16)   2.4583   2.3781   3.240   0.0200     0.2626  1,4       
      H(  11), H(  12)   1.8035
      H(  11), H(  13)   1.8035
      H(  11), H(  14)   5.4188   5.2722   3.240   0.0200    -0.0024            
      H(  11), H(  15)   4.6502   4.5724   3.240   0.0200    -0.0055            
      H(  11), H(  16)   4.6168   4.5367   3.240   0.0200    -0.0058            
      H(  12), H(  13)   1.8228
      H(  12), H(  14)   4.7148   4.6274   3.240   0.0200    -0.0052            
      H(  12), H(  15)   4.5571   4.4577   3.240   0.0200    -0.0064            
      H(  12), H(  16)   4.0079   3.9751   3.240   0.0200    -0.0117            
      H(  13), H(  14)   4.8203   4.7295   3.240   0.0200    -0.0046            
      H(  13), H(  15)   4.4658   4.3894   3.240   0.0200    -0.0070            
      H(  13), H(  16)   4.6165   4.5134   3.240   0.0200    -0.0060            
      H(  14), H(  15)   1.7947
      H(  14), H(  16)   1.7854
      H(  15), H(  16)   1.7806


      BOND ANGLES, BENDING AND STRETCH-BEND ENERGIES   (   26 ANGLES)

          EB = 0.021914(KB)(DT)(DT)(1+CF*DT+QF*DT**2+PF*DT**3+SF*DT**4)
                          DT = THETA-TZERO
                          CF = -1400.000E-5
                          QF =     5.600E-5
                          PF =    -0.070E-5
                          SF =     0.022E-6
          ESB(J) = 2.51124(KSB(J))(DT)(DR1+DR2)
                          DR(I) = R(I) - R0(I)
          EBDBD  = -0.02191418(KBB1)(DT1)(KBB2)(DT2)

          A T O M S            THETA    TZERO     KB     EB     KSB    ESB
   O(   2)- C(   1)- H(   6)  109.005  108.700  0.820  0.0017  0.08  0.0003     
   O(   2)- C(   1)- H(   7)  110.989  108.700  0.820  0.0912  0.08  0.0020     
   O(   2)- C(   1)- H(   8)  111.145  108.700  0.820  0.1038  0.08  0.0025     
   H(   6)- C(   1)- H(   7)  107.727  107.800  0.550  0.0001                   
   H(   6)- C(   1)- H(   8)  108.097  107.800  0.550  0.0011                   
   H(   7)- C(   1)- H(   8)  109.766  107.800  0.550  0.0453                   
   C(   1)- O(   2)- C(   3)  115.804  107.200  0.820  1.1751  0.10  0.0282     
   O(   2)- C(   3)- O(   4)  109.306  104.900  0.540  0.2158  0.13  0.0211     
   O(   2)- C(   3)- C(   9)  111.728  107.000  0.830  0.3801  0.13  0.0310     
   O(   2)- C(   3)- H(  10)  108.935  110.000  0.820  0.0207  0.08 -0.0023     
   O(   4)- C(   3)- C(   9)  108.401  107.000  0.830  0.0350  0.13  0.0087     
   O(   4)- C(   3)- H(  10)  110.131  110.000  0.820  0.0003  0.08  0.0003     
   C(   9)- C(   3)- H(  10)  108.330  109.800  0.590  0.0285  0.08 -0.0046     
   C(   3)- O(   4)- C(   5)  112.466  107.200  0.820  0.4624  0.10  0.0159     
   O(   4)- C(   5)- H(  11)  109.217  108.700  0.820  0.0048  0.08  0.0005     
   O(   4)- C(   5)- H(  12)  110.694  108.700  0.820  0.0695  0.08  0.0022     
   O(   4)- C(   5)- H(  13)  110.866  108.700  0.820  0.0817  0.08  0.0023     
   H(  11)- C(   5)- H(  12)  108.257  107.800  0.550  0.0025                   
   H(  11)- C(   5)- H(  13)  108.283  107.800  0.550  0.0028                   
   H(  12)- C(   5)- H(  13)  109.451  107.800  0.550  0.0321                   
   C(   3)- C(   9)- H(  14)  111.620  110.700  0.590  0.0108  0.08  0.0025     
   C(   3)- C(   9)- H(  15)  112.792  110.700  0.590  0.0550  0.08  0.0053     
   C(   3)- C(   9)- H(  16)  110.993  110.700  0.590  0.0011  0.08  0.0008     
   H(  14)- C(   9)- H(  15)  107.741  107.800  0.550  0.0000                   
   H(  14)- C(   9)- H(  16)  106.860  107.800  0.550  0.0108                   
   H(  15)- C(   9)- H(  16)  106.512  107.800  0.550  0.0204                   


     DIHEDRAL ANGLES, TORSIONAL ENERGY (ET)   (   21 ANGLES)

           ET = (V1/2)(1+COS(W))+(V2/2)(1-COS(2W))+(V3/2)(1+COS(3W))

           ETS = -11.995*(R-R0)((KTS1/2)(1+COS(W))+
                                (KTS2/2)(1-COS(2W)+
                                (KTS3/2)(1+COS(3W))

           SIGN OF ANGLE A-B-C-D : WHEN LOOKING THROUGH B TOWARD C,
           IF D IS COUNTERCLOCKWISE FROM A, NEGATIVE.

         A T O M S               OMEGA    V1     V2     V3     ET   KTS3   ETS
 C(   1) O(   2) C(   3) O(   4) -66.4  1.250 -3.000  0.850 -1.620 0.100 0.000 B
 C(   1) O(   2) C(   3) C(   9)  53.6  0.450  0.050  0.757  0.412 0.100 0.000  
 C(   1) O(   2) C(   3) H(  10) 173.2  0.000  0.000  0.680  0.021 0.100 0.000  
 O(   2) C(   3) O(   4) C(   5) -73.8  1.250 -3.000  0.850 -1.861 0.100-0.001 B
 O(   2) C(   3) C(   9) H(  14)  53.6  0.000  0.000  0.300  0.008 0.059 0.000  
 O(   2) C(   3) C(   9) H(  15) -67.9  0.000  0.000  0.300  0.013 0.059 0.000  
 O(   2) C(   3) C(   9) H(  16) 172.7  0.000  0.000  0.300  0.011 0.059 0.000  
 C(   3) O(   2) C(   1) H(   6) 171.6  0.000  0.000  0.680  0.033 0.100 0.000  
 C(   3) O(   2) C(   1) H(   7) -69.9  0.000  0.000  0.680  0.045 0.100 0.000  
 C(   3) O(   2) C(   1) H(   8)  52.5  0.000  0.000  0.680  0.026 0.100 0.000  
 C(   3) O(   4) C(   5) H(  11) 179.0  0.000  0.000  0.680  0.000 0.100 0.000  
 C(   3) O(   4) C(   5) H(  12) -61.9  0.000  0.000  0.680  0.002 0.100 0.000  
 C(   3) O(   4) C(   5) H(  13)  59.8  0.000  0.000  0.680  0.000 0.100 0.000  
 O(   4) C(   3) C(   9) H(  14) 174.1  0.000  0.000  0.300  0.007 0.059 0.000  
 O(   4) C(   3) C(   9) H(  15)  52.6  0.000  0.000  0.300  0.011 0.059 0.000  
 O(   4) C(   3) C(   9) H(  16) -66.8  0.000  0.000  0.300  0.009 0.059 0.000  
 C(   5) O(   4) C(   3) C(   9) 164.2  0.450  0.050  0.757  0.135 0.100-0.001  
 C(   5) O(   4) C(   3) H(  10)  45.8  0.000  0.000  0.680  0.089 0.100-0.001  
 H(  10) C(   3) C(   9) H(  14) -66.4  0.000  0.000  0.238  0.007 0.059 0.000  
 H(  10) C(   3) C(   9) H(  15) 172.1  0.000  0.000  0.238  0.010 0.059 0.000  
 H(  10) C(   3) C(   9) H(  16)  52.7  0.000  0.000  0.238  0.009 0.059 0.000  

     DIPOLE-DIPOLE INTERACTION ENERGY  (DIELECTRIC CONSTANT = 1.50)

          E = 14.388*MU1*MU2*(COSX-3*COSA*COSB)/(R12**3*DIELC)

               MU1 = BOND MOM OF BOND 1
               MU2 = BOND MOM OF BOND 2
               R12 = DISTANCE BETWEEN MID-POINTS OF TWO BONDS.

        BOND(1)       MU1           BOND(2)       MU2      R12        E
   C(   1)- O(   2)  1.170   + C(   3)- O(   4)  1.170   2.0956   -1.4911       
   C(   1)- O(   2)  1.170   + O(   4)- C(   5) -1.170   2.8207    0.1582       
   O(   2)- C(   3) -1.170   + O(   4)- C(   5) -1.170   2.0873   -1.4503       


 ==============================================================================
                        NORMAL MODE VIBRATIONAL ANALYSIS
 ==============================================================================


             Molecular Shape : ASYMMETRIC ROTOR WITH KAPPA =-0.376922
        Symmetry Point Group : C1  
             Symmetry Number :  1
                   Chirality : yes



0       FUNDAMENTAL NORMAL VIBRATIONAL FREQUENCIES
                ( THEORETICALLY  42 VALUES )

             Frequency :  in 1/cm
             A(i)      :  IR intensity (vs,s,m,w,vw,-- or in 10**6 cm/mole)
             A(i) = -- :  IR inactive


             no       Frequency   Symmetry      A(i)

             1.          2994.7     (A   )        m
             2.          2993.6     (A   )        m
             3.          2990.9     (A   )        m
             4.          2983.1     (A   )        m
             5.          2944.4     (A   )        m
             6.          2936.1     (A   )        m
             7.          2912.8     (A   )        w
             8.          2893.4     (A   )        m
             9.          2858.6     (A   )        w
            10.          2852.0     (A   )        w
            11.          1577.9     (A   )        m
            12.          1499.5     (A   )        w
            13.          1492.5     (A   )        m
            14.          1487.8     (A   )        w
            15.          1476.0     (A   )        w
            16.          1474.6     (A   )        w
            17.          1462.3     (A   )        w
            18.          1451.7     (A   )        w
            19.          1427.9     (A   )        w
            20.          1425.1     (A   )        w
            21.          1393.1     (A   )        w
            22.          1244.9     (A   )        s
            23.          1183.7     (A   )        s
            24.          1114.2     (A   )        w
            25.          1109.3     (A   )        m
            26.          1105.5     (A   )        w
            27.          1093.9     (A   )        m
            28.          1052.3     (A   )        m
            29.          1034.3     (A   )        w
            30.          1011.3     (A   )        w
            31.           928.7     (A   )        m
            32.           821.1     (A   )        w
            33.           534.5     (A   )        w
            34.           419.8     (A   )        w
            35.           354.1     (A   )        w
            36.           321.1     (A   )        w
            37.           288.3     (A   )        w
            38.           264.7     (A   )        w
            39.           230.7     (A   )        w
            40.           194.3     (A   )        w
            41.           129.5     (A   )        w
            42.            98.0     (A   )        w
            43.     (       0.0)    (t/r )
            44.     (       0.0)    (t/r )
            45.     (       0.0)    (t/r )
            46.     (       0.0)    (t/r )
            47.     (       0.0)    (t/r )
            48.     (       0.0)    (t/r )


0       CORRESPONDING EIGEN VECTOR MATRIX   48 BY  48



 (  1)
     0.000    0.001    0.000    0.000    0.000    0.000   -0.001    0.000
    -0.001   -0.001    0.000    0.000    0.053   -0.005   -0.074   -0.003
    -0.008    0.002    0.002   -0.002    0.001   -0.001    0.000    0.002
     0.000    0.000    0.000    0.004    0.004    0.010   -0.619    0.148
     0.621    0.083    0.105    0.172   -0.079   -0.200    0.090   -0.002
     0.000    0.001    0.001    0.000    0.002    0.001    0.001    0.000

 (  2)
    -0.025   -0.080    0.036    0.000    0.001    0.000    0.000    0.000
     0.001    0.000    0.000    0.000    0.001    0.000   -0.001    0.321
     0.799   -0.185   -0.168    0.146   -0.053    0.138   -0.006   -0.200
     0.001    0.003    0.006   -0.004   -0.002   -0.007   -0.007    0.002
     0.007    0.001    0.001    0.002   -0.001   -0.002    0.001    0.024
    -0.006   -0.018   -0.021   -0.010   -0.056   -0.011   -0.021    0.000

 (  3)
    -0.003   -0.006    0.003    0.000    0.000    0.000   -0.001    0.000
    -0.001    0.000    0.000    0.000    0.000    0.000    0.000    0.025
     0.062   -0.014   -0.007    0.005   -0.001    0.013   -0.001   -0.019
     0.001   -0.036   -0.085    0.012   -0.003    0.017    0.002    0.000
    -0.002    0.000    0.000    0.000    0.000    0.001    0.000   -0.377
     0.086    0.282    0.259    0.135    0.719    0.105    0.204    0.007

 (  4)
     0.000   -0.001    0.000    0.000    0.000    0.000    0.000    0.000
    -0.001    0.000    0.000    0.000    0.000    0.000    0.000    0.003
     0.008   -0.002    0.000    0.001    0.000    0.002    0.000   -0.003
    -0.076   -0.049    0.020    0.004   -0.001    0.009    0.000    0.000
     0.000    0.000    0.000    0.000    0.000    0.000    0.000    0.479
    -0.087   -0.329    0.065    0.035    0.130    0.351    0.631   -0.041

 (  5)
    -0.077    0.040    0.035    0.000    0.000    0.000    0.000    0.000
     0.000    0.000    0.000    0.000    0.000    0.000    0.000    0.012
    -0.020   -0.005    0.523   -0.391    0.129    0.383   -0.066   -0.540
     0.000    0.001    0.001   -0.002   -0.001   -0.003    0.000    0.000
     0.000    0.000    0.000    0.000    0.000    0.000    0.000    0.006
    -0.001   -0.004   -0.001    0.000   -0.005   -0.003   -0.006    0.000

 (  6)
     0.000    0.000    0.000    0.000    0.000    0.000   -0.001   -0.001
    -0.002    0.000    0.000    0.000   -0.042   -0.080   -0.024    0.000
     0.000    0.000    0.000    0.000    0.000    0.000    0.000    0.000
     0.000    0.000    0.000    0.008    0.007    0.018   -0.002    0.020
     0.016    0.291    0.330    0.486    0.209    0.604   -0.218   -0.001
     0.000    0.001   -0.001    0.000   -0.002    0.000    0.001    0.000

 (  7)
    -0.001    0.000    0.000    0.001    0.001    0.000   -0.032   -0.024
    -0.070   -0.001    0.000    0.002    0.000    0.002    0.001    0.003
     0.008   -0.002    0.005   -0.003    0.001    0.001    0.001    0.000
     0.011   -0.012    0.007    0.365    0.276    0.798    0.011   -0.003
    -0.011   -0.004   -0.005   -0.007   -0.006   -0.017    0.006   -0.120
     0.029    0.078   -0.050   -0.028   -0.140    0.058    0.125   -0.011

 (  8)
     0.000    0.000    0.001    0.000   -0.001    0.000    0.006    0.010
     0.018    0.001    0.000   -0.001    0.000    0.000    0.000   -0.002
    -0.005    0.001   -0.002    0.002   -0.001    0.005   -0.001   -0.008
     0.033   -0.046    0.017   -0.096   -0.078   -0.214   -0.002    0.001
     0.002    0.000    0.000    0.000    0.001    0.004   -0.001   -0.453
     0.101    0.312   -0.179   -0.076   -0.469    0.258    0.496   -0.030

 (  9)
    -0.027   -0.002   -0.056    0.002    0.001    0.003    0.000    0.000
     0.001    0.000    0.000    0.000    0.000    0.000    0.000    0.138
     0.325   -0.058    0.502   -0.373    0.147   -0.348    0.057    0.529
     0.000    0.000    0.000   -0.004   -0.003   -0.008    0.000    0.000
     0.000    0.000    0.000    0.000    0.000    0.001    0.000   -0.002
     0.001    0.002   -0.001   -0.001   -0.006    0.002    0.003    0.000

 ( 10)
     0.000    0.000    0.000    0.000    0.000    0.000    0.000    0.001
     0.001    0.003   -0.002    0.002   -0.034    0.030   -0.044    0.000
     0.000    0.000    0.000    0.000    0.000    0.000    0.000    0.000
     0.000    0.000    0.000   -0.005   -0.003   -0.010    0.248   -0.066
    -0.226    0.295    0.310    0.497   -0.180   -0.562    0.221    0.000
     0.000    0.000    0.000    0.000    0.000    0.000    0.000    0.000

 ( 11)
     0.000   -0.002    0.003    0.019    0.034   -0.027   -0.132   -0.073
     0.090    0.056   -0.007   -0.011   -0.024    0.016   -0.009   -0.037
     0.001   -0.049   -0.016   -0.016    0.025    0.028   -0.009    0.023
     0.007    0.004   -0.004    0.538    0.285   -0.339   -0.023   -0.026
     0.009   -0.016   -0.037    0.013    0.085   -0.004    0.021    0.041
    -0.063    0.062    0.044    0.055   -0.027   -0.052    0.034   -0.072

 ( 12)
    -0.081   -0.047   -0.099    0.024    0.020    0.035   -0.014   -0.015
     0.004    0.006   -0.001   -0.001   -0.007    0.005   -0.003    0.318
    -0.119    0.397    0.184    0.429    0.150    0.199    0.118    0.055
     0.005    0.012   -0.021    0.034   -0.009   -0.021    0.004   -0.014
     0.014    0.006   -0.017    0.001    0.028   -0.002    0.005   -0.003
     0.072   -0.059   -0.129   -0.234    0.069    0.021    0.024    0.251

 ( 13)
    -0.006   -0.004   -0.014   -0.003   -0.017    0.018   -0.032    0.085
    -0.021    0.043   -0.026    0.017   -0.095    0.069   -0.048    0.010
     0.011    0.091   -0.003    0.006   -0.004    0.022    0.044   -0.004
     0.022   -0.050    0.021    0.079   -0.342    0.076    0.145   -0.220
     0.289    0.167   -0.228   -0.033    0.354   -0.044    0.000    0.009
     0.039   -0.033    0.038    0.224   -0.028   -0.125    0.003   -0.172

 ( 14)
     0.030    0.031    0.066   -0.021   -0.009   -0.021    0.006    0.000
    -0.002    0.013   -0.007    0.010   -0.041    0.029   -0.020    0.108
    -0.071   -0.292    0.082    0.018   -0.118   -0.275   -0.219   -0.097
     0.010    0.011   -0.035    0.048    0.047   -0.037    0.069   -0.110
     0.136    0.075   -0.086   -0.022    0.158   -0.027   -0.015    0.008
     0.208   -0.112   -0.220   -0.392    0.115    0.005    0.050    0.485

 ( 15)
    -0.001    0.009    0.014   -0.012   -0.017    0.009   -0.052    0.082
    -0.013    0.008    0.013   -0.009    0.063   -0.028    0.026    0.171
    -0.075   -0.060    0.095    0.114   -0.051   -0.143   -0.117   -0.063
     0.034   -0.062    0.006    0.261   -0.347   -0.009   -0.259   -0.042
    -0.311   -0.346    0.174    0.152   -0.032   -0.015   -0.009    0.053
     0.192   -0.064   -0.020    0.104   -0.002   -0.221    0.060    0.013

 ( 16)
     0.019   -0.013   -0.021    0.013   -0.005    0.000   -0.014    0.014
    -0.008    0.002    0.001    0.000    0.008   -0.002    0.003   -0.432
     0.219    0.203   -0.227   -0.346   -0.009    0.245    0.339    0.082
     0.013   -0.021   -0.024    0.071   -0.094   -0.012   -0.040   -0.021
    -0.043   -0.058    0.026    0.025    0.008   -0.006   -0.005    0.109
     0.310   -0.003   -0.032   -0.207    0.018   -0.183    0.100    0.333

 ( 17)
     0.002   -0.003   -0.004    0.000    0.001   -0.002    0.031   -0.022
     0.000   -0.002    0.013    0.009    0.005    0.032    0.004   -0.070
     0.035    0.037   -0.034   -0.049    0.008    0.047    0.059    0.017
    -0.012    0.037    0.001   -0.076    0.100    0.008   -0.227   -0.535
    -0.089   -0.361    0.145    0.158    0.427   -0.179   -0.205   -0.112
    -0.207   -0.058   -0.091   -0.035    0.045    0.225   -0.083   -0.039

 ( 18)
    -0.011    0.000   -0.003    0.003    0.013    0.001    0.027   -0.048
    -0.003   -0.013    0.005    0.005   -0.004    0.012    0.002    0.105
    -0.060   -0.061    0.038    0.090    0.043   -0.019   -0.099    0.003
    -0.044   -0.006   -0.017   -0.173    0.122    0.025   -0.013   -0.190
     0.046   -0.045    0.061   -0.003    0.125   -0.074   -0.116    0.318
     0.279    0.429    0.485   -0.043   -0.217   -0.304    0.126    0.007

 ( 19)
    -0.001    0.000   -0.001   -0.001   -0.002   -0.002   -0.012    0.008
    -0.005   -0.019    0.008    0.020    0.014   -0.020    0.037    0.008
    -0.002    0.009    0.004    0.008    0.005    0.006    0.002    0.003
     0.019   -0.018    0.009    0.125   -0.013   -0.063    0.201   -0.174
     0.270    0.139    0.486   -0.354   -0.229   -0.168   -0.541   -0.040
     0.035   -0.098   -0.078    0.068    0.032   -0.049    0.015   -0.021

 ( 20)
     0.020   -0.011    0.041   -0.017   -0.031   -0.006    0.003    0.000
     0.006    0.001    0.001    0.001    0.000   -0.002    0.001    0.083
     0.038    0.393    0.209    0.007   -0.551   -0.357    0.441   -0.257
    -0.017    0.013   -0.005    0.059    0.067   -0.040    0.011    0.011
     0.009    0.010    0.013   -0.014   -0.017    0.000   -0.009    0.038
    -0.059    0.102    0.097   -0.031   -0.040    0.049   -0.023   -0.033

 ( 21)
     0.002    0.005   -0.004    0.000   -0.007    0.012   -0.027    0.056
    -0.003    0.013   -0.004    0.006    0.000   -0.005    0.002   -0.037
     0.009   -0.063   -0.044   -0.031    0.066    0.038   -0.065    0.026
    -0.065    0.058   -0.046    0.260   -0.432    0.041    0.028    0.036
     0.021    0.011    0.068   -0.051   -0.078    0.002   -0.045    0.113
    -0.306    0.329    0.220   -0.316   -0.098    0.353   -0.156    0.098

 ( 22)
    -0.021   -0.029   -0.005    0.073    0.084    0.036   -0.087   -0.055
     0.057    0.047   -0.016   -0.061   -0.014    0.004    0.031   -0.101
    -0.044   -0.180    0.032   -0.025   -0.188   -0.127    0.066   -0.087
     0.022    0.014   -0.016   -0.368   -0.268    0.260   -0.114    0.038
    -0.070    0.094    0.046   -0.055    0.019   -0.068   -0.124    0.019
    -0.093    0.004   -0.097   -0.022    0.033   -0.070    0.069    0.000

 ( 23)
    -0.025   -0.035   -0.007    0.056    0.071    0.028    0.031   -0.094
    -0.055   -0.074    0.031    0.070    0.035   -0.011   -0.052   -0.100
    -0.055   -0.192    0.046    0.013   -0.136   -0.069    0.087   -0.049
    -0.012    0.023    0.003    0.212   -0.278   -0.086    0.234   -0.138
     0.163   -0.177   -0.046    0.089   -0.059    0.113    0.181   -0.082
     0.049   -0.100    0.003   -0.009    0.003   -0.064    0.046   -0.100

 ( 24)
     0.050    0.016   -0.090   -0.004    0.009    0.063    0.001   -0.028
    -0.003    0.005    0.037    0.001   -0.030   -0.064   -0.003   -0.047
     0.142    0.256   -0.137   -0.127    0.209   -0.334   -0.279   -0.343
     0.000    0.012   -0.002    0.014   -0.004   -0.018    0.073    0.190
     0.041   -0.088    0.197   -0.148    0.273   -0.111    0.177   -0.013
     0.003   -0.018   -0.011    0.000    0.003   -0.022    0.026   -0.007

 ( 25)
    -0.007   -0.043    0.064   -0.017    0.006   -0.047    0.025    0.008
     0.003   -0.012    0.052   -0.018   -0.037   -0.088    0.029   -0.099
    -0.076   -0.205    0.189    0.192    0.020    0.157    0.262    0.154
    -0.010   -0.008   -0.004    0.056   -0.060    0.014    0.028    0.280
     0.011    0.014    0.203   -0.198    0.448   -0.211    0.190   -0.005
     0.033   -0.008    0.002    0.031   -0.018    0.014   -0.024   -0.008

 ( 26)
     0.085   -0.081    0.003   -0.047    0.029   -0.017    0.008    0.005
     0.005   -0.015   -0.010   -0.010    0.022    0.034    0.020   -0.353
     0.077   -0.045    0.260    0.287    0.475   -0.224    0.168   -0.247
    -0.004   -0.007   -0.002    0.038   -0.027    0.004   -0.068   -0.100
    -0.037    0.129   -0.154    0.088   -0.111    0.031   -0.119    0.001
     0.003    0.004   -0.001    0.007   -0.006   -0.008   -0.007   -0.008

 ( 27)
    -0.012    0.026   -0.016    0.009   -0.002    0.011    0.030   -0.033
     0.002   -0.091    0.049   -0.050    0.048   -0.003    0.107    0.097
     0.005    0.069   -0.095   -0.101   -0.087    0.000   -0.097    0.005
    -0.014    0.010   -0.017    0.231   -0.131   -0.056   -0.155   -0.042
    -0.080    0.471   -0.315    0.083    0.193   -0.153   -0.143   -0.023
     0.039   -0.039   -0.025    0.052   -0.025   -0.010    0.008   -0.014

 ( 28)
     0.020    0.018    0.019   -0.019   -0.015   -0.029   -0.051    0.024
     0.078   -0.059    0.044   -0.047    0.083   -0.046   -0.026    0.051
     0.026    0.100    0.005    0.009    0.062    0.031   -0.015    0.032
     0.046   -0.014   -0.064   -0.122   -0.004    0.126    0.315   -0.217
     0.232   -0.099   -0.057    0.086    0.019    0.046    0.161    0.191
    -0.251    0.193   -0.222    0.143   -0.002   -0.085    0.070    0.122

 ( 29)
    -0.004   -0.005   -0.006    0.010   -0.006    0.017   -0.104    0.061
    -0.089   -0.036    0.024   -0.012    0.041   -0.028    0.014   -0.050
    -0.001   -0.069    0.015    0.018   -0.013   -0.003    0.019   -0.009
     0.083   -0.010    0.092   -0.140    0.183   -0.127    0.060   -0.049
     0.034    0.075   -0.065    0.021    0.094   -0.041    0.033   -0.038
    -0.174   -0.035    0.256   -0.464    0.129   -0.066    0.063   -0.159

 ( 30)
     0.053    0.054    0.057   -0.041   -0.020   -0.066    0.009   -0.090
    -0.001    0.015   -0.010    0.012   -0.025    0.014   -0.003    0.136
     0.069    0.233    0.012    0.019    0.133    0.094   -0.020    0.096
     0.021    0.086    0.000   -0.003   -0.303    0.074   -0.053    0.043
    -0.034   -0.019    0.034   -0.020   -0.027    0.008   -0.020   -0.085
    -0.153   -0.083   -0.016   -0.247    0.079   -0.338    0.279   -0.241

 ( 31)
     0.032    0.031    0.029   -0.002    0.022   -0.045   -0.054   -0.026
     0.053    0.012    0.012   -0.066    0.043   -0.023   -0.009    0.091
     0.042    0.160   -0.005   -0.007    0.065    0.018   -0.033    0.027
    -0.069   -0.018    0.058   -0.094   -0.128    0.106    0.156   -0.119
     0.121   -0.053   -0.010    0.038   -0.022    0.026    0.059   -0.215
     0.424   -0.258    0.264   -0.083   -0.048    0.275   -0.220   -0.053

 ( 32)
     0.050    0.048    0.048    0.023    0.067   -0.058   -0.075   -0.059
    -0.109   -0.029   -0.001    0.074   -0.020    0.009    0.003    0.119
     0.061    0.203    0.009    0.003    0.081    0.017   -0.019    0.033
     0.030   -0.084    0.002   -0.146   -0.076   -0.079   -0.106    0.074
    -0.096    0.057   -0.004   -0.032    0.041   -0.024   -0.029    0.136
    -0.058    0.140   -0.065    0.180   -0.015    0.203   -0.173    0.201

 ( 33)
    -0.028   -0.022   -0.024    0.010    0.094   -0.083    0.091    0.048
     0.103   -0.055   -0.016    0.005   -0.049    0.026    0.000    0.029
    -0.016    0.104   -0.078   -0.095   -0.046   -0.072   -0.100   -0.047
     0.051   -0.108    0.021    0.110    0.006    0.107   -0.041    0.070
     0.000   -0.074    0.040    0.005   -0.016    0.009   -0.013    0.015
    -0.148   -0.019    0.101   -0.267    0.034   -0.042   -0.063   -0.075

 ( 34)
     0.015    0.033    0.004   -0.066   -0.010    0.076    0.042   -0.087
    -0.029    0.031    0.095   -0.089   -0.080    0.042    0.027    0.027
     0.007   -0.086    0.011    0.022   -0.016    0.078    0.103    0.041
     0.066   -0.090    0.005    0.059   -0.069   -0.042   -0.028   -0.068
     0.105   -0.106    0.041    0.043   -0.199    0.092    0.049    0.075
    -0.092    0.017    0.059   -0.063    0.002    0.082   -0.099    0.021

 ( 35)
     0.025    0.016    0.002    0.089   -0.101    0.006   -0.039   -0.008
     0.062   -0.097    0.015    0.024   -0.082    0.038   -0.011   -0.096
     0.058   -0.026    0.101    0.126    0.032    0.005   -0.032   -0.008
     0.093    0.032   -0.065   -0.037   -0.006    0.060   -0.102    0.063
    -0.035   -0.073    0.044   -0.021   -0.049    0.026   -0.011    0.067
     0.170   -0.140    0.150    0.002   -0.080    0.198   -0.027   -0.100

 ( 36)
     0.029    0.122   -0.031    0.030   -0.008    0.028    0.008   -0.002
     0.016    0.002   -0.020    0.013    0.019   -0.013   -0.004   -0.219
     0.221   -0.036    0.179    0.276   -0.148    0.101   -0.060    0.038
    -0.083   -0.085   -0.015    0.005    0.043    0.000    0.013    0.004
    -0.014    0.021   -0.014   -0.004    0.036   -0.020   -0.008    0.069
     0.073    0.155   -0.316   -0.243    0.101   -0.064   -0.112   -0.328

 ( 37)
     0.045    0.046    0.003    0.070    0.006    0.001    0.021    0.017
    -0.048   -0.048   -0.101   -0.095   -0.052    0.011    0.076    0.021
     0.053   -0.009    0.060    0.073    0.025    0.026    0.041   -0.011
    -0.034    0.022    0.050    0.087    0.021   -0.080    0.118    0.138
     0.214   -0.268    0.032    0.187    0.003   -0.049   -0.029   -0.085
    -0.140    0.022    0.044    0.136    0.000   -0.109    0.073    0.223

 ( 38)
     0.056    0.071   -0.023   -0.064    0.026    0.081   -0.015   -0.013
     0.050   -0.042   -0.060    0.030    0.051    0.009   -0.070    0.190
    -0.020   -0.183   -0.029   -0.018    0.035    0.099    0.285   -0.014
     0.006   -0.041   -0.050   -0.010    0.021    0.034    0.049    0.169
    -0.110    0.012   -0.017   -0.030    0.161   -0.062   -0.156   -0.136
    -0.144   -0.219    0.226   -0.005   -0.136   -0.056    0.002    0.118

 ( 39)
    -0.020    0.036    0.014    0.042   -0.012   -0.008    0.011    0.009
     0.005    0.025    0.038    0.014   -0.008   -0.028   -0.009   -0.228
     0.138    0.094    0.116    0.179   -0.086    0.000   -0.173    0.049
    -0.044   -0.040   -0.015   -0.012    0.022    0.011   -0.129   -0.246
    -0.077    0.164    0.037   -0.152   -0.087    0.073    0.184   -0.254
    -0.326   -0.231    0.285    0.095   -0.160   -0.207    0.069    0.330

 ( 40)
     0.060    0.028   -0.029    0.041    0.005   -0.004    0.001    0.030
     0.007   -0.022   -0.020   -0.004   -0.047   -0.039    0.022    0.318
    -0.110   -0.176   -0.116   -0.130    0.180   -0.011    0.341   -0.111
    -0.032    0.003    0.009    0.018    0.035   -0.003   -0.208   -0.379
    -0.057    0.178    0.128   -0.219   -0.127    0.119    0.366    0.012
     0.035    0.061   -0.106   -0.048    0.045   -0.035    0.000   -0.077

 ( 41)
     0.059   -0.044   -0.041   -0.074    0.026    0.019   -0.007   -0.017
     0.008   -0.051   -0.067   -0.028    0.024    0.055   -0.013   -0.119
     0.047    0.042    0.188    0.035   -0.306    0.211   -0.272    0.090
     0.040    0.044    0.057    0.040   -0.053    0.000   -0.080   -0.111
    -0.077    0.133    0.240   -0.200    0.078    0.135    0.251    0.066
     0.076    0.084    0.003    0.087    0.062    0.093    0.014    0.066

 ( 42)
    -0.128    0.057    0.010   -0.001   -0.047   -0.030    0.007   -0.048
    -0.012    0.008   -0.053   -0.012    0.089    0.106    0.046   -0.096
     0.031   -0.042   -0.158    0.075    0.177   -0.232    0.149   -0.074
     0.027   -0.029   -0.006    0.006   -0.063   -0.006    0.060    0.039
     0.033    0.095    0.270   -0.067    0.176    0.140    0.218    0.030
    -0.016   -0.005    0.025   -0.014   -0.008    0.046   -0.039    0.002

 ( 43)
    -0.003   -0.013    0.020    0.064   -0.060   -0.005    0.056   -0.054
    -0.001   -0.001   -0.021   -0.071    0.030   -0.046   -0.164    0.008
    -0.021    0.004   -0.014   -0.001    0.097   -0.057    0.020   -0.021
     0.028   -0.029    0.095    0.114   -0.093   -0.013   -0.017   -0.019
    -0.216    0.081   -0.081   -0.171    0.048   -0.060   -0.182    0.066
    -0.051    0.153   -0.033    0.012    0.108    0.029   -0.029    0.100

 ( 44)
    -0.055    0.096    0.031   -0.013    0.104   -0.001    0.036    0.064
    -0.058    0.008   -0.016   -0.068   -0.015   -0.044   -0.060   -0.095
     0.123    0.074   -0.029    0.127    0.022   -0.075    0.035    0.022
     0.075    0.083   -0.082    0.069    0.080   -0.078   -0.037   -0.106
    -0.067    0.025   -0.034   -0.089   -0.052   -0.014   -0.017    0.094
     0.146   -0.072    0.047    0.062   -0.068    0.117    0.057   -0.127

 ( 45)
     0.105    0.015    0.011    0.096    0.039    0.007    0.060    0.060
     0.002    0.063    0.089   -0.003    0.087    0.121   -0.007    0.136
     0.004    0.014    0.085   -0.011    0.014    0.104    0.033    0.008
     0.025    0.033    0.004    0.054    0.074   -0.001    0.089    0.142
    -0.010    0.075    0.136   -0.009    0.118    0.111   -0.004    0.023
     0.008    0.008    0.026    0.021    0.006   -0.004    0.049    0.000

 ( 46)
    -0.009    0.068   -0.171   -0.035   -0.010   -0.119   -0.027    0.003
    -0.019   -0.005    0.065   -0.011   -0.020    0.024   -0.037   -0.018
     0.052   -0.249   -0.003    0.085   -0.146    0.012    0.128   -0.161
    -0.011    0.042    0.035   -0.050   -0.064    0.015   -0.002    0.076
    -0.030   -0.039   -0.034    0.014   -0.032   -0.001   -0.113   -0.027
     0.000    0.025    0.013    0.114    0.012   -0.008    0.044    0.115

 ( 47)
     0.058   -0.011   -0.072    0.027   -0.030   -0.043    0.063   -0.047
    -0.014    0.093   -0.070    0.025    0.054   -0.096    0.065    0.025
    -0.002   -0.088    0.082    0.009   -0.104    0.090   -0.025   -0.047
     0.110   -0.026   -0.046    0.035   -0.059    0.003    0.080   -0.113
     0.094    0.036   -0.109    0.084    0.017   -0.088    0.050    0.090
    -0.006   -0.079    0.144   -0.016   -0.060    0.135   -0.038   -0.024

 ( 48)
    -0.028    0.091    0.032   -0.011    0.022    0.051    0.025    0.009
     0.098    0.015    0.017    0.086   -0.006   -0.039    0.053   -0.058
     0.093   -0.008   -0.008    0.126    0.061   -0.033    0.108    0.027
     0.057    0.058    0.146    0.037   -0.044    0.111   -0.013   -0.030
     0.044    0.012   -0.088    0.075   -0.036   -0.044    0.013    0.063
     0.059    0.154    0.049    0.112    0.138    0.086    0.044    0.184


 ==============================================================================
                      STATISTICAL THERMODYNAMICS ANALYSIS
 ==============================================================================

  Structure name    : acetaldehydedimethylacetal-g-,g-                            
  Temperature       :   298.16 K
  Symmetry number   :   1
  Optical isomers   :   2
  Zero Point Energy :   85.862 Kcal/mol


                     ENERGY   ENTHALPY    ENTROPY  FREE ENERGY   HEAT CAPACITY
                  (Kcal/mol) (Kcal/mol)     (eu)   (Kcal/mol)    (cal/mol/deg)
  Translational       0.889      1.481     39.389    -10.263         4.967
     Rotational       0.889      0.889     26.776     -7.095         2.980
    Vibrational      89.034%    89.034%    18.577*    83.495%       21.262*
      Potential       2.694#     2.694#     0.000      2.694#        0.000
         Mixing       0.000      0.000      1.377     -0.411         0.000
          Total      93.505     94.097     86.118     68.420        29.210

  Enthalpy Function (H-Ho)/T     =   18.59 cal/mol/deg
  Free Energy Function -(G-Ho)/T =   67.53 cal/mol/deg

  % Includes zero point energy (ZPE).
  * Excludes contribution from frequencies lower than 40 (1/cm).
  # Includes steric energy (SE).
    Internal rotation contributions are not considered

  This structure has   0 imaginary frequencies,
                       0 free internal rotation (fir) frequencies
                         (>= 0,< 10 /cm),
                       0 restricted internal rotation (rir) frequencies
                         (>= 10,< 40 /cm),
                       6 zero frequencies, and
                      42 real frequencies.


      FINAL STERIC ENERGY IS      2.6936 KCAL/MOL.


                COMPRESSION       0.1175
                BENDING           2.8524
                BEND-BEND        -0.0371
                STRETCH-BEND      0.1167
                VANDERWAALS
                  1,4 ENERGY      3.9094
                  OTHER           1.1597
                H-BONDING         0.0000
                PI-COMPLX         0.0000

                TORSIONAL        -2.6339
                TORSION-STRETCH  -0.0079
                DIPOLE-DIPOLE    -2.7832
                CHARGE-DIPOLE     0.0000
                CHARGE-CHARGE     0.0000

      -----------------------------------------------------------------

      COORDINATES TRANSLATED TO NEW ORIGIN WHICH IS CENTER OF MASS
         C(   1)    -1.49241    -1.17092    -0.46539   (  1)
         O(   2)    -0.74135    -0.68056     0.65332   (  6)
         C(   3)    -0.01039     0.51792     0.43031   (  1)
         O(   4)     1.02152     0.26964    -0.51082   (  6)
         C(   5)     2.10467    -0.48525     0.04979   (  1)
         H(   6)    -1.89012    -2.17695    -0.22039   (  5)
         H(   7)    -2.36123    -0.50653    -0.68554   (  5)
         H(   8)    -0.84932    -1.26392    -1.37216   (  5)
         C(   9)    -0.90160     1.62995    -0.11436   (  1)
         H(  10)     0.42715     0.86109     1.39887   (  5)
         H(  11)     2.86940    -0.66325    -0.73345   (  5)
         H(  12)     2.58525     0.07618     0.88672   (  5)
         H(  13)     1.74827    -1.47516     0.42262   (  5)
         H(  14)    -1.79016     1.79635     0.53223   (  5)
         H(  15)    -1.26551     1.42457    -1.14327   (  5)
         H(  16)    -0.35130     2.59467    -0.16058   (  5)

      MOMENT OF INERTIA WITH THE PRINCIPAL AXES

          (1)  UNIT = 10**(-39) GM*CM**2
               IX=   18.0340    IY=   28.5389    IZ=   38.7541

          (2)  UNIT = AU A**2
               IX=  108.6154    IY=  171.8840    IZ=  233.4084



      MOLECULAR POLARIZABILITIES (A**3)
        ALPHA(1)   =      11.75
        ALPHA(2)   =      10.75
        ALPHA(3)   =      10.43
        AVG. ALPHA =      10.97



      DIPOLE MOMENT =          0.224 D


        COMPONENTS WITH PRINCIPAL AXES

                          X = -0.0213    Y = -0.1754    Z = -0.1372


      E (INDP/INDP) =         -0.176 KCAL/MOLE
      DIPOLE MOMENT =          0.291 D (INCLUDES INDUCED BOND MOMENTS)
      *NOTE*  E (INDP/INDP) IS NOT INCLUDED IN THE FINAL STERIC ENERGY

        COMPONENTS WITH PRINCIPAL AXES

                          X =  0.1253    Y = -0.2025    Z =  0.1678



      TOTAL ATOMIC CHARGE ON EACH ATOM (in ELECTRON CHARGE)

           C(    1):          0.190
           O(    2):         -0.382
           C(    3):          0.332
           O(    4):         -0.381
           C(    5):          0.189
           H(    6):          0.003
           H(    7):          0.001
           H(    8):          0.005
           C(    9):          0.000
           H(   10):          0.002
           H(   11):          0.003
           H(   12):          0.001
           H(   13):          0.005
           H(   14):          0.010
           H(   15):          0.010
           H(   16):          0.010

      -----------------------------------------------------------------

        END OF acetaldehydedimethylacetal-g-,g-                            


           TOTAL CPU TIME IS      0.04 SECONDS.

           THIS JOB COMPLETED AT    20:33:28
