1
               ---------------------------------------------
               WARNING : INCORRECT ATOM TYPES GIVEN IN INPUT
                         DATA ARE CORRECTED AS FOLLOWS
               ---------------------------------------------


             Atom type of atom    1 is replaced by  21 (was   0)
             Atom type of atom    2 is replaced by   6 (was   0)
             Atom type of atom    3 is replaced by   1 (was   0)
             Atom type of atom    4 is replaced by   5 (was   0)
             Atom type of atom    5 is replaced by   1 (was   0)
             Atom type of atom    6 is replaced by   5 (was   0)
             Atom type of atom    7 is replaced by   5 (was   0)
             Atom type of atom    8 is replaced by   5 (was   0)
             Atom type of atom    9 is replaced by   5 (was   0)
1     ethanol-g                                                   

               CHEMICAL FORMULA :  C(   2)  H(   6)  O(   1) 
               FORMULA WEIGHT   :     46.043
                                                               DATE 30-MAY-23
                                                               TIME  21:07:17


          THE COORDINATES OF    9 ATOMS ARE READ IN.
          SOME CONSTANTS WILL BE READ IN.

      CONFORMATIONAL ENERGY, PART 1:  GEOMETRY AND STERIC ENERGY
                                      OF INITIAL CONFORMATION.


      CONNECTED ATOMS
         2-   3-   5-

      ATTACHED ATOMS
         1-   2,   3-   4,   3-   6,   5-   7,   5-   8,   5-   9,

      INITIAL ATOMIC COORDINATES
           ATOM         X           Y           Z       TYPE
         H(   1)    -1.11681     0.93022     0.62445   ( 21)
         O(   2)    -1.18281     0.24415    -0.05424   (  6)
         C(   3)    -0.00552    -0.57195     0.03221   (  1)
         H(   4)    -0.05012    -1.26987    -0.83241   (  5)
         C(   5)     1.27593     0.25725    -0.01521   (  1)
         H(   6)    -0.03941    -1.20584     0.95300   (  5)
         H(   7)     1.35538     0.94042     0.85743   (  5)
         H(   8)     1.31765     0.88273    -0.93279   (  5)
         H(   9)     2.17019    -0.40315    -0.01141   (  5)


          DIELECTRIC CONSTANT =  1.500


      INITIAL STERIC ENERGY IS      3.1120 KCAL/MOL.

                  COMPRESSION       0.2667
                  BENDING           0.6026
                  BEND-BEND         0.0007
                  STRETCH-BEND      0.0356
                  VANDERWAALS
                    1,4 ENERGY      1.7414
                    OTHER           0.1076
                  H-BONDING         0.0000
                  PI-COMPLX         0.0000

                  TORSIONAL         0.3589
                  TORSION-STRETCH  -0.0016
                  DIPOLE-DIPOLE     0.0000
                  CHARGE-DIPOLE     0.0000
                  CHARGE-CHARGE     0.0000


      MOLECULAR POLARIZABILITIES (A**3)
        ALPHA(1)   =       6.30
        ALPHA(2)   =       5.31
        ALPHA(3)   =       4.61
        AVG. ALPHA =       5.41



      DIPOLE MOMENT =          1.722 D


      E (INDP/INDP) =          0.309 KCAL/MOLE
      DIPOLE MOMENT =          1.900 D (INCLUDES INDUCED BOND MOMENTS)
      *NOTE*  E (INDP/INDP) IS NOT INCLUDED IN THE INITIAL STERIC ENERGY

      CPU TIME FOR INITIAL CALCULATION IS     0.02 SECONDS.


1     ethanol-g                                                   


     CONFORMATIONAL ENERGY, PART 2: GEOMETRY MINIMIZATION

               GEOMETRY OPTIMIZATION IS CONTINUED UNTIL ATOM
               MOVEMENT CONVERGES WITHIN FOLLOWING VALUES:

                         AVERAGE MOVEMENT  0.00009 A
                         MAXIMUM MOVEMENT  0.00090 A



     <<<<<<<<<<<<<<<<<<<<<<<<<<  C Y C L E   1 >>>>>>>>>>>>>>>>>>>>>>>>>>

                              (CH)-MOVEMENT = 1

       ITER    1   AVG. MOVE = 0.00935 A   (MAX MOVE : ATOM    1   0.08480 A)  
       ITER    2   AVG. MOVE = 0.01157 A   (MAX MOVE : ATOM    1   0.59221 A)  
       ITER    3   AVG. MOVE = 0.00232 A   (MAX MOVE : ATOM    1   0.04175 A)  
       ITER    4   AVG. MOVE = 0.00421 A   (MAX MOVE : ATOM    1   0.12158 A)  
       ITER    5   AVG. MOVE = 0.00102 A   (MAX MOVE : ATOM    1   0.01713 A)  
       ITER    6   AVG. MOVE = 0.00071 A   (MAX MOVE : ATOM    1   0.01007 A)  
       ITER    7   AVG. MOVE = 0.00035 A   (MAX MOVE : ATOM    7   0.00192 A)  
       ITER    8   AVG. MOVE = 0.00029 A   (MAX MOVE : ATOM    7   0.00169 A)  
       ITER    9   AVG. MOVE = 0.00026 A   (MAX MOVE : ATOM    7   0.00150 A)  
       ITER   10   AVG. MOVE = 0.00023 A   (MAX MOVE : ATOM    7   0.00133 A)  
       ITER   11   AVG. MOVE = 0.00020 A   (MAX MOVE : ATOM    7   0.00118 A)  
       ITER   12   AVG. MOVE = 0.00018 A   (MAX MOVE : ATOM    7   0.00105 A)  
       ITER   13   AVG. MOVE = 0.00016 A   (MAX MOVE : ATOM    7   0.00093 A)  
       ITER   14   AVG. MOVE = 0.00014 A   (MAX MOVE : ATOM    7   0.00083 A)  
       ITER   15   AVG. MOVE = 0.00013 A   (MAX MOVE : ATOM    7   0.00074 A)  
       ITER   16   AVG. MOVE = 0.00012 A   (MAX MOVE : ATOM    7   0.00067 A)  
       ITER   17   AVG. MOVE = 0.00010 A   (MAX MOVE : ATOM    7   0.00060 A)  
       ITER   18   AVG. MOVE = 0.00009 A   (MAX MOVE : ATOM    7   0.00054 A)  
       ITER   19   AVG. MOVE = 0.00008 A   (MAX MOVE : ATOM    7   0.00049 A)  


     <<<<<<<<<<<<<<<<<<<<<<<<<<  C Y C L E   2 >>>>>>>>>>>>>>>>>>>>>>>>>>

                              (CH)-MOVEMENT = 0

       ITER   20   AVG. MOVE = 0.00006 A   (MAX MOVE : ATOM    7   0.00042 A)  


              * * * * * * * * * GEOMETRY IS OPTIMIZED * * * * * * * * *

               WITHIN : AVERAGE MOVEMENT  0.00006 A (LIMIT  0.00009 A)
                        MAXIMUM MOVEMENT  0.00042 A (LIMIT  0.00090 A)

               GRADIENT
                  RMS GRADIENT                0.006765 KCAL/MOL/A

                  MAX GRADIENT
                    X-DIRECTION : ATOM #   2   0.009677 KCAL/MOL/A
                    Y-DIRECTION : ATOM #   8   0.012135 KCAL/MOL/A
                    Z-DIRECTION : ATOM #   2   0.014803 KCAL/MOL/A

        DELTA TIME =    0.00 SEC.       TOTAL CPU TIME =      0.02 SEC.


                            =====================
                            FULL-MATRIX OPTIMIZER
                            =====================


     iter.  rms force   max force   avg. move    max move  atom  convg  d-time

        0    0.009204    0.021746   0.00038 A   0.00253 A    7    [N]     0.0s
        1    0.000852    0.001688   0.00000 A   0.00000 A    8    [N]     0.0s
        2    0.000024    0.000069                                 [Y]     0.0s


      TOTAL ENERGY IS      2.4795 KCAL/MOL.

        COMPRESS    0.0404      VDW 1,4    1.8784      DIPL-DIPL    0.0000
        BENDING     0.2123        OTHER    0.0417      CHRG-DIPL    0.0000
        STR-BEND    0.0233      TORSION    0.3058      CHRG-CHRG    0.0000
        BEND-BEND  -0.0207      TOR-STR   -0.0017      EPR          0.0000
        H-BONDING   0.0000      PI-CMPL    0.0000
0     DELTA(T) =     0.0 SEC.          ELAPSED TIME =     0.0 SEC.


    * * * ENERGY IS MINIMIZED WITHIN RMS OF FORCES   0.00002  Kcal/mol/A * * *

                 * * * *  RMS FORCE IS   0.00002 Kcal/mol/A * * * *

1     ethanol-g                                                   

               CHEMICAL FORMULA :  C(   2)  H(   6)  O(   1) 
               FORMULA WEIGHT   :     46.043
                                                               DATE : 30-MAY-23

           * M M 3 * * * * * * * * * * * 2 0 0 0 *
           *                                     *   PARAMETER RELIABILITY
           *                                     *
           *                                     *   BLANK = GOOD
           *                                     *       B = FAIR
           *                                     *       C = TRIAL
           *                                     *       R = READ IN
           *                                     *       S = SUBSTITUTED
           *                                     *       U = PARAMETER NOT EXIST
           *                                     *
           *                                     *   THIS IS SHOWN AT THE END 
           *                                     *   OF THE LINE.
           * * * * * * * * * * * * * * * * * * * * 


      CONFORMATIONAL ENERGY, PART 3:  GEOMETRY AND STERIC ENERGY
                                      OF FINAL CONFORMATION.

      CONNECTED ATOMS
         2-   3-   5-

      ATTACHED ATOMS
         1-   2,   3-   4,   3-   6,   5-   7,   5-   8,   5-   9,

      FINAL ATOMIC COORDINATE
           ATOM         X           Y           Z       TYPE
         H(   1)     1.25560    -0.72711     0.75507   ( 21)
         O(   2)     1.16196    -0.25935    -0.06424   (  6)
         C(   3)     0.00658     0.58424     0.02516   (  1)
         H(   4)     0.01428     1.29386    -0.82966   (  5)
         C(   5)    -1.26235    -0.26352    -0.00927   (  1)
         H(   6)     0.05120     1.19407     0.96101   (  5)
         H(   7)    -1.31037    -0.96780     0.84998   (  5)
         H(   8)    -1.32524    -0.86766    -0.94082   (  5)
         H(   9)    -2.17392     0.37194     0.03461   (  5)


          DIELECTRIC CONSTANT =  1.500


      BOND LENGTHS AND STRETCHING ENERGY   (    8 BONDS)

        ENERGY = 71.94(KS)(DR)(DR)(1-(CS)(DR)+(7/12)((CS)(DR))**2)
                          DR = R-RO
                          CS =  2.550
                                                         R(0)-CORR        CORR
          BOND        LENGTH   R(0)    K(S)  ENERGY   E-NEG   MISCEL       KS
    H(   1)- O(   2)  0.9481  0.9470  7.630  0.0006                             
    O(   2)- C(   3)  1.4334  1.4280  5.700  0.0117  0.0150                     
    C(   3)- H(   4)  1.1110  1.1095  4.762  0.0008 -0.0028  0.0003  BH  0.082  
    C(   3)- C(   5)  1.5265  1.5177  4.490  0.0242 -0.0070                     
    C(   3)- H(   6)  1.1179  1.1156  4.560  0.0017 -0.0028  0.0064  BH -0.120  
    C(   5)- H(   7)  1.1120  1.1109  4.786  0.0005 -0.0011              0.036  
    C(   5)- H(   8)  1.1121  1.1109  4.786  0.0005 -0.0011              0.036  
    C(   5)- H(   9)  1.1121  1.1109  4.786  0.0005 -0.0011              0.036  


      NON-BONDED DISTANCES, VDW AND EPR ENERGY   (     15 PAIRS)

              E(VDW) = KV*(1.84(10**5)EXP(-12.00/P) - 2.25(P**6))
              E(EPR) = C*KV*(1.84(10**5)EXP(-12.00/Q) - 2.25(Q**6))
              E(HBD) = EP1-EP2*COS(THETA)*RTH/RTH0
                            EP1 = KHB*1.84(10**5)*EXP(-12.0/P)
                            EP2 = KHB*2.25(P**6)

            IF P > 3.020, THEN,
              E(VDW) = KV(192.270)(P**2)
              E(HBD) = EP1-EP2*COS(THETA)*RTH/RTH0
                            EP1 = KHB*(192.270*P**2+1706.96)
                            EP2 = KHB*1706.96

               WHERE   RV = RVDW(I) + RVDW(K)
                       KV = SQRT(EPS(I)*EPS(K))
                      KHB = EPS/DIELEC  FOR HYDROGEN BOND
                        P = (RV/R) OR (RV/R#)
                        C = SCALE FACTOR
                        Q = RV/R, WHERE R IS MODIFIED DISTANCE
                    THETA = ANGLE H-X-Y IN HYDROGEN BOND X-H...Y
                      RTH = BOND LENGTH X-H IN X-H...Y
                     RTH0 = NATURAL BOND LENGTH X-H

          # IN THE VDW CALCULATIONS THE HYDROGEN ATOMS ARE RELOCATED
          SO THAT THE ATTACHED HYDROGEN DISTANCE IS REDUCED BY 0.923

          # IN THE VDW CALCULATIONS THE DEUTERIUM ATOMS ARE RELOCATED
          SO THAT THE ATTACHED DEUTERIUM DISTANCE IS REDUCED BY  0.923

         ATOM PAIR          R       R#       RV      KV       ENERGY
      H(   1), C(   3)   1.9526
      H(   1), H(   4)   2.8525   2.7148   3.220   0.0179     0.0208  1,4       
      H(   1), C(   5)   2.6719   2.6417   3.640   0.0208     0.3114  1,4       
      H(   1), H(   6)   2.2768   2.2044   3.220   0.0179     0.4995  1,4       
      H(   1), H(   7)   2.5790   2.5664   3.220   0.0179     0.0740            
      H(   1), H(   8)   3.0914   3.0087   3.220   0.0179    -0.0160            
      H(   1), H(   9)   3.6727   3.5640   3.220   0.0179    -0.0163            
      O(   2), H(   4)   2.0774
      O(   2), C(   5)   2.4249
      O(   2), H(   6)   2.0970
      O(   2), H(   7)   2.7295   2.6910   3.440   0.0344     0.1923  1,4       
      O(   2), H(   8)   2.7064   2.6694   3.440   0.0344     0.2171  1,4       
      O(   2), H(   9)   3.3965   3.3186   3.440   0.0344    -0.0366  1,4       
      C(   3), H(   7)   2.1962
      C(   3), H(   8)   2.1943
      C(   3), H(   9)   2.1908
      H(   4), C(   5)   2.1745
      H(   4), H(   6)   1.7938
      H(   4), H(   7)   3.1130   2.9619   3.240   0.0200    -0.0138  1,4       
      H(   4), H(   8)   2.5454   2.4568   3.240   0.0200     0.1745  1,4       
      H(   4), H(   9)   2.5269   2.4403   3.240   0.0200     0.1906  1,4       
      C(   5), H(   6)   2.1889
      H(   6), H(   7)   2.5573   2.4682   3.240   0.0200     0.1640  1,4       
      H(   6), H(   8)   3.1245   2.9726   3.240   0.0200    -0.0146  1,4       
      H(   6), H(   9)   2.5466   2.4584   3.240   0.0200     0.1730  1,4       
      H(   7), H(   8)   1.7937
      H(   7), H(   9)   1.7904
      H(   8), H(   9)   1.7912


      BOND ANGLES, BENDING AND STRETCH-BEND ENERGIES   (   13 ANGLES)

          EB = 0.021914(KB)(DT)(DT)(1+CF*DT+QF*DT**2+PF*DT**3+SF*DT**4)
                          DT = THETA-TZERO
                          CF = -1400.000E-5
                          QF =     5.600E-5
                          PF =    -0.070E-5
                          SF =     0.022E-6
          ESB(J) = 2.51124(KSB(J))(DT)(DR1+DR2)
                          DR(I) = R(I) - R0(I)
          EBDBD  = -0.02191418(KBB1)(DT1)(KBB2)(DT2)

          A T O M S            THETA    TZERO     KB     EB     KSB    ESB
   H(   1)- O(   2)- C(   3)  108.427  106.800  0.750  0.0425  0.09  0.0024     
   O(   2)- C(   3)- H(   4)  108.804  108.900  0.820  0.0002  0.08 -0.0001     
   O(   2)- C(   3)- C(   5)  109.987  107.900  0.830  0.0769  0.13  0.0096     
   O(   2)- C(   3)- H(   6)  109.943  108.900  0.820  0.0193  0.08  0.0016     
   H(   4)- C(   3)- C(   5)  110.069  109.310  0.590  0.0074  0.08  0.0016     
   H(   4)- C(   3)- H(   6)  107.182  107.600  0.550  0.0021                   
   C(   5)- C(   3)- H(   6)  110.795  109.310  0.590  0.0279  0.08  0.0033     
   C(   3)- C(   5)- H(   7)  111.729  110.700  0.590  0.0135  0.08  0.0020     
   C(   3)- C(   5)- H(   8)  111.568  110.700  0.590  0.0096  0.08  0.0017     
   C(   3)- C(   5)- H(   9)  111.295  110.700  0.590  0.0045  0.08  0.0012     
   H(   7)- C(   5)- H(   8)  107.503  107.800  0.550  0.0011                   
   H(   7)- C(   5)- H(   9)  107.218  107.800  0.550  0.0041                   
   H(   8)- C(   5)- H(   9)  107.284  107.800  0.550  0.0032                   


     DIHEDRAL ANGLES, TORSIONAL ENERGY (ET)   (   12 ANGLES)

           ET = (V1/2)(1+COS(W))+(V2/2)(1-COS(2W))+(V3/2)(1+COS(3W))

           ETS = -11.995*(R-R0)((KTS1/2)(1+COS(W))+
                                (KTS2/2)(1-COS(2W)+
                                (KTS3/2)(1+COS(3W))

           SIGN OF ANGLE A-B-C-D : WHEN LOOKING THROUGH B TOWARD C,
           IF D IS COUNTERCLOCKWISE FROM A, NEGATIVE.

         A T O M S               OMEGA    V1     V2     V3     ET   KTS3   ETS
 H(   1) O(   2) C(   3) H(   4) 167.7  0.000  0.000  0.200  0.020 0.100-0.001  
 H(   1) O(   2) C(   3) C(   5) -71.7  0.400  0.000  0.100  0.272 0.100-0.001  
 H(   1) O(   2) C(   3) H(   6)  50.6  0.000  0.000  0.200  0.012 0.100 0.000  
 O(   2) C(   3) C(   5) H(   7)  61.5  0.000  0.000  0.300  0.000 0.059 0.000  
 O(   2) C(   3) C(   5) H(   8) -58.9  0.000  0.000  0.300  0.000 0.059 0.000  
 O(   2) C(   3) C(   5) H(   9)-178.7  0.000  0.000  0.300  0.000 0.059 0.000  
 H(   4) C(   3) C(   5) H(   7)-178.6  0.000  0.000  0.238  0.000 0.059 0.000  
 H(   4) C(   3) C(   5) H(   8)  61.0  0.000  0.000  0.238  0.000 0.059 0.000  
 H(   4) C(   3) C(   5) H(   9) -58.8  0.000  0.000  0.238  0.000 0.059 0.000  
 H(   6) C(   3) C(   5) H(   7) -60.2  0.000  0.000  0.238  0.000 0.059 0.000  
 H(   6) C(   3) C(   5) H(   8) 179.4  0.000  0.000  0.238  0.000 0.059 0.000  
 H(   6) C(   3) C(   5) H(   9)  59.6  0.000  0.000  0.238  0.000 0.059 0.000  


 ==============================================================================
                        NORMAL MODE VIBRATIONAL ANALYSIS
 ==============================================================================


             Molecular Shape : ASYMMETRIC ROTOR WITH KAPPA =-0.907818
        Symmetry Point Group : C1  
             Symmetry Number :  1
                   Chirality : yes



0       FUNDAMENTAL NORMAL VIBRATIONAL FREQUENCIES
                ( THEORETICALLY  21 VALUES )

             Frequency :  in 1/cm
             A(i)      :  IR intensity (vs,s,m,w,vw,-- or in 10**6 cm/mole)
             A(i) = -- :  IR inactive


             no       Frequency   Symmetry      A(i)

             1.          3680.1     (A   )       vs
             2.          2979.1     (A   )        m
             3.          2978.8     (A   )        m
             4.          2945.8     (A   )        m
             5.          2887.1     (A   )        w
             6.          2857.2     (A   )        m
             7.          1546.7     (A   )        m
             8.          1460.7     (A   )        w
             9.          1453.3     (A   )        w
            10.          1435.7     (A   )        w
            11.          1376.0     (A   )        w
            12.          1302.4     (A   )        m
            13.          1263.5     (A   )       vs
            14.          1107.3     (A   )        m
            15.          1033.6     (A   )        w
            16.           992.4     (A   )        w
            17.           908.7     (A   )        w
            18.           851.0     (A   )        w
            19.           416.2     (A   )        w
            20.           250.4     (A   )        s
            21.           215.7     (A   )        s
            22.     (       0.0)    (t/r )
            23.     (       0.0)    (t/r )
            24.     (       0.0)    (t/r )
            25.     (       0.0)    (t/r )
            26.     (       0.0)    (t/r )
            27.     (       0.0)    (t/r )


0       CORRESPONDING EIGEN VECTOR MATRIX   27 BY  27



 (  1)
     0.104   -0.481    0.831   -0.007    0.031   -0.052    0.001   -0.001
     0.000    0.003   -0.001   -0.002    0.000    0.000    0.000   -0.004
     0.005    0.003    0.000    0.000    0.000    0.000    0.000    0.000
     0.000    0.000    0.000

 (  2)
    -0.001    0.000    0.001    0.000    0.000    0.000    0.000   -0.002
     0.005    0.008    0.039   -0.040    0.011   -0.020    0.089   -0.007
    -0.016   -0.019    0.045    0.461   -0.562   -0.047   -0.306   -0.485
    -0.128    0.087   -0.013

 (  3)
     0.000    0.000   -0.001    0.000    0.000    0.000    0.001    0.000
     0.000   -0.003   -0.007    0.007   -0.050    0.074    0.023   -0.006
    -0.007   -0.006   -0.005   -0.167    0.175   -0.028   -0.290   -0.416
     0.627   -0.423   -0.033

 (  4)
    -0.009    0.006    0.004    0.000    0.001   -0.001    0.001   -0.038
     0.079    0.011    0.584   -0.683    0.002    0.004   -0.006   -0.015
    -0.151   -0.250    0.001   -0.046    0.061   -0.005   -0.001    0.006
    -0.014    0.004    0.002

 (  5)
     0.002    0.000   -0.002    0.000    0.000    0.000   -0.004   -0.013
    -0.013    0.002    0.016   -0.010    0.050    0.034    0.002    0.011
     0.116    0.166   -0.045   -0.355    0.415   -0.051   -0.309   -0.457
    -0.460    0.290    0.020

 (  6)
     0.005   -0.001   -0.008   -0.002    0.001    0.001   -0.001   -0.063
    -0.043    0.001    0.219   -0.223   -0.009   -0.005    0.001    0.036
     0.505    0.724    0.008    0.076   -0.092    0.015    0.063    0.089
     0.101   -0.073   -0.005

 (  7)
    -0.080    0.044    0.044    0.052   -0.015   -0.010   -0.167    0.049
     0.013    0.419   -0.223   -0.226    0.046    0.015    0.001    0.393
    -0.223    0.190   -0.070   -0.042   -0.065   -0.083   -0.049    0.063
     0.036   -0.021   -0.007

 (  8)
    -0.025    0.011    0.007    0.001    0.000   -0.003    0.004    0.001
     0.012    0.019   -0.012    0.005   -0.010   -0.001    0.049   -0.047
     0.011    0.015    0.494   -0.220   -0.074   -0.418    0.101    0.037
     0.025    0.109   -0.678

 (  9)
     0.017   -0.011   -0.007   -0.002   -0.001    0.002    0.017    0.024
    -0.002   -0.078   -0.043   -0.069   -0.052    0.025   -0.006   -0.052
    -0.054    0.062    0.115   -0.400   -0.356    0.252   -0.486    0.308
     0.190    0.417    0.121

 ( 10)
     0.021   -0.009   -0.009   -0.007    0.005    0.003    0.061    0.068
     0.002   -0.111   -0.325   -0.361   -0.079   -0.061   -0.004   -0.064
    -0.361    0.322    0.204    0.172    0.233    0.204    0.196   -0.218
     0.064    0.174    0.012

 ( 11)
     0.084   -0.043   -0.034   -0.022    0.008    0.010    0.066    0.022
    -0.007   -0.280   -0.230   -0.235    0.068    0.062    0.003   -0.182
    -0.277    0.212   -0.319   -0.113   -0.188   -0.339   -0.122    0.175
    -0.200   -0.348   -0.042

 ( 12)
    -0.414    0.239    0.132    0.027   -0.010   -0.062    0.022   -0.006
     0.059    0.404   -0.168   -0.063    0.001    0.007    0.008   -0.633
     0.126    0.018   -0.030    0.006    0.007    0.002   -0.024    0.032
    -0.025   -0.034    0.072

 ( 13)
    -0.594    0.327    0.263    0.047   -0.020   -0.022    0.005   -0.010
     0.026   -0.538    0.025    0.055    0.001    0.009   -0.026    0.309
    -0.028    0.033    0.042    0.042   -0.003   -0.024   -0.030   -0.003
    -0.011   -0.010    0.006

 ( 14)
     0.139   -0.118   -0.025    0.080   -0.085   -0.001   -0.088    0.117
     0.002   -0.342    0.138    0.003    0.040   -0.043    0.001   -0.359
     0.143    0.008   -0.183    0.036    0.053   -0.165    0.060   -0.052
     0.216    0.211    0.001

 ( 15)
     0.139   -0.084   -0.075   -0.012    0.004   -0.004    0.007    0.004
     0.105   -0.031   -0.214   -0.071   -0.003   -0.004   -0.123    0.082
     0.252   -0.055    0.325    0.290    0.134   -0.386   -0.315    0.101
     0.016   -0.002    0.235

 ( 16)
    -0.118    0.086    0.042   -0.031    0.024   -0.004    0.103    0.079
     0.002    0.238    0.111    0.025   -0.040   -0.131    0.001    0.255
     0.082   -0.002   -0.423   -0.112    0.000   -0.369   -0.067   -0.022
     0.153    0.146   -0.013

 ( 17)
    -0.062    0.059    0.001   -0.073    0.059    0.004   -0.028   -0.116
    -0.007   -0.076   -0.127   -0.011    0.130    0.003   -0.002   -0.091
    -0.148    0.013   -0.117    0.104    0.064   -0.133    0.094   -0.040
     0.426    0.425    0.026

 ( 18)
    -0.077    0.052    0.071    0.009   -0.007    0.025   -0.001    0.011
    -0.099    0.153    0.433    0.259   -0.003   -0.001   -0.021   -0.160
    -0.459    0.224    0.239    0.194    0.159   -0.239   -0.216    0.141
    -0.007   -0.020    0.184

 ( 19)
    -0.156   -0.006    0.027   -0.140   -0.058   -0.005    0.009    0.119
     0.007    0.030    0.095   -0.012    0.139   -0.034   -0.002    0.038
     0.091    0.024    0.251   -0.055   -0.012    0.250   -0.042   -0.006
     0.041   -0.180   -0.003

 ( 20)
    -0.393   -0.405   -0.141    0.022    0.027    0.059    0.000    0.005
    -0.073    0.002   -0.080   -0.144    0.004   -0.007    0.019   -0.015
     0.100   -0.134    0.225   -0.246   -0.165   -0.226    0.252   -0.133
     0.006   -0.031    0.429

 ( 21)
     0.400    0.556    0.306   -0.019   -0.039    0.013   -0.001   -0.004
    -0.019    0.016   -0.025   -0.036   -0.006    0.008   -0.015   -0.004
     0.020   -0.033    0.162   -0.240   -0.209   -0.183    0.275   -0.176
     0.002   -0.006    0.343

 ( 22)
     0.057    0.111    0.194    0.065    0.028    0.145    0.069    0.043
     0.051    0.078   -0.045   -0.022    0.065    0.045    0.128    0.065
     0.138   -0.011    0.055    0.133    0.200    0.068   -0.050    0.190
     0.068    0.054    0.057

 ( 23)
     0.065    0.046    0.086    0.073   -0.057    0.026    0.039   -0.088
    -0.112    0.039   -0.192   -0.198    0.071   -0.139   -0.048   -0.013
     0.027   -0.185    0.070   -0.037    0.036    0.122   -0.255    0.024
     0.046   -0.168   -0.153

 ( 24)
    -0.063    0.084    0.109    0.011    0.107    0.114   -0.035    0.054
     0.008    0.033    0.083    0.033    0.005    0.001   -0.166   -0.169
     0.025    0.034   -0.064   -0.029   -0.194    0.138    0.029   -0.193
    -0.027   -0.039   -0.250

 ( 25)
    -0.130    0.054    0.122   -0.072   -0.073    0.043   -0.012    0.026
    -0.128    0.065   -0.113   -0.243   -0.073    0.114   -0.027    0.005
     0.176   -0.226   -0.150    0.257    0.086   -0.090   -0.033    0.070
    -0.028    0.188   -0.157

 ( 26)
    -0.094   -0.234    0.055   -0.016   -0.151    0.093    0.034   -0.083
     0.107    0.130   -0.003    0.174   -0.020    0.004   -0.045    0.022
    -0.174    0.167   -0.115   -0.073   -0.114   -0.007    0.096   -0.105
     0.020    0.061   -0.037

 ( 27)
    -0.061    0.071    0.101   -0.089    0.019    0.075   -0.136   -0.041
     0.030   -0.178   -0.088   -0.010   -0.088   -0.114    0.081   -0.168
     0.015   -0.004   -0.047   -0.068    0.121   -0.057   -0.170    0.115
    -0.124   -0.162    0.047


 ==============================================================================
                      STATISTICAL THERMODYNAMICS ANALYSIS
 ==============================================================================

  Structure name    : ethanol-g                                                   
  Temperature       :   298.16 K
  Symmetry number   :   1
  Optical isomers   :   2
  Zero Point Energy :   48.521 Kcal/mol


                     ENERGY   ENTHALPY    ENTROPY  FREE ENERGY   HEAT CAPACITY
                  (Kcal/mol) (Kcal/mol)     (eu)   (Kcal/mol)    (cal/mol/deg)
  Translational       0.889      1.481     37.389     -9.667         4.967
     Rotational       0.889      0.889     22.379     -5.784         2.980
    Vibrational      49.514%    49.514%     5.302*    47.934%        7.828*
      Potential       2.480#     2.480#     0.000      2.480#        0.000
         Mixing       0.000      0.000      1.377     -0.411         0.000
          Total      53.771     54.364     66.447     34.552        15.776

  Enthalpy Function (H-Ho)/T     =   11.28 cal/mol/deg
  Free Energy Function -(G-Ho)/T =   55.17 cal/mol/deg

  % Includes zero point energy (ZPE).
  * Excludes contribution from frequencies lower than 40 (1/cm).
  # Includes steric energy (SE).
    Internal rotation contributions are not considered

  This structure has   0 imaginary frequencies,
                       0 free internal rotation (fir) frequencies
                         (>= 0,< 10 /cm),
                       0 restricted internal rotation (rir) frequencies
                         (>= 10,< 40 /cm),
                       6 zero frequencies, and
                      21 real frequencies.


      FINAL STERIC ENERGY IS      2.4795 KCAL/MOL.


                COMPRESSION       0.0404
                BENDING           0.2123
                BEND-BEND        -0.0207
                STRETCH-BEND      0.0233
                VANDERWAALS
                  1,4 ENERGY      1.8784
                  OTHER           0.0417
                H-BONDING         0.0000
                PI-COMPLX         0.0000

                TORSIONAL         0.3058
                TORSION-STRETCH  -0.0017
                DIPOLE-DIPOLE     0.0000
                CHARGE-DIPOLE     0.0000
                CHARGE-CHARGE     0.0000

      -----------------------------------------------------------------

      COORDINATES TRANSLATED TO NEW ORIGIN WHICH IS CENTER OF MASS
         H(   1)     1.25560    -0.72711     0.75507   ( 21)
         O(   2)     1.16196    -0.25935    -0.06424   (  6)
         C(   3)     0.00658     0.58424     0.02516   (  1)
         H(   4)     0.01428     1.29386    -0.82966   (  5)
         C(   5)    -1.26235    -0.26352    -0.00927   (  1)
         H(   6)     0.05120     1.19407     0.96101   (  5)
         H(   7)    -1.31037    -0.96780     0.84998   (  5)
         H(   8)    -1.32524    -0.86766    -0.94082   (  5)
         H(   9)    -2.17392     0.37194     0.03461   (  5)

      MOMENT OF INERTIA WITH THE PRINCIPAL AXES

          (1)  UNIT = 10**(-39) GM*CM**2
               IX=    2.5571    IY=    9.0442    IZ=   10.3076

          (2)  UNIT = AU A**2
               IX=   15.4011    IY=   54.4712    IZ=   62.0808



      MOLECULAR POLARIZABILITIES (A**3)
        ALPHA(1)   =       6.19
        ALPHA(2)   =       5.29
        ALPHA(3)   =       4.55
        AVG. ALPHA =       5.34



      DIPOLE MOMENT =          1.710 D


        COMPONENTS WITH PRINCIPAL AXES

                          X =  0.7781    Y =  0.1354    Z = -1.5162


      E (INDP/INDP) =          0.338 KCAL/MOLE
      DIPOLE MOMENT =          1.821 D (INCLUDES INDUCED BOND MOMENTS)
      *NOTE*  E (INDP/INDP) IS NOT INCLUDED IN THE FINAL STERIC ENERGY

        COMPONENTS WITH PRINCIPAL AXES

                          X =  0.9166    Y =  0.3025    Z = -1.5445



      TOTAL ATOMIC CHARGE ON EACH ATOM (in ELECTRON CHARGE)

           H(    1):          0.415
           O(    2):         -0.606
           C(    3):          0.160
           H(    4):          0.009
           C(    5):         -0.003
           H(    6):          0.008
           H(    7):          0.006
           H(    8):          0.006
           H(    9):          0.005

      -----------------------------------------------------------------

        END OF ethanol-g                                                   


           TOTAL CPU TIME IS      0.03 SECONDS.

           THIS JOB COMPLETED AT    21:07:17
