1
               ---------------------------------------------
               WARNING : INCORRECT ATOM TYPES GIVEN IN INPUT
                         DATA ARE CORRECTED AS FOLLOWS
               ---------------------------------------------


             Atom type of atom    1 is replaced by   5 (was   0)
             Atom type of atom    2 is replaced by   3 (was   0)
             Atom type of atom    3 is replaced by  77 (was   0)
             Atom type of atom    4 is replaced by  75 (was   0)
             Atom type of atom    5 is replaced by  24 (was   0)
1     formic acid-E                                               

               CHEMICAL FORMULA :  C(   1)  H(   2)  O(   2) 
               FORMULA WEIGHT   :     46.006
                                                               DATE 31-MAY-23
                                                               TIME  09:25:46


          THE COORDINATES OF    5 ATOMS ARE READ IN.
          SOME CONSTANTS WILL BE READ IN.

      CONFORMATIONAL ENERGY, PART 1:  GEOMETRY AND STERIC ENERGY
                                      OF INITIAL CONFORMATION.


      CONNECTED ATOMS
         2-   4-

      ATTACHED ATOMS
         1-   2,   2-   3,   4-   5,

      INITIAL ATOMIC COORDINATES
           ATOM         X           Y           Z       TYPE
         H(   1)     0.00271     1.50638     0.00000   (  5)
         C(   2)    -0.09992     0.40098     0.00000   (  3)
         O(   3)    -1.13746    -0.19892     0.00000   ( 77)
         O(   4)     1.09870    -0.22535     0.00000   ( 75)
         H(   5)     1.80316     0.45027     0.00000   ( 24)


          DIELECTRIC CONSTANT =  1.500


      INITIAL STERIC ENERGY IS     -1.2763 KCAL/MOL.

                  COMPRESSION       0.2345
                  BENDING           0.9685
                  BEND-BEND        -0.0617
                  STRETCH-BEND      0.0008
                  VANDERWAALS
                    1,4 ENERGY      0.0300
                    OTHER           0.0000
                  H-BONDING         0.0000
                  PI-COMPLX         0.0000

                  TORSIONAL        -0.3000
                  TORSION-STRETCH   0.0000
                  DIPOLE-DIPOLE    -2.1483
                  CHARGE-DIPOLE     0.0000
                  CHARGE-CHARGE     0.0000


      MOLECULAR POLARIZABILITIES (A**3)
        ALPHA(1)   =       3.43
        ALPHA(2)   =       2.24
        ALPHA(3)   =       1.73
        AVG. ALPHA =       2.47



      DIPOLE MOMENT =          3.165 D


      E (INDP/INDP) =          0.533 KCAL/MOLE
      DIPOLE MOMENT =          2.960 D (INCLUDES INDUCED BOND MOMENTS)
      *NOTE*  E (INDP/INDP) IS NOT INCLUDED IN THE INITIAL STERIC ENERGY

      CPU TIME FOR INITIAL CALCULATION IS     0.03 SECONDS.


1     formic acid-E                                               


     CONFORMATIONAL ENERGY, PART 2: GEOMETRY MINIMIZATION

               GEOMETRY OPTIMIZATION IS CONTINUED UNTIL ATOM
               MOVEMENT CONVERGES WITHIN FOLLOWING VALUES:

                         AVERAGE MOVEMENT  0.00007 A
                         MAXIMUM MOVEMENT  0.00067 A



     <<<<<<<<<<<<<<<<<<<<<<<<<<  C Y C L E   1 >>>>>>>>>>>>>>>>>>>>>>>>>>

                              (CH)-MOVEMENT = 1

       ITER    1   AVG. MOVE = 0.00852 A   (MAX MOVE : ATOM    2   0.04039 A)  
       ITER    2   AVG. MOVE = 0.00100 A   (MAX MOVE : ATOM    2   0.00527 A)  
       ITER    3   AVG. MOVE = 0.00015 A   (MAX MOVE : ATOM    2   0.00095 A)  
       ITER    4   AVG. MOVE = 0.00003 A   (MAX MOVE : ATOM    2   0.00016 A)  


     <<<<<<<<<<<<<<<<<<<<<<<<<<  C Y C L E   2 >>>>>>>>>>>>>>>>>>>>>>>>>>

                              (CH)-MOVEMENT = 0

       ITER    5   AVG. MOVE = 0.00000 A   (MAX MOVE : ATOM    3   0.00002 A)  


              * * * * * * * * * GEOMETRY IS OPTIMIZED * * * * * * * * *

               WITHIN : AVERAGE MOVEMENT  0.00000 A (LIMIT  0.00007 A)
                        MAXIMUM MOVEMENT  0.00002 A (LIMIT  0.00067 A)

               GRADIENT
                  RMS GRADIENT                0.001238 KCAL/MOL/A

                  MAX GRADIENT
                    X-DIRECTION : ATOM #   3   0.002136 KCAL/MOL/A
                    Y-DIRECTION : ATOM #   2   0.003762 KCAL/MOL/A
                    Z-DIRECTION : ATOM #   0   0.000000 KCAL/MOL/A

        DELTA TIME =    0.00 SEC.       TOTAL CPU TIME =      0.05 SEC.


                            =====================
                            FULL-MATRIX OPTIMIZER
                            =====================


     iter.  rms force   max force   avg. move    max move  atom  convg  d-time

        0    0.001221    0.002846   0.00000 A   0.00001 A    1    [N]     0.0s
        1    0.000070    0.000191                                 [Y]     0.0s


      TOTAL ENERGY IS     -1.8225 KCAL/MOL.

        COMPRESS    0.0236      VDW 1,4    0.0314      DIPL-DIPL   -2.2482
        BENDING     0.7595        OTHER    0.0000      CHRG-DIPL    0.0000
        STR-BEND   -0.0206      TORSION   -0.3000      CHRG-CHRG    0.0000
        BEND-BEND  -0.0682      TOR-STR    0.0000      EPR          0.0000
        H-BONDING   0.0000      PI-CMPL    0.0000
0     DELTA(T) =     0.0 SEC.          ELAPSED TIME =     0.1 SEC.


    * * * ENERGY IS STATIONARY WITHIN RMS OF FORCES   0.00010  Kcal/mol/A * * *

                 * * * *  RMS FORCE IS   0.00007 Kcal/mol/A * * * *

1     formic acid-E                                               

               CHEMICAL FORMULA :  C(   1)  H(   2)  O(   2) 
               FORMULA WEIGHT   :     46.006
                                                               DATE : 31-MAY-23

           * M M 3 * * * * * * * * * * * 2 0 0 0 *
           *                                     *   PARAMETER RELIABILITY
           *                                     *
           *                                     *   BLANK = GOOD
           *                                     *       B = FAIR
           *                                     *       C = TRIAL
           *                                     *       R = READ IN
           *                                     *       S = SUBSTITUTED
           *                                     *       U = PARAMETER NOT EXIST
           *                                     *
           *                                     *   THIS IS SHOWN AT THE END 
           *                                     *   OF THE LINE.
           * * * * * * * * * * * * * * * * * * * * 


      CONFORMATIONAL ENERGY, PART 3:  GEOMETRY AND STERIC ENERGY
                                      OF FINAL CONFORMATION.

      CONNECTED ATOMS
         2-   4-

      ATTACHED ATOMS
         1-   2,   2-   3,   4-   5,

      FINAL ATOMIC COORDINATE
           ATOM         X           Y           Z       TYPE
         H(   1)    -0.00458    -1.49044     0.00000   (  5)
         C(   2)    -0.08514    -0.38770     0.00000   (  3)
         O(   3)    -1.15094     0.19049     0.00000   ( 77)
         O(   4)     1.10138     0.22270     0.00000   ( 75)
         H(   5)     1.80458    -0.45048     0.00000   ( 24)


          DIELECTRIC CONSTANT =  1.500


      BOND LENGTHS AND STRETCHING ENERGY   (    4 BONDS)

        ENERGY = 71.94(KS)(DR)(DR)(1-(CS)(DR)+(7/12)((CS)(DR))**2)
                          DR = R-RO
                          CS =  2.550
                                                         R(0)-CORR        CORR
          BOND        LENGTH   R(0)    K(S)  ENERGY   E-NEG   MISCEL       KS
    H(   1)- C(   2)  1.1057  1.1080  4.640  0.0018                             
    C(   2)- O(   3)  1.2125  1.2140  9.800  0.0015                             
    C(   2)- O(   4)  1.3343  1.3411  6.000  0.0202 -0.0127                     
    O(   4)- H(   5)  0.9735  0.9737  7.150  0.0000                             


      NON-BONDED DISTANCES, VDW AND EPR ENERGY   (      2 PAIRS)

              E(VDW) = KV*(1.84(10**5)EXP(-12.00/P) - 2.25(P**6))
              E(EPR) = C*KV*(1.84(10**5)EXP(-12.00/Q) - 2.25(Q**6))
              E(HBD) = EP1-EP2*COS(THETA)*RTH/RTH0
                            EP1 = KHB*1.84(10**5)*EXP(-12.0/P)
                            EP2 = KHB*2.25(P**6)

            IF P > 3.020, THEN,
              E(VDW) = KV(192.270)(P**2)
              E(HBD) = EP1-EP2*COS(THETA)*RTH/RTH0
                            EP1 = KHB*(192.270*P**2+1706.96)
                            EP2 = KHB*1706.96

               WHERE   RV = RVDW(I) + RVDW(K)
                       KV = SQRT(EPS(I)*EPS(K))
                      KHB = EPS/DIELEC  FOR HYDROGEN BOND
                        P = (RV/R) OR (RV/R#)
                        C = SCALE FACTOR
                        Q = RV/R, WHERE R IS MODIFIED DISTANCE
                    THETA = ANGLE H-X-Y IN HYDROGEN BOND X-H...Y
                      RTH = BOND LENGTH X-H IN X-H...Y
                     RTH0 = NATURAL BOND LENGTH X-H

          # IN THE VDW CALCULATIONS THE HYDROGEN ATOMS ARE RELOCATED
          SO THAT THE ATTACHED HYDROGEN DISTANCE IS REDUCED BY 0.923

          # IN THE VDW CALCULATIONS THE DEUTERIUM ATOMS ARE RELOCATED
          SO THAT THE ATTACHED DEUTERIUM DISTANCE IS REDUCED BY  0.923

         ATOM PAIR          R       R#       RV      KV       ENERGY
      H(   1), O(   3)   2.0346
      H(   1), O(   4)   2.0391
      H(   1), H(   5)   2.0868   2.0287   2.520   0.0173     0.0600  1,4       
      C(   2), H(   5)   1.8908
      O(   3), O(   4)   2.2525
      O(   3), H(   5)   3.0242   2.9606   2.720   0.0297    -0.0286  1,4       


      BOND ANGLES, BENDING AND STRETCH-BEND ENERGIES   (    4 ANGLES)

          EB = 0.021914(KB)(DT)(DT)(1+CF*DT+QF*DT**2+PF*DT**3+SF*DT**4)
                          DT = THETA-TZERO
                          CF = -1400.000E-5
                          QF =     5.600E-5
                          PF =    -0.070E-5
                          SF =     0.022E-6
          ESB(J) = 2.51124(KSB(J))(DT)(DR1+DR2)
                          DR(I) = R(I) - R0(I)
          EBDBD  = -0.02191418(KBB1)(DT1)(KBB2)(DT2)

          A T O M S            THETA    TZERO     KB     EB     KSB    ESB
   H(   1)- C(   2)- O(   3)  122.658  119.200                 0.08 -0.0026     
      IN-PLN    1-   2-   3   122.658  119.200  0.850  0.2121                   
      OUT-PL    2-   4-   2     0.006           1.700  0.0000                   
   H(   1)- C(   2)- O(   4)  113.046  107.000                 0.08 -0.0111     
      IN-PLN    1-   2-   4   113.046  107.000  0.550  0.4041                   
      OUT-PL    2-   3-   2     0.007           0.650  0.0000                   
   O(   3)- C(   2)- O(   4)  124.297  122.500                 0.13 -0.0048     
      IN-PLN    3-   2-   4   124.297  122.500  1.700  0.1173                   
      OUT-PL    2-   1-   2     0.000           1.180  0.0000                   
   C(   2)- O(   4)- H(   5)  109.026  107.700  0.690  0.0261  0.09 -0.0021     


     DIHEDRAL ANGLES, TORSIONAL ENERGY (ET)   (    2 ANGLES)

           ET = (V1/2)(1+COS(W))+(V2/2)(1-COS(2W))+(V3/2)(1+COS(3W))

           ETS = -11.995*(R-R0)((KTS1/2)(1+COS(W))+
                                (KTS2/2)(1-COS(2W)+
                                (KTS3/2)(1+COS(3W))

           SIGN OF ANGLE A-B-C-D : WHEN LOOKING THROUGH B TOWARD C,
           IF D IS COUNTERCLOCKWISE FROM A, NEGATIVE.

         A T O M S               OMEGA    V1     V2     V3     ET   KTS3   ETS
 H(   1) C(   2) O(   4) H(   5)   0.0 -0.300  5.390  0.000 -0.300              
 O(   3) C(   2) O(   4) H(   5)-180.0 -1.200  5.390  0.400  0.000              

     DIPOLE-DIPOLE INTERACTION ENERGY  (DIELECTRIC CONSTANT = 1.50)

          E = 14.388*MU1*MU2*(COSX-3*COSA*COSB)/(R12**3*DIELC)

               MU1 = BOND MOM OF BOND 1
               MU2 = BOND MOM OF BOND 2
               R12 = DISTANCE BETWEEN MID-POINTS OF TWO BONDS.

        BOND(1)       MU1           BOND(2)       MU2      R12        E
   H(   1)- C(   2)  0.100   + O(   4)- H(   5) -1.310   1.7101    0.2806       
   C(   2)- O(   3)  1.860   + O(   4)- H(   5) -1.310   2.0711   -2.5288       


 ==============================================================================
                        NORMAL MODE VIBRATIONAL ANALYSIS
 ==============================================================================


             Molecular Shape : PLANAR
        Symmetry Point Group : Cs  
             Symmetry Number :  1
                   Chirality :  no



0       FUNDAMENTAL NORMAL VIBRATIONAL FREQUENCIES
                ( THEORETICALLY   9 VALUES )

             Frequency :  in 1/cm
             A(i)      :  IR intensity (vs,s,m,w,vw,-- or in 10**6 cm/mole)
             A(i) = -- :  IR inactive


             no       Frequency   Symmetry      A(i)

             1.          3580.0     (A`  )        s
             2.          2946.3     (A`  )        m
             3.          1755.8     (A`  )        s
             4.          1373.5     (A`  )        s
             5.          1245.7     (A`  )        w
             6.          1037.7     (A`  )       vs
             7.          1034.4     (A"  )        m
             8.           677.0     (A`  )        m
             9.           577.6     (A"  )        s
            10.     (       0.0)    (t/r )
            11.     (       0.0)    (t/r )
            12.     (       0.0)    (t/r )
            13.     (       0.0)    (t/r )
            14.     (       0.0)    (t/r )
            15.     (       0.0)    (t/r )


0       CORRESPONDING EIGEN VECTOR MATRIX   15 BY  15



 (  1)
    -0.003   -0.004    0.000    0.002    0.001    0.000    0.000    0.000
     0.000   -0.046    0.041    0.000    0.707   -0.658    0.000

 (  2)
     0.065   -0.944    0.000   -0.011    0.089    0.000    0.005   -0.005
     0.000   -0.002   -0.003    0.000    0.006    0.011    0.000

 (  3)
     0.349    0.099    0.000   -0.229    0.029    0.000    0.101   -0.041
     0.000    0.045    0.013    0.000    0.057    0.016    0.000

 (  4)
     0.641   -0.138    0.000    0.007   -0.143    0.000   -0.063    0.084
     0.000    0.031    0.046    0.000   -0.212   -0.219    0.000

 (  5)
     0.553    0.117    0.000    0.047    0.067    0.000   -0.027    0.021
     0.000   -0.069   -0.104    0.000    0.403    0.405    0.000

 (  6)
     0.281    0.151    0.000    0.060    0.122    0.000    0.050   -0.045
     0.000   -0.081   -0.025    0.000   -0.505   -0.478    0.000

 (  7)
     0.000    0.000   -0.758    0.000    0.000    0.168    0.000    0.000
    -0.040    0.000    0.000   -0.048    0.000    0.000    0.150

 (  8)
    -0.068   -0.121    0.000    0.011   -0.114    0.000    0.150    0.053
     0.000   -0.153    0.029    0.000   -0.021    0.176    0.000

 (  9)
     0.000    0.000    0.030    0.000    0.000    0.081    0.000    0.000
    -0.051    0.000    0.000    0.046    0.000    0.000   -0.915

 ( 10)
    -0.220    0.059   -0.058   -0.138    0.065   -0.020   -0.095    0.145
     0.010   -0.093   -0.023   -0.013   -0.143   -0.075   -0.043

 ( 11)
     0.009    0.055   -0.330    0.037    0.057   -0.078    0.052    0.085
    -0.042    0.053    0.027    0.178    0.035    0.009    0.086

 ( 12)
    -0.037    0.044    0.317    0.042    0.049    0.047    0.083    0.126
    -0.099    0.086   -0.035   -0.096    0.037   -0.085    0.071

 ( 13)
    -0.063   -0.084   -0.270   -0.024   -0.081   -0.149   -0.004   -0.043
    -0.121   -0.003   -0.123   -0.039   -0.026   -0.148   -0.091

 ( 14)
    -0.091   -0.070    0.308   -0.041   -0.066    0.133   -0.014   -0.018
    -0.032   -0.013   -0.121    0.123   -0.044   -0.153    0.277

 ( 15)
     0.066    0.036    0.191   -0.016    0.030    0.008   -0.060   -0.050
    -0.176   -0.062    0.118    0.013   -0.012    0.171    0.181


 ==============================================================================
                      STATISTICAL THERMODYNAMICS ANALYSIS
 ==============================================================================

  Structure name    : formic acid-E                                               
  Temperature       :   298.16 K
  Symmetry number   :   1
  Optical isomers   :   1
  Zero Point Energy :   20.340 Kcal/mol


                     ENERGY   ENTHALPY    ENTROPY  FREE ENERGY   HEAT CAPACITY
                  (Kcal/mol) (Kcal/mol)     (eu)   (Kcal/mol)    (cal/mol/deg)
  Translational       0.889      1.481     37.387     -9.666         4.967
     Rotational       0.889      0.889     20.942     -5.355         2.980
    Vibrational      20.580%    20.580%     1.044*    20.269%        2.952*
      Potential      -1.823#    -1.823#     0.000     -1.823#        0.000
         Mixing       0.000      0.000      0.000      0.000         0.000
          Total      20.535     21.127     59.373      3.424        10.900

  Enthalpy Function (H-Ho)/T     =    8.75 cal/mol/deg
  Free Energy Function -(G-Ho)/T =   50.62 cal/mol/deg

  % Includes zero point energy (ZPE).
  * Excludes contribution from frequencies lower than 40 (1/cm).
  # Includes steric energy (SE).
    Internal rotation contributions are not considered

  This structure has   0 imaginary frequencies,
                       0 free internal rotation (fir) frequencies
                         (>= 0,< 10 /cm),
                       0 restricted internal rotation (rir) frequencies
                         (>= 10,< 40 /cm),
                       6 zero frequencies, and
                       9 real frequencies.


      FINAL STERIC ENERGY IS     -1.8225 KCAL/MOL.


                COMPRESSION       0.0236
                BENDING           0.7595
                BEND-BEND        -0.0682
                STRETCH-BEND     -0.0206
                VANDERWAALS
                  1,4 ENERGY      0.0314
                  OTHER           0.0000
                H-BONDING         0.0000
                PI-COMPLX         0.0000

                TORSIONAL        -0.3000
                TORSION-STRETCH   0.0000
                DIPOLE-DIPOLE    -2.2482
                CHARGE-DIPOLE     0.0000
                CHARGE-CHARGE     0.0000

      -----------------------------------------------------------------

      COORDINATES TRANSLATED TO NEW ORIGIN WHICH IS CENTER OF MASS
         H(   1)    -0.00458    -1.49044     0.00000   (  5)
         C(   2)    -0.08514    -0.38770     0.00000   (  3)
         O(   3)    -1.15094     0.19049     0.00000   ( 77)
         O(   4)     1.10138     0.22270     0.00000   ( 75)
         H(   5)     1.80458    -0.45048     0.00000   ( 24)

      MOMENT OF INERTIA WITH THE PRINCIPAL AXES

          (1)  UNIT = 10**(-39) GM*CM**2
               IX=    0.9333    IY=    7.2989    IZ=    8.2322

          (2)  UNIT = AU A**2
               IX=    5.6212    IY=   43.9599    IZ=   49.5810



      MOLECULAR POLARIZABILITIES (A**3)
        ALPHA(1)   =       3.43
        ALPHA(2)   =       2.18
        ALPHA(3)   =       1.70
        AVG. ALPHA =       2.44



      DIPOLE MOMENT =          3.155 D


        COMPONENTS WITH PRINCIPAL AXES

                          X = -2.4818    Y =  1.9474    Z =  0.0000


      E (INDP/INDP) =          0.548 KCAL/MOLE
      DIPOLE MOMENT =          2.931 D (INCLUDES INDUCED BOND MOMENTS)
      *NOTE*  E (INDP/INDP) IS NOT INCLUDED IN THE FINAL STERIC ENERGY

        COMPONENTS WITH PRINCIPAL AXES

                          X = -1.9571    Y =  2.1821    Z =  0.0000



      TOTAL ATOMIC CHARGE ON EACH ATOM (in ELECTRON CHARGE)

           H(    1):          0.040
           C(    2):          0.347
           O(    3):         -0.286
           O(    4):         -0.384
           H(    5):          0.284

      -----------------------------------------------------------------

        END OF formic acid-E                                               


           TOTAL CPU TIME IS      0.06 SECONDS.

           THIS JOB COMPLETED AT    09:25:46
