1
               ---------------------------------------------
               WARNING : INCORRECT ATOM TYPES GIVEN IN INPUT
                         DATA ARE CORRECTED AS FOLLOWS
               ---------------------------------------------


             Atom type of atom    1 is replaced by   1 (was   0)
             Atom type of atom    2 is replaced by   3 (was   0)
             Atom type of atom    3 is replaced by  78 (was   0)
             Atom type of atom    4 is replaced by  75 (was   0)
             Atom type of atom    5 is replaced by   1 (was   0)
             Atom type of atom    6 is replaced by   5 (was   0)
             Atom type of atom    7 is replaced by   5 (was   0)
             Atom type of atom    8 is replaced by   5 (was   0)
             Atom type of atom    9 is replaced by   5 (was   0)
             Atom type of atom   10 is replaced by   5 (was   0)
             Atom type of atom   11 is replaced by   5 (was   0)
1     Me-acetate-Z-lp                                             

               CHEMICAL FORMULA :  C(   3)  H(   6)  O(   2) 
               FORMULA WEIGHT   :     74.038
                                                               DATE 31-MAY-23
                                                               TIME  10:38:23


          THE COORDINATES OF   11 ATOMS ARE READ IN.
          SOME CONSTANTS WILL BE READ IN.

      CONFORMATIONAL ENERGY, PART 1:  GEOMETRY AND STERIC ENERGY
                                      OF INITIAL CONFORMATION.


      CONNECTED ATOMS
         1-   2-   4-   5-

      ATTACHED ATOMS
         1-   9,   1-  10,   1-  11,   2-   3,   5-   6,   5-   7,   5-   8,

      INITIAL ATOMIC COORDINATES
           ATOM         X           Y           Z       TYPE
         C(   1)     1.76969     0.61851     0.00000   (  1)
         C(   2)     0.46144    -0.12778     0.00000   (  3)
         O(   3)     0.33535    -1.33645     0.00000   ( 78)
         O(   4)    -0.57905     0.73517     0.00000   ( 75)
         C(   5)    -1.88076     0.11210     0.00000   (  1)
         H(   6)    -2.61385     0.93870     0.00000   (  5)
         H(   7)    -1.98849    -0.51736    -0.90334   (  5)
         H(   8)    -1.98849    -0.51736     0.90334   (  5)
         H(   9)     1.83678     1.27577    -0.88986   (  5)
         H(  10)     1.83674     1.27584     0.88981   (  5)
         H(  11)     2.61079    -0.09462     0.00004   (  5)


          DIELECTRIC CONSTANT =  1.500


      INITIAL STERIC ENERGY IS     -0.1700 KCAL/MOL.

                  COMPRESSION       0.1546
                  BENDING           0.9344
                  BEND-BEND        -0.0035
                  STRETCH-BEND      0.0249
                  VANDERWAALS
                    1,4 ENERGY      2.9531
                    OTHER           0.3968
                  H-BONDING         0.0000
                  PI-COMPLX         0.0000

                  TORSIONAL        -1.2422
                  TORSION-STRETCH   0.0000
                  DIPOLE-DIPOLE    -3.3882
                  CHARGE-DIPOLE     0.0000
                  CHARGE-CHARGE     0.0000


      MOLECULAR POLARIZABILITIES (A**3)
        ALPHA(1)   =       8.40
        ALPHA(2)   =       7.16
        ALPHA(3)   =       5.40
        AVG. ALPHA =       6.99



      DIPOLE MOMENT =          1.571 D


      E (INDP/INDP) =          1.754 KCAL/MOLE
      DIPOLE MOMENT =          1.984 D (INCLUDES INDUCED BOND MOMENTS)
      *NOTE*  E (INDP/INDP) IS NOT INCLUDED IN THE INITIAL STERIC ENERGY

      CPU TIME FOR INITIAL CALCULATION IS     0.01 SECONDS.


1     Me-acetate-Z-lp                                             


     CONFORMATIONAL ENERGY, PART 2: GEOMETRY MINIMIZATION

               GEOMETRY OPTIMIZATION IS CONTINUED UNTIL ATOM
               MOVEMENT CONVERGES WITHIN FOLLOWING VALUES:

                         AVERAGE MOVEMENT  0.00010 A
                         MAXIMUM MOVEMENT  0.00099 A



     <<<<<<<<<<<<<<<<<<<<<<<<<<  C Y C L E   1 >>>>>>>>>>>>>>>>>>>>>>>>>>

                              (CH)-MOVEMENT = 1

       ITER    1   AVG. MOVE = 0.01104 A   (MAX MOVE : ATOM    6   0.07781 A)  
       ITER    2   AVG. MOVE = 0.00228 A   (MAX MOVE : ATOM    5   0.01394 A)  
       ITER    3   AVG. MOVE = 0.00068 A   (MAX MOVE : ATOM    1   0.00482 A)  
       ITER    4   AVG. MOVE = 0.00031 A   (MAX MOVE : ATOM    1   0.00312 A)  
       ITER    5   AVG. MOVE = 0.00012 A   (MAX MOVE : ATOM    9   0.00071 A)  
       ITER    6   AVG. MOVE = 0.00008 A   (MAX MOVE : ATOM   10   0.00043 A)  


     <<<<<<<<<<<<<<<<<<<<<<<<<<  C Y C L E   2 >>>>>>>>>>>>>>>>>>>>>>>>>>

                              (CH)-MOVEMENT = 0

       ITER    7   AVG. MOVE = 0.00004 A   (MAX MOVE : ATOM    9   0.00022 A)  


              * * * * * * * * * GEOMETRY IS OPTIMIZED * * * * * * * * *

               WITHIN : AVERAGE MOVEMENT  0.00004 A (LIMIT  0.00010 A)
                        MAXIMUM MOVEMENT  0.00022 A (LIMIT  0.00099 A)

               GRADIENT
                  RMS GRADIENT                0.005111 KCAL/MOL/A

                  MAX GRADIENT
                    X-DIRECTION : ATOM #   7   0.006684 KCAL/MOL/A
                    Y-DIRECTION : ATOM #   2   0.011633 KCAL/MOL/A
                    Z-DIRECTION : ATOM #   4   0.013090 KCAL/MOL/A

        DELTA TIME =    0.00 SEC.       TOTAL CPU TIME =      0.02 SEC.


                            =====================
                            FULL-MATRIX OPTIMIZER
                            =====================


     iter.  rms force   max force   avg. move    max move  atom  convg  d-time

        0    0.006833    0.023134   0.00046 A   0.00435 A    9    [N]     0.0s
        1    0.005430    0.021933   0.00000 A   0.00003 A    9    [N]     0.0s
        2    0.000027    0.000069                                 [Y]     0.0s


      TOTAL ENERGY IS     -0.8850 KCAL/MOL.

        COMPRESS    0.0279      VDW 1,4    2.6439      DIPL-DIPL   -3.3219
        BENDING     0.7203        OTHER    0.2723      CHRG-DIPL    0.0000
        STR-BEND    0.0270      TORSION   -1.2204      CHRG-CHRG    0.0000
        BEND-BEND  -0.0341      TOR-STR    0.0000      EPR          0.0000
        H-BONDING   0.0000      PI-CMPL    0.0000
0     DELTA(T) =     0.0 SEC.          ELAPSED TIME =     0.0 SEC.


    * * * ENERGY IS STATIONARY WITHIN RMS OF FORCES   0.00010  Kcal/mol/A * * *

                 * * * *  RMS FORCE IS   0.00003 Kcal/mol/A * * * *

1     Me-acetate-Z-lp                                             

               CHEMICAL FORMULA :  C(   3)  H(   6)  O(   2) 
               FORMULA WEIGHT   :     74.038
                                                               DATE : 31-MAY-23

           * M M 3 * * * * * * * * * * * 2 0 0 0 *
           *                                     *   PARAMETER RELIABILITY
           *                                     *
           *                                     *   BLANK = GOOD
           *                                     *       B = FAIR
           *                                     *       C = TRIAL
           *                                     *       R = READ IN
           *                                     *       S = SUBSTITUTED
           *                                     *       U = PARAMETER NOT EXIST
           *                                     *
           *                                     *   THIS IS SHOWN AT THE END 
           *                                     *   OF THE LINE.
           * * * * * * * * * * * * * * * * * * * * 


      CONFORMATIONAL ENERGY, PART 3:  GEOMETRY AND STERIC ENERGY
                                      OF FINAL CONFORMATION.

      CONNECTED ATOMS
         1-   2-   4-   5-

      ATTACHED ATOMS
         1-   9,   1-  10,   1-  11,   2-   3,   5-   6,   5-   7,   5-   8,

      FINAL ATOMIC COORDINATE
           ATOM         X           Y           Z       TYPE
         C(   1)     1.76446     0.62368     0.00000   (  1)
         C(   2)     0.47122    -0.12013     0.00000   (  3)
         O(   3)     0.35602    -1.32931     0.00000   ( 78)
         O(   4)    -0.59082     0.72687     0.00000   ( 75)
         C(   5)    -1.88907     0.10415     0.00000   (  1)
         H(   6)    -2.66879     0.88920     0.00000   (  5)
         H(   7)    -2.02574    -0.51842    -0.90536   (  5)
         H(   8)    -2.02574    -0.51842     0.90536   (  5)
         H(   9)     1.84722     1.27163    -0.89743   (  5)
         H(  10)     1.84722     1.27163     0.89743   (  5)
         H(  11)     2.62529    -0.07071     0.00000   (  5)


          DIELECTRIC CONSTANT =  1.500


      BOND LENGTHS AND STRETCHING ENERGY   (   10 BONDS)

        ENERGY = 71.94(KS)(DR)(DR)(1-(CS)(DR)+(7/12)((CS)(DR))**2)
                          DR = R-RO
                          CS =  2.550
                                                         R(0)-CORR        CORR
          BOND        LENGTH   R(0)    K(S)  ENERGY   E-NEG   MISCEL       KS
    C(   1)- C(   2)  1.4919  1.4870  4.800  0.0081 -0.0220                     
    C(   1)- H(   9)  1.1100  1.1093  4.835  0.0001 -0.0064  0.0037  HY  0.085  
    C(   1)- H(  10)  1.1100  1.1093  4.835  0.0001 -0.0064  0.0037  HY  0.085  
    C(   1)- H(  11)  1.1060  1.1056  4.958  0.0001 -0.0064              0.208  
    C(   2)- O(   3)  1.2147  1.2140  9.800  0.0003                             
    C(   2)- O(   4)  1.3584  1.3538  6.000  0.0091                             
    O(   4)- C(   5)  1.4399  1.4350  5.700  0.0096  0.0220                     
    C(   5)- H(   6)  1.1065  1.1065  4.929  0.0000 -0.0055              0.179  
    C(   5)- H(   7)  1.1072  1.1065  4.929  0.0002 -0.0055              0.179  
    C(   5)- H(   8)  1.1072  1.1065  4.929  0.0002 -0.0055              0.179  


      NON-BONDED DISTANCES, VDW AND EPR ENERGY   (     29 PAIRS)

              E(VDW) = KV*(1.84(10**5)EXP(-12.00/P) - 2.25(P**6))
              E(EPR) = C*KV*(1.84(10**5)EXP(-12.00/Q) - 2.25(Q**6))
              E(HBD) = EP1-EP2*COS(THETA)*RTH/RTH0
                            EP1 = KHB*1.84(10**5)*EXP(-12.0/P)
                            EP2 = KHB*2.25(P**6)

            IF P > 3.020, THEN,
              E(VDW) = KV(192.270)(P**2)
              E(HBD) = EP1-EP2*COS(THETA)*RTH/RTH0
                            EP1 = KHB*(192.270*P**2+1706.96)
                            EP2 = KHB*1706.96

               WHERE   RV = RVDW(I) + RVDW(K)
                       KV = SQRT(EPS(I)*EPS(K))
                      KHB = EPS/DIELEC  FOR HYDROGEN BOND
                        P = (RV/R) OR (RV/R#)
                        C = SCALE FACTOR
                        Q = RV/R, WHERE R IS MODIFIED DISTANCE
                    THETA = ANGLE H-X-Y IN HYDROGEN BOND X-H...Y
                      RTH = BOND LENGTH X-H IN X-H...Y
                     RTH0 = NATURAL BOND LENGTH X-H

          # IN THE VDW CALCULATIONS THE HYDROGEN ATOMS ARE RELOCATED
          SO THAT THE ATTACHED HYDROGEN DISTANCE IS REDUCED BY 0.923

          # IN THE VDW CALCULATIONS THE DEUTERIUM ATOMS ARE RELOCATED
          SO THAT THE ATTACHED DEUTERIUM DISTANCE IS REDUCED BY  0.923

         ATOM PAIR          R       R#       RV      KV       ENERGY
      C(   1), O(   3)   2.4079
      C(   1), O(   4)   2.3575
      C(   1), C(   5)   3.6903            4.080   0.0270    -0.0149  1,4       
      C(   1), H(   6)   4.4412   4.3780   3.560   0.0230    -0.0133            
      C(   1), H(   7)   4.0608   4.0226   3.560   0.0230    -0.0194            
      C(   1), H(   8)   4.0608   4.0226   3.560   0.0230    -0.0194            
      C(   2), C(   5)   2.3709
      C(   2), H(   6)   3.2982   3.2228   3.560   0.0335    -0.0189  1,4       
      C(   2), H(   7)   2.6857   2.6464   3.560   0.0335     0.3766  1,4       
      C(   2), H(   8)   2.6857   2.6464   3.560   0.0335     0.3766  1,4       
      C(   2), H(   9)   2.1531
      C(   2), H(  10)   2.1531
      C(   2), H(  11)   2.1546
      O(   3), O(   4)   2.2637
      O(   3), C(   5)   2.6637            3.860   0.0399     1.0287  1,4       
      O(   3), H(   6)   3.7512   3.6670   3.440   0.0344    -0.0351            
      O(   3), H(   7)   2.6739   2.6568   3.440   0.0344     0.2325            
      O(   3), H(   8)   2.6739   2.6568   3.440   0.0344     0.2325            
      O(   3), H(   9)   3.1295   3.0657   3.440   0.0344    -0.0110  1,4       
      O(   3), H(  10)   3.1295   3.0657   3.440   0.0344    -0.0110  1,4       
      O(   3), H(  11)   2.5949   2.5641   3.440   0.0344     0.3738  1,4       
      O(   4), H(   6)   2.0843
      O(   4), H(   7)   2.1046
      O(   4), H(   8)   2.1046
      O(   4), H(   9)   2.6545   2.6161   3.440   0.0344     0.2882  1,4       
      O(   4), H(  10)   2.6545   2.6161   3.440   0.0344     0.2882  1,4       
      O(   4), H(  11)   3.3135   3.2365   3.440   0.0344    -0.0325  1,4       
      C(   5), H(   9)   4.0160   3.9809   3.560   0.0230    -0.0202            
      C(   5), H(  10)   4.0160   3.9809   3.560   0.0230    -0.0202            
      C(   5), H(  11)   4.5178   4.4497   3.560   0.0230    -0.0123            
      H(   6), H(   7)   1.7929
      H(   6), H(   8)   1.7929
      H(   6), H(   9)   4.6202   4.5431   3.240   0.0200    -0.0057            
      H(   6), H(  10)   4.6202   4.5431   3.240   0.0200    -0.0057            
      H(   6), H(  11)   5.3804   5.2366   3.240   0.0200    -0.0025            
      H(   7), H(   8)   1.8107
      H(   7), H(   9)   4.2666   4.2110   3.240   0.0200    -0.0087            
      H(   7), H(  10)   4.6319   4.5279   3.240   0.0200    -0.0058            
      H(   7), H(  11)   4.7594   4.6720   3.240   0.0200    -0.0049            
      H(   8), H(   9)   4.6319   4.5279   3.240   0.0200    -0.0058            
      H(   8), H(  10)   4.2666   4.2110   3.240   0.0200    -0.0087            
      H(   8), H(  11)   4.7594   4.6720   3.240   0.0200    -0.0049            
      H(   9), H(  10)   1.7949
      H(   9), H(  11)   1.7924
      H(  10), H(  11)   1.7924


      BOND ANGLES, BENDING AND STRETCH-BEND ENERGIES   (   16 ANGLES)

          EB = 0.021914(KB)(DT)(DT)(1+CF*DT+QF*DT**2+PF*DT**3+SF*DT**4)
                          DT = THETA-TZERO
                          CF = -1400.000E-5
                          QF =     5.600E-5
                          PF =    -0.070E-5
                          SF =     0.022E-6
          ESB(J) = 2.51124(KSB(J))(DT)(DR1+DR2)
                          DR(I) = R(I) - R0(I)
          EBDBD  = -0.02191418(KBB1)(DT1)(KBB2)(DT2)

          A T O M S            THETA    TZERO     KB     EB     KSB    ESB
   C(   2)- C(   1)- H(   9)  110.834  109.490  0.540  0.0210  0.08  0.0015     
   C(   2)- C(   1)- H(  10)  110.834  109.490  0.540  0.0210  0.08  0.0015     
   C(   2)- C(   1)- H(  11)  111.203  109.490  0.540  0.0339  0.08  0.0018     
   H(   9)- C(   1)- H(  10)  107.901  107.800  0.550  0.0001                   
   H(   9)- C(   1)- H(  11)  107.967  107.800  0.550  0.0003                   
   H(  10)- C(   1)- H(  11)  107.967  107.800  0.550  0.0003                   
   C(   1)- C(   2)- O(   3)  125.347  123.500                 0.13  0.0033     
      IN-PLN    1-   2-   3   125.347  123.500  0.850  0.0619                   
      OUT-PL    2-   4-   2     0.000           1.700  0.0000                   
   C(   1)- C(   2)- O(   4)  111.521  110.300                 0.13  0.0038     
      IN-PLN    1-   2-   4   111.521  110.300  1.550  0.0498                   
      OUT-PL    2-   3-   2     0.022           0.650  0.0000                   
   O(   3)- C(   2)- O(   4)  123.131  121.500                 0.13  0.0028     
      IN-PLN    3-   2-   4   123.131  121.500  1.700  0.0969                   
      OUT-PL    2-   1-   2     0.000           0.590  0.0000                   
   C(   2)- O(   4)- C(   5)  115.801  112.800  1.250  0.2365  0.10  0.0072     
   O(   4)- C(   5)- H(   6)  109.180  108.700  0.820  0.0041  0.08  0.0005     
   O(   4)- C(   5)- H(   7)  110.761  108.700  0.820  0.0741  0.08  0.0023     
   O(   4)- C(   5)- H(   8)  110.761  108.700  0.820  0.0741  0.08  0.0023     
   H(   6)- C(   5)- H(   7)  108.177  107.800  0.550  0.0017                   
   H(   6)- C(   5)- H(   8)  108.177  107.800  0.550  0.0017                   
   H(   7)- C(   5)- H(   8)  109.707  107.800  0.550  0.0427                   


     DIHEDRAL ANGLES, TORSIONAL ENERGY (ET)   (   11 ANGLES)

           ET = (V1/2)(1+COS(W))+(V2/2)(1-COS(2W))+(V3/2)(1+COS(3W))

           ETS = -11.995*(R-R0)((KTS1/2)(1+COS(W))+
                                (KTS2/2)(1-COS(2W)+
                                (KTS3/2)(1+COS(3W))

           SIGN OF ANGLE A-B-C-D : WHEN LOOKING THROUGH B TOWARD C,
           IF D IS COUNTERCLOCKWISE FROM A, NEGATIVE.

         A T O M S               OMEGA    V1     V2     V3     ET   KTS3   ETS
 C(   1) C(   2) O(   4) C(   5)-180.0  1.050  7.500 -0.200  0.000              
 C(   2) O(   4) C(   5) H(   6)-180.0  0.010  0.000  0.000  0.000 0.100 0.000  
 C(   2) O(   4) C(   5) H(   7) -61.0  0.010  0.000  0.000  0.007 0.100 0.000  
 C(   2) O(   4) C(   5) H(   8)  61.0  0.010  0.000  0.000  0.007 0.100 0.000  
 O(   3) C(   2) C(   1) H(   9) 120.1 -0.154  0.044 -0.086 -0.091              
 O(   3) C(   2) C(   1) H(  10)-120.1 -0.154  0.044 -0.086 -0.091              
 O(   3) C(   2) C(   1) H(  11)   0.0 -0.154  0.044 -0.086 -0.240              
 O(   3) C(   2) O(   4) C(   5)   0.0 -2.660  7.500  0.200 -2.460              
 O(   4) C(   2) C(   1) H(   9) -59.9  0.250  0.850  0.000  0.824 0.100 0.000  
 O(   4) C(   2) C(   1) H(  10)  59.9  0.250  0.850  0.000  0.824 0.100 0.000  
 O(   4) C(   2) C(   1) H(  11) 180.0  0.250  0.850  0.000  0.000 0.100 0.000  

     DIPOLE-DIPOLE INTERACTION ENERGY  (DIELECTRIC CONSTANT = 1.50)

          E = 14.388*MU1*MU2*(COSX-3*COSA*COSB)/(R12**3*DIELC)

               MU1 = BOND MOM OF BOND 1
               MU2 = BOND MOM OF BOND 2
               R12 = DISTANCE BETWEEN MID-POINTS OF TWO BONDS.

        BOND(1)       MU1           BOND(2)       MU2      R12        E
   C(   1)- C(   2)  1.010   + O(   4)- C(   5) -1.770   2.3635    1.5177       
   C(   2)- O(   3)  1.860   + O(   4)- C(   5) -1.770   2.0086   -4.8396       


 ==============================================================================
                        NORMAL MODE VIBRATIONAL ANALYSIS
 ==============================================================================


             Molecular Shape : ASYMMETRIC ROTOR WITH KAPPA =-0.702361
        Symmetry Point Group : Cs  
             Symmetry Number :  1
                   Chirality :  no



0       FUNDAMENTAL NORMAL VIBRATIONAL FREQUENCIES
                ( THEORETICALLY  27 VALUES )

             Frequency :  in 1/cm
             A(i)      :  IR intensity (vs,s,m,w,vw,-- or in 10**6 cm/mole)
             A(i) = -- :  IR inactive


             no       Frequency   Symmetry      A(i)

             1.          3033.7     (A`  )        m
             2.          3031.0     (A`  )        m
             3.          3029.9     (A"  )        m
             4.          2998.7     (A"  )        m
             5.          2929.5     (A`  )        w
             6.          2912.5     (A`  )        m
             7.          1771.3     (A`  )       vs
             8.          1511.6     (A`  )        m
             9.          1467.0     (A"  )        w
            10.          1453.6     (A`  )        m
            11.          1436.1     (A"  )        w
            12.          1426.3     (A`  )        w
            13.          1414.7     (A`  )        m
            14.          1301.9     (A`  )        m
            15.          1139.4     (A`  )        m
            16.          1111.7     (A"  )       vw
            17.          1071.3     (A`  )        m
            18.           962.2     (A"  )        w
            19.           930.4     (A`  )        w
            20.           823.7     (A`  )        s
            21.           635.1     (A`  )        w
            22.           582.4     (A"  )        w
            23.           467.0     (A`  )        w
            24.           325.6     (A`  )        m
            25.           186.4     (A"  )        w
            26.           144.1     (A"  )        w
            27.            85.4     (A"  )        w
            28.     (       0.0)    (t/r )
            29.     (       0.0)    (t/r )
            30.     (       0.0)    (t/r )
            31.     (       0.0)    (t/r )
            32.     (       0.0)    (t/r )
            33.     (       0.0)    (t/r )


0       CORRESPONDING EIGEN VECTOR MATRIX   33 BY  33



 (  1)
     0.000    0.001    0.000   -0.001   -0.001    0.000    0.000    0.000
     0.000    0.000    0.001    0.000    0.041   -0.084    0.000   -0.565
     0.560    0.000    0.041    0.213    0.284    0.041    0.212   -0.284
     0.000   -0.002    0.002    0.000   -0.002   -0.002    0.006   -0.005
     0.000

 (  2)
     0.054   -0.075    0.000   -0.001    0.002    0.000    0.001    0.000
     0.000   -0.001   -0.001    0.000    0.000   -0.001    0.000   -0.006
     0.005    0.000    0.000    0.002    0.002    0.000    0.002   -0.002
     0.017    0.182   -0.227    0.017    0.182    0.227   -0.669    0.522
     0.000

 (  3)
     0.000    0.000    0.000    0.000    0.000    0.000    0.000    0.000
     0.000    0.000    0.000    0.000    0.000    0.000    0.094    0.000
     0.000   -0.018   -0.091   -0.368   -0.547    0.091    0.368   -0.547
     0.000    0.002   -0.002    0.000   -0.002   -0.002    0.000    0.000
     0.000

 (  4)
     0.000    0.000   -0.092    0.000    0.000    0.000    0.000    0.000
     0.000    0.000    0.000    0.000    0.000    0.000    0.000    0.000
     0.000    0.000    0.000   -0.002   -0.002    0.000    0.002   -0.002
    -0.063   -0.386    0.541    0.063    0.386    0.541    0.000    0.000
     0.019

 (  5)
     0.000    0.000    0.000   -0.001    0.000    0.000    0.000    0.000
     0.000    0.004    0.002    0.000   -0.052   -0.028    0.000    0.385
    -0.355    0.000    0.093    0.332    0.467    0.093    0.332   -0.467
     0.000   -0.001    0.002    0.000   -0.001   -0.002   -0.002    0.001
     0.000

 (  6)
     0.044    0.042    0.000   -0.004   -0.003    0.000    0.000    0.001
     0.000    0.001    0.000    0.000    0.000    0.000    0.000   -0.001
     0.001    0.000    0.000   -0.002   -0.002    0.000   -0.002    0.002
    -0.065   -0.368    0.490   -0.065   -0.368   -0.490   -0.350    0.258
     0.000

 (  7)
     0.024    0.037    0.000   -0.032   -0.241    0.000    0.016    0.117
     0.000   -0.011    0.044    0.000    0.002   -0.009    0.000    0.029
     0.014    0.000   -0.007   -0.010   -0.001   -0.007   -0.010    0.001
     0.012    0.028   -0.023    0.012    0.028    0.023   -0.047   -0.058
     0.000

 (  8)
     0.038    0.018    0.000   -0.106    0.018    0.000    0.014   -0.008
     0.000    0.089    0.012    0.000   -0.135   -0.064    0.000    0.210
     0.320    0.000    0.333    0.014   -0.162    0.333    0.014    0.162
    -0.052   -0.026   -0.051   -0.052   -0.026    0.051    0.016   -0.019
     0.000

 (  9)
     0.000    0.000    0.000    0.000    0.000    0.000    0.000    0.000
     0.001    0.000    0.000    0.017    0.000    0.000    0.031    0.000
     0.000   -0.645   -0.493    0.193   -0.005    0.493   -0.193   -0.005
     0.002   -0.001    0.000   -0.002    0.001    0.000    0.000    0.000
    -0.002

 ( 10)
     0.070    0.035    0.000   -0.142    0.014    0.000    0.019   -0.003
     0.000    0.055   -0.034    0.000    0.045    0.006    0.000   -0.344
    -0.411    0.000   -0.149    0.266   -0.145   -0.149    0.266    0.145
    -0.111   -0.074   -0.114   -0.111   -0.074    0.114    0.013   -0.055
     0.000

 ( 11)
     0.000    0.000   -0.050    0.000    0.000   -0.013    0.000    0.000
     0.000    0.000    0.000    0.000    0.000    0.000    0.000    0.000
     0.000   -0.002   -0.002    0.000    0.000    0.002    0.000    0.000
    -0.445    0.193    0.022    0.445   -0.193    0.022    0.000    0.000
     0.700

 ( 12)
    -0.026    0.046    0.000   -0.012   -0.002    0.000    0.000    0.002
     0.000   -0.002    0.006    0.000    0.009    0.011    0.000    0.056
     0.061    0.000   -0.041   -0.125    0.107   -0.041   -0.125   -0.107
     0.116   -0.467   -0.370    0.116   -0.467    0.370    0.184    0.344
     0.000

 ( 13)
    -0.080   -0.019    0.000    0.109   -0.023    0.000   -0.014    0.015
     0.000   -0.023    0.005    0.000   -0.031   -0.041    0.000   -0.112
    -0.127    0.000    0.151    0.383   -0.337    0.151    0.383    0.337
     0.178   -0.080   -0.007    0.178   -0.080    0.007    0.070    0.198
     0.000

 ( 14)
    -0.072   -0.055    0.000   -0.105   -0.004    0.000    0.021    0.016
     0.000    0.068   -0.003    0.000   -0.006    0.004    0.000   -0.075
    -0.066    0.000   -0.085   -0.080    0.072   -0.085   -0.080   -0.072
     0.376    0.153    0.216    0.376    0.153   -0.216    0.254    0.375
     0.000

 ( 15)
     0.004   -0.003    0.000    0.003   -0.009    0.000   -0.008    0.040
     0.000   -0.019   -0.099    0.000   -0.018    0.127    0.000   -0.350
    -0.192    0.000    0.446   -0.119    0.105    0.446   -0.119   -0.105
     0.008   -0.005   -0.001    0.008   -0.005    0.001    0.009    0.003
     0.000

 ( 16)
     0.000    0.000   -0.001    0.000    0.000    0.007    0.000    0.000
    -0.004    0.000    0.000   -0.055    0.000    0.000    0.129    0.000
     0.000   -0.385    0.414    0.325   -0.149   -0.414   -0.325   -0.149
     0.003    0.003    0.001   -0.003   -0.003    0.001    0.000    0.000
     0.004

 ( 17)
     0.060   -0.020    0.000   -0.092    0.010    0.000    0.011    0.001
     0.000   -0.132   -0.051    0.000    0.121    0.012    0.000    0.356
     0.238    0.000    0.121    0.143   -0.088    0.121    0.143    0.088
     0.024    0.041    0.042    0.024    0.041   -0.042    0.212    0.163
     0.000

 ( 18)
     0.000    0.000   -0.124    0.000    0.000    0.110    0.000    0.000
    -0.015    0.000    0.000   -0.009    0.000    0.000   -0.003    0.000
     0.000    0.010   -0.013   -0.008    0.004    0.013    0.008    0.004
     0.422    0.308    0.137   -0.422   -0.308    0.137    0.000    0.000
     0.277

 ( 19)
    -0.023    0.125    0.000   -0.037   -0.009    0.000   -0.002   -0.075
     0.000   -0.017   -0.006    0.000    0.033    0.013    0.000    0.048
     0.026    0.000    0.057    0.020   -0.007    0.057    0.020    0.007
     0.430    0.012   -0.041    0.430    0.012    0.041   -0.407   -0.352
     0.000

 ( 20)
    -0.076   -0.024    0.000    0.005    0.049    0.000   -0.007    0.136
     0.000    0.057   -0.138    0.000    0.025   -0.016    0.000    0.222
     0.181    0.000   -0.137    0.053   -0.022   -0.137    0.053    0.022
     0.017   -0.076   -0.026    0.017   -0.076    0.026   -0.219   -0.203
     0.000

 ( 21)
    -0.148   -0.091    0.000   -0.061    0.007    0.000    0.116   -0.009
     0.000   -0.005    0.084    0.000    0.076    0.021    0.000    0.007
    -0.051    0.000    0.155    0.002    0.001    0.155    0.002   -0.001
    -0.142   -0.116   -0.015   -0.142   -0.116    0.015   -0.207   -0.163
     0.000

 ( 22)
     0.000    0.000    0.000    0.000    0.000   -0.229    0.000    0.000
     0.081    0.000    0.000    0.073    0.000    0.000    0.000    0.000
     0.000   -0.039    0.056    0.024   -0.026   -0.056   -0.024   -0.026
     0.214    0.127    0.115   -0.214   -0.127    0.115    0.000    0.000
     0.144

 ( 23)
    -0.099    0.089    0.000    0.003   -0.054    0.000   -0.103   -0.055
     0.000    0.092   -0.014    0.000    0.118    0.010    0.000    0.136
     0.026    0.000    0.113    0.017   -0.004    0.113    0.017    0.004
    -0.221    0.119    0.007   -0.221    0.119   -0.007    0.014    0.237
     0.000

 ( 24)
     0.042   -0.047    0.000   -0.020    0.060    0.000   -0.112    0.073
     0.000   -0.002    0.069    0.000    0.088   -0.132    0.000   -0.043
    -0.264    0.000    0.183   -0.157    0.001    0.183   -0.157   -0.001
     0.108   -0.060   -0.002    0.108   -0.060    0.002   -0.027   -0.134
     0.000

 ( 25)
     0.000    0.000    0.094    0.000    0.000   -0.052    0.000    0.000
    -0.012    0.000    0.000   -0.162    0.000    0.000    0.109    0.000
     0.000    0.326   -0.203    0.038    0.114    0.203   -0.038    0.114
     0.078    0.059    0.144   -0.078   -0.059    0.144    0.000    0.000
     0.128

 ( 26)
     0.000    0.000   -0.036    0.000    0.000    0.019    0.000    0.000
     0.057    0.000    0.000    0.010    0.000    0.000   -0.045    0.000
     0.000    0.477   -0.149    0.445   -0.329    0.149   -0.445   -0.329
    -0.034   -0.008   -0.045    0.034    0.008   -0.045    0.000    0.000
    -0.063

 ( 27)
     0.000    0.000   -0.012    0.000    0.000    0.008    0.000    0.000
     0.046    0.000    0.000   -0.024    0.000    0.000   -0.019    0.000
     0.000   -0.067    0.015   -0.040    0.006   -0.015    0.040    0.006
    -0.237    0.424    0.272    0.237   -0.424    0.272    0.000    0.000
    -0.561

 ( 28)
     0.031   -0.097   -0.023   -0.019   -0.009   -0.046   -0.101   -0.001
    -0.077    0.038    0.063   -0.030   -0.004    0.152   -0.050    0.049
     0.205   -0.034   -0.043    0.183   -0.066   -0.050    0.139   -0.066
     0.079   -0.080   -0.007    0.072   -0.124   -0.007   -0.016   -0.155
    -0.037

 ( 29)
     0.046   -0.099   -0.043    0.043   -0.093   -0.039    0.037   -0.092
    -0.004    0.047   -0.088   -0.079    0.044   -0.081   -0.079    0.048
    -0.077   -0.114    0.054   -0.108   -0.063    0.028   -0.053   -0.063
     0.063   -0.127   -0.061    0.037   -0.073   -0.061    0.043   -0.104
    -0.010

 ( 30)
     0.074   -0.075    0.007    0.050   -0.033    0.062    0.011   -0.029
     0.083    0.077    0.002    0.086    0.057    0.044    0.140    0.083
     0.069    0.156    0.006    0.035    0.154    0.068    0.061    0.154
     0.064   -0.090   -0.005    0.126   -0.065   -0.005    0.051   -0.103
    -0.013

 ( 31)
     0.081    0.064    0.080    0.086    0.056    0.014    0.094    0.055
    -0.005    0.080    0.048   -0.025    0.084    0.040   -0.090    0.079
     0.034   -0.116    0.129    0.049   -0.103    0.048    0.029   -0.103
     0.116    0.075    0.090    0.036    0.055    0.090    0.085    0.070
     0.111

 ( 32)
    -0.023   -0.026    0.064   -0.035   -0.005    0.070   -0.054   -0.003
     0.182   -0.021    0.012   -0.066   -0.031    0.033   -0.072   -0.018
     0.045   -0.188    0.005   -0.053   -0.019   -0.087    0.123   -0.019
     0.034   -0.115    0.006   -0.059    0.060    0.006   -0.034   -0.039
     0.176

 ( 33)
    -0.015   -0.051    0.184   -0.019   -0.044    0.054   -0.026   -0.043
    -0.065   -0.014   -0.038    0.086   -0.018   -0.030   -0.032   -0.013
    -0.025    0.006    0.020    0.056   -0.097   -0.063   -0.115   -0.097
     0.030    0.033    0.249   -0.052   -0.137    0.249   -0.019   -0.056
     0.157


 ==============================================================================
                      STATISTICAL THERMODYNAMICS ANALYSIS
 ==============================================================================

  Structure name    : Me-acetate-Z-lp                                             
  Temperature       :   298.16 K
  Symmetry number   :   1
  Optical isomers   :   1
  Zero Point Energy :   54.584 Kcal/mol


                     ENERGY   ENTHALPY    ENTROPY  FREE ENERGY   HEAT CAPACITY
                  (Kcal/mol) (Kcal/mol)     (eu)   (Kcal/mol)    (cal/mol/deg)
  Translational       0.889      1.481     38.805    -10.089         4.967
     Rotational       0.889      0.889     25.326     -6.663         2.980
    Vibrational      56.613%    56.613%    12.396*    52.917%       13.718*
      Potential      -0.885#    -0.885#     0.000     -0.885#        0.000
         Mixing       0.000      0.000      0.000      0.000         0.000
          Total      57.505     58.098     76.527     35.280        21.666

  Enthalpy Function (H-Ho)/T     =   14.75 cal/mol/deg
  Free Energy Function -(G-Ho)/T =   61.77 cal/mol/deg

  % Includes zero point energy (ZPE).
  * Excludes contribution from frequencies lower than 40 (1/cm).
  # Includes steric energy (SE).
    Internal rotation contributions are not considered

  This structure has   0 imaginary frequencies,
                       0 free internal rotation (fir) frequencies
                         (>= 0,< 10 /cm),
                       0 restricted internal rotation (rir) frequencies
                         (>= 10,< 40 /cm),
                       6 zero frequencies, and
                      27 real frequencies.


      FINAL STERIC ENERGY IS     -0.8850 KCAL/MOL.


                COMPRESSION       0.0279
                BENDING           0.7203
                BEND-BEND        -0.0341
                STRETCH-BEND      0.0270
                VANDERWAALS
                  1,4 ENERGY      2.6439
                  OTHER           0.2723
                H-BONDING         0.0000
                PI-COMPLX         0.0000

                TORSIONAL        -1.2204
                TORSION-STRETCH   0.0000
                DIPOLE-DIPOLE    -3.3219
                CHARGE-DIPOLE     0.0000
                CHARGE-CHARGE     0.0000

      -----------------------------------------------------------------

      COORDINATES TRANSLATED TO NEW ORIGIN WHICH IS CENTER OF MASS
         C(   1)     1.76446     0.62368     0.00000   (  1)
         C(   2)     0.47122    -0.12013     0.00000   (  3)
         O(   3)     0.35602    -1.32931     0.00000   ( 78)
         O(   4)    -0.59082     0.72687     0.00000   ( 75)
         C(   5)    -1.88907     0.10415     0.00000   (  1)
         H(   6)    -2.66879     0.88920     0.00000   (  5)
         H(   7)    -2.02574    -0.51842    -0.90536   (  5)
         H(   8)    -2.02574    -0.51842     0.90536   (  5)
         H(   9)     1.84722     1.27163    -0.89743   (  5)
         H(  10)     1.84722     1.27163     0.89743   (  5)
         H(  11)     2.62529    -0.07071     0.00000   (  5)

      MOMENT OF INERTIA WITH THE PRINCIPAL AXES

          (1)  UNIT = 10**(-39) GM*CM**2
               IX=    8.2297    IY=   20.4245    IZ=   27.5663

          (2)  UNIT = AU A**2
               IX=   49.5660    IY=  123.0129    IZ=  166.0266



      MOLECULAR POLARIZABILITIES (A**3)
        ALPHA(1)   =       8.34
        ALPHA(2)   =       7.19
        ALPHA(3)   =       5.41
        AVG. ALPHA =       6.98



      DIPOLE MOMENT =          1.580 D


        COMPONENTS WITH PRINCIPAL AXES

                          X =  0.4502    Y = -1.5149    Z =  0.0000


      E (INDP/INDP) =          1.678 KCAL/MOLE
      DIPOLE MOMENT =          1.980 D (INCLUDES INDUCED BOND MOMENTS)
      *NOTE*  E (INDP/INDP) IS NOT INCLUDED IN THE FINAL STERIC ENERGY

        COMPONENTS WITH PRINCIPAL AXES

                          X = -1.3105    Y = -1.4844    Z =  0.0000



      TOTAL ATOMIC CHARGE ON EACH ATOM (in ELECTRON CHARGE)

           C(    1):          0.098
           C(    2):          0.257
           O(    3):         -0.277
           O(    4):         -0.231
           C(    5):          0.101
           H(    6):          0.001
           H(    7):          0.002
           H(    8):          0.002
           H(    9):          0.016
           H(   10):          0.016
           H(   11):          0.015

      -----------------------------------------------------------------

        END OF Me-acetate-Z-lp                                             


           TOTAL CPU TIME IS      0.03 SECONDS.

           THIS JOB COMPLETED AT    10:38:23
