                      Atom    1 should be a PI atom
                      Atom    2 should be a PI atom
                      Atom    3 should be a PI atom
1
               ---------------------------------------------
               WARNING : INCORRECT ATOM TYPES GIVEN IN INPUT
                         DATA ARE CORRECTED AS FOLLOWS
               ---------------------------------------------


             Atom type of atom    1 is replaced by   2 (was   0)
             Atom type of atom    2 is replaced by   2 (was   0)
             Atom type of atom    3 is replaced by  41 (was   0)
             Atom type of atom    4 is replaced by   1 (was   0)
             Atom type of atom    5 is replaced by   5 (was   0)
             Atom type of atom    6 is replaced by   5 (was   0)
             Atom type of atom    7 is replaced by   5 (was   0)
             Atom type of atom    8 is replaced by   5 (was   0)
             Atom type of atom    9 is replaced by   5 (was   0)
             Atom type of atom   10 is replaced by   5 (was   0)
1     me-vinylether-g                                             

               CHEMICAL FORMULA :  C(   3)  H(   6)  O(   1) 
               FORMULA WEIGHT   :     58.043
                                                               DATE 31-MAY-23
                                                               TIME  10:57:42


          THE COORDINATES OF   10 ATOMS ARE READ IN.
          SOME CONSTANTS WILL BE READ IN.

      CONFORMATIONAL ENERGY, PART 1:  GEOMETRY AND STERIC ENERGY
                                      OF INITIAL CONFORMATION.


      CONNECTED ATOMS
         1-   2-   3-   4-

      ATTACHED ATOMS
         1-   5,   1-   6,   2-   7,   4-   8,   4-   9,   4-  10,

      INITIAL ATOMIC COORDINATES
           ATOM         X           Y           Z       TYPE
         C(   1)    -1.32462     0.63326     0.65619   (  2) PI-ATOM
         C(   2)    -0.64149    -0.43549     0.24318   (  2) PI-ATOM
         O(   3)     0.72337    -0.47260     0.22496   ( 41) PI-ATOM
         C(   4)     1.29857     0.41168    -0.75219   (  1)
         H(   5)    -1.58827     1.45091    -0.03546   (  5)
         H(   6)    -1.64511     0.72141     1.70822   (  5)
         H(   7)    -1.15873    -1.32444    -0.15665   (  5)
         H(   8)     2.05167     1.03818    -0.23613   (  5)
         H(   9)     1.77946    -0.21392    -1.52909   (  5)
         H(  10)     0.50550     1.03998    -1.19628   (  5)

      VESCF CALCULATION FOR PLANAR SYSTEM

           ITER  1 VO=  -2.939940( -1845.43KCAL/MOL)
           ITER  2 VO=  -2.938021( -1844.23KCAL/MOL)     DIFF =   0.001919
           ITER  3 VO=  -2.937216( -1843.72KCAL/MOL)     DIFF =   0.000805
           ITER  4 VO=  -2.936966( -1843.56KCAL/MOL)     DIFF =   0.000250
           ITER  5 VO=  -2.936887( -1843.51KCAL/MOL)     DIFF =   0.000079
           ITER  6 VO=  -2.936863( -1843.50KCAL/MOL)     DIFF =   0.000025
           ITER  7 VO=  -2.936855( -1843.49KCAL/MOL)     DIFF =   0.000007

                VESCF SEQUENCE REQUIRES   0.00 SECONDS.


          DIELECTRIC CONSTANT =  1.500


      INITIAL STERIC ENERGY IS     58.7869 KCAL/MOL.

                  COMPRESSION       0.2807
                  BENDING           1.8382
                  BEND-BEND        -0.0431
                  STRETCH-BEND      0.0750
                  VANDERWAALS
                    1,4 ENERGY      2.1050
                    OTHER           0.3523
                  H-BONDING         0.0000
                  PI-COMPLX         0.0000

                  TORSIONAL        52.4732
                  TORSION-STRETCH   0.0000
                  DIPOLE-DIPOLE     1.7056
                  CHARGE-DIPOLE     0.0000
                  CHARGE-CHARGE     0.0000


      MOLECULAR POLARIZABILITIES (A**3)
        ALPHA(1)   =       7.23
        ALPHA(2)   =       6.56
        ALPHA(3)   =       5.43
        AVG. ALPHA =       6.41



      DIPOLE MOMENT =          1.329 D


        PI-DIPOLE MOMENT    =  0.5076

        SIGMA-DIPOLE MOMENT =  1.5052


      PLANAR
      ------
      F-MATRIX
       -0.19884 -0.21497 -0.00433
       -0.20836 -0.15718
       -0.65977

      H-CORE MATRIX
       -1.09589 -0.07664 -0.02666
       -1.32955 -0.12094
       -1.88357

      GAMMA MATRIX
        0.40542  0.28444  0.20644
        0.41070  0.31513
        0.71364

      MOLECULAR ORBITALS
        0.15135  0.34809  0.92516
        0.72098  0.60141 -0.34423
        0.67622 -0.71913  0.15994

      EIGENVALUES
       -0.71963 -0.37609  0.02874

      DENSITY MATRIX
        1.08544
        0.97258  0.96572
       -0.21631  0.23003  1.94884

      ELECTRON DENSITIES
         1.0854   0.9657   1.9488

      ORIGINAL EFFECTIVE NUCLEAR CHARGES
        3.25000  3.25000  4.55000

      FINAL EFFECTIVE NUCLEAR CHARGES
        3.22009  3.26200  4.56791

      BOND ORDERS  (P) AND RESONANCE INTEGRALS (B) FOR PI-BONDS
           BOND        P(W)      P(0)      B(0)     P*B(0)
           1-   2    0.9726    0.9726    1.0154    0.9875
           2-   3    0.2300    0.2300    1.6022    0.3685

      BOND ENERGY FROM VESCF CALCULATION(KCAL/MOL)
           SIGMA-BOND   -110.08
           PI-BOND       -64.53
           TOTAL ENERGY -174.62

      CPU TIME FOR INITIAL CALCULATION IS     0.01 SECONDS.


1     me-vinylether-g                                             


     CONFORMATIONAL ENERGY, PART 2: GEOMETRY MINIMIZATION

                            =====================
                            FULL-MATRIX OPTIMIZER
                            =====================


     iter.  rms force   max force   avg. move    max move  atom  convg  d-time

        0    6.711555   17.779583   0.00725 A   0.05000 A    7    [N]     0.0s
        1    3.149431    8.153749   0.00719 A   0.04737 A   10    [N]     0.0s
        2    0.193492    0.481631   0.00123 A   0.00976 A   10    [N]     0.0s
        3    0.009756    0.019543   0.00014 A   0.00111 A   10    [N]     0.0s
        4    0.000114    0.000257   0.00000 A   0.00001 A   10    [N]     0.0s
        5    0.000028    0.000090                                 [Y]     0.0s


      TOTAL ENERGY IS     57.5392 KCAL/MOL.

        COMPRESS    0.0484      VDW 1,4    1.7841      DIPL-DIPL    1.6915
        BENDING     1.3893        OTHER    0.1069      CHRG-DIPL    0.0000
        STR-BEND    0.0418      TORSION   52.5568      CHRG-CHRG    0.0000
        BEND-BEND  -0.0797      TOR-STR    0.0000      EPR          0.0000
        H-BONDING   0.0000      PI-CMPL    0.0000
0     DELTA(T) =     0.0 SEC.          ELAPSED TIME =     0.0 SEC.


    * * * ENERGY IS STATIONARY WITHIN RMS OF FORCES   0.00010  Kcal/mol/A * * *

                 * * * *  RMS FORCE IS   0.00003 Kcal/mol/A * * * *



          ---------------------------------------------------------------
            BECAUSE OF BIG MOVEMENT DURING THE MINIMIZATION SEQUENCE
                  ANOTHER VESCF-MINIMIZATION CYCLE MUST BE DONE
                        TO INSURE COMPLETE CONVERGENCE.
          ---------------------------------------------------------------


      VESCF CALCULATION FOR PLANAR SYSTEM

           ITER  1 VO=  -2.936445( -1843.24KCAL/MOL)
           ITER  2 VO=  -2.936796( -1843.46KCAL/MOL)     DIFF =   0.000351
           ITER  3 VO=  -2.936904( -1843.52KCAL/MOL)     DIFF =   0.000108
           ITER  4 VO=  -2.936937( -1843.54KCAL/MOL)     DIFF =   0.000033
           ITER  5 VO=  -2.936948( -1843.55KCAL/MOL)     DIFF =   0.000011
           ITER  6 VO=  -2.936951( -1843.55KCAL/MOL)     DIFF =   0.000003

                VESCF SEQUENCE REQUIRES   0.00 SECONDS.

                            =====================
                            FULL-MATRIX OPTIMIZER
                            =====================


     iter.  rms force   max force   avg. move    max move  atom  convg  d-time

        0    0.203348    0.746254   0.00120 A   0.00619 A    7    [N]     0.0s
        1    0.002909    0.005404   0.00000 A   0.00003 A   10    [N]     0.0s
        2    0.000030    0.000087                                 [Y]     0.0s


      TOTAL ENERGY IS     57.4101 KCAL/MOL.

        COMPRESS    0.0482      VDW 1,4    1.7882      DIPL-DIPL    1.6948
        BENDING     1.3839        OTHER    0.0994      CHRG-DIPL    0.0000
        STR-BEND    0.0415      TORSION   52.4336      CHRG-CHRG    0.0000
        BEND-BEND  -0.0797      TOR-STR    0.0000      EPR          0.0000
        H-BONDING   0.0000      PI-CMPL    0.0000
0     DELTA(T) =     0.0 SEC.          ELAPSED TIME =     0.0 SEC.


    * * * ENERGY IS STATIONARY WITHIN RMS OF FORCES   0.00010  Kcal/mol/A * * *

                 * * * *  RMS FORCE IS   0.00003 Kcal/mol/A * * * *

1     me-vinylether-g                                             

               CHEMICAL FORMULA :  C(   3)  H(   6)  O(   1) 
               FORMULA WEIGHT   :     58.043
                                                               DATE : 31-MAY-23

           * M M 3 * * * * * * * * * * * 2 0 0 0 *
           *                                     *   PARAMETER RELIABILITY
           *                                     *
           *                                     *   BLANK = GOOD
           *                                     *       B = FAIR
           *                                     *       C = TRIAL
           *                                     *       R = READ IN
           *                                     *       S = SUBSTITUTED
           *                                     *       U = PARAMETER NOT EXIST
           *                                     *
           *                                     *   THIS IS SHOWN AT THE END 
           *                                     *   OF THE LINE.
           * * * * *  P I - S Y S T E M  * * * * * 


      CONFORMATIONAL ENERGY, PART 3:  GEOMETRY AND STERIC ENERGY
                                      OF FINAL CONFORMATION.

      CONNECTED ATOMS
         1-   2-   3-   4-

      ATTACHED ATOMS
         1-   5,   1-   6,   2-   7,   4-   8,   4-   9,   4-  10,

      FINAL ATOMIC COORDINATE
           ATOM         X           Y           Z       TYPE  PI #
         C(   1)     1.57110    -0.46042     0.10157   (  2)    1
         C(   2)     0.66939     0.45496    -0.27404   (  2)    2
         O(   3)    -0.57268     0.56738     0.25974   ( 41)    3
         C(   4)    -1.44655    -0.50892    -0.08346   (  1)
         H(   5)     1.60139    -1.45281    -0.37119   (  5)
         H(   6)     2.30274    -0.22856     0.88893   (  5)
         H(   7)     0.81278     1.18327    -1.07989   (  5)
         H(   8)    -1.84736    -0.97097     0.84540   (  5)
         H(   9)    -2.30066    -0.11607    -0.67775   (  5)
         H(  10)    -0.93323    -1.29465    -0.68030   (  5)

      PLANAR
      ------
      F-MATRIX
       -0.19852 -0.21395 -0.00329
       -0.20855 -0.15951
       -0.66064

      H-CORE MATRIX
       -1.09262 -0.07604 -0.02591
       -1.33156 -0.12236
       -1.88407

      GAMMA MATRIX
        0.40532  0.28393  0.20523
        0.41071  0.31637
        0.71376

      MOLECULAR ORBITALS
        0.14891  0.34974  0.92494
        0.72233  0.60033 -0.34328
        0.67532 -0.71923  0.16323

      EIGENVALUES
       -0.72148 -0.37477  0.02854

      DENSITY MATRIX
        1.08787
        0.97143  0.96541
       -0.22047  0.23480  1.94671

      ELECTRON DENSITIES
         1.0879   0.9654   1.9467

      ORIGINAL EFFECTIVE NUCLEAR CHARGES
        3.25000  3.25000  4.55000

      FINAL EFFECTIVE NUCLEAR CHARGES
        3.21924  3.26210  4.56865

      BOND ORDERS  (P) AND RESONANCE INTEGRALS (B) FOR PI-BONDS
           BOND        P(W)      P(0)      B(0)     P*B(0)
           1-   2    0.9714    0.9714    1.0074    0.9786
           2-   3    0.2348    0.2348    1.6211    0.3806

      BOND ENERGY FROM VESCF CALCULATION(KCAL/MOL)
           SIGMA-BOND   -109.68
           PI-BOND       -64.59
           TOTAL ENERGY -174.28


          DIELECTRIC CONSTANT =  1.500


      BOND LENGTHS AND STRETCHING ENERGY   (    9 BONDS)

        ENERGY = 71.94(KS)(DR)(DR)(1-(CS)(DR)+(7/12)((CS)(DR))**2)
                          DR = R-RO
                          CS =  2.550
                                                         R(0)-CORR        CORR
          BOND        LENGTH   R(0)    K(S)  ENERGY   E-NEG   MISCEL       KS
    C(   1)- C(   2)  1.3387  1.3369  7.419  0.0018                             
    C(   1)- H(   5)  1.0997  1.0990  5.150  0.0002 -0.0020                     
    C(   1)- H(   6)  1.0995  1.0990  5.150  0.0001 -0.0020                     
    C(   2)- O(   3)  1.3566  1.3496  5.925  0.0203                             
    C(   2)- H(   7)  1.0956  1.0960  5.150  0.0001 -0.0050                     
    O(   3)- C(   4)  1.4282  1.4200  5.400  0.0258                             
    C(   4)- H(   8)  1.1122  1.1120  4.750  0.0000                             
    C(   4)- H(   9)  1.1122  1.1120  4.750  0.0000                             
    C(   4)- H(  10)  1.1122  1.1120  4.750  0.0000                             


      NON-BONDED DISTANCES, VDW AND EPR ENERGY   (     23 PAIRS)

              E(VDW) = KV*(1.84(10**5)EXP(-12.00/P) - 2.25(P**6))
              E(EPR) = C*KV*(1.84(10**5)EXP(-12.00/Q) - 2.25(Q**6))
              E(HBD) = EP1-EP2*COS(THETA)*RTH/RTH0
                            EP1 = KHB*1.84(10**5)*EXP(-12.0/P)
                            EP2 = KHB*2.25(P**6)

            IF P > 3.020, THEN,
              E(VDW) = KV(192.270)(P**2)
              E(HBD) = EP1-EP2*COS(THETA)*RTH/RTH0
                            EP1 = KHB*(192.270*P**2+1706.96)
                            EP2 = KHB*1706.96

               WHERE   RV = RVDW(I) + RVDW(K)
                       KV = SQRT(EPS(I)*EPS(K))
                      KHB = EPS/DIELEC  FOR HYDROGEN BOND
                        P = (RV/R) OR (RV/R#)
                        C = SCALE FACTOR
                        Q = RV/R, WHERE R IS MODIFIED DISTANCE
                    THETA = ANGLE H-X-Y IN HYDROGEN BOND X-H...Y
                      RTH = BOND LENGTH X-H IN X-H...Y
                     RTH0 = NATURAL BOND LENGTH X-H

          # IN THE VDW CALCULATIONS THE HYDROGEN ATOMS ARE RELOCATED
          SO THAT THE ATTACHED HYDROGEN DISTANCE IS REDUCED BY 0.923

          # IN THE VDW CALCULATIONS THE DEUTERIUM ATOMS ARE RELOCATED
          SO THAT THE ATTACHED DEUTERIUM DISTANCE IS REDUCED BY  0.923

         ATOM PAIR          R       R#       RV      KV       ENERGY
      C(   1), O(   3)   2.3827
      C(   1), C(   4)   3.0237            4.000   0.0389     0.3534  1,4       
      C(   1), H(   7)   2.1616
      C(   1), H(   8)   3.5355   3.4862   3.580   0.0335    -0.0365            
      C(   1), H(   9)   3.9644   3.8888   3.580   0.0335    -0.0324            
      C(   1), H(  10)   2.7530   2.7589   3.580   0.0335     0.2337            
      C(   2), C(   4)   2.3329
      C(   2), H(   5)   2.1255
      C(   2), H(   6)   2.1184
      C(   2), H(   8)   3.1017   3.0349   3.580   0.0335     0.0323  1,4       
      C(   2), H(   9)   3.0513   2.9874   3.580   0.0335     0.0528  1,4       
      C(   2), H(  10)   2.4072   2.3832   3.580   0.0335     1.2248  1,4       
      O(   3), H(   5)   3.0341   2.9746   3.440   0.0344     0.0120  1,4       
      O(   3), H(   6)   3.0492   2.9888   3.440   0.0344     0.0077  1,4       
      O(   3), H(   7)   2.0232
      O(   3), H(   8)   2.0819
      O(   3), H(   9)   2.0813
      O(   3), H(  10)   2.1168
      C(   4), H(   5)   3.2037   3.1767   3.560   0.0230    -0.0079            
      C(   4), H(   6)   3.8835   3.8129   3.560   0.0230    -0.0232            
      C(   4), H(   7)   2.9935   2.9334   3.560   0.0230     0.0496  1,4       
      H(   5), H(   6)   1.8917
      H(   5), H(   7)   2.8413   2.7148   3.240   0.0200     0.0281  1,4       
      H(   5), H(   8)   3.6886   3.6180   3.240   0.0200    -0.0176            
      H(   5), H(   9)   4.1360   4.0374   3.240   0.0200    -0.0108            
      H(   5), H(  10)   2.5583   2.5931   3.240   0.0200     0.0770            
      H(   6), H(   7)   2.8442   2.7170   3.240   0.0200     0.0275  1,4       
      H(   6), H(   8)   4.2162   4.1213   3.240   0.0200    -0.0098            
      H(   6), H(   9)   4.8640   4.7143   3.240   0.0200    -0.0046            
      H(   6), H(  10)   3.7511   3.6712   3.240   0.0200    -0.0167            
      H(   7), H(   8)   3.9273   3.7841   3.240   0.0200    -0.0147            
      H(   7), H(   9)   3.3976   3.3154   3.240   0.0200    -0.0221            
      H(   7), H(  10)   3.0575   2.9786   3.240   0.0200    -0.0150            
      H(   8), H(   9)   1.8045
      H(   8), H(  10)   1.8078
      H(   9), H(  10)   1.8052


      BOND ANGLES, BENDING AND STRETCH-BEND ENERGIES   (   13 ANGLES)

          EB = 0.021914(KB)(DT)(DT)(1+CF*DT+QF*DT**2+PF*DT**3+SF*DT**4)
                          DT = THETA-TZERO
                          CF = -1400.000E-5
                          QF =     5.600E-5
                          PF =    -0.070E-5
                          SF =     0.022E-6
          ESB(J) = 2.51124(KSB(J))(DT)(DR1+DR2)
                          DR(I) = R(I) - R0(I)
          EBDBD  = -0.02191418(KBB1)(DT1)(KBB2)(DT2)

          A T O M S            THETA    TZERO     KB     EB     KSB    ESB
   C(   2)- C(   1)- H(   5)  120.998  120.500                 0.08  0.0003     
      IN-PLN    2-   1-   5   120.998  120.500  0.490  0.0026                   
      OUT-PL    1-   6-   1     0.118           0.110  0.0000                   
   C(   2)- C(   1)- H(   6)  120.327  120.500                 0.08 -0.0001     
      IN-PLN    2-   1-   6   120.328  120.500  0.490  0.0003                   
      OUT-PL    1-   5-   1     0.116           0.110  0.0000                   
   H(   5)- C(   1)- H(   6)  118.674  119.000
      IN-PLN    5-   1-   6   118.674  119.000  0.450  0.0011                   
      OUT-PL    1-   2-   1     0.096           0.200  0.0000                   
   C(   1)- C(   2)- O(   3)  124.262  120.800                 0.13  0.0099     
      IN-PLN    1-   2-   3   124.279  120.800  1.050  0.2651                   
      OUT-PL    2-   7-   2     0.870           0.110  0.0018                   
   C(   1)- C(   2)- H(   7)  124.943  120.000                 0.08  0.0014     
      IN-PLN    1-   2-   7   124.964  120.000  0.490  0.2465                   
      OUT-PL    2-   3-   2     0.703           0.150  0.0016                   
   O(   3)- C(   2)- H(   7)  110.742  108.000                 0.08  0.0036     
      IN-PLN    3-   2-   7   110.757  108.000  0.800  0.1282                   
      OUT-PL    2-   1-   2     0.712           0.200  0.0022                   
   C(   2)- O(   3)- C(   4)  113.779  109.100  1.000  0.4489  0.10  0.0178     
   O(   3)- C(   4)- H(   8)  109.444  108.700  0.920  0.0111  0.08  0.0013     
   O(   3)- C(   4)- H(   9)  109.396  108.700  0.920  0.0097  0.08  0.0012     
   O(   3)- C(   4)- H(  10)  112.267  108.700  0.920  0.2438  0.08  0.0061     
   H(   8)- C(   4)- H(   9)  108.436  107.800  0.550  0.0048                   
   H(   8)- C(   4)- H(  10)  108.723  107.800  0.550  0.0101                   
   H(   9)- C(   4)- H(  10)  108.494  107.800  0.550  0.0058                   


     DIHEDRAL ANGLES, TORSIONAL ENERGY (ET)   (    9 ANGLES)

           ET = (V1/2)(1+COS(W))+(V2/2)(1-COS(2W))+(V3/2)(1+COS(3W))

           ETS = -11.995*(R-R0)((KTS1/2)(1+COS(W))+
                                (KTS2/2)(1-COS(2W)+
                                (KTS3/2)(1+COS(3W))

           SIGN OF ANGLE A-B-C-D : WHEN LOOKING THROUGH B TOWARD C,
           IF D IS COUNTERCLOCKWISE FROM A, NEGATIVE.

         A T O M S               OMEGA    V1     V2     V3     ET   KTS3   ETS
 C(   1) C(   2) O(   3) C(   4) -69.7  0.000  4.568 -2.100  3.885              
 C(   2) O(   3) C(   4) H(   8) 124.6  0.000  0.000  0.450  0.444              
 C(   2) O(   3) C(   4) H(   9)-116.7  0.000  0.000  0.450  0.447              
 C(   2) O(   3) C(   4) H(  10)   3.8  0.000  0.000  0.450  0.446              
 O(   3) C(   2) C(   1) H(   5)  88.3 -0.250  9.786  0.000  9.649              
 O(   3) C(   2) C(   1) H(   6) -92.1 -0.250  9.786  0.000  9.653              
 C(   4) O(   3) C(   2) H(   7) 107.8 -0.800  4.187  2.100  5.411              
 H(   5) C(   1) C(   2) H(   7) -88.8  0.000 11.254  0.000 11.249              
 H(   6) C(   1) C(   2) H(   7)  90.8  0.000 11.254  0.000 11.252              

     DIPOLE-DIPOLE INTERACTION ENERGY  (DIELECTRIC CONSTANT = 1.50)

          E = 14.388*MU1*MU2*(COSX-3*COSA*COSB)/(R12**3*DIELC)

               MU1 = BOND MOM OF BOND 1
               MU2 = BOND MOM OF BOND 2
               R12 = DISTANCE BETWEEN MID-POINTS OF TWO BONDS.

        BOND(1)       MU1           BOND(2)       MU2      R12        E
   C(   1)- H(   5) -0.600   + C(   2)- O(   3)  0.550   2.1297   -0.3987       
   C(   1)- H(   5) -0.600   + C(   2)- H(   7) -0.600   2.0400    0.4858       
   C(   1)- H(   5) -0.600   + O(   3)- C(   4) -1.500   2.7857    0.4353       
   C(   1)- H(   6) -0.600   + C(   2)- O(   3)  0.550   2.1334   -0.3934       
   C(   1)- H(   6) -0.600   + C(   2)- H(   7) -0.600   2.0391    0.4821       
   C(   1)- H(   6) -0.600   + O(   3)- C(   4) -1.500   2.9979    0.1398       
   C(   2)- H(   7) -0.600   + O(   3)- C(   4) -1.500   2.0674    0.9438       


 ==============================================================================
                        NORMAL MODE VIBRATIONAL ANALYSIS
 ==============================================================================


             Molecular Shape : ASYMMETRIC ROTOR WITH KAPPA =-0.900482
        Symmetry Point Group : C1  
             Symmetry Number :  1
                   Chirality : yes



0       FUNDAMENTAL NORMAL VIBRATIONAL FREQUENCIES
                ( THEORETICALLY  24 VALUES )

             Frequency :  in 1/cm
             A(i)      :  IR intensity (vs,s,m,w,vw,-- or in 10**6 cm/mole)
             A(i) = -- :  IR inactive


             no       Frequency   Symmetry      A(i)

             1.          3111.3     (A   )        m
             2.          3078.4     (A   )        w
             3.          3016.2     (A   )        m
             4.          2979.1     (A   )        m
             5.          2978.2     (A   )        m
             6.          2879.6     (A   )        w
             7.          1657.9     (A   )        w
             8.          1534.8     (A   )        w
             9.          1461.7     (A   )        w
            10.          1457.8     (A   )        w
            11.          1445.2     (A   )        m
            12.          1239.4     (A   )        w
            13.          1183.4     (A   )       vw
            14.          1122.6     (A   )        w
            15.          1108.4     (A   )        w
            16.         -1063.7     (imag)        w
            17.          1009.3     (A   )        w
            18.           924.9     (A   )        w
            19.          -733.0     (imag)        m
            20.           581.6     (A   )        w
            21.          -521.1     (imag)        w
            22.           371.4     (A   )        w
            23.          -253.5     (imag)        w
            24.          -160.4     (imag)        w
            25.     (       0.0)    (t/r )
            26.     (       0.0)    (t/r )
            27.     (       0.0)    (t/r )
            28.     (       0.0)    (t/r )
            29.     (       0.0)    (t/r )
            30.     (       0.0)    (t/r )


0       CORRESPONDING EIGEN VECTOR MATRIX   30 BY  30



 (  1)
     0.036    0.062    0.064    0.000    0.000    0.001    0.000    0.000
     0.000    0.000    0.000    0.000    0.018   -0.594   -0.283   -0.446
    -0.141   -0.480    0.000    0.002   -0.005    0.000    0.000   -0.001
     0.000    0.000    0.000    0.000   -0.001    0.000

 (  2)
     0.011   -0.011    0.005    0.007    0.058   -0.061   -0.001   -0.001
     0.001    0.000    0.000    0.000   -0.007    0.085    0.038   -0.068
    -0.017   -0.070   -0.118   -0.628    0.691    0.000    0.000   -0.001
     0.000    0.000    0.000    0.001   -0.002   -0.002

 (  3)
     0.047   -0.048    0.019   -0.008   -0.003    0.007    0.001    0.000
     0.000    0.000    0.000    0.000   -0.039    0.621    0.277   -0.456
    -0.116   -0.477    0.020    0.095   -0.106    0.000    0.000    0.001
    -0.001    0.000    0.000   -0.002    0.003    0.002

 (  4)
     0.000    0.000    0.000    0.000    0.000    0.000    0.000   -0.001
     0.000   -0.038    0.006    0.085   -0.001    0.002    0.001   -0.001
     0.000   -0.001    0.000    0.002   -0.003    0.271    0.302   -0.608
    -0.090    0.041   -0.083    0.264   -0.406   -0.320

 (  5)
     0.000    0.000    0.000    0.000    0.000    0.000    0.000    0.000
     0.000   -0.062    0.062   -0.030   -0.001    0.001    0.000   -0.001
     0.000   -0.001    0.000    0.002    0.000   -0.081   -0.119    0.213
     0.590   -0.266    0.405    0.228   -0.353   -0.252

 (  6)
     0.000    0.000    0.000    0.001    0.000    0.000   -0.002   -0.003
    -0.001    0.037    0.045    0.015   -0.001    0.001    0.000    0.000
     0.000    0.000    0.000    0.001   -0.002   -0.214   -0.247    0.449
    -0.437    0.172   -0.299    0.246   -0.418   -0.308

 (  7)
     0.096   -0.092    0.034   -0.168    0.103   -0.005    0.049   -0.012
    -0.010   -0.010   -0.006    0.000   -0.156   -0.045   -0.175   -0.009
     0.218    0.095    0.349   -0.081   -0.110   -0.016    0.008    0.009
    -0.018   -0.007    0.006    0.057    0.036   -0.004

 (  8)
    -0.009    0.009   -0.004    0.001   -0.011    0.006    0.026    0.029
     0.005   -0.087   -0.113   -0.038    0.019    0.001    0.023    0.008
    -0.033   -0.013   -0.034    0.001    0.015    0.147    0.271    0.292
     0.072    0.462    0.052    0.508    0.199   -0.005

 (  9)
     0.035   -0.040    0.020    0.047   -0.007   -0.016   -0.035    0.019
     0.016   -0.019   -0.013    0.000   -0.272    0.045   -0.218   -0.110
     0.334    0.068   -0.202    0.091    0.024    0.429   -0.063    0.181
     0.289    0.193   -0.326   -0.323   -0.181   -0.029

 ( 10)
    -0.017    0.021   -0.011   -0.026    0.012    0.004    0.012   -0.011
     0.024   -0.009   -0.011    0.009    0.167   -0.031    0.131    0.067
    -0.195   -0.039    0.172   -0.064   -0.029    0.178    0.401    0.316
     0.084   -0.371   -0.349   -0.226    0.183   -0.433

 ( 11)
     0.024   -0.032    0.018    0.059   -0.025   -0.011   -0.010   -0.005
     0.006    0.018   -0.002    0.000   -0.298    0.060   -0.231   -0.125
     0.350    0.065   -0.292    0.111    0.050   -0.294    0.333    0.032
    -0.207   -0.334    0.129    0.181    0.266   -0.225

 ( 12)
     0.030   -0.046    0.029   -0.067    0.033    0.007    0.082    0.025
    -0.045   -0.043   -0.001    0.027    0.158   -0.084    0.111    0.103
    -0.182    0.005   -0.660    0.260    0.106   -0.006   -0.196   -0.048
     0.041   -0.120   -0.176    0.022    0.094   -0.034

 ( 13)
     0.045   -0.055    0.028   -0.014    0.059   -0.049   -0.055    0.025
     0.029    0.080   -0.052   -0.051    0.154   -0.094    0.106    0.100
    -0.169    0.016   -0.192    0.138   -0.025   -0.142    0.366    0.055
    -0.050    0.228    0.330   -0.298   -0.291   -0.085

 ( 14)
    -0.014    0.031   -0.015   -0.014   -0.034    0.033    0.027    0.052
    -0.034    0.028   -0.089    0.081   -0.065    0.047   -0.047   -0.028
     0.063   -0.014    0.079   -0.085    0.012   -0.480   -0.124   -0.146
     0.307    0.285   -0.058   -0.231    0.097   -0.396

 ( 15)
     0.033   -0.044    0.026    0.035    0.057   -0.074   -0.115   -0.080
    -0.015    0.034    0.063    0.087    0.091   -0.061    0.058    0.058
    -0.121    0.031    0.009    0.079   -0.076   -0.047   -0.082   -0.018
     0.250    0.198   -0.125    0.244    0.349   -0.093

 ( 16)
     0.007    0.008    0.006   -0.023   -0.043   -0.040   -0.004   -0.003
    -0.012   -0.002   -0.004    0.004   -0.249   -0.146    0.311    0.260
     0.165   -0.277    0.286    0.500    0.506    0.001    0.001    0.007
    -0.003   -0.006    0.004   -0.006   -0.005    0.002

 ( 17)
    -0.044   -0.075   -0.074    0.036    0.050    0.038    0.003    0.003
     0.006   -0.012   -0.007    0.003    0.479   -0.242    0.311   -0.306
     0.535   -0.010    0.038    0.042    0.029   -0.032   -0.023   -0.013
    -0.003    0.000   -0.006   -0.003    0.010   -0.011

 ( 18)
     0.032   -0.035    0.027    0.091    0.053   -0.100   -0.016    0.090
     0.081   -0.103   -0.084   -0.008   -0.011   -0.041    0.030    0.069
    -0.114    0.018    0.182    0.027   -0.121   -0.138   -0.280   -0.115
    -0.104   -0.232   -0.111    0.020    0.003   -0.020

 ( 19)
     0.079    0.047   -0.090   -0.007    0.003    0.004    0.000   -0.009
     0.011   -0.002   -0.001    0.000   -0.398   -0.218    0.436   -0.401
    -0.212    0.432   -0.040    0.005    0.000   -0.005   -0.005   -0.004
     0.001    0.005    0.000   -0.003    0.000   -0.003

 ( 20)
    -0.122    0.030    0.053    0.059    0.114   -0.069    0.103   -0.110
    -0.011   -0.032   -0.018    0.019   -0.164    0.055    0.001   -0.130
    -0.024    0.074    0.031    0.154   -0.038   -0.058    0.040    0.038
    -0.017    0.108    0.079   -0.161   -0.076   -0.012

 ( 21)
    -0.013   -0.020   -0.019    0.046    0.087    0.100   -0.016   -0.013
    -0.016    0.003   -0.015   -0.022   -0.403   -0.172    0.279    0.356
     0.073   -0.387   -0.155   -0.278   -0.267    0.011   -0.025   -0.023
    -0.004   -0.017   -0.013    0.013    0.001   -0.032

 ( 22)
    -0.129   -0.028    0.018   -0.069   -0.016   -0.075    0.022    0.054
     0.079    0.152   -0.012   -0.030   -0.163   -0.069    0.102   -0.102
     0.026   -0.025   -0.084   -0.039   -0.098    0.139   -0.103   -0.082
     0.159   -0.071   -0.076    0.250    0.054   -0.036

 ( 23)
     0.056    0.063    0.015   -0.039   -0.065   -0.067    0.037   -0.063
     0.101   -0.053    0.057   -0.053    0.081   -0.008    0.165    0.126
     0.243   -0.103   -0.157   -0.141   -0.157   -0.305    0.147   -0.117
     0.125    0.152   -0.243   -0.035   -0.049    0.100

 ( 24)
    -0.024   -0.027   -0.056    0.013    0.051    0.041   -0.013    0.010
    -0.006    0.024   -0.028    0.022   -0.049    0.025   -0.164   -0.034
    -0.143   -0.013    0.044    0.119    0.108   -0.344    0.301    0.026
     0.266   -0.149   -0.406    0.170   -0.265    0.462

 ( 25)
     0.060    0.060    0.007    0.037    0.073    0.095    0.055    0.026
     0.147    0.054    0.038    0.112    0.054    0.089   -0.054    0.086
     0.020   -0.005    0.000    0.124    0.135    0.093   -0.023    0.098
     0.029    0.064    0.167    0.042    0.080    0.046

 ( 26)
     0.091   -0.072   -0.011    0.073   -0.090   -0.010    0.076   -0.106
     0.000    0.090   -0.123    0.017    0.103   -0.076   -0.002    0.094
    -0.053   -0.019    0.054   -0.095   -0.018    0.106   -0.122    0.024
     0.079   -0.142    0.021    0.098   -0.120    0.019

 ( 27)
    -0.039   -0.049    0.160   -0.009   -0.025    0.144   -0.049   -0.053
     0.057   -0.025   -0.031   -0.071   -0.006   -0.021    0.105   -0.098
    -0.095    0.228    0.054    0.021    0.197   -0.097   -0.083   -0.128
     0.021    0.005   -0.113    0.018    0.002   -0.078

 ( 28)
    -0.034    0.061   -0.091   -0.108    0.026    0.001   -0.094   -0.087
     0.058   -0.038   -0.123    0.027    0.012    0.092   -0.152   -0.017
     0.061   -0.106   -0.187    0.084    0.040    0.029   -0.205    0.015
    -0.087   -0.142    0.085   -0.011   -0.053   -0.041

 ( 29)
    -0.060   -0.090    0.044   -0.041   -0.094   -0.012   -0.015    0.007
     0.027   -0.069    0.005    0.172   -0.117   -0.139    0.143   -0.019
    -0.038   -0.009   -0.046   -0.181   -0.092   -0.049    0.115    0.235
    -0.079   -0.023    0.167   -0.123   -0.075    0.231

 ( 30)
     0.035    0.136    0.132   -0.010    0.031   -0.018   -0.032    0.027
    -0.069    0.043   -0.072    0.051    0.109    0.074    0.267   -0.002
     0.287    0.122   -0.030   -0.069   -0.112    0.044    0.029    0.101
     0.037   -0.204   -0.027    0.108   -0.121    0.171


 ==============================================================================
                      STATISTICAL THERMODYNAMICS ANALYSIS
 ==============================================================================

  Structure name    : me-vinylether-g                                             
  Temperature       :   298.16 K
  Symmetry number   :   1
  Optical isomers   :   2
  Zero Point Energy :   47.377 Kcal/mol


                     ENERGY   ENTHALPY    ENTROPY  FREE ENERGY   HEAT CAPACITY
                  (Kcal/mol) (Kcal/mol)     (eu)   (Kcal/mol)    (cal/mol/deg)
  Translational       0.889      1.481     38.079     -9.873         4.967
     Rotational       0.889      0.889     23.877     -6.231         2.980
    Vibrational      47.814%    47.814%     2.028*    47.210%        4.736*
      Potential      57.410#    57.410#     0.000     57.410#        0.000
         Mixing       0.000      0.000      1.377     -0.411         0.000
          Total     107.002    107.594     65.362     88.106        12.684

  Enthalpy Function (H-Ho)/T     =    9.41 cal/mol/deg
  Free Energy Function -(G-Ho)/T =   55.95 cal/mol/deg

  % Includes zero point energy (ZPE).
  * Excludes contribution from frequencies lower than 40 (1/cm).
  # Includes steric energy (SE).
    Internal rotation contributions are not considered

  This structure has   5 imaginary frequencies,
                       0 free internal rotation (fir) frequencies
                         (>= 0,< 10 /cm),
                       0 restricted internal rotation (rir) frequencies
                         (>= 10,< 40 /cm),
                       6 zero frequencies, and
                      19 real frequencies.


      FINAL STERIC ENERGY IS     57.4101 KCAL/MOL.
      (WITHOUT ELECTRONIC ENERGY CORR.)


                COMPRESSION       0.0482
                BENDING           1.3839
                BEND-BEND        -0.0797
                STRETCH-BEND      0.0415
                VANDERWAALS
                  1,4 ENERGY      1.7882
                  OTHER           0.0994
                H-BONDING         0.0000
                PI-COMPLX         0.0000

                TORSIONAL        52.4336
                TORSION-STRETCH   0.0000
                DIPOLE-DIPOLE     1.6948
                CHARGE-DIPOLE     0.0000
                CHARGE-CHARGE     0.0000


      FINAL ENERGY (WITH SCF) IS          -116.8883 KCAL/MOL

                STERIC           57.4101
                SIGMA-STRETCH    -0.0221
                E(RHF)         -174.2764

      -----------------------------------------------------------------

      COORDINATES TRANSLATED TO NEW ORIGIN WHICH IS CENTER OF MASS
         C(   1)     1.57110    -0.46042     0.10157   (  2)
         C(   2)     0.66939     0.45496    -0.27404   (  2)
         O(   3)    -0.57268     0.56738     0.25974   ( 41)
         C(   4)    -1.44655    -0.50892    -0.08346   (  1)
         H(   5)     1.60139    -1.45281    -0.37119   (  5)
         H(   6)     2.30274    -0.22856     0.88893   (  5)
         H(   7)     0.81278     1.18327    -1.07989   (  5)
         H(   8)    -1.84736    -0.97097     0.84540   (  5)
         H(   9)    -2.30066    -0.11607    -0.67775   (  5)
         H(  10)    -0.93323    -1.29465    -0.68030   (  5)

      MOMENT OF INERTIA WITH THE PRINCIPAL AXES

          (1)  UNIT = 10**(-39) GM*CM**2
               IX=    4.2303    IY=   14.8687    IZ=   17.1236

          (2)  UNIT = AU A**2
               IX=   25.4782    IY=   89.5510    IZ=  103.1321



      MOLECULAR POLARIZABILITIES (A**3)
        ALPHA(1)   =       7.27
        ALPHA(2)   =       6.46
        ALPHA(3)   =       5.40
        AVG. ALPHA =       6.38



      DIPOLE MOMENT =          1.316 D


        PI-DIPOLE MOMENT    =  0.5283

            COMPONENTS    X =  0.4540    Y = -0.2698    Z =  0.0142


        SIGMA-DIPOLE MOMENT =  1.4642


            COMPONENTS    X = -0.0801    Y =  1.1921    Z =  0.8465


      -----------------------------------------------------------------

        END OF me-vinylether-g                                             


           TOTAL CPU TIME IS      0.04 SECONDS.

           THIS JOB COMPLETED AT    10:57:42
