                      Atom    1 should be a PI atom
                      Atom    2 should be a PI atom
                      Atom    3 should be a PI atom
1
               ---------------------------------------------
               WARNING : INCORRECT ATOM TYPES GIVEN IN INPUT
                         DATA ARE CORRECTED AS FOLLOWS
               ---------------------------------------------


             Atom type of atom    1 is replaced by   2 (was   0)
             Atom type of atom    2 is replaced by   2 (was   0)
             Atom type of atom    3 is replaced by  41 (was   0)
             Atom type of atom    4 is replaced by   1 (was   0)
             Atom type of atom    5 is replaced by   5 (was   0)
             Atom type of atom    6 is replaced by   5 (was   0)
             Atom type of atom    7 is replaced by   5 (was   0)
             Atom type of atom    8 is replaced by   5 (was   0)
             Atom type of atom    9 is replaced by   5 (was   0)
             Atom type of atom   10 is replaced by   5 (was   0)
1     me-vinylether-cis                                           

               CHEMICAL FORMULA :  C(   3)  H(   6)  O(   1) 
               FORMULA WEIGHT   :     58.043
                                                               DATE 31-MAY-23
                                                               TIME  11:00:18


          THE COORDINATES OF   10 ATOMS ARE READ IN.
          SOME CONSTANTS WILL BE READ IN.

      CONFORMATIONAL ENERGY, PART 1:  GEOMETRY AND STERIC ENERGY
                                      OF INITIAL CONFORMATION.


      CONNECTED ATOMS
         1-   2-   3-   4-

      ATTACHED ATOMS
         1-   5,   1-   6,   2-   7,   4-   8,   4-   9,   4-  10,

      INITIAL ATOMIC COORDINATES
           ATOM         X           Y           Z       TYPE
         C(   1)     1.44970     0.57500     0.00000   (  2) PI-ATOM
         C(   2)     0.73053    -0.55304     0.00000   (  2) PI-ATOM
         O(   3)    -0.63209    -0.65273     0.00000   ( 41) PI-ATOM
         C(   4)    -1.35420     0.57995     0.00000   (  1)
         H(   5)     2.55286     0.51708     0.00000   (  5)
         H(   6)     1.00839     1.58290     0.00000   (  5)
         H(   7)     1.25362    -1.52704     0.00000   (  5)
         H(   8)    -2.43377     0.33357     0.00000   (  5)
         H(   9)    -1.09528     1.14100     0.91806   (  5)
         H(  10)    -1.09528     1.14100    -0.91806   (  5)

      VESCF CALCULATION FOR PLANAR SYSTEM

           ITER  1 VO=  -2.939672( -1845.26KCAL/MOL)
           ITER  2 VO=  -2.937899( -1844.15KCAL/MOL)     DIFF =   0.001773
           ITER  3 VO=  -2.937160( -1843.68KCAL/MOL)     DIFF =   0.000739
           ITER  4 VO=  -2.936935( -1843.54KCAL/MOL)     DIFF =   0.000225
           ITER  5 VO=  -2.936865( -1843.50KCAL/MOL)     DIFF =   0.000070
           ITER  6 VO=  -2.936844( -1843.49KCAL/MOL)     DIFF =   0.000021
           ITER  7 VO=  -2.936837( -1843.48KCAL/MOL)     DIFF =   0.000006

                VESCF SEQUENCE REQUIRES   0.00 SECONDS.


          DIELECTRIC CONSTANT =  1.500


      INITIAL STERIC ENERGY IS      5.9901 KCAL/MOL.

                  COMPRESSION       0.2109
                  BENDING           2.8520
                  BEND-BEND        -0.0342
                  STRETCH-BEND      0.1069
                  VANDERWAALS
                    1,4 ENERGY      2.1620
                    OTHER           1.2863
                  H-BONDING         0.0000
                  PI-COMPLX         0.0000

                  TORSIONAL        -2.3493
                  TORSION-STRETCH   0.0000
                  DIPOLE-DIPOLE     1.7555
                  CHARGE-DIPOLE     0.0000
                  CHARGE-CHARGE     0.0000


      MOLECULAR POLARIZABILITIES (A**3)
        ALPHA(1)   =       6.84
        ALPHA(2)   =       7.33
        ALPHA(3)   =       5.05
        AVG. ALPHA =       6.40



      DIPOLE MOMENT =          1.006 D


        PI-DIPOLE MOMENT    =  0.5239

        SIGMA-DIPOLE MOMENT =  1.3929


      PLANAR
      ------
      F-MATRIX
       -0.19852 -0.21416 -0.00221
       -0.20839 -0.15752
       -0.66041

      H-CORE MATRIX
       -1.08814 -0.07614 -0.02444
       -1.32873 -0.12080
       -1.88013

      GAMMA MATRIX
        0.40541  0.28401  0.20280
        0.41065  0.31501
        0.71372

      MOLECULAR ORBITALS
        0.14638  0.34673  0.92647
        0.72210  0.60267 -0.33963
        0.67612 -0.71873  0.16216

      EIGENVALUES
       -0.71972 -0.37621  0.02861

      DENSITY MATRIX
        1.08572
        0.97189  0.96687
       -0.21927  0.23309  1.94741

      ELECTRON DENSITIES
         1.0857   0.9669   1.9474

      ORIGINAL EFFECTIVE NUCLEAR CHARGES
        3.25000  3.25000  4.55000

      FINAL EFFECTIVE NUCLEAR CHARGES
        3.22000  3.26160  4.56841

      BOND ORDERS  (P) AND RESONANCE INTEGRALS (B) FOR PI-BONDS
           BOND        P(W)      P(0)      B(0)     P*B(0)
           1-   2    0.9719    0.9719    1.0087    0.9803
           2-   3    0.2331    0.2331    1.6004    0.3730

      BOND ENERGY FROM VESCF CALCULATION(KCAL/MOL)
           SIGMA-BOND   -110.96
           PI-BOND       -64.52
           TOTAL ENERGY -175.49

      CPU TIME FOR INITIAL CALCULATION IS     0.02 SECONDS.


1     me-vinylether-cis                                           


     CONFORMATIONAL ENERGY, PART 2: GEOMETRY MINIMIZATION

                            =====================
                            FULL-MATRIX OPTIMIZER
                            =====================


     iter.  rms force   max force   avg. move    max move  atom  convg  d-time

        0    5.881638   17.554947   0.00525 A   0.05000 A    7    [N]     0.0s
        1    2.597867    7.585756   0.00409 A   0.03982 A    7    [N]     0.0s
        2    0.108420    0.415285   0.00008 A   0.00032 A    6    [N]     0.0s
        3    0.000110    0.000328   0.00000 A   0.00000 A    7    [N]     0.0s
        4    0.000035    0.000119                                 [Y]     0.0s


      TOTAL ENERGY IS      4.9013 KCAL/MOL.

        COMPRESS    0.0786      VDW 1,4    1.8543      DIPL-DIPL    1.7161
        BENDING     2.5732        OTHER    1.0077      CHRG-DIPL    0.0000
        STR-BEND    0.0821      TORSION   -2.3488      CHRG-CHRG    0.0000
        BEND-BEND  -0.0619      TOR-STR    0.0000      EPR          0.0000
        H-BONDING   0.0000      PI-CMPL    0.0000
0     DELTA(T) =     0.0 SEC.          ELAPSED TIME =     0.0 SEC.


    * * * ENERGY IS MINIMIZED WITHIN RMS OF FORCES   0.00003  Kcal/mol/A * * *

                 * * * *  RMS FORCE IS   0.00003 Kcal/mol/A * * * *



          ---------------------------------------------------------------
            BECAUSE OF BIG MOVEMENT DURING THE MINIMIZATION SEQUENCE
                  ANOTHER VESCF-MINIMIZATION CYCLE MUST BE DONE
                        TO INSURE COMPLETE CONVERGENCE.
          ---------------------------------------------------------------


      VESCF CALCULATION FOR PLANAR SYSTEM

           ITER  1 VO=  -2.936253( -1843.12KCAL/MOL)
           ITER  2 VO=  -2.936484( -1843.26KCAL/MOL)     DIFF =   0.000231
           ITER  3 VO=  -2.936555( -1843.30KCAL/MOL)     DIFF =   0.000071
           ITER  4 VO=  -2.936576( -1843.32KCAL/MOL)     DIFF =   0.000021
           ITER  5 VO=  -2.936582( -1843.32KCAL/MOL)     DIFF =   0.000006

                VESCF SEQUENCE REQUIRES   0.00 SECONDS.

                            =====================
                            FULL-MATRIX OPTIMIZER
                            =====================


     iter.  rms force   max force   avg. move    max move  atom  convg  d-time

        0    0.129839    0.515633   0.00006 A   0.00036 A    7    [N]     0.0s
        1    0.000256    0.001010   0.00000 A   0.00000 A    3    [N]     0.0s
        2    0.000032    0.000106                                 [Y]     0.0s


      TOTAL ENERGY IS      4.9075 KCAL/MOL.

        COMPRESS    0.0785      VDW 1,4    1.8562      DIPL-DIPL    1.7169
        BENDING     2.5761        OTHER    1.0086      CHRG-DIPL    0.0000
        STR-BEND    0.0820      TORSION   -2.3488      CHRG-CHRG    0.0000
        BEND-BEND  -0.0619      TOR-STR    0.0000      EPR          0.0000
        H-BONDING   0.0000      PI-CMPL    0.0000
0     DELTA(T) =     0.0 SEC.          ELAPSED TIME =     0.0 SEC.


    * * * ENERGY IS MINIMIZED WITHIN RMS OF FORCES   0.00003  Kcal/mol/A * * *

                 * * * *  RMS FORCE IS   0.00003 Kcal/mol/A * * * *

1     me-vinylether-cis                                           

               CHEMICAL FORMULA :  C(   3)  H(   6)  O(   1) 
               FORMULA WEIGHT   :     58.043
                                                               DATE : 31-MAY-23

           * M M 3 * * * * * * * * * * * 2 0 0 0 *
           *                                     *   PARAMETER RELIABILITY
           *                                     *
           *                                     *   BLANK = GOOD
           *                                     *       B = FAIR
           *                                     *       C = TRIAL
           *                                     *       R = READ IN
           *                                     *       S = SUBSTITUTED
           *                                     *       U = PARAMETER NOT EXIST
           *                                     *
           *                                     *   THIS IS SHOWN AT THE END 
           *                                     *   OF THE LINE.
           * * * * *  P I - S Y S T E M  * * * * * 


      CONFORMATIONAL ENERGY, PART 3:  GEOMETRY AND STERIC ENERGY
                                      OF FINAL CONFORMATION.

      CONNECTED ATOMS
         1-   2-   3-   4-

      ATTACHED ATOMS
         1-   5,   1-   6,   2-   7,   4-   8,   4-   9,   4-  10,

      FINAL ATOMIC COORDINATE
           ATOM         X           Y           Z       TYPE  PI #
         C(   1)    -1.46890    -0.57025     0.00000   (  2)    1
         C(   2)    -0.72747     0.54827     0.00000   (  2)    2
         O(   3)     0.62911     0.64957     0.00000   ( 41)    3
         C(   4)     1.36077    -0.57448     0.00000   (  1)
         H(   5)    -2.56689    -0.50260     0.00000   (  5)
         H(   6)    -1.02626    -1.57534     0.00000   (  5)
         H(   7)    -1.16247     1.55476     0.00000   (  5)
         H(   8)     2.44895    -0.34545     0.00000   (  5)
         H(   9)     1.13578    -1.16901     0.91328   (  5)
         H(  10)     1.13578    -1.16901    -0.91328   (  5)

      PLANAR
      ------
      F-MATRIX
       -0.19830 -0.21331 -0.00158
       -0.20853 -0.15904
       -0.66098

      H-CORE MATRIX
       -1.08599 -0.07562 -0.02401
       -1.32995 -0.12174
       -1.88052

      GAMMA MATRIX
        0.40534  0.28356  0.20206
        0.41066  0.31583
        0.71379

      MOLECULAR ORBITALS
        0.14475  0.34776  0.92634
        0.72299  0.60198 -0.33897
        0.67552 -0.71880  0.16429

      EIGENVALUES
       -0.72093 -0.37517  0.02829

      DENSITY MATRIX
        1.08734
        0.97114  0.96665
       -0.22196  0.23618  1.94602

      ELECTRON DENSITIES
         1.0873   0.9666   1.9460

      ORIGINAL EFFECTIVE NUCLEAR CHARGES
        3.25000  3.25000  4.55000

      FINAL EFFECTIVE NUCLEAR CHARGES
        3.21943  3.26167  4.56889

      BOND ORDERS  (P) AND RESONANCE INTEGRALS (B) FOR PI-BONDS
           BOND        P(W)      P(0)      B(0)     P*B(0)
           1-   2    0.9711    0.9711    1.0018    0.9728
           2-   3    0.2362    0.2362    1.6128    0.3809

      BOND ENERGY FROM VESCF CALCULATION(KCAL/MOL)
           SIGMA-BOND   -110.89
           PI-BOND       -64.36
           TOTAL ENERGY -175.25


          DIELECTRIC CONSTANT =  1.500


      BOND LENGTHS AND STRETCHING ENERGY   (    9 BONDS)

        ENERGY = 71.94(KS)(DR)(DR)(1-(CS)(DR)+(7/12)((CS)(DR))**2)
                          DR = R-RO
                          CS =  2.550
                                                         R(0)-CORR        CORR
          BOND        LENGTH   R(0)    K(S)  ENERGY   E-NEG   MISCEL       KS
    C(   1)- C(   2)  1.3419  1.3369  7.419  0.0134                             
    C(   1)- H(   5)  1.1001  1.0990  5.150  0.0004 -0.0020                     
    C(   1)- H(   6)  1.0982  1.0990  5.150  0.0002 -0.0020                     
    C(   2)- O(   3)  1.3604  1.3494  5.937  0.0501                             
    C(   2)- H(   7)  1.0965  1.0960  5.150  0.0001 -0.0050                     
    O(   3)- C(   4)  1.4260  1.4200  5.400  0.0140                             
    C(   4)- H(   8)  1.1120  1.1120  4.750  0.0000                             
    C(   4)- H(   9)  1.1127  1.1120  4.750  0.0002                             
    C(   4)- H(  10)  1.1127  1.1120  4.750  0.0002                             


      NON-BONDED DISTANCES, VDW AND EPR ENERGY   (     23 PAIRS)

              E(VDW) = KV*(1.84(10**5)EXP(-12.00/P) - 2.25(P**6))
              E(EPR) = C*KV*(1.84(10**5)EXP(-12.00/Q) - 2.25(Q**6))
              E(HBD) = EP1-EP2*COS(THETA)*RTH/RTH0
                            EP1 = KHB*1.84(10**5)*EXP(-12.0/P)
                            EP2 = KHB*2.25(P**6)

            IF P > 3.020, THEN,
              E(VDW) = KV(192.270)(P**2)
              E(HBD) = EP1-EP2*COS(THETA)*RTH/RTH0
                            EP1 = KHB*(192.270*P**2+1706.96)
                            EP2 = KHB*1706.96

               WHERE   RV = RVDW(I) + RVDW(K)
                       KV = SQRT(EPS(I)*EPS(K))
                      KHB = EPS/DIELEC  FOR HYDROGEN BOND
                        P = (RV/R) OR (RV/R#)
                        C = SCALE FACTOR
                        Q = RV/R, WHERE R IS MODIFIED DISTANCE
                    THETA = ANGLE H-X-Y IN HYDROGEN BOND X-H...Y
                      RTH = BOND LENGTH X-H IN X-H...Y
                     RTH0 = NATURAL BOND LENGTH X-H

          # IN THE VDW CALCULATIONS THE HYDROGEN ATOMS ARE RELOCATED
          SO THAT THE ATTACHED HYDROGEN DISTANCE IS REDUCED BY 0.923

          # IN THE VDW CALCULATIONS THE DEUTERIUM ATOMS ARE RELOCATED
          SO THAT THE ATTACHED DEUTERIUM DISTANCE IS REDUCED BY  0.923

         ATOM PAIR          R       R#       RV      KV       ENERGY
      C(   1), O(   3)   2.4269
      C(   1), C(   4)   2.8297            4.000   0.0389     0.7738  1,4       
      C(   1), H(   7)   2.1470
      C(   1), H(   8)   3.9243   3.8397   3.580   0.0335    -0.0336            
      C(   1), H(   9)   2.8243   2.8091   3.580   0.0335     0.1787            
      C(   1), H(  10)   2.8243   2.8091   3.580   0.0335     0.1787            
      C(   2), C(   4)   2.3709
      C(   2), H(   5)   2.1184
      C(   2), H(   6)   2.1445
      C(   2), H(   8)   3.2998   3.2241   3.580   0.0335    -0.0164  1,4       
      C(   2), H(   9)   2.6935   2.6535   3.580   0.0335     0.3905  1,4       
      C(   2), H(  10)   2.6935   2.6535   3.580   0.0335     0.3905  1,4       
      O(   3), H(   5)   3.3973   3.3197   3.440   0.0344    -0.0366  1,4       
      O(   3), H(   6)   2.7732   2.7324   3.440   0.0344     0.1506  1,4       
      O(   3), H(   7)   2.0073
      O(   3), H(   8)   2.0741
      O(   3), H(   9)   2.0971
      O(   3), H(  10)   2.0971
      C(   4), H(   5)   3.9283   3.8437   3.560   0.0230    -0.0227            
      C(   4), H(   6)   2.5884   2.5913   3.560   0.0230     0.3331            
      C(   4), H(   7)   3.3016   3.2262   3.560   0.0230    -0.0133  1,4       
      H(   5), H(   6)   1.8773
      H(   5), H(   7)   2.4910   2.4025   3.240   0.0200     0.2321  1,4       
      H(   5), H(   8)   5.0183   4.8497   3.240   0.0200    -0.0039            
      H(   5), H(   9)   3.8714   3.7823   3.240   0.0200    -0.0147            
      H(   5), H(  10)   3.8714   3.7823   3.240   0.0200    -0.0147            
      H(   6), H(   7)   3.1331   2.9760   3.240   0.0200    -0.0148  1,4       
      H(   6), H(   8)   3.6864   3.6086   3.240   0.0200    -0.0178            
      H(   6), H(   9)   2.3819   2.3980   3.240   0.0200     0.2375            
      H(   6), H(  10)   2.3819   2.3980   3.240   0.0200     0.2375            
      H(   7), H(   8)   4.0808   3.9492   3.240   0.0200    -0.0121            
      H(   7), H(   9)   3.6790   3.5610   3.240   0.0200    -0.0186            
      H(   7), H(  10)   3.6790   3.5610   3.240   0.0200    -0.0186            
      H(   8), H(   9)   1.7991
      H(   8), H(  10)   1.7991
      H(   9), H(  10)   1.8266


      BOND ANGLES, BENDING AND STRETCH-BEND ENERGIES   (   13 ANGLES)

          EB = 0.021914(KB)(DT)(DT)(1+CF*DT+QF*DT**2+PF*DT**3+SF*DT**4)
                          DT = THETA-TZERO
                          CF = -1400.000E-5
                          QF =     5.600E-5
                          PF =    -0.070E-5
                          SF =     0.022E-6
          ESB(J) = 2.51124(KSB(J))(DT)(DR1+DR2)
                          DR(I) = R(I) - R0(I)
          EBDBD  = -0.02191418(KBB1)(DT1)(KBB2)(DT2)

          A T O M S            THETA    TZERO     KB     EB     KSB    ESB
   C(   2)- C(   1)- H(   5)  120.013  120.500                 0.08 -0.0006     
      IN-PLN    2-   1-   5   120.013  120.500  0.490  0.0026                   
      OUT-PL    1-   6-   1     0.000           0.110  0.0000                   
   C(   2)- C(   1)- H(   6)  122.692  120.500                 0.08  0.0019     
      IN-PLN    2-   1-   6   122.692  120.500  0.490  0.0500                   
      OUT-PL    1-   5-   1     0.022           0.110  0.0000                   
   H(   5)- C(   1)- H(   6)  117.294  119.000
      IN-PLN    5-   1-   6   117.294  119.000  0.450  0.0294                   
      OUT-PL    1-   2-   1     0.023           0.200  0.0000                   
   C(   1)- C(   2)- O(   3)  127.810  120.800                 0.13  0.0366     
      IN-PLN    1-   2-   3   127.810  120.800  1.050  1.0226                   
      OUT-PL    2-   7-   2     0.000           0.110  0.0000                   
   C(   1)- C(   2)- H(   7)  123.087  120.000                 0.08  0.0034     
      IN-PLN    1-   2-   7   123.087  120.000  0.490  0.0979                   
      OUT-PL    2-   3-   2     0.000           0.150  0.0000                   
   O(   3)- C(   2)- H(   7)  109.103  108.000                 0.08  0.0025     
      IN-PLN    3-   2-   7   109.103  108.000  0.800  0.0210                   
      OUT-PL    2-   1-   2     0.023           0.200  0.0000                   
   C(   2)- O(   3)- C(   4)  116.598  109.100  1.000  1.1062  0.10  0.0321     
   O(   3)- C(   4)- H(   8)  108.983  108.700  0.920  0.0016  0.08  0.0003     
   O(   3)- C(   4)- H(   9)  110.786  108.700  0.920  0.0852  0.08  0.0028     
   O(   3)- C(   4)- H(  10)  110.786  108.700  0.920  0.0852  0.08  0.0028     
   H(   8)- C(   4)- H(   9)  107.933  107.800  0.550  0.0002                   
   H(   8)- C(   4)- H(  10)  107.933  107.800  0.550  0.0002                   
   H(   9)- C(   4)- H(  10)  110.321  107.800  0.550  0.0740                   


     DIHEDRAL ANGLES, TORSIONAL ENERGY (ET)   (    9 ANGLES)

           ET = (V1/2)(1+COS(W))+(V2/2)(1-COS(2W))+(V3/2)(1+COS(3W))

           ETS = -11.995*(R-R0)((KTS1/2)(1+COS(W))+
                                (KTS2/2)(1-COS(2W)+
                                (KTS3/2)(1+COS(3W))

           SIGN OF ANGLE A-B-C-D : WHEN LOOKING THROUGH B TOWARD C,
           IF D IS COUNTERCLOCKWISE FROM A, NEGATIVE.

         A T O M S               OMEGA    V1     V2     V3     ET   KTS3   ETS
 C(   1) C(   2) O(   3) C(   4)   0.0  0.000  4.571 -2.100 -2.100              
 C(   2) O(   3) C(   4) H(   8)-180.0  0.000  0.000  0.450  0.000              
 C(   2) O(   3) C(   4) H(   9) -61.4  0.000  0.000  0.450  0.001              
 C(   2) O(   3) C(   4) H(  10)  61.4  0.000  0.000  0.450  0.001              
 O(   3) C(   2) C(   1) H(   5) 180.0 -0.250  9.728  0.000  0.000              
 O(   3) C(   2) C(   1) H(   6)   0.0 -0.250  9.728  0.000 -0.250              
 C(   4) O(   3) C(   2) H(   7)-180.0 -0.800  4.190  2.100  0.000              
 H(   5) C(   1) C(   2) H(   7)   0.0  0.000 11.188  0.000  0.000              
 H(   6) C(   1) C(   2) H(   7)-180.0  0.000 11.188  0.000  0.000              

     DIPOLE-DIPOLE INTERACTION ENERGY  (DIELECTRIC CONSTANT = 1.50)

          E = 14.388*MU1*MU2*(COSX-3*COSA*COSB)/(R12**3*DIELC)

               MU1 = BOND MOM OF BOND 1
               MU2 = BOND MOM OF BOND 2
               R12 = DISTANCE BETWEEN MID-POINTS OF TWO BONDS.

        BOND(1)       MU1           BOND(2)       MU2      R12        E
   C(   1)- H(   5) -0.600   + C(   2)- O(   3)  0.550   2.2726   -0.3407       
   C(   1)- H(   5) -0.600   + C(   2)- H(   7) -0.600   1.9164    0.6244       
   C(   1)- H(   5) -0.600   + O(   3)- C(   4) -1.500   3.0670    0.1296       
   C(   1)- H(   6) -0.600   + C(   2)- O(   3)  0.550   2.0569   -0.4777       
   C(   1)- H(   6) -0.600   + C(   2)- H(   7) -0.600   2.1458    0.4099       
   C(   1)- H(   6) -0.600   + O(   3)- C(   4) -1.500   2.5024    0.5526       
   C(   2)- H(   7) -0.600   + O(   3)- C(   4) -1.500   2.1889    0.8188       


 ==============================================================================
                        NORMAL MODE VIBRATIONAL ANALYSIS
 ==============================================================================


             Molecular Shape : ASYMMETRIC ROTOR WITH KAPPA =-0.776575
        Symmetry Point Group : Cs  
             Symmetry Number :  1
                   Chirality :  no



0       FUNDAMENTAL NORMAL VIBRATIONAL FREQUENCIES
                ( THEORETICALLY  24 VALUES )

             Frequency :  in 1/cm
             A(i)      :  IR intensity (vs,s,m,w,vw,-- or in 10**6 cm/mole)
             A(i) = -- :  IR inactive


             no       Frequency   Symmetry      A(i)

             1.          3117.3     (A`  )        m
             2.          3068.8     (A`  )        w
             3.          3020.3     (A`  )        m
             4.          2977.0     (A`  )        m
             5.          2975.4     (A"  )        m
             6.          2875.5     (A`  )        w
             7.          1679.1     (A`  )        w
             8.          1530.5     (A`  )        w
             9.          1498.3     (A`  )        m
            10.          1490.3     (A"  )        w
            11.          1438.8     (A`  )        w
            12.          1279.0     (A`  )        w
            13.          1190.5     (A`  )        w
            14.          1172.9     (A"  )        w
            15.          1158.6     (A"  )        w
            16.          1155.1     (A`  )        w
            17.          1030.3     (A`  )        w
            18.           980.9     (A"  )        m
            19.           853.3     (A`  )        w
            20.           660.4     (A"  )        w
            21.           583.3     (A`  )        w
            22.           330.7     (A`  )        w
            23.           312.0     (A"  )        w
            24.           260.6     (A"  )       vw
            25.     (       0.0)    (t/r )
            26.     (       0.0)    (t/r )
            27.     (       0.0)    (t/r )
            28.     (       0.0)    (t/r )
            29.     (       0.0)    (t/r )
            30.     (       0.0)    (t/r )


0       CORRESPONDING EIGEN VECTOR MATRIX   30 BY  30



 (  1)
    -0.075    0.061    0.000    0.001   -0.002    0.000    0.000    0.000
     0.000    0.000    0.000    0.000    0.587   -0.039    0.000    0.297
    -0.668    0.000   -0.007   -0.004    0.000   -0.001    0.000    0.000
    -0.001   -0.001    0.001   -0.001   -0.001   -0.001

 (  2)
    -0.011   -0.015    0.000   -0.030    0.079    0.000    0.001   -0.001
     0.000    0.001    0.001    0.000    0.147    0.005    0.000   -0.046
     0.105    0.000    0.362   -0.858    0.000   -0.007   -0.001    0.000
     0.000   -0.003    0.004    0.000   -0.003   -0.004

 (  3)
     0.048    0.051    0.000   -0.012    0.009    0.000    0.001    0.000
     0.000    0.000    0.000    0.000   -0.733    0.019    0.000    0.219
    -0.555    0.000    0.079   -0.175    0.000   -0.002    0.000    0.000
    -0.001   -0.002    0.002   -0.001   -0.002   -0.002

 (  4)
     0.000    0.000    0.000    0.000    0.000    0.000    0.000    0.001
     0.000   -0.081   -0.047    0.000    0.000    0.000    0.000    0.002
    -0.002    0.000    0.005   -0.011    0.000    0.783    0.160    0.000
     0.082    0.197   -0.282    0.082    0.197    0.282

 (  5)
     0.000    0.000    0.000    0.000    0.000    0.000    0.000    0.000
     0.000    0.000    0.000   -0.094    0.000    0.000    0.000    0.000
     0.000    0.000    0.000    0.000   -0.002    0.000    0.000    0.020
    -0.125   -0.354    0.549    0.125    0.354    0.549

 (  6)
     0.000    0.000    0.000    0.000    0.000    0.000    0.002   -0.003
     0.000   -0.028    0.053    0.000    0.000    0.000    0.000   -0.001
     0.001    0.000   -0.002    0.003    0.000    0.513    0.081    0.000
    -0.102   -0.330    0.470   -0.102   -0.330   -0.470

 (  7)
    -0.080   -0.099    0.000    0.156    0.116    0.000   -0.044   -0.021
     0.000    0.007    0.001    0.000   -0.103    0.207    0.000    0.261
     0.015    0.000   -0.420   -0.109    0.000    0.016   -0.036    0.000
    -0.013    0.020    0.009   -0.013    0.020   -0.009

 (  8)
     0.007    0.011    0.000    0.003    0.009    0.000    0.017   -0.043
     0.000   -0.077    0.126    0.000    0.004   -0.085    0.000   -0.100
    -0.032    0.000   -0.102   -0.034    0.000    0.035   -0.577    0.000
     0.351   -0.167   -0.125    0.351   -0.167    0.125

 (  9)
     0.028    0.070    0.000    0.075    0.020    0.000   -0.037   -0.008
     0.000    0.020   -0.030    0.000    0.009   -0.568    0.000   -0.517
    -0.145    0.000   -0.335   -0.161    0.000    0.020   -0.003    0.000
    -0.030    0.140    0.109   -0.030    0.140   -0.109

 ( 10)
     0.000    0.000   -0.001    0.000    0.000    0.000    0.000    0.000
    -0.020    0.000    0.000   -0.024    0.000    0.000   -0.002    0.000
     0.000   -0.009    0.000    0.000   -0.004    0.000    0.000    0.623
     0.528   -0.130    0.000   -0.528    0.130    0.000

 ( 11)
    -0.004   -0.014    0.000   -0.013   -0.013    0.000   -0.034    0.007
     0.000    0.004   -0.038    0.000    0.002    0.125    0.000    0.099
     0.025    0.000    0.191    0.073    0.000    0.077   -0.428    0.000
     0.155    0.436    0.364    0.155    0.436   -0.364

 ( 12)
    -0.036   -0.067    0.000    0.083    0.052    0.000   -0.086    0.045
     0.000    0.029   -0.006    0.000   -0.048   -0.253    0.000   -0.152
    -0.129    0.000    0.627    0.288    0.000    0.055   -0.110    0.000
    -0.013   -0.132   -0.096   -0.013   -0.132    0.096

 ( 13)
    -0.005   -0.101    0.000   -0.047    0.113    0.000    0.090   -0.017
     0.000   -0.073   -0.023    0.000    0.000    0.032    0.000   -0.306
    -0.247    0.000    0.039    0.171    0.000   -0.159    0.354    0.000
     0.242    0.051    0.129    0.242    0.051   -0.129

 ( 14)
     0.000    0.000    0.029    0.000    0.000   -0.063    0.000    0.000
    -0.043    0.000    0.000    0.103    0.000    0.000   -0.257    0.000
     0.000    0.137    0.000    0.000    0.509    0.000    0.000   -0.310
     0.107   -0.381   -0.109   -0.107    0.381   -0.109

 ( 15)
     0.000    0.000    0.051    0.000    0.000   -0.089    0.000    0.000
     0.035    0.000    0.000   -0.080    0.000    0.000   -0.323    0.000
     0.000    0.110    0.000    0.000    0.594    0.000    0.000    0.265
    -0.087    0.315    0.098    0.087   -0.315    0.098

 ( 16)
     0.033   -0.053    0.000   -0.064    0.071    0.000    0.028   -0.090
     0.000    0.062    0.093    0.000    0.045    0.115    0.000   -0.207
    -0.165    0.000    0.004    0.114    0.000    0.139   -0.239    0.000
    -0.396    0.149   -0.085   -0.396    0.149    0.085

 ( 17)
     0.084   -0.020    0.000   -0.040    0.012    0.000   -0.068    0.084
     0.000    0.062   -0.081    0.000    0.117    0.494    0.000   -0.344
    -0.210    0.000   -0.210   -0.055    0.000    0.086   -0.172    0.000
     0.082   -0.162   -0.045    0.082   -0.162    0.045

 ( 18)
     0.000    0.000   -0.137    0.000    0.000    0.040    0.000    0.000
    -0.013    0.000    0.000   -0.004    0.000    0.000    0.390    0.000
     0.000    0.731    0.000    0.000    0.231    0.000    0.000    0.044
    -0.017    0.032    0.012    0.017   -0.032    0.012

 ( 19)
    -0.090   -0.039    0.000   -0.100    0.054    0.000    0.087    0.090
     0.000    0.079   -0.073    0.000   -0.113   -0.362    0.000    0.151
     0.066    0.000   -0.192    0.021    0.000    0.131   -0.305    0.000
    -0.022   -0.078   -0.026   -0.022   -0.078    0.026

 ( 20)
     0.000    0.000   -0.011    0.000    0.000    0.156    0.000    0.000
    -0.068    0.000    0.000   -0.007    0.000    0.000   -0.714    0.000
     0.000    0.280    0.000    0.000   -0.172    0.000    0.000    0.049
    -0.043    0.035    0.004    0.043   -0.035    0.004

 ( 21)
     0.098    0.044    0.000   -0.082    0.127    0.000   -0.089   -0.092
     0.000    0.045   -0.051    0.000    0.089   -0.203    0.000    0.332
     0.148    0.000   -0.036    0.149    0.000    0.018    0.089    0.000
     0.141   -0.080    0.004    0.141   -0.080   -0.004

 ( 22)
     0.144   -0.051    0.000    0.025    0.030    0.000    0.016    0.070
     0.000   -0.165   -0.039    0.000    0.139   -0.163    0.000    0.217
    -0.018    0.000   -0.037    0.002    0.000   -0.132   -0.207    0.000
    -0.240   -0.005    0.006   -0.240   -0.005   -0.006

 ( 23)
     0.000    0.000   -0.039    0.000    0.000    0.100    0.000    0.000
    -0.130    0.000    0.000    0.065    0.000    0.000    0.218    0.000
     0.000   -0.458    0.000    0.000    0.408    0.000    0.000    0.229
    -0.142    0.068    0.076    0.142   -0.068    0.076

 ( 24)
     0.000    0.000   -0.060    0.000    0.000    0.031    0.000    0.000
     0.010    0.000    0.000    0.019    0.000    0.000   -0.057    0.000
     0.000   -0.136    0.000    0.000    0.103    0.000    0.000   -0.533
     0.388    0.269    0.291   -0.388   -0.269    0.291

 ( 25)
     0.009    0.098    0.041    0.068    0.059    0.074    0.074   -0.013
     0.119    0.009   -0.052    0.133    0.013    0.156    0.006   -0.044
     0.075    0.048    0.122    0.082    0.068    0.021   -0.109    0.170
    -0.052   -0.047    0.121    0.007   -0.033    0.121

 ( 26)
    -0.010    0.092   -0.086    0.047    0.054   -0.154    0.052   -0.016
    -0.111   -0.011   -0.053    0.023   -0.007    0.148   -0.134   -0.062
     0.069    0.018    0.098    0.076   -0.258    0.001   -0.109    0.045
    -0.076    0.037    0.066   -0.006   -0.121    0.066

 ( 27)
    -0.014   -0.099   -0.134   -0.041   -0.081   -0.053   -0.043   -0.048
     0.072   -0.013   -0.030    0.122   -0.015   -0.125   -0.233    0.011
    -0.088   -0.107   -0.065   -0.091   -0.079   -0.019   -0.004    0.223
    -0.082   -0.048    0.094    0.084   -0.024    0.094

 ( 28)
    -0.113    0.050   -0.030   -0.048    0.007    0.044   -0.042   -0.072
     0.027   -0.113   -0.114   -0.083   -0.109    0.113   -0.004   -0.171
     0.024   -0.117    0.010    0.032    0.131   -0.100   -0.177   -0.085
    -0.130   -0.173   -0.125   -0.164   -0.029   -0.125

 ( 29)
     0.006   -0.079    0.142    0.017   -0.086   -0.005    0.018   -0.100
    -0.066    0.006   -0.108    0.038    0.007   -0.067    0.176   -0.004
    -0.083    0.234    0.028   -0.082   -0.096    0.008   -0.119   -0.026
     0.034   -0.007    0.110   -0.034   -0.203    0.110

 ( 30)
     0.085   -0.038   -0.086    0.095   -0.044    0.024    0.096   -0.056
     0.026    0.085   -0.062   -0.104    0.086   -0.028   -0.072    0.076
    -0.042   -0.192    0.104   -0.040    0.129    0.087   -0.072   -0.087
     0.085   -0.154   -0.163    0.074    0.033   -0.163


 ==============================================================================
                      STATISTICAL THERMODYNAMICS ANALYSIS
 ==============================================================================

  Structure name    : me-vinylether-cis                                           
  Temperature       :   298.16 K
  Symmetry number   :   1
  Optical isomers   :   1
  Zero Point Energy :   52.377 Kcal/mol


                     ENERGY   ENTHALPY    ENTROPY  FREE ENERGY   HEAT CAPACITY
                  (Kcal/mol) (Kcal/mol)     (eu)   (Kcal/mol)    (cal/mol/deg)
  Translational       0.889      1.481     38.079     -9.873         4.967
     Rotational       0.889      0.889     23.876     -6.230         2.980
    Vibrational      53.511%    53.511%     5.726*    51.804%        9.702*
      Potential       4.908#     4.908#     0.000      4.908#        0.000
         Mixing       0.000      0.000      0.000      0.000         0.000
          Total      60.196     60.789     67.681     40.609        17.650

  Enthalpy Function (H-Ho)/T     =   11.75 cal/mol/deg
  Free Energy Function -(G-Ho)/T =   55.93 cal/mol/deg

  % Includes zero point energy (ZPE).
  * Excludes contribution from frequencies lower than 40 (1/cm).
  # Includes steric energy (SE).
    Internal rotation contributions are not considered

  This structure has   0 imaginary frequencies,
                       0 free internal rotation (fir) frequencies
                         (>= 0,< 10 /cm),
                       0 restricted internal rotation (rir) frequencies
                         (>= 10,< 40 /cm),
                       6 zero frequencies, and
                      24 real frequencies.


      FINAL STERIC ENERGY IS      4.9075 KCAL/MOL.
      (WITHOUT ELECTRONIC ENERGY CORR.)


                COMPRESSION       0.0785
                BENDING           2.5761
                BEND-BEND        -0.0619
                STRETCH-BEND      0.0820
                VANDERWAALS
                  1,4 ENERGY      1.8562
                  OTHER           1.0086
                H-BONDING         0.0000
                PI-COMPLX         0.0000

                TORSIONAL        -2.3488
                TORSION-STRETCH   0.0000
                DIPOLE-DIPOLE     1.7169
                CHARGE-DIPOLE     0.0000
                CHARGE-CHARGE     0.0000


      FINAL ENERGY (WITH SCF) IS          -170.4058 KCAL/MOL

                STERIC            4.9075
                SIGMA-STRETCH    -0.0634
                E(RHF)         -175.2499

      -----------------------------------------------------------------

      COORDINATES TRANSLATED TO NEW ORIGIN WHICH IS CENTER OF MASS
         C(   1)    -1.46890    -0.57025     0.00000   (  2)
         C(   2)    -0.72747     0.54827     0.00000   (  2)
         O(   3)     0.62911     0.64957     0.00000   ( 41)
         C(   4)     1.36077    -0.57448     0.00000   (  1)
         H(   5)    -2.56689    -0.50260     0.00000   (  5)
         H(   6)    -1.02626    -1.57534     0.00000   (  5)
         H(   7)    -1.16247     1.55476     0.00000   (  5)
         H(   8)     2.44895    -0.34545     0.00000   (  5)
         H(   9)     1.13578    -1.16901     0.91328   (  5)
         H(  10)     1.13578    -1.16901    -0.91328   (  5)

      MOMENT OF INERTIA WITH THE PRINCIPAL AXES

          (1)  UNIT = 10**(-39) GM*CM**2
               IX=    4.6437    IY=   13.3138    IZ=   17.3991

          (2)  UNIT = AU A**2
               IX=   27.9683    IY=   80.1862    IZ=  104.7914



      MOLECULAR POLARIZABILITIES (A**3)
        ALPHA(1)   =       6.81
        ALPHA(2)   =       7.34
        ALPHA(3)   =       5.04
        AVG. ALPHA =       6.40



      DIPOLE MOMENT =          0.970 D


        PI-DIPOLE MOMENT    =  0.5379

            COMPONENTS    X = -0.4308    Y = -0.3220    Z =  0.0000


        SIGMA-DIPOLE MOMENT =  1.3430


            COMPONENTS    X =  0.3740    Y =  1.2899    Z =  0.0000


      -----------------------------------------------------------------

        END OF me-vinylether-cis                                           


           TOTAL CPU TIME IS      0.04 SECONDS.

           THIS JOB COMPLETED AT    11:00:18
