1
               ---------------------------------------------
               WARNING : INCORRECT ATOM TYPES GIVEN IN INPUT
                         DATA ARE CORRECTED AS FOLLOWS
               ---------------------------------------------


             Atom type of atom    1 is replaced by   2 (was   0)
             Atom type of atom    2 is replaced by   2 (was   0)
             Atom type of atom    3 is replaced by   1 (was   0)
             Atom type of atom    4 is replaced by   6 (was   0)
             Atom type of atom    5 is replaced by   5 (was   0)
             Atom type of atom    6 is replaced by   5 (was   0)
             Atom type of atom    7 is replaced by   5 (was   0)
             Atom type of atom    8 is replaced by   5 (was   0)
             Atom type of atom    9 is replaced by   5 (was   0)
             Atom type of atom   10 is replaced by  21 (was   0)
1     propen-3-ol-syn-a                                           

               CHEMICAL FORMULA :  C(   3)  H(   6)  O(   1) 
               FORMULA WEIGHT   :     58.043
                                                               DATE 31-MAY-23
                                                               TIME  11:28:26


          THE COORDINATES OF   10 ATOMS ARE READ IN.
          SOME CONSTANTS WILL BE READ IN.

      CONFORMATIONAL ENERGY, PART 1:  GEOMETRY AND STERIC ENERGY
                                      OF INITIAL CONFORMATION.


      CONNECTED ATOMS
         1-   2-   3-   4-

      ATTACHED ATOMS
         1-   5,   1-   6,   2-   7,   3-   8,   3-   9,   4-  10,

      INITIAL ATOMIC COORDINATES
           ATOM         X           Y           Z       TYPE
         C(   1)    -2.01793    -0.05780     0.00002   (  2)
         C(   2)    -1.27568     1.05712    -0.00003   (  2)
         C(   3)     0.17512     1.10721     0.00004   (  1)
         O(   4)     0.81338    -0.17700    -0.00006   (  6)
         H(   5)    -3.00859     0.00416    -0.00003   (  5)
         H(   6)    -1.60388    -0.95859     0.00011   (  5)
         H(   7)    -1.75661     1.92812    -0.00011   (  5)
         H(   8)     0.49393     1.66232    -0.88708   (  5)
         H(   9)     0.49385     1.66218     0.88727   (  5)
         H(  10)     1.78640    -0.02771     0.00013   ( 21)


          DIELECTRIC CONSTANT =  1.500


      INITIAL STERIC ENERGY IS     22.7247 KCAL/MOL.

                  COMPRESSION      19.3492
                  BENDING           1.0360
                  BEND-BEND         0.0417
                  STRETCH-BEND     -0.0450
                  VANDERWAALS
                    1,4 ENERGY      2.8069
                    OTHER           0.2629
                  H-BONDING         0.1114
                  PI-COMPLX         0.0000

                  TORSIONAL        -1.6627
                  TORSION-STRETCH   0.0005
                  DIPOLE-DIPOLE     0.8237
                  CHARGE-DIPOLE     0.0000
                  CHARGE-CHARGE     0.0000


      MOLECULAR POLARIZABILITIES (A**3)
        ALPHA(1)   =       5.64
        ALPHA(2)   =       6.34
        ALPHA(3)   =       4.03
        AVG. ALPHA =       5.33



      DIPOLE MOMENT =          1.938 D


      E (INDP/INDP) =         -0.973 KCAL/MOLE
      DIPOLE MOMENT =          1.867 D (INCLUDES INDUCED BOND MOMENTS)
      *NOTE*  E (INDP/INDP) IS NOT INCLUDED IN THE INITIAL STERIC ENERGY

      CPU TIME FOR INITIAL CALCULATION IS     0.02 SECONDS.


1     propen-3-ol-syn-a                                           


     CONFORMATIONAL ENERGY, PART 2: GEOMETRY MINIMIZATION

                            =====================
                            FULL-MATRIX OPTIMIZER
                            =====================


     iter.  rms force   max force   avg. move    max move  atom  convg  d-time

        0   51.212872  122.550674   0.00909 A   0.05000 A    5    [N]     0.0s
        1   26.933847   65.134155   0.00522 A   0.05000 A    6    [N]     0.0s
        2   21.489939   51.658386   0.00530 A   0.05000 A    6    [N]     0.0s
        3   21.020056   50.240768   0.00565 A   0.05000 A    6    [N]     0.0s
        4   18.802299   44.593147   0.00790 A   0.05000 A    5    [N]     0.0s
        5    2.858660    6.892577   0.00240 A   0.01987 A    6    [N]     0.0s
        6    0.088882    0.256135   0.00047 A   0.00317 A    6    [N]     0.0s
        7    0.000584    0.001791   0.00001 A   0.00006 A    7    [N]     0.0s
        8    0.000030    0.000076                                 [Y]     0.0s


      TOTAL ENERGY IS      2.3044 KCAL/MOL.

        COMPRESS    0.0543      VDW 1,4    2.1361      DIPL-DIPL    0.7427
        BENDING     0.5220        OTHER    0.3725      CHRG-DIPL    0.0000
        STR-BEND    0.0231      TORSION   -1.6635      CHRG-CHRG    0.0000
        BEND-BEND   0.0003      TOR-STR    0.0000      EPR          0.0000
        H-BONDING   0.1170      PI-CMPL    0.0000
0     DELTA(T) =     0.0 SEC.          ELAPSED TIME =     0.0 SEC.


    * * * ENERGY IS STATIONARY WITHIN RMS OF FORCES   0.00010  Kcal/mol/A * * *

                 * * * *  RMS FORCE IS   0.00003 Kcal/mol/A * * * *

1     propen-3-ol-syn-a                                           

               CHEMICAL FORMULA :  C(   3)  H(   6)  O(   1) 
               FORMULA WEIGHT   :     58.043
                                                               DATE : 31-MAY-23

           * M M 3 * * * * * * * * * * * 2 0 0 0 *
           *                                     *   PARAMETER RELIABILITY
           *                                     *
           *                                     *   BLANK = GOOD
           *                                     *       B = FAIR
           *                                     *       C = TRIAL
           *                                     *       R = READ IN
           *                                     *       S = SUBSTITUTED
           *                                     *       U = PARAMETER NOT EXIST
           *                                     *
           *                                     *   THIS IS SHOWN AT THE END 
           *                                     *   OF THE LINE.
           * * * * * * * * * * * * * * * * * * * * 


      CONFORMATIONAL ENERGY, PART 3:  GEOMETRY AND STERIC ENERGY
                                      OF FINAL CONFORMATION.

      CONNECTED ATOMS
         1-   2-   3-   4-

      ATTACHED ATOMS
         1-   5,   1-   6,   2-   7,   3-   8,   3-   9,   4-  10,

      FINAL ATOMIC COORDINATE
           ATOM         X           Y           Z       TYPE
         C(   1)     1.52272     0.56501     0.00000   (  2)
         C(   2)     0.81906    -0.57460     0.00000   (  2)
         C(   3)    -0.68173    -0.68261     0.00000   (  1)
         O(   4)    -1.29280     0.61020     0.00000   (  6)
         H(   5)     2.62517     0.54861     0.00000   (  5)
         H(   6)     1.02007     1.54477     0.00000   (  5)
         H(   7)     1.37148    -1.53133     0.00000   (  5)
         H(   8)    -1.01508    -1.25292    -0.90213   (  5)
         H(   9)    -1.01508    -1.25292     0.90213   (  5)
         H(  10)    -2.23490     0.50160     0.00000   ( 21)


          DIELECTRIC CONSTANT =  1.500


      BOND LENGTHS AND STRETCHING ENERGY   (    9 BONDS)

        ENERGY = 71.94(KS)(DR)(DR)(1-(CS)(DR)+(7/12)((CS)(DR))**2)
                          DR = R-RO
                          CS =  2.550
                                                         R(0)-CORR        CORR
          BOND        LENGTH   R(0)    K(S)  ENERGY   E-NEG   MISCEL       KS
    C(   1)- C(   2)  1.3393  1.3320  7.500  0.0286                             
    C(   1)- H(   5)  1.1026  1.1010  5.150  0.0009                             
    C(   1)- H(   6)  1.1012  1.1010  5.150  0.0000                             
    C(   2)- C(   3)  1.5047  1.4990  6.300  0.0144                             
    C(   2)- H(   7)  1.1048  1.1010  5.150  0.0052                             
    C(   3)- O(   4)  1.4300  1.4280  5.700  0.0016  0.0150                     
    C(   3)- H(   8)  1.1181  1.1161  4.544  0.0013 -0.0028  0.0069  BH -0.136  
    C(   3)- H(   9)  1.1181  1.1161  4.544  0.0013 -0.0028  0.0069  BH -0.136  
    O(   4)- H(  10)  0.9483  0.9470  7.630  0.0010                             


      NON-BONDED DISTANCES, VDW AND EPR ENERGY   (     23 PAIRS)

              E(VDW) = KV*(1.84(10**5)EXP(-12.00/P) - 2.25(P**6))
              E(EPR) = C*KV*(1.84(10**5)EXP(-12.00/Q) - 2.25(Q**6))
              E(HBD) = EP1-EP2*COS(THETA)*RTH/RTH0
                            EP1 = KHB*1.84(10**5)*EXP(-12.0/P)
                            EP2 = KHB*2.25(P**6)

            IF P > 3.020, THEN,
              E(VDW) = KV(192.270)(P**2)
              E(HBD) = EP1-EP2*COS(THETA)*RTH/RTH0
                            EP1 = KHB*(192.270*P**2+1706.96)
                            EP2 = KHB*1706.96

               WHERE   RV = RVDW(I) + RVDW(K)
                       KV = SQRT(EPS(I)*EPS(K))
                      KHB = EPS/DIELEC  FOR HYDROGEN BOND
                        P = (RV/R) OR (RV/R#)
                        C = SCALE FACTOR
                        Q = RV/R, WHERE R IS MODIFIED DISTANCE
                    THETA = ANGLE H-X-Y IN HYDROGEN BOND X-H...Y
                      RTH = BOND LENGTH X-H IN X-H...Y
                     RTH0 = NATURAL BOND LENGTH X-H

          # IN THE VDW CALCULATIONS THE HYDROGEN ATOMS ARE RELOCATED
          SO THAT THE ATTACHED HYDROGEN DISTANCE IS REDUCED BY 0.923

          # IN THE VDW CALCULATIONS THE DEUTERIUM ATOMS ARE RELOCATED
          SO THAT THE ATTACHED DEUTERIUM DISTANCE IS REDUCED BY  0.923

         ATOM PAIR          R       R#       RV      KV       ENERGY
      C(   1), C(   3)   2.5330
      C(   1), O(   4)   2.8159            3.780   0.0575     0.6302  1,4       
      C(   1), H(   7)   2.1018
      C(   1), H(   8)   3.2495   3.1861   3.580   0.0335    -0.0099  1,4       
      C(   1), H(   9)   3.2495   3.1861   3.580   0.0335    -0.0099  1,4       
      C(   1), H(  10)   3.7582   3.6855   2.650   0.5500     0.1170    H       
      C(   2), O(   4)   2.4215
      C(   2), H(   5)   2.1269
      C(   2), H(   6)   2.1289
      C(   2), H(   8)   2.1536
      C(   2), H(   9)   2.1536
      C(   2), H(  10)   3.2380   3.1726   3.560   0.0299    -0.0095  1,4       
      C(   3), H(   5)   3.5287   3.4497   3.560   0.0230    -0.0248  1,4       
      C(   3), H(   6)   2.8031   2.7677   3.560   0.0230     0.1414  1,4       
      C(   3), H(   7)   2.2217
      C(   3), H(  10)   1.9531
      O(   4), H(   5)   3.9185   3.8336   3.440   0.0344    -0.0305            
      O(   4), H(   6)   2.4946   2.5036   3.440   0.0344     0.4982            
      O(   4), H(   7)   3.4183   3.3391   3.440   0.0344    -0.0372  1,4       
      O(   4), H(   8)   2.0886
      O(   4), H(   9)   2.0886
      H(   5), H(   6)   1.8891
      H(   5), H(   7)   2.4286   2.3447   3.240   0.0200     0.3096  1,4       
      H(   5), H(   8)   4.1606   4.0306   3.240   0.0200    -0.0109            
      H(   5), H(   9)   4.1606   4.0306   3.240   0.0200    -0.0109            
      H(   5), H(  10)   4.8603   4.7028   3.220   0.0179    -0.0041            
      H(   6), H(   7)   3.0961   2.9394   3.240   0.0200    -0.0119  1,4       
      H(   6), H(   8)   3.5753   3.4730   3.240   0.0200    -0.0201            
      H(   6), H(   9)   3.5753   3.4730   3.240   0.0200    -0.0201            
      H(   6), H(  10)   3.4181   3.3610   3.220   0.0179    -0.0192            
      H(   7), H(   8)   2.5665   2.4759   3.240   0.0200     0.1572  1,4       
      H(   7), H(   9)   2.5665   2.4759   3.240   0.0200     0.1572  1,4       
      H(   7), H(  10)   4.1399   4.0076   3.220   0.0179    -0.0098            
      H(   8), H(   9)   1.8043
      H(   8), H(  10)   2.3195   2.2414   3.220   0.0179     0.4219  1,4       
      H(   9), H(  10)   2.3195   2.2414   3.220   0.0179     0.4219  1,4       


      BOND ANGLES, BENDING AND STRETCH-BEND ENERGIES   (   13 ANGLES)

          EB = 0.021914(KB)(DT)(DT)(1+CF*DT+QF*DT**2+PF*DT**3+SF*DT**4)
                          DT = THETA-TZERO
                          CF = -1400.000E-5
                          QF =     5.600E-5
                          PF =    -0.070E-5
                          SF =     0.022E-6
          ESB(J) = 2.51124(KSB(J))(DT)(DR1+DR2)
                          DR(I) = R(I) - R0(I)
          EBDBD  = -0.02191418(KBB1)(DT1)(KBB2)(DT2)

          A T O M S            THETA    TZERO     KB     EB     KSB    ESB
   C(   2)- C(   1)- H(   5)  120.841  120.500                 0.08  0.0006     
      IN-PLN    2-   1-   5   120.841  120.500  0.490  0.0012                   
      OUT-PL    1-   6-   1     0.018           0.110  0.0000                   
   C(   2)- C(   1)- H(   6)  121.148  120.500                 0.08  0.0010     
      IN-PLN    2-   1-   6   121.148  120.500  0.490  0.0045                   
      OUT-PL    1-   5-   1     0.000           0.110  0.0000                   
   H(   5)- C(   1)- H(   6)  118.011  119.000
      IN-PLN    5-   1-   6   118.011  119.000  0.450  0.0098                   
      OUT-PL    1-   2-   1     0.004           0.200  0.0000                   
   C(   1)- C(   2)- C(   3)  125.810  122.300                 0.13  0.0149     
      IN-PLN    1-   2-   3   125.810  122.300  0.470  0.1207                   
      OUT-PL    2-   7-   2     0.016           0.110  0.0000                   
   C(   1)- C(   2)- H(   7)  118.304  120.000                 0.08 -0.0038     
      IN-PLN    1-   2-   7   118.304  120.000  0.490  0.0316                   
      OUT-PL    2-   3-   2     0.006           0.100  0.0000                   
   C(   3)- C(   2)- H(   7)  115.886  117.500                 0.08 -0.0031     
      IN-PLN    3-   2-   7   115.886  117.500  0.490  0.0286                   
      OUT-PL    2-   1-   2     0.004           0.200  0.0000                   
   C(   2)- C(   3)- O(   4)  111.182  107.000  0.700  0.2528  0.13  0.0104    B
   C(   2)- C(   3)- H(   8)  109.511  109.310  0.550  0.0005  0.08  0.0003     
   C(   2)- C(   3)- H(   9)  109.511  109.310  0.550  0.0005  0.08  0.0003     
   O(   4)- C(   3)- H(   8)  109.496  108.900  0.820  0.0063  0.08  0.0005     
   O(   4)- C(   3)- H(   9)  109.496  108.900  0.820  0.0063  0.08  0.0005     
   H(   8)- C(   3)- H(   9)  107.573  107.600  0.550  0.0000                   
   C(   3)- O(   4)- H(  10)  108.723  106.800  0.750  0.0591  0.09  0.0014     


     DIHEDRAL ANGLES, TORSIONAL ENERGY (ET)   (   13 ANGLES)

           ET = (V1/2)(1+COS(W))+(V2/2)(1-COS(2W))+(V3/2)(1+COS(3W))

           ETS = -11.995*(R-R0)((KTS1/2)(1+COS(W))+
                                (KTS2/2)(1-COS(2W)+
                                (KTS3/2)(1+COS(3W))

           SIGN OF ANGLE A-B-C-D : WHEN LOOKING THROUGH B TOWARD C,
           IF D IS COUNTERCLOCKWISE FROM A, NEGATIVE.

         A T O M S               OMEGA    V1     V2     V3     ET   KTS3   ETS
 C(   1) C(   2) C(   3) O(   4)   0.0 -0.500  1.000 -0.985 -1.485              
 C(   1) C(   2) C(   3) H(   8) 121.1  0.000  0.000 -0.090 -0.090              
 C(   1) C(   2) C(   3) H(   9)-121.1  0.000  0.000 -0.090 -0.090              
 C(   2) C(   3) O(   4) H(  10)-180.0  0.800  0.000  0.090  0.000 0.100 0.000 C
 C(   3) C(   2) C(   1) H(   5)-180.0  0.000 10.000  0.000  0.000              
 C(   3) C(   2) C(   1) H(   6)   0.0  0.000 10.000  0.000  0.000              
 O(   4) C(   3) C(   2) H(   7) 180.0  0.000  0.000  0.000  0.000 0.270 0.000 C
 H(   5) C(   1) C(   2) H(   7)   0.0  0.000 11.500  0.000  0.000              
 H(   6) C(   1) C(   2) H(   7) 180.0  0.000 11.500  0.000  0.000              
 H(   7) C(   2) C(   3) H(   8) -58.9  0.000  0.000  0.580  0.001 0.270 0.000  
 H(   7) C(   2) C(   3) H(   9)  58.9  0.000  0.000  0.580  0.001 0.270 0.000  
 H(   8) C(   3) O(   4) H(  10)  58.9  0.000  0.000  0.200  0.000 0.100 0.000  
 H(   9) C(   3) O(   4) H(  10) -58.9  0.000  0.000  0.200  0.000 0.100 0.000  

     DIPOLE-DIPOLE INTERACTION ENERGY  (DIELECTRIC CONSTANT = 1.50)

          E = 14.388*MU1*MU2*(COSX-3*COSA*COSB)/(R12**3*DIELC)

               MU1 = BOND MOM OF BOND 1
               MU2 = BOND MOM OF BOND 2
               R12 = DISTANCE BETWEEN MID-POINTS OF TWO BONDS.

        BOND(1)       MU1           BOND(2)       MU2      R12        E
   C(   1)- H(   5) -0.600   + C(   2)- C(   3) -0.900   2.3295    0.5306       
   C(   1)- H(   5) -0.600   + C(   2)- H(   7) -0.600   1.8839    0.6419       
   C(   1)- H(   5) -0.600   + C(   3)- O(   4)  1.170   3.1181   -0.0636       
   C(   1)- H(   5) -0.600   + O(   4)- H(  10) -1.670   3.8378    0.3381       
   C(   1)- H(   6) -0.600   + C(   2)- C(   3) -0.900   2.0690    0.7424       
   C(   1)- H(   6) -0.600   + C(   2)- H(   7) -0.600   2.1152    0.3986       
   C(   1)- H(   6) -0.600   + C(   3)- O(   4)  1.170   2.5084   -0.4267       
   C(   1)- H(   6) -0.600   + O(   4)- H(  10) -1.670   3.0760   -0.1868       
   C(   2)- C(   3) -0.900   + O(   4)- H(  10) -1.670   2.1820   -1.1810       
   C(   2)- H(   7) -0.600   + C(   3)- O(   4)  1.170   2.3175   -0.5115       
   C(   2)- H(   7) -0.600   + O(   4)- H(  10) -1.670   3.2807    0.4606       


 ==============================================================================
                        NORMAL MODE VIBRATIONAL ANALYSIS
 ==============================================================================


             Molecular Shape : ASYMMETRIC ROTOR WITH KAPPA =-0.787195
        Symmetry Point Group : Cs  
             Symmetry Number :  1
                   Chirality :  no



0       FUNDAMENTAL NORMAL VIBRATIONAL FREQUENCIES
                ( THEORETICALLY  24 VALUES )

             Frequency :  in 1/cm
             A(i)      :  IR intensity (vs,s,m,w,vw,-- or in 10**6 cm/mole)
             A(i) = -- :  IR inactive


             no       Frequency   Symmetry      A(i)

             1.          3677.9     (A`  )       vs
             2.          3109.3     (A`  )        m
             3.          3033.5     (A`  )        m
             4.          3009.5     (A`  )        m
             5.          2888.8     (A"  )        m
             6.          2838.9     (A`  )        w
             7.          1681.1     (A`  )        w
             8.          1555.2     (A`  )        w
             9.          1473.2     (A`  )        m
            10.          1388.0     (A`  )        w
            11.          1299.3     (A"  )        w
            12.          1282.4     (A`  )       vs
            13.          1247.4     (A`  )        w
            14.          1120.2     (A`  )        m
            15.          1089.6     (A"  )        w
            16.          1042.4     (A`  )        m
            17.           974.8     (A"  )        m
            18.           909.1     (A`  )        w
            19.           895.6     (A"  )        w
            20.           571.2     (A"  )        w
            21.           505.5     (A`  )        w
            22.           275.5     (A`  )        w
            23.           224.0     (A"  )       vs
            24.           150.9     (A"  )        m
            25.     (       0.0)    (t/r )
            26.     (       0.0)    (t/r )
            27.     (       0.0)    (t/r )
            28.     (       0.0)    (t/r )
            29.     (       0.0)    (t/r )
            30.     (       0.0)    (t/r )


0       CORRESPONDING EIGEN VECTOR MATRIX   30 BY  30



 (  1)
     0.000    0.000    0.000    0.000    0.000    0.000    0.000   -0.002
     0.000   -0.061   -0.005    0.000    0.000    0.000    0.000    0.001
     0.000    0.000    0.000    0.000    0.000   -0.001    0.006    0.003
    -0.001    0.006   -0.003    0.961    0.098    0.000

 (  2)
    -0.079    0.055    0.000    0.000    0.000    0.000    0.000    0.000
     0.000    0.000    0.000    0.000    0.613   -0.010    0.000    0.326
    -0.632    0.000    0.000   -0.020    0.000    0.000   -0.001   -0.001
     0.000   -0.001    0.001    0.000    0.000    0.000

 (  3)
     0.016    0.026    0.000    0.037   -0.070    0.000   -0.004   -0.001
     0.000    0.000    0.000    0.000   -0.268   -0.015    0.000    0.110
    -0.224    0.000   -0.440    0.759    0.000    0.010    0.008    0.012
     0.010    0.008   -0.012   -0.001   -0.001    0.000

 (  4)
     0.040    0.050    0.000   -0.021    0.022    0.000    0.003    0.001
     0.000    0.000    0.000    0.000   -0.677   -0.012    0.000    0.243
    -0.529    0.000    0.189   -0.315    0.000   -0.005   -0.005   -0.008
    -0.005   -0.005    0.008    0.000    0.000    0.000

 (  5)
     0.000    0.000    0.000    0.000    0.000   -0.001    0.000    0.000
     0.091    0.000    0.000    0.000    0.000    0.000    0.002    0.000
     0.000   -0.002    0.000    0.000    0.002   -0.203   -0.340   -0.539
     0.203    0.340   -0.539    0.000    0.000    0.002

 (  6)
     0.000    0.000    0.000    0.004    0.004    0.000   -0.039   -0.066
     0.000    0.000    0.004    0.000   -0.004    0.000    0.000    0.003
    -0.004    0.000    0.007   -0.031    0.000    0.212    0.367    0.530
     0.212    0.367   -0.530   -0.008   -0.016    0.000

 (  7)
    -0.075   -0.091    0.000    0.167    0.102    0.000   -0.111    0.014
     0.000    0.012   -0.007    0.000   -0.111    0.155    0.000    0.230
     0.032    0.000   -0.268   -0.149    0.000    0.081   -0.086   -0.027
     0.081   -0.086    0.027    0.019   -0.052    0.000

 (  8)
     0.033    0.057    0.000    0.004   -0.052    0.000   -0.123    0.116
     0.000    0.030   -0.032    0.000    0.048   -0.226    0.000   -0.207
    -0.048    0.000    0.159    0.018    0.000    0.253   -0.336    0.169
     0.253   -0.336   -0.169    0.035   -0.010    0.000

 (  9)
    -0.024   -0.067    0.000   -0.074   -0.020    0.000    0.038    0.061
     0.000    0.004   -0.018    0.000   -0.034    0.527    0.000    0.468
     0.160    0.000    0.257    0.183    0.000   -0.022   -0.190    0.212
    -0.022   -0.190   -0.212   -0.006    0.103    0.000

 ( 10)
    -0.011   -0.001    0.000    0.026    0.054    0.000    0.098    0.015
     0.000   -0.009   -0.003    0.000   -0.015   -0.187    0.000   -0.185
    -0.085    0.000   -0.325   -0.138    0.000   -0.323   -0.260    0.360
    -0.323   -0.260   -0.360   -0.025    0.157    0.000

 ( 11)
     0.000    0.000    0.003    0.000    0.000   -0.026    0.000    0.000
    -0.038    0.000    0.000    0.041    0.000    0.000   -0.016    0.000
     0.000   -0.005    0.000    0.000   -0.011    0.521   -0.443    0.046
    -0.521    0.443    0.046    0.000    0.000    0.026

 ( 12)
     0.006   -0.006    0.000   -0.009    0.004    0.000   -0.015   -0.041
     0.000    0.015    0.097    0.000    0.007    0.019    0.000   -0.001
    -0.011    0.000    0.104    0.072    0.000   -0.124   -0.132    0.089
    -0.124   -0.132   -0.089    0.110   -0.840    0.000

 ( 13)
    -0.027   -0.094    0.000    0.044    0.088    0.000   -0.020    0.025
     0.000    0.005   -0.030    0.000   -0.029   -0.230    0.000   -0.207
    -0.200    0.000    0.580    0.411    0.000   -0.185    0.102    0.017
    -0.185    0.102   -0.017   -0.006    0.070    0.000

 ( 14)
     0.021   -0.091    0.000   -0.069    0.091    0.000    0.048   -0.070
     0.000   -0.019    0.069    0.000    0.022    0.165    0.000   -0.316
    -0.273    0.000   -0.080    0.100    0.000    0.356   -0.191   -0.041
     0.356   -0.191    0.041   -0.024    0.125    0.000

 ( 15)
     0.000    0.000    0.070    0.000    0.000   -0.111    0.000    0.000
     0.033    0.000    0.000   -0.007    0.000    0.000   -0.508    0.000
     0.000    0.116    0.000    0.000    0.689    0.060    0.086   -0.043
    -0.060   -0.086   -0.043    0.000    0.000    0.000

 ( 16)
    -0.065    0.034    0.000    0.054   -0.032    0.000    0.023   -0.105
     0.000   -0.049    0.092    0.000   -0.071   -0.427    0.000    0.329
     0.238    0.000    0.255    0.074    0.000    0.100   -0.181    0.015
     0.100   -0.181   -0.015   -0.066    0.239    0.000

 ( 17)
     0.000    0.000   -0.123    0.000    0.000    0.030    0.000    0.000
    -0.035    0.000    0.000    0.007    0.000    0.000    0.269    0.000
     0.000    0.772    0.000    0.000    0.323   -0.048   -0.060    0.020
     0.048    0.060    0.020    0.000    0.000    0.003

 ( 18)
     0.107    0.043    0.000    0.076   -0.045    0.000   -0.103   -0.095
     0.000   -0.035    0.046    0.000    0.118    0.442    0.000   -0.169
    -0.097    0.000    0.151   -0.007    0.000   -0.220   -0.083    0.029
    -0.220   -0.083   -0.028   -0.059    0.263    0.000

 ( 19)
     0.000    0.000   -0.040    0.000    0.000   -0.065    0.000    0.000
     0.149    0.000    0.000   -0.033    0.000    0.000    0.371    0.000
     0.000    0.036    0.000    0.000   -0.062    0.350    0.308   -0.176
    -0.350   -0.308   -0.176    0.000    0.000    0.010

 ( 20)
     0.000    0.000    0.026    0.000    0.000   -0.131    0.000    0.000
    -0.005    0.000    0.000    0.022    0.000    0.000    0.637    0.000
     0.000   -0.311    0.000    0.000    0.334   -0.182   -0.146    0.159
     0.182    0.146    0.159    0.000    0.000   -0.024

 ( 21)
    -0.077   -0.037    0.000    0.107   -0.132    0.000    0.089    0.098
     0.000   -0.080    0.053    0.000   -0.077    0.189    0.000   -0.279
    -0.140    0.000    0.114   -0.127    0.000    0.087    0.078    0.014
     0.087    0.078   -0.014   -0.067   -0.075    0.000

 ( 22)
     0.157   -0.042    0.000    0.020    0.044    0.000    0.012    0.055
     0.000   -0.163   -0.025    0.000    0.157   -0.177    0.000    0.264
     0.013    0.000   -0.042    0.006    0.000    0.048    0.018    0.009
     0.048    0.018   -0.009   -0.148   -0.157    0.000

 ( 23)
     0.000    0.000   -0.006    0.000    0.000   -0.024    0.000    0.000
     0.036    0.000    0.000    0.055    0.000    0.000   -0.066    0.000
     0.000    0.076    0.000    0.000   -0.102   -0.015   -0.009    0.046
     0.015    0.009    0.046    0.000    0.000   -0.946

 ( 24)
     0.000    0.000   -0.078    0.000    0.000    0.106    0.000    0.000
    -0.097    0.000    0.000    0.084    0.000    0.000    0.088    0.000
     0.000   -0.411    0.000    0.000    0.410    0.113    0.169   -0.246
    -0.113   -0.169   -0.246    0.000    0.000   -0.108

 ( 25)
     0.010    0.021    0.173    0.009    0.022    0.074    0.009    0.024
    -0.085    0.010    0.024   -0.121    0.010    0.020    0.288    0.011
     0.021    0.142    0.008    0.021    0.112    0.102    0.044   -0.132
    -0.086    0.004   -0.133    0.010    0.025   -0.222

 ( 26)
    -0.036    0.013   -0.074   -0.039    0.015   -0.160   -0.040    0.020
    -0.161   -0.036    0.022   -0.056   -0.036    0.010   -0.081   -0.032
     0.015    0.006   -0.043    0.014   -0.239   -0.046    0.093   -0.205
    -0.037   -0.050   -0.205   -0.036    0.025   -0.060

 ( 27)
     0.004   -0.108    0.121   -0.043   -0.079   -0.029   -0.047   -0.018
    -0.039    0.006    0.007    0.135    0.003   -0.153    0.116    0.044
    -0.087    0.253   -0.082   -0.101   -0.158   -0.073    0.116   -0.114
    -0.068   -0.124   -0.114    0.001    0.046    0.123

 ( 28)
    -0.049   -0.052   -0.026   -0.114   -0.012    0.055   -0.121    0.075
     0.057   -0.046    0.110   -0.041   -0.050   -0.116   -0.020    0.008
    -0.023   -0.100   -0.170   -0.044    0.128   -0.150    0.027    0.098
    -0.157    0.161    0.098   -0.052    0.164   -0.036

 ( 29)
    -0.112    0.128    0.062   -0.045    0.087    0.019   -0.038   -0.002
     0.019   -0.115   -0.039    0.072   -0.111    0.194    0.058   -0.170
     0.098    0.102    0.012    0.119   -0.021   -0.007    0.014   -0.003
    -0.002   -0.058   -0.003   -0.108   -0.094    0.071

 ( 30)
     0.061    0.080    0.014    0.040    0.093   -0.026    0.038    0.120
     0.003    0.062    0.131    0.080    0.061    0.060   -0.012    0.079
     0.089    0.073    0.023    0.083   -0.085    0.007    0.170   -0.017
     0.048    0.082   -0.017    0.060    0.149    0.096


 ==============================================================================
                      STATISTICAL THERMODYNAMICS ANALYSIS
 ==============================================================================

  Structure name    : propen-3-ol-syn-a                                           
  Temperature       :   298.16 K
  Symmetry number   :   1
  Optical isomers   :   1
  Zero Point Energy :   51.812 Kcal/mol


                     ENERGY   ENTHALPY    ENTROPY  FREE ENERGY   HEAT CAPACITY
                  (Kcal/mol) (Kcal/mol)     (eu)   (Kcal/mol)    (cal/mol/deg)
  Translational       0.889      1.481     38.079     -9.873         4.967
     Rotational       0.889      0.889     24.082     -6.292         2.980
    Vibrational      53.254%    53.254%     8.013*    50.865%       10.807*
      Potential       2.304#     2.304#     0.000      2.304#        0.000
         Mixing       0.000      0.000      0.000      0.000         0.000
          Total      57.336     57.928     70.174     37.005        18.755

  Enthalpy Function (H-Ho)/T     =   12.79 cal/mol/deg
  Free Energy Function -(G-Ho)/T =   57.39 cal/mol/deg

  % Includes zero point energy (ZPE).
  * Excludes contribution from frequencies lower than 40 (1/cm).
  # Includes steric energy (SE).
    Internal rotation contributions are not considered

  This structure has   0 imaginary frequencies,
                       0 free internal rotation (fir) frequencies
                         (>= 0,< 10 /cm),
                       0 restricted internal rotation (rir) frequencies
                         (>= 10,< 40 /cm),
                       6 zero frequencies, and
                      24 real frequencies.


      FINAL STERIC ENERGY IS      2.3044 KCAL/MOL.


                COMPRESSION       0.0543
                BENDING           0.5220
                BEND-BEND         0.0003
                STRETCH-BEND      0.0231
                VANDERWAALS
                  1,4 ENERGY      2.1361
                  OTHER           0.3725
                H-BONDING         0.1170
                PI-COMPLX         0.0000

                TORSIONAL        -1.6635
                TORSION-STRETCH   0.0000
                DIPOLE-DIPOLE     0.7427
                CHARGE-DIPOLE     0.0000
                CHARGE-CHARGE     0.0000

      -----------------------------------------------------------------

      COORDINATES TRANSLATED TO NEW ORIGIN WHICH IS CENTER OF MASS
         C(   1)     1.52272     0.56501     0.00000   (  2)
         C(   2)     0.81906    -0.57460     0.00000   (  2)
         C(   3)    -0.68173    -0.68261     0.00000   (  1)
         O(   4)    -1.29280     0.61020     0.00000   (  6)
         H(   5)     2.62517     0.54861     0.00000   (  5)
         H(   6)     1.02007     1.54477     0.00000   (  5)
         H(   7)     1.37148    -1.53133     0.00000   (  5)
         H(   8)    -1.01508    -1.25292    -0.90213   (  5)
         H(   9)    -1.01508    -1.25292     0.90213   (  5)
         H(  10)    -2.23490     0.50160     0.00000   ( 21)

      MOMENT OF INERTIA WITH THE PRINCIPAL AXES

          (1)  UNIT = 10**(-39) GM*CM**2
               IX=    4.8934    IY=   14.4166    IZ=   18.7651

          (2)  UNIT = AU A**2
               IX=   29.4717    IY=   86.8283    IZ=  113.0186



      MOLECULAR POLARIZABILITIES (A**3)
        ALPHA(1)   =       6.76
        ALPHA(2)   =       7.47
        ALPHA(3)   =       5.05
        AVG. ALPHA =       6.43



      DIPOLE MOMENT =          1.939 D


        COMPONENTS WITH PRINCIPAL AXES

                          X =  1.4306    Y =  1.3083    Z =  0.0000


      E (INDP/INDP) =         -0.884 KCAL/MOLE
      DIPOLE MOMENT =          1.854 D (INCLUDES INDUCED BOND MOMENTS)
      *NOTE*  E (INDP/INDP) IS NOT INCLUDED IN THE FINAL STERIC ENERGY

        COMPONENTS WITH PRINCIPAL AXES

                          X =  1.4769    Y =  1.1201    Z =  0.0000



      TOTAL ATOMIC CHARGE ON EACH ATOM (in ELECTRON CHARGE)

           C(    1):         -0.085
           C(    2):         -0.125
           C(    3):          0.224
           O(    4):         -0.600
           H(    5):          0.046
           H(    6):          0.053
           H(    7):          0.053
           H(    8):          0.009
           H(    9):          0.009
           H(   10):          0.416

      -----------------------------------------------------------------

        END OF propen-3-ol-syn-a                                           


           TOTAL CPU TIME IS      0.04 SECONDS.

           THIS JOB COMPLETED AT    11:28:26
