1
               ---------------------------------------------
               WARNING : INCORRECT ATOM TYPES GIVEN IN INPUT
                         DATA ARE CORRECTED AS FOLLOWS
               ---------------------------------------------


             Atom type of atom    1 is replaced by   1 (was   0)
             Atom type of atom    2 is replaced by   1 (was   0)
             Atom type of atom    3 is replaced by   1 (was   0)
             Atom type of atom    4 is replaced by   1 (was   0)
             Atom type of atom    5 is replaced by   1 (was   0)
             Atom type of atom    6 is replaced by   6 (was   0)
             Atom type of atom    7 is replaced by  11 (was   0)
             Atom type of atom    8 is replaced by   5 (was   0)
             Atom type of atom    9 is replaced by   5 (was   0)
             Atom type of atom   10 is replaced by   5 (was   0)
             Atom type of atom   11 is replaced by   5 (was   0)
             Atom type of atom   12 is replaced by   5 (was   0)
             Atom type of atom   13 is replaced by   5 (was   0)
             Atom type of atom   14 is replaced by   5 (was   0)
             Atom type of atom   15 is replaced by   5 (was   0)
             Atom type of atom   16 is replaced by   5 (was   0)
1     THP-F-eq                                                    

               CHEMICAL FORMULA :  C(   5)  H(   9)  O(   1)  F(   1) 
               FORMULA WEIGHT   :    104.065
                                                               DATE 31-MAY-23
                                                               TIME  11:35:16


          THE COORDINATES OF   16 ATOMS ARE READ IN.
          SOME CONSTANTS WILL BE READ IN.

      CONFORMATIONAL ENERGY, PART 1:  GEOMETRY AND STERIC ENERGY
                                      OF INITIAL CONFORMATION.


      CONNECTED ATOMS
         1-   2-   3-   5-   6-
         1-   4-   6-

      ATTACHED ATOMS
         1-   8,   1-   9,   2-  10,   2-  11,   3-  12,   3-  13,   4-  14,
         4-  15,   5-   7,   5-  16,

      INITIAL ATOMIC COORDINATES
           ATOM         X           Y           Z       TYPE
         C(   1)    -3.13364    -0.40670    -0.28606   (  1)
         C(   2)    -2.46460     0.90133     0.20757   (  1)
         C(   3)    -0.95677     0.92947    -0.15052   (  1)
         C(   4)    -2.32674    -1.64382     0.18254   (  1)
         C(   5)    -0.26224    -0.37696     0.31566   (  1)
         O(   6)    -0.93889    -1.54257    -0.20070   (  6)
         F(   7)     1.03356    -0.40307    -0.13962   ( 11)
         H(   8)    -3.17743    -0.40081    -1.37873   (  5)
         H(   9)    -4.15589    -0.46580     0.09623   (  5)
         H(  10)    -2.58056     0.97990     1.29264   (  5)
         H(  11)    -2.96467     1.76108    -0.24599   (  5)
         H(  12)    -0.48268     1.79241     0.32434   (  5)
         H(  13)    -0.84728     1.03206    -1.23405   (  5)
         H(  14)    -2.74302    -2.53926    -0.28276   (  5)
         H(  15)    -2.41057    -1.76171     1.26684   (  5)
         H(  16)    -0.22859    -0.41554     1.40857   (  5)

     ==================
     TORSIONAL CONSTANT
     ------------------
       MISSING FOR    7-   5-   6-   4 (TYPE  11-  1-  6-  1)
                                   NO REPLACEMENT PARAMETERS ARE FOUND.

     ==============
     ANGLE CONSTANT
     --------------
       MISSING FOR    6-   5-   7 (TYPE   6-  1- 11) ANGLE TYPE 1
                               NO REPLACEMENT PARAMETERS ARE FOUND.

     =======================================================
      Warning!!  Warning!!  Warning!!  Warning!!  Warning!!
     =======================================================
      THERE ARE SOME PARAMETERS MISSING.  PROGRAM WILL USE
      THE PARAMETERS GENERATED FROM THE MM3 PARAMETER
      ESTIMATION ROUTINE.  THESE PARAMETERS ARE ONLY
      ESTIMATES.  THEY WILL BE SUFFICIENTLY GOOD FOR MANY
      PURPOSES, BUT IF YOUR RESULTS ARE SENSITIVE TO THE
      EXACT VALUES USED FOR THESE PARAMETERS, THE WORK NEED
      FOR FURTHER WORK IS INDICATED.




               ****************************************************
               ***                                              ***
               ***    Do not worry, be happy. Let us go to:     ***
               ***            MM3 PARAMETER ESTIMATOR           ***
               ***    The missing parameters will be found      ***
               ***                                              ***
               ****************************************************




   
 THIS PROGRAM WILL MERGE THESE PARAMETERS IN PARA.MM3
   
   
  NEW MM3 PARAMETER FILE NAME IS NEW_PAR.MM3
   
  EXPLANATIONS FOR EACH ESTIMATED PARAMETER
  ARE WRITTEN TO FILE   ESTIMATE.MM3.
   

   PARAMETERS WRITTEN TO FILE NEW_PAR.MM3                   
  ****   END  OF  MM3  PARAMETER  ESTIMATOR  ****  


          THE FOLLOWING  1 TORSIONAL PARAMETERS ARE READ IN
                   (* FOR 4- AND 5-MEMBERED RING)
                   (A FOR ALLENES)
                   (C FOR CUMMULENE)
               ATOM TYPE NOS.     V1      V2      V3
              11   1   6   1     0.000   0.000   0.200


          THE FOLLOWING  1 BENDING PARAMETERS ARE READ IN
                   (*5 FOR 5-MEMBERED RING)
                   (*4 FOR 4-MEMBERED RING)
                   (*3 FOR 3-MEMBERED RING)
                   (*C3  FOR 3-MEM ANGLE CORR)
                   (*C4  FOR 4-MEM ANGLE CORR)
                   (*C34 FOR 3,4-MEM FUSED RING ANGLE CORR)
                   (*C35 FOR 3,5-MEM FUSED RING ANGLE CORR)

               ATOM TYPES      KB    THETA(0)   ED. TYPE
                6   1  11    0.695   109.500


          DIELECTRIC CONSTANT =  1.500


      INITIAL STERIC ENERGY IS     11.9405 KCAL/MOL.

                  COMPRESSION       3.9655
                  BENDING           1.5275
                  BEND-BEND         0.0032
                  STRETCH-BEND      0.3134
                  VANDERWAALS
                    1,4 ENERGY      5.0388
                    OTHER          -0.3658
                  H-BONDING         0.0000
                  PI-COMPLX         0.0000

                  TORSIONAL         3.0856
                  TORSION-STRETCH  -0.0397
                  DIPOLE-DIPOLE    -1.5880
                  CHARGE-DIPOLE     0.0000
                  CHARGE-CHARGE     0.0000


      MOLECULAR POLARIZABILITIES (A**3)
        ALPHA(1)   =      13.11
        ALPHA(2)   =      11.74
        ALPHA(3)   =       9.34
        AVG. ALPHA =      11.40



      DIPOLE MOMENT =          2.800 D


      E (INDP/INDP) =          0.125 KCAL/MOLE
      DIPOLE MOMENT =          3.263 D (INCLUDES INDUCED BOND MOMENTS)
      *NOTE*  E (INDP/INDP) IS NOT INCLUDED IN THE INITIAL STERIC ENERGY

      CPU TIME FOR INITIAL CALCULATION IS     0.03 SECONDS.


1     THP-F-eq                                                    


     CONFORMATIONAL ENERGY, PART 2: GEOMETRY MINIMIZATION

               GEOMETRY OPTIMIZATION IS CONTINUED UNTIL ATOM
               MOVEMENT CONVERGES WITHIN FOLLOWING VALUES:

                         AVERAGE MOVEMENT  0.00012 A
                         MAXIMUM MOVEMENT  0.00120 A



     <<<<<<<<<<<<<<<<<<<<<<<<<<  C Y C L E   1 >>>>>>>>>>>>>>>>>>>>>>>>>>

                              (CH)-MOVEMENT = 1

       ITER    1   AVG. MOVE = 0.01583 A   (MAX MOVE : ATOM   12   0.09020 A)  
       ITER    2   AVG. MOVE = 0.00411 A   (MAX MOVE : ATOM    7   0.02579 A)  
       ITER    3   AVG. MOVE = 0.00146 A   (MAX MOVE : ATOM    7   0.01190 A)  
       ITER    4   AVG. MOVE = 0.00076 A   (MAX MOVE : ATOM    7   0.00731 A)  
       ITER    5   AVG. MOVE = 0.00048 A   (MAX MOVE : ATOM    7   0.00474 A)  
       ITER    6   AVG. MOVE = 0.00034 A   (MAX MOVE : ATOM    7   0.00311 A)  
       ITER    7   AVG. MOVE = 0.00025 A   (MAX MOVE : ATOM    7   0.00208 A)  
       ITER    8   AVG. MOVE = 0.00019 A   (MAX MOVE : ATOM    7   0.00143 A)  
       ITER    9   AVG. MOVE = 0.00014 A   (MAX MOVE : ATOM    7   0.00101 A)  
       ITER   10   AVG. MOVE = 0.00011 A   (MAX MOVE : ATOM    7   0.00073 A)  


     <<<<<<<<<<<<<<<<<<<<<<<<<<  C Y C L E   2 >>>>>>>>>>>>>>>>>>>>>>>>>>

                              (CH)-MOVEMENT = 0

       ITER   11   AVG. MOVE = 0.00006 A   (MAX MOVE : ATOM    7   0.00040 A)  


              * * * * * * * * * GEOMETRY IS OPTIMIZED * * * * * * * * *

               WITHIN : AVERAGE MOVEMENT  0.00006 A (LIMIT  0.00012 A)
                        MAXIMUM MOVEMENT  0.00040 A (LIMIT  0.00120 A)

               GRADIENT
                  RMS GRADIENT                0.011078 KCAL/MOL/A

                  MAX GRADIENT
                    X-DIRECTION : ATOM #   5   0.018988 KCAL/MOL/A
                    Y-DIRECTION : ATOM #  10   0.011625 KCAL/MOL/A
                    Z-DIRECTION : ATOM #   1   0.040208 KCAL/MOL/A

        DELTA TIME =    0.00 SEC.       TOTAL CPU TIME =      0.04 SEC.


                            =====================
                            FULL-MATRIX OPTIMIZER
                            =====================


     iter.  rms force   max force   avg. move    max move  atom  convg  d-time

        0    0.019563    0.081538   0.00038 A   0.00295 A    9    [N]     0.0s
        1    0.000671    0.003165   0.00000 A   0.00000 A   16    [N]     0.0s
        2    0.000048    0.000180                                 [Y]     0.0s


      TOTAL ENERGY IS      7.9757 KCAL/MOL.

        COMPRESS    0.1831      VDW 1,4    5.8587      DIPL-DIPL   -1.6572
        BENDING     0.8759        OTHER   -0.1701      CHRG-DIPL    0.0000
        STR-BEND    0.0620      TORSION    2.8579      CHRG-CHRG    0.0000
        BEND-BEND  -0.0280      TOR-STR   -0.0066      EPR          0.0000
        H-BONDING   0.0000      PI-CMPL    0.0000
0     DELTA(T) =     0.0 SEC.          ELAPSED TIME =     0.0 SEC.


    * * * ENERGY IS MINIMIZED WITHIN RMS OF FORCES   0.00005  Kcal/mol/A * * *

                 * * * *  RMS FORCE IS   0.00005 Kcal/mol/A * * * *

1     THP-F-eq                                                    

               CHEMICAL FORMULA :  C(   5)  H(   9)  O(   1)  F(   1) 
               FORMULA WEIGHT   :    104.065
                                                               DATE : 31-MAY-23

           * M M 3 * * * * * * * * * * * 2 0 0 0 *
           *                                     *   PARAMETER RELIABILITY
           *                                     *
           *                                     *   BLANK = GOOD
           *                                     *       B = FAIR
           *                                     *       C = TRIAL
           *                                     *       R = READ IN
           *                                     *       S = SUBSTITUTED
           *                                     *       U = PARAMETER NOT EXIST
           *                                     *
           *                                     *   THIS IS SHOWN AT THE END 
           *                                     *   OF THE LINE.
           * * * * * * * * * * * * * * * * * * * * 


      CONFORMATIONAL ENERGY, PART 3:  GEOMETRY AND STERIC ENERGY
                                      OF FINAL CONFORMATION.

      CONNECTED ATOMS
         1-   2-   3-   5-   6-
         1-   4-   6-

      ATTACHED ATOMS
         1-   8,   1-   9,   2-  10,   2-  11,   3-  12,   3-  13,   4-  14,
         4-  15,   5-   7,   5-  16,

      FINAL ATOMIC COORDINATE
           ATOM         X           Y           Z       TYPE
         C(   1)     1.90534     0.05631    -0.27239   (  1)
         C(   2)     1.26508    -1.25263     0.19619   (  1)
         C(   3)    -0.21461    -1.25577    -0.16499   (  1)
         C(   4)     1.09329     1.25407     0.21757   (  1)
         C(   5)    -0.89865    -0.00602     0.33563   (  1)
         O(   6)    -0.25411     1.13069    -0.21616   (  6)
         F(   7)    -2.24212    -0.02171    -0.08568   ( 11)
         H(   8)     1.95568     0.07025    -1.38487   (  5)
         H(   9)     2.95264     0.12478     0.09879   (  5)
         H(  10)     1.38160    -1.35253     1.30017   (  5)
         H(  11)     1.78118    -2.12532    -0.26594   (  5)
         H(  12)    -0.71007    -2.15479     0.25936   (  5)
         H(  13)    -0.33376    -1.33032    -1.26714   (  5)
         H(  14)     1.51659     2.19570    -0.19156   (  5)
         H(  15)     1.13107     1.33661     1.33136   (  5)
         H(  16)    -0.89035     0.03678     1.45038   (  5)


          DIELECTRIC CONSTANT =  1.500


      BOND LENGTHS AND STRETCHING ENERGY   (   16 BONDS)

        ENERGY = 71.94(KS)(DR)(DR)(1-(CS)(DR)+(7/12)((CS)(DR))**2)
                          DR = R-RO
                          CS =  2.550
                                                         R(0)-CORR        CORR
          BOND        LENGTH   R(0)    K(S)  ENERGY   E-NEG   MISCEL       KS
    C(   1)- C(   2)  1.5306  1.5219  4.490  0.0240 -0.0028                     
    C(   1)- C(   4)  1.5278  1.5177  4.490  0.0320 -0.0070                     
    C(   1)- H(   8)  1.1137  1.1109  4.716  0.0027 -0.0011              0.036  
    C(   1)- H(   9)  1.1132  1.1109  4.716  0.0019 -0.0011              0.036  
    C(   2)- C(   3)  1.5231  1.5140  4.490  0.0265 -0.0107                     
    C(   2)- H(  10)  1.1146  1.1120  4.680  0.0023                             
    C(   2)- H(  11)  1.1142  1.1120  4.680  0.0017                             
    C(   3)- C(   5)  1.5101  1.4979  4.490  0.0470 -0.0268                     
    C(   3)- H(  12)  1.1108  1.1083  4.801  0.0021 -0.0037              0.121  
    C(   3)- H(  13)  1.1111  1.1083  4.801  0.0027 -0.0037              0.121  
    C(   4)- O(   6)  1.4209  1.4130  5.700  0.0248                             
    C(   4)- H(  14)  1.1105  1.1092  4.770  0.0006 -0.0028  0.0000  BH  0.090  
    C(   4)- H(  15)  1.1175  1.1161  4.543  0.0006 -0.0028  0.0069  BH -0.137  
    C(   5)- O(   6)  1.4185  1.4130  5.700  0.0120                             
    C(   5)- F(   7)  1.4081  1.4065  5.900  0.0011  0.0165                     
    C(   5)- H(  16)  1.1156  1.1138  4.741  0.0011 -0.0093  0.0111  BH -0.069  


      NON-BONDED DISTANCES, VDW AND EPR ENERGY   (     73 PAIRS)

              E(VDW) = KV*(1.84(10**5)EXP(-12.00/P) - 2.25(P**6))
              E(EPR) = C*KV*(1.84(10**5)EXP(-12.00/Q) - 2.25(Q**6))
              E(HBD) = EP1-EP2*COS(THETA)*RTH/RTH0
                            EP1 = KHB*1.84(10**5)*EXP(-12.0/P)
                            EP2 = KHB*2.25(P**6)

            IF P > 3.020, THEN,
              E(VDW) = KV(192.270)(P**2)
              E(HBD) = EP1-EP2*COS(THETA)*RTH/RTH0
                            EP1 = KHB*(192.270*P**2+1706.96)
                            EP2 = KHB*1706.96

               WHERE   RV = RVDW(I) + RVDW(K)
                       KV = SQRT(EPS(I)*EPS(K))
                      KHB = EPS/DIELEC  FOR HYDROGEN BOND
                        P = (RV/R) OR (RV/R#)
                        C = SCALE FACTOR
                        Q = RV/R, WHERE R IS MODIFIED DISTANCE
                    THETA = ANGLE H-X-Y IN HYDROGEN BOND X-H...Y
                      RTH = BOND LENGTH X-H IN X-H...Y
                     RTH0 = NATURAL BOND LENGTH X-H

          # IN THE VDW CALCULATIONS THE HYDROGEN ATOMS ARE RELOCATED
          SO THAT THE ATTACHED HYDROGEN DISTANCE IS REDUCED BY 0.923

          # IN THE VDW CALCULATIONS THE DEUTERIUM ATOMS ARE RELOCATED
          SO THAT THE ATTACHED DEUTERIUM DISTANCE IS REDUCED BY  0.923

         ATOM PAIR          R       R#       RV      KV       ENERGY
      C(   1), C(   3)   2.4954
      C(   1), C(   5)   2.8698            4.080   0.0270     0.5710  1,4       
      C(   1), O(   6)   2.4126
      C(   1), F(   7)   4.1524            3.750   0.0450    -0.0409            
      C(   1), H(  10)   2.1753
      C(   1), H(  11)   2.1852
      C(   1), H(  12)   3.4658   3.3881   3.560   0.0230    -0.0232  1,4       
      C(   1), H(  13)   2.8153   2.7762   3.560   0.0230     0.1350  1,4       
      C(   1), H(  14)   2.1759
      C(   1), H(  15)   2.1933
      C(   1), H(  16)   3.2839   3.2403   3.560   0.0230    -0.0146            
      C(   2), C(   4)   2.5127
      C(   2), C(   5)   2.5010
      C(   2), O(   6)   2.8562            3.860   0.0399     0.4753  1,4       
      C(   2), F(   7)   3.7276            3.750   0.0450    -0.0503  1,4       
      C(   2), H(   8)   2.1741
      C(   2), H(   9)   2.1805
      C(   2), H(  12)   2.1724
      C(   2), H(  13)   2.1688
      C(   2), H(  14)   3.4792   3.4016   3.560   0.0230    -0.0237  1,4       
      C(   2), H(  15)   2.8303   2.7913   3.560   0.0230     0.1243  1,4       
      C(   2), H(  16)   2.8074   2.7691   3.560   0.0230     0.1403  1,4       
      C(   3), C(   4)   2.8559            4.080   0.0270     0.6010  1,4       
      C(   3), O(   6)   2.3873
      C(   3), F(   7)   2.3749
      C(   3), H(   8)   2.8207   2.7812   3.560   0.0230     0.1314  1,4       
      C(   3), H(   9)   3.4651   3.3873   3.560   0.0230    -0.0232  1,4       
      C(   3), H(  10)   2.1689
      C(   3), H(  11)   2.1793
      C(   3), H(  14)   3.8614   3.7819   3.560   0.0230    -0.0237            
      C(   3), H(  15)   3.2818   3.2373   3.560   0.0230    -0.0144            
      C(   3), H(  16)   2.1764
      C(   4), C(   5)   2.3600
      C(   4), F(   7)   3.5839            3.750   0.0450    -0.0463  1,4       
      C(   4), H(   8)   2.1709
      C(   4), H(   9)   2.1787
      C(   4), H(  10)   2.8372   2.7978   3.560   0.0230     0.1199  1,4       
      C(   4), H(  11)   3.4824   3.4046   3.560   0.0230    -0.0237  1,4       
      C(   4), H(  12)   3.8567   3.7775   3.560   0.0230    -0.0238            
      C(   4), H(  13)   3.3045   3.2587   3.560   0.0230    -0.0162            
      C(   4), H(  16)   2.6337   2.5967   3.560   0.0230     0.3251  1,4       
      C(   5), H(   8)   3.3336   3.2869   3.560   0.0230    -0.0183            
      C(   5), H(   9)   3.8608   3.7821   3.560   0.0230    -0.0237            
      C(   5), H(  10)   2.8183   2.7793   3.560   0.0230     0.1327  1,4       
      C(   5), H(  11)   3.4691   3.3914   3.560   0.0230    -0.0233  1,4       
      C(   5), H(  12)   2.1584
      C(   5), H(  13)   2.1545
      C(   5), H(  14)   3.3104   3.2336   3.560   0.0230    -0.0140  1,4       
      C(   5), H(  15)   2.6294   2.5926   3.560   0.0230     0.3310  1,4       
      O(   6), F(   7)   2.3016
      O(   6), H(   8)   2.7154   2.6769   3.440   0.0344     0.2082  1,4       
      O(   6), H(   9)   3.3755   3.2980   3.440   0.0344    -0.0358  1,4       
      O(   6), H(  10)   3.3378   3.2899   3.440   0.0344    -0.0355            
      O(   6), H(  11)   3.8401   3.7618   3.440   0.0344    -0.0326            
      O(   6), H(  12)   3.3509   3.2734   3.440   0.0344    -0.0347  1,4       
      O(   6), H(  13)   2.6772   2.6394   3.440   0.0344     0.2551  1,4       
      O(   6), H(  14)   2.0664
      O(   6), H(  15)   2.0871
      O(   6), H(  16)   2.0926
      F(   7), H(   8)   4.3952   4.3669   3.330   0.0387    -0.0161            
      F(   7), H(   9)   5.2001   5.1184   3.330   0.0387    -0.0065            
      F(   7), H(  10)   4.1016   4.0632   3.330   0.0387    -0.0233            
      F(   7), H(  11)   4.5436   4.4762   3.330   0.0387    -0.0141            
      F(   7), H(  12)   2.6488   2.6120   3.330   0.0387     0.2080  1,4       
      F(   7), H(  13)   2.5981   2.5645   3.330   0.0387     0.2730  1,4       
      F(   7), H(  14)   4.3653   4.3000   3.330   0.0387    -0.0175            
      F(   7), H(  15)   3.9028   3.8677   3.330   0.0387    -0.0292            
      F(   7), H(  16)   2.0470
      H(   8), H(   9)   1.7883
      H(   8), H(  10)   3.0925   2.9423   3.240   0.0200    -0.0121  1,4       
      H(   8), H(  11)   2.4704   2.3900   3.240   0.0200     0.2473  1,4       
      H(   8), H(  12)   3.8420   3.7223   3.240   0.0200    -0.0158            
      H(   8), H(  13)   2.6864   2.6717   3.240   0.0200     0.0424            
      H(   8), H(  14)   2.4768   2.3949   3.240   0.0200     0.2413  1,4       
      H(   8), H(  15)   3.1083   2.9572   3.240   0.0200    -0.0134  1,4       
      H(   8), H(  16)   4.0174   3.8959   3.240   0.0200    -0.0129            
      H(   9), H(  10)   2.4686   2.3882   3.240   0.0200     0.2496  1,4       
      H(   9), H(  11)   2.5629   2.4720   3.240   0.0200     0.1606  1,4       
      H(   9), H(  12)   4.3171   4.1769   3.240   0.0200    -0.0091            
      H(   9), H(  13)   3.8449   3.7246   3.240   0.0200    -0.0157            
      H(   9), H(  14)   2.5368   2.4483   3.240   0.0200     0.1826  1,4       
      H(   9), H(  15)   2.5112   2.4266   3.240   0.0200     0.2049  1,4       
      H(   9), H(  16)   4.0747   3.9803   3.240   0.0200    -0.0116            
      H(  10), H(  11)   1.7915
      H(  10), H(  12)   2.4702   2.3887   3.240   0.0200     0.2490  1,4       
      H(  10), H(  13)   3.0877   2.9375   3.240   0.0200    -0.0117  1,4       
      H(  10), H(  14)   3.8514   3.7324   3.240   0.0200    -0.0156            
      H(  10), H(  15)   2.7010   2.6864   3.240   0.0200     0.0372            
      H(  10), H(  16)   2.6673   2.6544   3.240   0.0200     0.0490            
      H(  11), H(  12)   2.5462   2.4564   3.240   0.0200     0.1749  1,4       
      H(  11), H(  13)   2.4713   2.3901   3.240   0.0200     0.2472  1,4       
      H(  11), H(  14)   4.3298   4.1898   3.240   0.0200    -0.0090            
      H(  11), H(  15)   3.8677   3.7464   3.240   0.0200    -0.0154            
      H(  11), H(  16)   3.8416   3.7213   3.240   0.0200    -0.0158            
      H(  12), H(  13)   1.7753
      H(  12), H(  14)   4.9080   4.7446   3.240   0.0200    -0.0045            
      H(  12), H(  15)   4.0901   3.9933   3.240   0.0200    -0.0114            
      H(  12), H(  16)   2.5008   2.4152   3.240   0.0200     0.2175  1,4       
      H(  13), H(  14)   4.1247   4.0253   3.240   0.0200    -0.0110            
      H(  13), H(  15)   4.0013   3.8798   3.240   0.0200    -0.0131            
      H(  13), H(  16)   3.0925   2.9413   3.240   0.0200    -0.0120  1,4       
      H(  14), H(  15)   1.7905
      H(  14), H(  16)   3.6263   3.5117   3.240   0.0200    -0.0195            
      H(  15), H(  16)   2.4062   2.4027   3.240   0.0200     0.2320            


      BOND ANGLES, BENDING AND STRETCH-BEND ENERGIES   (   31 ANGLES)

          EB = 0.021914(KB)(DT)(DT)(1+CF*DT+QF*DT**2+PF*DT**3+SF*DT**4)
                          DT = THETA-TZERO
                          CF = -1400.000E-5
                          QF =     5.600E-5
                          PF =    -0.070E-5
                          SF =     0.022E-6
          ESB(J) = 2.51124(KSB(J))(DT)(DR1+DR2)
                          DR(I) = R(I) - R0(I)
          EBDBD  = -0.02191418(KBB1)(DT1)(KBB2)(DT2)

          A T O M S            THETA    TZERO     KB     EB     KSB    ESB
   C(   2)- C(   1)- C(   4)  110.483  111.000  0.670  0.0040  0.13 -0.0032     
   C(   2)- C(   1)- H(   8)  109.598  109.310  0.590  0.0011  0.08  0.0007     
   C(   2)- C(   1)- H(   9)  110.124  109.310  0.590  0.0085  0.08  0.0018     
   C(   4)- C(   1)- H(   8)  109.546  109.310  0.590  0.0007  0.08  0.0006     
   C(   4)- C(   1)- H(   9)  110.175  109.310  0.590  0.0096  0.08  0.0022     
   H(   8)- C(   1)- H(   9)  106.843  107.600  0.550  0.0070                   
   C(   1)- C(   2)- C(   3)  109.605  111.000  0.670  0.0291  0.13 -0.0081     
   C(   1)- C(   2)- H(  10)  109.642  109.310  0.590  0.0014  0.08  0.0008     
   C(   1)- C(   2)- H(  11)  110.430  109.310  0.590  0.0160  0.08  0.0025     
   C(   3)- C(   2)- H(  10)  109.649  109.310  0.590  0.0015  0.08  0.0008     
   C(   3)- C(   2)- H(  11)  110.488  109.310  0.590  0.0176  0.08  0.0027     
   H(  10)- C(   2)- H(  11)  106.988  107.600  0.550  0.0046                   
   C(   2)- C(   3)- C(   5)  111.084  111.000  0.670  0.0001  0.13  0.0006     
   C(   2)- C(   3)- H(  12)  110.146  109.310  0.590  0.0089  0.08  0.0020     
   C(   2)- C(   3)- H(  13)  109.850  109.310  0.590  0.0037  0.08  0.0013     
   C(   5)- C(   3)- H(  12)  109.945  109.310  0.590  0.0052  0.08  0.0019     
   C(   5)- C(   3)- H(  13)  109.621  109.310  0.590  0.0012  0.08  0.0009     
   H(  12)- C(   3)- H(  13)  106.071  107.600  0.550  0.0288                   
   C(   1)- C(   4)- O(   6)  109.759  107.900  0.830  0.0613  0.13  0.0109     
   C(   1)- C(   4)- H(  14)  110.122  109.310  0.590  0.0084  0.08  0.0019     
   C(   1)- C(   4)- H(  15)  111.074  109.310  0.590  0.0392  0.08  0.0040     
   O(   6)- C(   4)- H(  14)  108.822  108.900  0.820  0.0001  0.08 -0.0001     
   O(   6)- C(   4)- H(  15)  110.043  108.900  0.820  0.0231  0.08  0.0021     
   H(  14)- C(   4)- H(  15)  106.958  107.600  0.550  0.0050                   
   C(   3)- C(   5)- O(   6)  109.172  107.000  0.830  0.0833  0.13  0.0126     
   C(   3)- C(   5)- F(   7)  108.892  108.300  0.920  0.0070  0.13  0.0027     
   C(   3)- C(   5)- H(  16)  111.078  109.800  0.590  0.0208  0.08  0.0036     
   O(   6)- C(   5)- F(   7)  109.031  109.500  0.695  0.0034  0.13 -0.0011    R
   O(   6)- C(   5)- H(  16)  110.768  110.000  0.820  0.0105  0.08  0.0011     
   F(   7)- C(   5)- H(  16)  107.849  108.500  0.720  0.0067  0.08 -0.0004     
   C(   4)- O(   6)- C(   5)  112.442  107.200  0.820  0.4582  0.10  0.0175     


     DIHEDRAL ANGLES, TORSIONAL ENERGY (ET)   (   42 ANGLES)

           ET = (V1/2)(1+COS(W))+(V2/2)(1-COS(2W))+(V3/2)(1+COS(3W))

           ETS = -11.995*(R-R0)((KTS1/2)(1+COS(W))+
                                (KTS2/2)(1-COS(2W)+
                                (KTS3/2)(1+COS(3W))

           SIGN OF ANGLE A-B-C-D : WHEN LOOKING THROUGH B TOWARD C,
           IF D IS COUNTERCLOCKWISE FROM A, NEGATIVE.

         A T O M S               OMEGA    V1     V2     V3     ET   KTS3   ETS
 C(   1) C(   2) C(   3) C(   5) -52.3  0.185  0.170  0.520  0.276 0.059 0.000  
 C(   1) C(   2) C(   3) H(  12)-174.4  0.000  0.000  0.280  0.006 0.059 0.000  
 C(   1) C(   2) C(   3) H(  13)  69.1  0.000  0.000  0.280  0.016 0.059 0.000  
 C(   1) C(   4) O(   6) C(   5)  63.3  0.450  0.050  0.757  0.372 0.100 0.000  
 C(   2) C(   1) C(   4) O(   6) -55.8  0.200  0.000  0.300  0.160 0.059 0.000  
 C(   2) C(   1) C(   4) H(  14)-175.6  0.000  0.000  0.280  0.004 0.059 0.000  
 C(   2) C(   1) C(   4) H(  15)  66.1  0.000  0.000  0.280  0.007 0.059 0.000  
 C(   2) C(   3) C(   5) O(   6)  57.8  0.200  0.000  0.300  0.154 0.059 0.000  
 C(   2) C(   3) C(   5) F(   7) 176.8  0.200  0.000  0.300  0.002 0.059 0.000  
 C(   2) C(   3) C(   5) H(  16) -64.6  0.000  0.000  0.280  0.004 0.059 0.000  
 C(   3) C(   2) C(   1) C(   4)  50.9  0.185  0.170  0.520  0.282 0.059 0.000  
 C(   3) C(   2) C(   1) H(   8) -69.9  0.000  0.000  0.280  0.018 0.059 0.000  
 C(   3) C(   2) C(   1) H(   9) 172.9  0.000  0.000  0.280  0.010 0.059 0.000  
 C(   3) C(   5) O(   6) C(   4) -64.1  0.450  0.050  0.757  0.372 0.100 0.000  
 C(   4) C(   1) C(   2) H(  10) -69.5  0.000  0.000  0.280  0.017 0.059 0.000  
 C(   4) C(   1) C(   2) H(  11) 172.9  0.000  0.000  0.280  0.010 0.059 0.000  
 C(   4) O(   6) C(   5) F(   7) 177.1  0.000  0.000  0.200  0.001 0.100 0.000 R
 C(   4) O(   6) C(   5) H(  16)  58.6  0.000  0.000  0.680  0.001 0.100 0.000  
 C(   5) C(   3) C(   2) H(  10)  68.1  0.000  0.000  0.280  0.012 0.059 0.000  
 C(   5) C(   3) C(   2) H(  11)-174.2  0.000  0.000  0.280  0.006 0.059 0.000  
 C(   5) O(   6) C(   4) H(  14)-176.1  0.000  0.000  0.680  0.007 0.100 0.000  
 C(   5) O(   6) C(   4) H(  15) -59.2  0.000  0.000  0.680  0.000 0.100 0.000  
 O(   6) C(   4) C(   1) H(   8)  65.1  0.000  0.000  0.300  0.005 0.059 0.000  
 O(   6) C(   4) C(   1) H(   9)-177.7  0.000  0.000  0.300  0.001 0.059 0.000  
 O(   6) C(   5) C(   3) H(  12)-180.0  0.000  0.000  0.300  0.000 0.059 0.000  
 O(   6) C(   5) C(   3) H(  13) -63.7  0.000  0.000  0.300  0.003 0.059 0.000  
 F(   7) C(   5) C(   3) H(  12) -61.0 -0.460  1.190  0.327  0.570 0.059 0.000  
 F(   7) C(   5) C(   3) H(  13)  55.2 -0.460  1.190  0.327  0.446 0.059 0.000  
 H(   8) C(   1) C(   2) H(  10) 169.7  0.000  0.000  0.238  0.017 0.059 0.000  
 H(   8) C(   1) C(   2) H(  11)  52.1  0.000  0.000  0.238  0.010 0.059 0.000  
 H(   8) C(   1) C(   4) H(  14) -54.7  0.000  0.000  0.238  0.005 0.059 0.000  
 H(   8) C(   1) C(   4) H(  15)-173.0  0.000  0.000  0.238  0.008 0.059 0.000  
 H(   9) C(   1) C(   2) H(  10)  52.5  0.000  0.000  0.238  0.009 0.059 0.000  
 H(   9) C(   1) C(   2) H(  11) -65.2  0.000  0.000  0.238  0.004 0.059 0.000  
 H(   9) C(   1) C(   4) H(  14)  62.5  0.000  0.000  0.238  0.001 0.059 0.000  
 H(   9) C(   1) C(   4) H(  15) -55.8  0.000  0.000  0.238  0.003 0.059 0.000  
 H(  10) C(   2) C(   3) H(  12) -54.0  0.000  0.000  0.238  0.006 0.059 0.000  
 H(  10) C(   2) C(   3) H(  13)-170.4  0.000  0.000  0.238  0.015 0.059 0.000  
 H(  11) C(   2) C(   3) H(  12)  63.7  0.000  0.000  0.238  0.002 0.059 0.000  
 H(  11) C(   2) C(   3) H(  13) -52.8  0.000  0.000  0.238  0.008 0.059 0.000  
 H(  12) C(   3) C(   5) H(  16)  57.6  0.000  0.000  0.238  0.001 0.059 0.000  
 H(  13) C(   3) C(   5) H(  16) 173.8  0.000  0.000  0.238  0.006 0.059 0.000  

     DIPOLE-DIPOLE INTERACTION ENERGY  (DIELECTRIC CONSTANT = 1.50)

          E = 14.388*MU1*MU2*(COSX-3*COSA*COSB)/(R12**3*DIELC)

               MU1 = BOND MOM OF BOND 1
               MU2 = BOND MOM OF BOND 2
               R12 = DISTANCE BETWEEN MID-POINTS OF TWO BONDS.

        BOND(1)       MU1           BOND(2)       MU2      R12        E
   C(   4)- O(   6)  1.170   + C(   5)- F(   7)  1.820   2.3303   -1.6572       


 ==============================================================================
                        NORMAL MODE VIBRATIONAL ANALYSIS
 ==============================================================================


             Molecular Shape : ASYMMETRIC ROTOR WITH KAPPA =-0.569565
        Symmetry Point Group : C1  
             Symmetry Number :  1
                   Chirality : yes



0       FUNDAMENTAL NORMAL VIBRATIONAL FREQUENCIES
                ( THEORETICALLY  42 VALUES )

             Frequency :  in 1/cm
             A(i)      :  IR intensity (vs,s,m,w,vw,-- or in 10**6 cm/mole)
             A(i) = -- :  IR inactive


             no       Frequency   Symmetry      A(i)

             1.          2961.9     (A   )        m
             2.          2950.2     (A   )        m
             3.          2938.1     (A   )        m
             4.          2928.5     (A   )        m
             5.          2923.1     (A   )        w
             6.          2911.7     (A   )        m
             7.          2888.5     (A   )        m
             8.          2872.9     (A   )        m
             9.          2859.7     (A   )        m
            10.          1551.2     (A   )        m
            11.          1535.2     (A   )        w
            12.          1474.6     (A   )        w
            13.          1466.8     (A   )        w
            14.          1460.4     (A   )        w
            15.          1456.3     (A   )        w
            16.          1426.6     (A   )        w
            17.          1400.2     (A   )        w
            18.          1360.4     (A   )        w
            19.          1330.4     (A   )        m
            20.          1307.7     (A   )        w
            21.          1225.9     (A   )        w
            22.          1212.7     (A   )        m
            23.          1203.6     (A   )        m
            24.          1166.9     (A   )        m
            25.          1097.4     (A   )        m
            26.          1078.6     (A   )        m
            27.          1048.2     (A   )        w
            28.          1028.3     (A   )        w
            29.           944.5     (A   )        w
            30.           934.1     (A   )        m
            31.           891.3     (A   )        w
            32.           844.1     (A   )        w
            33.           829.2     (A   )        w
            34.           797.6     (A   )        w
            35.           577.3     (A   )        w
            36.           480.8     (A   )        w
            37.           431.8     (A   )        w
            38.           382.0     (A   )       vw
            39.           335.4     (A   )        w
            40.           329.0     (A   )        w
            41.           243.9     (A   )        w
            42.           155.5     (A   )        w
            43.     (       0.0)    (t/r )
            44.     (       0.0)    (t/r )
            45.     (       0.0)    (t/r )
            46.     (       0.0)    (t/r )
            47.     (       0.0)    (t/r )
            48.     (       0.0)    (t/r )


0       CORRESPONDING EIGEN VECTOR MATRIX   48 BY  48



 (  1)
    -0.002    0.000   -0.002    0.000   -0.001   -0.003    0.021    0.045
    -0.075    0.000    0.000    0.000    0.000   -0.001   -0.003    0.000
     0.000    0.000    0.000    0.000    0.000   -0.001   -0.001    0.020
     0.023    0.002    0.008    0.012   -0.003    0.036   -0.007    0.012
     0.006   -0.314   -0.569    0.263    0.069    0.044    0.626    0.000
    -0.001    0.000    0.000    0.000    0.002   -0.003    0.009    0.043

 (  2)
     0.002   -0.001   -0.006    0.001   -0.002   -0.003    0.000    0.000
     0.000    0.030    0.066   -0.050   -0.001    0.000   -0.003   -0.001
    -0.001    0.000    0.000    0.000    0.000   -0.008    0.006    0.069
    -0.010    0.003   -0.001    0.002   -0.002    0.020   -0.013    0.023
     0.011    0.002    0.004   -0.002    0.000    0.000   -0.003   -0.340
    -0.771    0.319    0.001    0.012    0.282    0.000    0.001    0.029

 (  3)
    -0.054   -0.003   -0.072    0.002   -0.003   -0.010   -0.001   -0.001
     0.003   -0.001   -0.004    0.001    0.000    0.000    0.000    0.000
     0.000    0.000    0.000    0.000    0.000   -0.029   -0.009    0.615
     0.666    0.043    0.230    0.005   -0.016    0.091   -0.032    0.053
     0.027    0.012    0.022   -0.010   -0.001   -0.002   -0.024    0.017
     0.040   -0.017   -0.004    0.007    0.008    0.000    0.000   -0.001

 (  4)
    -0.009   -0.001   -0.008   -0.023    0.043    0.076    0.005    0.006
     0.001    0.001    0.002   -0.002    0.001    0.000    0.001    0.000
     0.000    0.000    0.000    0.000    0.000    0.002    0.008    0.050
     0.100    0.007    0.035   -0.064    0.054   -0.602    0.329   -0.555
    -0.287   -0.038   -0.068    0.030   -0.015   -0.005   -0.045   -0.012
    -0.027    0.011   -0.001    0.001    0.011    0.000   -0.001   -0.017

 (  5)
     0.000    0.000    0.001   -0.002    0.001   -0.002    0.008    0.014
     0.016   -0.001   -0.002    0.001   -0.001   -0.003   -0.080   -0.001
    -0.002    0.001    0.001    0.000    0.001    0.001    0.000   -0.009
     0.002    0.000    0.000    0.003   -0.003    0.029    0.010   -0.012
    -0.005   -0.066   -0.127    0.047   -0.032   -0.017   -0.225    0.012
     0.026   -0.010    0.001    0.001    0.002    0.006    0.039    0.912

 (  6)
     0.001    0.000   -0.003    0.006   -0.004    0.015   -0.033   -0.050
    -0.039    0.000   -0.001    0.000   -0.001    0.002   -0.023    0.000
    -0.001    0.000    0.001    0.000    0.000   -0.002    0.000    0.030
    -0.007   -0.002   -0.001   -0.021    0.019   -0.173   -0.023    0.026
     0.007    0.281    0.500   -0.208    0.083    0.070    0.658    0.004
     0.008   -0.003    0.000    0.000   -0.001    0.001    0.012    0.271

 (  7)
    -0.053   -0.005    0.044   -0.011    0.021   -0.019   -0.002   -0.006
    -0.003    0.001   -0.003   -0.014    0.000    0.000    0.000    0.000
     0.000    0.000    0.000    0.000    0.000    0.056    0.011   -0.661
     0.539    0.038    0.161    0.036   -0.035    0.285    0.100   -0.183
    -0.079    0.028    0.056   -0.024    0.008    0.007    0.061   -0.008
    -0.002    0.009    0.006    0.013    0.147    0.000    0.000    0.005

 (  8)
     0.022   -0.001   -0.015   -0.032    0.048   -0.035   -0.002   -0.009
    -0.004    0.001    0.004    0.012    0.000    0.001   -0.001    0.000
     0.000    0.000    0.000    0.000    0.000   -0.023   -0.004    0.256
    -0.236   -0.008   -0.075    0.081   -0.080    0.631    0.281   -0.470
    -0.223    0.039    0.085   -0.038    0.012    0.010    0.089   -0.009
    -0.025    0.005   -0.005   -0.013   -0.134    0.000    0.000    0.012

 (  9)
    -0.012   -0.003    0.006    0.003   -0.004    0.002    0.000    0.001
     0.000    0.016    0.031    0.069    0.000    0.000   -0.001   -0.003
     0.000   -0.001    0.000    0.000    0.000    0.014   -0.002   -0.123
     0.129    0.015    0.044   -0.007    0.006   -0.049   -0.026    0.042
     0.021   -0.002   -0.005    0.002   -0.001   -0.001   -0.005   -0.121
    -0.261    0.087   -0.038   -0.090   -0.882    0.000    0.000    0.010

 ( 10)
     0.025   -0.018   -0.004   -0.018    0.000   -0.001    0.040   -0.009
    -0.002   -0.117    0.023   -0.020   -0.130   -0.066    0.003    0.061
     0.024    0.007    0.033    0.002    0.001   -0.053    0.041   -0.012
     0.023   -0.006    0.028    0.030   -0.001   -0.009    0.021    0.022
     0.011   -0.100    0.079    0.014   -0.065    0.036    0.007    0.245
    -0.068    0.176    0.304    0.056   -0.051    0.394    0.247   -0.014

 ( 11)
    -0.020    0.024    0.004   -0.012   -0.007   -0.002    0.034   -0.008
    -0.002    0.115   -0.022    0.022   -0.105   -0.051    0.002   -0.013
     0.033   -0.003    0.028    0.002    0.000    0.049   -0.053    0.010
    -0.015    0.009   -0.028    0.021    0.013   -0.005    0.003   -0.001
     0.006   -0.084    0.066    0.012   -0.056    0.032    0.006   -0.341
     0.064   -0.290   -0.398   -0.142    0.065    0.369    0.225   -0.014

 ( 12)
    -0.014   -0.002    0.003    0.091   -0.008    0.012   -0.134    0.059
    -0.005   -0.009   -0.004   -0.002    0.029   -0.103    0.007    0.018
     0.029    0.000   -0.008    0.001   -0.004    0.036    0.010    0.008
    -0.006   -0.057   -0.023   -0.240    0.121    0.075   -0.101   -0.035
    -0.206    0.255   -0.107    0.116    0.349   -0.058   -0.059   -0.033
     0.004   -0.003    0.010   -0.003   -0.005    0.040    0.340   -0.011

 ( 13)
    -0.003   -0.028    0.001    0.031    0.022    0.001   -0.012   -0.088
    -0.039   -0.001    0.015    0.003   -0.034    0.056   -0.003   -0.006
    -0.014    0.001    0.010   -0.002    0.001   -0.006    0.058    0.002
    -0.010    0.046    0.003   -0.075   -0.019    0.010   -0.109   -0.042
    -0.038    0.032    0.132    0.576    0.225    0.562   -0.141    0.021
    -0.006   -0.035   -0.007   -0.047    0.011    0.046   -0.154    0.006

 ( 14)
     0.055    0.095   -0.030   -0.038   -0.094    0.027    0.016   -0.005
    -0.004    0.005   -0.015   -0.001   -0.004    0.017   -0.002   -0.005
    -0.005    0.002    0.001    0.000    0.000   -0.380   -0.221   -0.078
    -0.043   -0.188    0.379   -0.034    0.385    0.092    0.076    0.134
    -0.341    0.050    0.005    0.059   -0.015    0.064   -0.007    0.045
    -0.038   -0.005   -0.035    0.024   -0.004   -0.001   -0.056    0.000

 ( 15)
     0.054   -0.090   -0.028    0.008    0.029   -0.005   -0.014    0.013
     0.006   -0.034    0.087    0.030    0.018   -0.007    0.000    0.007
    -0.002    0.004   -0.005    0.000   -0.001   -0.338    0.184   -0.062
    -0.064    0.188    0.319   -0.005   -0.095   -0.020    0.024    0.013
     0.061    0.009   -0.030   -0.066    0.014   -0.076    0.012    0.096
    -0.131   -0.413   -0.085   -0.428    0.095   -0.025    0.028   -0.001

 ( 16)
     0.020    0.037   -0.019   -0.033    0.021   -0.027   -0.032    0.017
    -0.010    0.027   -0.040   -0.010    0.020   -0.046    0.004   -0.002
     0.015   -0.002   -0.006    0.001   -0.001   -0.318   -0.118   -0.050
    -0.075   -0.059    0.300    0.277   -0.380   -0.117    0.139   -0.102
     0.438    0.090    0.018    0.140    0.170    0.080   -0.042   -0.087
     0.076    0.166   -0.018    0.217   -0.037   -0.053    0.167   -0.003

 ( 17)
    -0.002   -0.075   -0.015    0.084    0.054    0.003    0.008   -0.017
     0.012    0.050   -0.029   -0.016   -0.032    0.028   -0.002   -0.017
    -0.004   -0.004    0.011   -0.001    0.000   -0.283    0.184   -0.033
    -0.119    0.153    0.282   -0.301   -0.019    0.042   -0.223   -0.056
    -0.136   -0.130   -0.018   -0.148   -0.104   -0.105    0.035   -0.164
     0.190    0.284   -0.008    0.314   -0.050    0.110   -0.107    0.002

 ( 18)
    -0.017    0.096   -0.003    0.087    0.037   -0.012   -0.026   -0.008
     0.012   -0.023    0.005    0.001   -0.036    0.058   -0.006    0.000
    -0.021    0.010    0.013   -0.003   -0.002   -0.021   -0.295   -0.010
    -0.006   -0.376    0.046   -0.188   -0.258   -0.012   -0.231   -0.238
     0.146   -0.003   -0.089   -0.121    0.016   -0.123    0.019    0.200
    -0.146   -0.118   -0.055   -0.135    0.015    0.209   -0.201    0.001

 ( 19)
     0.009   -0.030   -0.006   -0.043   -0.036   -0.002   -0.061    0.036
     0.017    0.021    0.010   -0.011   -0.044    0.079   -0.015   -0.024
    -0.036    0.019    0.018   -0.003   -0.007    0.039    0.123   -0.004
     0.013    0.179   -0.053    0.135    0.033   -0.016    0.227    0.099
     0.041    0.358   -0.222   -0.036    0.260   -0.144   -0.002    0.167
     0.000    0.110   -0.179    0.108   -0.014    0.427   -0.250   -0.010

 ( 20)
     0.000    0.002   -0.017    0.006    0.008    0.012    0.022   -0.016
    -0.010    0.016    0.012   -0.031    0.048   -0.010   -0.019   -0.026
    -0.037    0.052   -0.016    0.000   -0.003    0.022    0.090   -0.020
     0.001    0.020   -0.029   -0.049   -0.024    0.018   -0.060   -0.008
    -0.025   -0.069    0.043    0.006   -0.174    0.111    0.000    0.525
    -0.143    0.127   -0.546    0.164   -0.030   -0.026    0.373   -0.038

 ( 21)
    -0.001    0.004   -0.002    0.011   -0.014    0.048   -0.009   -0.003
    -0.008   -0.012   -0.007   -0.011    0.011    0.024   -0.039    0.003
    -0.006    0.009    0.000   -0.001   -0.001   -0.015    0.324    0.002
     0.010   -0.276    0.019    0.045   -0.070    0.050   -0.028   -0.039
     0.056    0.466   -0.281   -0.041   -0.521    0.282    0.026   -0.187
     0.059   -0.036    0.113   -0.054   -0.014    0.063    0.136   -0.052

 ( 22)
    -0.001   -0.001   -0.012   -0.009    0.004   -0.017    0.007   -0.003
     0.018    0.025    0.015    0.047    0.028    0.009   -0.027   -0.039
    -0.022   -0.001   -0.009    0.001   -0.006    0.061   -0.567   -0.017
    -0.041    0.481    0.012   -0.262   -0.126   -0.006    0.062    0.047
    -0.020    0.175   -0.114   -0.019   -0.210    0.170    0.032    0.034
     0.001    0.022    0.252   -0.025    0.053    0.127    0.192   -0.040

 ( 23)
     0.014   -0.004   -0.043    0.000   -0.008    0.009   -0.001    0.028
     0.039   -0.018   -0.003    0.000   -0.026   -0.037   -0.006    0.029
     0.025   -0.009    0.013    0.002    0.009    0.058    0.054   -0.049
     0.024   -0.158   -0.048   -0.518   -0.338    0.035    0.501    0.300
    -0.013   -0.024    0.050    0.060   -0.060    0.092    0.049   -0.017
    -0.017   -0.026   -0.164    0.089   -0.005   -0.138   -0.207    0.001

 ( 24)
     0.000    0.007   -0.004    0.003   -0.015    0.003   -0.004    0.022
    -0.009   -0.005   -0.004   -0.004   -0.109   -0.049   -0.013    0.049
     0.043   -0.019    0.060    0.003    0.034    0.010   -0.129   -0.006
    -0.020    0.293    0.000    0.091    0.040    0.000   -0.228   -0.161
     0.018    0.285   -0.134   -0.004   -0.130    0.021    0.003    0.128
    -0.067   -0.015   -0.216    0.089   -0.006   -0.459   -0.225   -0.006

 ( 25)
     0.024   -0.021    0.007   -0.016    0.019   -0.011    0.007   -0.005
     0.014   -0.094   -0.021   -0.028    0.088   -0.018    0.045    0.101
     0.047    0.019   -0.068   -0.003   -0.031   -0.043   -0.205    0.001
     0.039    0.113   -0.060    0.026    0.051   -0.014   -0.123   -0.042
    -0.011    0.051   -0.032    0.012   -0.117    0.103    0.022   -0.212
     0.032   -0.007   -0.341    0.080   -0.032    0.289   -0.237    0.060

 ( 26)
    -0.015    0.055   -0.022   -0.001   -0.036    0.032   -0.005    0.047
     0.012    0.061   -0.029    0.034    0.042   -0.099    0.041   -0.045
     0.037   -0.061   -0.035    0.006   -0.023    0.052    0.274   -0.017
    -0.049    0.147    0.058   -0.001   -0.032    0.037   -0.108   -0.111
     0.057   -0.042    0.109    0.099   -0.166    0.085    0.031    0.285
    -0.174   -0.079    0.175    0.055    0.027    0.244   -0.334    0.054

 ( 27)
    -0.034   -0.071    0.028    0.093    0.040   -0.018   -0.088    0.036
     0.016    0.018    0.047    0.003   -0.004   -0.050   -0.038   -0.020
    -0.004   -0.007    0.015    0.001    0.003    0.008   -0.260    0.032
    -0.039   -0.184    0.063    0.331    0.257   -0.023    0.258    0.108
     0.036   -0.184    0.062   -0.044   -0.260    0.213    0.023    0.082
     0.065    0.105   -0.050   -0.033    0.014    0.044   -0.195   -0.037

 ( 28)
     0.010   -0.037   -0.106    0.021    0.023    0.095   -0.021   -0.029
    -0.092   -0.021    0.022    0.088   -0.010    0.030    0.061    0.000
     0.010   -0.021   -0.005   -0.004   -0.008    0.276   -0.138   -0.101
    -0.065   -0.092    0.124    0.250   -0.179    0.057   -0.019    0.139
    -0.173    0.022    0.012    0.053   -0.077   -0.202   -0.081   -0.033
    -0.050   -0.092   -0.024    0.272    0.075    0.014    0.053    0.065

 ( 29)
    -0.040    0.070    0.034    0.069   -0.039    0.055   -0.071   -0.007
    -0.088    0.003   -0.057   -0.086   -0.011    0.052    0.040    0.049
    -0.006    0.027    0.000   -0.011   -0.005   -0.058    0.055    0.035
    -0.058    0.349    0.030    0.044   -0.106    0.056    0.232    0.071
     0.025   -0.139    0.107    0.085   -0.217   -0.155   -0.066   -0.005
     0.003    0.053    0.023   -0.269   -0.075   -0.011    0.039    0.043

 ( 30)
     0.008    0.044   -0.049    0.032   -0.036   -0.005   -0.065   -0.008
     0.060   -0.055   -0.067    0.054    0.011    0.036   -0.096    0.032
    -0.017    0.034    0.021   -0.006    0.014    0.125    0.150   -0.045
    -0.041    0.200    0.068    0.068    0.104    0.006    0.041   -0.087
     0.101   -0.282    0.001   -0.177    0.077    0.198    0.030   -0.134
    -0.182   -0.288    0.036    0.294    0.022    0.004    0.067   -0.104

 ( 31)
     0.024    0.009   -0.061   -0.021   -0.069    0.058    0.007    0.100
     0.008   -0.019    0.081   -0.023    0.017   -0.032   -0.089    0.000
    -0.061    0.047    0.014    0.003    0.012    0.162   -0.028   -0.056
    -0.017    0.030    0.055    0.018   -0.168    0.047   -0.219   -0.144
    -0.028   -0.096    0.238    0.177   -0.018   -0.066    0.025   -0.184
     0.248    0.192   -0.050   -0.156   -0.002    0.049   -0.116   -0.091

 ( 32)
    -0.130    0.005   -0.032   -0.034    0.064    0.017    0.050   -0.009
     0.053    0.019   -0.043   -0.049    0.010   -0.017   -0.026    0.050
     0.005    0.018   -0.013    0.004    0.004    0.272    0.015   -0.009
    -0.277   -0.010    0.385    0.110   -0.069   -0.012   -0.033    0.174
    -0.188    0.076   -0.097   -0.113    0.200    0.123    0.028    0.082
    -0.028    0.059    0.037   -0.222   -0.037   -0.005   -0.035   -0.026

 ( 33)
    -0.074   -0.023   -0.035    0.035   -0.073   -0.079    0.053    0.023
    -0.023   -0.009    0.045    0.028   -0.010    0.033    0.057    0.033
    -0.017    0.000   -0.024   -0.003   -0.009    0.220    0.034   -0.018
    -0.173   -0.047    0.250   -0.210    0.339   -0.012    0.167   -0.229
     0.370    0.113    0.063    0.131   -0.063   -0.099    0.000   -0.018
     0.043    0.009   -0.032    0.068    0.028   -0.031    0.078    0.058

 ( 34)
    -0.056   -0.031    0.054   -0.009    0.073   -0.021    0.050    0.103
    -0.041   -0.022   -0.083    0.019    0.012    0.003   -0.062    0.005
    -0.049    0.030    0.015    0.002    0.011   -0.171   -0.044    0.049
    -0.028   -0.048   -0.031   -0.005    0.034   -0.026   -0.015    0.105
    -0.083    0.164    0.217    0.332   -0.120   -0.235    0.004   -0.012
    -0.208   -0.257    0.056    0.185   -0.007    0.051   -0.034   -0.063

 ( 35)
    -0.094    0.004    0.026    0.045   -0.072    0.022    0.042    0.048
     0.008    0.035    0.082    0.024   -0.032    0.008    0.027    0.070
    -0.066   -0.024   -0.054   -0.003   -0.012   -0.314   -0.006    0.012
    -0.015    0.015   -0.214    0.133   -0.222   -0.004    0.011    0.003
    -0.169   -0.014   -0.007   -0.183    0.129    0.210   -0.015    0.013
     0.030   -0.126    0.040    0.209    0.012   -0.036    0.037    0.025

 ( 36)
     0.011    0.005   -0.025   -0.046    0.048   -0.003   -0.028    0.105
    -0.004   -0.038   -0.052    0.003    0.005    0.015    0.133   -0.007
    -0.098   -0.045    0.084   -0.015   -0.028    0.025    0.012   -0.024
     0.000    0.002    0.005   -0.061    0.063    0.000   -0.091    0.015
     0.013   -0.056    0.046   -0.169   -0.002    0.296   -0.022   -0.070
    -0.016    0.060   -0.079   -0.104    0.009   -0.019    0.071    0.128

 ( 37)
     0.013   -0.060    0.002    0.104   -0.082    0.018    0.095    0.068
     0.016   -0.076   -0.085   -0.026   -0.011    0.041    0.011   -0.099
     0.065   -0.007   -0.011    0.031   -0.003    0.028   -0.081    0.002
     0.005    0.015    0.013    0.142   -0.129    0.008    0.063   -0.068
    -0.058    0.058    0.046   -0.077    0.141    0.131    0.006   -0.033
    -0.080    0.033   -0.081   -0.115   -0.023   -0.020    0.054    0.010

 ( 38)
    -0.129   -0.012    0.023   -0.042   -0.065    0.005   -0.012   -0.045
    -0.009   -0.054    0.050    0.014    0.100    0.008   -0.004   -0.027
     0.068   -0.022    0.130   -0.011    0.002   -0.174   -0.011    0.020
    -0.109   -0.010   -0.036   -0.038   -0.099    0.001   -0.026   -0.033
    -0.038   -0.054   -0.012    0.012   -0.020   -0.051   -0.008   -0.012
     0.025    0.000   -0.074    0.066    0.013    0.108    0.011   -0.004

 ( 39)
     0.043   -0.013    0.069   -0.017   -0.042   -0.084   -0.041    0.032
     0.050    0.027    0.046   -0.076   -0.017    0.031    0.055   -0.016
     0.032    0.052    0.012   -0.063   -0.044    0.233    0.000    0.078
    -0.012   -0.043    0.235    0.065   -0.215   -0.109   -0.092    0.000
    -0.252   -0.035    0.046    0.090   -0.124    0.019    0.060    0.010
    -0.014   -0.237    0.098    0.212   -0.091   -0.060    0.042    0.054

 ( 40)
     0.002    0.026    0.024    0.025   -0.002   -0.002    0.019   -0.071
    -0.017   -0.038    0.032   -0.062    0.005   -0.094    0.043   -0.048
    -0.080    0.050    0.027    0.136   -0.023    0.070    0.003    0.027
    -0.021    0.067    0.081    0.014   -0.007   -0.001    0.070    0.022
     0.002    0.050   -0.101   -0.045    0.023   -0.034   -0.019   -0.122
     0.010   -0.203    0.025    0.165   -0.075   -0.006   -0.124    0.043

 ( 41)
     0.011    0.047    0.029    0.038   -0.016   -0.091   -0.017   -0.037
     0.089   -0.045   -0.014    0.072    0.000    0.015   -0.005    0.019
    -0.048   -0.103   -0.004    0.046    0.008    0.057    0.130    0.032
    -0.006    0.057    0.078    0.159   -0.155   -0.116    0.006    0.048
    -0.249    0.032    0.011    0.248   -0.138   -0.173    0.111   -0.034
     0.034    0.196   -0.165   -0.112    0.083    0.005    0.104   -0.009

 ( 42)
     0.037   -0.002    0.110   -0.024   -0.015    0.002    0.001    0.019
    -0.105   -0.019    0.021   -0.027    0.023   -0.002   -0.036    0.003
    -0.017   -0.091   -0.022   -0.004    0.115    0.205   -0.005    0.118
    -0.016   -0.005    0.263   -0.109   -0.066    0.006   -0.001   -0.003
     0.004   -0.039   -0.003   -0.199    0.064    0.108   -0.117   -0.005
    -0.002   -0.064   -0.084    0.101   -0.030    0.128   -0.010   -0.036

 ( 43)
     0.019    0.007   -0.076    0.011    0.021   -0.049    0.014    0.016
    -0.061    0.018    0.022   -0.113    0.013    0.030   -0.098    0.021
     0.015   -0.120    0.017    0.023   -0.108    0.028   -0.020   -0.076
     0.016    0.014   -0.069    0.002    0.048   -0.046    0.013    0.008
    -0.023    0.008    0.028   -0.043    0.023   -0.011   -0.060    0.024
     0.010   -0.132    0.009    0.049   -0.114    0.004    0.057   -0.099

 ( 44)
    -0.007    0.108    0.050    0.025    0.060   -0.041    0.036    0.028
    -0.085   -0.063    0.053    0.091   -0.023   -0.023   -0.037   -0.046
     0.029    0.044   -0.010   -0.047   -0.078    0.026    0.171    0.052
    -0.020    0.124    0.085   -0.004    0.004   -0.043    0.069    0.103
    -0.073    0.055   -0.013   -0.149    0.071    0.084   -0.093   -0.084
     0.090    0.156   -0.099   -0.007    0.097   -0.057   -0.084   -0.034

 ( 45)
     0.015    0.099   -0.019    0.049    0.103    0.038    0.041    0.064
     0.070    0.003    0.101   -0.042    0.029    0.069    0.043   -0.004
     0.062   -0.009    0.020    0.030    0.073   -0.009    0.063   -0.021
     0.021    0.131   -0.044    0.074    0.143    0.039    0.055    0.097
     0.056    0.067    0.069    0.111    0.019    0.025    0.075   -0.023
     0.095   -0.082    0.026    0.139   -0.045    0.052    0.106    0.042

 ( 46)
     0.027   -0.017    0.026   -0.029   -0.012   -0.037   -0.026    0.063
    -0.051    0.070   -0.006    0.072    0.019    0.068   -0.002    0.069
     0.067    0.054    0.022    0.140   -0.015    0.038    0.031    0.027
     0.026   -0.075    0.039   -0.044   -0.065   -0.041   -0.060   -0.012
    -0.071   -0.066    0.064   -0.095   -0.019    0.116   -0.056    0.111
    -0.005    0.117    0.063   -0.057    0.076    0.010    0.018    0.000

 ( 47)
    -0.046   -0.010    0.087   -0.079    0.017    0.118   -0.065    0.019
     0.061   -0.052    0.020    0.004   -0.071    0.048   -0.019   -0.036
     0.017   -0.043   -0.054    0.045   -0.071   -0.003   -0.058    0.088
    -0.060   -0.006    0.125   -0.123    0.063    0.127   -0.071   -0.008
     0.176   -0.092    0.043    0.080   -0.023   -0.027    0.060   -0.025
    -0.002   -0.020   -0.094    0.068    0.002   -0.113    0.096   -0.021

 ( 48)
     0.081   -0.016    0.096    0.068   -0.008    0.101    0.082   -0.023
     0.043    0.056   -0.008    0.036    0.057   -0.014   -0.013    0.073
    -0.024   -0.013    0.074   -0.030   -0.065    0.124   -0.041    0.097
     0.066   -0.002    0.135    0.026    0.018    0.107    0.090   -0.016
     0.141    0.070   -0.015    0.044    0.126   -0.049    0.040    0.068
    -0.015    0.031    0.012    0.018    0.036    0.013    0.011   -0.013


 ==============================================================================
                      STATISTICAL THERMODYNAMICS ANALYSIS
 ==============================================================================

  Structure name    : THP-F-eq                                                    
  Temperature       :   298.16 K
  Symmetry number   :   1
  Optical isomers   :   2
  Zero Point Energy :   84.690 Kcal/mol


                     ENERGY   ENTHALPY    ENTROPY  FREE ENERGY   HEAT CAPACITY
                  (Kcal/mol) (Kcal/mol)     (eu)   (Kcal/mol)    (cal/mol/deg)
  Translational       0.889      1.481     39.819    -10.391         4.967
     Rotational       0.889      0.889     27.301     -7.251         2.980
    Vibrational      86.906%    86.906%    11.545*    83.464%       18.549*
      Potential       7.976#     7.976#     0.000      7.976#        0.000
         Mixing       0.000      0.000      1.377     -0.411         0.000
          Total      96.659     97.252     80.041     73.387        26.497

  Enthalpy Function (H-Ho)/T     =   15.38 cal/mol/deg
  Free Energy Function -(G-Ho)/T =   64.66 cal/mol/deg

  % Includes zero point energy (ZPE).
  * Excludes contribution from frequencies lower than 40 (1/cm).
  # Includes steric energy (SE).
    Internal rotation contributions are not considered

  This structure has   0 imaginary frequencies,
                       0 free internal rotation (fir) frequencies
                         (>= 0,< 10 /cm),
                       0 restricted internal rotation (rir) frequencies
                         (>= 10,< 40 /cm),
                       6 zero frequencies, and
                      42 real frequencies.


      FINAL STERIC ENERGY IS      7.9757 KCAL/MOL.


                COMPRESSION       0.1831
                BENDING           0.8759
                BEND-BEND        -0.0280
                STRETCH-BEND      0.0620
                VANDERWAALS
                  1,4 ENERGY      5.8587
                  OTHER          -0.1701
                H-BONDING         0.0000
                PI-COMPLX         0.0000

                TORSIONAL         2.8579
                TORSION-STRETCH  -0.0066
                DIPOLE-DIPOLE    -1.6572
                CHARGE-DIPOLE     0.0000
                CHARGE-CHARGE     0.0000

      -----------------------------------------------------------------

      COORDINATES TRANSLATED TO NEW ORIGIN WHICH IS CENTER OF MASS
         C(   1)     1.90534     0.05631    -0.27239   (  1)
         C(   2)     1.26508    -1.25263     0.19619   (  1)
         C(   3)    -0.21461    -1.25577    -0.16499   (  1)
         C(   4)     1.09329     1.25407     0.21757   (  1)
         C(   5)    -0.89865    -0.00602     0.33563   (  1)
         O(   6)    -0.25411     1.13069    -0.21616   (  6)
         F(   7)    -2.24212    -0.02171    -0.08568   ( 11)
         H(   8)     1.95568     0.07025    -1.38487   (  5)
         H(   9)     2.95264     0.12478     0.09879   (  5)
         H(  10)     1.38160    -1.35253     1.30017   (  5)
         H(  11)     1.78118    -2.12532    -0.26594   (  5)
         H(  12)    -0.71007    -2.15479     0.25936   (  5)
         H(  13)    -0.33376    -1.33032    -1.26714   (  5)
         H(  14)     1.51659     2.19570    -0.19156   (  5)
         H(  15)     1.13107     1.33661     1.33136   (  5)
         H(  16)    -0.89035     0.03678     1.45038   (  5)

      MOMENT OF INERTIA WITH THE PRINCIPAL AXES

          (1)  UNIT = 10**(-39) GM*CM**2
               IX=   18.3468    IY=   36.6143    IZ=   50.3671

          (2)  UNIT = AU A**2
               IX=  110.4992    IY=  220.5205    IZ=  303.3511



      MOLECULAR POLARIZABILITIES (A**3)
        ALPHA(1)   =      13.27
        ALPHA(2)   =      11.74
        ALPHA(3)   =       9.68
        AVG. ALPHA =      11.57



      DIPOLE MOMENT =          2.804 D


        COMPONENTS WITH PRINCIPAL AXES

                          X = -2.3144    Y =  0.8157    Z = -1.3569


      E (INDP/INDP) =          0.025 KCAL/MOLE
      DIPOLE MOMENT =          3.213 D (INCLUDES INDUCED BOND MOMENTS)
      *NOTE*  E (INDP/INDP) IS NOT INCLUDED IN THE FINAL STERIC ENERGY

        COMPONENTS WITH PRINCIPAL AXES

                          X = -2.8440    Y =  1.2329    Z = -0.8466



      TOTAL ATOMIC CHARGE ON EACH ATOM (in ELECTRON CHARGE)

           C(    1):         -0.007
           C(    2):          0.020
           C(    3):         -0.007
           C(    4):          0.180
           C(    5):          0.342
           O(    6):         -0.369
           F(    7):         -0.226
           H(    8):          0.007
           H(    9):          0.006
           H(   10):          0.005
           H(   11):          0.004
           H(   12):          0.014
           H(   13):          0.014
           H(   14):          0.005
           H(   15):          0.004
           H(   16):          0.009

      -----------------------------------------------------------------

        END OF THP-F-eq                                                    


           TOTAL CPU TIME IS      0.06 SECONDS.

           THIS JOB COMPLETED AT    11:35:16
