 
               ---------------------------------------------
               WARNING : INCORRECT ATOM TYPES GIVEN IN INPUT
                         DATA ARE CORRECTED AS FOLLOWS
               ---------------------------------------------


             Atom type of atom    1 is replaced by   1 (was   0)
             Atom type of atom    2 is replaced by   1 (was   0)
             Atom type of atom    3 is replaced by  15 (was   0)
             Atom type of atom    4 is replaced by  44 (was   0)
             Atom type of atom    5 is replaced by   5 (was   0)
             Atom type of atom    6 is replaced by   5 (was   0)
             Atom type of atom    7 is replaced by   5 (was   0)
             Atom type of atom    8 is replaced by   1 (was   0)
             Atom type of atom    9 is replaced by   5 (was   0)
             Atom type of atom   10 is replaced by   5 (was   0)
             Atom type of atom   11 is replaced by   5 (was   0)
             Atom type of atom   12 is replaced by   5 (was   0)
 
     2-propanethiol-g                                            

               CHEMICAL FORMULA :  C(    3)  H(    8)  S(    1) 
               FORMULA WEIGHT   :     76.036
                                                               DATE 28-MAY-23
                                                               TIME  11:31:29


          THE COORDINATES OF    12 ATOMS ARE READ IN.
          SOME CONSTANTS WILL BE READ IN.

      CONFORMATIONAL ENERGY, PART 1:  GEOMETRY AND STERIC ENERGY
                                      OF INITIAL CONFORMATION.


      CONNECTED ATOMS
          1-    2-    3-
          2-    8-

      ATTACHED ATOMS
          1-    5,    1-    6,    1-   12,    2-    7,    3-    4,    8-    9,
          8-   10,    8-   11,

      INITIAL ATOMIC COORDINATES
           ATOM          X           Y           Z      TYPE
         C(    1)    -0.11131     1.62663    -0.14377   (  1)
         C(    2)     0.51630     0.31606     0.39448   (  1)
         S(    3)     2.25313     0.18041    -0.10535   ( 15)
         H(    4)     2.64560     1.27214     0.60625   ( 44)
         H(    5)    -1.15244     1.70557     0.17555   (  5)
         H(    6)     0.42800     2.49360     0.24279   (  5)
         H(    7)     0.48315     0.33826     1.48743   (  5)
         C(    8)    -0.26151    -0.93434    -0.08400   (  1)
         H(    9)     0.18462    -1.84000     0.33255   (  5)
         H(   10)    -0.24796    -1.00610    -1.17385   (  5)
         H(   11)    -1.30001    -0.88350     0.24965   (  5)
         H(   12)    -0.07756     1.65128    -1.23510   (  5)

        %=%=%=%=%=%=%=%=%=%=%=%=%=%=%=%=%=%=%=%=%=%=%=%=%=%=%=

        MM4(08)-v010108: (Const:V010108-00)

        The Parameters Used in This Calculation Can be Found
        in the Publication(s) Listed in the PART 3

        %=%=%=%=%=%=%=%=%=%=%=%=%=%=%=%=%=%=%=%=%=%=%=%=%=%=%=


          DIELECTRIC CONSTANT =  1.500


      INITIAL STERIC ENERGY IS              3.7813 KCAL/MOL.

                  COMPRESSION               1.4688
                  STRETCH-STRETCH           0.0000
                  BENDING                   0.9545
                  BEND-BEND                 0.0013
                  STRETCH-BEND              0.0691
                  VANDERWAALS
                    1,4 ENERGY              2.3258
                    OTHER                   0.0628
                  H-BONDING                 0.0000
                  PI-COMPLX                 0.0000
                  TORSIONAL                -0.0837
                  TORSION-STRETCH          -0.0092
                  TORSION-BEND             -0.8175
                  BEND-TORSION-BEND        -0.0214
                  TORSION-IMPT              0.0000
                  IMPT-TORSION-IMPT         0.0000
                  TORSION-TORSION           0.0000
                  DIPOLE-DIPOLE             0.0000
                  CHARGE-DIPOLE             0.0000
                  IND_DIP CORR.            -0.1693
                  CHARGE-CHARGE             0.0000


      MOMENT OF INERTIA ( R(g) ) WITH THE PRINCIPAL AXES

          (1)  UNIT = 10**(-39) GM*CM**2
               IX=   10.8685    IY=   18.6078    IZ=   26.7168

          (2)  UNIT = AU A**2
               IX=   65.4613    IY=  112.0747    IZ=  160.9155


      MOLECULAR POLARIZABILITIES (A**3)

        ALPHA(1)   =      11.10
        ALPHA(2)   =       9.98
        ALPHA(3)   =       8.83
        AVG. ALPHA =       9.97


      DIPOLE MOMENT =          1.5978 D

        SIGMA-DIPOLE MOMENT =  1.5978 (X =  0.8198    Y = -1.0083    Z = -0.9296)


      DIPOLE MOMENT =          1.6685 D (INCLUDES INDUCED BOND MOMENTS)

        SIGMA-DIPOLE MOMENT =  1.6685 (X =  1.5969    Y = -0.2655    Z = -0.4043)


      OTHER MOLECULAR PROPERTIES:

        Molar Polarizability:    25.4128 cm**3/mole
        Molar Refraction:        25.1384 cm**3/mole
        Radius of Gyration:       2.1103 A
        Molecular VDW Surface:  144.6145 A**2
        Molecular VDW Volume:   127.3876 A**3
        Dispersion Energy:       -5.6674 Kcal/mole
        Density (gas):          0.003108 g/cm**3 (@  298.2 K, 1 atm)
        Density (cdn):            0.8592 g/cm**3 (@STP Estd.)
        Ref. Index (gas):       1.001543 (@  298.2 K, 1 atm)
        Ref. Index (cdn):         1.4802 (@STP Estd.)
        Diel. Constant (gas):     1.0094 (@  298.2 K, 1 atm)
        Diel. Constant (cdn):    17.5637 (@STP Estd.)



      CPU TIME FOR INITIAL CALCULATION IS     0.04 SECONDS.
 


     2-propanethiol-g                                            


     CONFORMATIONAL ENERGY, PART 2: GEOMETRY MINIMIZATION

               GEOMETRY OPTIMIZATION IS CONTINUED UNTIL ATOM
               MOVEMENT CONVERGES WITHIN FOLLOWING VALUES:

                         AVERAGE MOVEMENT  0.00010 A
                         MAXIMUM MOVEMENT  0.00104 A



     <<<<<<<<<<<<<<<<<<<<<<<<<<  C Y C L E   1 >>>>>>>>>>>>>>>>>>>>>>>>>>

                              (CH)-MOVEMENT = 0

     ITER    1  AVG. MOVE = 0.01040 A  (MAX MOVE: ATOM     7   0.06272 A)
     ITER    2  AVG. MOVE = 0.00653 A  (MAX MOVE: ATOM     3   0.04198 A)
     ITER    3  AVG. MOVE = 0.00371 A  (MAX MOVE: ATOM     4   0.02246 A)
     ITER    4  AVG. MOVE = 0.00263 A  (MAX MOVE: ATOM     4   0.01462 A)
     ITER    5  AVG. MOVE = 0.00193 A  (MAX MOVE: ATOM     4   0.01072 A)
     ITER    6  AVG. MOVE = 0.00146 A  (MAX MOVE: ATOM     4   0.00818 A)
     ITER    7  AVG. MOVE = 0.00112 A  (MAX MOVE: ATOM     4   0.00632 A)
     ITER    8  AVG. MOVE = 0.00087 A  (MAX MOVE: ATOM     4   0.00490 A)
     ITER    9  AVG. MOVE = 0.00068 A  (MAX MOVE: ATOM     4   0.00381 A)
     ITER   10  AVG. MOVE = 0.00054 A  (MAX MOVE: ATOM     4   0.00296 A)
     ITER   11  AVG. MOVE = 0.00043 A  (MAX MOVE: ATOM     4   0.00231 A)
     ITER   12  AVG. MOVE = 0.00035 A  (MAX MOVE: ATOM    10   0.00191 A)
     ITER   13  AVG. MOVE = 0.00029 A  (MAX MOVE: ATOM    10   0.00170 A)
     ITER   14  AVG. MOVE = 0.00024 A  (MAX MOVE: ATOM    11   0.00154 A)
     ITER   15  AVG. MOVE = 0.00020 A  (MAX MOVE: ATOM    11   0.00140 A)
     ITER   16  AVG. MOVE = 0.00017 A  (MAX MOVE: ATOM    11   0.00126 A)
     ITER   17  AVG. MOVE = 0.00015 A  (MAX MOVE: ATOM    11   0.00114 A)
     ITER   18  AVG. MOVE = 0.00013 A  (MAX MOVE: ATOM    11   0.00103 A)
     ITER   19  AVG. MOVE = 0.00011 A  (MAX MOVE: ATOM    11   0.00092 A)
     ITER   20  AVG. MOVE = 0.00010 A  (MAX MOVE: ATOM    11   0.00083 A)


              * * * * * * * * * GEOMETRY IS OPTIMIZED * * * * * * * * *

               WITHIN : AVERAGE MOVEMENT  0.00010 A (LIMIT  0.00010 A)
                        MAXIMUM MOVEMENT  0.00083 A (LIMIT  0.00104 A)

               GRADIENT
                 RMS GRADIENT                  0.016142 KCAL/MOL/A

                 MAX GRADIENT
                   X-DIRECTION : ATOM #    8   0.033726 KCAL/MOL/A
                   Y-DIRECTION : ATOM #    3   0.027928 KCAL/MOL/A
                   Z-DIRECTION : ATOM #   11   0.030488 KCAL/MOL/A

        DELTA TIME =    0.00 SEC.       TOTAL CPU TIME =      0.05 SEC.


                            =====================
                            FULL-MATRIX OPTIMIZER
                            =====================


     iter.  rms force   max force   avg. move    max move  atom  convg  d-time

        0    0.022082    0.054677   0.00054 A   0.00496 A   10    [N]     0.0s
        1    0.002098    0.006468   0.00000 A   0.00001 A   10    [N]     0.0s
        2    0.000025    0.000107                                 [Y]     0.0s


      TOTAL ENERGY IS      1.5658 KCAL/MOL.

        COMPRESS    0.0719      VDW 1,4    2.1813      DIPL-DIPL    0.0000
        STR-STR     0.0000        OTHER    0.0370      CHRG-DIPL    0.0000
        BENDING     0.8232      TORSION   -0.1118      CHRG-CHRG    0.0000
        BEND-BEND  -0.0294      TOR-STR   -0.0094      EPR          0.0000
        STR-BEND    0.0546      TOR-BEND  -1.2202      TOR-BENBEN  -0.0312
        TOR-IMPT    0.0000      TOR-IPIP   0.0000      TORS-TORS    0.0000
        IND-DIP    -0.2003      H-BOND     0.0000      PI-COMPLX    0.0000
0     DELTA(T) =     0.0 SEC.          ELAPSED TIME =     0.1 SEC.


    * * * ENERGY IS STATIONARY WITHIN RMS OF FORCES   0.00010  Kcal/mol/A * * *

                 * * * *  RMS FORCE IS   0.00003 Kcal/mol/A * * * *

 
     2-propanethiol-g                                            


     %=%=%=%=%=%=%=%=%=%=%=%=%=%=%=%=%=%=%=%=%=%=%=%=%=%=%=%=%=%=%=%=%=%=%=

     The Parameters Used in This Calculation Can be Found in the Following
     Publication(s):

     The MM4 Program is Developed by Dr. N. L. Allinger and co-workers at  
     the University of Georgia, Athens, Georgia 30602-2556 USA.            
     (c) Copyright 2003 by N. L. Allinger. All rights reserved.            
                                                                           
     MM4 General Description and Alkanes:                                  
      Allinger,N.L.; Chen,K.; Lii,J.-H. J. Comput. Chem. 1996, 17, 642.    
     Sulfides/Mercaptans:                                                  
      Allinger,N.L.; Fan,Y. J. Comput. Chem. 1997, 18, 1827.               
      Also see "Authors' Notes on MM4 - MM4 Parameters" in MM4 Manual.     

     %=%=%=%=%=%=%=%=%=%=%=%=%=%=%=%=%=%=%=%=%=%=%=%=%=%=%=%=%=%=%=%=%=%=%=

               CHEMICAL FORMULA :  C(    3)  H(    8)  S(    1) 
               FORMULA WEIGHT   :     76.036
                                                               DATE : 28-MAY-23

           * M M 4 * * * * * * * * * * * 2 0 0 8 *
           *                                     *   PARAMETER RELIABILITY
           *                                     *
           *                                     *   BLANK = GOOD
           *                                     *       B = FAIR
           *                                     *       C = TRIAL
           *                                     *       R = READ IN
           *                                     *       S = SUBSTITUTED
           *                                     *       U = PARAMETER NOT EXIST
           *                                     *
           *                                     *   THIS IS SHOWN AT THE END 
           *                                     *   OF THE LINE.
           * * * * * * * * * * * * * * * * * * * * 


      CONFORMATIONAL ENERGY, PART 3:  GEOMETRY AND STERIC ENERGY
                                      OF FINAL CONFORMATION.

      CONNECTED ATOMS
          1-    2-    3-
          2-    8-

      ATTACHED ATOMS
          1-    5,    1-    6,    1-   12,    2-    7,    3-    4,    8-    9,
          8-   10,    8-   11,

      FINAL ATOMIC COORDINATE
           ATOM          X           Y           Z      TYPE
         C(    1)    -1.20887     1.23829    -0.15337   (  1)
         C(    2)    -0.48782     0.01249     0.42253   (  1)
         S(    3)     1.27268    -0.01533    -0.07307   ( 15)
         H(    4)     1.62265     1.10153     0.56383   ( 44)
         H(    5)    -2.28486     1.23622     0.12866   (  5)
         H(    6)    -0.77454     2.18968     0.22505   (  5)
         H(    7)    -0.59362     0.02564     1.53118   (  5)
         C(    8)    -1.11009    -1.28703    -0.11072   (  1)
         H(    9)    -0.61259    -2.18747     0.31291   (  5)
         H(   10)    -1.04393    -1.35821    -1.21874   (  5)
         H(   11)    -2.18740    -1.35644     0.15716   (  5)
         H(   12)    -1.15943     1.26851    -1.26390   (  5)


          DIELECTRIC CONSTANT =  1.500


      BOND LENGTHS AND STRETCHING ENERGY   (   11 BONDS)

        ENERGY = 71.94(KS)(DR)(DR)(1-(CS)(DR)+(7/12)((CS)(DR))**2)-
                       (1/4)((CS)(DR))**3)+(31/360)((CS)(DR))**4))
                         DR =  R-RO
                         CS =  3.000 FOR X-Y BONDS
                            =  2.200 FOR X-H BONDS
                                                            R(0)-CORR        CORR
             BOND          R(g)    R(0)    K(S)  ENERGY   E-NEG  MISCEL       KS
      C(    1)- C(    2)  1.5343  1.5260  4.550  0.0221 -0.0010                    
      C(    1)- H(    5)  1.1123  1.1114  4.758  0.0003 -0.0006             0.018  
      C(    1)- H(    6)  1.1122  1.1114  4.758  0.0002 -0.0006             0.018  
      C(    1)- H(   12)  1.1120  1.1114  4.758  0.0001 -0.0006             0.018  
      C(    2)- S(    3)  1.8291  1.8220  2.920  0.0105  0.0080                    
      C(    2)- H(    7)  1.1138  1.1105  4.785  0.0036 -0.0015             0.045  
      C(    2)- C(    8)  1.5363  1.5260  4.550  0.0339 -0.0010                    
      S(    3)- H(    4)  1.3325  1.3320  3.880  0.0001                            
      C(    8)- H(    9)  1.1126  1.1114  4.758  0.0005 -0.0006             0.018  
      C(    8)- H(   10)  1.1123  1.1114  4.758  0.0003 -0.0006             0.018  
      C(    8)- H(   11)  1.1123  1.1114  4.758  0.0003 -0.0006             0.018  


      NON-BONDED DISTANCES, VDW AND EPR ENERGY   (    36 PAIRS)

              E(VDW) = KV*(1.84(10**5)EXP(-12.00/P) - 2.25(P**6))
              E(EPR) = C*KV*(1.84(10**5)EXP(-12.00/Q) - 2.25(Q**6))
              E(HBD) = EP1-EP2*F(THET1,THET2)*RTH/RTH0
                            EP1 = KHB*2.76(10**5)*EXP(-12.0/P)
                            EP2 = KHB*2.25(P**6)
                              F = FAC*(1+COS(THET1)^N*(1+COS(THET2))^N

            IF P > 3.020, THEN,
              E(VDW) = KV(192.270)(P**2)
              E(HBD) = EP1-EP2*F(THET1,THET2)*RTH/RTH0
                            EP1 = KHB*569.14*P**2
                            EP2 = KHB*187.16*P**2

                       RV = RVDW(I) + RVDW(K)
                       KV = SQRT(EPS(I)*EPS(K))
                      KHB = HYDROGEN BOND ENERGY PARAMETER
                        P = (RV/R) OR (RV/R#)
                        C = SCALE FACTOR
                        Q = RV/R, WHERE R IS MODIFIED DISTANCE
                        N = 1 WHEN Y IS NITROGEN, AND 2 FOR OTHERS
                      FAC = 1/4 WHEN N=1, AND 1/16 WHEN N=2
                    THET1 = ANGLE H-X-Y IN HYDROGEN BOND X-H...Y
                    THET2 = ANGLE X-Y-LP IN HYDROGEN BOND X...Y-LP
                      RTH = BOND LENGTH X-H IN X-H...Y
                     RTH0 = NATURAL BOND LENGTH X-H

          # IN THE VDW CALCULATIONS THE HYDROGEN ATOMS ARE RELOCATED
          SO THAT THE ATTACHED HYDROGEN DISTANCE IS REDUCED BY 0.940

          # IN THE VDW CALCULATIONS THE DEUTERIUM ATOMS ARE RELOCATED
          SO THAT THE ATTACHED DEUTERIUM DISTANCE IS REDUCED BY  0.940

           ATOM PAIR          R       R#       RV      KV       ENERGY
      C(    1), S(    3)   2.7814
      C(    1), H(    4)   2.9241   2.8986   3.580   0.0272     0.0847  1,4    
      C(    1), H(    7)   2.1649
      C(    1), C(    8)   2.5276
      C(    1), H(    9)   3.5084   3.4473   3.440   0.0240    -0.0269  1,4    
      C(    1), H(   10)   2.8114   2.7827   3.440   0.0240     0.0760  1,4    
      C(    1), H(   11)   2.7904   2.7628   3.440   0.0240     0.0868  1,4    
      C(    2), H(    4)   2.3791
      C(    2), H(    5)   2.1939
      C(    2), H(    6)   2.2048
      C(    2), H(    9)   2.2062
      C(    2), H(   10)   2.2095
      C(    2), H(   11)   2.1984
      C(    2), H(   12)   2.2074
      S(    3), H(    5)   3.7767   3.7151   3.730   0.0577    -0.0646  1,4    
      S(    3), H(    6)   3.0236   2.9980   3.730   0.0577     0.2060  1,4    
      S(    3), H(    7)   2.4614
      S(    3), C(    8)   2.7012
      S(    3), H(    9)   2.9020   2.8782   3.730   0.0577     0.3957  1,4    
      S(    3), H(   10)   2.9125   2.8882   3.730   0.0577     0.3765  1,4    
      S(    3), H(   11)   3.7180   3.6555   3.730   0.0577    -0.0637  1,4    
      S(    3), H(   12)   2.9969   2.9727   3.730   0.0577     0.2391  1,4    
      H(    4), H(    5)   3.9340   3.8496   3.260   0.0184    -0.0129         
      H(    4), H(    6)   2.6543   2.6610   3.260   0.0184     0.0488         
      H(    4), H(    7)   2.6467   2.5870   3.260   0.0184     0.0821  1,4    
      H(    4), C(    8)   3.6916   3.6260   3.580   0.0272    -0.0303  1,4    
      H(    4), H(    9)   3.9846   3.8896   3.260   0.0184    -0.0123         
      H(    4), H(   10)   4.0421   3.9421   3.260   0.0184    -0.0116         
      H(    4), H(   11)   4.5523   4.4403   3.260   0.0184    -0.0062         
      H(    4), H(   12)   3.3329   3.2653   3.260   0.0184    -0.0206         
      H(    5), H(    6)   1.7887
      H(    5), H(    7)   2.5086   2.4423   3.280   0.0170     0.1874  1,4    
      H(    5), C(    8)   2.7936   2.7658   3.440   0.0240     0.0851  1,4    
      H(    5), H(    9)   3.8147   3.7251   3.280   0.0170    -0.0141         
      H(    5), H(   10)   3.1759   3.1116   3.280   0.0170    -0.0169         
      H(    5), H(   11)   2.5946   2.5906   3.280   0.0170     0.0818         
      H(    5), H(   12)   1.7908
      H(    6), H(    7)   2.5341   2.4661   3.280   0.0170     0.1658  1,4    
      H(    6), C(    8)   3.5090   3.4479   3.440   0.0240    -0.0269  1,4    
      H(    6), H(    9)   4.3810   4.2698   3.280   0.0170    -0.0073         
      H(    6), H(   10)   3.8399   3.7486   3.280   0.0170    -0.0137         
      H(    6), H(   11)   3.8178   3.7278   3.280   0.0170    -0.0140         
      H(    6), H(   12)   1.7927
      H(    7), C(    8)   2.1646
      H(    7), H(    9)   2.5263   2.4591   3.280   0.0170     0.1719  1,4    
      H(    7), H(   10)   3.1112   2.9936   3.280   0.0170    -0.0114  1,4    
      H(    7), H(   11)   2.5176   2.4507   3.280   0.0170     0.1795  1,4    
      H(    7), H(   12)   3.1108   2.9931   3.280   0.0170    -0.0113  1,4    
      C(    8), H(   12)   2.8041   2.7758   3.440   0.0240     0.0797  1,4    
      H(    9), H(   10)   1.7944
      H(    9), H(   11)   1.7874
      H(    9), H(   12)   3.8379   3.7464   3.280   0.0170    -0.0137         
      H(   10), H(   11)   1.7890
      H(   10), H(   12)   2.6296   2.6235   3.280   0.0170     0.0662         
      H(   11), H(   12)   3.1570   3.0939   3.280   0.0170    -0.0163         


      BOND ANGLES, BENDING AND STRETCH-BEND ENERGIES   (   19 ANGLES)

          EB = 0.02191418(KB)(DT)(DT)(1+CF*DT+QF*DT**2+PF*DT**3+SF*DT**4)
                          DT = THETA-TZERO
                          CF = -1800.000E-5
                          QF =     7.200E-5
                          PF =     0.135E-5
                          SF =     0.004E-6
          ESS =  143.88(KSTST)(DR1)(DR2)
          ESB =  2.51118(KSB)(DT)(DR1+DR2)
          EBB = -0.02191418(KBB)(DT1)(DT2)
                          DR1 = R1 - R1(0)
                          DR2 = R2 - R2(0)

               A T O M S             THETA    TZERO     KB     EB    KSB   ESB   KSS   ESS
      C(    2)- C(    1)- H(    5)  110.974  110.800  0.600  0.0004 0.10 0.0004              
      C(    2)- C(    1)- H(    6)  111.849  110.800  0.600  0.0142 0.10 0.0024              
      C(    2)- C(    1)- H(   12)  112.065  110.800  0.600  0.0205 0.10 0.0028              
      H(    5)- C(    1)- H(    6)  107.042  107.800  0.540  0.0069                          
      H(    5)- C(    1)- H(   12)  107.233  107.800  0.540  0.0038                          
      H(    6)- C(    1)- H(   12)  107.408  107.800  0.540  0.0018                          
      C(    1)- C(    2)- S(    3)  111.270  105.700  0.975  0.5981 0.14 0.0303              
      C(    1)- C(    2)- H(    7)  108.636  108.900  0.590  0.0009 0.10-0.0008              
      C(    1)- C(    2)- C(    8)  110.802  110.400  0.740  0.0026 0.14 0.0026              
      S(    3)- C(    2)- H(    7)  111.180  108.900  0.782  0.0855 0.10 0.0060              
      S(    3)- C(    2)- C(    8)  106.435  105.700  0.975  0.0114 0.14 0.0045              
      H(    7)- C(    2)- C(    8)  108.482  108.900  0.590  0.0023 0.10-0.0014              
      C(    2)- S(    3)- H(    4)   96.346   95.200  0.790  0.0223 0.01 0.0002              
      C(    2)- C(    8)- H(    9)  111.797  110.800  0.600  0.0128 0.10 0.0029              
      C(    2)- C(    8)- H(   10)  112.073  110.800  0.600  0.0208 0.10 0.0036              
      C(    2)- C(    8)- H(   11)  111.191  110.800  0.600  0.0020 0.10 0.0011              
      H(    9)- C(    8)- H(   10)  107.514  107.800  0.540  0.0010                          
      H(    9)- C(    8)- H(   11)  106.912  107.800  0.540  0.0095                          
      H(   10)- C(    8)- H(   11)  107.070  107.800  0.540  0.0064                          


     DIHEDRAL ANGLES, TORSIONAL ENERGY (ET)   (    21 ANGLES)

           ET = (V1/2)(1+COS(W))+(V2/2)(1-COS(2W))+(V3/2)(1+COS(3W))+
                                 (V4/2)(1-COS(4W))+(V6/2)(1+COS(6W))
         EBTB =  0.043828*(KBTB)(DTH1)(COS(W))(DTH2)
         ETS1 = -0.5*(RC-RC0)[KTSC1*(1+COS(W))+KTSC2*(1-COS(2W))+KTSC3*(1+COS(3W))]
         ETS2 = -0.5*(RT-RT0)[KTST1*(1+COS(W))+KTST2*(1-COS(2W))+KTST3*(1+COS(3W))]
          ETB =  2.51124*(DTH)[KTB1(1+COS(W))+KTB2*(1-COS(2W))+KTB3*(1+COS(3W))]
                      RC   = CENTRAL BOND LENGTH
                      RT   = TERMINAL BOND LENGTH
                      DTH1 = THETA1 - TZERO1
                      DTH2 = THETA2 - TZERO2

           SIGN OF ANGLE A-B-C-D : WHEN LOOKING THROUGH B TOWARD C,
           IF D IS COUNTERCLOCKWISE FROM A, NEGATIVE.

                A T O M S                OMEGA    V1     V2     V3     V4     V6     E    KBTB   EBTB
    C(    1) C(    2) S(    3) H(    4)   63.9 -0.250  0.000  0.580  0.000  0.000 -0.174 -0.100 -0.012 
       TYPE-1-TS                         0.000  0.000  1.559                       0.000
       TYPE-2-TS    0.000  1.020  0.000                       0.000  0.000  0.000 -0.007
       TORS-BEND   -0.021 -0.025  0.000                       0.004  0.000  0.000 -0.971
    C(    1) C(    2) C(    8) H(    9) -178.8  0.000  0.000  0.290  0.000  0.000  0.000 -0.060  0.001 
       TYPE-1-TS                         0.000  0.000  0.660                       0.000
    C(    1) C(    2) C(    8) H(   10)   60.4  0.000  0.000  0.290  0.000  0.000  0.000 -0.060 -0.001 
       TYPE-1-TS                         0.000  0.000  0.660                       0.000
    C(    1) C(    2) C(    8) H(   11)  -59.4  0.000  0.000  0.290  0.000  0.000  0.000 -0.060  0.000 
       TYPE-1-TS                         0.000  0.000  0.660                       0.000
    S(    3) C(    2) C(    1) H(    5)  178.5  0.000  0.000  0.460  0.000  0.000  0.001 -0.050  0.002 
       TYPE-1-TS                         0.000  0.000  0.660                       0.000
    S(    3) C(    2) C(    1) H(    6)  -62.0  0.000  0.000  0.460  0.000  0.000  0.001 -0.050 -0.006 
       TYPE-1-TS                         0.000  0.000  0.660                       0.000
    S(    3) C(    2) C(    1) H(   12)   58.7  0.000  0.000  0.460  0.000  0.000  0.001 -0.050 -0.008 
       TYPE-1-TS                         0.000  0.000  0.660                       0.000
    S(    3) C(    2) C(    8) H(    9)   60.1  0.000  0.000  0.460  0.000  0.000  0.000 -0.050 -0.001 
       TYPE-1-TS                         0.000  0.000  0.660                       0.000
    S(    3) C(    2) C(    8) H(   10)  -60.7  0.000  0.000  0.460  0.000  0.000  0.000 -0.050 -0.001 
       TYPE-1-TS                         0.000  0.000  0.660                       0.000
    S(    3) C(    2) C(    8) H(   11)  179.5  0.000  0.000  0.460  0.000  0.000  0.000 -0.050  0.001 
       TYPE-1-TS                         0.000  0.000  0.660                       0.000
    H(    4) S(    3) C(    2) H(    7)  -57.3  0.000  0.000  0.315  0.000  0.000  0.002 -0.135 -0.008 
       TYPE-1-TS                         0.000  0.000  1.559                       0.000
       TYPE-2-TS    0.000  0.000  0.000                       0.000  0.900  0.000 -0.002
       TORS-BEND   -0.003  0.000  0.000                      -0.012 -0.016  0.000 -0.249
    H(    4) S(    3) C(    2) C(    8) -175.3 -0.250  0.000  0.580  0.000  0.000  0.008 -0.100  0.004 
       TYPE-1-TS                         0.000  0.000  1.559                       0.000
       TYPE-2-TS    0.000  0.000  0.000                       0.000  1.020  0.000  0.000
       TORS-BEND    0.004  0.000  0.000                      -0.021 -0.025  0.000 -0.001
    H(    5) C(    1) C(    2) H(    7)  -58.8  0.000  0.000  0.260  0.000  0.008  0.008 -0.090  0.000 
       TYPE-1-TS                         0.000  0.000  0.660                       0.000
    H(    5) C(    1) C(    2) C(    8)   60.3  0.000  0.000  0.290  0.000  0.000  0.000 -0.060  0.000 
       TYPE-1-TS                         0.000  0.000  0.660                       0.000
    H(    6) C(    1) C(    2) H(    7)   60.7  0.000  0.000  0.260  0.000  0.008  0.008 -0.090  0.001 
       TYPE-1-TS                         0.000  0.000  0.660                       0.000
    H(    6) C(    1) C(    2) C(    8)  179.8  0.000  0.000  0.290  0.000  0.000  0.000 -0.060  0.001 
       TYPE-1-TS                         0.000  0.000  0.660                       0.000
    H(    7) C(    2) C(    1) H(   12) -178.6  0.000  0.000  0.260  0.000  0.008  0.008 -0.090 -0.001 
       TYPE-1-TS                         0.000  0.000  0.660                       0.000
    H(    7) C(    2) C(    8) H(    9)  -59.7  0.000  0.000  0.260  0.000  0.008  0.008 -0.090  0.001 
       TYPE-1-TS                         0.000  0.000  0.660                       0.000
    H(    7) C(    2) C(    8) H(   10)  179.5  0.000  0.000  0.260  0.000  0.008  0.008 -0.090 -0.002 
       TYPE-1-TS                         0.000  0.000  0.660                       0.000
    H(    7) C(    2) C(    8) H(   11)   59.7  0.000  0.000  0.260  0.000  0.008  0.008 -0.090  0.000 
       TYPE-1-TS                         0.000  0.000  0.660                       0.000
    C(    8) C(    2) C(    1) H(   12)  -59.6  0.000  0.000  0.290  0.000  0.000  0.000 -0.060 -0.001 
       TYPE-1-TS                         0.000  0.000  0.660                       0.000


 ==============================================================================
                        NORMAL MODE VIBRATIONAL ANALYSIS
 ==============================================================================


             Molecular Shape : ASYMMETRIC ROTOR WITH KAPPA =-0.424889
        Symmetry Point Group : C1  
             Symmetry Number :  1
                   Chirality : yes



0       FUNDAMENTAL NORMAL VIBRATIONAL FREQUENCIES
                ( THEORETICALLY  30 VALUES )

             Frequency :  in 1/cm
             A(i)      :  IR intensity (vs,s,m,w,vw,-- or in 10**6 cm/mole)
             A(i) = -- :  IR inactive


             no       Frequency   Symmetry      A(i)

             1.          2975.0     (A   )        m
             2.          2973.0     (A   )        s
             3.          2972.8     (A   )        m
             4.          2970.6     (A   )        m
             5.          2926.8     (A   )        m
             6.          2883.0     (A   )        m
             7.          2881.3     (A   )        m
             8.          2590.6     (A   )        m
             9.          1474.7     (A   )       vw
            10.          1470.0     (A   )        w
            11.          1457.8     (A   )        w
            12.          1449.4     (A   )       vw
            13.          1431.5     (A   )        w
            14.          1403.3     (A   )        w
            15.          1368.7     (A   )        w
            16.          1343.2     (A   )        w
            17.          1138.2     (A   )        w
            18.          1119.8     (A   )        w
            19.          1074.4     (A   )        w
            20.           961.7     (A   )        w
            21.           943.4     (A   )        w
            22.           877.3     (A   )        m
            23.           869.8     (A   )        w
            24.           633.2     (A   )        w
            25.           412.7     (A   )        w
            26.           336.7     (A   )        w
            27.           314.7     (A   )        w
            28.           263.3     (A   )        w
            29.           250.3     (A   )        w
            30.           237.0     (A   )        m
            31.     (       0.0)    (t/r )
            32.     (       0.0)    (t/r )
            33.     (       0.0)    (t/r )
            34.     (       0.0)    (t/r )
            35.     (       0.0)    (t/r )
            36.     (       0.0)    (t/r )


0       CORRESPONDING EIGEN VECTOR MATRIX   36 BY  36



 (  1)
    -0.001   -0.038   -0.081    0.000    0.000   -0.003    0.000    0.000
     0.000    0.001    0.000    0.000   -0.159    0.012    0.057    0.195
     0.462    0.187    0.003   -0.006    0.044   -0.008    0.013   -0.021
     0.082   -0.156    0.073   -0.006    0.013    0.175    0.018   -0.002
     0.001   -0.021   -0.026    0.709

 (  2)
     0.069    0.033   -0.020   -0.001    0.000   -0.002    0.000    0.000
     0.000    0.000    0.000    0.000   -0.624    0.006    0.155   -0.172
    -0.373   -0.133    0.002   -0.001    0.021    0.044   -0.017   -0.011
    -0.117    0.210   -0.090   -0.015    0.015    0.127   -0.388   -0.030
     0.091   -0.021   -0.018    0.218

 (  3)
     0.023    0.004   -0.022    0.000    0.000    0.002    0.000    0.000
     0.000    0.000   -0.001    0.000   -0.235    0.004    0.062   -0.021
    -0.038   -0.009   -0.001   -0.013   -0.027   -0.034   -0.015    0.079
    -0.093    0.195   -0.102    0.039   -0.057   -0.706    0.457    0.043
    -0.123   -0.011   -0.010    0.205

 (  4)
    -0.036   -0.025   -0.007    0.000    0.001    0.001    0.000    0.000
     0.000    0.000    0.001    0.001    0.286   -0.001   -0.067    0.133
     0.300    0.111    0.000   -0.004   -0.009    0.063   -0.042    0.029
    -0.286    0.533   -0.239   -0.004   -0.008   -0.203   -0.456   -0.030
     0.097    0.006    0.003    0.047

 (  5)
     0.002   -0.005    0.007    0.007   -0.002   -0.081   -0.001    0.000
     0.000    0.005    0.002    0.000   -0.037    0.006    0.005    0.012
     0.040    0.010   -0.090    0.013    0.940    0.002    0.005    0.007
     0.013   -0.035    0.010    0.007   -0.001   -0.083   -0.035   -0.009
     0.004    0.006   -0.002   -0.083

 (  6)
    -0.029    0.047   -0.021    0.002   -0.005   -0.004    0.000    0.000
     0.000    0.001    0.000    0.000    0.526   -0.020   -0.125   -0.192
    -0.468   -0.169   -0.007    0.004    0.062    0.008    0.016    0.007
     0.071   -0.142    0.061    0.007   -0.017   -0.170   -0.162   -0.018
     0.036   -0.010   -0.035    0.527

 (  7)
    -0.009    0.014   -0.006    0.003    0.002   -0.008    0.000    0.000
     0.000    0.001    0.001    0.000    0.162   -0.005   -0.039   -0.060
    -0.146   -0.053   -0.012    0.000    0.115   -0.023   -0.050   -0.019
    -0.228    0.454   -0.194   -0.020    0.056    0.527    0.509    0.054
    -0.115   -0.003   -0.011    0.160

 (  8)
     0.000    0.000    0.000    0.000    0.000    0.001   -0.008   -0.026
    -0.015    0.257    0.822    0.469   -0.001    0.000    0.000    0.000
    -0.001    0.000   -0.003    0.000   -0.003    0.000    0.000    0.000
     0.001   -0.001    0.000    0.000    0.000   -0.001    0.001    0.000
     0.000    0.000    0.000    0.000

 (  9)
    -0.023    0.030   -0.020    0.035   -0.090    0.002   -0.003    0.002
     0.000    0.023   -0.005   -0.004    0.043    0.174    0.269   -0.221
     0.062    0.132   -0.139    0.313   -0.021    0.019    0.017    0.023
     0.254    0.134    0.017   -0.390   -0.104    0.024   -0.087    0.096
    -0.429    0.239   -0.217   -0.033

 ( 10)
     0.006   -0.004   -0.018    0.038   -0.006   -0.020   -0.002    0.000
    -0.001   -0.002   -0.002    0.002    0.060    0.348    0.152   -0.318
     0.028    0.261   -0.170    0.031   -0.049    0.006    0.015   -0.025
    -0.392   -0.065    0.245    0.123    0.251   -0.050    0.114   -0.385
     0.263    0.063   -0.264   -0.037

 ( 11)
     0.018    0.025    0.014    0.051    0.017    0.008   -0.002    0.000
    -0.001   -0.022    0.001    0.006   -0.098   -0.025   -0.472    0.197
    -0.131    0.263   -0.131   -0.037   -0.008    0.009   -0.025    0.000
     0.032    0.091    0.262   -0.300    0.210   -0.036   -0.040   -0.083
    -0.242   -0.488   -0.198   -0.008

 ( 12)
    -0.039    0.015    0.010    0.006   -0.031    0.001   -0.001    0.001
     0.000    0.006    0.000   -0.002   -0.033   -0.324    0.123    0.252
     0.032   -0.367   -0.022    0.034   -0.003    0.036    0.016   -0.010
    -0.252    0.032    0.364   -0.295    0.246   -0.049    0.055   -0.327
    -0.120    0.269    0.268    0.036

 ( 13)
     0.040   -0.085   -0.007   -0.041    0.107   -0.005    0.003   -0.002
     0.001   -0.021    0.004    0.005    0.097    0.276    0.129   -0.302
     0.062   -0.070    0.211   -0.383    0.025    0.005   -0.064    0.005
     0.119    0.063    0.207   -0.243    0.246   -0.035   -0.064    0.110
    -0.216    0.036    0.200    0.006

 ( 14)
     0.042   -0.016    0.003   -0.099   -0.038   -0.013    0.005    0.001
     0.005    0.056    0.002   -0.017    0.022    0.075   -0.131   -0.130
     0.041    0.047    0.463    0.055    0.035    0.063    0.093    0.022
    -0.285   -0.141   -0.133   -0.232   -0.286    0.050    0.072   -0.269
    -0.159   -0.216    0.011   -0.002

 ( 15)
     0.024   -0.076    0.067    0.063   -0.005   -0.012   -0.003    0.000
    -0.005   -0.029   -0.004    0.012   -0.047    0.299   -0.262   -0.175
     0.157   -0.351   -0.463    0.151   -0.070   -0.004    0.027    0.021
    -0.028   -0.051   -0.140   -0.004   -0.142    0.041   -0.016   -0.121
    -0.078   -0.126    0.354    0.102

 ( 16)
     0.026   -0.013    0.034   -0.050   -0.081    0.004    0.002    0.002
     0.004    0.057   -0.003   -0.014   -0.017    0.090   -0.160   -0.136
     0.122   -0.132    0.285    0.518    0.029   -0.006   -0.035   -0.065
     0.124    0.195    0.299    0.081    0.219   -0.101    0.046    0.238
     0.246   -0.132    0.092    0.043

 ( 17)
    -0.053   -0.023   -0.069    0.096    0.010    0.103   -0.006   -0.001
     0.003   -0.059    0.005    0.020   -0.023    0.238    0.052    0.118
    -0.183    0.129    0.240    0.026    0.128   -0.053    0.015   -0.074
     0.096    0.192    0.123   -0.027   -0.344   -0.054   -0.003   -0.233
     0.066   -0.039    0.323   -0.062

 ( 18)
     0.011   -0.048    0.023   -0.045    0.130    0.041    0.013   -0.009
    -0.012   -0.237    0.015    0.081    0.027   -0.045    0.086    0.114
    -0.129    0.111   -0.173    0.426    0.032    0.050   -0.056   -0.059
    -0.232   -0.191   -0.017   -0.265   -0.202   -0.073    0.070    0.179
     0.075    0.087   -0.070    0.030

 ( 19)
    -0.064   -0.038    0.071    0.045    0.059   -0.083   -0.009    0.000
     0.012    0.039    0.003   -0.016   -0.136    0.284   -0.202    0.249
    -0.124   -0.071    0.374    0.203   -0.064   -0.034   -0.023    0.023
     0.028   -0.058   -0.127    0.105    0.114    0.020   -0.071   -0.151
    -0.158    0.342   -0.233    0.085

 ( 20)
    -0.085    0.010   -0.020    0.007   -0.069    0.005   -0.006    0.004
     0.004    0.185   -0.018   -0.065   -0.118    0.391   -0.145    0.183
    -0.123    0.013   -0.047   -0.246    0.002    0.093    0.011    0.005
    -0.215   -0.151    0.019   -0.186    0.021   -0.010    0.108    0.473
     0.187    0.107    0.106   -0.011

 ( 21)
     0.002    0.029    0.072   -0.001    0.020    0.000    0.003   -0.004
    -0.002   -0.072    0.009    0.015   -0.068   -0.016   -0.201   -0.106
     0.204   -0.253   -0.009   -0.316    0.005   -0.003    0.025   -0.070
     0.089    0.218    0.241   -0.155   -0.424   -0.047    0.065   -0.005
     0.201    0.192   -0.418    0.066

 ( 22)
     0.036   -0.078    0.016   -0.032    0.037   -0.040   -0.019    0.020
     0.016    0.754   -0.076   -0.240    0.059   -0.095    0.099    0.107
    -0.154    0.123   -0.178    0.052   -0.056   -0.018    0.017   -0.025
     0.068    0.125    0.104   -0.055   -0.158   -0.015    0.006   -0.054
     0.059    0.012    0.000    0.020

 ( 23)
     0.002    0.088   -0.012    0.106    0.026    0.042   -0.028    0.009
     0.015    0.332   -0.037   -0.101   -0.002   -0.124   -0.025   -0.239
     0.255   -0.154    0.183    0.046    0.049   -0.018   -0.121   -0.030
    -0.221   -0.293   -0.151   -0.113   -0.062   -0.042   -0.036    0.033
    -0.050   -0.082   -0.030   -0.021

 ( 24)
    -0.042    0.053   -0.009   -0.131   -0.002    0.124    0.071    0.003
    -0.029    0.224   -0.027   -0.060   -0.078    0.228   -0.149    0.047
     0.042   -0.080   -0.175   -0.006    0.120   -0.035   -0.056   -0.006
     0.054   -0.041   -0.076    0.099    0.073   -0.008   -0.055   -0.239
    -0.138    0.102   -0.067   -0.007

 ( 25)
    -0.032    0.104    0.029   -0.037   -0.006   -0.147    0.046   -0.001
     0.020   -0.075    0.070   -0.037   -0.005    0.128    0.137    0.055
     0.020    0.149   -0.040   -0.001   -0.142   -0.032   -0.103    0.027
     0.046   -0.011    0.139   -0.112   -0.280    0.036   -0.006   -0.120
     0.131   -0.132    0.283    0.032

 ( 26)
    -0.024   -0.085   -0.005    0.030   -0.049   -0.011    0.083    0.041
     0.006   -0.032    0.087   -0.008   -0.026   -0.151   -0.013   -0.087
    -0.057   -0.005    0.039   -0.045   -0.010   -0.160    0.030    0.001
    -0.312   -0.053   -0.002   -0.195    0.017    0.001   -0.171    0.220
     0.019   -0.019   -0.088   -0.005

 ( 27)
     0.162   -0.002   -0.009   -0.019   -0.085    0.019   -0.047    0.066
    -0.008   -0.148    0.079    0.027    0.162    0.195   -0.018    0.324
    -0.062   -0.040   -0.020   -0.081    0.018   -0.046   -0.078    0.010
    -0.050   -0.086   -0.001   -0.066   -0.077    0.010   -0.043   -0.062
     0.029    0.180   -0.047   -0.010

 ( 28)
    -0.010   -0.011   -0.018    0.002    0.003    0.000    0.009   -0.010
     0.032   -0.062    0.164   -0.233    0.058    0.137    0.246    0.171
     0.011   -0.283   -0.008    0.001   -0.001   -0.005    0.018   -0.031
     0.247   -0.005   -0.377   -0.365    0.244   -0.068    0.093   -0.166
     0.315   -0.279   -0.197   -0.035

 ( 29)
     0.009    0.000   -0.033   -0.001    0.004   -0.012    0.001    0.010
    -0.011    0.103   -0.282    0.445   -0.056   -0.136   -0.283   -0.164
    -0.006    0.183    0.012    0.020   -0.011   -0.018   -0.006    0.035
     0.213   -0.001   -0.226   -0.359    0.131    0.006    0.075   -0.156
     0.370    0.263    0.141   -0.018

 ( 30)
    -0.023   -0.006   -0.008    0.001    0.003   -0.018    0.006    0.016
    -0.009    0.150   -0.385    0.615    0.058    0.158    0.300    0.192
     0.008   -0.290    0.017    0.005   -0.017   -0.001   -0.004    0.001
    -0.058    0.004    0.084    0.075   -0.066    0.010   -0.022    0.045
    -0.071   -0.335   -0.195   -0.027

 ( 31)
    -0.087   -0.075    0.039   -0.043   -0.034    0.070   -0.062   -0.027
     0.003   -0.057    0.010   -0.064   -0.076   -0.080    0.080   -0.089
    -0.049   -0.024    0.000    0.017    0.073   -0.041   -0.071    0.157
    -0.008   -0.042    0.181   -0.082   -0.123    0.158   -0.029   -0.077
     0.202   -0.130   -0.127    0.035

 ( 32)
     0.009    0.012   -0.207   -0.040    0.053   -0.058   -0.019   -0.028
     0.022   -0.025    0.026   -0.069   -0.003    0.060   -0.254    0.011
     0.040   -0.278   -0.089    0.161   -0.064   -0.042    0.015    0.039
    -0.078    0.045    0.147    0.005   -0.093    0.049   -0.055    0.061
    -0.002    0.059   -0.095   -0.207

 ( 33)
     0.003   -0.117   -0.065    0.056   -0.065   -0.022    0.065    0.011
     0.004   -0.001    0.046   -0.021   -0.001   -0.164   -0.081   -0.051
    -0.084   -0.084    0.040   -0.041   -0.024    0.130   -0.110    0.003
     0.169   -0.074    0.035    0.150   -0.137    0.006    0.130   -0.158
    -0.010    0.017   -0.144   -0.065

 ( 34)
     0.022    0.055    0.007    0.052    0.094    0.052    0.040    0.092
     0.011    0.041    0.129   -0.055    0.029    0.056    0.033    0.019
     0.081   -0.053    0.078    0.150    0.054    0.056    0.059    0.134
     0.078    0.087    0.168    0.030    0.003    0.136    0.063    0.059
     0.164   -0.005   -0.001    0.004

 ( 35)
     0.007   -0.002    0.023   -0.029   -0.011    0.049    0.004    0.000
     0.164   -0.040   -0.010    0.206   -0.011   -0.008   -0.048   -0.019
    -0.008    0.068   -0.102   -0.030    0.042    0.008   -0.002   -0.014
    -0.019   -0.009    0.003    0.080    0.017   -0.011   -0.010   -0.008
    -0.085    0.080    0.017    0.027

 ( 36)
    -0.121   -0.015   -0.029   -0.068    0.012   -0.037   -0.056    0.115
    -0.003   -0.128    0.122    0.025   -0.127   -0.078   -0.050   -0.180
     0.001   -0.002   -0.090   -0.014   -0.039    0.012   -0.011   -0.073
     0.052    0.008   -0.080    0.038    0.013   -0.073    0.010   -0.073
    -0.096   -0.101    0.008   -0.027


                VIBRATIONAL AMPLITUDE AND CENTRIFUGAL DISTORTION
                 CONTRIBUTIONS TO THE BOND LENGTH AT   298.16 K

                 Note: Excludes contributions from frequencies
                       lower than 40 (1/cm).

                R(e)   = r(mm4) - 1.5 * anh * <Z**2>(298.16)
                R(z)   = R(e) + 1.5 * anh * <Z**2>(0) - <K>(0))
                R(s)   = [R(e) + R(z)] / 2
                R(alp) = R(e) + 1.5 * anh * <Z**2>(T) - <K>(T) - <C>(T)
                R(g)   = R(e) + 1.5 * anh * <Z**2>(T)
                R(a)   = [R(g) + sqrt(R(g)**2-4*<Z**2>(T))] / 2

                       anh = anharmonicity (2.00)
                    <Z**2> = mean-square vibrational amplitude
                       <K> = perpendicular vibrational amplitude
                       <C> = centrifugal correction

        BOND          R(g)      R(z)      R(e)     R(alp)     R(s)      R(a)
    2( C)-  1( C)    1.5343    1.5319    1.5268    1.5314    1.5294    1.5327
    3( S)-  2( C)    1.8291    1.8273    1.8212    1.8268    1.8242    1.8277
    4( H)-  3( S)    1.3325    1.3123    1.3125    1.3114    1.3125    1.3275
    5( H)-  1( C)    1.1123    1.0953    1.0938    1.0940    1.0946    1.1068
    6( H)-  1( C)    1.1122    1.0953    1.0937    1.0940    1.0945    1.1066
    7( H)-  2( C)    1.1138    1.1029    1.0952    1.1028    1.0990    1.1082
    8( C)-  2( C)    1.5363    1.5340    1.5287    1.5334    1.5314    1.5347
    9( H)-  8( C)    1.1126    1.0958    1.0941    1.0945    1.0949    1.1070
   10( H)-  8( C)    1.1123    1.0955    1.0938    1.0942    1.0946    1.1067
   11( H)-  8( C)    1.1123    1.0955    1.0938    1.0942    1.0946    1.1067
   12( H)-  1( C)    1.1120    1.0950    1.0936    1.0938    1.0943    1.1065


                  Non-Bonded Atom Pair Distance Table
        (Distance greater than 82% of VDW distance are not printed)

        PAIR        Dist(g)   Dist(z)
    4( H),  1( C)    2.9241    2.9069       1,4
    6( H),  3( S)    3.0236    3.0152       1,4
    6( H),  4( H)    2.6543    2.6466          
    7( H),  4( H)    2.6467    2.6344       1,4
    7( H),  5( H)    2.5086    2.4953       1,4
    7( H),  6( H)    2.5341    2.5229       1,4
    8( C),  5( H)    2.7936    2.7856       1,4
    9( H),  3( S)    2.9020    2.8999       1,4
    9( H),  7( H)    2.5263    2.5166       1,4
   10( H),  1( C)    2.8114    2.8024       1,4
   10( H),  3( S)    2.9125    2.9098       1,4
   11( H),  1( C)    2.7904    2.7824       1,4
   11( H),  5( H)    2.5946    2.5959          
   11( H),  7( H)    2.5176    2.5050       1,4
   12( H),  3( S)    2.9969    2.9914       1,4
   12( H),  8( C)    2.8041    2.7943       1,4
   12( H), 10( H)    2.6296    2.6277          


         THE MOMENTS OF INERTIA CALCULATED FROM R(g), R(z) VALUES
                  (also from R(e), R(alpha), R(s) VALUES)

         Note: (1) All calculations are based on principle isotopes.
               (2) R(z) values include harmonic vibration (Coriolis)
                   contribution indicated in parentheses.


   (1)  UNIT = 10**(-39) GM*CM**2

                    IX                   IY                   IZ

   R(e)        10.5884              18.4141              26.1781
   R(z)        10.6864( 0.0016)     18.5675( 0.0128)     26.4022( 0.0051)

   (2)  UNIT = AU A**2

                    IX                   IY                   IZ

   R(e)        63.7721             110.9043             157.6656
   R(z)        64.3622( 0.0093)    111.8281( 0.0768)    159.0152( 0.0306)


 ==============================================================================
                      STATISTICAL THERMODYNAMICS ANALYSIS
 ==============================================================================

  Structure name    : 2-propanethiol-g                                            
  Temperature       :   298.16 K
  Symmetry number   :   1
  Optical isomers   :   2
  Zero Point Energy :   62.912 Kcal/mol


                     ENERGY** ENTHALPY**  ENTROPY  FREE ENERGY** HEAT CAPACITY**
                  (Kcal/mol) (Kcal/mol)     (eu)   (Kcal/mol)    (cal/mol/deg)
  Translational       0.889      0.889     38.908    -10.712         2.981
     Rotational       0.889      0.889     25.477     -6.707         2.981
    Vibrational*     64.802%    64.802%     9.921     61.844%       14.472
         PV(RT)       0.000      0.593      0.000      0.593         1.987
      Potential       1.566#     1.566#     0.000      1.566#        0.000
         Mixing       0.000      0.000      1.377     -0.411         0.000
          Total*     68.145     68.738     75.683     46.172        22.421

  Enthalpy Function (H-Ho)/T     =   14.29 cal/mol/deg
  Free Energy Function -(G-Ho)/T =   61.39 cal/mol/deg

  % Includes zero point energy (ZPE).
  * Excludes contribution from frequencies lower than 10 (1/cm).
  # Includes steric energy (SE).
    Internal rotation contributions are not considered
 ** These quantities are relative to the R(e) values (
    bottom of potential well) and do NOT include bonding

  This structure has   0 imaginary frequencies,
                       0 free internal rotation (fir) frequencies
                         (>= 0,< 10 /cm),
                       0 restricted internal rotation (rir) frequencies
                         (>= 10,< 40 /cm),
                       6 zero frequencies, and
                      30 real frequencies.


      FINAL STERIC ENERGY IS                1.5658 KCAL/MOL.


                  COMPRESSION               0.0719
                  STRETCH-STRETCH           0.0000
                  BENDING                   0.8232
                  BEND-BEND                -0.0294
                  STRETCH-BEND              0.0546
                  VANDERWAALS
                    1,4 ENERGY              2.1813
                    OTHER                   0.0370
                  H-BONDING                 0.0000
                  PI-COMPLX                 0.0000
                  TORSIONAL                -0.1118
                  TORSION-STRETCH          -0.0094
                  TORSION-BEND             -1.2202
                  BEND-TORSION-BEND        -0.0312
                  TORSION-IMPT              0.0000
                  IMPT-TORSION-IMPT         0.0000
                  TORSION-TORSION           0.0000
                  DIPOLE-DIPOLE             0.0000
                  CHARGE-DIPOLE             0.0000
                  IND-DIP CORR.            -0.2003
                  CHARGE-CHARGE             0.0000


      MOLECULAR POLARIZABILITIES (A**3)

        ALPHA(1)   =      11.40
        ALPHA(2)   =      10.15
        ALPHA(3)   =       9.14
        AVG. ALPHA =      10.23


      DIPOLE MOMENT =          1.5644 D

        SIGMA-DIPOLE MOMENT =  1.5644 (X =  0.8542    Y = -0.9780    Z = -0.8724)


      DIPOLE MOMENT =          1.6567 D (INCLUDES INDUCED BOND MOMENTS)

        SIGMA-DIPOLE MOMENT =  1.6567 (X =  1.6061    Y = -0.1618    Z = -0.3726)


      OTHER MOLECULAR PROPERTIES:

        Molar Polarizability:    26.0730 cm**3/mole
        Molar Refraction:        25.8024 cm**3/mole
        Radius of Gyration:       2.1056 A
        Molecular VDW Surface:  145.2253 A**2
        Molecular VDW Volume:   128.1473 A**3
        Dispersion Energy:       -5.5451 Kcal/mole
        Density (gas):          0.003108 g/cm**3 (@  298.2 K, 1 atm)
        Density (cdn):            0.8542 g/cm**3 (@STP Estd.)
        Ref. Index (gas):       1.001583 (@  298.2 K, 1 atm)
        Ref. Index (cdn):         1.4917 (@STP Estd.)
        Diel. Constant (gas):     1.0094 (@  298.2 K, 1 atm)
        Diel. Constant (cdn):    17.5241 (@STP Estd.)



      TOTAL ATOMIC CHARGE ON EACH ATOM (in ELECTRON CHARGE)

           C(    1):         -0.007
           C(    2):          0.143
           S(    3):         -0.204
           H(    4):          0.033
           H(    5):          0.005
           H(    6):          0.006
           H(    7):          0.003
           C(    8):         -0.006
           H(    9):          0.007
           H(   10):          0.007
           H(   11):          0.006
           H(   12):          0.006

      -----------------------------------------------------------------

        END OF 2-propanethiol-g                                            


           TOTAL CPU TIME IS      0.23 SECONDS.

           THIS JOB COMPLETED AT    11:31:29
