 
               ---------------------------------------------
               WARNING : INCORRECT ATOM TYPES GIVEN IN INPUT
                         DATA ARE CORRECTED AS FOLLOWS
               ---------------------------------------------


             Atom type of atom    1 is replaced by   1 (was   0)
             Atom type of atom    2 is replaced by   1 (was   0)
             Atom type of atom    3 is replaced by  15 (was   0)
             Atom type of atom    4 is replaced by   1 (was   0)
             Atom type of atom    5 is replaced by   1 (was   0)
             Atom type of atom    6 is replaced by   1 (was   0)
             Atom type of atom    7 is replaced by   5 (was   0)
             Atom type of atom    8 is replaced by   5 (was   0)
             Atom type of atom    9 is replaced by   5 (was   0)
             Atom type of atom   10 is replaced by   5 (was   0)
             Atom type of atom   11 is replaced by   5 (was   0)
             Atom type of atom   12 is replaced by   5 (was   0)
             Atom type of atom   13 is replaced by   5 (was   0)
             Atom type of atom   14 is replaced by   1 (was   0)
             Atom type of atom   15 is replaced by   5 (was   0)
             Atom type of atom   16 is replaced by   5 (was   0)
             Atom type of atom   17 is replaced by   5 (was   0)
             Atom type of atom   18 is replaced by   5 (was   0)
             Atom type of atom   19 is replaced by   5 (was   0)
 
     3-methylthiane-ax                                           

               CHEMICAL FORMULA :  C(    6)  H(   12)  S(    1) 
               FORMULA WEIGHT   :    116.068
                                                               DATE 28-MAY-23
                                                               TIME  11:34:11


          THE COORDINATES OF    19 ATOMS ARE READ IN.
          SOME CONSTANTS WILL BE READ IN.

      CONFORMATIONAL ENERGY, PART 1:  GEOMETRY AND STERIC ENERGY
                                      OF INITIAL CONFORMATION.


      CONNECTED ATOMS
          1-    2-    3-    5-    6-   14-
          1-    4-    6-

      ATTACHED ATOMS
          1-    7,    1-    8,    2-    9,    2-   10,    4-   11,    4-   12,
          5-   13,    5-   16,    6-   15,   14-   17,   14-   18,   14-   19,

      INITIAL ATOMIC COORDINATES
           ATOM          X           Y           Z      TYPE
         C(    1)    -0.05513     1.52369    -0.36594   (  1)
         C(    2)     1.15845     0.63060    -0.01419   (  1)
         S(    3)     0.81004    -1.12631    -0.27317   ( 15)
         C(    4)    -1.29661     1.22125     0.51430   (  1)
         C(    5)    -0.61381    -1.23951     0.84154   (  1)
         C(    6)    -1.77078    -0.26432     0.47372   (  1)
         H(    7)    -0.30828     1.39712    -1.42138   (  5)
         H(    8)     0.22877     2.56946    -0.22151   (  5)
         H(    9)     1.45612     0.79005     1.02486   (  5)
         H(   10)     2.00136     0.90372    -0.65167   (  5)
         H(   11)    -2.11623     1.87488     0.20342   (  5)
         H(   12)    -1.05694     1.48396     1.54917   (  5)
         H(   13)    -0.27225    -1.03880     1.86002   (  5)
         C(   14)    -2.47149    -0.64231    -0.86242   (  1)
         H(   15)    -2.53214    -0.37216     1.25390   (  5)
         H(   16)    -0.97764    -2.26872     0.81807   (  5)
         H(   17)    -1.78213    -0.58138    -1.70536   (  5)
         H(   18)    -2.86071    -1.66123    -0.80843   (  5)
         H(   19)    -3.31060     0.03001    -1.05246   (  5)

        %=%=%=%=%=%=%=%=%=%=%=%=%=%=%=%=%=%=%=%=%=%=%=%=%=%=%=

        MM4(08)-v010108: (Const:V010108-00)

        The Parameters Used in This Calculation Can be Found
        in the Publication(s) Listed in the PART 3

        %=%=%=%=%=%=%=%=%=%=%=%=%=%=%=%=%=%=%=%=%=%=%=%=%=%=%=


          DIELECTRIC CONSTANT =  1.500


      INITIAL STERIC ENERGY IS              7.9791 KCAL/MOL.

                  COMPRESSION               2.6747
                  STRETCH-STRETCH           0.0001
                  BENDING                   1.6774
                  BEND-BEND                 0.0261
                  STRETCH-BEND              0.2521
                  VANDERWAALS
                    1,4 ENERGY              4.1922
                    OTHER                  -0.2425
                  H-BONDING                 0.0000
                  PI-COMPLX                 0.0000
                  TORSIONAL                 0.9788
                  TORSION-STRETCH           0.5849
                  TORSION-BEND             -1.9725
                  BEND-TORSION-BEND        -0.1287
                  TORSION-IMPT              0.0000
                  IMPT-TORSION-IMPT         0.0000
                  TORSION-TORSION           0.0000
                  DIPOLE-DIPOLE             0.0000
                  CHARGE-DIPOLE             0.0000
                  IND_DIP CORR.            -0.0637
                  CHARGE-CHARGE             0.0000


      MOMENT OF INERTIA ( R(g) ) WITH THE PRINCIPAL AXES

          (1)  UNIT = 10**(-39) GM*CM**2
               IX=   30.0052    IY=   39.9852    IZ=   55.4846

          (2)  UNIT = AU A**2
               IX=  180.7214    IY=  240.8310    IZ=  334.1837


      MOLECULAR POLARIZABILITIES (A**3)

        ALPHA(1)   =      17.01
        ALPHA(2)   =      17.24
        ALPHA(3)   =      14.93
        AVG. ALPHA =      16.40


      DIPOLE MOMENT =          1.5884 D

        SIGMA-DIPOLE MOMENT =  1.5884 (X =  0.7120    Y = -1.0900    Z = -0.9100)


      DIPOLE MOMENT =          1.9120 D (INCLUDES INDUCED BOND MOMENTS)

        SIGMA-DIPOLE MOMENT =  1.9120 (X =  1.0823    Y = -1.3769    Z = -0.7673)


      OTHER MOLECULAR PROPERTIES:

        Molar Polarizability:    41.7029 cm**3/mole
        Molar Refraction:        41.3426 cm**3/mole
        Radius of Gyration:       2.5524 A
        Molecular VDW Surface:  196.4654 A**2
        Molecular VDW Volume:   190.1547 A**3
        Dispersion Energy:      -12.1780 Kcal/mole
        Density (gas):          0.004744 g/cm**3 (@  298.2 K, 1 atm)
        Density (cdn):            0.8839 g/cm**3 (@STP Estd.)
        Ref. Index (gas):       1.002537 (@  298.2 K, 1 atm)
        Ref. Index (cdn):         1.5426 (@STP Estd.)
        Diel. Constant (gas):     1.0134 (@  298.2 K, 1 atm)
        Diel. Constant (cdn):    17.1423 (@STP Estd.)



      CPU TIME FOR INITIAL CALCULATION IS     0.04 SECONDS.
 


     3-methylthiane-ax                                           


     CONFORMATIONAL ENERGY, PART 2: GEOMETRY MINIMIZATION

               GEOMETRY OPTIMIZATION IS CONTINUED UNTIL ATOM
               MOVEMENT CONVERGES WITHIN FOLLOWING VALUES:

                         AVERAGE MOVEMENT  0.00013 A
                         MAXIMUM MOVEMENT  0.00131 A



     <<<<<<<<<<<<<<<<<<<<<<<<<<  C Y C L E   1 >>>>>>>>>>>>>>>>>>>>>>>>>>

                              (CH)-MOVEMENT = 0

     ITER    1  AVG. MOVE = 0.01065 A  (MAX MOVE: ATOM    13   0.05824 A)
     ITER    2  AVG. MOVE = 0.00317 A  (MAX MOVE: ATOM     3   0.02148 A)
     ITER    3  AVG. MOVE = 0.00163 A  (MAX MOVE: ATOM    13   0.01284 A)
     ITER    4  AVG. MOVE = 0.00137 A  (MAX MOVE: ATOM    13   0.00923 A)
     ITER    5  AVG. MOVE = 0.00126 A  (MAX MOVE: ATOM    13   0.00741 A)
     ITER    6  AVG. MOVE = 0.00116 A  (MAX MOVE: ATOM    13   0.00632 A)
     ITER    7  AVG. MOVE = 0.00108 A  (MAX MOVE: ATOM    13   0.00551 A)
     ITER    8  AVG. MOVE = 0.00101 A  (MAX MOVE: ATOM    13   0.00484 A)
     ITER    9  AVG. MOVE = 0.00095 A  (MAX MOVE: ATOM     7   0.00455 A)
     ITER   10  AVG. MOVE = 0.00089 A  (MAX MOVE: ATOM     7   0.00429 A)
     ITER   11  AVG. MOVE = 0.00084 A  (MAX MOVE: ATOM     7   0.00404 A)
     ITER   12  AVG. MOVE = 0.00079 A  (MAX MOVE: ATOM     7   0.00380 A)
     ITER   13  AVG. MOVE = 0.00075 A  (MAX MOVE: ATOM     7   0.00357 A)
     ITER   14  AVG. MOVE = 0.00071 A  (MAX MOVE: ATOM    19   0.00337 A)
     ITER   15  AVG. MOVE = 0.00067 A  (MAX MOVE: ATOM    19   0.00336 A)
     ITER   16  AVG. MOVE = 0.00064 A  (MAX MOVE: ATOM    19   0.00334 A)
     ITER   17  AVG. MOVE = 0.00061 A  (MAX MOVE: ATOM    19   0.00330 A)
     ITER   18  AVG. MOVE = 0.00058 A  (MAX MOVE: ATOM    19   0.00325 A)
     ITER   19  AVG. MOVE = 0.00055 A  (MAX MOVE: ATOM    19   0.00320 A)
     ITER   20  AVG. MOVE = 0.00053 A  (MAX MOVE: ATOM    19   0.00314 A)
     ITER   21  AVG. MOVE = 0.00050 A  (MAX MOVE: ATOM    19   0.00308 A)
     ITER   22  AVG. MOVE = 0.00048 A  (MAX MOVE: ATOM    19   0.00301 A)
     ITER   23  AVG. MOVE = 0.00046 A  (MAX MOVE: ATOM    19   0.00294 A)
     ITER   24  AVG. MOVE = 0.00044 A  (MAX MOVE: ATOM    19   0.00287 A)
     ITER   25  AVG. MOVE = 0.00042 A  (MAX MOVE: ATOM    19   0.00279 A)
     ITER   26  AVG. MOVE = 0.00040 A  (MAX MOVE: ATOM    19   0.00271 A)
     ITER   27  AVG. MOVE = 0.00039 A  (MAX MOVE: ATOM    19   0.00263 A)
     ITER   28  AVG. MOVE = 0.00037 A  (MAX MOVE: ATOM    19   0.00256 A)
     ITER   29  AVG. MOVE = 0.00035 A  (MAX MOVE: ATOM    19   0.00248 A)
     ITER   30  AVG. MOVE = 0.00034 A  (MAX MOVE: ATOM    19   0.00240 A)
     ITER   31  AVG. MOVE = 0.00033 A  (MAX MOVE: ATOM    19   0.00232 A)
     ITER   32  AVG. MOVE = 0.00032 A  (MAX MOVE: ATOM    19   0.00225 A)
     ITER   33  AVG. MOVE = 0.00030 A  (MAX MOVE: ATOM    19   0.00217 A)
     ITER   34  AVG. MOVE = 0.00029 A  (MAX MOVE: ATOM    19   0.00210 A)
     ITER   35  AVG. MOVE = 0.00028 A  (MAX MOVE: ATOM    19   0.00203 A)
     ITER   36  AVG. MOVE = 0.00027 A  (MAX MOVE: ATOM    19   0.00196 A)
     ITER   37  AVG. MOVE = 0.00026 A  (MAX MOVE: ATOM    19   0.00189 A)
     ITER   38  AVG. MOVE = 0.00025 A  (MAX MOVE: ATOM    19   0.00182 A)
     ITER   39  AVG. MOVE = 0.00024 A  (MAX MOVE: ATOM    19   0.00175 A)
     ITER   40  AVG. MOVE = 0.00023 A  (MAX MOVE: ATOM    19   0.00169 A)
     ITER   41  AVG. MOVE = 0.00022 A  (MAX MOVE: ATOM    19   0.00163 A)
     ITER   42  AVG. MOVE = 0.00022 A  (MAX MOVE: ATOM    19   0.00157 A)
     ITER   43  AVG. MOVE = 0.00021 A  (MAX MOVE: ATOM    19   0.00151 A)
     ITER   44  AVG. MOVE = 0.00020 A  (MAX MOVE: ATOM    19   0.00146 A)
     ITER   45  AVG. MOVE = 0.00019 A  (MAX MOVE: ATOM    19   0.00140 A)
     ITER   46  AVG. MOVE = 0.00019 A  (MAX MOVE: ATOM    19   0.00135 A)
     ITER   47  AVG. MOVE = 0.00018 A  (MAX MOVE: ATOM    19   0.00130 A)
     ITER   48  AVG. MOVE = 0.00017 A  (MAX MOVE: ATOM    19   0.00125 A)
     ITER   49  AVG. MOVE = 0.00017 A  (MAX MOVE: ATOM    19   0.00120 A)
     ITER   50  AVG. MOVE = 0.00016 A  (MAX MOVE: ATOM    19   0.00116 A)
     ITER   51  AVG. MOVE = 0.00015 A  (MAX MOVE: ATOM    19   0.00111 A)
     ITER   52  AVG. MOVE = 0.00015 A  (MAX MOVE: ATOM    19   0.00107 A)
     ITER   53  AVG. MOVE = 0.00014 A  (MAX MOVE: ATOM    19   0.00103 A)
     ITER   54  AVG. MOVE = 0.00014 A  (MAX MOVE: ATOM    19   0.00099 A)
     ITER   55  AVG. MOVE = 0.00013 A  (MAX MOVE: ATOM    19   0.00095 A)
     ITER   56  AVG. MOVE = 0.00013 A  (MAX MOVE: ATOM    19   0.00092 A)


              * * * * * * * * * GEOMETRY IS OPTIMIZED * * * * * * * * *

               WITHIN : AVERAGE MOVEMENT  0.00013 A (LIMIT  0.00013 A)
                        MAXIMUM MOVEMENT  0.00092 A (LIMIT  0.00131 A)

               GRADIENT
                 RMS GRADIENT                  0.042760 KCAL/MOL/A

                 MAX GRADIENT
                   X-DIRECTION : ATOM #   14   0.140720 KCAL/MOL/A
                   Y-DIRECTION : ATOM #   14   0.049162 KCAL/MOL/A
                   Z-DIRECTION : ATOM #    2   0.115649 KCAL/MOL/A

        DELTA TIME =    0.00 SEC.       TOTAL CPU TIME =      0.07 SEC.


                            =====================
                            FULL-MATRIX OPTIMIZER
                            =====================


     iter.  rms force   max force   avg. move    max move  atom  convg  d-time

        0    0.067745    0.272467   0.00244 A   0.01541 A   19    [N]     0.0s
        1    0.006384    0.020697   0.00002 A   0.00011 A   17    [N]     0.0s
        2    0.000040    0.000116                                 [Y]     0.0s


      TOTAL ENERGY IS      4.6814 KCAL/MOL.

        COMPRESS    0.1102      VDW 1,4    4.4480      DIPL-DIPL    0.0000
        STR-STR     0.0000        OTHER    0.0548      CHRG-DIPL    0.0000
        BENDING     1.9311      TORSION    0.8940      CHRG-CHRG    0.0000
        BEND-BEND   0.0055      TOR-STR    0.0011      EPR          0.0000
        STR-BEND    0.0344      TOR-BEND  -2.5759      TOR-BENBEN  -0.1192
        TOR-IMPT    0.0000      TOR-IPIP   0.0000      TORS-TORS    0.0000
        IND-DIP    -0.1025      H-BOND     0.0000      PI-COMPLX    0.0000
0     DELTA(T) =     0.0 SEC.          ELAPSED TIME =     0.1 SEC.


    * * * ENERGY IS STATIONARY WITHIN RMS OF FORCES   0.00010  Kcal/mol/A * * *

                 * * * *  RMS FORCE IS   0.00004 Kcal/mol/A * * * *

 
     3-methylthiane-ax                                           


     %=%=%=%=%=%=%=%=%=%=%=%=%=%=%=%=%=%=%=%=%=%=%=%=%=%=%=%=%=%=%=%=%=%=%=

     The Parameters Used in This Calculation Can be Found in the Following
     Publication(s):

     The MM4 Program is Developed by Dr. N. L. Allinger and co-workers at  
     the University of Georgia, Athens, Georgia 30602-2556 USA.            
     (c) Copyright 2003 by N. L. Allinger. All rights reserved.            
                                                                           
     MM4 General Description and Alkanes:                                  
      Allinger,N.L.; Chen,K.; Lii,J.-H. J. Comput. Chem. 1996, 17, 642.    
     Sulfides/Mercaptans:                                                  
      Allinger,N.L.; Fan,Y. J. Comput. Chem. 1997, 18, 1827.               
      Also see "Authors' Notes on MM4 - MM4 Parameters" in MM4 Manual.     

     %=%=%=%=%=%=%=%=%=%=%=%=%=%=%=%=%=%=%=%=%=%=%=%=%=%=%=%=%=%=%=%=%=%=%=

               CHEMICAL FORMULA :  C(    6)  H(   12)  S(    1) 
               FORMULA WEIGHT   :    116.068
                                                               DATE : 28-MAY-23

           * M M 4 * * * * * * * * * * * 2 0 0 8 *
           *                                     *   PARAMETER RELIABILITY
           *                                     *
           *                                     *   BLANK = GOOD
           *                                     *       B = FAIR
           *                                     *       C = TRIAL
           *                                     *       R = READ IN
           *                                     *       S = SUBSTITUTED
           *                                     *       U = PARAMETER NOT EXIST
           *                                     *
           *                                     *   THIS IS SHOWN AT THE END 
           *                                     *   OF THE LINE.
           * * * * * * * * * * * * * * * * * * * * 


      CONFORMATIONAL ENERGY, PART 3:  GEOMETRY AND STERIC ENERGY
                                      OF FINAL CONFORMATION.

      CONNECTED ATOMS
          1-    2-    3-    5-    6-   14-
          1-    4-    6-

      ATTACHED ATOMS
          1-    7,    1-    8,    2-    9,    2-   10,    4-   11,    4-   12,
          5-   13,    5-   16,    6-   15,   14-   17,   14-   18,   14-   19,

      FINAL ATOMIC COORDINATE
           ATOM          X           Y           Z      TYPE
         C(    1)    -0.03200    -1.68948    -0.35498   (  1)
         C(    2)    -1.37625    -1.03831    -0.00251   (  1)
         S(    3)    -1.36006     0.76151    -0.21324   ( 15)
         C(    4)     1.11657    -1.18003     0.51272   (  1)
         C(    5)     0.07305     1.10168     0.84474   (  1)
         C(    6)     1.34332     0.33194     0.44209   (  1)
         H(    7)     0.19840    -1.52119    -1.43059   (  5)
         H(    8)    -0.12232    -2.79280    -0.22428   (  5)
         H(    9)    -1.65601    -1.31607     1.03749   (  5)
         H(   10)    -2.17185    -1.45494    -0.65834   (  5)
         H(   11)     2.05571    -1.70679     0.22504   (  5)
         H(   12)     0.91441    -1.46133     1.57252   (  5)
         H(   13)    -0.16156     0.87385     1.90813   (  5)
         C(   14)     1.87318     0.77070    -0.92083   (  1)
         H(   15)     2.13153     0.58423     1.19368   (  5)
         H(   16)     0.27649     2.19401     0.80581   (  5)
         H(   17)     1.15262     0.58253    -1.74522   (  5)
         H(   18)     2.10351     1.85936    -0.93250   (  5)
         H(   19)     2.81458     0.23721    -1.18035   (  5)


          DIELECTRIC CONSTANT =  1.500


      BOND LENGTHS AND STRETCHING ENERGY   (   19 BONDS)

        ENERGY = 71.94(KS)(DR)(DR)(1-(CS)(DR)+(7/12)((CS)(DR))**2)-
                       (1/4)((CS)(DR))**3)+(31/360)((CS)(DR))**4))
                         DR =  R-RO
                         CS =  3.000 FOR X-Y BONDS
                            =  2.200 FOR X-H BONDS
                                                            R(0)-CORR        CORR
             BOND          R(g)    R(0)    K(S)  ENERGY   E-NEG  MISCEL       KS
      C(    1)- C(    2)  1.5347  1.5260  4.550  0.0241 -0.0010                    
      C(    1)- C(    4)  1.5270  1.5268  4.550  0.0000 -0.0002                    
      C(    1)- H(    7)  1.1128  1.1114  4.688  0.0007 -0.0006             0.018  
      C(    1)- H(    8)  1.1147  1.1114  4.688  0.0036 -0.0006             0.018  
      C(    2)- S(    3)  1.8122  1.8140  2.920  0.0007                            
      C(    2)- H(    9)  1.1122  1.1105  4.715  0.0010 -0.0015             0.045  
      C(    2)- H(   10)  1.1121  1.1105  4.715  0.0008 -0.0015             0.045  
      S(    3)- C(    5)  1.8135  1.8140  2.920  0.0000                            
      C(    4)- C(    6)  1.5305  1.5268  4.550  0.0044 -0.0002                    
      C(    4)- H(   11)  1.1146  1.1120  4.670  0.0022                            
      C(    4)- H(   12)  1.1150  1.1120  4.670  0.0030                            
      C(    5)- C(    6)  1.5389  1.5260  4.550  0.0524 -0.0010                    
      C(    5)- H(   13)  1.1125  1.1105  4.715  0.0014 -0.0015             0.045  
      C(    5)- H(   16)  1.1118  1.1105  4.715  0.0006 -0.0015             0.045  
      C(    6)- C(   14)  1.5267  1.5268  4.550  0.0000 -0.0002                    
      C(    6)- H(   15)  1.1179  1.1114  4.758  0.0145 -0.0006             0.018  
      C(   14)- H(   17)  1.1110  1.1120  4.740  0.0004                            
      C(   14)- H(   18)  1.1128  1.1120  4.740  0.0002                            
      C(   14)- H(   19)  1.1127  1.1120  4.740  0.0002                            


      NON-BONDED DISTANCES, VDW AND EPR ENERGY   (   115 PAIRS)

              E(VDW) = KV*(1.84(10**5)EXP(-12.00/P) - 2.25(P**6))
              E(EPR) = C*KV*(1.84(10**5)EXP(-12.00/Q) - 2.25(Q**6))
              E(HBD) = EP1-EP2*F(THET1,THET2)*RTH/RTH0
                            EP1 = KHB*2.76(10**5)*EXP(-12.0/P)
                            EP2 = KHB*2.25(P**6)
                              F = FAC*(1+COS(THET1)^N*(1+COS(THET2))^N

            IF P > 3.020, THEN,
              E(VDW) = KV(192.270)(P**2)
              E(HBD) = EP1-EP2*F(THET1,THET2)*RTH/RTH0
                            EP1 = KHB*569.14*P**2
                            EP2 = KHB*187.16*P**2

                       RV = RVDW(I) + RVDW(K)
                       KV = SQRT(EPS(I)*EPS(K))
                      KHB = HYDROGEN BOND ENERGY PARAMETER
                        P = (RV/R) OR (RV/R#)
                        C = SCALE FACTOR
                        Q = RV/R, WHERE R IS MODIFIED DISTANCE
                        N = 1 WHEN Y IS NITROGEN, AND 2 FOR OTHERS
                      FAC = 1/4 WHEN N=1, AND 1/16 WHEN N=2
                    THET1 = ANGLE H-X-Y IN HYDROGEN BOND X-H...Y
                    THET2 = ANGLE X-Y-LP IN HYDROGEN BOND X...Y-LP
                      RTH = BOND LENGTH X-H IN X-H...Y
                     RTH0 = NATURAL BOND LENGTH X-H

          # IN THE VDW CALCULATIONS THE HYDROGEN ATOMS ARE RELOCATED
          SO THAT THE ATTACHED HYDROGEN DISTANCE IS REDUCED BY 0.940

          # IN THE VDW CALCULATIONS THE DEUTERIUM ATOMS ARE RELOCATED
          SO THAT THE ATTACHED DEUTERIUM DISTANCE IS REDUCED BY  0.940

           ATOM PAIR          R       R#       RV      KV       ENERGY
      C(    1), S(    3)   2.7913
      C(    1), C(    5)   3.0399            3.920   0.0370     0.2360  1,4    
      C(    1), C(    6)   2.5716
      C(    1), H(    9)   2.1716
      C(    1), H(   10)   2.1739
      C(    1), H(   11)   2.1669
      C(    1), H(   12)   2.1594
      C(    1), H(   13)   3.4219   3.3899   3.440   0.0240    -0.0267         
      C(    1), C(   14)   3.1627            3.920   0.0370     0.1231  1,4    
      C(    1), H(   15)   3.4999   3.4410   3.440   0.0240    -0.0269  1,4    
      C(    1), H(   16)   4.0650   4.0022   3.440   0.0240    -0.0180         
      C(    1), H(   17)   2.9152   2.9187   3.440   0.0240     0.0225         
      C(    1), H(   18)   4.1819   4.1194   3.440   0.0240    -0.0158         
      C(    1), H(   19)   3.5350   3.5038   3.440   0.0240    -0.0266         
      C(    2), C(    4)   2.5494
      C(    2), C(    5)   2.7199
      C(    2), C(    6)   3.0776            3.920   0.0370     0.1959  1,4    
      C(    2), H(    7)   2.1799
      C(    2), H(    8)   2.1679
      C(    2), H(   11)   3.5039   3.4439   3.440   0.0240    -0.0269  1,4    
      C(    2), H(   12)   2.8119   2.7843   3.440   0.0240     0.0752  1,4    
      C(    2), H(   13)   2.9635   2.9376   3.440   0.0240     0.0173  1,4    
      C(    2), C(   14)   3.8307            3.920   0.0370    -0.0406         
      C(    2), H(   15)   4.0457   3.9854   3.440   0.0240    -0.0183         
      C(    2), H(   16)   3.7192   3.6575   3.440   0.0240    -0.0247  1,4    
      C(    2), H(   17)   3.4727   3.4852   3.440   0.0240    -0.0268         
      C(    2), H(   18)   4.6228   4.5715   3.440   0.0240    -0.0093         
      C(    2), H(   19)   4.5362   4.4892   3.440   0.0240    -0.0102         
      S(    3), C(    4)   3.2296            4.050   0.0852     0.3493  1,4    
      S(    3), C(    6)   2.8146
      S(    3), H(    7)   3.0202   2.9953   3.730   0.0577     0.2093  1,4    
      S(    3), H(    8)   3.7637   3.7031   3.730   0.0577    -0.0645  1,4    
      S(    3), H(    9)   2.4430
      S(    3), H(   10)   2.4020
      S(    3), H(   11)   4.2370   4.1750   3.730   0.0577    -0.0505         
      S(    3), H(   12)   3.6473   3.6140   3.730   0.0577    -0.0622         
      S(    3), H(   13)   2.4391
      S(    3), C(   14)   3.3098            4.050   0.0852     0.2198  1,4    
      S(    3), H(   15)   3.7686   3.7087   3.730   0.0577    -0.0645  1,4    
      S(    3), H(   16)   2.4018
      S(    3), H(   17)   2.9483   2.9595   3.730   0.0577     0.2578         
      S(    3), H(   18)   3.7039   3.6719   3.730   0.0577    -0.0640         
      S(    3), H(   19)   4.3171   4.2552   3.730   0.0577    -0.0469         
      C(    4), C(    5)   2.5309
      C(    4), H(    7)   2.1762
      C(    4), H(    8)   2.1631
      C(    4), H(    9)   2.8251   2.7969   3.440   0.0240     0.0688  1,4    
      C(    4), H(   10)   3.5015   3.4417   3.440   0.0240    -0.0269  1,4    
      C(    4), H(   13)   2.7927   2.7651   3.440   0.0240     0.0855  1,4    
      C(    4), C(   14)   2.5363
      C(    4), H(   15)   2.1463
      C(    4), H(   16)   3.4894   3.4293   3.440   0.0240    -0.0269  1,4    
      C(    4), H(   17)   2.8646   2.8338   3.440   0.0240     0.0521  1,4    
      C(    4), H(   18)   3.5072   3.4465   3.440   0.0240    -0.0269  1,4    
      C(    4), H(   19)   2.7854   2.7584   3.440   0.0240     0.0893  1,4    
      C(    5), H(    7)   3.4745   3.4399   3.440   0.0240    -0.0269         
      C(    5), H(    8)   4.0433   3.9814   3.440   0.0240    -0.0184         
      C(    5), H(    9)   2.9786   2.9520   3.440   0.0240     0.0137  1,4    
      C(    5), H(   10)   3.7196   3.6578   3.440   0.0240    -0.0247  1,4    
      C(    5), H(   11)   3.4932   3.4329   3.440   0.0240    -0.0269  1,4    
      C(    5), H(   12)   2.7940   2.7663   3.440   0.0240     0.0849  1,4    
      C(    5), C(   14)   2.5431
      C(    5), H(   15)   2.1510
      C(    5), H(   17)   2.8536   2.8236   3.440   0.0240     0.0564  1,4    
      C(    5), H(   18)   2.8028   2.7753   3.440   0.0240     0.0799  1,4    
      C(    5), H(   19)   3.5163   3.4555   3.440   0.0240    -0.0269  1,4    
      C(    6), H(    7)   2.8726   2.8432   3.440   0.0240     0.0482  1,4    
      C(    6), H(    8)   3.5151   3.4556   3.440   0.0240    -0.0269  1,4    
      C(    6), H(    9)   3.4737   3.4411   3.440   0.0240    -0.0269         
      C(    6), H(   10)   4.0939   4.0315   3.440   0.0240    -0.0174         
      C(    6), H(   11)   2.1705
      C(    6), H(   12)   2.1628
      C(    6), H(   13)   2.1697
      C(    6), H(   16)   2.1766
      C(    6), H(   17)   2.2099
      C(    6), H(   18)   2.1910
      C(    6), H(   19)   2.1922
      H(    7), H(    8)   1.7819
      H(    7), H(    9)   3.0939   2.9767   3.280   0.0170    -0.0102  1,4    
      H(    7), H(   10)   2.4938   2.4287   3.280   0.0170     0.2008  1,4    
      H(    7), H(   11)   2.4950   2.4292   3.280   0.0170     0.2003  1,4    
      H(    7), H(   12)   3.0879   2.9705   3.280   0.0170    -0.0097  1,4    
      H(    7), H(   13)   4.1247   4.0333   3.280   0.0170    -0.0098         
      H(    7), C(   14)   2.8840   2.8894   3.440   0.0240     0.0314         
      H(    7), H(   15)   3.8803   3.7873   3.280   0.0170    -0.0131         
      H(    7), H(   16)   4.3371   4.2576   3.280   0.0170    -0.0075         
      H(    7), H(   17)   2.3313   2.3764   3.280   0.0170     0.2596         
      H(    7), H(   18)   3.9122   3.8569   3.280   0.0170    -0.0121         
      H(    7), H(   19)   3.1621   3.1473   3.280   0.0170    -0.0178         
      H(    8), H(    9)   2.4749   2.4108   3.280   0.0170     0.2196  1,4    
      H(    8), H(   10)   2.4857   2.4207   3.280   0.0170     0.2090  1,4    
      H(    8), H(   11)   2.4749   2.4102   3.280   0.0170     0.2202  1,4    
      H(    8), H(   12)   2.4650   2.4008   3.280   0.0170     0.2306  1,4    
      H(    8), H(   13)   4.2418   4.1683   3.280   0.0170    -0.0083         
      H(    8), C(   14)   4.1431   4.0824   3.440   0.0240    -0.0164         
      H(    8), H(   15)   4.3006   4.1968   3.280   0.0170    -0.0080         
      H(    8), H(   16)   5.1077   4.9799   3.280   0.0170    -0.0031         
      H(    8), H(   17)   3.9156   3.8588   3.280   0.0170    -0.0121         
      H(    8), H(   18)   5.2056   5.0788   3.280   0.0170    -0.0027         
      H(    8), H(   19)   4.3267   4.2556   3.280   0.0170    -0.0075         
      H(    9), H(   10)   1.7780
      H(    9), H(   11)   3.8196   3.7306   3.280   0.0170    -0.0140         
      H(    9), H(   12)   2.6295   2.6247   3.280   0.0170     0.0656         
      H(    9), H(   13)   2.7905   2.7863   3.280   0.0170     0.0152         
      H(    9), C(   14)   4.5437   4.4963   3.440   0.0240    -0.0101         
      H(    9), H(   15)   4.2404   4.1696   3.280   0.0170    -0.0083         
      H(    9), H(   16)   4.0136   3.9245   3.280   0.0170    -0.0112         
      H(    9), H(   17)   4.3859   4.3307   3.280   0.0170    -0.0068         
      H(    9), H(   18)   5.3008   5.2068   3.280   0.0170    -0.0024         
      H(    9), H(   19)   5.2266   5.1358   3.280   0.0170    -0.0026         
      H(   10), H(   11)   4.3262   4.2196   3.280   0.0170    -0.0078         
      H(   10), H(   12)   3.8081   3.7195   3.280   0.0170    -0.0141         
      H(   10), H(   13)   4.0064   3.9174   3.280   0.0170    -0.0113         
      H(   10), C(   14)   4.6244   4.5730   3.440   0.0240    -0.0093         
      H(   10), H(   15)   5.1095   4.9830   3.280   0.0170    -0.0031         
      H(   10), H(   16)   4.6317   4.5170   3.280   0.0170    -0.0054         
      H(   10), H(   17)   4.0478   4.0345   3.280   0.0170    -0.0098         
      H(   10), H(   18)   5.4165   5.3149   3.280   0.0170    -0.0021         
      H(   10), H(   19)   5.2915   5.1982   3.280   0.0170    -0.0024         
      H(   11), H(   12)   1.7828
      H(   11), H(   13)   3.7959   3.7071   3.280   0.0170    -0.0143         
      H(   11), C(   14)   2.7357   2.7113   3.440   0.0240     0.1195  1,4    
      H(   11), H(   15)   2.4885   2.4218   3.280   0.0170     0.2078  1,4    
      H(   11), H(   16)   4.3266   4.2188   3.280   0.0170    -0.0078         
      H(   11), H(   17)   3.1525   3.0903   3.280   0.0170    -0.0162         
      H(   11), H(   18)   3.7496   3.6636   3.280   0.0170    -0.0150         
      H(   11), H(   19)   2.5160   2.5172   3.280   0.0170     0.1259         
      H(   12), H(   13)   2.5930   2.5892   3.280   0.0170     0.0825         
      H(   12), C(   14)   3.4811   3.4215   3.440   0.0240    -0.0268  1,4    
      H(   12), H(   15)   2.4102   2.3504   3.280   0.0170     0.2939  1,4    
      H(   12), H(   16)   3.7890   3.7007   3.280   0.0170    -0.0144         
      H(   12), H(   17)   3.9040   3.8075   3.280   0.0170    -0.0128         
      H(   12), H(   18)   4.3262   4.2188   3.280   0.0170    -0.0078         
      H(   12), H(   19)   3.7515   3.6661   3.280   0.0170    -0.0149         
      H(   13), C(   14)   3.4862   3.4268   3.440   0.0240    -0.0268  1,4    
      H(   13), H(   15)   2.4192   2.3592   3.280   0.0170     0.2819  1,4    
      H(   13), H(   16)   1.7748
      H(   13), H(   17)   3.8934   3.7978   3.280   0.0170    -0.0130         
      H(   13), H(   18)   3.7644   3.6788   3.280   0.0170    -0.0147         
      H(   13), H(   19)   4.3361   4.2284   3.280   0.0170    -0.0077         
      C(   14), H(   15)   2.1384
      C(   14), H(   16)   2.7489   2.7242   3.440   0.0240     0.1106  1,4    
      H(   15), H(   16)   2.4866   2.4207   3.280   0.0170     0.2090  1,4    
      H(   15), H(   17)   3.0976   2.9799   3.280   0.0170    -0.0104  1,4    
      H(   15), H(   18)   2.4794   2.4142   3.280   0.0170     0.2158  1,4    
      H(   15), H(   19)   2.4946   2.4281   3.280   0.0170     0.2014  1,4    
      H(   16), H(   17)   3.1420   3.0810   3.280   0.0170    -0.0159         
      H(   16), H(   18)   2.5440   2.5439   3.280   0.0170     0.1083         
      H(   16), H(   19)   3.7704   3.6835   3.280   0.0170    -0.0147         
      H(   17), H(   18)   1.7875
      H(   17), H(   19)   1.7890
      H(   18), H(   19)   1.7884


      BOND ANGLES, BENDING AND STRETCH-BEND ENERGIES   (   37 ANGLES)

          EB = 0.02191418(KB)(DT)(DT)(1+CF*DT+QF*DT**2+PF*DT**3+SF*DT**4)
                          DT = THETA-TZERO
                          CF = -1800.000E-5
                          QF =     7.200E-5
                          PF =     0.135E-5
                          SF =     0.004E-6
          ESS =  143.88(KSTST)(DR1)(DR2)
          ESB =  2.51118(KSB)(DT)(DR1+DR2)
          EBB = -0.02191418(KBB)(DT1)(DT2)
                          DR1 = R1 - R1(0)
                          DR2 = R2 - R2(0)

               A T O M S             THETA    TZERO     KB     EB    KSB   ESB   KSS   ESS
      C(    2)- C(    1)- C(    4)  112.754  111.800  0.740  0.0145 0.14 0.0030              
      C(    2)- C(    1)- H(    7)  109.827  109.470  0.560  0.0016 0.10 0.0009              
      C(    2)- C(    1)- H(    8)  108.788  109.470  0.560  0.0058 0.10-0.0021              
      C(    4)- C(    1)- H(    7)  110.064  109.470  0.560  0.0043 0.10 0.0002              
      C(    4)- C(    1)- H(    8)  108.939  109.470  0.560  0.0035 0.10-0.0005              
      H(    7)- C(    1)- H(    8)  106.248  107.700  0.540  0.0256                          
      C(    1)- C(    2)- S(    3)  112.760  107.900  0.975  0.4614 0.14 0.0117              
      C(    1)- C(    2)- H(    9)  109.215  109.470  0.560  0.0008 0.10-0.0007              
      C(    1)- C(    2)- H(   10)  109.405  109.470  0.560  0.0001 0.10-0.0002              
      S(    3)- C(    2)- H(    9)  111.040  108.800  0.782  0.0825 0.10-0.0001              
      S(    3)- C(    2)- H(   10)  108.054  108.800  0.782  0.0097 0.10 0.0000              
      H(    9)- C(    2)- H(   10)  106.137  107.700  0.540  0.0297                          
      C(    2)- S(    3)- C(    5)   97.211   97.200  0.920  0.0000-0.15 0.0000 0.10 0.0000  
      C(    1)- C(    4)- C(    6)  114.508  111.800  0.740  0.1131 0.14 0.0037              
      C(    1)- C(    4)- H(   11)  109.236  109.470  0.560  0.0007 0.10-0.0002              
      C(    1)- C(    4)- H(   12)  108.637  109.470  0.560  0.0086 0.10-0.0007              
      C(    6)- C(    4)- H(   11)  109.277  109.470  0.560  0.0005 0.10-0.0003              
      C(    6)- C(    4)- H(   12)  108.661  109.470  0.560  0.0082 0.10-0.0014              
      H(   11)- C(    4)- H(   12)  106.193  107.700  0.540  0.0276                          
      S(    3)- C(    5)- C(    6)  113.943  107.900  0.975  0.6976 0.14 0.0264              
      S(    3)- C(    5)- H(   13)  110.644  108.800  0.782  0.0563 0.10 0.0007              
      S(    3)- C(    5)- H(   16)  107.966  108.800  0.782  0.0121 0.10-0.0002              
      C(    6)- C(    5)- H(   13)  108.767  109.470  0.560  0.0061 0.10-0.0026              
      C(    6)- C(    5)- H(   16)  109.344  109.470  0.560  0.0002 0.10-0.0005              
      H(   13)- C(    5)- H(   16)  105.858  107.700  0.540  0.0415                          
      C(    4)- C(    6)- C(    5)  111.085  110.400  0.740  0.0075 0.14 0.0040              
      C(    4)- C(    6)- C(   14)  112.119  110.400  0.740  0.0464 0.14 0.0022              
      C(    4)- C(    6)- H(   15)  107.240  108.900  0.590  0.0367 0.10-0.0043              
      C(    5)- C(    6)- C(   14)  112.105  110.400  0.740  0.0457 0.14 0.0077              
      C(    5)- C(    6)- H(   15)  107.049  108.900  0.590  0.0458 0.10-0.0090              
      C(   14)- C(    6)- H(   15)  106.895  108.900  0.590  0.0539 0.10-0.0032              
      C(    6)- C(   14)- H(   17)  112.872  110.800  0.600  0.0543 0.10-0.0006              
      C(    6)- C(   14)- H(   18)  111.245  110.800  0.600  0.0026 0.10 0.0001              
      C(    6)- C(   14)- H(   19)  111.348  110.800  0.600  0.0039 0.10 0.0001              
      H(   17)- C(   14)- H(   18)  106.987  107.800  0.540  0.0079                          
      H(   17)- C(   14)- H(   19)  107.125  107.800  0.540  0.0055                          
      H(   18)- C(   14)- H(   19)  106.946  107.800  0.540  0.0088                          


     DIHEDRAL ANGLES, TORSIONAL ENERGY (ET)   (    51 ANGLES)

           ET = (V1/2)(1+COS(W))+(V2/2)(1-COS(2W))+(V3/2)(1+COS(3W))+
                                 (V4/2)(1-COS(4W))+(V6/2)(1+COS(6W))
         EBTB =  0.043828*(KBTB)(DTH1)(COS(W))(DTH2)
         ETS1 = -0.5*(RC-RC0)[KTSC1*(1+COS(W))+KTSC2*(1-COS(2W))+KTSC3*(1+COS(3W))]
         ETS2 = -0.5*(RT-RT0)[KTST1*(1+COS(W))+KTST2*(1-COS(2W))+KTST3*(1+COS(3W))]
          ETB =  2.51124*(DTH)[KTB1(1+COS(W))+KTB2*(1-COS(2W))+KTB3*(1+COS(3W))]
                      RC   = CENTRAL BOND LENGTH
                      RT   = TERMINAL BOND LENGTH
                      DTH1 = THETA1 - TZERO1
                      DTH2 = THETA2 - TZERO2

           SIGN OF ANGLE A-B-C-D : WHEN LOOKING THROUGH B TOWARD C,
           IF D IS COUNTERCLOCKWISE FROM A, NEGATIVE.

                A T O M S                OMEGA    V1     V2     V3     V4     V6     E    KBTB   EBTB
    C(    1) C(    2) S(    3) C(    5)  -54.8  0.410  0.000  0.600  0.000  0.000  0.334  0.004  0.000 
       TYPE-1-TS                         0.000  0.000  1.559                       0.000
       TYPE-2-TS    0.000  1.439  0.000                       0.000  0.000  0.000 -0.008
       TORS-BEND   -0.030 -0.023  0.000                       0.000  0.000  0.000 -0.952
    C(    1) C(    4) C(    6) C(    5)   57.6  0.239  0.024  0.637  0.000  0.000  0.203               
       TYPE-1-TS                         0.000  0.000  0.660                       0.000
    C(    1) C(    4) C(    6) C(   14)  -68.7  0.239  0.024  0.637  0.000  0.000  0.216               
       TYPE-1-TS                         0.000  0.000  0.660                       0.000
    C(    1) C(    4) C(    6) H(   15)  174.3  0.000  0.000  0.290  0.000  0.000  0.006 -0.060 -0.012 
       TYPE-1-TS                         0.000  0.000  0.660                       0.000
    C(    2) C(    1) C(    4) C(    6)  -58.4  0.239  0.024  0.637  0.000  0.000  0.201               
       TYPE-1-TS                         0.000  0.000  0.660                       0.000
    C(    2) C(    1) C(    4) H(   11)  178.7  0.000  0.000  0.290  0.000  0.000  0.000 -0.060 -0.001 
       TYPE-1-TS                         0.000  0.000  0.660                       0.000
    C(    2) C(    1) C(    4) H(   12)   63.2  0.000  0.000  0.290  0.000  0.000  0.002 -0.060  0.001 
       TYPE-1-TS                         0.000  0.000  0.660                       0.000
    C(    2) S(    3) C(    5) C(    6)   55.8  0.410  0.000  0.600  0.000  0.000  0.328  0.004  0.000 
       TYPE-1-TS                         0.000  0.000  1.559                       0.000
       TYPE-2-TS    0.000  0.000  0.000                       0.000  1.439  0.000 -0.013
       TORS-BEND    0.000  0.000  0.000                      -0.030 -0.023  0.000 -1.189
    C(    2) S(    3) C(    5) H(   13)  -67.1  0.000  0.000  0.540  0.000  0.000  0.019 -0.080  0.000 
       TYPE-1-TS                         0.000  0.000  1.559                       0.000
       TYPE-2-TS    0.000  0.000  0.000                       0.000  0.960  0.000 -0.002
       TORS-BEND    0.000  0.000  0.000                      -0.006 -0.020  0.000 -0.196
    C(    2) S(    3) C(    5) H(   16)  177.4  0.000  0.000  0.540  0.000  0.000  0.002 -0.080  0.000 
       TYPE-1-TS                         0.000  0.000  1.559                       0.000
       TYPE-2-TS    0.000  0.000  0.000                       0.000  0.960  0.000  0.000
       TORS-BEND    0.000  0.000  0.000                      -0.006 -0.020  0.000  0.000
    S(    3) C(    2) C(    1) C(    4)   60.3 -0.420  0.100  0.200  0.000  0.000 -0.239 -0.090 -0.009 
       TYPE-1-TS                         0.000  0.000  0.660                       0.000
       TYPE-2-TS    0.000  0.000  0.000                      -4.798 -4.798  0.000  0.001
    S(    3) C(    2) C(    1) H(    7)  -62.9  0.000  0.000  0.460  0.000  0.000  0.003 -0.050 -0.002 
       TYPE-1-TS                         0.000  0.000  0.660                       0.000
    S(    3) C(    2) C(    1) H(    8) -178.8  0.000  0.000  0.460  0.000  0.000  0.000 -0.050 -0.007 
       TYPE-1-TS                         0.000  0.000  0.660                       0.000
    S(    3) C(    5) C(    6) C(    4)  -60.4 -0.420  0.100  0.200  0.000  0.000 -0.238 -0.090 -0.008 
       TYPE-1-TS                         0.000  0.000  0.660                       0.000
       TYPE-2-TS    0.000  0.000  0.000                      -4.798 -4.798  0.000  0.027
    S(    3) C(    5) C(    6) C(   14)   65.9 -0.420  0.100  0.200  0.000  0.000 -0.207 -0.090 -0.017 
       TYPE-1-TS                         0.000  0.000  0.660                       0.000
       TYPE-2-TS    0.000  0.000  0.000                      -4.798 -4.798  0.000 -0.001
    S(    3) C(    5) C(    6) H(   15) -177.2  0.000  0.000  0.460  0.000  0.000  0.003 -0.050 -0.024 
       TYPE-1-TS                         0.000  0.000  0.660                       0.000
    C(    4) C(    1) C(    2) H(    9)  -63.7  0.000  0.000  0.290  0.000  0.000  0.003 -0.060  0.000 
       TYPE-1-TS                         0.000  0.000  0.660                       0.000
    C(    4) C(    1) C(    2) H(   10) -179.5  0.000  0.000  0.290  0.000  0.000  0.000 -0.060  0.000 
       TYPE-1-TS                         0.000  0.000  0.660                       0.000
    C(    4) C(    6) C(    5) H(   13)   63.6  0.000  0.000  0.290  0.000  0.000  0.003 -0.060  0.001 
       TYPE-1-TS                         0.000  0.000  0.660                       0.000
    C(    4) C(    6) C(    5) H(   16)  178.7  0.000  0.000  0.290  0.000  0.000  0.000 -0.060  0.000 
       TYPE-1-TS                         0.000  0.000  0.660                       0.000
    C(    4) C(    6) C(   14) H(   17)   63.9  0.000  0.000  0.290  0.000  0.000  0.003 -0.060 -0.004 
       TYPE-1-TS                         0.000  0.000  0.660                       0.000
    C(    4) C(    6) C(   14) H(   18) -175.8  0.000  0.000  0.290  0.000  0.000  0.003 -0.060  0.002 
       TYPE-1-TS                         0.000  0.000  0.660                       0.000
    C(    4) C(    6) C(   14) H(   19)  -56.6  0.000  0.000  0.290  0.000  0.000  0.002 -0.060 -0.001 
       TYPE-1-TS                         0.000  0.000  0.660                       0.000
    C(    5) S(    3) C(    2) H(    9)   68.1  0.000  0.000  0.540  0.000  0.000  0.024 -0.080  0.000 
       TYPE-1-TS                         0.000  0.000  1.559                       0.000
       TYPE-2-TS    0.000  0.000  0.000                       0.000  0.960  0.000 -0.001
       TORS-BEND    0.000  0.000  0.000                      -0.006 -0.020  0.000 -0.240
    C(    5) S(    3) C(    2) H(   10) -175.9  0.000  0.000  0.540  0.000  0.000  0.006 -0.080  0.000 
       TYPE-1-TS                         0.000  0.000  1.559                       0.000
       TYPE-2-TS    0.000  0.000  0.000                       0.000  0.960  0.000  0.000
       TORS-BEND    0.000  0.000  0.000                      -0.006 -0.020  0.000  0.000
    C(    5) C(    6) C(    4) H(   11) -179.5  0.000  0.000  0.290  0.000  0.000  0.000 -0.060  0.000 
       TYPE-1-TS                         0.000  0.000  0.660                       0.000
    C(    5) C(    6) C(    4) H(   12)  -64.0  0.000  0.000  0.290  0.000  0.000  0.003 -0.060  0.001 
       TYPE-1-TS                         0.000  0.000  0.660                       0.000
    C(    5) C(    6) C(   14) H(   17)  -61.8  0.000  0.000  0.290  0.000  0.000  0.001 -0.060 -0.004 
       TYPE-1-TS                         0.000  0.000  0.660                       0.000
    C(    5) C(    6) C(   14) H(   18)   58.4  0.000  0.000  0.290  0.000  0.000  0.000 -0.060 -0.001 
       TYPE-1-TS                         0.000  0.000  0.660                       0.000
    C(    5) C(    6) C(   14) H(   19)  177.6  0.000  0.000  0.290  0.000  0.000  0.001 -0.060  0.002 
       TYPE-1-TS                         0.000  0.000  0.660                       0.000
    C(    6) C(    4) C(    1) H(    7)   64.6  0.000  0.000  0.290  0.000  0.000  0.004 -0.060 -0.002 
       TYPE-1-TS                         0.000  0.000  0.660                       0.000
    C(    6) C(    4) C(    1) H(    8) -179.3  0.000  0.000  0.290  0.000  0.000  0.000 -0.060 -0.004 
       TYPE-1-TS                         0.000  0.000  0.660                       0.000
    H(    7) C(    1) C(    2) H(    9)  173.2  0.000  0.000  0.260  0.000  0.008  0.015 -0.090  0.000 
       TYPE-1-TS                         0.000  0.000  0.660                       0.000
    H(    7) C(    1) C(    2) H(   10)   57.4  0.000  0.000  0.260  0.000  0.008  0.009 -0.090  0.000 
       TYPE-1-TS                         0.000  0.000  0.660                       0.000
    H(    7) C(    1) C(    4) H(   11)  -58.3  0.000  0.000  0.260  0.000  0.008  0.008 -0.090  0.000 
       TYPE-1-TS                         0.000  0.000  0.660                       0.000
    H(    7) C(    1) C(    4) H(   12) -173.8  0.000  0.000  0.260  0.000  0.008  0.014 -0.090 -0.002 
       TYPE-1-TS                         0.000  0.000  0.660                       0.000
    H(    8) C(    1) C(    2) H(    9)   57.3  0.000  0.000  0.260  0.000  0.008  0.009 -0.090  0.000 
       TYPE-1-TS                         0.000  0.000  0.660                       0.000
    H(    8) C(    1) C(    2) H(   10)  -58.5  0.000  0.000  0.260  0.000  0.008  0.008 -0.090  0.000 
       TYPE-1-TS                         0.000  0.000  0.660                       0.000
    H(    8) C(    1) C(    4) H(   11)   57.8  0.000  0.000  0.260  0.000  0.008  0.009 -0.090  0.000 
       TYPE-1-TS                         0.000  0.000  0.660                       0.000
    H(    8) C(    1) C(    4) H(   12)  -57.7  0.000  0.000  0.260  0.000  0.008  0.009 -0.090 -0.001 
       TYPE-1-TS                         0.000  0.000  0.660                       0.000
    H(   11) C(    4) C(    6) C(   14)   54.2  0.000  0.000  0.290  0.000  0.000  0.007 -0.060  0.001 
       TYPE-1-TS                         0.000  0.000  0.660                       0.000
    H(   11) C(    4) C(    6) H(   15)  -62.8  0.000  0.000  0.260  0.000  0.008  0.009 -0.090 -0.001 
       TYPE-1-TS                         0.000  0.000  0.660                       0.000
    H(   12) C(    4) C(    6) C(   14)  169.7  0.000  0.000  0.290  0.000  0.000  0.021 -0.060 -0.004 
       TYPE-1-TS                         0.000  0.000  0.660                       0.000
    H(   12) C(    4) C(    6) H(   15)   52.6  0.000  0.000  0.260  0.000  0.008  0.016 -0.090 -0.003 
       TYPE-1-TS                         0.000  0.000  0.660                       0.000
    H(   13) C(    5) C(    6) C(   14) -170.1  0.000  0.000  0.290  0.000  0.000  0.019 -0.060 -0.003 
       TYPE-1-TS                         0.000  0.000  0.660                      -0.001
    H(   13) C(    5) C(    6) H(   15)  -53.2  0.000  0.000  0.260  0.000  0.008  0.015 -0.090 -0.003 
       TYPE-1-TS                         0.000  0.000  0.660                       0.000
    C(   14) C(    6) C(    5) H(   16)  -55.0  0.000  0.000  0.290  0.000  0.000  0.005 -0.060  0.000 
       TYPE-1-TS                         0.000  0.000  0.660                       0.000
    H(   15) C(    6) C(    5) H(   16)   61.9  0.000  0.000  0.260  0.000  0.008  0.009 -0.090  0.000 
       TYPE-1-TS                         0.000  0.000  0.660                       0.000
    H(   15) C(    6) C(   14) H(   17) -178.9  0.000  0.000  0.260  0.000  0.008  0.008 -0.090 -0.016 
       TYPE-1-TS                         0.000  0.000  0.660                       0.000
    H(   15) C(    6) C(   14) H(   18)  -58.6  0.000  0.000  0.260  0.000  0.008  0.008 -0.090  0.002 
       TYPE-1-TS                         0.000  0.000  0.660                       0.000
    H(   15) C(    6) C(   14) H(   19)   60.6  0.000  0.000  0.260  0.000  0.008  0.008 -0.090  0.002 
       TYPE-1-TS                         0.000  0.000  0.660                       0.000


 ==============================================================================
                        NORMAL MODE VIBRATIONAL ANALYSIS
 ==============================================================================


             Molecular Shape : ASYMMETRIC ROTOR WITH KAPPA =-0.075595
        Symmetry Point Group : C1  
             Symmetry Number :  1
                   Chirality : yes



0       FUNDAMENTAL NORMAL VIBRATIONAL FREQUENCIES
                ( THEORETICALLY  51 VALUES )

             Frequency :  in 1/cm
             A(i)      :  IR intensity (vs,s,m,w,vw,-- or in 10**6 cm/mole)
             A(i) = -- :  IR inactive


             no       Frequency   Symmetry      A(i)

             1.          2980.2     (A   )        m
             2.          2967.6     (A   )        m
             3.          2944.9     (A   )        m
             4.          2942.7     (A   )        m
             5.          2933.7     (A   )        m
             6.          2921.2     (A   )        m
             7.          2898.5     (A   )        m
             8.          2897.8     (A   )        m
             9.          2889.8     (A   )        m
            10.          2883.5     (A   )        m
            11.          2880.5     (A   )        m
            12.          2869.1     (A   )        w
            13.          1513.9     (A   )        w
            14.          1504.3     (A   )        w
            15.          1497.4     (A   )        w
            16.          1496.3     (A   )        w
            17.          1476.1     (A   )        w
            18.          1458.9     (A   )        w
            19.          1455.0     (A   )        w
            20.          1447.6     (A   )        w
            21.          1441.7     (A   )        w
            22.          1436.5     (A   )        w
            23.          1423.7     (A   )        w
            24.          1415.6     (A   )        w
            25.          1381.2     (A   )        w
            26.          1294.6     (A   )        w
            27.          1288.2     (A   )       vw
            28.          1254.4     (A   )       vw
            29.          1192.5     (A   )        w
            30.          1145.0     (A   )        w
            31.          1109.5     (A   )        w
            32.          1056.7     (A   )        w
            33.          1016.0     (A   )        w
            34.          1002.0     (A   )       vw
            35.           965.4     (A   )        w
            36.           906.5     (A   )        w
            37.           875.1     (A   )        w
            38.           836.1     (A   )        w
            39.           828.6     (A   )        w
            40.           789.7     (A   )        w
            41.           695.0     (A   )        w
            42.           663.5     (A   )        w
            43.           582.4     (A   )        w
            44.           446.0     (A   )        w
            45.           401.9     (A   )        w
            46.           368.0     (A   )        w
            47.           318.7     (A   )        w
            48.           290.2     (A   )        w
            49.           232.3     (A   )        w
            50.           173.5     (A   )        w
            51.           155.1     (A   )        w
            52.     (       0.0)    (t/r )
            53.     (       0.0)    (t/r )
            54.     (       0.0)    (t/r )
            55.     (       0.0)    (t/r )
            56.     (       0.0)    (t/r )
            57.     (       0.0)    (t/r )


0       CORRESPONDING EIGEN VECTOR MATRIX   57 BY  57



 (  1)
     0.000   -0.001    0.002    0.000    0.000    0.000    0.000    0.000
     0.000    0.000    0.000    0.001    0.000   -0.001    0.001    0.000
     0.000    0.001    0.005    0.004   -0.020    0.001    0.006   -0.001
     0.000    0.000   -0.001   -0.001    0.000   -0.001    0.002   -0.001
    -0.001    0.001    0.001   -0.005    0.002    0.002   -0.008    0.077
     0.024    0.045   -0.006    0.001   -0.022    0.001    0.006    0.000
    -0.521   -0.134   -0.609   -0.083   -0.311    0.002   -0.308    0.156
     0.079

 (  2)
     0.000    0.000    0.000    0.000    0.000    0.000    0.000    0.000
     0.000   -0.002    0.000    0.002    0.001    0.003   -0.003    0.000
    -0.001    0.000    0.000    0.000   -0.002    0.000    0.001    0.000
     0.000    0.000    0.000    0.000    0.000    0.000    0.014   -0.008
    -0.004    0.003    0.003   -0.014   -0.005   -0.006    0.025   -0.035
     0.084    0.014   -0.001    0.001   -0.001   -0.005   -0.028    0.001
    -0.006   -0.021   -0.019   -0.133   -0.659    0.021    0.553   -0.318
    -0.168

 (  3)
     0.003    0.005   -0.009   -0.026   -0.007   -0.077    0.000    0.000
     0.000    0.004   -0.001   -0.004    0.008    0.028   -0.020    0.000
     0.000    0.000   -0.030   -0.011    0.101   -0.004   -0.049    0.006
    -0.152   -0.148    0.554    0.449    0.231    0.363   -0.036    0.020
     0.011   -0.005   -0.009    0.035   -0.051   -0.049    0.232    0.001
    -0.001    0.000   -0.001    0.000   -0.002   -0.050   -0.279    0.009
    -0.004    0.000   -0.004    0.001    0.006    0.000   -0.012    0.007
     0.004

 (  4)
     0.001    0.003   -0.004   -0.010   -0.003   -0.033    0.000    0.000
     0.000   -0.002    0.000    0.002   -0.020   -0.064    0.047    0.000
     0.001   -0.001   -0.015   -0.006    0.050   -0.002   -0.028    0.003
    -0.066   -0.065    0.241    0.192    0.100    0.156    0.015   -0.008
    -0.004    0.003    0.004   -0.014    0.119    0.115   -0.541   -0.002
     0.003    0.000    0.002    0.000    0.004    0.117    0.647   -0.019
     0.003    0.000    0.004   -0.004   -0.021    0.001    0.025   -0.014
    -0.008

 (  5)
     0.017    0.054   -0.069    0.004    0.001    0.012    0.000    0.000
     0.000    0.005   -0.001   -0.006    0.000    0.000    0.000   -0.001
     0.000   -0.001   -0.157   -0.110    0.738   -0.043   -0.530    0.063
     0.012    0.027   -0.076   -0.074   -0.039   -0.062   -0.053    0.029
     0.014   -0.004   -0.012    0.069   -0.001   -0.001    0.004    0.002
     0.001    0.001    0.008    0.002    0.007   -0.001   -0.002    0.000
    -0.008   -0.001   -0.010   -0.004   -0.016    0.000   -0.010    0.005
     0.003

 (  6)
    -0.002   -0.008    0.006    0.000   -0.001    0.003    0.000    0.000
     0.000    0.060   -0.015   -0.065   -0.001   -0.003    0.003    0.000
     0.000    0.001    0.022    0.012   -0.054    0.008    0.083   -0.009
     0.009    0.007   -0.030   -0.009   -0.004   -0.007   -0.591    0.333
     0.176   -0.113   -0.159    0.593    0.007    0.006   -0.029   -0.001
     0.002    0.000   -0.001    0.000   -0.003    0.005    0.031   -0.001
    -0.001   -0.001   -0.001   -0.004   -0.020    0.001    0.012   -0.007
    -0.004

 (  7)
     0.003   -0.019   -0.015   -0.040   -0.025    0.016    0.000    0.000
     0.000    0.005   -0.007    0.009   -0.003    0.022    0.032    0.024
     0.007    0.022   -0.038   -0.020    0.179    0.012    0.232   -0.015
     0.132    0.124   -0.424    0.319    0.166    0.236   -0.073    0.043
     0.016    0.020    0.038   -0.122    0.080    0.061   -0.363    0.004
     0.003   -0.008   -0.275   -0.085   -0.256   -0.054   -0.316   -0.004
     0.049    0.013    0.056   -0.019   -0.079    0.007   -0.069    0.036
     0.024

 (  8)
    -0.003    0.014    0.010    0.039    0.024   -0.016    0.000    0.000
     0.000    0.001   -0.002    0.000   -0.003    0.026    0.037    0.024
     0.006    0.021    0.026    0.014   -0.124   -0.007   -0.173    0.012
    -0.128   -0.121    0.413   -0.314   -0.165   -0.233   -0.020    0.016
     0.008    0.002    0.006   -0.008    0.093    0.072   -0.426    0.003
     0.002   -0.008   -0.266   -0.080   -0.246   -0.065   -0.375   -0.005
     0.047    0.012    0.053   -0.017   -0.071    0.006   -0.060    0.031
     0.021

 (  9)
     0.000   -0.008   -0.006    0.008    0.005   -0.003    0.000    0.000
     0.000    0.008   -0.011    0.011    0.001   -0.025   -0.035    0.031
     0.012    0.035   -0.016   -0.008    0.072    0.010    0.102   -0.007
    -0.026   -0.024    0.082   -0.065   -0.036   -0.050   -0.119    0.072
     0.030    0.025    0.050   -0.156   -0.081   -0.071    0.401    0.014
     0.010   -0.027   -0.383   -0.130   -0.374    0.068    0.358    0.004
     0.160    0.041    0.192   -0.066   -0.283    0.019   -0.247    0.131
     0.082

 ( 10)
    -0.001    0.044    0.031   -0.019   -0.014    0.006    0.000    0.000
     0.000   -0.017    0.018   -0.023    0.000    0.000    0.000   -0.001
    -0.002    0.003    0.082    0.040   -0.380   -0.046   -0.540    0.040
     0.063    0.060   -0.201    0.164    0.094    0.129    0.225   -0.125
    -0.052   -0.047   -0.087    0.304    0.001    0.001   -0.004    0.013
     0.010   -0.025   -0.002    0.004   -0.006    0.000   -0.002    0.000
     0.146    0.035    0.181   -0.061   -0.269    0.014   -0.232    0.124
     0.074

 ( 11)
     0.001   -0.027   -0.016    0.009    0.007   -0.003    0.000    0.000
     0.000   -0.001    0.004    0.001    0.001    0.008    0.011   -0.032
    -0.012   -0.027   -0.045   -0.022    0.211    0.025    0.329   -0.026
    -0.029   -0.028    0.094   -0.077   -0.045   -0.061    0.024   -0.021
    -0.010   -0.003   -0.008    0.011    0.024    0.024   -0.130    0.021
     0.015   -0.035    0.360    0.118    0.341   -0.024   -0.115   -0.001
     0.206    0.051    0.262   -0.092   -0.407    0.018   -0.352    0.190
     0.109

 ( 12)
     0.004   -0.027   -0.016    0.005    0.005   -0.001    0.000    0.000
     0.000   -0.033    0.039   -0.039   -0.001   -0.002   -0.003    0.015
     0.002    0.015   -0.047   -0.023    0.226    0.018    0.332   -0.031
    -0.017   -0.017    0.054   -0.045   -0.028   -0.037    0.472   -0.275
    -0.123   -0.087   -0.166    0.575   -0.005   -0.007    0.034   -0.003
    -0.002    0.005   -0.175   -0.047   -0.168    0.007    0.029    0.000
    -0.029   -0.006   -0.040    0.013    0.058   -0.002    0.050   -0.028
    -0.014

 ( 13)
     0.037   -0.003    0.010   -0.028    0.052   -0.008    0.011   -0.009
     0.003   -0.032   -0.040   -0.010   -0.113    0.001   -0.056    0.028
     0.034    0.008   -0.104   -0.002   -0.020    0.009   -0.003   -0.009
     0.027   -0.175   -0.060    0.027   -0.188    0.081    0.037    0.070
     0.018    0.069    0.079    0.042    0.380    0.211    0.078   -0.003
    -0.003    0.005    0.104   -0.089   -0.011    0.421   -0.097    0.405
     0.042    0.007   -0.033   -0.035    0.004    0.022   -0.025   -0.027
    -0.019

 ( 14)
    -0.049   -0.045   -0.029   -0.007    0.067   -0.002    0.005   -0.003
     0.001    0.068    0.100    0.023   -0.003    0.006   -0.016   -0.058
    -0.074    0.053    0.129    0.138    0.027    0.041   -0.059    0.082
    -0.062   -0.211   -0.104    0.089   -0.326    0.152   -0.129   -0.213
    -0.046   -0.122   -0.160   -0.087    0.110   -0.002    0.002    0.020
     0.018   -0.038    0.140    0.061   -0.211   -0.058    0.016    0.053
    -0.162   -0.061    0.125    0.118    0.007   -0.005    0.094    0.067
     0.085

 ( 15)
    -0.036   -0.021   -0.016   -0.008    0.076   -0.006    0.002   -0.004
     0.002    0.026   -0.005    0.034    0.016    0.005    0.030    0.058
     0.051   -0.089    0.055    0.055    0.011    0.130   -0.036    0.061
    -0.065   -0.258   -0.127    0.077   -0.358    0.190    0.024    0.032
    -0.082   -0.126   -0.101   -0.007   -0.193   -0.046   -0.016   -0.029
    -0.021    0.049   -0.237   -0.193    0.298   -0.009    0.012   -0.137
     0.174    0.085   -0.136   -0.118   -0.017   -0.043   -0.100   -0.059
    -0.075

 ( 16)
     0.108   -0.002    0.032   -0.049    0.077   -0.011    0.002   -0.002
     0.000   -0.078   -0.042   -0.046    0.042    0.007    0.024   -0.009
    -0.028    0.031   -0.272   -0.028   -0.050   -0.095    0.006   -0.074
     0.066   -0.293   -0.086    0.010   -0.247    0.124    0.013    0.070
     0.110    0.238    0.170    0.058   -0.133   -0.143   -0.037    0.011
     0.006   -0.016    0.009    0.255   -0.079   -0.171    0.048   -0.206
    -0.061    0.010    0.042    0.013    0.010   -0.009    0.035    0.005
     0.047

 ( 17)
     0.009   -0.003    0.011   -0.003   -0.010    0.002    0.002   -0.001
     0.000   -0.004    0.059   -0.002   -0.040    0.026    0.007    0.061
    -0.094   -0.029   -0.017   -0.071   -0.003   -0.075   -0.007   -0.100
     0.027    0.038    0.026   -0.003    0.050   -0.042   -0.040   -0.013
     0.060    0.026   -0.142   -0.061    0.088   -0.012    0.032    0.006
    -0.018    0.013   -0.162    0.211    0.102    0.049    0.017    0.040
    -0.098    0.500   -0.006   -0.258    0.016   -0.391    0.065   -0.097
     0.328

 ( 18)
    -0.053    0.021   -0.002    0.033   -0.004   -0.003    0.001    0.002
     0.000    0.012   -0.039   -0.002   -0.016    0.015    0.003   -0.022
    -0.006    0.064    0.118   -0.125    0.018    0.162    0.005   -0.065
    -0.143    0.011   -0.055   -0.021   -0.055    0.112    0.081    0.131
    -0.138   -0.120    0.228    0.054    0.113   -0.236   -0.015    0.054
     0.024   -0.032    0.168    0.041   -0.135    0.049    0.004   -0.198
     0.072    0.075   -0.052   -0.433    0.150    0.094   -0.155   -0.422
     0.032

 ( 19)
     0.070   -0.051   -0.013   -0.063    0.009    0.011    0.001   -0.002
    -0.001    0.014    0.057    0.012   -0.015    0.012    0.005    0.001
    -0.011    0.005   -0.141    0.293   -0.020   -0.251   -0.023    0.195
     0.307    0.006    0.128    0.087    0.089   -0.260   -0.135   -0.172
    -0.033   -0.023   -0.140   -0.052    0.044   -0.109   -0.003    0.017
     0.023    0.000   -0.006   -0.050    0.026    0.054    0.002   -0.088
     0.186   -0.114   -0.105   -0.237    0.093    0.150   -0.197   -0.294
    -0.137

 ( 20)
     0.001   -0.023   -0.025   -0.028    0.006    0.006    0.002   -0.001
     0.000    0.011   -0.057    0.020   -0.041    0.028    0.017    0.019
     0.011    0.000    0.002    0.259    0.005    0.018   -0.006    0.272
     0.171    0.017    0.072    0.079    0.025   -0.153    0.082    0.196
    -0.297   -0.251    0.261    0.076    0.095   -0.298   -0.009   -0.015
    -0.019   -0.006    0.043   -0.021   -0.005    0.162   -0.005   -0.248
    -0.183    0.109    0.101    0.174   -0.072   -0.113    0.171    0.222
     0.170

 ( 21)
    -0.014    0.015    0.012    0.021   -0.012   -0.004    0.004    0.000
     0.001   -0.013    0.041   -0.014   -0.082    0.053    0.028    0.039
    -0.026   -0.014    0.045   -0.139    0.009    0.003    0.005   -0.144
    -0.111    0.037   -0.031   -0.046    0.004    0.077   -0.020   -0.076
     0.239    0.178   -0.200   -0.058    0.205   -0.452    0.006   -0.026
     0.009    0.013   -0.016    0.017    0.036    0.284   -0.006   -0.359
     0.071   -0.208   -0.025    0.206   -0.038    0.092   -0.023    0.109
    -0.120

 ( 22)
    -0.031   -0.013   -0.047    0.040   -0.023   -0.005   -0.001    0.001
     0.000   -0.039   -0.024   -0.035   -0.004    0.004    0.002    0.032
    -0.038   -0.004    0.145    0.463    0.045    0.017    0.033    0.516
    -0.223    0.056   -0.064   -0.096    0.021    0.148    0.129    0.131
     0.264    0.247    0.007    0.016    0.006    0.067    0.018   -0.001
     0.011   -0.002   -0.092    0.248    0.035   -0.024    0.010    0.071
     0.028   -0.057   -0.010   -0.025    0.022    0.036   -0.048   -0.076
     0.006

 ( 23)
     0.013   -0.001   -0.013    0.010   -0.007   -0.004   -0.001    0.001
     0.000   -0.004   -0.008   -0.006    0.013   -0.018   -0.006   -0.055
     0.107    0.018   -0.049    0.114   -0.016   -0.034    0.017    0.137
    -0.081    0.005   -0.028   -0.058    0.022    0.065   -0.045   -0.213
     0.264    0.269   -0.143    0.003   -0.048   -0.112   -0.040    0.021
    -0.035   -0.007    0.231   -0.475   -0.088    0.070   -0.035   -0.151
    -0.129    0.303    0.048   -0.168   -0.006   -0.131    0.115    0.039
     0.131

 ( 24)
    -0.088    0.004   -0.011   -0.047    0.037    0.021    0.002   -0.003
     0.001   -0.016   -0.021   -0.025    0.007   -0.002   -0.001   -0.002
     0.002    0.007    0.186   -0.094    0.037    0.432   -0.037   -0.011
     0.391    0.010    0.148    0.327   -0.111   -0.361    0.117    0.049
     0.307    0.235   -0.057    0.004   -0.031    0.015   -0.006    0.005
     0.001   -0.004    0.020    0.048   -0.030   -0.022    0.003    0.007
    -0.012    0.009    0.009   -0.021    0.008    0.007    0.003   -0.015
     0.012

 ( 25)
    -0.006   -0.004   -0.006    0.001    0.000    0.001    0.000    0.001
     0.000    0.003   -0.001   -0.008    0.003   -0.002   -0.008   -0.035
    -0.017    0.022    0.022    0.035    0.003    0.014   -0.001    0.050
    -0.003    0.007    0.003    0.009   -0.006   -0.005   -0.007   -0.012
    -0.026   -0.017    0.073    0.007    0.055   -0.035   -0.006   -0.009
    -0.020    0.115    0.215    0.131   -0.298   -0.062    0.009   -0.018
     0.347    0.166   -0.196    0.028   -0.056   -0.457   -0.081    0.169
    -0.441

 ( 26)
     0.002   -0.001    0.016   -0.003    0.000   -0.005   -0.002   -0.011
     0.009   -0.008    0.003   -0.008    0.002    0.008    0.006    0.002
     0.013   -0.031    0.065    0.015    0.036   -0.075   -0.001   -0.028
     0.001    0.021    0.002   -0.005   -0.019    0.008    0.043    0.087
     0.011   -0.137   -0.169   -0.082   -0.622    0.014   -0.129    0.022
     0.002    0.018    0.153    0.223   -0.266    0.547   -0.087    0.068
    -0.062   -0.028    0.104   -0.043    0.019    0.023    0.002   -0.034
     0.003

 ( 27)
    -0.029    0.005    0.060    0.025    0.010   -0.015   -0.005    0.001
    -0.014    0.008   -0.003   -0.008   -0.003   -0.005    0.003    0.001
    -0.002   -0.010   -0.092    0.084    0.073    0.204   -0.016    0.028
     0.271   -0.558   -0.107   -0.293    0.484    0.082    0.106    0.119
     0.082   -0.163   -0.207   -0.095    0.071    0.004    0.022    0.004
     0.003    0.005    0.058   -0.015   -0.068   -0.064    0.005   -0.022
    -0.012   -0.015    0.024   -0.006    0.006    0.000   -0.006   -0.015
     0.005

 ( 28)
    -0.018   -0.006   -0.037    0.023    0.009   -0.005   -0.005   -0.007
    -0.001    0.020    0.010    0.031    0.006    0.014    0.005   -0.018
    -0.013    0.017   -0.249   -0.028   -0.097    0.407   -0.028    0.083
     0.006   -0.075   -0.038   -0.096    0.208    0.019   -0.276   -0.419
    -0.157    0.240    0.303    0.156   -0.158   -0.028   -0.038   -0.001
    -0.001   -0.010   -0.170    0.152    0.121    0.269   -0.029    0.062
     0.022    0.022   -0.037    0.006   -0.004   -0.015    0.004    0.021
    -0.035

 ( 29)
     0.008    0.003   -0.012    0.014    0.001   -0.036    0.003    0.001
     0.007   -0.007   -0.001    0.064   -0.024    0.004    0.001    0.023
    -0.029   -0.056   -0.595    0.009   -0.143    0.356   -0.013    0.088
    -0.083    0.295    0.010    0.026   -0.101    0.012    0.054    0.154
    -0.017   -0.040   -0.247    0.001    0.014    0.033    0.014    0.006
     0.026    0.028    0.165   -0.072   -0.198   -0.154    0.027   -0.026
    -0.045   -0.103    0.107    0.020    0.026   -0.028   -0.048   -0.088
     0.064

 ( 30)
     0.024    0.003    0.030   -0.004    0.001   -0.010    0.000    0.003
    -0.004   -0.018   -0.050   -0.028    0.022   -0.029    0.019   -0.030
     0.100   -0.016   -0.004    0.035    0.032    0.159   -0.009    0.042
    -0.041    0.141    0.017    0.014   -0.075    0.017   -0.116   -0.217
    -0.043   -0.220   -0.272   -0.127    0.294    0.008    0.090    0.028
    -0.054    0.009   -0.155    0.467   -0.012    0.005   -0.029   -0.082
    -0.102    0.114    0.087   -0.159   -0.013    0.189    0.081    0.107
    -0.138

 ( 31)
    -0.022   -0.003    0.060    0.016   -0.007   -0.058   -0.002   -0.006
     0.010    0.028    0.012   -0.040    0.039    0.013   -0.028   -0.040
    -0.018    0.115   -0.294    0.144    0.030    0.056   -0.019   -0.032
     0.070    0.190    0.004   -0.006   -0.126    0.043    0.157    0.131
     0.168   -0.209   -0.063   -0.106   -0.073   -0.108   -0.079   -0.014
    -0.007   -0.078   -0.152   -0.058    0.253    0.148   -0.002    0.101
     0.150    0.136   -0.262    0.054   -0.021   -0.016    0.053    0.110
    -0.074

 ( 32)
     0.083   -0.016    0.038   -0.047    0.035    0.001    0.002   -0.005
     0.010   -0.052   -0.019   -0.056   -0.025    0.012   -0.023    0.064
    -0.003    0.035    0.293    0.040    0.093    0.356   -0.038    0.038
    -0.093    0.168    0.026   -0.119    0.080    0.063   -0.163   -0.184
    -0.119   -0.131   -0.095   -0.095   -0.122    0.003   -0.048   -0.058
     0.017   -0.019    0.182   -0.087   -0.055   -0.139    0.033    0.008
     0.167    0.014   -0.217    0.138   -0.024    0.005   -0.024   -0.060
     0.259

 ( 33)
    -0.060   -0.008   -0.037    0.045   -0.024    0.013    0.000    0.012
    -0.002    0.011    0.014    0.035   -0.028   -0.019   -0.001    0.078
     0.035    0.031   -0.179   -0.047   -0.071   -0.186    0.004    0.000
     0.029   -0.143   -0.024    0.106   -0.022   -0.064   -0.024   -0.015
    -0.022    0.069   -0.025    0.036   -0.067    0.083    0.011   -0.062
    -0.056   -0.024    0.228    0.213   -0.174   -0.100   -0.009   -0.074
     0.203    0.215   -0.317    0.018   -0.066    0.392    0.091    0.108
     0.189

 ( 34)
    -0.063    0.011    0.098    0.049   -0.044   -0.093    0.009    0.010
     0.010    0.023   -0.011   -0.064   -0.039    0.005    0.007    0.033
     0.009   -0.046   -0.051    0.257    0.145   -0.097   -0.010   -0.138
     0.292    0.096    0.007   -0.017   -0.210    0.095   -0.101   -0.292
     0.049   -0.009    0.292    0.008   -0.034    0.071    0.022   -0.013
     0.003    0.049    0.064   -0.021   -0.070   -0.098    0.015   -0.046
    -0.050   -0.089    0.106    0.002   -0.003   -0.020   -0.049   -0.086
     0.104

 ( 35)
     0.017   -0.064    0.008   -0.027    0.047   -0.016    0.004   -0.011
     0.010    0.004    0.069   -0.017   -0.052    0.029    0.006    0.029
    -0.044   -0.019    0.065    0.119    0.044    0.133   -0.093   -0.169
    -0.041    0.155    0.008   -0.122    0.123    0.053    0.057    0.152
     0.005    0.077    0.186    0.025   -0.104    0.031   -0.004    0.039
    -0.086    0.005    0.051   -0.126   -0.015   -0.134    0.045    0.026
    -0.116    0.144    0.089   -0.247   -0.023    0.340    0.124    0.225
    -0.327

 ( 36)
     0.012    0.119   -0.002   -0.015   -0.071   -0.015    0.019    0.009
     0.014   -0.006   -0.040    0.004   -0.048    0.082   -0.036    0.013
    -0.045    0.000    0.047   -0.227   -0.044   -0.024    0.162    0.351
     0.154   -0.132    0.018   -0.021   -0.158    0.045   -0.073   -0.127
    -0.063   -0.053   -0.119   -0.024   -0.150   -0.153   -0.107    0.027
    -0.023   -0.018   -0.003   -0.081    0.026   -0.172    0.114    0.202
    -0.057    0.062    0.034   -0.102    0.007    0.105    0.052    0.109
    -0.195

 ( 37)
     0.009    0.026    0.027    0.039   -0.040    0.010    0.005    0.029
    -0.005   -0.074    0.035   -0.011   -0.069   -0.090    0.057    0.021
    -0.034    0.045    0.013    0.012    0.027    0.089    0.027    0.087
     0.031   -0.073   -0.001    0.103   -0.097   -0.029   -0.112    0.055
    -0.164    0.004   -0.058   -0.022   -0.105    0.372    0.147    0.048
     0.017   -0.066   -0.001   -0.117    0.096    0.082   -0.133   -0.356
    -0.019    0.006   -0.009   -0.002    0.028   -0.132    0.039    0.068
    -0.212

 ( 38)
    -0.002    0.003   -0.030   -0.081   -0.017   -0.098    0.008    0.002
     0.010    0.013    0.018    0.082    0.025   -0.039    0.008   -0.029
     0.007   -0.002    0.194   -0.104   -0.004   -0.013    0.012    0.040
     0.373    0.174    0.081   -0.376   -0.091    0.314    0.031    0.155
    -0.124    0.241   -0.093    0.095    0.075    0.071    0.041   -0.008
     0.005   -0.013   -0.021    0.087   -0.036    0.081   -0.053   -0.110
     0.069    0.041   -0.088    0.040   -0.003    0.026    0.011    0.001
     0.063

 ( 39)
     0.031    0.031   -0.036   -0.094   -0.002    0.019    0.010    0.006
    -0.004    0.126   -0.013   -0.047   -0.045   -0.018    0.056   -0.013
    -0.024   -0.016   -0.079   -0.177   -0.092    0.028    0.051    0.146
    -0.095    0.012    0.025   -0.120    0.016    0.033    0.181   -0.147
     0.380   -0.253    0.220   -0.053   -0.040    0.255    0.115   -0.008
    -0.005    0.002   -0.006    0.015   -0.036    0.038   -0.039   -0.195
     0.039    0.007   -0.041    0.022   -0.011    0.038    0.001   -0.019
     0.056

 ( 40)
     0.038    0.061    0.038    0.016   -0.039    0.010   -0.023    0.006
    -0.027   -0.040    0.085   -0.046    0.098   -0.008    0.043   -0.062
    -0.066   -0.061    0.018   -0.012    0.024    0.147    0.068    0.161
     0.005   -0.049    0.005    0.084   -0.120   -0.021   -0.035    0.114
    -0.074   -0.012    0.130   -0.031    0.171   -0.020    0.058   -0.046
    -0.043    0.054    0.018   -0.172   -0.112    0.220   -0.030    0.050
     0.079    0.063   -0.077   -0.036   -0.043    0.261    0.015    0.010
     0.166

 ( 41)
    -0.015    0.024    0.012    0.039    0.080   -0.031   -0.040   -0.057
    -0.030    0.003   -0.067    0.021    0.015    0.096    0.150    0.005
    -0.021   -0.014    0.045   -0.005    0.021   -0.139    0.035    0.018
     0.056    0.128   -0.015    0.031    0.058   -0.004   -0.026   -0.090
    -0.036    0.037   -0.086    0.023    0.049    0.152    0.173    0.033
     0.015   -0.058    0.090   -0.081   -0.081    0.025    0.096    0.086
     0.078    0.043   -0.105    0.034    0.017   -0.023    0.054    0.040
    -0.043

 ( 42)
    -0.018    0.071    0.005    0.068    0.139   -0.034    0.027   -0.068
     0.038   -0.021    0.035   -0.021   -0.026   -0.067   -0.070   -0.035
    -0.009   -0.009    0.004   -0.163   -0.025   -0.151    0.108    0.232
     0.061    0.142   -0.038    0.059    0.180   -0.043   -0.030    0.015
    -0.007   -0.052    0.048   -0.023   -0.007    0.025   -0.049   -0.019
    -0.009    0.028   -0.075    0.014    0.023   -0.041   -0.070   -0.173
    -0.005    0.002    0.012   -0.007   -0.012    0.050   -0.019   -0.018
     0.051

 ( 43)
     0.012    0.039    0.048   -0.018   -0.013    0.018    0.055    0.002
     0.022    0.032   -0.058    0.039   -0.064    0.019   -0.013   -0.134
    -0.035   -0.076    0.040    0.291    0.089    0.035    0.012   -0.212
    -0.171   -0.074   -0.043    0.076    0.038   -0.132    0.037    0.026
    -0.103    0.172   -0.097    0.053   -0.055    0.061   -0.004    0.007
     0.007   -0.031   -0.145    0.023   -0.084   -0.036    0.012   -0.076
     0.155    0.096   -0.180    0.057    0.000    0.086    0.047    0.011
     0.100

 ( 44)
     0.028   -0.111   -0.042    0.097    0.003    0.020    0.010    0.038
     0.017   -0.072    0.003    0.001   -0.052    0.000    0.032   -0.080
     0.008   -0.071    0.044   -0.213   -0.052   -0.006   -0.095    0.084
     0.224    0.046    0.069   -0.001   -0.015    0.154   -0.023   -0.016
     0.206   -0.223    0.118    0.006   -0.043   -0.122    0.009    0.044
     0.018   -0.031   -0.086   -0.015   -0.055   -0.067    0.005    0.143
     0.129    0.059   -0.114    0.096    0.008    0.020    0.054   -0.016
     0.068

 ( 45)
    -0.025   -0.038   -0.010   -0.015   -0.028   -0.021    0.040   -0.014
     0.012    0.010    0.064   -0.102   -0.039    0.078    0.067   -0.048
     0.080    0.039   -0.084   -0.154   -0.040    0.007   -0.027    0.119
    -0.048   -0.046   -0.035   -0.010    0.011   -0.055    0.025    0.174
    -0.262    0.167   -0.066   -0.109   -0.047    0.076    0.064    0.011
    -0.086    0.015   -0.039    0.048    0.040   -0.074    0.085    0.046
     0.015   -0.138    0.023    0.119   -0.114   -0.125   -0.034   -0.216
     0.109

 ( 46)
     0.030   -0.091    0.011    0.061    0.013   -0.029   -0.028    0.042
     0.012    0.046   -0.081   -0.028    0.015    0.083   -0.064   -0.034
    -0.057    0.031    0.045   -0.195   -0.001   -0.038   -0.076    0.109
     0.045    0.006   -0.034    0.061    0.013   -0.030    0.063   -0.007
    -0.115    0.125   -0.149   -0.032    0.016    0.297   -0.020   -0.059
     0.019    0.057   -0.041   -0.062    0.042    0.112    0.060   -0.262
    -0.079    0.047    0.067   -0.090    0.027    0.117   -0.052    0.063
     0.002

 ( 47)
    -0.038   -0.015   -0.061   -0.023   -0.054    0.009    0.076   -0.050
     0.010   -0.106    0.012    0.015    0.057    0.091   -0.006   -0.005
     0.006    0.013   -0.038    0.058   -0.049    0.005   -0.025   -0.121
     0.014   -0.063    0.016   -0.061   -0.008    0.028   -0.095   -0.034
     0.135   -0.225    0.059    0.006    0.070    0.239    0.026   -0.051
     0.053    0.011    0.023   -0.045    0.000    0.072    0.084   -0.166
    -0.038   -0.010    0.014   -0.159    0.077    0.014   -0.002    0.148
     0.001

 ( 48)
    -0.048   -0.072    0.089   -0.075   -0.029   -0.082    0.000   -0.009
     0.028   -0.013    0.022   -0.002    0.035   -0.010   -0.008    0.031
     0.017   -0.051   -0.020   -0.234    0.069   -0.061   -0.053    0.257
    -0.259   -0.086   -0.147    0.020    0.037   -0.242   -0.033   -0.011
    -0.006    0.031    0.091    0.026    0.072   -0.032   -0.005    0.068
     0.093   -0.015    0.027   -0.008   -0.035    0.012   -0.005    0.003
     0.063    0.196   -0.035    0.128    0.083    0.084    0.043    0.065
    -0.049

 ( 49)
     0.005    0.001   -0.004   -0.006    0.001   -0.039   -0.024    0.013
     0.032    0.003    0.004    0.003    0.006    0.001   -0.009    0.006
     0.002   -0.012    0.017   -0.026   -0.004   -0.001    0.003    0.013
    -0.049   -0.040   -0.061    0.022    0.020   -0.086    0.003    0.000
     0.010   -0.006    0.012    0.003    0.028    0.003   -0.003    0.037
    -0.033   -0.010   -0.004    0.017   -0.006    0.005    0.001   -0.010
     0.262   -0.520   -0.095   -0.440    0.065   -0.198    0.318    0.327
     0.265

 ( 50)
    -0.053   -0.037    0.053   -0.017    0.029    0.074    0.057    0.005
    -0.066    0.026   -0.024   -0.053   -0.019   -0.055    0.041   -0.008
    -0.012    0.006   -0.110   -0.110    0.028   -0.079   -0.026    0.128
     0.023    0.123    0.109   -0.063    0.007    0.144    0.009    0.010
    -0.171    0.143   -0.073   -0.043   -0.069   -0.153    0.008   -0.052
     0.083    0.020   -0.005   -0.026    0.006   -0.028   -0.050    0.146
     0.004   -0.049    0.001   -0.246    0.125    0.027    0.050    0.252
     0.042

 ( 51)
     0.046   -0.015    0.026    0.023    0.012   -0.098    0.042    0.029
     0.002    0.005    0.006    0.067    0.001   -0.026    0.069   -0.007
     0.002    0.007    0.118   -0.072    0.033    0.021   -0.009    0.068
    -0.096   -0.037   -0.143    0.089    0.051   -0.204    0.018   -0.002
     0.124   -0.039    0.045    0.069   -0.015   -0.102    0.049   -0.146
    -0.036   -0.061    0.047    0.040   -0.064   -0.004   -0.022    0.145
    -0.216   -0.074    0.010   -0.168   -0.032   -0.122   -0.162   -0.028
    -0.135

 ( 52)
     0.113    0.019   -0.018    0.102   -0.016    0.004    0.054   -0.015
     0.010    0.114    0.045   -0.034    0.061    0.018   -0.011    0.075
     0.051   -0.032    0.093    0.028   -0.021    0.143    0.016   -0.020
     0.125   -0.026    0.008    0.103   -0.034    0.015    0.123    0.070
    -0.050    0.137    0.037   -0.032    0.083    0.009   -0.008    0.043
     0.069   -0.039    0.080    0.068   -0.044    0.033    0.023   -0.010
     0.035    0.053   -0.029    0.016    0.075   -0.039    0.052    0.093
    -0.055

 ( 53)
    -0.045    0.067   -0.115   -0.029    0.071   -0.062   -0.005    0.081
     0.025   -0.023    0.008   -0.109    0.017    0.008    0.019   -0.001
     0.008   -0.039   -0.059    0.116   -0.111   -0.060    0.063   -0.167
    -0.017    0.025   -0.071   -0.046    0.115   -0.070   -0.036    0.007
    -0.149   -0.011   -0.041   -0.119    0.030   -0.040    0.011   -0.016
     0.066   -0.026    0.015   -0.041   -0.039    0.033    0.006    0.069
    -0.032    0.117   -0.024    0.001    0.063    0.023   -0.028    0.064
    -0.067

 ( 54)
     0.003    0.026    0.023   -0.012    0.013   -0.008   -0.049    0.005
    -0.080   -0.010    0.085    0.006   -0.059    0.077   -0.089   -0.042
     0.087   -0.054    0.003   -0.012    0.017    0.026    0.030    0.067
    -0.009    0.049    0.003   -0.001   -0.030    0.007    0.002    0.093
     0.030   -0.008    0.124    0.017   -0.058    0.115   -0.081   -0.046
     0.043   -0.070   -0.049    0.134   -0.062   -0.082    0.080   -0.133
    -0.040   -0.005   -0.065   -0.069    0.048   -0.113   -0.035    0.053
    -0.046

 ( 55)
    -0.008    0.056    0.090   -0.004    0.065    0.087    0.002    0.062
     0.063   -0.003    0.063    0.080    0.007    0.071    0.054    0.003
     0.061    0.059   -0.011    0.041    0.087   -0.011    0.058    0.105
    -0.001    0.080    0.091   -0.008    0.059    0.095   -0.006    0.056
     0.083    0.000    0.077    0.084    0.010    0.086    0.058   -0.001
     0.041    0.051    0.006    0.068    0.053    0.011    0.070    0.039
    -0.005    0.033    0.056    0.003    0.040    0.036   -0.004    0.035
     0.055

 ( 56)
    -0.043   -0.024    0.035   -0.019   -0.013    0.105   -0.025   -0.017
     0.074    0.012   -0.014   -0.044    0.041   -0.004   -0.019    0.013
    -0.016   -0.083   -0.108   -0.043    0.018   -0.039   -0.022    0.059
     0.043    0.005    0.127   -0.060   -0.022    0.161   -0.007   -0.022
    -0.092    0.075    0.005   -0.027    0.104    0.015   -0.001   -0.068
    -0.041   -0.123    0.060   -0.006   -0.136    0.042   -0.006   -0.050
    -0.119   -0.052   -0.076   -0.065   -0.042   -0.156   -0.086   -0.049
    -0.171

 ( 57)
    -0.033   -0.001    0.032   -0.008    0.067    0.005    0.068    0.059
    -0.055   -0.016   -0.019    0.020    0.078    0.035   -0.061    0.048
    -0.031   -0.030   -0.022   -0.046    0.028   -0.080    0.008    0.069
    -0.023    0.114    0.013   -0.022    0.078    0.016   -0.036   -0.068
     0.041   -0.032    0.025    0.029    0.064    0.081   -0.054    0.071
    -0.099   -0.043    0.055   -0.039   -0.035    0.124    0.026   -0.097
     0.067   -0.097   -0.039    0.117   -0.109   -0.078    0.050   -0.147
    -0.021


                VIBRATIONAL AMPLITUDE AND CENTRIFUGAL DISTORTION
                 CONTRIBUTIONS TO THE BOND LENGTH AT   298.16 K

                 Note: Excludes contributions from frequencies
                       lower than 40 (1/cm).

                R(e)   = r(mm4) - 1.5 * anh * <Z**2>(298.16)
                R(z)   = R(e) + 1.5 * anh * <Z**2>(0) - <K>(0))
                R(s)   = [R(e) + R(z)] / 2
                R(alp) = R(e) + 1.5 * anh * <Z**2>(T) - <K>(T) - <C>(T)
                R(g)   = R(e) + 1.5 * anh * <Z**2>(T)
                R(a)   = [R(g) + sqrt(R(g)**2-4*<Z**2>(T))] / 2

                       anh = anharmonicity (2.00)
                    <Z**2> = mean-square vibrational amplitude
                       <K> = perpendicular vibrational amplitude
                       <C> = centrifugal correction

        BOND          R(g)      R(z)      R(e)     R(alp)     R(s)      R(a)
    2( C)-  1( C)    1.5347    1.5316    1.5272    1.5311    1.5294    1.5331
    3( S)-  2( C)    1.8122    1.8095    1.8045    1.8093    1.8070    1.8108
    4( C)-  1( C)    1.5270    1.5240    1.5198    1.5236    1.5219    1.5254
    5( C)-  3( S)    1.8135    1.8109    1.8058    1.8108    1.8084    1.8121
    6( C)-  4( C)    1.5305    1.5280    1.5232    1.5277    1.5256    1.5289
    6( C)-  5( C)    1.5389    1.5364    1.5313    1.5360    1.5338    1.5373
    7( H)-  1( C)    1.1128    1.0995    1.0942    1.0989    1.0968    1.1072
    8( H)-  1( C)    1.1147    1.1016    1.0959    1.1011    1.0988    1.1091
    9( H)-  2( C)    1.1122    1.0989    1.0936    1.0983    1.0962    1.1066
   10( H)-  2( C)    1.1121    1.0990    1.0934    1.0984    1.0962    1.1065
   11( H)-  4( C)    1.1146    1.1013    1.0958    1.1007    1.0985    1.1089
   12( H)-  4( C)    1.1150    1.1018    1.0962    1.1012    1.0990    1.1093
   13( H)-  5( C)    1.1125    1.0996    1.0939    1.0991    1.0967    1.1069
   14( C)-  6( C)    1.5267    1.5234    1.5195    1.5229    1.5215    1.5251
   15( H)-  6( C)    1.1179    1.1069    1.0991    1.1067    1.1030    1.1123
   16( H)-  5( C)    1.1118    1.0990    1.0932    1.0985    1.0961    1.1062
   17( H)- 14( C)    1.1110    1.0931    1.0926    1.0918    1.0929    1.1054
   18( H)- 14( C)    1.1128    1.0950    1.0943    1.0937    1.0947    1.1072
   19( H)- 14( C)    1.1127    1.0949    1.0942    1.0935    1.0945    1.1072


                  Non-Bonded Atom Pair Distance Table
        (Distance greater than 82% of VDW distance are not printed)

        PAIR        Dist(g)   Dist(z)
    4( C),  3( S)    3.2296    3.2221       1,4
    5( C),  1( C)    3.0399    3.0376       1,4
    6( C),  2( C)    3.0776    3.0758       1,4
    7( H),  3( S)    3.0202    3.0120       1,4
    7( H),  6( C)    2.8726    2.8639       1,4
    9( H),  4( C)    2.8251    2.8175       1,4
    9( H),  8( H)    2.4749    2.4604       1,4
   10( H),  7( H)    2.4938    2.4818       1,4
   10( H),  8( H)    2.4857    2.4711       1,4
   11( H),  7( H)    2.4950    2.4793       1,4
   11( H),  8( H)    2.4749    2.4618       1,4
   12( H),  2( C)    2.8119    2.8033       1,4
   12( H),  5( C)    2.7940    2.7867       1,4
   12( H),  8( H)    2.4650    2.4521       1,4
   12( H),  9( H)    2.6295    2.6271          
   13( H),  4( C)    2.7927    2.7859       1,4
   13( H), 12( H)    2.5930    2.5925          
   14( C),  1( C)    3.1627    3.1596       1,4
   14( C),  3( S)    3.3098    3.3063       1,4
   14( C),  7( H)    2.8840    2.8819          
   14( C), 11( H)    2.7357    2.7275       1,4
   15( H), 11( H)    2.4885    2.4751       1,4
   15( H), 12( H)    2.4102    2.3999       1,4
   15( H), 13( H)    2.4192    2.4074       1,4
   16( H), 14( C)    2.7489    2.7409       1,4
   16( H), 15( H)    2.4866    2.4736       1,4
   17( H),  1( C)    2.9152    2.9126          
   17( H),  3( S)    2.9483    2.9505          
   17( H),  4( C)    2.8646    2.8507       1,4
   17( H),  5( C)    2.8536    2.8427       1,4
   17( H),  7( H)    2.3313    2.3376          
   18( H),  5( C)    2.8028    2.7962       1,4
   18( H), 15( H)    2.4794    2.4673       1,4
   18( H), 16( H)    2.5440    2.5464          
   19( H),  4( C)    2.7854    2.7784       1,4
   19( H), 11( H)    2.5160    2.5176          
   19( H), 15( H)    2.4946    2.4811       1,4


         THE MOMENTS OF INERTIA CALCULATED FROM R(g), R(z) VALUES
                  (also from R(e), R(alpha), R(s) VALUES)

         Note: (1) All calculations are based on principle isotopes.
               (2) R(z) values include harmonic vibration (Coriolis)
                   contribution indicated in parentheses.


   (1)  UNIT = 10**(-39) GM*CM**2

                    IX                   IY                   IZ

   R(e)        29.3587              38.7329              53.4993
   R(z)        29.5623( 0.0009)     39.0740( 0.0081)     53.9956( 0.0083)

   (2)  UNIT = AU A**2

                    IX                   IY                   IZ

   R(e)       176.8216             233.2806             322.2155
   R(z)       178.0477( 0.0052)    235.3350( 0.0488)    325.2047( 0.0502)


 ==============================================================================
                      STATISTICAL THERMODYNAMICS ANALYSIS
 ==============================================================================

  Structure name    : 3-methylthiane-ax                                           
  Temperature       :   298.16 K
  Symmetry number   :   1
  Optical isomers   :   2
  Zero Point Energy :  105.573 Kcal/mol


                     ENERGY** ENTHALPY**  ENTROPY  FREE ENERGY** HEAT CAPACITY**
                  (Kcal/mol) (Kcal/mol)     (eu)   (Kcal/mol)    (cal/mol/deg)
  Translational       0.889      0.889     40.168    -11.088         2.981
     Rotational       0.889      0.889     27.937     -7.441         2.981
    Vibrational*    108.435%   108.435%    15.317    103.868%       22.765
         PV(RT)       0.000      0.593      0.000      0.593         1.987
      Potential       4.681#     4.681#     0.000      4.681#        0.000
         Mixing       0.000      0.000      1.377     -0.411         0.000
          Total*    114.894    115.487     84.799     90.203        30.714

  Enthalpy Function (H-Ho)/T     =   17.55 cal/mol/deg
  Free Energy Function -(G-Ho)/T =   67.25 cal/mol/deg

  % Includes zero point energy (ZPE).
  * Excludes contribution from frequencies lower than 10 (1/cm).
  # Includes steric energy (SE).
    Internal rotation contributions are not considered
 ** These quantities are relative to the R(e) values (
    bottom of potential well) and do NOT include bonding

  This structure has   0 imaginary frequencies,
                       0 free internal rotation (fir) frequencies
                         (>= 0,< 10 /cm),
                       0 restricted internal rotation (rir) frequencies
                         (>= 10,< 40 /cm),
                       6 zero frequencies, and
                      51 real frequencies.


      FINAL STERIC ENERGY IS                4.6814 KCAL/MOL.


                  COMPRESSION               0.1102
                  STRETCH-STRETCH           0.0000
                  BENDING                   1.9311
                  BEND-BEND                 0.0055
                  STRETCH-BEND              0.0344
                  VANDERWAALS
                    1,4 ENERGY              4.4480
                    OTHER                   0.0548
                  H-BONDING                 0.0000
                  PI-COMPLX                 0.0000
                  TORSIONAL                 0.8940
                  TORSION-STRETCH           0.0011
                  TORSION-BEND             -2.5759
                  BEND-TORSION-BEND        -0.1192
                  TORSION-IMPT              0.0000
                  IMPT-TORSION-IMPT         0.0000
                  TORSION-TORSION           0.0000
                  DIPOLE-DIPOLE             0.0000
                  CHARGE-DIPOLE             0.0000
                  IND-DIP CORR.            -0.1025
                  CHARGE-CHARGE             0.0000


      MOLECULAR POLARIZABILITIES (A**3)

        ALPHA(1)   =      17.46
        ALPHA(2)   =      17.63
        ALPHA(3)   =      15.32
        AVG. ALPHA =      16.80


      DIPOLE MOMENT =          1.5870 D

        SIGMA-DIPOLE MOMENT =  1.5870 (X = -0.9376    Y =  0.9667    Z = -0.8396)


      DIPOLE MOMENT =          1.9198 D (INCLUDES INDUCED BOND MOMENTS)

        SIGMA-DIPOLE MOMENT =  1.9198 (X = -1.3412    Y =  1.1861    Z = -0.6925)


      OTHER MOLECULAR PROPERTIES:

        Molar Polarizability:    42.7323 cm**3/mole
        Molar Refraction:        42.3690 cm**3/mole
        Radius of Gyration:       2.5298 A
        Molecular VDW Surface:  196.7074 A**2
        Molecular VDW Volume:   190.5335 A**3
        Dispersion Energy:      -12.7049 Kcal/mole
        Density (gas):          0.004744 g/cm**3 (@  298.2 K, 1 atm)
        Density (cdn):            0.8822 g/cm**3 (@STP Estd.)
        Ref. Index (gas):       1.002600 (@  298.2 K, 1 atm)
        Ref. Index (cdn):         1.5577 (@STP Estd.)
        Diel. Constant (gas):     1.0136 (@  298.2 K, 1 atm)
        Diel. Constant (cdn):    17.6045 (@STP Estd.)



      TOTAL ATOMIC CHARGE ON EACH ATOM (in ELECTRON CHARGE)

           C(    1):         -0.012
           C(    2):          0.144
           S(    3):         -0.302
           C(    4):          0.012
           C(    5):          0.140
           C(    6):         -0.015
           H(    7):          0.005
           H(    8):          0.005
           H(    9):         -0.002
           H(   10):          0.003
           H(   11):          0.002
           H(   12):          0.003
           H(   13):          0.002
           C(   14):          0.002
           H(   15):          0.005
           H(   16):          0.003
           H(   17):          0.003
           H(   18):          0.002
           H(   19):          0.002

      -----------------------------------------------------------------

        END OF 3-methylthiane-ax                                           


           TOTAL CPU TIME IS      0.16 SECONDS.

           THIS JOB COMPLETED AT    11:34:11
