 
               ---------------------------------------------
               WARNING : INCORRECT ATOM TYPES GIVEN IN INPUT
                         DATA ARE CORRECTED AS FOLLOWS
               ---------------------------------------------


             Atom type of atom    1 is replaced by 123 (was   0)
             Atom type of atom    2 is replaced by  18 (was   0)
             Atom type of atom    3 is replaced by   7 (was   0)
             Atom type of atom    4 is replaced by   7 (was   0)
             Atom type of atom    5 is replaced by 123 (was   0)
             Atom type of atom    6 is replaced by 123 (was   0)
             Atom type of atom    7 is replaced by 123 (was   0)
             Atom type of atom    8 is replaced by   5 (was   0)
             Atom type of atom    9 is replaced by   5 (was   0)
             Atom type of atom   10 is replaced by   5 (was   0)
             Atom type of atom   11 is replaced by   5 (was   0)
             Atom type of atom   12 is replaced by   5 (was   0)
             Atom type of atom   13 is replaced by   5 (was   0)
             Atom type of atom   14 is replaced by   5 (was   0)
             Atom type of atom   15 is replaced by   5 (was   0)
 
     sulfolane-halfchair                                         

               CHEMICAL FORMULA :  C(    4)  H(    8)  O(    2)  S(    1) 
               FORMULA WEIGHT   :    120.026
                                                               DATE 28-MAY-23
                                                               TIME  12:22:04


          THE COORDINATES OF    15 ATOMS ARE READ IN.
          SOME CONSTANTS WILL BE READ IN.

      CONFORMATIONAL ENERGY, PART 1:  GEOMETRY AND STERIC ENERGY
                                      OF INITIAL CONFORMATION.


      CONNECTED ATOMS
          1-    2-    5-    6-    7-
          1-    7-

      ATTACHED ATOMS
          1-    8,    1-    9,    2-    3,    2-    4,    5-   10,    5-   11,
          6-   12,    6-   13,    7-   14,    7-   15,

      INITIAL ATOMIC COORDINATES
           ATOM          X           Y           Z      TYPE
         C(    1)     0.23623     1.41633     0.38035   (123)
         S(    2)     1.41412     0.11003    -0.00002   ( 18)
         O(    3)     2.27632    -0.25443     1.28580   (  7)
         O(    4)     2.27633     0.47445    -1.28575   (  7)
         C(    5)     0.23635    -1.19630    -0.38038   (123)
         C(    6)    -1.12305    -0.65565     0.10674   (123)
         C(    7)    -1.12316     0.87555    -0.10674   (123)
         H(    8)     0.50538     2.34671    -0.12362   (  5)
         H(    9)     0.21408     1.57968     1.46022   (  5)
         H(   10)     0.50553    -2.12662     0.12353   (  5)
         H(   11)     0.21418    -1.35956    -1.46020   (  5)
         H(   12)    -1.24572    -0.87566     1.17167   (  5)
         H(   13)    -1.94533    -1.12388    -0.44009   (  5)
         H(   14)    -1.94541     1.34375     0.44012   (  5)
         H(   15)    -1.24582     1.09559    -1.17164   (  5)

      THIS MOLECULE CONTAINS

                     1 5-MEMBERED RING(S)

     ==================
     TORSIONAL CONSTANT
     ------------------
      MISSING FOR    1-   2-   5-   6 (TYPE 123- 18-123-123) 5-MEMBERED RING
          INSTEAD,                    (TYPE   1- 18-  1-  1) IN GENERAL PARAMS USED.
      MISSING FOR    1-   2-   5-  10 (TYPE 123- 18-123-  5)
          INSTEAD,                    (TYPE   1- 18-  1-  5) IN GENERAL PARAMS USED.
      MISSING FOR    1-   2-   5-  11 (TYPE 123- 18-123-  5)
          INSTEAD,                    (TYPE   1- 18-  1-  5) IN GENERAL PARAMS USED.
      MISSING FOR    2-   1-   7-   6 (TYPE  18-123-123-123) 5-MEMBERED RING
          INSTEAD,                    (TYPE  18-  1-  1-  1) IN GENERAL PARAMS USED.
      MISSING FOR    2-   1-   7-  14 (TYPE  18-123-123-  5)
          INSTEAD,                    (TYPE  18-  1-  1-  5) IN GENERAL PARAMS USED.
      MISSING FOR    2-   1-   7-  15 (TYPE  18-123-123-  5)
          INSTEAD,                    (TYPE  18-  1-  1-  5) IN GENERAL PARAMS USED.
      MISSING FOR    2-   5-   6-   7 (TYPE  18-123-123-123) 5-MEMBERED RING
          INSTEAD,                    (TYPE  18-  1-  1-  1) IN GENERAL PARAMS USED.
      MISSING FOR    2-   5-   6-  12 (TYPE  18-123-123-  5)
          INSTEAD,                    (TYPE  18-  1-  1-  5) IN GENERAL PARAMS USED.
      MISSING FOR    2-   5-   6-  13 (TYPE  18-123-123-  5)
          INSTEAD,                    (TYPE  18-  1-  1-  5) IN GENERAL PARAMS USED.
      MISSING FOR    3-   2-   1-   7 (TYPE   7- 18-123-123)
          INSTEAD,                    (TYPE   7- 18-  1-  1) IN GENERAL PARAMS USED.
      MISSING FOR    3-   2-   1-   8 (TYPE   7- 18-123-  5)
          INSTEAD,                    (TYPE   7- 18-  1-  5) IN GENERAL PARAMS USED.
      MISSING FOR    3-   2-   1-   9 (TYPE   7- 18-123-  5)
          INSTEAD,                    (TYPE   7- 18-  1-  5) IN GENERAL PARAMS USED.
      MISSING FOR    3-   2-   5-   6 (TYPE   7- 18-123-123)
          INSTEAD,                    (TYPE   7- 18-  1-  1) IN GENERAL PARAMS USED.
      MISSING FOR    3-   2-   5-  10 (TYPE   7- 18-123-  5)
          INSTEAD,                    (TYPE   7- 18-  1-  5) IN GENERAL PARAMS USED.
      MISSING FOR    3-   2-   5-  11 (TYPE   7- 18-123-  5)
          INSTEAD,                    (TYPE   7- 18-  1-  5) IN GENERAL PARAMS USED.
      MISSING FOR    4-   2-   1-   7 (TYPE   7- 18-123-123)
          INSTEAD,                    (TYPE   7- 18-  1-  1) IN GENERAL PARAMS USED.
      MISSING FOR    4-   2-   1-   8 (TYPE   7- 18-123-  5)
          INSTEAD,                    (TYPE   7- 18-  1-  5) IN GENERAL PARAMS USED.
      MISSING FOR    4-   2-   1-   9 (TYPE   7- 18-123-  5)
          INSTEAD,                    (TYPE   7- 18-  1-  5) IN GENERAL PARAMS USED.
      MISSING FOR    4-   2-   5-   6 (TYPE   7- 18-123-123)
          INSTEAD,                    (TYPE   7- 18-  1-  1) IN GENERAL PARAMS USED.
      MISSING FOR    4-   2-   5-  10 (TYPE   7- 18-123-  5)
          INSTEAD,                    (TYPE   7- 18-  1-  5) IN GENERAL PARAMS USED.
      MISSING FOR    4-   2-   5-  11 (TYPE   7- 18-123-  5)
          INSTEAD,                    (TYPE   7- 18-  1-  5) IN GENERAL PARAMS USED.
      MISSING FOR    5-   2-   1-   7 (TYPE 123- 18-123-123) 5-MEMBERED RING
          INSTEAD,                    (TYPE   1- 18-  1-  1) IN GENERAL PARAMS USED.
      MISSING FOR    5-   2-   1-   8 (TYPE 123- 18-123-  5)
          INSTEAD,                    (TYPE   1- 18-  1-  5) IN GENERAL PARAMS USED.
      MISSING FOR    5-   2-   1-   9 (TYPE 123- 18-123-  5)
          INSTEAD,                    (TYPE   1- 18-  1-  5) IN GENERAL PARAMS USED.

        CAUTION :  24 REPLACED TORSIONAL PARAMETER(S).  SEE OUTPUT.

     =============
     BOND CONSTANT
     -------------
       MISSING FOR BOND     1-   2 (TYPE 123- 18) 5-MEMBERED RING
                INSTEAD,           (TYPE   1- 18) IN GENERAL PARAMETERS ARE USED.
       MISSING FOR BOND     2-   5 (TYPE  18-123) 5-MEMBERED RING
                INSTEAD,           (TYPE  18-  1) IN GENERAL PARAMETERS ARE USED.

     ==============
     ANGLE CONSTANT
     --------------
      MISSING FOR    2-   1-   8 (TYPE  18-123-  5) ANGLE TYPE 2
          INSTEAD,               (TYPE  18-  1-  5) IN GENERAL PARAMETERS ARE USED.
      MISSING FOR    2-   1-   9 (TYPE  18-123-  5) ANGLE TYPE 2
          INSTEAD,               (TYPE  18-  1-  5) IN GENERAL PARAMETERS ARE USED.
      MISSING FOR    1-   2-   3 (TYPE 123- 18-  7) ANGLE TYPE 1
          INSTEAD,               (TYPE   1- 18-  7) IN GENERAL PARAMETERS ARE USED.
      MISSING FOR    1-   2-   4 (TYPE 123- 18-  7) ANGLE TYPE 1
          INSTEAD,               (TYPE   1- 18-  7) IN GENERAL PARAMETERS ARE USED.
      MISSING FOR    3-   2-   5 (TYPE   7- 18-123) ANGLE TYPE 1
          INSTEAD,               (TYPE   7- 18-  1) IN GENERAL PARAMETERS ARE USED.
      MISSING FOR    4-   2-   5 (TYPE   7- 18-123) ANGLE TYPE 1
          INSTEAD,               (TYPE   7- 18-  1) IN GENERAL PARAMETERS ARE USED.
      MISSING FOR    2-   5-  10 (TYPE  18-123-  5) ANGLE TYPE 2
          INSTEAD,               (TYPE  18-  1-  5) IN GENERAL PARAMETERS ARE USED.
      MISSING FOR    2-   5-  11 (TYPE  18-123-  5) ANGLE TYPE 2
          INSTEAD,               (TYPE  18-  1-  5) IN GENERAL PARAMETERS ARE USED.

        CAUTION :   8 REPLACED BENDING PARAMETER(S).  SEE OUTPUT.

        %=%=%=%=%=%=%=%=%=%=%=%=%=%=%=%=%=%=%=%=%=%=%=%=%=%=%=

        MM4(08)-v010108: (Const:V010108-00)

        The Parameters Used in This Calculation Can be Found
        in the Publication(s) Listed in the PART 3

        %=%=%=%=%=%=%=%=%=%=%=%=%=%=%=%=%=%=%=%=%=%=%=%=%=%=%=


          DIELECTRIC CONSTANT =  1.500


      INITIAL STERIC ENERGY IS             35.5720 KCAL/MOL.

                  COMPRESSION              17.7254
                  STRETCH-STRETCH          -0.9864
                  BENDING                   7.3815
                  BEND-BEND                 0.1131
                  STRETCH-BEND             -0.0009
                  VANDERWAALS
                    1,4 ENERGY              1.1119
                    OTHER                  -0.3264
                  H-BONDING                 0.0000
                  PI-COMPLX                 0.0000
                  TORSIONAL                 7.5135
                  TORSION-STRETCH          -0.0842
                  TORSION-BEND              4.1434
                  BEND-TORSION-BEND        -0.0082
                  TORSION-IMPT              0.0000
                  IMPT-TORSION-IMPT         0.0000
                  TORSION-TORSION           0.0000
                  DIPOLE-DIPOLE             0.0000
                  CHARGE-DIPOLE             0.0000
                  IND_DIP CORR.            -1.0106
                  CHARGE-CHARGE             0.0000


      MOMENT OF INERTIA ( R(g) ) WITH THE PRINCIPAL AXES

          (1)  UNIT = 10**(-39) GM*CM**2
               IX=   23.7195    IY=   44.2025    IZ=   46.7668

          (2)  UNIT = AU A**2
               IX=  142.8624    IY=  266.2314    IZ=  281.6761


      MOLECULAR POLARIZABILITIES (A**3)

        ALPHA(1)   =      17.66
        ALPHA(2)   =      15.21
        ALPHA(3)   =      17.85
        AVG. ALPHA =      16.91


      DIPOLE MOMENT =          4.8524 D

        SIGMA-DIPOLE MOMENT =  4.8524 (X =  4.8524    Y =  0.0000    Z =  0.0001)


      DIPOLE MOMENT =          5.5547 D (INCLUDES INDUCED BOND MOMENTS)

        SIGMA-DIPOLE MOMENT =  5.5547 (X =  5.5547    Y =  0.0000    Z =  0.0000)


      OTHER MOLECULAR PROPERTIES:

        Molar Polarizability:    45.6734 cm**3/mole
        Molar Refraction:        42.6322 cm**3/mole
        Radius of Gyration:       2.3993 A
        Molecular VDW Surface:  178.8760 A**2
        Molecular VDW Volume:   160.2239 A**3
        Dispersion Energy:       -7.3013 Kcal/mole
        Density (gas):          0.004908 g/cm**3 (@  298.2 K, 1 atm)
        Density (cdn):            1.0737 g/cm**3 (@STP Estd.)
        Ref. Index (gas):       1.002617 (@  298.2 K, 1 atm)
        Ref. Index (cdn):         1.6882 (@STP Estd.)
        Diel. Constant (gas):     1.0767 (@  298.2 K, 1 atm)
        Diel. Constant (cdn):   193.2965 (@STP Estd.)



      CPU TIME FOR INITIAL CALCULATION IS     0.04 SECONDS.
 


     sulfolane-halfchair                                         


     CONFORMATIONAL ENERGY, PART 2: GEOMETRY MINIMIZATION

                            =====================
                            FULL-MATRIX OPTIMIZER
                            =====================


     iter.  rms force   max force   avg. move    max move  atom  convg  d-time

        0   30.331045  136.890289   0.01270 A   0.10000 A    4    [N]     0.0s
        1   11.255329   51.557610   0.01295 A   0.06874 A    8    [N]     0.0s
        2    0.767998    2.909404   0.00171 A   0.01105 A   12    [N]     0.0s
        3    0.013863    0.069053   0.00004 A   0.00028 A   13    [N]     0.0s
        4    0.000036    0.000110                                 [Y]     0.0s


      TOTAL ENERGY IS     14.3604 KCAL/MOL.

        COMPRESS    0.6040      VDW 1,4    0.7406      DIPL-DIPL    0.0000
        STR-STR    -0.0001        OTHER   -0.3861      CHRG-DIPL    0.0000
        BENDING     4.6381      TORSION    7.4132      CHRG-CHRG    0.0000
        BEND-BEND   0.0950      TOR-STR   -0.1806      EPR          0.0000
        STR-BEND   -0.0814      TOR-BEND   2.5562      TOR-BENBEN  -0.0146
        TOR-IMPT    0.0000      TOR-IPIP   0.0000      TORS-TORS    0.0000
        IND-DIP    -1.0241      H-BOND     0.0000      PI-COMPLX    0.0000
0     DELTA(T) =     0.0 SEC.          ELAPSED TIME =     0.0 SEC.


    * * * ENERGY IS STATIONARY WITHIN RMS OF FORCES   0.00010  Kcal/mol/A * * *

                 * * * *  RMS FORCE IS   0.00004 Kcal/mol/A * * * *

 
     sulfolane-halfchair                                         


     %=%=%=%=%=%=%=%=%=%=%=%=%=%=%=%=%=%=%=%=%=%=%=%=%=%=%=%=%=%=%=%=%=%=%=

     The Parameters Used in This Calculation Can be Found in the Following
     Publication(s):

     The MM4 Program is Developed by Dr. N. L. Allinger and co-workers at  
     the University of Georgia, Athens, Georgia 30602-2556 USA.            
     (c) Copyright 2003 by N. L. Allinger. All rights reserved.            
                                                                           
     MM4 General Description and Alkanes:                                  
      Allinger,N.L.; Chen,K.; Lii,J.-H. J. Comput. Chem. 1996, 17, 642.    

     %=%=%=%=%=%=%=%=%=%=%=%=%=%=%=%=%=%=%=%=%=%=%=%=%=%=%=%=%=%=%=%=%=%=%=

               CHEMICAL FORMULA :  C(    4)  H(    8)  O(    2)  S(    1) 
               FORMULA WEIGHT   :    120.026
                                                               DATE : 28-MAY-23

           * M M 4 * * * * * * * * * * * 2 0 0 8 *
           *                                     *   PARAMETER RELIABILITY
           *                                     *
           *                                     *   BLANK = GOOD
           *                                     *       B = FAIR
           *                                     *       C = TRIAL
           *                                     *       R = READ IN
           *                                     *       S = SUBSTITUTED
           *                                     *       U = PARAMETER NOT EXIST
           *                                     *
           *                                     *   THIS IS SHOWN AT THE END 
           *                                     *   OF THE LINE.
           * * * * * * * * * * * * * * * * * * * * 


      CONFORMATIONAL ENERGY, PART 3:  GEOMETRY AND STERIC ENERGY
                                      OF FINAL CONFORMATION.

      CONNECTED ATOMS
          1-    2-    5-    6-    7-
          1-    7-

      ATTACHED ATOMS
          1-    8,    1-    9,    2-    3,    2-    4,    5-   10,    5-   11,
          6-   12,    6-   13,    7-   14,    7-   15,

      FINAL ATOMIC COORDINATE
           ATOM          X           Y           Z      TYPE
         C(    1)     0.47566    -1.30478     0.44555   (123)
         S(    2)    -0.68793     0.00000     0.00000   ( 18)
         O(    3)    -1.37708     0.40434     1.22004   (  7)
         O(    4)    -1.37708    -0.40434    -1.22004   (  7)
         C(    5)     0.47566     1.30478    -0.44555   (123)
         C(    6)     1.83575     0.77672     0.06732   (123)
         C(    7)     1.83575    -0.77672    -0.06732   (123)
         H(    8)     0.14516    -2.24788    -0.01581   (  5)
         H(    9)     0.45086    -1.38329     1.54537   (  5)
         H(   10)     0.14516     2.24788     0.01581   (  5)
         H(   11)     0.45086     1.38329    -1.54537   (  5)
         H(   12)     1.98187     1.04893     1.13613   (  5)
         H(   13)     2.67833     1.22307    -0.50354   (  5)
         H(   14)     2.67833    -1.22307     0.50354   (  5)
         H(   15)     1.98187    -1.04893    -1.13613   (  5)

      THIS MOLECULE CONTAINS

                     1 5-MEMBERED RING(S)


          DIELECTRIC CONSTANT =  1.500


      BOND LENGTHS AND STRETCHING ENERGY   (   15 BONDS)

        ENERGY = 71.94(KS)(DR)(DR)(1-(CS)(DR)+(7/12)((CS)(DR))**2)-
                       (1/4)((CS)(DR))**3)+(31/360)((CS)(DR))**4))
                         DR =  R-RO
                         CS =  3.000 FOR X-Y BONDS
                            =  2.200 FOR X-H BONDS
                                                            R(0)-CORR        CORR
             BOND          R(g)    R(0)    K(S)  ENERGY   E-NEG  MISCEL       KS
      C(    1)- S(    2)  1.8041  1.8009  3.000  0.0022  0.0120                   S
      C(    1)- C(    7)  1.5465  1.5264  4.990  0.1369 -0.0028                    
      C(    1)- H(    8)  1.1007  1.1035  4.895  0.0028 -0.0085             0.255  
      C(    1)- H(    9)  1.1029  1.1035  4.895  0.0001 -0.0085             0.255  
      S(    2)- O(    3)  1.4584  1.4595 10.000  0.0009                           C
      S(    2)- O(    4)  1.4584  1.4595 10.000  0.0009                           C
      S(    2)- C(    5)  1.8041  1.8009  3.000  0.0022  0.0120                   S
      C(    5)- C(    6)  1.5465  1.5264  4.990  0.1369 -0.0028                    
      C(    5)- H(   10)  1.1007  1.1035  4.895  0.0028 -0.0085             0.255  
      C(    5)- H(   11)  1.1029  1.1035  4.895  0.0001 -0.0085             0.255  
      C(    6)- C(    7)  1.5593  1.5283  4.990  0.3140 -0.0009                    
      C(    6)- H(   12)  1.1126  1.1103  4.691  0.0017 -0.0017             0.051  
      C(    6)- H(   13)  1.1113  1.1103  4.691  0.0004 -0.0017             0.051  
      C(    7)- H(   14)  1.1113  1.1103  4.691  0.0004 -0.0017             0.051  
      C(    7)- H(   15)  1.1126  1.1103  4.691  0.0017 -0.0017             0.051  


      NON-BONDED DISTANCES, VDW AND EPR ENERGY   (    60 PAIRS)

              E(VDW) = KV*(1.84(10**5)EXP(-12.00/P) - 2.25(P**6))
              E(EPR) = C*KV*(1.84(10**5)EXP(-12.00/Q) - 2.25(Q**6))
              E(HBD) = EP1-EP2*F(THET1,THET2)*RTH/RTH0
                            EP1 = KHB*2.76(10**5)*EXP(-12.0/P)
                            EP2 = KHB*2.25(P**6)
                              F = FAC*(1+COS(THET1)^N*(1+COS(THET2))^N

            IF P > 3.020, THEN,
              E(VDW) = KV(192.270)(P**2)
              E(HBD) = EP1-EP2*F(THET1,THET2)*RTH/RTH0
                            EP1 = KHB*569.14*P**2
                            EP2 = KHB*187.16*P**2

                       RV = RVDW(I) + RVDW(K)
                       KV = SQRT(EPS(I)*EPS(K))
                      KHB = HYDROGEN BOND ENERGY PARAMETER
                        P = (RV/R) OR (RV/R#)
                        C = SCALE FACTOR
                        Q = RV/R, WHERE R IS MODIFIED DISTANCE
                        N = 1 WHEN Y IS NITROGEN, AND 2 FOR OTHERS
                      FAC = 1/4 WHEN N=1, AND 1/16 WHEN N=2
                    THET1 = ANGLE H-X-Y IN HYDROGEN BOND X-H...Y
                    THET2 = ANGLE X-Y-LP IN HYDROGEN BOND X...Y-LP
                      RTH = BOND LENGTH X-H IN X-H...Y
                     RTH0 = NATURAL BOND LENGTH X-H

          # IN THE VDW CALCULATIONS THE HYDROGEN ATOMS ARE RELOCATED
          SO THAT THE ATTACHED HYDROGEN DISTANCE IS REDUCED BY 0.940

          # IN THE VDW CALCULATIONS THE DEUTERIUM ATOMS ARE RELOCATED
          SO THAT THE ATTACHED DEUTERIUM DISTANCE IS REDUCED BY  0.940

           ATOM PAIR          R       R#       RV      KV       ENERGY
      C(    1), O(    3)   2.6370
      C(    1), O(    4)   2.6491
      C(    1), C(    5)   2.7575
      C(    1), C(    6)   2.5151
      C(    1), H(   10)   3.5938   3.5395   3.440   0.0240    -0.0263  1,4   B
      C(    1), H(   11)   3.3452   3.3025   3.440   0.0240    -0.0251  1,4   B
      C(    1), H(   12)   2.8785   2.8457   3.440   0.0240     0.0472  1,4   B
      C(    1), H(   13)   3.4846   3.4240   3.440   0.0240    -0.0268  1,4   B
      C(    1), H(   14)   2.2049
      C(    1), H(   15)   2.1990
      S(    2), C(    6)   2.6414
      S(    2), C(    7)   2.6414
      S(    2), H(    8)   2.3973
      S(    2), H(    9)   2.3661
      S(    2), H(   10)   2.3973
      S(    2), H(   11)   2.3661
      S(    2), H(   12)   3.0853   3.0490   3.730   0.0577     0.1482  1,4   C
      S(    2), H(   13)   3.6168   3.5560   3.730   0.0577    -0.0588  1,4   C
      S(    2), H(   14)   3.6168   3.5560   3.730   0.0577    -0.0588  1,4   C
      S(    2), H(   15)   3.0853   3.0490   3.730   0.0577     0.1482  1,4   C
      O(    3), O(    4)   2.5706
      O(    3), C(    5)   2.6491
      O(    3), C(    6)   3.4336            3.720   0.0471    -0.0373  1,4   B
      O(    3), C(    7)   3.6571            3.720   0.0471    -0.0522  1,4   B
      O(    3), H(    8)   3.2983   3.2519   2.850   0.1200    -0.0974  1,4    
      O(    3), H(    9)   2.5774   2.5677   2.850   0.1200    -0.0595  1,4    
      O(    3), H(   10)   2.6769   2.6625   2.850   0.1200    -0.1074  1,4    
      O(    3), H(   11)   3.4565   3.4033   2.850   0.1200    -0.0799  1,4    
      O(    3), H(   12)   3.4213   3.4118   2.850   0.1200    -0.0790         
      O(    3), H(   13)   4.4819   4.4181   2.850   0.1200    -0.0193         
      O(    3), H(   14)   4.4281   4.3777   2.850   0.1200    -0.0203         
      O(    3), H(   15)   4.3527   4.3060   2.850   0.1200    -0.0224         
      O(    4), C(    5)   2.6370
      O(    4), C(    6)   3.6571            3.720   0.0471    -0.0522  1,4   B
      O(    4), C(    7)   3.4336            3.720   0.0471    -0.0373  1,4   B
      O(    4), H(    8)   2.6769   2.6625   2.850   0.1200    -0.1074  1,4    
      O(    4), H(    9)   3.4565   3.4033   2.850   0.1200    -0.0799  1,4    
      O(    4), H(   10)   3.2983   3.2519   2.850   0.1200    -0.0974  1,4    
      O(    4), H(   11)   2.5774   2.5677   2.850   0.1200    -0.0595  1,4    
      O(    4), H(   12)   4.3527   4.3060   2.850   0.1200    -0.0224         
      O(    4), H(   13)   4.4281   4.3777   2.850   0.1200    -0.0203         
      O(    4), H(   14)   4.4819   4.4181   2.850   0.1200    -0.0193         
      O(    4), H(   15)   3.4213   3.4118   2.850   0.1200    -0.0790         
      C(    5), C(    7)   2.5151
      C(    5), H(    8)   3.5938   3.5395   3.440   0.0240    -0.0263  1,4   B
      C(    5), H(    9)   3.3452   3.3025   3.440   0.0240    -0.0251  1,4   B
      C(    5), H(   12)   2.1990
      C(    5), H(   13)   2.2049
      C(    5), H(   14)   3.4846   3.4240   3.440   0.0240    -0.0268  1,4   B
      C(    5), H(   15)   2.8785   2.8457   3.440   0.0240     0.0472  1,4   B
      C(    6), H(    8)   3.4660   3.4064   3.440   0.0240    -0.0268  1,4   B
      C(    6), H(    9)   2.9611   2.9246   3.440   0.0240     0.0208  1,4   B
      C(    6), H(   10)   2.2417
      C(    6), H(   11)   2.2106
      C(    6), H(   14)   2.2135
      C(    6), H(   15)   2.1915
      C(    7), H(    8)   2.2417
      C(    7), H(    9)   2.2106
      C(    7), H(   10)   3.4660   3.4064   3.440   0.0240    -0.0268  1,4   B
      C(    7), H(   11)   2.9611   2.9246   3.440   0.0240     0.0208  1,4   B
      C(    7), H(   12)   2.1915
      C(    7), H(   13)   2.2135
      H(    8), H(    9)   1.8106
      H(    8), H(   10)   4.4959   4.3826   3.280   0.0170    -0.0064         
      H(    8), H(   11)   3.9520   3.8795   3.280   0.0170    -0.0118         
      H(    8), H(   12)   3.9458   3.8453   3.280   0.0170    -0.0123         
      H(    8), H(   13)   4.3246   4.2157   3.280   0.0170    -0.0079         
      H(    8), H(   14)   2.7815   2.6953   3.280   0.0170     0.0390  1,4    
      H(    8), H(   15)   2.4629   2.4055   3.280   0.0170     0.2253  1,4    
      H(    9), H(   10)   3.9520   3.8795   3.280   0.0170    -0.0118         
      H(    9), H(   11)   4.1481   4.0443   3.280   0.0170    -0.0097         
      H(    9), H(   12)   2.9030   2.8797   3.280   0.0170    -0.0004         
      H(    9), H(   13)   3.9941   3.8935   3.280   0.0170    -0.0116         
      H(    9), H(   14)   2.4643   2.4054   3.280   0.0170     0.2255  1,4    
      H(    9), H(   15)   3.1058   2.9903   3.280   0.0170    -0.0112  1,4    
      H(   10), H(   11)   1.8106
      H(   10), H(   12)   2.4629   2.4055   3.280   0.0170     0.2253  1,4    
      H(   10), H(   13)   2.7815   2.6953   3.280   0.0170     0.0390  1,4    
      H(   10), H(   14)   4.3246   4.2157   3.280   0.0170    -0.0079         
      H(   10), H(   15)   3.9458   3.8453   3.280   0.0170    -0.0123         
      H(   11), H(   12)   3.1058   2.9903   3.280   0.0170    -0.0112  1,4    
      H(   11), H(   13)   2.4643   2.4054   3.280   0.0170     0.2255  1,4    
      H(   11), H(   14)   3.9941   3.8935   3.280   0.0170    -0.0116         
      H(   11), H(   15)   2.9030   2.8797   3.280   0.0170    -0.0004         
      H(   12), H(   13)   1.7899
      H(   12), H(   14)   2.4591   2.4000   3.280   0.0170     0.2316  1,4    
      H(   12), H(   15)   3.0926   2.9769   3.280   0.0170    -0.0102  1,4    
      H(   13), H(   14)   2.6453   2.5701   3.280   0.0170     0.0928  1,4    
      H(   13), H(   15)   2.4591   2.4000   3.280   0.0170     0.2316  1,4    
      H(   14), H(   15)   1.7899


      BOND ANGLES, BENDING AND STRETCH-BEND ENERGIES   (   30 ANGLES)

          EB = 0.02191418(KB)(DT)(DT)(1+CF*DT+QF*DT**2+PF*DT**3+SF*DT**4)
                          DT = THETA-TZERO
                          CF = -1800.000E-5
                          QF =     7.200E-5
                          PF =     0.135E-5
                          SF =     0.004E-6
          ESS =  143.88(KSTST)(DR1)(DR2)
          ESB =  2.51118(KSB)(DT)(DR1+DR2)
          EBB = -0.02191418(KBB)(DT1)(DT2)
                          DR1 = R1 - R1(0)
                          DR2 = R2 - R2(0)

               A T O M S             THETA    TZERO     KB     EB    KSB   ESB   KSS   ESS
      S(    2)- C(    1)- C(    7)  103.790  110.000  0.870  0.8191 0.18-0.0655             C
      S(    2)- C(    1)- H(    8)  108.814  105.100  0.750  0.2118 0.14 0.0005             S
      S(    2)- C(    1)- H(    9)  106.455  105.100  0.750  0.0294 0.14 0.0013             S
      C(    7)- C(    1)- H(    8)  114.685  109.470  0.630  0.3410 0.10 0.0227              
      C(    7)- C(    1)- H(    9)  112.011  109.470  0.630  0.0851 0.10 0.0125              
      H(    8)- C(    1)- H(    9)  110.502  107.800  0.620  0.0944                          
      C(    1)- S(    2)- O(    3)  107.379  106.700  1.200  0.0120 0.14 0.0005             S
      C(    1)- S(    2)- O(    4)  108.111  106.700  1.200  0.0510 0.14 0.0011             S
      C(    1)- S(    2)- C(    5)   99.675  106.200  0.850  0.8883 0.28-0.0296             C
      O(    3)- S(    2)- O(    4)  123.601  120.500  1.385  0.2758 0.14-0.0024-0.40-0.0001 C
      O(    3)- S(    2)- C(    5)  108.111  106.700  1.200  0.0510 0.14 0.0011             S
      O(    4)- S(    2)- C(    5)  107.379  106.700  1.200  0.0120 0.14 0.0005             S
      S(    2)- C(    5)- C(    6)  103.790  110.000  0.870  0.8191 0.18-0.0655             C
      S(    2)- C(    5)- H(   10)  108.814  105.100  0.750  0.2118 0.14 0.0005             S
      S(    2)- C(    5)- H(   11)  106.455  105.100  0.750  0.0294 0.14 0.0013             S
      C(    6)- C(    5)- H(   10)  114.685  109.470  0.630  0.3410 0.10 0.0227              
      C(    6)- C(    5)- H(   11)  112.011  109.470  0.630  0.0851 0.10 0.0125              
      H(   10)- C(    5)- H(   11)  110.502  107.800  0.620  0.0944                          
      C(    5)- C(    6)- C(    7)  108.152  109.000  0.740  0.0118 0.18-0.0196              
      C(    5)- C(    6)- H(   12)  110.520  109.470  0.630  0.0149 0.10 0.0059              
      C(    5)- C(    6)- H(   13)  111.057  109.470  0.630  0.0338 0.10 0.0084              
      C(    7)- C(    6)- H(   12)  109.069  109.470  0.630  0.0022 0.10-0.0033              
      C(    7)- C(    6)- H(   13)  110.842  109.470  0.630  0.0253 0.10 0.0110              
      H(   12)- C(    6)- H(   13)  107.195  107.800  0.620  0.0050                          
      C(    1)- C(    7)- C(    6)  108.152  109.000  0.740  0.0118 0.18-0.0196              
      C(    1)- C(    7)- H(   14)  111.057  109.470  0.630  0.0338 0.10 0.0084              
      C(    1)- C(    7)- H(   15)  110.520  109.470  0.630  0.0149 0.10 0.0059              
      C(    6)- C(    7)- H(   14)  110.842  109.470  0.630  0.0253 0.10 0.0110              
      C(    6)- C(    7)- H(   15)  109.069  109.470  0.630  0.0022 0.10-0.0033              
      H(   14)- C(    7)- H(   15)  107.195  107.800  0.620  0.0050                          


     DIHEDRAL ANGLES, TORSIONAL ENERGY (ET)   (    45 ANGLES)

           ET = (V1/2)(1+COS(W))+(V2/2)(1-COS(2W))+(V3/2)(1+COS(3W))+
                                 (V4/2)(1-COS(4W))+(V6/2)(1+COS(6W))
         EBTB =  0.043828*(KBTB)(DTH1)(COS(W))(DTH2)
         ETS1 = -0.5*(RC-RC0)[KTSC1*(1+COS(W))+KTSC2*(1-COS(2W))+KTSC3*(1+COS(3W))]
         ETS2 = -0.5*(RT-RT0)[KTST1*(1+COS(W))+KTST2*(1-COS(2W))+KTST3*(1+COS(3W))]
          ETB =  2.51124*(DTH)[KTB1(1+COS(W))+KTB2*(1-COS(2W))+KTB3*(1+COS(3W))]
                      RC   = CENTRAL BOND LENGTH
                      RT   = TERMINAL BOND LENGTH
                      DTH1 = THETA1 - TZERO1
                      DTH2 = THETA2 - TZERO2

           SIGN OF ANGLE A-B-C-D : WHEN LOOKING THROUGH B TOWARD C,
           IF D IS COUNTERCLOCKWISE FROM A, NEGATIVE.

                A T O M S                OMEGA    V1     V2     V3     V4     V6     E    KBTB   EBTB
    C(    1) S(    2) C(    5) C(    6)  -12.1  0.477 -0.188 -0.753  0.059  0.010 -0.200              S
       TYPE-1-TS                         0.000  0.000  3.000                      -0.009
       TORS-BEND   -0.015 -0.009  0.000                       0.000  0.000  0.000  0.499
    C(    1) S(    2) C(    5) H(   10) -134.6  0.000  0.000  0.347  0.000 -0.015  0.291              S
       TYPE-1-TS                         0.000  0.000  2.000                      -0.006
       TORS-BEND   -0.012 -0.007  0.000                       0.000  0.000 -0.001  0.159
    C(    1) S(    2) C(    5) H(   11)  106.3  0.000  0.000  0.347  0.000 -0.015  0.295              S
       TYPE-1-TS                         0.000  0.000  2.000                      -0.006
       TORS-BEND   -0.012 -0.007  0.000                       0.000  0.000 -0.001  0.347
    C(    1) C(    7) C(    6) C(    5)  -44.5 -0.150  0.000  0.160  0.000  0.000 -0.104 -0.030 -0.001 
       TYPE-1-TS                         0.000  0.000  0.840                      -0.004
    C(    1) C(    7) C(    6) H(   12)   75.7  0.000  0.000  0.290  0.000  0.000  0.046 -0.010  0.000 
       TYPE-1-TS                         0.000  0.000  0.840                      -0.004
    C(    1) C(    7) C(    6) H(   13) -166.5  0.000  0.000  0.290  0.000  0.000  0.035 -0.010  0.000 
       TYPE-1-TS                         0.000  0.000  0.840                      -0.003
    S(    2) C(    1) C(    7) C(    6)   33.1  1.037 -0.621  0.187 -0.056 -0.011  0.800              S
       TYPE-1-TS                         0.000  0.000  0.700                      -0.006
       TYPE-2-TS    0.000  0.000 -2.000                       0.000  0.000  0.000  0.000
       TORS-BEND   -0.004 -0.006  0.000                       0.000  0.000  0.000  0.170
    S(    2) C(    1) C(    7) H(   14)  154.9  0.000  0.000  0.092  0.000  0.000  0.034              S
       TYPE-1-TS                         0.000  0.000  0.840                      -0.006
       TORS-BEND    0.000  0.000  0.001                      -0.004 -0.006  0.000 -0.022
    S(    2) C(    1) C(    7) H(   15)  -86.3  0.000  0.000  0.092  0.000  0.000  0.037              S
       TYPE-1-TS                         0.000  0.000  0.840                      -0.007
       TORS-BEND    0.000  0.000  0.001                      -0.004 -0.006  0.000 -0.055
    S(    2) C(    5) C(    6) C(    7)   33.1  1.037 -0.621  0.187 -0.056 -0.011  0.800              S
       TYPE-1-TS                         0.000  0.000  0.700                      -0.006
       TYPE-2-TS    0.000  0.000 -2.000                       0.000  0.000  0.000  0.000
       TORS-BEND   -0.004 -0.006  0.000                       0.000  0.000  0.000  0.170
    S(    2) C(    5) C(    6) H(   12)  -86.3  0.000  0.000  0.092  0.000  0.000  0.037              S
       TYPE-1-TS                         0.000  0.000  0.840                      -0.007
       TORS-BEND    0.000  0.000  0.001                      -0.004 -0.006  0.000 -0.055
    S(    2) C(    5) C(    6) H(   13)  154.9  0.000  0.000  0.092  0.000  0.000  0.034              S
       TYPE-1-TS                         0.000  0.000  0.840                      -0.006
       TORS-BEND    0.000  0.000  0.001                      -0.004 -0.006  0.000 -0.022
    O(    3) S(    2) C(    1) C(    7) -124.7  0.000  0.000  0.340  0.000  0.000  0.335              S
    O(    3) S(    2) C(    1) H(    8)  112.8  0.000  0.000  0.340  0.000  0.000  0.328              S
       TORS-BEND    0.015  0.000  0.000                       0.000  0.000  0.000  0.016
    O(    3) S(    2) C(    1) H(    9)   -6.3  0.000  0.000  0.340  0.000  0.000  0.331              S
       TORS-BEND    0.015  0.000  0.000                       0.000  0.000  0.000  0.051
    O(    3) S(    2) C(    5) C(    6)   99.9  0.000  0.000  0.340  0.000  0.000  0.254              S
    O(    3) S(    2) C(    5) H(   10)  -22.6  0.000  0.000  0.340  0.000  0.000  0.234              S
       TORS-BEND    0.015  0.000  0.000                       0.000  0.000  0.000  0.102
    O(    3) S(    2) C(    5) H(   11) -141.7  0.000  0.000  0.340  0.000  0.000  0.241              S
       TORS-BEND    0.015  0.000  0.000                       0.000  0.000  0.000  0.011
    O(    4) S(    2) C(    1) C(    7)   99.9  0.000  0.000  0.340  0.000  0.000  0.254              S
    O(    4) S(    2) C(    1) H(    8)  -22.6  0.000  0.000  0.340  0.000  0.000  0.234              S
       TORS-BEND    0.015  0.000  0.000                       0.000  0.000  0.000  0.102
    O(    4) S(    2) C(    1) H(    9) -141.7  0.000  0.000  0.340  0.000  0.000  0.241              S
       TORS-BEND    0.015  0.000  0.000                       0.000  0.000  0.000  0.011
    O(    4) S(    2) C(    5) C(    6) -124.7  0.000  0.000  0.340  0.000  0.000  0.335              S
    O(    4) S(    2) C(    5) H(   10)  112.8  0.000  0.000  0.340  0.000  0.000  0.328              S
       TORS-BEND    0.015  0.000  0.000                       0.000  0.000  0.000  0.016
    O(    4) S(    2) C(    5) H(   11)   -6.3  0.000  0.000  0.340  0.000  0.000  0.331              S
       TORS-BEND    0.015  0.000  0.000                       0.000  0.000  0.000  0.051
    C(    5) S(    2) C(    1) C(    7)  -12.1  0.477 -0.188 -0.753  0.059  0.010 -0.200              S
       TYPE-1-TS                         0.000  0.000  3.000                      -0.009
       TORS-BEND   -0.015 -0.009  0.000                       0.000  0.000  0.000  0.499
    C(    5) S(    2) C(    1) H(    8) -134.6  0.000  0.000  0.347  0.000 -0.015  0.291              S
       TYPE-1-TS                         0.000  0.000  2.000                      -0.006
       TORS-BEND   -0.012 -0.007  0.000                       0.000  0.000 -0.001  0.159
    C(    5) S(    2) C(    1) H(    9)  106.3  0.000  0.000  0.347  0.000 -0.015  0.295              S
       TYPE-1-TS                         0.000  0.000  2.000                      -0.006
       TORS-BEND   -0.012 -0.007  0.000                       0.000  0.000 -0.001  0.347
    C(    5) C(    6) C(    7) H(   14) -166.5  0.000  0.000  0.290  0.000  0.000  0.035 -0.010  0.000 
       TYPE-1-TS                         0.000  0.000  0.840                      -0.003
    C(    5) C(    6) C(    7) H(   15)   75.7  0.000  0.000  0.290  0.000  0.000  0.046 -0.010  0.000 
       TYPE-1-TS                         0.000  0.000  0.840                      -0.004
    C(    6) C(    7) C(    1) H(    8)  151.6  0.000  0.000  0.290  0.000  0.000  0.133 -0.010 -0.002 
       TYPE-1-TS                         0.000  0.000  0.840                      -0.008
    C(    6) C(    7) C(    1) H(    9)  -81.4  0.000  0.000  0.290  0.000  0.000  0.082 -0.010  0.000 
       TYPE-1-TS                         0.000  0.000  0.840                      -0.005
    C(    7) C(    6) C(    5) H(   10)  151.6  0.000  0.000  0.290  0.000  0.000  0.133 -0.010 -0.002 
       TYPE-1-TS                         0.000  0.000  0.840                      -0.008
    C(    7) C(    6) C(    5) H(   11)  -81.4  0.000  0.000  0.290  0.000  0.000  0.082 -0.010  0.000 
       TYPE-1-TS                         0.000  0.000  0.840                      -0.005
    H(    8) C(    1) C(    7) H(   14)  -86.5  0.000  0.000  0.300  0.000  0.000  0.123 -0.020  0.000 
       TYPE-1-TS                         0.000  0.000  0.840                      -0.007
    H(    8) C(    1) C(    7) H(   15)   32.3  0.000  0.000  0.300  0.000  0.000  0.132 -0.020 -0.004 
       TYPE-1-TS                         0.000  0.000  0.840                      -0.007
    H(    9) C(    1) C(    7) H(   14)   40.4  0.000  0.000  0.300  0.000  0.000  0.072 -0.020 -0.003 
       TYPE-1-TS                         0.000  0.000  0.840                      -0.004
    H(    9) C(    1) C(    7) H(   15)  159.3  0.000  0.000  0.300  0.000  0.000  0.080 -0.020  0.002 
       TYPE-1-TS                         0.000  0.000  0.840                      -0.005
    H(   10) C(    5) C(    6) H(   12)   32.3  0.000  0.000  0.300  0.000  0.000  0.132 -0.020 -0.004 
       TYPE-1-TS                         0.000  0.000  0.840                      -0.007
    H(   10) C(    5) C(    6) H(   13)  -86.5  0.000  0.000  0.300  0.000  0.000  0.123 -0.020  0.000 
       TYPE-1-TS                         0.000  0.000  0.840                      -0.007
    H(   11) C(    5) C(    6) H(   12)  159.3  0.000  0.000  0.300  0.000  0.000  0.080 -0.020  0.002 
       TYPE-1-TS                         0.000  0.000  0.840                      -0.005
    H(   11) C(    5) C(    6) H(   13)   40.4  0.000  0.000  0.300  0.000  0.000  0.072 -0.020 -0.003 
       TYPE-1-TS                         0.000  0.000  0.840                      -0.004
    H(   12) C(    6) C(    7) H(   14)  -46.2  0.000  0.000  0.300  0.000  0.000  0.037 -0.020  0.000 
       TYPE-1-TS                         0.000  0.000  0.840                      -0.003
    H(   12) C(    6) C(    7) H(   15) -164.0  0.000  0.000  0.300  0.000  0.000  0.049 -0.020  0.000 
       TYPE-1-TS                         0.000  0.000  0.840                      -0.004
    H(   13) C(    6) C(    7) H(   14)   71.6  0.000  0.000  0.300  0.000  0.000  0.027 -0.020 -0.001 
       TYPE-1-TS                         0.000  0.000  0.840                      -0.002
    H(   13) C(    6) C(    7) H(   15)  -46.2  0.000  0.000  0.300  0.000  0.000  0.037 -0.020  0.000 
       TYPE-1-TS                         0.000  0.000  0.840                      -0.003


 ==============================================================================
                        NORMAL MODE VIBRATIONAL ANALYSIS
 ==============================================================================


             Molecular Shape : ASYMMETRIC ROTOR WITH KAPPA =-0.821504
        Symmetry Point Group : C2  
             Symmetry Number :  2
                   Chirality : yes



0       FUNDAMENTAL NORMAL VIBRATIONAL FREQUENCIES
                ( THEORETICALLY  39 VALUES )

             Frequency :  in 1/cm
             A(i)      :  IR intensity (vs,s,m,w,vw,-- or in 10**6 cm/mole)
             A(i) = -- :  IR inactive


             no       Frequency   Symmetry      A(i)

             1.          3041.1     (B   )        s
             2.          3040.9     (A   )        w
             3.          2975.1     (A   )        w
             4.          2974.3     (B   )        m
             5.          2943.0     (B   )        m
             6.          2940.2     (A   )        m
             7.          2894.7     (A   )        m
             8.          2885.3     (B   )        m
             9.          1512.8     (A   )        w
            10.          1508.1     (B   )        w
            11.          1433.8     (A   )        w
            12.          1433.3     (B   )        w
            13.          1421.6     (B   )        m
            14.          1406.7     (A   )        w
            15.          1387.6     (B   )        m
            16.          1228.6     (A   )        w
            17.          1227.5     (B   )       vw
            18.          1204.9     (B   )        w
            19.          1203.4     (A   )        w
            20.          1149.2     (A   )        w
            21.          1123.7     (B   )        w
            22.          1123.6     (A   )        w
            23.          1029.2     (A   )        w
            24.          1016.4     (A   )        w
            25.           964.7     (B   )        w
            26.           901.4     (B   )        w
            27.           856.3     (A   )        w
            28.           843.7     (B   )        w
            29.           788.6     (A   )       vw
            30.           733.4     (B   )        w
            31.           682.8     (A   )       vw
            32.           523.0     (B   )        w
            33.           516.9     (A   )        m
            34.           401.0     (B   )        w
            35.           373.3     (A   )        w
            36.           359.8     (B   )        m
            37.           358.6     (A   )        w
            38.           243.1     (A   )       vw
            39.            97.2     (B   )        w
            40.     (       0.0)    (t/r )
            41.     (       0.0)    (t/r )
            42.     (       0.0)    (t/r )
            43.     (       0.0)    (t/r )
            44.     (       0.0)    (t/r )
            45.     (       0.0)    (t/r )


0       CORRESPONDING EIGEN VECTOR MATRIX   45 BY  45



 (  1)
     0.013    0.038    0.051    0.000    0.000    0.000    0.000    0.000
     0.000    0.000    0.000    0.000   -0.013    0.038    0.051    0.000
     0.000    0.001    0.000    0.000    0.001   -0.161   -0.475   -0.220
     0.006    0.030   -0.381    0.161   -0.475   -0.220   -0.006    0.030
    -0.381   -0.008   -0.001   -0.016    0.007    0.002   -0.002   -0.007
     0.002   -0.002    0.008   -0.001   -0.016

 (  2)
    -0.013   -0.038   -0.050    0.000    0.000    0.000    0.000    0.000
     0.000    0.000    0.000    0.000   -0.013    0.038    0.050    0.001
     0.000    0.001    0.001    0.000   -0.001    0.163    0.478    0.222
    -0.006   -0.029    0.376    0.163   -0.478   -0.221   -0.006    0.029
    -0.376   -0.008    0.000   -0.013    0.002   -0.001    0.001    0.002
     0.001   -0.001   -0.008    0.000    0.013

 (  3)
     0.012    0.036   -0.035    0.001    0.000    0.000    0.000    0.000
     0.000    0.000    0.000    0.000    0.012   -0.036    0.035   -0.006
    -0.001    0.001   -0.006    0.001   -0.001   -0.115   -0.340   -0.143
    -0.016   -0.065    0.554   -0.115    0.339    0.143   -0.016    0.065
    -0.554    0.002    0.004    0.008    0.048    0.022   -0.026    0.048
    -0.022    0.026    0.002   -0.004   -0.008

 (  4)
    -0.012   -0.036    0.035    0.000    0.000    0.000    0.000    0.000
     0.000    0.000    0.000    0.000    0.012   -0.036    0.035   -0.005
    -0.001    0.000    0.005   -0.001    0.000    0.118    0.346    0.146
     0.016    0.064   -0.550   -0.118    0.346    0.146   -0.016    0.064
    -0.551    0.002    0.003    0.008    0.040    0.017   -0.021   -0.040
     0.017   -0.021   -0.002    0.003    0.008

 (  5)
     0.000    0.001   -0.003    0.000    0.000    0.000    0.000    0.000
     0.000    0.000    0.000    0.000    0.000    0.001   -0.003   -0.029
    -0.009    0.056    0.029   -0.009    0.056   -0.004   -0.005   -0.001
     0.005   -0.002    0.034    0.004   -0.005   -0.001   -0.005   -0.002
     0.034   -0.057   -0.112   -0.410    0.391    0.210   -0.258   -0.391
     0.210   -0.258    0.057   -0.112   -0.410

 (  6)
     0.000    0.001   -0.003    0.000    0.000    0.000    0.000    0.000
     0.000    0.000    0.000    0.000    0.000   -0.001    0.003    0.031
     0.012   -0.055    0.031   -0.012    0.055   -0.008   -0.016   -0.006
     0.005   -0.003    0.040   -0.008    0.016    0.006    0.005    0.003
    -0.040    0.051    0.087    0.373   -0.415   -0.221    0.273   -0.415
     0.221   -0.273    0.051   -0.087   -0.373

 (  7)
     0.001   -0.002    0.001    0.000    0.000    0.000    0.000    0.000
     0.000    0.000    0.000    0.000    0.001    0.002   -0.001   -0.035
    -0.029   -0.030   -0.035    0.029    0.030    0.006    0.029    0.015
     0.002    0.004   -0.029    0.006   -0.029   -0.015    0.002   -0.004
     0.029    0.094    0.147    0.523    0.305    0.172   -0.181    0.305
    -0.172    0.181    0.094   -0.147   -0.523

 (  8)
     0.001   -0.002    0.001    0.000    0.000    0.000    0.000    0.000
     0.000    0.000    0.000    0.000   -0.001   -0.002    0.001    0.038
     0.027    0.025   -0.038    0.027    0.025    0.005    0.025    0.013
     0.001    0.003   -0.027   -0.005    0.025    0.013   -0.001    0.003
    -0.027   -0.091   -0.141   -0.494   -0.340   -0.179    0.204    0.340
    -0.179    0.204    0.091   -0.141   -0.494

 (  9)
    -0.008   -0.007    0.003   -0.001    0.000    0.000    0.000    0.000
     0.000    0.000    0.000    0.000   -0.008    0.007   -0.003    0.047
     0.039    0.016    0.047   -0.039   -0.016    0.010    0.003   -0.042
     0.019    0.039    0.010    0.010   -0.003    0.042    0.019   -0.039
    -0.010   -0.380   -0.236    0.176   -0.108   -0.148   -0.423   -0.108
     0.148    0.423   -0.380    0.236   -0.176

 ( 10)
    -0.013   -0.009    0.004    0.000    0.000    0.000    0.000    0.000
     0.000    0.000    0.000    0.000    0.013   -0.009    0.004   -0.063
    -0.013   -0.023    0.063   -0.013   -0.023    0.007   -0.002   -0.039
     0.021    0.034    0.012   -0.007   -0.002   -0.039   -0.021    0.034
     0.012    0.411    0.179   -0.167    0.158    0.065    0.419   -0.158
     0.065    0.419   -0.411    0.179   -0.167

 ( 11)
     0.027    0.058   -0.021    0.002    0.000    0.000   -0.002    0.001
     0.001   -0.002   -0.001   -0.001    0.027   -0.058    0.021   -0.036
     0.074   -0.015   -0.036   -0.074    0.015    0.013   -0.080    0.332
    -0.102   -0.379   -0.079    0.013    0.080   -0.332   -0.102    0.379
     0.079    0.096   -0.214    0.042    0.089   -0.127    0.006    0.089
     0.127   -0.006    0.096    0.214   -0.042

 ( 12)
    -0.012   -0.042    0.008    0.000    0.025    0.079    0.038   -0.024
    -0.071   -0.038   -0.024   -0.071    0.012   -0.042    0.008   -0.015
     0.018    0.001    0.015    0.018    0.001    0.029    0.065   -0.284
     0.031    0.370    0.059   -0.029    0.065   -0.284   -0.031    0.369
     0.059   -0.003   -0.086    0.028    0.013   -0.083   -0.037   -0.013
    -0.083   -0.037    0.003   -0.086    0.028

 ( 13)
     0.020    0.033   -0.024    0.000    0.027    0.082    0.041   -0.025
    -0.078   -0.041   -0.025   -0.078   -0.020    0.033   -0.024    0.025
    -0.028    0.001   -0.025   -0.028    0.001    0.028   -0.091    0.269
    -0.137   -0.252   -0.065   -0.028   -0.091    0.269    0.137   -0.252
    -0.065   -0.002    0.114   -0.034   -0.029    0.127    0.039    0.029
     0.127    0.039    0.002    0.114   -0.034

 ( 14)
    -0.016    0.010   -0.011    0.007    0.000    0.000   -0.002    0.001
     0.003   -0.002   -0.001   -0.003   -0.016   -0.010    0.011    0.046
    -0.097    0.030    0.046    0.097   -0.030   -0.031   -0.110    0.267
    -0.042   -0.295   -0.047   -0.031    0.110   -0.267   -0.042    0.295
     0.047   -0.206    0.280   -0.030   -0.152    0.127   -0.079   -0.152
    -0.127    0.079   -0.206   -0.280    0.030

 ( 15)
    -0.026    0.001   -0.006    0.000    0.005    0.011    0.006   -0.004
    -0.012   -0.006   -0.004   -0.012    0.026    0.001   -0.006   -0.077
     0.077   -0.009    0.077    0.077   -0.009   -0.016   -0.087    0.177
    -0.002   -0.190   -0.026    0.016   -0.087    0.177    0.002   -0.190
    -0.026    0.115   -0.323    0.068    0.132   -0.352   -0.031   -0.132
    -0.352   -0.031   -0.115   -0.323    0.068

 ( 16)
    -0.085    0.020   -0.009    0.018    0.000    0.000   -0.008    0.005
     0.015   -0.008   -0.005   -0.015   -0.085   -0.020    0.009    0.024
     0.025    0.019    0.024   -0.025   -0.019    0.153   -0.053   -0.032
     0.239   -0.048   -0.011    0.153    0.053    0.032    0.239    0.048
     0.011   -0.102    0.236   -0.011    0.289   -0.359    0.102    0.289
     0.359   -0.102   -0.102   -0.236    0.011

 ( 17)
     0.047   -0.015    0.034    0.000    0.003   -0.004   -0.001    0.002
     0.004    0.001    0.002    0.004   -0.047   -0.015    0.034    0.000
     0.007   -0.036    0.000    0.007   -0.036   -0.018    0.023    0.006
    -0.274    0.028    0.037    0.018    0.023    0.006    0.274    0.028
     0.037   -0.272    0.308   -0.081    0.254   -0.340    0.060   -0.254
    -0.340    0.060    0.272    0.308   -0.081

 ( 18)
     0.107   -0.024   -0.028    0.000    0.000   -0.006   -0.008    0.006
     0.012    0.008    0.006    0.012   -0.107   -0.024   -0.028    0.040
     0.014    0.010   -0.040    0.014    0.010   -0.194    0.052    0.029
    -0.370    0.130   -0.028    0.194    0.052    0.029    0.370    0.130
    -0.028    0.205   -0.254    0.060    0.026    0.091    0.044   -0.026
     0.091    0.044   -0.205   -0.253    0.060

 ( 19)
     0.075   -0.005   -0.016   -0.018    0.000    0.000    0.010   -0.006
    -0.017    0.010    0.006    0.017    0.075    0.005    0.016   -0.023
     0.026    0.041   -0.023   -0.026   -0.041   -0.014    0.023   -0.008
    -0.439    0.135   -0.018   -0.014   -0.023    0.008   -0.439   -0.135
     0.018   -0.129    0.299   -0.008    0.082   -0.232    0.000    0.082
     0.232    0.000   -0.129   -0.299    0.008

 ( 20)
     0.028   -0.004   -0.020   -0.070    0.000    0.000    0.058   -0.028
    -0.093    0.058    0.028    0.093    0.028    0.004    0.020   -0.006
    -0.001   -0.033   -0.006    0.001    0.033   -0.283    0.083    0.018
     0.266   -0.067   -0.023   -0.283   -0.083   -0.018    0.266    0.067
     0.023   -0.112    0.049   -0.035    0.070   -0.062    0.032    0.070
     0.062   -0.032   -0.112   -0.049    0.035

 ( 21)
     0.049   -0.010   -0.006    0.000    0.002    0.004    0.010   -0.005
    -0.020   -0.010   -0.005   -0.020   -0.049   -0.010   -0.006    0.024
     0.010    0.023   -0.024    0.010    0.023   -0.485    0.167    0.006
     0.381   -0.106   -0.008    0.485    0.166    0.006   -0.381   -0.106
    -0.008   -0.017    0.080    0.016    0.086   -0.077    0.046   -0.086
    -0.077    0.046    0.017    0.080    0.016

 ( 22)
    -0.057    0.002    0.034   -0.048    0.000    0.000    0.051   -0.029
    -0.079    0.051    0.029    0.079   -0.057   -0.002   -0.034    0.024
     0.007    0.042    0.023   -0.007   -0.042    0.390   -0.129   -0.013
    -0.135   -0.022    0.034    0.390    0.129    0.013   -0.135    0.022
    -0.034    0.152   -0.039    0.040   -0.053    0.065   -0.030   -0.053
    -0.065    0.030    0.152    0.039   -0.040

 ( 23)
    -0.039   -0.043    0.030    0.001    0.000    0.000    0.004   -0.002
    -0.004    0.004    0.002    0.004   -0.039    0.043   -0.030    0.039
    -0.094    0.026    0.039    0.094   -0.026   -0.256    0.006    0.078
    -0.171    0.010    0.036   -0.256   -0.006   -0.078   -0.171   -0.010
    -0.036    0.207   -0.234    0.037    0.131   -0.307   -0.007    0.131
     0.307    0.007    0.207    0.234   -0.037

 ( 24)
    -0.022   -0.017   -0.065    0.000    0.000    0.000    0.006    0.001
    -0.010    0.006   -0.001    0.010   -0.022    0.017    0.065    0.024
    -0.031   -0.100    0.024    0.031    0.100    0.124   -0.165    0.140
    -0.157    0.200   -0.052    0.124    0.165   -0.140   -0.157   -0.200
     0.052   -0.255   -0.171   -0.028    0.164    0.077    0.197    0.164
    -0.077   -0.197   -0.255    0.171    0.028

 ( 25)
    -0.057   -0.003   -0.010    0.000   -0.022    0.008   -0.002    0.000
     0.003    0.002    0.000    0.003    0.057   -0.003   -0.010   -0.097
     0.001    0.008    0.097    0.001    0.008   -0.350    0.051    0.086
    -0.233    0.094   -0.006    0.350    0.051    0.086    0.233    0.094
    -0.006    0.007    0.179   -0.056   -0.254    0.047   -0.187    0.254
     0.047   -0.187   -0.007    0.179   -0.056

 ( 26)
    -0.019    0.022    0.103    0.000   -0.010   -0.007    0.019   -0.007
    -0.019   -0.019   -0.007   -0.019    0.019    0.022    0.103   -0.015
     0.006   -0.066    0.015    0.006   -0.066   -0.104    0.199   -0.214
    -0.133   -0.261    0.078    0.104    0.199   -0.214    0.133   -0.261
     0.078   -0.123   -0.199    0.002   -0.005    0.196    0.104    0.005
     0.196    0.103    0.123   -0.199    0.002

 ( 27)
    -0.061    0.000    0.037    0.001    0.000    0.000    0.003   -0.003
     0.003    0.003    0.003   -0.003   -0.061    0.000   -0.037    0.091
     0.091    0.007    0.091   -0.091   -0.007   -0.269    0.106   -0.044
    -0.199   -0.087    0.027   -0.269   -0.106    0.044   -0.199    0.087
    -0.027   -0.061    0.049    0.044    0.110    0.247    0.153    0.110
    -0.247   -0.153   -0.061   -0.049   -0.044

 ( 28)
     0.030    0.126   -0.021    0.000   -0.057    0.016    0.004    0.006
    -0.006   -0.004    0.006   -0.006   -0.030    0.126   -0.021   -0.011
    -0.053    0.037    0.011   -0.053    0.037    0.078    0.204   -0.213
    -0.043   -0.054   -0.042   -0.078    0.204   -0.213    0.043   -0.054
    -0.042    0.154    0.009   -0.004   -0.012   -0.223   -0.100    0.012
    -0.223   -0.100   -0.154    0.009   -0.004

 ( 29)
     0.017    0.081    0.054    0.005    0.000    0.000    0.000   -0.012
    -0.003    0.000    0.012    0.003    0.017   -0.081   -0.054   -0.012
    -0.065   -0.036   -0.012    0.065    0.036    0.114    0.225   -0.323
    -0.125   -0.246    0.020    0.114   -0.225    0.323   -0.125    0.246
    -0.020   -0.187   -0.111    0.001    0.068   -0.038    0.114    0.068
     0.038   -0.114   -0.187    0.111   -0.001

 ( 30)
     0.054   -0.059    0.056    0.000    0.072   -0.034    0.011   -0.011
    -0.008   -0.011   -0.011   -0.008   -0.054   -0.059    0.056   -0.019
    -0.008    0.033    0.019   -0.008    0.033    0.103    0.010   -0.134
    -0.008   -0.219    0.041   -0.103    0.010   -0.134    0.008   -0.219
     0.041    0.244    0.136   -0.045   -0.165   -0.085   -0.252    0.165
    -0.085   -0.252   -0.244    0.136   -0.045

 ( 31)
     0.053   -0.137    0.071   -0.044    0.000    0.000   -0.006    0.008
     0.038   -0.006   -0.008   -0.038    0.053    0.137   -0.071    0.000
     0.014   -0.018    0.000   -0.014    0.018    0.123   -0.119   -0.030
     0.050   -0.231    0.064    0.123    0.119    0.030    0.050    0.231
    -0.064   -0.099   -0.008    0.003    0.088   -0.013    0.092    0.088
     0.013   -0.092   -0.099    0.008   -0.003

 ( 32)
    -0.072   -0.025    0.007    0.000   -0.060    0.013    0.004    0.006
    -0.008   -0.004    0.006   -0.008    0.072   -0.025    0.007    0.106
     0.093    0.007   -0.106    0.093    0.007   -0.025    0.003   -0.090
    -0.102   -0.105   -0.002    0.025    0.003   -0.090    0.102   -0.105
    -0.002    0.217    0.163   -0.030    0.077   -0.008   -0.123   -0.077
    -0.008   -0.123   -0.217    0.163   -0.030

 ( 33)
     0.008    0.056   -0.025   -0.106    0.000    0.000    0.061    0.034
     0.100    0.061   -0.034   -0.100    0.008   -0.056    0.025    0.042
    -0.012    0.003    0.042    0.012   -0.003    0.025    0.035    0.006
     0.009    0.063   -0.024    0.025   -0.035   -0.006    0.009   -0.063
     0.024    0.069   -0.008   -0.003    0.018   -0.002   -0.026    0.018
     0.002    0.026    0.069    0.008    0.003

 ( 34)
     0.009    0.033    0.073    0.000   -0.035   -0.067    0.107    0.000
    -0.026   -0.107    0.000   -0.026   -0.009    0.033    0.073    0.011
     0.001    0.022   -0.011    0.001    0.022    0.013   -0.050    0.249
     0.036    0.218    0.090   -0.013   -0.050    0.249   -0.036    0.218
     0.090    0.064   -0.002    0.016   -0.005   -0.013   -0.014    0.005
    -0.013   -0.014   -0.064   -0.002    0.016

 ( 35)
     0.070    0.025   -0.025   -0.041    0.000    0.000   -0.112    0.011
    -0.041   -0.112   -0.011    0.041    0.070   -0.025    0.025    0.103
    -0.008    0.011    0.103    0.008   -0.011    0.092    0.015   -0.022
     0.073    0.015   -0.026    0.092   -0.015    0.022    0.073   -0.015
     0.026    0.117   -0.020    0.012    0.092    0.007    0.005    0.092
    -0.007   -0.005    0.117    0.020   -0.012

 ( 36)
     0.062   -0.054    0.021    0.000   -0.076    0.032   -0.012    0.118
    -0.038    0.012    0.118   -0.038   -0.062   -0.054    0.021   -0.038
     0.004   -0.013    0.038    0.004   -0.013    0.094   -0.067    0.023
     0.090   -0.051    0.022   -0.094   -0.067    0.023   -0.090   -0.051
     0.022   -0.028    0.011   -0.016   -0.075    0.049   -0.031    0.075
     0.049   -0.031    0.028    0.011   -0.016

 ( 37)
    -0.024   -0.045   -0.087    0.007    0.000    0.000    0.017    0.119
    -0.034    0.017   -0.119    0.034   -0.024    0.045    0.087   -0.003
     0.002   -0.002   -0.003   -0.002    0.002   -0.001    0.023   -0.249
    -0.085   -0.202   -0.102   -0.001   -0.023    0.249   -0.085    0.202
     0.102    0.067   -0.005   -0.009   -0.032   -0.004   -0.048   -0.032
     0.004    0.048    0.067    0.005    0.009

 ( 38)
     0.023    0.018    0.014    0.001    0.000    0.000    0.008    0.058
    -0.016    0.008   -0.058    0.016    0.023   -0.018   -0.014   -0.030
    -0.014    0.121   -0.030    0.014   -0.121   -0.007   -0.014    0.102
     0.107    0.098    0.022   -0.007    0.014   -0.102    0.107   -0.098
    -0.022   -0.196   -0.173    0.185    0.040    0.086    0.306    0.040
    -0.086   -0.306   -0.196    0.173   -0.185

 ( 39)
     0.004    0.037    0.077    0.000    0.006    0.021   -0.095   -0.017
    -0.025    0.095   -0.017   -0.025   -0.004    0.037    0.077    0.034
    -0.027   -0.075   -0.034   -0.027   -0.075   -0.044   -0.010    0.209
     0.089    0.163    0.088    0.044   -0.010    0.209   -0.089    0.163
     0.088    0.162   -0.036   -0.091   -0.011   -0.058   -0.166    0.011
    -0.058   -0.166   -0.162   -0.036   -0.091

 ( 40)
    -0.057   -0.011    0.124   -0.026   -0.016    0.030   -0.051    0.055
    -0.008   -0.002   -0.067    0.033    0.004   -0.056   -0.007   -0.016
    -0.051    0.053   -0.036   -0.058    0.132   -0.060   -0.030    0.164
    -0.086    0.044    0.128    0.007   -0.028   -0.063    0.033   -0.111
    -0.011   -0.039    0.001    0.043    0.004   -0.092    0.052   -0.057
    -0.042    0.175   -0.014   -0.114    0.149

 ( 41)
     0.029   -0.010   -0.009    0.045   -0.016   -0.066   -0.019   -0.021
    -0.100    0.108   -0.018   -0.101    0.060   -0.010   -0.006    0.037
    -0.003    0.061    0.052   -0.003    0.060    0.057   -0.012   -0.026
    -0.026   -0.011   -0.010    0.032   -0.012   -0.022    0.115   -0.009
    -0.008   -0.018   -0.003    0.069    0.064    0.002    0.104    0.026
     0.001    0.102    0.107   -0.001    0.067

 ( 42)
    -0.023    0.042   -0.007   -0.060    0.002   -0.027   -0.101   -0.028
    -0.040   -0.019   -0.017   -0.044   -0.097    0.046    0.005   -0.090
     0.092    0.032   -0.031    0.093    0.025    0.021    0.032   -0.018
    -0.044    0.036   -0.008   -0.141    0.032    0.001   -0.076    0.050
     0.004   -0.123    0.093    0.036   -0.093    0.125    0.052   -0.027
     0.121    0.042    0.002    0.103    0.027

 ( 43)
     0.064    0.069    0.066    0.041    0.042    0.050    0.029    0.041
     0.044    0.052    0.017    0.052    0.017    0.060    0.041    0.026
     0.091    0.050    0.055    0.089    0.065    0.083    0.058    0.074
     0.062    0.079    0.067   -0.002    0.058    0.031    0.019    0.049
     0.040    0.017    0.104    0.048    0.019    0.101    0.048    0.062
     0.111    0.072    0.064    0.082    0.068

 ( 44)
     0.083   -0.018    0.025    0.018   -0.079    0.013    0.023   -0.078
     0.016    0.013   -0.140    0.036   -0.046   -0.041   -0.041   -0.014
     0.031   -0.052    0.051    0.027   -0.013    0.115   -0.044    0.055
     0.106    0.008    0.027   -0.078   -0.043   -0.058   -0.069   -0.069
    -0.042   -0.006    0.064   -0.062   -0.043    0.053   -0.079    0.080
     0.078   -0.018    0.043    0.007   -0.009

 ( 45)
    -0.002   -0.060   -0.028   -0.004   -0.039    0.040   -0.020   -0.118
     0.058    0.012    0.033    0.008   -0.006   -0.004    0.134   -0.009
    -0.029    0.116    0.001   -0.020    0.020    0.009   -0.033   -0.090
    -0.013   -0.128   -0.033   -0.017   -0.035    0.189    0.005    0.064
     0.139   -0.022   -0.094    0.135   -0.005    0.011    0.153   -0.003
    -0.051    0.001    0.014    0.047    0.004


                VIBRATIONAL AMPLITUDE AND CENTRIFUGAL DISTORTION
                 CONTRIBUTIONS TO THE BOND LENGTH AT   298.16 K

                 Note: Excludes contributions from frequencies
                       lower than 40 (1/cm).

                R(e)   = r(mm4) - 1.5 * anh * <Z**2>(298.16)
                R(z)   = R(e) + 1.5 * anh * <Z**2>(0) - <K>(0))
                R(s)   = [R(e) + R(z)] / 2
                R(alp) = R(e) + 1.5 * anh * <Z**2>(T) - <K>(T) - <C>(T)
                R(g)   = R(e) + 1.5 * anh * <Z**2>(T)
                R(a)   = [R(g) + sqrt(R(g)**2-4*<Z**2>(T))] / 2

                       anh = anharmonicity (2.00)
                    <Z**2> = mean-square vibrational amplitude
                       <K> = perpendicular vibrational amplitude
                       <C> = centrifugal correction

        BOND          R(g)      R(z)      R(e)     R(alp)     R(s)      R(a)
    2( S)-  1( C)    1.8041    1.8021    1.7963    1.8020    1.7992    1.8027
    3( O)-  2( S)    1.4584    1.4558    1.4547    1.4552    1.4552    1.4575
    4( O)-  2( S)    1.4584    1.4558    1.4547    1.4552    1.4552    1.4575
    5( C)-  2( S)    1.8041    1.8021    1.7963    1.8020    1.7992    1.8027
    6( C)-  5( C)    1.5465    1.5428    1.5389    1.5423    1.5409    1.5449
    7( C)-  1( C)    1.5465    1.5428    1.5389    1.5423    1.5409    1.5449
    7( C)-  6( C)    1.5593    1.5562    1.5513    1.5558    1.5538    1.5576
    8( H)-  1( C)    1.1007    1.0859    1.0827    1.0852    1.0843    1.0952
    9( H)-  1( C)    1.1029    1.0887    1.0847    1.0881    1.0867    1.0974
   10( H)-  5( C)    1.1007    1.0859    1.0827    1.0852    1.0843    1.0952
   11( H)-  5( C)    1.1029    1.0887    1.0847    1.0881    1.0867    1.0974
   12( H)-  6( C)    1.1126    1.0990    1.0939    1.0984    1.0964    1.1069
   13( H)-  6( C)    1.1113    1.0978    1.0927    1.0972    1.0952    1.1057
   14( H)-  7( C)    1.1113    1.0978    1.0927    1.0972    1.0952    1.1057
   15( H)-  7( C)    1.1126    1.0990    1.0939    1.0984    1.0964    1.1069


                  Non-Bonded Atom Pair Distance Table
        (Distance greater than 82% of VDW distance are not printed)

        PAIR        Dist(g)   Dist(z)
    8( H),  4( O)    2.6769    2.6740       1,4
    9( H),  3( O)    2.5774    2.5744       1,4
   10( H),  3( O)    2.6769    2.6740       1,4
   11( H),  4( O)    2.5774    2.5744       1,4
   12( H),  1( C)    2.8785    2.8700       1,4
   12( H), 10( H)    2.4629    2.4494       1,4
   13( H), 11( H)    2.4643    2.4501       1,4
   14( H),  9( H)    2.4643    2.4501       1,4
   14( H), 12( H)    2.4591    2.4464       1,4
   14( H), 13( H)    2.6453    2.6298       1,4
   15( H),  5( C)    2.8785    2.8700       1,4
   15( H),  8( H)    2.4629    2.4494       1,4
   15( H), 13( H)    2.4591    2.4464       1,4


         THE MOMENTS OF INERTIA CALCULATED FROM R(g), R(z) VALUES
                  (also from R(e), R(alpha), R(s) VALUES)

         Note: (1) All calculations are based on principle isotopes.
               (2) R(z) values include harmonic vibration (Coriolis)
                   contribution indicated in parentheses.


   (1)  UNIT = 10**(-39) GM*CM**2

                    IX                   IY                   IZ

   R(e)        23.0476              40.3598              43.5441
   R(z)        23.1615(-0.0051)     40.5697(-0.0038)     43.8365( 0.0151)

   (2)  UNIT = AU A**2

                    IX                   IY                   IZ

   R(e)       138.8110             243.0789             262.2575
   R(z)       139.4968(-0.0305)    244.3435(-0.0232)    264.0184( 0.0907)


 ==============================================================================
                      STATISTICAL THERMODYNAMICS ANALYSIS
 ==============================================================================

  Structure name    : sulfolane-halfchair                                         
  Temperature       :   298.16 K
  Symmetry number   :   2
  Optical isomers   :   2
  Zero Point Energy :   75.413 Kcal/mol


                     ENERGY** ENTHALPY**  ENTROPY  FREE ENERGY** HEAT CAPACITY**
                  (Kcal/mol) (Kcal/mol)     (eu)   (Kcal/mol)    (cal/mol/deg)
  Translational       0.889      0.889     40.267    -11.117         2.981
     Rotational       0.889      0.889     26.146     -6.907         2.981
    Vibrational*     77.780%    77.780%    12.783     73.969%       19.481
         PV(RT)       0.000      0.593      0.000      0.593         1.987
      Potential      14.361#    14.361#     0.000     14.361#        0.000
         Mixing       0.000      0.000      1.377     -0.411         0.000
          Total*     93.918     94.511     80.574     70.487        27.430

  Enthalpy Function (H-Ho)/T     =   15.89 cal/mol/deg
  Free Energy Function -(G-Ho)/T =   64.69 cal/mol/deg

  % Includes zero point energy (ZPE).
  * Excludes contribution from frequencies lower than 10 (1/cm).
  # Includes steric energy (SE).
    Internal rotation contributions are not considered
 ** These quantities are relative to the R(e) values (
    bottom of potential well) and do NOT include bonding

  This structure has   0 imaginary frequencies,
                       0 free internal rotation (fir) frequencies
                         (>= 0,< 10 /cm),
                       0 restricted internal rotation (rir) frequencies
                         (>= 10,< 40 /cm),
                       6 zero frequencies, and
                      39 real frequencies.


      FINAL STERIC ENERGY IS               14.3605 KCAL/MOL.


                  COMPRESSION               0.6040
                  STRETCH-STRETCH          -0.0001
                  BENDING                   4.6381
                  BEND-BEND                 0.0950
                  STRETCH-BEND             -0.0814
                  VANDERWAALS
                    1,4 ENERGY              0.7406
                    OTHER                  -0.3861
                  H-BONDING                 0.0000
                  PI-COMPLX                 0.0000
                  TORSIONAL                 7.4132
                  TORSION-STRETCH          -0.1806
                  TORSION-BEND              2.5563
                  BEND-TORSION-BEND        -0.0146
                  TORSION-IMPT              0.0000
                  IMPT-TORSION-IMPT         0.0000
                  TORSION-TORSION           0.0000
                  DIPOLE-DIPOLE             0.0000
                  CHARGE-DIPOLE             0.0000
                  IND-DIP CORR.            -1.0241
                  CHARGE-CHARGE             0.0000


      MOLECULAR POLARIZABILITIES (A**3)

        ALPHA(1)   =      16.01
        ALPHA(2)   =      15.01
        ALPHA(3)   =      15.71
        AVG. ALPHA =      15.57


      DIPOLE MOMENT =          4.4202 D

        SIGMA-DIPOLE MOMENT =  4.4202 (X = -4.4202    Y =  0.0000    Z =  0.0000)


      DIPOLE MOMENT =          5.1831 D (INCLUDES INDUCED BOND MOMENTS)

        SIGMA-DIPOLE MOMENT =  5.1831 (X = -5.1831    Y =  0.0000    Z =  0.0000)


      OTHER MOLECULAR PROPERTIES:

        Molar Polarizability:    41.9218 cm**3/mole
        Molar Refraction:        39.2739 cm**3/mole
        Radius of Gyration:       2.3288 A
        Molecular VDW Surface:  176.4100 A**2
        Molecular VDW Volume:   158.6714 A**3
        Dispersion Energy:       -7.8177 Kcal/mole
        Density (gas):          0.004908 g/cm**3 (@  298.2 K, 1 atm)
        Density (cdn):            1.0852 g/cm**3 (@STP Estd.)
        Ref. Index (gas):       1.002410 (@  298.2 K, 1 atm)
        Ref. Index (cdn):         1.6286 (@STP Estd.)
        Diel. Constant (gas):     1.0668 (@  298.2 K, 1 atm)
        Diel. Constant (cdn):   156.7152 (@STP Estd.)



      TOTAL ATOMIC CHARGE ON EACH ATOM (in ELECTRON CHARGE)

           C(    1):          0.121
           S(    2):          0.242
           O(    3):         -0.298
           O(    4):         -0.298
           C(    5):          0.121
           C(    6):          0.039
           C(    7):         -0.008
           H(    8):          0.013
           H(    9):          0.013
           H(   10):          0.013
           H(   11):          0.013
           H(   12):          0.008
           H(   13):          0.006
           H(   14):          0.006
           H(   15):          0.008

      -----------------------------------------------------------------

        END OF sulfolane-halfchair                                         


           TOTAL CPU TIME IS      0.09 SECONDS.

           THIS JOB COMPLETED AT    12:22:05
