 
               ---------------------------------------------
               WARNING : INCORRECT ATOM TYPES GIVEN IN INPUT
                         DATA ARE CORRECTED AS FOLLOWS
               ---------------------------------------------


             Atom type of atom    1 is replaced by 123 (was   0)
             Atom type of atom    2 is replaced by  18 (was   0)
             Atom type of atom    3 is replaced by   7 (was   0)
             Atom type of atom    4 is replaced by   7 (was   0)
             Atom type of atom    5 is replaced by 123 (was   0)
             Atom type of atom    6 is replaced by 123 (was   0)
             Atom type of atom    7 is replaced by 123 (was   0)
             Atom type of atom    8 is replaced by   5 (was   0)
             Atom type of atom    9 is replaced by   5 (was   0)
             Atom type of atom   10 is replaced by   5 (was   0)
             Atom type of atom   11 is replaced by   5 (was   0)
             Atom type of atom   12 is replaced by   5 (was   0)
             Atom type of atom   13 is replaced by   5 (was   0)
             Atom type of atom   14 is replaced by   5 (was   0)
             Atom type of atom   15 is replaced by   5 (was   0)
 
     sulfolane-envelope                                          

               CHEMICAL FORMULA :  C(    4)  H(    8)  O(    2)  S(    1) 
               FORMULA WEIGHT   :    120.026
                                                               DATE 28-MAY-23
                                                               TIME  12:18:34


          THE COORDINATES OF    15 ATOMS ARE READ IN.
          SOME CONSTANTS WILL BE READ IN.

      CONFORMATIONAL ENERGY, PART 1:  GEOMETRY AND STERIC ENERGY
                                      OF INITIAL CONFORMATION.


      CONNECTED ATOMS
          1-    2-    5-    6-    7-
          1-    7-

      ATTACHED ATOMS
          1-    8,    1-    9,    2-    3,    2-    4,    5-   10,    5-   11,
          6-   12,    6-   13,    7-   14,    7-   15,

      INITIAL ATOMIC COORDINATES
           ATOM          X           Y           Z      TYPE
         C(    1)    -0.24480     0.02310    -0.37834   (123)
         S(    2)     0.90143     1.33999     0.03121   ( 18)
         O(    3)     2.17946     1.33998    -0.91504   (  7)
         O(    4)     1.19786     1.33995     1.59402   (  7)
         C(    5)    -0.24474     2.65690    -0.37833   (123)
         C(    6)    -1.63144     2.11801     0.03606   (123)
         C(    7)    -1.63146     0.56196     0.03600   (123)
         H(    8)     0.01423    -0.89735     0.14859   (  5)
         H(    9)    -0.21249    -0.15304    -1.45611   (  5)
         H(   10)    -0.21249     2.83302    -1.45611   (  5)
         H(   11)     0.01428     3.57737     0.14858   (  5)
         H(   12)    -2.39586     2.50190    -0.64491   (  5)
         H(   13)    -1.86902     2.48032     1.04078   (  5)
         H(   14)    -2.39584     0.17822    -0.64500   (  5)
         H(   15)    -1.86911     0.19967     1.04067   (  5)

      THIS MOLECULE CONTAINS

                     1 5-MEMBERED RING(S)

     ==================
     TORSIONAL CONSTANT
     ------------------
      MISSING FOR    1-   2-   5-   6 (TYPE 123- 18-123-123) 5-MEMBERED RING
          INSTEAD,                    (TYPE   1- 18-  1-  1) IN GENERAL PARAMS USED.
      MISSING FOR    1-   2-   5-  10 (TYPE 123- 18-123-  5)
          INSTEAD,                    (TYPE   1- 18-  1-  5) IN GENERAL PARAMS USED.
      MISSING FOR    1-   2-   5-  11 (TYPE 123- 18-123-  5)
          INSTEAD,                    (TYPE   1- 18-  1-  5) IN GENERAL PARAMS USED.
      MISSING FOR    2-   1-   7-   6 (TYPE  18-123-123-123) 5-MEMBERED RING
          INSTEAD,                    (TYPE  18-  1-  1-  1) IN GENERAL PARAMS USED.
      MISSING FOR    2-   1-   7-  14 (TYPE  18-123-123-  5)
          INSTEAD,                    (TYPE  18-  1-  1-  5) IN GENERAL PARAMS USED.
      MISSING FOR    2-   1-   7-  15 (TYPE  18-123-123-  5)
          INSTEAD,                    (TYPE  18-  1-  1-  5) IN GENERAL PARAMS USED.
      MISSING FOR    2-   5-   6-   7 (TYPE  18-123-123-123) 5-MEMBERED RING
          INSTEAD,                    (TYPE  18-  1-  1-  1) IN GENERAL PARAMS USED.
      MISSING FOR    2-   5-   6-  12 (TYPE  18-123-123-  5)
          INSTEAD,                    (TYPE  18-  1-  1-  5) IN GENERAL PARAMS USED.
      MISSING FOR    2-   5-   6-  13 (TYPE  18-123-123-  5)
          INSTEAD,                    (TYPE  18-  1-  1-  5) IN GENERAL PARAMS USED.
      MISSING FOR    3-   2-   1-   7 (TYPE   7- 18-123-123)
          INSTEAD,                    (TYPE   7- 18-  1-  1) IN GENERAL PARAMS USED.
      MISSING FOR    3-   2-   1-   8 (TYPE   7- 18-123-  5)
          INSTEAD,                    (TYPE   7- 18-  1-  5) IN GENERAL PARAMS USED.
      MISSING FOR    3-   2-   1-   9 (TYPE   7- 18-123-  5)
          INSTEAD,                    (TYPE   7- 18-  1-  5) IN GENERAL PARAMS USED.
      MISSING FOR    3-   2-   5-   6 (TYPE   7- 18-123-123)
          INSTEAD,                    (TYPE   7- 18-  1-  1) IN GENERAL PARAMS USED.
      MISSING FOR    3-   2-   5-  10 (TYPE   7- 18-123-  5)
          INSTEAD,                    (TYPE   7- 18-  1-  5) IN GENERAL PARAMS USED.
      MISSING FOR    3-   2-   5-  11 (TYPE   7- 18-123-  5)
          INSTEAD,                    (TYPE   7- 18-  1-  5) IN GENERAL PARAMS USED.
      MISSING FOR    4-   2-   1-   7 (TYPE   7- 18-123-123)
          INSTEAD,                    (TYPE   7- 18-  1-  1) IN GENERAL PARAMS USED.
      MISSING FOR    4-   2-   1-   8 (TYPE   7- 18-123-  5)
          INSTEAD,                    (TYPE   7- 18-  1-  5) IN GENERAL PARAMS USED.
      MISSING FOR    4-   2-   1-   9 (TYPE   7- 18-123-  5)
          INSTEAD,                    (TYPE   7- 18-  1-  5) IN GENERAL PARAMS USED.
      MISSING FOR    4-   2-   5-   6 (TYPE   7- 18-123-123)
          INSTEAD,                    (TYPE   7- 18-  1-  1) IN GENERAL PARAMS USED.
      MISSING FOR    4-   2-   5-  10 (TYPE   7- 18-123-  5)
          INSTEAD,                    (TYPE   7- 18-  1-  5) IN GENERAL PARAMS USED.
      MISSING FOR    4-   2-   5-  11 (TYPE   7- 18-123-  5)
          INSTEAD,                    (TYPE   7- 18-  1-  5) IN GENERAL PARAMS USED.
      MISSING FOR    5-   2-   1-   7 (TYPE 123- 18-123-123) 5-MEMBERED RING
          INSTEAD,                    (TYPE   1- 18-  1-  1) IN GENERAL PARAMS USED.
      MISSING FOR    5-   2-   1-   8 (TYPE 123- 18-123-  5)
          INSTEAD,                    (TYPE   1- 18-  1-  5) IN GENERAL PARAMS USED.
      MISSING FOR    5-   2-   1-   9 (TYPE 123- 18-123-  5)
          INSTEAD,                    (TYPE   1- 18-  1-  5) IN GENERAL PARAMS USED.

        CAUTION :  24 REPLACED TORSIONAL PARAMETER(S).  SEE OUTPUT.

     =============
     BOND CONSTANT
     -------------
       MISSING FOR BOND     1-   2 (TYPE 123- 18) 5-MEMBERED RING
                INSTEAD,           (TYPE   1- 18) IN GENERAL PARAMETERS ARE USED.
       MISSING FOR BOND     2-   5 (TYPE  18-123) 5-MEMBERED RING
                INSTEAD,           (TYPE  18-  1) IN GENERAL PARAMETERS ARE USED.

     ==============
     ANGLE CONSTANT
     --------------
      MISSING FOR    2-   1-   8 (TYPE  18-123-  5) ANGLE TYPE 2
          INSTEAD,               (TYPE  18-  1-  5) IN GENERAL PARAMETERS ARE USED.
      MISSING FOR    2-   1-   9 (TYPE  18-123-  5) ANGLE TYPE 2
          INSTEAD,               (TYPE  18-  1-  5) IN GENERAL PARAMETERS ARE USED.
      MISSING FOR    1-   2-   3 (TYPE 123- 18-  7) ANGLE TYPE 1
          INSTEAD,               (TYPE   1- 18-  7) IN GENERAL PARAMETERS ARE USED.
      MISSING FOR    1-   2-   4 (TYPE 123- 18-  7) ANGLE TYPE 1
          INSTEAD,               (TYPE   1- 18-  7) IN GENERAL PARAMETERS ARE USED.
      MISSING FOR    3-   2-   5 (TYPE   7- 18-123) ANGLE TYPE 1
          INSTEAD,               (TYPE   7- 18-  1) IN GENERAL PARAMETERS ARE USED.
      MISSING FOR    4-   2-   5 (TYPE   7- 18-123) ANGLE TYPE 1
          INSTEAD,               (TYPE   7- 18-  1) IN GENERAL PARAMETERS ARE USED.
      MISSING FOR    2-   5-  10 (TYPE  18-123-  5) ANGLE TYPE 2
          INSTEAD,               (TYPE  18-  1-  5) IN GENERAL PARAMETERS ARE USED.
      MISSING FOR    2-   5-  11 (TYPE  18-123-  5) ANGLE TYPE 2
          INSTEAD,               (TYPE  18-  1-  5) IN GENERAL PARAMETERS ARE USED.

        CAUTION :   8 REPLACED BENDING PARAMETER(S).  SEE OUTPUT.

        %=%=%=%=%=%=%=%=%=%=%=%=%=%=%=%=%=%=%=%=%=%=%=%=%=%=%=

        MM4(08)-v010108: (Const:V010108-00)

        The Parameters Used in This Calculation Can be Found
        in the Publication(s) Listed in the PART 3

        %=%=%=%=%=%=%=%=%=%=%=%=%=%=%=%=%=%=%=%=%=%=%=%=%=%=%=


          DIELECTRIC CONSTANT =  1.500


      INITIAL STERIC ENERGY IS             39.9849 KCAL/MOL.

                  COMPRESSION              17.9452
                  STRETCH-STRETCH          -0.9867
                  BENDING                   8.7970
                  BEND-BEND                 0.1520
                  STRETCH-BEND              0.3584
                  VANDERWAALS
                    1,4 ENERGY              1.3801
                    OTHER                  -0.4198
                  H-BONDING                 0.0000
                  PI-COMPLX                 0.0000
                  TORSIONAL                 8.6287
                  TORSION-STRETCH          -0.3306
                  TORSION-BEND              5.5719
                  BEND-TORSION-BEND         0.0007
                  TORSION-IMPT              0.0000
                  IMPT-TORSION-IMPT         0.0000
                  TORSION-TORSION           0.0000
                  DIPOLE-DIPOLE             0.0000
                  CHARGE-DIPOLE             0.0000
                  IND_DIP CORR.            -1.1122
                  CHARGE-CHARGE             0.0000


      MOMENT OF INERTIA ( R(g) ) WITH THE PRINCIPAL AXES

          (1)  UNIT = 10**(-39) GM*CM**2
               IX=   23.3982    IY=   44.3082    IZ=   46.1731

          (2)  UNIT = AU A**2
               IX=  140.9276    IY=  266.8681    IZ=  278.1008


      MOLECULAR POLARIZABILITIES (A**3)

        ALPHA(1)   =      19.12
        ALPHA(2)   =      15.17
        ALPHA(3)   =      16.42
        AVG. ALPHA =      16.90


      DIPOLE MOMENT =          4.8521 D

        SIGMA-DIPOLE MOMENT =  4.8521 (X =  4.5371    Y = -0.0001    Z =  1.7198)


      DIPOLE MOMENT =          5.4883 D (INCLUDES INDUCED BOND MOMENTS)

        SIGMA-DIPOLE MOMENT =  5.4883 (X =  5.2489    Y = -0.0001    Z =  1.6035)


      OTHER MOLECULAR PROPERTIES:

        Molar Polarizability:    45.5940 cm**3/mole
        Molar Refraction:        42.6250 cm**3/mole
        Radius of Gyration:       2.3908 A
        Molecular VDW Surface:  178.9590 A**2
        Molecular VDW Volume:   160.1810 A**3
        Dispersion Energy:       -7.2691 Kcal/mole
        Density (gas):          0.004908 g/cm**3 (@  298.2 K, 1 atm)
        Density (cdn):            1.0736 g/cm**3 (@STP Estd.)
        Ref. Index (gas):       1.002616 (@  298.2 K, 1 atm)
        Ref. Index (cdn):         1.6880 (@STP Estd.)
        Diel. Constant (gas):     1.0749 (@  298.2 K, 1 atm)
        Diel. Constant (cdn):   188.6916 (@STP Estd.)



      CPU TIME FOR INITIAL CALCULATION IS     0.06 SECONDS.
 


     sulfolane-envelope                                          


     CONFORMATIONAL ENERGY, PART 2: GEOMETRY MINIMIZATION

                            =====================
                            FULL-MATRIX OPTIMIZER
                            =====================


     iter.  rms force   max force   avg. move    max move  atom  convg  d-time

        0   28.703516  112.292946   0.02231 A   0.10000 A   10    [N]     0.0s
        1   17.124470   66.938240   0.02059 A   0.10000 A   10    [N]     0.0s
        2    9.152532   36.230701   0.02046 A   0.10000 A   10    [N]     0.0s
        3    0.761502    3.218929   0.00432 A   0.01854 A    9    [N]     0.0s
        4    0.040293    0.139243   0.00083 A   0.00403 A   11    [N]     0.0s
        5    0.001090    0.002690   0.00002 A   0.00008 A    8    [N]     0.0s
        6    0.000053    0.000162                                 [Y]     0.0s


      TOTAL ENERGY IS     17.8053 KCAL/MOL.

        COMPRESS    1.2303      VDW 1,4    0.9418      DIPL-DIPL    0.0000
        STR-STR    -0.0001        OTHER   -0.4000      CHRG-DIPL    0.0000
        BENDING     4.0139      TORSION   10.9842      CHRG-CHRG    0.0000
        BEND-BEND   0.0822      TOR-STR   -0.5721      EPR          0.0000
        STR-BEND    0.2504      TOR-BEND   2.3787      TOR-BENBEN  -0.0072
        TOR-IMPT    0.0000      TOR-IPIP   0.0000      TORS-TORS    0.0000
        IND-DIP    -1.0968      H-BOND     0.0000      PI-COMPLX    0.0000
0     DELTA(T) =     0.0 SEC.          ELAPSED TIME =     0.1 SEC.


    * * * ENERGY IS STATIONARY WITHIN RMS OF FORCES   0.00010  Kcal/mol/A * * *

                 * * * *  RMS FORCE IS   0.00005 Kcal/mol/A * * * *

 
     sulfolane-envelope                                          


     %=%=%=%=%=%=%=%=%=%=%=%=%=%=%=%=%=%=%=%=%=%=%=%=%=%=%=%=%=%=%=%=%=%=%=

     The Parameters Used in This Calculation Can be Found in the Following
     Publication(s):

     The MM4 Program is Developed by Dr. N. L. Allinger and co-workers at  
     the University of Georgia, Athens, Georgia 30602-2556 USA.            
     (c) Copyright 2003 by N. L. Allinger. All rights reserved.            
                                                                           
     MM4 General Description and Alkanes:                                  
      Allinger,N.L.; Chen,K.; Lii,J.-H. J. Comput. Chem. 1996, 17, 642.    

     %=%=%=%=%=%=%=%=%=%=%=%=%=%=%=%=%=%=%=%=%=%=%=%=%=%=%=%=%=%=%=%=%=%=%=

               CHEMICAL FORMULA :  C(    4)  H(    8)  O(    2)  S(    1) 
               FORMULA WEIGHT   :    120.026
                                                               DATE : 28-MAY-23

           * M M 4 * * * * * * * * * * * 2 0 0 8 *
           *                                     *   PARAMETER RELIABILITY
           *                                     *
           *                                     *   BLANK = GOOD
           *                                     *       B = FAIR
           *                                     *       C = TRIAL
           *                                     *       R = READ IN
           *                                     *       S = SUBSTITUTED
           *                                     *       U = PARAMETER NOT EXIST
           *                                     *
           *                                     *   THIS IS SHOWN AT THE END 
           *                                     *   OF THE LINE.
           * * * * * * * * * * * * * * * * * * * * 


      CONFORMATIONAL ENERGY, PART 3:  GEOMETRY AND STERIC ENERGY
                                      OF FINAL CONFORMATION.

      CONNECTED ATOMS
          1-    2-    5-    6-    7-
          1-    7-

      ATTACHED ATOMS
          1-    8,    1-    9,    2-    3,    2-    4,    5-   10,    5-   11,
          6-   12,    6-   13,    7-   14,    7-   15,

      FINAL ATOMIC COORDINATE
           ATOM          X           Y           Z      TYPE
         C(    1)    -0.43090    -1.37275    -0.24783   (123)
         S(    2)     0.68466     0.00000     0.03047   ( 18)
         O(    3)     1.68135     0.00000    -1.03402   (  7)
         O(    4)     1.02774     0.00000     1.44824   (  7)
         C(    5)    -0.43090     1.37275    -0.24783   (123)
         C(    6)    -1.84791     0.78914    -0.01042   (123)
         C(    7)    -1.84791    -0.78914    -0.01042   (123)
         H(    8)    -0.15127    -2.19568     0.42764   (  5)
         H(    9)    -0.28908    -1.67518    -1.29931   (  5)
         H(   10)    -0.28908     1.67518    -1.29931   (  5)
         H(   11)    -0.15127     2.19568     0.42764   (  5)
         H(   12)    -2.54834     1.16325    -0.78917   (  5)
         H(   13)    -2.24639     1.14387     0.96612   (  5)
         H(   14)    -2.54834    -1.16325    -0.78917   (  5)
         H(   15)    -2.24639    -1.14387     0.96612   (  5)

      THIS MOLECULE CONTAINS

                     1 5-MEMBERED RING(S)


          DIELECTRIC CONSTANT =  1.500


      BOND LENGTHS AND STRETCHING ENERGY   (   15 BONDS)

        ENERGY = 71.94(KS)(DR)(DR)(1-(CS)(DR)+(7/12)((CS)(DR))**2)-
                       (1/4)((CS)(DR))**3)+(31/360)((CS)(DR))**4))
                         DR =  R-RO
                         CS =  3.000 FOR X-Y BONDS
                            =  2.200 FOR X-H BONDS
                                                            R(0)-CORR        CORR
             BOND          R(g)    R(0)    K(S)  ENERGY   E-NEG  MISCEL       KS
      C(    1)- S(    2)  1.7906  1.8009  3.000  0.0235  0.0120                   S
      C(    1)- C(    7)  1.5508  1.5264  4.990  0.1981 -0.0028                    
      C(    1)- H(    8)  1.1008  1.1035  4.895  0.0027 -0.0085             0.255  
      C(    1)- H(    9)  1.1033  1.1035  4.895  0.0000 -0.0085             0.255  
      S(    2)- O(    3)  1.4583  1.4595 10.000  0.0011                           C
      S(    2)- O(    4)  1.4587  1.4595 10.000  0.0005                           C
      S(    2)- C(    5)  1.7906  1.8009  3.000  0.0235  0.0120                   S
      C(    5)- C(    6)  1.5508  1.5264  4.990  0.1981 -0.0028                    
      C(    5)- H(   10)  1.1033  1.1035  4.895  0.0000 -0.0085             0.255  
      C(    5)- H(   11)  1.1008  1.1035  4.895  0.0027 -0.0085             0.255  
      C(    6)- C(    7)  1.5783  1.5283  4.990  0.7736 -0.0009                    
      C(    6)- H(   12)  1.1122  1.1103  4.691  0.0012 -0.0017             0.051  
      C(    6)- H(   13)  1.1128  1.1103  4.691  0.0020 -0.0017             0.051  
      C(    7)- H(   14)  1.1122  1.1103  4.691  0.0012 -0.0017             0.051  
      C(    7)- H(   15)  1.1128  1.1103  4.691  0.0020 -0.0017             0.051  


      NON-BONDED DISTANCES, VDW AND EPR ENERGY   (    60 PAIRS)

              E(VDW) = KV*(1.84(10**5)EXP(-12.00/P) - 2.25(P**6))
              E(EPR) = C*KV*(1.84(10**5)EXP(-12.00/Q) - 2.25(Q**6))
              E(HBD) = EP1-EP2*F(THET1,THET2)*RTH/RTH0
                            EP1 = KHB*2.76(10**5)*EXP(-12.0/P)
                            EP2 = KHB*2.25(P**6)
                              F = FAC*(1+COS(THET1)^N*(1+COS(THET2))^N

            IF P > 3.020, THEN,
              E(VDW) = KV(192.270)(P**2)
              E(HBD) = EP1-EP2*F(THET1,THET2)*RTH/RTH0
                            EP1 = KHB*569.14*P**2
                            EP2 = KHB*187.16*P**2

                       RV = RVDW(I) + RVDW(K)
                       KV = SQRT(EPS(I)*EPS(K))
                      KHB = HYDROGEN BOND ENERGY PARAMETER
                        P = (RV/R) OR (RV/R#)
                        C = SCALE FACTOR
                        Q = RV/R, WHERE R IS MODIFIED DISTANCE
                        N = 1 WHEN Y IS NITROGEN, AND 2 FOR OTHERS
                      FAC = 1/4 WHEN N=1, AND 1/16 WHEN N=2
                    THET1 = ANGLE H-X-Y IN HYDROGEN BOND X-H...Y
                    THET2 = ANGLE X-Y-LP IN HYDROGEN BOND X...Y-LP
                      RTH = BOND LENGTH X-H IN X-H...Y
                     RTH0 = NATURAL BOND LENGTH X-H

          # IN THE VDW CALCULATIONS THE HYDROGEN ATOMS ARE RELOCATED
          SO THAT THE ATTACHED HYDROGEN DISTANCE IS REDUCED BY 0.940

          # IN THE VDW CALCULATIONS THE DEUTERIUM ATOMS ARE RELOCATED
          SO THAT THE ATTACHED DEUTERIUM DISTANCE IS REDUCED BY  0.940

           ATOM PAIR          R       R#       RV      KV       ENERGY
      C(    1), O(    3)   2.6390
      C(    1), O(    4)   2.6246
      C(    1), C(    5)   2.7455
      C(    1), C(    6)   2.5958
      C(    1), H(   10)   3.2273   3.1897   3.440   0.0240    -0.0200  1,4   B
      C(    1), H(   11)   3.6425   3.5855   3.440   0.0240    -0.0258  1,4   B
      C(    1), H(   12)   3.3478   3.2970   3.440   0.0240    -0.0250  1,4   B
      C(    1), H(   13)   3.3321   3.2820   3.440   0.0240    -0.0245  1,4   B
      C(    1), H(   14)   2.1956
      C(    1), H(   15)   2.1959
      S(    2), C(    6)   2.6530
      S(    2), C(    7)   2.6530
      S(    2), H(    8)   2.3828
      S(    2), H(    9)   2.3500
      S(    2), H(   10)   2.3500
      S(    2), H(   11)   2.3828
      S(    2), H(   12)   3.5323   3.4758   3.730   0.0577    -0.0505  1,4   C
      S(    2), H(   13)   3.2825   3.2374   3.730   0.0577     0.0145  1,4   C
      S(    2), H(   14)   3.5323   3.4758   3.730   0.0577    -0.0505  1,4   C
      S(    2), H(   15)   3.2825   3.2374   3.730   0.0577     0.0145  1,4   C
      O(    3), O(    4)   2.5669
      O(    3), C(    5)   2.6390
      O(    3), C(    6)   3.7585            3.720   0.0471    -0.0526  1,4   B
      O(    3), C(    7)   3.7585            3.720   0.0471    -0.0526  1,4   B
      O(    3), H(    8)   3.2118   3.1696   2.850   0.1200    -0.1074  1,4    
      O(    3), H(    9)   2.5998   2.5890   2.850   0.1200    -0.0733  1,4    
      O(    3), H(   10)   2.5998   2.5890   2.850   0.1200    -0.0733  1,4    
      O(    3), H(   11)   3.2118   3.1696   2.850   0.1200    -0.1074  1,4    
      O(    3), H(   12)   4.3936   4.3501   2.850   0.1200    -0.0211         
      O(    3), H(   13)   4.5537   4.5022   2.850   0.1200    -0.0172         
      O(    3), H(   14)   4.3936   4.3501   2.850   0.1200    -0.0211         
      O(    3), H(   15)   4.5537   4.5022   2.850   0.1200    -0.0172         
      O(    4), C(    5)   2.6246
      O(    4), C(    6)   3.3196            3.720   0.0471    -0.0161  1,4   B
      O(    4), C(    7)   3.3196            3.720   0.0471    -0.0161  1,4   B
      O(    4), H(    8)   2.6931   2.6763   2.850   0.1200    -0.1119  1,4    
      O(    4), H(    9)   3.4770   3.4218   2.850   0.1200    -0.0779  1,4    
      O(    4), H(   10)   3.4770   3.4218   2.850   0.1200    -0.0779  1,4    
      O(    4), H(   11)   2.6931   2.6763   2.850   0.1200    -0.1119  1,4    
      O(    4), H(   12)   4.3758   4.3116   2.850   0.1200    -0.0222         
      O(    4), H(   13)   3.5015   3.4809   2.850   0.1200    -0.0718         
      O(    4), H(   14)   4.3758   4.3116   2.850   0.1200    -0.0222         
      O(    4), H(   15)   3.5015   3.4809   2.850   0.1200    -0.0718         
      C(    5), C(    7)   2.5958
      C(    5), H(    8)   3.6425   3.5855   3.440   0.0240    -0.0258  1,4   B
      C(    5), H(    9)   3.2273   3.1897   3.440   0.0240    -0.0200  1,4   B
      C(    5), H(   12)   2.1956
      C(    5), H(   13)   2.1959
      C(    5), H(   14)   3.3478   3.2970   3.440   0.0240    -0.0250  1,4   B
      C(    5), H(   15)   3.3321   3.2820   3.440   0.0240    -0.0245  1,4   B
      C(    6), H(    8)   3.4612   3.4054   3.440   0.0240    -0.0268  1,4   B
      C(    6), H(    9)   3.1881   3.1448   3.440   0.0240    -0.0165  1,4   B
      C(    6), H(   10)   2.2082
      C(    6), H(   11)   2.2470
      C(    6), H(   14)   2.2156
      C(    6), H(   15)   2.2020
      C(    7), H(    8)   2.2470
      C(    7), H(    9)   2.2082
      C(    7), H(   10)   3.1881   3.1448   3.440   0.0240    -0.0165  1,4   B
      C(    7), H(   11)   3.4612   3.4054   3.440   0.0240    -0.0268  1,4   B
      C(    7), H(   12)   2.2156
      C(    7), H(   13)   2.2020
      H(    8), H(    9)   1.8089
      H(    8), H(   10)   4.2409   4.1373   3.280   0.0170    -0.0087         
      H(    8), H(   11)   4.3914   4.2926   3.280   0.0170    -0.0071         
      H(    8), H(   12)   4.3022   4.1891   3.280   0.0170    -0.0081         
      H(    8), H(   13)   3.9790   3.8958   3.280   0.0170    -0.0116         
      H(    8), H(   14)   2.8797   2.7847   3.280   0.0170     0.0155  1,4    
      H(    8), H(   15)   2.4054   2.3536   3.280   0.0170     0.2895  1,4    
      H(    9), H(   10)   3.3504   3.3141   3.280   0.0170    -0.0190         
      H(    9), H(   11)   4.2409   4.1373   3.280   0.0170    -0.0087         
      H(    9), H(   12)   3.6635   3.5986   3.280   0.0170    -0.0159         
      H(    9), H(   13)   4.1122   4.0034   3.280   0.0170    -0.0102         
      H(    9), H(   14)   2.3720   2.3214   3.280   0.0170     0.3367  1,4    
      H(    9), H(   15)   3.0406   2.9303   3.280   0.0170    -0.0061  1,4    
      H(   10), H(   11)   1.8089
      H(   10), H(   12)   2.3720   2.3214   3.280   0.0170     0.3367  1,4    
      H(   10), H(   13)   3.0406   2.9303   3.280   0.0170    -0.0061  1,4    
      H(   10), H(   14)   3.6635   3.5986   3.280   0.0170    -0.0159         
      H(   10), H(   15)   4.1122   4.0034   3.280   0.0170    -0.0102         
      H(   11), H(   12)   2.8797   2.7847   3.280   0.0170     0.0155  1,4    
      H(   11), H(   13)   2.4054   2.3536   3.280   0.0170     0.2895  1,4    
      H(   11), H(   14)   4.3022   4.1891   3.280   0.0170    -0.0081         
      H(   11), H(   15)   3.9790   3.8958   3.280   0.0170    -0.0116         
      H(   12), H(   13)   1.7812
      H(   12), H(   14)   2.3265   2.2816   3.280   0.0170     0.4038  1,4    
      H(   12), H(   15)   2.9146   2.8153   3.280   0.0170     0.0096  1,4    
      H(   13), H(   14)   2.9146   2.8153   3.280   0.0170     0.0096  1,4    
      H(   13), H(   15)   2.2877   2.2452   3.280   0.0170     0.4753  1,4    
      H(   14), H(   15)   1.7812


      BOND ANGLES, BENDING AND STRETCH-BEND ENERGIES   (   30 ANGLES)

          EB = 0.02191418(KB)(DT)(DT)(1+CF*DT+QF*DT**2+PF*DT**3+SF*DT**4)
                          DT = THETA-TZERO
                          CF = -1800.000E-5
                          QF =     7.200E-5
                          PF =     0.135E-5
                          SF =     0.004E-6
          ESS =  143.88(KSTST)(DR1)(DR2)
          ESB =  2.51118(KSB)(DT)(DR1+DR2)
          EBB = -0.02191418(KBB)(DT1)(DT2)
                          DR1 = R1 - R1(0)
                          DR2 = R2 - R2(0)

               A T O M S             THETA    TZERO     KB     EB    KSB   ESB   KSS   ESS
      S(    2)- C(    1)- C(    7)  104.890  110.000  0.870  0.5445 0.18-0.0326             C
      S(    2)- C(    1)- H(    8)  108.633  105.100  0.750  0.1923 0.14-0.0162             S
      S(    2)- C(    1)- H(    9)  106.152  105.100  0.750  0.0178 0.14-0.0039             S
      C(    7)- C(    1)- H(    8)  114.805  109.470  0.630  0.3561 0.10 0.0290              
      C(    7)- C(    1)- H(    9)  111.502  109.470  0.630  0.0549 0.10 0.0123              
      H(    8)- C(    1)- H(    9)  110.318  107.800  0.620  0.0823                          
      C(    1)- S(    2)- O(    3)  108.201  106.700  1.200  0.0577 0.14-0.0061             S
      C(    1)- S(    2)- O(    4)  107.312  106.700  1.200  0.0098 0.14-0.0024             S
      C(    1)- S(    2)- C(    5)  100.104  106.200  0.850  0.7698 0.28 0.0880             C
      O(    3)- S(    2)- O(    4)  123.281  120.500  1.385  0.2231 0.14-0.0020-0.40-0.0001 C
      O(    3)- S(    2)- C(    5)  108.201  106.700  1.200  0.0577 0.14-0.0061             S
      O(    4)- S(    2)- C(    5)  107.312  106.700  1.200  0.0098 0.14-0.0024             S
      S(    2)- C(    5)- C(    6)  104.890  110.000  0.870  0.5445 0.18-0.0326             C
      S(    2)- C(    5)- H(   10)  106.152  105.100  0.750  0.0178 0.14-0.0039             S
      S(    2)- C(    5)- H(   11)  108.633  105.100  0.750  0.1923 0.14-0.0162             S
      C(    6)- C(    5)- H(   10)  111.502  109.470  0.630  0.0549 0.10 0.0123              
      C(    6)- C(    5)- H(   11)  114.805  109.470  0.630  0.3561 0.10 0.0290              
      H(   10)- C(    5)- H(   11)  110.318  107.800  0.620  0.0823                          
      C(    5)- C(    6)- C(    7)  112.107  109.000  0.740  0.1479 0.18 0.1044              
      C(    5)- C(    6)- H(   12)  109.978  109.470  0.630  0.0035 0.10 0.0034              
      C(    5)- C(    6)- H(   13)  109.974  109.470  0.630  0.0035 0.10 0.0034              
      C(    7)- C(    6)- H(   12)  109.655  109.470  0.630  0.0005 0.10 0.0024              
      C(    7)- C(    6)- H(   13)  108.589  109.470  0.630  0.0109 0.10-0.0116              
      H(   12)- C(    6)- H(   13)  106.363  107.800  0.620  0.0288                          
      C(    1)- C(    7)- C(    6)  112.107  109.000  0.740  0.1479 0.18 0.1044              
      C(    1)- C(    7)- H(   14)  109.978  109.470  0.630  0.0035 0.10 0.0034              
      C(    1)- C(    7)- H(   15)  109.974  109.470  0.630  0.0035 0.10 0.0034              
      C(    6)- C(    7)- H(   14)  109.655  109.470  0.630  0.0005 0.10 0.0024              
      C(    6)- C(    7)- H(   15)  108.589  109.470  0.630  0.0109 0.10-0.0116              
      H(   14)- C(    7)- H(   15)  106.363  107.800  0.620  0.0288                          


     DIHEDRAL ANGLES, TORSIONAL ENERGY (ET)   (    45 ANGLES)

           ET = (V1/2)(1+COS(W))+(V2/2)(1-COS(2W))+(V3/2)(1+COS(3W))+
                                 (V4/2)(1-COS(4W))+(V6/2)(1+COS(6W))
         EBTB =  0.043828*(KBTB)(DTH1)(COS(W))(DTH2)
         ETS1 = -0.5*(RC-RC0)[KTSC1*(1+COS(W))+KTSC2*(1-COS(2W))+KTSC3*(1+COS(3W))]
         ETS2 = -0.5*(RT-RT0)[KTST1*(1+COS(W))+KTST2*(1-COS(2W))+KTST3*(1+COS(3W))]
          ETB =  2.51124*(DTH)[KTB1(1+COS(W))+KTB2*(1-COS(2W))+KTB3*(1+COS(3W))]
                      RC   = CENTRAL BOND LENGTH
                      RT   = TERMINAL BOND LENGTH
                      DTH1 = THETA1 - TZERO1
                      DTH2 = THETA2 - TZERO2

           SIGN OF ANGLE A-B-C-D : WHEN LOOKING THROUGH B TOWARD C,
           IF D IS COUNTERCLOCKWISE FROM A, NEGATIVE.

                A T O M S                OMEGA    V1     V2     V3     V4     V6     E    KBTB   EBTB
    C(    1) S(    2) C(    5) C(    6)   22.5  0.477 -0.188 -0.753  0.059  0.010 -0.058              S
       TYPE-1-TS                         0.000  0.000  3.000                       0.021
       TORS-BEND   -0.015 -0.009  0.000                       0.000  0.000  0.000  0.482
    C(    1) S(    2) C(    5) H(   10)  -95.7  0.000  0.000  0.347  0.000 -0.015  0.223              S
       TYPE-1-TS                         0.000  0.000  2.000                       0.013
       TORS-BEND   -0.012 -0.007  0.000                       0.000  0.000 -0.001  0.374
    C(    1) S(    2) C(    5) H(   11)  145.7  0.000  0.000  0.347  0.000 -0.015  0.211              S
       TYPE-1-TS                         0.000  0.000  2.000                       0.013
       TORS-BEND   -0.012 -0.007  0.000                       0.000  0.000 -0.001  0.089
    C(    1) C(    7) C(    6) C(    5)    0.0 -0.150  0.000  0.160  0.000  0.000  0.010 -0.030 -0.013 
       TYPE-1-TS                         0.000  0.000  0.840                      -0.042
    C(    1) C(    7) C(    6) H(   12)  122.5  0.000  0.000  0.290  0.000  0.000  0.289 -0.010  0.000 
       TYPE-1-TS                         0.000  0.000  0.840                      -0.042
    C(    1) C(    7) C(    6) H(   13) -121.7  0.000  0.000  0.290  0.000  0.000  0.289 -0.010 -0.001 
       TYPE-1-TS                         0.000  0.000  0.840                      -0.042
    S(    2) C(    1) C(    7) C(    6)   15.4  1.037 -0.621  0.187 -0.056 -0.011  1.113              S
       TYPE-1-TS                         0.000  0.000  0.700                      -0.014
       TYPE-2-TS    0.000  0.000 -2.000                       0.000  0.000  0.000  0.000
       TORS-BEND   -0.004 -0.006  0.000                       0.000  0.000  0.000  0.112
    S(    2) C(    1) C(    7) H(   14)  137.6  0.000  0.000  0.092  0.000  0.000  0.074              S
       TYPE-1-TS                         0.000  0.000  0.840                      -0.016
       TORS-BEND    0.000  0.000  0.001                      -0.004 -0.006  0.000 -0.029
    S(    2) C(    1) C(    7) H(   15) -105.5  0.000  0.000  0.092  0.000  0.000  0.079              S
       TYPE-1-TS                         0.000  0.000  0.840                      -0.018
       TORS-BEND    0.000  0.000  0.001                      -0.004 -0.006  0.000 -0.040
    S(    2) C(    5) C(    6) C(    7)  -15.4  1.037 -0.621  0.187 -0.056 -0.011  1.113              S
       TYPE-1-TS                         0.000  0.000  0.700                      -0.014
       TYPE-2-TS    0.000  0.000 -2.000                       0.000  0.000  0.000  0.000
       TORS-BEND   -0.004 -0.006  0.000                       0.000  0.000  0.000  0.112
    S(    2) C(    5) C(    6) H(   12) -137.6  0.000  0.000  0.092  0.000  0.000  0.074              S
       TYPE-1-TS                         0.000  0.000  0.840                      -0.016
       TORS-BEND    0.000  0.000  0.001                      -0.004 -0.006  0.000 -0.029
    S(    2) C(    5) C(    6) H(   13)  105.5  0.000  0.000  0.092  0.000  0.000  0.079              S
       TYPE-1-TS                         0.000  0.000  0.840                      -0.018
       TORS-BEND    0.000  0.000  0.001                      -0.004 -0.006  0.000 -0.040
    O(    3) S(    2) C(    1) C(    7) -135.6  0.000  0.000  0.340  0.000  0.000  0.286              S
    O(    3) S(    2) C(    1) H(    8)  101.2  0.000  0.000  0.340  0.000  0.000  0.264              S
       TORS-BEND    0.015  0.000  0.000                       0.000  0.000  0.000  0.046
    O(    3) S(    2) C(    1) H(    9)  -17.5  0.000  0.000  0.340  0.000  0.000  0.274              S
       TORS-BEND    0.015  0.000  0.000                       0.000  0.000  0.000  0.111
    O(    3) S(    2) C(    5) C(    6)  135.6  0.000  0.000  0.340  0.000  0.000  0.286              S
    O(    3) S(    2) C(    5) H(   10)   17.5  0.000  0.000  0.340  0.000  0.000  0.274              S
       TORS-BEND    0.015  0.000  0.000                       0.000  0.000  0.000  0.111
    O(    3) S(    2) C(    5) H(   11) -101.2  0.000  0.000  0.340  0.000  0.000  0.264              S
       TORS-BEND    0.015  0.000  0.000                       0.000  0.000  0.000  0.046
    O(    4) S(    2) C(    1) C(    7)   89.4  0.000  0.000  0.340  0.000  0.000  0.164              S
    O(    4) S(    2) C(    1) H(    8)  -33.9  0.000  0.000  0.340  0.000  0.000  0.136              S
       TORS-BEND    0.015  0.000  0.000                       0.000  0.000  0.000  0.042
    O(    4) S(    2) C(    1) H(    9) -152.5  0.000  0.000  0.340  0.000  0.000  0.148              S
       TORS-BEND    0.015  0.000  0.000                       0.000  0.000  0.000  0.003
    O(    4) S(    2) C(    5) C(    6)  -89.4  0.000  0.000  0.340  0.000  0.000  0.164              S
    O(    4) S(    2) C(    5) H(   10)  152.5  0.000  0.000  0.340  0.000  0.000  0.148              S
       TORS-BEND    0.015  0.000  0.000                       0.000  0.000  0.000  0.003
    O(    4) S(    2) C(    5) H(   11)   33.9  0.000  0.000  0.340  0.000  0.000  0.136              S
       TORS-BEND    0.015  0.000  0.000                       0.000  0.000  0.000  0.042
    C(    5) S(    2) C(    1) C(    7)  -22.5  0.477 -0.188 -0.753  0.059  0.010 -0.058              S
       TYPE-1-TS                         0.000  0.000  3.000                       0.021
       TORS-BEND   -0.015 -0.009  0.000                       0.000  0.000  0.000  0.482
    C(    5) S(    2) C(    1) H(    8) -145.7  0.000  0.000  0.347  0.000 -0.015  0.211              S
       TYPE-1-TS                         0.000  0.000  2.000                       0.013
       TORS-BEND   -0.012 -0.007  0.000                       0.000  0.000 -0.001  0.089
    C(    5) S(    2) C(    1) H(    9)   95.7  0.000  0.000  0.347  0.000 -0.015  0.223              S
       TYPE-1-TS                         0.000  0.000  2.000                       0.013
       TORS-BEND   -0.012 -0.007  0.000                       0.000  0.000 -0.001  0.374
    C(    5) C(    6) C(    7) H(   14) -122.5  0.000  0.000  0.290  0.000  0.000  0.289 -0.010  0.000 
       TYPE-1-TS                         0.000  0.000  0.840                      -0.042
    C(    5) C(    6) C(    7) H(   15)  121.7  0.000  0.000  0.290  0.000  0.000  0.289 -0.010 -0.001 
       TYPE-1-TS                         0.000  0.000  0.840                      -0.042
    C(    6) C(    7) C(    1) H(    8)  134.5  0.000  0.000  0.290  0.000  0.000  0.250 -0.010  0.005 
       TYPE-1-TS                         0.000  0.000  0.840                      -0.018
    C(    6) C(    7) C(    1) H(    9)  -99.1  0.000  0.000  0.290  0.000  0.000  0.211 -0.010  0.000 
       TYPE-1-TS                         0.000  0.000  0.840                      -0.015
    C(    7) C(    6) C(    5) H(   10)   99.1  0.000  0.000  0.290  0.000  0.000  0.211 -0.010  0.000 
       TYPE-1-TS                         0.000  0.000  0.840                      -0.015
    C(    7) C(    6) C(    5) H(   11) -134.5  0.000  0.000  0.290  0.000  0.000  0.250 -0.010  0.005 
       TYPE-1-TS                         0.000  0.000  0.840                      -0.018
    H(    8) C(    1) C(    7) H(   14) -103.2  0.000  0.000  0.300  0.000  0.000  0.246 -0.020  0.001 
       TYPE-1-TS                         0.000  0.000  0.840                      -0.017
    H(    8) C(    1) C(    7) H(   15)   13.6  0.000  0.000  0.300  0.000  0.000  0.263 -0.020 -0.002 
       TYPE-1-TS                         0.000  0.000  0.840                      -0.018
    H(    9) C(    1) C(    7) H(   14)   23.2  0.000  0.000  0.300  0.000  0.000  0.202 -0.020 -0.001 
       TYPE-1-TS                         0.000  0.000  0.840                      -0.014
    H(    9) C(    1) C(    7) H(   15)  140.0  0.000  0.000  0.300  0.000  0.000  0.225 -0.020  0.001 
       TYPE-1-TS                         0.000  0.000  0.840                      -0.015
    H(   10) C(    5) C(    6) H(   12)  -23.2  0.000  0.000  0.300  0.000  0.000  0.202 -0.020 -0.001 
       TYPE-1-TS                         0.000  0.000  0.840                      -0.014
    H(   10) C(    5) C(    6) H(   13) -140.0  0.000  0.000  0.300  0.000  0.000  0.225 -0.020  0.001 
       TYPE-1-TS                         0.000  0.000  0.840                      -0.015
    H(   11) C(    5) C(    6) H(   12)  103.2  0.000  0.000  0.300  0.000  0.000  0.246 -0.020  0.001 
       TYPE-1-TS                         0.000  0.000  0.840                      -0.017
    H(   11) C(    5) C(    6) H(   13)  -13.6  0.000  0.000  0.300  0.000  0.000  0.263 -0.020 -0.002 
       TYPE-1-TS                         0.000  0.000  0.840                      -0.018
    H(   12) C(    6) C(    7) H(   14)    0.0  0.000  0.000  0.300  0.000  0.000  0.300 -0.020  0.000 
       TYPE-1-TS                         0.000  0.000  0.840                      -0.042
    H(   12) C(    6) C(    7) H(   15) -115.8  0.000  0.000  0.300  0.000  0.000  0.296 -0.020  0.000 
       TYPE-1-TS                         0.000  0.000  0.840                      -0.041
    H(   13) C(    6) C(    7) H(   14)  115.8  0.000  0.000  0.300  0.000  0.000  0.296 -0.020  0.000 
       TYPE-1-TS                         0.000  0.000  0.840                      -0.041
    H(   13) C(    6) C(    7) H(   15)    0.0  0.000  0.000  0.300  0.000  0.000  0.300 -0.020 -0.001 
       TYPE-1-TS                         0.000  0.000  0.840                      -0.042


 ==============================================================================
                        NORMAL MODE VIBRATIONAL ANALYSIS
 ==============================================================================


             Molecular Shape : ASYMMETRIC ROTOR WITH KAPPA =-0.805539
        Symmetry Point Group : Cs  
             Symmetry Number :  1
                   Chirality :  no



0       FUNDAMENTAL NORMAL VIBRATIONAL FREQUENCIES
                ( THEORETICALLY  39 VALUES )

             Frequency :  in 1/cm
             A(i)      :  IR intensity (vs,s,m,w,vw,-- or in 10**6 cm/mole)
             A(i) = -- :  IR inactive


             no       Frequency   Symmetry      A(i)

             1.          3039.2     (A`  )        m
             2.          3038.3     (A"  )        w
             3.          2972.4     (A`  )        m
             4.          2971.6     (A"  )        m
             5.          2935.9     (A`  )        s
             6.          2929.7     (A"  )       vw
             7.          2890.0     (A`  )        m
             8.          2878.9     (A"  )        w
             9.          1515.2     (A`  )        w
            10.          1496.9     (A"  )        w
            11.          1444.2     (A"  )        w
            12.          1438.9     (A`  )        w
            13.          1427.2     (A`  )        m
            14.          1415.3     (A"  )        w
            15.          1405.6     (A`  )        w
            16.          1273.8     (A`  )        w
            17.          1252.5     (A"  )       vw
            18.          1227.0     (A"  )        w
            19.          1221.9     (A`  )        w
            20.          1158.5     (A`  )        w
            21.          1142.7     (A"  )       vw
            22.          1119.2     (A`  )        w
            23.          1033.2     (A`  )        w
            24.           974.0     (A"  )       vw
            25.           952.6     (A"  )        w
            26.           880.9     (A`  )        w
            27.           842.0     (A"  )        w
            28.           801.4     (A`  )        w
            29.           749.0     (A"  )       vw
            30.           739.4     (A`  )        w
            31.           703.4     (A`  )        w
            32.           546.5     (A"  )        w
            33.           518.3     (A`  )        m
            34.           395.1     (A`  )        w
            35.           368.3     (A"  )        m
            36.           363.0     (A`  )        w
            37.           340.5     (A"  )        w
            38.          -148.3     (imag)        w
            39.            99.4     (A`  )        w
            40.     (       0.0)    (t/r )
            41.     (       0.0)    (t/r )
            42.     (       0.0)    (t/r )
            43.     (       0.0)    (t/r )
            44.     (       0.0)    (t/r )
            45.     (       0.0)    (t/r )


0       CORRESPONDING EIGEN VECTOR MATRIX   45 BY  45



 (  1)
    -0.008    0.028   -0.057    0.000    0.000    0.000    0.000    0.000
     0.000    0.000    0.000    0.000   -0.008   -0.028   -0.057    0.001
     0.000   -0.001    0.001    0.000   -0.001    0.140   -0.426    0.334
    -0.044    0.102    0.348   -0.044   -0.102    0.348    0.140    0.426
     0.334    0.006    0.000    0.003   -0.012    0.002    0.014    0.006
     0.000    0.003   -0.012   -0.002    0.014

 (  2)
    -0.008    0.027   -0.057    0.000    0.000    0.000    0.000    0.000
     0.000    0.000    0.001    0.000    0.008    0.027    0.057    0.000
     0.000    0.001    0.000    0.000   -0.001    0.139   -0.424    0.333
    -0.045    0.103    0.351    0.045    0.103   -0.352   -0.140   -0.424
    -0.333   -0.008    0.001   -0.004    0.012   -0.001   -0.013    0.008
     0.001    0.004   -0.012   -0.001    0.013

 (  3)
    -0.016    0.042    0.027   -0.001    0.000    0.000    0.000    0.000
     0.000    0.000    0.000    0.000   -0.016   -0.042    0.027    0.005
    -0.001    0.001    0.005    0.001    0.001    0.097   -0.293    0.214
     0.076   -0.179   -0.531    0.076    0.179   -0.531    0.097    0.293
     0.214   -0.036    0.015   -0.032   -0.007    0.006    0.013   -0.036
    -0.015   -0.032   -0.007   -0.006    0.013

 (  4)
    -0.015    0.041    0.027    0.000   -0.001    0.000    0.000    0.000
     0.000    0.000    0.000    0.000    0.015    0.041   -0.027   -0.004
     0.001   -0.001    0.004    0.001    0.001    0.098   -0.296    0.216
     0.076   -0.178   -0.529   -0.076   -0.179    0.530   -0.098   -0.296
    -0.217    0.031   -0.012    0.027    0.006   -0.004   -0.010   -0.031
    -0.012   -0.027   -0.006   -0.004    0.010

 (  5)
     0.000   -0.001   -0.003    0.000    0.000    0.000    0.000    0.000
     0.000    0.000    0.000    0.000    0.000    0.001   -0.003    0.013
    -0.002    0.062    0.013    0.002    0.062   -0.004    0.002    0.000
     0.002    0.008    0.030    0.002   -0.008    0.030   -0.004   -0.002
     0.000   -0.315    0.176   -0.344    0.161   -0.149   -0.389   -0.315
    -0.176   -0.344    0.161    0.149   -0.389

 (  6)
     0.000   -0.001   -0.003    0.000    0.000    0.000    0.000    0.000
     0.000    0.000    0.000    0.000    0.000   -0.001    0.003   -0.013
     0.002   -0.063    0.013    0.002    0.063   -0.004    0.000    0.002
     0.003    0.007    0.028   -0.003    0.007   -0.028    0.004    0.000
    -0.002    0.318   -0.164    0.346   -0.162    0.137    0.392   -0.318
    -0.164   -0.346    0.162    0.137   -0.392

 (  7)
     0.000    0.003    0.001    0.000    0.000    0.000    0.000    0.000
     0.000    0.000    0.000    0.000    0.000   -0.003    0.001   -0.043
     0.030    0.011   -0.043   -0.030    0.011    0.006   -0.026    0.021
     0.004   -0.011   -0.033    0.004    0.011   -0.033    0.006    0.026
     0.021    0.296   -0.165    0.298    0.199   -0.176   -0.430    0.296
     0.165    0.298    0.199    0.176   -0.430

 (  8)
    -0.001   -0.002   -0.001    0.000    0.000    0.000    0.000    0.000
     0.000    0.000    0.000    0.000    0.001   -0.002    0.001   -0.044
     0.027    0.011    0.044    0.027   -0.011   -0.004    0.021   -0.017
    -0.003    0.009    0.028    0.003    0.009   -0.028    0.004    0.021
     0.017    0.299   -0.159    0.301    0.201   -0.168   -0.433   -0.299
    -0.159   -0.301   -0.201   -0.168    0.433

 (  9)
    -0.008    0.008    0.002   -0.002    0.000    0.001    0.001    0.000
    -0.001    0.000    0.000   -0.001   -0.008   -0.008    0.002    0.048
    -0.037   -0.008    0.048    0.037   -0.008    0.017   -0.017   -0.047
     0.025   -0.043    0.026    0.025    0.043    0.026    0.017    0.017
    -0.047   -0.202    0.196    0.371   -0.304    0.233   -0.284   -0.202
    -0.196    0.371   -0.304   -0.233   -0.284

 ( 10)
     0.015   -0.016   -0.003    0.000    0.000    0.000    0.000   -0.001
     0.000    0.000    0.000    0.000   -0.015   -0.016    0.003    0.071
    -0.003   -0.009   -0.071   -0.003    0.009   -0.017    0.023    0.071
    -0.041    0.066   -0.042    0.041    0.066    0.042    0.017    0.023
    -0.071   -0.268    0.056    0.363   -0.373    0.084   -0.251    0.268
     0.056   -0.363    0.373    0.084    0.251

 ( 11)
     0.026   -0.038   -0.006    0.000    0.001    0.000    0.000   -0.001
     0.000    0.000    0.000    0.000   -0.026   -0.038    0.006    0.057
     0.078   -0.010   -0.057    0.078    0.010   -0.019    0.060    0.157
    -0.059    0.168   -0.091    0.059    0.168    0.091    0.019    0.060
    -0.157   -0.062   -0.341   -0.107   -0.038   -0.376    0.119    0.062
    -0.341    0.107    0.038   -0.376   -0.119

 ( 12)
     0.024   -0.057   -0.005    0.008    0.000   -0.023   -0.019    0.000
     0.018    0.004    0.000    0.022    0.024    0.057   -0.005   -0.037
    -0.071    0.002   -0.037    0.071    0.002   -0.036    0.121    0.276
    -0.086    0.319   -0.151   -0.086   -0.319   -0.151   -0.036   -0.121
     0.276    0.119    0.200   -0.008    0.142    0.235   -0.040    0.119
    -0.200   -0.008    0.142   -0.235   -0.040

 ( 13)
    -0.014    0.005    0.010    0.030    0.000   -0.108   -0.079    0.000
     0.088    0.024    0.000    0.113   -0.014   -0.005    0.010    0.021
     0.039   -0.003    0.021   -0.039   -0.003   -0.041    0.004    0.017
     0.078    0.089   -0.003    0.078   -0.089   -0.003   -0.041   -0.004
     0.017   -0.087   -0.100    0.027   -0.088   -0.099    0.003   -0.087
     0.100    0.027   -0.088    0.099    0.003

 ( 14)
    -0.008    0.038    0.008    0.000    0.001    0.000    0.000    0.001
     0.000    0.000    0.000    0.000    0.008    0.038   -0.008    0.037
     0.037   -0.012   -0.037    0.037    0.012    0.068   -0.203   -0.350
     0.116   -0.404    0.175   -0.116   -0.404   -0.175   -0.068   -0.203
     0.350   -0.095   -0.140    0.023   -0.099   -0.169    0.004    0.095
    -0.140   -0.023    0.099   -0.169   -0.004

 ( 15)
     0.007   -0.019   -0.011   -0.005    0.000    0.036    0.024    0.000
    -0.028   -0.009    0.000   -0.041    0.007    0.019   -0.011    0.036
     0.069   -0.008    0.036   -0.069   -0.008   -0.059    0.172    0.272
    -0.113    0.291   -0.131   -0.113   -0.291   -0.131   -0.059   -0.172
     0.272   -0.182   -0.173    0.070   -0.203   -0.200   -0.007   -0.182
     0.173    0.070   -0.203    0.200   -0.007

 ( 16)
    -0.024   -0.009   -0.035    0.005    0.000    0.002   -0.004    0.000
     0.003    0.000    0.000   -0.004   -0.024    0.009   -0.035    0.007
    -0.008    0.033    0.007    0.008    0.033   -0.002    0.041    0.013
     0.126    0.002   -0.026    0.126   -0.002   -0.026   -0.002   -0.041
     0.013    0.297    0.391   -0.026   -0.272   -0.350    0.049    0.297
    -0.391   -0.026   -0.272    0.350    0.049

 ( 17)
     0.012    0.002   -0.021    0.000    0.000    0.000    0.000   -0.001
     0.000    0.000    0.001    0.000   -0.012    0.002    0.021    0.012
     0.004    0.044   -0.012    0.004   -0.044    0.046    0.022   -0.016
    -0.135   -0.070   -0.024    0.135   -0.070    0.024   -0.046    0.022
     0.016   -0.187   -0.431    0.024    0.217    0.410   -0.011    0.187
    -0.431   -0.024   -0.217    0.410    0.011

 ( 18)
     0.111    0.032    0.008    0.000   -0.008    0.000    0.000   -0.002
     0.000    0.000   -0.001    0.000   -0.111    0.032   -0.008    0.030
    -0.008    0.011   -0.030   -0.008   -0.011   -0.128   -0.061   -0.008
    -0.489   -0.160   -0.011    0.489   -0.160    0.011    0.128   -0.061
     0.008    0.152    0.116   -0.034   -0.006   -0.033    0.003   -0.152
     0.116    0.034    0.006   -0.033   -0.003

 ( 19)
    -0.114   -0.021    0.007    0.024    0.000    0.016   -0.004    0.000
     0.004   -0.013    0.000   -0.049   -0.114    0.021    0.007    0.032
     0.011    0.001    0.032   -0.011    0.002    0.154    0.072    0.012
     0.442    0.166    0.025    0.442   -0.166    0.025    0.154   -0.072
     0.012    0.018   -0.066   -0.018    0.116    0.124   -0.007    0.018
     0.066   -0.018    0.116   -0.124   -0.007

 ( 20)
    -0.027   -0.005    0.004    0.070    0.000    0.014   -0.086    0.000
     0.086   -0.028    0.000   -0.086   -0.027    0.005    0.004    0.011
     0.005   -0.020    0.011   -0.005   -0.020    0.294    0.087   -0.011
    -0.330   -0.103   -0.006   -0.330    0.103   -0.006    0.294   -0.087
    -0.011    0.016    0.044   -0.008    0.015   -0.026   -0.011    0.016
    -0.044   -0.008    0.015    0.026   -0.011

 ( 21)
    -0.064   -0.015    0.027    0.000    0.001    0.000    0.000    0.005
     0.000    0.000   -0.002    0.000    0.064   -0.015   -0.027   -0.029
     0.008    0.042    0.029    0.008   -0.042    0.508    0.136   -0.019
    -0.309   -0.036    0.004    0.309   -0.036   -0.004   -0.508    0.136
     0.019    0.032    0.017   -0.007   -0.154   -0.063    0.024   -0.032
     0.017    0.007    0.154   -0.063   -0.024

 ( 22)
     0.055    0.001   -0.014    0.047    0.000    0.015   -0.069    0.000
     0.064   -0.031    0.000   -0.110    0.055   -0.001   -0.014   -0.027
    -0.003    0.022   -0.027    0.003    0.022   -0.407   -0.142    0.000
     0.196    0.002    0.003    0.196   -0.002    0.003   -0.407    0.142
     0.000   -0.038   -0.042    0.014   -0.041    0.031    0.009   -0.038
     0.042    0.014   -0.041   -0.031    0.009

 ( 23)
    -0.053    0.052    0.004    0.001    0.000    0.000    0.008    0.000
    -0.004    0.002    0.000    0.005   -0.053   -0.052    0.004    0.059
     0.103   -0.004    0.059   -0.103   -0.004   -0.295    0.015    0.052
    -0.175   -0.026    0.014   -0.175    0.026    0.014   -0.295   -0.015
     0.052    0.165    0.212   -0.047    0.124    0.223   -0.021    0.165
    -0.212   -0.047    0.124   -0.223   -0.021

 ( 24)
    -0.031    0.005   -0.073    0.000    0.007    0.000    0.000   -0.003
     0.000    0.000    0.006    0.000    0.031    0.005    0.073   -0.047
    -0.005   -0.102    0.047   -0.005    0.102   -0.026    0.156    0.113
    -0.169   -0.213   -0.028    0.169   -0.213    0.028    0.026    0.156
    -0.113   -0.269    0.073    0.134    0.201   -0.138    0.048    0.269
     0.073   -0.134   -0.201   -0.138   -0.048

 ( 25)
    -0.072   -0.004    0.037    0.000    0.032    0.000    0.000    0.004
     0.000    0.000   -0.004    0.000    0.072   -0.004   -0.037   -0.090
    -0.011    0.041    0.090   -0.011   -0.041   -0.374   -0.158   -0.032
    -0.206    0.037    0.009    0.206    0.037   -0.009    0.374   -0.158
     0.032   -0.114   -0.132    0.002   -0.190   -0.072    0.025    0.114
    -0.132   -0.002    0.190   -0.072   -0.025

 ( 26)
     0.004    0.015   -0.109    0.002    0.000    0.012   -0.019    0.000
     0.010    0.018    0.000    0.035    0.004   -0.015   -0.109   -0.010
     0.001    0.057   -0.010   -0.001    0.057    0.028    0.273    0.207
     0.068   -0.296   -0.007    0.068    0.296   -0.007    0.028   -0.273
     0.207    0.050   -0.172   -0.083   -0.105    0.179   -0.048    0.050
     0.172   -0.083   -0.105   -0.179   -0.048

 ( 27)
    -0.012    0.135   -0.002    0.000   -0.082    0.000    0.000    0.009
     0.000    0.000    0.010    0.000    0.012    0.135    0.002   -0.008
    -0.040    0.024    0.008   -0.040   -0.024   -0.058    0.248    0.154
     0.066   -0.019    0.061   -0.066   -0.019   -0.061    0.058    0.248
    -0.154    0.003   -0.137   -0.034   -0.131   -0.081   -0.013   -0.003
    -0.137    0.034    0.131   -0.080    0.013

 ( 28)
     0.072    0.029    0.003   -0.008    0.000   -0.002   -0.008    0.000
     0.003   -0.003    0.000   -0.009    0.072   -0.029    0.003   -0.084
     0.108   -0.012   -0.084   -0.108   -0.012    0.232    0.096    0.023
     0.184    0.013    0.023    0.184   -0.013    0.023    0.232   -0.096
     0.023   -0.120    0.252    0.088    0.052    0.081    0.059   -0.120
    -0.252    0.088    0.052   -0.081    0.059

 ( 29)
    -0.018   -0.048   -0.079    0.000    0.047    0.000    0.000   -0.016
     0.000    0.000    0.006    0.000    0.018   -0.048    0.079    0.014
     0.004    0.046   -0.014    0.004   -0.046   -0.102    0.162    0.225
     0.087   -0.346    0.026   -0.087   -0.346   -0.026    0.102    0.162
    -0.225    0.200   -0.023   -0.140   -0.202    0.059   -0.066   -0.200
    -0.023    0.140    0.202    0.059    0.066

 ( 30)
    -0.006    0.105   -0.003   -0.019    0.000   -0.002   -0.011    0.000
     0.023    0.005    0.000   -0.016   -0.006   -0.105   -0.003    0.025
    -0.068   -0.042    0.025    0.068   -0.042   -0.081    0.222    0.173
     0.068   -0.057    0.060    0.068    0.057    0.060   -0.081   -0.222
     0.173   -0.123    0.078    0.173    0.255   -0.208    0.106   -0.123
    -0.078    0.173    0.255    0.208    0.106

 ( 31)
    -0.035   -0.117   -0.040    0.038    0.000    0.019    0.004    0.000
    -0.028    0.005    0.000    0.050   -0.035    0.117   -0.040   -0.011
     0.021   -0.032   -0.011   -0.021   -0.032   -0.125   -0.062    0.073
    -0.003   -0.236    0.000   -0.003    0.236    0.000   -0.125    0.062
     0.073   -0.191    0.121    0.184    0.192   -0.110    0.105   -0.191
    -0.121    0.184    0.192    0.110    0.105

 ( 32)
    -0.080    0.031    0.017    0.000    0.065    0.000    0.000    0.003
     0.000    0.000   -0.022    0.000    0.080    0.031   -0.017    0.114
    -0.099   -0.017   -0.114   -0.099    0.017   -0.040    0.018   -0.018
    -0.095    0.053    0.008    0.095    0.053   -0.008    0.040    0.018
     0.018    0.107   -0.063    0.008    0.144   -0.083   -0.011   -0.107
    -0.063   -0.008   -0.144   -0.083    0.011

 ( 33)
    -0.010    0.060    0.020    0.103    0.000    0.009   -0.011    0.000
    -0.122   -0.105    0.000    0.069   -0.010   -0.060    0.020   -0.040
    -0.017    0.004   -0.040    0.017    0.004   -0.031    0.044    0.009
    -0.011    0.049    0.023   -0.011   -0.049    0.023   -0.031   -0.044
     0.009   -0.013   -0.014   -0.020   -0.063   -0.002   -0.011   -0.013
     0.014   -0.020   -0.063    0.002   -0.011

 ( 34)
     0.044    0.005   -0.051   -0.025    0.000    0.063   -0.155    0.000
    -0.050    0.007    0.000    0.060    0.044   -0.005   -0.051    0.066
     0.004   -0.019    0.066   -0.004   -0.019    0.063   -0.070   -0.155
     0.046    0.135   -0.090    0.046   -0.135   -0.090    0.063    0.070
    -0.155    0.043    0.010    0.005    0.103   -0.002   -0.002    0.043
    -0.010    0.005    0.103    0.002   -0.002

 ( 35)
    -0.055   -0.043   -0.054    0.000   -0.074    0.000    0.000    0.062
     0.000    0.000    0.165    0.000    0.055   -0.043    0.054    0.037
    -0.007    0.011   -0.037   -0.007   -0.011   -0.074   -0.100   -0.119
    -0.088    0.027   -0.080    0.088    0.027    0.080    0.074   -0.100
     0.119    0.076    0.032   -0.006    0.020   -0.002    0.002   -0.076
     0.032    0.006   -0.020   -0.002   -0.002

 ( 36)
    -0.056    0.051   -0.052    0.034    0.000    0.043    0.023    0.000
     0.031    0.144    0.000    0.021   -0.056   -0.051   -0.052   -0.078
    -0.007   -0.017   -0.078    0.007   -0.017   -0.060   -0.045   -0.171
    -0.076    0.173   -0.093   -0.076   -0.173   -0.093   -0.060    0.045
    -0.171   -0.092    0.005    0.001   -0.046   -0.003   -0.006   -0.092
    -0.005    0.001   -0.046    0.003   -0.006

 ( 37)
     0.024    0.040   -0.069    0.000    0.037    0.000    0.000   -0.178
     0.000    0.000    0.077    0.000   -0.024    0.040    0.069   -0.019
    -0.025    0.027    0.019   -0.025   -0.027    0.068   -0.020   -0.164
     0.011    0.142   -0.103   -0.011    0.142    0.103   -0.068   -0.020
     0.164   -0.017   -0.020    0.028   -0.051   -0.074    0.033    0.017
    -0.020   -0.028    0.051   -0.074   -0.033

 ( 38)
     0.007   -0.016    0.043    0.000    0.003    0.000    0.000   -0.015
     0.000    0.000    0.038    0.000   -0.007   -0.016   -0.043    0.020
     0.002    0.114   -0.020    0.002   -0.114   -0.042    0.050    0.144
     0.085   -0.120    0.083   -0.085   -0.120   -0.083    0.042    0.050
    -0.144   -0.111    0.143    0.300    0.213   -0.135    0.242    0.111
     0.143   -0.300   -0.213   -0.135   -0.242

 ( 39)
     0.000    0.018   -0.087   -0.002    0.000   -0.020    0.072    0.000
     0.050   -0.104    0.000    0.005    0.000   -0.018   -0.087    0.020
     0.002    0.081    0.020   -0.002    0.081    0.056   -0.059   -0.205
    -0.080    0.146   -0.135   -0.080   -0.146   -0.135    0.056    0.059
    -0.205   -0.070    0.009    0.165    0.142    0.002    0.131   -0.070
    -0.009    0.165    0.142   -0.002    0.131

 ( 40)
     0.001    0.020    0.060    0.000    0.013    0.099    0.027    0.017
     0.124   -0.036    0.001    0.107    0.013    0.020    0.080    0.004
     0.025    0.040   -0.002    0.025    0.029   -0.020    0.014    0.062
     0.026    0.027    0.062    0.041    0.027    0.086   -0.001    0.014
     0.094    0.026    0.033    0.025   -0.019    0.019    0.033    0.016
     0.033    0.008   -0.029    0.019    0.016

 ( 41)
    -0.073   -0.003   -0.004   -0.089    0.010    0.002   -0.090    0.026
     0.001   -0.089    0.008    0.001   -0.106   -0.003    0.007   -0.099
    -0.020    0.005   -0.080   -0.020   -0.001   -0.063   -0.002   -0.007
    -0.070    0.003   -0.005   -0.110    0.003    0.009   -0.115   -0.002
     0.011   -0.103   -0.026    0.007   -0.103   -0.029    0.007   -0.076
    -0.026   -0.002   -0.075   -0.029   -0.002

 ( 42)
     0.024   -0.079    0.103    0.002   -0.043    0.019   -0.003   -0.088
     0.015    0.008    0.044    0.018   -0.023   -0.079   -0.055   -0.012
    -0.089   -0.015    0.015   -0.089    0.076    0.041   -0.035    0.150
     0.025   -0.137    0.120   -0.033   -0.137   -0.073   -0.035   -0.035
    -0.104   -0.022   -0.146   -0.034   -0.014   -0.040   -0.034    0.018
    -0.146    0.100    0.025   -0.040    0.098

 ( 43)
     0.082    0.016   -0.006    0.012    0.072    0.000    0.039    0.100
     0.025   -0.023    0.110    0.009   -0.044    0.016   -0.050   -0.023
    -0.045   -0.076    0.050   -0.045   -0.051    0.103    0.039    0.014
     0.123    0.006    0.002   -0.031    0.006   -0.051   -0.099    0.039
    -0.056   -0.021   -0.090   -0.099   -0.064   -0.048   -0.091    0.086
    -0.090   -0.062    0.041   -0.048   -0.055

 ( 44)
    -0.052    0.043    0.070   -0.012    0.026   -0.006   -0.007   -0.067
    -0.002   -0.017    0.099   -0.005    0.031    0.043   -0.092    0.012
     0.100   -0.063   -0.035    0.100    0.030   -0.079    0.075    0.120
    -0.057   -0.023    0.089    0.044   -0.023   -0.109    0.053    0.075
    -0.139    0.027    0.075   -0.088    0.019    0.169   -0.085   -0.043
     0.075    0.049   -0.050    0.169    0.049

 ( 45)
     0.015    0.027    0.057    0.008    0.046   -0.007   -0.048    0.058
    -0.059    0.082    0.057   -0.025   -0.029    0.027    0.046   -0.007
     0.005    0.123    0.018    0.005    0.129    0.064    0.034    0.045
    -0.035    0.025    0.050   -0.089    0.025    0.037   -0.007    0.034
     0.028   -0.054   -0.009    0.158    0.038    0.003    0.142   -0.017
    -0.009    0.167    0.075    0.003    0.151


                VIBRATIONAL AMPLITUDE AND CENTRIFUGAL DISTORTION
                 CONTRIBUTIONS TO THE BOND LENGTH AT   298.16 K

                 Note: Excludes contributions from frequencies
                       lower than 40 (1/cm).

                R(e)   = r(mm4) - 1.5 * anh * <Z**2>(298.16)
                R(z)   = R(e) + 1.5 * anh * <Z**2>(0) - <K>(0))
                R(s)   = [R(e) + R(z)] / 2
                R(alp) = R(e) + 1.5 * anh * <Z**2>(T) - <K>(T) - <C>(T)
                R(g)   = R(e) + 1.5 * anh * <Z**2>(T)
                R(a)   = [R(g) + sqrt(R(g)**2-4*<Z**2>(T))] / 2

                       anh = anharmonicity (2.00)
                    <Z**2> = mean-square vibrational amplitude
                       <K> = perpendicular vibrational amplitude
                       <C> = centrifugal correction

        BOND          R(g)      R(z)      R(e)     R(alp)     R(s)      R(a)
    2( S)-  1( C)    1.7906    1.7887    1.7833    1.7885    1.7860    1.7893
    3( O)-  2( S)    1.4583    1.4557    1.4545    1.4551    1.4551    1.4574
    4( O)-  2( S)    1.4587    1.4562    1.4550    1.4557    1.4556    1.4578
    5( C)-  2( S)    1.7906    1.7887    1.7833    1.7885    1.7860    1.7893
    6( C)-  5( C)    1.5508    1.5476    1.5431    1.5471    1.5453    1.5491
    7( C)-  1( C)    1.5508    1.5476    1.5431    1.5471    1.5453    1.5491
    7( C)-  6( C)    1.5783    1.5765    1.5695    1.5765    1.5730    1.5764
    8( H)-  1( C)    1.1008    1.0862    1.0827    1.0856    1.0845    1.0953
    9( H)-  1( C)    1.1033    1.0894    1.0851    1.0889    1.0873    1.0977
   10( H)-  5( C)    1.1033    1.0894    1.0851    1.0889    1.0873    1.0977
   11( H)-  5( C)    1.1008    1.0862    1.0827    1.0856    1.0845    1.0953
   12( H)-  6( C)    1.1122    1.0999    1.0935    1.0995    1.0967    1.1066
   13( H)-  6( C)    1.1128    1.1005    1.0940    1.1001    1.0973    1.1071
   14( H)-  7( C)    1.1122    1.0999    1.0935    1.0995    1.0967    1.1066
   15( H)-  7( C)    1.1128    1.1005    1.0940    1.1001    1.0973    1.1071


                  Non-Bonded Atom Pair Distance Table
        (Distance greater than 82% of VDW distance are not printed)

        PAIR        Dist(g)   Dist(z)
    8( H),  4( O)    2.6931    2.6893       1,4
    9( H),  3( O)    2.5998    2.5960       1,4
   10( H),  3( O)    2.5998    2.5960       1,4
   11( H),  4( O)    2.6931    2.6893       1,4
   12( H), 10( H)    2.3720    2.3610       1,4
   13( H), 11( H)    2.4054    2.3941       1,4
   14( H),  9( H)    2.3720    2.3610       1,4
   14( H), 12( H)    2.3265    2.3207       1,4
   15( H),  8( H)    2.4054    2.3941       1,4
   15( H), 13( H)    2.2877    2.2820       1,4


         THE MOMENTS OF INERTIA CALCULATED FROM R(g), R(z) VALUES
                  (also from R(e), R(alpha), R(s) VALUES)

         Note: (1) All calculations are based on principle isotopes.
               (2) R(z) values include harmonic vibration (Coriolis)
                   contribution indicated in parentheses.
               (3) This molecule contains frequencies lower than
                   40 (1/cm).  The vibrational amplitudes 
                   contributed by those frequencies are excluded.


   (1)  UNIT = 10**(-39) GM*CM**2

                    IX                   IY                   IZ

   R(e)        23.0004              40.5006              44.0800
   R(z)        23.1311(-0.0005)     40.6969(-0.0016)     44.3743( 0.0187)

   (2)  UNIT = AU A**2

                    IX                   IY                   IZ

   R(e)       138.5267             243.9271             265.4849
   R(z)       139.3140(-0.0031)    245.1094(-0.0094)    267.2577( 0.1129)


 ==============================================================================
                      STATISTICAL THERMODYNAMICS ANALYSIS
 ==============================================================================

  Structure name    : sulfolane-envelope                                          
  Temperature       :   298.16 K
  Symmetry number   :   1
  Optical isomers   :   1
  Zero Point Energy :   75.061 Kcal/mol


                     ENERGY** ENTHALPY**  ENTROPY  FREE ENERGY** HEAT CAPACITY**
                  (Kcal/mol) (Kcal/mol)     (eu)   (Kcal/mol)    (cal/mol/deg)
  Translational       0.889      0.889     40.267    -11.117         2.981
     Rotational       0.889      0.889     27.536     -7.321         2.981
    Vibrational*     77.132%    77.132%    11.069     73.831%       17.800
         PV(RT)       0.000      0.593      0.000      0.593         1.987
      Potential      17.805#    17.805#     0.000     17.805#        0.000
         Mixing       0.000      0.000      0.000      0.000         0.000
          Total*     96.715     97.307     78.873     73.791        25.749

  Enthalpy Function (H-Ho)/T     =   14.90 cal/mol/deg
  Free Energy Function -(G-Ho)/T =   63.98 cal/mol/deg

  % Includes zero point energy (ZPE).
  * Excludes contribution from frequencies lower than 10 (1/cm).
  # Includes steric energy (SE).
    Internal rotation contributions are not considered
 ** These quantities are relative to the R(e) values (
    bottom of potential well) and do NOT include bonding

  This structure has   1 imaginary frequencies,
                       0 free internal rotation (fir) frequencies
                         (>= 0,< 10 /cm),
                       0 restricted internal rotation (rir) frequencies
                         (>= 10,< 40 /cm),
                       6 zero frequencies, and
                      38 real frequencies.


      FINAL STERIC ENERGY IS               17.8054 KCAL/MOL.


                  COMPRESSION               1.2303
                  STRETCH-STRETCH          -0.0001
                  BENDING                   4.0139
                  BEND-BEND                 0.0822
                  STRETCH-BEND              0.2504
                  VANDERWAALS
                    1,4 ENERGY              0.9418
                    OTHER                  -0.4000
                  H-BONDING                 0.0000
                  PI-COMPLX                 0.0000
                  TORSIONAL                10.9842
                  TORSION-STRETCH          -0.5721
                  TORSION-BEND              2.3788
                  BEND-TORSION-BEND        -0.0072
                  TORSION-IMPT              0.0000
                  IMPT-TORSION-IMPT         0.0000
                  TORSION-TORSION           0.0000
                  DIPOLE-DIPOLE             0.0000
                  CHARGE-DIPOLE             0.0000
                  IND-DIP CORR.            -1.0968
                  CHARGE-CHARGE             0.0000


      MOLECULAR POLARIZABILITIES (A**3)

        ALPHA(1)   =      16.60
        ALPHA(2)   =      15.24
        ALPHA(3)   =      14.84
        AVG. ALPHA =      15.56


      DIPOLE MOMENT =          4.4272 D

        SIGMA-DIPOLE MOMENT =  4.4272 (X =  4.2866    Y =  0.0000    Z =  1.1069)


      DIPOLE MOMENT =          5.1373 D (INCLUDES INDUCED BOND MOMENTS)

        SIGMA-DIPOLE MOMENT =  5.1373 (X =  5.0324    Y =  0.0000    Z =  1.0328)


      OTHER MOLECULAR PROPERTIES:

        Molar Polarizability:    41.8403 cm**3/mole
        Molar Refraction:        39.2390 cm**3/mole
        Radius of Gyration:       2.3352 A
        Molecular VDW Surface:  176.1818 A**2
        Molecular VDW Volume:   158.4738 A**3
        Dispersion Energy:       -7.5584 Kcal/mole
        Density (gas):          0.004908 g/cm**3 (@  298.2 K, 1 atm)
        Density (cdn):            1.0862 g/cm**3 (@STP Estd.)
        Ref. Index (gas):       1.002408 (@  298.2 K, 1 atm)
        Ref. Index (cdn):         1.6286 (@STP Estd.)
        Diel. Constant (gas):     1.0657 (@  298.2 K, 1 atm)
        Diel. Constant (cdn):   154.1227 (@STP Estd.)



      TOTAL ATOMIC CHARGE ON EACH ATOM (in ELECTRON CHARGE)

           C(    1):          0.118
           S(    2):          0.247
           O(    3):         -0.298
           O(    4):         -0.299
           C(    5):          0.118
           C(    6):         -0.008
           C(    7):          0.040
           H(    8):          0.013
           H(    9):          0.014
           H(   10):          0.014
           H(   11):          0.013
           H(   12):          0.007
           H(   13):          0.007
           H(   14):          0.007
           H(   15):          0.007

      -----------------------------------------------------------------

        END OF sulfolane-envelope                                          


           TOTAL CPU TIME IS      0.12 SECONDS.

           THIS JOB COMPLETED AT    12:18:34
