 
               ---------------------------------------------
               WARNING : INCORRECT ATOM TYPES GIVEN IN INPUT
                         DATA ARE CORRECTED AS FOLLOWS
               ---------------------------------------------


             Atom type of atom    1 is replaced by   1 (was   0)
             Atom type of atom    2 is replaced by   1 (was   0)
             Atom type of atom    3 is replaced by   1 (was   0)
             Atom type of atom    4 is replaced by   1 (was   0)
             Atom type of atom    5 is replaced by   1 (was   0)
             Atom type of atom    6 is replaced by   1 (was   0)
             Atom type of atom    7 is replaced by   5 (was   0)
             Atom type of atom    8 is replaced by   5 (was   0)
             Atom type of atom    9 is replaced by   5 (was   0)
             Atom type of atom   10 is replaced by   5 (was   0)
             Atom type of atom   11 is replaced by   5 (was   0)
             Atom type of atom   12 is replaced by   5 (was   0)
             Atom type of atom   13 is replaced by   5 (was   0)
             Atom type of atom   14 is replaced by   5 (was   0)
             Atom type of atom   15 is replaced by   5 (was   0)
             Atom type of atom   16 is replaced by   5 (was   0)
             Atom type of atom   17 is replaced by   5 (was   0)
             Atom type of atom   18 is replaced by  11 (was   0)
 
     florocyclohexane-eq                                         

               CHEMICAL FORMULA :  C(    6)  H(   11)  F(    1) 
               FORMULA WEIGHT   :    102.086
                                                               DATE 26-MAY-23
                                                               TIME  16:47:28


          THE COORDINATES OF    18 ATOMS ARE READ IN.
          SOME CONSTANTS WILL BE READ IN.

      CONFORMATIONAL ENERGY, PART 1:  GEOMETRY AND STERIC ENERGY
                                      OF INITIAL CONFORMATION.


      CONNECTED ATOMS
          1-    2-    3-    5-    6-
          1-    4-    6-

      ATTACHED ATOMS
          1-    7,    1-    8,    2-    9,    2-   17,    3-   10,    3-   11,
          4-   12,    4-   18,    5-   13,    5-   14,    6-   15,    6-   16,

      INITIAL ATOMIC COORDINATES
           ATOM          X           Y           Z      TYPE
         C(    1)    -0.15161     1.51516    -0.17007   (  1)
         C(    2)    -1.65614     1.51447     0.20962   (  1)
         C(    3)    -2.37410     0.22997    -0.28216   (  1)
         C(    4)     0.56723     0.23001     0.32405   (  1)
         C(    5)    -1.65611    -1.05451     0.20965   (  1)
         C(    6)    -0.15160    -1.05515    -0.17010   (  1)
         H(    7)     0.32847     2.39265     0.27156   (  5)
         H(    8)    -0.05637     1.59281    -1.25732   (  5)
         H(    9)    -2.13999     2.38969    -0.23184   (  5)
         H(   10)    -2.40701     0.22999    -1.37548   (  5)
         H(   11)    -3.40451     0.23002     0.08279   (  5)
         H(   12)     0.58741     0.22997     1.41769   (  5)
         H(   13)    -2.14004    -1.92968    -0.23178   (  5)
         H(   14)    -1.75517    -1.13046     1.29638   (  5)
         H(   15)    -0.05645    -1.13277    -1.25736   (  5)
         H(   16)     0.32844    -1.93269     0.27150   (  5)
         H(   17)    -1.75519     1.59052     1.29635   (  5)
         F(   18)     1.87273     0.22998    -0.11206   ( 11)

        %=%=%=%=%=%=%=%=%=%=%=%=%=%=%=%=%=%=%=%=%=%=%=%=%=%=%=

        MM4(08)-v010108: (Const:V010108-00)

        The Parameters Used in This Calculation Can be Found
        in the Publication(s) Listed in the PART 3

        %=%=%=%=%=%=%=%=%=%=%=%=%=%=%=%=%=%=%=%=%=%=%=%=%=%=%=


          DIELECTRIC CONSTANT =  1.500


      INITIAL STERIC ENERGY IS             10.8958 KCAL/MOL.

                  COMPRESSION               3.7012
                  STRETCH-STRETCH          -0.1307
                  BENDING                   0.2595
                  BEND-BEND                -0.0016
                  STRETCH-BEND              0.1149
                  VANDERWAALS
                    1,4 ENERGY              3.8568
                    OTHER                  -0.4281
                  H-BONDING                 0.0000
                  PI-COMPLX                 0.0000
                  TORSIONAL                 3.9593
                  TORSION-STRETCH           0.1599
                  TORSION-BEND             -0.2391
                  BEND-TORSION-BEND         0.0059
                  TORSION-IMPT              0.0000
                  IMPT-TORSION-IMPT         0.0000
                  TORSION-TORSION           0.0000
                  DIPOLE-DIPOLE             0.0000
                  CHARGE-DIPOLE             0.0000
                  IND_DIP CORR.            -0.3623
                  CHARGE-CHARGE             0.0000


      MOMENT OF INERTIA ( R(g) ) WITH THE PRINCIPAL AXES

          (1)  UNIT = 10**(-39) GM*CM**2
               IX=   20.0095    IY=   39.1323    IZ=   54.1711

          (2)  UNIT = AU A**2
               IX=  120.5175    IY=  235.6938    IZ=  326.2728


      MOLECULAR POLARIZABILITIES (A**3)

        ALPHA(1)   =      13.94
        ALPHA(2)   =      13.28
        ALPHA(3)   =      10.49
        AVG. ALPHA =      12.57


      DIPOLE MOMENT =          1.8200 D

        SIGMA-DIPOLE MOMENT =  1.8200 (X =  1.7262    Y =  0.0000    Z = -0.5767)


      DIPOLE MOMENT =          2.0675 D (INCLUDES INDUCED BOND MOMENTS)

        SIGMA-DIPOLE MOMENT =  2.0675 (X =  2.0451    Y =  0.0000    Z = -0.3036)


      OTHER MOLECULAR PROPERTIES:

        Molar Polarizability:    32.1143 cm**3/mole
        Molar Refraction:        31.6929 cm**3/mole
        Radius of Gyration:       2.5867 A
        Molecular VDW Surface:  184.1053 A**2
        Molecular VDW Volume:   170.0856 A**3
        Dispersion Energy:      -10.8825 Kcal/mole
        Density (gas):          0.004172 g/cm**3 (@  298.2 K, 1 atm)
        Density (cdn):            0.8636 g/cm**3 (@STP Estd.)
        Ref. Index (gas):       1.001945 (@  298.2 K, 1 atm)
        Ref. Index (cdn):         1.4492 (@STP Estd.)
        Diel. Constant (gas):     1.0136 (@  298.2 K, 1 atm)
        Diel. Constant (cdn):    19.1425 (@STP Estd.)



      CPU TIME FOR INITIAL CALCULATION IS     0.03 SECONDS.
 


     florocyclohexane-eq                                         


     CONFORMATIONAL ENERGY, PART 2: GEOMETRY MINIMIZATION

               GEOMETRY OPTIMIZATION IS CONTINUED UNTIL ATOM
               MOVEMENT CONVERGES WITHIN FOLLOWING VALUES:

                         AVERAGE MOVEMENT  0.00013 A
                         MAXIMUM MOVEMENT  0.00127 A



     <<<<<<<<<<<<<<<<<<<<<<<<<<  C Y C L E   1 >>>>>>>>>>>>>>>>>>>>>>>>>>

                              (CH)-MOVEMENT = 0

     ITER    1  AVG. MOVE = 0.01076 A  (MAX MOVE: ATOM    12   0.07082 A)
     ITER    2  AVG. MOVE = 0.00423 A  (MAX MOVE: ATOM    13   0.01938 A)
     ITER    3  AVG. MOVE = 0.00276 A  (MAX MOVE: ATOM    17   0.01311 A)
     ITER    4  AVG. MOVE = 0.00202 A  (MAX MOVE: ATOM    17   0.00976 A)
     ITER    5  AVG. MOVE = 0.00161 A  (MAX MOVE: ATOM     8   0.00765 A)
     ITER    6  AVG. MOVE = 0.00131 A  (MAX MOVE: ATOM    12   0.00633 A)
     ITER    7  AVG. MOVE = 0.00108 A  (MAX MOVE: ATOM    12   0.00540 A)
     ITER    8  AVG. MOVE = 0.00089 A  (MAX MOVE: ATOM    12   0.00460 A)
     ITER    9  AVG. MOVE = 0.00074 A  (MAX MOVE: ATOM    12   0.00392 A)
     ITER   10  AVG. MOVE = 0.00061 A  (MAX MOVE: ATOM    12   0.00335 A)
     ITER   11  AVG. MOVE = 0.00050 A  (MAX MOVE: ATOM    12   0.00287 A)
     ITER   12  AVG. MOVE = 0.00042 A  (MAX MOVE: ATOM    12   0.00246 A)
     ITER   13  AVG. MOVE = 0.00035 A  (MAX MOVE: ATOM    12   0.00212 A)
     ITER   14  AVG. MOVE = 0.00029 A  (MAX MOVE: ATOM    12   0.00183 A)
     ITER   15  AVG. MOVE = 0.00024 A  (MAX MOVE: ATOM    12   0.00158 A)
     ITER   16  AVG. MOVE = 0.00020 A  (MAX MOVE: ATOM    12   0.00137 A)
     ITER   17  AVG. MOVE = 0.00017 A  (MAX MOVE: ATOM    12   0.00119 A)
     ITER   18  AVG. MOVE = 0.00015 A  (MAX MOVE: ATOM    12   0.00104 A)
     ITER   19  AVG. MOVE = 0.00013 A  (MAX MOVE: ATOM    12   0.00091 A)
     ITER   20  AVG. MOVE = 0.00011 A  (MAX MOVE: ATOM    12   0.00080 A)


              * * * * * * * * * GEOMETRY IS OPTIMIZED * * * * * * * * *

               WITHIN : AVERAGE MOVEMENT  0.00011 A (LIMIT  0.00013 A)
                        MAXIMUM MOVEMENT  0.00080 A (LIMIT  0.00127 A)

               GRADIENT
                 RMS GRADIENT                  0.039381 KCAL/MOL/A

                 MAX GRADIENT
                   X-DIRECTION : ATOM #    4   0.100316 KCAL/MOL/A
                   Y-DIRECTION : ATOM #    1   0.046869 KCAL/MOL/A
                   Z-DIRECTION : ATOM #    4   0.124916 KCAL/MOL/A

        DELTA TIME =    0.00 SEC.       TOTAL CPU TIME =      0.05 SEC.


                            =====================
                            FULL-MATRIX OPTIMIZER
                            =====================


     iter.  rms force   max force   avg. move    max move  atom  convg  d-time

        0    0.062065    0.251828   0.00100 A   0.00577 A   11    [N]     0.0s
        1    0.001199    0.003961   0.00000 A   0.00002 A    7    [N]     0.0s
        2    0.000043    0.000151                                 [Y]     0.0s


      TOTAL ENERGY IS      6.9283 KCAL/MOL.

        COMPRESS    0.1539      VDW 1,4    4.0248      DIPL-DIPL    0.0000
        STR-STR     0.0001        OTHER   -0.2554      CHRG-DIPL    0.0000
        BENDING     0.4394      TORSION    3.6357      CHRG-CHRG    0.0000
        BEND-BEND  -0.0332      TOR-STR    0.0141      EPR          0.0000
        STR-BEND    0.0078      TOR-BEND  -0.6281      TOR-BENBEN  -0.0063
        TOR-IMPT    0.0000      TOR-IPIP   0.0000      TORS-TORS    0.0000
        IND-DIP    -0.4245      H-BOND     0.0000      PI-COMPLX    0.0000
0     DELTA(T) =     0.0 SEC.          ELAPSED TIME =     0.1 SEC.


    * * * ENERGY IS STATIONARY WITHIN RMS OF FORCES   0.00010  Kcal/mol/A * * *

                 * * * *  RMS FORCE IS   0.00004 Kcal/mol/A * * * *

 
     florocyclohexane-eq                                         


     %=%=%=%=%=%=%=%=%=%=%=%=%=%=%=%=%=%=%=%=%=%=%=%=%=%=%=%=%=%=%=%=%=%=%=

     The Parameters Used in This Calculation Can be Found in the Following
     Publication(s):

     The MM4 Program is Developed by Dr. N. L. Allinger and co-workers at  
     the University of Georgia, Athens, Georgia 30602-2556 USA.            
     (c) Copyright 2003 by N. L. Allinger. All rights reserved.            
                                                                           
     MM4 General Description and Alkanes:                                  
      Allinger,N.L.; Chen,K.; Lii,J.-H. J. Comput. Chem. 1996, 17, 642.    
     Fluorides:                                                            
      Chen,K.-H.; Lii,J.-H.; Walker,G.A.; Xie,Y.; Schaefer,H.F.III;        
      Allinger,N.L. J. Phys. Chem. A 2006, 110, 7202.                      

     %=%=%=%=%=%=%=%=%=%=%=%=%=%=%=%=%=%=%=%=%=%=%=%=%=%=%=%=%=%=%=%=%=%=%=

               CHEMICAL FORMULA :  C(    6)  H(   11)  F(    1) 
               FORMULA WEIGHT   :    102.086
                                                               DATE : 26-MAY-23

           * M M 4 * * * * * * * * * * * 2 0 0 8 *
           *                                     *   PARAMETER RELIABILITY
           *                                     *
           *                                     *   BLANK = GOOD
           *                                     *       B = FAIR
           *                                     *       C = TRIAL
           *                                     *       R = READ IN
           *                                     *       S = SUBSTITUTED
           *                                     *       U = PARAMETER NOT EXIST
           *                                     *
           *                                     *   THIS IS SHOWN AT THE END 
           *                                     *   OF THE LINE.
           * * * * * * * * * * * * * * * * * * * * 


      CONFORMATIONAL ENERGY, PART 3:  GEOMETRY AND STERIC ENERGY
                                      OF FINAL CONFORMATION.

      CONNECTED ATOMS
          1-    2-    3-    5-    6-
          1-    4-    6-

      ATTACHED ATOMS
          1-    7,    1-    8,    2-    9,    2-   17,    3-   10,    3-   11,
          4-   12,    4-   18,    5-   13,    5-   14,    6-   15,    6-   16,

      FINAL ATOMIC COORDINATE
           ATOM          X           Y           Z      TYPE
         C(    1)    -0.25896    -1.26121    -0.18916   (  1)
         C(    2)     1.22411    -1.26590     0.21474   (  1)
         C(    3)     1.94039     0.00000    -0.28001   (  1)
         C(    4)    -0.92433     0.00000     0.32943   (  1)
         C(    5)     1.22411     1.26590     0.21474   (  1)
         C(    6)    -0.25896     1.26121    -0.18916   (  1)
         H(    7)    -0.76301    -2.16955     0.20642   (  5)
         H(    8)    -0.34584    -1.32300    -1.29550   (  5)
         H(    9)     1.72494    -2.17119    -0.19902   (  5)
         H(   10)     1.96625     0.00000    -1.39391   (  5)
         H(   11)     2.99860     0.00000     0.06852   (  5)
         H(   12)    -0.91054     0.00000     1.43991   (  5)
         H(   13)     1.72493     2.17120    -0.19902   (  5)
         H(   14)     1.30758     1.33037     1.32395   (  5)
         H(   15)    -0.34584     1.32300    -1.29550   (  5)
         H(   16)    -0.76301     2.16955     0.20642   (  5)
         H(   17)     1.30758    -1.33036     1.32395   (  5)
         F(   18)    -2.28201     0.00000    -0.07348   ( 11)


          DIELECTRIC CONSTANT =  1.500


      BOND LENGTHS AND STRETCHING ENERGY   (   18 BONDS)

        ENERGY = 71.94(KS)(DR)(DR)(1-(CS)(DR)+(7/12)((CS)(DR))**2)-
                       (1/4)((CS)(DR))**3)+(31/360)((CS)(DR))**4))
                         DR =  R-RO
                         CS =  3.000 FOR X-Y BONDS
                            =  2.200 FOR X-H BONDS
                                                            R(0)-CORR        CORR
             BOND          R(g)    R(0)    K(S)  ENERGY   E-NEG  MISCEL       KS
      C(    1)- C(    2)  1.5371  1.5260  4.323  0.0368 -0.0010            -0.227  
      C(    1)- C(    4)  1.5173  1.5137  5.258  0.0050 -0.0133             0.708  
      C(    1)- H(    7)  1.1116  1.1104  4.717  0.0004 -0.0016             0.047  
      C(    1)- H(    8)  1.1115  1.1104  4.717  0.0004 -0.0016             0.047  
      C(    2)- C(    3)  1.5363  1.5270  4.550  0.0277                            
      C(    2)- H(    9)  1.1143  1.1120  4.670  0.0017                            
      C(    2)- H(   17)  1.1142  1.1120  4.670  0.0016                            
      C(    3)- C(    5)  1.5363  1.5270  4.550  0.0277                            
      C(    3)- H(   10)  1.1142  1.1120  4.670  0.0016                            
      C(    3)- H(   11)  1.1141  1.1120  4.670  0.0015                            
      C(    4)- C(    6)  1.5173  1.5137  5.258  0.0050 -0.0133             0.708  
      C(    4)- H(   12)  1.1106  1.1079  4.863  0.0025 -0.0052             0.123  
      C(    4)- F(   18)  1.4162  1.4147  6.100  0.0010  0.0288                    
      C(    5)- C(    6)  1.5371  1.5260  4.323  0.0368 -0.0010            -0.227  
      C(    5)- H(   13)  1.1143  1.1120  4.670  0.0017                            
      C(    5)- H(   14)  1.1142  1.1120  4.670  0.0016                            
      C(    6)- H(   15)  1.1115  1.1104  4.717  0.0004 -0.0016             0.047  
      C(    6)- H(   16)  1.1116  1.1104  4.717  0.0004 -0.0016             0.047  


      NON-BONDED DISTANCES, VDW AND EPR ENERGY   (    99 PAIRS)

              E(VDW) = KV*(1.84(10**5)EXP(-12.00/P) - 2.25(P**6))
              E(EPR) = C*KV*(1.84(10**5)EXP(-12.00/Q) - 2.25(Q**6))
              E(HBD) = EP1-EP2*F(THET1,THET2)*RTH/RTH0
                            EP1 = KHB*2.76(10**5)*EXP(-12.0/P)
                            EP2 = KHB*2.25(P**6)
                              F = FAC*(1+COS(THET1)^N*(1+COS(THET2))^N

            IF P > 3.020, THEN,
              E(VDW) = KV(192.270)(P**2)
              E(HBD) = EP1-EP2*F(THET1,THET2)*RTH/RTH0
                            EP1 = KHB*569.14*P**2
                            EP2 = KHB*187.16*P**2

                       RV = RVDW(I) + RVDW(K)
                       KV = SQRT(EPS(I)*EPS(K))
                      KHB = HYDROGEN BOND ENERGY PARAMETER
                        P = (RV/R) OR (RV/R#)
                        C = SCALE FACTOR
                        Q = RV/R, WHERE R IS MODIFIED DISTANCE
                        N = 1 WHEN Y IS NITROGEN, AND 2 FOR OTHERS
                      FAC = 1/4 WHEN N=1, AND 1/16 WHEN N=2
                    THET1 = ANGLE H-X-Y IN HYDROGEN BOND X-H...Y
                    THET2 = ANGLE X-Y-LP IN HYDROGEN BOND X...Y-LP
                      RTH = BOND LENGTH X-H IN X-H...Y
                     RTH0 = NATURAL BOND LENGTH X-H

          # IN THE VDW CALCULATIONS THE HYDROGEN ATOMS ARE RELOCATED
          SO THAT THE ATTACHED HYDROGEN DISTANCE IS REDUCED BY 0.940

          # IN THE VDW CALCULATIONS THE DEUTERIUM ATOMS ARE RELOCATED
          SO THAT THE ATTACHED DEUTERIUM DISTANCE IS REDUCED BY  0.940

           ATOM PAIR          R       R#       RV      KV       ENERGY
      C(    1), C(    3)   2.5369
      C(    1), C(    5)   2.9579            3.920   0.0370     0.3444  1,4    
      C(    1), C(    6)   2.5224
      C(    1), H(    9)   2.1827
      C(    1), H(   10)   2.8273   2.7983   3.440   0.0240     0.0681  1,4    
      C(    1), H(   11)   3.5027   3.4422   3.440   0.0240    -0.0269  1,4    
      C(    1), H(   12)   2.1608
      C(    1), H(   13)   3.9645   3.9025   3.440   0.0240    -0.0199         
      C(    1), H(   14)   3.3852   3.3507   3.440   0.0240    -0.0262         
      C(    1), H(   15)   2.8124   2.7834   3.440   0.0240     0.0756  1,4    
      C(    1), H(   16)   3.4901   3.4296   3.440   0.0240    -0.0269  1,4    
      C(    1), H(   17)   2.1791
      C(    1), F(   18)   2.3868
      C(    2), C(    4)   2.4963
      C(    2), C(    5)   2.5318
      C(    2), C(    6)   2.9579            3.920   0.0370     0.3444  1,4    
      C(    2), H(    7)   2.1830
      C(    2), H(    8)   2.1792
      C(    2), H(   10)   2.1774
      C(    2), H(   11)   2.1846
      C(    2), H(   12)   2.7677   2.7395   3.440   0.0240     0.1007  1,4    
      C(    2), H(   13)   3.4979   3.4374   3.440   0.0240    -0.0269  1,4    
      C(    2), H(   14)   2.8245   2.7953   3.440   0.0240     0.0696  1,4    
      C(    2), H(   15)   3.3835   3.3491   3.440   0.0240    -0.0262         
      C(    2), H(   16)   3.9688   3.9066   3.440   0.0240    -0.0198         
      C(    2), F(   18)   3.7388            3.620   0.0498    -0.0543  1,4    
      C(    3), C(    4)   2.9288            3.920   0.0370     0.3908  1,4    
      C(    3), C(    6)   2.5369
      C(    3), H(    7)   3.5003   3.4400   3.440   0.0240    -0.0269  1,4    
      C(    3), H(    8)   2.8299   2.8008   3.440   0.0240     0.0669  1,4    
      C(    3), H(    9)   2.1834
      C(    3), H(   12)   3.3296   3.2963   3.440   0.0240    -0.0250         
      C(    3), H(   13)   2.1834
      C(    3), H(   14)   2.1778
      C(    3), H(   15)   2.8299   2.8008   3.440   0.0240     0.0669  1,4    
      C(    3), H(   16)   3.5003   3.4400   3.440   0.0240    -0.0269  1,4    
      C(    3), H(   17)   2.1778
      C(    3), F(   18)   4.2274            3.620   0.0498    -0.0367         
      C(    4), C(    5)   2.4963
      C(    4), H(    7)   2.1790
      C(    4), H(    8)   2.1738
      C(    4), H(    9)   3.4658   3.4052   3.440   0.0240    -0.0268  1,4    
      C(    4), H(   10)   3.3653   3.3302   3.440   0.0240    -0.0258         
      C(    4), H(   11)   3.9316   3.8697   3.440   0.0240    -0.0206         
      C(    4), H(   13)   3.4658   3.4052   3.440   0.0240    -0.0268  1,4    
      C(    4), H(   14)   2.7822   2.7531   3.440   0.0240     0.0924  1,4    
      C(    4), H(   15)   2.1738
      C(    4), H(   16)   2.1790
      C(    4), H(   17)   2.7822   2.7531   3.440   0.0240     0.0924  1,4    
      C(    5), H(    7)   3.9688   3.9066   3.440   0.0240    -0.0198         
      C(    5), H(    8)   3.3835   3.3491   3.440   0.0240    -0.0262         
      C(    5), H(    9)   3.4979   3.4374   3.440   0.0240    -0.0269  1,4    
      C(    5), H(   10)   2.1774
      C(    5), H(   11)   2.1846
      C(    5), H(   12)   2.7677   2.7395   3.440   0.0240     0.1007  1,4    
      C(    5), H(   15)   2.1792
      C(    5), H(   16)   2.1830
      C(    5), H(   17)   2.8245   2.7953   3.440   0.0240     0.0696  1,4    
      C(    5), F(   18)   3.7388            3.620   0.0498    -0.0543  1,4    
      C(    6), H(    7)   3.4901   3.4296   3.440   0.0240    -0.0269  1,4    
      C(    6), H(    8)   2.8124   2.7834   3.440   0.0240     0.0756  1,4    
      C(    6), H(    9)   3.9645   3.9025   3.440   0.0240    -0.0199         
      C(    6), H(   10)   2.8273   2.7983   3.440   0.0240     0.0681  1,4    
      C(    6), H(   11)   3.5027   3.4422   3.440   0.0240    -0.0269  1,4    
      C(    6), H(   12)   2.1608
      C(    6), H(   13)   2.1827
      C(    6), H(   14)   2.1791
      C(    6), H(   17)   3.3852   3.3507   3.440   0.0240    -0.0262         
      C(    6), F(   18)   2.3868
      H(    7), H(    8)   1.7738
      H(    7), H(    9)   2.5208   2.4537   3.280   0.0170     0.1767  1,4    
      H(    7), H(   10)   3.8363   3.7456   3.280   0.0170    -0.0137         
      H(    7), H(   11)   4.3446   4.2362   3.280   0.0170    -0.0077         
      H(    7), H(   12)   2.5000   2.4337   3.280   0.0170     0.1958  1,4    
      H(    7), H(   13)   5.0196   4.8918   3.280   0.0170    -0.0034         
      H(    7), H(   14)   4.2173   4.1403   3.280   0.0170    -0.0086         
      H(    7), H(   15)   3.8246   3.7339   3.280   0.0170    -0.0139         
      H(    7), H(   16)   4.3391   4.2301   3.280   0.0170    -0.0077         
      H(    7), H(   17)   2.4981   2.4330   3.280   0.0170     0.1965  1,4    
      H(    7), F(   18)   2.6632   2.6342   2.870   0.0920    -0.0675  1,4    
      H(    8), H(    9)   2.4919   2.4274   3.280   0.0170     0.2021  1,4    
      H(    8), H(   10)   2.6657   2.6579   3.280   0.0170     0.0520         
      H(    8), H(   11)   3.8466   3.7551   3.280   0.0170    -0.0136         
      H(    8), H(   12)   3.0906   2.9730   3.280   0.0170    -0.0099  1,4    
      H(    8), H(   13)   4.2071   4.1308   3.280   0.0170    -0.0087         
      H(    8), H(   14)   4.0787   3.9854   3.280   0.0170    -0.0104         
      H(    8), H(   15)   2.6460   2.6386   3.280   0.0170     0.0597         
      H(    8), H(   16)   3.8246   3.7339   3.280   0.0170    -0.0139         
      H(    8), H(   17)   3.0976   2.9804   3.280   0.0170    -0.0104  1,4    
      H(    8), F(   18)   2.6443   2.6163   2.870   0.0920    -0.0603  1,4    
      H(    9), H(   10)   2.4900   2.4255   3.280   0.0170     0.2040  1,4    
      H(    9), H(   11)   2.5314   2.4634   3.280   0.0170     0.1681  1,4    
      H(    9), H(   12)   3.7876   3.6971   3.280   0.0170    -0.0145         
      H(    9), H(   13)   4.3424   4.2338   3.280   0.0170    -0.0077         
      H(    9), H(   14)   3.8412   3.7497   3.280   0.0170    -0.0137         
      H(    9), H(   15)   4.2071   4.1308   3.280   0.0170    -0.0087         
      H(    9), H(   16)   5.0196   4.8918   3.280   0.0170    -0.0034         
      H(    9), H(   17)   1.7890
      H(    9), F(   18)   4.5591   4.5063   2.870   0.0920    -0.0137         
      H(   10), H(   11)   1.7901
      H(   10), H(   12)   4.0381   3.9451   3.280   0.0170    -0.0109         
      H(   10), H(   13)   2.4900   2.4255   3.280   0.0170     0.2040  1,4    
      H(   10), H(   14)   3.0969   2.9795   3.280   0.0170    -0.0104  1,4    
      H(   10), H(   15)   2.6657   2.6579   3.280   0.0170     0.0520         
      H(   10), H(   16)   3.8363   3.7456   3.280   0.0170    -0.0137         
      H(   10), H(   17)   3.0969   2.9795   3.280   0.0170    -0.0104  1,4    
      H(   10), F(   18)   4.4487   4.4279   2.870   0.0920    -0.0152         
      H(   11), H(   12)   4.1427   4.0685   3.280   0.0170    -0.0094         
      H(   11), H(   13)   2.5314   2.4634   3.280   0.0170     0.1681  1,4    
      H(   11), H(   14)   2.4911   2.4266   3.280   0.0170     0.2029  1,4    
      H(   11), H(   15)   3.8466   3.7551   3.280   0.0170    -0.0136         
      H(   11), H(   16)   4.3446   4.2362   3.280   0.0170    -0.0077         
      H(   11), H(   17)   2.4911   2.4266   3.280   0.0170     0.2029  1,4    
      H(   11), F(   18)   5.2825   5.2185   2.870   0.0920    -0.0057         
      H(   12), H(   13)   3.7876   3.6971   3.280   0.0170    -0.0145         
      H(   12), H(   14)   2.5891   2.5835   3.280   0.0170     0.0855         
      H(   12), H(   15)   3.0906   2.9730   3.280   0.0170    -0.0099  1,4    
      H(   12), H(   16)   2.5000   2.4337   3.280   0.0170     0.1958  1,4    
      H(   12), H(   17)   2.5891   2.5835   3.280   0.0170     0.0855         
      H(   12), F(   18)   2.0424
      H(   13), H(   14)   1.7890
      H(   13), H(   15)   2.4919   2.4274   3.280   0.0170     0.2021  1,4    
      H(   13), H(   16)   2.5208   2.4537   3.280   0.0170     0.1767  1,4    
      H(   13), H(   17)   3.8412   3.7497   3.280   0.0170    -0.0137         
      H(   13), F(   18)   4.5591   4.5063   2.870   0.0920    -0.0137         
      H(   14), H(   15)   3.0976   2.9804   3.280   0.0170    -0.0104  1,4    
      H(   14), H(   16)   2.4981   2.4330   3.280   0.0170     0.1965  1,4    
      H(   14), H(   17)   2.6607   2.6530   3.280   0.0170     0.0539         
      H(   14), F(   18)   4.0753   4.0472   2.870   0.0920    -0.0256         
      H(   15), H(   16)   1.7738
      H(   15), H(   17)   4.0787   3.9854   3.280   0.0170    -0.0104         
      H(   15), F(   18)   2.6443   2.6163   2.870   0.0920    -0.0603  1,4    
      H(   16), H(   17)   4.2173   4.1403   3.280   0.0170    -0.0086         
      H(   16), F(   18)   2.6632   2.6342   2.870   0.0920    -0.0675  1,4    
      H(   17), F(   18)   4.0753   4.0472   2.870   0.0920    -0.0256         


      BOND ANGLES, BENDING AND STRETCH-BEND ENERGIES   (   36 ANGLES)

          EB = 0.02191418(KB)(DT)(DT)(1+CF*DT+QF*DT**2+PF*DT**3+SF*DT**4)
                          DT = THETA-TZERO
                          CF = -1800.000E-5
                          QF =     7.200E-5
                          PF =     0.135E-5
                          SF =     0.004E-6
          ESS =  143.88(KSTST)(DR1)(DR2)
          ESB =  2.51118(KSB)(DT)(DR1+DR2)
          EBB = -0.02191418(KBB)(DT1)(DT2)
                          DR1 = R1 - R1(0)
                          DR2 = R2 - R2(0)

               A T O M S             THETA    TZERO     KB     EB    KSB   ESB   KSS   ESS
      C(    2)- C(    1)- C(    4)  109.623  109.350  0.740  0.0012 0.14 0.0014              
      C(    2)- C(    1)- H(    7)  109.969  109.710  0.560  0.0008 0.10 0.0008              
      C(    2)- C(    1)- H(    8)  109.682  109.710  0.560  0.0000 0.10-0.0001              
      C(    4)- C(    1)- H(    7)  111.024  108.670  0.560  0.0651 0.10 0.0028              
      C(    4)- C(    1)- H(    8)  110.618  108.670  0.560  0.0449 0.10 0.0023              
      H(    7)- C(    1)- H(    8)  105.864  108.200  0.540  0.0673                          
      C(    1)- C(    2)- C(    3)  111.267  111.800  0.740  0.0047 0.14-0.0038              
      C(    1)- C(    2)- H(    9)  109.790  109.470  0.560  0.0012 0.10 0.0011              
      C(    1)- C(    2)- H(   17)  109.514  109.470  0.560  0.0000 0.10 0.0001              
      C(    3)- C(    2)- H(    9)  109.896  109.470  0.560  0.0022 0.10 0.0012              
      C(    3)- C(    2)- H(   17)  109.471  109.470  0.560  0.0000 0.10 0.0000              
      H(    9)- C(    2)- H(   17)  106.797  107.700  0.540  0.0098                          
      C(    2)- C(    3)- C(    5)  110.969  111.800  0.740  0.0114 0.14-0.0055              
      C(    2)- C(    3)- H(   10)  109.437  109.470  0.560  0.0000 0.10-0.0001              
      C(    2)- C(    3)- H(   11)  110.004  109.470  0.560  0.0035 0.10 0.0015              
      C(    5)- C(    3)- H(   10)  109.437  109.470  0.560  0.0000 0.10-0.0001              
      C(    5)- C(    3)- H(   11)  110.004  109.470  0.560  0.0035 0.10 0.0015              
      H(   10)- C(    3)- H(   11)  106.899  107.700  0.540  0.0077                          
      C(    1)- C(    4)- C(    6)  112.445  112.050  0.740  0.0025 0.14 0.0010              
      C(    1)- C(    4)- H(   12)  109.652  109.500  0.590  0.0003 0.10 0.0002              
      C(    1)- C(    4)- F(   18)  108.854  109.250  0.920  0.0032 0.16-0.0008 0.22 0.0002 B
      C(    6)- C(    4)- H(   12)  109.652  109.500  0.590  0.0003 0.10 0.0002              
      C(    6)- C(    4)- F(   18)  108.854  109.250  0.920  0.0032 0.16-0.0008 0.22 0.0002 B
      H(   12)- C(    4)- F(   18)  107.240  107.950  0.820  0.0092 0.16-0.0012-0.45-0.0003 B
      C(    3)- C(    5)- C(    6)  111.267  111.800  0.740  0.0047 0.14-0.0038              
      C(    3)- C(    5)- H(   13)  109.896  109.470  0.560  0.0022 0.10 0.0012              
      C(    3)- C(    5)- H(   14)  109.471  109.470  0.560  0.0000 0.10 0.0000              
      C(    6)- C(    5)- H(   13)  109.790  109.470  0.560  0.0012 0.10 0.0011              
      C(    6)- C(    5)- H(   14)  109.514  109.470  0.560  0.0000 0.10 0.0001              
      H(   13)- C(    5)- H(   14)  106.797  107.700  0.540  0.0098                          
      C(    4)- C(    6)- C(    5)  109.623  109.350  0.740  0.0012 0.14 0.0014              
      C(    4)- C(    6)- H(   15)  110.618  108.670  0.560  0.0449 0.10 0.0023              
      C(    4)- C(    6)- H(   16)  111.024  108.670  0.560  0.0651 0.10 0.0028              
      C(    5)- C(    6)- H(   15)  109.682  109.710  0.560  0.0000 0.10-0.0001              
      C(    5)- C(    6)- H(   16)  109.969  109.710  0.560  0.0008 0.10 0.0008              
      H(   15)- C(    6)- H(   16)  105.864  108.200  0.540  0.0673                          


     DIHEDRAL ANGLES, TORSIONAL ENERGY (ET)   (    54 ANGLES)

           ET = (V1/2)(1+COS(W))+(V2/2)(1-COS(2W))+(V3/2)(1+COS(3W))+
                                 (V4/2)(1-COS(4W))+(V6/2)(1+COS(6W))
         EBTB =  0.043828*(KBTB)(DTH1)(COS(W))(DTH2)
         ETS1 = -0.5*(RC-RC0)[KTSC1*(1+COS(W))+KTSC2*(1-COS(2W))+KTSC3*(1+COS(3W))]
         ETS2 = -0.5*(RT-RT0)[KTST1*(1+COS(W))+KTST2*(1-COS(2W))+KTST3*(1+COS(3W))]
          ETB =  2.51124*(DTH)[KTB1(1+COS(W))+KTB2*(1-COS(2W))+KTB3*(1+COS(3W))]
                      RC   = CENTRAL BOND LENGTH
                      RT   = TERMINAL BOND LENGTH
                      DTH1 = THETA1 - TZERO1
                      DTH2 = THETA2 - TZERO2

           SIGN OF ANGLE A-B-C-D : WHEN LOOKING THROUGH B TOWARD C,
           IF D IS COUNTERCLOCKWISE FROM A, NEGATIVE.

                A T O M S                OMEGA    V1     V2     V3     V4     V6     E    KBTB   EBTB
    C(    1) C(    2) C(    3) C(    5)   55.1  0.239  0.024  0.637  0.000  0.000  0.214               
       TYPE-1-TS                         0.000  0.000  0.660                       0.000
    C(    1) C(    2) C(    3) H(   10)  -65.7  0.000  0.000  0.290  0.000  0.000  0.007 -0.060  0.000 
       TYPE-1-TS                         0.000  0.000  0.660                       0.000
    C(    1) C(    2) C(    3) H(   11)  177.1  0.000  0.000  0.290  0.000  0.000  0.002 -0.060 -0.001 
       TYPE-1-TS                         0.000  0.000  0.660                       0.000
    C(    1) C(    4) C(    6) C(    5)  -58.2  0.239  0.024  0.637  0.000  0.000  0.201               
       TYPE-1-TS                         0.000  0.000  0.660                       0.000
    C(    1) C(    4) C(    6) H(   15)   62.9  0.000  0.000  0.290  0.000  0.000  0.002 -0.060 -0.001 
       TYPE-1-TS                         0.000  0.000  0.660                       0.000
    C(    1) C(    4) C(    6) H(   16) -179.9  0.000  0.000  0.290  0.000  0.000  0.000 -0.060  0.002 
       TYPE-1-TS                         0.000  0.000  0.660                       0.000
    C(    2) C(    1) C(    4) C(    6)   58.2  0.239  0.024  0.637  0.000  0.000  0.201               
       TYPE-1-TS                         0.000  0.000  0.660                       0.000
    C(    2) C(    1) C(    4) H(   12)  -64.1  0.000  0.000  0.290  0.000  0.000  0.003 -0.060  0.000 
       TYPE-1-TS                         0.000  0.000  0.660                       0.000
    C(    2) C(    1) C(    4) F(   18)  178.9 -0.360  0.380  0.978  0.240  0.010  0.011 -0.060  0.000 
       TYPE-1-TS                         5.300 -4.800  4.500                       0.000
       TORS-BEND    0.000 -0.012 -0.009                       0.005  0.004  0.003  0.000
    C(    2) C(    3) C(    5) C(    6)  -55.1  0.239  0.024  0.637  0.000  0.000  0.214               
       TYPE-1-TS                         0.000  0.000  0.660                       0.000
    C(    2) C(    3) C(    5) H(   13) -176.9  0.000  0.000  0.290  0.000  0.000  0.002 -0.060 -0.001 
       TYPE-1-TS                         0.000  0.000  0.660                       0.000
    C(    2) C(    3) C(    5) H(   14)   66.1  0.000  0.000  0.290  0.000  0.000  0.007 -0.060  0.000 
       TYPE-1-TS                         0.000  0.000  0.660                       0.000
    C(    3) C(    2) C(    1) C(    4)  -55.9  0.239  0.024  0.637  0.000  0.000  0.210               
       TYPE-1-TS                         0.000  0.000  0.660                       0.000
    C(    3) C(    2) C(    1) H(    7) -178.2  0.000  0.000  0.290  0.000  0.000  0.001 -0.060  0.000 
       TYPE-1-TS                         0.000  0.000  0.660                       0.000
    C(    3) C(    2) C(    1) H(    8)   65.7  0.000  0.000  0.290  0.000  0.000  0.007 -0.060  0.000 
       TYPE-1-TS                         0.000  0.000  0.660                       0.000
    C(    3) C(    5) C(    6) C(    4)   55.9  0.239  0.024  0.637  0.000  0.000  0.210               
       TYPE-1-TS                         0.000  0.000  0.660                       0.000
    C(    3) C(    5) C(    6) H(   15)  -65.7  0.000  0.000  0.290  0.000  0.000  0.007 -0.060  0.000 
       TYPE-1-TS                         0.000  0.000  0.660                       0.000
    C(    3) C(    5) C(    6) H(   16)  178.2  0.000  0.000  0.290  0.000  0.000  0.001 -0.060  0.000 
       TYPE-1-TS                         0.000  0.000  0.660                       0.000
    C(    4) C(    1) C(    2) H(    9) -177.8  0.000  0.000  0.290  0.000  0.000  0.001 -0.060  0.000 
       TYPE-1-TS                         0.000  0.000  0.660                       0.000
    C(    4) C(    1) C(    2) H(   17)   65.3  0.000  0.000  0.290  0.000  0.000  0.005 -0.060  0.000 
       TYPE-1-TS                         0.000  0.000  0.660                       0.000
    C(    4) C(    6) C(    5) H(   13)  177.8  0.000  0.000  0.290  0.000  0.000  0.001 -0.060  0.000 
       TYPE-1-TS                         0.000  0.000  0.660                       0.000
    C(    4) C(    6) C(    5) H(   14)  -65.3  0.000  0.000  0.290  0.000  0.000  0.005 -0.060  0.000 
       TYPE-1-TS                         0.000  0.000  0.660                       0.000
    C(    5) C(    3) C(    2) H(    9)  176.9  0.000  0.000  0.290  0.000  0.000  0.002 -0.060 -0.001 
       TYPE-1-TS                         0.000  0.000  0.660                       0.000
    C(    5) C(    3) C(    2) H(   17)  -66.1  0.000  0.000  0.290  0.000  0.000  0.007 -0.060  0.000 
       TYPE-1-TS                         0.000  0.000  0.660                       0.000
    C(    5) C(    6) C(    4) H(   12)   64.1  0.000  0.000  0.290  0.000  0.000  0.003 -0.060  0.000 
       TYPE-1-TS                         0.000  0.000  0.660                       0.000
    C(    5) C(    6) C(    4) F(   18) -178.9 -0.360  0.380  0.978  0.240  0.010  0.011 -0.060  0.000 
       TYPE-1-TS                         5.300 -4.800  4.500                       0.000
       TORS-BEND    0.000 -0.012 -0.009                       0.005  0.004  0.003  0.000
    C(    6) C(    4) C(    1) H(    7)  179.9  0.000  0.000  0.290  0.000  0.000  0.000 -0.060  0.002 
       TYPE-1-TS                         0.000  0.000  0.660                       0.000
    C(    6) C(    4) C(    1) H(    8)  -62.9  0.000  0.000  0.290  0.000  0.000  0.002 -0.060 -0.001 
       TYPE-1-TS                         0.000  0.000  0.660                       0.000
    C(    6) C(    5) C(    3) H(   10)   65.7  0.000  0.000  0.290  0.000  0.000  0.007 -0.060  0.000 
       TYPE-1-TS                         0.000  0.000  0.660                       0.000
    C(    6) C(    5) C(    3) H(   11) -177.1  0.000  0.000  0.290  0.000  0.000  0.002 -0.060 -0.001 
       TYPE-1-TS                         0.000  0.000  0.660                       0.000
    H(    7) C(    1) C(    2) H(    9)   59.9  0.000  0.000  0.260  0.000  0.008  0.008 -0.090  0.000 
       TYPE-1-TS                         0.000  0.000  0.660                       0.000
    H(    7) C(    1) C(    2) H(   17)  -57.1  0.000  0.000  0.260  0.000  0.008  0.009 -0.090  0.000 
       TYPE-1-TS                         0.000  0.000  0.660                       0.000
    H(    7) C(    1) C(    4) H(   12)   57.6  0.000  0.000  0.260  0.000  0.008  0.009 -0.090 -0.001 
       TYPE-1-TS                         0.000  0.000  0.660                       0.000
    H(    7) C(    1) C(    4) F(   18)  -59.4 -0.460  1.190  0.420  0.000  0.000  0.535  0.060 -0.001 
       TYPE-1-TS                         0.000 -1.650  2.400                       0.004
       TYPE-2-TS    0.000  0.000  0.000                       0.000  0.000  0.550  0.000
       TORS-BEND    0.002 -0.022  0.000                       0.000  0.000 -0.001 -0.175
    H(    8) C(    1) C(    2) H(    9)  -56.1  0.000  0.000  0.260  0.000  0.008  0.010 -0.090  0.000 
       TYPE-1-TS                         0.000  0.000  0.660                       0.000
    H(    8) C(    1) C(    2) H(   17) -173.1  0.000  0.000  0.260  0.000  0.008  0.015 -0.090  0.000 
       TYPE-1-TS                         0.000  0.000  0.660                       0.000
    H(    8) C(    1) C(    4) H(   12)  174.8  0.000  0.000  0.260  0.000  0.008  0.012 -0.090  0.001 
       TYPE-1-TS                         0.000  0.000  0.660                       0.000
    H(    8) C(    1) C(    4) F(   18)   57.8 -0.460  1.190  0.420  0.000  0.000  0.501  0.060 -0.001 
       TYPE-1-TS                         0.000 -1.650  2.400                       0.004
       TYPE-2-TS    0.000  0.000  0.000                       0.000  0.000  0.550  0.000
       TORS-BEND    0.002 -0.022  0.000                       0.000  0.000 -0.001 -0.139
    H(    9) C(    2) C(    3) H(   10)   56.1  0.000  0.000  0.260  0.000  0.008  0.010 -0.090  0.000 
       TYPE-1-TS                         0.000  0.000  0.660                       0.000
    H(    9) C(    2) C(    3) H(   11)  -61.1  0.000  0.000  0.260  0.000  0.008  0.008 -0.090  0.000 
       TYPE-1-TS                         0.000  0.000  0.660                       0.000
    H(   10) C(    3) C(    2) H(   17)  173.1  0.000  0.000  0.260  0.000  0.008  0.015 -0.090  0.000 
       TYPE-1-TS                         0.000  0.000  0.660                       0.000
    H(   10) C(    3) C(    5) H(   13)  -56.1  0.000  0.000  0.260  0.000  0.008  0.010 -0.090  0.000 
       TYPE-1-TS                         0.000  0.000  0.660                       0.000
    H(   10) C(    3) C(    5) H(   14) -173.1  0.000  0.000  0.260  0.000  0.008  0.015 -0.090  0.000 
       TYPE-1-TS                         0.000  0.000  0.660                       0.000
    H(   11) C(    3) C(    2) H(   17)   55.9  0.000  0.000  0.260  0.000  0.008  0.011 -0.090  0.000 
       TYPE-1-TS                         0.000  0.000  0.660                       0.000
    H(   11) C(    3) C(    5) H(   13)   61.1  0.000  0.000  0.260  0.000  0.008  0.008 -0.090  0.000 
       TYPE-1-TS                         0.000  0.000  0.660                       0.000
    H(   11) C(    3) C(    5) H(   14)  -55.9  0.000  0.000  0.260  0.000  0.008  0.011 -0.090  0.000 
       TYPE-1-TS                         0.000  0.000  0.660                       0.000
    H(   12) C(    4) C(    6) H(   15) -174.8  0.000  0.000  0.260  0.000  0.008  0.012 -0.090  0.001 
       TYPE-1-TS                         0.000  0.000  0.660                       0.000
    H(   12) C(    4) C(    6) H(   16)  -57.6  0.000  0.000  0.260  0.000  0.008  0.009 -0.090 -0.001 
       TYPE-1-TS                         0.000  0.000  0.660                       0.000
    H(   13) C(    5) C(    6) H(   15)   56.1  0.000  0.000  0.260  0.000  0.008  0.010 -0.090  0.000 
       TYPE-1-TS                         0.000  0.000  0.660                       0.000
    H(   13) C(    5) C(    6) H(   16)  -59.9  0.000  0.000  0.260  0.000  0.008  0.008 -0.090  0.000 
       TYPE-1-TS                         0.000  0.000  0.660                       0.000
    H(   14) C(    5) C(    6) H(   15)  173.1  0.000  0.000  0.260  0.000  0.008  0.015 -0.090  0.000 
       TYPE-1-TS                         0.000  0.000  0.660                       0.000
    H(   14) C(    5) C(    6) H(   16)   57.1  0.000  0.000  0.260  0.000  0.008  0.009 -0.090  0.000 
       TYPE-1-TS                         0.000  0.000  0.660                       0.000
    H(   15) C(    6) C(    4) F(   18)  -57.8 -0.460  1.190  0.420  0.000  0.000  0.501  0.060 -0.001 
       TYPE-1-TS                         0.000 -1.650  2.400                       0.004
       TYPE-2-TS    0.000  0.000  0.000                       0.000  0.000  0.550  0.000
       TORS-BEND    0.002 -0.022  0.000                       0.000  0.000 -0.001 -0.139
    H(   16) C(    6) C(    4) F(   18)   59.4 -0.460  1.190  0.420  0.000  0.000  0.535  0.060 -0.001 
       TYPE-1-TS                         0.000 -1.650  2.400                       0.004
       TYPE-2-TS    0.000  0.000  0.000                       0.000  0.000  0.550  0.000
       TORS-BEND    0.002 -0.022  0.000                       0.000  0.000 -0.001 -0.175


 ==============================================================================
                        NORMAL MODE VIBRATIONAL ANALYSIS
 ==============================================================================


             Molecular Shape : ASYMMETRIC ROTOR WITH KAPPA =-0.557793
        Symmetry Point Group : Cs  
             Symmetry Number :  1
                   Chirality :  no



0       FUNDAMENTAL NORMAL VIBRATIONAL FREQUENCIES
                ( THEORETICALLY  48 VALUES )

             Frequency :  in 1/cm
             A(i)      :  IR intensity (vs,s,m,w,vw,-- or in 10**6 cm/mole)
             A(i) = -- :  IR inactive


             no       Frequency   Symmetry      A(i)

             1.          2963.4     (A`  )        m
             2.          2952.4     (A`  )        m
             3.          2951.0     (A"  )        m
             4.          2930.5     (A`  )        s
             5.          2927.4     (A`  )        m
             6.          2927.1     (A"  )        m
             7.          2907.5     (A"  )        m
             8.          2907.2     (A`  )        m
             9.          2885.8     (A`  )        m
            10.          2877.4     (A"  )        m
            11.          2870.5     (A`  )        m
            12.          1540.7     (A"  )        w
            13.          1505.8     (A`  )        w
            14.          1476.0     (A`  )        w
            15.          1468.6     (A"  )        w
            16.          1455.8     (A"  )       --
            17.          1435.3     (A`  )        w
            18.          1420.4     (A`  )        w
            19.          1416.0     (A"  )        w
            20.          1402.7     (A`  )        w
            21.          1390.0     (A"  )        w
            22.          1340.0     (A`  )        w
            23.          1318.3     (A"  )        w
            24.          1227.5     (A`  )        w
            25.          1226.0     (A"  )        w
            26.          1194.9     (A"  )       vw
            27.          1193.8     (A`  )        w
            28.          1146.3     (A`  )        w
            29.          1128.9     (A"  )        w
            30.          1121.9     (A`  )        w
            31.          1068.5     (A"  )       --
            32.          1042.3     (A"  )       --
            33.          1002.1     (A`  )       vw
            34.           915.5     (A"  )        w
            35.           909.5     (A`  )        w
            36.           886.5     (A`  )       vw
            37.           880.9     (A"  )        w
            38.           820.1     (A`  )        w
            39.           784.5     (A`  )        w
            40.           783.3     (A"  )        w
            41.           534.5     (A`  )        w
            42.           442.0     (A`  )        w
            43.           430.6     (A"  )       vw
            44.           380.1     (A`  )        w
            45.           350.8     (A"  )        w
            46.           331.9     (A`  )        w
            47.           236.5     (A"  )       vw
            48.           169.7     (A`  )        w
            49.     (       0.0)    (t/r )
            50.     (       0.0)    (t/r )
            51.     (       0.0)    (t/r )
            52.     (       0.0)    (t/r )
            53.     (       0.0)    (t/r )
            54.     (       0.0)    (t/r )


0       CORRESPONDING EIGEN VECTOR MATRIX   54 BY  54



 (  1)
    -0.004   -0.011    0.007    0.000    0.001    0.002    0.001    0.000
     0.001    0.012    0.000    0.083    0.000   -0.001    0.002   -0.004
     0.011    0.007    0.057    0.112   -0.041    0.000   -0.008   -0.058
     0.005   -0.010   -0.005    0.000    0.000   -0.006   -0.006    0.000
    -0.002   -0.022    0.000   -0.928    0.005    0.010   -0.005   -0.003
    -0.001   -0.019   -0.001    0.008   -0.058    0.057   -0.112   -0.041
    -0.003    0.001   -0.019   -0.007    0.000   -0.002

 (  2)
     0.015    0.029   -0.054    0.000   -0.001   -0.002   -0.004    0.000
    -0.004    0.002    0.000    0.018    0.000    0.001   -0.002    0.015
    -0.029   -0.054   -0.208   -0.372    0.160    0.039    0.027    0.465
    -0.005    0.009    0.004   -0.001    0.000    0.035    0.038    0.000
     0.012   -0.011    0.000   -0.190   -0.005   -0.009    0.004    0.009
     0.002    0.028    0.039   -0.027    0.466   -0.208    0.372    0.160
     0.009   -0.002    0.028   -0.001    0.000    0.000

 (  3)
     0.015    0.030   -0.054    0.000   -0.001   -0.003    0.000    0.000
     0.000    0.000   -0.001    0.000    0.000   -0.001    0.003   -0.015
     0.030    0.054   -0.215   -0.388    0.165    0.038    0.028    0.470
    -0.007    0.013    0.005    0.000   -0.001    0.000    0.000   -0.001
     0.000    0.000    0.014    0.000    0.007    0.013   -0.005   -0.010
    -0.001   -0.031   -0.038    0.028   -0.469    0.215   -0.388   -0.165
     0.010   -0.001    0.031    0.000    0.000    0.000

 (  4)
    -0.002   -0.003    0.003    0.011   -0.021   -0.039   -0.036    0.000
    -0.051    0.000    0.000    0.001    0.011    0.021   -0.039   -0.002
     0.003    0.003    0.024    0.043   -0.018    0.004   -0.001   -0.018
    -0.152    0.273    0.122   -0.018    0.000    0.468    0.434    0.000
     0.138    0.000    0.000   -0.014   -0.152   -0.273    0.122    0.022
     0.028    0.343    0.004    0.001   -0.018    0.024   -0.043   -0.018
     0.022   -0.028    0.343    0.000    0.000    0.000

 (  5)
     0.002    0.003    0.002   -0.011    0.023    0.037   -0.041    0.000
    -0.052    0.001    0.000   -0.001   -0.011   -0.023    0.037    0.002
    -0.003    0.002   -0.012   -0.022    0.009   -0.009   -0.003   -0.037
     0.158   -0.284   -0.126   -0.007    0.000    0.446    0.490    0.000
     0.156    0.001    0.000    0.012    0.157    0.284   -0.126   -0.028
    -0.012   -0.299   -0.009    0.003   -0.037   -0.012    0.022    0.009
    -0.028    0.012   -0.300    0.000    0.000    0.000

 (  6)
     0.003    0.004   -0.001   -0.015    0.030    0.054    0.000   -0.001
     0.000    0.000    0.000    0.000    0.015    0.030   -0.054   -0.003
     0.004    0.001   -0.025   -0.044    0.018   -0.008   -0.001   -0.007
     0.216   -0.390   -0.173    0.000    0.013    0.000    0.000    0.000
     0.000    0.000    0.001    0.000   -0.216   -0.390    0.174    0.036
     0.029    0.462    0.008   -0.001    0.007    0.025   -0.044   -0.018
    -0.036    0.029   -0.462    0.000    0.000    0.000

 (  7)
     0.023    0.039    0.029   -0.005    0.004   -0.009    0.000    0.000
     0.000    0.000   -0.005    0.000    0.005    0.004    0.009   -0.023
     0.039   -0.029   -0.217   -0.388    0.144   -0.047   -0.047   -0.469
     0.030   -0.043   -0.014    0.000   -0.001    0.000    0.000    0.002
     0.000    0.000   -0.001    0.000   -0.030   -0.043    0.014   -0.010
    -0.010   -0.114    0.047   -0.047    0.470    0.218   -0.389   -0.144
     0.010   -0.010    0.114    0.000    0.000    0.000

 (  8)
     0.023    0.038    0.029   -0.005    0.005   -0.010   -0.002    0.000
     0.005    0.003    0.000    0.005   -0.005   -0.005   -0.010    0.023
    -0.038    0.029   -0.216   -0.385    0.143   -0.047   -0.047   -0.467
     0.031   -0.045   -0.015    0.002    0.000   -0.056    0.012    0.000
     0.001   -0.001    0.000   -0.079    0.031    0.045   -0.015    0.011
     0.010    0.126   -0.047    0.047   -0.466   -0.215    0.384    0.142
     0.011   -0.010    0.127   -0.001    0.000    0.000

 (  9)
     0.003    0.007    0.004    0.013   -0.026    0.021    0.044    0.000
    -0.037    0.000    0.000    0.001    0.013    0.026    0.021    0.003
    -0.007    0.004   -0.037   -0.074    0.029   -0.008   -0.008   -0.075
    -0.130    0.247    0.094   -0.034    0.000    0.531   -0.456    0.000
    -0.123    0.000    0.000   -0.011   -0.130   -0.247    0.094   -0.032
    -0.030   -0.324   -0.008    0.008   -0.074   -0.037    0.074    0.029
    -0.032    0.030   -0.324    0.000    0.000    0.000

 ( 10)
     0.003    0.008    0.004    0.022   -0.038    0.028    0.000    0.004
     0.000    0.000   -0.001    0.000   -0.022   -0.038   -0.028   -0.003
     0.008   -0.004   -0.038   -0.079    0.031   -0.009   -0.008   -0.078
    -0.216    0.390    0.155    0.000    0.001    0.000    0.000   -0.011
     0.000    0.000    0.000    0.000    0.216    0.390   -0.155    0.046
     0.046    0.469    0.009   -0.008    0.078    0.038   -0.079   -0.031
    -0.046    0.046   -0.469    0.000    0.000    0.000

 ( 11)
    -0.001   -0.005   -0.002   -0.019    0.028   -0.019    0.041    0.000
    -0.027    0.000    0.000    0.000   -0.019   -0.028   -0.019   -0.001
     0.005   -0.002    0.022    0.049   -0.019    0.005    0.005    0.048
     0.169   -0.295   -0.121   -0.032    0.000    0.449   -0.442    0.000
    -0.128    0.000    0.000    0.007    0.169    0.295   -0.121    0.034
     0.035    0.344    0.005   -0.005    0.048    0.022   -0.049   -0.019
     0.034   -0.035    0.344    0.000    0.000    0.000

 ( 12)
     0.043   -0.095   -0.020   -0.009    0.012    0.002    0.000   -0.005
     0.000    0.000    0.158    0.000    0.009    0.012   -0.002   -0.043
    -0.095    0.020   -0.036    0.016    0.208   -0.028    0.305   -0.056
    -0.065   -0.011   -0.004    0.000    0.002    0.000    0.000    0.025
     0.000    0.000   -0.351    0.000    0.065   -0.011    0.004   -0.026
    -0.007    0.003    0.028    0.305    0.056    0.036    0.016   -0.208
     0.026   -0.007   -0.003    0.000   -0.006    0.000

 ( 13)
    -0.039    0.069    0.029    0.012   -0.002    0.000   -0.006    0.000
    -0.001    0.129    0.000   -0.018    0.012    0.002    0.000   -0.039
    -0.069    0.029    0.072   -0.118   -0.325   -0.047   -0.338    0.074
     0.031    0.004    0.007    0.026    0.000    0.001   -0.006    0.000
    -0.011   -0.316    0.000    0.008    0.031   -0.004    0.007   -0.026
     0.008    0.004   -0.047    0.338    0.074    0.072    0.118   -0.325
    -0.026   -0.008    0.004   -0.030    0.000    0.001

 ( 14)
     0.081    0.002    0.016   -0.052   -0.012    0.001    0.024    0.000
     0.000   -0.109    0.000    0.005   -0.052    0.012    0.001    0.081
    -0.002    0.016   -0.127    0.005   -0.296   -0.277   -0.221    0.074
     0.044    0.046    0.007   -0.037    0.000   -0.005    0.029    0.000
     0.008    0.292    0.000   -0.022    0.044   -0.046    0.007    0.120
    -0.041   -0.012   -0.277    0.221    0.074   -0.127   -0.005   -0.296
     0.120    0.041   -0.012    0.027    0.000    0.001

 ( 15)
    -0.071    0.003   -0.021    0.052    0.024   -0.002    0.000   -0.049
     0.000    0.000   -0.069    0.000   -0.052    0.024    0.002    0.071
     0.003    0.021    0.067    0.066    0.356    0.306    0.233   -0.083
    -0.012   -0.014   -0.003    0.000    0.136    0.000    0.000   -0.004
     0.000    0.000    0.210    0.000    0.012   -0.014    0.003    0.145
    -0.075   -0.008   -0.306    0.233    0.083   -0.067    0.066   -0.356
    -0.145   -0.075    0.008    0.000    0.000    0.000

 ( 16)
    -0.011    0.011   -0.016   -0.041   -0.083    0.009    0.000    0.149
     0.000    0.000   -0.024    0.000    0.041   -0.083   -0.009    0.011
     0.011    0.016    0.116    0.018    0.173    0.083    0.110   -0.037
     0.056   -0.001   -0.104    0.000   -0.398    0.000    0.000   -0.201
     0.000    0.000    0.070    0.000   -0.056   -0.001    0.104   -0.115
     0.242   -0.027   -0.083    0.110    0.037   -0.116    0.018   -0.173
     0.115    0.242    0.027    0.000    0.000    0.000

 ( 17)
     0.004   -0.016    0.007    0.072    0.063   -0.014   -0.086    0.000
     0.028   -0.035    0.000    0.006    0.072   -0.063   -0.014    0.004
     0.016    0.007   -0.126    0.010   -0.094   -0.040   -0.060    0.016
    -0.208   -0.139    0.116    0.403    0.000    0.065   -0.004    0.000
    -0.331    0.120    0.000   -0.002   -0.208    0.139    0.116   -0.159
     0.215   -0.021   -0.040    0.060    0.016   -0.126   -0.010   -0.094
    -0.159   -0.215   -0.021    0.009    0.000   -0.001

 ( 18)
    -0.010   -0.002    0.007    0.051   -0.029    0.026   -0.009    0.000
     0.001   -0.025    0.000    0.001    0.051    0.029    0.026   -0.010
     0.002    0.007   -0.031   -0.017   -0.049    0.005   -0.043    0.009
    -0.127    0.048   -0.426    0.045    0.000    0.004   -0.001    0.000
    -0.024    0.140    0.000   -0.007   -0.127   -0.048   -0.426   -0.296
    -0.356    0.098    0.005    0.043    0.009   -0.031    0.017   -0.049
    -0.296    0.356    0.098    0.007    0.000   -0.002

 ( 19)
    -0.010   -0.009    0.010    0.071   -0.010    0.025    0.000    0.000
     0.000    0.000    0.025    0.000   -0.071   -0.010   -0.025    0.010
    -0.009   -0.010   -0.054   -0.035   -0.096   -0.018   -0.062    0.017
    -0.186    0.011   -0.392    0.000    0.033    0.000    0.000   -0.109
     0.000    0.000   -0.105    0.000    0.186    0.011    0.392    0.346
     0.271   -0.095    0.018   -0.062   -0.017    0.054   -0.035    0.096
    -0.346    0.271    0.095    0.000   -0.001    0.000

 ( 20)
    -0.006   -0.009    0.007    0.058    0.035   -0.009    0.022    0.000
    -0.038   -0.018    0.000    0.004    0.058   -0.035   -0.009   -0.006
     0.009    0.007   -0.083   -0.002   -0.071    0.004   -0.049    0.011
    -0.168   -0.123    0.062   -0.534    0.000   -0.076   -0.156    0.000
     0.567    0.082    0.000   -0.001   -0.168    0.123    0.062   -0.145
     0.140   -0.007    0.004    0.049    0.011   -0.083    0.002   -0.071
    -0.145   -0.140   -0.007    0.005    0.000   -0.001

 ( 21)
    -0.012   -0.009    0.003    0.063    0.029   -0.014    0.000    0.102
     0.000    0.000    0.013    0.000   -0.063    0.029    0.014    0.012
    -0.009   -0.003   -0.054   -0.017   -0.062   -0.002   -0.040    0.005
    -0.229   -0.233    0.213    0.000   -0.252    0.000    0.000   -0.475
     0.000    0.000   -0.030    0.000    0.229   -0.233   -0.213    0.075
    -0.241    0.026    0.002   -0.040   -0.005    0.054   -0.017    0.062
    -0.075   -0.241   -0.026    0.000   -0.001    0.000

 ( 22)
    -0.068    0.052    0.033    0.006   -0.019   -0.012    0.001    0.000
    -0.013   -0.064    0.000   -0.020    0.006    0.019   -0.012   -0.068
    -0.052    0.033    0.224   -0.132   -0.017    0.219   -0.059    0.022
     0.206    0.043    0.086    0.033    0.000   -0.015    0.001    0.000
    -0.016    0.575    0.000   -0.055    0.206   -0.043    0.086   -0.089
     0.091   -0.011    0.219    0.059    0.022    0.224    0.132   -0.017
    -0.089   -0.091   -0.011    0.026    0.000   -0.009

 ( 23)
     0.067   -0.038   -0.039   -0.006    0.021    0.009    0.000   -0.003
     0.000    0.000   -0.062    0.000    0.006    0.021   -0.009   -0.067
    -0.038    0.039   -0.291    0.206    0.060   -0.175    0.053   -0.033
    -0.197   -0.045   -0.068    0.000   -0.040    0.000    0.000    0.045
     0.000    0.000    0.556    0.000    0.197   -0.045    0.068   -0.081
     0.066   -0.004    0.175    0.053    0.033    0.291    0.206   -0.060
     0.081    0.066    0.004    0.000    0.003    0.000

 ( 24)
     0.032   -0.005    0.019   -0.021    0.003    0.012    0.027    0.000
    -0.074   -0.015    0.000    0.000   -0.021   -0.003    0.012    0.032
     0.005    0.019   -0.180    0.112    0.015    0.053   -0.003    0.022
     0.302    0.214   -0.055    0.105    0.000   -0.087    0.001    0.000
     0.013   -0.238    0.000    0.005    0.302   -0.214   -0.055   -0.380
     0.246    0.024    0.053    0.003    0.022   -0.180   -0.112    0.015
    -0.380   -0.246    0.024    0.007    0.000    0.011

 ( 25)
     0.005    0.007   -0.030    0.000   -0.028    0.069    0.000    0.026
     0.000    0.000    0.002    0.000    0.000   -0.028   -0.069   -0.005
     0.007    0.030    0.122   -0.026    0.041   -0.216    0.046   -0.017
     0.083    0.060   -0.026    0.000    0.611    0.000    0.000   -0.509
     0.000    0.000    0.089    0.000   -0.083    0.060    0.026   -0.065
    -0.087   -0.073    0.216    0.046    0.017   -0.122   -0.026   -0.041
     0.065   -0.087    0.073    0.000   -0.001    0.000

 ( 26)
     0.046    0.006    0.048   -0.024   -0.010   -0.021    0.000    0.029
     0.000    0.000   -0.048    0.000    0.024   -0.010    0.021   -0.046
     0.006   -0.048   -0.306    0.195    0.030    0.035    0.088    0.053
     0.316    0.165    0.010    0.000   -0.026    0.000    0.000   -0.232
     0.000    0.000   -0.169    0.000   -0.316    0.165   -0.010    0.293
    -0.111    0.009   -0.035    0.088   -0.053    0.306    0.195   -0.030
    -0.293   -0.111   -0.009    0.000    0.005    0.000

 ( 27)
     0.001    0.002   -0.021   -0.006    0.003   -0.048    0.003    0.000
     0.050   -0.049    0.000    0.084   -0.006   -0.003   -0.048    0.001
    -0.002   -0.021   -0.206    0.143    0.037    0.422   -0.316   -0.038
     0.021   -0.021    0.033   -0.095    0.000    0.053    0.040    0.000
    -0.061   -0.124    0.000    0.094    0.021    0.021    0.033    0.063
    -0.130   -0.053    0.422    0.316   -0.038   -0.206   -0.143    0.037
     0.063    0.130   -0.053    0.012    0.000    0.001

 ( 28)
    -0.011    0.024   -0.006    0.023   -0.020    0.002   -0.018    0.000
     0.001   -0.147    0.000   -0.076    0.023    0.020    0.002   -0.011
    -0.024   -0.006    0.172   -0.070    0.008   -0.014   -0.017   -0.005
    -0.027   -0.061    0.019    0.011    0.000    0.003   -0.026    0.000
     0.023   -0.529    0.000   -0.108   -0.027    0.061    0.019    0.021
    -0.011    0.005   -0.014    0.017   -0.005    0.172    0.070    0.008
     0.021    0.011    0.005    0.101    0.000    0.053

 ( 29)
     0.007   -0.055   -0.031   -0.013   -0.002   -0.011    0.000    0.007
     0.000    0.000    0.132    0.000    0.013   -0.002    0.011   -0.007
    -0.055    0.031    0.002   -0.078   -0.087    0.284   -0.232   -0.049
     0.180    0.106   -0.020    0.000   -0.017    0.000    0.000   -0.136
     0.000    0.000    0.499    0.000   -0.180    0.106    0.020    0.090
    -0.050    0.010   -0.284   -0.232    0.049   -0.002   -0.078    0.087
    -0.090   -0.050   -0.010    0.000   -0.007    0.000

 ( 30)
    -0.007    0.008   -0.091    0.010   -0.010    0.083   -0.010    0.000
    -0.083   -0.023    0.000    0.101    0.010    0.010    0.083   -0.007
    -0.008   -0.091    0.154    0.009    0.122   -0.058   -0.252   -0.077
    -0.061    0.024   -0.087    0.194    0.000   -0.084   -0.074    0.000
     0.116    0.037    0.000    0.110   -0.061   -0.024   -0.087    0.097
     0.170    0.074   -0.058    0.252   -0.077    0.154   -0.009    0.122
     0.097   -0.170    0.074   -0.005    0.000   -0.012

 ( 31)
     0.022   -0.001    0.002   -0.013   -0.017    0.011    0.000    0.034
     0.000    0.000    0.002    0.000    0.013   -0.017   -0.011   -0.022
    -0.001   -0.002    0.271   -0.138    0.005   -0.277    0.154    0.018
     0.033    0.011    0.006    0.000   -0.196    0.000    0.000    0.309
     0.000    0.000    0.276    0.000   -0.033    0.011   -0.006    0.355
    -0.222   -0.027    0.277    0.154   -0.018   -0.271   -0.138   -0.005
    -0.355   -0.222    0.027    0.000    0.000    0.000

 ( 32)
     0.043    0.005    0.018   -0.060   -0.054    0.003    0.000    0.093
     0.000    0.000   -0.007    0.000    0.060   -0.054   -0.003   -0.043
     0.005   -0.018   -0.018    0.049    0.044    0.242   -0.114    0.011
    -0.245   -0.180    0.058    0.000    0.452    0.000    0.000    0.280
     0.000    0.000   -0.069    0.000    0.245   -0.180   -0.058    0.143
    -0.062   -0.010   -0.242   -0.114   -0.011    0.018    0.049   -0.044
    -0.143   -0.062    0.010    0.000    0.005    0.000

 ( 33)
     0.068   -0.030    0.019   -0.082   -0.012   -0.017    0.062    0.000
    -0.009    0.004    0.000    0.021   -0.082    0.012   -0.017    0.068
     0.030    0.019    0.287   -0.163   -0.005    0.162   -0.052    0.014
    -0.286   -0.124   -0.020   -0.051    0.000   -0.016    0.105    0.000
    -0.146   -0.047    0.000    0.027   -0.286    0.124   -0.020   -0.219
     0.100   -0.014    0.162    0.052    0.014    0.287    0.163   -0.005
    -0.219   -0.100   -0.014   -0.019    0.000    0.000

 ( 34)
    -0.030    0.018   -0.080    0.023   -0.010    0.067    0.000    0.035
     0.000    0.000    0.021    0.000   -0.023   -0.010   -0.067    0.030
     0.018    0.080   -0.105    0.174    0.197   -0.077   -0.309   -0.058
     0.049    0.077   -0.098    0.000   -0.168    0.000    0.000    0.240
     0.000    0.000   -0.233    0.000   -0.049    0.077    0.098   -0.010
    -0.238   -0.055    0.077   -0.309    0.058    0.105    0.174   -0.197
     0.010   -0.238    0.055    0.000   -0.006    0.000

 ( 35)
    -0.047   -0.068    0.030   -0.024    0.052    0.045    0.047    0.000
    -0.055   -0.004    0.000   -0.045   -0.024   -0.052    0.045   -0.047
     0.068    0.030   -0.129   -0.130   -0.217    0.249    0.063   -0.005
    -0.108    0.108   -0.182    0.153    0.000   -0.054    0.017    0.000
     0.050   -0.009    0.000   -0.052   -0.108   -0.108   -0.182    0.249
     0.087    0.014    0.249   -0.063   -0.005   -0.129    0.130   -0.217
     0.249   -0.087    0.014    0.026    0.000    0.013

 ( 36)
    -0.020   -0.090   -0.038    0.029    0.062   -0.022   -0.001    0.000
     0.077   -0.025    0.000    0.078    0.029   -0.062   -0.022   -0.020
     0.090   -0.038    0.180   -0.231   -0.098   -0.114   -0.018   -0.037
     0.221    0.172   -0.028   -0.237    0.000    0.071    0.062    0.000
    -0.118   -0.096    0.000    0.082    0.221   -0.172   -0.028   -0.058
    -0.014   -0.019   -0.114    0.018   -0.037    0.180    0.231   -0.098
    -0.058    0.013   -0.019   -0.006    0.000   -0.005

 ( 37)
     0.088    0.025   -0.004   -0.060    0.058   -0.006    0.000   -0.074
     0.000    0.000   -0.038    0.000    0.060    0.058    0.006   -0.088
     0.025    0.004    0.257    0.002    0.158    0.101   -0.150    0.007
    -0.163    0.078   -0.177    0.000   -0.184    0.000    0.000   -0.311
     0.000    0.000   -0.117    0.000    0.163    0.078    0.177    0.023
    -0.093    0.022   -0.101   -0.150   -0.007   -0.257    0.002   -0.158
    -0.023   -0.093   -0.022    0.000    0.015    0.000

 ( 38)
    -0.072    0.021   -0.024    0.002   -0.009    0.028    0.151    0.000
     0.031    0.002    0.000   -0.017    0.002    0.009    0.028   -0.072
    -0.021   -0.024   -0.134    0.092    0.067   -0.144   -0.047   -0.015
    -0.092   -0.042   -0.016   -0.290    0.000    0.014    0.295    0.000
    -0.413    0.042    0.000   -0.023   -0.092    0.042   -0.016   -0.044
     0.131    0.024   -0.144    0.047   -0.015   -0.134   -0.092    0.067
    -0.044   -0.131    0.024    0.034    0.000    0.002

 ( 39)
    -0.033   -0.074   -0.003    0.032   -0.115    0.002    0.051    0.000
    -0.056   -0.015    0.000    0.055    0.032    0.115    0.002   -0.033
     0.074   -0.003   -0.104   -0.107   -0.165   -0.002    0.071   -0.016
     0.071   -0.202    0.236    0.178    0.000   -0.053    0.031    0.000
     0.019   -0.075    0.000    0.059    0.071    0.202    0.237   -0.050
    -0.087    0.024   -0.002   -0.071   -0.016   -0.104    0.107   -0.165
    -0.050    0.087    0.024   -0.019    0.000   -0.008

 ( 40)
    -0.038   -0.030    0.041   -0.039    0.029    0.067    0.000    0.046
     0.000    0.000   -0.035    0.000    0.039    0.029   -0.067    0.038
    -0.030   -0.041   -0.098   -0.108   -0.223    0.160    0.194    0.010
    -0.102    0.142   -0.269    0.000   -0.064    0.000    0.000    0.054
     0.000    0.000    0.011    0.000    0.102    0.142    0.269   -0.163
    -0.278   -0.030   -0.160    0.194   -0.010    0.098   -0.108    0.223
     0.163   -0.279    0.030    0.000    0.000    0.000

 ( 41)
     0.046    0.018    0.000    0.053   -0.075    0.029   -0.068    0.000
     0.031   -0.036    0.000   -0.013    0.053    0.075    0.029    0.046
    -0.018    0.000   -0.008   -0.008   -0.134    0.143    0.110   -0.015
     0.037    0.007   -0.182   -0.337    0.000    0.020    0.019    0.000
    -0.249   -0.036    0.000   -0.009    0.037   -0.007   -0.182    0.143
     0.259    0.007    0.143   -0.110   -0.015   -0.008    0.008   -0.134
     0.143   -0.259    0.007   -0.075    0.000   -0.001

 ( 42)
    -0.004    0.084   -0.022   -0.029    0.022    0.007   -0.022    0.000
    -0.024    0.003    0.000    0.141   -0.029   -0.022    0.007   -0.004
    -0.084   -0.022   -0.021   -0.005   -0.259    0.043    0.337   -0.042
    -0.056    0.002    0.022   -0.071    0.000   -0.026   -0.009    0.000
    -0.069   -0.063    0.000    0.135   -0.056   -0.002    0.022   -0.045
    -0.039    0.009    0.043   -0.337   -0.042   -0.021    0.005   -0.259
    -0.045    0.039    0.009    0.071    0.000   -0.029

 ( 43)
    -0.092   -0.058   -0.016   -0.097    0.080   -0.028    0.000    0.054
     0.000    0.000   -0.038    0.000    0.097    0.080    0.028    0.092
    -0.058    0.016   -0.030   -0.053    0.079   -0.158   -0.124   -0.006
    -0.052    0.068    0.058    0.000    0.094    0.000    0.000   -0.061
     0.000    0.000   -0.063    0.000    0.052    0.068   -0.058    0.150
     0.139    0.019    0.158   -0.124    0.006    0.030   -0.053   -0.079
    -0.150    0.139   -0.019    0.000   -0.039    0.000

 ( 44)
     0.018    0.057    0.010    0.049    0.064   -0.002    0.126    0.000
    -0.034   -0.100    0.000    0.009    0.049   -0.064   -0.002    0.018
    -0.057    0.010    0.069    0.014   -0.026    0.025    0.087    0.007
     0.010    0.016    0.057    0.171    0.000   -0.031    0.108    0.000
     0.022   -0.111    0.000    0.012    0.010   -0.016    0.057    0.048
    -0.124    0.003    0.025   -0.087    0.007    0.069   -0.014   -0.026
     0.048    0.124    0.003   -0.126    0.000    0.000

 ( 45)
     0.027   -0.093   -0.023    0.036    0.014    0.019    0.000    0.036
     0.000    0.000   -0.100    0.000   -0.036    0.014   -0.019   -0.027
    -0.093    0.023    0.072   -0.120   -0.028    0.043   -0.085   -0.024
     0.110    0.027    0.080    0.000    0.021    0.000    0.000    0.077
     0.000    0.000   -0.133    0.000   -0.110    0.027   -0.080   -0.003
     0.066   -0.025   -0.043   -0.085    0.024   -0.072   -0.120    0.028
     0.003    0.066    0.025    0.000    0.154    0.000

 ( 46)
    -0.030    0.010    0.049    0.006   -0.040   -0.081    0.054    0.000
     0.074   -0.023    0.000    0.073    0.006    0.040   -0.081   -0.030
    -0.010    0.049    0.002   -0.001    0.066   -0.120    0.032    0.054
    -0.049    0.012   -0.269    0.269    0.000    0.079   -0.009    0.000
     0.273   -0.088    0.000    0.072   -0.049   -0.012   -0.269    0.088
     0.227   -0.099   -0.120   -0.032    0.054    0.002    0.001    0.066
     0.088   -0.227   -0.099    0.010    0.000   -0.049

 ( 47)
    -0.020   -0.030    0.091    0.037   -0.017   -0.088    0.000    0.043
     0.000    0.000    0.022    0.000   -0.037   -0.017    0.088    0.020
    -0.030   -0.091    0.030    0.007    0.242   -0.148   -0.148    0.107
     0.005    0.036   -0.244    0.000    0.132    0.000    0.000    0.041
     0.000    0.000    0.111    0.000   -0.005    0.036    0.244   -0.161
    -0.143    0.104    0.148   -0.148   -0.107   -0.030    0.007   -0.242
     0.161   -0.143   -0.104    0.000    0.030    0.000

 ( 48)
     0.001    0.017   -0.101   -0.021   -0.016   -0.012    0.039    0.000
     0.106    0.021    0.000   -0.039   -0.021    0.016   -0.012    0.001
    -0.017   -0.101   -0.034    0.006   -0.172    0.054    0.080   -0.108
    -0.001    0.001   -0.024    0.206    0.000    0.109   -0.012    0.000
     0.262    0.136    0.000   -0.040   -0.001   -0.001   -0.024   -0.098
     0.076   -0.010    0.054   -0.080   -0.108   -0.034   -0.006   -0.172
    -0.098   -0.076   -0.010   -0.023    0.000    0.117

 ( 49)
    -0.103    0.022   -0.037   -0.099   -0.026   -0.051   -0.060   -0.054
    -0.066   -0.055    0.049   -0.040   -0.012   -0.026   -0.068   -0.016
     0.022   -0.055   -0.130    0.042   -0.026   -0.115    0.017   -0.036
    -0.134   -0.046   -0.049   -0.070   -0.062   -0.066   -0.057   -0.088
    -0.076   -0.045    0.056   -0.040    0.015   -0.046   -0.079    0.000
    -0.021   -0.069   -0.024    0.017   -0.054    0.018    0.042   -0.056
    -0.091   -0.021   -0.051   -0.058    0.092   -0.027

 ( 50)
    -0.041   -0.035   -0.044   -0.053   -0.038    0.003   -0.049   -0.011
     0.078   -0.069   -0.063   -0.013   -0.077   -0.038    0.107   -0.064
    -0.035    0.060   -0.045   -0.056   -0.097   -0.005    0.010   -0.049
    -0.032   -0.016   -0.019   -0.014    0.035    0.078   -0.060   -0.015
     0.111   -0.104   -0.108   -0.012   -0.072   -0.016    0.160   -0.112
    -0.083    0.112   -0.030    0.010    0.060   -0.085   -0.056    0.082
    -0.088   -0.083    0.003   -0.056   -0.059   -0.055

 ( 51)
    -0.038    0.016    0.024   -0.027   -0.038   -0.018   -0.008   -0.038
     0.010    0.009    0.014    0.091    0.039   -0.038    0.078    0.027
     0.016    0.120   -0.051    0.014    0.004   -0.071    0.061    0.024
    -0.062   -0.035   -0.067   -0.040    0.004    0.009    0.002   -0.079
    -0.020    0.041   -0.029    0.090    0.051   -0.035    0.098    0.072
    -0.082    0.078   -0.002    0.061    0.125    0.062    0.014    0.169
     0.003   -0.082   -0.023   -0.002    0.065    0.129

 ( 52)
     0.015    0.052   -0.086    0.025    0.070   -0.120   -0.020    0.115
    -0.071   -0.006    0.007   -0.005   -0.043    0.070    0.011   -0.052
     0.052    0.045    0.049    0.018   -0.121   -0.008    0.107   -0.087
     0.039    0.105   -0.178   -0.046    0.173   -0.072   -0.012    0.125
    -0.095    0.019   -0.050   -0.005   -0.076    0.105    0.046   -0.019
     0.015    0.012   -0.079    0.107    0.050   -0.067    0.018    0.103
     0.052    0.015   -0.125   -0.016   -0.008    0.026

 ( 53)
    -0.006    0.075    0.022   -0.021    0.064    0.079    0.008    0.057
     0.103   -0.015    0.082   -0.008   -0.001    0.064    0.071    0.015
     0.075    0.014   -0.028    0.080    0.006    0.036    0.072    0.019
    -0.013    0.059    0.102    0.051    0.053    0.104   -0.005    0.049
     0.143   -0.058    0.086   -0.007    0.023    0.059    0.087   -0.043
     0.067    0.074    0.058    0.072    0.010    0.007    0.080   -0.009
    -0.065    0.067    0.083    0.000    0.092   -0.060

 ( 54)
     0.032    0.003   -0.109    0.023   -0.048   -0.079    0.059   -0.037
     0.000    0.047   -0.010   -0.058    0.075   -0.048    0.050    0.083
     0.003    0.019    0.005   -0.007   -0.165    0.053    0.061   -0.114
     0.013   -0.037   -0.114    0.082    0.019    0.001    0.052   -0.076
     0.022    0.024   -0.066   -0.058    0.102   -0.037    0.106    0.054
    -0.106    0.055    0.107    0.061    0.020    0.094   -0.007    0.055
    -0.001   -0.106   -0.080    0.055    0.038   -0.086


                VIBRATIONAL AMPLITUDE AND CENTRIFUGAL DISTORTION
                 CONTRIBUTIONS TO THE BOND LENGTH AT   298.16 K

                 Note: Excludes contributions from frequencies
                       lower than 40 (1/cm).

                R(e)   = r(mm4) - 1.5 * anh * <Z**2>(298.16)
                R(z)   = R(e) + 1.5 * anh * <Z**2>(0) - <K>(0))
                R(s)   = [R(e) + R(z)] / 2
                R(alp) = R(e) + 1.5 * anh * <Z**2>(T) - <K>(T) - <C>(T)
                R(g)   = R(e) + 1.5 * anh * <Z**2>(T)
                R(a)   = [R(g) + sqrt(R(g)**2-4*<Z**2>(T))] / 2

                       anh = anharmonicity (2.00)
                    <Z**2> = mean-square vibrational amplitude
                       <K> = perpendicular vibrational amplitude
                       <C> = centrifugal correction

        BOND          R(g)      R(z)      R(e)     R(alp)     R(s)      R(a)
    2( C)-  1( C)    1.5371    1.5341    1.5294    1.5336    1.5317    1.5354
    3( C)-  2( C)    1.5363    1.5335    1.5288    1.5331    1.5311    1.5347
    4( C)-  1( C)    1.5173    1.5150    1.5106    1.5146    1.5128    1.5158
    5( C)-  3( C)    1.5363    1.5335    1.5288    1.5331    1.5311    1.5347
    6( C)-  4( C)    1.5173    1.5150    1.5106    1.5146    1.5128    1.5158
    6( C)-  5( C)    1.5371    1.5341    1.5294    1.5336    1.5317    1.5354
    7( H)-  1( C)    1.1116    1.0983    1.0930    1.0977    1.0956    1.1060
    8( H)-  1( C)    1.1115    1.0982    1.0929    1.0976    1.0955    1.1059
    9( H)-  2( C)    1.1143    1.1009    1.0955    1.1003    1.0982    1.1086
   10( H)-  3( C)    1.1142    1.1006    1.0955    1.1001    1.0981    1.1086
   11( H)-  3( C)    1.1141    1.1005    1.0954    1.0999    1.0979    1.1085
   12( H)-  4( C)    1.1106    1.0991    1.0921    1.0988    1.0956    1.1050
   13( H)-  5( C)    1.1143    1.1009    1.0955    1.1003    1.0982    1.1086
   14( H)-  5( C)    1.1142    1.1008    1.0955    1.1002    1.0981    1.1086
   15( H)-  6( C)    1.1115    1.0982    1.0929    1.0976    1.0955    1.1059
   16( H)-  6( C)    1.1116    1.0983    1.0930    1.0977    1.0956    1.1060
   17( H)-  2( C)    1.1142    1.1008    1.0955    1.1002    1.0981    1.1086
   18( F)-  4( C)    1.4162    1.4129    1.4104    1.4123    1.4117    1.4148


                  Non-Bonded Atom Pair Distance Table
        (Distance greater than 82% of VDW distance are not printed)

        PAIR        Dist(g)   Dist(z)
    4( C),  3( C)    2.9288    2.9242       1,4
    5( C),  1( C)    2.9579    2.9542       1,4
    6( C),  2( C)    2.9579    2.9542       1,4
    8( H),  3( C)    2.8299    2.8226       1,4
    8( H),  6( C)    2.8124    2.8060       1,4
    9( H),  7( H)    2.5208    2.5061       1,4
    9( H),  8( H)    2.4919    2.4785       1,4
   10( H),  1( C)    2.8273    2.8196       1,4
   10( H),  6( C)    2.8273    2.8196       1,4
   10( H),  8( H)    2.6657    2.6642          
   10( H),  9( H)    2.4900    2.4767       1,4
   11( H),  9( H)    2.5314    2.5168       1,4
   12( H),  2( C)    2.7677    2.7622       1,4
   12( H),  5( C)    2.7677    2.7622       1,4
   12( H),  7( H)    2.5000    2.4881       1,4
   13( H), 10( H)    2.4900    2.4767       1,4
   13( H), 11( H)    2.5314    2.5168       1,4
   14( H),  2( C)    2.8245    2.8176       1,4
   14( H),  4( C)    2.7822    2.7744       1,4
   14( H), 11( H)    2.4911    2.4775       1,4
   14( H), 12( H)    2.5891    2.5887          
   15( H),  1( C)    2.8124    2.8060       1,4
   15( H),  3( C)    2.8299    2.8226       1,4
   15( H),  8( H)    2.6460    2.6457          
   15( H), 10( H)    2.6657    2.6642          
   15( H), 13( H)    2.4919    2.4785       1,4
   16( H), 12( H)    2.5000    2.4881       1,4
   16( H), 13( H)    2.5208    2.5061       1,4
   16( H), 14( H)    2.4981    2.4844       1,4
   17( H),  4( C)    2.7822    2.7744       1,4
   17( H),  5( C)    2.8245    2.8176       1,4
   17( H),  7( H)    2.4981    2.4844       1,4
   17( H), 11( H)    2.4911    2.4775       1,4
   17( H), 12( H)    2.5891    2.5887          
   17( H), 14( H)    2.6607    2.6598          
   18( F),  7( H)    2.6632    2.6545       1,4
   18( F),  8( H)    2.6443    2.6347       1,4
   18( F), 15( H)    2.6443    2.6347       1,4
   18( F), 16( H)    2.6632    2.6545       1,4


         THE MOMENTS OF INERTIA CALCULATED FROM R(g), R(z) VALUES
                  (also from R(e), R(alpha), R(s) VALUES)

         Note: (1) All calculations are based on principle isotopes.
               (2) R(z) values include harmonic vibration (Coriolis)
                   contribution indicated in parentheses.


   (1)  UNIT = 10**(-39) GM*CM**2

                    IX                   IY                   IZ

   R(e)        19.3657              38.0767              52.4044
   R(z)        19.5123(-0.0018)     38.3515( 0.0056)     52.8354( 0.0063)

   (2)  UNIT = AU A**2

                    IX                   IY                   IZ

   R(e)       116.6355             229.3285             315.6215
   R(z)       117.5185(-0.0108)    230.9835( 0.0335)    318.2170( 0.0379)


 ==============================================================================
                      STATISTICAL THERMODYNAMICS ANALYSIS
 ==============================================================================

  Structure name    : florocyclohexane-eq                                         
  Temperature       :   298.16 K
  Symmetry number   :   1
  Optical isomers   :   1
  Zero Point Energy :   99.331 Kcal/mol


                     ENERGY** ENTHALPY**  ENTROPY  FREE ENERGY** HEAT CAPACITY**
                  (Kcal/mol) (Kcal/mol)     (eu)   (Kcal/mol)    (cal/mol/deg)
  Translational       0.889      0.889     39.783    -10.973         2.981
     Rotational       0.889      0.889     27.483     -7.306         2.981
    Vibrational*    101.655%   101.655%    11.933     98.097%       20.029
         PV(RT)       0.000      0.593      0.000      0.593         1.987
      Potential       6.928#     6.928#     0.000      6.928#        0.000
         Mixing       0.000      0.000      0.000      0.000         0.000
          Total*    110.361    110.953     79.200     87.339        27.978

  Enthalpy Function (H-Ho)/T     =   15.74 cal/mol/deg
  Free Energy Function -(G-Ho)/T =   63.46 cal/mol/deg

  % Includes zero point energy (ZPE).
  * Excludes contribution from frequencies lower than 10 (1/cm).
  # Includes steric energy (SE).
    Internal rotation contributions are not considered
 ** These quantities are relative to the R(e) values (
    bottom of potential well) and do NOT include bonding

  This structure has   0 imaginary frequencies,
                       0 free internal rotation (fir) frequencies
                         (>= 0,< 10 /cm),
                       0 restricted internal rotation (rir) frequencies
                         (>= 10,< 40 /cm),
                       6 zero frequencies, and
                      48 real frequencies.


      FINAL STERIC ENERGY IS                6.9283 KCAL/MOL.


                  COMPRESSION               0.1539
                  STRETCH-STRETCH           0.0001
                  BENDING                   0.4394
                  BEND-BEND                -0.0332
                  STRETCH-BEND              0.0078
                  VANDERWAALS
                    1,4 ENERGY              4.0248
                    OTHER                  -0.2554
                  H-BONDING                 0.0000
                  PI-COMPLX                 0.0000
                  TORSIONAL                 3.6357
                  TORSION-STRETCH           0.0141
                  TORSION-BEND             -0.6281
                  BEND-TORSION-BEND        -0.0063
                  TORSION-IMPT              0.0000
                  IMPT-TORSION-IMPT         0.0000
                  TORSION-TORSION           0.0000
                  DIPOLE-DIPOLE             0.0000
                  CHARGE-DIPOLE             0.0000
                  IND-DIP CORR.            -0.4245
                  CHARGE-CHARGE             0.0000


      MOLECULAR POLARIZABILITIES (A**3)

        ALPHA(1)   =      14.30
        ALPHA(2)   =      13.38
        ALPHA(3)   =      10.93
        AVG. ALPHA =      12.87


      DIPOLE MOMENT =          1.8200 D

        SIGMA-DIPOLE MOMENT =  1.8200 (X = -1.7448    Y =  0.0000    Z = -0.5178)


      DIPOLE MOMENT =          2.0669 D (INCLUDES INDUCED BOND MOMENTS)

        SIGMA-DIPOLE MOMENT =  2.0669 (X = -2.0523    Y =  0.0000    Z = -0.2457)


      OTHER MOLECULAR PROPERTIES:

        Molar Polarizability:    32.8743 cm**3/mole
        Molar Refraction:        32.4532 cm**3/mole
        Radius of Gyration:       2.5627 A
        Molecular VDW Surface:  184.0109 A**2
        Molecular VDW Volume:   170.4306 A**3
        Dispersion Energy:      -11.2866 Kcal/mole
        Density (gas):          0.004172 g/cm**3 (@  298.2 K, 1 atm)
        Density (cdn):            0.8622 g/cm**3 (@STP Estd.)
        Ref. Index (gas):       1.001992 (@  298.2 K, 1 atm)
        Ref. Index (cdn):         1.4609 (@STP Estd.)
        Diel. Constant (gas):     1.0137 (@  298.2 K, 1 atm)
        Diel. Constant (cdn):    19.4190 (@STP Estd.)



      TOTAL ATOMIC CHARGE ON EACH ATOM (in ELECTRON CHARGE)

           C(    1):         -0.003
           C(    2):          0.011
           C(    3):         -0.014
           C(    4):          0.185
           C(    5):          0.011
           C(    6):         -0.003
           H(    7):          0.008
           H(    8):          0.008
           H(    9):          0.002
           H(   10):          0.002
           H(   11):          0.001
           H(   12):          0.007
           H(   13):          0.002
           H(   14):          0.003
           H(   15):          0.008
           H(   16):          0.008
           H(   17):          0.003
           F(   18):         -0.242

      -----------------------------------------------------------------

        END OF florocyclohexane-eq                                         


           TOTAL CPU TIME IS      0.11 SECONDS.

           THIS JOB COMPLETED AT    16:47:28
