 
               ---------------------------------------------
               WARNING : INCORRECT ATOM TYPES GIVEN IN INPUT
                         DATA ARE CORRECTED AS FOLLOWS
               ---------------------------------------------


             Atom type of atom    1 is replaced by   1 (was   0)
             Atom type of atom    2 is replaced by   1 (was   0)
             Atom type of atom    3 is replaced by   1 (was   0)
             Atom type of atom    4 is replaced by   1 (was   0)
             Atom type of atom    5 is replaced by   1 (was   0)
             Atom type of atom    6 is replaced by   1 (was   0)
             Atom type of atom    7 is replaced by   5 (was   0)
             Atom type of atom    8 is replaced by   5 (was   0)
             Atom type of atom    9 is replaced by   5 (was   0)
             Atom type of atom   10 is replaced by   5 (was   0)
             Atom type of atom   11 is replaced by   5 (was   0)
             Atom type of atom   12 is replaced by   5 (was   0)
             Atom type of atom   13 is replaced by   5 (was   0)
             Atom type of atom   14 is replaced by   5 (was   0)
             Atom type of atom   15 is replaced by   5 (was   0)
             Atom type of atom   16 is replaced by   5 (was   0)
             Atom type of atom   17 is replaced by   5 (was   0)
             Atom type of atom   18 is replaced by   6 (was   0)
             Atom type of atom   19 is replaced by  21 (was   0)
 
     hyroxycyclohexane-ax                                        

               CHEMICAL FORMULA :  C(    6)  H(   12)  O(    1) 
               FORMULA WEIGHT   :    100.091
                                                               DATE 26-MAY-23
                                                               TIME  17:11:49


          THE COORDINATES OF    19 ATOMS ARE READ IN.
          SOME CONSTANTS WILL BE READ IN.

      CONFORMATIONAL ENERGY, PART 1:  GEOMETRY AND STERIC ENERGY
                                      OF INITIAL CONFORMATION.


      CONNECTED ATOMS
          1-    2-    3-    5-    6-   18-
          1-    4-    6-

      ATTACHED ATOMS
          1-    7,    1-    8,    2-    9,    2-   10,    3-   11,    3-   12,
          4-   13,    4-   14,    5-   15,    5-   16,    6-   17,   18-   19,

      INITIAL ATOMIC COORDINATES
           ATOM          X           Y           Z      TYPE
         C(    1)    -1.38267     2.17324    -0.28886   (  1)
         C(    2)    -2.28081     0.92123    -0.11025   (  1)
         C(    3)    -1.48345    -0.39401    -0.31134   (  1)
         C(    4)    -0.12657     2.11341     0.62038   (  1)
         C(    5)    -0.22385    -0.44736     0.59418   (  1)
         C(    6)     0.68636     0.80030     0.41577   (  1)
         H(    7)    -1.96091     3.06874    -0.04679   (  5)
         H(    8)    -1.07117     2.24979    -1.33447   (  5)
         H(    9)    -3.10146     0.95969    -0.83126   (  5)
         H(   10)    -2.71666     0.92947     0.89294   (  5)
         H(   11)    -1.18202    -0.47805    -1.35921   (  5)
         H(   12)    -2.12931    -1.24551    -0.08130   (  5)
         H(   13)    -0.43906     2.18289     1.66651   (  5)
         H(   14)     0.51080     2.97622     0.41051   (  5)
         H(   15)     0.34697    -1.35068     0.36297   (  5)
         H(   16)    -0.53928    -0.51602     1.63945   (  5)
         H(   17)     1.47675     0.75286     1.17359   (  5)
         O(   18)     1.29704     0.74848    -0.88373   (  6)
         H(   19)     1.96928     1.46533    -0.94235   ( 21)

        %=%=%=%=%=%=%=%=%=%=%=%=%=%=%=%=%=%=%=%=%=%=%=%=%=%=%=

        MM4(08)-v010108: (Const:V010108-00)

        The Parameters Used in This Calculation Can be Found
        in the Publication(s) Listed in the PART 3

        %=%=%=%=%=%=%=%=%=%=%=%=%=%=%=%=%=%=%=%=%=%=%=%=%=%=%=


          DIELECTRIC CONSTANT =  1.500


      INITIAL STERIC ENERGY IS              8.4576 KCAL/MOL.

                  COMPRESSION               2.9810
                  STRETCH-STRETCH           0.0000
                  BENDING                   1.5893
                  BEND-BEND                 0.0410
                  STRETCH-BEND              0.0832
                  VANDERWAALS
                    1,4 ENERGY              4.9508
                    OTHER                  -0.8319
                  H-BONDING                 0.0000
                  PI-COMPLX                 0.0000
                  TORSIONAL                 1.2947
                  TORSION-STRETCH          -0.0343
                  TORSION-BEND             -1.3068
                  BEND-TORSION-BEND        -0.0423
                  TORSION-IMPT              0.0000
                  IMPT-TORSION-IMPT         0.0000
                  TORSION-TORSION           0.0572
                  DIPOLE-DIPOLE             0.0000
                  CHARGE-DIPOLE             0.0000
                  IND_DIP CORR.            -0.3243
                  CHARGE-CHARGE             0.0000


      MOMENT OF INERTIA ( R(g) ) WITH THE PRINCIPAL AXES

          (1)  UNIT = 10**(-39) GM*CM**2
               IX=   24.0276    IY=   32.9119    IZ=   44.0213

          (2)  UNIT = AU A**2
               IX=  144.7182    IY=  198.2281    IZ=  265.1404


      MOLECULAR POLARIZABILITIES (A**3)

        ALPHA(1)   =      13.60
        ALPHA(2)   =      13.54
        ALPHA(3)   =      12.31
        AVG. ALPHA =      13.15


      DIPOLE MOMENT =          1.6962 D

        SIGMA-DIPOLE MOMENT =  1.6962 (X = -0.6405    Y = -1.2506    Z = -0.9503)


      DIPOLE MOMENT =          1.4299 D (INCLUDES INDUCED BOND MOMENTS)

        SIGMA-DIPOLE MOMENT =  1.4299 (X = -0.4246    Y = -1.1545    Z = -0.7290)


      OTHER MOLECULAR PROPERTIES:

        Molar Polarizability:    33.3631 cm**3/mole
        Molar Refraction:        33.1616 cm**3/mole
        Radius of Gyration:       2.4659 A
        Molecular VDW Surface:  186.3732 A**2
        Molecular VDW Volume:   173.9006 A**3
        Dispersion Energy:      -12.6852 Kcal/mole
        Density (gas):          0.004090 g/cm**3 (@  298.2 K, 1 atm)
        Density (cdn):            0.8329 g/cm**3 (@STP Estd.)
        Ref. Index (gas):       1.002035 (@  298.2 K, 1 atm)
        Ref. Index (cdn):         1.4645 (@STP Estd.)
        Diel. Constant (gas):     1.0087 (@  298.2 K, 1 atm)
        Diel. Constant (cdn):     9.9467 (@STP Estd.)



      CPU TIME FOR INITIAL CALCULATION IS     0.04 SECONDS.
 


     hyroxycyclohexane-ax                                        


     CONFORMATIONAL ENERGY, PART 2: GEOMETRY MINIMIZATION

               GEOMETRY OPTIMIZATION IS CONTINUED UNTIL ATOM
               MOVEMENT CONVERGES WITHIN FOLLOWING VALUES:

                         AVERAGE MOVEMENT  0.00013 A
                         MAXIMUM MOVEMENT  0.00131 A



     <<<<<<<<<<<<<<<<<<<<<<<<<<  C Y C L E   1 >>>>>>>>>>>>>>>>>>>>>>>>>>

                              (CH)-MOVEMENT = 0

     ITER    1  AVG. MOVE = 0.01181 A  (MAX MOVE: ATOM    19   0.07891 A)
     ITER    2  AVG. MOVE = 0.00509 A  (MAX MOVE: ATOM    19   0.08622 A)
     ITER    3  AVG. MOVE = 0.00411 A  (MAX MOVE: ATOM    19   0.07979 A)
     ITER    4  AVG. MOVE = 0.00350 A  (MAX MOVE: ATOM    19   0.06943 A)
     ITER    5  AVG. MOVE = 0.00299 A  (MAX MOVE: ATOM    19   0.05706 A)
     ITER    6  AVG. MOVE = 0.00250 A  (MAX MOVE: ATOM    19   0.04409 A)
     ITER    7  AVG. MOVE = 0.00206 A  (MAX MOVE: ATOM    19   0.03229 A)
     ITER    8  AVG. MOVE = 0.00169 A  (MAX MOVE: ATOM    19   0.02286 A)
     ITER    9  AVG. MOVE = 0.00140 A  (MAX MOVE: ATOM    19   0.01609 A)
     ITER   10  AVG. MOVE = 0.00118 A  (MAX MOVE: ATOM    19   0.01161 A)
     ITER   11  AVG. MOVE = 0.00101 A  (MAX MOVE: ATOM    19   0.00878 A)
     ITER   12  AVG. MOVE = 0.00088 A  (MAX MOVE: ATOM    19   0.00725 A)
     ITER   13  AVG. MOVE = 0.00077 A  (MAX MOVE: ATOM    19   0.00630 A)
     ITER   14  AVG. MOVE = 0.00069 A  (MAX MOVE: ATOM    19   0.00556 A)
     ITER   15  AVG. MOVE = 0.00062 A  (MAX MOVE: ATOM    19   0.00496 A)
     ITER   16  AVG. MOVE = 0.00056 A  (MAX MOVE: ATOM    19   0.00446 A)
     ITER   17  AVG. MOVE = 0.00051 A  (MAX MOVE: ATOM    19   0.00403 A)
     ITER   18  AVG. MOVE = 0.00048 A  (MAX MOVE: ATOM    19   0.00366 A)
     ITER   19  AVG. MOVE = 0.00044 A  (MAX MOVE: ATOM    19   0.00333 A)
     ITER   20  AVG. MOVE = 0.00041 A  (MAX MOVE: ATOM    19   0.00305 A)
     ITER   21  AVG. MOVE = 0.00039 A  (MAX MOVE: ATOM    19   0.00279 A)
     ITER   22  AVG. MOVE = 0.00036 A  (MAX MOVE: ATOM    19   0.00257 A)
     ITER   23  AVG. MOVE = 0.00034 A  (MAX MOVE: ATOM    19   0.00237 A)
     ITER   24  AVG. MOVE = 0.00032 A  (MAX MOVE: ATOM    19   0.00219 A)
     ITER   25  AVG. MOVE = 0.00030 A  (MAX MOVE: ATOM    19   0.00202 A)
     ITER   26  AVG. MOVE = 0.00028 A  (MAX MOVE: ATOM    19   0.00188 A)
     ITER   27  AVG. MOVE = 0.00027 A  (MAX MOVE: ATOM    19   0.00174 A)
     ITER   28  AVG. MOVE = 0.00025 A  (MAX MOVE: ATOM    19   0.00162 A)
     ITER   29  AVG. MOVE = 0.00024 A  (MAX MOVE: ATOM    19   0.00151 A)
     ITER   30  AVG. MOVE = 0.00022 A  (MAX MOVE: ATOM    19   0.00141 A)
     ITER   31  AVG. MOVE = 0.00021 A  (MAX MOVE: ATOM    19   0.00132 A)
     ITER   32  AVG. MOVE = 0.00020 A  (MAX MOVE: ATOM    19   0.00123 A)
     ITER   33  AVG. MOVE = 0.00019 A  (MAX MOVE: ATOM    19   0.00115 A)
     ITER   34  AVG. MOVE = 0.00018 A  (MAX MOVE: ATOM    19   0.00108 A)
     ITER   35  AVG. MOVE = 0.00017 A  (MAX MOVE: ATOM    19   0.00101 A)
     ITER   36  AVG. MOVE = 0.00016 A  (MAX MOVE: ATOM    19   0.00095 A)
     ITER   37  AVG. MOVE = 0.00015 A  (MAX MOVE: ATOM    19   0.00089 A)
     ITER   38  AVG. MOVE = 0.00014 A  (MAX MOVE: ATOM    19   0.00084 A)
     ITER   39  AVG. MOVE = 0.00013 A  (MAX MOVE: ATOM    19   0.00079 A)
     ITER   40  AVG. MOVE = 0.00013 A  (MAX MOVE: ATOM    19   0.00074 A)


              * * * * * * * * * GEOMETRY IS OPTIMIZED * * * * * * * * *

               WITHIN : AVERAGE MOVEMENT  0.00013 A (LIMIT  0.00013 A)
                        MAXIMUM MOVEMENT  0.00074 A (LIMIT  0.00131 A)

               GRADIENT
                 RMS GRADIENT                  0.037590 KCAL/MOL/A

                 MAX GRADIENT
                   X-DIRECTION : ATOM #    3   0.102444 KCAL/MOL/A
                   Y-DIRECTION : ATOM #   18   0.092752 KCAL/MOL/A
                   Z-DIRECTION : ATOM #    1   0.097851 KCAL/MOL/A

        DELTA TIME =    0.00 SEC.       TOTAL CPU TIME =      0.06 SEC.


                            =====================
                            FULL-MATRIX OPTIMIZER
                            =====================


     iter.  rms force   max force   avg. move    max move  atom  convg  d-time

        0    0.060513    0.185963   0.00139 A   0.00689 A   15    [N]     0.0s
        1    0.002514    0.006187   0.00001 A   0.00005 A   11    [N]     0.0s
        2    0.000037    0.000142                                 [Y]     0.0s


      TOTAL ENERGY IS      5.4718 KCAL/MOL.

        COMPRESS    0.3361      VDW 1,4    5.2398      DIPL-DIPL    0.0000
        STR-STR     0.0000        OTHER   -0.6179      CHRG-DIPL    0.0000
        BENDING     0.9556      TORSION    0.8952      CHRG-CHRG    0.0000
        BEND-BEND   0.0125      TOR-STR   -0.1374      EPR          0.0000
        STR-BEND    0.0544      TOR-BEND  -1.2262      TOR-BENBEN  -0.0573
        TOR-IMPT    0.0000      TOR-IPIP   0.0000      TORS-TORS    0.0665
        IND-DIP    -0.0494      H-BOND     0.0000      PI-COMPLX    0.0000
0     DELTA(T) =     0.0 SEC.          ELAPSED TIME =     0.1 SEC.


    * * * ENERGY IS STATIONARY WITHIN RMS OF FORCES   0.00010  Kcal/mol/A * * *

                 * * * *  RMS FORCE IS   0.00004 Kcal/mol/A * * * *

 
     hyroxycyclohexane-ax                                        


     %=%=%=%=%=%=%=%=%=%=%=%=%=%=%=%=%=%=%=%=%=%=%=%=%=%=%=%=%=%=%=%=%=%=%=

     The Parameters Used in This Calculation Can be Found in the Following
     Publication(s):

     The MM4 Program is Developed by Dr. N. L. Allinger and co-workers at  
     the University of Georgia, Athens, Georgia 30602-2556 USA.            
     (c) Copyright 2003 by N. L. Allinger. All rights reserved.            
                                                                           
     MM4 General Description and Alkanes:                                  
      Allinger,N.L.; Chen,K.; Lii,J.-H. J. Comput. Chem. 1996, 17, 642.    
     Alcohols/Ethers:                                                      
      Allinger,N.L.; Chen,K.-H.; Lii,J.-H.; Durkin,K., J. Comput. Chem.    
      2003, 24, 1447.                                                      
      Lii,J.-H.; Chen,K.-H.; Durkin,K.; Allinger,N.L., J. Comput. Chem.    
      2003, 24, 1473.                                                      
      Lii,J.-H.; Chen,K.-H.; Grindley,T.B.; Allinger,N.L., J. Comput. Chem.
      2003, 24, 1490.                                                      
      Lii,J.-H.; Chen,K.-H.; Allinger,N.L., J. Comput. Chem. 2003, 24,     
      1504.                                                                
      Lii,J.-H.; Chen,K.-H.; Allinger,N.L., J. Phys. Chem. A 2004, 108,    
      3006.                                                                

     %=%=%=%=%=%=%=%=%=%=%=%=%=%=%=%=%=%=%=%=%=%=%=%=%=%=%=%=%=%=%=%=%=%=%=

               CHEMICAL FORMULA :  C(    6)  H(   12)  O(    1) 
               FORMULA WEIGHT   :    100.091
                                                               DATE : 26-MAY-23

           * M M 4 * * * * * * * * * * * 2 0 0 8 *
           *                                     *   PARAMETER RELIABILITY
           *                                     *
           *                                     *   BLANK = GOOD
           *                                     *       B = FAIR
           *                                     *       C = TRIAL
           *                                     *       R = READ IN
           *                                     *       S = SUBSTITUTED
           *                                     *       U = PARAMETER NOT EXIST
           *                                     *
           *                                     *   THIS IS SHOWN AT THE END 
           *                                     *   OF THE LINE.
           * * * * * * * * * * * * * * * * * * * * 


      CONFORMATIONAL ENERGY, PART 3:  GEOMETRY AND STERIC ENERGY
                                      OF FINAL CONFORMATION.

      CONNECTED ATOMS
          1-    2-    3-    5-    6-   18-
          1-    4-    6-

      ATTACHED ATOMS
          1-    7,    1-    8,    2-    9,    2-   10,    3-   11,    3-   12,
          4-   13,    4-   14,    5-   15,    5-   16,    6-   17,   18-   19,

      FINAL ATOMIC COORDINATE
           ATOM          X           Y           Z      TYPE
         C(    1)     0.94341    -1.25840    -0.31201   (  1)
         C(    2)     1.78265     0.01394    -0.12354   (  1)
         C(    3)     0.91759     1.27037    -0.30098   (  1)
         C(    4)    -0.26542    -1.27546     0.63613   (  1)
         C(    5)    -0.29254     1.25434     0.64619   (  1)
         C(    6)    -1.12563    -0.01680     0.46839   (  1)
         H(    7)     1.57338    -2.15976    -0.13286   (  5)
         H(    8)     0.58939    -1.31597    -1.36677   (  5)
         H(    9)     2.62554     0.02576    -0.85200   (  5)
         H(   10)     2.23432     0.01410     0.89492   (  5)
         H(   11)     0.56355     1.33024    -1.35565   (  5)
         H(   12)     1.52848     2.18303    -0.11314   (  5)
         H(   13)     0.08073    -1.32362     1.69285   (  5)
         H(   14)    -0.88344    -2.18273     0.45593   (  5)
         H(   15)    -0.93707     2.14166     0.45632   (  5)
         H(   16)     0.05123     1.31916     1.70251   (  5)
         H(   17)    -1.96360    -0.02292     1.21335   (  5)
         O(   18)    -1.68038     0.05720    -0.85996   (  6)
         H(   19)    -2.14539    -0.77383    -1.02995   ( 21)


          DIELECTRIC CONSTANT =  1.500


      BOND LENGTHS AND STRETCHING ENERGY   (   19 BONDS)

        ENERGY = 71.94(KS)(DR)(DR)(1-(CS)(DR)+(7/12)((CS)(DR))**2)-
                       (1/4)((CS)(DR))**3)+(31/360)((CS)(DR))**4))
                         DR =  R-RO
                         CS =  3.000 FOR X-Y BONDS
                            =  2.200 FOR X-H BONDS
                                                            R(0)-CORR        CORR
             BOND          R(g)    R(0)    K(S)  ENERGY   E-NEG  MISCEL       KS
      C(    1)- C(    2)  1.5358  1.5270  4.550  0.0247                            
      C(    1)- C(    4)  1.5364  1.5266  4.550  0.0304 -0.0004                    
      C(    1)- H(    7)  1.1142  1.1120  4.670  0.0016                            
      C(    1)- H(    8)  1.1141  1.1120  4.670  0.0014                            
      C(    2)- C(    3)  1.5357  1.5270  4.550  0.0242                            
      C(    2)- H(    9)  1.1141  1.1120  4.670  0.0015                            
      C(    2)- H(   10)  1.1141  1.1120  4.670  0.0015                            
      C(    3)- C(    5)  1.5368  1.5266  4.550  0.0331 -0.0004                    
      C(    3)- H(   11)  1.1141  1.1120  4.670  0.0015                            
      C(    3)- H(   12)  1.1142  1.1120  4.670  0.0016                            
      C(    4)- C(    6)  1.5337  1.5175  4.550  0.0821 -0.0095                    
      C(    4)- H(   13)  1.1130  1.1106  4.711  0.0019 -0.0014             0.041  
      C(    4)- H(   14)  1.1125  1.1106  4.711  0.0011 -0.0014             0.041  
      C(    5)- C(    6)  1.5302  1.5175  4.550  0.0507 -0.0095                    
      C(    5)- H(   15)  1.1130  1.1106  4.711  0.0019 -0.0014             0.041  
      C(    5)- H(   16)  1.1127  1.1106  4.711  0.0015 -0.0014             0.041  
      C(    6)- H(   17)  1.1213  1.1086  4.842  0.0542 -0.0034             0.102  
      C(    6)- O(   18)  1.4414  1.4336  4.900  0.0212  0.0146                    
      O(   18)- H(   19)  0.9673  0.9670  7.580  0.0001                            


      NON-BONDED DISTANCES, VDW AND EPR ENERGY   (   115 PAIRS)

              E(VDW) = KV*(1.84(10**5)EXP(-12.00/P) - 2.25(P**6))
              E(EPR) = C*KV*(1.84(10**5)EXP(-12.00/Q) - 2.25(Q**6))
              E(HBD) = EP1-EP2*F(THET1,THET2)*RTH/RTH0
                            EP1 = KHB*2.76(10**5)*EXP(-12.0/P)
                            EP2 = KHB*2.25(P**6)
                              F = FAC*(1+COS(THET1)^N*(1+COS(THET2))^N

            IF P > 3.020, THEN,
              E(VDW) = KV(192.270)(P**2)
              E(HBD) = EP1-EP2*F(THET1,THET2)*RTH/RTH0
                            EP1 = KHB*569.14*P**2
                            EP2 = KHB*187.16*P**2

                       RV = RVDW(I) + RVDW(K)
                       KV = SQRT(EPS(I)*EPS(K))
                      KHB = HYDROGEN BOND ENERGY PARAMETER
                        P = (RV/R) OR (RV/R#)
                        C = SCALE FACTOR
                        Q = RV/R, WHERE R IS MODIFIED DISTANCE
                        N = 1 WHEN Y IS NITROGEN, AND 2 FOR OTHERS
                      FAC = 1/4 WHEN N=1, AND 1/16 WHEN N=2
                    THET1 = ANGLE H-X-Y IN HYDROGEN BOND X-H...Y
                    THET2 = ANGLE X-Y-LP IN HYDROGEN BOND X...Y-LP
                      RTH = BOND LENGTH X-H IN X-H...Y
                     RTH0 = NATURAL BOND LENGTH X-H

          # IN THE VDW CALCULATIONS THE HYDROGEN ATOMS ARE RELOCATED
          SO THAT THE ATTACHED HYDROGEN DISTANCE IS REDUCED BY 0.940

          # IN THE VDW CALCULATIONS THE DEUTERIUM ATOMS ARE RELOCATED
          SO THAT THE ATTACHED DEUTERIUM DISTANCE IS REDUCED BY  0.940

           ATOM PAIR          R       R#       RV      KV       ENERGY
      C(    1), C(    3)   2.5289
      C(    1), C(    5)   2.9597            3.920   0.0370     0.3417  1,4    
      C(    1), C(    6)   2.5360
      C(    1), H(    9)   2.1841
      C(    1), H(   10)   2.1777
      C(    1), H(   11)   2.8168   2.7879   3.440   0.0240     0.0733  1,4    
      C(    1), H(   12)   3.4965   3.4359   3.440   0.0240    -0.0269  1,4    
      C(    1), H(   13)   2.1836
      C(    1), H(   14)   2.1867
      C(    1), H(   15)   3.9607   3.8989   3.440   0.0240    -0.0200         
      C(    1), H(   16)   3.3909   3.3562   3.440   0.0240    -0.0263         
      C(    1), H(   17)   3.5077   3.4468   3.440   0.0240    -0.0269  1,4    
      C(    1), O(   18)   2.9859            3.720   0.0471     0.1723  1,4    
      C(    1), H(   19)   3.2079   3.1868   3.560   0.0243    -0.0096         
      C(    2), C(    4)   2.5366
      C(    2), C(    5)   2.5372
      C(    2), C(    6)   2.9681            3.920   0.0370     0.3292  1,4    
      C(    2), H(    7)   2.1838
      C(    2), H(    8)   2.1767
      C(    2), H(   11)   2.1765
      C(    2), H(   12)   2.1840
      C(    2), H(   13)   2.8258   2.7968   3.440   0.0240     0.0689  1,4    
      C(    2), H(   14)   3.5027   3.4423   3.440   0.0240    -0.0269  1,4    
      C(    2), H(   15)   3.5015   3.4411   3.440   0.0240    -0.0269  1,4    
      C(    2), H(   16)   2.8348   2.8054   3.440   0.0240     0.0647  1,4    
      C(    2), H(   17)   3.9778   3.9155   3.440   0.0240    -0.0197         
      C(    2), O(   18)   3.5407            3.720   0.0471    -0.0476         
      C(    2), H(   19)   4.1075   4.0693   3.560   0.0243    -0.0196         
      C(    3), C(    4)   2.9595            3.920   0.0370     0.3419  1,4    
      C(    3), C(    6)   2.5345
      C(    3), H(    7)   3.4963   3.4357   3.440   0.0240    -0.0269  1,4    
      C(    3), H(    8)   2.8165   2.7876   3.440   0.0240     0.0735  1,4    
      C(    3), H(    9)   2.1840
      C(    3), H(   10)   2.1776
      C(    3), H(   13)   3.3771   3.3430   3.440   0.0240    -0.0261         
      C(    3), H(   14)   3.9674   3.9054   3.440   0.0240    -0.0199         
      C(    3), H(   15)   2.1846
      C(    3), H(   16)   2.1833
      C(    3), H(   17)   3.5024   3.4417   3.440   0.0240    -0.0269  1,4    
      C(    3), O(   18)   2.9212            3.720   0.0471     0.2485  1,4    
      C(    3), H(   19)   3.7539   3.7021   3.560   0.0243    -0.0262         
      C(    4), C(    5)   2.5300
      C(    4), H(    7)   2.1805
      C(    4), H(    8)   2.1781
      C(    4), H(    9)   3.5022   3.4417   3.440   0.0240    -0.0269  1,4    
      C(    4), H(   10)   2.8247   2.7957   3.440   0.0240     0.0694  1,4    
      C(    4), H(   11)   3.3829   3.3486   3.440   0.0240    -0.0261         
      C(    4), H(   12)   3.9674   3.9053   3.440   0.0240    -0.0199         
      C(    4), H(   15)   3.4871   3.4271   3.440   0.0240    -0.0268  1,4    
      C(    4), H(   16)   2.8230   2.7938   3.440   0.0240     0.0703  1,4    
      C(    4), H(   17)   2.1877
      C(    4), O(   18)   2.4528
      C(    4), H(   19)   2.5616   2.5448   3.560   0.0243     0.4322  1,4    
      C(    5), H(    7)   3.9679   3.9058   3.440   0.0240    -0.0199         
      C(    5), H(    8)   3.3818   3.3475   3.440   0.0240    -0.0261         
      C(    5), H(    9)   3.5027   3.4423   3.440   0.0240    -0.0269  1,4    
      C(    5), H(   10)   2.8258   2.7968   3.440   0.0240     0.0688  1,4    
      C(    5), H(   11)   2.1785
      C(    5), H(   12)   2.1806
      C(    5), H(   13)   2.8073   2.7789   3.440   0.0240     0.0780  1,4    
      C(    5), H(   14)   3.4927   3.4324   3.440   0.0240    -0.0269  1,4    
      C(    5), H(   17)   2.1784
      C(    5), O(   18)   2.3723
      C(    5), H(   19)   3.2181   3.1654   3.560   0.0243    -0.0068  1,4    
      C(    6), H(    7)   3.4983   3.4380   3.440   0.0240    -0.0269  1,4    
      C(    6), H(    8)   2.8279   2.7987   3.440   0.0240     0.0679  1,4    
      C(    6), H(    9)   3.9770   3.9148   3.440   0.0240    -0.0197         
      C(    6), H(   10)   3.3871   3.3530   3.440   0.0240    -0.0262         
      C(    6), H(   11)   2.8275   2.7983   3.440   0.0240     0.0681  1,4    
      C(    6), H(   12)   3.4960   3.4357   3.440   0.0240    -0.0269  1,4    
      C(    6), H(   13)   2.1593
      C(    6), H(   14)   2.1795
      C(    6), H(   15)   2.1667
      C(    6), H(   16)   2.1663
      C(    6), H(   19)   1.9642
      H(    7), H(    8)   1.7896
      H(    7), H(    9)   2.5300   2.4621   3.280   0.0170     0.1692  1,4    
      H(    7), H(   10)   2.4938   2.4290   3.280   0.0170     0.2005  1,4    
      H(    7), H(   11)   3.8334   3.7423   3.280   0.0170    -0.0138         
      H(    7), H(   12)   4.3431   4.2342   3.280   0.0170    -0.0077         
      H(    7), H(   13)   2.5021   2.4367   3.280   0.0170     0.1929  1,4    
      H(    7), H(   14)   2.5265   2.4590   3.280   0.0170     0.1720  1,4    
      H(    7), H(   15)   5.0151   4.8876   3.280   0.0170    -0.0034         
      H(    7), H(   16)   4.2176   4.1408   3.280   0.0170    -0.0086         
      H(    7), H(   17)   4.3461   4.2375   3.280   0.0170    -0.0076         
      H(    7), O(   18)   4.0038   3.9413   2.850   0.1200    -0.0372         
      H(    7), H(   19)   4.0688   4.0027   3.240   0.0165    -0.0093         
      H(    8), H(    9)   2.4922   2.4275   3.280   0.0170     0.2020  1,4    
      H(    8), H(   10)   3.0968   2.9794   3.280   0.0170    -0.0104  1,4    
      H(    8), H(   11)   2.6464   2.6393   3.280   0.0170     0.0594         
      H(    8), H(   12)   3.8336   3.7424   3.280   0.0170    -0.0138         
      H(    8), H(   13)   3.1016   2.9842   3.280   0.0170    -0.0107  1,4    
      H(    8), H(   14)   2.4985   2.4335   3.280   0.0170     0.1960  1,4    
      H(    8), H(   15)   4.1963   4.1208   3.280   0.0170    -0.0088         
      H(    8), H(   16)   4.0809   3.9876   3.280   0.0170    -0.0104         
      H(    8), H(   17)   3.8531   3.7611   3.280   0.0170    -0.0135         
      H(    8), O(   18)   2.7008   2.7058   2.850   0.1200    -0.1197         
      H(    8), H(   19)   2.8083   2.8053   3.240   0.0165     0.0052         
      H(    9), H(   10)   1.7902
      H(    9), H(   11)   2.4914   2.4268   3.280   0.0170     0.2027  1,4    
      H(    9), H(   12)   2.5305   2.4626   3.280   0.0170     0.1688  1,4    
      H(    9), H(   13)   3.8436   3.7522   3.280   0.0170    -0.0137         
      H(    9), H(   14)   4.3475   4.2389   3.280   0.0170    -0.0076         
      H(    9), H(   15)   4.3452   4.2367   3.280   0.0170    -0.0077         
      H(    9), H(   16)   3.8504   3.7588   3.280   0.0170    -0.0136         
      H(    9), H(   17)   5.0327   4.9046   3.280   0.0170    -0.0034         
      H(    9), O(   18)   4.3060   4.2558   2.850   0.1200    -0.0240         
      H(    9), H(   19)   4.8407   4.7566   3.240   0.0165    -0.0036         
      H(   10), H(   11)   3.0966   2.9792   3.280   0.0170    -0.0104  1,4    
      H(   10), H(   12)   2.4937   2.4289   3.280   0.0170     0.2005  1,4    
      H(   10), H(   13)   2.6579   2.6506   3.280   0.0170     0.0549         
      H(   10), H(   14)   3.8392   3.7482   3.280   0.0170    -0.0137         
      H(   10), H(   15)   3.8440   3.7526   3.280   0.0170    -0.0136         
      H(   10), H(   16)   2.6686   2.6607   3.280   0.0170     0.0510         
      H(   10), H(   17)   4.2101   4.1343   3.280   0.0170    -0.0087         
      H(   10), O(   18)   4.2903   4.2408   2.850   0.1200    -0.0245         
      H(   10), H(   19)   4.8485   4.7627   3.240   0.0165    -0.0036         
      H(   11), H(   12)   1.7895
      H(   11), H(   13)   4.0706   3.9776   3.280   0.0170    -0.0105         
      H(   11), H(   14)   4.2091   4.1327   3.280   0.0170    -0.0087         
      H(   11), H(   15)   2.4887   2.4245   3.280   0.0170     0.2051  1,4    
      H(   11), H(   16)   3.1008   2.9834   3.280   0.0170    -0.0107  1,4    
      H(   11), H(   17)   3.8493   3.7573   3.280   0.0170    -0.0136         
      H(   11), O(   18)   2.6271   2.6324   2.850   0.1200    -0.0957         
      H(   11), H(   19)   3.4455   3.4032   3.240   0.0165    -0.0174         
      H(   12), H(   13)   4.2017   4.1258   3.280   0.0170    -0.0088         
      H(   12), H(   14)   5.0201   4.8923   3.280   0.0170    -0.0034         
      H(   12), H(   15)   2.5308   2.4628   3.280   0.0170     0.1686  1,4    
      H(   12), H(   16)   2.4950   2.4303   3.280   0.0170     0.1992  1,4    
      H(   12), H(   17)   4.3383   4.2300   3.280   0.0170    -0.0077         
      H(   12), O(   18)   3.9209   3.8592   2.850   0.1200    -0.0419         
      H(   12), H(   19)   4.8043   4.6866   3.240   0.0165    -0.0040         
      H(   13), H(   14)   1.7882
      H(   13), H(   15)   3.8175   3.7270   3.280   0.0170    -0.0140         
      H(   13), H(   16)   2.6430   2.6362   3.280   0.0170     0.0607         
      H(   13), H(   17)   2.4700   2.4065   3.280   0.0170     0.2242  1,4    
      H(   13), O(   18)   3.3949   3.3354   2.850   0.1200    -0.0875  1,4    
      H(   13), H(   19)   3.5597   3.4808   3.240   0.0165    -0.0165         
      H(   14), H(   15)   4.3247   4.2170   3.280   0.0170    -0.0078         
      H(   14), H(   16)   3.8329   3.7419   3.280   0.0170    -0.0138         
      H(   14), H(   17)   2.5308   2.4628   3.280   0.0170     0.1687  1,4    
      H(   14), O(   18)   2.7174   2.6893   2.850   0.1200    -0.1156  1,4    
      H(   14), H(   19)   2.4053   2.4078   3.240   0.0165     0.1863         
      H(   15), H(   16)   1.7906
      H(   15), H(   17)   2.5124   2.4449   3.280   0.0170     0.1849  1,4    
      H(   15), O(   18)   2.5749   2.5495   2.850   0.1200    -0.0461  1,4    
      H(   15), H(   19)   3.4884   3.4071   3.240   0.0165    -0.0174         
      H(   16), H(   17)   2.4698   2.4062   3.280   0.0170     0.2246  1,4    
      H(   16), O(   18)   3.3402   3.2796   2.850   0.1200    -0.0941  1,4    
      H(   16), H(   19)   4.0831   3.9803   3.240   0.0165    -0.0096         
      H(   17), O(   18)   2.0941
      H(   17), H(   19)   2.3726   2.3071   3.240   0.0165     0.3057  1,4    


      BOND ANGLES, BENDING AND STRETCH-BEND ENERGIES   (   37 ANGLES)

          EB = 0.02191418(KB)(DT)(DT)(1+CF*DT+QF*DT**2+PF*DT**3+SF*DT**4)
                          DT = THETA-TZERO
                          CF = -1800.000E-5
                          QF =     7.200E-5
                          PF =     0.135E-5
                          SF =     0.004E-6
          ESS =  143.88(KSTST)(DR1)(DR2)
          ESB =  2.51118(KSB)(DT)(DR1+DR2)
          EBB = -0.02191418(KBB)(DT1)(DT2)
                          DR1 = R1 - R1(0)
                          DR2 = R2 - R2(0)

               A T O M S             THETA    TZERO     KB     EB    KSB   ESB   KSS   ESS
      C(    2)- C(    1)- C(    4)  111.310  111.800  0.740  0.0039 0.14-0.0032              
      C(    2)- C(    1)- H(    7)  109.968  109.470  0.560  0.0030 0.10 0.0014              
      C(    2)- C(    1)- H(    8)  109.429  109.470  0.560  0.0000 0.10-0.0001              
      C(    4)- C(    1)- H(    7)  109.673  109.470  0.560  0.0005 0.10 0.0006              
      C(    4)- C(    1)- H(    8)  109.492  109.470  0.560  0.0000 0.10 0.0001              
      H(    7)- C(    1)- H(    8)  106.864  107.700  0.540  0.0084                          
      C(    1)- C(    2)- C(    3)  110.842  111.800  0.740  0.0151 0.14-0.0059              
      C(    1)- C(    2)- H(    9)  109.997  109.470  0.560  0.0034 0.10 0.0014              
      C(    1)- C(    2)- H(   10)  109.502  109.470  0.560  0.0000 0.10 0.0001              
      C(    3)- C(    2)- H(    9)  109.995  109.470  0.560  0.0033 0.10 0.0014              
      C(    3)- C(    2)- H(   10)  109.503  109.470  0.560  0.0000 0.10 0.0001              
      H(    9)- C(    2)- H(   10)  106.918  107.700  0.540  0.0073                          
      C(    2)- C(    3)- C(    5)  111.334  111.800  0.740  0.0036 0.14-0.0031              
      C(    2)- C(    3)- H(   11)  109.411  109.470  0.560  0.0000 0.10-0.0002              
      C(    2)- C(    3)- H(   12)  109.989  109.470  0.560  0.0033 0.10 0.0014              
      C(    5)- C(    3)- H(   11)  109.498  109.470  0.560  0.0000 0.10 0.0001              
      C(    5)- C(    3)- H(   12)  109.656  109.470  0.560  0.0004 0.10 0.0006              
      H(   11)- C(    3)- H(   12)  106.846  107.700  0.540  0.0088                          
      C(    1)- C(    4)- C(    6)  111.387  110.000  0.740  0.0304 0.14 0.0127              
      C(    1)- C(    4)- H(   13)  109.980  110.150  0.560  0.0004 0.10-0.0005              
      C(    1)- C(    4)- H(   14)  110.254  110.150  0.560  0.0001 0.10 0.0003              
      C(    6)- C(    4)- H(   13)  108.287  109.270  0.560  0.0121 0.10-0.0046              
      C(    6)- C(    4)- H(   14)  109.876  109.270  0.560  0.0045 0.10 0.0027              
      H(   13)- C(    4)- H(   14)  106.934  107.880  0.540  0.0108                          
      C(    3)- C(    5)- C(    6)  111.454  110.000  0.740  0.0334 0.14 0.0117              
      C(    3)- C(    5)- H(   15)  110.031  110.150  0.560  0.0002 0.10-0.0004              
      C(    3)- C(    5)- H(   16)  109.950  110.150  0.560  0.0005 0.10-0.0006              
      C(    6)- C(    5)- H(   15)  109.097  109.270  0.560  0.0004 0.10-0.0007              
      C(    6)- C(    5)- H(   16)  109.081  109.270  0.560  0.0004 0.10-0.0007              
      H(   15)- C(    5)- H(   16)  107.122  107.880  0.540  0.0069                          
      C(    4)- C(    6)- C(    5)  111.325  111.300  0.740  0.0000 0.14 0.0003              
      C(    4)- C(    6)- H(   17)  110.000  110.600  0.590  0.0047 0.10-0.0044              
      C(    4)- C(    6)- O(   18)  111.025  105.920  1.275  0.6627 0.02 0.0062              
      C(    5)- C(    6)- H(   17)  109.525  110.600  0.590  0.0152 0.10-0.0068              
      C(    5)- C(    6)- O(   18)  105.900  105.920  1.275  0.0000 0.02 0.0000              
      H(   17)- C(    6)- O(   18)  108.961  106.900  0.970  0.0870 0.36 0.0382              
      C(    6)- O(   18)- H(   19)  107.628  106.400  0.765  0.0247 0.25 0.0063              


     DIHEDRAL ANGLES, TORSIONAL ENERGY (ET)   (    57 ANGLES)

           ET = (V1/2)(1+COS(W))+(V2/2)(1-COS(2W))+(V3/2)(1+COS(3W))+
                                 (V4/2)(1-COS(4W))+(V6/2)(1+COS(6W))
         EBTB =  0.043828*(KBTB)(DTH1)(COS(W))(DTH2)
         ETS1 = -0.5*(RC-RC0)[KTSC1*(1+COS(W))+KTSC2*(1-COS(2W))+KTSC3*(1+COS(3W))]
         ETS2 = -0.5*(RT-RT0)[KTST1*(1+COS(W))+KTST2*(1-COS(2W))+KTST3*(1+COS(3W))]
          ETB =  2.51124*(DTH)[KTB1(1+COS(W))+KTB2*(1-COS(2W))+KTB3*(1+COS(3W))]
                      RC   = CENTRAL BOND LENGTH
                      RT   = TERMINAL BOND LENGTH
                      DTH1 = THETA1 - TZERO1
                      DTH2 = THETA2 - TZERO2

           SIGN OF ANGLE A-B-C-D : WHEN LOOKING THROUGH B TOWARD C,
           IF D IS COUNTERCLOCKWISE FROM A, NEGATIVE.

                A T O M S                OMEGA    V1     V2     V3     V4     V6     E    KBTB   EBTB
    C(    1) C(    2) C(    3) C(    5)   55.5  0.239  0.024  0.637  0.000  0.000  0.212               
       TYPE-1-TS                         0.000  0.000  0.660                       0.000
    C(    1) C(    2) C(    3) H(   11)  -65.6  0.000  0.000  0.290  0.000  0.000  0.006 -0.060  0.000 
       TYPE-1-TS                         0.000  0.000  0.660                       0.000
    C(    1) C(    2) C(    3) H(   12)  177.3  0.000  0.000  0.290  0.000  0.000  0.001 -0.060 -0.001 
       TYPE-1-TS                         0.000  0.000  0.660                       0.000
    C(    1) C(    4) C(    6) C(    5)  -54.9  0.239  0.024  0.637  0.000  0.000  0.215               
       TYPE-1-TS                         0.000  0.000  0.660                       0.000
    C(    1) C(    4) C(    6) H(   17) -176.5  0.000  0.000  0.290  0.000  0.000  0.002 -0.060 -0.002 
       TYPE-1-TS                         0.000  0.000  0.660                       0.000
    C(    1) C(    4) C(    6) O(   18)   62.8 -0.333  0.037  0.552  0.000  0.000 -0.210               
       TYPE-1-TS                         0.000  0.000  0.660                       0.000
       TYPE-2-TS    1.000 -1.000  4.500                      -0.500  2.000  0.700 -0.009
       TORS-BEND   -0.003 -0.003  0.000                       0.005 -0.002  0.001  0.021
    C(    2) C(    1) C(    4) C(    6)   55.4  0.239  0.024  0.637  0.000  0.000  0.213               
       TYPE-1-TS                         0.000  0.000  0.660                       0.000
    C(    2) C(    1) C(    4) H(   13)  -64.7  0.000  0.000  0.290  0.000  0.000  0.004 -0.060  0.000 
       TYPE-1-TS                         0.000  0.000  0.660                       0.000
    C(    2) C(    1) C(    4) H(   14)  177.7  0.000  0.000  0.290  0.000  0.000  0.001 -0.060  0.000 
       TYPE-1-TS                         0.000  0.000  0.660                       0.000
    C(    2) C(    3) C(    5) C(    6)  -55.4  0.239  0.024  0.637  0.000  0.000  0.213               
       TYPE-1-TS                         0.000  0.000  0.660                       0.000
    C(    2) C(    3) C(    5) H(   15) -176.5  0.000  0.000  0.290  0.000  0.000  0.002 -0.060  0.000 
       TYPE-1-TS                         0.000  0.000  0.660                       0.000
    C(    2) C(    3) C(    5) H(   16)   65.7  0.000  0.000  0.290  0.000  0.000  0.006 -0.060  0.000 
       TYPE-1-TS                         0.000  0.000  0.660                       0.000
    C(    3) C(    2) C(    1) C(    4)  -55.6  0.239  0.024  0.637  0.000  0.000  0.212               
       TYPE-1-TS                         0.000  0.000  0.660                       0.000
    C(    3) C(    2) C(    1) H(    7) -177.3  0.000  0.000  0.290  0.000  0.000  0.001 -0.060 -0.001 
       TYPE-1-TS                         0.000  0.000  0.660                       0.000
    C(    3) C(    2) C(    1) H(    8)   65.6  0.000  0.000  0.290  0.000  0.000  0.006 -0.060  0.000 
       TYPE-1-TS                         0.000  0.000  0.660                       0.000
    C(    3) C(    5) C(    6) C(    4)   54.9  0.239  0.024  0.637  0.000  0.000  0.216               
       TYPE-1-TS                         0.000  0.000  0.660                       0.000
    C(    3) C(    5) C(    6) H(   17)  176.8  0.000  0.000  0.290  0.000  0.000  0.002 -0.060 -0.004 
       TYPE-1-TS                         0.000  0.000  0.660                       0.000
    C(    3) C(    5) C(    6) O(   18)  -65.9 -0.333  0.037  0.552  0.000  0.000 -0.191               
       TYPE-1-TS                         0.000  0.000  0.660                       0.000
       TYPE-2-TS    1.000 -1.000  4.500                      -0.500  2.000  0.700 -0.010
       TORS-BEND   -0.003 -0.003  0.000                       0.005 -0.002  0.001 -0.034
    C(    4) C(    1) C(    2) H(    9) -177.4  0.000  0.000  0.290  0.000  0.000  0.001 -0.060 -0.001 
       TYPE-1-TS                         0.000  0.000  0.660                       0.000
    C(    4) C(    1) C(    2) H(   10)   65.3  0.000  0.000  0.290  0.000  0.000  0.006 -0.060  0.000 
       TYPE-1-TS                         0.000  0.000  0.660                       0.000
    C(    4) C(    6) C(    5) H(   15)  176.6  0.000  0.000  0.290  0.000  0.000  0.002 -0.060  0.000 
       TYPE-1-TS                         0.000  0.000  0.660                       0.000
    C(    4) C(    6) C(    5) H(   16)  -66.7  0.000  0.000  0.290  0.000  0.000  0.009 -0.060  0.000 
       TYPE-1-TS                         0.000  0.000  0.660                       0.000
    C(    4) C(    6) O(   18) H(   19)   53.8 -0.413  0.456  0.203  0.000  0.093  0.058 -0.090 -0.015 
       TYPE-1-TS                         0.000  0.000  1.559                       0.000
       TYPE-2-TS    0.000  1.799  0.000                       0.000  0.000  0.000 -0.019
       TORS-BEND   -0.028 -0.022  0.000                       0.025 -0.018 -0.003 -0.889
    C(    5) C(    3) C(    2) H(    9)  177.4  0.000  0.000  0.290  0.000  0.000  0.001 -0.060 -0.001 
       TYPE-1-TS                         0.000  0.000  0.660                       0.000
    C(    5) C(    3) C(    2) H(   10)  -65.4  0.000  0.000  0.290  0.000  0.000  0.006 -0.060  0.000 
       TYPE-1-TS                         0.000  0.000  0.660                       0.000
    C(    5) C(    6) C(    4) H(   13)   66.1  0.000  0.000  0.290  0.000  0.000  0.007 -0.060  0.000 
       TYPE-1-TS                         0.000  0.000  0.660                       0.000
    C(    5) C(    6) C(    4) H(   14) -177.4  0.000  0.000  0.290  0.000  0.000  0.001 -0.060  0.000 
       TYPE-1-TS                         0.000  0.000  0.660                       0.000
    C(    5) C(    6) O(   18) H(   19)  174.8 -0.413  0.456  0.203  0.000  0.093  0.093 -0.090  0.000 
       TYPE-1-TS                         0.000  0.000  1.559                       0.000
       TYPE-2-TS    0.000  1.799  0.000                       0.000  0.000  0.000  0.000
       TORS-BEND   -0.028 -0.022  0.000                       0.025 -0.018 -0.003 -0.001
    C(    6) C(    4) C(    1) H(    7)  177.3  0.000  0.000  0.290  0.000  0.000  0.001 -0.060  0.001 
       TYPE-1-TS                         0.000  0.000  0.660                       0.000
    C(    6) C(    4) C(    1) H(    8)  -65.7  0.000  0.000  0.290  0.000  0.000  0.006 -0.060  0.000 
       TYPE-1-TS                         0.000  0.000  0.660                       0.000
    C(    6) C(    5) C(    3) H(   11)   65.7  0.000  0.000  0.290  0.000  0.000  0.007 -0.060  0.000 
       TYPE-1-TS                         0.000  0.000  0.660                       0.000
    C(    6) C(    5) C(    3) H(   12) -177.3  0.000  0.000  0.290  0.000  0.000  0.001 -0.060  0.001 
       TYPE-1-TS                         0.000  0.000  0.660                       0.000
    H(    7) C(    1) C(    2) H(    9)   60.8  0.000  0.000  0.260  0.000  0.008  0.008 -0.090 -0.001 
       TYPE-1-TS                         0.000  0.000  0.660                       0.000
    H(    7) C(    1) C(    2) H(   10)  -56.4  0.000  0.000  0.260  0.000  0.008  0.010 -0.090  0.000 
       TYPE-1-TS                         0.000  0.000  0.660                       0.000
    H(    7) C(    1) C(    4) H(   13)   57.3  0.000  0.000  0.260  0.000  0.008  0.009 -0.090  0.000 
       TYPE-1-TS                         0.000  0.000  0.660                       0.000
    H(    7) C(    1) C(    4) H(   14)  -60.4  0.000  0.000  0.260  0.000  0.008  0.008 -0.090  0.000 
       TYPE-1-TS                         0.000  0.000  0.660                       0.000
    H(    8) C(    1) C(    2) H(    9)  -56.3  0.000  0.000  0.260  0.000  0.008  0.010 -0.090  0.000 
       TYPE-1-TS                         0.000  0.000  0.660                       0.000
    H(    8) C(    1) C(    2) H(   10) -173.5  0.000  0.000  0.260  0.000  0.008  0.015 -0.090  0.000 
       TYPE-1-TS                         0.000  0.000  0.660                       0.000
    H(    8) C(    1) C(    4) H(   13)  174.2  0.000  0.000  0.260  0.000  0.008  0.013 -0.090  0.000 
       TYPE-1-TS                         0.000  0.000  0.660                       0.000
    H(    8) C(    1) C(    4) H(   14)   56.5  0.000  0.000  0.260  0.000  0.008  0.010 -0.090  0.000 
       TYPE-1-TS                         0.000  0.000  0.660                       0.000
    H(    9) C(    2) C(    3) H(   11)   56.2  0.000  0.000  0.260  0.000  0.008  0.010 -0.090  0.000 
       TYPE-1-TS                         0.000  0.000  0.660                       0.000
    H(    9) C(    2) C(    3) H(   12)  -60.9  0.000  0.000  0.260  0.000  0.008  0.008 -0.090 -0.001 
       TYPE-1-TS                         0.000  0.000  0.660                       0.000
    H(   10) C(    2) C(    3) H(   11)  173.4  0.000  0.000  0.260  0.000  0.008  0.015 -0.090  0.000 
       TYPE-1-TS                         0.000  0.000  0.660                       0.000
    H(   10) C(    2) C(    3) H(   12)   56.4  0.000  0.000  0.260  0.000  0.008  0.010 -0.090  0.000 
       TYPE-1-TS                         0.000  0.000  0.660                       0.000
    H(   11) C(    3) C(    5) H(   15)  -55.4  0.000  0.000  0.260  0.000  0.008  0.011 -0.090  0.000 
       TYPE-1-TS                         0.000  0.000  0.660                       0.000
    H(   11) C(    3) C(    5) H(   16) -173.2  0.000  0.000  0.260  0.000  0.008  0.015 -0.090  0.000 
       TYPE-1-TS                         0.000  0.000  0.660                       0.000
    H(   12) C(    3) C(    5) H(   15)   61.5  0.000  0.000  0.260  0.000  0.008  0.008 -0.090  0.000 
       TYPE-1-TS                         0.000  0.000  0.660                       0.000
    H(   12) C(    3) C(    5) H(   16)  -56.2  0.000  0.000  0.260  0.000  0.008  0.010 -0.090  0.000 
       TYPE-1-TS                         0.000  0.000  0.660                       0.000
    H(   13) C(    4) C(    6) H(   17)  -55.5  0.000  0.000  0.260  0.000  0.008  0.011 -0.090 -0.001 
       TYPE-1-TS                         0.000  0.000  0.660                       0.000
    H(   13) C(    4) C(    6) O(   18) -176.1 -0.593  0.554  0.474  0.000  0.070  0.074 -0.100 -0.022 
       TYPE-1-TS                         0.000  0.000  0.660                       0.000
       TORS-BEND    0.006 -0.006  0.000                       0.008 -0.010  0.000 -0.001
    H(   14) C(    4) C(    6) H(   17)   61.0  0.000  0.000  0.260  0.000  0.008  0.008 -0.090  0.001 
       TYPE-1-TS                         0.000  0.000  0.660                       0.000
    H(   14) C(    4) C(    6) O(   18)  -59.7 -0.593  0.554  0.474  0.000  0.070  0.037 -0.100 -0.007 
       TYPE-1-TS                         0.000  0.000  0.660                       0.000
       TORS-BEND    0.006 -0.006  0.000                       0.008 -0.010  0.000 -0.037
    H(   15) C(    5) C(    6) H(   17)  -61.5  0.000  0.000  0.260  0.000  0.008  0.008 -0.090  0.000 
       TYPE-1-TS                         0.000  0.000  0.660                       0.000
    H(   15) C(    5) C(    6) O(   18)   55.8 -0.593  0.554  0.474  0.000  0.070 -0.012 -0.100  0.000 
       TYPE-1-TS                         0.000  0.000  0.660                       0.000
       TORS-BEND    0.006 -0.006  0.000                       0.008 -0.010  0.000  0.000
    H(   16) C(    5) C(    6) H(   17)   55.2  0.000  0.000  0.260  0.000  0.008  0.012 -0.090  0.000 
       TYPE-1-TS                         0.000  0.000  0.660                       0.000
    H(   16) C(    5) C(    6) O(   18)  172.5 -0.593  0.554  0.474  0.000  0.070  0.085 -0.100  0.000 
       TYPE-1-TS                         0.000  0.000  0.660                       0.000
       TORS-BEND    0.006 -0.006  0.000                       0.008 -0.010  0.000  0.000
    H(   17) C(    6) O(   18) H(   19)  -67.5 -0.267 -0.552  0.336  0.000  0.035 -0.613 -0.060 -0.003 
       TYPE-1-TS                         0.000  0.000  1.559                       0.000
       TYPE-2-TS    0.000  8.599  0.000                       0.000  0.000  0.000 -0.093
       TORS-BEND   -0.013 -0.020 -0.004                       0.015 -0.015  0.000 -0.286


 ==============================================================================
                        NORMAL MODE VIBRATIONAL ANALYSIS
 ==============================================================================


             Molecular Shape : ASYMMETRIC ROTOR WITH KAPPA =-0.118881
        Symmetry Point Group : C1  
             Symmetry Number :  1
                   Chirality : yes



0       FUNDAMENTAL NORMAL VIBRATIONAL FREQUENCIES
                ( THEORETICALLY  51 VALUES )

             Frequency :  in 1/cm
             A(i)      :  IR intensity (vs,s,m,w,vw,-- or in 10**6 cm/mole)
             A(i) = -- :  IR inactive


             no       Frequency   Symmetry      A(i)

             1.          3677.1     (A   )       vs
             2.          2943.1     (A   )        s
             3.          2940.9     (A   )        m
             4.          2931.1     (A   )        s
             5.          2928.1     (A   )        m
             6.          2927.9     (A   )        m
             7.          2894.0     (A   )        w
             8.          2892.3     (A   )        m
             9.          2885.1     (A   )        m
            10.          2876.9     (A   )        w
            11.          2870.8     (A   )        m
            12.          2852.0     (A   )        m
            13.          1487.5     (A   )        m
            14.          1467.2     (A   )        w
            15.          1466.7     (A   )        w
            16.          1451.3     (A   )        w
            17.          1436.8     (A   )        w
            18.          1432.7     (A   )        w
            19.          1423.3     (A   )        w
            20.          1414.6     (A   )        w
            21.          1411.1     (A   )        w
            22.          1406.5     (A   )        w
            23.          1401.2     (A   )        m
            24.          1387.8     (A   )        w
            25.          1276.0     (A   )        m
            26.          1248.1     (A   )        m
            27.          1240.7     (A   )        w
            28.          1225.4     (A   )        m
            29.          1197.6     (A   )        w
            30.          1156.2     (A   )        w
            31.          1136.9     (A   )        m
            32.          1069.9     (A   )        w
            33.          1029.9     (A   )        w
            34.          1026.1     (A   )        w
            35.           980.4     (A   )        m
            36.           922.4     (A   )        w
            37.           909.3     (A   )        w
            38.           851.4     (A   )        w
            39.           845.8     (A   )        w
            40.           813.6     (A   )        w
            41.           767.8     (A   )        w
            42.           765.4     (A   )        w
            43.           606.5     (A   )        w
            44.           479.2     (A   )        w
            45.           477.2     (A   )        w
            46.           393.2     (A   )        w
            47.           379.5     (A   )        w
            48.           307.5     (A   )        w
            49.           216.4     (A   )        s
            50.           213.2     (A   )        s
            51.           159.1     (A   )        w
            52.     (       0.0)    (t/r )
            53.     (       0.0)    (t/r )
            54.     (       0.0)    (t/r )
            55.     (       0.0)    (t/r )
            56.     (       0.0)    (t/r )
            57.     (       0.0)    (t/r )


0       CORRESPONDING EIGEN VECTOR MATRIX   57 BY  57



 (  1)
     0.000    0.000    0.000    0.000    0.000    0.000    0.000    0.000
     0.000    0.000    0.000    0.000    0.000    0.000    0.000    0.000
    -0.001    0.001    0.000    0.000    0.000    0.000    0.000    0.000
     0.000    0.000    0.000    0.000    0.000    0.000    0.000    0.000
     0.000    0.000    0.000    0.000    0.000    0.000    0.001    0.001
     0.000    0.000    0.000    0.000    0.000    0.000    0.000   -0.001
     0.003    0.000   -0.006   -0.030   -0.051   -0.013    0.472    0.820
     0.199

 (  2)
     0.003   -0.002    0.005   -0.003    0.000    0.010    0.002    0.002
     0.004    0.039    0.037    0.047    0.031   -0.026    0.039    0.000
     0.000   -0.002   -0.018    0.027   -0.005   -0.013   -0.004   -0.062
     0.056    0.001   -0.048   -0.028    0.000   -0.062   -0.011    0.004
    -0.050   -0.018   -0.026   -0.005   -0.150    0.022   -0.463   -0.307
    -0.453   -0.085   -0.233    0.321   -0.066   -0.125   -0.026   -0.389
    -0.005    0.000    0.007    0.000    0.000    0.000    0.000    0.000
     0.000

 (  3)
    -0.002    0.002   -0.004    0.000    0.000    0.001    0.003    0.003
     0.005   -0.030   -0.029   -0.037    0.039   -0.032    0.050    0.000
     0.001    0.000    0.013   -0.020    0.004    0.008    0.002    0.044
     0.007    0.001   -0.006   -0.004    0.001   -0.009   -0.012    0.003
    -0.061   -0.023   -0.035   -0.006    0.119   -0.017    0.365    0.240
     0.356    0.067   -0.298    0.412   -0.084   -0.162   -0.033   -0.506
    -0.001    0.000    0.001    0.000   -0.001    0.000   -0.001   -0.002
    -0.002

 (  4)
    -0.029    0.024   -0.036    0.011    0.000   -0.054   -0.026   -0.022
    -0.032    0.005    0.005    0.005    0.006   -0.005    0.006    0.001
     0.000   -0.001    0.213   -0.306    0.057    0.126    0.027    0.365
    -0.308   -0.004    0.261    0.180    0.001    0.387    0.115   -0.026
     0.329    0.187    0.281    0.055   -0.020    0.002   -0.043   -0.046
    -0.067   -0.012   -0.045    0.062   -0.013   -0.023   -0.004   -0.054
    -0.008    0.000    0.008    0.000    0.000    0.000    0.000    0.000
     0.000

 (  5)
    -0.037    0.033   -0.045   -0.016   -0.001    0.060   -0.001   -0.002
     0.000    0.002    0.002   -0.001   -0.002    0.001   -0.004    0.001
     0.000   -0.001    0.285   -0.410    0.077    0.145    0.020    0.446
     0.364    0.005   -0.309   -0.173    0.007   -0.393   -0.007    0.007
    -0.006    0.013    0.019    0.004   -0.002   -0.001    0.019   -0.016
    -0.024   -0.004    0.016   -0.022    0.005    0.012    0.003    0.038
    -0.006    0.000    0.006    0.000    0.000    0.000    0.000    0.000
     0.000

 (  6)
    -0.018    0.014   -0.023    0.009   -0.001   -0.033    0.042    0.038
     0.053    0.003    0.003    0.003   -0.004    0.004   -0.002   -0.001
     0.000    0.001    0.132   -0.190    0.036    0.081    0.017    0.235
    -0.203   -0.003    0.172    0.094    0.011    0.216   -0.173    0.029
    -0.524   -0.318   -0.478   -0.093   -0.013    0.002   -0.028   -0.027
    -0.040   -0.007    0.033   -0.046    0.010    0.013    0.001    0.010
     0.004    0.000   -0.004    0.000    0.000    0.000    0.000    0.000
     0.000

 (  7)
    -0.005    0.018    0.022   -0.017    0.000   -0.007   -0.003   -0.013
     0.016    0.009    0.036   -0.040    0.008   -0.025   -0.024    0.008
     0.000   -0.006    0.120   -0.174    0.020   -0.081   -0.022   -0.254
     0.108    0.002   -0.081    0.078    0.000    0.160   -0.059    0.017
    -0.189    0.085    0.130    0.016    0.154   -0.042    0.501   -0.247
    -0.370   -0.050   -0.182    0.256   -0.039    0.092    0.031    0.305
    -0.081    0.000    0.074    0.000    0.000    0.000   -0.001    0.001
     0.000

 (  8)
     0.003   -0.009   -0.012   -0.004    0.001   -0.002   -0.005   -0.017
     0.020   -0.007   -0.027    0.029    0.014   -0.040   -0.037    0.002
     0.003   -0.002   -0.071    0.099   -0.011    0.044    0.012    0.136
     0.028   -0.004   -0.021    0.020    0.001    0.042   -0.074    0.022
    -0.235    0.116    0.171    0.021   -0.112    0.030   -0.369    0.187
     0.280    0.038   -0.292    0.411   -0.063    0.145    0.049    0.482
    -0.021   -0.012    0.020    0.000    0.000    0.000    0.000    0.001
     0.000

 (  9)
    -0.003    0.022    0.019   -0.053   -0.001   -0.015   -0.002   -0.020
     0.017   -0.004   -0.017    0.016   -0.006    0.019    0.015   -0.005
     0.000    0.004    0.134   -0.213    0.030   -0.079   -0.023   -0.255
     0.368    0.005   -0.286    0.225    0.000    0.454   -0.072    0.021
    -0.230    0.114    0.191    0.029   -0.064    0.019   -0.211    0.112
     0.175    0.027    0.133   -0.193    0.032   -0.063   -0.022   -0.211
     0.055    0.002   -0.051    0.000    0.000    0.000    0.000   -0.001
     0.000

 ( 10)
     0.010   -0.037   -0.032   -0.002    0.004    0.000   -0.009   -0.036
     0.031    0.003    0.015   -0.012   -0.004    0.016    0.012   -0.001
    -0.002    0.001   -0.251    0.373   -0.055    0.131    0.040    0.421
     0.015   -0.010   -0.012    0.008    0.001    0.016   -0.129    0.041
    -0.415    0.237    0.369    0.057    0.051   -0.015    0.172   -0.094
    -0.150   -0.025    0.110   -0.163    0.029   -0.051   -0.018   -0.171
     0.006    0.005   -0.006    0.000    0.000    0.000    0.000    0.000
     0.000

 ( 11)
     0.010   -0.027   -0.024   -0.047   -0.001   -0.009    0.010    0.029
    -0.025    0.001    0.008   -0.005    0.002   -0.009   -0.005    0.003
     0.000   -0.003   -0.200    0.287   -0.043    0.098    0.031    0.316
     0.353    0.005   -0.283    0.196    0.000    0.390    0.104   -0.034
     0.334   -0.203   -0.304   -0.048    0.025   -0.008    0.083   -0.045
    -0.074   -0.014   -0.055    0.085   -0.016    0.026    0.010    0.088
    -0.039   -0.001    0.038    0.000    0.000    0.000    0.000    0.001
     0.000

 ( 12)
     0.000    0.001    0.001    0.001    0.000    0.000    0.000   -0.001
     0.001   -0.003   -0.004    0.006   -0.004    0.005    0.006    0.053
     0.003   -0.059    0.003   -0.006    0.002   -0.005   -0.001   -0.016
    -0.005    0.000    0.005   -0.003    0.000   -0.005   -0.006    0.002
    -0.019    0.005    0.009    0.002   -0.014   -0.001   -0.064    0.042
     0.052    0.008    0.054   -0.066    0.011   -0.015   -0.001   -0.070
    -0.663   -0.020    0.672    0.004   -0.002    0.001   -0.005    0.013
    -0.001

 ( 13)
     0.031    0.026   -0.016   -0.008   -0.026    0.004    0.008    0.021
    -0.001   -0.023   -0.047    0.026   -0.036   -0.070    0.008    0.014
     0.175   -0.019   -0.073   -0.035    0.036   -0.064   -0.051    0.020
    -0.009    0.025    0.008    0.015    0.063   -0.008   -0.031   -0.036
     0.005    0.058   -0.002   -0.009    0.075    0.046    0.012    0.052
    -0.104   -0.049    0.046   -0.032   -0.026    0.095    0.102   -0.052
     0.100   -0.490    0.031    0.000   -0.034    0.020   -0.102    0.108
    -0.306

 ( 14)
    -0.098   -0.029    0.038    0.039    0.020   -0.012   -0.052    0.012
     0.022    0.102   -0.035   -0.054    0.042   -0.015   -0.035    0.012
     0.062    0.056    0.067    0.077   -0.078    0.270    0.069   -0.086
     0.021    0.010   -0.055   -0.081   -0.059    0.048    0.126   -0.014
    -0.036    0.089   -0.071   -0.071   -0.363    0.073    0.093   -0.053
     0.044    0.159   -0.030   -0.055    0.104   -0.176    0.003    0.023
    -0.223   -0.085   -0.168   -0.008   -0.013    0.002   -0.049    0.045
    -0.142

 ( 15)
     0.048    0.050   -0.017    0.015   -0.100   -0.006   -0.106    0.057
     0.042   -0.032    0.000    0.016    0.105    0.026   -0.045   -0.024
    -0.021    0.003   -0.034    0.002   -0.007   -0.137   -0.135    0.058
     0.008    0.037   -0.019   -0.033    0.276    0.018    0.299   -0.148
    -0.104    0.067   -0.044   -0.047    0.119    0.002   -0.029   -0.046
     0.012   -0.036   -0.065   -0.078    0.131   -0.315   -0.030    0.086
     0.002   -0.127    0.033    0.003    0.007   -0.004    0.019   -0.019
     0.063

 ( 16)
    -0.008   -0.059   -0.008    0.002    0.113   -0.002   -0.011   -0.068
     0.019   -0.027    0.007    0.035    0.076    0.036   -0.032   -0.048
     0.019   -0.032    0.053   -0.017    0.109    0.000    0.196   -0.037
     0.005   -0.221   -0.005   -0.008   -0.281    0.002    0.079    0.220
     0.022   -0.083   -0.017   -0.140    0.148   -0.013   -0.012    0.077
    -0.038   -0.141   -0.220   -0.144    0.169   -0.195   -0.005    0.053
     0.162   -0.255    0.166    0.010    0.001    0.002    0.005    0.000
     0.022

 ( 17)
     0.030   -0.039   -0.025    0.010    0.030    0.004   -0.018    0.006
     0.008   -0.081    0.043    0.010   -0.019   -0.028   -0.027    0.109
    -0.015    0.079    0.099    0.020    0.156   -0.180    0.165    0.018
    -0.021   -0.109   -0.041   -0.034   -0.067    0.028    0.041    0.007
    -0.010    0.075   -0.046   -0.059    0.162    0.038   -0.072    0.203
    -0.126   -0.131    0.156    0.113    0.097   -0.108    0.037   -0.015
    -0.359    0.044   -0.382   -0.023   -0.003   -0.003   -0.037    0.029
    -0.114

 ( 18)
    -0.050   -0.062    0.004    0.079   -0.003   -0.003   -0.043    0.064
    -0.002   -0.014    0.022    0.020   -0.020   -0.014    0.027   -0.023
    -0.007   -0.041    0.222    0.129    0.091    0.058    0.245   -0.060
    -0.132    0.016   -0.296   -0.326    0.003    0.203    0.023   -0.274
    -0.058    0.217   -0.118    0.138    0.099   -0.045   -0.017    0.099
    -0.030   -0.103    0.100    0.038   -0.163    0.139   -0.004   -0.018
     0.196    0.000    0.168    0.008    0.003    0.001    0.019   -0.015
     0.055

 ( 19)
    -0.002    0.009    0.003    0.009    0.003    0.002    0.007   -0.005
    -0.002    0.024   -0.078    0.026    0.003    0.026    0.007   -0.004
     0.003    0.028   -0.057   -0.032   -0.017    0.033   -0.041   -0.003
    -0.054    0.003   -0.077   -0.089   -0.017    0.050   -0.018    0.016
     0.007   -0.025    0.015    0.008    0.167    0.612    0.041   -0.223
     0.161   -0.516   -0.076   -0.055   -0.165    0.067   -0.210    0.011
    -0.119    0.058   -0.070   -0.003    0.001   -0.003    0.007   -0.009
     0.009

 ( 20)
    -0.012    0.016    0.027    0.024   -0.003    0.006   -0.028   -0.021
     0.043   -0.029    0.028    0.008   -0.030   -0.016    0.022    0.018
    -0.006   -0.009   -0.008   -0.035   -0.336    0.177   -0.276   -0.004
    -0.096   -0.008   -0.144   -0.158    0.011    0.098    0.301    0.392
    -0.019   -0.015    0.056   -0.499    0.081   -0.075   -0.035    0.110
    -0.056   -0.021    0.115    0.050   -0.180    0.153   -0.054   -0.030
     0.040    0.026    0.006   -0.002   -0.001    0.001   -0.004    0.003
    -0.010

 ( 21)
    -0.028    0.004    0.031    0.001    0.012    0.000    0.010    0.006
    -0.013   -0.008   -0.001    0.021   -0.018   -0.059   -0.025   -0.002
    -0.014   -0.021    0.011   -0.019   -0.297    0.219   -0.193   -0.026
     0.014    0.011    0.015    0.016   -0.053   -0.007   -0.092   -0.076
     0.011    0.044   -0.033    0.095    0.142    0.138   -0.012    0.009
     0.030   -0.233    0.180    0.159    0.467   -0.190    0.506   -0.030
     0.098    0.095    0.073    0.003    0.006   -0.002    0.023   -0.022
     0.066

 ( 22)
     0.013   -0.007   -0.033   -0.006   -0.017   -0.004   -0.027    0.003
     0.031    0.050   -0.045   -0.011   -0.037   -0.054    0.012   -0.023
    -0.003   -0.024   -0.009    0.047    0.406   -0.224    0.288    0.013
     0.052    0.016    0.067    0.068    0.049   -0.041    0.227    0.200
    -0.028    0.053    0.012   -0.340   -0.100    0.130    0.051   -0.211
     0.122    0.006    0.214    0.131    0.092    0.050    0.274   -0.044
     0.106    0.188    0.106    0.006    0.002    0.000    0.024   -0.023
     0.060

 ( 23)
     0.054    0.034   -0.020    0.033   -0.002    0.024    0.053   -0.032
    -0.015    0.016   -0.019   -0.017    0.005    0.003   -0.017   -0.003
     0.003    0.006   -0.186   -0.110    0.108   -0.163   -0.063    0.057
    -0.336    0.003   -0.431   -0.431    0.000    0.255   -0.134    0.099
     0.057   -0.178    0.109    0.046   -0.093   -0.049    0.013   -0.119
     0.037    0.172   -0.072   -0.009    0.218   -0.091    0.126   -0.001
    -0.052    0.021   -0.039   -0.001   -0.001    0.001   -0.002    0.002
    -0.006

 ( 24)
     0.060    0.032   -0.013   -0.001    0.100    0.000   -0.061    0.029
     0.013    0.013   -0.019   -0.008   -0.009   -0.016    0.008   -0.005
    -0.006   -0.003   -0.310   -0.232   -0.055   -0.063   -0.205    0.047
     0.004   -0.461   -0.003    0.001   -0.253   -0.001    0.069   -0.206
    -0.050    0.307   -0.224    0.060   -0.072   -0.018    0.019   -0.119
     0.045    0.118    0.104    0.039   -0.116    0.068   -0.016   -0.015
     0.012    0.071    0.015    0.001    0.002   -0.001    0.008   -0.009
     0.024

 ( 25)
     0.008   -0.001   -0.028   -0.008   -0.001    0.012    0.011    0.004
    -0.027   -0.021   -0.001   -0.001   -0.025   -0.001   -0.012    0.033
    -0.008    0.104   -0.081   -0.052    0.032    0.037   -0.009   -0.042
    -0.041    0.015   -0.025    0.016   -0.012    0.001   -0.010    0.035
    -0.024   -0.067    0.048    0.019   -0.324    0.199    0.108    0.202
    -0.150   -0.023    0.271    0.205   -0.064   -0.286   -0.220    0.085
     0.269   -0.152    0.344    0.001    0.014   -0.069    0.024   -0.046
     0.120

 ( 26)
    -0.015   -0.002   -0.015    0.035   -0.003    0.036   -0.006    0.006
     0.032    0.000    0.003   -0.014   -0.009   -0.015   -0.063   -0.012
     0.001    0.041    0.171    0.124   -0.038   -0.189   -0.152    0.049
     0.005   -0.034   -0.001    0.078    0.114    0.028   -0.378    0.179
     0.172    0.313   -0.173   -0.135   -0.056    0.036    0.003   -0.038
     0.020    0.024   -0.123   -0.074    0.063    0.216    0.024   -0.151
    -0.064   -0.268   -0.010    0.002    0.030   -0.036    0.109   -0.135
     0.383

 ( 27)
     0.009    0.022    0.063    0.011   -0.015    0.011   -0.018    0.022
    -0.059    0.000   -0.011   -0.026    0.005   -0.012    0.005   -0.004
     0.001    0.006    0.034    0.025   -0.020   -0.083    0.041    0.107
    -0.002    0.389    0.002    0.029   -0.508    0.006   -0.085    0.141
    -0.042    0.102   -0.065   -0.020    0.283   -0.112   -0.125   -0.274
     0.143    0.132    0.203    0.105   -0.112   -0.229   -0.119    0.086
    -0.026   -0.165   -0.018    0.000    0.004   -0.004    0.014   -0.018
     0.054

 ( 28)
     0.019    0.011    0.006   -0.038   -0.013   -0.047    0.015    0.011
     0.023   -0.005   -0.004    0.044   -0.004   -0.012   -0.011    0.001
    -0.004   -0.013   -0.318   -0.204    0.107    0.378    0.255   -0.126
     0.015    0.125    0.018   -0.107   -0.045   -0.028    0.105   -0.119
    -0.012   -0.069    0.079   -0.026    0.009   -0.084    0.044    0.029
    -0.017   -0.012    0.043    0.017   -0.018    0.142    0.065   -0.067
    -0.176   -0.305   -0.196   -0.002    0.033   -0.009    0.125   -0.150
     0.439

 ( 29)
    -0.020   -0.020    0.012   -0.006    0.034   -0.010    0.027   -0.020
     0.003    0.016   -0.003   -0.022   -0.017   -0.006    0.015   -0.002
     0.010    0.004    0.289    0.167   -0.127   -0.135   -0.066    0.054
     0.013   -0.389    0.005   -0.027    0.193   -0.003    0.185   -0.126
    -0.053   -0.336    0.197    0.126    0.115   -0.042   -0.059   -0.276
     0.174    0.092    0.251    0.167   -0.082   -0.033   -0.005    0.022
    -0.064   -0.309   -0.064    0.000    0.010   -0.007    0.045   -0.059
     0.168

 ( 30)
     0.028    0.006    0.080   -0.028    0.000   -0.079    0.025   -0.006
     0.072   -0.027   -0.003   -0.061   -0.028    0.004   -0.047    0.022
    -0.001    0.100    0.013   -0.038   -0.096   -0.012    0.182    0.093
     0.098    0.029    0.068   -0.198   -0.042   -0.013    0.072   -0.211
     0.053    0.000    0.041   -0.084    0.194    0.057   -0.135   -0.118
     0.021    0.138   -0.178   -0.063    0.152    0.209   -0.018   -0.125
     0.151    0.064    0.235   -0.005   -0.005   -0.058   -0.048    0.037
    -0.133

 ( 31)
     0.003   -0.004    0.022   -0.002    0.010    0.004    0.000    0.001
    -0.032    0.000   -0.013   -0.046   -0.001   -0.024    0.051   -0.007
     0.051    0.000    0.106    0.049   -0.069   -0.328   -0.156    0.143
    -0.011    0.170   -0.004    0.013   -0.302   -0.002    0.342   -0.137
    -0.158   -0.125    0.063    0.075   -0.150    0.157    0.005    0.267
    -0.198   -0.036   -0.199   -0.179    0.008    0.115    0.174    0.006
    -0.051    0.073   -0.042    0.001    0.010   -0.013    0.086   -0.115
     0.299

 ( 32)
     0.044    0.026   -0.025    0.003   -0.045    0.002   -0.049    0.022
     0.020   -0.042    0.036    0.030    0.043    0.043   -0.023    0.005
    -0.086   -0.007    0.173    0.110   -0.058    0.038    0.004   -0.023
    -0.001   -0.008   -0.002    0.012   -0.380   -0.001   -0.027    0.017
     0.013   -0.170    0.092    0.074   -0.327    0.168    0.131   -0.094
     0.077    0.005    0.070    0.070    0.007    0.337    0.194   -0.128
     0.015   -0.243   -0.003   -0.001   -0.009    0.015   -0.068    0.085
    -0.220

 ( 33)
     0.044    0.055    0.012   -0.002   -0.095   -0.004   -0.038    0.056
    -0.007   -0.009   -0.038   -0.001    0.006   -0.043   -0.004   -0.004
     0.068    0.002    0.166    0.133   -0.015    0.218    0.170   -0.050
     0.006   -0.454    0.001   -0.008   -0.217   -0.001   -0.231    0.148
     0.060   -0.157    0.135   -0.008    0.077    0.002   -0.025    0.075
    -0.109    0.076   -0.061   -0.106   -0.076   -0.104   -0.021    0.028
    -0.004    0.286    0.008    0.001    0.004   -0.009    0.045   -0.059
     0.149

 ( 34)
     0.044    0.012   -0.061   -0.032    0.000    0.032    0.046   -0.011
    -0.061   -0.049    0.023    0.057   -0.051   -0.027    0.057    0.051
     0.001    0.027    0.210    0.128   -0.062    0.232    0.048   -0.129
    -0.138   -0.001   -0.096    0.098    0.003   -0.028    0.236   -0.047
    -0.130    0.212   -0.121   -0.064   -0.078   -0.016    0.069   -0.307
     0.191    0.104   -0.294   -0.195    0.103   -0.085    0.003    0.069
     0.038   -0.011    0.019   -0.015    0.004   -0.030   -0.001   -0.018
     0.022

 ( 35)
    -0.063   -0.007   -0.028    0.057   -0.004    0.064   -0.062    0.012
    -0.032    0.030    0.003    0.005    0.024   -0.008    0.008    0.015
     0.002    0.092   -0.200   -0.057    0.220    0.103   -0.127   -0.077
    -0.037   -0.023   -0.049    0.214   -0.004   -0.002    0.094    0.138
    -0.077   -0.205    0.060    0.212    0.264   -0.193   -0.079   -0.040
     0.061   -0.042   -0.058   -0.078   -0.037    0.239    0.197   -0.073
     0.016    0.012    0.095   -0.024    0.002   -0.083   -0.037    0.005
    -0.069

 ( 36)
     0.035   -0.027    0.055   -0.004    0.003    0.002   -0.029   -0.021
    -0.056   -0.050    0.010   -0.073    0.055    0.004    0.075   -0.004
    -0.026    0.003   -0.080   -0.150   -0.184    0.037    0.300    0.035
    -0.009   -0.056   -0.005    0.001    0.294   -0.001   -0.046    0.290
    -0.031    0.090   -0.142    0.167   -0.005    0.291   -0.076   -0.007
    -0.066    0.178    0.014   -0.078   -0.188    0.004    0.310    0.074
    -0.011   -0.115   -0.006    0.000   -0.011   -0.003   -0.012   -0.007
     0.004

 ( 37)
    -0.042    0.082   -0.003    0.075    0.001   -0.032   -0.041   -0.083
    -0.011   -0.057   -0.084   -0.004   -0.056    0.078    0.004    0.071
     0.001   -0.047   -0.001    0.150    0.181    0.103   -0.076   -0.040
     0.164   -0.007    0.066   -0.057    0.012    0.030    0.100    0.104
    -0.045    0.010   -0.160    0.191    0.070    0.125   -0.032   -0.010
    -0.162    0.219   -0.029    0.141    0.197    0.064   -0.098   -0.021
     0.082   -0.013   -0.037    0.004    0.004    0.021    0.026   -0.024
     0.085

 ( 38)
     0.039   -0.060   -0.058    0.034    0.070   -0.019   -0.059   -0.035
     0.059   -0.067   -0.023    0.057    0.051   -0.064   -0.041    0.035
     0.068   -0.008    0.071   -0.057   -0.149    0.000   -0.044   -0.048
     0.108    0.314    0.071   -0.062    0.072    0.025   -0.094    0.006
     0.076   -0.186    0.030    0.151   -0.082   -0.004    0.065   -0.209
     0.055    0.142    0.086   -0.070   -0.188   -0.020    0.006   -0.025
     0.048    0.271    0.012   -0.005    0.000   -0.007    0.034   -0.046
     0.094

 ( 39)
     0.039    0.021   -0.023   -0.091    0.025    0.056    0.004   -0.055
     0.022    0.003   -0.072   -0.010    0.044    0.038   -0.048   -0.091
     0.026    0.032    0.185    0.120   -0.038    0.152    0.056   -0.063
    -0.307    0.113   -0.195    0.182    0.026   -0.070    0.115   -0.078
    -0.015    0.089   -0.119    0.064    0.146    0.021   -0.050    0.111
    -0.173    0.132    0.210    0.168    0.004    0.157   -0.017   -0.081
    -0.113    0.114    0.007    0.012   -0.003   -0.002   -0.007    0.012
    -0.016

 ( 40)
    -0.005   -0.091   -0.005    0.055   -0.001    0.074   -0.008    0.090
    -0.007   -0.046   -0.009   -0.046   -0.047    0.011   -0.046    0.012
     0.000   -0.037   -0.124   -0.196   -0.116    0.029    0.087   -0.029
    -0.109   -0.003   -0.124    0.330    0.005   -0.049    0.035   -0.076
    -0.034   -0.125    0.190   -0.108    0.054    0.209   -0.068   -0.084
    -0.033    0.217   -0.086    0.037    0.221    0.059   -0.213   -0.066
     0.046   -0.001   -0.002    0.026   -0.001    0.056    0.027    0.001
     0.049

 ( 41)
     0.003   -0.033   -0.057    0.071    0.025   -0.032    0.070    0.068
    -0.015   -0.052   -0.079    0.024    0.011    0.051    0.063   -0.100
    -0.027    0.048    0.046    0.014    0.061    0.081   -0.180   -0.074
     0.201    0.022    0.117   -0.083   -0.025    0.040   -0.075   -0.103
     0.021    0.044    0.135   -0.255    0.078    0.048   -0.009    0.000
    -0.153    0.209    0.005    0.025   -0.070   -0.076    0.201    0.081
    -0.166   -0.020   -0.020   -0.003   -0.004   -0.025   -0.039    0.027
    -0.074

 ( 42)
     0.077   -0.057    0.004    0.047   -0.033   -0.023   -0.026    0.005
    -0.054    0.034   -0.028    0.060   -0.062    0.060   -0.003   -0.071
     0.042    0.035    0.041   -0.141   -0.299   -0.112    0.178    0.051
     0.136   -0.021    0.079   -0.061    0.037    0.027    0.116    0.239
    -0.085    0.030   -0.073    0.178   -0.103   -0.241    0.093    0.004
     0.030   -0.158   -0.001    0.156    0.244    0.111   -0.131   -0.043
    -0.116    0.047   -0.011   -0.002    0.003   -0.018   -0.002    0.003
    -0.018

 ( 43)
    -0.016   -0.002    0.037    0.001    0.000    0.019   -0.016    0.002
     0.035    0.024   -0.096    0.050    0.022    0.092    0.049    0.099
     0.001   -0.053   -0.009   -0.042   -0.215   -0.161    0.185    0.071
    -0.129   -0.002   -0.137    0.182    0.003   -0.065   -0.151   -0.182
     0.066   -0.010    0.043   -0.208   -0.044   -0.150    0.069   -0.007
    -0.059   -0.041   -0.010    0.053   -0.036   -0.041    0.143    0.065
     0.089   -0.009   -0.053   -0.066    0.006   -0.072   -0.023   -0.034
    -0.005

 ( 44)
     0.008   -0.089   -0.024   -0.118   -0.007    0.025   -0.004    0.077
    -0.011    0.051    0.000    0.005    0.052    0.026    0.030    0.057
     0.013   -0.051    0.076   -0.019    0.102    0.048   -0.214   -0.027
     0.022    0.003    0.193   -0.294   -0.014    0.107    0.006    0.180
    -0.005    0.075    0.009    0.075    0.129    0.141   -0.011    0.034
    -0.019    0.180    0.052    0.063    0.222    0.138   -0.140    0.016
     0.078    0.002   -0.022   -0.054   -0.013   -0.035   -0.038   -0.039
     0.037

 ( 45)
     0.040   -0.028   -0.039    0.023   -0.037   -0.003   -0.039   -0.060
     0.045   -0.008    0.094   -0.084   -0.008    0.086    0.084   -0.012
     0.085    0.010   -0.005   -0.037    0.084    0.131   -0.086   -0.065
    -0.002    0.028   -0.032    0.053   -0.071   -0.018   -0.140   -0.163
     0.071   -0.020   -0.041   -0.118   -0.021    0.009   -0.085   -0.058
     0.136   -0.133    0.054    0.134    0.099   -0.007    0.030    0.088
    -0.022    0.032   -0.005    0.005   -0.095   -0.011    0.006   -0.130
     0.140

 ( 46)
    -0.017    0.074   -0.017    0.060    0.007    0.038   -0.003   -0.057
    -0.027    0.028    0.070    0.050    0.047   -0.083    0.043   -0.057
    -0.005   -0.032   -0.073    0.012   -0.148   -0.087    0.203   -0.001
     0.088   -0.002    0.072    0.010    0.009    0.060   -0.062   -0.175
    -0.014   -0.063    0.003   -0.138    0.096    0.231    0.037    0.099
    -0.005    0.201    0.118    0.005    0.233    0.137   -0.269    0.028
    -0.066    0.006   -0.043   -0.051   -0.006   -0.057   -0.084    0.007
    -0.032

 ( 47)
     0.046   -0.060   -0.045    0.002   -0.052    0.007   -0.052   -0.073
     0.035    0.103    0.037    0.021   -0.095    0.023   -0.010   -0.001
    -0.011   -0.005    0.040   -0.064   -0.044    0.020   -0.057   -0.035
     0.010    0.021    0.018   -0.012   -0.081    0.013   -0.044   -0.104
     0.029   -0.055   -0.064   -0.001    0.208    0.207   -0.002    0.130
    -0.018    0.221   -0.116   -0.026   -0.182   -0.186    0.162    0.008
    -0.002   -0.081   -0.008    0.001    0.100    0.002   -0.044    0.140
    -0.065

 ( 48)
     0.050   -0.026    0.069    0.058   -0.002   -0.094    0.050    0.023
     0.074   -0.001    0.029    0.012   -0.009   -0.028    0.006   -0.040
    -0.003   -0.043    0.062    0.008    0.210    0.088   -0.173    0.065
    -0.087    0.000   -0.264    0.265   -0.002   -0.186    0.092    0.177
     0.069    0.063   -0.014    0.223   -0.042    0.099    0.029    0.033
     0.000    0.044    0.021   -0.003    0.021   -0.059   -0.084    0.027
    -0.026   -0.006   -0.023   -0.102    0.005   -0.031   -0.091   -0.005
    -0.013

 ( 49)
    -0.042    0.020   -0.055    0.009   -0.028    0.014    0.057    0.011
     0.044    0.014    0.026    0.012   -0.008    0.025   -0.033   -0.006
     0.011    0.007   -0.073   -0.020   -0.146   -0.091    0.109   -0.043
     0.025   -0.028    0.033   -0.013   -0.091    0.024    0.120    0.077
     0.026    0.079   -0.021    0.125    0.077    0.074   -0.006    0.019
     0.007    0.091   -0.003    0.013   -0.110   -0.069    0.080   -0.016
     0.015    0.005    0.042   -0.062   -0.038    0.022    0.623   -0.366
    -0.242

 ( 50)
     0.068   -0.028    0.062    0.006    0.022    0.008   -0.056   -0.034
    -0.069   -0.017   -0.022   -0.040    0.022   -0.025    0.028   -0.006
     0.001    0.003    0.092    0.014    0.191    0.160   -0.133    0.037
     0.015    0.020    0.017   -0.007    0.104    0.013   -0.134   -0.151
    -0.049   -0.088    0.013   -0.198   -0.092   -0.078   -0.018   -0.016
    -0.008   -0.118    0.029   -0.003    0.113    0.103   -0.082    0.004
     0.010   -0.027    0.030   -0.046    0.093    0.021    0.449   -0.125
    -0.257

 ( 51)
    -0.055   -0.016    0.011   -0.049   -0.001   -0.095   -0.052    0.015
     0.013   -0.008    0.015    0.072   -0.006   -0.013    0.071   -0.007
     0.002    0.005   -0.035   -0.001    0.018   -0.109   -0.070    0.033
    -0.134   -0.002   -0.194    0.073   -0.001   -0.149   -0.107    0.071
     0.035   -0.030   -0.001    0.022    0.032    0.083    0.061   -0.006
    -0.001    0.148   -0.003    0.004    0.145    0.033   -0.079    0.062
    -0.076    0.000   -0.074    0.137    0.002   -0.055    0.274   -0.052
    -0.162

 ( 52)
    -0.004   -0.039    0.141    0.001   -0.043    0.143    0.020   -0.038
     0.080   -0.040   -0.005    0.096   -0.016   -0.004    0.034   -0.021
     0.000    0.033   -0.019   -0.041    0.187    0.036   -0.061    0.129
     0.029   -0.068    0.174   -0.037   -0.022    0.160    0.061   -0.060
     0.065    0.022   -0.040    0.081   -0.080    0.017    0.110   -0.042
    -0.003    0.094    0.000   -0.003   -0.011   -0.055    0.018    0.046
    -0.050    0.025    0.002    0.030   -0.027    0.010    0.028   -0.027
     0.013

 ( 53)
     0.014    0.068   -0.027   -0.034    0.089    0.046   -0.079    0.067
     0.106    0.007   -0.026   -0.037   -0.085   -0.027    0.096   -0.037
    -0.048    0.023    0.045    0.082   -0.070    0.024    0.111   -0.032
    -0.029    0.158    0.053   -0.042    0.052    0.050   -0.073    0.109
     0.106   -0.113    0.079    0.158    0.001   -0.069   -0.037    0.042
    -0.039   -0.089   -0.116   -0.041    0.138   -0.095   -0.070    0.102
    -0.043   -0.118    0.017   -0.030    0.001    0.023    0.001   -0.007
    -0.024

 ( 54)
    -0.021    0.036   -0.013    0.025    0.002    0.006    0.064    0.036
     0.055   -0.004    0.050    0.007    0.080    0.051    0.076    0.035
     0.084    0.056   -0.048    0.010   -0.049   -0.041    0.076   -0.009
     0.013   -0.006   -0.008    0.043   -0.040   -0.002    0.048    0.076
     0.063    0.098    0.011    0.069    0.012    0.010    0.000   -0.038
     0.076   -0.006    0.107    0.078    0.111    0.101    0.011    0.072
     0.048    0.092    0.071    0.014    0.138    0.068   -0.017    0.158
     0.054

 ( 55)
    -0.066   -0.074   -0.066   -0.024   -0.111   -0.003    0.019   -0.073
     0.052   -0.071   -0.077   -0.073    0.014   -0.077    0.045   -0.028
    -0.041   -0.019   -0.097   -0.103   -0.105   -0.062   -0.013   -0.071
    -0.020   -0.105    0.002   -0.029   -0.173    0.000    0.026   -0.012
     0.053    0.049   -0.103    0.097   -0.078   -0.138   -0.073   -0.100
    -0.048   -0.118    0.044   -0.047    0.083    0.010   -0.138    0.049
    -0.032   -0.047   -0.023   -0.019    0.040   -0.018   -0.046    0.063
    -0.059

 ( 56)
    -0.081   -0.021    0.012   -0.066   -0.020   -0.059   -0.069   -0.020
    -0.046   -0.034    0.007    0.072   -0.023    0.007    0.014   -0.037
     0.007    0.085   -0.076   -0.019    0.002   -0.133   -0.044    0.031
    -0.102   -0.041   -0.101   -0.016    0.002   -0.081   -0.121   -0.043
    -0.030   -0.056   -0.019   -0.097    0.017    0.030    0.056   -0.047
     0.005    0.124   -0.028    0.005    0.025    0.029    0.030   -0.004
    -0.001    0.028    0.126   -0.102   -0.022    0.111   -0.114   -0.024
     0.153

 ( 57)
    -0.073    0.030    0.016   -0.057    0.018    0.027   -0.031    0.030
    -0.016   -0.103    0.062   -0.022   -0.061    0.062   -0.054   -0.077
     0.074   -0.065   -0.094    0.021    0.047   -0.040    0.023    0.005
    -0.034   -0.005    0.054   -0.090    0.023    0.042    0.004    0.023
    -0.028   -0.022    0.022   -0.008   -0.138    0.069   -0.011   -0.113
     0.070   -0.031   -0.040    0.071   -0.086   -0.094    0.070   -0.044
    -0.101    0.097   -0.092   -0.033    0.067   -0.084   -0.042    0.073
    -0.089


                VIBRATIONAL AMPLITUDE AND CENTRIFUGAL DISTORTION
                 CONTRIBUTIONS TO THE BOND LENGTH AT   298.16 K

                 Note: Excludes contributions from frequencies
                       lower than 40 (1/cm).

                R(e)   = r(mm4) - 1.5 * anh * <Z**2>(298.16)
                R(z)   = R(e) + 1.5 * anh * <Z**2>(0) - <K>(0))
                R(s)   = [R(e) + R(z)] / 2
                R(alp) = R(e) + 1.5 * anh * <Z**2>(T) - <K>(T) - <C>(T)
                R(g)   = R(e) + 1.5 * anh * <Z**2>(T)
                R(a)   = [R(g) + sqrt(R(g)**2-4*<Z**2>(T))] / 2

                       anh = anharmonicity (2.00)
                    <Z**2> = mean-square vibrational amplitude
                       <K> = perpendicular vibrational amplitude
                       <C> = centrifugal correction

        BOND          R(g)      R(z)      R(e)     R(alp)     R(s)      R(a)
    2( C)-  1( C)    1.5358    1.5329    1.5283    1.5325    1.5306    1.5342
    3( C)-  2( C)    1.5357    1.5328    1.5282    1.5324    1.5305    1.5341
    4( C)-  1( C)    1.5364    1.5336    1.5289    1.5332    1.5312    1.5348
    5( C)-  3( C)    1.5368    1.5340    1.5293    1.5336    1.5316    1.5352
    6( C)-  4( C)    1.5337    1.5314    1.5261    1.5311    1.5287    1.5321
    6( C)-  5( C)    1.5302    1.5279    1.5226    1.5276    1.5253    1.5285
    7( H)-  1( C)    1.1142    1.1008    1.0955    1.1002    1.0981    1.1086
    8( H)-  1( C)    1.1141    1.1007    1.0953    1.1001    1.0980    1.1084
    9( H)-  2( C)    1.1141    1.1006    1.0954    1.1000    1.0980    1.1085
   10( H)-  2( C)    1.1141    1.1005    1.0954    1.1000    1.0980    1.1085
   11( H)-  3( C)    1.1141    1.1007    1.0954    1.1002    1.0981    1.1085
   12( H)-  3( C)    1.1142    1.1008    1.0955    1.1002    1.0981    1.1086
   13( H)-  4( C)    1.1130    1.0998    1.0943    1.0993    1.0971    1.1074
   14( H)-  4( C)    1.1125    1.0992    1.0938    1.0986    1.0965    1.1068
   15( H)-  5( C)    1.1130    1.0997    1.0944    1.0992    1.0970    1.1074
   16( H)-  5( C)    1.1127    1.0995    1.0941    1.0989    1.0968    1.1071
   17( H)-  6( C)    1.1213    1.1102    1.1021    1.1100    1.1061    1.1155
   18( O)-  6( C)    1.4414    1.4383    1.4345    1.4378    1.4364    1.4398
   19( H)- 18( O)    0.9673    0.9387    0.9528    0.9382    0.9528    0.9623


                  Non-Bonded Atom Pair Distance Table
        (Distance greater than 82% of VDW distance are not printed)

        PAIR        Dist(g)   Dist(z)
    4( C),  3( C)    2.9595    2.9562       1,4
    5( C),  1( C)    2.9597    2.9553       1,4
    6( C),  2( C)    2.9681    2.9646       1,4
    8( H),  3( C)    2.8165    2.8093       1,4
    8( H),  6( C)    2.8279    2.8193       1,4
    9( H),  7( H)    2.5300    2.5150       1,4
    9( H),  8( H)    2.4922    2.4798       1,4
   10( H),  4( C)    2.8247    2.8176       1,4
   10( H),  5( C)    2.8258    2.8192       1,4
   10( H),  7( H)    2.4938    2.4806       1,4
   11( H),  1( C)    2.8168    2.8094       1,4
   11( H),  6( C)    2.8275    2.8211       1,4
   11( H),  8( H)    2.6464    2.6449          
   11( H),  9( H)    2.4914    2.4777       1,4
   12( H),  9( H)    2.5305    2.5157       1,4
   12( H), 10( H)    2.4937    2.4797       1,4
   13( H),  2( C)    2.8258    2.8188       1,4
   13( H),  5( C)    2.8073    2.8014       1,4
   13( H),  7( H)    2.5021    2.4890       1,4
   13( H), 10( H)    2.6579    2.6570          
   14( H),  7( H)    2.5265    2.5122       1,4
   14( H),  8( H)    2.4985    2.4836       1,4
   15( H), 11( H)    2.4887    2.4747       1,4
   15( H), 12( H)    2.5308    2.5166       1,4
   16( H),  2( C)    2.8348    2.8278       1,4
   16( H),  4( C)    2.8230    2.8169       1,4
   16( H), 10( H)    2.6686    2.6683          
   16( H), 12( H)    2.4950    2.4807       1,4
   16( H), 13( H)    2.6430    2.6440          
   17( H), 13( H)    2.4700    2.4579       1,4
   17( H), 14( H)    2.5308    2.5173       1,4
   17( H), 15( H)    2.5124    2.5001       1,4
   17( H), 16( H)    2.4698    2.4575       1,4
   18( O),  1( C)    2.9859    2.9821       1,4
   18( O),  3( C)    2.9212    2.9243       1,4
   18( O),  8( H)    2.7008    2.6989          
   18( O), 11( H)    2.6271    2.6341          
   18( O), 14( H)    2.7174    2.7037       1,4
   18( O), 15( H)    2.5749    2.5732       1,4
   19( H),  4( C)    2.5616    2.5453       1,4
   19( H), 14( H)    2.4053    2.3984          
   19( H), 17( H)    2.3726    2.3500       1,4


         THE MOMENTS OF INERTIA CALCULATED FROM R(g), R(z) VALUES
                  (also from R(e), R(alpha), R(s) VALUES)

         Note: (1) All calculations are based on principle isotopes.
               (2) R(z) values include harmonic vibration (Coriolis)
                   contribution indicated in parentheses.


   (1)  UNIT = 10**(-39) GM*CM**2

                    IX                   IY                   IZ

   R(e)        23.6626              31.0832              41.3452
   R(z)        23.8098( 0.0006)     31.3686( 0.0009)     41.7701( 0.0059)

   (2)  UNIT = AU A**2

                    IX                   IY                   IZ

   R(e)       142.5152             187.2078             249.0139
   R(z)       143.4019( 0.0038)    188.9270( 0.0056)    251.5729( 0.0357)


 ==============================================================================
                      STATISTICAL THERMODYNAMICS ANALYSIS
 ==============================================================================

  Structure name    : hyroxycyclohexane-ax                                        
  Temperature       :   298.16 K
  Symmetry number   :   1
  Optical isomers   :   2
  Zero Point Energy :  106.512 Kcal/mol


                     ENERGY** ENTHALPY**  ENTROPY  FREE ENERGY** HEAT CAPACITY**
                  (Kcal/mol) (Kcal/mol)     (eu)   (Kcal/mol)    (cal/mol/deg)
  Translational       0.889      0.889     39.724    -10.955         2.981
     Rotational       0.889      0.889     27.248     -7.235         2.981
    Vibrational*    109.154%   109.154%    13.922    105.003%       21.877
         PV(RT)       0.000      0.593      0.000      0.593         1.987
      Potential       5.472#     5.472#     0.000      5.472#        0.000
         Mixing       0.000      0.000      1.377     -0.411         0.000
          Total*    116.403    116.995     82.271     92.465        29.826

  Enthalpy Function (H-Ho)/T     =   16.81 cal/mol/deg
  Free Energy Function -(G-Ho)/T =   65.46 cal/mol/deg

  % Includes zero point energy (ZPE).
  * Excludes contribution from frequencies lower than 10 (1/cm).
  # Includes steric energy (SE).
    Internal rotation contributions are not considered
 ** These quantities are relative to the R(e) values (
    bottom of potential well) and do NOT include bonding

  This structure has   0 imaginary frequencies,
                       0 free internal rotation (fir) frequencies
                         (>= 0,< 10 /cm),
                       0 restricted internal rotation (rir) frequencies
                         (>= 10,< 40 /cm),
                       6 zero frequencies, and
                      51 real frequencies.


      FINAL STERIC ENERGY IS                5.4718 KCAL/MOL.


                  COMPRESSION               0.3361
                  STRETCH-STRETCH           0.0000
                  BENDING                   0.9556
                  BEND-BEND                 0.0125
                  STRETCH-BEND              0.0544
                  VANDERWAALS
                    1,4 ENERGY              5.2398
                    OTHER                  -0.6179
                  H-BONDING                 0.0000
                  PI-COMPLX                 0.0000
                  TORSIONAL                 0.8952
                  TORSION-STRETCH          -0.1374
                  TORSION-BEND             -1.2262
                  BEND-TORSION-BEND        -0.0573
                  TORSION-IMPT              0.0000
                  IMPT-TORSION-IMPT         0.0000
                  TORSION-TORSION           0.0665
                  DIPOLE-DIPOLE             0.0000
                  CHARGE-DIPOLE             0.0000
                  IND-DIP CORR.            -0.0494
                  CHARGE-CHARGE             0.0000


      MOLECULAR POLARIZABILITIES (A**3)

        ALPHA(1)   =      13.78
        ALPHA(2)   =      13.74
        ALPHA(3)   =      12.78
        AVG. ALPHA =      13.43


      DIPOLE MOMENT =          1.7132 D

        SIGMA-DIPOLE MOMENT =  1.7132 (X =  0.3515    Y =  1.4856    Z = -0.7773)


      DIPOLE MOMENT =          1.4710 D (INCLUDES INDUCED BOND MOMENTS)

        SIGMA-DIPOLE MOMENT =  1.4710 (X =  0.1405    Y =  1.3454    Z = -0.5778)


      OTHER MOLECULAR PROPERTIES:

        Molar Polarizability:    34.0871 cm**3/mole
        Molar Refraction:        33.8738 cm**3/mole
        Radius of Gyration:       2.4220 A
        Molecular VDW Surface:  181.7961 A**2
        Molecular VDW Volume:   174.6786 A**3
        Dispersion Energy:      -13.5616 Kcal/mole
        Density (gas):          0.004090 g/cm**3 (@  298.2 K, 1 atm)
        Density (cdn):            0.8304 g/cm**3 (@STP Estd.)
        Ref. Index (gas):       1.002079 (@  298.2 K, 1 atm)
        Ref. Index (cdn):         1.4745 (@STP Estd.)
        Diel. Constant (gas):     1.0091 (@  298.2 K, 1 atm)
        Diel. Constant (cdn):    10.5602 (@STP Estd.)



      TOTAL ATOMIC CHARGE ON EACH ATOM (in ELECTRON CHARGE)

           C(    1):          0.003
           C(    2):          0.002
           C(    3):         -0.013
           C(    4):         -0.030
           C(    5):          0.024
           C(    6):          0.185
           H(    7):         -0.002
           H(    8):          0.003
           H(    9):         -0.001
           H(   10):         -0.001
           H(   11):          0.005
           H(   12):          0.002
           H(   13):          0.005
           H(   14):          0.006
           H(   15):          0.007
           H(   16):         -0.005
           H(   17):          0.008
           O(   18):         -0.575
           H(   19):          0.376

      -----------------------------------------------------------------

        END OF hyroxycyclohexane-ax                                        


           TOTAL CPU TIME IS      0.14 SECONDS.

           THIS JOB COMPLETED AT    17:11:49
