1
               ---------------------------------------------
               WARNING : INCORRECT ATOM TYPES GIVEN IN INPUT
                         DATA ARE CORRECTED AS FOLLOWS
               ---------------------------------------------


             Atom type of atom    1 is replaced by   1 (was   0)
             Atom type of atom    2 is replaced by   1 (was   0)
             Atom type of atom    3 is replaced by   1 (was   0)
             Atom type of atom    4 is replaced by  12 (was   0)
             Atom type of atom    5 is replaced by  12 (was   0)
             Atom type of atom    6 is replaced by   5 (was   0)
             Atom type of atom    7 is replaced by   5 (was   0)
             Atom type of atom    8 is replaced by   5 (was   0)
             Atom type of atom    9 is replaced by   5 (was   0)
             Atom type of atom   10 is replaced by   5 (was   0)
             Atom type of atom   11 is replaced by   5 (was   0)
1     1,3-dichloropropane-a,g                                     

               CHEMICAL FORMULA :  C(   3)  H(   6) Cl(   2) 
               FORMULA WEIGHT   :    111.986
                                                               DATE 27-MAY-23
                                                               TIME  16:59:07


          THE COORDINATES OF   11 ATOMS ARE READ IN.
          SOME CONSTANTS WILL BE READ IN.

      CONFORMATIONAL ENERGY, PART 1:  GEOMETRY AND STERIC ENERGY
                                      OF INITIAL CONFORMATION.


      CONNECTED ATOMS
         1-   2-   3-

      ATTACHED ATOMS
         1-   5,   1-   6,   1-   7,   2-   8,   2-   9,   3-   4,   3-  10,
         3-  11,

      INITIAL ATOMIC COORDINATES
           ATOM         X           Y           Z       TYPE
         C(   1)    -1.40416    -1.03196    -0.18048   (  1)
         C(   2)     0.03817    -0.90248     0.28321   (  1)
         C(   3)     0.81154     0.13004    -0.51137   (  1)
        Cl(   4)     2.50146     0.21690     0.09575   ( 12)
        Cl(   5)    -2.26915     0.52373     0.07920   ( 12)
         H(   6)    -1.47581    -1.26027    -1.25858   (  5)
         H(   7)    -1.94595    -1.79405     0.40856   (  5)
         H(   8)     0.04781    -0.61413     1.35645   (  5)
         H(   9)     0.55017    -1.88446     0.18823   (  5)
         H(  10)     0.87594    -0.13762    -1.58116   (  5)
         H(  11)     0.38378     1.14200    -0.39734   (  5)


          DIELECTRIC CONSTANT =  1.500


      INITIAL STERIC ENERGY IS      4.4316 KCAL/MOL.

                  COMPRESSION       0.0347
                  BENDING           0.6087
                  BEND-BEND        -0.0615
                  STRETCH-BEND      0.0166
                  VANDERWAALS
                    1,4 ENERGY      3.1871
                    OTHER           0.3291
                  H-BONDING         0.0000
                  PI-COMPLX         0.0000

                  TORSIONAL        -0.3402
                  TORSION-STRETCH  -0.0004
                  DIPOLE-DIPOLE     0.6574
                  CHARGE-DIPOLE     0.0000
                  CHARGE-CHARGE     0.0000


      MOLECULAR POLARIZABILITIES (A**3)
        ALPHA(1)   =      12.15
        ALPHA(2)   =      10.27
        ALPHA(3)   =       8.71
        AVG. ALPHA =      10.37



      DIPOLE MOMENT =          2.362 D


      E (INDP/INDP) =         -0.455 KCAL/MOLE
      DIPOLE MOMENT =          1.896 D (INCLUDES INDUCED BOND MOMENTS)
      *NOTE*  E (INDP/INDP) IS NOT INCLUDED IN THE INITIAL STERIC ENERGY

      CPU TIME FOR INITIAL CALCULATION IS     0.01 SECONDS.


1     1,3-dichloropropane-a,g                                     


     CONFORMATIONAL ENERGY, PART 2: GEOMETRY MINIMIZATION

               GEOMETRY OPTIMIZATION IS CONTINUED UNTIL ATOM
               MOVEMENT CONVERGES WITHIN FOLLOWING VALUES:

                         AVERAGE MOVEMENT  0.00010 A
                         MAXIMUM MOVEMENT  0.00099 A



     <<<<<<<<<<<<<<<<<<<<<<<<<<  C Y C L E   1 >>>>>>>>>>>>>>>>>>>>>>>>>>

                              (CH)-MOVEMENT = 1

       ITER    1   AVG. MOVE = 0.01193 A   (MAX MOVE : ATOM    5   0.06223 A)  
       ITER    2   AVG. MOVE = 0.00421 A   (MAX MOVE : ATOM    5   0.03220 A)  
       ITER    3   AVG. MOVE = 0.00249 A   (MAX MOVE : ATOM    4   0.01385 A)  
       ITER    4   AVG. MOVE = 0.00169 A   (MAX MOVE : ATOM    4   0.00991 A)  
       ITER    5   AVG. MOVE = 0.00131 A   (MAX MOVE : ATOM    4   0.00721 A)  
       ITER    6   AVG. MOVE = 0.00099 A   (MAX MOVE : ATOM    4   0.00554 A)  
       ITER    7   AVG. MOVE = 0.00076 A   (MAX MOVE : ATOM    4   0.00428 A)  
       ITER    8   AVG. MOVE = 0.00058 A   (MAX MOVE : ATOM    4   0.00333 A)  
       ITER    9   AVG. MOVE = 0.00044 A   (MAX MOVE : ATOM    4   0.00260 A)  
       ITER   10   AVG. MOVE = 0.00034 A   (MAX MOVE : ATOM    4   0.00204 A)  
       ITER   11   AVG. MOVE = 0.00026 A   (MAX MOVE : ATOM    4   0.00161 A)  
       ITER   12   AVG. MOVE = 0.00020 A   (MAX MOVE : ATOM    4   0.00127 A)  
       ITER   13   AVG. MOVE = 0.00015 A   (MAX MOVE : ATOM    4   0.00101 A)  
       ITER   14   AVG. MOVE = 0.00012 A   (MAX MOVE : ATOM    4   0.00081 A)  
       ITER   15   AVG. MOVE = 0.00010 A   (MAX MOVE : ATOM    4   0.00065 A)  


     <<<<<<<<<<<<<<<<<<<<<<<<<<  C Y C L E   2 >>>>>>>>>>>>>>>>>>>>>>>>>>

                              (CH)-MOVEMENT = 0

       ITER   16   AVG. MOVE = 0.00006 A   (MAX MOVE : ATOM    4   0.00054 A)  


              * * * * * * * * * GEOMETRY IS OPTIMIZED * * * * * * * * *

               WITHIN : AVERAGE MOVEMENT  0.00006 A (LIMIT  0.00010 A)
                        MAXIMUM MOVEMENT  0.00054 A (LIMIT  0.00099 A)

               GRADIENT
                  RMS GRADIENT                0.005378 KCAL/MOL/A

                  MAX GRADIENT
                    X-DIRECTION : ATOM #  10   0.009612 KCAL/MOL/A
                    Y-DIRECTION : ATOM #   1   0.008293 KCAL/MOL/A
                    Z-DIRECTION : ATOM #   2   0.014977 KCAL/MOL/A

        DELTA TIME =    0.00 SEC.       TOTAL CPU TIME =      0.02 SEC.


                            =====================
                            FULL-MATRIX OPTIMIZER
                            =====================


     iter.  rms force   max force   avg. move    max move  atom  convg  d-time

        0    0.008536    0.030614   0.00035 A   0.00200 A   11    [N]     0.0s
        1    0.000153    0.000388   0.00000 A   0.00000 A   10    [N]     0.0s
        2    0.000032    0.000105                                 [Y]     0.0s


      TOTAL ENERGY IS      3.8895 KCAL/MOL.

        COMPRESS    0.1065      VDW 1,4    2.6046      DIPL-DIPL    0.6778
        BENDING     0.8258        OTHER    0.0154      CHRG-DIPL    0.0000
        STR-BEND    0.0780      TORSION   -0.3116      CHRG-CHRG    0.0000
        BEND-BEND  -0.1055      TOR-STR   -0.0015      EPR          0.0000
        H-BONDING   0.0000      PI-CMPL    0.0000
0     DELTA(T) =     0.0 SEC.          ELAPSED TIME =     0.0 SEC.


    * * * ENERGY IS MINIMIZED WITHIN RMS OF FORCES   0.00003  Kcal/mol/A * * *

                 * * * *  RMS FORCE IS   0.00003 Kcal/mol/A * * * *

1     1,3-dichloropropane-a,g                                     

               CHEMICAL FORMULA :  C(   3)  H(   6) Cl(   2) 
               FORMULA WEIGHT   :    111.986
                                                               DATE : 27-MAY-23

           * M M 3 * * * * * * * * * * * 2 0 0 0 *
           *                                     *   PARAMETER RELIABILITY
           *                                     *
           *                                     *   BLANK = GOOD
           *                                     *       B = FAIR
           *                                     *       C = TRIAL
           *                                     *       R = READ IN
           *                                     *       S = SUBSTITUTED
           *                                     *       U = PARAMETER NOT EXIST
           *                                     *
           *                                     *   THIS IS SHOWN AT THE END 
           *                                     *   OF THE LINE.
           * * * * * * * * * * * * * * * * * * * * 


      CONFORMATIONAL ENERGY, PART 3:  GEOMETRY AND STERIC ENERGY
                                      OF FINAL CONFORMATION.

      CONNECTED ATOMS
         1-   2-   3-

      ATTACHED ATOMS
         1-   5,   1-   6,   1-   7,   2-   8,   2-   9,   3-   4,   3-  10,
         3-  11,

      FINAL ATOMIC COORDINATE
           ATOM         X           Y           Z       TYPE
         C(   1)    -1.39861    -1.00318    -0.19859   (  1)
         C(   2)     0.04075    -0.86683     0.28586   (  1)
         C(   3)     0.85388     0.16484    -0.48927   (  1)
        Cl(   4)     2.55877     0.20704     0.09432   ( 12)
        Cl(   5)    -2.34389     0.50483     0.08182   ( 12)
         H(   6)    -1.44398    -1.22287    -1.28132   (  5)
         H(   7)    -1.92608    -1.81550     0.33594   (  5)
         H(   8)     0.04449    -0.61505     1.36706   (  5)
         H(   9)     0.53426    -1.85757     0.19391   (  5)
         H(  10)     0.88678    -0.07194    -1.56896   (  5)
         H(  11)     0.44986     1.18682    -0.37149   (  5)


          DIELECTRIC CONSTANT =  1.500


      BOND LENGTHS AND STRETCHING ENERGY   (   10 BONDS)

        ENERGY = 71.94(KS)(DR)(DR)(1-(CS)(DR)+(7/12)((CS)(DR))**2)
                          DR = R-RO
                          CS =  2.550
                                                         R(0)-CORR        CORR
          BOND        LENGTH   R(0)    K(S)  ENERGY   E-NEG   MISCEL       KS
    C(   1)- C(   2)  1.5248  1.5128  4.490  0.0452 -0.0119                     
    C(   1)-Cl(   5)  1.8017  1.7987  3.100  0.0020  0.0077                     
    C(   1)- H(   6)  1.1057  1.1055  4.890  0.0000 -0.0075  0.0010  BH  0.210  
    C(   1)- H(   7)  1.1063  1.1055  4.890  0.0002 -0.0075  0.0010  BH  0.210  
    C(   2)- C(   3)  1.5252  1.5128  4.490  0.0484 -0.0119                     
    C(   2)- H(   8)  1.1101  1.1071  4.838  0.0031 -0.0049              0.158  
    C(   2)- H(   9)  1.1107  1.1071  4.838  0.0043 -0.0049              0.158  
    C(   3)-Cl(   4)  1.8025  1.7987  3.100  0.0032  0.0077                     
    C(   3)- H(  10)  1.1058  1.1055  4.890  0.0000 -0.0075  0.0010  BH  0.210  
    C(   3)- H(  11)  1.1052  1.1055  4.890  0.0000 -0.0075  0.0010  BH  0.210  


      NON-BONDED DISTANCES, VDW AND EPR ENERGY   (     27 PAIRS)

              E(VDW) = KV*(1.84(10**5)EXP(-12.00/P) - 2.25(P**6))
              E(EPR) = C*KV*(1.84(10**5)EXP(-12.00/Q) - 2.25(Q**6))
              E(HBD) = EP1-EP2*COS(THETA)*RTH/RTH0
                            EP1 = KHB*1.84(10**5)*EXP(-12.0/P)
                            EP2 = KHB*2.25(P**6)

            IF P > 3.020, THEN,
              E(VDW) = KV(192.270)(P**2)
              E(HBD) = EP1-EP2*COS(THETA)*RTH/RTH0
                            EP1 = KHB*(192.270*P**2+1706.96)
                            EP2 = KHB*1706.96

               WHERE   RV = RVDW(I) + RVDW(K)
                       KV = SQRT(EPS(I)*EPS(K))
                      KHB = EPS/DIELEC  FOR HYDROGEN BOND
                        P = (RV/R) OR (RV/R#)
                        C = SCALE FACTOR
                        Q = RV/R, WHERE R IS MODIFIED DISTANCE
                    THETA = ANGLE H-X-Y IN HYDROGEN BOND X-H...Y
                      RTH = BOND LENGTH X-H IN X-H...Y
                     RTH0 = NATURAL BOND LENGTH X-H

          # IN THE VDW CALCULATIONS THE HYDROGEN ATOMS ARE RELOCATED
          SO THAT THE ATTACHED HYDROGEN DISTANCE IS REDUCED BY 0.923

          # IN THE VDW CALCULATIONS THE DEUTERIUM ATOMS ARE RELOCATED
          SO THAT THE ATTACHED DEUTERIUM DISTANCE IS REDUCED BY  0.923

         ATOM PAIR          R       R#       RV      KV       ENERGY
      C(   1), C(   3)   2.5539
      C(   1),Cl(   4)   4.1486            4.110   0.0805    -0.0899  1,4       
      C(   1), H(   8)   2.1644
      C(   1), H(   9)   2.1494
      C(   1), H(  10)   2.8228   2.7874   3.560   0.0230     0.1269  1,4       
      C(   1), H(  11)   2.8710   2.8326   3.560   0.0230     0.0980  1,4       
      C(   2),Cl(   4)   2.7441
      C(   2),Cl(   5)   2.7585
      C(   2), H(   6)   2.1880
      C(   2), H(   7)   2.1842
      C(   2), H(  10)   2.1881
      C(   2), H(  11)   2.1948
      C(   3),Cl(   5)   3.2661            4.110   0.0805     0.3502  1,4       
      C(   3), H(   6)   2.7988   2.7650   3.560   0.0230     0.1434  1,4       
      C(   3), H(   7)   3.5115   3.4346   3.560   0.0230    -0.0245  1,4       
      C(   3), H(   8)   2.1701
      C(   3), H(   9)   2.1585
     Cl(   4),Cl(   5)   4.9117            4.140   0.2400    -0.1647            
     Cl(   4), H(   6)   4.4675   4.4340   3.690   0.0693    -0.0448            
     Cl(   4), H(   7)   4.9257   4.8614   3.690   0.0693    -0.0281            
     Cl(   4), H(   8)   2.9355   2.9062   3.690   0.0693     0.3489  1,4       
     Cl(   4), H(   9)   2.8933   2.8668   3.690   0.0693     0.4301  1,4       
     Cl(   4), H(  10)   2.3748
     Cl(   4), H(  11)   2.3716
     Cl(   5), H(   6)   2.3776
     Cl(   5), H(   7)   2.3713
     Cl(   5), H(   8)   2.9343   2.9061   3.690   0.0693     0.3490  1,4       
     Cl(   5), H(   9)   3.7252   3.6479   3.690   0.0693    -0.0772  1,4       
     Cl(   5), H(  10)   3.6735   3.6318   3.690   0.0693    -0.0768            
     Cl(   5), H(  11)   2.9113   2.9253   3.690   0.0693     0.3137            
      H(   6), H(   7)   1.7886
      H(   6), H(   8)   3.0982   2.9479   3.240   0.0200    -0.0126  1,4       
      H(   6), H(   9)   2.5480   2.4574   3.240   0.0200     0.1739  1,4       
      H(   6), H(  10)   2.6153   2.6105   3.240   0.0200     0.0682            
      H(   6), H(  11)   3.1970   3.1169   3.240   0.0200    -0.0211            
      H(   7), H(   8)   2.5273   2.4399   3.240   0.0200     0.1911  1,4       
      H(   7), H(   9)   2.4648   2.3837   3.240   0.0200     0.2553  1,4       
      H(   7), H(  10)   3.8185   3.7053   3.240   0.0200    -0.0161            
      H(   7), H(  11)   3.8935   3.7738   3.240   0.0200    -0.0149            
      H(   8), H(   9)   1.7776
      H(   8), H(  10)   3.1024   2.9519   3.240   0.0200    -0.0130  1,4       
      H(   8), H(  11)   2.5365   2.4490   3.240   0.0200     0.1820  1,4       
      H(   9), H(  10)   2.5339   2.4455   3.240   0.0200     0.1855  1,4       
      H(   9), H(  11)   3.0976   2.9474   3.240   0.0200    -0.0126  1,4       
      H(  10), H(  11)   1.7915


      BOND ANGLES, BENDING AND STRETCH-BEND ENERGIES   (   18 ANGLES)

          EB = 0.021914(KB)(DT)(DT)(1+CF*DT+QF*DT**2+PF*DT**3+SF*DT**4)
                          DT = THETA-TZERO
                          CF = -1400.000E-5
                          QF =     5.600E-5
                          PF =    -0.070E-5
                          SF =     0.022E-6
          ESB(J) = 2.51124(KSB(J))(DT)(DR1+DR2)
                          DR(I) = R(I) - R0(I)
          EBDBD  = -0.02191418(KBB1)(DT1)(KBB2)(DT2)

          A T O M S            THETA    TZERO     KB     EB     KSB    ESB
   C(   2)- C(   1)-Cl(   5)  111.775  108.000  0.800  0.2368  0.13  0.0185     
   C(   2)- C(   1)- H(   6)  111.568  109.310  0.590  0.0639  0.08  0.0056     
   C(   2)- C(   1)- H(   7)  111.237  109.310  0.590  0.0467  0.08  0.0049     
  Cl(   5)- C(   1)- H(   6)  107.288  106.300  0.750  0.0158  0.08  0.0006     
  Cl(   5)- C(   1)- H(   7)  106.812  106.300  0.750  0.0043  0.08  0.0004     
   H(   6)- C(   1)- H(   7)  107.919  107.600  0.550  0.0012                   
   C(   1)- C(   2)- C(   3)  113.720  111.000  0.670  0.1045  0.13  0.0217     
   C(   1)- C(   2)- H(   8)  109.445  109.310  0.590  0.0002  0.08  0.0004     
   C(   1)- C(   2)- H(   9)  108.262  109.310  0.590  0.0144  0.08 -0.0033     
   C(   3)- C(   2)- H(   8)  109.862  109.310  0.590  0.0039  0.08  0.0017     
   C(   3)- C(   2)- H(   9)  108.929  109.310  0.590  0.0019  0.08 -0.0012     
   H(   8)- C(   2)- H(   9)  106.347  107.600  0.550  0.0193                   
   C(   2)- C(   3)-Cl(   4)  110.827  108.000  0.800  0.1346  0.13  0.0150     
   C(   2)- C(   3)- H(  10)  111.544  109.310  0.590  0.0625  0.08  0.0057     
   C(   2)- C(   3)- H(  11)  112.111  109.310  0.590  0.0975  0.08  0.0069     
  Cl(   4)- C(   3)- H(  10)  107.037  106.300  0.750  0.0088  0.08  0.0006     
  Cl(   4)- C(   3)- H(  11)  106.834  106.300  0.750  0.0047  0.08  0.0004     
   H(  10)- C(   3)- H(  11)  108.235  107.600  0.550  0.0048                   


     DIHEDRAL ANGLES, TORSIONAL ENERGY (ET)   (   18 ANGLES)

           ET = (V1/2)(1+COS(W))+(V2/2)(1-COS(2W))+(V3/2)(1+COS(3W))

           ETS = -11.995*(R-R0)((KTS1/2)(1+COS(W))+
                                (KTS2/2)(1-COS(2W)+
                                (KTS3/2)(1+COS(3W))

           SIGN OF ANGLE A-B-C-D : WHEN LOOKING THROUGH B TOWARD C,
           IF D IS COUNTERCLOCKWISE FROM A, NEGATIVE.

         A T O M S               OMEGA    V1     V2     V3     ET   KTS3   ETS
 C(   1) C(   2) C(   3)Cl(   4)-177.3 -0.006 -0.463  1.145  0.005 0.059 0.000  
 C(   1) C(   2) C(   3) H(  10) -58.2  0.000  0.000  0.280  0.001 0.059 0.000  
 C(   1) C(   2) C(   3) H(  11)  63.4  0.000  0.000  0.280  0.002 0.059 0.000  
 C(   3) C(   2) C(   1)Cl(   5) -65.2 -0.006 -0.463  1.145 -0.365 0.059 0.000  
 C(   3) C(   2) C(   1) H(   6)  54.9  0.000  0.000  0.280  0.005 0.059 0.000  
 C(   3) C(   2) C(   1) H(   7) 175.5  0.000  0.000  0.280  0.004 0.059 0.000  
Cl(   4) C(   3) C(   2) H(   8)  59.6  0.000  0.000  0.520  0.000 0.059 0.000  
Cl(   4) C(   3) C(   2) H(   9) -56.5  0.000  0.000  0.520  0.004 0.059 0.000  
Cl(   5) C(   1) C(   2) H(   8)  58.1  0.000  0.000  0.520  0.001 0.059 0.000  
Cl(   5) C(   1) C(   2) H(   9) 173.6  0.000  0.000  0.520  0.015 0.059 0.000  
 H(   6) C(   1) C(   2) H(   8) 178.2  0.000  0.000  0.238  0.001 0.059 0.000  
 H(   6) C(   1) C(   2) H(   9) -66.3  0.000  0.000  0.238  0.006 0.059 0.000  
 H(   7) C(   1) C(   2) H(   8) -61.2  0.000  0.000  0.238  0.000 0.059 0.000  
 H(   7) C(   1) C(   2) H(   9)  54.3  0.000  0.000  0.238  0.005 0.059 0.000  
 H(   8) C(   2) C(   3) H(  10) 178.8  0.000  0.000  0.238  0.000 0.059 0.000  
 H(   8) C(   2) C(   3) H(  11) -59.7  0.000  0.000  0.238  0.000 0.059 0.000  
 H(   9) C(   2) C(   3) H(  10)  62.7  0.000  0.000  0.238  0.001 0.059 0.000  
 H(   9) C(   2) C(   3) H(  11)-175.8  0.000  0.000  0.238  0.003 0.059 0.000  

     DIPOLE-DIPOLE INTERACTION ENERGY  (DIELECTRIC CONSTANT = 1.50)

          E = 14.388*MU1*MU2*(COSX-3*COSA*COSB)/(R12**3*DIELC)

               MU1 = BOND MOM OF BOND 1
               MU2 = BOND MOM OF BOND 2
               R12 = DISTANCE BETWEEN MID-POINTS OF TWO BONDS.

        BOND(1)       MU1           BOND(2)       MU2      R12        E
   C(   1)-Cl(   5)  2.090   + C(   3)-Cl(   4)  2.090   3.6066    0.6778       


 ==============================================================================
                        NORMAL MODE VIBRATIONAL ANALYSIS
 ==============================================================================


             Molecular Shape : ASYMMETRIC ROTOR WITH KAPPA =-0.984573
        Symmetry Point Group : C1  
             Symmetry Number :  1
                   Chirality : yes



0       FUNDAMENTAL NORMAL VIBRATIONAL FREQUENCIES
                ( THEORETICALLY  27 VALUES )

             Frequency :  in 1/cm
             A(i)      :  IR intensity (vs,s,m,w,vw,-- or in 10**6 cm/mole)
             A(i) = -- :  IR inactive


             no       Frequency   Symmetry      A(i)

             1.          3019.4     (A   )        m
             2.          3013.8     (A   )        m
             3.          2966.1     (A   )        m
             4.          2959.5     (A   )        w
             5.          2955.7     (A   )        w
             6.          2912.9     (A   )        m
             7.          1497.0     (A   )        w
             8.          1465.7     (A   )        w
             9.          1413.2     (A   )        w
            10.          1402.6     (A   )        w
            11.          1397.5     (A   )        w
            12.          1354.5     (A   )        w
            13.          1260.1     (A   )        w
            14.          1242.9     (A   )        w
            15.          1236.5     (A   )       vw
            16.          1020.3     (A   )        w
            17.           968.3     (A   )        w
            18.           938.3     (A   )        w
            19.           822.1     (A   )        w
            20.           789.6     (A   )        w
            21.           738.3     (A   )        m
            22.           674.2     (A   )        m
            23.           398.5     (A   )        w
            24.           258.6     (A   )        w
            25.           251.9     (A   )        w
            26.           128.5     (A   )        w
            27.            89.5     (A   )        w
            28.     (       0.0)    (t/r )
            29.     (       0.0)    (t/r )
            30.     (       0.0)    (t/r )
            31.     (       0.0)    (t/r )
            32.     (       0.0)    (t/r )
            33.     (       0.0)    (t/r )


0       CORRESPONDING EIGEN VECTOR MATRIX   33 BY  33



 (  1)
    -0.001   -0.001    0.003   -0.001    0.002    0.002   -0.023    0.066
     0.058    0.000    0.000    0.000    0.000    0.000    0.000   -0.001
    -0.005   -0.023    0.009    0.014   -0.009    0.004    0.000   -0.030
     0.006   -0.025    0.002    0.019   -0.133   -0.615    0.258   -0.650
    -0.071

 (  2)
    -0.023   -0.027    0.083    0.000    0.001    0.001    0.001   -0.003
    -0.001    0.000    0.000    0.000    0.000    0.000    0.000   -0.032
    -0.141   -0.683    0.306    0.467   -0.306   -0.008   -0.005   -0.019
     0.001   -0.004    0.000    0.000    0.003    0.014   -0.011    0.028
     0.003

 (  3)
     0.004    0.005    0.000   -0.024    0.061    0.062    0.001   -0.002
    -0.004    0.000    0.000    0.000    0.000    0.000    0.000   -0.010
    -0.010   -0.043   -0.037   -0.055    0.034   -0.004   -0.155   -0.678
     0.283   -0.565   -0.051    0.003    0.013    0.032   -0.012    0.014
     0.006

 (  4)
     0.004    0.006    0.002   -0.002    0.007   -0.007    0.019   -0.040
     0.057   -0.001    0.000    0.000    0.000    0.000    0.000   -0.004
    -0.014   -0.058   -0.039   -0.058    0.035    0.003    0.013    0.063
     0.036   -0.068   -0.003    0.012   -0.129   -0.697   -0.237    0.590
     0.043

 (  5)
    -0.033   -0.058   -0.027    0.005    0.001    0.013    0.002   -0.005
     0.006    0.000    0.000    0.000    0.000    0.000    0.000    0.039
     0.147    0.623    0.338    0.520   -0.312   -0.002   -0.030   -0.142
    -0.023    0.028   -0.003    0.002   -0.014   -0.080   -0.028    0.069
     0.005

 (  6)
    -0.002   -0.009   -0.002   -0.029    0.044   -0.051   -0.003    0.002
    -0.004    0.000    0.000    0.000    0.000    0.000    0.000    0.006
     0.020    0.081    0.045    0.082   -0.053    0.015    0.119    0.620
     0.317   -0.631   -0.030   -0.002    0.012    0.065    0.022   -0.057
    -0.004

 (  7)
    -0.072   -0.003   -0.008    0.149    0.066   -0.015   -0.095   -0.050
     0.017    0.006    0.002    0.000    0.002   -0.001    0.000    0.169
    -0.008   -0.025    0.062   -0.052    0.081   -0.348   -0.152    0.038
    -0.351   -0.191    0.027    0.196    0.136   -0.009    0.229    0.083
    -0.062

 (  8)
     0.034   -0.007    0.007   -0.027    0.053   -0.067   -0.026   -0.015
     0.008    0.002    0.001    0.000   -0.002    0.001    0.000   -0.068
     0.002    0.013   -0.116    0.053   -0.062    0.298   -0.572    0.042
     0.026    0.053    0.646    0.042    0.029    0.002    0.050    0.015
    -0.013

 (  9)
    -0.029    0.094    0.028    0.004   -0.006   -0.001   -0.012   -0.005
    -0.002    0.001    0.000    0.000    0.007   -0.002    0.001   -0.108
    -0.603    0.199    0.131   -0.349   -0.541   -0.043   -0.011    0.000
     0.097    0.038    0.010    0.055    0.002   -0.003    0.047    0.016
     0.015

 ( 10)
    -0.039    0.015   -0.005    0.005   -0.001   -0.004    0.059   -0.032
     0.054   -0.004   -0.003    0.001    0.002   -0.001    0.000    0.137
    -0.031   -0.005    0.118   -0.055    0.049    0.030   -0.031    0.001
     0.057    0.020    0.043   -0.381    0.520   -0.053   -0.182   -0.080
    -0.614

 ( 11)
    -0.124    0.043   -0.024   -0.003   -0.021   -0.007    0.037    0.039
    -0.026   -0.002   -0.001    0.001    0.007   -0.003    0.001    0.491
    -0.022   -0.047    0.423   -0.142    0.256    0.083   -0.128    0.014
     0.131    0.025    0.168   -0.086   -0.276    0.028   -0.122   -0.043
     0.221

 ( 12)
    -0.020    0.017   -0.015   -0.055   -0.043    0.013   -0.089   -0.052
     0.018    0.005    0.004   -0.002    0.001   -0.001    0.000    0.117
     0.061   -0.034    0.149    0.004    0.130    0.282    0.160   -0.035
     0.379    0.177   -0.053    0.359    0.240   -0.029    0.465    0.179
    -0.109

 ( 13)
    -0.004   -0.013   -0.022   -0.012    0.000    0.025   -0.012    0.024
     0.017    0.002   -0.004   -0.004    0.002    0.004   -0.003   -0.146
     0.031   -0.030    0.274   -0.187   -0.009    0.518    0.220   -0.023
    -0.484   -0.238    0.069    0.334    0.127    0.011   -0.285   -0.074
    -0.018

 ( 14)
    -0.006    0.007    0.012   -0.003    0.019    0.030    0.001   -0.012
    -0.016    0.003   -0.007   -0.006    0.002    0.000   -0.005   -0.260
     0.207   -0.015    0.197   -0.098    0.056   -0.360   -0.224    0.095
     0.311    0.186   -0.024    0.464    0.181   -0.048   -0.438   -0.196
     0.028

 ( 15)
     0.008   -0.005    0.010   -0.001   -0.021    0.014    0.008    0.005
    -0.013   -0.002    0.005    0.005    0.002    0.004   -0.010   -0.509
     0.327   -0.034    0.470   -0.300    0.021   -0.096   -0.082    0.030
    -0.040   -0.049    0.066   -0.346   -0.101   -0.002    0.347    0.141
    -0.021

 ( 16)
    -0.099   -0.013   -0.029    0.122    0.082   -0.012   -0.031   -0.066
     0.050    0.001   -0.002    0.004    0.004   -0.005   -0.005   -0.257
     0.131   -0.056   -0.149   -0.028   -0.101    0.356    0.173   -0.033
     0.292    0.175   -0.071   -0.185   -0.152    0.068   -0.142   -0.122
     0.119

 ( 17)
     0.043    0.006    0.100   -0.019   -0.012   -0.154   -0.045   -0.008
     0.095    0.005   -0.003   -0.004    0.001    0.002   -0.006    0.173
     0.252    0.049    0.087   -0.158   -0.111   -0.177    0.302   -0.235
     0.039   -0.007    0.146    0.052   -0.183    0.141   -0.135   -0.023
    -0.100

 ( 18)
    -0.071    0.054   -0.016    0.080   -0.127    0.021    0.008    0.116
     0.001   -0.002   -0.006   -0.004    0.004   -0.017   -0.003   -0.224
     0.053   -0.008   -0.220    0.170    0.013   -0.079    0.153   -0.038
     0.127   -0.141    0.374    0.152   -0.075    0.046   -0.013    0.140
    -0.242

 ( 19)
     0.074    0.041   -0.097   -0.005    0.011   -0.019   -0.097   -0.002
     0.060    0.021   -0.005    0.003   -0.005    0.001    0.011   -0.198
    -0.375    0.001    0.241    0.226    0.351   -0.054   -0.042   -0.008
     0.029    0.032   -0.072   -0.080   -0.298    0.124   -0.167    0.001
    -0.223

 ( 20)
    -0.023   -0.085    0.008    0.001    0.030    0.026    0.048    0.072
     0.067   -0.017   -0.007   -0.016   -0.006    0.018   -0.001    0.090
     0.039   -0.026   -0.047   -0.168   -0.139    0.105   -0.304    0.098
     0.028    0.068   -0.308    0.235   -0.370    0.166    0.091    0.141
    -0.429

 ( 21)
     0.005   -0.010    0.037   -0.006   -0.028    0.047   -0.165    0.049
    -0.104    0.062   -0.006    0.028    0.001    0.004   -0.006    0.165
     0.183   -0.011   -0.070   -0.109   -0.192    0.097   -0.109    0.063
     0.030    0.001   -0.103   -0.213   -0.049   -0.090   -0.226    0.037
    -0.177

 ( 22)
     0.035   -0.176   -0.058    0.053   -0.034    0.000   -0.006    0.018
    -0.020    0.003   -0.002    0.004   -0.036    0.072    0.018    0.060
    -0.232   -0.051    0.081   -0.189   -0.024   -0.101    0.184   -0.048
     0.198    0.016    0.261   -0.027    0.095   -0.037   -0.025    0.001
     0.072

 ( 23)
     0.132    0.085    0.022    0.132   -0.071    0.035    0.000   -0.034
     0.000   -0.061   -0.012   -0.008   -0.046    0.022   -0.010    0.188
     0.134    0.009    0.121    0.030   -0.075    0.193   -0.150    0.051
     0.101   -0.078   -0.089   -0.008   -0.021   -0.002   -0.041   -0.055
     0.039

 ( 24)
     0.047    0.016   -0.111   -0.041    0.047    0.115   -0.037   -0.025
     0.034   -0.041   -0.003   -0.027    0.054   -0.016    0.016    0.201
     0.188   -0.153   -0.011   -0.067   -0.299   -0.178    0.183    0.083
    -0.015    0.045    0.287   -0.056   -0.115    0.052   -0.020   -0.008
    -0.049

 ( 25)
    -0.041    0.013   -0.039   -0.038   -0.112    0.043    0.016   -0.106
     0.092    0.070    0.056   -0.029   -0.040    0.027   -0.005    0.011
     0.090   -0.057   -0.107   -0.008   -0.137   -0.059   -0.162    0.053
    -0.083   -0.131    0.005   -0.010   -0.089    0.087   -0.028   -0.123
     0.088

 ( 26)
    -0.016   -0.055    0.037   -0.003   -0.086    0.001   -0.079    0.038
     0.087   -0.049    0.018   -0.020    0.090    0.023   -0.032   -0.047
    -0.110    0.050   -0.049    0.004    0.094    0.031   -0.207    0.029
     0.019   -0.062   -0.133   -0.142    0.185    0.053   -0.094    0.013
     0.249

 ( 27)
     0.022    0.014    0.013    0.004    0.059    0.055   -0.012    0.116
     0.113    0.047   -0.051   -0.042   -0.053   -0.027   -0.033    0.066
     0.005    0.012    0.035   -0.005   -0.003   -0.026    0.018    0.065
     0.040    0.079    0.028   -0.121    0.251    0.080    0.049    0.121
     0.280

 ( 28)
    -0.099    0.054   -0.004   -0.097    0.020   -0.001   -0.067   -0.008
    -0.007   -0.068   -0.047   -0.003   -0.060    0.081   -0.020   -0.101
     0.045   -0.002   -0.122    0.072    0.002   -0.093    0.030   -0.003
    -0.122    0.007    0.010   -0.070   -0.019   -0.005   -0.041    0.004
    -0.018

 ( 29)
    -0.018   -0.015    0.125   -0.009   -0.011    0.098   -0.020   -0.026
     0.067   -0.009   -0.021    0.036   -0.009   -0.008    0.117   -0.037
    -0.033    0.130   -0.011   -0.005    0.148    0.011    0.007    0.094
    -0.013   -0.014    0.106   -0.039   -0.045    0.070   -0.015   -0.023
     0.057

 ( 30)
    -0.022   -0.068   -0.083   -0.027   -0.093   -0.061   -0.025   -0.037
     0.016   -0.031   -0.068    0.035   -0.032   -0.091    0.009   -0.011
     0.005   -0.098   -0.023   -0.106   -0.142   -0.039   -0.165   -0.044
    -0.022   -0.084   -0.123   -0.014    0.035    0.000   -0.031   -0.047
     0.081

 ( 31)
     0.010   -0.014    0.038    0.015   -0.033    0.028    0.044   -0.095
    -0.024    0.046   -0.117   -0.029    0.055    0.027   -0.034    0.001
    -0.066    0.049   -0.013    0.027    0.079    0.024    0.020    0.016
    -0.015   -0.052    0.076    0.035   -0.148   -0.012    0.074   -0.077
    -0.073

 ( 32)
    -0.018   -0.030    0.030    0.000   -0.011   -0.028   -0.040   -0.015
    -0.075   -0.017    0.008   -0.142   -0.020   -0.034    0.045   -0.058
    -0.046    0.035    0.010   -0.027    0.062    0.039    0.005   -0.032
     0.005   -0.008   -0.033   -0.079   -0.030   -0.073   -0.044   -0.016
    -0.074

 ( 33)
    -0.005   -0.069    0.084   -0.014    0.008    0.090   -0.022   -0.059
    -0.008   -0.031    0.034    0.012   -0.036   -0.056   -0.090    0.015
    -0.185    0.107    0.002   -0.022    0.163   -0.034    0.124    0.064
     0.005    0.008    0.203   -0.002   -0.174    0.018   -0.042   -0.054
    -0.123


 ==============================================================================
                      STATISTICAL THERMODYNAMICS ANALYSIS
 ==============================================================================

  Structure name    : 1,3-dichloropropane-a,g                                     
  Temperature       :   298.16 K
  Symmetry number   :   1
  Optical isomers   :   2
  Zero Point Energy :   53.145 Kcal/mol


                     ENERGY   ENTHALPY    ENTROPY  FREE ENERGY   HEAT CAPACITY
                  (Kcal/mol) (Kcal/mol)     (eu)   (Kcal/mol)    (cal/mol/deg)
  Translational       0.889      1.481     40.037    -10.456         4.967
     Rotational       0.889      0.889     27.830     -7.409         2.980
    Vibrational      55.207%    55.207%    12.517*    51.475%       14.116*
      Potential       3.890#     3.890#     0.000      3.890#        0.000
         Mixing       0.000      0.000      1.377     -0.411         0.000
          Total      60.873     61.466     81.760     37.088        22.064

  Enthalpy Function (H-Ho)/T     =   14.86 cal/mol/deg
  Free Energy Function -(G-Ho)/T =   66.90 cal/mol/deg

  % Includes zero point energy (ZPE).
  * Excludes contribution from frequencies lower than 40 (1/cm).
  # Includes steric energy (SE).
    Internal rotation contributions are not considered

  This structure has   0 imaginary frequencies,
                       0 free internal rotation (fir) frequencies
                         (>= 0,< 10 /cm),
                       0 restricted internal rotation (rir) frequencies
                         (>= 10,< 40 /cm),
                       6 zero frequencies, and
                      27 real frequencies.


      FINAL STERIC ENERGY IS      3.8895 KCAL/MOL.


                COMPRESSION       0.1065
                BENDING           0.8258
                BEND-BEND        -0.1055
                STRETCH-BEND      0.0780
                VANDERWAALS
                  1,4 ENERGY      2.6046
                  OTHER           0.0154
                H-BONDING         0.0000
                PI-COMPLX         0.0000

                TORSIONAL        -0.3116
                TORSION-STRETCH  -0.0015
                DIPOLE-DIPOLE     0.6778
                CHARGE-DIPOLE     0.0000
                CHARGE-CHARGE     0.0000

      -----------------------------------------------------------------

      COORDINATES TRANSLATED TO NEW ORIGIN WHICH IS CENTER OF MASS
         C(   1)    -1.39861    -1.00318    -0.19859   (  1)
         C(   2)     0.04075    -0.86683     0.28586   (  1)
         C(   3)     0.85388     0.16484    -0.48927   (  1)
        Cl(   4)     2.55877     0.20704     0.09432   ( 12)
        Cl(   5)    -2.34389     0.50483     0.08182   ( 12)
         H(   6)    -1.44398    -1.22287    -1.28132   (  5)
         H(   7)    -1.92608    -1.81550     0.33594   (  5)
         H(   8)     0.04449    -0.61505     1.36706   (  5)
         H(   9)     0.53426    -1.85757     0.19391   (  5)
         H(  10)     0.88678    -0.07194    -1.56896   (  5)
         H(  11)     0.44986     1.18682    -0.37149   (  5)

      MOMENT OF INERTIA WITH THE PRINCIPAL AXES

          (1)  UNIT = 10**(-39) GM*CM**2
               IX=    8.8210    IY=   78.3054    IZ=   83.4129

          (2)  UNIT = AU A**2
               IX=   53.1268    IY=  471.6175    IZ=  502.3793



      MOLECULAR POLARIZABILITIES (A**3)
        ALPHA(1)   =      12.40
        ALPHA(2)   =      10.21
        ALPHA(3)   =       8.78
        AVG. ALPHA =      10.46



      DIPOLE MOMENT =          2.239 D


        COMPONENTS WITH PRINCIPAL AXES

                          X =  0.8803    Y =  1.7982    Z =  1.0019


      E (INDP/INDP) =         -0.447 KCAL/MOLE
      DIPOLE MOMENT =          1.794 D (INCLUDES INDUCED BOND MOMENTS)
      *NOTE*  E (INDP/INDP) IS NOT INCLUDED IN THE FINAL STERIC ENERGY

        COMPONENTS WITH PRINCIPAL AXES

                          X =  0.6649    Y =  1.5612    Z =  0.5823



      TOTAL ATOMIC CHARGE ON EACH ATOM (in ELECTRON CHARGE)

           C(    1):          0.158
           C(    2):          0.003
           C(    3):          0.165
          CL(    4):         -0.186
          CL(    5):         -0.186
           H(    6):          0.006
           H(    7):          0.006
           H(    8):          0.012
           H(    9):          0.011
           H(   10):          0.005
           H(   11):          0.007

      -----------------------------------------------------------------

        END OF 1,3-dichloropropane-a,g                                     


           TOTAL CPU TIME IS      0.03 SECONDS.

           THIS JOB COMPLETED AT    16:59:07
