1
               ---------------------------------------------
               WARNING : INCORRECT ATOM TYPES GIVEN IN INPUT
                         DATA ARE CORRECTED AS FOLLOWS
               ---------------------------------------------


             Atom type of atom    1 is replaced by  25 (was   0)
             Atom type of atom    2 is replaced by   1 (was   0)
             Atom type of atom    3 is replaced by   1 (was   0)
             Atom type of atom    4 is replaced by   1 (was   0)
             Atom type of atom    5 is replaced by   1 (was   0)
             Atom type of atom    6 is replaced by   5 (was   0)
             Atom type of atom    7 is replaced by   5 (was   0)
             Atom type of atom    8 is replaced by   5 (was   0)
             Atom type of atom    9 is replaced by   5 (was   0)
             Atom type of atom   10 is replaced by   5 (was   0)
             Atom type of atom   11 is replaced by   5 (was   0)
             Atom type of atom   12 is replaced by   5 (was   0)
             Atom type of atom   13 is replaced by   5 (was   0)
             Atom type of atom   14 is replaced by   5 (was   0)
             Atom type of atom   15 is replaced by   5 (was   0)
             Atom type of atom   16 is replaced by   5 (was   0)
1     Et-P-Me2-a                                                  

               CHEMICAL FORMULA :  C(   4)  H(  11)  P(   1) 
               FORMULA WEIGHT   :     90.082
                                                               DATE 28-MAY-23
                                                               TIME  08:39:40


          THE COORDINATES OF   16 ATOMS ARE READ IN.
          SOME CONSTANTS WILL BE READ IN.

      CONFORMATIONAL ENERGY, PART 1:  GEOMETRY AND STERIC ENERGY
                                      OF INITIAL CONFORMATION.


      CONNECTED ATOMS
         1-   2-   3-
         1-   4-
         1-   5-

      ATTACHED ATOMS
         2-   6,   2-   7,   3-   8,   3-   9,   3-  10,   4-  11,   4-  12,
         4-  13,   5-  14,   5-  15,   5-  16,

      INITIAL ATOMIC COORDINATES
           ATOM         X           Y           Z       TYPE
         P(   1)     0.62791     0.00000    -0.56283   ( 25)
         C(   2)    -1.22978     0.00000    -0.69179   (  1)
         C(   3)    -2.03923     0.00000     0.61189   (  1)
         C(   4)     0.97252     1.43554     0.55645   (  1)
         C(   5)     0.97252    -1.43554     0.55645   (  1)
         H(   6)    -1.51049     0.89388    -1.29422   (  5)
         H(   7)    -1.51049    -0.89388    -1.29422   (  5)
         H(   8)    -3.13257     0.00000     0.40285   (  5)
         H(   9)    -1.82967    -0.89794     1.23328   (  5)
         H(  10)    -1.82967     0.89794     1.23328   (  5)
         H(  11)     2.06583     1.50986     0.74167   (  5)
         H(  12)     0.62590     2.37768     0.07978   (  5)
         H(  13)     0.45548     1.31021     1.53105   (  5)
         H(  14)     2.06583    -1.50986     0.74167   (  5)
         H(  15)     0.45548    -1.31021     1.53105   (  5)
         H(  16)     0.62589    -2.37768     0.07978   (  5)


          DIELECTRIC CONSTANT =  1.500


      INITIAL STERIC ENERGY IS      3.1766 KCAL/MOL.

                  COMPRESSION       0.1530
                  BENDING           3.7987
                  BEND-BEND        -0.1668
                  STRETCH-BEND      0.2262
                  VANDERWAALS
                    1,4 ENERGY      1.0947
                    OTHER           0.0572
                  H-BONDING         0.0000
                  PI-COMPLX         0.0000

                  TORSIONAL        -1.9753
                  TORSION-STRETCH  -0.0111
                  DIPOLE-DIPOLE     0.0000
                  CHARGE-DIPOLE     0.0000
                  CHARGE-CHARGE     0.0000


      MOLECULAR POLARIZABILITIES (A**3)
        ALPHA(1)   =      16.29
        ALPHA(2)   =      16.17
        ALPHA(3)   =      15.63
        AVG. ALPHA =      16.03



      DIPOLE MOMENT =          1.235 D


      E (INDP/INDP) =          0.160 KCAL/MOLE
      DIPOLE MOMENT =          1.132 D (INCLUDES INDUCED BOND MOMENTS)
      *NOTE*  E (INDP/INDP) IS NOT INCLUDED IN THE INITIAL STERIC ENERGY

      CPU TIME FOR INITIAL CALCULATION IS     0.20 SECONDS.


1     Et-P-Me2-a                                                  


     CONFORMATIONAL ENERGY, PART 2: GEOMETRY MINIMIZATION

               GEOMETRY OPTIMIZATION IS CONTINUED UNTIL ATOM
               MOVEMENT CONVERGES WITHIN FOLLOWING VALUES:

                         AVERAGE MOVEMENT  0.00012 A
                         MAXIMUM MOVEMENT  0.00120 A



     <<<<<<<<<<<<<<<<<<<<<<<<<<  C Y C L E   1 >>>>>>>>>>>>>>>>>>>>>>>>>>

                              (CH)-MOVEMENT = 1

       ITER    1   AVG. MOVE = 0.00814 A   (MAX MOVE : ATOM    4   0.09014 A)  
       ITER    2   AVG. MOVE = 0.00232 A   (MAX MOVE : ATOM    4   0.01455 A)  
       ITER    3   AVG. MOVE = 0.00095 A   (MAX MOVE : ATOM    4   0.00547 A)  
       ITER    4   AVG. MOVE = 0.00046 A   (MAX MOVE : ATOM    4   0.00255 A)  
       ITER    5   AVG. MOVE = 0.00026 A   (MAX MOVE : ATOM   12   0.00162 A)  
       ITER    6   AVG. MOVE = 0.00019 A   (MAX MOVE : ATOM   12   0.00127 A)  
       ITER    7   AVG. MOVE = 0.00016 A   (MAX MOVE : ATOM   12   0.00105 A)  
       ITER    8   AVG. MOVE = 0.00015 A   (MAX MOVE : ATOM   15   0.00092 A)  
       ITER    9   AVG. MOVE = 0.00013 A   (MAX MOVE : ATOM   15   0.00083 A)  
       ITER   10   AVG. MOVE = 0.00012 A   (MAX MOVE : ATOM   15   0.00075 A)  


     <<<<<<<<<<<<<<<<<<<<<<<<<<  C Y C L E   2 >>>>>>>>>>>>>>>>>>>>>>>>>>

                              (CH)-MOVEMENT = 0

       ITER   11   AVG. MOVE = 0.00009 A   (MAX MOVE : ATOM   15   0.00065 A)  


              * * * * * * * * * GEOMETRY IS OPTIMIZED * * * * * * * * *

               WITHIN : AVERAGE MOVEMENT  0.00009 A (LIMIT  0.00012 A)
                        MAXIMUM MOVEMENT  0.00065 A (LIMIT  0.00120 A)

               GRADIENT
                  RMS GRADIENT                0.009369 KCAL/MOL/A

                  MAX GRADIENT
                    X-DIRECTION : ATOM #  16   0.017641 KCAL/MOL/A
                    Y-DIRECTION : ATOM #  14   0.013351 KCAL/MOL/A
                    Z-DIRECTION : ATOM #   5   0.023480 KCAL/MOL/A

        DELTA TIME =    0.00 SEC.       TOTAL CPU TIME =      0.23 SEC.


                            =====================
                            FULL-MATRIX OPTIMIZER
                            =====================


     iter.  rms force   max force   avg. move    max move  atom  convg  d-time

        0    0.012255    0.036624   0.00101 A   0.00684 A   16    [N]     0.0s
        1    0.002883    0.008191   0.00001 A   0.00007 A    9    [N]     0.0s
        2    0.000027    0.000071                                 [Y]     0.0s


      TOTAL ENERGY IS      2.7957 KCAL/MOL.

        COMPRESS    0.0423      VDW 1,4    1.3614      DIPL-DIPL    0.0000
        BENDING     2.7902        OTHER    0.5216      CHRG-DIPL    0.0000
        STR-BEND    0.0787      TORSION   -1.8668      CHRG-CHRG    0.0000
        BEND-BEND  -0.1274      TOR-STR   -0.0043      EPR          0.0000
        H-BONDING   0.0000      PI-CMPL    0.0000
0     DELTA(T) =     0.0 SEC.          ELAPSED TIME =     0.3 SEC.


    * * * ENERGY IS STATIONARY WITHIN RMS OF FORCES   0.00010  Kcal/mol/A * * *

                 * * * *  RMS FORCE IS   0.00003 Kcal/mol/A * * * *

1     Et-P-Me2-a                                                  

               CHEMICAL FORMULA :  C(   4)  H(  11)  P(   1) 
               FORMULA WEIGHT   :     90.082
                                                               DATE : 28-MAY-23

           * M M 3 * * * * * * * * * * * 2 0 0 0 *
           *                                     *   PARAMETER RELIABILITY
           *                                     *
           *                                     *   BLANK = GOOD
           *                                     *       B = FAIR
           *                                     *       C = TRIAL
           *                                     *       R = READ IN
           *                                     *       S = SUBSTITUTED
           *                                     *       U = PARAMETER NOT EXIST
           *                                     *
           *                                     *   THIS IS SHOWN AT THE END 
           *                                     *   OF THE LINE.
           * * * * * * * * * * * * * * * * * * * * 


      CONFORMATIONAL ENERGY, PART 3:  GEOMETRY AND STERIC ENERGY
                                      OF FINAL CONFORMATION.

      CONNECTED ATOMS
         1-   2-   3-
         1-   4-
         1-   5-

      ATTACHED ATOMS
         2-   6,   2-   7,   3-   8,   3-   9,   3-  10,   4-  11,   4-  12,
         4-  13,   5-  14,   5-  15,   5-  16,

      FINAL ATOMIC COORDINATE
           ATOM         X           Y           Z       TYPE
         P(   1)     0.63548     0.00000     0.57709   ( 25)
         C(   2)    -1.21440     0.00000     0.70679   (  1)
         C(   3)    -1.99321     0.00000    -0.61344   (  1)
         C(   4)     0.93521    -1.40718    -0.57563   (  1)
         C(   5)     0.93521     1.40718    -0.57563   (  1)
         H(   6)    -1.50583    -0.88925     1.30516   (  5)
         H(   7)    -1.50583     0.88925     1.30516   (  5)
         H(   8)    -3.08925     0.00000    -0.42479   (  5)
         H(   9)    -1.77907     0.89778    -1.23095   (  5)
         H(  10)    -1.77907    -0.89777    -1.23095   (  5)
         H(  11)     2.02211    -1.50139    -0.77320   (  5)
         H(  12)     0.57858    -2.35299    -0.12024   (  5)
         H(  13)     0.41854    -1.25752    -1.54352   (  5)
         H(  14)     2.02211     1.50139    -0.77319   (  5)
         H(  15)     0.41854     1.25752    -1.54352   (  5)
         H(  16)     0.57858     2.35299    -0.12024   (  5)


          DIELECTRIC CONSTANT =  1.500


      BOND LENGTHS AND STRETCHING ENERGY   (   15 BONDS)

        ENERGY = 71.94(KS)(DR)(DR)(1-(CS)(DR)+(7/12)((CS)(DR))**2)
                          DR = R-RO
                          CS =  2.550
                                                         R(0)-CORR        CORR
          BOND        LENGTH   R(0)    K(S)  ENERGY   E-NEG   MISCEL       KS
    P(   1)- C(   2)  1.8544  1.8455  2.940  0.0164  0.0025                     
    P(   1)- C(   4)  1.8436  1.8430  2.940  0.0001                             
    P(   1)- C(   5)  1.8436  1.8430  2.940  0.0001                             
    C(   2)- C(   3)  1.5328  1.5247  4.490  0.0209                             
    C(   2)- H(   6)  1.1107  1.1090  4.777  0.0010 -0.0030              0.097  
    C(   2)- H(   7)  1.1107  1.1090  4.777  0.0010 -0.0030              0.097  
    C(   3)- H(   8)  1.1122  1.1108  4.789  0.0006 -0.0012              0.039  
    C(   3)- H(   9)  1.1105  1.1108  4.789  0.0000 -0.0012              0.039  
    C(   3)- H(  10)  1.1105  1.1108  4.789  0.0000 -0.0012              0.039  
    C(   4)- H(  11)  1.1087  1.1090  4.847  0.0000 -0.0030              0.097  
    C(   4)- H(  12)  1.1087  1.1090  4.847  0.0000 -0.0030              0.097  
    C(   4)- H(  13)  1.1073  1.1090  4.847  0.0010 -0.0030              0.097  
    C(   5)- H(  14)  1.1087  1.1090  4.847  0.0000 -0.0030              0.097  
    C(   5)- H(  15)  1.1073  1.1090  4.847  0.0010 -0.0030              0.097  
    C(   5)- H(  16)  1.1087  1.1090  4.847  0.0000 -0.0030              0.097  


      NON-BONDED DISTANCES, VDW AND EPR ENERGY   (     78 PAIRS)

              E(VDW) = KV*(1.84(10**5)EXP(-12.00/P) - 2.25(P**6))
              E(EPR) = C*KV*(1.84(10**5)EXP(-12.00/Q) - 2.25(Q**6))
              E(HBD) = EP1-EP2*COS(THETA)*RTH/RTH0
                            EP1 = KHB*1.84(10**5)*EXP(-12.0/P)
                            EP2 = KHB*2.25(P**6)

            IF P > 3.020, THEN,
              E(VDW) = KV(192.270)(P**2)
              E(HBD) = EP1-EP2*COS(THETA)*RTH/RTH0
                            EP1 = KHB*(192.270*P**2+1706.96)
                            EP2 = KHB*1706.96

               WHERE   RV = RVDW(I) + RVDW(K)
                       KV = SQRT(EPS(I)*EPS(K))
                      KHB = EPS/DIELEC  FOR HYDROGEN BOND
                        P = (RV/R) OR (RV/R#)
                        C = SCALE FACTOR
                        Q = RV/R, WHERE R IS MODIFIED DISTANCE
                    THETA = ANGLE H-X-Y IN HYDROGEN BOND X-H...Y
                      RTH = BOND LENGTH X-H IN X-H...Y
                     RTH0 = NATURAL BOND LENGTH X-H

          # IN THE VDW CALCULATIONS THE HYDROGEN ATOMS ARE RELOCATED
          SO THAT THE ATTACHED HYDROGEN DISTANCE IS REDUCED BY 0.923

          # IN THE VDW CALCULATIONS THE DEUTERIUM ATOMS ARE RELOCATED
          SO THAT THE ATTACHED DEUTERIUM DISTANCE IS REDUCED BY  0.923

         ATOM PAIR          R       R#       RV      KV       ENERGY
      P(   1), C(   3)   2.8857
      P(   1), H(   6)   2.4302
      P(   1), H(   7)   2.4302
      P(   1), H(   8)   3.8571   3.7796   3.840   0.0580    -0.0643  1,4       
      P(   1), H(   9)   3.1472   3.1138   3.840   0.0580     0.1751  1,4       
      P(   1), H(  10)   3.1472   3.1138   3.840   0.0580     0.1751  1,4       
      P(   1), H(  11)   2.4495
      P(   1), H(  12)   2.4548
      P(   1), H(  13)   2.4750
      P(   1), H(  14)   2.4495
      P(   1), H(  15)   2.4750
      P(   1), H(  16)   2.4548
      C(   2), C(   4)   2.8715
      C(   2), C(   5)   2.8715
      C(   2), H(   8)   2.1899
      C(   2), H(   9)   2.2090
      C(   2), H(  10)   2.2090
      C(   2), H(  11)   3.8626   3.7839   3.560   0.0230    -0.0237  1,4       
      C(   2), H(  12)   3.0717   3.0424   3.560   0.0230     0.0160  1,4       
      C(   2), H(  13)   3.0515   3.0237   3.560   0.0230     0.0207  1,4       
      C(   2), H(  14)   3.8626   3.7839   3.560   0.0230    -0.0237  1,4       
      C(   2), H(  15)   3.0515   3.0237   3.560   0.0230     0.0207  1,4       
      C(   2), H(  16)   3.0717   3.0424   3.560   0.0230     0.0160  1,4       
      C(   3), C(   4)   3.2492            4.080   0.0270     0.1133  1,4       
      C(   3), C(   5)   3.2492            4.080   0.0270     0.1133  1,4       
      C(   3), H(   6)   2.1701
      C(   3), H(   7)   2.1701
      C(   3), H(  11)   4.2898   4.2084   3.560   0.0230    -0.0160            
      C(   3), H(  12)   3.5205   3.4879   3.560   0.0230    -0.0254            
      C(   3), H(  13)   2.8745   2.8901   3.560   0.0230     0.0680            
      C(   3), H(  14)   4.2898   4.2084   3.560   0.0230    -0.0160            
      C(   3), H(  15)   2.8745   2.8901   3.560   0.0230     0.0680            
      C(   3), H(  16)   3.5205   3.4879   3.560   0.0230    -0.0254            
      C(   4), C(   5)   2.8144
      C(   4), H(   6)   3.1248   3.0919   3.560   0.0230     0.0054  1,4       
      C(   4), H(   7)   3.8431   3.7656   3.560   0.0230    -0.0239  1,4       
      C(   4), H(   8)   4.2660   4.1860   3.560   0.0230    -0.0164            
      C(   4), H(   9)   3.6207   3.5813   3.560   0.0230    -0.0257            
      C(   4), H(  10)   2.8384   2.8568   3.560   0.0230     0.0845            
      C(   4), H(  14)   3.1113   3.0753   3.560   0.0230     0.0087  1,4       
      C(   4), H(  15)   2.8817   2.8614   3.560   0.0230     0.0820  1,4       
      C(   4), H(  16)   3.8044   3.7258   3.560   0.0230    -0.0245  1,4       
      C(   5), H(   6)   3.8431   3.7656   3.560   0.0230    -0.0239  1,4       
      C(   5), H(   7)   3.1248   3.0919   3.560   0.0230     0.0054  1,4       
      C(   5), H(   8)   4.2660   4.1860   3.560   0.0230    -0.0164            
      C(   5), H(   9)   2.8384   2.8568   3.560   0.0230     0.0845            
      C(   5), H(  10)   3.6207   3.5813   3.560   0.0230    -0.0257            
      C(   5), H(  11)   3.1113   3.0753   3.560   0.0230     0.0087  1,4       
      C(   5), H(  12)   3.8044   3.7258   3.560   0.0230    -0.0245  1,4       
      C(   5), H(  13)   2.8817   2.8614   3.560   0.0230     0.0820  1,4       
      H(   6), H(   7)   1.7785
      H(   6), H(   8)   2.5081   2.4234   3.240   0.0200     0.2083  1,4       
      H(   6), H(   9)   3.1145   2.9637   3.240   0.0200    -0.0139  1,4       
      H(   6), H(  10)   2.5508   2.4624   3.240   0.0200     0.1693  1,4       
      H(   6), H(  11)   4.1401   4.0287   3.240   0.0200    -0.0110            
      H(   6), H(  12)   2.9187   2.9148   3.240   0.0200    -0.0095            
      H(   6), H(  13)   3.4574   3.3784   3.240   0.0200    -0.0215            
      H(   6), H(  14)   4.7414   4.5974   3.240   0.0200    -0.0054            
      H(   6), H(  15)   4.0530   3.9471   3.240   0.0200    -0.0121            
      H(   6), H(  16)   4.1096   3.9978   3.240   0.0200    -0.0114            
      H(   7), H(   8)   2.5081   2.4234   3.240   0.0200     0.2083  1,4       
      H(   7), H(   9)   2.5508   2.4624   3.240   0.0200     0.1693  1,4       
      H(   7), H(  10)   3.1145   2.9637   3.240   0.0200    -0.0139  1,4       
      H(   7), H(  11)   4.7414   4.5974   3.240   0.0200    -0.0054            
      H(   7), H(  12)   4.1096   3.9978   3.240   0.0200    -0.0114            
      H(   7), H(  13)   4.0530   3.9471   3.240   0.0200    -0.0121            
      H(   7), H(  14)   4.1401   4.0287   3.240   0.0200    -0.0110            
      H(   7), H(  15)   3.4574   3.3784   3.240   0.0200    -0.0215            
      H(   7), H(  16)   2.9187   2.9148   3.240   0.0200    -0.0095            
      H(   8), H(   9)   1.7811
      H(   8), H(  10)   1.7811
      H(   8), H(  11)   5.3387   5.1740   3.240   0.0200    -0.0027            
      H(   8), H(  12)   4.3683   4.2800   3.240   0.0200    -0.0080            
      H(   8), H(  13)   3.8907   3.8294   3.240   0.0200    -0.0140            
      H(   8), H(  14)   5.3387   5.1740   3.240   0.0200    -0.0027            
      H(   8), H(  15)   3.8907   3.8294   3.240   0.0200    -0.0140            
      H(   8), H(  16)   4.3683   4.2800   3.240   0.0200    -0.0080            
      H(   9), H(  10)   1.7956
      H(   9), H(  11)   4.5182   4.4180   3.240   0.0200    -0.0067            
      H(   9), H(  12)   4.1665   4.0607   3.240   0.0200    -0.0105            
      H(   9), H(  13)   3.0939   3.0922   3.240   0.0200    -0.0205            
      H(   9), H(  14)   3.8759   3.8166   3.240   0.0200    -0.0142            
      H(   9), H(  15)   2.2487   2.3142   3.240   0.0200     0.3585            
      H(   9), H(  16)   2.9849   2.9886   3.240   0.0200    -0.0157            
      H(  10), H(  11)   3.8759   3.8166   3.240   0.0200    -0.0142            
      H(  10), H(  12)   2.9849   2.9886   3.240   0.0200    -0.0157            
      H(  10), H(  13)   2.2487   2.3142   3.240   0.0200     0.3585            
      H(  10), H(  14)   4.5182   4.4180   3.240   0.0200    -0.0067            
      H(  10), H(  15)   3.0939   3.0922   3.240   0.0200    -0.0205            
      H(  10), H(  16)   4.1665   4.0607   3.240   0.0200    -0.0105            
      H(  11), H(  12)   1.7987
      H(  11), H(  13)   1.7956
      H(  11), H(  14)   3.0028   2.9883   3.240   0.0200    -0.0157            
      H(  11), H(  15)   3.2827   3.2142   3.240   0.0200    -0.0223            
      H(  11), H(  16)   4.1673   4.0477   3.240   0.0200    -0.0107            
      H(  12), H(  13)   1.8032
      H(  12), H(  14)   4.1673   4.0477   3.240   0.0200    -0.0107            
      H(  12), H(  15)   3.8842   3.7874   3.240   0.0200    -0.0147            
      H(  12), H(  16)   4.7060   4.5603   3.240   0.0200    -0.0056            
      H(  13), H(  14)   3.2827   3.2142   3.240   0.0200    -0.0223            
      H(  13), H(  15)   2.5150   2.5381   3.240   0.0200     0.1096            
      H(  13), H(  16)   3.8842   3.7874   3.240   0.0200    -0.0147            
      H(  14), H(  15)   1.7956
      H(  14), H(  16)   1.7987
      H(  15), H(  16)   1.8032


      BOND ANGLES, BENDING AND STRETCH-BEND ENERGIES   (   27 ANGLES)

          EB = 0.021914(KB)(DT)(DT)(1+CF*DT+QF*DT**2+PF*DT**3+SF*DT**4)
                          DT = THETA-TZERO
                          CF = -1400.000E-5
                          QF =     5.600E-5
                          PF =    -0.070E-5
                          SF =     0.022E-6
          ESB(J) = 2.51124(KSB(J))(DT)(DR1+DR2)
                          DR(I) = R(I) - R0(I)
          EBDBD  = -0.02191418(KBB1)(DT1)(KBB2)(DT2)

          A T O M S            THETA    TZERO     KB     EB     KSB    ESB
   C(   2)- P(   1)- C(   4)  101.883   95.600  0.770  0.6089  0.10  0.0150     
   C(   2)- P(   1)- C(   5)  101.883   95.600  0.770  0.6089  0.10  0.0150     
   C(   4)- P(   1)- C(   5)   99.510   95.600  0.770  0.2441  0.10  0.0011     
   P(   1)- C(   2)- C(   3)  116.526  108.000  0.600  0.8453  0.13  0.0474     
   P(   1)- C(   2)- H(   6)  107.423  108.400  0.570  0.0121  0.08 -0.0021     
   P(   1)- C(   2)- H(   7)  107.423  108.400  0.570  0.0121  0.08 -0.0021     
   C(   3)- C(   2)- H(   6)  109.310  109.310  0.590  0.0000  0.08  0.0000     
   C(   3)- C(   2)- H(   7)  109.310  109.310  0.590  0.0000  0.08  0.0000     
   H(   6)- C(   2)- H(   7)  106.373  107.600  0.550  0.0185                   
   C(   2)- C(   3)- H(   8)  110.771  110.700  0.590  0.0001  0.08  0.0001     
   C(   2)- C(   3)- H(   9)  112.394  110.700  0.590  0.0362  0.08  0.0027     
   C(   2)- C(   3)- H(  10)  112.394  110.700  0.590  0.0362  0.08  0.0027     
   H(   8)- C(   3)- H(   9)  106.521  107.800  0.550  0.0201                   
   H(   8)- C(   3)- H(  10)  106.521  107.800  0.550  0.0201                   
   H(   9)- C(   3)- H(  10)  107.890  107.800  0.550  0.0001                   
   P(   1)- C(   4)- H(  11)  109.613  108.600  0.570  0.0126  0.08  0.0001     
   P(   1)- C(   4)- H(  12)  110.001  108.600  0.570  0.0241  0.08  0.0001     
   P(   1)- C(   4)- H(  13)  111.562  108.600  0.570  0.1051  0.08 -0.0007     
   H(  11)- C(   4)- H(  12)  108.424  107.800  0.550  0.0047                   
   H(  11)- C(   4)- H(  13)  108.248  107.800  0.550  0.0024                   
   H(  12)- C(   4)- H(  13)  108.920  107.800  0.550  0.0149                   
   P(   1)- C(   5)- H(  14)  109.613  108.600  0.570  0.0126  0.08  0.0001     
   P(   1)- C(   5)- H(  15)  111.562  108.600  0.570  0.1051  0.08 -0.0007     
   P(   1)- C(   5)- H(  16)  110.001  108.600  0.570  0.0241  0.08  0.0001     
   H(  14)- C(   5)- H(  15)  108.248  107.800  0.550  0.0024                   
   H(  14)- C(   5)- H(  16)  108.424  107.800  0.550  0.0047                   
   H(  15)- C(   5)- H(  16)  108.920  107.800  0.550  0.0149                   


     DIHEDRAL ANGLES, TORSIONAL ENERGY (ET)   (   27 ANGLES)

           ET = (V1/2)(1+COS(W))+(V2/2)(1-COS(2W))+(V3/2)(1+COS(3W))

           ETS = -11.995*(R-R0)((KTS1/2)(1+COS(W))+
                                (KTS2/2)(1-COS(2W)+
                                (KTS3/2)(1+COS(3W))

           SIGN OF ANGLE A-B-C-D : WHEN LOOKING THROUGH B TOWARD C,
           IF D IS COUNTERCLOCKWISE FROM A, NEGATIVE.

         A T O M S               OMEGA    V1     V2     V3     ET   KTS3   ETS
 P(   1) C(   2) C(   3) H(   8) 180.0  0.000  0.000  0.305  0.000 0.059 0.000  
 P(   1) C(   2) C(   3) H(   9) -61.0  0.000  0.000  0.305  0.000 0.059 0.000  
 P(   1) C(   2) C(   3) H(  10)  61.0  0.000  0.000  0.305  0.000 0.059 0.000  
 C(   2) P(   1) C(   4) H(  11) 178.1  0.000  0.000  0.410  0.001 0.104 0.000  
 C(   2) P(   1) C(   4) H(  12) -62.8  0.000  0.000  0.410  0.002 0.104 0.000  
 C(   2) P(   1) C(   4) H(  13)  58.2  0.000  0.000  0.410  0.001 0.104 0.000  
 C(   2) P(   1) C(   5) H(  14)-178.1  0.000  0.000  0.410  0.001 0.104 0.000  
 C(   2) P(   1) C(   5) H(  15) -58.2  0.000  0.000  0.410  0.001 0.104 0.000  
 C(   2) P(   1) C(   5) H(  16)  62.8  0.000  0.000  0.410  0.002 0.104 0.000  
 C(   3) C(   2) P(   1) C(   4) -51.3 -1.430  0.000  0.589 -1.132 0.104-0.001  
 C(   3) C(   2) P(   1) C(   5)  51.3 -1.430  0.000  0.589 -1.132 0.104-0.001  
 C(   4) P(   1) C(   2) H(   6)  71.7  0.000  0.000  0.410  0.037 0.104-0.001  
 C(   4) P(   1) C(   2) H(   7)-174.2  0.000  0.000  0.410  0.009 0.104 0.000  
 C(   4) P(   1) C(   5) H(  14) -73.7  0.000  0.000  0.410  0.050 0.104 0.000  
 C(   4) P(   1) C(   5) H(  15)  46.2  0.000  0.000  0.410  0.051 0.104 0.000  
 C(   4) P(   1) C(   5) H(  16) 167.2  0.000  0.000  0.410  0.044 0.104 0.000  
 C(   5) P(   1) C(   2) H(   6) 174.2  0.000  0.000  0.410  0.009 0.104 0.000  
 C(   5) P(   1) C(   2) H(   7) -71.7  0.000  0.000  0.410  0.037 0.104-0.001  
 C(   5) P(   1) C(   4) H(  11)  73.7  0.000  0.000  0.410  0.050 0.104 0.000  
 C(   5) P(   1) C(   4) H(  12)-167.2  0.000  0.000  0.410  0.044 0.104 0.000  
 C(   5) P(   1) C(   4) H(  13) -46.2  0.000  0.000  0.410  0.051 0.104 0.000  
 H(   6) C(   2) C(   3) H(   8)  58.0  0.000  0.000  0.238  0.001 0.059 0.000  
 H(   6) C(   2) C(   3) H(   9) 177.1  0.000  0.000  0.238  0.001 0.059 0.000  
 H(   6) C(   2) C(   3) H(  10) -61.0  0.000  0.000  0.238  0.000 0.059 0.000  
 H(   7) C(   2) C(   3) H(   8) -58.0  0.000  0.000  0.238  0.001 0.059 0.000  
 H(   7) C(   2) C(   3) H(   9)  61.0  0.000  0.000  0.238  0.000 0.059 0.000  
 H(   7) C(   2) C(   3) H(  10)-177.1  0.000  0.000  0.238  0.001 0.059 0.000  


 ==============================================================================
                        NORMAL MODE VIBRATIONAL ANALYSIS
 ==============================================================================


             Molecular Shape : ASYMMETRIC ROTOR WITH KAPPA =-0.578702
        Symmetry Point Group : Cs  
             Symmetry Number :  1
                   Chirality :  no



0       FUNDAMENTAL NORMAL VIBRATIONAL FREQUENCIES
                ( THEORETICALLY  42 VALUES )

             Frequency :  in 1/cm
             A(i)      :  IR intensity (vs,s,m,w,vw,-- or in 10**6 cm/mole)
             A(i) = -- :  IR inactive


             no       Frequency   Symmetry      A(i)

             1.          3025.6     (A`  )        m
             2.          3024.5     (A"  )        w
             3.          3014.0     (A`  )        m
             4.          3013.4     (A"  )        m
             5.          2998.0     (A"  )        m
             6.          2982.9     (A`  )        m
             7.          2962.4     (A"  )        m
             8.          2915.3     (A`  )        w
             9.          2915.1     (A"  )        m
            10.          2913.3     (A`  )        m
            11.          2894.6     (A`  )        m
            12.          1490.4     (A"  )        w
            13.          1474.3     (A`  )        w
            14.          1448.8     (A`  )        w
            15.          1440.6     (A"  )        w
            16.          1440.5     (A`  )        w
            17.          1428.0     (A`  )        w
            18.          1422.3     (A"  )       vw
            19.          1420.5     (A`  )        w
            20.          1371.2     (A`  )        w
            21.          1300.9     (A`  )        w
            22.          1297.6     (A"  )        w
            23.          1222.7     (A"  )       vw
            24.          1010.0     (A"  )        w
            25.          1007.6     (A`  )        w
            26.           983.7     (A`  )        w
            27.           926.0     (A`  )        w
            28.           922.7     (A`  )        w
            29.           911.1     (A"  )        w
            30.           903.2     (A"  )       vw
            31.           784.8     (A"  )        w
            32.           698.9     (A"  )        w
            33.           693.3     (A`  )        w
            34.           610.7     (A`  )        w
            35.           329.5     (A`  )        w
            36.           287.5     (A"  )        w
            37.           261.1     (A`  )        w
            38.           255.6     (A`  )        w
            39.           251.9     (A"  )        w
            40.           205.4     (A`  )        w
            41.           193.3     (A"  )        w
            42.            68.8     (A"  )        w
            43.     (       0.0)    (t/r )
            44.     (       0.0)    (t/r )
            45.     (       0.0)    (t/r )
            46.     (       0.0)    (t/r )
            47.     (       0.0)    (t/r )
            48.     (       0.0)    (t/r )


0       CORRESPONDING EIGEN VECTOR MATRIX   48 BY  48



 (  1)
     0.000    0.000    0.000    0.000    0.000    0.000    0.001    0.000
    -0.002   -0.031    0.029   -0.050   -0.031   -0.029   -0.050    0.000
     0.000    0.000    0.000    0.000    0.000   -0.011    0.000    0.002
    -0.005   -0.012    0.010   -0.005    0.012    0.010    0.195   -0.026
    -0.028   -0.082   -0.250    0.120    0.263   -0.071    0.497    0.195
     0.026   -0.028    0.263    0.071    0.497   -0.082    0.250    0.120

 (  2)
     0.000    0.000    0.000    0.000    0.001    0.000    0.000    0.006
     0.000    0.034   -0.028    0.048   -0.034   -0.028   -0.048   -0.001
    -0.003    0.002    0.001   -0.003   -0.002    0.000   -0.001    0.000
    -0.009   -0.034    0.024    0.009   -0.034   -0.024   -0.219    0.028
     0.032    0.075    0.232   -0.112   -0.264    0.071   -0.497    0.219
     0.028   -0.032    0.264    0.071    0.497   -0.075    0.232    0.112

 (  3)
     0.000    0.000    0.000    0.000    0.000    0.000    0.000    0.000
     0.000   -0.056   -0.029    0.019   -0.056    0.028    0.019    0.000
    -0.001    0.001    0.000    0.001    0.001   -0.002    0.000    0.000
     0.000   -0.001    0.001    0.000    0.001    0.001    0.482   -0.044
    -0.097    0.148    0.383   -0.175    0.036   -0.001    0.044    0.481
     0.044   -0.096    0.036    0.001    0.044    0.148   -0.382   -0.174

 (  4)
     0.000    0.000    0.000    0.000    0.001    0.000    0.000    0.000
     0.000    0.054    0.030   -0.021   -0.054    0.030    0.021   -0.002
    -0.005    0.004    0.002   -0.005   -0.004    0.000    0.000    0.000
     0.000   -0.002    0.001    0.000   -0.002   -0.001   -0.471    0.043
     0.095   -0.152   -0.394    0.180   -0.023   -0.003   -0.019    0.472
     0.043   -0.095    0.023   -0.003    0.019    0.152   -0.395   -0.180

 (  5)
     0.000    0.000    0.000    0.000    0.004    0.000    0.000    0.092
     0.000   -0.003    0.002   -0.003    0.003    0.002    0.003   -0.006
    -0.029    0.027    0.006   -0.029   -0.027    0.000   -0.019    0.000
    -0.119   -0.538    0.371    0.119   -0.538   -0.371    0.021   -0.003
    -0.003   -0.006   -0.018    0.008    0.013   -0.004    0.028   -0.021
    -0.003    0.003   -0.013   -0.004   -0.028    0.006   -0.018   -0.008

 (  6)
     0.000    0.000    0.000    0.000    0.000    0.001   -0.075    0.000
     0.053   -0.001    0.001   -0.001   -0.001   -0.001   -0.001    0.000
     0.009   -0.010    0.000   -0.009   -0.010    0.706    0.000   -0.111
     0.094    0.341   -0.255    0.094   -0.341   -0.255    0.010   -0.001
    -0.002   -0.003   -0.009    0.004    0.004   -0.002    0.010    0.010
     0.001   -0.002    0.004    0.002    0.010   -0.003    0.009    0.004

 (  7)
     0.000    0.000    0.000    0.000   -0.090    0.000    0.000    0.006
     0.000    0.000    0.000    0.000    0.000    0.000    0.000    0.176
     0.533   -0.362   -0.176    0.533    0.362    0.000   -0.002    0.000
    -0.011   -0.033    0.016    0.011   -0.033   -0.016   -0.005    0.000
     0.001   -0.002   -0.004    0.002   -0.001    0.000   -0.002    0.005
     0.000   -0.001    0.001    0.000    0.002    0.002   -0.004   -0.002

 (  8)
     0.000    0.000   -0.001    0.004    0.000   -0.010    0.005    0.000
     0.005   -0.010    0.032    0.021   -0.009   -0.032    0.021   -0.026
    -0.076    0.056   -0.026    0.076    0.056   -0.070    0.000    0.008
     0.010    0.041   -0.030    0.010   -0.041   -0.030    0.399   -0.046
    -0.080   -0.127   -0.357    0.158   -0.164    0.038   -0.314    0.398
     0.046   -0.080   -0.163   -0.038   -0.313   -0.127    0.356    0.157

 (  9)
     0.000   -0.001    0.000    0.000    0.000    0.000    0.000   -0.001
     0.000   -0.009    0.032    0.022    0.010    0.032   -0.022    0.000
    -0.001    0.000    0.000   -0.001    0.000    0.000    0.000    0.000
     0.001    0.007   -0.005   -0.001    0.007    0.005    0.404   -0.047
    -0.081   -0.128   -0.361    0.159   -0.167    0.039   -0.320   -0.405
    -0.047    0.081    0.167    0.039    0.321    0.129   -0.361   -0.160

 ( 10)
     0.000    0.000    0.000   -0.027    0.000    0.061   -0.016    0.000
    -0.022   -0.002    0.005    0.004   -0.002   -0.005    0.004    0.166
     0.473   -0.348    0.166   -0.473   -0.348    0.241    0.000   -0.024
    -0.038   -0.174    0.127   -0.038    0.174    0.127    0.071   -0.008
    -0.014   -0.022   -0.061    0.027   -0.029    0.007   -0.058    0.071
     0.008   -0.014   -0.029   -0.007   -0.058   -0.022    0.061    0.027

 ( 11)
     0.000    0.000    0.000   -0.016    0.000    0.025    0.036    0.000
     0.042    0.000   -0.001   -0.001    0.000    0.001   -0.001    0.080
     0.222   -0.160    0.080   -0.222   -0.160   -0.573    0.000    0.078
     0.080    0.375   -0.276    0.080   -0.375   -0.276   -0.012    0.001
     0.003    0.004    0.011   -0.005    0.007   -0.002    0.017   -0.012
    -0.001    0.003    0.007    0.002    0.017    0.004   -0.011   -0.005

 ( 12)
     0.000    0.001    0.000    0.000   -0.008    0.000    0.000   -0.051
     0.000    0.003    0.002   -0.006   -0.003    0.002    0.006   -0.018
    -0.010   -0.006    0.018   -0.010    0.006    0.000    0.674    0.000
    -0.484    0.017   -0.037    0.484    0.017    0.037    0.017   -0.019
     0.073    0.009   -0.010   -0.033   -0.086   -0.004    0.041   -0.017
    -0.019   -0.073    0.086   -0.004   -0.041   -0.009   -0.010    0.033

 ( 13)
     0.003    0.000    0.002   -0.047    0.000   -0.087    0.074    0.000
     0.068   -0.003   -0.003    0.006   -0.003    0.003    0.006    0.093
     0.235    0.291    0.093   -0.235    0.291    0.022    0.000   -0.452
    -0.327    0.049    0.021   -0.327   -0.049    0.021   -0.018    0.025
    -0.075   -0.014    0.011    0.033    0.084    0.003   -0.039   -0.018
    -0.025   -0.075    0.084   -0.003   -0.039   -0.014   -0.011    0.033

 ( 14)
     0.003    0.000   -0.001   -0.038    0.000   -0.055   -0.004    0.000
     0.037    0.004    0.013   -0.018    0.004   -0.013   -0.018    0.041
     0.196    0.251    0.041   -0.196    0.251    0.020    0.000    0.212
     0.176   -0.267   -0.263    0.176    0.267   -0.263    0.044   -0.118
     0.242    0.103   -0.051   -0.095   -0.227    0.001    0.098    0.044
     0.118    0.242   -0.227   -0.001    0.098    0.103    0.051   -0.095

 ( 15)
     0.000   -0.004    0.000    0.000   -0.001    0.000    0.000   -0.009
     0.000   -0.007   -0.021    0.031    0.007   -0.021   -0.031    0.000
    -0.003   -0.001    0.000   -0.003    0.001    0.000    0.131    0.000
    -0.080    0.002   -0.003    0.080    0.002    0.003   -0.074    0.216
    -0.416   -0.189    0.092    0.161    0.376   -0.001   -0.160    0.074
     0.216    0.417   -0.376   -0.001    0.160    0.189    0.092   -0.161

 ( 16)
     0.001    0.000    0.003   -0.028    0.000   -0.014   -0.013    0.000
     0.028   -0.006   -0.019    0.024   -0.006    0.019    0.023    0.051
     0.022    0.055    0.051   -0.022    0.055    0.010    0.000    0.218
     0.152   -0.249   -0.258    0.152    0.249   -0.258   -0.058    0.174
    -0.329   -0.148    0.073    0.133    0.298    0.007   -0.126   -0.058
    -0.174   -0.328    0.298   -0.007   -0.126   -0.148   -0.073    0.133

 ( 17)
    -0.006    0.000   -0.001    0.003    0.000    0.006    0.000    0.000
     0.005   -0.036    0.002   -0.011   -0.036   -0.002   -0.011   -0.005
    -0.024   -0.031   -0.005    0.024   -0.031   -0.002    0.000   -0.003
    -0.005   -0.022   -0.028   -0.005    0.022   -0.028   -0.078   -0.294
    -0.014    0.415   -0.046    0.249    0.175    0.329   -0.087   -0.078
     0.294   -0.014    0.175   -0.329   -0.087    0.415    0.046    0.249

 ( 18)
     0.000    0.000    0.000    0.000   -0.001    0.000    0.000   -0.002
     0.000   -0.037    0.003   -0.009    0.037    0.003    0.009   -0.001
     0.000    0.001    0.001    0.000   -0.001    0.000    0.037    0.000
    -0.021    0.001    0.001    0.021    0.001   -0.001   -0.083   -0.295
    -0.027    0.418   -0.048    0.250    0.189    0.313   -0.096    0.083
    -0.295    0.027   -0.189    0.313    0.096   -0.418   -0.048   -0.250

 ( 19)
    -0.005    0.000   -0.002    0.077    0.000   -0.020   -0.042    0.000
    -0.074   -0.003   -0.004    0.004   -0.003    0.004    0.004   -0.288
     0.341    0.274   -0.288   -0.341    0.274   -0.009    0.000    0.213
     0.164    0.172    0.215    0.164   -0.172    0.215   -0.017    0.020
    -0.073   -0.008    0.013    0.044    0.069    0.025   -0.029   -0.017
    -0.020   -0.073    0.069   -0.025   -0.029   -0.008   -0.013    0.044

 ( 20)
    -0.007    0.000   -0.005    0.117    0.000    0.036    0.002    0.000
     0.064    0.002    0.002    0.001    0.002   -0.002    0.001   -0.452
     0.074   -0.142   -0.452   -0.074   -0.142   -0.054    0.000   -0.290
    -0.134   -0.188   -0.229   -0.134    0.188   -0.229    0.004    0.000
     0.011   -0.011   -0.004   -0.026   -0.015   -0.021    0.007    0.004
     0.000    0.011   -0.015    0.021    0.007   -0.011    0.004   -0.026

 ( 21)
     0.002    0.000   -0.008   -0.004    0.000    0.001   -0.002    0.000
    -0.003   -0.015    0.073    0.058   -0.015   -0.073    0.058    0.005
    -0.002    0.003    0.005    0.002    0.003    0.003    0.000    0.034
     0.006    0.000   -0.002    0.006    0.000   -0.002   -0.106   -0.285
    -0.185    0.127   -0.141   -0.318    0.139   -0.319   -0.068   -0.106
     0.285   -0.185    0.139    0.319   -0.068    0.127    0.141   -0.318

 ( 22)
     0.000   -0.010    0.000    0.000    0.000    0.000    0.000   -0.001
     0.000   -0.013    0.074    0.059    0.013    0.074   -0.059    0.013
     0.000    0.006   -0.013    0.000   -0.006    0.000    0.023    0.000
    -0.008    0.000    0.000    0.008    0.000    0.000   -0.104   -0.280
    -0.181    0.114   -0.139   -0.328    0.128   -0.322   -0.060    0.104
    -0.280    0.181   -0.128   -0.322    0.060   -0.114   -0.139    0.328

 ( 23)
     0.000    0.013    0.000    0.000    0.023    0.000    0.000   -0.045
     0.000    0.000   -0.001    0.001    0.000   -0.001   -0.001   -0.593
    -0.014   -0.345    0.593   -0.014    0.345    0.000   -0.017    0.000
     0.035   -0.015    0.069   -0.035   -0.015   -0.069   -0.002   -0.005
    -0.009    0.004   -0.010   -0.014    0.006   -0.007   -0.003    0.002
    -0.005    0.009   -0.006   -0.007    0.003   -0.004   -0.010    0.014

 ( 24)
     0.000    0.011    0.000    0.000   -0.093    0.000    0.000    0.117
     0.000   -0.002   -0.003    0.002    0.002   -0.003   -0.002   -0.181
     0.017    0.087    0.181    0.017   -0.087    0.000   -0.276    0.000
    -0.223   -0.143   -0.460    0.223   -0.143    0.460   -0.006   -0.001
    -0.020    0.000   -0.012   -0.015   -0.001    0.012    0.004    0.006
    -0.001    0.020    0.001    0.012   -0.004    0.000   -0.012    0.015

 ( 25)
    -0.012    0.000    0.004    0.045    0.000   -0.063   -0.086    0.000
     0.078    0.005    0.001    0.003    0.005   -0.001    0.003    0.125
    -0.009   -0.047    0.125    0.009   -0.047   -0.191    0.000   -0.540
     0.398   -0.060    0.165    0.398    0.060    0.165   -0.010   -0.037
    -0.053   -0.020    0.010    0.001   -0.023    0.016    0.021   -0.010
     0.037   -0.053   -0.023   -0.016    0.021   -0.020   -0.010    0.001

 ( 26)
     0.023    0.000   -0.008   -0.091    0.000   -0.130    0.071    0.000
     0.122   -0.012   -0.002    0.007   -0.012    0.002    0.007   -0.263
    -0.009   -0.232   -0.263    0.009   -0.232    0.095    0.000    0.256
     0.091    0.039    0.195    0.091   -0.039    0.195   -0.004    0.060
     0.027    0.027   -0.032   -0.025    0.021    0.018   -0.007   -0.004
    -0.060    0.027    0.021   -0.018   -0.007    0.027    0.032   -0.025

 ( 27)
     0.015    0.000    0.031    0.003    0.000   -0.006   -0.013    0.000
     0.005   -0.034    0.029   -0.064   -0.034   -0.029   -0.064   -0.004
     0.002   -0.007   -0.004   -0.002   -0.007   -0.019    0.000   -0.026
     0.026   -0.005    0.011    0.026    0.005    0.011    0.024    0.029
     0.248    0.075    0.144    0.262    0.127   -0.423   -0.222    0.024
    -0.029    0.248    0.127    0.423   -0.222    0.075   -0.144    0.262

 ( 28)
     0.034    0.000   -0.015    0.007    0.000    0.021   -0.029    0.000
    -0.017   -0.068   -0.028    0.029   -0.068    0.028    0.029    0.033
     0.000    0.035    0.033    0.000    0.035   -0.046    0.000   -0.111
     0.029   -0.012   -0.016    0.029    0.012   -0.016    0.002    0.385
     0.214    0.195   -0.246   -0.221    0.169    0.061   -0.085    0.002
    -0.385    0.214    0.169   -0.061   -0.085    0.195    0.246   -0.221

 ( 29)
     0.000   -0.032    0.000    0.000    0.007    0.000    0.000    0.003
     0.000    0.041    0.057   -0.037   -0.041    0.057    0.037   -0.006
    -0.015   -0.034    0.006   -0.015    0.034    0.000   -0.026    0.000
    -0.016   -0.014   -0.031    0.016   -0.014    0.031    0.005   -0.311
    -0.053   -0.155    0.316    0.348   -0.103   -0.216   -0.001   -0.005
    -0.311    0.053    0.103   -0.216    0.001    0.155    0.316   -0.348

 ( 30)
     0.000    0.008    0.000    0.000    0.007    0.000    0.000   -0.004
     0.000    0.065   -0.021    0.039   -0.065   -0.021   -0.039    0.016
    -0.002   -0.007   -0.016   -0.002    0.007    0.000   -0.014    0.000
     0.003    0.006    0.014   -0.003    0.006   -0.014   -0.022   -0.226
    -0.337   -0.150   -0.021   -0.130   -0.193    0.351    0.235    0.022
    -0.226    0.337    0.193    0.351   -0.235    0.150   -0.021    0.130

 ( 31)
     0.000   -0.044    0.000    0.000    0.117    0.000    0.000    0.006
     0.000   -0.010    0.020    0.028    0.010    0.020   -0.028    0.230
    -0.243   -0.415   -0.230   -0.243    0.415    0.000   -0.130    0.000
    -0.092   -0.117   -0.205    0.092   -0.117    0.205   -0.003    0.080
     0.039    0.019   -0.008   -0.010    0.003    0.064    0.029    0.003
     0.080   -0.039   -0.003    0.064   -0.029   -0.019   -0.008    0.010

 ( 32)
     0.000   -0.094    0.000    0.000   -0.040    0.000    0.000   -0.001
     0.000   -0.026    0.094    0.091    0.026    0.094   -0.091   -0.121
     0.087    0.128    0.121    0.087   -0.128    0.000    0.015    0.000
     0.016    0.038    0.060   -0.016    0.038   -0.060   -0.019    0.167
     0.105   -0.016    0.076    0.055   -0.032    0.185    0.111    0.019
     0.167   -0.105    0.032    0.185   -0.111    0.016    0.076   -0.055

 ( 33)
    -0.062    0.000    0.078    0.079    0.000   -0.051    0.023    0.000
     0.023    0.013   -0.101   -0.064    0.013    0.101   -0.064    0.089
     0.002   -0.046    0.089   -0.002   -0.046    0.045    0.000    0.157
    -0.047    0.005    0.007   -0.047   -0.005    0.007    0.019   -0.045
    -0.073    0.067   -0.175   -0.170    0.039   -0.074   -0.076    0.019
     0.045   -0.073    0.039    0.074   -0.076    0.067    0.175   -0.170

 ( 34)
     0.067    0.000    0.035   -0.153    0.000    0.079   -0.045    0.000
    -0.031    0.027   -0.071   -0.048    0.027    0.071   -0.048   -0.205
     0.000    0.058   -0.205    0.000    0.058   -0.078    0.000   -0.223
     0.064   -0.006   -0.001    0.064    0.006   -0.001    0.013   -0.123
    -0.110    0.008   -0.074   -0.067   -0.006   -0.040   -0.027    0.013
     0.123   -0.110   -0.006    0.040   -0.027    0.008    0.074   -0.067

 ( 35)
    -0.078    0.000   -0.049   -0.036    0.000    0.123    0.157    0.000
     0.024    0.009   -0.012   -0.015    0.009    0.012   -0.015   -0.044
    -0.011    0.102   -0.044    0.011    0.102    0.131    0.000   -0.137
     0.242    0.000    0.055    0.242    0.000    0.055    0.017    0.063
    -0.010    0.083   -0.027    0.013    0.009   -0.081   -0.025    0.017
    -0.063   -0.010    0.009    0.081   -0.025    0.083    0.027    0.013

 ( 36)
     0.000   -0.010    0.000    0.000    0.072    0.000    0.000   -0.040
     0.000   -0.036   -0.004   -0.022    0.036   -0.004    0.022   -0.014
     0.128    0.076    0.014    0.128   -0.076    0.000   -0.510    0.000
    -0.342    0.150    0.153    0.342    0.150   -0.153   -0.057    0.106
    -0.188    0.136   -0.032    0.054   -0.186   -0.089    0.047    0.057
     0.106    0.188    0.186   -0.089   -0.047   -0.136   -0.032   -0.054

 ( 37)
     0.018    0.000   -0.070    0.027    0.000   -0.023   -0.006    0.000
    -0.005   -0.026   -0.126    0.077   -0.026    0.126    0.077    0.043
     0.000   -0.016    0.043    0.000   -0.016   -0.001    0.000    0.024
    -0.021   -0.001   -0.011   -0.021    0.001   -0.011   -0.033   -0.167
     0.061   -0.027   -0.069    0.199   -0.054   -0.224    0.078   -0.033
     0.167    0.061   -0.054    0.224    0.078   -0.027    0.069    0.199

 ( 38)
     0.037    0.000    0.047    0.028    0.000   -0.024    0.080    0.000
    -0.062   -0.085    0.012   -0.002   -0.085   -0.012   -0.002    0.003
    -0.001   -0.037    0.003    0.001   -0.037    0.074    0.000   -0.098
     0.082    0.001   -0.057    0.082   -0.001   -0.057   -0.124    0.134
    -0.272    0.140   -0.021    0.107   -0.330   -0.077    0.117   -0.124
    -0.134   -0.272   -0.330    0.077    0.117    0.140    0.021    0.107

 ( 39)
     0.000    0.058    0.000    0.000   -0.124    0.000    0.000   -0.037
     0.000   -0.117    0.023    0.016    0.117    0.023   -0.016    0.079
    -0.224   -0.107   -0.079   -0.224    0.107    0.000    0.022    0.000
     0.060   -0.027    0.035   -0.060   -0.027   -0.035   -0.140    0.020
    -0.104   -0.062    0.038    0.091   -0.224   -0.018    0.068    0.140
     0.020    0.104    0.224   -0.018   -0.068    0.062    0.038   -0.091

 ( 40)
     0.032    0.000    0.020    0.034    0.000    0.014    0.091    0.000
    -0.021   -0.090   -0.008   -0.014   -0.090    0.008   -0.014    0.021
    -0.002    0.004    0.021    0.002    0.004    0.084    0.000   -0.066
     0.113    0.000   -0.013    0.112    0.000   -0.013   -0.078   -0.240
     0.163   -0.377    0.045   -0.128    0.108    0.158   -0.094   -0.078
     0.240    0.163    0.108   -0.158   -0.094   -0.377   -0.045   -0.128

 ( 41)
     0.000    0.022    0.000    0.000   -0.021    0.000    0.000   -0.026
     0.000   -0.027    0.003    0.012    0.027    0.003   -0.012    0.032
    -0.047   -0.022   -0.032   -0.047    0.022    0.000   -0.321    0.000
    -0.217    0.120    0.136    0.217    0.120   -0.136    0.000   -0.217
     0.265   -0.334    0.058   -0.115    0.234    0.158   -0.105    0.000
    -0.217   -0.265   -0.234    0.158    0.105    0.334    0.058    0.115

 ( 42)
     0.000   -0.004    0.000    0.000    0.080    0.000    0.000   -0.134
     0.000   -0.059    0.031   -0.058    0.059    0.031    0.058   -0.027
     0.192    0.153    0.027    0.192   -0.153    0.000    0.020    0.000
     0.094   -0.299   -0.206   -0.094   -0.299    0.206   -0.060   -0.031
    -0.030   -0.135    0.032   -0.114   -0.019    0.113   -0.067    0.060
    -0.031    0.030    0.019    0.113    0.067    0.135    0.032    0.114

 ( 43)
    -0.013   -0.102   -0.015   -0.009   -0.039    0.041   -0.049    0.053
     0.064   -0.101   -0.059   -0.090    0.005   -0.059    0.042   -0.025
    -0.056    0.008    0.042   -0.056    0.091   -0.043    0.085    0.097
    -0.034    0.074    0.100   -0.101    0.074    0.015   -0.110   -0.091
    -0.127   -0.123   -0.067   -0.124   -0.124    0.006   -0.067    0.003
    -0.091    0.014   -0.030    0.006    0.051    0.054   -0.067    0.097

 ( 44)
    -0.013   -0.027   -0.066   -0.012   -0.109   -0.052   -0.021   -0.137
    -0.047    0.040   -0.009   -0.074   -0.082   -0.009   -0.062    0.032
    -0.124   -0.054   -0.046   -0.124   -0.046   -0.020   -0.185   -0.039
    -0.065   -0.125   -0.044    0.013   -0.125   -0.052    0.043    0.039
    -0.083    0.085   -0.027   -0.076    0.027   -0.027   -0.070   -0.088
     0.039   -0.069   -0.083   -0.027   -0.059   -0.120   -0.027   -0.055

 ( 45)
     0.089    0.026   -0.071    0.096    0.038    0.031    0.024    0.033
     0.074    0.017    0.015   -0.076    0.035    0.015   -0.098    0.124
     0.045    0.054    0.135    0.045    0.041    0.034    0.041    0.135
    -0.005    0.027    0.056   -0.016    0.027    0.069    0.006    0.007
    -0.135    0.036    0.021   -0.049   -0.035    0.011   -0.049    0.024
     0.007   -0.158   -0.020    0.011   -0.068    0.066    0.021   -0.085

 ( 46)
     0.059   -0.062    0.017    0.055   -0.050   -0.045    0.099   -0.009
    -0.072    0.086   -0.035   -0.010    0.110   -0.035    0.064    0.027
    -0.063   -0.078    0.042   -0.063   -0.032    0.093   -0.004   -0.109
     0.128    0.006   -0.041    0.113    0.006   -0.088    0.092   -0.039
     0.025    0.063   -0.043   -0.046    0.120   -0.005   -0.023    0.118
    -0.039    0.103    0.142   -0.005    0.042    0.103   -0.043    0.076

 ( 47)
     0.019   -0.021    0.028    0.020   -0.004    0.055    0.001   -0.092
     0.066   -0.004   -0.101    0.121    0.008   -0.101   -0.072    0.025
     0.038    0.120    0.033    0.038   -0.002    0.004   -0.074    0.082
    -0.004   -0.135    0.002   -0.011   -0.135    0.125   -0.007   -0.119
     0.111   -0.001   -0.069    0.190   -0.017   -0.165    0.118    0.005
    -0.119   -0.094   -0.007   -0.165   -0.055    0.018   -0.069   -0.132

 ( 48)
     0.030    0.003    0.053    0.033   -0.076    0.096    0.002   -0.059
     0.114    0.059    0.057   -0.005   -0.053    0.057    0.098    0.082
    -0.110    0.071    0.011   -0.110    0.136    0.006   -0.109    0.140
    -0.048   -0.028    0.142    0.024   -0.028    0.077    0.058    0.107
    -0.034    0.107    0.026   -0.031    0.031    0.072    0.012   -0.062
     0.107    0.076   -0.070    0.072    0.105   -0.080    0.026    0.141


 ==============================================================================
                      STATISTICAL THERMODYNAMICS ANALYSIS
 ==============================================================================

  Structure name    : Et-P-Me2-a                                                  
  Temperature       :   298.16 K
  Symmetry number   :   1
  Optical isomers   :   1
  Zero Point Energy :   86.805 Kcal/mol


                     ENERGY   ENTHALPY    ENTROPY  FREE ENERGY   HEAT CAPACITY
                  (Kcal/mol) (Kcal/mol)     (eu)   (Kcal/mol)    (cal/mol/deg)
  Translational       0.889      1.481     39.389    -10.263         4.967
     Rotational       0.889      0.889     26.627     -7.051         2.980
    Vibrational      89.973%    89.973%    18.590*    84.430%       21.940*
      Potential       2.796#     2.796#     0.000      2.796#        0.000
         Mixing       0.000      0.000      0.000      0.000         0.000
          Total      94.546     95.139     84.607     69.912        29.888

  Enthalpy Function (H-Ho)/T     =   18.57 cal/mol/deg
  Free Energy Function -(G-Ho)/T =   66.03 cal/mol/deg

  % Includes zero point energy (ZPE).
  * Excludes contribution from frequencies lower than 40 (1/cm).
  # Includes steric energy (SE).
    Internal rotation contributions are not considered

  This structure has   0 imaginary frequencies,
                       0 free internal rotation (fir) frequencies
                         (>= 0,< 10 /cm),
                       0 restricted internal rotation (rir) frequencies
                         (>= 10,< 40 /cm),
                       6 zero frequencies, and
                      42 real frequencies.


      FINAL STERIC ENERGY IS      2.7957 KCAL/MOL.


                COMPRESSION       0.0423
                BENDING           2.7902
                BEND-BEND        -0.1274
                STRETCH-BEND      0.0787
                VANDERWAALS
                  1,4 ENERGY      1.3614
                  OTHER           0.5216
                H-BONDING         0.0000
                PI-COMPLX         0.0000

                TORSIONAL        -1.8668
                TORSION-STRETCH  -0.0043
                DIPOLE-DIPOLE     0.0000
                CHARGE-DIPOLE     0.0000
                CHARGE-CHARGE     0.0000

      -----------------------------------------------------------------

      COORDINATES TRANSLATED TO NEW ORIGIN WHICH IS CENTER OF MASS
         P(   1)     0.63548     0.00000     0.57709   ( 25)
         C(   2)    -1.21440     0.00000     0.70679   (  1)
         C(   3)    -1.99321     0.00000    -0.61344   (  1)
         C(   4)     0.93521    -1.40718    -0.57563   (  1)
         C(   5)     0.93521     1.40718    -0.57563   (  1)
         H(   6)    -1.50583    -0.88925     1.30516   (  5)
         H(   7)    -1.50583     0.88925     1.30516   (  5)
         H(   8)    -3.08925     0.00000    -0.42479   (  5)
         H(   9)    -1.77907     0.89778    -1.23095   (  5)
         H(  10)    -1.77907    -0.89777    -1.23095   (  5)
         H(  11)     2.02211    -1.50139    -0.77320   (  5)
         H(  12)     0.57858    -2.35299    -0.12024   (  5)
         H(  13)     0.41854    -1.25752    -1.54352   (  5)
         H(  14)     2.02211     1.50139    -0.77319   (  5)
         H(  15)     0.41854     1.25752    -1.54352   (  5)
         H(  16)     0.57858     2.35299    -0.12024   (  5)

      MOMENT OF INERTIA WITH THE PRINCIPAL AXES

          (1)  UNIT = 10**(-39) GM*CM**2
               IX=   18.4515    IY=   28.2617    IZ=   32.9347

          (2)  UNIT = AU A**2
               IX=  111.1296    IY=  170.2147    IZ=  198.3590



      MOLECULAR POLARIZABILITIES (A**3)
        ALPHA(1)   =      16.02
        ALPHA(2)   =      15.85
        ALPHA(3)   =      15.55
        AVG. ALPHA =      15.81



      DIPOLE MOMENT =          1.291 D


        COMPONENTS WITH PRINCIPAL AXES

                          X =  0.6388    Y =  0.0000    Z =  1.1216


      E (INDP/INDP) =          0.164 KCAL/MOLE
      DIPOLE MOMENT =          1.171 D (INCLUDES INDUCED BOND MOMENTS)
      *NOTE*  E (INDP/INDP) IS NOT INCLUDED IN THE FINAL STERIC ENERGY

        COMPONENTS WITH PRINCIPAL AXES

                          X =  0.6134    Y =  0.0000    Z =  0.9975



      TOTAL ATOMIC CHARGE ON EACH ATOM (in ELECTRON CHARGE)

           P(    1):         -0.279
           C(    2):          0.085
           C(    3):         -0.006
           C(    4):          0.078
           C(    5):          0.078
           H(    6):          0.004
           H(    7):          0.004
           H(    8):          0.003
           H(    9):          0.003
           H(   10):          0.003
           H(   11):          0.004
           H(   12):          0.004
           H(   13):          0.004
           H(   14):          0.004
           H(   15):          0.004
           H(   16):          0.004

      -----------------------------------------------------------------

        END OF Et-P-Me2-a                                                  


           TOTAL CPU TIME IS      0.29 SECONDS.

           THIS JOB COMPLETED AT    08:39:40
