1
               ---------------------------------------------
               WARNING : INCORRECT ATOM TYPES GIVEN IN INPUT
                         DATA ARE CORRECTED AS FOLLOWS
               ---------------------------------------------


             Atom type of atom    1 is replaced by   1 (was   0)
             Atom type of atom    2 is replaced by   1 (was   0)
             Atom type of atom    3 is replaced by   1 (was   0)
             Atom type of atom    4 is replaced by  25 (was   0)
             Atom type of atom    5 is replaced by   1 (was   0)
             Atom type of atom    6 is replaced by   1 (was   0)
             Atom type of atom    7 is replaced by   5 (was   0)
             Atom type of atom    8 is replaced by   5 (was   0)
             Atom type of atom    9 is replaced by   5 (was   0)
             Atom type of atom   10 is replaced by   5 (was   0)
             Atom type of atom   11 is replaced by   5 (was   0)
             Atom type of atom   12 is replaced by   5 (was   0)
             Atom type of atom   13 is replaced by   5 (was   0)
             Atom type of atom   14 is replaced by   5 (was   0)
             Atom type of atom   15 is replaced by   5 (was   0)
             Atom type of atom   16 is replaced by   5 (was   0)
             Atom type of atom   17 is replaced by   1 (was   0)
             Atom type of atom   18 is replaced by   5 (was   0)
             Atom type of atom   19 is replaced by   5 (was   0)
             Atom type of atom   20 is replaced by   5 (was   0)
1     P-me-phosphorinane-ax                                       

               CHEMICAL FORMULA :  C(   6)  H(  13)  P(   1) 
               FORMULA WEIGHT   :    116.098
                                                               DATE 28-MAY-23
                                                               TIME  11:13:38


          THE COORDINATES OF   20 ATOMS ARE READ IN.
          SOME CONSTANTS WILL BE READ IN.

      CONFORMATIONAL ENERGY, PART 1:  GEOMETRY AND STERIC ENERGY
                                      OF INITIAL CONFORMATION.


      CONNECTED ATOMS
         1-   2-   3-   5-   6-   4-  17-
         1-   4-

      ATTACHED ATOMS
         1-   7,   1-   8,   2-   9,   2-  10,   3-  11,   3-  12,   5-  13,
         5-  14,   6-  15,   6-  16,  17-  18,  17-  19,  17-  20,

      INITIAL ATOMIC COORDINATES
           ATOM         X           Y           Z       TYPE
         C(   1)    -0.41492     0.02902    -1.87501   (  1)
         C(   2)    -1.50900     0.67327    -1.00973   (  1)
         C(   3)    -1.97827    -0.23998     0.13535   (  1)
         P(   4)     1.10745    -0.53275    -0.96725   ( 25)
         C(   5)    -0.85942    -0.56896     1.13803   (  1)
         C(   6)     0.30328    -1.34443     0.49961   (  1)
         H(   7)    -0.09179     0.73813    -2.66997   (  5)
         H(   8)    -0.83445    -0.86586    -2.38816   (  5)
         H(   9)    -2.38287     0.92172    -1.65627   (  5)
         H(  10)    -1.14662     1.63939    -0.59198   (  5)
         H(  11)    -2.38884    -1.18548    -0.28734   (  5)
         H(  12)    -2.81615     0.25807     0.67683   (  5)
         H(  13)    -1.28596    -1.17594     1.97051   (  5)
         H(  14)    -0.48370     0.37166     1.59986   (  5)
         H(  15)    -0.06431    -2.33864     0.15820   (  5)
         H(  16)     1.09614    -1.53361     1.25777   (  5)
         C(  17)     1.76985     1.04463    -0.25526   (  1)
         H(  18)     0.98692     1.59851     0.30189   (  5)
         H(  19)     2.60821     0.81839     0.43830   (  5)
         H(  20)     2.15094     1.69284    -1.07359   (  5)


          DIELECTRIC CONSTANT =  1.500


      INITIAL STERIC ENERGY IS      5.3758 KCAL/MOL.

                  COMPRESSION       0.3370
                  BENDING           3.7428
                  BEND-BEND        -0.1072
                  STRETCH-BEND      0.2795
                  VANDERWAALS
                    1,4 ENERGY      4.3905
                    OTHER          -0.2000
                  H-BONDING         0.0000
                  PI-COMPLX         0.0000

                  TORSIONAL        -3.0446
                  TORSION-STRETCH  -0.0222
                  DIPOLE-DIPOLE     0.0000
                  CHARGE-DIPOLE     0.0000
                  CHARGE-CHARGE     0.0000


      MOLECULAR POLARIZABILITIES (A**3)
        ALPHA(1)   =      20.04
        ALPHA(2)   =      18.88
        ALPHA(3)   =      20.20
        AVG. ALPHA =      19.71



      DIPOLE MOMENT =          1.268 D


      E (INDP/INDP) =          0.137 KCAL/MOLE
      DIPOLE MOMENT =          1.325 D (INCLUDES INDUCED BOND MOMENTS)
      *NOTE*  E (INDP/INDP) IS NOT INCLUDED IN THE INITIAL STERIC ENERGY

      CPU TIME FOR INITIAL CALCULATION IS     0.02 SECONDS.


1     P-me-phosphorinane-ax                                       


     CONFORMATIONAL ENERGY, PART 2: GEOMETRY MINIMIZATION

                            =====================
                            FULL-MATRIX OPTIMIZER
                            =====================


     iter.  rms force   max force   avg. move    max move  atom  convg  d-time

        0    1.579309    4.620872   0.00817 A   0.05000 A   18    [N]     0.0s
        1    0.738982    2.141078   0.00678 A   0.03990 A   18    [N]     0.0s
        2    0.024216    0.068957   0.00013 A   0.00078 A   10    [N]     0.0s
        3    0.000039    0.000103                                 [Y]     0.0s


      TOTAL ENERGY IS      5.0131 KCAL/MOL.

        COMPRESS    0.1448      VDW 1,4    4.6730      DIPL-DIPL    0.0000
        BENDING     3.1515        OTHER    0.2521      CHRG-DIPL    0.0000
        STR-BEND    0.1200      TORSION   -3.1851      CHRG-CHRG    0.0000
        BEND-BEND  -0.1368      TOR-STR   -0.0064      EPR          0.0000
        H-BONDING   0.0000      PI-CMPL    0.0000
0     DELTA(T) =     0.0 SEC.          ELAPSED TIME =     0.0 SEC.


    * * * ENERGY IS STATIONARY WITHIN RMS OF FORCES   0.00010  Kcal/mol/A * * *

                 * * * *  RMS FORCE IS   0.00004 Kcal/mol/A * * * *

1     P-me-phosphorinane-ax                                       

               CHEMICAL FORMULA :  C(   6)  H(  13)  P(   1) 
               FORMULA WEIGHT   :    116.098
                                                               DATE : 28-MAY-23

           * M M 3 * * * * * * * * * * * 2 0 0 0 *
           *                                     *   PARAMETER RELIABILITY
           *                                     *
           *                                     *   BLANK = GOOD
           *                                     *       B = FAIR
           *                                     *       C = TRIAL
           *                                     *       R = READ IN
           *                                     *       S = SUBSTITUTED
           *                                     *       U = PARAMETER NOT EXIST
           *                                     *
           *                                     *   THIS IS SHOWN AT THE END 
           *                                     *   OF THE LINE.
           * * * * * * * * * * * * * * * * * * * * 


      CONFORMATIONAL ENERGY, PART 3:  GEOMETRY AND STERIC ENERGY
                                      OF FINAL CONFORMATION.

      CONNECTED ATOMS
         1-   2-   3-   5-   6-   4-  17-
         1-   4-

      ATTACHED ATOMS
         1-   7,   1-   8,   2-   9,   2-  10,   3-  11,   3-  12,   5-  13,
         5-  14,   6-  15,   6-  16,  17-  18,  17-  19,  17-  20,

      FINAL ATOMIC COORDINATE
           ATOM         X           Y           Z       TYPE
         C(   1)    -0.01111     1.41640     0.57370   (  1)
         C(   2)     1.19765     1.27789    -0.36001   (  1)
         C(   3)     2.00947     0.00000    -0.10744   (  1)
         P(   4)    -1.20057     0.00000     0.50302   ( 25)
         C(   5)     1.19765    -1.27789    -0.36001   (  1)
         C(   6)    -0.01111    -1.41640     0.57370   (  1)
         H(   7)    -0.56824     2.34837     0.34168   (  5)
         H(   8)     0.33914     1.50861     1.62346   (  5)
         H(   9)     1.86247     2.16045    -0.21675   (  5)
         H(  10)     0.87308     1.31482    -1.42267   (  5)
         H(  11)     2.39013     0.00000     0.93992   (  5)
         H(  12)     2.90717     0.00000    -0.76903   (  5)
         H(  13)     1.86247    -2.16045    -0.21674   (  5)
         H(  14)     0.87308    -1.31482    -1.42267   (  5)
         H(  15)     0.33914    -1.50861     1.62346   (  5)
         H(  16)    -0.56824    -2.34837     0.34168   (  5)
         C(  17)    -1.69188     0.00000    -1.27366   (  1)
         H(  18)    -0.81920     0.00000    -1.95233   (  5)
         H(  19)    -2.30385    -0.89846    -1.49143   (  5)
         H(  20)    -2.30385     0.89846    -1.49143   (  5)


          DIELECTRIC CONSTANT =  1.500


      BOND LENGTHS AND STRETCHING ENERGY   (   20 BONDS)

        ENERGY = 71.94(KS)(DR)(DR)(1-(CS)(DR)+(7/12)((CS)(DR))**2)
                          DR = R-RO
                          CS =  2.550
                                                         R(0)-CORR        CORR
          BOND        LENGTH   R(0)    K(S)  ENERGY   E-NEG   MISCEL       KS
    C(   1)- C(   2)  1.5337  1.5247  4.490  0.0253                             
    C(   1)- P(   4)  1.8509  1.8465  2.940  0.0041  0.0035                     
    C(   1)- H(   7)  1.1103  1.1090  4.777  0.0006 -0.0030              0.097  
    C(   1)- H(   8)  1.1105  1.1090  4.777  0.0008 -0.0030              0.097  
    C(   2)- C(   3)  1.5349  1.5247  4.490  0.0326                             
    C(   2)- H(   9)  1.1142  1.1108  4.719  0.0039 -0.0012              0.039  
    C(   2)- H(  10)  1.1117  1.1108  4.719  0.0003 -0.0012              0.039  
    C(   3)- C(   5)  1.5349  1.5247  4.490  0.0326                             
    C(   3)- H(  11)  1.1144  1.1120  4.680  0.0019                             
    C(   3)- H(  12)  1.1152  1.1120  4.680  0.0033                             
    P(   4)- C(   6)  1.8509  1.8465  2.940  0.0041  0.0035                     
    P(   4)- C(  17)  1.8434  1.8430  2.940  0.0000                             
    C(   5)- C(   6)  1.5337  1.5247  4.490  0.0253                             
    C(   5)- H(  13)  1.1142  1.1108  4.719  0.0039 -0.0012              0.039  
    C(   5)- H(  14)  1.1117  1.1108  4.719  0.0003 -0.0012              0.039  
    C(   6)- H(  15)  1.1105  1.1090  4.777  0.0008 -0.0030              0.097  
    C(   6)- H(  16)  1.1103  1.1090  4.777  0.0006 -0.0030              0.097  
    C(  17)- H(  18)  1.1055  1.1090  4.847  0.0043 -0.0030              0.097  
    C(  17)- H(  19)  1.1087  1.1090  4.847  0.0000 -0.0030              0.097  
    C(  17)- H(  20)  1.1087  1.1090  4.847  0.0000 -0.0030              0.097  


      NON-BONDED DISTANCES, VDW AND EPR ENERGY   (    131 PAIRS)

              E(VDW) = KV*(1.84(10**5)EXP(-12.00/P) - 2.25(P**6))
              E(EPR) = C*KV*(1.84(10**5)EXP(-12.00/Q) - 2.25(Q**6))
              E(HBD) = EP1-EP2*COS(THETA)*RTH/RTH0
                            EP1 = KHB*1.84(10**5)*EXP(-12.0/P)
                            EP2 = KHB*2.25(P**6)

            IF P > 3.020, THEN,
              E(VDW) = KV(192.270)(P**2)
              E(HBD) = EP1-EP2*COS(THETA)*RTH/RTH0
                            EP1 = KHB*(192.270*P**2+1706.96)
                            EP2 = KHB*1706.96

               WHERE   RV = RVDW(I) + RVDW(K)
                       KV = SQRT(EPS(I)*EPS(K))
                      KHB = EPS/DIELEC  FOR HYDROGEN BOND
                        P = (RV/R) OR (RV/R#)
                        C = SCALE FACTOR
                        Q = RV/R, WHERE R IS MODIFIED DISTANCE
                    THETA = ANGLE H-X-Y IN HYDROGEN BOND X-H...Y
                      RTH = BOND LENGTH X-H IN X-H...Y
                     RTH0 = NATURAL BOND LENGTH X-H

          # IN THE VDW CALCULATIONS THE HYDROGEN ATOMS ARE RELOCATED
          SO THAT THE ATTACHED HYDROGEN DISTANCE IS REDUCED BY 0.923

          # IN THE VDW CALCULATIONS THE DEUTERIUM ATOMS ARE RELOCATED
          SO THAT THE ATTACHED DEUTERIUM DISTANCE IS REDUCED BY  0.923

         ATOM PAIR          R       R#       RV      KV       ENERGY
      C(   1), C(   3)   2.5599
      C(   1), C(   5)   3.0971            4.080   0.0270     0.2322  1,4       
      C(   1), C(   6)   2.8328
      C(   1), H(   9)   2.1653
      C(   1), H(  10)   2.1858
      C(   1), H(  11)   2.8118   2.7774   3.560   0.0230     0.1342  1,4       
      C(   1), H(  12)   3.5108   3.4340   3.560   0.0230    -0.0245  1,4       
      C(   1), H(  13)   4.1145   4.0343   3.560   0.0230    -0.0192            
      C(   1), H(  14)   3.4967   3.4549   3.560   0.0230    -0.0249            
      C(   1), H(  15)   3.1274   3.0915   3.560   0.0230     0.0055  1,4       
      C(   1), H(  16)   3.8128   3.7348   3.560   0.0230    -0.0244  1,4       
      C(   1), C(  17)   2.8712
      C(   1), H(  18)   3.0067   2.9819   3.560   0.0230     0.0327  1,4       
      C(   1), H(  19)   3.8575   3.7791   3.560   0.0230    -0.0237  1,4       
      C(   1), H(  20)   3.1288   3.0957   3.560   0.0230     0.0047  1,4       
      C(   2), P(   4)   2.8512
      C(   2), C(   5)   2.5558
      C(   2), C(   6)   3.0971            4.080   0.0270     0.2322  1,4       
      C(   2), H(   7)   2.1810
      C(   2), H(   8)   2.1736
      C(   2), H(  11)   2.1783
      C(   2), H(  12)   2.1732
      C(   2), H(  13)   3.5050   3.4283   3.560   0.0230    -0.0244  1,4       
      C(   2), H(  14)   2.8208   2.7855   3.560   0.0230     0.1283  1,4       
      C(   2), H(  15)   3.5264   3.4827   3.560   0.0230    -0.0253            
      C(   2), H(  16)   4.0940   4.0151   3.560   0.0230    -0.0195            
      C(   2), C(  17)   3.2889            4.080   0.0270     0.0913  1,4       
      C(   2), H(  18)   2.8699   2.8893   3.560   0.0230     0.0683            
      C(   2), H(  19)   4.2752   4.1971   3.560   0.0230    -0.0162            
      C(   2), H(  20)   3.6993   3.6574   3.560   0.0230    -0.0253            
      C(   3), P(   4)   3.2676            4.260   0.0673     0.5025  1,4       
      C(   3), C(   6)   2.5599
      C(   3), H(   7)   3.5158   3.4389   3.560   0.0230    -0.0246  1,4       
      C(   3), H(   8)   2.8393   2.8032   3.560   0.0230     0.1162  1,4       
      C(   3), H(   9)   2.1682
      C(   3), H(  10)   2.1794
      C(   3), H(  13)   2.1682
      C(   3), H(  14)   2.1794
      C(   3), H(  15)   2.8393   2.8032   3.560   0.0230     0.1162  1,4       
      C(   3), H(  16)   3.5158   3.4389   3.560   0.0230    -0.0246  1,4       
      C(   3), C(  17)   3.8807            4.080   0.0270    -0.0272            
      C(   3), H(  18)   3.3771   3.4058   3.560   0.0230    -0.0238            
      C(   3), H(  19)   4.6182   4.5560   3.560   0.0230    -0.0109            
      C(   3), H(  20)   4.6182   4.5560   3.560   0.0230    -0.0109            
      P(   4), C(   5)   2.8512
      P(   4), H(   7)   2.4374
      P(   4), H(   8)   2.4294
      P(   4), H(   9)   3.8168   3.7395   3.840   0.0580    -0.0632  1,4       
      P(   4), H(  10)   3.1204   3.0863   3.840   0.0580     0.2069  1,4       
      P(   4), H(  11)   3.6172   3.5792   3.840   0.0580    -0.0508            
      P(   4), H(  12)   4.3002   4.2192   3.840   0.0580    -0.0541            
      P(   4), H(  13)   3.8168   3.7395   3.840   0.0580    -0.0632  1,4       
      P(   4), H(  14)   3.1204   3.0863   3.840   0.0580     0.2069  1,4       
      P(   4), H(  15)   2.4294
      P(   4), H(  16)   2.4374
      P(   4), H(  18)   2.4848
      P(   4), H(  19)   2.4500
      P(   4), H(  20)   2.4500
      C(   5), H(   7)   4.0940   4.0151   3.560   0.0230    -0.0195            
      C(   5), H(   8)   3.5264   3.4827   3.560   0.0230    -0.0253            
      C(   5), H(   9)   3.5050   3.4283   3.560   0.0230    -0.0244  1,4       
      C(   5), H(  10)   2.8208   2.7855   3.560   0.0230     0.1283  1,4       
      C(   5), H(  11)   2.1783
      C(   5), H(  12)   2.1732
      C(   5), H(  15)   2.1736
      C(   5), H(  16)   2.1810
      C(   5), C(  17)   3.2889            4.080   0.0270     0.0913  1,4       
      C(   5), H(  18)   2.8699   2.8893   3.560   0.0230     0.0683            
      C(   5), H(  19)   3.6993   3.6574   3.560   0.0230    -0.0253            
      C(   5), H(  20)   4.2752   4.1971   3.560   0.0230    -0.0162            
      C(   6), H(   7)   3.8128   3.7348   3.560   0.0230    -0.0244  1,4       
      C(   6), H(   8)   3.1274   3.0915   3.560   0.0230     0.0055  1,4       
      C(   6), H(   9)   4.1145   4.0343   3.560   0.0230    -0.0192            
      C(   6), H(  10)   3.4967   3.4549   3.560   0.0230    -0.0249            
      C(   6), H(  11)   2.8118   2.7774   3.560   0.0230     0.1342  1,4       
      C(   6), H(  12)   3.5108   3.4340   3.560   0.0230    -0.0245  1,4       
      C(   6), H(  13)   2.1653
      C(   6), H(  14)   2.1858
      C(   6), C(  17)   2.8712
      C(   6), H(  18)   3.0067   2.9819   3.560   0.0230     0.0327  1,4       
      C(   6), H(  19)   3.1288   3.0957   3.560   0.0230     0.0047  1,4       
      C(   6), H(  20)   3.8575   3.7791   3.560   0.0230    -0.0237  1,4       
      H(   7), H(   8)   1.7809
      H(   7), H(   9)   2.5011   2.4163   3.240   0.0200     0.2162  1,4       
      H(   7), H(  10)   2.5017   2.4183   3.240   0.0200     0.2140  1,4       
      H(   7), H(  11)   3.8242   3.7098   3.240   0.0200    -0.0160            
      H(   7), H(  12)   4.3390   4.2020   3.240   0.0200    -0.0088            
      H(   7), H(  13)   5.1526   4.9894   3.240   0.0200    -0.0033            
      H(   7), H(  14)   4.3138   4.2185   3.240   0.0200    -0.0086            
      H(   7), H(  15)   4.1644   4.0466   3.240   0.0200    -0.0107            
      H(   7), H(  16)   4.6967   4.5532   3.240   0.0200    -0.0057            
      H(   7), C(  17)   3.0638   3.0350   3.560   0.0230     0.0178  1,4       
      H(   7), H(  18)   3.2925   3.2279   3.240   0.0200    -0.0224            
      H(   7), H(  19)   4.1127   4.0011   3.240   0.0200    -0.0113            
      H(   7), H(  20)   2.9112   2.9081   3.240   0.0200    -0.0088            
      H(   8), H(   9)   2.4762   2.3939   3.240   0.0200     0.2425  1,4       
      H(   8), H(  10)   3.0986   2.9485   3.240   0.0200    -0.0127  1,4       
      H(   8), H(  11)   2.6362   2.6303   3.240   0.0200     0.0591            
      H(   8), H(  12)   3.8203   3.7075   3.240   0.0200    -0.0160            
      H(   8), H(  13)   4.3782   4.2777   3.240   0.0200    -0.0080            
      H(   8), H(  14)   4.1876   4.0710   3.240   0.0200    -0.0104            
      H(   8), H(  15)   3.0172   3.0030   3.240   0.0200    -0.0166            
      H(   8), H(  16)   4.1644   4.0466   3.240   0.0200    -0.0107            
      H(   8), C(  17)   3.8463   3.7686   3.560   0.0230    -0.0239  1,4       
      H(   8), H(  18)   4.0502   3.9425   3.240   0.0200    -0.0122            
      H(   8), H(  19)   4.7415   4.5974   3.240   0.0200    -0.0054            
      H(   8), H(  20)   4.1304   4.0193   3.240   0.0200    -0.0111            
      H(   9), H(  10)   1.7743
      H(   9), H(  11)   2.5068   2.4212   3.240   0.0200     0.2108  1,4       
      H(   9), H(  12)   2.4625   2.3818   3.240   0.0200     0.2577  1,4       
      H(   9), H(  13)   4.3209   4.1850   3.240   0.0200    -0.0090            
      H(   9), H(  14)   3.8093   3.6964   3.240   0.0200    -0.0162            
      H(   9), H(  15)   4.3782   4.2777   3.240   0.0200    -0.0080            
      H(   9), H(  16)   5.1526   4.9894   3.240   0.0200    -0.0033            
      H(   9), C(  17)   4.2916   4.2124   3.560   0.0230    -0.0160            
      H(   9), H(  18)   3.8563   3.8017   3.240   0.0200    -0.0144            
      H(   9), H(  19)   5.3235   5.1614   3.240   0.0200    -0.0027            
      H(   9), H(  20)   4.5360   4.4384   3.240   0.0200    -0.0065            
      H(  10), H(  11)   3.1003   2.9498   3.240   0.0200    -0.0128  1,4       
      H(  10), H(  12)   2.5087   2.4234   3.240   0.0200     0.2084  1,4       
      H(  10), H(  13)   3.8093   3.6964   3.240   0.0200    -0.0162            
      H(  10), H(  14)   2.6296   2.6240   3.240   0.0200     0.0619            
      H(  10), H(  15)   4.1876   4.0710   3.240   0.0200    -0.0104            
      H(  10), H(  16)   4.3138   4.2185   3.240   0.0200    -0.0086            
      H(  10), C(  17)   2.8862   2.9041   3.560   0.0230     0.0617            
      H(  10), H(  18)   2.2075   2.2844   3.240   0.0200     0.4125            
      H(  10), H(  19)   3.8725   3.8152   3.240   0.0200    -0.0142            
      H(  10), H(  20)   3.2048   3.1943   3.240   0.0200    -0.0222            
      H(  11), H(  12)   1.7855
      H(  11), H(  13)   2.5068   2.4212   3.240   0.0200     0.2108  1,4       
      H(  11), H(  14)   3.1003   2.9498   3.240   0.0200    -0.0128  1,4       
      H(  11), H(  15)   2.6362   2.6303   3.240   0.0200     0.0591            
      H(  11), H(  16)   3.8242   3.7098   3.240   0.0200    -0.0160            
      H(  11), C(  17)   4.6436   4.5797   3.560   0.0230    -0.0106            
      H(  11), H(  18)   4.3203   4.2613   3.240   0.0200    -0.0082            
      H(  11), H(  19)   5.3621   5.2399   3.240   0.0200    -0.0025            
      H(  11), H(  20)   5.3621   5.2399   3.240   0.0200    -0.0025            
      H(  12), H(  13)   2.4625   2.3818   3.240   0.0200     0.2577  1,4       
      H(  12), H(  14)   2.5087   2.4234   3.240   0.0200     0.2084  1,4       
      H(  12), H(  15)   3.8203   3.7075   3.240   0.0200    -0.0160            
      H(  12), H(  16)   4.3390   4.2020   3.240   0.0200    -0.0088            
      H(  12), C(  17)   4.6267   4.5639   3.560   0.0230    -0.0108            
      H(  12), H(  18)   3.9097   3.9075   3.240   0.0200    -0.0127            
      H(  12), H(  19)   5.3370   5.2170   3.240   0.0200    -0.0026            
      H(  12), H(  20)   5.3370   5.2170   3.240   0.0200    -0.0026            
      H(  13), H(  14)   1.7743
      H(  13), H(  15)   2.4762   2.3939   3.240   0.0200     0.2425  1,4       
      H(  13), H(  16)   2.5011   2.4163   3.240   0.0200     0.2162  1,4       
      H(  13), C(  17)   4.2916   4.2124   3.560   0.0230    -0.0160            
      H(  13), H(  18)   3.8563   3.8017   3.240   0.0200    -0.0144            
      H(  13), H(  19)   4.5360   4.4384   3.240   0.0200    -0.0065            
      H(  13), H(  20)   5.3235   5.1614   3.240   0.0200    -0.0027            
      H(  14), H(  15)   3.0986   2.9485   3.240   0.0200    -0.0127  1,4       
      H(  14), H(  16)   2.5017   2.4183   3.240   0.0200     0.2140  1,4       
      H(  14), C(  17)   2.8862   2.9041   3.560   0.0230     0.0617            
      H(  14), H(  18)   2.2075   2.2844   3.240   0.0200     0.4125            
      H(  14), H(  19)   3.2048   3.1943   3.240   0.0200    -0.0222            
      H(  14), H(  20)   3.8725   3.8152   3.240   0.0200    -0.0142            
      H(  15), H(  16)   1.7809
      H(  15), C(  17)   3.8463   3.7686   3.560   0.0230    -0.0239  1,4       
      H(  15), H(  18)   4.0502   3.9425   3.240   0.0200    -0.0122            
      H(  15), H(  19)   4.1304   4.0193   3.240   0.0200    -0.0111            
      H(  15), H(  20)   4.7415   4.5974   3.240   0.0200    -0.0054            
      H(  16), C(  17)   3.0638   3.0350   3.560   0.0230     0.0178  1,4       
      H(  16), H(  18)   3.2925   3.2279   3.240   0.0200    -0.0224            
      H(  16), H(  19)   2.9112   2.9081   3.240   0.0200    -0.0088            
      H(  16), H(  20)   4.1127   4.0011   3.240   0.0200    -0.0113            
      H(  18), H(  19)   1.7955
      H(  18), H(  20)   1.7955
      H(  19), H(  20)   1.7969


      BOND ANGLES, BENDING AND STRETCH-BEND ENERGIES   (   39 ANGLES)

          EB = 0.021914(KB)(DT)(DT)(1+CF*DT+QF*DT**2+PF*DT**3+SF*DT**4)
                          DT = THETA-TZERO
                          CF = -1400.000E-5
                          QF =     5.600E-5
                          PF =    -0.070E-5
                          SF =     0.022E-6
          ESB(J) = 2.51124(KSB(J))(DT)(DR1+DR2)
                          DR(I) = R(I) - R0(I)
          EBDBD  = -0.02191418(KBB1)(DT1)(KBB2)(DT2)

          A T O M S            THETA    TZERO     KB     EB     KSB    ESB
   C(   2)- C(   1)- P(   4)  114.465  108.000  0.600  0.5010  0.13  0.0283     
   C(   2)- C(   1)- H(   7)  110.124  109.310  0.590  0.0085  0.08  0.0017     
   C(   2)- C(   1)- H(   8)  109.538  109.310  0.590  0.0007  0.08  0.0005     
   P(   4)- C(   1)- H(   7)  108.173  108.400  0.570  0.0006  0.08 -0.0003     
   P(   4)- C(   1)- H(   8)  107.597  108.400  0.570  0.0081  0.08 -0.0010     
   H(   7)- C(   1)- H(   8)  106.624  107.600  0.550  0.0116                   
   C(   1)- C(   2)- C(   3)  113.071  111.000  0.670  0.0612  0.13  0.0129     
   C(   1)- C(   2)- H(   9)  108.691  109.310  0.590  0.0050  0.08 -0.0015     
   C(   1)- C(   2)- H(  10)  110.416  109.310  0.590  0.0156  0.08  0.0022     
   C(   3)- C(   2)- H(   9)  108.828  109.310  0.590  0.0030  0.08 -0.0013     
   C(   3)- C(   2)- H(  10)  109.838  109.310  0.590  0.0036  0.08  0.0012     
   H(   9)- C(   2)- H(  10)  105.712  107.600  0.550  0.0441                   
   C(   2)- C(   3)- C(   5)  112.727  111.000  0.670  0.0427  0.13  0.0115     
   C(   2)- C(   3)- H(  11)  109.593  109.310  0.590  0.0010  0.08  0.0007     
   C(   2)- C(   3)- H(  12)  109.156  109.310  0.590  0.0003  0.08 -0.0004     
   C(   5)- C(   3)- H(  11)  109.593  109.310  0.590  0.0010  0.08  0.0007     
   C(   5)- C(   3)- H(  12)  109.156  109.310  0.590  0.0003  0.08 -0.0004     
   H(  11)- C(   3)- H(  12)  106.416  107.600  0.550  0.0172                   
   C(   1)- P(   4)- C(   6)   99.855   95.600  0.770  0.2876  0.10  0.0095     
   C(   1)- P(   4)- C(  17)  102.010   95.600  0.770  0.6326  0.10  0.0077     
   C(   6)- P(   4)- C(  17)  102.010   95.600  0.770  0.6326  0.10  0.0077     
   C(   3)- C(   5)- C(   6)  113.071  111.000  0.670  0.0612  0.13  0.0129     
   C(   3)- C(   5)- H(  13)  108.828  109.310  0.590  0.0030  0.08 -0.0013     
   C(   3)- C(   5)- H(  14)  109.838  109.310  0.590  0.0036  0.08  0.0012     
   C(   6)- C(   5)- H(  13)  108.691  109.310  0.590  0.0050  0.08 -0.0015     
   C(   6)- C(   5)- H(  14)  110.416  109.310  0.590  0.0156  0.08  0.0022     
   H(  13)- C(   5)- H(  14)  105.712  107.600  0.550  0.0441                   
   P(   4)- C(   6)- C(   5)  114.465  108.000  0.600  0.5010  0.13  0.0283     
   P(   4)- C(   6)- H(  15)  107.597  108.400  0.570  0.0081  0.08 -0.0010     
   P(   4)- C(   6)- H(  16)  108.173  108.400  0.570  0.0006  0.08 -0.0003     
   C(   5)- C(   6)- H(  15)  109.538  109.310  0.590  0.0007  0.08  0.0005     
   C(   5)- C(   6)- H(  16)  110.124  109.310  0.590  0.0085  0.08  0.0017     
   H(  15)- C(   6)- H(  16)  106.624  107.600  0.550  0.0116                   
   P(   4)- C(  17)- H(  18)  112.414  108.600  0.570  0.1721  0.08 -0.0024     
   P(   4)- C(  17)- H(  19)  109.660  108.600  0.570  0.0138  0.08  0.0000     
   P(   4)- C(  17)- H(  20)  109.660  108.600  0.570  0.0138  0.08  0.0000     
   H(  18)- C(  17)- H(  19)  108.370  107.800  0.550  0.0039                   
   H(  18)- C(  17)- H(  20)  108.370  107.800  0.550  0.0039                   
   H(  19)- C(  17)- H(  20)  108.269  107.800  0.550  0.0026                   


     DIHEDRAL ANGLES, TORSIONAL ENERGY (ET)   (   54 ANGLES)

           ET = (V1/2)(1+COS(W))+(V2/2)(1-COS(2W))+(V3/2)(1+COS(3W))

           ETS = -11.995*(R-R0)((KTS1/2)(1+COS(W))+
                                (KTS2/2)(1-COS(2W)+
                                (KTS3/2)(1+COS(3W))

           SIGN OF ANGLE A-B-C-D : WHEN LOOKING THROUGH B TOWARD C,
           IF D IS COUNTERCLOCKWISE FROM A, NEGATIVE.

         A T O M S               OMEGA    V1     V2     V3     ET   KTS3   ETS
 C(   1) C(   2) C(   3) C(   5)  62.4  0.185  0.170  0.520  0.271 0.059 0.000  
 C(   1) C(   2) C(   3) H(  11) -59.9  0.000  0.000  0.280  0.000 0.059 0.000  
 C(   1) C(   2) C(   3) H(  12)-176.1  0.000  0.000  0.280  0.003 0.059 0.000  
 C(   1) P(   4) C(   6) C(   5) -46.0 -1.430  0.000  0.589 -1.136 0.104-0.001  
 C(   1) P(   4) C(   6) H(  15)  76.0  0.000  0.000  0.410  0.068 0.104-0.001  
 C(   1) P(   4) C(   6) H(  16)-169.2  0.000  0.000  0.410  0.032 0.104 0.000  
 C(   1) P(   4) C(  17) H(  18)  51.5  0.000  0.000  0.410  0.020 0.104 0.000  
 C(   1) P(   4) C(  17) H(  19) 172.1  0.000  0.000  0.410  0.017 0.104 0.000  
 C(   1) P(   4) C(  17) H(  20) -69.1  0.000  0.000  0.410  0.023 0.104 0.000  
 C(   2) C(   1) P(   4) C(   6)  46.0 -1.430  0.000  0.589 -1.136 0.104-0.001  
 C(   2) C(   1) P(   4) C(  17) -58.7 -1.430  0.000  0.589 -1.086 0.104 0.000  
 C(   2) C(   3) C(   5) C(   6) -62.4  0.185  0.170  0.520  0.271 0.059 0.000  
 C(   2) C(   3) C(   5) H(  13) 176.7  0.000  0.000  0.280  0.002 0.059 0.000  
 C(   2) C(   3) C(   5) H(  14)  61.4  0.000  0.000  0.280  0.000 0.059 0.000  
 C(   3) C(   2) C(   1) P(   4) -57.2  0.200  0.000  0.500  0.157 0.059 0.000 C
 C(   3) C(   2) C(   1) H(   7)-179.4  0.000  0.000  0.280  0.000 0.059 0.000  
 C(   3) C(   2) C(   1) H(   8)  63.7  0.000  0.000  0.280  0.003 0.059 0.000  
 C(   3) C(   5) C(   6) P(   4)  57.2  0.200  0.000  0.500  0.157 0.059 0.000 C
 C(   3) C(   5) C(   6) H(  15) -63.7  0.000  0.000  0.280  0.003 0.059 0.000  
 C(   3) C(   5) C(   6) H(  16) 179.4  0.000  0.000  0.280  0.000 0.059 0.000  
 P(   4) C(   1) C(   2) H(   9)-178.2  0.000  0.000  0.305  0.001 0.059 0.000  
 P(   4) C(   1) C(   2) H(  10)  66.3  0.000  0.000  0.305  0.008 0.059 0.000  
 P(   4) C(   6) C(   5) H(  13) 178.2  0.000  0.000  0.305  0.001 0.059 0.000  
 P(   4) C(   6) C(   5) H(  14) -66.3  0.000  0.000  0.305  0.008 0.059 0.000  
 C(   5) C(   3) C(   2) H(   9)-176.7  0.000  0.000  0.280  0.002 0.059 0.000  
 C(   5) C(   3) C(   2) H(  10) -61.4  0.000  0.000  0.280  0.000 0.059 0.000  
 C(   5) C(   6) P(   4) C(  17)  58.7 -1.430  0.000  0.589 -1.086 0.104 0.000  
 C(   6) P(   4) C(   1) H(   7) 169.2  0.000  0.000  0.410  0.032 0.104 0.000  
 C(   6) P(   4) C(   1) H(   8) -76.0  0.000  0.000  0.410  0.068 0.104-0.001  
 C(   6) P(   4) C(  17) H(  18) -51.5  0.000  0.000  0.410  0.020 0.104 0.000  
 C(   6) P(   4) C(  17) H(  19)  69.1  0.000  0.000  0.410  0.023 0.104 0.000  
 C(   6) P(   4) C(  17) H(  20)-172.1  0.000  0.000  0.410  0.017 0.104 0.000  
 C(   6) C(   5) C(   3) H(  11)  59.9  0.000  0.000  0.280  0.000 0.059 0.000  
 C(   6) C(   5) C(   3) H(  12) 176.1  0.000  0.000  0.280  0.003 0.059 0.000  
 H(   7) C(   1) C(   2) H(   9)  59.7  0.000  0.000  0.238  0.000 0.059 0.000  
 H(   7) C(   1) C(   2) H(  10) -55.8  0.000  0.000  0.238  0.003 0.059 0.000  
 H(   7) C(   1) P(   4) C(  17)  64.5  0.000  0.000  0.410  0.006 0.104 0.000  
 H(   8) C(   1) C(   2) H(   9) -57.3  0.000  0.000  0.238  0.001 0.059 0.000  
 H(   8) C(   1) C(   2) H(  10)-172.8  0.000  0.000  0.238  0.008 0.059 0.000  
 H(   8) C(   1) P(   4) C(  17) 179.3  0.000  0.000  0.410  0.000 0.104 0.000  
 H(   9) C(   2) C(   3) H(  11)  61.0  0.000  0.000  0.238  0.000 0.059 0.000  
 H(   9) C(   2) C(   3) H(  12) -55.2  0.000  0.000  0.238  0.004 0.059 0.000  
 H(  10) C(   2) C(   3) H(  11) 176.2  0.000  0.000  0.238  0.002 0.059 0.000  
 H(  10) C(   2) C(   3) H(  12)  60.1  0.000  0.000  0.238  0.000 0.059 0.000  
 H(  11) C(   3) C(   5) H(  13) -61.0  0.000  0.000  0.238  0.000 0.059 0.000  
 H(  11) C(   3) C(   5) H(  14)-176.2  0.000  0.000  0.238  0.002 0.059 0.000  
 H(  12) C(   3) C(   5) H(  13)  55.2  0.000  0.000  0.238  0.004 0.059 0.000  
 H(  12) C(   3) C(   5) H(  14) -60.1  0.000  0.000  0.238  0.000 0.059 0.000  
 H(  13) C(   5) C(   6) H(  15)  57.3  0.000  0.000  0.238  0.001 0.059 0.000  
 H(  13) C(   5) C(   6) H(  16) -59.7  0.000  0.000  0.238  0.000 0.059 0.000  
 H(  14) C(   5) C(   6) H(  15) 172.8  0.000  0.000  0.238  0.008 0.059 0.000  
 H(  14) C(   5) C(   6) H(  16)  55.8  0.000  0.000  0.238  0.003 0.059 0.000  
 H(  15) C(   6) P(   4) C(  17)-179.3  0.000  0.000  0.410  0.000 0.104 0.000  
 H(  16) C(   6) P(   4) C(  17) -64.5  0.000  0.000  0.410  0.006 0.104 0.000  


 ==============================================================================
                        NORMAL MODE VIBRATIONAL ANALYSIS
 ==============================================================================


             Molecular Shape : ASYMMETRIC ROTOR WITH KAPPA =-0.409673
        Symmetry Point Group : Cs  
             Symmetry Number :  1
                   Chirality :  no



0       FUNDAMENTAL NORMAL VIBRATIONAL FREQUENCIES
                ( THEORETICALLY  54 VALUES )

             Frequency :  in 1/cm
             A(i)      :  IR intensity (vs,s,m,w,vw,-- or in 10**6 cm/mole)
             A(i) = -- :  IR inactive


             no       Frequency   Symmetry      A(i)

             1.          3042.8     (A`  )        m
             2.          3013.5     (A"  )        m
             3.          2966.9     (A`  )        m
             4.          2966.3     (A"  )        m
             5.          2946.0     (A`  )        s
             6.          2944.6     (A"  )        w
             7.          2923.2     (A`  )        m
             8.          2921.2     (A`  )        w
             9.          2915.0     (A`  )        w
            10.          2914.7     (A"  )        m
            11.          2891.3     (A`  )        m
            12.          2887.6     (A"  )        m
            13.          2868.6     (A`  )        m
            14.          1488.7     (A"  )        w
            15.          1488.4     (A`  )        w
            16.          1482.6     (A"  )       vw
            17.          1476.9     (A`  )       vw
            18.          1447.8     (A`  )        w
            19.          1441.1     (A"  )        w
            20.          1435.0     (A`  )        w
            21.          1433.3     (A"  )        w
            22.          1414.6     (A`  )        w
            23.          1390.4     (A"  )        m
            24.          1367.3     (A`  )        w
            25.          1357.5     (A"  )        w
            26.          1309.6     (A`  )        w
            27.          1235.6     (A"  )       vw
            28.          1229.4     (A`  )        w
            29.          1222.0     (A"  )       vw
            30.          1208.8     (A`  )        w
            31.          1194.7     (A"  )        w
            32.          1053.2     (A"  )       vw
            33.          1027.2     (A`  )       vw
            34.           994.0     (A`  )        w
            35.           945.0     (A"  )        w
            36.           912.3     (A`  )        w
            37.           910.5     (A"  )        w
            38.           891.4     (A"  )        w
            39.           834.7     (A`  )        w
            40.           821.2     (A`  )        w
            41.           798.6     (A`  )        w
            42.           778.6     (A"  )        w
            43.           703.8     (A`  )        w
            44.           667.1     (A"  )        w
            45.           612.7     (A`  )        w
            46.           517.5     (A`  )        w
            47.           381.0     (A"  )       vw
            48.           358.3     (A`  )        w
            49.           314.0     (A`  )        w
            50.           276.9     (A"  )        w
            51.           246.9     (A`  )        w
            52.           244.7     (A"  )        w
            53.           174.4     (A"  )       vw
            54.           149.0     (A`  )        w
            55.     (       0.0)    (t/r )
            56.     (       0.0)    (t/r )
            57.     (       0.0)    (t/r )
            58.     (       0.0)    (t/r )
            59.     (       0.0)    (t/r )
            60.     (       0.0)    (t/r )


0       CORRESPONDING EIGEN VECTOR MATRIX   60 BY  60



 (  1)
     0.000    0.000    0.000   -0.001    0.000   -0.002    0.000    0.000
     0.000    0.000    0.000    0.000   -0.001    0.000   -0.002    0.000
     0.000    0.000    0.001   -0.002    0.000    0.001    0.000    0.002
     0.002    0.003    0.000    0.009    0.001    0.022    0.000    0.000
     0.000   -0.001    0.000    0.000    0.002   -0.003    0.000    0.009
    -0.001    0.022    0.001    0.000    0.002    0.001    0.002    0.000
     0.085    0.000   -0.035   -0.666    0.000    0.523   -0.176   -0.231
    -0.057   -0.176    0.231   -0.057

 (  2)
     0.000    0.000    0.001    0.000    0.000    0.000    0.000    0.000
     0.000    0.000    0.000    0.000    0.000    0.000    0.000    0.000
     0.000   -0.001   -0.002    0.003   -0.001   -0.002   -0.001   -0.005
     0.000    0.000    0.000    0.000    0.000    0.000    0.000    0.000
     0.000    0.000    0.000    0.000    0.000    0.000    0.000    0.000
     0.000    0.000    0.002   -0.001    0.005    0.002    0.003    0.001
     0.000   -0.093    0.000    0.000    0.018    0.000    0.361    0.542
     0.143   -0.361    0.542   -0.143

 (  3)
    -0.033    0.031   -0.045   -0.001   -0.001   -0.003    0.001    0.000
    -0.002    0.000    0.000    0.000   -0.001    0.001   -0.003   -0.033
    -0.031   -0.045    0.244   -0.409    0.099    0.143    0.039    0.432
     0.008    0.011    0.002    0.007   -0.001    0.043    0.006    0.000
     0.015   -0.014    0.000    0.010    0.008   -0.011    0.002    0.007
     0.001    0.043    0.143   -0.039    0.432    0.244    0.409    0.099
     0.000    0.000    0.000    0.004    0.000   -0.003    0.002    0.003
     0.001    0.002   -0.003    0.001

 (  4)
    -0.033    0.031   -0.045   -0.001   -0.001   -0.003    0.000    0.000
     0.000    0.000    0.000    0.000    0.001   -0.001    0.003    0.033
     0.031    0.045    0.243   -0.407    0.098    0.144    0.039    0.435
     0.008    0.012    0.002    0.007   -0.001    0.042    0.000   -0.001
     0.000    0.000    0.000    0.000   -0.008    0.012   -0.002   -0.007
    -0.001   -0.042   -0.144    0.039   -0.435   -0.243   -0.407   -0.098
     0.000   -0.001    0.000    0.000    0.000    0.000    0.004    0.006
     0.001   -0.004    0.006   -0.001

 (  5)
     0.002   -0.002    0.004   -0.031   -0.020   -0.051    0.003    0.000
    -0.005    0.000    0.000    0.000   -0.031    0.020   -0.051    0.002
     0.002    0.004   -0.016    0.028   -0.008   -0.015   -0.003   -0.027
     0.200    0.265    0.045    0.168   -0.022    0.548    0.021    0.000
     0.046   -0.041    0.000    0.027    0.200   -0.265    0.045    0.168
     0.022    0.548   -0.015    0.003   -0.027   -0.016   -0.028   -0.008
    -0.005    0.000   -0.002   -0.003    0.000    0.000    0.029    0.040
     0.011    0.029   -0.040    0.011

 (  6)
     0.002   -0.002    0.004   -0.031   -0.020   -0.051    0.000    0.000
     0.000    0.000    0.000    0.000    0.031   -0.020    0.051   -0.002
    -0.002   -0.004   -0.015    0.026   -0.008   -0.015   -0.003   -0.027
     0.200    0.264    0.045    0.169   -0.022    0.553    0.000   -0.010
     0.000    0.000    0.001    0.000   -0.200    0.264   -0.045   -0.169
    -0.022   -0.553    0.015   -0.003    0.027    0.015    0.026    0.008
     0.000    0.000    0.000    0.000   -0.003    0.000    0.000    0.000
     0.000    0.000    0.000    0.000

 (  7)
     0.000   -0.001   -0.002   -0.003   -0.003   -0.004   -0.021    0.000
     0.088    0.000    0.000    0.000   -0.003    0.003   -0.004    0.000
     0.001   -0.002    0.000    0.001    0.000    0.006    0.002    0.021
     0.024    0.033    0.006    0.005    0.006    0.030   -0.245    0.000
    -0.664    0.500    0.000   -0.367    0.024   -0.033    0.006    0.005
    -0.006    0.030    0.006   -0.002    0.021    0.000   -0.001    0.000
    -0.002    0.000   -0.003   -0.017    0.000    0.014    0.019    0.027
     0.007    0.019   -0.027    0.007

 (  8)
     0.000   -0.001   -0.001   -0.003   -0.003   -0.003   -0.001    0.000
     0.004    0.000    0.000   -0.001   -0.003    0.003   -0.003    0.000
     0.001   -0.001   -0.009    0.015   -0.003    0.005    0.002    0.017
     0.029    0.039    0.006    0.007   -0.002    0.025   -0.009    0.000
    -0.027    0.027    0.000   -0.020    0.029   -0.039    0.006    0.007
     0.002    0.025    0.005   -0.002    0.017   -0.009   -0.015   -0.003
     0.030    0.000    0.049    0.340    0.000   -0.279   -0.342   -0.488
    -0.138   -0.342    0.488   -0.138

 (  9)
     0.008   -0.038   -0.033   -0.007   -0.010    0.008   -0.003    0.000
    -0.004    0.001    0.000    0.000   -0.007    0.010    0.008    0.008
     0.038   -0.033   -0.223    0.381   -0.075    0.142    0.056    0.454
     0.089    0.113    0.009   -0.024    0.006   -0.086    0.020    0.000
     0.051    0.014    0.000   -0.007    0.089   -0.113    0.009   -0.024
    -0.006   -0.086    0.142   -0.056    0.455   -0.224   -0.382   -0.075
    -0.001    0.000   -0.002   -0.017    0.000    0.014    0.015    0.021
     0.006    0.015   -0.021    0.006

 ( 10)
    -0.008    0.038    0.033    0.007    0.010   -0.007    0.000   -0.001
     0.000    0.000   -0.001    0.000   -0.007    0.010    0.007    0.008
     0.038   -0.033    0.227   -0.387    0.076   -0.142   -0.056   -0.455
    -0.087   -0.110   -0.009    0.022   -0.006    0.077    0.000    0.000
     0.000    0.000    0.003    0.000    0.087   -0.110    0.009   -0.022
    -0.006   -0.077    0.142   -0.056    0.455   -0.226   -0.386   -0.076
     0.000    0.000    0.000    0.000   -0.001    0.000   -0.001   -0.001
     0.000    0.001   -0.001    0.000

 ( 11)
     0.001   -0.010   -0.007    0.018    0.039   -0.022    0.030    0.000
     0.009    0.000    0.000    0.000    0.018   -0.039   -0.022    0.001
     0.010   -0.007   -0.058    0.107   -0.025    0.036    0.014    0.112
    -0.299   -0.414   -0.049    0.082   -0.022    0.293   -0.103    0.000
    -0.250   -0.233    0.000    0.151   -0.299    0.414   -0.049    0.082
     0.022    0.293    0.036   -0.014    0.112   -0.058   -0.107   -0.025
     0.000    0.000    0.002    0.017    0.000   -0.015   -0.008   -0.012
    -0.004   -0.008    0.012   -0.004

 ( 12)
    -0.001    0.010    0.006   -0.021   -0.042    0.023    0.000    0.004
     0.000    0.000    0.000    0.000    0.021   -0.042   -0.023    0.001
     0.010   -0.006    0.055   -0.102    0.024   -0.035   -0.014   -0.106
     0.336    0.456    0.055   -0.089    0.025   -0.320    0.000   -0.002
     0.000    0.000   -0.011    0.000   -0.336    0.456   -0.055    0.089
     0.025    0.320    0.035   -0.014    0.106   -0.055   -0.102   -0.024
     0.000    0.000    0.000    0.000    0.002    0.000    0.000    0.000
     0.000    0.000    0.000    0.000

 ( 13)
     0.000   -0.003   -0.001    0.011    0.015   -0.010   -0.067    0.000
    -0.013    0.000    0.000    0.000    0.011   -0.015   -0.010    0.000
     0.003   -0.001   -0.013    0.025   -0.007    0.009    0.003    0.026
    -0.144   -0.182   -0.024    0.038   -0.011    0.138    0.220    0.000
     0.530    0.551    0.000   -0.374   -0.144    0.182   -0.024    0.038
     0.011    0.138    0.009   -0.003    0.026   -0.013   -0.025   -0.007
     0.000    0.000    0.001    0.005    0.000   -0.005   -0.002   -0.003
    -0.001   -0.002    0.003   -0.001

 ( 14)
     0.014    0.001   -0.012   -0.001   -0.062    0.036    0.000    0.087
     0.000    0.000    0.000    0.000    0.001   -0.062   -0.036   -0.014
     0.001    0.012   -0.046   -0.015    0.087   -0.049    0.034    0.002
    -0.111    0.052   -0.370    0.200    0.358    0.010    0.000   -0.167
     0.000    0.000   -0.233    0.000    0.111    0.052    0.370   -0.200
     0.358   -0.010    0.049    0.034   -0.002    0.046   -0.015   -0.087
     0.000    0.007    0.000    0.000   -0.108    0.000    0.039   -0.004
    -0.050   -0.039   -0.004    0.050

 ( 15)
     0.040   -0.009   -0.027   -0.051   -0.015    0.050    0.007    0.000
    -0.005   -0.004    0.000    0.001   -0.051    0.015    0.050    0.040
     0.009   -0.027   -0.037   -0.022    0.164   -0.140    0.087    0.015
     0.001   -0.010   -0.405    0.311    0.275   -0.032   -0.007    0.000
    -0.001    0.025    0.000    0.017    0.001    0.010   -0.405    0.311
    -0.275   -0.032   -0.140   -0.087    0.015   -0.037    0.022    0.164
    -0.006    0.000    0.007   -0.059    0.000   -0.062    0.054   -0.036
    -0.015    0.054    0.036   -0.015

 ( 16)
    -0.050    0.016    0.032    0.084   -0.058   -0.037    0.000    0.105
     0.000    0.000    0.002    0.000   -0.084   -0.058    0.037    0.050
     0.016   -0.032    0.000    0.012   -0.177    0.180   -0.112   -0.021
    -0.151    0.090    0.165   -0.247    0.049    0.064    0.000   -0.246
     0.000    0.000   -0.141    0.000    0.151    0.090   -0.165    0.247
     0.049   -0.064   -0.180   -0.112    0.021    0.000    0.012    0.177
     0.000   -0.004    0.000    0.000    0.059    0.000   -0.023    0.003
     0.027    0.023    0.003   -0.027

 ( 17)
     0.033   -0.013   -0.022   -0.067    0.060    0.006    0.082    0.000
     0.009   -0.002    0.000    0.001   -0.067   -0.060    0.006    0.033
     0.013   -0.022    0.013   -0.004    0.114   -0.129    0.079    0.016
     0.239   -0.176    0.113    0.038   -0.242   -0.045   -0.330    0.000
     0.186   -0.130    0.000   -0.337    0.239    0.176    0.113    0.038
     0.242   -0.045   -0.129   -0.079    0.016    0.013    0.004    0.114
     0.003    0.000   -0.003    0.024    0.000    0.025   -0.027    0.019
     0.005   -0.027   -0.019    0.005

 ( 18)
     0.027   -0.019   -0.030   -0.011    0.008   -0.005   -0.046    0.000
    -0.018    0.000    0.000    0.000   -0.011   -0.008   -0.005    0.027
     0.019   -0.030    0.017    0.038    0.293   -0.210    0.234    0.013
     0.029   -0.043    0.128   -0.061   -0.146    0.001    0.394    0.000
    -0.200    0.220    0.000    0.376    0.029    0.043    0.128   -0.061
     0.146    0.001   -0.210   -0.234    0.013    0.017   -0.038    0.293
     0.013    0.000   -0.007    0.084    0.000    0.078   -0.124    0.093
     0.007   -0.124   -0.093    0.007

 ( 19)
    -0.021    0.015    0.027   -0.002    0.015    0.005    0.000   -0.054
     0.000    0.000    0.004    0.000    0.002    0.015   -0.005    0.021
     0.015   -0.027   -0.005   -0.037   -0.280    0.186   -0.215   -0.008
    -0.005    0.034   -0.074    0.084    0.041   -0.021    0.000    0.148
     0.000    0.000    0.140    0.000    0.005    0.034    0.074   -0.084
     0.041    0.021   -0.186   -0.215    0.008    0.005   -0.037    0.280
     0.000    0.037    0.000    0.000   -0.512    0.000    0.208   -0.019
    -0.279   -0.208   -0.019    0.279

 ( 20)
     0.006   -0.003   -0.004   -0.004    0.010   -0.007   -0.008    0.000
    -0.005   -0.003    0.000    0.000   -0.004   -0.010   -0.007    0.006
     0.003   -0.004    0.003    0.005    0.046   -0.041    0.039    0.006
     0.031   -0.028    0.098   -0.036   -0.093   -0.006    0.102    0.000
    -0.050    0.059    0.000    0.093    0.031    0.028    0.098   -0.036
     0.093   -0.006   -0.041   -0.039    0.006    0.003   -0.005    0.046
    -0.051    0.000    0.019   -0.278    0.000   -0.242    0.480   -0.370
    -0.003    0.480    0.370   -0.003

 ( 21)
    -0.009    0.018    0.022   -0.015    0.009    0.019    0.000   -0.051
     0.000    0.000   -0.003    0.000    0.015    0.009   -0.019    0.009
     0.018   -0.022   -0.027   -0.052   -0.271    0.161   -0.230   -0.001
    -0.006    0.032   -0.186    0.144    0.110   -0.019    0.000    0.152
     0.000    0.000    0.105    0.000    0.006    0.032    0.186   -0.144
     0.110    0.019   -0.161   -0.230    0.001    0.027   -0.052    0.271
     0.000   -0.035    0.000    0.000    0.465    0.000   -0.195    0.018
     0.259    0.195    0.018   -0.259

 ( 22)
    -0.022   -0.026   -0.012    0.064   -0.040   -0.020    0.006    0.000
     0.022    0.004    0.000   -0.002    0.064    0.040   -0.020   -0.022
     0.026   -0.012    0.080    0.100    0.290   -0.084    0.298   -0.032
    -0.172    0.129    0.033   -0.171    0.142    0.059   -0.272    0.000
     0.135   -0.207    0.000   -0.273   -0.172   -0.129    0.033   -0.171
    -0.142    0.059   -0.084   -0.298   -0.032    0.080   -0.100    0.290
    -0.003    0.000    0.001   -0.016    0.000   -0.013    0.030   -0.022
    -0.002    0.030    0.022   -0.002

 ( 23)
    -0.055   -0.036    0.009    0.057   -0.014   -0.012    0.000   -0.090
     0.000    0.000    0.004    0.000   -0.057   -0.014    0.012    0.055
    -0.036   -0.009    0.174    0.128    0.142    0.073    0.258   -0.067
    -0.161    0.169   -0.092   -0.061    0.182    0.033    0.000    0.263
     0.000    0.000    0.385    0.000    0.161    0.169    0.092    0.061
     0.182   -0.033   -0.073    0.258    0.067   -0.174    0.128   -0.142
     0.000   -0.002    0.000    0.000    0.019    0.000   -0.009    0.001
     0.011    0.009    0.001   -0.011

 ( 24)
    -0.085   -0.060    0.027   -0.012    0.032    0.007    0.006    0.000
    -0.004    0.013    0.000   -0.005   -0.012   -0.032    0.007   -0.085
     0.060    0.027    0.336    0.168   -0.048    0.256    0.223   -0.116
     0.172   -0.080   -0.123    0.092   -0.007   -0.027    0.078    0.000
    -0.031    0.061    0.000    0.070    0.172    0.080   -0.123    0.092
     0.007   -0.027    0.256   -0.223   -0.116    0.336   -0.168   -0.048
     0.000    0.000    0.003   -0.010    0.000   -0.009    0.002    0.003
    -0.014    0.002   -0.003   -0.014

 ( 25)
    -0.071   -0.053    0.024   -0.029    0.030    0.011    0.000    0.053
     0.000    0.000    0.005    0.000    0.029    0.030   -0.011    0.071
    -0.053   -0.024    0.292    0.135   -0.072    0.239    0.172   -0.103
     0.245   -0.157   -0.092    0.105   -0.071   -0.034    0.000   -0.167
     0.000    0.000   -0.228    0.000   -0.245   -0.157    0.092   -0.105
    -0.071    0.034   -0.239    0.172    0.103   -0.292    0.135    0.072
     0.000   -0.001    0.000    0.000    0.011    0.000   -0.006    0.001
     0.006    0.006    0.001   -0.006

 ( 26)
    -0.002   -0.002   -0.001   -0.002   -0.001    0.003    0.001    0.000
     0.000    0.002    0.000    0.009   -0.002    0.001    0.003   -0.002
     0.002   -0.001    0.010    0.004   -0.003   -0.002   -0.002   -0.001
     0.007   -0.003   -0.039   -0.002    0.020    0.006   -0.001    0.000
     0.001    0.001    0.000    0.002    0.007    0.003   -0.039   -0.002
    -0.020    0.006   -0.002    0.002   -0.001    0.010   -0.004   -0.003
    -0.036    0.000   -0.128    0.346    0.000    0.336    0.035   -0.223
     0.469    0.035    0.223    0.469

 ( 27)
     0.002    0.001   -0.013   -0.002   -0.006    0.044    0.000   -0.006
     0.000    0.000    0.001    0.000    0.002   -0.006   -0.044   -0.002
     0.001    0.013   -0.086   -0.034    0.057    0.188    0.073   -0.082
    -0.102    0.063    0.090   -0.033   -0.050    0.061    0.000    0.629
     0.000    0.000   -0.606    0.000    0.102    0.063   -0.090    0.033
    -0.050   -0.061   -0.188    0.073    0.082    0.086   -0.034   -0.057
     0.000    0.000    0.000    0.000    0.000    0.000    0.001    0.000
    -0.002   -0.001    0.000    0.002

 ( 28)
     0.006    0.005    0.017    0.000    0.002    0.014   -0.029    0.000
    -0.045   -0.002    0.000   -0.003    0.000   -0.002    0.014    0.006
    -0.005    0.017    0.017    0.014    0.034    0.103    0.082   -0.017
    -0.316    0.226    0.109    0.411   -0.312   -0.122   -0.108    0.000
    -0.028   -0.032    0.000   -0.051   -0.316   -0.226    0.109    0.411
     0.312   -0.122    0.103   -0.082   -0.017    0.017   -0.014    0.034
    -0.001    0.000   -0.004    0.009    0.000    0.007   -0.005   -0.004
     0.020   -0.005    0.004    0.020

 ( 29)
     0.010    0.003    0.021   -0.019    0.016   -0.014    0.000   -0.022
     0.000    0.000   -0.007    0.000    0.019    0.016    0.014   -0.010
     0.003   -0.021    0.243    0.118   -0.080   -0.122   -0.005    0.070
    -0.363    0.254    0.115    0.296   -0.173   -0.121    0.000   -0.159
     0.000    0.000   -0.210    0.000    0.363    0.254   -0.115   -0.296
    -0.173    0.121    0.122   -0.005   -0.070   -0.243    0.118    0.080
     0.000   -0.001    0.000    0.000    0.001    0.000   -0.003   -0.002
     0.012    0.003   -0.002   -0.012

 ( 30)
     0.004   -0.005    0.015   -0.010    0.012   -0.030    0.004    0.000
     0.012    0.010    0.000    0.013   -0.010   -0.012   -0.030    0.004
     0.005    0.015    0.399    0.185   -0.175   -0.414   -0.161    0.169
    -0.106    0.079    0.007    0.036    0.034   -0.050    0.030    0.000
     0.003   -0.020    0.000   -0.019   -0.106   -0.079    0.007    0.036
    -0.034   -0.050   -0.414    0.161    0.169    0.399   -0.185   -0.175
    -0.002    0.000   -0.003   -0.006    0.000   -0.008   -0.002    0.002
    -0.013   -0.002   -0.002   -0.013

 ( 31)
     0.001   -0.006   -0.005   -0.006    0.006   -0.007    0.000   -0.006
     0.000    0.000   -0.006    0.000    0.006    0.006    0.007   -0.001
    -0.006    0.005    0.323    0.149   -0.159   -0.353   -0.164    0.124
     0.087   -0.057   -0.052   -0.252    0.185    0.074    0.000    0.254
     0.000    0.000   -0.221    0.000   -0.087   -0.057    0.052    0.252
     0.185   -0.074    0.353   -0.164   -0.124   -0.323    0.149    0.159
     0.000    0.002    0.000    0.000   -0.007    0.000    0.007   -0.001
    -0.004   -0.007   -0.001    0.004

 ( 32)
    -0.035    0.008    0.039    0.059   -0.062   -0.014    0.000    0.104
     0.000    0.000    0.003    0.000   -0.059   -0.062    0.014    0.035
     0.008   -0.039    0.004    0.033    0.047   -0.162   -0.062    0.091
     0.120   -0.113    0.023    0.293   -0.173   -0.089    0.000    0.439
     0.000    0.000    0.191    0.000   -0.120   -0.113   -0.023   -0.293
    -0.173    0.089    0.162   -0.062   -0.091   -0.004    0.033   -0.047
     0.000   -0.002    0.000    0.000   -0.001    0.000   -0.006   -0.001
     0.008    0.006   -0.001   -0.008

 ( 33)
    -0.064   -0.001    0.055    0.079   -0.022   -0.057   -0.060    0.000
     0.012    0.010    0.000    0.005    0.079    0.022   -0.057   -0.064
     0.001    0.055   -0.171   -0.054    0.102   -0.185   -0.053    0.103
     0.235   -0.128   -0.119    0.211   -0.119   -0.105    0.069    0.000
    -0.040   -0.151    0.000   -0.113    0.235    0.128   -0.119    0.211
     0.119   -0.105   -0.185    0.053    0.103   -0.171    0.054    0.102
    -0.002    0.000   -0.005   -0.004    0.000   -0.008   -0.005    0.001
    -0.003   -0.005   -0.001   -0.003

 ( 34)
    -0.021   -0.001   -0.046    0.049   -0.010    0.086   -0.055    0.000
    -0.110    0.012    0.000    0.012    0.049    0.010    0.086   -0.021
     0.001   -0.046    0.069    0.075    0.048   -0.070   -0.172   -0.018
     0.071    0.015   -0.193   -0.130   -0.236    0.139   -0.337    0.000
    -0.015    0.099    0.000    0.104    0.071   -0.015   -0.193   -0.130
     0.236    0.139   -0.070    0.172   -0.018    0.069   -0.075    0.048
    -0.007    0.000    0.001    0.024    0.000    0.045    0.021   -0.005
    -0.053    0.021    0.005   -0.053

 ( 35)
     0.060    0.032   -0.063   -0.035   -0.046    0.064    0.000    0.070
     0.000    0.000   -0.041    0.000    0.035   -0.046   -0.064   -0.060
     0.032    0.063    0.225    0.139   -0.027    0.168   -0.036   -0.094
    -0.058   -0.037    0.114   -0.021   -0.028    0.065    0.000    0.069
     0.000    0.000    0.323    0.000    0.058   -0.037   -0.114    0.021
    -0.028   -0.065   -0.168   -0.036    0.094   -0.225    0.139    0.027
     0.000    0.044    0.000    0.000   -0.107    0.000    0.085   -0.061
     0.191   -0.085   -0.061   -0.191

 ( 36)
     0.002   -0.007    0.006   -0.009    0.004   -0.007    0.007    0.000
     0.015    0.024    0.000   -0.010   -0.009   -0.004   -0.007    0.002
     0.007    0.006   -0.029   -0.031   -0.013   -0.002    0.018    0.005
    -0.028    0.019   -0.017    0.003    0.005   -0.010    0.047    0.000
     0.001   -0.018    0.000   -0.019   -0.028   -0.019   -0.017    0.003
    -0.005   -0.010   -0.002   -0.018    0.005   -0.029    0.031   -0.013
    -0.100    0.000    0.034    0.341    0.000    0.612    0.138   -0.062
    -0.375    0.138    0.062   -0.375

 ( 37)
    -0.020    0.001    0.035    0.010    0.017   -0.042    0.000   -0.035
     0.000    0.000   -0.020    0.000   -0.010    0.017    0.042    0.020
     0.001   -0.035   -0.096   -0.048    0.013   -0.042    0.051    0.039
     0.046   -0.016    0.002    0.026    0.075   -0.048    0.000   -0.018
     0.000    0.000   -0.146    0.000   -0.046   -0.016   -0.002   -0.026
     0.075    0.048    0.042    0.051   -0.039    0.096   -0.048   -0.013
     0.000    0.101    0.000    0.000   -0.267    0.000    0.201   -0.155
     0.487   -0.201   -0.155   -0.487

 ( 38)
     0.050    0.002    0.049   -0.059   -0.033   -0.061    0.000    0.009
     0.000    0.000   -0.003    0.000    0.059   -0.033    0.061   -0.050
     0.002   -0.049    0.011   -0.069   -0.148    0.053    0.239    0.029
     0.004   -0.135    0.296    0.090    0.330   -0.096    0.000    0.117
     0.000    0.000    0.041    0.000   -0.004   -0.135   -0.296   -0.090
     0.330    0.096   -0.053    0.239   -0.029   -0.011   -0.069    0.148
     0.000   -0.021    0.000    0.000    0.038    0.000   -0.041    0.025
    -0.075    0.041    0.025    0.075

 ( 39)
    -0.023    0.057    0.003   -0.026   -0.104   -0.011    0.034    0.000
    -0.061    0.009    0.000    0.007   -0.026    0.104   -0.011   -0.023
    -0.057    0.003    0.074    0.147    0.126    0.047   -0.082   -0.006
     0.062   -0.216    0.269    0.149    0.152   -0.053   -0.225    0.000
     0.035    0.188    0.000    0.148    0.062    0.216    0.269    0.149
    -0.152   -0.053    0.047    0.082   -0.006    0.074   -0.147    0.126
    -0.013    0.000   -0.009    0.023    0.000    0.035    0.002   -0.004
    -0.037    0.002    0.004   -0.037

 ( 40)
    -0.009    0.029   -0.079   -0.010   -0.010    0.018   -0.041    0.000
     0.091    0.012    0.000    0.026   -0.010    0.010    0.018   -0.009
    -0.029   -0.079    0.098    0.160    0.203    0.140   -0.258   -0.103
     0.000   -0.018    0.018    0.045   -0.054    0.001    0.369    0.000
    -0.060   -0.297    0.000   -0.261    0.000    0.018    0.018    0.045
     0.054    0.001    0.140    0.258   -0.103    0.098   -0.160    0.203
    -0.005    0.000   -0.022   -0.003    0.000   -0.021    0.000    0.000
    -0.037    0.000    0.000   -0.037

 ( 41)
    -0.083    0.011   -0.004   -0.004    0.075   -0.028    0.140    0.000
    -0.003    0.027    0.000    0.029   -0.004   -0.075   -0.028   -0.083
    -0.011   -0.004   -0.142    0.032    0.220   -0.026   -0.168   -0.007
    -0.109    0.160   -0.057   -0.012    0.029   -0.028   -0.007    0.000
     0.054    0.254    0.000    0.147   -0.109   -0.160   -0.057   -0.012
    -0.029   -0.028   -0.026    0.168   -0.007   -0.142   -0.032    0.220
    -0.005    0.000   -0.034   -0.024    0.000   -0.061   -0.012    0.004
    -0.036   -0.012   -0.004   -0.036

 ( 42)
    -0.053    0.079   -0.025   -0.016   -0.004   -0.043    0.000   -0.058
     0.000    0.000   -0.029    0.000    0.016   -0.004    0.043    0.053
     0.079    0.025    0.026    0.213    0.330    0.106   -0.261   -0.045
     0.058   -0.085    0.132    0.102    0.167   -0.073    0.000   -0.062
     0.000    0.000   -0.123    0.000   -0.058   -0.085   -0.132   -0.102
     0.167    0.073   -0.106   -0.261    0.045   -0.026    0.213   -0.330
     0.000   -0.014    0.000    0.000    0.021    0.000   -0.032    0.022
    -0.055    0.032    0.022    0.055

 ( 43)
    -0.010    0.066    0.006    0.010    0.014   -0.009    0.039    0.000
     0.005   -0.047    0.000   -0.083    0.010   -0.014   -0.009   -0.010
    -0.066    0.006    0.047    0.126    0.106    0.011   -0.058    0.011
     0.012    0.027   -0.096   -0.018   -0.047   -0.003    0.055    0.000
    -0.001    0.033    0.000   -0.005    0.012   -0.027   -0.096   -0.018
     0.047   -0.003    0.011    0.058    0.011    0.047   -0.126    0.106
     0.050    0.000    0.163    0.076    0.000    0.206    0.059   -0.011
     0.201    0.059    0.011    0.201

 ( 44)
    -0.047   -0.104   -0.060   -0.041   -0.016    0.008    0.000    0.015
     0.000    0.000    0.094    0.000    0.041   -0.016   -0.008    0.047
    -0.104    0.060   -0.028   -0.070    0.042   -0.042   -0.223   -0.052
    -0.087   -0.012    0.200    0.067    0.110   -0.020    0.000    0.015
     0.000    0.000    0.075    0.000    0.087   -0.012   -0.200   -0.067
     0.110    0.020    0.042   -0.223    0.052    0.028   -0.070   -0.042
     0.000    0.014    0.000    0.000   -0.030    0.000    0.025   -0.023
     0.083   -0.025   -0.023   -0.083

 ( 45)
     0.045    0.120    0.042    0.033    0.029   -0.011    0.017    0.000
    -0.005   -0.062    0.000    0.032    0.033   -0.029   -0.011    0.045
    -0.120    0.042    0.079    0.136    0.014    0.075    0.161    0.030
     0.072    0.023   -0.147   -0.048   -0.049    0.011    0.024    0.000
    -0.008    0.019    0.000   -0.004    0.072   -0.023   -0.147   -0.048
     0.049    0.011    0.075   -0.161    0.030    0.079   -0.136    0.014
    -0.041    0.000   -0.095   -0.010    0.000   -0.058   -0.027    0.002
    -0.150   -0.027   -0.002   -0.150

 ( 46)
    -0.041    0.028    0.019   -0.043   -0.095    0.035    0.111    0.000
    -0.009    0.033    0.000   -0.008   -0.043    0.095    0.035   -0.041
    -0.028    0.019   -0.057   -0.016   -0.127   -0.096    0.145    0.024
    -0.096   -0.031   -0.143   -0.119   -0.234    0.052    0.299    0.000
    -0.080   -0.028    0.000   -0.204   -0.096    0.031   -0.143   -0.119
     0.234    0.052   -0.096   -0.145    0.024   -0.057    0.016   -0.127
     0.012    0.000   -0.016   -0.022    0.000   -0.058    0.002    0.003
    -0.001    0.002   -0.003   -0.001

 ( 47)
     0.075   -0.068   -0.045    0.081    0.088   -0.056    0.000    0.063
     0.000    0.000   -0.043    0.000   -0.081    0.088    0.056   -0.075
    -0.068    0.045    0.064   -0.052    0.051    0.111   -0.129   -0.050
     0.072    0.084    0.018    0.108    0.120   -0.063    0.000    0.086
     0.000    0.000   -0.018    0.000   -0.072    0.084   -0.018   -0.108
     0.120    0.063   -0.111   -0.129    0.050   -0.064   -0.052   -0.051
     0.000   -0.004    0.000    0.000   -0.005    0.000   -0.028    0.021
    -0.021    0.028    0.021    0.021

 ( 48)
     0.046   -0.041    0.042   -0.043   -0.056   -0.066   -0.019    0.000
     0.093    0.001    0.000   -0.012   -0.043    0.056   -0.066    0.046
     0.041    0.042    0.073    0.001    0.158    0.134   -0.146    0.023
    -0.067   -0.015   -0.227   -0.120   -0.209   -0.047   -0.207    0.000
     0.161    0.090    0.000    0.244   -0.067    0.015   -0.227   -0.120
     0.209   -0.047    0.134    0.146    0.023    0.073   -0.001    0.158
     0.014    0.000   -0.025   -0.001    0.000   -0.041    0.012    0.001
    -0.025    0.012   -0.001   -0.025

 ( 49)
    -0.004    0.071    0.045   -0.044    0.043    0.019   -0.097    0.000
     0.013    0.112    0.000   -0.059   -0.044   -0.043    0.019   -0.004
    -0.071    0.045   -0.034    0.056    0.058   -0.002    0.050    0.046
    -0.008    0.017    0.007   -0.071    0.053    0.027   -0.100    0.000
     0.015   -0.088    0.000    0.027   -0.008   -0.017    0.007   -0.071
    -0.053    0.027   -0.002   -0.050    0.046   -0.034   -0.056    0.058
    -0.041    0.000   -0.014   -0.102    0.000   -0.093   -0.064    0.001
     0.045   -0.064   -0.001    0.045

 ( 50)
    -0.060    0.018   -0.076    0.050    0.013    0.057    0.000   -0.032
     0.000    0.000   -0.042    0.000   -0.050    0.013   -0.057    0.060
     0.018    0.076   -0.089   -0.035   -0.225   -0.164    0.153   -0.054
     0.067   -0.020    0.187    0.151    0.103    0.027    0.000   -0.097
     0.000    0.000   -0.037    0.000   -0.067   -0.020   -0.187   -0.151
     0.103   -0.027    0.164    0.153    0.054    0.089   -0.035    0.225
     0.000    0.039    0.000    0.000   -0.139    0.000   -0.192    0.169
     0.006    0.192    0.169   -0.006

 ( 51)
     0.034   -0.055    0.049    0.037   -0.008    0.043    0.070    0.000
    -0.027   -0.021    0.000   -0.064    0.037    0.008    0.043    0.034
     0.055    0.049    0.068   -0.015    0.134    0.038   -0.161    0.058
     0.022    0.000    0.064    0.015    0.019    0.049    0.161    0.000
    -0.060    0.011    0.000   -0.107    0.022    0.000    0.064    0.015
    -0.019    0.049    0.038    0.161    0.058    0.068    0.015    0.134
    -0.153    0.000   -0.026   -0.190    0.000   -0.077   -0.169    0.000
     0.020   -0.169    0.000    0.020

 ( 52)
    -0.029   -0.017   -0.047   -0.028   -0.026   -0.051    0.000    0.002
     0.000    0.000   -0.043    0.000    0.028   -0.026    0.051    0.029
    -0.017    0.047   -0.048   -0.036   -0.077   -0.026    0.024   -0.052
    -0.047   -0.007   -0.080   -0.014   -0.062   -0.055    0.000    0.054
     0.000    0.000   -0.005    0.000    0.047   -0.007    0.080    0.014
    -0.062    0.055    0.026    0.024    0.052    0.048   -0.036    0.077
     0.000    0.155    0.000    0.000    0.496    0.000    0.224    0.045
    -0.171   -0.224    0.045    0.171

 ( 53)
    -0.003   -0.021    0.011   -0.056   -0.017   -0.053    0.000    0.030
     0.000    0.000   -0.018    0.000    0.056   -0.017    0.053    0.003
    -0.021   -0.011   -0.010   -0.013    0.057    0.042   -0.051   -0.002
    -0.084    0.018   -0.140   -0.112   -0.096   -0.039    0.000    0.091
     0.000    0.000    0.041    0.000    0.084    0.018    0.140    0.112
    -0.096    0.039   -0.042   -0.051    0.002    0.010   -0.013   -0.057
     0.000    0.080    0.000    0.000   -0.338    0.000   -0.375    0.321
     0.060    0.375    0.321   -0.060

 ( 54)
     0.004   -0.027    0.080   -0.044    0.017    0.011   -0.028    0.000
    -0.117   -0.019    0.000   -0.006   -0.044   -0.017    0.011    0.004
     0.027    0.080    0.013    0.002    0.178    0.049   -0.123    0.074
    -0.031    0.005    0.032   -0.095    0.093    0.030    0.120    0.000
    -0.170   -0.119    0.000   -0.239   -0.031   -0.005    0.032   -0.095
    -0.093    0.030    0.049    0.123    0.074    0.013   -0.002    0.178
     0.127    0.000   -0.051    0.172    0.000    0.008    0.144    0.001
    -0.100    0.144   -0.001   -0.100

 ( 55)
    -0.017    0.068   -0.008   -0.013    0.104   -0.008    0.032    0.134
     0.000    0.033    0.025    0.002    0.077    0.104    0.009    0.083
     0.068    0.011   -0.050    0.047   -0.013   -0.019    0.087   -0.009
    -0.044    0.128   -0.014   -0.015    0.086   -0.008    0.033    0.154
     0.000    0.032    0.162   -0.001    0.108    0.128    0.014    0.078
     0.086    0.009    0.087    0.087    0.011    0.115    0.047    0.017
     0.032   -0.003    0.003    0.031    0.023    0.002    0.063   -0.026
     0.009    0.000   -0.026   -0.003

 ( 56)
    -0.018   -0.051    0.114    0.008    0.009    0.139    0.021    0.010
     0.103    0.005   -0.065    0.022    0.046    0.009    0.026    0.025
    -0.051   -0.010   -0.026   -0.049    0.141   -0.045   -0.091    0.127
    -0.009    0.012    0.194    0.034    0.050    0.132   -0.006   -0.031
     0.112    0.037    0.052    0.125    0.056    0.012    0.004    0.073
     0.050    0.017    0.000   -0.091   -0.005    0.045   -0.049   -0.065
     0.050    0.005    0.010    0.067    0.048    0.032    0.069    0.006
    -0.045    0.042    0.006    0.034

 ( 57)
    -0.079    0.042   -0.004   -0.045    0.023    0.043   -0.057    0.026
     0.095   -0.080    0.043   -0.023   -0.051    0.023    0.087   -0.085
     0.042    0.045   -0.069    0.039   -0.040   -0.118    0.059    0.008
    -0.049    0.024    0.052   -0.006    0.006    0.031   -0.096    0.043
     0.109   -0.033    0.013    0.128   -0.058    0.024    0.127   -0.012
     0.006    0.076   -0.124    0.059    0.059   -0.079    0.039    0.041
    -0.014    0.013   -0.041    0.011    0.000   -0.009   -0.008    0.011
    -0.048   -0.005    0.011   -0.079

 ( 58)
    -0.080   -0.038   -0.058   -0.068   -0.010   -0.046   -0.020    0.027
    -0.014   -0.025   -0.086   -0.037    0.032   -0.010    0.007    0.030
    -0.038    0.001   -0.115   -0.065   -0.081   -0.092   -0.003   -0.057
    -0.104    0.019   -0.060   -0.062   -0.045   -0.049   -0.028    0.063
    -0.011   -0.015    0.048   -0.007    0.065    0.019    0.030    0.041
    -0.045    0.005    0.027   -0.003    0.006    0.069   -0.065    0.017
    -0.012   -0.142   -0.040   -0.007   -0.122   -0.034    0.025   -0.171
    -0.026   -0.045   -0.171   -0.063

 ( 59)
     0.052    0.012   -0.047    0.070   -0.048   -0.015    0.052   -0.044
     0.067    0.039    0.020    0.000    0.044   -0.048    0.116    0.023
     0.012    0.098    0.066    0.005   -0.107    0.031    0.062   -0.045
     0.076   -0.048   -0.047    0.093   -0.099   -0.024    0.030    0.006
     0.075    0.066   -0.087    0.086    0.032   -0.048    0.175    0.066
    -0.099    0.111    0.000    0.062    0.110    0.019    0.005    0.134
     0.076   -0.066   -0.010    0.090   -0.110    0.008    0.072   -0.071
     0.023    0.090   -0.071   -0.069

 ( 60)
     0.015   -0.005   -0.036    0.050    0.002    0.007    0.029   -0.010
     0.014    0.005    0.007   -0.109    0.027    0.002   -0.042   -0.010
    -0.005   -0.091    0.032    0.005   -0.039   -0.024   -0.028   -0.021
     0.052   -0.006    0.050    0.091    0.026   -0.004   -0.012   -0.033
     0.028    0.054   -0.005    0.048    0.013   -0.006   -0.034    0.067
     0.026   -0.055   -0.051   -0.028   -0.079   -0.010    0.005   -0.130
     0.073    0.046   -0.128    0.099    0.051   -0.094    0.073    0.056
    -0.169    0.090    0.056   -0.134


 ==============================================================================
                      STATISTICAL THERMODYNAMICS ANALYSIS
 ==============================================================================

  Structure name    : P-me-phosphorinane-ax                                       
  Temperature       :   298.16 K
  Symmetry number   :   1
  Optical isomers   :   1
  Zero Point Energy :  110.702 Kcal/mol


                     ENERGY   ENTHALPY    ENTROPY  FREE ENERGY   HEAT CAPACITY
                  (Kcal/mol) (Kcal/mol)     (eu)   (Kcal/mol)    (cal/mol/deg)
  Translational       0.889      1.481     40.145    -10.488         4.967
     Rotational       0.889      0.889     27.941     -7.442         2.980
    Vibrational     113.931%   113.931%    17.338*   108.761%       25.439*
      Potential       5.013#     5.013#     0.000      5.013#        0.000
         Mixing       0.000      0.000      0.000      0.000         0.000
          Total     120.721    121.313     85.424     95.843        33.387

  Enthalpy Function (H-Ho)/T     =   18.78 cal/mol/deg
  Free Energy Function -(G-Ho)/T =   66.65 cal/mol/deg

  % Includes zero point energy (ZPE).
  * Excludes contribution from frequencies lower than 40 (1/cm).
  # Includes steric energy (SE).
    Internal rotation contributions are not considered

  This structure has   0 imaginary frequencies,
                       0 free internal rotation (fir) frequencies
                         (>= 0,< 10 /cm),
                       0 restricted internal rotation (rir) frequencies
                         (>= 10,< 40 /cm),
                       6 zero frequencies, and
                      54 real frequencies.


      FINAL STERIC ENERGY IS      5.0131 KCAL/MOL.


                COMPRESSION       0.1448
                BENDING           3.1515
                BEND-BEND        -0.1368
                STRETCH-BEND      0.1200
                VANDERWAALS
                  1,4 ENERGY      4.6730
                  OTHER           0.2521
                H-BONDING         0.0000
                PI-COMPLX         0.0000

                TORSIONAL        -3.1851
                TORSION-STRETCH  -0.0064
                DIPOLE-DIPOLE     0.0000
                CHARGE-DIPOLE     0.0000
                CHARGE-CHARGE     0.0000

      -----------------------------------------------------------------

      COORDINATES TRANSLATED TO NEW ORIGIN WHICH IS CENTER OF MASS
         C(   1)    -0.01111     1.41640     0.57370   (  1)
         C(   2)     1.19765     1.27789    -0.36001   (  1)
         C(   3)     2.00947     0.00000    -0.10744   (  1)
         P(   4)    -1.20057     0.00000     0.50302   ( 25)
         C(   5)     1.19765    -1.27789    -0.36001   (  1)
         C(   6)    -0.01111    -1.41640     0.57370   (  1)
         H(   7)    -0.56824     2.34837     0.34168   (  5)
         H(   8)     0.33914     1.50861     1.62346   (  5)
         H(   9)     1.86247     2.16045    -0.21675   (  5)
         H(  10)     0.87308     1.31482    -1.42267   (  5)
         H(  11)     2.39013     0.00000     0.93992   (  5)
         H(  12)     2.90717     0.00000    -0.76903   (  5)
         H(  13)     1.86247    -2.16045    -0.21674   (  5)
         H(  14)     0.87308    -1.31482    -1.42267   (  5)
         H(  15)     0.33914    -1.50861     1.62346   (  5)
         H(  16)    -0.56824    -2.34837     0.34168   (  5)
         C(  17)    -1.69188     0.00000    -1.27366   (  1)
         H(  18)    -0.81920     0.00000    -1.95233   (  5)
         H(  19)    -2.30385    -0.89846    -1.49143   (  5)
         H(  20)    -2.30385     0.89846    -1.49143   (  5)

      MOMENT OF INERTIA WITH THE PRINCIPAL AXES

          (1)  UNIT = 10**(-39) GM*CM**2
               IX=   29.1497    IY=   42.3337    IZ=   52.2253

          (2)  UNIT = AU A**2
               IX=  175.5631    IY=  254.9674    IZ=  314.5424



      MOLECULAR POLARIZABILITIES (A**3)
        ALPHA(1)   =      19.69
        ALPHA(2)   =      19.95
        ALPHA(3)   =      18.72
        AVG. ALPHA =      19.45



      DIPOLE MOMENT =          1.284 D


        COMPONENTS WITH PRINCIPAL AXES

                          X = -0.9678    Y =  0.0000    Z =  0.8431


      E (INDP/INDP) =          0.142 KCAL/MOLE
      DIPOLE MOMENT =          1.338 D (INCLUDES INDUCED BOND MOMENTS)
      *NOTE*  E (INDP/INDP) IS NOT INCLUDED IN THE FINAL STERIC ENERGY

        COMPONENTS WITH PRINCIPAL AXES

                          X = -1.0456    Y =  0.0000    Z =  0.8349



      TOTAL ATOMIC CHARGE ON EACH ATOM (in ELECTRON CHARGE)

           C(    1):          0.086
           C(    2):         -0.007
           C(    3):          0.005
           P(    4):         -0.288
           C(    5):         -0.007
           C(    6):          0.086
           H(    7):          0.004
           H(    8):          0.004
           H(    9):          0.003
           H(   10):          0.003
           H(   11):          0.001
           H(   12):          0.001
           H(   13):          0.003
           H(   14):          0.003
           H(   15):          0.004
           H(   16):          0.004
           C(   17):          0.080
           H(   18):          0.004
           H(   19):          0.004
           H(   20):          0.004

      -----------------------------------------------------------------

        END OF P-me-phosphorinane-ax                                       


           TOTAL CPU TIME IS      0.05 SECONDS.

           THIS JOB COMPLETED AT    11:13:38
