 
               ---------------------------------------------
               WARNING : INCORRECT ATOM TYPES GIVEN IN INPUT
                         DATA ARE CORRECTED AS FOLLOWS
               ---------------------------------------------


             Atom type of atom    1 is replaced by   1 (was   0)
             Atom type of atom    2 is replaced by   1 (was   0)
             Atom type of atom    3 is replaced by   1 (was   0)
             Atom type of atom    4 is replaced by   6 (was   0)
             Atom type of atom    5 is replaced by   6 (was   0)
             Atom type of atom    6 is replaced by   1 (was   0)
             Atom type of atom    7 is replaced by   1 (was   0)
             Atom type of atom    8 is replaced by   1 (was   0)
             Atom type of atom    9 is replaced by   5 (was   0)
             Atom type of atom   10 is replaced by   5 (was   0)
             Atom type of atom   11 is replaced by   5 (was   0)
             Atom type of atom   12 is replaced by   5 (was   0)
             Atom type of atom   13 is replaced by   5 (was   0)
             Atom type of atom   14 is replaced by   5 (was   0)
             Atom type of atom   15 is replaced by   5 (was   0)
             Atom type of atom   16 is replaced by   5 (was   0)
             Atom type of atom   17 is replaced by   5 (was   0)
             Atom type of atom   18 is replaced by   5 (was   0)
             Atom type of atom   19 is replaced by   5 (was   0)
             Atom type of atom   20 is replaced by   5 (was   0)
 
     2,5-dimethyl-1,3-dioxane-eq,ax                              

               CHEMICAL FORMULA :  C(    6)  H(   12)  O(    2) 
               FORMULA WEIGHT   :    116.086
                                                               DATE 30-MAY-23
                                                               TIME  18:40:45


          THE COORDINATES OF    20 ATOMS ARE READ IN.
          SOME CONSTANTS WILL BE READ IN.

      CONFORMATIONAL ENERGY, PART 1:  GEOMETRY AND STERIC ENERGY
                                      OF INITIAL CONFORMATION.


      CONNECTED ATOMS
          1-    2-    3-    5-    6-    7-
          1-    4-    6-
          2-    8-

      ATTACHED ATOMS
          1-    9,    1-   10,    2-   11,    3-   12,    3-   13,    6-   14,
          7-   15,    7-   16,    7-   17,    8-   18,    8-   19,    8-   20,

      INITIAL ATOMIC COORDINATES
           ATOM          X           Y           Z      TYPE
         C(    1)    -0.41378    -1.26487    -0.63190   (  1)
         C(    2)     0.44838    -0.00998    -0.31557   (  1)
         C(    3)    -0.41357     1.24521    -0.63139   (  1)
         O(    4)    -1.69296    -1.20358     0.02954   (  6)
         O(    5)    -1.69304     1.18381     0.02950   (  6)
         C(    6)    -2.44480    -0.00993    -0.28390   (  1)
         C(    7)    -3.73637    -0.01008     0.55526   (  1)
         C(    8)     0.95911    -0.01026     1.15124   (  1)
         H(    9)     0.10154    -2.16882    -0.30091   (  5)
         H(   10)    -0.56279    -1.35482    -1.71249   (  5)
         H(   11)     1.32233    -0.01003    -0.97459   (  5)
         H(   12)    -0.56223     1.33582    -1.71196   (  5)
         H(   13)     0.10185     2.14888    -0.29964   (  5)
         H(   14)    -2.72869    -0.00993    -1.34251   (  5)
         H(   15)    -3.49405    -0.00832     1.61972   (  5)
         H(   16)    -4.33186     0.87606     0.32742   (  5)
         H(   17)    -4.32992    -0.89823     0.33000   (  5)
         H(   18)     0.12509    -0.00726     1.85608   (  5)
         H(   19)     1.57035    -0.89550     1.33792   (  5)
         H(   20)     1.57539     0.87181     1.33627   (  5)

        %=%=%=%=%=%=%=%=%=%=%=%=%=%=%=%=%=%=%=%=%=%=%=%=%=%=%=

        MM4(08)-v010108: (Const:V010108-00)

        The Parameters Used in This Calculation Can be Found
        in the Publication(s) Listed in the PART 3

        %=%=%=%=%=%=%=%=%=%=%=%=%=%=%=%=%=%=%=%=%=%=%=%=%=%=%=


          DIELECTRIC CONSTANT =  1.500


      INITIAL STERIC ENERGY IS              6.0733 KCAL/MOL.

                  COMPRESSION               4.2813
                  STRETCH-STRETCH           0.0000
                  BENDING                   4.1997
                  BEND-BEND                 0.0193
                  STRETCH-BEND              0.3451
                  VANDERWAALS
                    1,4 ENERGY              3.0847
                    OTHER                  -1.0474
                  H-BONDING                 0.0000
                  PI-COMPLX                 0.0000
                  TORSIONAL                 1.0376
                  TORSION-STRETCH          -0.0924
                  TORSION-BEND             -3.0465
                  BEND-TORSION-BEND        -0.2732
                  TORSION-IMPT              0.0000
                  IMPT-TORSION-IMPT         0.0000
                  TORSION-TORSION           1.0232
                  DIPOLE-DIPOLE            -2.1129
                  CHARGE-DIPOLE             0.0000
                  IND_DIP CORR.            -1.3452
                  CHARGE-CHARGE             0.0000


      MOMENT OF INERTIA ( R(g) ) WITH THE PRINCIPAL AXES

          (1)  UNIT = 10**(-39) GM*CM**2
               IX=   24.8659    IY=   51.8180    IZ=   60.0235

          (2)  UNIT = AU A**2
               IX=  149.7670    IY=  312.0997    IZ=  361.5218


      MOLECULAR POLARIZABILITIES (A**3)

        ALPHA(1)   =      15.74
        ALPHA(2)   =      14.48
        ALPHA(3)   =      13.07
        AVG. ALPHA =      14.43


      DIPOLE MOMENT =          1.7841 D

        SIGMA-DIPOLE MOMENT =  1.7841 (X = -0.8522    Y =  0.0000    Z =  1.5674)


      DIPOLE MOMENT =          1.5120 D (INCLUDES INDUCED BOND MOMENTS)

        SIGMA-DIPOLE MOMENT =  1.5120 (X = -1.0812    Y =  0.0001    Z =  1.0569)


      OTHER MOLECULAR PROPERTIES:

        Molar Polarizability:    36.6099 cm**3/mole
        Molar Refraction:        36.3845 cm**3/mole
        Radius of Gyration:       2.6642 A
        Molecular VDW Surface:  205.8823 A**2
        Molecular VDW Volume:   190.9011 A**3
        Dispersion Energy:      -12.5431 Kcal/mole
        Density (gas):          0.004744 g/cm**3 (@  298.2 K, 1 atm)
        Density (cdn):            0.8753 g/cm**3 (@STP Estd.)
        Ref. Index (gas):       1.002233 (@  298.2 K, 1 atm)
        Ref. Index (cdn):         1.4613 (@STP Estd.)
        Diel. Constant (gas):     1.0097 (@  298.2 K, 1 atm)
        Diel. Constant (cdn):    10.0104 (@STP Estd.)



      CPU TIME FOR INITIAL CALCULATION IS     0.03 SECONDS.
 


     2,5-dimethyl-1,3-dioxane-eq,ax                              


     CONFORMATIONAL ENERGY, PART 2: GEOMETRY MINIMIZATION

               GEOMETRY OPTIMIZATION IS CONTINUED UNTIL ATOM
               MOVEMENT CONVERGES WITHIN FOLLOWING VALUES:

                         AVERAGE MOVEMENT  0.00013 A
                         MAXIMUM MOVEMENT  0.00134 A



     <<<<<<<<<<<<<<<<<<<<<<<<<<  C Y C L E   1 >>>>>>>>>>>>>>>>>>>>>>>>>>

                              (CH)-MOVEMENT = 0

     ITER    1  AVG. MOVE = 0.01467 A  (MAX MOVE: ATOM    14   0.12371 A)
     ITER    2  AVG. MOVE = 0.00557 A  (MAX MOVE: ATOM    12   0.03518 A)
     ITER    3  AVG. MOVE = 0.00317 A  (MAX MOVE: ATOM    10   0.01714 A)
     ITER    4  AVG. MOVE = 0.00193 A  (MAX MOVE: ATOM    12   0.00911 A)
     ITER    5  AVG. MOVE = 0.00146 A  (MAX MOVE: ATOM    12   0.00651 A)
     ITER    6  AVG. MOVE = 0.00118 A  (MAX MOVE: ATOM    12   0.00516 A)
     ITER    7  AVG. MOVE = 0.00099 A  (MAX MOVE: ATOM    14   0.00444 A)
     ITER    8  AVG. MOVE = 0.00084 A  (MAX MOVE: ATOM    14   0.00385 A)
     ITER    9  AVG. MOVE = 0.00071 A  (MAX MOVE: ATOM    14   0.00334 A)
     ITER   10  AVG. MOVE = 0.00062 A  (MAX MOVE: ATOM    14   0.00291 A)
     ITER   11  AVG. MOVE = 0.00054 A  (MAX MOVE: ATOM    18   0.00259 A)
     ITER   12  AVG. MOVE = 0.00047 A  (MAX MOVE: ATOM    18   0.00235 A)
     ITER   13  AVG. MOVE = 0.00041 A  (MAX MOVE: ATOM    18   0.00212 A)
     ITER   14  AVG. MOVE = 0.00036 A  (MAX MOVE: ATOM    18   0.00192 A)
     ITER   15  AVG. MOVE = 0.00031 A  (MAX MOVE: ATOM    18   0.00179 A)
     ITER   16  AVG. MOVE = 0.00028 A  (MAX MOVE: ATOM    18   0.00167 A)
     ITER   17  AVG. MOVE = 0.00024 A  (MAX MOVE: ATOM    18   0.00156 A)
     ITER   18  AVG. MOVE = 0.00022 A  (MAX MOVE: ATOM    18   0.00145 A)
     ITER   19  AVG. MOVE = 0.00019 A  (MAX MOVE: ATOM    18   0.00135 A)
     ITER   20  AVG. MOVE = 0.00017 A  (MAX MOVE: ATOM    18   0.00126 A)
     ITER   21  AVG. MOVE = 0.00016 A  (MAX MOVE: ATOM    18   0.00117 A)
     ITER   22  AVG. MOVE = 0.00014 A  (MAX MOVE: ATOM    18   0.00109 A)
     ITER   23  AVG. MOVE = 0.00013 A  (MAX MOVE: ATOM    18   0.00101 A)


              * * * * * * * * * GEOMETRY IS OPTIMIZED * * * * * * * * *

               WITHIN : AVERAGE MOVEMENT  0.00013 A (LIMIT  0.00013 A)
                        MAXIMUM MOVEMENT  0.00101 A (LIMIT  0.00134 A)

               GRADIENT
                 RMS GRADIENT                  0.053072 KCAL/MOL/A

                 MAX GRADIENT
                   X-DIRECTION : ATOM #    8   0.251581 KCAL/MOL/A
                   Y-DIRECTION : ATOM #   19   0.067217 KCAL/MOL/A
                   Z-DIRECTION : ATOM #    6   0.114566 KCAL/MOL/A

        DELTA TIME =    0.00 SEC.       TOTAL CPU TIME =      0.05 SEC.


                            =====================
                            FULL-MATRIX OPTIMIZER
                            =====================


     iter.  rms force   max force   avg. move    max move  atom  convg  d-time

        0    0.073791    0.442733   0.00273 A   0.02051 A   20    [N]     0.0s
        1    0.007242    0.026404   0.00002 A   0.00019 A   18    [N]     0.0s
        2    0.000020    0.000060                                 [Y]     0.0s


      TOTAL ENERGY IS      0.2791 KCAL/MOL.

        COMPRESS    0.6262      VDW 1,4    3.9476      DIPL-DIPL   -2.2076
        STR-STR     0.0000        OTHER   -0.7518      CHRG-DIPL    0.0000
        BENDING     2.2200      TORSION    0.6638      CHRG-CHRG    0.0000
        BEND-BEND  -0.0929      TOR-STR   -1.0385      EPR          0.0000
        STR-BEND    0.3134      TOR-BEND  -2.8144      TOR-BENBEN  -0.1322
        TOR-IMPT    0.0000      TOR-IPIP   0.0000      TORS-TORS    1.0950
        IND-DIP    -1.5494      H-BOND     0.0000      PI-COMPLX    0.0000
0     DELTA(T) =     0.0 SEC.          ELAPSED TIME =     0.1 SEC.


    * * * ENERGY IS STATIONARY WITHIN RMS OF FORCES   0.00010  Kcal/mol/A * * *

                 * * * *  RMS FORCE IS   0.00002 Kcal/mol/A * * * *

 
     2,5-dimethyl-1,3-dioxane-eq,ax                              


     %=%=%=%=%=%=%=%=%=%=%=%=%=%=%=%=%=%=%=%=%=%=%=%=%=%=%=%=%=%=%=%=%=%=%=

     The Parameters Used in This Calculation Can be Found in the Following
     Publication(s):

     The MM4 Program is Developed by Dr. N. L. Allinger and co-workers at  
     the University of Georgia, Athens, Georgia 30602-2556 USA.            
     (c) Copyright 2003 by N. L. Allinger. All rights reserved.            
                                                                           
     MM4 General Description and Alkanes:                                  
      Allinger,N.L.; Chen,K.; Lii,J.-H. J. Comput. Chem. 1996, 17, 642.    
     Alcohols/Ethers:                                                      
      Allinger,N.L.; Chen,K.-H.; Lii,J.-H.; Durkin,K., J. Comput. Chem.    
      2003, 24, 1447.                                                      
      Lii,J.-H.; Chen,K.-H.; Durkin,K.; Allinger,N.L., J. Comput. Chem.    
      2003, 24, 1473.                                                      
      Lii,J.-H.; Chen,K.-H.; Grindley,T.B.; Allinger,N.L., J. Comput. Chem.
      2003, 24, 1490.                                                      
      Lii,J.-H.; Chen,K.-H.; Allinger,N.L., J. Comput. Chem. 2003, 24,     
      1504.                                                                
      Lii,J.-H.; Chen,K.-H.; Allinger,N.L., J. Phys. Chem. A 2004, 108,    
      3006.                                                                

     %=%=%=%=%=%=%=%=%=%=%=%=%=%=%=%=%=%=%=%=%=%=%=%=%=%=%=%=%=%=%=%=%=%=%=

               CHEMICAL FORMULA :  C(    6)  H(   12)  O(    2) 
               FORMULA WEIGHT   :    116.086
                                                               DATE : 30-MAY-23

           * M M 4 * * * * * * * * * * * 2 0 0 8 *
           *                                     *   PARAMETER RELIABILITY
           *                                     *
           *                                     *   BLANK = GOOD
           *                                     *       B = FAIR
           *                                     *       C = TRIAL
           *                                     *       R = READ IN
           *                                     *       S = SUBSTITUTED
           *                                     *       U = PARAMETER NOT EXIST
           *                                     *
           *                                     *   THIS IS SHOWN AT THE END 
           *                                     *   OF THE LINE.
           * * * * * * * * * * * * * * * * * * * * 


      CONFORMATIONAL ENERGY, PART 3:  GEOMETRY AND STERIC ENERGY
                                      OF FINAL CONFORMATION.

      CONNECTED ATOMS
          1-    2-    3-    5-    6-    7-
          1-    4-    6-
          2-    8-

      ATTACHED ATOMS
          1-    9,    1-   10,    2-   11,    3-   12,    3-   13,    6-   14,
          7-   15,    7-   16,    7-   17,    8-   18,    8-   19,    8-   20,

      FINAL ATOMIC COORDINATE
           ATOM          X           Y           Z      TYPE
         C(    1)     0.71121    -1.23109    -0.61823   (  1)
         C(    2)     1.57018     0.00000    -0.32702   (  1)
         C(    3)     0.71121     1.23109    -0.61823   (  1)
         O(    4)    -0.54239    -1.15717     0.07397   (  6)
         O(    5)    -0.54239     1.15717     0.07397   (  6)
         C(    6)    -1.24453     0.00000    -0.29447   (  1)
         C(    7)    -2.53507     0.00000     0.50012   (  1)
         C(    8)     2.03513     0.00000     1.13567   (  1)
         H(    9)     1.20294    -2.16695    -0.27943   (  5)
         H(   10)     0.52055    -1.34463    -1.71987   (  5)
         H(   11)     2.45629     0.00000    -1.00086   (  5)
         H(   12)     0.52055     1.34463    -1.71987   (  5)
         H(   13)     1.20294     2.16695    -0.27943   (  5)
         H(   14)    -1.42320     0.00000    -1.40976   (  5)
         H(   15)    -2.32576     0.00000     1.59066   (  5)
         H(   16)    -3.14451     0.89991     0.27355   (  5)
         H(   17)    -3.14451    -0.89991     0.27355   (  5)
         H(   18)     1.17413     0.00000     1.84012   (  5)
         H(   19)     2.65361    -0.89586     1.36513   (  5)
         H(   20)     2.65361     0.89586     1.36513   (  5)


          DIELECTRIC CONSTANT =  1.500


      BOND LENGTHS AND STRETCHING ENERGY   (   20 BONDS)

        ENERGY = 71.94(KS)(DR)(DR)(1-(CS)(DR)+(7/12)((CS)(DR))**2)-
                       (1/4)((CS)(DR))**3)+(31/360)((CS)(DR))**4))
                         DR =  R-RO
                         CS =  3.000 FOR X-Y BONDS
                            =  2.200 FOR X-H BONDS
                                                            R(0)-CORR        CORR
             BOND          R(g)    R(0)    K(S)  ENERGY   E-NEG  MISCEL       KS
      C(    1)- C(    2)  1.5291  1.5171  4.550  0.0455 -0.0099                    
      C(    1)- O(    4)  1.4339  1.4190  4.900  0.0749  0.0000                    
      C(    1)- H(    9)  1.1101  1.1086  4.772  0.0008 -0.0034             0.102  
      C(    1)- H(   10)  1.1238  1.1086  4.772  0.0764 -0.0034             0.102  
      C(    2)- C(    3)  1.5291  1.5171  4.550  0.0455 -0.0099                    
      C(    2)- C(    8)  1.5348  1.5264  4.550  0.0226 -0.0006                    
      C(    2)- H(   11)  1.1132  1.1098  4.806  0.0040 -0.0022             0.066  
      C(    3)- O(    5)  1.4339  1.4190  4.900  0.0749  0.0000                    
      C(    3)- H(   12)  1.1238  1.1086  4.772  0.0764 -0.0034             0.102  
      C(    3)- H(   13)  1.1101  1.1086  4.772  0.0008 -0.0034             0.102  
      O(    4)- C(    6)  1.4028  1.3973  4.900  0.0104 -0.0217                    
      O(    5)- C(    6)  1.4028  1.3973  4.900  0.0104 -0.0217                    
      C(    6)- C(    7)  1.5155  1.5116  4.550  0.0050 -0.0154                    
      C(    6)- H(   14)  1.1295  1.1065  4.905  0.1778 -0.0055             0.165  
      C(    7)- H(   15)  1.1105  1.1098  4.806  0.0001 -0.0022             0.066  
      C(    7)- H(   16)  1.1102  1.1098  4.806  0.0001 -0.0022             0.066  
      C(    7)- H(   17)  1.1102  1.1098  4.806  0.0001 -0.0022             0.066  
      C(    8)- H(   18)  1.1125  1.1120  4.740  0.0001                            
      C(    8)- H(   19)  1.1125  1.1120  4.740  0.0001                            
      C(    8)- H(   20)  1.1125  1.1120  4.740  0.0001                            


      NON-BONDED DISTANCES, VDW AND EPR ENERGY   (   132 PAIRS)

              E(VDW) = KV*(1.84(10**5)EXP(-12.00/P) - 2.25(P**6))
              E(EPR) = C*KV*(1.84(10**5)EXP(-12.00/Q) - 2.25(Q**6))
              E(HBD) = EP1-EP2*F(THET1,THET2)*RTH/RTH0
                            EP1 = KHB*2.76(10**5)*EXP(-12.0/P)
                            EP2 = KHB*2.25(P**6)
                              F = FAC*(1+COS(THET1)^N*(1+COS(THET2))^N

            IF P > 3.020, THEN,
              E(VDW) = KV(192.270)(P**2)
              E(HBD) = EP1-EP2*F(THET1,THET2)*RTH/RTH0
                            EP1 = KHB*569.14*P**2
                            EP2 = KHB*187.16*P**2

                       RV = RVDW(I) + RVDW(K)
                       KV = SQRT(EPS(I)*EPS(K))
                      KHB = HYDROGEN BOND ENERGY PARAMETER
                        P = (RV/R) OR (RV/R#)
                        C = SCALE FACTOR
                        Q = RV/R, WHERE R IS MODIFIED DISTANCE
                        N = 1 WHEN Y IS NITROGEN, AND 2 FOR OTHERS
                      FAC = 1/4 WHEN N=1, AND 1/16 WHEN N=2
                    THET1 = ANGLE H-X-Y IN HYDROGEN BOND X-H...Y
                    THET2 = ANGLE X-Y-LP IN HYDROGEN BOND X...Y-LP
                      RTH = BOND LENGTH X-H IN X-H...Y
                     RTH0 = NATURAL BOND LENGTH X-H

          # IN THE VDW CALCULATIONS THE HYDROGEN ATOMS ARE RELOCATED
          SO THAT THE ATTACHED HYDROGEN DISTANCE IS REDUCED BY 0.940

          # IN THE VDW CALCULATIONS THE DEUTERIUM ATOMS ARE RELOCATED
          SO THAT THE ATTACHED DEUTERIUM DISTANCE IS REDUCED BY  0.940

           ATOM PAIR          R       R#       RV      KV       ENERGY
      C(    1), C(    3)   2.4622
      C(    1), O(    5)   2.7847            3.720   0.0471     0.4859  1,4    
      C(    1), C(    6)   2.3335
      C(    1), C(    7)   3.6475            3.920   0.0370    -0.0319  1,4    
      C(    1), C(    8)   2.5188
      C(    1), H(   11)   2.1696
      C(    1), H(   12)   2.8079   2.7756   3.440   0.0240     0.0798  1,4    
      C(    1), H(   13)   3.4501   3.3887   3.440   0.0240    -0.0266  1,4    
      C(    1), H(   14)   2.5880   2.5594   3.440   0.0240     0.2672  1,4    
      C(    1), H(   15)   3.9520   3.9255   3.440   0.0240    -0.0195         
      C(    1), H(   16)   4.4948   4.4407   3.440   0.0240    -0.0108         
      C(    1), H(   17)   3.9713   3.9438   3.440   0.0240    -0.0191         
      C(    1), H(   18)   2.7881   2.7600   3.440   0.0240     0.0884  1,4    
      C(    1), H(   19)   2.7963   2.7678   3.440   0.0240     0.0840  1,4    
      C(    1), H(   20)   3.4972   3.4362   3.440   0.0240    -0.0269  1,4    
      C(    2), O(    4)   2.4419
      C(    2), O(    5)   2.4419
      C(    2), C(    6)   2.8149            3.920   0.0370     0.6250  1,4    
      C(    2), C(    7)   4.1877            3.920   0.0370    -0.0376         
      C(    2), H(    9)   2.1984
      C(    2), H(   10)   2.2022
      C(    2), H(   12)   2.2022
      C(    2), H(   13)   2.1984
      C(    2), H(   14)   3.1832   3.1509   3.440   0.0240    -0.0171         
      C(    2), H(   15)   4.3423   4.3252   3.440   0.0240    -0.0124         
      C(    2), H(   16)   4.8372   4.7935   3.440   0.0240    -0.0071         
      C(    2), H(   17)   4.8372   4.7935   3.440   0.0240    -0.0071         
      C(    2), H(   18)   2.2030
      C(    2), H(   19)   2.1999
      C(    2), H(   20)   2.1999
      C(    3), O(    4)   2.7847            3.720   0.0471     0.4859  1,4    
      C(    3), C(    6)   2.3335
      C(    3), C(    7)   3.6475            3.920   0.0370    -0.0319  1,4    
      C(    3), C(    8)   2.5188
      C(    3), H(    9)   3.4501   3.3887   3.440   0.0240    -0.0266  1,4    
      C(    3), H(   10)   2.8079   2.7756   3.440   0.0240     0.0798  1,4    
      C(    3), H(   11)   2.1696
      C(    3), H(   14)   2.5880   2.5594   3.440   0.0240     0.2672  1,4    
      C(    3), H(   15)   3.9520   3.9255   3.440   0.0240    -0.0195         
      C(    3), H(   16)   3.9713   3.9438   3.440   0.0240    -0.0191         
      C(    3), H(   17)   4.4948   4.4407   3.440   0.0240    -0.0108         
      C(    3), H(   18)   2.7881   2.7600   3.440   0.0240     0.0884  1,4    
      C(    3), H(   19)   3.4972   3.4362   3.440   0.0240    -0.0269  1,4    
      C(    3), H(   20)   2.7963   2.7678   3.440   0.0240     0.0840  1,4    
      O(    4), O(    5)   2.3143
      O(    4), C(    7)   2.3434
      O(    4), C(    8)   3.0183            3.720   0.0471     0.1407  1,4    
      O(    4), H(    9)   2.0471
      O(    4), H(   10)   2.0935
      O(    4), H(   11)   3.3892   3.3294   2.850   0.1200    -0.0882  1,4    
      O(    4), H(   12)   3.2568   3.2194   2.850   0.1200    -0.1013         
      O(    4), H(   13)   3.7711   3.7099   2.850   0.1200    -0.0519         
      O(    4), H(   14)   2.0776
      O(    4), H(   15)   2.6115   2.5827   2.850   0.1200    -0.0695  1,4    
      O(    4), H(   16)   3.3230   3.2619   2.850   0.1200    -0.0962  1,4    
      O(    4), H(   17)   2.6224   2.5931   2.850   0.1200    -0.0758  1,4    
      O(    4), H(   18)   2.7212   2.7271   2.850   0.1200    -0.1241         
      O(    4), H(   19)   3.4569   3.4219   2.850   0.1200    -0.0779         
      O(    4), H(   20)   4.0120   3.9506   2.850   0.1200    -0.0367         
      O(    5), C(    7)   2.3434
      O(    5), C(    8)   3.0183            3.720   0.0471     0.1407  1,4    
      O(    5), H(    9)   3.7711   3.7099   2.850   0.1200    -0.0519         
      O(    5), H(   10)   3.2568   3.2194   2.850   0.1200    -0.1013         
      O(    5), H(   11)   3.3892   3.3294   2.850   0.1200    -0.0882  1,4    
      O(    5), H(   12)   2.0935
      O(    5), H(   13)   2.0471
      O(    5), H(   14)   2.0776
      O(    5), H(   15)   2.6115   2.5827   2.850   0.1200    -0.0695  1,4    
      O(    5), H(   16)   2.6224   2.5931   2.850   0.1200    -0.0758  1,4    
      O(    5), H(   17)   3.3230   3.2619   2.850   0.1200    -0.0962  1,4    
      O(    5), H(   18)   2.7212   2.7271   2.850   0.1200    -0.1241         
      O(    5), H(   19)   4.0120   3.9506   2.850   0.1200    -0.0367         
      O(    5), H(   20)   3.4569   3.4219   2.850   0.1200    -0.0779         
      C(    6), C(    8)   3.5779            3.920   0.0370    -0.0248         
      C(    6), H(    9)   3.2689   3.2097   3.440   0.0240    -0.0212  1,4    
      C(    6), H(   10)   2.6373   2.6064   3.440   0.0240     0.2116  1,4    
      C(    6), H(   11)   3.7676   3.7080   3.440   0.0240    -0.0238         
      C(    6), H(   12)   2.6373   2.6064   3.440   0.0240     0.2116  1,4    
      C(    6), H(   13)   3.2689   3.2097   3.440   0.0240    -0.0212  1,4    
      C(    6), H(   15)   2.1732
      C(    6), H(   16)   2.1777
      C(    6), H(   17)   2.1777
      C(    6), H(   18)   3.2259   3.2373   3.440   0.0240    -0.0227         
      C(    6), H(   19)   4.3304   4.2808   3.440   0.0240    -0.0131         
      C(    6), H(   20)   4.3304   4.2808   3.440   0.0240    -0.0131         
      C(    7), C(    8)   4.6142            3.920   0.0370    -0.0263         
      C(    7), H(    9)   4.3904   4.3415   3.440   0.0240    -0.0122         
      C(    7), H(   10)   4.0091   3.9794   3.440   0.0240    -0.0184         
      C(    7), H(   11)   5.2122   5.1497   3.440   0.0240    -0.0047         
      C(    7), H(   12)   4.0091   3.9794   3.440   0.0240    -0.0184         
      C(    7), H(   13)   4.3904   4.3415   3.440   0.0240    -0.0122         
      C(    7), H(   14)   2.2099
      C(    7), H(   18)   3.9438   3.9785   3.440   0.0240    -0.0184         
      C(    7), H(   19)   5.3360   5.2889   3.440   0.0240    -0.0040         
      C(    7), H(   20)   5.3360   5.2889   3.440   0.0240    -0.0040         
      C(    8), H(    9)   2.7186   2.6941   3.440   0.0240     0.1320  1,4    
      C(    8), H(   10)   3.5009   3.4395   3.440   0.0240    -0.0269  1,4    
      C(    8), H(   11)   2.1776
      C(    8), H(   12)   3.5009   3.4395   3.440   0.0240    -0.0269  1,4    
      C(    8), H(   13)   2.7186   2.6941   3.440   0.0240     0.1320  1,4    
      C(    8), H(   14)   4.2941   4.2461   3.440   0.0240    -0.0136         
      C(    8), H(   15)   4.3846   4.3908   3.440   0.0240    -0.0115         
      C(    8), H(   16)   5.3274   5.2808   3.440   0.0240    -0.0041         
      C(    8), H(   17)   5.3274   5.2808   3.440   0.0240    -0.0041         
      H(    9), H(   10)   1.7935
      H(    9), H(   11)   2.6052   2.5306   3.280   0.0170     0.1168  1,4    
      H(    9), H(   12)   3.8564   3.7600   3.280   0.0170    -0.0135         
      H(    9), H(   13)   4.3339   4.2216   3.280   0.0170    -0.0078         
      H(    9), H(   14)   3.5875   3.4972   3.280   0.0170    -0.0174         
      H(    9), H(   15)   4.5436   4.4854   3.280   0.0170    -0.0056         
      H(    9), H(   16)   5.3490   5.2361   3.280   0.0170    -0.0023         
      H(    9), H(   17)   4.5620   4.5027   3.280   0.0170    -0.0055         
      H(    9), H(   18)   3.0313   2.9763   3.280   0.0170    -0.0101         
      H(    9), H(   19)   2.5347   2.5334   3.280   0.0170     0.1149         
      H(    9), H(   20)   3.7669   3.6781   3.280   0.0170    -0.0148         
      H(   10), H(   11)   2.4642   2.4024   3.280   0.0170     0.2288  1,4    
      H(   10), H(   12)   2.6893   2.6756   3.280   0.0170     0.0456         
      H(   10), H(   13)   3.8564   3.7600   3.280   0.0170    -0.0135         
      H(   10), H(   14)   2.3838   2.3806   3.280   0.0170     0.2544         
      H(   10), H(   15)   4.5683   4.4871   3.280   0.0170    -0.0056         
      H(   10), H(   16)   4.7375   4.6674   3.280   0.0170    -0.0045         
      H(   10), H(   17)   4.1957   4.1543   3.280   0.0170    -0.0085         
      H(   10), H(   18)   3.8612   3.7663   3.280   0.0170    -0.0134         
      H(   10), H(   19)   3.7774   3.6908   3.280   0.0170    -0.0146         
      H(   10), H(   20)   4.3689   4.2577   3.280   0.0170    -0.0075         
      H(   11), H(   12)   2.4642   2.4024   3.280   0.0170     0.2288  1,4    
      H(   11), H(   13)   2.6052   2.5306   3.280   0.0170     0.1168  1,4    
      H(   11), H(   14)   3.9010   3.8347   3.280   0.0170    -0.0125         
      H(   11), H(   15)   5.4391   5.3535   3.280   0.0170    -0.0020         
      H(   11), H(   16)   5.8140   5.7135   3.280   0.0170    -0.0014         
      H(   11), H(   17)   5.8140   5.7135   3.280   0.0170    -0.0014         
      H(   11), H(   18)   3.1169   2.9990   3.280   0.0170    -0.0117  1,4    
      H(   11), H(   19)   2.5376   2.4696   3.280   0.0170     0.1627  1,4    
      H(   11), H(   20)   2.5376   2.4696   3.280   0.0170     0.1627  1,4    
      H(   12), H(   13)   1.7935
      H(   12), H(   14)   2.3838   2.3806   3.280   0.0170     0.2544         
      H(   12), H(   15)   4.5683   4.4871   3.280   0.0170    -0.0056         
      H(   12), H(   16)   4.1957   4.1543   3.280   0.0170    -0.0085         
      H(   12), H(   17)   4.7375   4.6674   3.280   0.0170    -0.0045         
      H(   12), H(   18)   3.8612   3.7663   3.280   0.0170    -0.0134         
      H(   12), H(   19)   4.3689   4.2577   3.280   0.0170    -0.0075         
      H(   12), H(   20)   3.7774   3.6908   3.280   0.0170    -0.0146         
      H(   13), H(   14)   3.5875   3.4972   3.280   0.0170    -0.0174         
      H(   13), H(   15)   4.5436   4.4854   3.280   0.0170    -0.0056         
      H(   13), H(   16)   4.5620   4.5027   3.280   0.0170    -0.0055         
      H(   13), H(   17)   5.3490   5.2361   3.280   0.0170    -0.0023         
      H(   13), H(   18)   3.0313   2.9763   3.280   0.0170    -0.0101         
      H(   13), H(   19)   3.7669   3.6781   3.280   0.0170    -0.0148         
      H(   13), H(   20)   2.5347   2.5334   3.280   0.0170     0.1149         
      H(   14), H(   15)   3.1332   3.0138   3.280   0.0170    -0.0127  1,4    
      H(   14), H(   16)   2.5703   2.4994   3.280   0.0170     0.1388  1,4    
      H(   14), H(   17)   2.5703   2.4994   3.280   0.0170     0.1388  1,4    
      H(   14), H(   18)   4.1603   4.1018   3.280   0.0170    -0.0091         
      H(   14), H(   19)   5.0123   4.9194   3.280   0.0170    -0.0033         
      H(   14), H(   20)   5.0123   4.9194   3.280   0.0170    -0.0033         
      H(   15), H(   16)   1.7930
      H(   15), H(   17)   1.7930
      H(   15), H(   18)   3.5088   3.5745   3.280   0.0170    -0.0163         
      H(   15), H(   19)   5.0643   5.0289   3.280   0.0170    -0.0029         
      H(   15), H(   20)   5.0643   5.0289   3.280   0.0170    -0.0029         
      H(   16), H(   17)   1.7998
      H(   16), H(   18)   4.6813   4.6668   3.280   0.0170    -0.0045         
      H(   16), H(   19)   6.1672   6.0623   3.280   0.0170    -0.0010         
      H(   16), H(   20)   5.9000   5.8225   3.280   0.0170    -0.0012         
      H(   17), H(   18)   4.6813   4.6668   3.280   0.0170    -0.0045         
      H(   17), H(   19)   5.9000   5.8225   3.280   0.0170    -0.0012         
      H(   17), H(   20)   6.1672   6.0623   3.280   0.0170    -0.0010         
      H(   18), H(   19)   1.7936
      H(   18), H(   20)   1.7936
      H(   19), H(   20)   1.7917


      BOND ANGLES, BENDING AND STRETCH-BEND ENERGIES   (   38 ANGLES)

          EB = 0.02191418(KB)(DT)(DT)(1+CF*DT+QF*DT**2+PF*DT**3+SF*DT**4)
                          DT = THETA-TZERO
                          CF = -1800.000E-5
                          QF =     7.200E-5
                          PF =     0.135E-5
                          SF =     0.004E-6
          ESS =  143.88(KSTST)(DR1)(DR2)
          ESB =  2.51118(KSB)(DT)(DR1+DR2)
          EBB = -0.02191418(KBB)(DT1)(DT2)
                          DR1 = R1 - R1(0)
                          DR2 = R2 - R2(0)

               A T O M S             THETA    TZERO     KB     EB    KSB   ESB   KSS   ESS
      C(    2)- C(    1)- O(    4)  110.957  107.900  1.275  0.2469 0.02 0.0041              
      C(    2)- C(    1)- H(    9)  111.824  111.170  0.560  0.0052 0.10 0.0022              
      C(    2)- C(    1)- H(   10)  111.305  111.170  0.560  0.0002 0.10 0.0009              
      O(    4)- C(    1)- H(    9)  106.462  107.200  0.870  0.0105 0.36-0.0110              
      O(    4)- C(    1)- H(   10)  109.275  107.200  0.870  0.0791 0.36 0.0564              
      H(    9)- C(    1)- H(   10)  106.808  108.150  0.540  0.0219                          
      C(    1)- C(    2)- C(    3)  107.239  107.880  0.740  0.0067 0.14-0.0054              
      C(    1)- C(    2)- C(    8)  110.589  108.960  0.740  0.0418 0.14 0.0117              
      C(    1)- C(    2)- H(   11)  109.382  109.380  0.590  0.0000 0.10 0.0000              
      C(    3)- C(    2)- C(    8)  110.589  108.960  0.740  0.0418 0.14 0.0117              
      C(    3)- C(    2)- H(   11)  109.382  109.380  0.590  0.0000 0.10 0.0000              
      C(    8)- C(    2)- H(   11)  109.617  110.002  0.590  0.0019 0.10-0.0011              
      C(    2)- C(    3)- O(    5)  110.957  107.900  1.275  0.2469 0.02 0.0041              
      C(    2)- C(    3)- H(   12)  111.305  111.170  0.560  0.0002 0.10 0.0009              
      C(    2)- C(    3)- H(   13)  111.824  111.170  0.560  0.0052 0.10 0.0022              
      O(    5)- C(    3)- H(   12)  109.275  107.200  0.870  0.0791 0.36 0.0564              
      O(    5)- C(    3)- H(   13)  106.462  107.200  0.870  0.0105 0.36-0.0110              
      H(   12)- C(    3)- H(   13)  106.808  108.150  0.540  0.0219                          
      C(    1)- O(    4)- C(    6)  110.691  107.600  0.920  0.1820-0.12-0.0190              
      C(    3)- O(    5)- C(    6)  110.691  107.600  0.920  0.1820-0.12-0.0190              
      O(    4)- C(    6)- O(    5)  111.159  107.000  1.050  0.3688 0.14 0.0160             B
      O(    4)- C(    6)- C(    7)  106.769  106.200  1.275  0.0090 0.02 0.0003              
      O(    4)- C(    6)- H(   14)  109.786  105.900  0.970  0.2990 0.36 0.1001              
      O(    5)- C(    6)- C(    7)  106.769  106.200  1.275  0.0090 0.02 0.0003              
      O(    5)- C(    6)- H(   14)  109.786  105.900  0.970  0.2990 0.36 0.1001              
      C(    7)- C(    6)- H(   14)  112.519  111.654  0.590  0.0095 0.10 0.0059              
      C(    6)- C(    7)- H(   15)  110.756  110.476  0.600  0.0010 0.10 0.0003              
      C(    6)- C(    7)- H(   16)  111.128  110.476  0.600  0.0055 0.10 0.0007              
      C(    6)- C(    7)- H(   17)  111.128  110.476  0.600  0.0055 0.10 0.0007              
      H(   15)- C(    7)- H(   16)  107.691  108.092  0.540  0.0019                          
      H(   15)- C(    7)- H(   17)  107.691  108.092  0.540  0.0019                          
      H(   16)- C(    7)- H(   17)  108.303  108.092  0.540  0.0005                          
      C(    2)- C(    8)- H(   18)  111.656  110.800  0.600  0.0095 0.10 0.0019              
      C(    2)- C(    8)- H(   19)  111.406  110.800  0.600  0.0048 0.10 0.0014              
      C(    2)- C(    8)- H(   20)  111.406  110.800  0.600  0.0048 0.10 0.0014              
      H(   18)- C(    8)- H(   19)  107.437  107.800  0.540  0.0016                          
      H(   18)- C(    8)- H(   20)  107.437  107.800  0.540  0.0016                          
      H(   19)- C(    8)- H(   20)  107.267  107.800  0.540  0.0034                          


     DIHEDRAL ANGLES, TORSIONAL ENERGY (ET)   (    48 ANGLES)

           ET = (V1/2)(1+COS(W))+(V2/2)(1-COS(2W))+(V3/2)(1+COS(3W))+
                                 (V4/2)(1-COS(4W))+(V6/2)(1+COS(6W))
         EBTB =  0.043828*(KBTB)(DTH1)(COS(W))(DTH2)
         ETS1 = -0.5*(RC-RC0)[KTSC1*(1+COS(W))+KTSC2*(1-COS(2W))+KTSC3*(1+COS(3W))]
         ETS2 = -0.5*(RT-RT0)[KTST1*(1+COS(W))+KTST2*(1-COS(2W))+KTST3*(1+COS(3W))]
          ETB =  2.51124*(DTH)[KTB1(1+COS(W))+KTB2*(1-COS(2W))+KTB3*(1+COS(3W))]
                      RC   = CENTRAL BOND LENGTH
                      RT   = TERMINAL BOND LENGTH
                      DTH1 = THETA1 - TZERO1
                      DTH2 = THETA2 - TZERO2

           SIGN OF ANGLE A-B-C-D : WHEN LOOKING THROUGH B TOWARD C,
           IF D IS COUNTERCLOCKWISE FROM A, NEGATIVE.

                A T O M S                OMEGA    V1     V2     V3     V4     V6     E    KBTB   EBTB
    C(    1) C(    2) C(    3) O(    5)   52.2 -0.333  0.037  0.552  0.000  0.000 -0.223               
       TYPE-1-TS                         0.000  0.000  0.660                       0.000
       TYPE-2-TS    1.000 -1.000  4.500                      -0.500  2.000  0.700 -0.017
       TORS-BEND   -0.003 -0.003  0.000                       0.005 -0.002  0.001  0.057
    C(    1) C(    2) C(    3) H(   12)  -69.7  0.000  0.000  0.290  0.000  0.000  0.018 -0.060  0.000 
       TYPE-1-TS                         0.000  0.000  0.660                      -0.001
    C(    1) C(    2) C(    3) H(   13)  170.9  0.000  0.000  0.290  0.000  0.000  0.016 -0.060 -0.001 
       TYPE-1-TS                         0.000  0.000  0.660                       0.000
    C(    1) C(    2) C(    8) H(   18)  -59.3  0.000  0.000  0.290  0.000  0.000  0.000 -0.060 -0.002 
       TYPE-1-TS                         0.000  0.000  0.660                       0.000
    C(    1) C(    2) C(    8) H(   19)   60.8  0.000  0.000  0.290  0.000  0.000  0.000 -0.060 -0.001 
       TYPE-1-TS                         0.000  0.000  0.660                       0.000
    C(    1) C(    2) C(    8) H(   20) -179.4  0.000  0.000  0.290  0.000  0.000  0.000 -0.060  0.003 
       TYPE-1-TS                         0.000  0.000  0.660                       0.000
    C(    1) O(    4) C(    6) O(    5)  -63.0 -1.791 -0.417 -0.020  0.503  0.000 -1.304 -0.150 -0.038B
       TYPE-1-TS                        -7.000 -6.520  1.559                       0.056
       TYPE-2-TS    0.000  3.900  0.000                       5.300  9.650  0.000 -0.109
       TORS-BEND   -0.003 -0.001  0.000                       0.030 -0.040  0.009 -0.253
    C(    1) O(    4) C(    6) C(    7) -179.1  1.900 -0.500  1.250  0.000  0.000  0.001               
       TYPE-1-TS                         0.000  0.000  1.559                       0.000
       TYPE-2-TS    0.000  2.000  0.000                      -1.500  3.500  4.500  0.000
       TORS-BEND   -0.015  0.017 -0.014                      -0.043 -0.013 -0.002  0.000
    C(    1) O(    4) C(    6) H(   14)   58.7  0.000  0.000  0.730  0.000  0.028  0.029 -0.050 -0.014 
       TYPE-1-TS                         0.000  0.000  1.559                       0.000
       TYPE-2-TS    0.000  0.000  0.000                       5.997  7.798  0.000 -0.236
       TORS-BEND   -0.005  0.006  0.000                      -0.018 -0.008  0.000 -0.372
    C(    2) C(    1) O(    4) C(    6)   58.3  2.605 -0.612  0.993  0.000  0.000  1.546               
       TYPE-1-TS                         0.000  0.000  1.559                       0.000
       TYPE-2-TS   -1.500  3.500  4.500                       0.000  2.000  0.000 -0.025
       TORS-BEND   -0.043 -0.013 -0.002                      -0.015  0.017 -0.014 -0.635
    C(    2) C(    3) O(    5) C(    6)  -58.3  2.605 -0.612  0.993  0.000  0.000  1.546               
       TYPE-1-TS                         0.000  0.000  1.559                       0.000
       TYPE-2-TS   -1.500  3.500  4.500                       0.000  2.000  0.000 -0.025
       TORS-BEND   -0.043 -0.013 -0.002                      -0.015  0.017 -0.014 -0.635
    C(    3) C(    2) C(    1) O(    4)  -52.2 -0.333  0.037  0.552  0.000  0.000 -0.223               
       TYPE-1-TS                         0.000  0.000  0.660                       0.000
       TYPE-2-TS    1.000 -1.000  4.500                      -0.500  2.000  0.700 -0.017
       TORS-BEND   -0.003 -0.003  0.000                       0.005 -0.002  0.001  0.057
    C(    3) C(    2) C(    1) H(    9) -170.9  0.000  0.000  0.290  0.000  0.000  0.016 -0.060 -0.001 
       TYPE-1-TS                         0.000  0.000  0.660                       0.000
    C(    3) C(    2) C(    1) H(   10)   69.7  0.000  0.000  0.290  0.000  0.000  0.018 -0.060  0.000 
       TYPE-1-TS                         0.000  0.000  0.660                      -0.001
    C(    3) C(    2) C(    8) H(   18)   59.3  0.000  0.000  0.290  0.000  0.000  0.000 -0.060 -0.002 
       TYPE-1-TS                         0.000  0.000  0.660                       0.000
    C(    3) C(    2) C(    8) H(   19)  179.4  0.000  0.000  0.290  0.000  0.000  0.000 -0.060  0.003 
       TYPE-1-TS                         0.000  0.000  0.660                       0.000
    C(    3) C(    2) C(    8) H(   20)  -60.8  0.000  0.000  0.290  0.000  0.000  0.000 -0.060 -0.001 
       TYPE-1-TS                         0.000  0.000  0.660                       0.000
    C(    3) O(    5) C(    6) O(    4)   63.0 -1.791 -0.417 -0.020  0.503  0.000 -1.304 -0.150 -0.038B
       TYPE-1-TS                        -7.000 -6.520  1.559                       0.056
       TYPE-2-TS    0.000  3.900  0.000                       5.300  9.650  0.000 -0.109
       TORS-BEND   -0.003 -0.001  0.000                       0.030 -0.040  0.009 -0.253
    C(    3) O(    5) C(    6) C(    7)  179.1  1.900 -0.500  1.250  0.000  0.000  0.001               
       TYPE-1-TS                         0.000  0.000  1.559                       0.000
       TYPE-2-TS    0.000  2.000  0.000                      -1.500  3.500  4.500  0.000
       TORS-BEND   -0.015  0.017 -0.014                      -0.043 -0.013 -0.002  0.000
    C(    3) O(    5) C(    6) H(   14)  -58.7  0.000  0.000  0.730  0.000  0.028  0.029 -0.050 -0.014 
       TYPE-1-TS                         0.000  0.000  1.559                       0.000
       TYPE-2-TS    0.000  0.000  0.000                       5.997  7.798  0.000 -0.236
       TORS-BEND   -0.005  0.006  0.000                      -0.018 -0.008  0.000 -0.372
    O(    4) C(    1) C(    2) C(    8)   68.5 -0.333  0.037  0.552  0.000  0.000 -0.169               
       TYPE-1-TS                         0.000  0.000  0.660                       0.000
       TYPE-2-TS   -0.500  2.000  0.700                       1.000 -1.000  4.500 -0.022
       TORS-BEND    0.005 -0.002  0.001                      -0.003 -0.003  0.000 -0.011
    O(    4) C(    1) C(    2) H(   11) -170.7 -0.593  0.554  0.474  0.000  0.070  0.093 -0.100  0.000 
       TYPE-1-TS                         0.000  0.000  0.660                       0.000
       TORS-BEND    0.008 -0.010  0.000                       0.006 -0.006  0.000 -0.003
    O(    4) C(    6) C(    7) H(   15)   59.5 -0.593  0.554  0.474  0.000  0.070  0.034 -0.100  0.000 
       TYPE-1-TS                         0.000  0.000  0.660                       0.000
       TORS-BEND    0.008 -0.010  0.000                       0.006 -0.006  0.000 -0.004
    O(    4) C(    6) C(    7) H(   16)  179.2 -0.593  0.554  0.474  0.000  0.070  0.070 -0.100  0.002 
       TYPE-1-TS                         0.000  0.000  0.660                       0.000
       TORS-BEND    0.008 -0.010  0.000                       0.006 -0.006  0.000  0.000
    O(    4) C(    6) C(    7) H(   17)  -60.2 -0.593  0.554  0.474  0.000  0.070  0.043 -0.100 -0.001 
       TYPE-1-TS                         0.000  0.000  0.660                       0.000
       TORS-BEND    0.008 -0.010  0.000                       0.006 -0.006  0.000 -0.004
    O(    5) C(    3) C(    2) C(    8)  -68.5 -0.333  0.037  0.552  0.000  0.000 -0.169               
       TYPE-1-TS                         0.000  0.000  0.660                       0.000
       TYPE-2-TS   -0.500  2.000  0.700                       1.000 -1.000  4.500 -0.022
       TORS-BEND    0.005 -0.002  0.001                      -0.003 -0.003  0.000 -0.011
    O(    5) C(    3) C(    2) H(   11)  170.7 -0.593  0.554  0.474  0.000  0.070  0.093 -0.100  0.000 
       TYPE-1-TS                         0.000  0.000  0.660                       0.000
       TORS-BEND    0.008 -0.010  0.000                       0.006 -0.006  0.000 -0.003
    O(    5) C(    6) C(    7) H(   15)  -59.5 -0.593  0.554  0.474  0.000  0.070  0.034 -0.100  0.000 
       TYPE-1-TS                         0.000  0.000  0.660                       0.000
       TORS-BEND    0.008 -0.010  0.000                       0.006 -0.006  0.000 -0.004
    O(    5) C(    6) C(    7) H(   16)   60.2 -0.593  0.554  0.474  0.000  0.070  0.043 -0.100 -0.001 
       TYPE-1-TS                         0.000  0.000  0.660                       0.000
       TORS-BEND    0.008 -0.010  0.000                       0.006 -0.006  0.000 -0.004
    O(    5) C(    6) C(    7) H(   17) -179.2 -0.593  0.554  0.474  0.000  0.070  0.070 -0.100  0.002 
       TYPE-1-TS                         0.000  0.000  0.660                       0.000
       TORS-BEND    0.008 -0.010  0.000                       0.006 -0.006  0.000  0.000
    C(    6) O(    4) C(    1) H(    9) -179.8  0.000  0.000  0.443  0.000  0.028  0.028 -0.050 -0.005 
       TYPE-1-TS                         0.000  0.000  1.559                       0.000
       TYPE-2-TS    0.000  0.000  0.000                       5.997  7.798  0.000  0.000
       TORS-BEND   -0.005  0.006  0.000                      -0.018 -0.008  0.000  0.000
    C(    6) O(    4) C(    1) H(   10)  -64.8  0.000  0.000  0.443  0.000  0.028  0.033 -0.050 -0.006 
       TYPE-1-TS                         0.000  0.000  1.559                       0.000
       TYPE-2-TS    0.000  0.000  0.000                       5.997  7.798  0.000 -0.162
       TORS-BEND   -0.005  0.006  0.000                      -0.018 -0.008  0.000 -0.181
    C(    6) O(    5) C(    3) H(   12)   64.8  0.000  0.000  0.443  0.000  0.028  0.033 -0.050 -0.006 
       TYPE-1-TS                         0.000  0.000  1.559                       0.000
       TYPE-2-TS    0.000  0.000  0.000                       5.997  7.798  0.000 -0.162
       TORS-BEND   -0.005  0.006  0.000                      -0.018 -0.008  0.000 -0.181
    C(    6) O(    5) C(    3) H(   13)  179.8  0.000  0.000  0.443  0.000  0.028  0.028 -0.050 -0.005 
       TYPE-1-TS                         0.000  0.000  1.559                       0.000
       TYPE-2-TS    0.000  0.000  0.000                       5.997  7.798  0.000  0.000
       TORS-BEND   -0.005  0.006  0.000                      -0.018 -0.008  0.000  0.000
    C(    8) C(    2) C(    1) H(    9)  -50.2  0.000  0.000  0.290  0.000  0.000  0.019 -0.060 -0.002 
       TYPE-1-TS                         0.000  0.000  0.660                      -0.001
    C(    8) C(    2) C(    1) H(   10) -169.6  0.000  0.000  0.290  0.000  0.000  0.021 -0.060  0.001 
       TYPE-1-TS                         0.000  0.000  0.660                      -0.001
    C(    8) C(    2) C(    3) H(   12)  169.6  0.000  0.000  0.290  0.000  0.000  0.021 -0.060  0.001 
       TYPE-1-TS                         0.000  0.000  0.660                      -0.001
    C(    8) C(    2) C(    3) H(   13)   50.2  0.000  0.000  0.290  0.000  0.000  0.019 -0.060 -0.002 
       TYPE-1-TS                         0.000  0.000  0.660                      -0.001
    H(    9) C(    1) C(    2) H(   11)   70.6  0.000  0.000  0.260  0.000  0.008  0.025 -0.090  0.000 
       TYPE-1-TS                         0.000  0.000  0.660                      -0.001
    H(   10) C(    1) C(    2) H(   11)  -48.8  0.000  0.000  0.260  0.000  0.008  0.027 -0.090  0.000 
       TYPE-1-TS                         0.000  0.000  0.660                      -0.001
    H(   11) C(    2) C(    3) H(   12)   48.8  0.000  0.000  0.260  0.000  0.008  0.027 -0.090  0.000 
       TYPE-1-TS                         0.000  0.000  0.660                      -0.001
    H(   11) C(    2) C(    3) H(   13)  -70.6  0.000  0.000  0.260  0.000  0.008  0.025 -0.090  0.000 
       TYPE-1-TS                         0.000  0.000  0.660                      -0.001
    H(   11) C(    2) C(    8) H(   18)  180.0  0.000  0.000  0.260  0.000  0.008  0.008 -0.090 -0.001 
       TYPE-1-TS                         0.000  0.000  0.660                       0.000
    H(   11) C(    2) C(    8) H(   19)  -59.9  0.000  0.000  0.260  0.000  0.008  0.008 -0.090  0.000 
       TYPE-1-TS                         0.000  0.000  0.660                       0.000
    H(   11) C(    2) C(    8) H(   20)   59.9  0.000  0.000  0.260  0.000  0.008  0.008 -0.090  0.000 
       TYPE-1-TS                         0.000  0.000  0.660                       0.000
    H(   14) C(    6) C(    7) H(   15)  180.0  0.000  0.000  0.260  0.000  0.008  0.008 -0.090  0.001 
       TYPE-1-TS                         0.000  0.000  0.660                       0.000
    H(   14) C(    6) C(    7) H(   16)  -60.3  0.000  0.000  0.260  0.000  0.008  0.008 -0.090 -0.001 
       TYPE-1-TS                         0.000  0.000  0.660                       0.000
    H(   14) C(    6) C(    7) H(   17)   60.3  0.000  0.000  0.260  0.000  0.008  0.008 -0.090 -0.001 
       TYPE-1-TS                         0.000  0.000  0.660                       0.000

     DIPOLE-DIPOLE INTERACTION ENERGY  (DIELECTRIC CONSTANT = 1.50)

          E = 14.388*MU1*MU2*(COSX-3*COSA*COSB)/(R12**3*DIELC)

               MU1 = BOND MOM OF BOND 1
               MU2 = BOND MOM OF BOND 2
               R12 = DISTANCE BETWEEN MID-POINTS OF TWO BONDS.

          BOND(1)         MU1           BOND(2)         MU2      R12        E
     C(    1)- O(    4)  1.160   + C(    3)- O(    5)  1.160   2.3883    0.9500       
     C(    1)- O(    4)  1.160   + O(    5)- C(    6) -1.160   2.0310   -1.5788       
     C(    3)- O(    5)  1.160   + O(    4)- C(    6) -1.160   2.0310   -1.5788       


 ==============================================================================
                        NORMAL MODE VIBRATIONAL ANALYSIS
 ==============================================================================


             Molecular Shape : ASYMMETRIC ROTOR WITH KAPPA =-0.774810
        Symmetry Point Group : Cs  
             Symmetry Number :  1
                   Chirality :  no



0       FUNDAMENTAL NORMAL VIBRATIONAL FREQUENCIES
                ( THEORETICALLY  54 VALUES )

             Frequency :  in 1/cm
             A(i)      :  IR intensity (vs,s,m,w,vw,-- or in 10**6 cm/mole)
             A(i) = -- :  IR inactive


             no       Frequency   Symmetry      A(i)

             1.          2995.7     (A"  )        m
             2.          2992.3     (A`  )        m
             3.          2971.3     (A`  )        m
             4.          2970.1     (A"  )        m
             5.          2940.0     (A`  )        m
             6.          2937.4     (A"  )        m
             7.          2932.5     (A`  )        m
             8.          2898.6     (A`  )        m
             9.          2879.2     (A`  )        m
            10.          2805.1     (A`  )        m
            11.          2804.6     (A"  )        w
            12.          2756.2     (A`  )        m
            13.          1476.1     (A`  )        w
            14.          1472.6     (A"  )        w
            15.          1471.5     (A`  )        w
            16.          1459.1     (A"  )        w
            17.          1452.5     (A"  )        w
            18.          1448.8     (A`  )        w
            19.          1441.0     (A`  )        w
            20.          1427.8     (A"  )        m
            21.          1426.2     (A`  )        w
            22.          1408.9     (A"  )        m
            23.          1399.3     (A`  )        m
            24.          1390.6     (A"  )       vw
            25.          1359.2     (A`  )        w
            26.          1331.7     (A`  )        w
            27.          1324.3     (A"  )        m
            28.          1287.6     (A`  )        w
            29.          1223.4     (A"  )        m
            30.          1165.6     (A`  )        m
            31.          1152.1     (A`  )        s
            32.          1146.9     (A"  )        w
            33.          1109.0     (A`  )        m
            34.          1063.4     (A`  )        m
            35.          1035.3     (A"  )        w
            36.           976.5     (A`  )        s
            37.           966.6     (A"  )        m
            38.           924.9     (A`  )        w
            39.           905.8     (A"  )       vw
            40.           880.5     (A"  )        w
            41.           835.6     (A`  )        m
            42.           778.8     (A`  )        w
            43.           715.6     (A`  )        w
            44.           514.4     (A`  )        w
            45.           475.1     (A"  )        w
            46.           451.9     (A`  )        w
            47.           372.0     (A`  )        w
            48.           366.4     (A"  )       vw
            49.           344.7     (A"  )        w
            50.           246.7     (A`  )        w
            51.           232.7     (A"  )        w
            52.           222.6     (A"  )       vw
            53.           189.8     (A"  )        w
            54.           114.7     (A`  )        w
            55.     (       0.0)    (t/r )
            56.     (       0.0)    (t/r )
            57.     (       0.0)    (t/r )
            58.     (       0.0)    (t/r )
            59.     (       0.0)    (t/r )
            60.     (       0.0)    (t/r )


0       CORRESPONDING EIGEN VECTOR MATRIX   60 BY  60



 (  1)
     0.000    0.000    0.000    0.000    0.000    0.000    0.000    0.000
     0.000   -0.001    0.000    0.000    0.001    0.000    0.000    0.000
     0.002    0.000    0.000   -0.094    0.000    0.000    0.000    0.000
     0.000    0.000    0.000    0.000    0.000    0.000    0.000    0.000
     0.000    0.000    0.000    0.000    0.000    0.000    0.000    0.000
    -0.001    0.000    0.000    0.020    0.000   -0.369    0.541   -0.122
     0.369    0.541    0.122    0.000    0.000    0.000    0.000    0.000
     0.000    0.000    0.000    0.000

 (  2)
     0.000    0.000    0.000    0.000    0.000    0.000    0.000    0.000
     0.000    0.000    0.000    0.000    0.000    0.000    0.000    0.000
     0.000   -0.001    0.049    0.000    0.079    0.000    0.000    0.000
     0.000    0.000    0.000    0.000    0.000    0.000    0.000    0.000
     0.000    0.000    0.000    0.000    0.000    0.000    0.000    0.010
     0.000   -0.005   -0.132    0.000   -0.757   -0.224    0.302   -0.087
    -0.224   -0.303   -0.087    0.000    0.000    0.000    0.000    0.000
     0.000    0.000    0.000    0.000

 (  3)
     0.000    0.000    0.001   -0.002    0.000    0.002    0.000    0.000
     0.001    0.000    0.000    0.000    0.000    0.000    0.000    0.000
     0.000    0.000    0.000    0.000    0.000   -0.088    0.000    0.028
    -0.002    0.003   -0.001    0.000    0.000   -0.003    0.030    0.000
    -0.038    0.000    0.000   -0.003   -0.002   -0.003   -0.001    0.000
     0.000    0.000    0.000    0.000    0.000    0.000    0.000    0.000
     0.000    0.000    0.000    0.588    0.000   -0.496    0.228   -0.299
     0.081    0.228    0.299    0.081

 (  4)
    -0.001    0.002   -0.002    0.000   -0.001    0.000    0.001    0.002
     0.002    0.000    0.000    0.000    0.000    0.000    0.000    0.000
     0.000    0.000    0.000    0.000    0.000    0.000    0.092    0.000
     0.012   -0.021    0.006    0.000    0.000    0.006    0.000    0.001
     0.000    0.000    0.000   -0.006   -0.012   -0.021   -0.006    0.000
     0.000    0.000    0.000    0.000    0.000    0.000    0.000    0.000
     0.000    0.000    0.000    0.000   -0.020    0.000    0.363   -0.538
     0.150   -0.363   -0.538   -0.150

 (  5)
    -0.026    0.044   -0.016   -0.025    0.000    0.019   -0.026   -0.044
    -0.016    0.000    0.001   -0.001    0.000   -0.001   -0.001    0.001
     0.000    0.000    0.000    0.000    0.000    0.001    0.000   -0.003
     0.301   -0.521    0.155    0.010   -0.006    0.061    0.287    0.000
    -0.215    0.010    0.006    0.061    0.301    0.521    0.155    0.001
     0.000    0.004    0.000    0.000   -0.001    0.000   -0.001    0.000
     0.000    0.001    0.000   -0.021    0.000    0.014    0.007   -0.009
     0.005    0.007    0.009    0.005

 (  6)
     0.028   -0.047    0.018    0.000    0.003    0.000   -0.028   -0.047
    -0.018    0.000   -0.001    0.001    0.000   -0.001   -0.001    0.000
     0.000    0.000    0.000    0.000    0.000    0.000    0.003    0.000
    -0.326    0.562   -0.167   -0.013    0.004   -0.070    0.000   -0.006
     0.000    0.013    0.004    0.070    0.326    0.562    0.167    0.000
     0.000    0.000    0.000    0.000    0.000    0.000    0.000    0.000
     0.000    0.000    0.000    0.000   -0.001    0.000    0.014   -0.021
     0.006   -0.014   -0.021   -0.006

 (  7)
     0.012   -0.017    0.008   -0.061    0.000    0.047    0.012    0.017
     0.008    0.000    0.000    0.001    0.000    0.000    0.001    0.000
     0.000    0.000    0.000    0.000    0.000    0.003    0.000   -0.007
    -0.126    0.208   -0.063   -0.011   -0.006   -0.046    0.699    0.000
    -0.532   -0.011    0.006   -0.046   -0.126   -0.208   -0.064   -0.001
     0.000   -0.002    0.000    0.000    0.000    0.000    0.000    0.000
     0.000    0.000    0.000   -0.063    0.000    0.045    0.013   -0.017
     0.011    0.013    0.017    0.011

 (  8)
     0.000    0.000    0.000    0.000    0.000    0.000    0.000    0.000
     0.000    0.000    0.000    0.000    0.000    0.000    0.000    0.003
     0.000   -0.004   -0.051    0.000    0.032    0.000    0.000    0.000
    -0.001    0.001    0.000    0.000    0.000    0.000    0.000    0.000
     0.000    0.000    0.000    0.000   -0.001   -0.001    0.000    0.004
     0.000    0.027   -0.081    0.000   -0.557    0.325   -0.447    0.098
     0.325    0.447    0.098    0.000    0.000    0.000    0.000    0.000
     0.000    0.000    0.000    0.000

 (  9)
     0.000    0.000    0.001   -0.007    0.000    0.000    0.000    0.000
     0.001    0.000    0.000    0.000    0.000    0.000    0.000    0.000
     0.000    0.000    0.000    0.000    0.000    0.019    0.000    0.058
     0.000    0.000    0.000   -0.001   -0.001   -0.005    0.063    0.000
    -0.045   -0.001    0.001   -0.005    0.000    0.000    0.000    0.000
     0.000    0.000    0.000    0.000    0.000    0.000    0.000    0.000
     0.000    0.000    0.000    0.414    0.000   -0.372   -0.314    0.444
    -0.139   -0.314   -0.444   -0.139

 ( 10)
     0.000   -0.013   -0.055   -0.001    0.000    0.004    0.000    0.013
    -0.055   -0.002    0.000   -0.001   -0.002    0.000   -0.001    0.001
     0.000   -0.001    0.000    0.000    0.000    0.000    0.000    0.000
    -0.040    0.072   -0.004    0.061    0.083    0.663    0.018    0.000
    -0.025    0.062   -0.083    0.663   -0.040   -0.072   -0.004    0.004
     0.000    0.009    0.000    0.000    0.001    0.000    0.000    0.000
     0.000    0.000    0.000    0.004    0.000   -0.004   -0.001    0.002
     0.000   -0.001   -0.002    0.000

 ( 11)
     0.000    0.013    0.055    0.000   -0.003    0.000    0.000    0.013
    -0.055    0.002    0.000    0.001   -0.002    0.000   -0.001    0.000
     0.000    0.000    0.000    0.000    0.000    0.000    0.000    0.000
     0.038   -0.068    0.003   -0.062   -0.083   -0.664    0.000    0.012
     0.000    0.062   -0.083    0.663   -0.038   -0.068   -0.003    0.000
     0.001    0.000    0.000    0.000    0.000    0.000    0.000    0.000
     0.000    0.000    0.000    0.000    0.000    0.000    0.002   -0.003
     0.001   -0.002   -0.003   -0.001

 ( 12)
     0.000    0.001    0.001    0.000    0.000    0.000    0.000   -0.001
     0.001    0.001   -0.003   -0.002    0.001    0.003   -0.002   -0.017
     0.000   -0.076    0.001    0.000    0.002    0.000    0.000    0.000
    -0.002    0.002   -0.001   -0.001    0.000   -0.007    0.000    0.000
     0.000   -0.001    0.000   -0.007   -0.002   -0.002   -0.001    0.195
     0.000    0.938   -0.008    0.000    0.020   -0.006    0.016   -0.008
    -0.006   -0.016   -0.008    0.000    0.000    0.000    0.000    0.000
     0.000    0.000    0.000    0.000

 ( 13)
     0.030    0.038    0.017   -0.096    0.000   -0.094    0.030   -0.038
     0.017   -0.002   -0.009    0.005   -0.002    0.009    0.005    0.013
     0.000   -0.009   -0.007    0.000    0.005    0.015    0.000    0.054
    -0.187   -0.107   -0.063    0.053   -0.043    0.033    0.213    0.000
     0.325    0.053    0.043    0.033   -0.187    0.107   -0.063   -0.054
     0.000    0.004    0.032    0.000    0.000   -0.008   -0.005   -0.019
    -0.008    0.005   -0.019   -0.286    0.000   -0.279    0.301    0.174
    -0.006    0.301   -0.174   -0.006

 ( 14)
    -0.036    0.011    0.035    0.000   -0.019    0.000    0.036    0.011
    -0.035   -0.007    0.027   -0.004    0.007    0.027    0.004    0.000
    -0.071    0.000    0.000    0.001    0.000    0.000   -0.001    0.000
     0.177    0.011   -0.432    0.257   -0.270    0.056    0.000    0.090
     0.000   -0.257   -0.270   -0.056   -0.177    0.011    0.432    0.000
     0.185    0.000    0.000    0.168    0.000   -0.052   -0.002    0.147
     0.052   -0.002   -0.147    0.000    0.038    0.000    0.015    0.001
    -0.027   -0.015    0.001    0.027

 ( 15)
    -0.047    0.007    0.035    0.020    0.000    0.006   -0.047   -0.007
     0.035   -0.002    0.015   -0.003   -0.002   -0.015   -0.003    0.006
     0.000    0.008   -0.002    0.000   -0.001   -0.005    0.000   -0.007
     0.191    0.010   -0.472    0.286   -0.314    0.057    0.020    0.000
     0.002    0.286    0.314    0.057    0.191   -0.010   -0.472   -0.055
     0.000    0.023    0.039    0.000   -0.008   -0.023   -0.018   -0.013
    -0.023    0.018   -0.013    0.019    0.000    0.019    0.004    0.014
     0.011    0.004   -0.014    0.011

 ( 16)
    -0.002    0.033    0.015    0.000   -0.051    0.000    0.002    0.033
    -0.015    0.005   -0.016    0.001   -0.005   -0.016   -0.001    0.000
     0.069    0.000    0.000    0.025    0.000    0.000   -0.009    0.000
    -0.015   -0.017   -0.154    0.074   -0.148    0.037    0.000    0.116
     0.000   -0.074   -0.148   -0.037    0.015   -0.017    0.154    0.000
    -0.149    0.000    0.000   -0.527    0.000    0.070   -0.008   -0.398
    -0.070   -0.008    0.398    0.000    0.219    0.000    0.082    0.000
    -0.153   -0.082    0.000    0.153

 ( 17)
     0.021    0.027   -0.002    0.000   -0.075    0.000   -0.021    0.027
     0.002   -0.001   -0.007    0.000    0.001   -0.007    0.000    0.000
    -0.002    0.000    0.000   -0.020    0.000    0.000   -0.028    0.000
    -0.058    0.012    0.096   -0.088    0.028    0.008    0.000    0.133
     0.000    0.088    0.028   -0.008    0.058    0.012   -0.096    0.000
    -0.006    0.000    0.000    0.276    0.000   -0.015    0.007    0.193
     0.015    0.007   -0.193    0.000    0.559    0.000    0.214    0.003
    -0.366   -0.214    0.003    0.366

 ( 18)
     0.019    0.011   -0.008   -0.005    0.000    0.005    0.019   -0.011
    -0.008   -0.012    0.000    0.007   -0.012    0.000    0.007    0.085
     0.000   -0.011   -0.041    0.000    0.052    0.006    0.000   -0.002
    -0.065   -0.030    0.021   -0.023   -0.026   -0.002   -0.039    0.000
    -0.038   -0.023    0.026   -0.002   -0.065    0.030    0.021   -0.269
     0.000    0.067    0.509    0.000   -0.021   -0.261   -0.237   -0.318
    -0.261    0.237   -0.318    0.051    0.000    0.046   -0.084   -0.065
    -0.005   -0.084    0.065   -0.005

 ( 19)
    -0.010   -0.022   -0.018    0.049    0.000    0.089   -0.010    0.022
    -0.018   -0.002    0.007   -0.002   -0.002   -0.007   -0.002    0.005
     0.000    0.005    0.000    0.000    0.006   -0.071    0.000   -0.052
     0.102    0.057    0.041   -0.075    0.000   -0.020   -0.180    0.000
    -0.205   -0.075    0.000   -0.020    0.102   -0.057    0.041   -0.002
     0.000    0.009    0.073    0.000   -0.004   -0.050   -0.048   -0.048
    -0.050    0.048   -0.048   -0.090    0.000   -0.065    0.375    0.384
     0.119    0.375   -0.384    0.119

 ( 20)
     0.038    0.066    0.005    0.000   -0.042    0.000   -0.038    0.066
    -0.005    0.006   -0.036    0.004   -0.006   -0.036   -0.004    0.000
     0.110    0.000    0.000   -0.044    0.000    0.000    0.021    0.000
    -0.242   -0.124   -0.110   -0.033   -0.239    0.053    0.000    0.024
     0.000    0.033   -0.239   -0.053    0.242   -0.124    0.110    0.000
    -0.335    0.000    0.000    0.274    0.000    0.061    0.020    0.139
    -0.061    0.020   -0.139    0.000   -0.220    0.000   -0.093   -0.008
     0.102    0.093   -0.008   -0.102

 ( 21)
     0.069    0.059   -0.017   -0.012    0.000    0.058    0.069   -0.059
    -0.017   -0.010   -0.013    0.011   -0.010    0.013    0.011    0.022
     0.000   -0.022   -0.023    0.000   -0.003   -0.016    0.000   -0.037
    -0.297   -0.174   -0.090   -0.124   -0.303    0.043   -0.233    0.000
    -0.209   -0.124    0.303    0.043   -0.297    0.174   -0.090   -0.086
     0.000   -0.003   -0.088    0.000    0.006    0.126    0.128    0.071
     0.126   -0.128    0.071    0.111    0.000    0.106   -0.050    0.018
     0.078   -0.050   -0.018    0.078

 ( 22)
    -0.067   -0.048    0.018    0.000    0.005    0.000    0.067   -0.048
    -0.018    0.012   -0.005   -0.017   -0.012   -0.005    0.017    0.000
     0.102    0.000    0.000   -0.031    0.000    0.000   -0.003    0.000
     0.288    0.150   -0.010    0.120    0.168   -0.023    0.000    0.180
     0.000   -0.120    0.168    0.023   -0.288    0.150    0.010    0.000
    -0.554    0.000    0.000    0.145    0.000    0.059    0.016    0.058
    -0.059    0.016   -0.058    0.000    0.019    0.000    0.007   -0.001
    -0.007   -0.007   -0.001    0.007

 ( 23)
    -0.017   -0.019   -0.005    0.011    0.000   -0.007   -0.017    0.019
    -0.005   -0.012    0.006    0.011   -0.012   -0.006    0.011    0.107
     0.000   -0.048   -0.120    0.000    0.029   -0.001    0.000    0.006
     0.103    0.063    0.040    0.077    0.101   -0.030    0.035    0.000
     0.017    0.077   -0.101   -0.030    0.103   -0.063    0.040   -0.336
     0.000    0.042    0.132    0.000   -0.009    0.319    0.325   -0.013
     0.319   -0.325   -0.013   -0.026    0.000   -0.021    0.022    0.007
    -0.021    0.022   -0.007   -0.021

 ( 24)
     0.001   -0.039   -0.018    0.000    0.164    0.000   -0.001   -0.039
     0.018    0.000   -0.001    0.005    0.000   -0.001   -0.005    0.000
     0.040    0.000    0.000   -0.013    0.000    0.000   -0.044    0.000
    -0.085   -0.125   -0.113    0.078   -0.095   -0.025    0.000   -0.577
     0.000   -0.078   -0.095    0.025    0.085   -0.125    0.113    0.000
    -0.154    0.000    0.000    0.045    0.000    0.028    0.006    0.011
    -0.028    0.006   -0.011    0.000    0.275    0.000    0.141    0.032
    -0.044   -0.141    0.032    0.044

 ( 25)
    -0.009    0.001    0.012   -0.032    0.000   -0.037   -0.009   -0.001
     0.012    0.005   -0.004    0.001    0.005    0.004    0.001   -0.001
     0.000   -0.003   -0.002    0.000    0.002   -0.004    0.000   -0.113
    -0.038   -0.012    0.022    0.069    0.080   -0.001    0.228    0.000
     0.309    0.069   -0.080   -0.001   -0.038    0.012    0.022   -0.006
     0.000   -0.003    0.008    0.000    0.001    0.005    0.003   -0.008
     0.005   -0.003   -0.008    0.351    0.000    0.270   -0.059    0.131
     0.443   -0.059   -0.131    0.443

 ( 26)
    -0.002   -0.005   -0.010    0.004    0.000   -0.002   -0.002    0.005
    -0.010   -0.008    0.000    0.016   -0.008    0.000    0.016    0.076
     0.000   -0.006    0.042    0.000   -0.079   -0.004    0.000    0.001
    -0.016    0.002    0.049    0.107    0.055   -0.029   -0.021    0.000
    -0.039    0.107   -0.055   -0.029   -0.016   -0.002    0.049   -0.583
     0.000    0.139   -0.273    0.000   -0.045   -0.231   -0.101    0.325
    -0.231    0.101    0.325    0.005    0.000    0.012    0.007    0.008
     0.000    0.007   -0.008    0.000

 ( 27)
    -0.042   -0.003   -0.011    0.000    0.010    0.000    0.042   -0.003
     0.011    0.025   -0.046    0.047   -0.025   -0.046   -0.047    0.000
     0.082    0.000    0.000   -0.034    0.000    0.000   -0.004    0.000
    -0.168   -0.047    0.091    0.403    0.124   -0.065    0.000    0.153
     0.000   -0.403    0.124    0.065    0.168   -0.047   -0.091    0.000
     0.453    0.000    0.000    0.090    0.000    0.085    0.017   -0.011
    -0.085    0.017    0.011    0.000    0.014    0.000    0.008    0.003
     0.006   -0.008    0.003   -0.006

 ( 28)
     0.032   -0.001    0.015   -0.029    0.000    0.022    0.032    0.001
     0.015   -0.021    0.028   -0.031   -0.021   -0.028   -0.031    0.044
     0.000    0.033   -0.009    0.000   -0.024    0.028    0.000   -0.016
     0.265    0.105   -0.086   -0.480   -0.128    0.079    0.147    0.000
     0.268   -0.480    0.128    0.079    0.265   -0.105   -0.086   -0.066
     0.000    0.058    0.010    0.000   -0.032   -0.032    0.013    0.092
    -0.032   -0.013    0.092   -0.031    0.000   -0.094   -0.034   -0.033
     0.034   -0.034    0.033    0.034

 ( 29)
     0.021   -0.002   -0.010    0.000   -0.017    0.000   -0.021   -0.002
     0.010   -0.004   -0.027    0.026    0.004   -0.027   -0.026    0.000
     0.104    0.000    0.000   -0.059    0.000    0.000    0.011    0.000
     0.334    0.159   -0.063   -0.260   -0.094    0.027    0.000   -0.240
     0.000    0.260   -0.094   -0.027   -0.334    0.159    0.063    0.000
     0.423    0.000    0.000    0.117    0.000    0.169    0.036   -0.060
    -0.169    0.036    0.060    0.000   -0.029    0.000   -0.020   -0.010
    -0.030    0.020   -0.010    0.030

 ( 30)
     0.030   -0.001   -0.033   -0.025    0.000    0.022    0.030    0.001
    -0.033   -0.045   -0.002    0.041   -0.045    0.002    0.041    0.062
     0.000   -0.135    0.014    0.000    0.100    0.019    0.000   -0.012
     0.138    0.061   -0.027    0.044   -0.006   -0.036   -0.001    0.000
     0.059    0.044    0.006   -0.036    0.138   -0.061   -0.027    0.173
     0.000   -0.158   -0.464    0.000    0.197   -0.061   -0.104   -0.089
    -0.061    0.104   -0.089   -0.037    0.000   -0.082   -0.022   -0.017
     0.035   -0.022    0.017    0.035

 ( 31)
    -0.071    0.017   -0.009    0.057    0.000    0.083   -0.071   -0.017
    -0.009    0.061   -0.049    0.011    0.061    0.049    0.011   -0.061
     0.000   -0.070    0.017    0.000    0.016    0.014    0.000   -0.044
    -0.082    0.047    0.107   -0.090   -0.177    0.021    0.208    0.000
     0.284   -0.090    0.177    0.021   -0.082   -0.047    0.107   -0.293
     0.000   -0.028   -0.075    0.000    0.032    0.033   -0.016   -0.098
     0.033    0.016   -0.098   -0.086    0.000   -0.172   -0.025   -0.035
    -0.066   -0.025    0.035   -0.066

 ( 32)
     0.056    0.024   -0.057    0.000   -0.086    0.000   -0.056    0.024
     0.057   -0.055    0.019    0.034    0.055    0.019   -0.034    0.000
    -0.019    0.000    0.000   -0.001    0.000    0.000    0.052    0.000
     0.103    0.084    0.055    0.314    0.072   -0.095    0.000   -0.401
     0.000   -0.314    0.072    0.095   -0.103    0.084   -0.055    0.000
    -0.185    0.000    0.000   -0.017    0.000   -0.005   -0.006    0.000
     0.005   -0.006    0.000    0.000   -0.130    0.000   -0.096   -0.053
    -0.161    0.096   -0.053    0.161

 ( 33)
     0.020   -0.017   -0.066   -0.049    0.000    0.113    0.020    0.017
    -0.066   -0.028    0.025    0.020   -0.028   -0.025    0.020   -0.011
     0.000    0.070    0.000    0.000   -0.040    0.065    0.000   -0.064
    -0.014    0.003    0.068    0.224   -0.042   -0.089   -0.020    0.000
     0.168    0.224    0.042   -0.089   -0.014   -0.003    0.068    0.118
     0.000    0.051    0.192    0.000   -0.077    0.016    0.035    0.057
     0.016   -0.035    0.057   -0.190    0.000   -0.383   -0.096   -0.071
     0.095   -0.096    0.071    0.095

 ( 34)
     0.057   -0.013   -0.003   -0.071    0.000   -0.027    0.057    0.013
    -0.003    0.002   -0.010    0.033    0.002    0.010    0.033   -0.142
     0.000   -0.018    0.069    0.000   -0.019    0.024    0.000    0.021
     0.195    0.042   -0.070   -0.020    0.061   -0.003   -0.170    0.000
    -0.153   -0.020   -0.061   -0.003    0.195   -0.042   -0.070   -0.436
     0.000    0.044    0.019    0.000   -0.012    0.143    0.008   -0.191
     0.143   -0.008   -0.191   -0.021    0.000   -0.031   -0.019   -0.004
     0.120   -0.019    0.004    0.120

 ( 35)
     0.071   -0.022   -0.020    0.000    0.023    0.000   -0.071   -0.022
     0.020   -0.084    0.035    0.030    0.084    0.035   -0.030    0.000
    -0.013    0.000    0.000   -0.064    0.000    0.000   -0.062    0.000
     0.019   -0.069   -0.071    0.030    0.058   -0.028    0.000    0.375
     0.000   -0.030    0.058    0.028   -0.019   -0.069    0.071    0.000
    -0.044    0.000    0.000    0.094    0.000    0.206    0.049   -0.100
    -0.206    0.049    0.100    0.000    0.142    0.000    0.109    0.073
     0.235   -0.109    0.073   -0.235

 ( 36)
     0.046    0.002   -0.055    0.052    0.000    0.002    0.046   -0.002
    -0.055   -0.058    0.001    0.040   -0.058   -0.001    0.040   -0.039
     0.000    0.027    0.037    0.000   -0.025   -0.074    0.000    0.001
     0.044    0.028    0.045    0.057   -0.101   -0.047    0.278    0.000
     0.291    0.057    0.101   -0.047    0.044   -0.028    0.045   -0.029
     0.000    0.030    0.087    0.000   -0.035    0.059    0.012   -0.034
     0.059   -0.012   -0.034    0.205    0.000    0.336    0.095    0.042
    -0.285    0.095   -0.042   -0.285

 ( 37)
    -0.012   -0.048    0.024    0.000    0.031    0.000    0.012   -0.048
    -0.024   -0.004    0.036   -0.024    0.004    0.036    0.024    0.000
    -0.033    0.000    0.000   -0.070    0.000    0.000    0.085    0.000
    -0.138   -0.152   -0.087   -0.061    0.069    0.015    0.000    0.074
     0.000    0.061    0.069   -0.015    0.138   -0.152    0.087    0.000
     0.020    0.000    0.000    0.141    0.000    0.271    0.081   -0.134
    -0.271    0.081    0.134    0.000   -0.183    0.000   -0.158   -0.114
    -0.349    0.158   -0.114    0.349

 ( 38)
     0.017   -0.094    0.039    0.024    0.000    0.051    0.017    0.094
     0.039   -0.006    0.052   -0.023   -0.006   -0.052   -0.023    0.003
     0.000    0.020    0.032    0.000    0.026   -0.022    0.000   -0.056
    -0.185   -0.276   -0.172   -0.040    0.170    0.015    0.075    0.000
     0.120   -0.040   -0.170    0.015   -0.185    0.276   -0.172   -0.154
     0.000    0.051   -0.211    0.000    0.070    0.070   -0.018   -0.151
     0.070    0.018   -0.151   -0.023    0.000   -0.061   -0.019   -0.012
    -0.117   -0.019    0.012   -0.117

 ( 39)
    -0.010    0.061    0.074    0.000   -0.075    0.000    0.010    0.061
    -0.074    0.034    0.019   -0.046   -0.034    0.019    0.046    0.000
    -0.048    0.000    0.000   -0.048    0.000    0.000   -0.049    0.000
    -0.034    0.028    0.001    0.071    0.208    0.051    0.000   -0.382
     0.000   -0.071    0.208   -0.051    0.034    0.028   -0.001    0.000
     0.009    0.000    0.000    0.125    0.000    0.224    0.078   -0.114
    -0.224    0.078    0.114    0.000    0.072    0.000    0.087    0.059
     0.188   -0.087    0.059   -0.188

 ( 40)
    -0.072    0.022   -0.075    0.000    0.012    0.000    0.072    0.022
     0.075    0.011    0.024   -0.010   -0.011    0.024    0.010    0.000
    -0.062    0.000    0.000   -0.041    0.000    0.000   -0.004    0.000
    -0.017    0.166    0.281    0.031   -0.379   -0.040    0.000    0.041
     0.000   -0.031   -0.379    0.040    0.017    0.166   -0.281    0.000
    -0.081    0.000    0.000    0.098    0.000    0.190    0.065   -0.097
    -0.190    0.065    0.097    0.000    0.036    0.000    0.019    0.022
     0.043   -0.019    0.022   -0.043

 ( 41)
     0.040   -0.037    0.025   -0.008    0.000    0.031    0.040    0.037
     0.025    0.018   -0.054    0.042    0.018    0.054    0.042   -0.047
     0.000   -0.104   -0.064    0.000   -0.022   -0.023    0.000   -0.048
     0.052   -0.103   -0.193   -0.045    0.171    0.013    0.009    0.000
     0.053   -0.045   -0.171    0.013    0.052    0.103   -0.193    0.126
     0.000   -0.130    0.318    0.000   -0.090   -0.136    0.019    0.252
    -0.136   -0.019    0.252   -0.007    0.000   -0.031   -0.014   -0.005
    -0.095   -0.014    0.005   -0.095

 ( 42)
    -0.027   -0.111   -0.067    0.051    0.000   -0.050   -0.027    0.111
    -0.067   -0.002    0.010    0.026   -0.002   -0.010    0.026   -0.016
     0.000   -0.031   -0.016    0.000   -0.002    0.057    0.000    0.114
    -0.079   -0.128   -0.018   -0.114   -0.206   -0.046    0.071    0.000
    -0.026   -0.114    0.206   -0.046   -0.079    0.128   -0.018    0.028
     0.000   -0.032    0.075    0.000   -0.018   -0.035    0.003    0.063
    -0.035   -0.003    0.063    0.013    0.000    0.063    0.031    0.003
     0.207    0.031   -0.003    0.207

 ( 43)
     0.003   -0.026   -0.028   -0.155    0.000    0.046    0.003    0.026
    -0.028    0.085    0.063   -0.012    0.085   -0.063   -0.012   -0.015
     0.000   -0.023   -0.055    0.000    0.023   -0.022    0.000    0.020
     0.040    0.031    0.077    0.057   -0.100   -0.021   -0.112    0.000
     0.106    0.057    0.100   -0.021    0.040   -0.031    0.077   -0.010
     0.000   -0.020   -0.056    0.000    0.023   -0.069   -0.005    0.035
    -0.069    0.005    0.035    0.169    0.000    0.250    0.063    0.014
    -0.146    0.063   -0.014   -0.146

 ( 44)
    -0.013    0.053    0.023    0.059    0.000   -0.032   -0.013   -0.053
     0.023   -0.002    0.128    0.038   -0.002   -0.128    0.038   -0.042
     0.000   -0.103    0.038    0.000   -0.010   -0.016    0.000   -0.018
    -0.067    0.035    0.055   -0.035    0.017    0.032    0.047    0.000
    -0.044   -0.035   -0.017    0.032   -0.067   -0.035    0.055   -0.007
     0.000   -0.088    0.205    0.000   -0.039    0.010    0.004    0.089
     0.010   -0.004    0.089   -0.075    0.000   -0.088   -0.040   -0.002
     0.034   -0.040    0.002    0.034

 ( 45)
     0.059   -0.082   -0.064    0.000   -0.091    0.000   -0.059   -0.082
     0.064    0.100    0.056   -0.016   -0.100    0.056    0.016    0.000
     0.036    0.000    0.000    0.038    0.000    0.000    0.022    0.000
     0.011   -0.106   -0.065    0.039   -0.048   -0.061    0.000    0.008
     0.000   -0.039   -0.048    0.061   -0.011   -0.106    0.065    0.000
     0.035    0.000    0.000    0.055    0.000    0.026    0.056   -0.009
    -0.026    0.056    0.009    0.000    0.078    0.000    0.031    0.071
     0.098   -0.031    0.071   -0.098

 ( 46)
    -0.078    0.017   -0.018   -0.085    0.000    0.068   -0.078   -0.017
    -0.018   -0.016   -0.012    0.017   -0.016    0.012    0.017    0.078
     0.000   -0.042    0.140    0.000   -0.046    0.036    0.000    0.042
    -0.072   -0.022   -0.150   -0.114    0.147   -0.026   -0.098    0.000
     0.049   -0.114   -0.147   -0.026   -0.072    0.022   -0.150    0.084
     0.000   -0.038    0.203    0.000   -0.057    0.139    0.005   -0.016
     0.139   -0.005   -0.016    0.124    0.000    0.148    0.068    0.001
    -0.035    0.068   -0.001   -0.035

 ( 47)
     0.002   -0.076    0.069   -0.059    0.000   -0.046    0.002    0.076
     0.069   -0.022   -0.021   -0.013   -0.022    0.021   -0.013    0.042
     0.000   -0.045    0.096    0.000    0.003   -0.054    0.000   -0.058
     0.030    0.006    0.265    0.073   -0.277    0.080   -0.072    0.000
    -0.062    0.073    0.277    0.080    0.030   -0.006    0.265    0.048
     0.000   -0.044    0.185    0.000   -0.012    0.083    0.003    0.056
     0.083   -0.003    0.056   -0.061    0.000   -0.065   -0.056    0.001
    -0.053   -0.056   -0.001   -0.053

 ( 48)
     0.094    0.000    0.062    0.000    0.068    0.000   -0.094    0.000
    -0.062    0.027    0.003   -0.030   -0.027    0.003    0.030    0.000
     0.013    0.000    0.000    0.046    0.000    0.000   -0.106    0.000
     0.120    0.067    0.218    0.178   -0.150    0.064    0.000    0.112
     0.000   -0.178   -0.150   -0.064   -0.120    0.067   -0.218    0.000
     0.028    0.000    0.000    0.077    0.000    0.030    0.062   -0.024
    -0.030    0.062    0.024    0.000   -0.094    0.000   -0.108   -0.211
    -0.106    0.108   -0.211    0.106

 ( 49)
    -0.014   -0.024    0.041    0.000   -0.036    0.000    0.014   -0.024
    -0.041   -0.025    0.083   -0.023    0.025    0.083    0.023    0.000
     0.090    0.000    0.000   -0.134    0.000    0.000   -0.017    0.000
    -0.069   -0.016    0.146    0.034   -0.104    0.042    0.000   -0.071
     0.000   -0.034   -0.104   -0.042    0.069   -0.016   -0.146    0.000
     0.130    0.000    0.000   -0.235    0.000   -0.174   -0.232    0.095
     0.174   -0.232   -0.095    0.000   -0.021    0.000    0.012   -0.007
     0.009   -0.012   -0.007   -0.009

 ( 50)
    -0.015   -0.009   -0.029   -0.019    0.000   -0.068   -0.015    0.009
    -0.029    0.056    0.000    0.087    0.056    0.000    0.087    0.073
     0.000    0.057   -0.003    0.000   -0.073   -0.121    0.000   -0.040
     0.023   -0.004   -0.073   -0.106   -0.010   -0.012    0.000    0.000
    -0.039   -0.106    0.010   -0.012    0.023    0.004   -0.073    0.136
     0.000    0.047   -0.131    0.000   -0.050    0.024   -0.001   -0.149
     0.024    0.001   -0.149   -0.177    0.000   -0.107   -0.142   -0.001
     0.012   -0.142    0.001    0.012

 ( 51)
     0.011   -0.026   -0.001    0.000   -0.010    0.000   -0.011   -0.026
     0.001   -0.050   -0.041   -0.094    0.050   -0.041    0.094    0.000
     0.023    0.000    0.000    0.027    0.000    0.000    0.088    0.000
    -0.002   -0.015    0.051    0.079   -0.052   -0.013    0.000   -0.017
     0.000   -0.079   -0.052    0.013    0.002   -0.015   -0.051    0.000
     0.110    0.000    0.000    0.329    0.000   -0.137   -0.121   -0.220
     0.137   -0.121    0.220    0.000    0.292    0.000   -0.121    0.034
     0.111    0.121    0.034   -0.111

 ( 52)
     0.010   -0.014    0.010    0.000   -0.002    0.000   -0.010   -0.014
    -0.010   -0.016   -0.008   -0.025    0.016   -0.008    0.025    0.000
     0.013    0.000    0.000    0.032    0.000    0.000    0.001    0.000
     0.007   -0.002    0.050    0.037   -0.044    0.008    0.000    0.014
     0.000   -0.037   -0.044   -0.008   -0.007   -0.002   -0.050    0.000
     0.033    0.000    0.000    0.172    0.000   -0.050   -0.028   -0.104
     0.050   -0.028    0.104    0.000   -0.536    0.000    0.443    0.269
    -0.147   -0.443    0.269    0.147

 ( 53)
    -0.015    0.026   -0.021    0.000    0.005    0.000    0.015    0.026
     0.021    0.033    0.029    0.053   -0.033    0.029   -0.053    0.000
    -0.011    0.000    0.000   -0.023    0.000    0.000   -0.077    0.000
    -0.009    0.008   -0.080   -0.068    0.069   -0.014    0.000    0.012
     0.000    0.068    0.069    0.014    0.009    0.008    0.080    0.000
    -0.073    0.000    0.000    0.437    0.000   -0.225   -0.260   -0.336
     0.225   -0.260    0.336    0.000   -0.060    0.000   -0.050   -0.121
    -0.039    0.050   -0.121    0.039

 ( 54)
    -0.018   -0.013    0.053   -0.005    0.000   -0.016   -0.018    0.013
     0.053   -0.020    0.008    0.050   -0.020   -0.008    0.050   -0.001
     0.000   -0.003   -0.070    0.000   -0.115    0.146    0.000   -0.065
    -0.014    0.002    0.089   -0.023   -0.063    0.058   -0.064    0.000
    -0.096   -0.023    0.063    0.058   -0.014   -0.002    0.089    0.081
     0.000   -0.015   -0.171    0.000   -0.096   -0.050    0.000   -0.173
    -0.050    0.000   -0.173    0.218    0.000    0.024    0.171    0.000
    -0.130    0.171    0.000   -0.130

 ( 55)
     0.013    0.050    0.046   -0.034    0.086    0.033   -0.069    0.050
    -0.016   -0.004    0.027    0.019   -0.081    0.027   -0.040   -0.035
    -0.006   -0.025   -0.051   -0.028   -0.052   -0.064    0.139    0.042
     0.037    0.075    0.080    0.039    0.016    0.045   -0.020    0.098
     0.051   -0.050    0.016   -0.023   -0.107    0.075   -0.030   -0.012
    -0.040   -0.029   -0.073    0.006   -0.047   -0.076   -0.054   -0.087
    -0.017   -0.054   -0.041   -0.079    0.128    0.024   -0.039    0.165
     0.078   -0.098    0.165    0.032

 ( 56)
    -0.024   -0.029   -0.074   -0.044   -0.022   -0.044   -0.066   -0.029
    -0.009   -0.024   -0.069   -0.069   -0.063   -0.069   -0.008   -0.044
    -0.071   -0.037   -0.042   -0.115   -0.033   -0.041   -0.053   -0.045
    -0.007   -0.030   -0.100   -0.025   -0.003   -0.077   -0.046    0.011
    -0.046   -0.071   -0.003   -0.006   -0.081   -0.030    0.014   -0.047
    -0.045   -0.036   -0.039   -0.140   -0.034   -0.058   -0.119   -0.008
    -0.027   -0.119   -0.056   -0.039   -0.086   -0.043   -0.025   -0.049
    -0.071   -0.055   -0.049   -0.023

 ( 57)
     0.048    0.087   -0.078    0.022    0.090   -0.017   -0.012    0.087
     0.069    0.056    0.015   -0.055    0.000    0.015    0.084    0.023
     0.020    0.025    0.034   -0.059    0.044    0.044    0.014   -0.024
     0.076    0.079   -0.141    0.034    0.148   -0.082    0.012    0.152
    -0.030   -0.031    0.148    0.079   -0.030    0.079    0.118    0.006
     0.082    0.028    0.051   -0.119    0.041    0.009   -0.060    0.107
     0.053   -0.060   -0.001    0.054   -0.049   -0.011    0.069    0.016
    -0.087    0.026    0.016    0.020

 ( 58)
    -0.005    0.015   -0.001    0.002   -0.011    0.089    0.036    0.015
     0.101   -0.035    0.007   -0.054    0.003    0.007    0.042    0.001
     0.033   -0.038   -0.035    0.022   -0.096   -0.063   -0.079    0.110
    -0.035   -0.007   -0.018    0.043    0.064   -0.014    0.033    0.002
     0.128    0.087    0.064    0.097    0.036   -0.007    0.162    0.051
     0.083   -0.046   -0.084   -0.027   -0.086   -0.010    0.041   -0.086
    -0.039    0.041   -0.161   -0.095   -0.095    0.071   -0.088   -0.099
     0.100   -0.059   -0.099    0.175

 ( 59)
     0.039   -0.037    0.084    0.013   -0.017    0.076   -0.011   -0.037
     0.062    0.035   -0.056    0.079   -0.011   -0.056    0.059    0.013
    -0.073    0.067    0.011   -0.093    0.064    0.009    0.006    0.077
     0.057   -0.024    0.093    0.045   -0.050    0.084    0.015   -0.004
     0.078   -0.010   -0.050    0.061   -0.031   -0.024    0.056    0.016
    -0.087    0.067    0.008   -0.079    0.064   -0.007   -0.107    0.054
     0.030   -0.107    0.070    0.007   -0.006    0.074    0.026    0.020
     0.087   -0.010    0.020    0.071

 ( 60)
    -0.099    0.015    0.005   -0.072   -0.003   -0.001   -0.060    0.015
     0.039   -0.080    0.025    0.038   -0.043    0.025    0.070   -0.071
     0.041    0.072   -0.050    0.050    0.106   -0.034   -0.030   -0.013
    -0.104    0.002   -0.021   -0.129    0.033    0.008   -0.089   -0.007
    -0.024   -0.087    0.033    0.045   -0.037    0.002    0.039   -0.100
     0.059    0.077   -0.022    0.031    0.100   -0.042    0.062    0.134
    -0.070    0.062    0.109   -0.016   -0.026    0.010   -0.042   -0.043
    -0.041   -0.014   -0.043   -0.016


                VIBRATIONAL AMPLITUDE AND CENTRIFUGAL DISTORTION
                 CONTRIBUTIONS TO THE BOND LENGTH AT   298.16 K

                 Note: Excludes contributions from frequencies
                       lower than 40 (1/cm).

                R(e)   = r(mm4) - 1.5 * anh * <Z**2>(298.16)
                R(z)   = R(e) + 1.5 * anh * <Z**2>(0) - <K>(0))
                R(s)   = [R(e) + R(z)] / 2
                R(alp) = R(e) + 1.5 * anh * <Z**2>(T) - <K>(T) - <C>(T)
                R(g)   = R(e) + 1.5 * anh * <Z**2>(T)
                R(a)   = [R(g) + sqrt(R(g)**2-4*<Z**2>(T))] / 2

                       anh = anharmonicity (2.00)
                    <Z**2> = mean-square vibrational amplitude
                       <K> = perpendicular vibrational amplitude
                       <C> = centrifugal correction

        BOND          R(g)      R(z)      R(e)     R(alp)     R(s)      R(a)
    2( C)-  1( C)    1.5291    1.5267    1.5216    1.5263    1.5241    1.5275
    3( C)-  2( C)    1.5291    1.5267    1.5216    1.5263    1.5241    1.5275
    4( O)-  1( C)    1.4339    1.4308    1.4269    1.4304    1.4289    1.4323
    5( O)-  3( C)    1.4339    1.4308    1.4269    1.4304    1.4289    1.4323
    6( C)-  4( O)    1.4028    1.4001    1.3961    1.3997    1.3981    1.4012
    6( C)-  5( O)    1.4028    1.4001    1.3961    1.3997    1.3981    1.4012
    7( C)-  6( C)    1.5155    1.5122    1.5082    1.5117    1.5102    1.5139
    8( C)-  2( C)    1.5348    1.5313    1.5273    1.5307    1.5293    1.5332
    9( H)-  1( C)    1.1101    1.0974    1.0915    1.0969    1.0944    1.1045
   10( H)-  1( C)    1.1238    1.1109    1.1043    1.1104    1.1076    1.1180
   11( H)-  2( C)    1.1132    1.1015    1.0947    1.1013    1.0981    1.1076
   12( H)-  3( C)    1.1238    1.1109    1.1043    1.1104    1.1076    1.1180
   13( H)-  3( C)    1.1101    1.0974    1.0915    1.0969    1.0944    1.1045
   14( H)-  6( C)    1.1295    1.1182    1.1097    1.1180    1.1140    1.1236
   15( H)-  7( C)    1.1105    1.0917    1.0921    1.0902    1.0921    1.1049
   16( H)-  7( C)    1.1102    1.0915    1.0919    1.0900    1.0919    1.1047
   17( H)-  7( C)    1.1102    1.0915    1.0919    1.0900    1.0919    1.1047
   18( H)-  8( C)    1.1125    1.0943    1.0940    1.0929    1.0941    1.1069
   19( H)-  8( C)    1.1125    1.0946    1.0940    1.0932    1.0943    1.1070
   20( H)-  8( C)    1.1125    1.0946    1.0940    1.0932    1.0943    1.1070


                  Non-Bonded Atom Pair Distance Table
        (Distance greater than 82% of VDW distance are not printed)

        PAIR        Dist(g)   Dist(z)
    4( O),  3( C)    2.7847    2.7789       1,4
    5( O),  1( C)    2.7847    2.7789       1,4
    6( C),  2( C)    2.8149    2.8152       1,4
    8( C),  4( O)    3.0183    3.0144       1,4
    8( C),  5( O)    3.0183    3.0144       1,4
    9( H),  8( C)    2.7186    2.7107       1,4
   10( H),  3( C)    2.8079    2.7999       1,4
   10( H),  6( C)    2.6373    2.6315       1,4
   11( H),  9( H)    2.6052    2.5904       1,4
   11( H), 10( H)    2.4642    2.4539       1,4
   12( H),  1( C)    2.8079    2.7999       1,4
   12( H),  6( C)    2.6373    2.6315       1,4
   12( H), 10( H)    2.6893    2.6868          
   12( H), 11( H)    2.4642    2.4539       1,4
   13( H),  8( C)    2.7186    2.7107       1,4
   13( H), 11( H)    2.6052    2.5904       1,4
   14( H),  1( C)    2.5880    2.5852       1,4
   14( H),  3( C)    2.5880    2.5852       1,4
   14( H), 10( H)    2.3838    2.3855          
   14( H), 12( H)    2.3838    2.3855          
   15( H),  4( O)    2.6115    2.6042       1,4
   15( H),  5( O)    2.6115    2.6042       1,4
   16( H),  5( O)    2.6224    2.6185       1,4
   16( H), 14( H)    2.5703    2.5589       1,4
   17( H),  4( O)    2.6224    2.6185       1,4
   17( H), 14( H)    2.5703    2.5589       1,4
   18( H),  1( C)    2.7881    2.7747       1,4
   18( H),  3( C)    2.7881    2.7747       1,4
   18( H),  4( O)    2.7212    2.7187          
   18( H),  5( O)    2.7212    2.7187          
   19( H),  1( C)    2.7963    2.7895       1,4
   19( H),  9( H)    2.5347    2.5367          
   19( H), 11( H)    2.5376    2.5237       1,4
   20( H),  3( C)    2.7963    2.7895       1,4
   20( H), 11( H)    2.5376    2.5237       1,4
   20( H), 13( H)    2.5347    2.5367          


         THE MOMENTS OF INERTIA CALCULATED FROM R(g), R(z) VALUES
                  (also from R(e), R(alpha), R(s) VALUES)

         Note: (1) All calculations are based on principle isotopes.
               (2) R(z) values include harmonic vibration (Coriolis)
                   contribution indicated in parentheses.


   (1)  UNIT = 10**(-39) GM*CM**2

                    IX                   IY                   IZ

   R(e)        23.7385              48.9457              56.5111
   R(z)        23.8704(-0.0095)     49.3586(-0.0010)     57.0348( 0.0085)

   (2)  UNIT = AU A**2

                    IX                   IY                   IZ

   R(e)       142.9723             294.7900             340.3548
   R(z)       143.7666(-0.0574)    297.2770(-0.0060)    343.5092( 0.0510)


 ==============================================================================
                      STATISTICAL THERMODYNAMICS ANALYSIS
 ==============================================================================

  Structure name    : 2,5-dimethyl-1,3-dioxane-eq,ax                              
  Temperature       :   298.16 K
  Symmetry number   :   1
  Optical isomers   :   1
  Zero Point Energy :  108.471 Kcal/mol


                     ENERGY** ENTHALPY**  ENTROPY  FREE ENERGY** HEAT CAPACITY**
                  (Kcal/mol) (Kcal/mol)     (eu)   (Kcal/mol)    (cal/mol/deg)
  Translational       0.889      0.889     40.166    -11.087         2.981
     Rotational       0.889      0.889     28.011     -7.463         2.981
    Vibrational*    111.835%   111.835%    18.461    106.330%       25.547
         PV(RT)       0.000      0.593      0.000      0.593         1.987
      Potential       0.279#     0.279#     0.000      0.279#        0.000
         Mixing       0.000      0.000      0.000      0.000         0.000
          Total*    113.891    114.484     86.638     88.652        33.496

  Enthalpy Function (H-Ho)/T     =   19.23 cal/mol/deg
  Free Energy Function -(G-Ho)/T =   67.41 cal/mol/deg

  % Includes zero point energy (ZPE).
  * Excludes contribution from frequencies lower than 10 (1/cm).
  # Includes steric energy (SE).
    Internal rotation contributions are not considered
 ** These quantities are relative to the R(e) values (
    bottom of potential well) and do NOT include bonding

  This structure has   0 imaginary frequencies,
                       0 free internal rotation (fir) frequencies
                         (>= 0,< 10 /cm),
                       0 restricted internal rotation (rir) frequencies
                         (>= 10,< 40 /cm),
                       6 zero frequencies, and
                      54 real frequencies.


      FINAL STERIC ENERGY IS                0.2791 KCAL/MOL.


                  COMPRESSION               0.6262
                  STRETCH-STRETCH           0.0000
                  BENDING                   2.2200
                  BEND-BEND                -0.0929
                  STRETCH-BEND              0.3134
                  VANDERWAALS
                    1,4 ENERGY              3.9476
                    OTHER                  -0.7518
                  H-BONDING                 0.0000
                  PI-COMPLX                 0.0000
                  TORSIONAL                 0.6638
                  TORSION-STRETCH          -1.0385
                  TORSION-BEND             -2.8144
                  BEND-TORSION-BEND        -0.1322
                  TORSION-IMPT              0.0000
                  IMPT-TORSION-IMPT         0.0000
                  TORSION-TORSION           1.0950
                  DIPOLE-DIPOLE            -2.2076
                  CHARGE-DIPOLE             0.0000
                  IND-DIP CORR.            -1.5494
                  CHARGE-CHARGE             0.0000


      MOLECULAR POLARIZABILITIES (A**3)

        ALPHA(1)   =      15.92
        ALPHA(2)   =      14.60
        ALPHA(3)   =      13.49
        AVG. ALPHA =      14.67


      DIPOLE MOMENT =          1.9345 D

        SIGMA-DIPOLE MOMENT =  1.9345 (X = -0.8670    Y =  0.0000    Z =  1.7293)


      DIPOLE MOMENT =          1.5912 D (INCLUDES INDUCED BOND MOMENTS)

        SIGMA-DIPOLE MOMENT =  1.5912 (X = -1.0859    Y =  0.0000    Z =  1.1631)


      OTHER MOLECULAR PROPERTIES:

        Molar Polarizability:    37.2390 cm**3/mole
        Molar Refraction:        36.9895 cm**3/mole
        Radius of Gyration:       2.6066 A
        Molecular VDW Surface:  204.2114 A**2
        Molecular VDW Volume:   190.1325 A**3
        Dispersion Energy:      -13.9599 Kcal/mole
        Density (gas):          0.004744 g/cm**3 (@  298.2 K, 1 atm)
        Density (cdn):            0.8793 g/cm**3 (@STP Estd.)
        Ref. Index (gas):       1.002270 (@  298.2 K, 1 atm)
        Ref. Index (cdn):         1.4727 (@STP Estd.)
        Diel. Constant (gas):     1.0103 (@  298.2 K, 1 atm)
        Diel. Constant (cdn):    11.1491 (@STP Estd.)



      TOTAL ATOMIC CHARGE ON EACH ATOM (in ELECTRON CHARGE)

           C(    1):          0.218
           C(    2):         -0.050
           C(    3):          0.218
           O(    4):         -0.402
           O(    5):         -0.402
           C(    6):          0.371
           C(    7):         -0.009
           C(    8):          0.004
           H(    9):          0.006
           H(   10):         -0.005
           H(   11):          0.008
           H(   12):         -0.005
           H(   13):          0.006
           H(   14):         -0.002
           H(   15):          0.011
           H(   16):          0.011
           H(   17):          0.011
           H(   18):          0.006
           H(   19):          0.004
           H(   20):          0.004

      -----------------------------------------------------------------

        END OF 2,5-dimethyl-1,3-dioxane-eq,ax                              


           TOTAL CPU TIME IS      0.12 SECONDS.

           THIS JOB COMPLETED AT    18:40:45
