 
               ---------------------------------------------
               WARNING : INCORRECT ATOM TYPES GIVEN IN INPUT
                         DATA ARE CORRECTED AS FOLLOWS
               ---------------------------------------------


             Atom type of atom    1 is replaced by   1 (was   0)
             Atom type of atom    2 is replaced by   3 (was   0)
             Atom type of atom    3 is replaced by   1 (was   0)
             Atom type of atom    4 is replaced by   1 (was   0)
             Atom type of atom    5 is replaced by   7 (was   0)
             Atom type of atom    6 is replaced by   5 (was   0)
             Atom type of atom    7 is replaced by   5 (was   0)
             Atom type of atom    8 is replaced by   5 (was   0)
             Atom type of atom    9 is replaced by   5 (was   0)
             Atom type of atom   10 is replaced by   5 (was   0)
             Atom type of atom   11 is replaced by   5 (was   0)
             Atom type of atom   12 is replaced by   5 (was   0)
             Atom type of atom   13 is replaced by   5 (was   0)
 
     2-butanone-skew                                             

               CHEMICAL FORMULA :  C(    4)  H(    8)  O(    1) 
               FORMULA WEIGHT   :     72.059
                                                               DATE 30-MAY-23
                                                               TIME  18:50:46


          THE COORDINATES OF    13 ATOMS ARE READ IN.
          SOME CONSTANTS WILL BE READ IN.

      CONFORMATIONAL ENERGY, PART 1:  GEOMETRY AND STERIC ENERGY
                                      OF INITIAL CONFORMATION.


      CONNECTED ATOMS
          1-    2-    3-    4-

      ATTACHED ATOMS
          1-    6,    1-    7,    1-    8,    2-    5,    3-    9,    3-   10,
          4-   11,    4-   12,    4-   13,

      INITIAL ATOMIC COORDINATES
           ATOM          X           Y           Z      TYPE
         C(    1)    -2.15834     1.25700     0.01930   (  1)
         C(    2)    -1.51297    -0.04105     0.07101   (  3)
         C(    3)    -0.15602    -0.21053     0.57263   (  1)
         C(    4)     0.92455     0.38272    -0.36053   (  1)
         O(    5)    -2.14011    -1.02809    -0.29282   (  7)
         H(    6)    -3.19284     1.17642    -0.32325   (  5)
         H(    7)    -2.16311     1.70933     1.01255   (  5)
         H(    8)    -1.62496     1.91548    -0.66746   (  5)
         H(    9)    -0.07598     0.25840     1.55674   (  5)
         H(   10)     0.06415    -1.27456     0.70510   (  5)
         H(   11)     0.85203    -0.05696    -1.35768   (  5)
         H(   12)     0.81765     1.46604    -0.44001   (  5)
         H(   13)     1.91594     0.16578     0.04202   (  5)

        %=%=%=%=%=%=%=%=%=%=%=%=%=%=%=%=%=%=%=%=%=%=%=%=%=%=%=

        MM4(08)-v010108: (Const:V010108-00)

        The Parameters Used in This Calculation Can be Found
        in the Publication(s) Listed in the PART 3

        %=%=%=%=%=%=%=%=%=%=%=%=%=%=%=%=%=%=%=%=%=%=%=%=%=%=%=


          DIELECTRIC CONSTANT =  1.500


      INITIAL STERIC ENERGY IS              6.9149 KCAL/MOL.

                  COMPRESSION               3.8139
                  STRETCH-STRETCH           0.2168
                  BENDING                   1.6551
                  BEND-BEND                 0.0370
                  STRETCH-BEND             -0.6796
                  VANDERWAALS
                    1,4 ENERGY              1.2701
                    OTHER                  -0.1983
                  H-BONDING                 0.0000
                  PI-COMPLX                 0.0000
                  TORSIONAL                 1.0109
                  TORSION-STRETCH          -0.0220
                  TORSION-BEND              0.2535
                  BEND-TORSION-BEND        -0.0134
                  TORSION-IMPT              0.0000
                  IMPT-TORSION-IMPT         0.0000
                  TORSION-TORSION           0.0000
                  DIPOLE-DIPOLE             0.0000
                  CHARGE-DIPOLE             0.0000
                  IND_DIP CORR.            -0.4292
                  CHARGE-CHARGE             0.0000


      MOMENT OF INERTIA ( R(g) ) WITH THE PRINCIPAL AXES

          (1)  UNIT = 10**(-39) GM*CM**2
               IX=   10.4430    IY=   21.7144    IZ=   27.6820

          (2)  UNIT = AU A**2
               IX=   62.8980    IY=  130.7861    IZ=  166.7284


      MOLECULAR POLARIZABILITIES (A**3)

        ALPHA(1)   =       8.77
        ALPHA(2)   =       8.13
        ALPHA(3)   =       7.12
        AVG. ALPHA =       8.01


      DIPOLE MOMENT =          2.8208 D

        SIGMA-DIPOLE MOMENT =  2.8208 (X = -1.4359    Y = -2.2715    Z = -0.8574)


      DIPOLE MOMENT =          2.8946 D (INCLUDES INDUCED BOND MOMENTS)

        SIGMA-DIPOLE MOMENT =  2.8946 (X = -1.5824    Y = -2.2931    Z = -0.7851)


      OTHER MOLECULAR PROPERTIES:

        Molar Polarizability:    21.0157 cm**3/mole
        Molar Refraction:        20.1899 cm**3/mole
        Radius of Gyration:       2.2373 A
        Molecular VDW Surface:  152.7708 A**2
        Molecular VDW Volume:   130.7547 A**3
        Dispersion Energy:       -6.1897 Kcal/mole
        Density (gas):          0.002945 g/cm**3 (@  298.2 K, 1 atm)
        Density (cdn):            0.7838 g/cm**3 (@STP Estd.)
        Ref. Index (gas):       1.001239 (@  298.2 K, 1 atm)
        Ref. Index (cdn):         1.3583 (@STP Estd.)
        Diel. Constant (gas):     1.0215 (@  298.2 K, 1 atm)
        Diel. Constant (cdn):    40.8052 (@STP Estd.)



      CPU TIME FOR INITIAL CALCULATION IS     0.04 SECONDS.
 


     2-butanone-skew                                             


     CONFORMATIONAL ENERGY, PART 2: GEOMETRY MINIMIZATION

               GEOMETRY OPTIMIZATION IS CONTINUED UNTIL ATOM
               MOVEMENT CONVERGES WITHIN FOLLOWING VALUES:

                         AVERAGE MOVEMENT  0.00011 A
                         MAXIMUM MOVEMENT  0.00108 A



     <<<<<<<<<<<<<<<<<<<<<<<<<<  C Y C L E   1 >>>>>>>>>>>>>>>>>>>>>>>>>>

                              (CH)-MOVEMENT = 0

     ITER    1  AVG. MOVE = 0.01949 A  (MAX MOVE: ATOM     5   0.59667 A)
     ITER    2  AVG. MOVE = 0.01127 A  (MAX MOVE: ATOM     5   0.06155 A)
     ITER    3  AVG. MOVE = 0.00329 A  (MAX MOVE: ATOM     6   0.02296 A)
     ITER    4  AVG. MOVE = 0.00192 A  (MAX MOVE: ATOM     9   0.00936 A)
     ITER    5  AVG. MOVE = 0.00147 A  (MAX MOVE: ATOM     9   0.00738 A)
     ITER    6  AVG. MOVE = 0.00120 A  (MAX MOVE: ATOM     9   0.00590 A)
     ITER    7  AVG. MOVE = 0.00102 A  (MAX MOVE: ATOM     8   0.00517 A)
     ITER    8  AVG. MOVE = 0.00089 A  (MAX MOVE: ATOM     8   0.00472 A)
     ITER    9  AVG. MOVE = 0.00080 A  (MAX MOVE: ATOM     8   0.00435 A)
     ITER   10  AVG. MOVE = 0.00072 A  (MAX MOVE: ATOM     8   0.00405 A)
     ITER   11  AVG. MOVE = 0.00065 A  (MAX MOVE: ATOM     8   0.00379 A)
     ITER   12  AVG. MOVE = 0.00061 A  (MAX MOVE: ATOM     8   0.00357 A)
     ITER   13  AVG. MOVE = 0.00056 A  (MAX MOVE: ATOM     8   0.00339 A)
     ITER   14  AVG. MOVE = 0.00053 A  (MAX MOVE: ATOM     8   0.00322 A)
     ITER   15  AVG. MOVE = 0.00050 A  (MAX MOVE: ATOM     8   0.00308 A)
     ITER   16  AVG. MOVE = 0.00047 A  (MAX MOVE: ATOM     8   0.00295 A)
     ITER   17  AVG. MOVE = 0.00045 A  (MAX MOVE: ATOM     8   0.00284 A)
     ITER   18  AVG. MOVE = 0.00043 A  (MAX MOVE: ATOM     8   0.00274 A)
     ITER   19  AVG. MOVE = 0.00041 A  (MAX MOVE: ATOM     8   0.00265 A)
     ITER   20  AVG. MOVE = 0.00040 A  (MAX MOVE: ATOM     8   0.00257 A)
     ITER   21  AVG. MOVE = 0.00038 A  (MAX MOVE: ATOM     8   0.00250 A)
     ITER   22  AVG. MOVE = 0.00037 A  (MAX MOVE: ATOM     8   0.00243 A)
     ITER   23  AVG. MOVE = 0.00036 A  (MAX MOVE: ATOM     8   0.00238 A)
     ITER   24  AVG. MOVE = 0.00036 A  (MAX MOVE: ATOM     7   0.00234 A)
     ITER   25  AVG. MOVE = 0.00035 A  (MAX MOVE: ATOM     7   0.00232 A)
     ITER   26  AVG. MOVE = 0.00034 A  (MAX MOVE: ATOM     7   0.00231 A)
     ITER   27  AVG. MOVE = 0.00034 A  (MAX MOVE: ATOM     7   0.00230 A)
     ITER   28  AVG. MOVE = 0.00033 A  (MAX MOVE: ATOM     7   0.00228 A)
     ITER   29  AVG. MOVE = 0.00033 A  (MAX MOVE: ATOM     7   0.00227 A)
     ITER   30  AVG. MOVE = 0.00032 A  (MAX MOVE: ATOM     7   0.00226 A)
     ITER   31  AVG. MOVE = 0.00032 A  (MAX MOVE: ATOM     7   0.00224 A)
     ITER   32  AVG. MOVE = 0.00031 A  (MAX MOVE: ATOM     7   0.00223 A)
     ITER   33  AVG. MOVE = 0.00031 A  (MAX MOVE: ATOM     7   0.00222 A)
     ITER   34  AVG. MOVE = 0.00031 A  (MAX MOVE: ATOM     7   0.00221 A)
     ITER   35  AVG. MOVE = 0.00030 A  (MAX MOVE: ATOM     7   0.00220 A)
     ITER   36  AVG. MOVE = 0.00030 A  (MAX MOVE: ATOM     7   0.00219 A)
     ITER   37  AVG. MOVE = 0.00030 A  (MAX MOVE: ATOM     7   0.00218 A)
     ITER   38  AVG. MOVE = 0.00029 A  (MAX MOVE: ATOM     7   0.00217 A)
     ITER   39  AVG. MOVE = 0.00029 A  (MAX MOVE: ATOM     7   0.00216 A)
     ITER   40  AVG. MOVE = 0.00029 A  (MAX MOVE: ATOM     7   0.00215 A)
     ITER   41  AVG. MOVE = 0.00029 A  (MAX MOVE: ATOM     7   0.00215 A)
     ITER   42  AVG. MOVE = 0.00028 A  (MAX MOVE: ATOM     7   0.00214 A)
     ITER   43  AVG. MOVE = 0.00028 A  (MAX MOVE: ATOM     7   0.00213 A)
     ITER   44  AVG. MOVE = 0.00028 A  (MAX MOVE: ATOM     7   0.00213 A)
     ITER   45  AVG. MOVE = 0.00028 A  (MAX MOVE: ATOM     7   0.00212 A)
     ITER   46  AVG. MOVE = 0.00028 A  (MAX MOVE: ATOM     7   0.00211 A)
     ITER   47  AVG. MOVE = 0.00028 A  (MAX MOVE: ATOM     7   0.00211 A)
     ITER   48  AVG. MOVE = 0.00027 A  (MAX MOVE: ATOM     7   0.00210 A)
     ITER   49  AVG. MOVE = 0.00027 A  (MAX MOVE: ATOM     7   0.00209 A)
     ITER   50  AVG. MOVE = 0.00027 A  (MAX MOVE: ATOM     7   0.00209 A)
     ITER   51  AVG. MOVE = 0.00027 A  (MAX MOVE: ATOM     7   0.00208 A)
     ITER   52  AVG. MOVE = 0.00027 A  (MAX MOVE: ATOM     7   0.00208 A)
     ITER   53  AVG. MOVE = 0.00027 A  (MAX MOVE: ATOM     7   0.00207 A)
     ITER   54  AVG. MOVE = 0.00027 A  (MAX MOVE: ATOM     7   0.00207 A)
     ITER   55  AVG. MOVE = 0.00027 A  (MAX MOVE: ATOM     7   0.00207 A)
     ITER   56  AVG. MOVE = 0.00027 A  (MAX MOVE: ATOM     7   0.00206 A)
     ITER   57  AVG. MOVE = 0.00027 A  (MAX MOVE: ATOM     7   0.00206 A)
     ITER   58  AVG. MOVE = 0.00027 A  (MAX MOVE: ATOM     7   0.00205 A)
     ITER   59  AVG. MOVE = 0.00027 A  (MAX MOVE: ATOM     7   0.00205 A)
     ITER   60  AVG. MOVE = 0.00027 A  (MAX MOVE: ATOM     7   0.00204 A)
     ITER   61  AVG. MOVE = 0.00027 A  (MAX MOVE: ATOM     7   0.00204 A)
     ITER   62  AVG. MOVE = 0.00027 A  (MAX MOVE: ATOM     7   0.00204 A)
     ITER   63  AVG. MOVE = 0.00026 A  (MAX MOVE: ATOM     7   0.00203 A)
     ITER   64  AVG. MOVE = 0.00026 A  (MAX MOVE: ATOM     7   0.00203 A)
     ITER   65  AVG. MOVE = 0.00026 A  (MAX MOVE: ATOM     7   0.00203 A)
     ITER   66  AVG. MOVE = 0.00026 A  (MAX MOVE: ATOM     7   0.00202 A)
     ITER   67  AVG. MOVE = 0.00026 A  (MAX MOVE: ATOM     7   0.00202 A)
     ITER   68  AVG. MOVE = 0.00026 A  (MAX MOVE: ATOM     7   0.00202 A)
     ITER   69  AVG. MOVE = 0.00026 A  (MAX MOVE: ATOM     7   0.00201 A)
     ITER   70  AVG. MOVE = 0.00026 A  (MAX MOVE: ATOM     7   0.00201 A)
     ITER   71  AVG. MOVE = 0.00026 A  (MAX MOVE: ATOM     7   0.00201 A)
     ITER   72  AVG. MOVE = 0.00026 A  (MAX MOVE: ATOM     7   0.00200 A)
     ITER   73  AVG. MOVE = 0.00026 A  (MAX MOVE: ATOM     7   0.00200 A)
     ITER   74  AVG. MOVE = 0.00026 A  (MAX MOVE: ATOM     7   0.00200 A)
     ITER   75  AVG. MOVE = 0.00026 A  (MAX MOVE: ATOM     7   0.00199 A)
     ITER   76  AVG. MOVE = 0.00026 A  (MAX MOVE: ATOM     7   0.00199 A)
     ITER   77  AVG. MOVE = 0.00026 A  (MAX MOVE: ATOM     7   0.00199 A)
     ITER   78  AVG. MOVE = 0.00026 A  (MAX MOVE: ATOM     7   0.00198 A)
     ITER   79  AVG. MOVE = 0.00026 A  (MAX MOVE: ATOM     7   0.00198 A)
     ITER   80  AVG. MOVE = 0.00026 A  (MAX MOVE: ATOM     7   0.00198 A)
     ITER   81  AVG. MOVE = 0.00026 A  (MAX MOVE: ATOM     7   0.00197 A)
     ITER   82  AVG. MOVE = 0.00026 A  (MAX MOVE: ATOM     7   0.00197 A)
     ITER   83  AVG. MOVE = 0.00026 A  (MAX MOVE: ATOM     7   0.00197 A)
     ITER   84  AVG. MOVE = 0.00026 A  (MAX MOVE: ATOM     7   0.00196 A)
     ITER   85  AVG. MOVE = 0.00026 A  (MAX MOVE: ATOM     7   0.00196 A)
     ITER   86  AVG. MOVE = 0.00026 A  (MAX MOVE: ATOM     7   0.00196 A)
     ITER   87  AVG. MOVE = 0.00026 A  (MAX MOVE: ATOM     7   0.00196 A)
     ITER   88  AVG. MOVE = 0.00025 A  (MAX MOVE: ATOM     7   0.00195 A)
     ITER   89  AVG. MOVE = 0.00025 A  (MAX MOVE: ATOM     7   0.00195 A)
     ITER   90  AVG. MOVE = 0.00025 A  (MAX MOVE: ATOM     7   0.00195 A)
     ITER   91  AVG. MOVE = 0.00025 A  (MAX MOVE: ATOM     7   0.00194 A)
     ITER   92  AVG. MOVE = 0.00025 A  (MAX MOVE: ATOM     7   0.00194 A)
     ITER   93  AVG. MOVE = 0.00025 A  (MAX MOVE: ATOM     7   0.00194 A)
     ITER   94  AVG. MOVE = 0.00025 A  (MAX MOVE: ATOM     7   0.00193 A)
     ITER   95  AVG. MOVE = 0.00025 A  (MAX MOVE: ATOM     7   0.00193 A)
     ITER   96  AVG. MOVE = 0.00025 A  (MAX MOVE: ATOM     7   0.00193 A)
     ITER   97  AVG. MOVE = 0.00025 A  (MAX MOVE: ATOM     7   0.00192 A)
     ITER   98  AVG. MOVE = 0.00025 A  (MAX MOVE: ATOM     7   0.00192 A)
     ITER   99  AVG. MOVE = 0.00025 A  (MAX MOVE: ATOM     7   0.00192 A)
     ITER  100  AVG. MOVE = 0.00025 A  (MAX MOVE: ATOM     7   0.00191 A)
     ITER  101  AVG. MOVE = 0.00025 A  (MAX MOVE: ATOM     7   0.00191 A)
     ITER  102  AVG. MOVE = 0.00025 A  (MAX MOVE: ATOM     7   0.00191 A)
     ITER  103  AVG. MOVE = 0.00025 A  (MAX MOVE: ATOM     7   0.00190 A)
     ITER  104  AVG. MOVE = 0.00025 A  (MAX MOVE: ATOM     7   0.00190 A)
     ITER  105  AVG. MOVE = 0.00025 A  (MAX MOVE: ATOM     7   0.00190 A)
     ITER  106  AVG. MOVE = 0.00025 A  (MAX MOVE: ATOM     7   0.00190 A)
     ITER  107  AVG. MOVE = 0.00025 A  (MAX MOVE: ATOM     7   0.00189 A)
     ITER  108  AVG. MOVE = 0.00025 A  (MAX MOVE: ATOM     7   0.00189 A)
     ITER  109  AVG. MOVE = 0.00025 A  (MAX MOVE: ATOM     7   0.00188 A)
     ITER  110  AVG. MOVE = 0.00025 A  (MAX MOVE: ATOM     7   0.00188 A)
     ITER  111  AVG. MOVE = 0.00025 A  (MAX MOVE: ATOM     7   0.00188 A)
     ITER  112  AVG. MOVE = 0.00025 A  (MAX MOVE: ATOM     7   0.00187 A)
     ITER  113  AVG. MOVE = 0.00025 A  (MAX MOVE: ATOM     7   0.00187 A)
     ITER  114  AVG. MOVE = 0.00025 A  (MAX MOVE: ATOM     7   0.00187 A)
     ITER  115  AVG. MOVE = 0.00024 A  (MAX MOVE: ATOM     7   0.00186 A)
     ITER  116  AVG. MOVE = 0.00024 A  (MAX MOVE: ATOM     7   0.00186 A)
     ITER  117  AVG. MOVE = 0.00024 A  (MAX MOVE: ATOM     7   0.00186 A)
     ITER  118  AVG. MOVE = 0.00024 A  (MAX MOVE: ATOM     7   0.00185 A)
     ITER  119  AVG. MOVE = 0.00024 A  (MAX MOVE: ATOM     7   0.00185 A)
     ITER  120  AVG. MOVE = 0.00024 A  (MAX MOVE: ATOM     7   0.00185 A)
     ITER  121  AVG. MOVE = 0.00024 A  (MAX MOVE: ATOM     7   0.00184 A)
     ITER  122  AVG. MOVE = 0.00024 A  (MAX MOVE: ATOM     7   0.00184 A)
     ITER  123  AVG. MOVE = 0.00024 A  (MAX MOVE: ATOM     7   0.00184 A)
     ITER  124  AVG. MOVE = 0.00024 A  (MAX MOVE: ATOM     7   0.00183 A)
     ITER  125  AVG. MOVE = 0.00024 A  (MAX MOVE: ATOM     7   0.00183 A)
     ITER  126  AVG. MOVE = 0.00024 A  (MAX MOVE: ATOM     7   0.00182 A)
     ITER  127  AVG. MOVE = 0.00024 A  (MAX MOVE: ATOM     7   0.00182 A)
     ITER  128  AVG. MOVE = 0.00024 A  (MAX MOVE: ATOM     7   0.00182 A)
     ITER  129  AVG. MOVE = 0.00024 A  (MAX MOVE: ATOM     7   0.00181 A)
     ITER  130  AVG. MOVE = 0.00024 A  (MAX MOVE: ATOM     7   0.00181 A)
     ITER  131  AVG. MOVE = 0.00024 A  (MAX MOVE: ATOM     7   0.00180 A)
     ITER  132  AVG. MOVE = 0.00024 A  (MAX MOVE: ATOM     7   0.00180 A)
     ITER  133  AVG. MOVE = 0.00024 A  (MAX MOVE: ATOM     7   0.00180 A)
     ITER  134  AVG. MOVE = 0.00024 A  (MAX MOVE: ATOM     7   0.00179 A)
     ITER  135  AVG. MOVE = 0.00024 A  (MAX MOVE: ATOM     7   0.00179 A)
     ITER  136  AVG. MOVE = 0.00024 A  (MAX MOVE: ATOM     7   0.00179 A)
     ITER  137  AVG. MOVE = 0.00024 A  (MAX MOVE: ATOM     7   0.00178 A)
     ITER  138  AVG. MOVE = 0.00023 A  (MAX MOVE: ATOM     7   0.00178 A)
     ITER  139  AVG. MOVE = 0.00023 A  (MAX MOVE: ATOM     7   0.00177 A)
     ITER  140  AVG. MOVE = 0.00023 A  (MAX MOVE: ATOM     7   0.00177 A)
     ITER  141  AVG. MOVE = 0.00023 A  (MAX MOVE: ATOM     7   0.00176 A)
     ITER  142  AVG. MOVE = 0.00023 A  (MAX MOVE: ATOM     7   0.00176 A)
     ITER  143  AVG. MOVE = 0.00023 A  (MAX MOVE: ATOM     7   0.00176 A)
     ITER  144  AVG. MOVE = 0.00023 A  (MAX MOVE: ATOM     7   0.00175 A)
     ITER  145  AVG. MOVE = 0.00023 A  (MAX MOVE: ATOM     7   0.00175 A)
     ITER  146  AVG. MOVE = 0.00023 A  (MAX MOVE: ATOM     7   0.00174 A)
     ITER  147  AVG. MOVE = 0.00023 A  (MAX MOVE: ATOM     7   0.00174 A)
     ITER  148  AVG. MOVE = 0.00023 A  (MAX MOVE: ATOM     7   0.00174 A)
     ITER  149  AVG. MOVE = 0.00023 A  (MAX MOVE: ATOM     7   0.00173 A)
     ITER  150  AVG. MOVE = 0.00023 A  (MAX MOVE: ATOM     7   0.00173 A)
     ITER  151  AVG. MOVE = 0.00023 A  (MAX MOVE: ATOM     7   0.00172 A)
     ITER  152  AVG. MOVE = 0.00023 A  (MAX MOVE: ATOM     7   0.00172 A)
     ITER  153  AVG. MOVE = 0.00023 A  (MAX MOVE: ATOM     7   0.00171 A)
     ITER  154  AVG. MOVE = 0.00023 A  (MAX MOVE: ATOM     7   0.00171 A)
     ITER  155  AVG. MOVE = 0.00023 A  (MAX MOVE: ATOM     7   0.00171 A)
     ITER  156  AVG. MOVE = 0.00023 A  (MAX MOVE: ATOM     7   0.00170 A)
     ITER  157  AVG. MOVE = 0.00023 A  (MAX MOVE: ATOM     7   0.00170 A)
     ITER  158  AVG. MOVE = 0.00023 A  (MAX MOVE: ATOM     7   0.00169 A)
     ITER  159  AVG. MOVE = 0.00022 A  (MAX MOVE: ATOM     7   0.00169 A)
     ITER  160  AVG. MOVE = 0.00022 A  (MAX MOVE: ATOM     7   0.00168 A)
     ITER  161  AVG. MOVE = 0.00022 A  (MAX MOVE: ATOM     7   0.00168 A)
     ITER  162  AVG. MOVE = 0.00022 A  (MAX MOVE: ATOM     7   0.00167 A)
     ITER  163  AVG. MOVE = 0.00022 A  (MAX MOVE: ATOM     7   0.00167 A)
     ITER  164  AVG. MOVE = 0.00022 A  (MAX MOVE: ATOM     7   0.00167 A)
     ITER  165  AVG. MOVE = 0.00022 A  (MAX MOVE: ATOM     7   0.00166 A)
     ITER  166  AVG. MOVE = 0.00022 A  (MAX MOVE: ATOM     7   0.00166 A)
     ITER  167  AVG. MOVE = 0.00022 A  (MAX MOVE: ATOM     7   0.00165 A)
     ITER  168  AVG. MOVE = 0.00022 A  (MAX MOVE: ATOM     7   0.00165 A)
     ITER  169  AVG. MOVE = 0.00022 A  (MAX MOVE: ATOM     7   0.00164 A)
     ITER  170  AVG. MOVE = 0.00022 A  (MAX MOVE: ATOM     7   0.00164 A)
     ITER  171  AVG. MOVE = 0.00022 A  (MAX MOVE: ATOM     7   0.00163 A)
     ITER  172  AVG. MOVE = 0.00022 A  (MAX MOVE: ATOM     7   0.00163 A)
     ITER  173  AVG. MOVE = 0.00022 A  (MAX MOVE: ATOM     7   0.00162 A)
     ITER  174  AVG. MOVE = 0.00022 A  (MAX MOVE: ATOM     7   0.00162 A)
     ITER  175  AVG. MOVE = 0.00022 A  (MAX MOVE: ATOM     7   0.00161 A)
     ITER  176  AVG. MOVE = 0.00022 A  (MAX MOVE: ATOM     7   0.00161 A)
     ITER  177  AVG. MOVE = 0.00021 A  (MAX MOVE: ATOM     7   0.00161 A)
     ITER  178  AVG. MOVE = 0.00021 A  (MAX MOVE: ATOM     7   0.00160 A)
     ITER  179  AVG. MOVE = 0.00021 A  (MAX MOVE: ATOM     7   0.00160 A)
     ITER  180  AVG. MOVE = 0.00021 A  (MAX MOVE: ATOM     7   0.00159 A)
     ITER  181  AVG. MOVE = 0.00021 A  (MAX MOVE: ATOM     7   0.00159 A)
     ITER  182  AVG. MOVE = 0.00021 A  (MAX MOVE: ATOM     7   0.00158 A)
     ITER  183  AVG. MOVE = 0.00021 A  (MAX MOVE: ATOM     7   0.00158 A)
     ITER  184  AVG. MOVE = 0.00021 A  (MAX MOVE: ATOM     7   0.00157 A)
     ITER  185  AVG. MOVE = 0.00021 A  (MAX MOVE: ATOM     7   0.00157 A)
     ITER  186  AVG. MOVE = 0.00021 A  (MAX MOVE: ATOM     7   0.00156 A)
     ITER  187  AVG. MOVE = 0.00021 A  (MAX MOVE: ATOM     7   0.00156 A)
     ITER  188  AVG. MOVE = 0.00021 A  (MAX MOVE: ATOM     7   0.00155 A)
     ITER  189  AVG. MOVE = 0.00021 A  (MAX MOVE: ATOM     7   0.00155 A)
     ITER  190  AVG. MOVE = 0.00021 A  (MAX MOVE: ATOM     7   0.00154 A)
     ITER  191  AVG. MOVE = 0.00021 A  (MAX MOVE: ATOM     7   0.00154 A)
     ITER  192  AVG. MOVE = 0.00021 A  (MAX MOVE: ATOM     7   0.00153 A)
     ITER  193  AVG. MOVE = 0.00021 A  (MAX MOVE: ATOM     7   0.00153 A)
     ITER  194  AVG. MOVE = 0.00021 A  (MAX MOVE: ATOM     7   0.00152 A)
     ITER  195  AVG. MOVE = 0.00020 A  (MAX MOVE: ATOM     7   0.00152 A)
     ITER  196  AVG. MOVE = 0.00020 A  (MAX MOVE: ATOM     7   0.00151 A)
     ITER  197  AVG. MOVE = 0.00020 A  (MAX MOVE: ATOM     7   0.00151 A)
     ITER  198  AVG. MOVE = 0.00020 A  (MAX MOVE: ATOM     7   0.00150 A)
     ITER  199  AVG. MOVE = 0.00020 A  (MAX MOVE: ATOM     7   0.00150 A)
     ITER  200  AVG. MOVE = 0.00020 A  (MAX MOVE: ATOM     7   0.00149 A)
     ITER  201  AVG. MOVE = 0.00020 A  (MAX MOVE: ATOM     7   0.00149 A)
     ITER  202  AVG. MOVE = 0.00020 A  (MAX MOVE: ATOM     7   0.00148 A)
     ITER  203  AVG. MOVE = 0.00020 A  (MAX MOVE: ATOM     7   0.00148 A)
     ITER  204  AVG. MOVE = 0.00020 A  (MAX MOVE: ATOM     7   0.00148 A)
     ITER  205  AVG. MOVE = 0.00020 A  (MAX MOVE: ATOM     7   0.00147 A)
     ITER  206  AVG. MOVE = 0.00020 A  (MAX MOVE: ATOM     7   0.00147 A)
     ITER  207  AVG. MOVE = 0.00020 A  (MAX MOVE: ATOM     7   0.00146 A)
     ITER  208  AVG. MOVE = 0.00020 A  (MAX MOVE: ATOM     7   0.00146 A)
     ITER  209  AVG. MOVE = 0.00020 A  (MAX MOVE: ATOM     7   0.00145 A)
     ITER  210  AVG. MOVE = 0.00020 A  (MAX MOVE: ATOM     7   0.00145 A)
     ITER  211  AVG. MOVE = 0.00019 A  (MAX MOVE: ATOM     7   0.00144 A)
     ITER  212  AVG. MOVE = 0.00019 A  (MAX MOVE: ATOM     7   0.00144 A)
     ITER  213  AVG. MOVE = 0.00019 A  (MAX MOVE: ATOM     7   0.00143 A)
     ITER  214  AVG. MOVE = 0.00019 A  (MAX MOVE: ATOM     7   0.00143 A)
     ITER  215  AVG. MOVE = 0.00019 A  (MAX MOVE: ATOM     7   0.00142 A)
     ITER  216  AVG. MOVE = 0.00019 A  (MAX MOVE: ATOM     7   0.00142 A)
     ITER  217  AVG. MOVE = 0.00019 A  (MAX MOVE: ATOM     7   0.00141 A)
     ITER  218  AVG. MOVE = 0.00019 A  (MAX MOVE: ATOM     7   0.00141 A)
     ITER  219  AVG. MOVE = 0.00019 A  (MAX MOVE: ATOM     7   0.00140 A)
     ITER  220  AVG. MOVE = 0.00019 A  (MAX MOVE: ATOM     7   0.00140 A)
     ITER  221  AVG. MOVE = 0.00019 A  (MAX MOVE: ATOM     7   0.00139 A)
     ITER  222  AVG. MOVE = 0.00019 A  (MAX MOVE: ATOM     7   0.00139 A)
     ITER  223  AVG. MOVE = 0.00019 A  (MAX MOVE: ATOM     7   0.00138 A)
     ITER  224  AVG. MOVE = 0.00019 A  (MAX MOVE: ATOM     7   0.00138 A)
     ITER  225  AVG. MOVE = 0.00019 A  (MAX MOVE: ATOM     7   0.00137 A)
     ITER  226  AVG. MOVE = 0.00019 A  (MAX MOVE: ATOM     7   0.00137 A)
     ITER  227  AVG. MOVE = 0.00019 A  (MAX MOVE: ATOM     7   0.00136 A)
     ITER  228  AVG. MOVE = 0.00018 A  (MAX MOVE: ATOM     7   0.00136 A)
     ITER  229  AVG. MOVE = 0.00018 A  (MAX MOVE: ATOM     7   0.00135 A)
     ITER  230  AVG. MOVE = 0.00018 A  (MAX MOVE: ATOM     7   0.00135 A)
     ITER  231  AVG. MOVE = 0.00018 A  (MAX MOVE: ATOM     7   0.00134 A)
     ITER  232  AVG. MOVE = 0.00018 A  (MAX MOVE: ATOM     7   0.00134 A)
     ITER  233  AVG. MOVE = 0.00018 A  (MAX MOVE: ATOM     7   0.00133 A)
     ITER  234  AVG. MOVE = 0.00018 A  (MAX MOVE: ATOM     7   0.00133 A)
     ITER  235  AVG. MOVE = 0.00018 A  (MAX MOVE: ATOM     7   0.00132 A)
     ITER  236  AVG. MOVE = 0.00018 A  (MAX MOVE: ATOM     7   0.00132 A)
     ITER  237  AVG. MOVE = 0.00018 A  (MAX MOVE: ATOM     7   0.00131 A)
     ITER  238  AVG. MOVE = 0.00018 A  (MAX MOVE: ATOM     7   0.00131 A)
     ITER  239  AVG. MOVE = 0.00018 A  (MAX MOVE: ATOM     7   0.00130 A)
     ITER  240  AVG. MOVE = 0.00018 A  (MAX MOVE: ATOM     7   0.00130 A)
     ITER  241  AVG. MOVE = 0.00018 A  (MAX MOVE: ATOM     7   0.00129 A)
     ITER  242  AVG. MOVE = 0.00018 A  (MAX MOVE: ATOM     7   0.00129 A)
     ITER  243  AVG. MOVE = 0.00018 A  (MAX MOVE: ATOM     7   0.00128 A)
     ITER  244  AVG. MOVE = 0.00017 A  (MAX MOVE: ATOM     7   0.00128 A)
     ITER  245  AVG. MOVE = 0.00017 A  (MAX MOVE: ATOM     7   0.00127 A)
     ITER  246  AVG. MOVE = 0.00017 A  (MAX MOVE: ATOM     7   0.00127 A)
     ITER  247  AVG. MOVE = 0.00017 A  (MAX MOVE: ATOM     7   0.00126 A)
     ITER  248  AVG. MOVE = 0.00017 A  (MAX MOVE: ATOM     7   0.00126 A)
     ITER  249  AVG. MOVE = 0.00017 A  (MAX MOVE: ATOM     7   0.00125 A)
     ITER  250  AVG. MOVE = 0.00017 A  (MAX MOVE: ATOM     7   0.00125 A)
     ITER  251  AVG. MOVE = 0.00017 A  (MAX MOVE: ATOM     7   0.00124 A)
     ITER  252  AVG. MOVE = 0.00017 A  (MAX MOVE: ATOM     7   0.00124 A)
     ITER  253  AVG. MOVE = 0.00017 A  (MAX MOVE: ATOM     7   0.00123 A)
     ITER  254  AVG. MOVE = 0.00017 A  (MAX MOVE: ATOM     7   0.00123 A)
     ITER  255  AVG. MOVE = 0.00017 A  (MAX MOVE: ATOM     7   0.00122 A)
     ITER  256  AVG. MOVE = 0.00017 A  (MAX MOVE: ATOM     7   0.00122 A)
     ITER  257  AVG. MOVE = 0.00017 A  (MAX MOVE: ATOM     7   0.00121 A)
     ITER  258  AVG. MOVE = 0.00017 A  (MAX MOVE: ATOM     7   0.00121 A)
     ITER  259  AVG. MOVE = 0.00017 A  (MAX MOVE: ATOM     7   0.00120 A)
     ITER  260  AVG. MOVE = 0.00016 A  (MAX MOVE: ATOM     7   0.00120 A)
     ITER  261  AVG. MOVE = 0.00016 A  (MAX MOVE: ATOM     7   0.00119 A)
     ITER  262  AVG. MOVE = 0.00016 A  (MAX MOVE: ATOM     7   0.00119 A)
     ITER  263  AVG. MOVE = 0.00016 A  (MAX MOVE: ATOM     7   0.00118 A)
     ITER  264  AVG. MOVE = 0.00016 A  (MAX MOVE: ATOM     7   0.00118 A)
     ITER  265  AVG. MOVE = 0.00016 A  (MAX MOVE: ATOM     7   0.00117 A)
     ITER  266  AVG. MOVE = 0.00016 A  (MAX MOVE: ATOM     7   0.00117 A)
     ITER  267  AVG. MOVE = 0.00016 A  (MAX MOVE: ATOM     7   0.00116 A)
     ITER  268  AVG. MOVE = 0.00016 A  (MAX MOVE: ATOM     7   0.00116 A)
     ITER  269  AVG. MOVE = 0.00016 A  (MAX MOVE: ATOM     7   0.00115 A)
     ITER  270  AVG. MOVE = 0.00016 A  (MAX MOVE: ATOM     7   0.00115 A)
     ITER  271  AVG. MOVE = 0.00016 A  (MAX MOVE: ATOM     7   0.00114 A)
     ITER  272  AVG. MOVE = 0.00016 A  (MAX MOVE: ATOM     7   0.00114 A)
     ITER  273  AVG. MOVE = 0.00016 A  (MAX MOVE: ATOM     7   0.00113 A)
     ITER  274  AVG. MOVE = 0.00016 A  (MAX MOVE: ATOM     7   0.00113 A)
     ITER  275  AVG. MOVE = 0.00016 A  (MAX MOVE: ATOM     7   0.00112 A)
     ITER  276  AVG. MOVE = 0.00016 A  (MAX MOVE: ATOM     7   0.00112 A)
     ITER  277  AVG. MOVE = 0.00015 A  (MAX MOVE: ATOM     7   0.00111 A)
     ITER  278  AVG. MOVE = 0.00015 A  (MAX MOVE: ATOM     7   0.00111 A)
     ITER  279  AVG. MOVE = 0.00015 A  (MAX MOVE: ATOM     7   0.00110 A)
     ITER  280  AVG. MOVE = 0.00015 A  (MAX MOVE: ATOM     7   0.00110 A)
     ITER  281  AVG. MOVE = 0.00015 A  (MAX MOVE: ATOM     7   0.00110 A)
     ITER  282  AVG. MOVE = 0.00015 A  (MAX MOVE: ATOM     7   0.00109 A)
     ITER  283  AVG. MOVE = 0.00015 A  (MAX MOVE: ATOM     7   0.00109 A)
     ITER  284  AVG. MOVE = 0.00015 A  (MAX MOVE: ATOM     7   0.00108 A)
     ITER  285  AVG. MOVE = 0.00015 A  (MAX MOVE: ATOM     7   0.00108 A)
     ITER  286  AVG. MOVE = 0.00015 A  (MAX MOVE: ATOM     7   0.00107 A)
     ITER  287  AVG. MOVE = 0.00015 A  (MAX MOVE: ATOM     7   0.00107 A)
     ITER  288  AVG. MOVE = 0.00015 A  (MAX MOVE: ATOM     7   0.00106 A)
     ITER  289  AVG. MOVE = 0.00015 A  (MAX MOVE: ATOM     7   0.00106 A)
     ITER  290  AVG. MOVE = 0.00015 A  (MAX MOVE: ATOM     7   0.00105 A)
     ITER  291  AVG. MOVE = 0.00015 A  (MAX MOVE: ATOM     7   0.00105 A)
     ITER  292  AVG. MOVE = 0.00015 A  (MAX MOVE: ATOM     7   0.00104 A)
     ITER  293  AVG. MOVE = 0.00015 A  (MAX MOVE: ATOM     7   0.00104 A)
     ITER  294  AVG. MOVE = 0.00014 A  (MAX MOVE: ATOM     7   0.00103 A)
     ITER  295  AVG. MOVE = 0.00014 A  (MAX MOVE: ATOM     7   0.00103 A)
     ITER  296  AVG. MOVE = 0.00014 A  (MAX MOVE: ATOM     7   0.00103 A)
     ITER  297  AVG. MOVE = 0.00014 A  (MAX MOVE: ATOM     7   0.00102 A)
     ITER  298  AVG. MOVE = 0.00014 A  (MAX MOVE: ATOM     7   0.00102 A)
     ITER  299  AVG. MOVE = 0.00014 A  (MAX MOVE: ATOM     7   0.00101 A)
     ITER  300  AVG. MOVE = 0.00014 A  (MAX MOVE: ATOM     7   0.00101 A)
     ITER  301  AVG. MOVE = 0.00014 A  (MAX MOVE: ATOM     7   0.00100 A)
     ITER  302  AVG. MOVE = 0.00014 A  (MAX MOVE: ATOM     7   0.00100 A)
     ITER  303  AVG. MOVE = 0.00014 A  (MAX MOVE: ATOM     7   0.00099 A)
     ITER  304  AVG. MOVE = 0.00014 A  (MAX MOVE: ATOM     7   0.00099 A)
     ITER  305  AVG. MOVE = 0.00014 A  (MAX MOVE: ATOM     7   0.00098 A)
     ITER  306  AVG. MOVE = 0.00014 A  (MAX MOVE: ATOM     7   0.00098 A)
     ITER  307  AVG. MOVE = 0.00014 A  (MAX MOVE: ATOM     7   0.00098 A)
     ITER  308  AVG. MOVE = 0.00014 A  (MAX MOVE: ATOM     7   0.00097 A)
     ITER  309  AVG. MOVE = 0.00014 A  (MAX MOVE: ATOM     7   0.00097 A)
     ITER  310  AVG. MOVE = 0.00014 A  (MAX MOVE: ATOM     7   0.00096 A)
     ITER  311  AVG. MOVE = 0.00013 A  (MAX MOVE: ATOM     7   0.00096 A)
     ITER  312  AVG. MOVE = 0.00013 A  (MAX MOVE: ATOM     7   0.00095 A)
     ITER  313  AVG. MOVE = 0.00013 A  (MAX MOVE: ATOM     7   0.00095 A)
     ITER  314  AVG. MOVE = 0.00013 A  (MAX MOVE: ATOM     7   0.00095 A)
     ITER  315  AVG. MOVE = 0.00013 A  (MAX MOVE: ATOM     7   0.00094 A)
     ITER  316  AVG. MOVE = 0.00013 A  (MAX MOVE: ATOM     7   0.00094 A)
     ITER  317  AVG. MOVE = 0.00013 A  (MAX MOVE: ATOM     7   0.00093 A)
     ITER  318  AVG. MOVE = 0.00013 A  (MAX MOVE: ATOM     7   0.00093 A)
     ITER  319  AVG. MOVE = 0.00013 A  (MAX MOVE: ATOM     7   0.00092 A)
     ITER  320  AVG. MOVE = 0.00013 A  (MAX MOVE: ATOM     7   0.00092 A)
     ITER  321  AVG. MOVE = 0.00013 A  (MAX MOVE: ATOM     7   0.00092 A)
     ITER  322  AVG. MOVE = 0.00013 A  (MAX MOVE: ATOM     7   0.00091 A)
     ITER  323  AVG. MOVE = 0.00013 A  (MAX MOVE: ATOM     7   0.00091 A)
     ITER  324  AVG. MOVE = 0.00013 A  (MAX MOVE: ATOM     7   0.00090 A)
     ITER  325  AVG. MOVE = 0.00013 A  (MAX MOVE: ATOM     7   0.00090 A)
     ITER  326  AVG. MOVE = 0.00013 A  (MAX MOVE: ATOM     7   0.00089 A)
     ITER  327  AVG. MOVE = 0.00013 A  (MAX MOVE: ATOM     7   0.00089 A)
     ITER  328  AVG. MOVE = 0.00013 A  (MAX MOVE: ATOM     7   0.00089 A)
     ITER  329  AVG. MOVE = 0.00012 A  (MAX MOVE: ATOM     7   0.00088 A)
     ITER  330  AVG. MOVE = 0.00012 A  (MAX MOVE: ATOM     7   0.00088 A)
     ITER  331  AVG. MOVE = 0.00012 A  (MAX MOVE: ATOM     7   0.00087 A)
     ITER  332  AVG. MOVE = 0.00012 A  (MAX MOVE: ATOM     7   0.00087 A)
     ITER  333  AVG. MOVE = 0.00012 A  (MAX MOVE: ATOM     7   0.00086 A)
     ITER  334  AVG. MOVE = 0.00012 A  (MAX MOVE: ATOM     7   0.00086 A)
     ITER  335  AVG. MOVE = 0.00012 A  (MAX MOVE: ATOM     7   0.00086 A)
     ITER  336  AVG. MOVE = 0.00012 A  (MAX MOVE: ATOM     7   0.00085 A)
     ITER  337  AVG. MOVE = 0.00012 A  (MAX MOVE: ATOM     7   0.00085 A)
     ITER  338  AVG. MOVE = 0.00012 A  (MAX MOVE: ATOM     7   0.00084 A)
     ITER  339  AVG. MOVE = 0.00012 A  (MAX MOVE: ATOM     7   0.00084 A)
     ITER  340  AVG. MOVE = 0.00012 A  (MAX MOVE: ATOM     7   0.00084 A)
     ITER  341  AVG. MOVE = 0.00012 A  (MAX MOVE: ATOM     7   0.00083 A)
     ITER  342  AVG. MOVE = 0.00012 A  (MAX MOVE: ATOM     7   0.00083 A)
     ITER  343  AVG. MOVE = 0.00012 A  (MAX MOVE: ATOM     7   0.00082 A)
     ITER  344  AVG. MOVE = 0.00012 A  (MAX MOVE: ATOM     7   0.00082 A)
     ITER  345  AVG. MOVE = 0.00012 A  (MAX MOVE: ATOM     7   0.00082 A)
     ITER  346  AVG. MOVE = 0.00012 A  (MAX MOVE: ATOM     7   0.00081 A)
     ITER  347  AVG. MOVE = 0.00012 A  (MAX MOVE: ATOM     7   0.00081 A)
     ITER  348  AVG. MOVE = 0.00012 A  (MAX MOVE: ATOM     7   0.00081 A)
     ITER  349  AVG. MOVE = 0.00011 A  (MAX MOVE: ATOM     7   0.00080 A)
     ITER  350  AVG. MOVE = 0.00011 A  (MAX MOVE: ATOM     7   0.00080 A)
     ITER  351  AVG. MOVE = 0.00011 A  (MAX MOVE: ATOM     7   0.00079 A)
     ITER  352  AVG. MOVE = 0.00011 A  (MAX MOVE: ATOM     7   0.00079 A)
     ITER  353  AVG. MOVE = 0.00011 A  (MAX MOVE: ATOM     7   0.00079 A)
     ITER  354  AVG. MOVE = 0.00011 A  (MAX MOVE: ATOM     7   0.00078 A)
     ITER  355  AVG. MOVE = 0.00011 A  (MAX MOVE: ATOM     7   0.00078 A)
     ITER  356  AVG. MOVE = 0.00011 A  (MAX MOVE: ATOM     7   0.00077 A)
     ITER  357  AVG. MOVE = 0.00011 A  (MAX MOVE: ATOM     7   0.00077 A)
     ITER  358  AVG. MOVE = 0.00011 A  (MAX MOVE: ATOM     7   0.00077 A)
     ITER  359  AVG. MOVE = 0.00011 A  (MAX MOVE: ATOM     7   0.00076 A)
     ITER  360  AVG. MOVE = 0.00011 A  (MAX MOVE: ATOM     7   0.00076 A)
     ITER  361  AVG. MOVE = 0.00011 A  (MAX MOVE: ATOM     7   0.00076 A)
     ITER  362  AVG. MOVE = 0.00011 A  (MAX MOVE: ATOM     7   0.00075 A)


              * * * * * * * * * GEOMETRY IS OPTIMIZED * * * * * * * * *

               WITHIN : AVERAGE MOVEMENT  0.00011 A (LIMIT  0.00011 A)
                        MAXIMUM MOVEMENT  0.00075 A (LIMIT  0.00108 A)

               GRADIENT
                 RMS GRADIENT                  0.019862 KCAL/MOL/A

                 MAX GRADIENT
                   X-DIRECTION : ATOM #    1   0.047255 KCAL/MOL/A
                   Y-DIRECTION : ATOM #    3   0.046870 KCAL/MOL/A
                   Z-DIRECTION : ATOM #    1   0.040037 KCAL/MOL/A

        DELTA TIME =    0.00 SEC.       TOTAL CPU TIME =      0.14 SEC.


                            =====================
                            FULL-MATRIX OPTIMIZER
                            =====================


     iter.  rms force   max force   avg. move    max move  atom  convg  d-time

        0    0.032560    0.094150   0.01628 A   0.08722 A   12    [N]     0.0s
        1    0.475301    1.098989   0.00070 A   0.00479 A    8    [N]     0.0s
        2    0.002457    0.005973   0.00087 A   0.00545 A    7    [N]     0.0s
        3    0.001923    0.005803   0.00000 A   0.00003 A    7    [N]     0.0s
        4    0.000031    0.000117                                 [Y]     0.0s


      TOTAL ENERGY IS      1.4337 KCAL/MOL.

        COMPRESS    0.1184      VDW 1,4    0.7948      DIPL-DIPL    0.0000
        STR-STR     0.0006        OTHER   -0.2469      CHRG-DIPL    0.0000
        BENDING     0.2527      TORSION    1.1595      CHRG-CHRG    0.0000
        BEND-BEND  -0.0141      TOR-STR   -0.1184      EPR          0.0000
        STR-BEND    0.0304      TOR-BEND  -0.1445      TOR-BENBEN  -0.0006
        TOR-IMPT    0.0000      TOR-IPIP   0.0000      TORS-TORS    0.0000
        IND-DIP    -0.3981      H-BOND     0.0000      PI-COMPLX    0.0000
0     DELTA(T) =     0.0 SEC.          ELAPSED TIME =     0.1 SEC.


    * * * ENERGY IS STATIONARY WITHIN RMS OF FORCES   0.00014  Kcal/mol/A * * *

                 * * * *  RMS FORCE IS   0.00003 Kcal/mol/A * * * *

 
     2-butanone-skew                                             


     %=%=%=%=%=%=%=%=%=%=%=%=%=%=%=%=%=%=%=%=%=%=%=%=%=%=%=%=%=%=%=%=%=%=%=

     The Parameters Used in This Calculation Can be Found in the Following
     Publication(s):

     The MM4 Program is Developed by Dr. N. L. Allinger and co-workers at  
     the University of Georgia, Athens, Georgia 30602-2556 USA.            
     (c) Copyright 2003 by N. L. Allinger. All rights reserved.            
                                                                           
     MM4 General Description and Alkanes:                                  
      Allinger,N.L.; Chen,K.; Lii,J.-H. J. Comput. Chem. 1996, 17, 642.    
     Aldehydes/Ketones:                                                    
      Langley,C.H.; Lii,J.-H.; Allinger,N.L. J. Comput. Chem. 2001, 22,    
      1396, 1426, 1451, 1476.                                              
      Langley,C.H.; Lii,J.-H.; Allinger,N.L. J. Comput. Chem. 2003, 24,    
      1283.                                                                

     %=%=%=%=%=%=%=%=%=%=%=%=%=%=%=%=%=%=%=%=%=%=%=%=%=%=%=%=%=%=%=%=%=%=%=

               CHEMICAL FORMULA :  C(    4)  H(    8)  O(    1) 
               FORMULA WEIGHT   :     72.059
                                                               DATE : 30-MAY-23

           * M M 4 * * * * * * * * * * * 2 0 0 8 *
           *                                     *   PARAMETER RELIABILITY
           *                                     *
           *                                     *   BLANK = GOOD
           *                                     *       B = FAIR
           *                                     *       C = TRIAL
           *                                     *       R = READ IN
           *                                     *       S = SUBSTITUTED
           *                                     *       U = PARAMETER NOT EXIST
           *                                     *
           *                                     *   THIS IS SHOWN AT THE END 
           *                                     *   OF THE LINE.
           * * * * * * * * * * * * * * * * * * * * 


      CONFORMATIONAL ENERGY, PART 3:  GEOMETRY AND STERIC ENERGY
                                      OF FINAL CONFORMATION.

      CONNECTED ATOMS
          1-    2-    3-    4-

      ATTACHED ATOMS
          1-    6,    1-    7,    1-    8,    2-    5,    3-    9,    3-   10,
          4-   11,    4-   12,    4-   13,

      FINAL ATOMIC COORDINATE
           ATOM          X           Y           Z      TYPE
         C(    1)     1.26615    -1.18227    -0.10927   (  1)
         C(    2)     0.52305     0.12540     0.10203   (  3)
         C(    3)    -0.87899     0.01080     0.69018   (  1)
         C(    4)    -1.91596    -0.13085    -0.44620   (  1)
         O(    5)     1.01818     1.19713    -0.17396   (  7)
         H(    6)     2.25286    -0.99539    -0.57550   (  5)
         H(    7)     1.43190    -1.69633     0.86020   (  5)
         H(    8)     0.68922    -1.85598    -0.77537   (  5)
         H(    9)    -0.90832    -0.85728     1.37824   (  5)
         H(   10)    -1.07370     0.92662     1.28486   (  5)
         H(   11)    -1.86902     0.73225    -1.14474   (  5)
         H(   12)    -1.74889    -1.05396    -1.04124   (  5)
         H(   13)    -2.95146    -0.17819    -0.04618   (  5)


          DIELECTRIC CONSTANT =  1.500


      BOND LENGTHS AND STRETCHING ENERGY   (   12 BONDS)

        ENERGY = 71.94(KS)(DR)(DR)(1-(CS)(DR)+(7/12)((CS)(DR))**2)-
                       (1/4)((CS)(DR))**3)+(31/360)((CS)(DR))**4))
                         DR =  R-RO
                         CS =  3.000 FOR X-Y BONDS
                            =  2.200 FOR X-H BONDS
                                                            R(0)-CORR        CORR
             BOND          R(g)    R(0)    K(S)  ENERGY   E-NEG  MISCEL       KS
      C(    1)- C(    2)  1.5188  1.5175  3.900  0.0005                            
      C(    1)- H(    6)  1.1072  1.1077  4.869  0.0001 -0.0043             0.129  
      C(    1)- H(    7)  1.1098  1.1077  4.869  0.0015 -0.0043             0.129  
      C(    1)- H(    8)  1.1092  1.1077  4.869  0.0008 -0.0043             0.129  
      C(    2)- C(    3)  1.5247  1.5175  3.900  0.0143                            
      C(    2)- O(    5)  1.2124  1.2120 10.650  0.0001                            
      C(    3)- C(    4)  1.5449  1.5270  4.550  0.0995                            
      C(    3)- H(    9)  1.1081  1.1077  4.799  0.0000 -0.0043             0.129  
      C(    3)- H(   10)  1.1092  1.1077  4.799  0.0008 -0.0043             0.129  
      C(    4)- H(   11)  1.1113  1.1103  4.792  0.0004 -0.0017             0.052  
      C(    4)- H(   12)  1.1109  1.1103  4.792  0.0001 -0.0017             0.052  
      C(    4)- H(   13)  1.1111  1.1103  4.792  0.0002 -0.0017             0.052  


      NON-BONDED DISTANCES, VDW AND EPR ENERGY   (    45 PAIRS)

              E(VDW) = KV*(1.84(10**5)EXP(-12.00/P) - 2.25(P**6))
              E(EPR) = C*KV*(1.84(10**5)EXP(-12.00/Q) - 2.25(Q**6))
              E(HBD) = EP1-EP2*F(THET1,THET2)*RTH/RTH0
                            EP1 = KHB*2.76(10**5)*EXP(-12.0/P)
                            EP2 = KHB*2.25(P**6)
                              F = FAC*(1+COS(THET1)^N*(1+COS(THET2))^N

            IF P > 3.020, THEN,
              E(VDW) = KV(192.270)(P**2)
              E(HBD) = EP1-EP2*F(THET1,THET2)*RTH/RTH0
                            EP1 = KHB*569.14*P**2
                            EP2 = KHB*187.16*P**2

                       RV = RVDW(I) + RVDW(K)
                       KV = SQRT(EPS(I)*EPS(K))
                      KHB = HYDROGEN BOND ENERGY PARAMETER
                        P = (RV/R) OR (RV/R#)
                        C = SCALE FACTOR
                        Q = RV/R, WHERE R IS MODIFIED DISTANCE
                        N = 1 WHEN Y IS NITROGEN, AND 2 FOR OTHERS
                      FAC = 1/4 WHEN N=1, AND 1/16 WHEN N=2
                    THET1 = ANGLE H-X-Y IN HYDROGEN BOND X-H...Y
                    THET2 = ANGLE X-Y-LP IN HYDROGEN BOND X...Y-LP
                      RTH = BOND LENGTH X-H IN X-H...Y
                     RTH0 = NATURAL BOND LENGTH X-H

          # IN THE VDW CALCULATIONS THE HYDROGEN ATOMS ARE RELOCATED
          SO THAT THE ATTACHED HYDROGEN DISTANCE IS REDUCED BY 0.940

          # IN THE VDW CALCULATIONS THE DEUTERIUM ATOMS ARE RELOCATED
          SO THAT THE ATTACHED DEUTERIUM DISTANCE IS REDUCED BY  0.940

           ATOM PAIR          R       R#       RV      KV       ENERGY
      C(    1), C(    3)   2.5815
      C(    1), C(    4)   3.3682            3.920   0.0370     0.0196  1,4    
      C(    1), O(    5)   2.3932
      C(    1), H(    9)   2.6546   2.6371   3.440   0.0240     0.1805  1,4    
      C(    1), H(   10)   3.4447   3.3889   3.440   0.0240    -0.0266  1,4    
      C(    1), H(   11)   3.8167   3.7820   3.440   0.0240    -0.0223         
      C(    1), H(   12)   3.1584   3.1604   3.440   0.0240    -0.0178         
      C(    1), H(   13)   4.3359   4.2759   3.440   0.0240    -0.0132         
      C(    2), C(    4)   2.5130
      C(    2), H(    6)   2.1697
      C(    2), H(    7)   2.1724
      C(    2), H(    8)   2.1733
      C(    2), H(    9)   2.1548
      C(    2), H(   10)   2.1426
      C(    2), H(   11)   2.7649   2.7377   3.580   0.0311     0.2421  1,4    
      C(    2), H(   12)   2.8035   2.7744   3.580   0.0311     0.2005  1,4    
      C(    2), H(   13)   3.4909   3.4299   3.580   0.0311    -0.0324  1,4    
      C(    3), O(    5)   2.3986
      C(    3), H(    6)   3.5246   3.4653   3.440   0.0240    -0.0268  1,4    
      C(    3), H(    7)   2.8781   2.8490   3.440   0.0240     0.0459  1,4    
      C(    3), H(    8)   2.8446   2.8173   3.440   0.0240     0.0592  1,4    
      C(    3), H(   11)   2.2063
      C(    3), H(   12)   2.2109
      C(    3), H(   13)   2.2075
      C(    4), O(    5)   3.2321            3.720   0.0471     0.0106  1,4    
      C(    4), H(    6)   4.2595   4.2031   3.440   0.0240    -0.0143         
      C(    4), H(    7)   3.9199   3.8801   3.440   0.0240    -0.0204         
      C(    4), H(    8)   3.1419   3.1449   3.440   0.0240    -0.0165         
      C(    4), H(    9)   2.2072
      C(    4), H(   10)   2.1964
      O(    5), H(    6)   2.5481   2.5254   2.850   0.1200    -0.0256  1,4    
      O(    5), H(    7)   3.1004   3.0513   2.850   0.1200    -0.1212  1,4    
      O(    5), H(    8)   3.1291   3.0787   2.850   0.1200    -0.1181  1,4    
      O(    5), H(    9)   3.2158   3.1618   2.850   0.1200    -0.1083  1,4    
      O(    5), H(   10)   2.5646   2.5413   2.850   0.1200    -0.0395  1,4    
      O(    5), H(   11)   3.0813   3.0793   2.850   0.1200    -0.1181         
      O(    5), H(   12)   3.6710   3.6366   2.850   0.1200    -0.0576         
      O(    5), H(   13)   4.2031   4.1428   2.850   0.1200    -0.0280         
      H(    6), H(    7)   1.7963
      H(    6), H(    8)   1.7960
      H(    6), H(    9)   3.7188   3.6336   3.280   0.0170    -0.0154         
      H(    6), H(   10)   4.2686   4.1660   3.280   0.0170    -0.0084         
      H(    6), H(   11)   4.5054   4.4365   3.280   0.0170    -0.0060         
      H(    6), H(   12)   4.0292   3.9790   3.280   0.0170    -0.0105         
      H(    6), H(   13)   5.2946   5.1726   3.280   0.0170    -0.0025         
      H(    7), H(    8)   1.8034
      H(    7), H(    9)   2.5395   2.5393   3.280   0.0170     0.1111         
      H(    7), H(   10)   3.6522   3.5787   3.280   0.0170    -0.0162         
      H(    7), H(   11)   4.5622   4.4700   3.280   0.0170    -0.0057         
      H(    7), H(   12)   3.7611   3.7189   3.280   0.0170    -0.0141         
      H(    7), H(   13)   4.7265   4.6442   3.280   0.0170    -0.0046         
      H(    8), H(    9)   2.8614   2.8238   3.280   0.0170     0.0081         
      H(    8), H(   10)   3.8853   3.7880   3.280   0.0170    -0.0131         
      H(    8), H(   11)   3.6579   3.6198   3.280   0.0170    -0.0156         
      H(    8), H(   12)   2.5804   2.6276   3.280   0.0170     0.0643         
      H(    8), H(   13)   4.0745   4.0234   3.280   0.0170    -0.0100         
      H(    9), H(   10)   1.7940
      H(    9), H(   11)   3.1329   3.0152   3.280   0.0170    -0.0127  1,4    
      H(    9), H(   12)   2.5689   2.5002   3.280   0.0170     0.1382  1,4    
      H(    9), H(   13)   2.5816   2.5116   3.280   0.0170     0.1299  1,4    
      H(   10), H(   11)   2.5638   2.4948   3.280   0.0170     0.1423  1,4    
      H(   10), H(   12)   3.1288   3.0112   3.280   0.0170    -0.0125  1,4    
      H(   10), H(   13)   2.5531   2.4852   3.280   0.0170     0.1499  1,4    
      H(   11), H(   12)   1.7932
      H(   11), H(   13)   1.7909
      H(   12), H(   13)   1.7898


      BOND ANGLES, BENDING AND STRETCH-BEND ENERGIES   (   21 ANGLES)

          EB = 0.02191418(KB)(DT)(DT)(1+CF*DT+QF*DT**2+PF*DT**3+SF*DT**4)
                          DT = THETA-TZERO
                          CF = -1800.000E-5
                          QF =     7.200E-5
                          PF =     0.135E-5
                          SF =     0.004E-6
          ESS =  143.88(KSTST)(DR1)(DR2)
          ESB =  2.51118(KSB)(DT)(DR1+DR2)
          EBB = -0.02191418(KBB)(DT1)(DT2)
                          DR1 = R1 - R1(0)
                          DR2 = R2 - R2(0)

               A T O M S             THETA    TZERO     KB     EB    KSB   ESB   KSS   ESS
      C(    2)- C(    1)- H(    6)  110.443  109.500  0.680  0.0130 0.21 0.0004-0.10 0.0000  
      C(    2)- C(    1)- H(    7)  110.508  109.500  0.680  0.0149 0.21 0.0018-0.10 0.0000  
      C(    2)- C(    1)- H(    8)  110.610  109.500  0.680  0.0180 0.21 0.0017-0.10 0.0000  
      H(    6)- C(    1)- H(    7)  108.236  107.800  0.540  0.0022                          
      H(    6)- C(    1)- H(    8)  108.250  107.800  0.540  0.0024                          
      H(    7)- C(    1)- H(    8)  108.719  107.800  0.540  0.0098                          
      C(    1)- C(    2)- C(    3)  116.030  115.050  0.540  0.0112 0.14 0.0029 0.55 0.0008  
          OUT-PL    2-    5-    2     0.194          12.400  0.0003                          
      C(    1)- C(    2)- O(    5)  121.978  122.600  1.090  0.0093             0.15 0.0000
          OUT-PL    2-    3-    2     0.239           6.350  0.0002                          
      C(    3)- C(    2)- O(    5)  121.991  122.600  1.090  0.0090             0.15 0.0001
          OUT-PL    2-    1-    2     0.239           6.350  0.0002                          
      C(    2)- C(    3)- C(    4)  109.899  111.050  0.930  0.0276 0.14-0.0102              
      C(    2)- C(    3)- H(    9)  108.830  107.200  0.680  0.0384 0.21 0.0066-0.10 0.0000  
      C(    2)- C(    3)- H(   10)  107.829  107.200  0.680  0.0058 0.21 0.0029-0.10-0.0002  
      C(    4)- C(    3)- H(    9)  111.540  109.470  0.560  0.0506 0.10 0.0095              
      C(    4)- C(    3)- H(   10)  110.624  109.470  0.560  0.0160 0.10 0.0056              
      H(    9)- C(    3)- H(   10)  108.016  107.700  0.540  0.0012                          
      C(    3)- C(    4)- H(   11)  111.271  110.800  0.600  0.0029 0.10 0.0022              
      C(    3)- C(    4)- H(   12)  111.669  110.800  0.600  0.0098 0.10 0.0040              
      C(    3)- C(    4)- H(   13)  111.386  110.800  0.600  0.0045 0.10 0.0028              
      H(   11)- C(    4)- H(   12)  107.597  107.800  0.540  0.0005                          
      H(   11)- C(    4)- H(   13)  107.382  107.800  0.540  0.0021                          
      H(   12)- C(    4)- H(   13)  107.313  107.800  0.540  0.0028                          


     DIHEDRAL ANGLES, TORSIONAL ENERGY (ET)   (    21 ANGLES)

           ET = (V1/2)(1+COS(W))+(V2/2)(1-COS(2W))+(V3/2)(1+COS(3W))+
                                 (V4/2)(1-COS(4W))+(V6/2)(1+COS(6W))
         EBTB =  0.043828*(KBTB)(DTH1)(COS(W))(DTH2)
         ETS1 = -0.5*(RC-RC0)[KTSC1*(1+COS(W))+KTSC2*(1-COS(2W))+KTSC3*(1+COS(3W))]
         ETS2 = -0.5*(RT-RT0)[KTST1*(1+COS(W))+KTST2*(1-COS(2W))+KTST3*(1+COS(3W))]
          ETB =  2.51124*(DTH)[KTB1(1+COS(W))+KTB2*(1-COS(2W))+KTB3*(1+COS(3W))]
                      RC   = CENTRAL BOND LENGTH
                      RT   = TERMINAL BOND LENGTH
                      DTH1 = THETA1 - TZERO1
                      DTH2 = THETA2 - TZERO2

           SIGN OF ANGLE A-B-C-D : WHEN LOOKING THROUGH B TOWARD C,
           IF D IS COUNTERCLOCKWISE FROM A, NEGATIVE.

                A T O M S                OMEGA    V1     V2     V3     V4     V6     E    KBTB   EBTB
    C(    1) C(    2) C(    3) C(    4)  -89.8  0.953  0.000  0.139 -0.040  0.097  0.547               
       TYPE-1-TS                         0.000  0.000  0.020                       0.000
       TORS-BEND    0.000  0.000  0.000                      -0.004  0.000  0.000  0.012
    C(    1) C(    2) C(    3) H(    9)   32.6  0.000  0.000  0.100  0.000  0.000  0.043               
       TYPE-1-TS                         0.000  0.000  0.020                       0.000
    C(    1) C(    2) C(    3) H(   10)  149.5  0.000  0.000  0.100  0.000  0.000  0.051               
       TYPE-1-TS                         0.000  0.000  0.020                       0.000
    C(    2) C(    3) C(    4) H(   11)  -58.1  0.000  0.000 -0.025  0.000 -0.012 -0.012               
       TYPE-1-TS                         0.000  0.000  0.660                       0.000
    C(    2) C(    3) C(    4) H(   12)   62.2  0.000  0.000 -0.025  0.000 -0.012 -0.012               
       TYPE-1-TS                         0.000  0.000  0.660                       0.000
    C(    2) C(    3) C(    4) H(   13) -177.9  0.000  0.000 -0.025  0.000 -0.012 -0.012               
       TYPE-1-TS                         0.000  0.000  0.660                       0.000
    C(    3) C(    2) C(    1) H(    6)  177.7  0.000  0.000  0.100  0.000  0.000  0.000               
       TYPE-1-TS                         0.000  0.000  0.020                       0.000
    C(    3) C(    2) C(    1) H(    7)  -62.5  0.000  0.000  0.100  0.000  0.000  0.000               
       TYPE-1-TS                         0.000  0.000  0.020                       0.000
    C(    3) C(    2) C(    1) H(    8)   57.9  0.000  0.000  0.100  0.000  0.000  0.000               
       TYPE-1-TS                         0.000  0.000  0.020                       0.000
    C(    4) C(    3) C(    2) O(    5)   90.5  0.000  1.011  0.000  0.000  0.000  1.011 -0.052  0.000 
       TYPE-1-TS                         0.000  0.000  0.020                       0.000
       TYPE-2-TS   -2.300  7.300  0.000                       0.000  0.000  0.000 -0.110
       TORS-BEND    0.000  0.027  0.000                       0.000  0.000  0.000 -0.156
    O(    5) C(    2) C(    1) H(    6)   -2.6  0.000  0.000 -0.125  0.000  0.000 -0.124               
       TYPE-1-TS                         0.000  0.000  0.020                       0.000
       TYPE-2-TS    0.000  0.000  0.000                      -0.100  2.360  0.000  0.000
    O(    5) C(    2) C(    1) H(    7)  117.1  0.000  0.000 -0.125  0.000  0.000 -0.124               
       TYPE-1-TS                         0.000  0.000  0.020                       0.000
       TYPE-2-TS    0.000  0.000  0.000                      -0.100  2.360  0.000 -0.004
    O(    5) C(    2) C(    1) H(    8) -122.5  0.000  0.000 -0.125  0.000  0.000 -0.124               
       TYPE-1-TS                         0.000  0.000  0.020                       0.000
       TYPE-2-TS    0.000  0.000  0.000                      -0.100  2.360  0.000 -0.003
    O(    5) C(    2) C(    3) H(    9) -147.1  0.000  0.000 -0.125  0.000  0.000 -0.072               
       TYPE-1-TS                         0.000  0.000  0.020                       0.000
       TYPE-2-TS    0.000  0.000  0.000                      -0.100  2.360  0.000  0.000
    O(    5) C(    2) C(    3) H(   10)  -30.1  0.000  0.000 -0.125  0.000  0.000 -0.062               
       TYPE-1-TS                         0.000  0.000  0.020                       0.000
       TYPE-2-TS    0.000  0.000  0.000                      -0.100  2.360  0.000 -0.001
    H(    9) C(    3) C(    4) H(   11) -178.9  0.000  0.000  0.260  0.000  0.008  0.008 -0.090  0.004 
       TYPE-1-TS                         0.000  0.000  0.660                       0.000
    H(    9) C(    3) C(    4) H(   12)  -58.6  0.000  0.000  0.260  0.000  0.008  0.008 -0.090 -0.004 
       TYPE-1-TS                         0.000  0.000  0.660                       0.000
    H(    9) C(    3) C(    4) H(   13)   61.3  0.000  0.000  0.260  0.000  0.008  0.008 -0.090 -0.002 
       TYPE-1-TS                         0.000  0.000  0.660                       0.000
    H(   10) C(    3) C(    4) H(   11)   60.9  0.000  0.000  0.260  0.000  0.008  0.008 -0.090 -0.001 
       TYPE-1-TS                         0.000  0.000  0.660                       0.000
    H(   10) C(    3) C(    4) H(   12) -178.9  0.000  0.000  0.260  0.000  0.008  0.008 -0.090  0.004 
       TYPE-1-TS                         0.000  0.000  0.660                       0.000
    H(   10) C(    3) C(    4) H(   13)  -58.9  0.000  0.000  0.260  0.000  0.008  0.008 -0.090 -0.001 
       TYPE-1-TS                         0.000  0.000  0.660                       0.000


 ==============================================================================
                        NORMAL MODE VIBRATIONAL ANALYSIS
 ==============================================================================


             Molecular Shape : ASYMMETRIC ROTOR WITH KAPPA =-0.659529
        Symmetry Point Group : C1  
             Symmetry Number :  1
                   Chirality : yes



0       FUNDAMENTAL NORMAL VIBRATIONAL FREQUENCIES
                ( THEORETICALLY  33 VALUES )

             Frequency :  in 1/cm
             A(i)      :  IR intensity (vs,s,m,w,vw,-- or in 10**6 cm/mole)
             A(i) = -- :  IR inactive


             no       Frequency   Symmetry      A(i)

             1.          3010.3     (A   )        m
             2.          2991.9     (A   )        m
             3.          2986.0     (A   )        m
             4.          2983.6     (A   )        m
             5.          2976.1     (A   )        m
             6.          2930.6     (A   )        m
             7.          2921.1     (A   )        m
             8.          2891.5     (A   )        m
             9.          1736.0     (A   )       vs
            10.          1449.3     (A   )        w
            11.          1441.3     (A   )        w
            12.          1423.4     (A   )        w
            13.          1406.8     (A   )        w
            14.          1391.9     (A   )        w
            15.          1381.4     (A   )        w
            16.          1358.6     (A   )        m
            17.          1310.6     (A   )        m
            18.          1248.7     (A   )        s
            19.          1204.6     (A   )        m
            20.          1052.7     (A   )        w
            21.          1036.5     (A   )        w
            22.          1008.3     (A   )        w
            23.           969.6     (A   )        w
            24.           930.3     (A   )        w
            25.           765.5     (A   )        w
            26.           747.9     (A   )       vw
            27.           583.1     (A   )        w
            28.           498.8     (A   )        w
            29.           393.2     (A   )        w
            30.           273.3     (A   )        w
            31.           173.4     (A   )        w
            32.           120.0     (A   )        w
            33.            43.6     (A   )        w
            34.     (       0.0)    (t/r )
            35.     (       0.0)    (t/r )
            36.     (       0.0)    (t/r )
            37.     (       0.0)    (t/r )
            38.     (       0.0)    (t/r )
            39.     (       0.0)    (t/r )


0       CORRESPONDING EIGEN VECTOR MATRIX   39 BY  39



 (  1)
     0.076    0.039   -0.030    0.000    0.002    0.000    0.000    0.002
     0.000    0.000    0.001    0.000    0.001   -0.001    0.000   -0.746
    -0.105    0.347    0.028   -0.136    0.222   -0.191   -0.240   -0.208
    -0.001   -0.012    0.010    0.003   -0.011   -0.008    0.000   -0.002
     0.002    0.001   -0.006   -0.004    0.002    0.000   -0.001

 (  2)
     0.030    0.007    0.084    0.001    0.000    0.001    0.000    0.000
     0.001   -0.002    0.004    0.002    0.000    0.000    0.000    0.068
     0.009   -0.052   -0.118    0.327   -0.574   -0.320   -0.415   -0.401
     0.001    0.005   -0.004    0.000   -0.001   -0.001    0.000   -0.012
     0.009    0.006   -0.034   -0.022    0.021    0.000   -0.008

 (  3)
     0.003    0.001    0.004    0.000    0.000    0.000    0.001   -0.015
     0.001    0.044   -0.073   -0.032    0.000    0.000    0.000   -0.008
    -0.001    0.003   -0.006    0.016   -0.029   -0.017   -0.023   -0.021
     0.003    0.094   -0.080   -0.016    0.095    0.070   -0.003    0.241
    -0.184   -0.105    0.627    0.416   -0.411   -0.004    0.149

 (  4)
     0.000    0.000    0.000    0.000    0.000    0.000    0.001   -0.015
     0.003   -0.053   -0.052    0.053    0.000    0.000    0.000   -0.004
    -0.001    0.002    0.000   -0.001    0.003    0.000    0.000    0.001
     0.001    0.107   -0.094   -0.018    0.075    0.050    0.024    0.512
    -0.434    0.004    0.061    0.024    0.598    0.039   -0.219

 (  5)
    -0.001   -0.001    0.002    0.000    0.001    0.000   -0.006    0.085
    -0.012   -0.001   -0.024    0.004   -0.001    0.000    0.000    0.017
     0.002   -0.008   -0.002    0.006   -0.011   -0.001   -0.002   -0.002
    -0.039   -0.552    0.448    0.117   -0.471   -0.311    0.011    0.144
    -0.110   -0.026    0.126    0.073    0.030    0.006   -0.012

 (  6)
     0.001   -0.003    0.000    0.005    0.001   -0.001   -0.019    0.011
     0.071   -0.005   -0.001   -0.010    0.000    0.000    0.000   -0.017
    -0.001    0.008   -0.004    0.012   -0.019    0.013    0.017    0.016
     0.035    0.450   -0.393    0.151   -0.586   -0.421   -0.002   -0.068
     0.058   -0.013    0.073    0.048    0.061    0.003   -0.013

 (  7)
    -0.024    0.060    0.002    0.003   -0.006   -0.001    0.000    0.000
     0.003    0.000    0.000    0.000    0.000    0.001    0.000    0.417
     0.044   -0.193    0.109   -0.321    0.525   -0.276   -0.379   -0.341
     0.001    0.021   -0.018    0.005   -0.023   -0.016    0.000    0.000
     0.000    0.000    0.004    0.003   -0.001    0.000    0.001

 (  8)
     0.000    0.000    0.000    0.001    0.000    0.000   -0.005    0.001
     0.008    0.040    0.004    0.044    0.000    0.000    0.000   -0.001
     0.000    0.001    0.000    0.001   -0.001    0.002    0.003    0.003
     0.007    0.070   -0.060    0.023   -0.084   -0.059    0.005    0.433
    -0.372    0.063   -0.447   -0.306   -0.524   -0.025    0.177

 (  9)
     0.002    0.026   -0.003   -0.095   -0.207    0.053    0.022    0.018
    -0.007   -0.003    0.000   -0.001    0.056    0.121   -0.031    0.005
    -0.069    0.005   -0.014    0.053    0.007   -0.021    0.056   -0.002
     0.069    0.006   -0.027   -0.060   -0.024    0.003    0.005    0.006
     0.004    0.005   -0.003    0.005   -0.005    0.000   -0.007

 ( 10)
     0.000   -0.002   -0.002    0.000    0.000    0.000   -0.005   -0.020
     0.002   -0.002   -0.037    0.006    0.001    0.000    0.000    0.010
     0.011    0.023    0.013    0.005    0.000   -0.030    0.013    0.006
     0.063    0.000    0.042   -0.037   -0.006   -0.037   -0.452   -0.081
    -0.043    0.527    0.103   -0.095   -0.029    0.669    0.033

 ( 11)
     0.001    0.000    0.001    0.010   -0.008    0.001   -0.040    0.001
    -0.002   -0.021    0.007    0.034    0.000    0.005   -0.001   -0.015
     0.010   -0.028   -0.028    0.008    0.012    0.017   -0.003   -0.008
     0.067    0.030    0.043    0.079   -0.010    0.064    0.297   -0.391
    -0.419    0.086    0.360   -0.453    0.100   -0.079    0.395

 ( 12)
    -0.020   -0.005   -0.038   -0.008    0.000   -0.017    0.008    0.002
    -0.002   -0.006    0.001   -0.002    0.000   -0.001    0.000    0.277
     0.040    0.613    0.477   -0.057   -0.181   -0.437    0.088    0.185
    -0.054    0.033    0.029   -0.026   -0.036    0.037    0.054   -0.009
    -0.013    0.007    0.010   -0.012    0.008   -0.030    0.036

 ( 13)
     0.043    0.003   -0.023    0.010   -0.017   -0.003   -0.010    0.003
     0.008    0.002    0.001    0.000    0.005    0.011   -0.003   -0.002
     0.529   -0.006   -0.441   -0.320   -0.122   -0.226   -0.256    0.483
     0.056   -0.050   -0.047    0.007    0.047   -0.045   -0.005    0.005
     0.004   -0.009   -0.006    0.007    0.002   -0.004   -0.003

 ( 14)
     0.001   -0.011   -0.002   -0.010    0.007    0.009   -0.002   -0.001
     0.076   -0.044   -0.003   -0.036    0.001   -0.001    0.000    0.020
    -0.023    0.033    0.052    0.066    0.036   -0.039    0.060   -0.051
     0.168   -0.430   -0.398    0.103    0.418   -0.462    0.161    0.065
     0.042    0.149   -0.039    0.056    0.023   -0.007    0.182

 ( 15)
     0.003    0.010    0.005   -0.016    0.010   -0.008    0.089    0.007
     0.010   -0.097   -0.012   -0.080    0.000   -0.007    0.001   -0.024
    -0.012   -0.060   -0.057   -0.066   -0.029    0.055   -0.050    0.033
    -0.256    0.123    0.112   -0.231   -0.157    0.124    0.354    0.171
     0.135    0.365   -0.103    0.145    0.049    0.025    0.392

 ( 16)
     0.048   -0.103   -0.011   -0.001    0.001    0.001   -0.008    0.000
    -0.008   -0.003    0.000   -0.010    0.001    0.001   -0.001   -0.021
     0.412   -0.042   -0.130    0.422    0.355   -0.370    0.368   -0.207
     0.006    0.061    0.065    0.007   -0.055    0.075    0.033    0.036
     0.031    0.022   -0.030    0.039    0.017   -0.011    0.043

 ( 17)
     0.016   -0.013    0.001   -0.042    0.022   -0.007    0.138    0.005
     0.033   -0.014    0.007    0.056    0.003   -0.012    0.001   -0.002
     0.041   -0.033   -0.039    0.019    0.035   -0.045    0.040   -0.012
    -0.408   -0.107   -0.155   -0.437    0.014   -0.200   -0.063   -0.191
    -0.172   -0.079    0.157   -0.172   -0.144   -0.035   -0.288

 ( 18)
     0.058   -0.022   -0.025   -0.156    0.084    0.070    0.027   -0.014
    -0.033    0.002   -0.040    0.004    0.033   -0.004   -0.014    0.088
    -0.132   -0.025   -0.069   -0.035    0.001   -0.042   -0.034    0.059
    -0.259    0.022   -0.030    0.554    0.039    0.066    0.045    0.014
     0.081   -0.020    0.018   -0.102   -0.011    0.070   -0.019

 ( 19)
     0.039   -0.015   -0.019   -0.099    0.063    0.047    0.019   -0.070
    -0.024   -0.007    0.090   -0.004    0.018   -0.025   -0.007    0.071
    -0.124   -0.004   -0.045   -0.016    0.002   -0.029   -0.027    0.043
     0.495    0.096    0.216   -0.252   -0.052   -0.170   -0.086   -0.074
    -0.225    0.125   -0.033    0.238    0.010   -0.188    0.006

 ( 20)
    -0.004    0.005   -0.056    0.010    0.011    0.063    0.009    0.075
    -0.080   -0.029   -0.057    0.063   -0.018   -0.036    0.004    0.090
    -0.081    0.115   -0.103    0.218    0.083    0.050   -0.163    0.074
     0.361   -0.015   -0.178   -0.188   -0.083    0.079    0.339    0.076
     0.252    0.058    0.098   -0.151   -0.142    0.132   -0.208

 ( 21)
    -0.073   -0.010   -0.029    0.056   -0.016    0.042    0.001   -0.069
    -0.065   -0.034    0.051    0.061    0.002    0.030   -0.008   -0.035
     0.230    0.138    0.055    0.191    0.059    0.202   -0.234   -0.020
    -0.248    0.042    0.052    0.261    0.051   -0.159    0.097   -0.089
    -0.100    0.339    0.001    0.243   -0.119   -0.150   -0.185

 ( 22)
    -0.025   -0.007   -0.096    0.015    0.008    0.052    0.015    0.002
     0.069    0.024   -0.001   -0.073    0.002    0.001   -0.005    0.131
    -0.046    0.220   -0.141    0.407    0.161    0.182   -0.364    0.105
    -0.104   -0.015    0.045   -0.088    0.005    0.036   -0.265    0.008
    -0.082   -0.254   -0.055   -0.069    0.143    0.023    0.243

 ( 23)
    -0.062   -0.080    0.037   -0.054    0.034    0.017    0.059    0.019
     0.028   -0.025   -0.026   -0.044    0.023    0.021   -0.010   -0.151
     0.487    0.028    0.343   -0.145   -0.070    0.294   -0.162   -0.184
     0.277    0.020    0.039    0.023   -0.021    0.071   -0.010    0.029
     0.022   -0.145    0.025   -0.158   -0.029    0.064   -0.042

 ( 24)
    -0.010    0.058    0.001    0.040   -0.035   -0.014    0.099    0.011
     0.081   -0.103    0.000   -0.077   -0.030   -0.027    0.017    0.012
    -0.094    0.010   -0.124    0.083    0.031   -0.112    0.090    0.061
     0.236    0.051    0.143    0.371    0.022    0.162   -0.051   -0.075
    -0.171    0.028    0.014   -0.071   -0.193   -0.071   -0.321

 ( 25)
     0.056   -0.085   -0.025    0.021    0.031   -0.054   -0.089   -0.047
     0.105   -0.042   -0.016   -0.005    0.036    0.083   -0.014    0.093
    -0.184    0.008   -0.013   -0.028    0.025    0.044   -0.129    0.024
    -0.039    0.109    0.307   -0.114    0.089   -0.092    0.224    0.080
     0.125    0.023    0.085   -0.141   -0.146    0.059   -0.273

 ( 26)
     0.048   -0.081   -0.018   -0.009    0.019   -0.016   -0.049    0.096
     0.039   -0.016    0.021   -0.003    0.005    0.027   -0.001    0.058
    -0.080   -0.006    0.053   -0.066   -0.005    0.074   -0.112   -0.015
    -0.024   -0.230   -0.350   -0.014   -0.174    0.449   -0.107   -0.162
    -0.228    0.243   -0.099    0.245   -0.046   -0.154   -0.104

 ( 27)
     0.031   -0.098   -0.001    0.113    0.016    0.136    0.041    0.013
    -0.068   -0.064   -0.002   -0.023   -0.063    0.071   -0.017    0.007
    -0.187   -0.088    0.027   -0.240   -0.075   -0.131    0.052   -0.024
    -0.013    0.060   -0.014    0.001    0.038   -0.112   -0.165   -0.004
    -0.029   -0.157   -0.011   -0.033   -0.017    0.003    0.109

 ( 28)
     0.005   -0.090    0.012   -0.043   -0.030   -0.129    0.083    0.039
    -0.040    0.062    0.018    0.024   -0.106    0.049    0.082    0.041
    -0.132    0.073   -0.066    0.025    0.092    0.051   -0.180    0.062
     0.096    0.110    0.042    0.143    0.100   -0.115    0.021    0.017
     0.018    0.047    0.016    0.024    0.085    0.010    0.078

 ( 29)
     0.116    0.010   -0.057   -0.022   -0.077    0.049   -0.047    0.104
     0.025   -0.004    0.026   -0.008   -0.055   -0.086    0.014    0.079
     0.174   -0.079    0.223   -0.038   -0.103    0.188   -0.010   -0.098
    -0.134    0.233    0.180   -0.008    0.233   -0.154   -0.033    0.024
    -0.014    0.083    0.034    0.005   -0.017   -0.040   -0.050

 ( 30)
     0.081    0.016    0.031    0.008   -0.010   -0.084   -0.017   -0.001
    -0.086   -0.159   -0.003    0.035    0.082   -0.006    0.060    0.096
     0.036    0.069    0.066    0.093    0.076    0.148   -0.060    0.052
     0.010    0.009   -0.068    0.024    0.000   -0.071   -0.240   -0.017
     0.014   -0.255   -0.020    0.036   -0.109    0.024    0.175

 ( 31)
    -0.036   -0.013    0.010    0.002    0.012   -0.007   -0.002    0.039
    -0.007   -0.002   -0.027    0.002    0.038   -0.003   -0.002   -0.031
    -0.048    0.007   -0.050   -0.004    0.017   -0.054   -0.008    0.021
     0.015    0.055    0.016   -0.017    0.049   -0.030   -0.397    0.218
     0.279    0.348    0.236   -0.307    0.039   -0.589    0.042

 ( 32)
     0.018    0.001    0.015    0.001   -0.005   -0.006    0.008   -0.007
     0.011   -0.008    0.015    0.024   -0.018   -0.005   -0.042    0.247
     0.055    0.523   -0.464   -0.261   -0.044    0.280    0.212   -0.429
     0.008   -0.016   -0.001    0.021   -0.015    0.027   -0.023    0.032
     0.044   -0.009    0.030    0.000   -0.001   -0.001    0.038

 ( 33)
     0.078    0.001    0.073   -0.001   -0.032    0.001    0.006   -0.087
     0.005   -0.009    0.125   -0.007   -0.074   -0.018   -0.071    0.038
     0.029   -0.001    0.169    0.098    0.109    0.085   -0.096    0.165
    -0.012   -0.198   -0.136    0.041   -0.177    0.156   -0.020    0.257
     0.155   -0.010    0.238   -0.183   -0.004    0.046   -0.003

 ( 34)
     0.101    0.099   -0.036    0.062    0.080   -0.057    0.080    0.050
    -0.019    0.057   -0.019    0.011    0.019    0.089   -0.101    0.083
     0.119   -0.066    0.143    0.134   -0.025    0.108    0.060   -0.002
     0.127    0.070    0.008    0.064    0.061   -0.041    0.010   -0.038
    -0.015    0.074   -0.031    0.035    0.069   -0.042    0.038

 ( 35)
     0.044   -0.010    0.072   -0.024   -0.037   -0.003   -0.024   -0.078
    -0.010   -0.006   -0.190   -0.012   -0.077   -0.026   -0.055    0.039
     0.016    0.071    0.062    0.050    0.100    0.085   -0.074    0.102
     0.015   -0.043    0.036   -0.076   -0.056   -0.060   -0.044   -0.225
    -0.056    0.046   -0.213    0.039   -0.007   -0.222   -0.018

 ( 36)
    -0.002   -0.031   -0.125   -0.001   -0.036   -0.088   -0.013   -0.053
    -0.121    0.009   -0.003   -0.148    0.010   -0.027   -0.035    0.008
    -0.017   -0.097   -0.025   -0.070   -0.142    0.008   -0.002   -0.163
    -0.031   -0.081   -0.156   -0.021   -0.076   -0.088    0.027    0.025
    -0.112    0.017    0.020   -0.181    0.001   -0.014   -0.171

 ( 37)
     0.053    0.078    0.063    0.000    0.048    0.065   -0.036   -0.017
    -0.032    0.044   -0.003   -0.107   -0.014    0.073    0.141    0.079
     0.126    0.136    0.004    0.045    0.053    0.117    0.088   -0.002
    -0.056   -0.046   -0.069   -0.103   -0.047   -0.009    0.065    0.026
    -0.070    0.111    0.026   -0.133    0.019   -0.050   -0.178

 ( 38)
     0.081   -0.038   -0.068    0.075   -0.057    0.028    0.087   -0.104
     0.049    0.066   -0.042    0.060    0.062   -0.036    0.085    0.070
    -0.002   -0.075    0.104   -0.097   -0.103    0.073   -0.001   -0.098
     0.107   -0.147   -0.005    0.092   -0.143    0.109    0.046    0.002
     0.113    0.062   -0.003   -0.001    0.074   -0.074    0.077

 ( 39)
    -0.026    0.071   -0.127   -0.063    0.032   -0.013   -0.036   -0.055
     0.034   -0.076   -0.017    0.066   -0.111    0.067    0.037   -0.051
     0.135   -0.153    0.030    0.014   -0.166   -0.029    0.094   -0.147
     0.021   -0.100   -0.021   -0.044   -0.100    0.101   -0.133    0.029
     0.120   -0.067    0.027    0.000   -0.058   -0.079    0.103


                VIBRATIONAL AMPLITUDE AND CENTRIFUGAL DISTORTION
                 CONTRIBUTIONS TO THE BOND LENGTH AT   298.16 K

                 Note: Excludes contributions from frequencies
                       lower than 40 (1/cm).

                R(e)   = r(mm4) - 1.5 * anh * <Z**2>(298.16)
                R(z)   = R(e) + 1.5 * anh * <Z**2>(0) - <K>(0))
                R(s)   = [R(e) + R(z)] / 2
                R(alp) = R(e) + 1.5 * anh * <Z**2>(T) - <K>(T) - <C>(T)
                R(g)   = R(e) + 1.5 * anh * <Z**2>(T)
                R(a)   = [R(g) + sqrt(R(g)**2-4*<Z**2>(T))] / 2

                       anh = anharmonicity (2.00)
                    <Z**2> = mean-square vibrational amplitude
                       <K> = perpendicular vibrational amplitude
                       <C> = centrifugal correction

        BOND          R(g)      R(z)      R(e)     R(alp)     R(s)      R(a)
    2( C)-  1( C)    1.5188    1.5149    1.5108    1.5142    1.5128    1.5171
    3( C)-  2( C)    1.5247    1.5220    1.5166    1.5215    1.5193    1.5229
    4( C)-  3( C)    1.5449    1.5379    1.5370    1.5366    1.5374    1.5432
    5( O)-  2( C)    1.2124    1.2080    1.2079    1.2071    1.2080    1.2112
    6( H)-  1( C)    1.1072    1.0848    1.0890    1.0834    1.0890    1.1017
    7( H)-  1( C)    1.1098    1.0870    1.0914    1.0856    1.0914    1.1042
    8( H)-  1( C)    1.1092    1.0864    1.0909    1.0850    1.0909    1.1037
    9( H)-  3( C)    1.1081    1.0917    1.0897    1.0907    1.0907    1.1025
   10( H)-  3( C)    1.1092    1.0929    1.0907    1.0920    1.0918    1.1036
   11( H)-  4( C)    1.1113    1.0894    1.0929    1.0880    1.0929    1.1058
   12( H)-  4( C)    1.1109    1.0890    1.0925    1.0876    1.0925    1.1054
   13( H)-  4( C)    1.1111    1.0912    1.0927    1.0898    1.0927    1.1055


                  Non-Bonded Atom Pair Distance Table
        (Distance greater than 82% of VDW distance are not printed)

        PAIR        Dist(g)   Dist(z)
    6( H),  5( O)    2.5481    2.5499       1,4
    7( H),  3( C)    2.8781    2.8685       1,4
    8( H),  3( C)    2.8446    2.8303       1,4
    9( H),  1( C)    2.6546    2.6443       1,4
    9( H),  7( H)    2.5395    2.5372          
   10( H),  5( O)    2.5646    2.5601       1,4
   11( H),  2( C)    2.7649    2.7555       1,4
   11( H), 10( H)    2.5638    2.5422       1,4
   12( H),  2( C)    2.8035    2.7882       1,4
   12( H),  8( H)    2.5804    2.5831          
   12( H),  9( H)    2.5689    2.5441       1,4
   13( H),  9( H)    2.5816    2.5681       1,4
   13( H), 10( H)    2.5531    2.5395       1,4


         THE MOMENTS OF INERTIA CALCULATED FROM R(g), R(z) VALUES
                  (also from R(e), R(alpha), R(s) VALUES)

         Note: (1) All calculations are based on principle isotopes.
               (2) R(z) values include harmonic vibration (Coriolis)
                   contribution indicated in parentheses.


   (1)  UNIT = 10**(-39) GM*CM**2

                    IX                   IY                   IZ

   R(e)        11.0837              21.8302              27.4544
   R(z)        11.0295(-0.0348)     22.1152( 0.0152)     27.7318(-0.0274)

   (2)  UNIT = AU A**2

                    IX                   IY                   IZ

   R(e)        66.7550             131.4788             165.3521
   R(z)        66.4286(-0.2099)    133.1955( 0.0915)    167.0230(-0.1651)


 ==============================================================================
                      STATISTICAL THERMODYNAMICS ANALYSIS
 ==============================================================================

  Structure name    : 2-butanone-skew                                             
  Temperature       :   298.16 K
  Symmetry number   :   1
  Optical isomers   :   2
  Zero Point Energy :   68.110 Kcal/mol


                     ENERGY** ENTHALPY**  ENTROPY  FREE ENERGY** HEAT CAPACITY**
                  (Kcal/mol) (Kcal/mol)     (eu)   (Kcal/mol)    (cal/mol/deg)
  Translational       0.889      0.889     38.745    -10.663         2.981
     Rotational       0.889      0.889     25.742     -6.786         2.981
    Vibrational*     70.481%    70.481%    15.487     65.863%       15.935
         PV(RT)       0.000      0.593      0.000      0.593         1.987
      Potential       1.434#     1.434#     0.000      1.434#        0.000
         Mixing       0.000      0.000      1.377     -0.411         0.000
          Total*     73.692     74.285     81.351     50.029        23.884

  Enthalpy Function (H-Ho)/T     =   15.90 cal/mol/deg
  Free Energy Function -(G-Ho)/T =   65.45 cal/mol/deg

  % Includes zero point energy (ZPE).
  * Excludes contribution from frequencies lower than 10 (1/cm).
  # Includes steric energy (SE).
    Internal rotation contributions are not considered
 ** These quantities are relative to the R(e) values (
    bottom of potential well) and do NOT include bonding

  This structure has   0 imaginary frequencies,
                       0 free internal rotation (fir) frequencies
                         (>= 0,< 10 /cm),
                       0 restricted internal rotation (rir) frequencies
                         (>= 10,< 40 /cm),
                       6 zero frequencies, and
                      33 real frequencies.


      FINAL STERIC ENERGY IS                1.4337 KCAL/MOL.


                  COMPRESSION               0.1184
                  STRETCH-STRETCH           0.0006
                  BENDING                   0.2527
                  BEND-BEND                -0.0141
                  STRETCH-BEND              0.0304
                  VANDERWAALS
                    1,4 ENERGY              0.7948
                    OTHER                  -0.2469
                  H-BONDING                 0.0000
                  PI-COMPLX                 0.0000
                  TORSIONAL                 1.1595
                  TORSION-STRETCH          -0.1184
                  TORSION-BEND             -0.1445
                  BEND-TORSION-BEND        -0.0006
                  TORSION-IMPT              0.0000
                  IMPT-TORSION-IMPT         0.0000
                  TORSION-TORSION           0.0000
                  DIPOLE-DIPOLE             0.0000
                  CHARGE-DIPOLE             0.0000
                  IND-DIP CORR.            -0.3981
                  CHARGE-CHARGE             0.0000


      MOLECULAR POLARIZABILITIES (A**3)

        ALPHA(1)   =       9.33
        ALPHA(2)   =       9.10
        ALPHA(3)   =       8.03
        AVG. ALPHA =       8.82


      DIPOLE MOMENT =          2.9049 D

        SIGMA-DIPOLE MOMENT =  2.9049 (X =  1.1842    Y =  2.5676    Z = -0.6663)


      DIPOLE MOMENT =          2.9130 D (INCLUDES INDUCED BOND MOMENTS)

        SIGMA-DIPOLE MOMENT =  2.9130 (X =  1.3205    Y =  2.5334    Z = -0.5690)


      OTHER MOLECULAR PROPERTIES:

        Molar Polarizability:    23.0728 cm**3/mole
        Molar Refraction:        22.2364 cm**3/mole
        Radius of Gyration:       2.2661 A
        Molecular VDW Surface:  156.2255 A**2
        Molecular VDW Volume:   133.3073 A**3
        Dispersion Energy:       -5.5386 Kcal/mole
        Density (gas):          0.002945 g/cm**3 (@  298.2 K, 1 atm)
        Density (cdn):            0.7689 g/cm**3 (@STP Estd.)
        Ref. Index (gas):       1.001364 (@  298.2 K, 1 atm)
        Ref. Index (cdn):         1.3908 (@STP Estd.)
        Diel. Constant (gas):     1.0220 (@  298.2 K, 1 atm)
        Diel. Constant (cdn):    42.4506 (@STP Estd.)



      TOTAL ATOMIC CHARGE ON EACH ATOM (in ELECTRON CHARGE)

           C(    1):          0.102
           C(    2):          0.056
           C(    3):          0.096
           C(    4):          0.001
           O(    5):         -0.311
           H(    6):          0.009
           H(    7):          0.008
           H(    8):          0.008
           H(    9):          0.007
           H(   10):          0.009
           H(   11):          0.006
           H(   12):          0.005
           H(   13):          0.005

      -----------------------------------------------------------------

        END OF 2-butanone-skew                                             


           TOTAL CPU TIME IS      0.18 SECONDS.

           THIS JOB COMPLETED AT    18:50:47
