 
               ---------------------------------------------
               WARNING : INCORRECT ATOM TYPES GIVEN IN INPUT
                         DATA ARE CORRECTED AS FOLLOWS
               ---------------------------------------------


             Atom type of atom    1 is replaced by   1 (was   0)
             Atom type of atom    2 is replaced by   1 (was   0)
             Atom type of atom    3 is replaced by   1 (was   0)
             Atom type of atom    4 is replaced by   6 (was   0)
             Atom type of atom    5 is replaced by   5 (was   0)
             Atom type of atom    6 is replaced by   5 (was   0)
             Atom type of atom    7 is replaced by   5 (was   0)
             Atom type of atom    8 is replaced by   5 (was   0)
             Atom type of atom    9 is replaced by   5 (was   0)
             Atom type of atom   10 is replaced by   5 (was   0)
             Atom type of atom   11 is replaced by   5 (was   0)
             Atom type of atom   12 is replaced by  21 (was   0)
 
     2-propanol-g                                                

               CHEMICAL FORMULA :  C(    3)  H(    8)  O(    1) 
               FORMULA WEIGHT   :     60.059
                                                               DATE 30-MAY-23
                                                               TIME  20:04:11


          THE COORDINATES OF    12 ATOMS ARE READ IN.
          SOME CONSTANTS WILL BE READ IN.

      CONFORMATIONAL ENERGY, PART 1:  GEOMETRY AND STERIC ENERGY
                                      OF INITIAL CONFORMATION.


      CONNECTED ATOMS
          1-    2-    3-
          2-    4-

      ATTACHED ATOMS
          1-    5,    1-    6,    1-    7,    2-    8,    3-    9,    3-   10,
          3-   11,    4-   12,

      INITIAL ATOMIC COORDINATES
           ATOM          X           Y           Z      TYPE
         C(    1)    -2.18685     0.98210    -0.08486   (  1)
         C(    2)    -0.80138     1.50999     0.35608   (  1)
         C(    3)     0.34428     0.57090    -0.10110   (  1)
         O(    4)    -0.63396     2.82894    -0.18447   (  6)
         H(    5)    -2.97135     1.65215     0.27279   (  5)
         H(    6)    -2.24700     0.92568    -1.17368   (  5)
         H(    7)    -2.36710    -0.01136     0.33097   (  5)
         H(    8)    -0.79529     1.56608     1.45042   (  5)
         H(    9)     1.30409     0.95384     0.25045   (  5)
         H(   10)     0.20319    -0.43087     0.30990   (  5)
         H(   11)     0.37289     0.50659    -1.19073   (  5)
         H(   12)     0.17848     3.22598     0.20488   ( 21)

        %=%=%=%=%=%=%=%=%=%=%=%=%=%=%=%=%=%=%=%=%=%=%=%=%=%=%=

        MM4(08)-v010108: (Const:V010108-00)

        The Parameters Used in This Calculation Can be Found
        in the Publication(s) Listed in the PART 3

        %=%=%=%=%=%=%=%=%=%=%=%=%=%=%=%=%=%=%=%=%=%=%=%=%=%=%=


          DIELECTRIC CONSTANT =  1.500


      INITIAL STERIC ENERGY IS              2.4368 KCAL/MOL.

                  COMPRESSION               1.5557
                  STRETCH-STRETCH           0.0000
                  BENDING                   1.1732
                  BEND-BEND                 0.0280
                  STRETCH-BEND             -0.0003
                  VANDERWAALS
                    1,4 ENERGY              1.0899
                    OTHER                   0.0576
                  H-BONDING                 0.0000
                  PI-COMPLX                 0.0000
                  TORSIONAL                 0.0879
                  TORSION-STRETCH           0.0215
                  TORSION-BEND             -1.3234
                  BEND-TORSION-BEND        -0.0071
                  TORSION-IMPT              0.0000
                  IMPT-TORSION-IMPT         0.0000
                  TORSION-TORSION          -0.0057
                  DIPOLE-DIPOLE             0.0000
                  CHARGE-DIPOLE             0.0000
                  IND_DIP CORR.            -0.2404
                  CHARGE-CHARGE             0.0000


      MOMENT OF INERTIA ( R(g) ) WITH THE PRINCIPAL AXES

          (1)  UNIT = 10**(-39) GM*CM**2
               IX=    9.9817    IY=   10.6252    IZ=   18.0933

          (2)  UNIT = AU A**2
               IX=   60.1198    IY=   63.9955    IZ=  108.9760


      MOLECULAR POLARIZABILITIES (A**3)

        ALPHA(1)   =       7.70
        ALPHA(2)   =       7.86
        ALPHA(3)   =       6.55
        AVG. ALPHA =       7.37


      DIPOLE MOMENT =          1.6961 D

        SIGMA-DIPOLE MOMENT =  1.6961 (X = -1.2345    Y =  0.3966    Z = -1.0934)


      DIPOLE MOMENT =          1.5664 D (INCLUDES INDUCED BOND MOMENTS)

        SIGMA-DIPOLE MOMENT =  1.5664 (X = -1.1587    Y =  0.5056    Z = -0.9249)


      OTHER MOLECULAR PROPERTIES:

        Molar Polarizability:    18.8263 cm**3/mole
        Molar Refraction:        18.5844 cm**3/mole
        Radius of Gyration:       1.9710 A
        Molecular VDW Surface:  138.4034 A**2
        Molecular VDW Volume:   114.3466 A**3
        Dispersion Energy:       -5.2896 Kcal/mole
        Density (gas):          0.002454 g/cm**3 (@  298.2 K, 1 atm)
        Density (cdn):            0.7486 g/cm**3 (@STP Estd.)
        Ref. Index (gas):       1.001140 (@  298.2 K, 1 atm)
        Ref. Index (cdn):         1.3804 (@STP Estd.)
        Diel. Constant (gas):     1.0078 (@  298.2 K, 1 atm)
        Diel. Constant (cdn):    14.8715 (@STP Estd.)



      CPU TIME FOR INITIAL CALCULATION IS     0.02 SECONDS.
 


     2-propanol-g                                                


     CONFORMATIONAL ENERGY, PART 2: GEOMETRY MINIMIZATION

               GEOMETRY OPTIMIZATION IS CONTINUED UNTIL ATOM
               MOVEMENT CONVERGES WITHIN FOLLOWING VALUES:

                         AVERAGE MOVEMENT  0.00010 A
                         MAXIMUM MOVEMENT  0.00104 A



     <<<<<<<<<<<<<<<<<<<<<<<<<<  C Y C L E   1 >>>>>>>>>>>>>>>>>>>>>>>>>>

                              (CH)-MOVEMENT = 0

     ITER    1  AVG. MOVE = 0.01275 A  (MAX MOVE: ATOM    12   0.11549 A)
     ITER    2  AVG. MOVE = 0.00655 A  (MAX MOVE: ATOM    12   0.11744 A)
     ITER    3  AVG. MOVE = 0.00489 A  (MAX MOVE: ATOM    12   0.09599 A)
     ITER    4  AVG. MOVE = 0.00362 A  (MAX MOVE: ATOM    12   0.06711 A)
     ITER    5  AVG. MOVE = 0.00250 A  (MAX MOVE: ATOM    12   0.03880 A)
     ITER    6  AVG. MOVE = 0.00163 A  (MAX MOVE: ATOM    12   0.01832 A)
     ITER    7  AVG. MOVE = 0.00107 A  (MAX MOVE: ATOM    12   0.00709 A)
     ITER    8  AVG. MOVE = 0.00078 A  (MAX MOVE: ATOM     5   0.00423 A)
     ITER    9  AVG. MOVE = 0.00059 A  (MAX MOVE: ATOM     5   0.00324 A)
     ITER   10  AVG. MOVE = 0.00046 A  (MAX MOVE: ATOM     5   0.00249 A)
     ITER   11  AVG. MOVE = 0.00036 A  (MAX MOVE: ATOM     5   0.00191 A)
     ITER   12  AVG. MOVE = 0.00028 A  (MAX MOVE: ATOM     5   0.00148 A)
     ITER   13  AVG. MOVE = 0.00022 A  (MAX MOVE: ATOM     5   0.00114 A)
     ITER   14  AVG. MOVE = 0.00017 A  (MAX MOVE: ATOM     5   0.00089 A)
     ITER   15  AVG. MOVE = 0.00014 A  (MAX MOVE: ATOM     5   0.00069 A)
     ITER   16  AVG. MOVE = 0.00011 A  (MAX MOVE: ATOM     5   0.00054 A)
     ITER   17  AVG. MOVE = 0.00009 A  (MAX MOVE: ATOM     9   0.00043 A)


              * * * * * * * * * GEOMETRY IS OPTIMIZED * * * * * * * * *

               WITHIN : AVERAGE MOVEMENT  0.00009 A (LIMIT  0.00010 A)
                        MAXIMUM MOVEMENT  0.00043 A (LIMIT  0.00104 A)

               GRADIENT
                 RMS GRADIENT                  0.027792 KCAL/MOL/A

                 MAX GRADIENT
                   X-DIRECTION : ATOM #    4   0.074409 KCAL/MOL/A
                   Y-DIRECTION : ATOM #    1   0.080309 KCAL/MOL/A
                   Z-DIRECTION : ATOM #    2   0.025697 KCAL/MOL/A

        DELTA TIME =    0.00 SEC.       TOTAL CPU TIME =      0.03 SEC.


                            =====================
                            FULL-MATRIX OPTIMIZER
                            =====================


     iter.  rms force   max force   avg. move    max move  atom  convg  d-time

        0    0.036897    0.136883   0.00034 A   0.00251 A    9    [N]     0.0s
        1    0.000595    0.001655   0.00000 A   0.00000 A   12    [N]     0.0s
        2    0.000037    0.000125                                 [Y]     0.0s


      TOTAL ENERGY IS      0.4471 KCAL/MOL.

        COMPRESS    0.1134      VDW 1,4    1.1201      DIPL-DIPL    0.0000
        STR-STR     0.0000        OTHER    0.1605      CHRG-DIPL    0.0000
        BENDING     0.7982      TORSION   -0.1450      CHRG-CHRG    0.0000
        BEND-BEND  -0.0003      TOR-STR   -0.1057      EPR          0.0000
        STR-BEND    0.0411      TOR-BEND  -1.2126      TOR-BENBEN  -0.0406
        TOR-IMPT    0.0000      TOR-IPIP   0.0000      TORS-TORS   -0.0052
        IND-DIP    -0.2766      H-BOND     0.0000      PI-COMPLX    0.0000
0     DELTA(T) =     0.0 SEC.          ELAPSED TIME =     0.0 SEC.


    * * * ENERGY IS MINIMIZED WITHIN RMS OF FORCES   0.00004  Kcal/mol/A * * *

                 * * * *  RMS FORCE IS   0.00004 Kcal/mol/A * * * *

 
     2-propanol-g                                                


     %=%=%=%=%=%=%=%=%=%=%=%=%=%=%=%=%=%=%=%=%=%=%=%=%=%=%=%=%=%=%=%=%=%=%=

     The Parameters Used in This Calculation Can be Found in the Following
     Publication(s):

     The MM4 Program is Developed by Dr. N. L. Allinger and co-workers at  
     the University of Georgia, Athens, Georgia 30602-2556 USA.            
     (c) Copyright 2003 by N. L. Allinger. All rights reserved.            
                                                                           
     MM4 General Description and Alkanes:                                  
      Allinger,N.L.; Chen,K.; Lii,J.-H. J. Comput. Chem. 1996, 17, 642.    
     Alcohols/Ethers:                                                      
      Allinger,N.L.; Chen,K.-H.; Lii,J.-H.; Durkin,K., J. Comput. Chem.    
      2003, 24, 1447.                                                      
      Lii,J.-H.; Chen,K.-H.; Durkin,K.; Allinger,N.L., J. Comput. Chem.    
      2003, 24, 1473.                                                      
      Lii,J.-H.; Chen,K.-H.; Grindley,T.B.; Allinger,N.L., J. Comput. Chem.
      2003, 24, 1490.                                                      
      Lii,J.-H.; Chen,K.-H.; Allinger,N.L., J. Comput. Chem. 2003, 24,     
      1504.                                                                
      Lii,J.-H.; Chen,K.-H.; Allinger,N.L., J. Phys. Chem. A 2004, 108,    
      3006.                                                                

     %=%=%=%=%=%=%=%=%=%=%=%=%=%=%=%=%=%=%=%=%=%=%=%=%=%=%=%=%=%=%=%=%=%=%=

               CHEMICAL FORMULA :  C(    3)  H(    8)  O(    1) 
               FORMULA WEIGHT   :     60.059
                                                               DATE : 30-MAY-23

           * M M 4 * * * * * * * * * * * 2 0 0 8 *
           *                                     *   PARAMETER RELIABILITY
           *                                     *
           *                                     *   BLANK = GOOD
           *                                     *       B = FAIR
           *                                     *       C = TRIAL
           *                                     *       R = READ IN
           *                                     *       S = SUBSTITUTED
           *                                     *       U = PARAMETER NOT EXIST
           *                                     *
           *                                     *   THIS IS SHOWN AT THE END 
           *                                     *   OF THE LINE.
           * * * * * * * * * * * * * * * * * * * * 


      CONFORMATIONAL ENERGY, PART 3:  GEOMETRY AND STERIC ENERGY
                                      OF FINAL CONFORMATION.

      CONNECTED ATOMS
          1-    2-    3-
          2-    4-

      ATTACHED ATOMS
          1-    5,    1-    6,    1-    7,    2-    8,    3-    9,    3-   10,
          3-   11,    4-   12,

      FINAL ATOMIC COORDINATE
           ATOM          X           Y           Z      TYPE
         C(    1)     1.21313     0.78606    -0.10557   (  1)
         C(    2)    -0.00817     0.01637     0.38700   (  1)
         C(    3)    -1.30675     0.64759    -0.11584   (  1)
         O(    4)     0.14023    -1.31427    -0.13161   (  6)
         H(    5)     2.15191     0.30891     0.24993   (  5)
         H(    6)     1.25648     0.80630    -1.21568   (  5)
         H(    7)     1.20727     1.83643     0.25658   (  5)
         H(    8)    -0.00567    -0.01755     1.50724   (  5)
         H(    9)    -2.19817     0.09208     0.24661   (  5)
         H(   10)    -1.39683     1.69663     0.23993   (  5)
         H(   11)    -1.35192     0.65843    -1.22586   (  5)
         H(   12)    -0.67602    -1.79770     0.05711   ( 21)


          DIELECTRIC CONSTANT =  1.500


      BOND LENGTHS AND STRETCHING ENERGY   (   11 BONDS)

        ENERGY = 71.94(KS)(DR)(DR)(1-(CS)(DR)+(7/12)((CS)(DR))**2)-
                       (1/4)((CS)(DR))**3)+(31/360)((CS)(DR))**4))
                         DR =  R-RO
                         CS =  3.000 FOR X-Y BONDS
                            =  2.200 FOR X-H BONDS
                                                            R(0)-CORR        CORR
             BOND          R(g)    R(0)    K(S)  ENERGY   E-NEG  MISCEL       KS
      C(    1)- C(    2)  1.5253  1.5175  4.550  0.0196 -0.0095                    
      C(    1)- H(    5)  1.1115  1.1106  4.781  0.0002 -0.0014             0.041  
      C(    1)- H(    6)  1.1111  1.1106  4.781  0.0001 -0.0014             0.041  
      C(    1)- H(    7)  1.1111  1.1106  4.781  0.0001 -0.0014             0.041  
      C(    2)- C(    3)  1.5289  1.5175  4.550  0.0412 -0.0095                    
      C(    2)- O(    4)  1.4358  1.4336  4.900  0.0017  0.0146                    
      C(    2)- H(    8)  1.1208  1.1086  4.842  0.0501 -0.0034             0.102  
      C(    3)- H(    9)  1.1111  1.1106  4.781  0.0001 -0.0014             0.041  
      C(    3)- H(   10)  1.1114  1.1106  4.781  0.0002 -0.0014             0.041  
      C(    3)- H(   11)  1.1110  1.1106  4.781  0.0000 -0.0014             0.041  
      O(    4)- H(   12)  0.9673  0.9670  7.580  0.0000                            


      NON-BONDED DISTANCES, VDW AND EPR ENERGY   (    36 PAIRS)

              E(VDW) = KV*(1.84(10**5)EXP(-12.00/P) - 2.25(P**6))
              E(EPR) = C*KV*(1.84(10**5)EXP(-12.00/Q) - 2.25(Q**6))
              E(HBD) = EP1-EP2*F(THET1,THET2)*RTH/RTH0
                            EP1 = KHB*2.76(10**5)*EXP(-12.0/P)
                            EP2 = KHB*2.25(P**6)
                              F = FAC*(1+COS(THET1)^N*(1+COS(THET2))^N

            IF P > 3.020, THEN,
              E(VDW) = KV(192.270)(P**2)
              E(HBD) = EP1-EP2*F(THET1,THET2)*RTH/RTH0
                            EP1 = KHB*569.14*P**2
                            EP2 = KHB*187.16*P**2

                       RV = RVDW(I) + RVDW(K)
                       KV = SQRT(EPS(I)*EPS(K))
                      KHB = HYDROGEN BOND ENERGY PARAMETER
                        P = (RV/R) OR (RV/R#)
                        C = SCALE FACTOR
                        Q = RV/R, WHERE R IS MODIFIED DISTANCE
                        N = 1 WHEN Y IS NITROGEN, AND 2 FOR OTHERS
                      FAC = 1/4 WHEN N=1, AND 1/16 WHEN N=2
                    THET1 = ANGLE H-X-Y IN HYDROGEN BOND X-H...Y
                    THET2 = ANGLE X-Y-LP IN HYDROGEN BOND X...Y-LP
                      RTH = BOND LENGTH X-H IN X-H...Y
                     RTH0 = NATURAL BOND LENGTH X-H

          # IN THE VDW CALCULATIONS THE HYDROGEN ATOMS ARE RELOCATED
          SO THAT THE ATTACHED HYDROGEN DISTANCE IS REDUCED BY 0.940

          # IN THE VDW CALCULATIONS THE DEUTERIUM ATOMS ARE RELOCATED
          SO THAT THE ATTACHED DEUTERIUM DISTANCE IS REDUCED BY  0.940

           ATOM PAIR          R       R#       RV      KV       ENERGY
      C(    1), C(    3)   2.5237
      C(    1), O(    4)   2.3586
      C(    1), H(    8)   2.1754
      C(    1), H(    9)   3.4989   3.4381   3.440   0.0240    -0.0269  1,4    
      C(    1), H(   10)   2.7858   2.7581   3.440   0.0240     0.0895  1,4    
      C(    1), H(   11)   2.8019   2.7735   3.440   0.0240     0.0809  1,4    
      C(    1), H(   12)   3.2049   3.1521   3.560   0.0243    -0.0048  1,4    
      C(    2), H(    5)   2.1841
      C(    2), H(    6)   2.1890
      C(    2), H(    7)   2.1925
      C(    2), H(    9)   2.1958
      C(    2), H(   10)   2.1848
      C(    2), H(   11)   2.1953
      C(    2), H(   12)   1.9611
      C(    3), O(    4)   2.4378
      C(    3), H(    5)   3.4944   3.4338   3.440   0.0240    -0.0269  1,4    
      C(    3), H(    6)   2.7937   2.7657   3.440   0.0240     0.0852  1,4    
      C(    3), H(    7)   2.8058   2.7771   3.440   0.0240     0.0789  1,4    
      C(    3), H(    8)   2.1839
      C(    3), H(   12)   2.5312   2.5153   3.560   0.0243     0.4907  1,4    
      O(    4), H(    5)   2.6129   2.5849   2.850   0.1200    -0.0708  1,4    
      O(    4), H(    6)   2.6302   2.6014   2.850   0.1200    -0.0804  1,4    
      O(    4), H(    7)   3.3491   3.2875   2.850   0.1200    -0.0931  1,4    
      O(    4), H(    8)   2.0949
      O(    4), H(    9)   2.7548   2.7241   2.850   0.1200    -0.1236  1,4    
      O(    4), H(   10)   3.4009   3.3405   2.850   0.1200    -0.0869  1,4    
      O(    4), H(   11)   2.7047   2.6765   2.850   0.1200    -0.1119  1,4    
      H(    5), H(    6)   1.7881
      H(    5), H(    7)   1.7960
      H(    5), H(    8)   2.5184   2.4511   3.280   0.0170     0.1791  1,4    
      H(    5), H(    9)   4.3555   4.2456   3.280   0.0170    -0.0076         
      H(    5), H(   10)   3.8104   3.7201   3.280   0.0170    -0.0141         
      H(    5), H(   11)   3.8180   3.7276   3.280   0.0170    -0.0140         
      H(    5), H(   12)   3.5316   3.4471   3.240   0.0165    -0.0169         
      H(    6), H(    7)   1.7975
      H(    6), H(    8)   3.1122   2.9939   3.280   0.0170    -0.0114  1,4    
      H(    6), H(    9)   3.8188   3.7283   3.280   0.0170    -0.0140         
      H(    6), H(   10)   3.1546   3.0911   3.280   0.0170    -0.0162         
      H(    6), H(   11)   2.6126   2.6073   3.280   0.0170     0.0736         
      H(    6), H(   12)   3.4836   3.4044   3.240   0.0165    -0.0174         
      H(    7), H(    8)   2.5441   2.4749   3.280   0.0170     0.1583  1,4    
      H(    7), H(    9)   3.8262   3.7355   3.280   0.0170    -0.0139         
      H(    7), H(   10)   2.6079   2.6029   3.280   0.0170     0.0757         
      H(    7), H(   11)   3.1835   3.1186   3.280   0.0170    -0.0171         
      H(    7), H(   12)   4.0980   3.9935   3.240   0.0165    -0.0094         
      H(    8), H(    9)   2.5315   2.4640   3.280   0.0170     0.1676  1,4    
      H(    8), H(   10)   2.5455   2.4762   3.280   0.0170     0.1572  1,4    
      H(    8), H(   11)   3.1208   3.0024   3.280   0.0170    -0.0120  1,4    
      H(    8), H(   12)   2.3919   2.3245   3.240   0.0165     0.2814  1,4    
      H(    9), H(   10)   1.7935
      H(    9), H(   11)   1.7903
      H(    9), H(   12)   2.4340   2.4337   3.240   0.0165     0.1628         
      H(   10), H(   11)   1.7968
      H(   10), H(   12)   3.5726   3.4915   3.240   0.0165    -0.0164         
      H(   11), H(   12)   2.8523   2.8038   3.240   0.0165     0.0054         


      BOND ANGLES, BENDING AND STRETCH-BEND ENERGIES   (   19 ANGLES)

          EB = 0.02191418(KB)(DT)(DT)(1+CF*DT+QF*DT**2+PF*DT**3+SF*DT**4)
                          DT = THETA-TZERO
                          CF = -1800.000E-5
                          QF =     7.200E-5
                          PF =     0.135E-5
                          SF =     0.004E-6
          ESS =  143.88(KSTST)(DR1)(DR2)
          ESB =  2.51118(KSB)(DT)(DR1+DR2)
          EBB = -0.02191418(KBB)(DT1)(DT2)
                          DR1 = R1 - R1(0)
                          DR2 = R2 - R2(0)

               A T O M S             THETA    TZERO     KB     EB    KSB   ESB   KSS   ESS
      C(    2)- C(    1)- H(    5)  110.877  110.600  0.600  0.0010 0.10 0.0006              
      C(    2)- C(    1)- H(    6)  111.288  110.600  0.600  0.0062 0.10 0.0014              
      C(    2)- C(    1)- H(    7)  111.565  110.600  0.600  0.0120 0.10 0.0020              
      H(    5)- C(    1)- H(    6)  107.123  107.980  0.540  0.0088                          
      H(    5)- C(    1)- H(    7)  107.821  107.980  0.540  0.0003                          
      H(    6)- C(    1)- H(    7)  107.977  107.980  0.540  0.0000                          
      C(    1)- C(    2)- C(    3)  111.440  111.300  0.740  0.0003 0.14 0.0009              
      C(    1)- C(    2)- O(    4)  105.560  105.920  1.275  0.0037 0.02-0.0002              
      C(    1)- C(    2)- H(    8)  109.649  110.600  0.590  0.0119 0.10-0.0048              
      C(    3)- C(    2)- O(    4)  110.585  105.920  1.275  0.5581 0.02 0.0032              
      C(    3)- C(    2)- H(    8)  110.068  110.600  0.590  0.0037 0.10-0.0032              
      O(    4)- C(    2)- H(    8)  109.435  106.900  0.970  0.1304 0.36 0.0329              
      C(    2)- C(    3)- H(    9)  111.575  110.600  0.600  0.0123 0.10 0.0029              
      C(    2)- C(    3)- H(   10)  110.686  110.600  0.600  0.0001 0.10 0.0003              
      C(    2)- C(    3)- H(   11)  111.541  110.600  0.600  0.0114 0.10 0.0028              
      H(    9)- C(    3)- H(   10)  107.605  107.980  0.540  0.0017                          
      H(    9)- C(    3)- H(   11)  107.348  107.980  0.540  0.0048                          
      H(   10)- C(    3)- H(   11)  107.898  107.980  0.540  0.0001                          
      C(    2)- O(    4)- H(   12)  107.788  106.400  0.765  0.0315 0.25 0.0022              


     DIHEDRAL ANGLES, TORSIONAL ENERGY (ET)   (    21 ANGLES)

           ET = (V1/2)(1+COS(W))+(V2/2)(1-COS(2W))+(V3/2)(1+COS(3W))+
                                 (V4/2)(1-COS(4W))+(V6/2)(1+COS(6W))
         EBTB =  0.043828*(KBTB)(DTH1)(COS(W))(DTH2)
         ETS1 = -0.5*(RC-RC0)[KTSC1*(1+COS(W))+KTSC2*(1-COS(2W))+KTSC3*(1+COS(3W))]
         ETS2 = -0.5*(RT-RT0)[KTST1*(1+COS(W))+KTST2*(1-COS(2W))+KTST3*(1+COS(3W))]
          ETB =  2.51124*(DTH)[KTB1(1+COS(W))+KTB2*(1-COS(2W))+KTB3*(1+COS(3W))]
                      RC   = CENTRAL BOND LENGTH
                      RT   = TERMINAL BOND LENGTH
                      DTH1 = THETA1 - TZERO1
                      DTH2 = THETA2 - TZERO2

           SIGN OF ANGLE A-B-C-D : WHEN LOOKING THROUGH B TOWARD C,
           IF D IS COUNTERCLOCKWISE FROM A, NEGATIVE.

                A T O M S                OMEGA    V1     V2     V3     V4     V6     E    KBTB   EBTB
    C(    1) C(    2) C(    3) H(    9) -179.7  0.000  0.000  0.290  0.000  0.000  0.000 -0.060  0.000 
       TYPE-1-TS                         0.000  0.000  0.660                       0.000
    C(    1) C(    2) C(    3) H(   10)  -59.9  0.000  0.000  0.290  0.000  0.000  0.000 -0.060  0.000 
       TYPE-1-TS                         0.000  0.000  0.660                       0.000
    C(    1) C(    2) C(    3) H(   11)   60.3  0.000  0.000  0.290  0.000  0.000  0.000 -0.060  0.000 
       TYPE-1-TS                         0.000  0.000  0.660                       0.000
    C(    1) C(    2) O(    4) H(   12) -172.3 -0.413  0.456  0.203  0.000  0.093  0.093 -0.090 -0.002 
       TYPE-1-TS                         0.000  0.000  1.559                       0.000
       TYPE-2-TS    0.000  1.799  0.000                       0.000  0.000  0.000  0.000
       TORS-BEND   -0.028 -0.022  0.000                       0.025 -0.018 -0.003 -0.001
    C(    3) C(    2) C(    1) H(    5) -179.0  0.000  0.000  0.290  0.000  0.000  0.000 -0.060  0.000 
       TYPE-1-TS                         0.000  0.000  0.660                       0.000
    C(    3) C(    2) C(    1) H(    6)  -59.8  0.000  0.000  0.290  0.000  0.000  0.000 -0.060  0.000 
       TYPE-1-TS                         0.000  0.000  0.660                       0.000
    C(    3) C(    2) C(    1) H(    7)   60.8  0.000  0.000  0.290  0.000  0.000  0.000 -0.060  0.000 
       TYPE-1-TS                         0.000  0.000  0.660                       0.000
    C(    3) C(    2) O(    4) H(   12)  -51.6 -0.413  0.456  0.203  0.000  0.093  0.031 -0.090 -0.016 
       TYPE-1-TS                         0.000  0.000  1.559                       0.000
       TYPE-2-TS    0.000  1.799  0.000                       0.000  0.000  0.000 -0.013
       TORS-BEND   -0.028 -0.022  0.000                       0.025 -0.018 -0.003 -0.785
    O(    4) C(    2) C(    1) H(    5)  -58.9 -0.593  0.554  0.474  0.000  0.070  0.026 -0.100  0.000 
       TYPE-1-TS                         0.000  0.000  0.660                       0.000
       TORS-BEND    0.008 -0.010  0.000                       0.006 -0.006  0.000  0.002
    O(    4) C(    2) C(    1) H(    6)   60.3 -0.593  0.554  0.474  0.000  0.070  0.044 -0.100  0.001 
       TYPE-1-TS                         0.000  0.000  0.660                       0.000
       TORS-BEND    0.008 -0.010  0.000                       0.006 -0.006  0.000  0.003
    O(    4) C(    2) C(    1) H(    7) -179.1 -0.593  0.554  0.474  0.000  0.070  0.070 -0.100 -0.002 
       TYPE-1-TS                         0.000  0.000  0.660                       0.000
       TORS-BEND    0.008 -0.010  0.000                       0.006 -0.006  0.000  0.000
    O(    4) C(    2) C(    3) H(    9)   63.2 -0.593  0.554  0.474  0.000  0.070  0.083 -0.100 -0.009 
       TYPE-1-TS                         0.000  0.000  0.660                       0.000
       TORS-BEND    0.008 -0.010  0.000                       0.006 -0.006  0.000 -0.053
    O(    4) C(    2) C(    3) H(   10) -177.0 -0.593  0.554  0.474  0.000  0.070  0.072 -0.100  0.002 
       TYPE-1-TS                         0.000  0.000  0.660                       0.000
       TORS-BEND    0.008 -0.010  0.000                       0.006 -0.006  0.000 -0.001
    O(    4) C(    2) C(    3) H(   11)  -56.8 -0.593  0.554  0.474  0.000  0.070  0.000 -0.100 -0.011 
       TYPE-1-TS                         0.000  0.000  0.660                       0.000
       TORS-BEND    0.008 -0.010  0.000                       0.006 -0.006  0.000 -0.017
    H(    5) C(    1) C(    2) H(    8)   58.9  0.000  0.000  0.260  0.000  0.008  0.008 -0.090  0.001 
       TYPE-1-TS                         0.000  0.000  0.660                       0.000
    H(    6) C(    1) C(    2) H(    8)  178.0  0.000  0.000  0.260  0.000  0.008  0.009 -0.090 -0.003 
       TYPE-1-TS                         0.000  0.000  0.660                       0.000
    H(    7) C(    1) C(    2) H(    8)  -61.3  0.000  0.000  0.260  0.000  0.008  0.008 -0.090  0.002 
       TYPE-1-TS                         0.000  0.000  0.660                       0.000
    H(    8) C(    2) C(    3) H(    9)  -57.8  0.000  0.000  0.260  0.000  0.008  0.009 -0.090  0.001 
       TYPE-1-TS                         0.000  0.000  0.660                       0.000
    H(    8) C(    2) C(    3) H(   10)   62.0  0.000  0.000  0.260  0.000  0.008  0.009 -0.090  0.000 
       TYPE-1-TS                         0.000  0.000  0.660                       0.000
    H(    8) C(    2) C(    3) H(   11) -177.8  0.000  0.000  0.260  0.000  0.008  0.009 -0.090 -0.002 
       TYPE-1-TS                         0.000  0.000  0.660                       0.000
    H(    8) C(    2) O(    4) H(   12)   69.8 -0.267 -0.552  0.336  0.000  0.035 -0.618 -0.060 -0.003 
       TYPE-1-TS                         0.000  0.000  1.559                       0.000
       TYPE-2-TS    0.000  8.599  0.000                       0.000  0.000  0.000 -0.092
       TORS-BEND   -0.013 -0.020 -0.004                       0.015 -0.015  0.000 -0.361


 ==============================================================================
                        NORMAL MODE VIBRATIONAL ANALYSIS
 ==============================================================================


             Molecular Shape : ASYMMETRIC ROTOR WITH KAPPA = 0.680536
        Symmetry Point Group : C1  
             Symmetry Number :  1
                   Chirality : yes



0       FUNDAMENTAL NORMAL VIBRATIONAL FREQUENCIES
                ( THEORETICALLY  30 VALUES )

             Frequency :  in 1/cm
             A(i)      :  IR intensity (vs,s,m,w,vw,-- or in 10**6 cm/mole)
             A(i) = -- :  IR inactive


             no       Frequency   Symmetry      A(i)

             1.          3678.1     (A   )       vs
             2.          2986.3     (A   )        m
             3.          2985.2     (A   )        m
             4.          2983.8     (A   )        m
             5.          2981.4     (A   )        m
             6.          2891.5     (A   )        w
             7.          2890.6     (A   )        m
             8.          2857.5     (A   )        m
             9.          1515.0     (A   )        m
            10.          1480.4     (A   )        w
            11.          1454.6     (A   )        w
            12.          1442.3     (A   )        w
            13.          1429.1     (A   )        w
            14.          1423.3     (A   )        w
            15.          1363.7     (A   )        w
            16.          1352.2     (A   )        w
            17.          1268.3     (A   )       vs
            18.          1219.4     (A   )        w
            19.          1140.3     (A   )        w
            20.          1089.0     (A   )        m
            21.           953.2     (A   )        w
            22.           946.1     (A   )        w
            23.           937.3     (A   )        w
            24.           804.9     (A   )        w
            25.           462.3     (A   )        w
            26.           428.7     (A   )        w
            27.           368.2     (A   )        w
            28.           238.6     (A   )        m
            29.           214.6     (A   )        s
            30.           206.0     (A   )        m
            31.     (       0.0)    (t/r )
            32.     (       0.0)    (t/r )
            33.     (       0.0)    (t/r )
            34.     (       0.0)    (t/r )
            35.     (       0.0)    (t/r )
            36.     (       0.0)    (t/r )


0       CORRESPONDING EIGEN VECTOR MATRIX   36 BY  36



 (  1)
     0.000    0.000    0.000   -0.001    0.001    0.001    0.000    0.000
     0.000   -0.050   -0.032    0.010    0.000    0.000    0.000    0.000
     0.000    0.000    0.000   -0.001    0.000    0.000   -0.002   -0.006
     0.000    0.001    0.000    0.000    0.001    0.000    0.000    0.000
     0.000    0.804    0.508   -0.174

 (  2)
    -0.020    0.069    0.058    0.001   -0.001   -0.001    0.007    0.014
     0.002   -0.001    0.000    0.000    0.207   -0.112    0.060    0.034
     0.001   -0.502   -0.008   -0.702   -0.239    0.006    0.005   -0.001
    -0.087   -0.054    0.033    0.011   -0.112   -0.036   -0.003   -0.003
    -0.016   -0.001   -0.002    0.000

 (  3)
    -0.011    0.009   -0.014    0.000    0.000    0.000    0.029   -0.006
    -0.086    0.000    0.000    0.000    0.135   -0.066    0.050   -0.005
    -0.006    0.126    0.002   -0.036   -0.008    0.009   -0.006    0.010
    -0.346   -0.200    0.148   -0.037    0.286    0.110    0.041   -0.014
     0.754   -0.001    0.000    0.000

 (  4)
     0.020   -0.008    0.038    0.000    0.001    0.001   -0.033   -0.074
    -0.016   -0.001    0.000    0.000   -0.240    0.115   -0.093    0.016
     0.012   -0.335   -0.005   -0.040   -0.021    0.006    0.001   -0.008
     0.422    0.261   -0.155   -0.057    0.601    0.194    0.016    0.013
     0.146   -0.001   -0.001    0.000

 (  5)
    -0.046    0.041   -0.053    0.001    0.000    0.000   -0.023   -0.036
     0.013    0.000    0.000    0.000    0.555   -0.269    0.206   -0.018
    -0.023    0.467    0.006   -0.189   -0.049   -0.009   -0.003    0.007
     0.303    0.183   -0.116   -0.020    0.233    0.070   -0.002    0.010
    -0.114   -0.001   -0.001    0.000

 (  6)
    -0.035   -0.021    0.014    0.001    0.002   -0.015    0.035   -0.018
     0.013    0.000    0.000    0.000    0.353   -0.160    0.120    0.029
     0.016   -0.396    0.014    0.383    0.122   -0.003    0.004    0.164
    -0.311   -0.176    0.114   -0.048    0.372    0.117   -0.028    0.010
    -0.372    0.002   -0.001    0.000

 (  7)
    -0.034   -0.021    0.013    0.005    0.000    0.000   -0.037    0.020
    -0.013    0.000    0.000    0.000    0.337   -0.155    0.116    0.030
     0.016   -0.380    0.013    0.369    0.118   -0.003    0.000    0.004
     0.332    0.189   -0.122    0.050   -0.400   -0.126    0.032   -0.012
     0.399    0.000   -0.001    0.000

 (  8)
     0.006    0.003    0.000    0.003   -0.006   -0.079   -0.005    0.003
     0.000   -0.002    0.003   -0.002   -0.068    0.036   -0.028   -0.013
    -0.008    0.065    0.004   -0.066   -0.025   -0.015    0.032    0.941
     0.055    0.037   -0.025    0.002   -0.062   -0.023    0.014   -0.006
     0.060    0.012   -0.003    0.003

 (  9)
     0.062    0.018   -0.012   -0.178   -0.008    0.010    0.058   -0.014
     0.006    0.032   -0.011   -0.011    0.074    0.072    0.074   -0.172
    -0.112   -0.038   -0.011   -0.018    0.125    0.493   -0.017    0.028
     0.094   -0.090   -0.062    0.011    0.017   -0.134   -0.188    0.113
     0.030   -0.112    0.254    0.117

 ( 10)
     0.028    0.006   -0.015    0.003   -0.107   -0.016   -0.018    0.002
    -0.009    0.002    0.020   -0.001   -0.088    0.049    0.393   -0.372
     0.157   -0.042    0.216    0.024   -0.083   -0.052    0.315   -0.041
     0.056    0.096    0.348   -0.256   -0.005   -0.071    0.321    0.160
    -0.032   -0.020    0.068    0.031

 ( 11)
     0.011   -0.028   -0.016    0.025    0.006    0.004   -0.002    0.028
     0.017   -0.004    0.000    0.001   -0.096    0.062    0.425   -0.330
     0.322   -0.030    0.174    0.011   -0.180   -0.032   -0.023    0.005
    -0.047   -0.177   -0.426    0.280    0.043    0.104   -0.312   -0.281
     0.036    0.013   -0.032   -0.017

 ( 12)
    -0.021   -0.012   -0.018   -0.009    0.047   -0.024    0.039   -0.003
    -0.021   -0.002   -0.006    0.004    0.093    0.339    0.106   -0.105
    -0.203   -0.035    0.259   -0.123    0.287    0.059   -0.127   -0.023
    -0.163    0.385    0.006   -0.267   -0.179    0.401    0.024   -0.325
    -0.034    0.018   -0.048   -0.022

 ( 13)
    -0.046   -0.003   -0.022    0.043    0.002   -0.009   -0.042   -0.001
     0.021   -0.010    0.004    0.004    0.097    0.399    0.063   -0.025
    -0.306   -0.038    0.340   -0.149    0.387   -0.102    0.014   -0.014
     0.099   -0.299   -0.028    0.250    0.141   -0.306    0.010    0.237
     0.028    0.035   -0.081   -0.040

 ( 14)
     0.012    0.052    0.005    0.001   -0.122   -0.002   -0.007    0.050
     0.015    0.006    0.019   -0.013    0.010   -0.083   -0.174    0.086
    -0.297   -0.002   -0.046    0.013    0.174   -0.101    0.572   -0.033
    -0.019   -0.080   -0.225    0.038    0.019    0.177   -0.094   -0.336
     0.015   -0.044    0.126    0.059

 ( 15)
    -0.053   -0.031    0.030    0.003   -0.024   -0.020    0.088   -0.038
     0.056   -0.001    0.005   -0.004    0.085    0.163   -0.120    0.181
     0.163    0.060    0.235    0.030   -0.189   -0.094    0.221   -0.038
    -0.168    0.222   -0.241   -0.352    0.023   -0.306   -0.333    0.200
     0.105    0.002    0.004    0.005

 ( 16)
     0.070    0.053   -0.051    0.029    0.016    0.000    0.043   -0.031
     0.036   -0.014    0.004    0.008   -0.172   -0.277    0.201   -0.264
    -0.250   -0.097   -0.330   -0.043    0.291   -0.286   -0.097    0.000
    -0.134    0.155   -0.146   -0.177    0.014   -0.195   -0.180    0.144
     0.065    0.072   -0.159   -0.072

 ( 17)
     0.006   -0.039   -0.060   -0.025    0.067    0.080    0.003   -0.017
     0.006    0.047   -0.054   -0.055    0.021    0.107    0.089    0.130
     0.158   -0.059   -0.086   -0.106    0.108   -0.498    0.116    0.084
    -0.012    0.029    0.052    0.050   -0.026    0.045    0.043    0.022
     0.007   -0.200    0.432    0.239

 ( 18)
    -0.016    0.036   -0.025    0.000   -0.106   -0.043    0.010    0.051
     0.015    0.019    0.047    0.041   -0.077   -0.057   -0.004    0.136
    -0.032   -0.024    0.159    0.034   -0.021   -0.208   -0.614   -0.034
     0.085   -0.102   -0.042   -0.195    0.065   -0.066   -0.007   -0.134
     0.015   -0.131    0.325    0.157

 ( 19)
     0.033   -0.035    0.060   -0.046    0.052   -0.128    0.003   -0.012
     0.100    0.012   -0.004    0.010    0.192    0.103   -0.170   -0.295
    -0.056    0.049   -0.148    0.026   -0.123   -0.199    0.002   -0.137
    -0.083   -0.040   -0.146    0.062    0.072   -0.127    0.421   -0.180
     0.086   -0.026    0.065    0.032

 ( 20)
     0.056   -0.013   -0.058   -0.114   -0.023    0.027    0.054    0.043
     0.016   -0.017    0.019    0.016    0.143    0.188   -0.018    0.195
     0.227   -0.052   -0.075   -0.045    0.032   -0.280    0.010    0.025
     0.250   -0.214    0.105   -0.148    0.025    0.025    0.018   -0.160
     0.018    0.206   -0.416   -0.219

 ( 21)
     0.042    0.068    0.033   -0.057   -0.016   -0.001    0.033   -0.072
    -0.037   -0.014    0.013    0.006    0.078   -0.020   -0.183   -0.180
    -0.177    0.015    0.307    0.165   -0.244   -0.387   -0.063   -0.004
     0.011    0.091    0.160    0.359   -0.137    0.241   -0.207    0.198
    -0.021    0.016   -0.039   -0.001

 ( 22)
     0.006   -0.064    0.063    0.070    0.005    0.002    0.003    0.063
    -0.064    0.004   -0.003   -0.004    0.220    0.188   -0.174   -0.394
    -0.080    0.047   -0.275   -0.029   -0.047   -0.086   -0.021    0.000
     0.250   -0.181    0.179   -0.276    0.002    0.046   -0.389    0.034
    -0.049   -0.043    0.092    0.051

 ( 23)
    -0.067    0.052    0.029   -0.013    0.094   -0.004    0.068    0.042
     0.020    0.007   -0.095   -0.035   -0.249   -0.284    0.054   -0.054
    -0.207    0.025    0.308    0.098   -0.104   -0.050    0.082   -0.003
     0.274   -0.244    0.089   -0.227    0.039   -0.046    0.039   -0.159
     0.021   -0.008   -0.066   -0.011

 ( 24)
     0.100    0.056   -0.002    0.005   -0.011    0.110   -0.113    0.051
    -0.006    0.006   -0.075   -0.035    0.189    0.098   -0.176   -0.091
    -0.072   -0.016    0.198    0.116   -0.173    0.018   -0.137    0.110
    -0.208    0.084   -0.185   -0.214    0.102   -0.178    0.091   -0.059
    -0.020    0.020   -0.096   -0.024

 ( 25)
    -0.069   -0.075   -0.019   -0.010   -0.003    0.139    0.061   -0.037
    -0.017    0.009    0.121   -0.044   -0.035   -0.094   -0.137   -0.248
    -0.209   -0.032    0.036   -0.036   -0.139    0.001   -0.049    0.125
     0.009   -0.031   -0.140   -0.008   -0.010   -0.122    0.253   -0.133
    -0.029    0.072    0.011   -0.062

 ( 26)
     0.033    0.097    0.005    0.071   -0.001    0.027    0.079   -0.094
    -0.012   -0.146   -0.009   -0.016    0.094    0.207   -0.016    0.012
     0.154    0.006   -0.087    0.088    0.039    0.090   -0.017    0.024
     0.110   -0.173   -0.057   -0.045   -0.089   -0.069    0.153   -0.165
    -0.018   -0.193    0.110    0.103

 ( 27)
    -0.114    0.057   -0.015   -0.004   -0.079    0.028    0.096    0.087
    -0.014    0.019   -0.088    0.008   -0.019    0.208   -0.076   -0.192
     0.084   -0.018   -0.262    0.056   -0.006   -0.003   -0.087    0.025
    -0.020    0.249   -0.062    0.269    0.105   -0.014    0.160    0.113
    -0.017    0.042   -0.111    0.054

 ( 28)
     0.009   -0.004    0.039   -0.004   -0.008   -0.006   -0.006    0.001
     0.015   -0.013    0.023   -0.074   -0.008    0.142    0.281    0.179
    -0.221    0.041   -0.129    0.066   -0.168    0.003   -0.051   -0.013
    -0.010    0.204    0.317    0.164    0.117   -0.286   -0.171   -0.331
     0.018    0.199   -0.147    0.414

 ( 29)
    -0.003    0.001   -0.013    0.010   -0.006    0.011    0.005    0.001
     0.032    0.007   -0.010    0.008    0.001    0.258    0.320    0.193
    -0.374   -0.012   -0.216    0.124   -0.372    0.008    0.001    0.016
     0.005   -0.001    0.032    0.008   -0.007    0.057   -0.006    0.029
     0.033   -0.239    0.180   -0.573

 ( 30)
    -0.005    0.015    0.015    0.002   -0.001    0.008    0.000   -0.017
    -0.009    0.016   -0.007    0.017    0.004   -0.115   -0.182   -0.127
     0.229    0.014    0.103   -0.055    0.220   -0.011    0.009    0.013
    -0.014    0.224    0.328    0.183    0.120   -0.368   -0.170   -0.406
    -0.006   -0.181    0.144   -0.454

 ( 31)
     0.128   -0.023    0.015    0.103    0.021    0.021    0.121    0.105
     0.081    0.021    0.032   -0.031    0.114   -0.084   -0.029    0.098
     0.015    0.014    0.192   -0.036    0.053    0.133   -0.019    0.020
     0.103    0.138    0.086    0.184    0.097    0.121    0.090    0.148
     0.083    0.001    0.067   -0.025

 ( 32)
    -0.022    0.033    0.205   -0.028   -0.027    0.094   -0.018   -0.022
     0.075    0.026    0.011    0.011   -0.028    0.030    0.218    0.031
     0.110    0.209   -0.063    0.009    0.276   -0.081   -0.103    0.092
    -0.023   -0.067   -0.006   -0.059   -0.048    0.141    0.035    0.052
     0.073    0.028   -0.020   -0.061

 ( 33)
    -0.001   -0.097   -0.038    0.031   -0.122    0.001   -0.001   -0.105
     0.105    0.005   -0.099   -0.064    0.021   -0.108   -0.114   -0.067
    -0.049   -0.040    0.016   -0.112    0.007    0.097   -0.170    0.000
     0.022   -0.124    0.134    0.016   -0.121    0.155   -0.067   -0.058
     0.108    0.018   -0.110   -0.037

 ( 34)
     0.024   -0.063    0.067   -0.042   -0.045   -0.066    0.019    0.036
    -0.121   -0.056   -0.020   -0.135   -0.020   -0.120    0.106    0.104
     0.002    0.072    0.038   -0.084    0.129   -0.123   -0.112   -0.068
    -0.029    0.049   -0.218    0.034    0.018   -0.065    0.099    0.103
    -0.124   -0.088    0.001   -0.222

 ( 35)
     0.062    0.009    0.026    0.066   -0.024   -0.016    0.069   -0.094
    -0.109    0.149   -0.036    0.036    0.062    0.059    0.094    0.123
    -0.026    0.028    0.000    0.021   -0.009    0.006    0.013   -0.015
     0.071   -0.118   -0.140    0.006   -0.086   -0.149    0.130   -0.132
    -0.112    0.158   -0.062    0.007

 ( 36)
    -0.036    0.125   -0.038    0.023    0.023   -0.052   -0.028   -0.016
     0.032    0.082    0.067   -0.147    0.002    0.154   -0.100   -0.072
     0.203   -0.038   -0.083    0.100    0.034    0.060   -0.053   -0.054
     0.014   -0.091    0.022   -0.076   -0.045    0.106   -0.064    0.057
     0.034    0.115    0.008   -0.154


                VIBRATIONAL AMPLITUDE AND CENTRIFUGAL DISTORTION
                 CONTRIBUTIONS TO THE BOND LENGTH AT   298.16 K

                 Note: Excludes contributions from frequencies
                       lower than 40 (1/cm).

                R(e)   = r(mm4) - 1.5 * anh * <Z**2>(298.16)
                R(z)   = R(e) + 1.5 * anh * <Z**2>(0) - <K>(0))
                R(s)   = [R(e) + R(z)] / 2
                R(alp) = R(e) + 1.5 * anh * <Z**2>(T) - <K>(T) - <C>(T)
                R(g)   = R(e) + 1.5 * anh * <Z**2>(T)
                R(a)   = [R(g) + sqrt(R(g)**2-4*<Z**2>(T))] / 2

                       anh = anharmonicity (2.00)
                    <Z**2> = mean-square vibrational amplitude
                       <K> = perpendicular vibrational amplitude
                       <C> = centrifugal correction

        BOND          R(g)      R(z)      R(e)     R(alp)     R(s)      R(a)
    2( C)-  1( C)    1.5253    1.5233    1.5179    1.5228    1.5206    1.5237
    3( C)-  2( C)    1.5289    1.5269    1.5213    1.5263    1.5241    1.5273
    4( O)-  2( C)    1.4358    1.4337    1.4291    1.4330    1.4314    1.4343
    5( H)-  1( C)    1.1115    1.0938    1.0930    1.0925    1.0934    1.1059
    6( H)-  1( C)    1.1111    1.0936    1.0927    1.0922    1.0931    1.1056
    7( H)-  1( C)    1.1111    1.0933    1.0927    1.0920    1.0930    1.1055
    8( H)-  2( C)    1.1208    1.1102    1.1016    1.1100    1.1059    1.1150
    9( H)-  3( C)    1.1111    1.0936    1.0927    1.0922    1.0931    1.1056
   10( H)-  3( C)    1.1114    1.0937    1.0930    1.0924    1.0933    1.1058
   11( H)-  3( C)    1.1110    1.0934    1.0926    1.0920    1.0930    1.1054
   12( H)-  4( O)    0.9673    0.9388    0.9527    0.9381    0.9527    0.9622


                  Non-Bonded Atom Pair Distance Table
        (Distance greater than 82% of VDW distance are not printed)

        PAIR        Dist(g)   Dist(z)
    5( H),  4( O)    2.6129    2.6125       1,4
    6( H),  3( C)    2.7937    2.7850       1,4
    6( H),  4( O)    2.6302    2.6276       1,4
    7( H),  3( C)    2.8058    2.7976       1,4
    8( H),  5( H)    2.5184    2.5095       1,4
    8( H),  7( H)    2.5441    2.5322       1,4
    9( H),  4( O)    2.7548    2.7434       1,4
    9( H),  8( H)    2.5315    2.5216       1,4
   10( H),  1( C)    2.7858    2.7781       1,4
   10( H),  7( H)    2.6079    2.6100          
   10( H),  8( H)    2.5455    2.5329       1,4
   11( H),  1( C)    2.8019    2.7920       1,4
   11( H),  4( O)    2.7047    2.6968       1,4
   11( H),  6( H)    2.6126    2.6113          
   12( H),  3( C)    2.5312    2.5143       1,4
   12( H),  8( H)    2.3919    2.3745       1,4
   12( H),  9( H)    2.4340    2.4284          


         THE MOMENTS OF INERTIA CALCULATED FROM R(g), R(z) VALUES
                  (also from R(e), R(alpha), R(s) VALUES)

         Note: (1) All calculations are based on principle isotopes.
               (2) R(z) values include harmonic vibration (Coriolis)
                   contribution indicated in parentheses.


   (1)  UNIT = 10**(-39) GM*CM**2

                    IX                   IY                   IZ

   R(e)         9.6215              10.3377              17.3759
   R(z)         9.6882(-0.0043)     10.4328(-0.0004)     17.5469( 0.0004)

   (2)  UNIT = AU A**2

                    IX                   IY                   IZ

   R(e)        57.9484              62.2622             104.6514
   R(z)        58.3500(-0.0258)     62.8345(-0.0023)    105.6814( 0.0026)


 ==============================================================================
                      STATISTICAL THERMODYNAMICS ANALYSIS
 ==============================================================================

  Structure name    : 2-propanol-g                                                
  Temperature       :   298.16 K
  Symmetry number   :   1
  Optical isomers   :   2
  Zero Point Energy :   65.753 Kcal/mol


                     ENERGY** ENTHALPY**  ENTROPY  FREE ENERGY** HEAT CAPACITY**
                  (Kcal/mol) (Kcal/mol)     (eu)   (Kcal/mol)    (cal/mol/deg)
  Translational       0.889      0.889     38.202    -10.501         2.981
     Rotational       0.889      0.889     24.403     -6.387         2.981
    Vibrational*     67.518%    67.518%     9.475     64.693%       13.330
         PV(RT)       0.000      0.593      0.000      0.593         1.987
      Potential       0.447#     0.447#     0.000      0.447#        0.000
         Mixing       0.000      0.000      1.377     -0.411         0.000
          Total*     69.743     70.335     73.457     48.433        21.279

  Enthalpy Function (H-Ho)/T     =   13.87 cal/mol/deg
  Free Energy Function -(G-Ho)/T =   59.59 cal/mol/deg

  % Includes zero point energy (ZPE).
  * Excludes contribution from frequencies lower than 10 (1/cm).
  # Includes steric energy (SE).
    Internal rotation contributions are not considered
 ** These quantities are relative to the R(e) values (
    bottom of potential well) and do NOT include bonding

  This structure has   0 imaginary frequencies,
                       0 free internal rotation (fir) frequencies
                         (>= 0,< 10 /cm),
                       0 restricted internal rotation (rir) frequencies
                         (>= 10,< 40 /cm),
                       6 zero frequencies, and
                      30 real frequencies.


      FINAL STERIC ENERGY IS                0.4471 KCAL/MOL.


                  COMPRESSION               0.1134
                  STRETCH-STRETCH           0.0000
                  BENDING                   0.7982
                  BEND-BEND                -0.0003
                  STRETCH-BEND              0.0411
                  VANDERWAALS
                    1,4 ENERGY              1.1201
                    OTHER                   0.1605
                  H-BONDING                 0.0000
                  PI-COMPLX                 0.0000
                  TORSIONAL                -0.1450
                  TORSION-STRETCH          -0.1057
                  TORSION-BEND             -1.2127
                  BEND-TORSION-BEND        -0.0406
                  TORSION-IMPT              0.0000
                  IMPT-TORSION-IMPT         0.0000
                  TORSION-TORSION          -0.0052
                  DIPOLE-DIPOLE             0.0000
                  CHARGE-DIPOLE             0.0000
                  IND-DIP CORR.            -0.2766
                  CHARGE-CHARGE             0.0000


      MOLECULAR POLARIZABILITIES (A**3)

        ALPHA(1)   =       7.87
        ALPHA(2)   =       8.11
        ALPHA(3)   =       6.87
        AVG. ALPHA =       7.62


      DIPOLE MOMENT =          1.7102 D

        SIGMA-DIPOLE MOMENT =  1.7102 (X =  1.5207    Y = -0.2454    Z = -0.7429)


      DIPOLE MOMENT =          1.6093 D (INCLUDES INDUCED BOND MOMENTS)

        SIGMA-DIPOLE MOMENT =  1.6093 (X =  1.4539    Y = -0.3811    Z = -0.5752)


      OTHER MOLECULAR PROPERTIES:

        Molar Polarizability:    19.4587 cm**3/mole
        Molar Refraction:        19.2035 cm**3/mole
        Radius of Gyration:       1.9506 A
        Molecular VDW Surface:  138.2121 A**2
        Molecular VDW Volume:   114.8419 A**3
        Dispersion Energy:       -5.4980 Kcal/mole
        Density (gas):          0.002454 g/cm**3 (@  298.2 K, 1 atm)
        Density (cdn):            0.7452 g/cm**3 (@STP Estd.)
        Ref. Index (gas):       1.001178 (@  298.2 K, 1 atm)
        Ref. Index (cdn):         1.3927 (@STP Estd.)
        Diel. Constant (gas):     1.0082 (@  298.2 K, 1 atm)
        Diel. Constant (cdn):    15.8395 (@STP Estd.)



      TOTAL ATOMIC CHARGE ON EACH ATOM (in ELECTRON CHARGE)

           C(    1):         -0.004
           C(    2):          0.199
           C(    3):         -0.027
           O(    4):         -0.572
           H(    5):          0.007
           H(    6):          0.007
           H(    7):          0.005
           H(    8):         -0.008
           H(    9):          0.006
           H(   10):          0.005
           H(   11):          0.006
           H(   12):          0.375

      -----------------------------------------------------------------

        END OF 2-propanol-g                                                


           TOTAL CPU TIME IS      0.07 SECONDS.

           THIS JOB COMPLETED AT    20:04:12
