 
               ---------------------------------------------
               WARNING : INCORRECT ATOM TYPES GIVEN IN INPUT
                         DATA ARE CORRECTED AS FOLLOWS
               ---------------------------------------------


             Atom type of atom    1 is replaced by   3 (was   0)
             Atom type of atom    2 is replaced by   1 (was   0)
             Atom type of atom    3 is replaced by  75 (was   0)
             Atom type of atom    4 is replaced by  77 (was   0)
             Atom type of atom    5 is replaced by   6 (was   0)
             Atom type of atom    6 is replaced by   5 (was   0)
             Atom type of atom    7 is replaced by   5 (was   0)
             Atom type of atom    8 is replaced by  24 (was   0)
             Atom type of atom    9 is replaced by  21 (was   0)
 
     glycolic acid-cis                                           

               CHEMICAL FORMULA :  C(    2)  H(    4)  O(    3) 
               FORMULA WEIGHT   :     76.017
                                                               DATE 31-MAY-23
                                                               TIME  09:29:22


          THE COORDINATES OF     9 ATOMS ARE READ IN.
          SOME CONSTANTS WILL BE READ IN.

      CONFORMATIONAL ENERGY, PART 1:  GEOMETRY AND STERIC ENERGY
                                      OF INITIAL CONFORMATION.


      CONNECTED ATOMS
          1-    2-    5-
          1-    3-

      ATTACHED ATOMS
          1-    4,    2-    6,    2-    7,    3-    8,    5-    9,

      INITIAL ATOMIC COORDINATES
           ATOM          X           Y           Z      TYPE
         C(    1)    -1.03343     0.42446     0.00003   (  3)
         C(    2)     0.23952    -0.31739     0.00008   (  1)
         O(    3)    -2.18532    -0.29485    -0.00003   ( 75)
         O(    4)    -1.03768     1.68041     0.00005   ( 77)
         O(    5)     1.37468     0.55662    -0.00010   (  6)
         H(    6)     0.26960    -0.95300     0.88929   (  5)
         H(    7)     0.26953    -0.95328    -0.88890   (  5)
         H(    8)    -2.95951     0.31263    -0.00034   ( 24)
         H(    9)     2.18259    -0.00558    -0.00004   ( 21)

        %=%=%=%=%=%=%=%=%=%=%=%=%=%=%=%=%=%=%=%=%=%=%=%=%=%=%=

        MM4(08)-v010108: (Const:V010108-00)

        The Parameters Used in This Calculation Can be Found
        in the Publication(s) Listed in the PART 3

        %=%=%=%=%=%=%=%=%=%=%=%=%=%=%=%=%=%=%=%=%=%=%=%=%=%=%=


          DIELECTRIC CONSTANT =  1.500


      INITIAL STERIC ENERGY IS             14.8501 KCAL/MOL.

                  COMPRESSION               1.9274
                  STRETCH-STRETCH          -0.0729
                  BENDING                   2.6910
                  BEND-BEND                -0.0155
                  STRETCH-BEND             -0.0672
                  VANDERWAALS
                    1,4 ENERGY              0.7693
                    OTHER                  -0.0565
                  H-BONDING                -0.1544
                  PI-COMPLX                 0.0000
                  TORSIONAL                13.9620
                  TORSION-STRETCH          -0.3664
                  TORSION-BEND             -0.3936
                  BEND-TORSION-BEND        -0.0462
                  TORSION-IMPT              0.0000
                  IMPT-TORSION-IMPT         0.0000
                  TORSION-TORSION           0.0000
                  DIPOLE-DIPOLE            -0.8347
                  CHARGE-DIPOLE             0.0000
                  IND_DIP CORR.            -2.4923
                  CHARGE-CHARGE             0.0000


      MOMENT OF INERTIA ( R(g) ) WITH THE PRINCIPAL AXES

          (1)  UNIT = 10**(-39) GM*CM**2
               IX=    7.6176    IY=   21.9931    IZ=   29.0815

          (2)  UNIT = AU A**2
               IX=   45.8809    IY=  132.4642    IZ=  175.1578


      MOLECULAR POLARIZABILITIES (A**3)

        ALPHA(1)   =       6.32
        ALPHA(2)   =       7.30
        ALPHA(3)   =       4.37
        AVG. ALPHA =       5.99


      DIPOLE MOMENT =          3.4173 D

        SIGMA-DIPOLE MOMENT =  3.4173 (X = -1.0751    Y =  3.2438    Z =  0.0000)


      DIPOLE MOMENT =          3.1105 D (INCLUDES INDUCED BOND MOMENTS)

        SIGMA-DIPOLE MOMENT =  3.1105 (X = -0.2668    Y =  3.0990    Z =  0.0003)


      OTHER MOLECULAR PROPERTIES:

        Molar Polarizability:    16.0692 cm**3/mole
        Molar Refraction:        15.1156 cm**3/mole
        Radius of Gyration:       2.1567 A
        Molecular VDW Surface:  109.0716 A**2
        Molecular VDW Volume:    93.0027 A**3
        Dispersion Energy:       -2.9025 Kcal/mole
        Density (gas):          0.003108 g/cm**3 (@  298.2 K, 1 atm)
        Density (cdn):            1.1721 g/cm**3 (@STP Estd.)
        Ref. Index (gas):       1.000927 (@  298.2 K, 1 atm)
        Ref. Index (cdn):         1.3827 (@STP Estd.)
        Diel. Constant (gas):     1.0239 (@  298.2 K, 1 atm)
        Diel. Constant (cdn):    68.4445 (@STP Estd.)



      CPU TIME FOR INITIAL CALCULATION IS     0.03 SECONDS.
 


     glycolic acid-cis                                           


     CONFORMATIONAL ENERGY, PART 2: GEOMETRY MINIMIZATION

               GEOMETRY OPTIMIZATION IS CONTINUED UNTIL ATOM
               MOVEMENT CONVERGES WITHIN FOLLOWING VALUES:

                         AVERAGE MOVEMENT  0.00009 A
                         MAXIMUM MOVEMENT  0.00090 A



     <<<<<<<<<<<<<<<<<<<<<<<<<<  C Y C L E   1 >>>>>>>>>>>>>>>>>>>>>>>>>>

                              (CH)-MOVEMENT = 0

     ITER    1  AVG. MOVE = 0.01704 A  (MAX MOVE: ATOM     8   0.10023 A)
     ITER    2  AVG. MOVE = 0.00446 A  (MAX MOVE: ATOM     5   0.01914 A)
     ITER    3  AVG. MOVE = 0.00276 A  (MAX MOVE: ATOM     6   0.00993 A)
     ITER    4  AVG. MOVE = 0.00184 A  (MAX MOVE: ATOM     5   0.00608 A)
     ITER    5  AVG. MOVE = 0.00123 A  (MAX MOVE: ATOM     4   0.00453 A)
     ITER    6  AVG. MOVE = 0.00085 A  (MAX MOVE: ATOM     4   0.00348 A)
     ITER    7  AVG. MOVE = 0.00061 A  (MAX MOVE: ATOM     4   0.00273 A)
     ITER    8  AVG. MOVE = 0.00045 A  (MAX MOVE: ATOM     4   0.00217 A)
     ITER    9  AVG. MOVE = 0.00035 A  (MAX MOVE: ATOM     4   0.00176 A)
     ITER   10  AVG. MOVE = 0.00027 A  (MAX MOVE: ATOM     4   0.00145 A)
     ITER   11  AVG. MOVE = 0.00022 A  (MAX MOVE: ATOM     4   0.00120 A)
     ITER   12  AVG. MOVE = 0.00019 A  (MAX MOVE: ATOM     4   0.00101 A)
     ITER   13  AVG. MOVE = 0.00016 A  (MAX MOVE: ATOM     4   0.00086 A)
     ITER   14  AVG. MOVE = 0.00014 A  (MAX MOVE: ATOM     4   0.00074 A)
     ITER   15  AVG. MOVE = 0.00012 A  (MAX MOVE: ATOM     4   0.00066 A)
     ITER   16  AVG. MOVE = 0.00011 A  (MAX MOVE: ATOM     4   0.00058 A)
     ITER   17  AVG. MOVE = 0.00009 A  (MAX MOVE: ATOM     4   0.00052 A)
     ITER   18  AVG. MOVE = 0.00008 A  (MAX MOVE: ATOM     4   0.00046 A)


              * * * * * * * * * GEOMETRY IS OPTIMIZED * * * * * * * * *

               WITHIN : AVERAGE MOVEMENT  0.00008 A (LIMIT  0.00009 A)
                        MAXIMUM MOVEMENT  0.00046 A (LIMIT  0.00090 A)

               GRADIENT
                 RMS GRADIENT                  0.027699 KCAL/MOL/A

                 MAX GRADIENT
                   X-DIRECTION : ATOM #    1   0.073275 KCAL/MOL/A
                   Y-DIRECTION : ATOM #    2   0.059706 KCAL/MOL/A
                   Z-DIRECTION : ATOM #    6   0.014884 KCAL/MOL/A

        DELTA TIME =    0.00 SEC.       TOTAL CPU TIME =      0.04 SEC.


                            =====================
                            FULL-MATRIX OPTIMIZER
                            =====================


     iter.  rms force   max force   avg. move    max move  atom  convg  d-time

        0    0.039462    0.120461   0.00056 A   0.00386 A    7    [N]     0.0s
        1    0.000973    0.002203   0.00000 A   0.00002 A    6    [N]     0.0s
        2    0.000045    0.000139                                 [Y]     0.0s


      TOTAL ENERGY IS      9.6806 KCAL/MOL.

        COMPRESS    0.2847      VDW 1,4    0.5631      DIPL-DIPL   -1.5253
        STR-STR    -0.0152        OTHER   -0.0589      CHRG-DIPL    0.0000
        BENDING     1.4065      TORSION   13.7818      CHRG-CHRG    0.0000
        BEND-BEND  -0.0412      TOR-STR   -0.2383      EPR          0.0000
        STR-BEND   -0.1261      TOR-BEND  -1.5833      TOR-BENBEN  -0.0417
        TOR-IMPT    0.0000      TOR-IPIP   0.0000      TORS-TORS    0.0000
        IND-DIP    -2.5138      H-BOND    -0.2116      PI-COMPLX    0.0000
0     DELTA(T) =     0.0 SEC.          ELAPSED TIME =     0.0 SEC.


    * * * ENERGY IS STATIONARY WITHIN RMS OF FORCES   0.00010  Kcal/mol/A * * *

                 * * * *  RMS FORCE IS   0.00005 Kcal/mol/A * * * *

 
     glycolic acid-cis                                           


     %=%=%=%=%=%=%=%=%=%=%=%=%=%=%=%=%=%=%=%=%=%=%=%=%=%=%=%=%=%=%=%=%=%=%=

     The Parameters Used in This Calculation Can be Found in the Following
     Publication(s):

     The MM4 Program is Developed by Dr. N. L. Allinger and co-workers at  
     the University of Georgia, Athens, Georgia 30602-2556 USA.            
     (c) Copyright 2003 by N. L. Allinger. All rights reserved.            
                                                                           
     MM4 General Description and Alkanes:                                  
      Allinger,N.L.; Chen,K.; Lii,J.-H. J. Comput. Chem. 1996, 17, 642.    
     Acids/Esters:                                                         
      Lii,J.-H. J. Phys. Chem. A 2002, 106, 8667.                          
     Alcohols/Ethers:                                                      
      Allinger,N.L.; Chen,K.-H.; Lii,J.-H.; Durkin,K., J. Comput. Chem.    
      2003, 24, 1447.                                                      
      Lii,J.-H.; Chen,K.-H.; Durkin,K.; Allinger,N.L., J. Comput. Chem.    
      2003, 24, 1473.                                                      
      Lii,J.-H.; Chen,K.-H.; Grindley,T.B.; Allinger,N.L., J. Comput. Chem.
      2003, 24, 1490.                                                      
      Lii,J.-H.; Chen,K.-H.; Allinger,N.L., J. Comput. Chem. 2003, 24,     
      1504.                                                                
      Lii,J.-H.; Chen,K.-H.; Allinger,N.L., J. Phys. Chem. A 2004, 108,    
      3006.                                                                
     Aldehydes/Ketones:                                                    
      Langley,C.H.; Lii,J.-H.; Allinger,N.L. J. Comput. Chem. 2001, 22,    
      1396, 1426, 1451, 1476.                                              
      Langley,C.H.; Lii,J.-H.; Allinger,N.L. J. Comput. Chem. 2003, 24,    
      1283.                                                                

     %=%=%=%=%=%=%=%=%=%=%=%=%=%=%=%=%=%=%=%=%=%=%=%=%=%=%=%=%=%=%=%=%=%=%=

               CHEMICAL FORMULA :  C(    2)  H(    4)  O(    3) 
               FORMULA WEIGHT   :     76.017
                                                               DATE : 31-MAY-23

           * M M 4 * * * * * * * * * * * 2 0 0 8 *
           *                                     *   PARAMETER RELIABILITY
           *                                     *
           *                                     *   BLANK = GOOD
           *                                     *       B = FAIR
           *                                     *       C = TRIAL
           *                                     *       R = READ IN
           *                                     *       S = SUBSTITUTED
           *                                     *       U = PARAMETER NOT EXIST
           *                                     *
           *                                     *   THIS IS SHOWN AT THE END 
           *                                     *   OF THE LINE.
           * * * * * * * * * * * * * * * * * * * * 


      CONFORMATIONAL ENERGY, PART 3:  GEOMETRY AND STERIC ENERGY
                                      OF FINAL CONFORMATION.

      CONNECTED ATOMS
          1-    2-    5-
          1-    3-

      ATTACHED ATOMS
          1-    4,    2-    6,    2-    7,    3-    8,    5-    9,

      FINAL ATOMIC COORDINATE
           ATOM          X           Y           Z      TYPE
         C(    1)     0.50113    -0.07731     0.00000   (  3)
         C(    2)    -0.76242     0.74609     0.00000   (  1)
         O(    3)     1.60423     0.71007     0.00000   ( 75)
         O(    4)     0.57608    -1.28953     0.00000   ( 77)
         O(    5)    -1.87171    -0.12907     0.00000   (  6)
         H(    6)    -0.72998     1.40102     0.89609   (  5)
         H(    7)    -0.72998     1.40102    -0.89609   (  5)
         H(    8)     2.36265     0.08695     0.00000   ( 24)
         H(    9)    -2.68755     0.38869     0.00000   ( 21)


          DIELECTRIC CONSTANT =  1.500


      BOND LENGTHS AND STRETCHING ENERGY   (    8 BONDS)

        ENERGY = 71.94(KS)(DR)(DR)(1-(CS)(DR)+(7/12)((CS)(DR))**2)-
                       (1/4)((CS)(DR))**3)+(31/360)((CS)(DR))**4))
                         DR =  R-RO
                         CS =  3.000 FOR X-Y BONDS
                            =  2.200 FOR X-H BONDS
                                                            R(0)-CORR        CORR
             BOND          R(g)    R(0)    K(S)  ENERGY   E-NEG  MISCEL       KS
      C(    1)- C(    2)  1.5082  1.4908  4.218  0.0871 -0.0267             0.318  
      C(    1)- O(    3)  1.3553  1.3629  4.800  0.0207  0.0285                    
      C(    1)- O(    4)  1.2145  1.2069 10.500  0.0431  0.0110                    
      C(    2)- O(    5)  1.4129  1.4293  4.900  0.0985  0.0103                    
      C(    2)- H(    6)  1.1104  1.1037  4.920  0.0157 -0.0083             0.250  
      C(    2)- H(    7)  1.1104  1.1037  4.920  0.0157 -0.0083             0.250  
      O(    3)- H(    8)  0.9816  0.9790  7.250  0.0034                            
      O(    5)- H(    9)  0.9663  0.9670  7.580  0.0003                            


      NON-BONDED DISTANCES, VDW AND EPR ENERGY   (    17 PAIRS)

              E(VDW) = KV*(1.84(10**5)EXP(-12.00/P) - 2.25(P**6))
              E(EPR) = C*KV*(1.84(10**5)EXP(-12.00/Q) - 2.25(Q**6))
              E(HBD) = EP1-EP2*F(THET1,THET2)*RTH/RTH0
                            EP1 = KHB*2.76(10**5)*EXP(-12.0/P)
                            EP2 = KHB*2.25(P**6)
                              F = FAC*(1+COS(THET1)^N*(1+COS(THET2))^N

            IF P > 3.020, THEN,
              E(VDW) = KV(192.270)(P**2)
              E(HBD) = EP1-EP2*F(THET1,THET2)*RTH/RTH0
                            EP1 = KHB*569.14*P**2
                            EP2 = KHB*187.16*P**2

                       RV = RVDW(I) + RVDW(K)
                       KV = SQRT(EPS(I)*EPS(K))
                      KHB = HYDROGEN BOND ENERGY PARAMETER
                        P = (RV/R) OR (RV/R#)
                        C = SCALE FACTOR
                        Q = RV/R, WHERE R IS MODIFIED DISTANCE
                        N = 1 WHEN Y IS NITROGEN, AND 2 FOR OTHERS
                      FAC = 1/4 WHEN N=1, AND 1/16 WHEN N=2
                    THET1 = ANGLE H-X-Y IN HYDROGEN BOND X-H...Y
                    THET2 = ANGLE X-Y-LP IN HYDROGEN BOND X...Y-LP
                      RTH = BOND LENGTH X-H IN X-H...Y
                     RTH0 = NATURAL BOND LENGTH X-H

          # IN THE VDW CALCULATIONS THE HYDROGEN ATOMS ARE RELOCATED
          SO THAT THE ATTACHED HYDROGEN DISTANCE IS REDUCED BY 0.940

          # IN THE VDW CALCULATIONS THE DEUTERIUM ATOMS ARE RELOCATED
          SO THAT THE ATTACHED DEUTERIUM DISTANCE IS REDUCED BY  0.940

           ATOM PAIR          R       R#       RV      KV       ENERGY
      C(    1), O(    5)   2.3734
      C(    1), H(    6)   2.1223
      C(    1), H(    7)   2.1223
      C(    1), H(    8)   1.8688
      C(    1), H(    9)   3.2225   3.1697   3.540   0.0302    -0.0121  1,4    
      C(    2), O(    3)   2.3669
      C(    2), O(    4)   2.4363
      C(    2), H(    8)   3.1938   3.1417   2.860   0.0236    -0.0220  1,4   C
      C(    2), H(    9)   1.9580
      O(    3), O(    4)   2.2484
      O(    3), O(    5)   3.5758            3.520   0.0600    -0.0668  1,4    
      O(    3), H(    6)   2.5940   2.5674   2.850   0.1200    -0.0593  1,4    
      O(    3), H(    7)   2.5940   2.5674   2.850   0.1200    -0.0593  1,4    
      O(    3), H(    9)   4.3038   4.2574   3.360   0.0310    -0.0154         
      O(    4), O(    5)   2.7089            3.520   0.0600     0.4273  1,4    
      O(    4), H(    6)   3.1222   3.0740   2.850   0.1200    -0.1187  1,4    
      O(    4), H(    7)   3.1222   3.0740   2.850   0.1200    -0.1187  1,4    
      O(    4), H(    8)   2.2553   2.2428   1.620   4.1330    -0.2088   *H   C
      O(    4), H(    9)   3.6698   3.6121   3.360   0.0310    -0.0309         
      O(    5), H(    6)   2.1090
      O(    5), H(    7)   2.1090
      O(    5), H(    8)   4.2399   4.1965   2.140   2.2000    -0.0028    H   C
      H(    6), H(    7)   1.7922
      H(    6), H(    8)   3.4777   3.3967   2.540   0.0160    -0.0060        C
      H(    6), H(    9)   2.3791   2.3137   3.240   0.0165     0.2963  1,4    
      H(    7), H(    8)   3.4777   3.3967   2.540   0.0160    -0.0060        C
      H(    7), H(    9)   2.3791   2.3137   3.240   0.0165     0.2963  1,4    
      H(    8), H(    9)   5.0592   4.9612   2.500   0.0155    -0.0006        C


      BOND ANGLES, BENDING AND STRETCH-BEND ENERGIES   (   11 ANGLES)

          EB = 0.02191418(KB)(DT)(DT)(1+CF*DT+QF*DT**2+PF*DT**3+SF*DT**4)
                          DT = THETA-TZERO
                          CF = -1800.000E-5
                          QF =     7.200E-5
                          PF =     0.135E-5
                          SF =     0.004E-6
          ESS =  143.88(KSTST)(DR1)(DR2)
          ESB =  2.51118(KSB)(DT)(DR1+DR2)
          EBB = -0.02191418(KBB)(DT1)(DT2)
                          DR1 = R1 - R1(0)
                          DR2 = R2 - R2(0)

               A T O M S             THETA    TZERO     KB     EB    KSB   ESB   KSS   ESS
      C(    2)- C(    1)- O(    3)  111.391  112.700  1.850  0.0711             0.90-0.0172
          OUT-PL    1-    4-    1     0.000           9.500  0.0000                          
      C(    2)- C(    1)- O(    4)  126.628  126.900  0.900  0.0015             0.50 0.0096
          OUT-PL    1-    3-    1     0.000           9.500  0.0000                          
      O(    3)- C(    1)- O(    4)  121.980  121.300  1.620  0.0162 0.10 0.0000 0.50-0.0042  
          OUT-PL    1-    2-    1     0.000           6.350  0.0000                          
      C(    1)- C(    2)- O(    5)  108.638  107.500  0.950  0.0264 0.14 0.0004             C
      C(    1)- C(    2)- H(    6)  107.310  107.200  0.680  0.0002 0.21 0.0014-0.10-0.0017  
      C(    1)- C(    2)- H(    7)  107.310  107.200  0.680  0.0002 0.21 0.0014-0.10-0.0017  
      O(    5)- C(    2)- H(    6)  112.847  107.200  0.870  0.5477 0.36-0.0490              
      O(    5)- C(    2)- H(    7)  112.847  107.200  0.870  0.5477 0.36-0.0490              
      H(    6)- C(    2)- H(    7)  107.608  108.950  0.540  0.0218                          
      C(    1)- O(    3)- H(    8)  105.075  106.700  0.630  0.0375                          
      C(    2)- O(    5)- H(    9)  109.328  106.400  0.765  0.1362 0.25-0.0313              


     DIHEDRAL ANGLES, TORSIONAL ENERGY (ET)   (    11 ANGLES)

           ET = (V1/2)(1+COS(W))+(V2/2)(1-COS(2W))+(V3/2)(1+COS(3W))+
                                 (V4/2)(1-COS(4W))+(V6/2)(1+COS(6W))
         EBTB =  0.043828*(KBTB)(DTH1)(COS(W))(DTH2)
         ETS1 = -0.5*(RC-RC0)[KTSC1*(1+COS(W))+KTSC2*(1-COS(2W))+KTSC3*(1+COS(3W))]
         ETS2 = -0.5*(RT-RT0)[KTST1*(1+COS(W))+KTST2*(1-COS(2W))+KTST3*(1+COS(3W))]
          ETB =  2.51124*(DTH)[KTB1(1+COS(W))+KTB2*(1-COS(2W))+KTB3*(1+COS(3W))]
                      RC   = CENTRAL BOND LENGTH
                      RT   = TERMINAL BOND LENGTH
                      DTH1 = THETA1 - TZERO1
                      DTH2 = THETA2 - TZERO2

           SIGN OF ANGLE A-B-C-D : WHEN LOOKING THROUGH B TOWARD C,
           IF D IS COUNTERCLOCKWISE FROM A, NEGATIVE.

                A T O M S                OMEGA    V1     V2     V3     V4     V6     E    KBTB   EBTB
    C(    1) C(    2) O(    5) H(    9)  180.0  0.000  0.000  0.200  0.000  0.000  0.000              C
       TYPE-1-TS                         0.000  0.000  1.559                       0.000
    C(    2) C(    1) O(    3) H(    8)  180.0  1.299  4.768  1.158 -0.127  0.140  0.140               
       TYPE-1-TS                        -1.000 11.000  0.000                       0.000
       TYPE-2-TS    4.800  0.000  0.000                      -2.100 -1.500  0.000  0.000
       TORS-BEND   -0.049  0.000  0.000                      -0.014 -0.006  0.000  0.000
    O(    3) C(    1) C(    2) O(    5)  180.0  0.492  4.189  0.454  0.549 -0.024 -0.024              C
       TYPE-1-TS                        -1.000  3.500  0.500                       0.000
       TYPE-2-TS    0.000  0.000  0.000                       3.000  3.000  0.000  0.000
       TORS-BEND   -0.045  0.000  0.000                      -0.010  0.000  0.000  0.000
    O(    3) C(    1) C(    2) H(    6)  -57.7  1.699  2.689  0.188  0.612  0.010  3.735 -0.060  0.000 
       TYPE-1-TS                         0.000  0.000  0.020                       0.000
       TORS-BEND    0.000  0.000 -0.003                      -0.006 -0.001  0.000 -0.003
    O(    3) C(    1) C(    2) H(    7)   57.7  1.699  2.689  0.188  0.612  0.010  3.735 -0.060  0.000 
       TYPE-1-TS                         0.000  0.000  0.020                       0.000
       TORS-BEND    0.000  0.000 -0.003                      -0.006 -0.001  0.000 -0.003
    O(    4) C(    1) C(    2) O(    5)    0.0  0.360  4.347  0.090  0.636  0.000  0.450              C
       TYPE-1-TS                         1.000  3.500  1.000                      -0.035
       TORS-BEND    0.000  0.000  0.000                       0.006  0.000  0.000  0.034
    O(    4) C(    1) C(    2) H(    6)  122.3  1.654  3.380  0.029  0.494 -0.121  3.113 -0.060  0.000 
       TYPE-1-TS                         0.000  0.000  0.020                       0.000
       TYPE-2-TS    0.000  0.000  0.000                      -2.000  3.500  0.000 -0.014
       TORS-BEND    0.000  0.000 -0.002                       0.005 -0.001  0.000  0.003
    O(    4) C(    1) C(    2) H(    7) -122.3  1.654  3.380  0.029  0.494 -0.121  3.113 -0.060  0.000 
       TYPE-1-TS                         0.000  0.000  0.020                       0.000
       TYPE-2-TS    0.000  0.000  0.000                      -2.000  3.500  0.000 -0.014
       TORS-BEND    0.000  0.000 -0.002                       0.005 -0.001  0.000  0.003
    O(    4) C(    1) O(    3) H(    8)    0.0  0.007  4.998  0.802 -0.049 -0.116  0.693               
       TYPE-1-TS                         1.000 11.000  0.000                       0.008
       TYPE-2-TS   11.600 -6.900  0.000                       2.300 -1.600  0.000 -0.095
       TORS-BEND   -0.046  0.000  0.000                       0.004 -0.006  0.000 -0.190
    H(    6) C(    2) O(    5) H(    9)   61.1 -0.267 -0.552  0.336  0.000  0.035 -0.586 -0.060 -0.021 
       TYPE-1-TS                         0.000  0.000  1.559                       0.000
       TYPE-2-TS    0.000  8.599  0.000                       0.000  0.000  0.000 -0.044
       TORS-BEND   -0.013 -0.020 -0.004                       0.015 -0.015  0.000 -0.714
    H(    7) C(    2) O(    5) H(    9)  -61.1 -0.267 -0.552  0.336  0.000  0.035 -0.586 -0.060 -0.021 
       TYPE-1-TS                         0.000  0.000  1.559                       0.000
       TYPE-2-TS    0.000  8.599  0.000                       0.000  0.000  0.000 -0.044
       TORS-BEND   -0.013 -0.020 -0.004                       0.015 -0.015  0.000 -0.714

     DIPOLE-DIPOLE INTERACTION ENERGY  (DIELECTRIC CONSTANT = 1.50)

          E = 14.388*MU1*MU2*(COSX-3*COSA*COSB)/(R12**3*DIELC)

               MU1 = BOND MOM OF BOND 1
               MU2 = BOND MOM OF BOND 2
               R12 = DISTANCE BETWEEN MID-POINTS OF TWO BONDS.

          BOND(1)         MU1           BOND(2)         MU2      R12        E
     C(    1)- C(    2) -0.925   + O(    3)- H(    8) -0.890   2.1151    0.7182       
     C(    1)- C(    2) -0.925   + O(    5)- H(    9) -1.660   2.1587   -1.2497       
     C(    1)- O(    3)  0.620   + C(    2)- O(    5)  1.160   2.3698    0.4809       
     C(    1)- O(    3)  0.620   + O(    5)- H(    9) -1.660   3.3375   -0.4476       
     C(    1)- O(    4)  2.000   + C(    2)- O(    5)  1.160   2.1041    2.8672       
     C(    1)- O(    4)  2.000   + O(    3)- H(    8) -0.890   1.8050   -3.1155       
     C(    1)- O(    4)  2.000   + O(    5)- H(    9) -1.660   2.9332   -0.4802       
     C(    2)- O(    5)  1.160   + O(    3)- H(    8) -0.890   3.3017   -0.4409       
     O(    3)- H(    8) -0.890   + O(    5)- H(    9) -1.660   4.2715    0.1422       


 ==============================================================================
                        NORMAL MODE VIBRATIONAL ANALYSIS
 ==============================================================================


             Molecular Shape : ASYMMETRIC ROTOR WITH KAPPA =-0.738027
        Symmetry Point Group : Cs  
             Symmetry Number :  1
                   Chirality :  no



0       FUNDAMENTAL NORMAL VIBRATIONAL FREQUENCIES
                ( THEORETICALLY  21 VALUES )

             Frequency :  in 1/cm
             A(i)      :  IR intensity (vs,s,m,w,vw,-- or in 10**6 cm/mole)
             A(i) = -- :  IR inactive


             no       Frequency   Symmetry      A(i)

             1.          3692.9     (A`  )       vs
             2.          3574.7     (A`  )        m
             3.          2937.1     (A"  )        m
             4.          2930.4     (A`  )        m
             5.          1774.6     (A`  )       vs
             6.          1416.9     (A`  )        w
             7.          1391.2     (A`  )        m
             8.          1246.4     (A`  )       vs
             9.          1212.6     (A"  )        w
            10.          1182.1     (A`  )        m
            11.          1160.1     (A`  )        m
            12.          1121.7     (A`  )        m
            13.           895.2     (A"  )        w
            14.           848.3     (A`  )        m
            15.           625.5     (A"  )        s
            16.           575.2     (A`  )        m
            17.           523.3     (A"  )        w
            18.           503.6     (A`  )        w
            19.           291.1     (A`  )        w
            20.           283.7     (A"  )       vs
            21.            84.4     (A"  )        m
            22.     (       0.0)    (t/r )
            23.     (       0.0)    (t/r )
            24.     (       0.0)    (t/r )
            25.     (       0.0)    (t/r )
            26.     (       0.0)    (t/r )
            27.     (       0.0)    (t/r )


0       CORRESPONDING EIGEN VECTOR MATRIX   27 BY  27



 (  1)
     0.000    0.000    0.000    0.000   -0.003    0.000    0.000    0.000
     0.000    0.000    0.000    0.000    0.052   -0.029    0.000    0.002
     0.006    0.005    0.002    0.006   -0.005    0.000    0.000    0.000
    -0.835    0.487    0.000

 (  2)
    -0.002    0.001    0.000   -0.001   -0.001    0.000    0.048   -0.039
     0.000    0.001    0.000    0.000    0.000    0.000    0.000    0.000
     0.001    0.001    0.000    0.001   -0.001   -0.747    0.611    0.000
     0.000    0.000    0.000

 (  3)
     0.000    0.000    0.001    0.000    0.000    0.080    0.000    0.000
     0.000    0.000    0.000    0.001    0.000    0.000    0.005   -0.035
    -0.431   -0.520    0.035    0.431   -0.520    0.000    0.000    0.001
     0.000    0.000   -0.014

 (  4)
     0.003   -0.005    0.000    0.007    0.080    0.000    0.000    0.001
     0.000    0.000    0.000    0.000   -0.002   -0.002    0.000   -0.036
    -0.453   -0.501   -0.036   -0.453    0.501   -0.003    0.001    0.000
    -0.008    0.016    0.000

 (  5)
    -0.003    0.243    0.000   -0.015   -0.042    0.000   -0.014   -0.046
     0.000    0.008   -0.110    0.000    0.003    0.006    0.000    0.079
    -0.049   -0.020    0.079   -0.049    0.020    0.102    0.087    0.000
     0.000    0.000    0.000

 (  6)
     0.028   -0.009    0.000   -0.052   -0.074    0.000   -0.003   -0.001
     0.000   -0.007    0.009    0.000    0.011    0.000    0.000    0.145
     0.435   -0.478    0.145    0.435    0.478   -0.018   -0.018    0.000
     0.015    0.002    0.000

 (  7)
     0.093   -0.016    0.000   -0.167    0.016    0.000   -0.009    0.010
     0.000   -0.020    0.011    0.000    0.027   -0.016    0.000    0.391
    -0.155    0.121    0.391   -0.155   -0.121   -0.082   -0.077    0.000
     0.206    0.292    0.000

 (  8)
    -0.183   -0.009    0.000    0.030    0.062    0.000    0.051   -0.006
     0.000    0.040    0.002    0.000   -0.032   -0.078    0.000    0.235
     0.071   -0.020    0.235    0.071    0.020    0.218    0.190    0.000
     0.203    0.329    0.000

 (  9)
     0.000    0.000   -0.057    0.000    0.000    0.004    0.000    0.000
     0.003    0.000    0.000    0.003    0.000    0.000    0.031   -0.683
     0.033    0.023    0.683   -0.033    0.023    0.000    0.000   -0.006
     0.000    0.000    0.004

 ( 10)
    -0.023   -0.027    0.000   -0.060   -0.067    0.000   -0.013   -0.079
     0.000    0.003    0.083    0.000    0.043    0.061    0.000    0.050
    -0.105    0.016    0.050   -0.105   -0.016    0.475    0.515    0.000
    -0.116   -0.218    0.000

 ( 11)
    -0.126   -0.006    0.000   -0.040   -0.056    0.000    0.074    0.059
     0.000    0.023   -0.015    0.000    0.027    0.062    0.000    0.241
    -0.106    0.011    0.241   -0.106   -0.011   -0.209   -0.293    0.000
    -0.257   -0.433    0.000

 ( 12)
     0.074    0.003    0.000    0.093    0.082    0.000   -0.052   -0.019
     0.000   -0.014    0.017    0.000   -0.089   -0.048    0.000    0.370
     0.042    0.025    0.370    0.042   -0.025    0.027    0.083    0.000
    -0.291   -0.392    0.000

 ( 13)
     0.000    0.000   -0.111    0.000    0.000    0.170    0.000    0.000
     0.008    0.000    0.000    0.026    0.000    0.000   -0.057    0.055
     0.419   -0.200   -0.055   -0.419   -0.200    0.000    0.000    0.006
     0.000    0.000    0.054

 ( 14)
    -0.028    0.057    0.000    0.096   -0.125    0.000   -0.053   -0.059
     0.000    0.006    0.140    0.000   -0.009   -0.009    0.000    0.100
    -0.122   -0.009    0.100   -0.122    0.009   -0.232   -0.279    0.000
     0.117    0.201    0.000

 ( 15)
     0.000    0.000   -0.156    0.000    0.000   -0.031    0.000    0.000
     0.090    0.000    0.000    0.063    0.000    0.000    0.020    0.089
    -0.153    0.093   -0.089    0.153    0.093    0.000    0.000   -0.638
     0.000    0.000   -0.064

 ( 16)
     0.029   -0.017    0.000    0.087   -0.122    0.000    0.043    0.124
     0.000   -0.127   -0.033    0.000   -0.029    0.002    0.000    0.092
    -0.110   -0.010    0.092   -0.110    0.010    0.150    0.257    0.000
     0.057    0.143    0.000

 ( 17)
     0.000    0.000   -0.162    0.000    0.000    0.002    0.000    0.000
    -0.005    0.000    0.000    0.041    0.000    0.000    0.028    0.086
    -0.185    0.153   -0.086    0.185    0.153    0.000    0.000    0.706
     0.000    0.000   -0.104

 ( 18)
    -0.050   -0.053    0.000    0.068    0.012    0.000   -0.167    0.037
     0.000    0.024   -0.071    0.000    0.112    0.053    0.000    0.132
     0.008   -0.004    0.132    0.008    0.004   -0.099    0.126    0.000
     0.110    0.048    0.000

 ( 19)
     0.033   -0.047    0.000   -0.008   -0.063    0.000   -0.019    0.018
     0.000    0.142   -0.043    0.000   -0.144    0.095    0.000    0.028
    -0.049   -0.006    0.028   -0.049    0.006    0.022    0.068    0.000
    -0.058    0.234    0.000

 ( 20)
     0.000    0.000   -0.024    0.000    0.000   -0.047    0.000    0.000
     0.020    0.000    0.000    0.018    0.000    0.000   -0.047   -0.005
    -0.054   -0.014    0.005    0.054   -0.014    0.000    0.000    0.072
     0.000    0.000    0.949

 ( 21)
     0.000    0.000   -0.035    0.000    0.000   -0.124    0.000    0.000
     0.100    0.000    0.000   -0.071    0.000    0.000    0.119    0.057
     0.237   -0.306   -0.057   -0.237   -0.306    0.000    0.000    0.156
     0.000    0.000    0.004

 ( 22)
    -0.008   -0.005    0.023   -0.006   -0.002    0.102   -0.006   -0.008
    -0.073   -0.011   -0.005    0.039   -0.008    0.000    0.201    0.062
     0.014    0.088   -0.071   -0.019    0.088   -0.007   -0.010   -0.119
    -0.007    0.002    0.252

 ( 23)
    -0.023    0.014    0.109   -0.008    0.037    0.075   -0.008   -0.007
     0.173   -0.045    0.012    0.085   -0.024    0.058    0.009   -0.033
     0.016    0.091    0.042    0.057    0.091   -0.020   -0.021    0.191
    -0.014    0.073   -0.013

 ( 24)
     0.057   -0.072   -0.006    0.101   -0.003    0.027    0.099   -0.132
     0.016   -0.009   -0.076   -0.048    0.054    0.057    0.001    0.141
    -0.036    0.049    0.134    0.026    0.049    0.066   -0.173   -0.008
     0.082    0.101    0.022

 ( 25)
     0.069   -0.004    0.033    0.028   -0.067    0.063    0.030    0.051
     0.077    0.129    0.000   -0.022    0.071   -0.122    0.015   -0.010
    -0.106    0.093    0.001   -0.024    0.093    0.061    0.089    0.053
     0.046   -0.162    0.034

 ( 26)
    -0.004    0.061   -0.039   -0.001    0.065    0.082   -0.002    0.057
     0.028   -0.008    0.060   -0.179   -0.004    0.068    0.005    0.019
    -0.038    0.156   -0.018    0.167    0.156   -0.004    0.055   -0.059
    -0.003    0.071    0.082

 ( 27)
     0.068    0.075    0.009    0.072    0.081   -0.044    0.072    0.069
    -0.040    0.062    0.074    0.085    0.068    0.086    0.010    0.075
     0.137   -0.085    0.076    0.024   -0.085    0.069    0.065    0.000
     0.070    0.091   -0.023


                VIBRATIONAL AMPLITUDE AND CENTRIFUGAL DISTORTION
                 CONTRIBUTIONS TO THE BOND LENGTH AT   298.16 K

                 Note: Excludes contributions from frequencies
                       lower than 40 (1/cm).

                R(e)   = r(mm4) - 1.5 * anh * <Z**2>(298.16)
                R(z)   = R(e) + 1.5 * anh * <Z**2>(0) - <K>(0))
                R(s)   = [R(e) + R(z)] / 2
                R(alp) = R(e) + 1.5 * anh * <Z**2>(T) - <K>(T) - <C>(T)
                R(g)   = R(e) + 1.5 * anh * <Z**2>(T)
                R(a)   = [R(g) + sqrt(R(g)**2-4*<Z**2>(T))] / 2

                       anh = anharmonicity (2.00)
                    <Z**2> = mean-square vibrational amplitude
                       <K> = perpendicular vibrational amplitude
                       <C> = centrifugal correction

        BOND          R(g)      R(z)      R(e)     R(alp)     R(s)      R(a)
    2( C)-  1( C)    1.5082    1.5057    1.4999    1.5052    1.5028    1.5063
    3( O)-  1( C)    1.3553    1.3519    1.3488    1.3514    1.3503    1.3537
    4( O)-  1( C)    1.2145    1.2120    1.2099    1.2116    1.2110    1.2133
    5( O)-  2( C)    1.4129    1.4072    1.4066    1.4062    1.4069    1.4114
    6( H)-  2( C)    1.1104    1.0932    1.0916    1.0920    1.0924    1.1047
    7( H)-  2( C)    1.1104    1.0932    1.0916    1.0920    1.0924    1.1047
    8( H)-  3( O)    0.9816    0.9625    0.9667    0.9611    0.9667    0.9765
    9( H)-  5( O)    0.9663    0.9397    0.9518    0.9380    0.9518    0.9612


                  Non-Bonded Atom Pair Distance Table
        (Distance greater than 82% of VDW distance are not printed)

        PAIR        Dist(g)   Dist(z)
    5( O),  4( O)    2.7089    2.7135       1,4
    6( H),  3( O)    2.5940    2.5854       1,4
    7( H),  3( O)    2.5940    2.5854       1,4
    9( H),  6( H)    2.3791    2.3564       1,4
    9( H),  7( H)    2.3791    2.3564       1,4


         THE MOMENTS OF INERTIA CALCULATED FROM R(g), R(z) VALUES
                  (also from R(e), R(alpha), R(s) VALUES)

         Note: (1) All calculations are based on principle isotopes.
               (2) R(z) values include harmonic vibration (Coriolis)
                   contribution indicated in parentheses.


   (1)  UNIT = 10**(-39) GM*CM**2

                    IX                   IY                   IZ

   R(e)         7.7811              21.0854              28.3434
   R(z)         7.7911(-0.0183)     21.2215( 0.0007)     28.5175( 0.0067)

   (2)  UNIT = AU A**2

                    IX                   IY                   IZ

   R(e)        46.8641             126.9929             170.7068
   R(z)        46.9243(-0.1100)    127.8127( 0.0041)    171.7555( 0.0401)


 ==============================================================================
                      STATISTICAL THERMODYNAMICS ANALYSIS
 ==============================================================================

  Structure name    : glycolic acid-cis                                           
  Temperature       :   298.16 K
  Symmetry number   :   1
  Optical isomers   :   1
  Zero Point Energy :   40.418 Kcal/mol


                     ENERGY** ENTHALPY**  ENTROPY  FREE ENERGY** HEAT CAPACITY**
                  (Kcal/mol) (Kcal/mol)     (eu)   (Kcal/mol)    (cal/mol/deg)
  Translational       0.889      0.889     38.904    -10.711         2.981
     Rotational       0.889      0.889     25.372     -6.676         2.981
    Vibrational*     42.059%    42.059%     9.494     39.228%       12.251
         PV(RT)       0.000      0.593      0.000      0.593         1.987
      Potential       9.681#     9.681#     0.000      9.681#        0.000
         Mixing       0.000      0.000      0.000      0.000         0.000
          Total*     53.517     54.109     73.770     32.114        20.200

  Enthalpy Function (H-Ho)/T     =   13.45 cal/mol/deg
  Free Energy Function -(G-Ho)/T =   60.32 cal/mol/deg

  % Includes zero point energy (ZPE).
  * Excludes contribution from frequencies lower than 10 (1/cm).
  # Includes steric energy (SE).
    Internal rotation contributions are not considered
 ** These quantities are relative to the R(e) values (
    bottom of potential well) and do NOT include bonding

  This structure has   0 imaginary frequencies,
                       0 free internal rotation (fir) frequencies
                         (>= 0,< 10 /cm),
                       0 restricted internal rotation (rir) frequencies
                         (>= 10,< 40 /cm),
                       6 zero frequencies, and
                      21 real frequencies.


      FINAL STERIC ENERGY IS                9.6806 KCAL/MOL.


                  COMPRESSION               0.2847
                  STRETCH-STRETCH          -0.0152
                  BENDING                   1.4065
                  BEND-BEND                -0.0412
                  STRETCH-BEND             -0.1261
                  VANDERWAALS
                    1,4 ENERGY              0.5631
                    OTHER                  -0.0589
                  H-BONDING                -0.2116
                  PI-COMPLX                 0.0000
                  TORSIONAL                13.7818
                  TORSION-STRETCH          -0.2383
                  TORSION-BEND             -1.5833
                  BEND-TORSION-BEND        -0.0417
                  TORSION-IMPT              0.0000
                  IMPT-TORSION-IMPT         0.0000
                  TORSION-TORSION           0.0000
                  DIPOLE-DIPOLE            -1.5253
                  CHARGE-DIPOLE             0.0000
                  IND-DIP CORR.            -2.5138
                  CHARGE-CHARGE             0.0000


      MOLECULAR POLARIZABILITIES (A**3)

        ALPHA(1)   =       6.41
        ALPHA(2)   =       7.04
        ALPHA(3)   =       4.39
        AVG. ALPHA =       5.95


      DIPOLE MOMENT =          3.4048 D

        SIGMA-DIPOLE MOMENT =  3.4048 (X =  1.2062    Y = -3.1840    Z =  0.0000)


      DIPOLE MOMENT =          3.0759 D (INCLUDES INDUCED BOND MOMENTS)

        SIGMA-DIPOLE MOMENT =  3.0759 (X =  0.4099    Y = -3.0484    Z =  0.0000)


      OTHER MOLECULAR PROPERTIES:

        Molar Polarizability:    15.9288 cm**3/mole
        Molar Refraction:        14.9963 cm**3/mole
        Radius of Gyration:       2.1396 A
        Molecular VDW Surface:  103.8815 A**2
        Molecular VDW Volume:    91.4008 A**3
        Dispersion Energy:       -2.9228 Kcal/mole
        Density (gas):          0.003108 g/cm**3 (@  298.2 K, 1 atm)
        Density (cdn):            1.1973 g/cm**3 (@STP Estd.)
        Ref. Index (gas):       1.000920 (@  298.2 K, 1 atm)
        Ref. Index (cdn):         1.3885 (@STP Estd.)
        Diel. Constant (gas):     1.0234 (@  298.2 K, 1 atm)
        Diel. Constant (cdn):    68.9291 (@STP Estd.)



      TOTAL ATOMIC CHARGE ON EACH ATOM (in ELECTRON CHARGE)

           C(    1):          0.237
           C(    2):          0.278
           O(    3):         -0.391
           O(    4):         -0.338
           O(    5):         -0.548
           H(    6):          0.008
           H(    7):          0.008
           H(    8):          0.368
           H(    9):          0.379

      -----------------------------------------------------------------

        END OF glycolic acid-cis                                           


           TOTAL CPU TIME IS      0.09 SECONDS.

           THIS JOB COMPLETED AT    09:29:22
