 
               ---------------------------------------------
               WARNING : INCORRECT ATOM TYPES GIVEN IN INPUT
                         DATA ARE CORRECTED AS FOLLOWS
               ---------------------------------------------


             Atom type of atom    1 is replaced by   3 (was   0)
             Atom type of atom    2 is replaced by   1 (was   0)
             Atom type of atom    3 is replaced by  75 (was   0)
             Atom type of atom    4 is replaced by  77 (was   0)
             Atom type of atom    5 is replaced by   6 (was   0)
             Atom type of atom    6 is replaced by   5 (was   0)
             Atom type of atom    7 is replaced by   5 (was   0)
             Atom type of atom    8 is replaced by  24 (was   0)
             Atom type of atom    9 is replaced by  21 (was   0)
 
     glycolic acid-cis1                                          

               CHEMICAL FORMULA :  C(    2)  H(    4)  O(    3) 
               FORMULA WEIGHT   :     76.017
                                                               DATE 31-MAY-23
                                                               TIME  09:34:08


          THE COORDINATES OF     9 ATOMS ARE READ IN.
          SOME CONSTANTS WILL BE READ IN.

      CONFORMATIONAL ENERGY, PART 1:  GEOMETRY AND STERIC ENERGY
                                      OF INITIAL CONFORMATION.


      CONNECTED ATOMS
          1-    2-    5-
          1-    3-

      ATTACHED ATOMS
          1-    4,    2-    6,    2-    7,    3-    8,    5-    9,

      INITIAL ATOMIC COORDINATES
           ATOM          X           Y           Z      TYPE
         C(    1)    -0.50656    -0.09851    -0.12284   (  3)
         C(    2)     0.74930     0.69891    -0.31580   (  1)
         O(    3)    -1.58998     0.69540     0.12913   ( 75)
         O(    4)    -0.56125    -1.30939    -0.05415   ( 77)
         O(    5)     1.85985     0.00510     0.25799   (  6)
         H(    6)     0.93670     0.85039    -1.40748   (  5)
         H(    7)     0.67107     1.70049     0.14833   (  5)
         H(    8)    -1.60733     0.88909     1.08313   ( 24)
         H(    9)     1.73347    -0.92546     0.11417   ( 21)

        %=%=%=%=%=%=%=%=%=%=%=%=%=%=%=%=%=%=%=%=%=%=%=%=%=%=%=

        MM4(08)-v010108: (Const:V010108-00)

        The Parameters Used in This Calculation Can be Found
        in the Publication(s) Listed in the PART 3

        %=%=%=%=%=%=%=%=%=%=%=%=%=%=%=%=%=%=%=%=%=%=%=%=%=%=%=


          DIELECTRIC CONSTANT =  1.500


      INITIAL STERIC ENERGY IS             24.0223 KCAL/MOL.

                  COMPRESSION               0.3192
                  STRETCH-STRETCH           0.0088
                  BENDING                   1.0914
                  BEND-BEND                -0.0576
                  STRETCH-BEND              0.0847
                  VANDERWAALS
                    1,4 ENERGY              1.0871
                    OTHER                   0.6389
                  H-BONDING                -0.0473
                  PI-COMPLX                 0.0000
                  TORSIONAL                26.5384
                  TORSION-STRETCH          -0.3140
                  TORSION-BEND             -0.6128
                  BEND-TORSION-BEND        -0.0068
                  TORSION-IMPT              0.0000
                  IMPT-TORSION-IMPT         0.0000
                  TORSION-TORSION           0.0000
                  DIPOLE-DIPOLE            -2.5167
                  CHARGE-DIPOLE             0.0000
                  IND_DIP CORR.            -2.1910
                  CHARGE-CHARGE             0.0000


      MOMENT OF INERTIA ( R(g) ) WITH THE PRINCIPAL AXES

          (1)  UNIT = 10**(-39) GM*CM**2
               IX=    8.7022    IY=   20.5155    IZ=   27.2350

          (2)  UNIT = AU A**2
               IX=   52.4133    IY=  123.5648    IZ=  164.0362


      MOLECULAR POLARIZABILITIES (A**3)

        ALPHA(1)   =       6.35
        ALPHA(2)   =       6.88
        ALPHA(3)   =       4.55
        AVG. ALPHA =       5.93


      DIPOLE MOMENT =          1.2738 D

        SIGMA-DIPOLE MOMENT =  1.2738 (X = -0.2183    Y = -1.2403    Z =  0.1912)


      DIPOLE MOMENT =          1.9486 D (INCLUDES INDUCED BOND MOMENTS)

        SIGMA-DIPOLE MOMENT =  1.9486 (X =  0.1894    Y = -1.8416    Z = -0.6078)


      OTHER MOLECULAR PROPERTIES:

        Molar Polarizability:    15.3151 cm**3/mole
        Molar Refraction:        14.9409 cm**3/mole
        Radius of Gyration:       2.1152 A
        Molecular VDW Surface:  108.4701 A**2
        Molecular VDW Volume:    90.9925 A**3
        Dispersion Energy:       -3.7655 Kcal/mole
        Density (gas):          0.003108 g/cm**3 (@  298.2 K, 1 atm)
        Density (cdn):            1.1929 g/cm**3 (@STP Estd.)
        Ref. Index (gas):       1.000917 (@  298.2 K, 1 atm)
        Ref. Index (cdn):         1.3853 (@STP Estd.)
        Diel. Constant (gas):     1.0104 (@  298.2 K, 1 atm)
        Diel. Constant (cdn):    28.0687 (@STP Estd.)



      CPU TIME FOR INITIAL CALCULATION IS     0.02 SECONDS.
 


     glycolic acid-cis1                                          


     CONFORMATIONAL ENERGY, PART 2: GEOMETRY MINIMIZATION

                            =====================
                            FULL-MATRIX OPTIMIZER
                            =====================


     iter.  rms force   max force   avg. move    max move  atom  convg  d-time

        0    8.405606   20.858360   0.01492 A   0.10000 A    6    [N]     0.0s
        1    6.686875   15.724683   0.01616 A   0.10000 A    6    [N]     0.0s
        2    5.830026   14.318051   0.01794 A   0.10000 A    6    [N]     0.0s
        3    5.528481   14.676693   0.00968 A   0.10000 A    9    [N]     0.0s
        4    4.297657   11.827515   0.01879 A   0.10000 A    6    [N]     0.0s
        5    4.311786   11.694593   0.02009 A   0.10000 A    6    [N]     0.0s
        6    4.186786   11.269087   0.02021 A   0.10000 A    6    [N]     0.0s
        7    3.416754    8.923637   0.01918 A   0.10000 A    6    [N]     0.0s
        8    2.623505    6.337166   0.01775 A   0.10000 A    7    [N]     0.0s
        9    2.092606    5.187779   0.01665 A   0.10000 A    7    [N]     0.0s
       10    1.778408    4.674405   0.01598 A   0.10000 A    7    [N]     0.0s
       11    1.590078    4.270085   0.01565 A   0.10000 A    7    [N]     0.0s
       12    1.455399    3.880699   0.01558 A   0.10000 A    7    [N]     0.0s
       13    1.321313    3.519023   0.01571 A   0.10000 A    7    [N]     0.0s
       14    1.153687    2.912374   0.01598 A   0.10000 A    7    [N]     0.0s
       15    0.931773    2.126019   0.01374 A   0.08616 A    6    [N]     0.0s
       16    0.560890    1.370613   0.00825 A   0.05157 A    6    [N]     0.0s
       17    0.227077    0.611295   0.00382 A   0.02358 A    6    [N]     0.0s
       18    0.055418    0.158170   0.00082 A   0.00513 A    9    [N]     0.0s
       19    0.002925    0.008777   0.00004 A   0.00029 A    9    [N]     0.0s
       20    0.000050    0.000150                                 [Y]     0.0s


      TOTAL ENERGY IS     21.8763 KCAL/MOL.

        COMPRESS    0.4184      VDW 1,4    0.7086      DIPL-DIPL   -1.8983
        STR-STR     0.0365        OTHER    0.3322      CHRG-DIPL    0.0000
        BENDING     1.6370      TORSION   24.9212      CHRG-CHRG    0.0000
        BEND-BEND  -0.0488      TOR-STR   -0.8129      EPR          0.0000
        STR-BEND   -0.0588      TOR-BEND  -1.4448      TOR-BENBEN  -0.0059
        TOR-IMPT    0.0000      TOR-IPIP   0.0000      TORS-TORS    0.0000
        IND-DIP    -1.8862      H-BOND    -0.0219      PI-COMPLX    0.0000
0     DELTA(T) =     0.0 SEC.          ELAPSED TIME =     0.0 SEC.


    * * * ENERGY IS STATIONARY WITHIN RMS OF FORCES   0.00014  Kcal/mol/A * * *

                 * * * *  RMS FORCE IS   0.00005 Kcal/mol/A * * * *

 
     glycolic acid-cis1                                          


     %=%=%=%=%=%=%=%=%=%=%=%=%=%=%=%=%=%=%=%=%=%=%=%=%=%=%=%=%=%=%=%=%=%=%=

     The Parameters Used in This Calculation Can be Found in the Following
     Publication(s):

     The MM4 Program is Developed by Dr. N. L. Allinger and co-workers at  
     the University of Georgia, Athens, Georgia 30602-2556 USA.            
     (c) Copyright 2003 by N. L. Allinger. All rights reserved.            
                                                                           
     MM4 General Description and Alkanes:                                  
      Allinger,N.L.; Chen,K.; Lii,J.-H. J. Comput. Chem. 1996, 17, 642.    
     Acids/Esters:                                                         
      Lii,J.-H. J. Phys. Chem. A 2002, 106, 8667.                          
     Alcohols/Ethers:                                                      
      Allinger,N.L.; Chen,K.-H.; Lii,J.-H.; Durkin,K., J. Comput. Chem.    
      2003, 24, 1447.                                                      
      Lii,J.-H.; Chen,K.-H.; Durkin,K.; Allinger,N.L., J. Comput. Chem.    
      2003, 24, 1473.                                                      
      Lii,J.-H.; Chen,K.-H.; Grindley,T.B.; Allinger,N.L., J. Comput. Chem.
      2003, 24, 1490.                                                      
      Lii,J.-H.; Chen,K.-H.; Allinger,N.L., J. Comput. Chem. 2003, 24,     
      1504.                                                                
      Lii,J.-H.; Chen,K.-H.; Allinger,N.L., J. Phys. Chem. A 2004, 108,    
      3006.                                                                
     Aldehydes/Ketones:                                                    
      Langley,C.H.; Lii,J.-H.; Allinger,N.L. J. Comput. Chem. 2001, 22,    
      1396, 1426, 1451, 1476.                                              
      Langley,C.H.; Lii,J.-H.; Allinger,N.L. J. Comput. Chem. 2003, 24,    
      1283.                                                                

     %=%=%=%=%=%=%=%=%=%=%=%=%=%=%=%=%=%=%=%=%=%=%=%=%=%=%=%=%=%=%=%=%=%=%=

               CHEMICAL FORMULA :  C(    2)  H(    4)  O(    3) 
               FORMULA WEIGHT   :     76.017
                                                               DATE : 31-MAY-23

           * M M 4 * * * * * * * * * * * 2 0 0 8 *
           *                                     *   PARAMETER RELIABILITY
           *                                     *
           *                                     *   BLANK = GOOD
           *                                     *       B = FAIR
           *                                     *       C = TRIAL
           *                                     *       R = READ IN
           *                                     *       S = SUBSTITUTED
           *                                     *       U = PARAMETER NOT EXIST
           *                                     *
           *                                     *   THIS IS SHOWN AT THE END 
           *                                     *   OF THE LINE.
           * * * * * * * * * * * * * * * * * * * * 


      CONFORMATIONAL ENERGY, PART 3:  GEOMETRY AND STERIC ENERGY
                                      OF FINAL CONFORMATION.

      CONNECTED ATOMS
          1-    2-    5-
          1-    3-

      ATTACHED ATOMS
          1-    4,    2-    6,    2-    7,    3-    8,    5-    9,

      FINAL ATOMIC COORDINATE
           ATOM          X           Y           Z      TYPE
         C(    1)     0.48717     0.10376    -0.01509   (  3)
         C(    2)    -0.72683    -0.77967     0.00453   (  1)
         O(    3)     1.68263    -0.61260    -0.06897   ( 75)
         O(    4)     0.48654     1.30786     0.02677   ( 77)
         O(    5)    -1.91214    -0.00093     0.02840   (  6)
         H(    6)    -0.66997    -1.48933    -0.84595   (  5)
         H(    7)    -0.68911    -1.37936     0.93481   (  5)
         H(    8)     1.98082    -0.84988     0.82950   ( 24)
         H(    9)    -1.84571     0.75135    -0.57343   ( 21)


          DIELECTRIC CONSTANT =  1.500


      BOND LENGTHS AND STRETCHING ENERGY   (    8 BONDS)

        ENERGY = 71.94(KS)(DR)(DR)(1-(CS)(DR)+(7/12)((CS)(DR))**2)-
                       (1/4)((CS)(DR))**3)+(31/360)((CS)(DR))**4))
                         DR =  R-RO
                         CS =  3.000 FOR X-Y BONDS
                            =  2.200 FOR X-H BONDS
                                                            R(0)-CORR        CORR
             BOND          R(g)    R(0)    K(S)  ENERGY   E-NEG  MISCEL       KS
      C(    1)- C(    2)  1.5015  1.4908  4.218  0.0341 -0.0267             0.318  
      C(    1)- O(    3)  1.3947  1.3629  4.800  0.3171  0.0285                    
      C(    1)- O(    4)  1.2048  1.2069 10.500  0.0033  0.0110                    
      C(    2)- O(    5)  1.4184  1.4293  4.900  0.0426  0.0103                    
      C(    2)- H(    6)  1.1091  1.1037  4.920  0.0104 -0.0083             0.250  
      C(    2)- H(    7)  1.1075  1.1037  4.920  0.0050 -0.0083             0.250  
      O(    3)- H(    8)  0.9759  0.9790  7.250  0.0049                            
      O(    5)- H(    9)  0.9657  0.9670  7.580  0.0010                            


      NON-BONDED DISTANCES, VDW AND EPR ENERGY   (    17 PAIRS)

              E(VDW) = KV*(1.84(10**5)EXP(-12.00/P) - 2.25(P**6))
              E(EPR) = C*KV*(1.84(10**5)EXP(-12.00/Q) - 2.25(Q**6))
              E(HBD) = EP1-EP2*F(THET1,THET2)*RTH/RTH0
                            EP1 = KHB*2.76(10**5)*EXP(-12.0/P)
                            EP2 = KHB*2.25(P**6)
                              F = FAC*(1+COS(THET1)^N*(1+COS(THET2))^N

            IF P > 3.020, THEN,
              E(VDW) = KV(192.270)(P**2)
              E(HBD) = EP1-EP2*F(THET1,THET2)*RTH/RTH0
                            EP1 = KHB*569.14*P**2
                            EP2 = KHB*187.16*P**2

                       RV = RVDW(I) + RVDW(K)
                       KV = SQRT(EPS(I)*EPS(K))
                      KHB = HYDROGEN BOND ENERGY PARAMETER
                        P = (RV/R) OR (RV/R#)
                        C = SCALE FACTOR
                        Q = RV/R, WHERE R IS MODIFIED DISTANCE
                        N = 1 WHEN Y IS NITROGEN, AND 2 FOR OTHERS
                      FAC = 1/4 WHEN N=1, AND 1/16 WHEN N=2
                    THET1 = ANGLE H-X-Y IN HYDROGEN BOND X-H...Y
                    THET2 = ANGLE X-Y-LP IN HYDROGEN BOND X...Y-LP
                      RTH = BOND LENGTH X-H IN X-H...Y
                     RTH0 = NATURAL BOND LENGTH X-H

          # IN THE VDW CALCULATIONS THE HYDROGEN ATOMS ARE RELOCATED
          SO THAT THE ATTACHED HYDROGEN DISTANCE IS REDUCED BY 0.940

          # IN THE VDW CALCULATIONS THE DEUTERIUM ATOMS ARE RELOCATED
          SO THAT THE ATTACHED DEUTERIUM DISTANCE IS REDUCED BY  0.940

           ATOM PAIR          R       R#       RV      KV       ENERGY
      C(    1), O(    5)   2.4020
      C(    1), H(    6)   2.1371
      C(    1), H(    7)   2.1179
      C(    1), H(    8)   1.9631
      C(    1), H(    9)   2.4846   2.4691   3.540   0.0302     0.6976  1,4    
      C(    2), O(    3)   2.4164
      C(    2), O(    4)   2.4147
      C(    2), H(    8)   2.8314   2.7987   2.860   0.0236    -0.0259  1,4   C
      C(    2), H(    9)   1.9824
      O(    3), O(    4)   2.2645
      O(    3), O(    5)   3.6477            3.520   0.0600    -0.0651  1,4    
      O(    3), H(    6)   2.6281   2.6026   2.850   0.1200    -0.0811  1,4    
      O(    3), H(    7)   2.6871   2.6587   2.850   0.1200    -0.1061  1,4    
      O(    3), H(    9)   3.8163   3.7995   3.360   0.0310    -0.0261         
      O(    4), O(    5)   2.7325            3.520   0.0600     0.3770  1,4    
      O(    4), H(    6)   3.1502   3.0998   2.850   0.1200    -0.1157  1,4    
      O(    4), H(    7)   3.0705   3.0237   2.850   0.1200    -0.1240  1,4    
      O(    4), H(    8)   2.7446   2.7083   1.620   4.1330    -0.0163   *H   C
      O(    4), H(    9)   2.4717   2.4775   3.360   0.0310     0.3850         
      O(    5), H(    6)   2.1267
      O(    5), H(    7)   2.0536
      O(    5), H(    8)   4.0642   4.0338   2.140   2.2000    -0.0056    H   C
      H(    6), H(    7)   1.7843
      H(    6), H(    8)   3.2004   3.1289   2.540   0.0160    -0.0092        C
      H(    6), H(    9)   2.5450   2.4668   3.240   0.0165     0.1362  1,4    
      H(    7), H(    8)   2.7240   2.7044   2.540   0.0160    -0.0164        C
      H(    7), H(    9)   2.8552   2.7475   3.240   0.0165     0.0158  1,4    
      H(    8), H(    9)   4.3789   4.3171   2.500   0.0155    -0.0013        C


      BOND ANGLES, BENDING AND STRETCH-BEND ENERGIES   (   11 ANGLES)

          EB = 0.02191418(KB)(DT)(DT)(1+CF*DT+QF*DT**2+PF*DT**3+SF*DT**4)
                          DT = THETA-TZERO
                          CF = -1800.000E-5
                          QF =     7.200E-5
                          PF =     0.135E-5
                          SF =     0.004E-6
          ESS =  143.88(KSTST)(DR1)(DR2)
          ESB =  2.51118(KSB)(DT)(DR1+DR2)
          EBB = -0.02191418(KBB)(DT1)(DT2)
                          DR1 = R1 - R1(0)
                          DR2 = R2 - R2(0)

               A T O M S             THETA    TZERO     KB     EB    KSB   ESB   KSS   ESS
      C(    2)- C(    1)- O(    3)  113.036  112.700  1.850  0.0045             0.90 0.0443
          OUT-PL    1-    4-    1     0.447           9.500  0.0012                          
      C(    2)- C(    1)- O(    4)  125.953  126.900  0.900  0.0180             0.50-0.0016
          OUT-PL    1-    3-    1     0.588           9.500  0.0020                          
      O(    3)- C(    1)- O(    4)  121.005  121.300  1.620  0.0031 0.10-0.0022 0.50-0.0047  
          OUT-PL    1-    2-    1     0.561           6.350  0.0012                          
      C(    1)- C(    2)- O(    5)  110.660  107.500  0.950  0.1962 0.14 0.0000             C
      C(    1)- C(    2)- H(    6)  108.965  107.200  0.680  0.0449 0.21 0.0153-0.10-0.0008  
      C(    1)- C(    2)- H(    7)  107.579  107.200  0.680  0.0021 0.21 0.0029-0.10-0.0006  
      O(    5)- C(    2)- H(    6)  114.018  107.200  0.870  0.7808 0.36-0.0330              
      O(    5)- C(    2)- H(    7)  108.156  107.200  0.870  0.0171 0.36-0.0061              
      H(    6)- C(    2)- H(    7)  107.212  108.950  0.540  0.0369                          
      C(    1)- O(    3)- H(    8)  110.561  106.700  0.630  0.1918                          
      C(    2)- O(    5)- H(    9)  111.083  106.400  0.765  0.3372 0.25-0.0357              


     DIHEDRAL ANGLES, TORSIONAL ENERGY (ET)   (    11 ANGLES)

           ET = (V1/2)(1+COS(W))+(V2/2)(1-COS(2W))+(V3/2)(1+COS(3W))+
                                 (V4/2)(1-COS(4W))+(V6/2)(1+COS(6W))
         EBTB =  0.043828*(KBTB)(DTH1)(COS(W))(DTH2)
         ETS1 = -0.5*(RC-RC0)[KTSC1*(1+COS(W))+KTSC2*(1-COS(2W))+KTSC3*(1+COS(3W))]
         ETS2 = -0.5*(RT-RT0)[KTST1*(1+COS(W))+KTST2*(1-COS(2W))+KTST3*(1+COS(3W))]
          ETB =  2.51124*(DTH)[KTB1(1+COS(W))+KTB2*(1-COS(2W))+KTB3*(1+COS(3W))]
                      RC   = CENTRAL BOND LENGTH
                      RT   = TERMINAL BOND LENGTH
                      DTH1 = THETA1 - TZERO1
                      DTH2 = THETA2 - TZERO2

           SIGN OF ANGLE A-B-C-D : WHEN LOOKING THROUGH B TOWARD C,
           IF D IS COUNTERCLOCKWISE FROM A, NEGATIVE.

                A T O M S                OMEGA    V1     V2     V3     V4     V6     E    KBTB   EBTB
    C(    1) C(    2) O(    5) H(    9)   42.0  0.000  0.000  0.200  0.000  0.000  0.041              C
       TYPE-1-TS                         0.000  0.000  1.559                       0.003
    C(    2) C(    1) O(    3) H(    8)  -87.0  1.299  4.768  1.158 -0.127  0.140  5.928               
       TYPE-1-TS                        -1.000 11.000  0.000                      -0.332
       TYPE-2-TS    4.800  0.000  0.000                      -2.100 -1.500  0.000 -0.035
       TORS-BEND   -0.049  0.000  0.000                      -0.014 -0.006  0.000 -0.302
    O(    3) C(    1) C(    2) O(    5) -178.7  0.492  4.189  0.454  0.549 -0.024 -0.020              C
       TYPE-1-TS                        -1.000  3.500  0.500                       0.000
       TYPE-2-TS    0.000  0.000  0.000                       3.000  3.000  0.000  0.000
       TORS-BEND   -0.045  0.000  0.000                      -0.010  0.000  0.000  0.000
    O(    3) C(    1) C(    2) H(    6)  -52.5  1.699  2.689  0.188  0.612  0.010  3.647 -0.060 -0.001 
       TYPE-1-TS                         0.000  0.000  0.020                       0.000
       TORS-BEND    0.000  0.000 -0.003                      -0.006 -0.001  0.000 -0.049
    O(    3) C(    1) C(    2) H(    7)   63.4  1.699  2.689  0.188  0.612  0.010  3.783 -0.060  0.000 
       TYPE-1-TS                         0.000  0.000  0.020                       0.000
       TORS-BEND    0.000  0.000 -0.003                      -0.006 -0.001  0.000 -0.010
    O(    4) C(    1) C(    2) O(    5)    2.3  0.360  4.347  0.090  0.636  0.000  0.460              C
       TYPE-1-TS                         1.000  3.500  1.000                      -0.022
       TORS-BEND    0.000  0.000  0.000                       0.006  0.000  0.000  0.095
    O(    4) C(    1) C(    2) H(    6)  128.4  1.654  3.380  0.029  0.494 -0.121  2.787 -0.060 -0.003 
       TYPE-1-TS                         0.000  0.000  0.020                       0.000
       TYPE-2-TS    0.000  0.000  0.000                      -2.000  3.500  0.000 -0.010
       TORS-BEND    0.000  0.000 -0.002                       0.005 -0.001  0.000  0.012
    O(    4) C(    1) C(    2) H(    7) -115.7  1.654  3.380  0.029  0.494 -0.121  3.428 -0.060  0.000 
       TYPE-1-TS                         0.000  0.000  0.020                       0.000
       TYPE-2-TS    0.000  0.000  0.000                      -2.000  3.500  0.000 -0.009
       TORS-BEND    0.000  0.000 -0.002                       0.005 -0.001  0.000  0.011
    O(    4) C(    1) O(    3) H(    8)   92.2  0.007  4.998  0.802 -0.049 -0.116  5.439               
       TYPE-1-TS                         1.000 11.000  0.000                      -0.364
       TYPE-2-TS   11.600 -6.900  0.000                       2.300 -1.600  0.000 -0.004
       TORS-BEND   -0.046  0.000  0.000                       0.004 -0.006  0.000 -0.046
    H(    6) C(    2) O(    5) H(    9)  -81.3 -0.267 -0.552  0.336  0.000  0.035 -0.592 -0.060 -0.013 
       TYPE-1-TS                         0.000  0.000  1.559                       0.005
       TYPE-2-TS    0.000  8.599  0.000                       0.000  0.000  0.000 -0.046
       TORS-BEND   -0.013 -0.020 -0.004                       0.015 -0.015  0.000 -1.105
    H(    7) C(    2) O(    5) H(    9)  159.6 -0.267 -0.552  0.336  0.000  0.035  0.020 -0.060  0.011 
       TYPE-1-TS                         0.000  0.000  1.559                       0.004
       TYPE-2-TS    0.000  8.599  0.000                       0.000  0.000  0.000 -0.004
       TORS-BEND   -0.013 -0.020 -0.004                       0.015 -0.015  0.000 -0.050

     DIPOLE-DIPOLE INTERACTION ENERGY  (DIELECTRIC CONSTANT = 1.50)

          E = 14.388*MU1*MU2*(COSX-3*COSA*COSB)/(R12**3*DIELC)

               MU1 = BOND MOM OF BOND 1
               MU2 = BOND MOM OF BOND 2
               R12 = DISTANCE BETWEEN MID-POINTS OF TWO BONDS.

          BOND(1)         MU1           BOND(2)         MU2      R12        E
     C(    1)- C(    2) -0.925   + O(    3)- H(    8) -0.890   2.0278    0.8832       
     C(    1)- C(    2) -0.925   + O(    5)- H(    9) -1.660   1.9169   -2.1171       
     C(    1)- O(    3)  0.620   + C(    2)- O(    5)  1.160   2.4089    0.4914       
     C(    1)- O(    3)  0.620   + O(    5)- H(    9) -1.660   3.0387   -0.0288       
     C(    1)- O(    4)  2.000   + C(    2)- O(    5)  1.160   2.1129    2.8715       
     C(    1)- O(    4)  2.000   + O(    3)- H(    8) -0.890   2.0035   -2.0483       
     C(    1)- O(    4)  2.000   + O(    5)- H(    9) -1.660   2.4049   -1.6335       
     C(    2)- O(    5)  1.160   + O(    3)- H(    8) -0.890   3.1904   -0.2354       
     O(    3)- H(    8) -0.890   + O(    5)- H(    9) -1.660   3.9267   -0.0812       


 ==============================================================================
                        NORMAL MODE VIBRATIONAL ANALYSIS
 ==============================================================================


             Molecular Shape : ASYMMETRIC ROTOR WITH KAPPA =-0.727432
        Symmetry Point Group : C1  
             Symmetry Number :  1
                   Chirality : yes



0       FUNDAMENTAL NORMAL VIBRATIONAL FREQUENCIES
                ( THEORETICALLY  21 VALUES )

             Frequency :  in 1/cm
             A(i)      :  IR intensity (vs,s,m,w,vw,-- or in 10**6 cm/mole)
             A(i) = -- :  IR inactive


             no       Frequency   Symmetry      A(i)

             1.          3699.6     (A   )       vs
             2.          3638.2     (A   )        m
             3.          2962.1     (A   )        m
             4.          2940.7     (A   )        m
             5.          1779.3     (A   )       vs
             6.          1452.9     (A   )        w
             7.          1378.6     (A   )        m
             8.          1240.7     (A   )        m
             9.          1187.4     (A   )        m
            10.          1170.5     (A   )        s
            11.          1085.7     (A   )        s
            12.          1039.5     (A   )        w
            13.           857.9     (A   )        s
            14.           838.3     (A   )        w
            15.           575.2     (A   )        m
            16.          -542.7     (imag)        m
            17.           493.5     (A   )        w
            18.           480.2     (A   )        m
            19.           303.4     (A   )        w
            20.           286.7     (A   )       vs
            21.            83.8     (A   )        w
            22.     (       0.0)    (t/r )
            23.     (       0.0)    (t/r )
            24.     (       0.0)    (t/r )
            25.     (       0.0)    (t/r )
            26.     (       0.0)    (t/r )
            27.     (       0.0)    (t/r )


0       CORRESPONDING EIGEN VECTOR MATRIX   27 BY  27



 (  1)
     0.000    0.000    0.000   -0.002    0.000    0.002    0.000    0.000
     0.000    0.000    0.000    0.000   -0.001   -0.048    0.037    0.001
    -0.003   -0.003   -0.004    0.005   -0.002    0.000    0.000   -0.001
     0.034    0.763   -0.592

 (  2)
     0.001   -0.001    0.000    0.000    0.000    0.000   -0.019    0.015
    -0.056    0.000    0.000    0.000    0.000    0.000    0.000    0.000
     0.000    0.000    0.000    0.000    0.000    0.294   -0.236    0.889
     0.000    0.001   -0.001

 (  3)
     0.001    0.002    0.001    0.002   -0.028    0.076    0.000    0.000
     0.000    0.000    0.000    0.001   -0.001    0.000    0.002    0.028
    -0.216   -0.254   -0.052    0.534   -0.716    0.000    0.000    0.000
    -0.005   -0.001    0.012

 (  4)
     0.003    0.005    0.000    0.010   -0.073   -0.030    0.000   -0.001
     0.000    0.000    0.000    0.000   -0.003    0.000   -0.001   -0.077
     0.618    0.643   -0.025    0.219   -0.256    0.000   -0.001    0.000
     0.001    0.006    0.003

 (  5)
     0.001    0.241    0.007    0.012   -0.037   -0.001    0.004   -0.024
    -0.001   -0.002   -0.126   -0.004   -0.002    0.004    0.000   -0.074
    -0.057   -0.013   -0.071   -0.042    0.018   -0.005   -0.011    0.008
    -0.006    0.006    0.002

 (  6)
    -0.027   -0.010   -0.003    0.075   -0.057   -0.020    0.001   -0.001
     0.000    0.007    0.009    0.000   -0.018   -0.005    0.017   -0.084
     0.308   -0.411   -0.412    0.471    0.434   -0.001   -0.002    0.001
     0.083   -0.025   -0.002

 (  7)
     0.076    0.018    0.006   -0.149   -0.037    0.015   -0.004   -0.004
    -0.001   -0.017   -0.014    0.000    0.038   -0.003   -0.013    0.317
     0.289   -0.245    0.471    0.250    0.199   -0.001    0.001   -0.001
    -0.187    0.021    0.012

 (  8)
     0.079    0.009   -0.029   -0.083    0.071   -0.032   -0.017    0.006
     0.006   -0.022   -0.017   -0.001    0.003   -0.040    0.043    0.427
    -0.004    0.103   -0.402    0.034   -0.042    0.050   -0.029   -0.026
     0.539   -0.153   -0.068

 (  9)
    -0.041    0.002    0.051   -0.015    0.046   -0.038    0.019   -0.001
    -0.010    0.007   -0.014   -0.004   -0.020   -0.027    0.008   -0.422
    -0.001   -0.039    0.487    0.202    0.037   -0.089    0.056    0.041
     0.598   -0.149   -0.117

 ( 10)
     0.159   -0.002    0.007   -0.047    0.045    0.009   -0.043    0.006
     0.006   -0.040    0.013    0.001    0.058   -0.051   -0.019   -0.636
    -0.007   -0.014   -0.207    0.029    0.011    0.055   -0.037   -0.040
    -0.149    0.020    0.066

 ( 11)
     0.131   -0.002   -0.020    0.090   -0.086   -0.011   -0.078    0.008
     0.027   -0.032    0.016    0.002   -0.102    0.064    0.008    0.042
    -0.096   -0.023    0.242   -0.048    0.017    0.284   -0.175   -0.142
     0.167   -0.013   -0.081

 ( 12)
    -0.098   -0.006   -0.066   -0.013    0.059    0.024   -0.028    0.041
     0.055    0.031   -0.043    0.006    0.041   -0.028   -0.010   -0.062
     0.124   -0.035    0.070    0.033   -0.011    0.638   -0.320   -0.261
    -0.013   -0.011    0.009

 ( 13)
    -0.035    0.065   -0.024   -0.098   -0.126   -0.004    0.065   -0.068
     0.012    0.010    0.142    0.007    0.017   -0.001    0.005   -0.134
    -0.142    0.002   -0.097   -0.108    0.014    0.197   -0.141   -0.048
     0.159   -0.033   -0.023

 ( 14)
    -0.010   -0.005    0.093   -0.014   -0.003   -0.161   -0.009    0.010
     0.008    0.007   -0.003   -0.022    0.019    0.002    0.037    0.079
    -0.440    0.265    0.007    0.388    0.135    0.151   -0.066   -0.066
    -0.220    0.073    0.114

 ( 15)
    -0.004    0.037    0.003    0.089    0.117   -0.001    0.032   -0.145
     0.000   -0.118    0.050    0.000    0.007   -0.024   -0.004    0.132
     0.104    0.016    0.123    0.114   -0.006    0.067   -0.167   -0.016
    -0.088    0.012    0.033

 ( 16)
    -0.003   -0.001   -0.019    0.000    0.004   -0.018   -0.030   -0.057
    -0.002    0.005    0.000    0.029    0.000    0.002   -0.001   -0.006
     0.004   -0.017    0.005    0.002   -0.018    0.453    0.832    0.074
    -0.008    0.002   -0.002

 ( 17)
     0.014   -0.009   -0.213   -0.011    0.013   -0.011    0.057    0.006
     0.044   -0.012   -0.025    0.073   -0.031    0.010    0.017   -0.099
    -0.216    0.187    0.094    0.247    0.153   -0.173    0.029    0.128
    -0.060    0.054    0.072

 ( 18)
     0.036   -0.040    0.055   -0.056    0.031    0.002    0.166    0.019
    -0.010   -0.032   -0.055   -0.020   -0.114    0.040   -0.002   -0.097
     0.079   -0.050   -0.131   -0.039   -0.041    0.267   -0.002   -0.048
    -0.113    0.009   -0.042

 ( 19)
    -0.032   -0.051    0.000    0.006   -0.063    0.002    0.022    0.025
    -0.002   -0.140   -0.054   -0.001    0.127    0.112    0.001   -0.043
    -0.053   -0.002   -0.038   -0.044    0.011    0.035    0.036   -0.004
     0.221    0.103    0.000

 ( 20)
     0.002    0.000    0.017   -0.002   -0.007    0.046    0.002    0.003
    -0.015    0.003    0.000   -0.016   -0.031   -0.032   -0.067    0.057
    -0.031    0.061    0.007    0.030    0.079    0.039    0.015   -0.024
     0.290    0.534    0.682

 ( 21)
     0.001    0.000   -0.038    0.001   -0.002   -0.121    0.006   -0.002
     0.100   -0.002    0.001   -0.071    0.001   -0.006    0.101   -0.066
     0.213   -0.311    0.063   -0.229   -0.275   -0.082    0.026    0.137
    -0.020    0.132    0.271

 ( 22)
     0.025   -0.064    0.011    0.014   -0.046    0.134    0.014   -0.085
     0.047    0.042   -0.060   -0.108    0.025   -0.028    0.092   -0.020
    -0.131    0.203    0.033    0.046    0.193    0.037    0.000    0.062
     0.017   -0.088    0.016

 ( 23)
    -0.044   -0.006   -0.034   -0.027   -0.028   -0.023   -0.027    0.014
     0.080   -0.070   -0.002   -0.128   -0.044   -0.050   -0.141    0.028
    -0.093    0.035   -0.060    0.046    0.025   -0.066    0.090    0.113
    -0.030   -0.095   -0.197

 ( 24)
     0.061   -0.022   -0.085    0.081   -0.050   -0.074    0.076    0.006
    -0.123    0.034   -0.023   -0.066    0.064   -0.078   -0.036    0.079
    -0.035   -0.087    0.115   -0.065   -0.084    0.101   -0.002   -0.133
     0.034   -0.066   -0.025

 ( 25)
    -0.026   -0.099    0.018   -0.044   -0.076   -0.062   -0.039   -0.120
    -0.002   -0.003   -0.102    0.094   -0.029   -0.054   -0.038   -0.040
    -0.024   -0.106   -0.075   -0.135   -0.099   -0.062   -0.182   -0.010
    -0.001   -0.017    0.011

 ( 26)
    -0.050    0.008    0.017    0.004   -0.065    0.041   -0.008    0.081
    -0.031   -0.121    0.008    0.036   -0.042   -0.136    0.090    0.020
    -0.048    0.028    0.069   -0.077    0.031    0.034    0.085   -0.044
    -0.106   -0.123    0.099

 ( 27)
     0.062    0.005    0.078    0.085   -0.029    0.007    0.084    0.037
     0.135    0.027    0.004    0.087    0.062   -0.061   -0.049    0.149
    -0.021    0.005    0.052   -0.034    0.005    0.043    0.039    0.149
     0.074   -0.055   -0.040


                VIBRATIONAL AMPLITUDE AND CENTRIFUGAL DISTORTION
                 CONTRIBUTIONS TO THE BOND LENGTH AT   298.16 K

                 Note: Excludes contributions from frequencies
                       lower than 40 (1/cm).

                R(e)   = r(mm4) - 1.5 * anh * <Z**2>(298.16)
                R(z)   = R(e) + 1.5 * anh * <Z**2>(0) - <K>(0))
                R(s)   = [R(e) + R(z)] / 2
                R(alp) = R(e) + 1.5 * anh * <Z**2>(T) - <K>(T) - <C>(T)
                R(g)   = R(e) + 1.5 * anh * <Z**2>(T)
                R(a)   = [R(g) + sqrt(R(g)**2-4*<Z**2>(T))] / 2

                       anh = anharmonicity (2.00)
                    <Z**2> = mean-square vibrational amplitude
                       <K> = perpendicular vibrational amplitude
                       <C> = centrifugal correction

        BOND          R(g)      R(z)      R(e)     R(alp)     R(s)      R(a)
    2( C)-  1( C)    1.5015    1.4991    1.4935    1.4987    1.4963    1.4998
    3( O)-  1( C)    1.3947    1.3911    1.3867    1.3906    1.3889    1.3928
    4( O)-  1( C)    1.2048    1.2022    1.2004    1.2017    1.2013    1.2036
    5( O)-  2( C)    1.4184    1.4131    1.4119    1.4121    1.4125    1.4169
    6( H)-  2( C)    1.1091    1.0918    1.0904    1.0906    1.0911    1.1035
    7( H)-  2( C)    1.1075    1.0910    1.0889    1.0899    1.0899    1.1018
    8( H)-  3( O)    0.9759    0.9665    0.9613    0.9660    0.9639    0.9709
    9( H)-  5( O)    0.9657    0.9385    0.9512    0.9370    0.9512    0.9607


                  Non-Bonded Atom Pair Distance Table
        (Distance greater than 82% of VDW distance are not printed)

        PAIR        Dist(g)   Dist(z)
    5( O),  4( O)    2.7325    2.7300       1,4
    6( H),  3( O)    2.6281    2.6191       1,4
    7( H),  3( O)    2.6871    2.6729       1,4
    9( H),  1( C)    2.4846    2.4717       1,4
    9( H),  4( O)    2.4717    2.4630          
    9( H),  6( H)    2.5450    2.5198       1,4


         THE MOMENTS OF INERTIA CALCULATED FROM R(g), R(z) VALUES
                  (also from R(e), R(alpha), R(s) VALUES)

         Note: (1) All calculations are based on principle isotopes.
               (2) R(z) values include harmonic vibration (Coriolis)
                   contribution indicated in parentheses.
               (3) This molecule contains frequencies lower than
                   40 (1/cm).  The vibrational amplitudes 
                   contributed by those frequencies are excluded.


   (1)  UNIT = 10**(-39) GM*CM**2

                    IX                   IY                   IZ

   R(e)         8.0382              20.9392              28.1088
   R(z)         8.0533(-0.0186)     21.1271( 0.0048)     28.3317( 0.0067)

   (2)  UNIT = AU A**2

                    IX                   IY                   IZ

   R(e)        48.4122             126.1126             169.2938
   R(z)        48.5034(-0.1117)    127.2446( 0.0287)    170.6364( 0.0402)


 ==============================================================================
                      STATISTICAL THERMODYNAMICS ANALYSIS
 ==============================================================================

  Structure name    : glycolic acid-cis1                                          
  Temperature       :   298.16 K
  Symmetry number   :   1
  Optical isomers   :   2
  Zero Point Energy :   39.308 Kcal/mol


                     ENERGY** ENTHALPY**  ENTROPY  FREE ENERGY** HEAT CAPACITY**
                  (Kcal/mol) (Kcal/mol)     (eu)   (Kcal/mol)    (cal/mol/deg)
  Translational       0.889      0.889     38.904    -10.711         2.981
     Rotational       0.889      0.889     25.396     -6.683         2.981
    Vibrational*     40.887%    40.887%     9.222     38.138%       11.586
         PV(RT)       0.000      0.593      0.000      0.593         1.987
      Potential      21.876#    21.876#     0.000     21.876#        0.000
         Mixing       0.000      0.000      1.377     -0.411         0.000
          Total*     64.541     65.134     74.899     42.802        19.535

  Enthalpy Function (H-Ho)/T     =   13.25 cal/mol/deg
  Free Energy Function -(G-Ho)/T =   61.65 cal/mol/deg

  % Includes zero point energy (ZPE).
  * Excludes contribution from frequencies lower than 10 (1/cm).
  # Includes steric energy (SE).
    Internal rotation contributions are not considered
 ** These quantities are relative to the R(e) values (
    bottom of potential well) and do NOT include bonding

  This structure has   1 imaginary frequencies,
                       0 free internal rotation (fir) frequencies
                         (>= 0,< 10 /cm),
                       0 restricted internal rotation (rir) frequencies
                         (>= 10,< 40 /cm),
                       6 zero frequencies, and
                      20 real frequencies.


      FINAL STERIC ENERGY IS               21.8763 KCAL/MOL.


                  COMPRESSION               0.4184
                  STRETCH-STRETCH           0.0365
                  BENDING                   1.6370
                  BEND-BEND                -0.0488
                  STRETCH-BEND             -0.0588
                  VANDERWAALS
                    1,4 ENERGY              0.7086
                    OTHER                   0.3322
                  H-BONDING                -0.0219
                  PI-COMPLX                 0.0000
                  TORSIONAL                24.9212
                  TORSION-STRETCH          -0.8129
                  TORSION-BEND             -1.4448
                  BEND-TORSION-BEND        -0.0059
                  TORSION-IMPT              0.0000
                  IMPT-TORSION-IMPT         0.0000
                  TORSION-TORSION           0.0000
                  DIPOLE-DIPOLE            -1.8983
                  CHARGE-DIPOLE             0.0000
                  IND-DIP CORR.            -1.8862
                  CHARGE-CHARGE             0.0000


      MOLECULAR POLARIZABILITIES (A**3)

        ALPHA(1)   =       7.13
        ALPHA(2)   =       6.38
        ALPHA(3)   =       4.39
        AVG. ALPHA =       5.97


      DIPOLE MOMENT =          1.8063 D

        SIGMA-DIPOLE MOMENT =  1.8063 (X = -0.0772    Y =  1.7846    Z =  0.2682)


      DIPOLE MOMENT =          2.4460 D (INCLUDES INDUCED BOND MOMENTS)

        SIGMA-DIPOLE MOMENT =  2.4460 (X = -0.7027    Y =  2.3126    Z = -0.3758)


      OTHER MOLECULAR PROPERTIES:

        Molar Polarizability:    15.6357 cm**3/mole
        Molar Refraction:        15.0460 cm**3/mole
        Radius of Gyration:       2.1404 A
        Molecular VDW Surface:  103.3721 A**2
        Molecular VDW Volume:    95.3865 A**3
        Dispersion Energy:       -3.3977 Kcal/mole
        Density (gas):          0.003108 g/cm**3 (@  298.2 K, 1 atm)
        Density (cdn):            1.1539 g/cm**3 (@STP Estd.)
        Ref. Index (gas):       1.000923 (@  298.2 K, 1 atm)
        Ref. Index (cdn):         1.3741 (@STP Estd.)
        Diel. Constant (gas):     1.0154 (@  298.2 K, 1 atm)
        Diel. Constant (cdn):    41.5582 (@STP Estd.)



      TOTAL ATOMIC CHARGE ON EACH ATOM (in ELECTRON CHARGE)

           C(    1):          0.218
           C(    2):          0.263
           O(    3):         -0.379
           O(    4):         -0.334
           O(    5):         -0.549
           H(    6):          0.016
           H(    7):          0.019
           H(    8):          0.362
           H(    9):          0.383

      -----------------------------------------------------------------

        END OF glycolic acid-cis1                                          


           TOTAL CPU TIME IS      0.11 SECONDS.

           THIS JOB COMPLETED AT    09:34:09
