 
               ---------------------------------------------
               WARNING : INCORRECT ATOM TYPES GIVEN IN INPUT
                         DATA ARE CORRECTED AS FOLLOWS
               ---------------------------------------------


             Atom type of atom    1 is replaced by   3 (was   0)
             Atom type of atom    2 is replaced by   1 (was   0)
             Atom type of atom    3 is replaced by  75 (was   0)
             Atom type of atom    4 is replaced by  77 (was   0)
             Atom type of atom    5 is replaced by   6 (was   0)
             Atom type of atom    6 is replaced by   5 (was   0)
             Atom type of atom    7 is replaced by   5 (was   0)
             Atom type of atom    8 is replaced by  24 (was   0)
             Atom type of atom    9 is replaced by  21 (was   0)
 
     glycolic acid-sk                                            

               CHEMICAL FORMULA :  C(    2)  H(    4)  O(    3) 
               FORMULA WEIGHT   :     76.017
                                                               DATE 31-MAY-23
                                                               TIME  09:36:31


          THE COORDINATES OF     9 ATOMS ARE READ IN.
          SOME CONSTANTS WILL BE READ IN.

      CONFORMATIONAL ENERGY, PART 1:  GEOMETRY AND STERIC ENERGY
                                      OF INITIAL CONFORMATION.


      CONNECTED ATOMS
          1-    2-    5-
          1-    3-

      ATTACHED ATOMS
          1-    4,    2-    6,    2-    7,    3-    8,    5-    9,

      INITIAL ATOMIC COORDINATES
           ATOM          X           Y           Z      TYPE
         C(    1)    -1.91223     0.40451     0.04835   (  3)
         C(    2)    -0.53569     0.14291     0.49820   (  1)
         O(    3)    -2.36175     1.67570    -0.06609   ( 75)
         O(    4)    -2.68062    -0.53858    -0.25052   ( 77)
         O(    5)     0.37684     0.72371    -0.43630   (  6)
         H(    6)    -0.39729     0.58830     1.48704   (  5)
         H(    7)    -0.35651    -0.93425     0.57037   (  5)
         H(    8)    -2.78085     1.89132     0.79627   ( 24)
         H(    9)     1.28810     0.54640    -0.10972   ( 21)

        %=%=%=%=%=%=%=%=%=%=%=%=%=%=%=%=%=%=%=%=%=%=%=%=%=%=%=

        MM4(08)-v010108: (Const:V010108-00)

        The Parameters Used in This Calculation Can be Found
        in the Publication(s) Listed in the PART 3

        %=%=%=%=%=%=%=%=%=%=%=%=%=%=%=%=%=%=%=%=%=%=%=%=%=%=%=


          DIELECTRIC CONSTANT =  1.500


      INITIAL STERIC ENERGY IS             28.2824 KCAL/MOL.

                  COMPRESSION               1.7644
                  STRETCH-STRETCH          -0.0764
                  BENDING                   3.5557
                  BEND-BEND                -0.0052
                  STRETCH-BEND             -0.1417
                  VANDERWAALS
                    1,4 ENERGY              0.4794
                    OTHER                  -0.0668
                  H-BONDING                -0.0350
                  PI-COMPLX                 0.0000
                  TORSIONAL                26.7014
                  TORSION-STRETCH           0.5579
                  TORSION-BEND             -2.3684
                  BEND-TORSION-BEND         0.0750
                  TORSION-IMPT              0.0000
                  IMPT-TORSION-IMPT         0.0000
                  TORSION-TORSION           0.0000
                  DIPOLE-DIPOLE            -0.9240
                  CHARGE-DIPOLE             0.0000
                  IND_DIP CORR.            -1.2339
                  CHARGE-CHARGE             0.0000


      MOMENT OF INERTIA ( R(g) ) WITH THE PRINCIPAL AXES

          (1)  UNIT = 10**(-39) GM*CM**2
               IX=    9.2845    IY=   20.8100    IZ=   26.6982

          (2)  UNIT = AU A**2
               IX=   55.9203    IY=  125.3384    IZ=  160.8031


      MOLECULAR POLARIZABILITIES (A**3)

        ALPHA(1)   =       6.99
        ALPHA(2)   =       5.83
        ALPHA(3)   =       5.05
        AVG. ALPHA =       5.96


      DIPOLE MOMENT =          3.9787 D

        SIGMA-DIPOLE MOMENT =  3.9787 (X = -2.7150    Y = -0.1837    Z = -2.9026)


      DIPOLE MOMENT =          4.2273 D (INCLUDES INDUCED BOND MOMENTS)

        SIGMA-DIPOLE MOMENT =  4.2273 (X = -2.4991    Y = -1.0911    Z = -3.2302)


      OTHER MOLECULAR PROPERTIES:

        Molar Polarizability:    16.7779 cm**3/mole
        Molar Refraction:        15.0165 cm**3/mole
        Radius of Gyration:       2.1215 A
        Molecular VDW Surface:  104.9117 A**2
        Molecular VDW Volume:    90.7058 A**3
        Dispersion Energy:       -2.8306 Kcal/mole
        Density (gas):          0.003108 g/cm**3 (@  298.2 K, 1 atm)
        Density (cdn):            1.2049 g/cm**3 (@STP Estd.)
        Ref. Index (gas):       1.000921 (@  298.2 K, 1 atm)
        Ref. Index (cdn):         1.3919 (@STP Estd.)
        Diel. Constant (gas):     1.0427 (@  298.2 K, 1 atm)
        Diel. Constant (cdn):   130.7396 (@STP Estd.)



      CPU TIME FOR INITIAL CALCULATION IS     0.02 SECONDS.
 


     glycolic acid-sk                                            


     CONFORMATIONAL ENERGY, PART 2: GEOMETRY MINIMIZATION

               GEOMETRY OPTIMIZATION IS CONTINUED UNTIL ATOM
               MOVEMENT CONVERGES WITHIN FOLLOWING VALUES:

                         AVERAGE MOVEMENT  0.00009 A
                         MAXIMUM MOVEMENT  0.00090 A



     <<<<<<<<<<<<<<<<<<<<<<<<<<  C Y C L E   1 >>>>>>>>>>>>>>>>>>>>>>>>>>

                              (CH)-MOVEMENT = 0

     ITER    1  AVG. MOVE = 0.03250 A  (MAX MOVE: ATOM     8   0.31079 A)
     ITER    2  AVG. MOVE = 0.01110 A  (MAX MOVE: ATOM     4   0.06725 A)
     ITER    3  AVG. MOVE = 0.00444 A  (MAX MOVE: ATOM     6   0.02642 A)
     ITER    4  AVG. MOVE = 0.00393 A  (MAX MOVE: ATOM     5   0.02300 A)
     ITER    5  AVG. MOVE = 0.00402 A  (MAX MOVE: ATOM     5   0.02288 A)
     ITER    6  AVG. MOVE = 0.00415 A  (MAX MOVE: ATOM     5   0.02273 A)
     ITER    7  AVG. MOVE = 0.00418 A  (MAX MOVE: ATOM     5   0.02270 A)
     ITER    8  AVG. MOVE = 0.00422 A  (MAX MOVE: ATOM     5   0.02266 A)
     ITER    9  AVG. MOVE = 0.00425 A  (MAX MOVE: ATOM     5   0.02263 A)
     ITER   10  AVG. MOVE = 0.00428 A  (MAX MOVE: ATOM     5   0.02259 A)
     ITER   11  AVG. MOVE = 0.00430 A  (MAX MOVE: ATOM     5   0.02254 A)
     ITER   12  AVG. MOVE = 0.00432 A  (MAX MOVE: ATOM     5   0.02247 A)
     ITER   13  AVG. MOVE = 0.00432 A  (MAX MOVE: ATOM     5   0.02238 A)
     ITER   14  AVG. MOVE = 0.00432 A  (MAX MOVE: ATOM     5   0.02225 A)
     ITER   15  AVG. MOVE = 0.00433 A  (MAX MOVE: ATOM     5   0.02209 A)
     ITER   16  AVG. MOVE = 0.00433 A  (MAX MOVE: ATOM     5   0.02189 A)
     ITER   17  AVG. MOVE = 0.00433 A  (MAX MOVE: ATOM     5   0.02165 A)
     ITER   18  AVG. MOVE = 0.00431 A  (MAX MOVE: ATOM     4   0.02178 A)
     ITER   19  AVG. MOVE = 0.00429 A  (MAX MOVE: ATOM     4   0.02198 A)
     ITER   20  AVG. MOVE = 0.00425 A  (MAX MOVE: ATOM     4   0.02212 A)
     ITER   21  AVG. MOVE = 0.00421 A  (MAX MOVE: ATOM     4   0.02218 A)
     ITER   22  AVG. MOVE = 0.00415 A  (MAX MOVE: ATOM     4   0.02217 A)
     ITER   23  AVG. MOVE = 0.00409 A  (MAX MOVE: ATOM     4   0.02209 A)
     ITER   24  AVG. MOVE = 0.00401 A  (MAX MOVE: ATOM     4   0.02194 A)
     ITER   25  AVG. MOVE = 0.00393 A  (MAX MOVE: ATOM     4   0.02172 A)
     ITER   26  AVG. MOVE = 0.00385 A  (MAX MOVE: ATOM     4   0.02144 A)
     ITER   27  AVG. MOVE = 0.00375 A  (MAX MOVE: ATOM     4   0.02111 A)
     ITER   28  AVG. MOVE = 0.00365 A  (MAX MOVE: ATOM     4   0.02073 A)
     ITER   29  AVG. MOVE = 0.00355 A  (MAX MOVE: ATOM     4   0.02031 A)
     ITER   30  AVG. MOVE = 0.00345 A  (MAX MOVE: ATOM     4   0.01985 A)
     ITER   31  AVG. MOVE = 0.00334 A  (MAX MOVE: ATOM     4   0.01937 A)
     ITER   32  AVG. MOVE = 0.00324 A  (MAX MOVE: ATOM     4   0.01887 A)
     ITER   33  AVG. MOVE = 0.00313 A  (MAX MOVE: ATOM     4   0.01836 A)
     ITER   34  AVG. MOVE = 0.00303 A  (MAX MOVE: ATOM     4   0.01785 A)
     ITER   35  AVG. MOVE = 0.00292 A  (MAX MOVE: ATOM     4   0.01733 A)
     ITER   36  AVG. MOVE = 0.00282 A  (MAX MOVE: ATOM     4   0.01682 A)
     ITER   37  AVG. MOVE = 0.00273 A  (MAX MOVE: ATOM     4   0.01631 A)
     ITER   38  AVG. MOVE = 0.00263 A  (MAX MOVE: ATOM     4   0.01582 A)
     ITER   39  AVG. MOVE = 0.00255 A  (MAX MOVE: ATOM     4   0.01533 A)
     ITER   40  AVG. MOVE = 0.00247 A  (MAX MOVE: ATOM     4   0.01486 A)
     ITER   41  AVG. MOVE = 0.00240 A  (MAX MOVE: ATOM     4   0.01441 A)
     ITER   42  AVG. MOVE = 0.00232 A  (MAX MOVE: ATOM     4   0.01397 A)
     ITER   43  AVG. MOVE = 0.00226 A  (MAX MOVE: ATOM     4   0.01355 A)
     ITER   44  AVG. MOVE = 0.00219 A  (MAX MOVE: ATOM     4   0.01315 A)
     ITER   45  AVG. MOVE = 0.00213 A  (MAX MOVE: ATOM     4   0.01276 A)
     ITER   46  AVG. MOVE = 0.00206 A  (MAX MOVE: ATOM     4   0.01239 A)
     ITER   47  AVG. MOVE = 0.00201 A  (MAX MOVE: ATOM     4   0.01204 A)
     ITER   48  AVG. MOVE = 0.00195 A  (MAX MOVE: ATOM     4   0.01170 A)
     ITER   49  AVG. MOVE = 0.00190 A  (MAX MOVE: ATOM     4   0.01138 A)
     ITER   50  AVG. MOVE = 0.00185 A  (MAX MOVE: ATOM     4   0.01108 A)
     ITER   51  AVG. MOVE = 0.00180 A  (MAX MOVE: ATOM     4   0.01078 A)
     ITER   52  AVG. MOVE = 0.00176 A  (MAX MOVE: ATOM     4   0.01051 A)
     ITER   53  AVG. MOVE = 0.00171 A  (MAX MOVE: ATOM     4   0.01024 A)
     ITER   54  AVG. MOVE = 0.00167 A  (MAX MOVE: ATOM     4   0.00999 A)
     ITER   55  AVG. MOVE = 0.00163 A  (MAX MOVE: ATOM     4   0.00975 A)
     ITER   56  AVG. MOVE = 0.00159 A  (MAX MOVE: ATOM     4   0.00953 A)
     ITER   57  AVG. MOVE = 0.00156 A  (MAX MOVE: ATOM     4   0.00931 A)
     ITER   58  AVG. MOVE = 0.00152 A  (MAX MOVE: ATOM     4   0.00910 A)
     ITER   59  AVG. MOVE = 0.00149 A  (MAX MOVE: ATOM     4   0.00891 A)
     ITER   60  AVG. MOVE = 0.00146 A  (MAX MOVE: ATOM     4   0.00872 A)
     ITER   61  AVG. MOVE = 0.00143 A  (MAX MOVE: ATOM     4   0.00855 A)
     ITER   62  AVG. MOVE = 0.00140 A  (MAX MOVE: ATOM     4   0.00838 A)
     ITER   63  AVG. MOVE = 0.00138 A  (MAX MOVE: ATOM     4   0.00822 A)
     ITER   64  AVG. MOVE = 0.00135 A  (MAX MOVE: ATOM     4   0.00807 A)
     ITER   65  AVG. MOVE = 0.00133 A  (MAX MOVE: ATOM     4   0.00792 A)
     ITER   66  AVG. MOVE = 0.00131 A  (MAX MOVE: ATOM     4   0.00779 A)
     ITER   67  AVG. MOVE = 0.00129 A  (MAX MOVE: ATOM     4   0.00765 A)
     ITER   68  AVG. MOVE = 0.00126 A  (MAX MOVE: ATOM     4   0.00753 A)
     ITER   69  AVG. MOVE = 0.00124 A  (MAX MOVE: ATOM     4   0.00741 A)
     ITER   70  AVG. MOVE = 0.00123 A  (MAX MOVE: ATOM     4   0.00730 A)
     ITER   71  AVG. MOVE = 0.00121 A  (MAX MOVE: ATOM     4   0.00719 A)
     ITER   72  AVG. MOVE = 0.00119 A  (MAX MOVE: ATOM     4   0.00709 A)
     ITER   73  AVG. MOVE = 0.00118 A  (MAX MOVE: ATOM     4   0.00699 A)
     ITER   74  AVG. MOVE = 0.00116 A  (MAX MOVE: ATOM     4   0.00690 A)
     ITER   75  AVG. MOVE = 0.00115 A  (MAX MOVE: ATOM     4   0.00682 A)
     ITER   76  AVG. MOVE = 0.00113 A  (MAX MOVE: ATOM     4   0.00673 A)
     ITER   77  AVG. MOVE = 0.00112 A  (MAX MOVE: ATOM     4   0.00666 A)
     ITER   78  AVG. MOVE = 0.00111 A  (MAX MOVE: ATOM     4   0.00658 A)
     ITER   79  AVG. MOVE = 0.00110 A  (MAX MOVE: ATOM     4   0.00651 A)
     ITER   80  AVG. MOVE = 0.00109 A  (MAX MOVE: ATOM     4   0.00644 A)
     ITER   81  AVG. MOVE = 0.00108 A  (MAX MOVE: ATOM     4   0.00639 A)
     ITER   82  AVG. MOVE = 0.00107 A  (MAX MOVE: ATOM     4   0.00634 A)
     ITER   83  AVG. MOVE = 0.00106 A  (MAX MOVE: ATOM     4   0.00630 A)
     ITER   84  AVG. MOVE = 0.00105 A  (MAX MOVE: ATOM     4   0.00626 A)
     ITER   85  AVG. MOVE = 0.00104 A  (MAX MOVE: ATOM     4   0.00622 A)
     ITER   86  AVG. MOVE = 0.00103 A  (MAX MOVE: ATOM     4   0.00619 A)
     ITER   87  AVG. MOVE = 0.00103 A  (MAX MOVE: ATOM     4   0.00616 A)
     ITER   88  AVG. MOVE = 0.00102 A  (MAX MOVE: ATOM     4   0.00613 A)
     ITER   89  AVG. MOVE = 0.00102 A  (MAX MOVE: ATOM     4   0.00610 A)
     ITER   90  AVG. MOVE = 0.00101 A  (MAX MOVE: ATOM     4   0.00607 A)
     ITER   91  AVG. MOVE = 0.00100 A  (MAX MOVE: ATOM     4   0.00605 A)
     ITER   92  AVG. MOVE = 0.00100 A  (MAX MOVE: ATOM     4   0.00603 A)
     ITER   93  AVG. MOVE = 0.00099 A  (MAX MOVE: ATOM     4   0.00601 A)
     ITER   94  AVG. MOVE = 0.00099 A  (MAX MOVE: ATOM     4   0.00600 A)
     ITER   95  AVG. MOVE = 0.00099 A  (MAX MOVE: ATOM     4   0.00598 A)
     ITER   96  AVG. MOVE = 0.00098 A  (MAX MOVE: ATOM     4   0.00597 A)
     ITER   97  AVG. MOVE = 0.00098 A  (MAX MOVE: ATOM     4   0.00596 A)
     ITER   98  AVG. MOVE = 0.00098 A  (MAX MOVE: ATOM     4   0.00595 A)
     ITER   99  AVG. MOVE = 0.00097 A  (MAX MOVE: ATOM     4   0.00594 A)
     ITER  100  AVG. MOVE = 0.00097 A  (MAX MOVE: ATOM     4   0.00593 A)
     ITER  101  AVG. MOVE = 0.00097 A  (MAX MOVE: ATOM     4   0.00593 A)
     ITER  102  AVG. MOVE = 0.00097 A  (MAX MOVE: ATOM     4   0.00592 A)
     ITER  103  AVG. MOVE = 0.00097 A  (MAX MOVE: ATOM     4   0.00592 A)
     ITER  104  AVG. MOVE = 0.00096 A  (MAX MOVE: ATOM     4   0.00592 A)
     ITER  105  AVG. MOVE = 0.00096 A  (MAX MOVE: ATOM     4   0.00592 A)
     ITER  106  AVG. MOVE = 0.00096 A  (MAX MOVE: ATOM     4   0.00593 A)
     ITER  107  AVG. MOVE = 0.00096 A  (MAX MOVE: ATOM     4   0.00593 A)
     ITER  108  AVG. MOVE = 0.00096 A  (MAX MOVE: ATOM     4   0.00593 A)
     ITER  109  AVG. MOVE = 0.00096 A  (MAX MOVE: ATOM     4   0.00594 A)
     ITER  110  AVG. MOVE = 0.00096 A  (MAX MOVE: ATOM     4   0.00595 A)
     ITER  111  AVG. MOVE = 0.00096 A  (MAX MOVE: ATOM     4   0.00596 A)
     ITER  112  AVG. MOVE = 0.00096 A  (MAX MOVE: ATOM     4   0.00597 A)
     ITER  113  AVG. MOVE = 0.00096 A  (MAX MOVE: ATOM     4   0.00598 A)
     ITER  114  AVG. MOVE = 0.00096 A  (MAX MOVE: ATOM     4   0.00599 A)
     ITER  115  AVG. MOVE = 0.00096 A  (MAX MOVE: ATOM     4   0.00600 A)
     ITER  116  AVG. MOVE = 0.00096 A  (MAX MOVE: ATOM     4   0.00601 A)
     ITER  117  AVG. MOVE = 0.00096 A  (MAX MOVE: ATOM     4   0.00603 A)
     ITER  118  AVG. MOVE = 0.00096 A  (MAX MOVE: ATOM     4   0.00604 A)
     ITER  119  AVG. MOVE = 0.00097 A  (MAX MOVE: ATOM     4   0.00606 A)
     ITER  120  AVG. MOVE = 0.00097 A  (MAX MOVE: ATOM     4   0.00607 A)
     ITER  121  AVG. MOVE = 0.00097 A  (MAX MOVE: ATOM     4   0.00609 A)
     ITER  122  AVG. MOVE = 0.00097 A  (MAX MOVE: ATOM     4   0.00611 A)
     ITER  123  AVG. MOVE = 0.00097 A  (MAX MOVE: ATOM     4   0.00613 A)
     ITER  124  AVG. MOVE = 0.00097 A  (MAX MOVE: ATOM     4   0.00614 A)
     ITER  125  AVG. MOVE = 0.00097 A  (MAX MOVE: ATOM     4   0.00616 A)
     ITER  126  AVG. MOVE = 0.00098 A  (MAX MOVE: ATOM     4   0.00618 A)
     ITER  127  AVG. MOVE = 0.00098 A  (MAX MOVE: ATOM     4   0.00620 A)
     ITER  128  AVG. MOVE = 0.00098 A  (MAX MOVE: ATOM     4   0.00622 A)
     ITER  129  AVG. MOVE = 0.00098 A  (MAX MOVE: ATOM     4   0.00624 A)
     ITER  130  AVG. MOVE = 0.00098 A  (MAX MOVE: ATOM     4   0.00626 A)
     ITER  131  AVG. MOVE = 0.00098 A  (MAX MOVE: ATOM     4   0.00628 A)
     ITER  132  AVG. MOVE = 0.00099 A  (MAX MOVE: ATOM     4   0.00630 A)
     ITER  133  AVG. MOVE = 0.00099 A  (MAX MOVE: ATOM     4   0.00632 A)
     ITER  134  AVG. MOVE = 0.00099 A  (MAX MOVE: ATOM     4   0.00634 A)
     ITER  135  AVG. MOVE = 0.00099 A  (MAX MOVE: ATOM     4   0.00636 A)
     ITER  136  AVG. MOVE = 0.00099 A  (MAX MOVE: ATOM     4   0.00638 A)
     ITER  137  AVG. MOVE = 0.00099 A  (MAX MOVE: ATOM     4   0.00640 A)
     ITER  138  AVG. MOVE = 0.00099 A  (MAX MOVE: ATOM     4   0.00642 A)
     ITER  139  AVG. MOVE = 0.00100 A  (MAX MOVE: ATOM     4   0.00644 A)
     ITER  140  AVG. MOVE = 0.00100 A  (MAX MOVE: ATOM     4   0.00646 A)
     ITER  141  AVG. MOVE = 0.00100 A  (MAX MOVE: ATOM     4   0.00647 A)
     ITER  142  AVG. MOVE = 0.00100 A  (MAX MOVE: ATOM     4   0.00649 A)
     ITER  143  AVG. MOVE = 0.00100 A  (MAX MOVE: ATOM     4   0.00651 A)
     ITER  144  AVG. MOVE = 0.00100 A  (MAX MOVE: ATOM     4   0.00652 A)
     ITER  145  AVG. MOVE = 0.00100 A  (MAX MOVE: ATOM     4   0.00654 A)
     ITER  146  AVG. MOVE = 0.00100 A  (MAX MOVE: ATOM     4   0.00655 A)
     ITER  147  AVG. MOVE = 0.00100 A  (MAX MOVE: ATOM     4   0.00656 A)
     ITER  148  AVG. MOVE = 0.00100 A  (MAX MOVE: ATOM     4   0.00657 A)
     ITER  149  AVG. MOVE = 0.00100 A  (MAX MOVE: ATOM     4   0.00658 A)
     ITER  150  AVG. MOVE = 0.00100 A  (MAX MOVE: ATOM     4   0.00659 A)
     ITER  151  AVG. MOVE = 0.00100 A  (MAX MOVE: ATOM     4   0.00660 A)
     ITER  152  AVG. MOVE = 0.00100 A  (MAX MOVE: ATOM     4   0.00660 A)
     ITER  153  AVG. MOVE = 0.00100 A  (MAX MOVE: ATOM     4   0.00660 A)
     ITER  154  AVG. MOVE = 0.00100 A  (MAX MOVE: ATOM     4   0.00661 A)
     ITER  155  AVG. MOVE = 0.00100 A  (MAX MOVE: ATOM     4   0.00661 A)
     ITER  156  AVG. MOVE = 0.00099 A  (MAX MOVE: ATOM     4   0.00661 A)
     ITER  157  AVG. MOVE = 0.00099 A  (MAX MOVE: ATOM     4   0.00660 A)
     ITER  158  AVG. MOVE = 0.00099 A  (MAX MOVE: ATOM     4   0.00660 A)
     ITER  159  AVG. MOVE = 0.00099 A  (MAX MOVE: ATOM     4   0.00659 A)
     ITER  160  AVG. MOVE = 0.00098 A  (MAX MOVE: ATOM     4   0.00658 A)
     ITER  161  AVG. MOVE = 0.00098 A  (MAX MOVE: ATOM     4   0.00657 A)
     ITER  162  AVG. MOVE = 0.00098 A  (MAX MOVE: ATOM     4   0.00656 A)
     ITER  163  AVG. MOVE = 0.00097 A  (MAX MOVE: ATOM     4   0.00654 A)
     ITER  164  AVG. MOVE = 0.00097 A  (MAX MOVE: ATOM     4   0.00652 A)
     ITER  165  AVG. MOVE = 0.00097 A  (MAX MOVE: ATOM     4   0.00650 A)
     ITER  166  AVG. MOVE = 0.00096 A  (MAX MOVE: ATOM     4   0.00648 A)
     ITER  167  AVG. MOVE = 0.00096 A  (MAX MOVE: ATOM     4   0.00646 A)
     ITER  168  AVG. MOVE = 0.00095 A  (MAX MOVE: ATOM     4   0.00643 A)
     ITER  169  AVG. MOVE = 0.00095 A  (MAX MOVE: ATOM     4   0.00640 A)
     ITER  170  AVG. MOVE = 0.00094 A  (MAX MOVE: ATOM     4   0.00637 A)
     ITER  171  AVG. MOVE = 0.00093 A  (MAX MOVE: ATOM     4   0.00634 A)
     ITER  172  AVG. MOVE = 0.00093 A  (MAX MOVE: ATOM     4   0.00630 A)
     ITER  173  AVG. MOVE = 0.00092 A  (MAX MOVE: ATOM     4   0.00626 A)
     ITER  174  AVG. MOVE = 0.00091 A  (MAX MOVE: ATOM     4   0.00622 A)
     ITER  175  AVG. MOVE = 0.00091 A  (MAX MOVE: ATOM     4   0.00618 A)
     ITER  176  AVG. MOVE = 0.00090 A  (MAX MOVE: ATOM     4   0.00614 A)
     ITER  177  AVG. MOVE = 0.00089 A  (MAX MOVE: ATOM     4   0.00609 A)
     ITER  178  AVG. MOVE = 0.00088 A  (MAX MOVE: ATOM     4   0.00604 A)
     ITER  179  AVG. MOVE = 0.00087 A  (MAX MOVE: ATOM     4   0.00599 A)
     ITER  180  AVG. MOVE = 0.00086 A  (MAX MOVE: ATOM     4   0.00593 A)
     ITER  181  AVG. MOVE = 0.00086 A  (MAX MOVE: ATOM     4   0.00588 A)
     ITER  182  AVG. MOVE = 0.00085 A  (MAX MOVE: ATOM     4   0.00582 A)
     ITER  183  AVG. MOVE = 0.00084 A  (MAX MOVE: ATOM     4   0.00576 A)
     ITER  184  AVG. MOVE = 0.00083 A  (MAX MOVE: ATOM     4   0.00570 A)
     ITER  185  AVG. MOVE = 0.00082 A  (MAX MOVE: ATOM     4   0.00564 A)
     ITER  186  AVG. MOVE = 0.00081 A  (MAX MOVE: ATOM     4   0.00558 A)
     ITER  187  AVG. MOVE = 0.00080 A  (MAX MOVE: ATOM     4   0.00551 A)
     ITER  188  AVG. MOVE = 0.00079 A  (MAX MOVE: ATOM     4   0.00544 A)
     ITER  189  AVG. MOVE = 0.00078 A  (MAX MOVE: ATOM     4   0.00537 A)
     ITER  190  AVG. MOVE = 0.00077 A  (MAX MOVE: ATOM     4   0.00530 A)
     ITER  191  AVG. MOVE = 0.00075 A  (MAX MOVE: ATOM     4   0.00523 A)
     ITER  192  AVG. MOVE = 0.00074 A  (MAX MOVE: ATOM     4   0.00516 A)
     ITER  193  AVG. MOVE = 0.00073 A  (MAX MOVE: ATOM     4   0.00509 A)
     ITER  194  AVG. MOVE = 0.00072 A  (MAX MOVE: ATOM     4   0.00501 A)
     ITER  195  AVG. MOVE = 0.00071 A  (MAX MOVE: ATOM     4   0.00494 A)
     ITER  196  AVG. MOVE = 0.00070 A  (MAX MOVE: ATOM     4   0.00486 A)
     ITER  197  AVG. MOVE = 0.00069 A  (MAX MOVE: ATOM     4   0.00479 A)
     ITER  198  AVG. MOVE = 0.00068 A  (MAX MOVE: ATOM     4   0.00471 A)
     ITER  199  AVG. MOVE = 0.00066 A  (MAX MOVE: ATOM     4   0.00463 A)
     ITER  200  AVG. MOVE = 0.00065 A  (MAX MOVE: ATOM     4   0.00456 A)
     ITER  201  AVG. MOVE = 0.00064 A  (MAX MOVE: ATOM     4   0.00448 A)
     ITER  202  AVG. MOVE = 0.00063 A  (MAX MOVE: ATOM     4   0.00440 A)
     ITER  203  AVG. MOVE = 0.00062 A  (MAX MOVE: ATOM     4   0.00432 A)
     ITER  204  AVG. MOVE = 0.00061 A  (MAX MOVE: ATOM     4   0.00425 A)
     ITER  205  AVG. MOVE = 0.00060 A  (MAX MOVE: ATOM     4   0.00417 A)
     ITER  206  AVG. MOVE = 0.00058 A  (MAX MOVE: ATOM     4   0.00409 A)
     ITER  207  AVG. MOVE = 0.00057 A  (MAX MOVE: ATOM     4   0.00401 A)
     ITER  208  AVG. MOVE = 0.00056 A  (MAX MOVE: ATOM     4   0.00394 A)
     ITER  209  AVG. MOVE = 0.00055 A  (MAX MOVE: ATOM     4   0.00386 A)
     ITER  210  AVG. MOVE = 0.00054 A  (MAX MOVE: ATOM     4   0.00378 A)
     ITER  211  AVG. MOVE = 0.00053 A  (MAX MOVE: ATOM     4   0.00371 A)
     ITER  212  AVG. MOVE = 0.00052 A  (MAX MOVE: ATOM     4   0.00363 A)
     ITER  213  AVG. MOVE = 0.00051 A  (MAX MOVE: ATOM     4   0.00356 A)
     ITER  214  AVG. MOVE = 0.00050 A  (MAX MOVE: ATOM     4   0.00348 A)
     ITER  215  AVG. MOVE = 0.00048 A  (MAX MOVE: ATOM     4   0.00341 A)
     ITER  216  AVG. MOVE = 0.00047 A  (MAX MOVE: ATOM     4   0.00334 A)
     ITER  217  AVG. MOVE = 0.00046 A  (MAX MOVE: ATOM     4   0.00326 A)
     ITER  218  AVG. MOVE = 0.00045 A  (MAX MOVE: ATOM     4   0.00319 A)
     ITER  219  AVG. MOVE = 0.00044 A  (MAX MOVE: ATOM     4   0.00312 A)
     ITER  220  AVG. MOVE = 0.00043 A  (MAX MOVE: ATOM     4   0.00305 A)
     ITER  221  AVG. MOVE = 0.00042 A  (MAX MOVE: ATOM     4   0.00298 A)
     ITER  222  AVG. MOVE = 0.00041 A  (MAX MOVE: ATOM     4   0.00292 A)
     ITER  223  AVG. MOVE = 0.00040 A  (MAX MOVE: ATOM     4   0.00285 A)
     ITER  224  AVG. MOVE = 0.00040 A  (MAX MOVE: ATOM     4   0.00278 A)
     ITER  225  AVG. MOVE = 0.00039 A  (MAX MOVE: ATOM     4   0.00272 A)
     ITER  226  AVG. MOVE = 0.00038 A  (MAX MOVE: ATOM     4   0.00265 A)
     ITER  227  AVG. MOVE = 0.00037 A  (MAX MOVE: ATOM     4   0.00259 A)
     ITER  228  AVG. MOVE = 0.00036 A  (MAX MOVE: ATOM     4   0.00253 A)
     ITER  229  AVG. MOVE = 0.00035 A  (MAX MOVE: ATOM     4   0.00247 A)
     ITER  230  AVG. MOVE = 0.00034 A  (MAX MOVE: ATOM     4   0.00241 A)
     ITER  231  AVG. MOVE = 0.00033 A  (MAX MOVE: ATOM     4   0.00235 A)
     ITER  232  AVG. MOVE = 0.00033 A  (MAX MOVE: ATOM     4   0.00229 A)
     ITER  233  AVG. MOVE = 0.00032 A  (MAX MOVE: ATOM     4   0.00224 A)
     ITER  234  AVG. MOVE = 0.00031 A  (MAX MOVE: ATOM     4   0.00218 A)
     ITER  235  AVG. MOVE = 0.00030 A  (MAX MOVE: ATOM     4   0.00213 A)
     ITER  236  AVG. MOVE = 0.00029 A  (MAX MOVE: ATOM     4   0.00207 A)
     ITER  237  AVG. MOVE = 0.00029 A  (MAX MOVE: ATOM     4   0.00202 A)
     ITER  238  AVG. MOVE = 0.00028 A  (MAX MOVE: ATOM     4   0.00197 A)
     ITER  239  AVG. MOVE = 0.00027 A  (MAX MOVE: ATOM     4   0.00192 A)
     ITER  240  AVG. MOVE = 0.00027 A  (MAX MOVE: ATOM     4   0.00187 A)
     ITER  241  AVG. MOVE = 0.00026 A  (MAX MOVE: ATOM     4   0.00182 A)
     ITER  242  AVG. MOVE = 0.00025 A  (MAX MOVE: ATOM     4   0.00178 A)
     ITER  243  AVG. MOVE = 0.00025 A  (MAX MOVE: ATOM     4   0.00173 A)
     ITER  244  AVG. MOVE = 0.00024 A  (MAX MOVE: ATOM     4   0.00169 A)
     ITER  245  AVG. MOVE = 0.00023 A  (MAX MOVE: ATOM     4   0.00164 A)
     ITER  246  AVG. MOVE = 0.00023 A  (MAX MOVE: ATOM     4   0.00160 A)
     ITER  247  AVG. MOVE = 0.00022 A  (MAX MOVE: ATOM     4   0.00156 A)
     ITER  248  AVG. MOVE = 0.00021 A  (MAX MOVE: ATOM     4   0.00152 A)
     ITER  249  AVG. MOVE = 0.00021 A  (MAX MOVE: ATOM     4   0.00148 A)
     ITER  250  AVG. MOVE = 0.00020 A  (MAX MOVE: ATOM     4   0.00144 A)
     ITER  251  AVG. MOVE = 0.00020 A  (MAX MOVE: ATOM     4   0.00140 A)
     ITER  252  AVG. MOVE = 0.00019 A  (MAX MOVE: ATOM     4   0.00136 A)
     ITER  253  AVG. MOVE = 0.00019 A  (MAX MOVE: ATOM     4   0.00132 A)
     ITER  254  AVG. MOVE = 0.00018 A  (MAX MOVE: ATOM     4   0.00129 A)
     ITER  255  AVG. MOVE = 0.00018 A  (MAX MOVE: ATOM     4   0.00125 A)
     ITER  256  AVG. MOVE = 0.00017 A  (MAX MOVE: ATOM     4   0.00122 A)
     ITER  257  AVG. MOVE = 0.00017 A  (MAX MOVE: ATOM     4   0.00119 A)
     ITER  258  AVG. MOVE = 0.00016 A  (MAX MOVE: ATOM     4   0.00116 A)
     ITER  259  AVG. MOVE = 0.00016 A  (MAX MOVE: ATOM     4   0.00112 A)
     ITER  260  AVG. MOVE = 0.00015 A  (MAX MOVE: ATOM     4   0.00109 A)
     ITER  261  AVG. MOVE = 0.00015 A  (MAX MOVE: ATOM     4   0.00106 A)
     ITER  262  AVG. MOVE = 0.00015 A  (MAX MOVE: ATOM     4   0.00103 A)
     ITER  263  AVG. MOVE = 0.00014 A  (MAX MOVE: ATOM     4   0.00101 A)
     ITER  264  AVG. MOVE = 0.00014 A  (MAX MOVE: ATOM     4   0.00098 A)
     ITER  265  AVG. MOVE = 0.00013 A  (MAX MOVE: ATOM     4   0.00095 A)
     ITER  266  AVG. MOVE = 0.00013 A  (MAX MOVE: ATOM     4   0.00092 A)
     ITER  267  AVG. MOVE = 0.00013 A  (MAX MOVE: ATOM     4   0.00090 A)
     ITER  268  AVG. MOVE = 0.00012 A  (MAX MOVE: ATOM     4   0.00087 A)
     ITER  269  AVG. MOVE = 0.00012 A  (MAX MOVE: ATOM     4   0.00085 A)
     ITER  270  AVG. MOVE = 0.00012 A  (MAX MOVE: ATOM     4   0.00083 A)
     ITER  271  AVG. MOVE = 0.00011 A  (MAX MOVE: ATOM     4   0.00080 A)
     ITER  272  AVG. MOVE = 0.00011 A  (MAX MOVE: ATOM     4   0.00078 A)
     ITER  273  AVG. MOVE = 0.00011 A  (MAX MOVE: ATOM     4   0.00076 A)
     ITER  274  AVG. MOVE = 0.00010 A  (MAX MOVE: ATOM     4   0.00074 A)
     ITER  275  AVG. MOVE = 0.00010 A  (MAX MOVE: ATOM     4   0.00072 A)
     ITER  276  AVG. MOVE = 0.00010 A  (MAX MOVE: ATOM     4   0.00070 A)
     ITER  277  AVG. MOVE = 0.00010 A  (MAX MOVE: ATOM     4   0.00068 A)
     ITER  278  AVG. MOVE = 0.00009 A  (MAX MOVE: ATOM     4   0.00066 A)
     ITER  279  AVG. MOVE = 0.00009 A  (MAX MOVE: ATOM     4   0.00064 A)
     ITER  280  AVG. MOVE = 0.00009 A  (MAX MOVE: ATOM     4   0.00062 A)


              * * * * * * * * * GEOMETRY IS OPTIMIZED * * * * * * * * *

               WITHIN : AVERAGE MOVEMENT  0.00009 A (LIMIT  0.00009 A)
                        MAXIMUM MOVEMENT  0.00062 A (LIMIT  0.00090 A)

               GRADIENT
                 RMS GRADIENT                  0.007838 KCAL/MOL/A

                 MAX GRADIENT
                   X-DIRECTION : ATOM #    5   0.006060 KCAL/MOL/A
                   Y-DIRECTION : ATOM #    7   0.015506 KCAL/MOL/A
                   Z-DIRECTION : ATOM #    1   0.025900 KCAL/MOL/A

        DELTA TIME =    0.00 SEC.       TOTAL CPU TIME =      0.11 SEC.


                            =====================
                            FULL-MATRIX OPTIMIZER
                            =====================


     iter.  rms force   max force   avg. move    max move  atom  convg  d-time

        0    0.014304    0.050213   0.00214 A   0.01556 A    6    [N]     0.0s
        1    0.015602    0.033816   0.00004 A   0.00030 A    6    [N]     0.0s
        2    0.000053    0.000145                                 [Y]     0.0s


      TOTAL ENERGY IS     20.8757 KCAL/MOL.

        COMPRESS    0.4897      VDW 1,4    0.6394      DIPL-DIPL   -1.6464
        STR-STR     0.0360        OTHER   -0.0611      CHRG-DIPL    0.0000
        BENDING     2.4960      TORSION   24.9721      CHRG-CHRG    0.0000
        BEND-BEND  -0.0200      TOR-STR   -0.8323      EPR          0.0000
        STR-BEND   -0.1565      TOR-BEND  -2.8269      TOR-BENBEN  -0.0395
        TOR-IMPT    0.0000      TOR-IPIP   0.0000      TORS-TORS    0.0000
        IND-DIP    -1.9917      H-BOND    -0.1831      PI-COMPLX    0.0000
0     DELTA(T) =     0.0 SEC.          ELAPSED TIME =     0.1 SEC.


    * * * ENERGY IS STATIONARY WITHIN RMS OF FORCES   0.00014  Kcal/mol/A * * *

                 * * * *  RMS FORCE IS   0.00005 Kcal/mol/A * * * *

 
     glycolic acid-sk                                            


     %=%=%=%=%=%=%=%=%=%=%=%=%=%=%=%=%=%=%=%=%=%=%=%=%=%=%=%=%=%=%=%=%=%=%=

     The Parameters Used in This Calculation Can be Found in the Following
     Publication(s):

     The MM4 Program is Developed by Dr. N. L. Allinger and co-workers at  
     the University of Georgia, Athens, Georgia 30602-2556 USA.            
     (c) Copyright 2003 by N. L. Allinger. All rights reserved.            
                                                                           
     MM4 General Description and Alkanes:                                  
      Allinger,N.L.; Chen,K.; Lii,J.-H. J. Comput. Chem. 1996, 17, 642.    
     Acids/Esters:                                                         
      Lii,J.-H. J. Phys. Chem. A 2002, 106, 8667.                          
     Alcohols/Ethers:                                                      
      Allinger,N.L.; Chen,K.-H.; Lii,J.-H.; Durkin,K., J. Comput. Chem.    
      2003, 24, 1447.                                                      
      Lii,J.-H.; Chen,K.-H.; Durkin,K.; Allinger,N.L., J. Comput. Chem.    
      2003, 24, 1473.                                                      
      Lii,J.-H.; Chen,K.-H.; Grindley,T.B.; Allinger,N.L., J. Comput. Chem.
      2003, 24, 1490.                                                      
      Lii,J.-H.; Chen,K.-H.; Allinger,N.L., J. Comput. Chem. 2003, 24,     
      1504.                                                                
      Lii,J.-H.; Chen,K.-H.; Allinger,N.L., J. Phys. Chem. A 2004, 108,    
      3006.                                                                
     Aldehydes/Ketones:                                                    
      Langley,C.H.; Lii,J.-H.; Allinger,N.L. J. Comput. Chem. 2001, 22,    
      1396, 1426, 1451, 1476.                                              
      Langley,C.H.; Lii,J.-H.; Allinger,N.L. J. Comput. Chem. 2003, 24,    
      1283.                                                                

     %=%=%=%=%=%=%=%=%=%=%=%=%=%=%=%=%=%=%=%=%=%=%=%=%=%=%=%=%=%=%=%=%=%=%=

               CHEMICAL FORMULA :  C(    2)  H(    4)  O(    3) 
               FORMULA WEIGHT   :     76.017
                                                               DATE : 31-MAY-23

           * M M 4 * * * * * * * * * * * 2 0 0 8 *
           *                                     *   PARAMETER RELIABILITY
           *                                     *
           *                                     *   BLANK = GOOD
           *                                     *       B = FAIR
           *                                     *       C = TRIAL
           *                                     *       R = READ IN
           *                                     *       S = SUBSTITUTED
           *                                     *       U = PARAMETER NOT EXIST
           *                                     *
           *                                     *   THIS IS SHOWN AT THE END 
           *                                     *   OF THE LINE.
           * * * * * * * * * * * * * * * * * * * * 


      CONFORMATIONAL ENERGY, PART 3:  GEOMETRY AND STERIC ENERGY
                                      OF FINAL CONFORMATION.

      CONNECTED ATOMS
          1-    2-    5-
          1-    3-

      ATTACHED ATOMS
          1-    4,    2-    6,    2-    7,    3-    8,    5-    9,

      FINAL ATOMIC COORDINATE
           ATOM          X           Y           Z      TYPE
         C(    1)    -0.57377    -0.10002    -0.05374   (  3)
         C(    2)     0.76985    -0.75123    -0.21179   (  1)
         O(    3)    -0.58999     1.29388    -0.12934   ( 75)
         O(    4)    -1.58962    -0.71342     0.15136   ( 77)
         O(    5)     1.79640     0.14002     0.18870   (  6)
         H(    6)     0.73222    -1.71156     0.32715   (  5)
         H(    7)     0.86273    -0.98288    -1.29912   (  5)
         H(    8)    -0.50303     1.67475     0.76515   ( 24)
         H(    9)     2.65436    -0.27335     0.02594   ( 21)


          DIELECTRIC CONSTANT =  1.500


      BOND LENGTHS AND STRETCHING ENERGY   (    8 BONDS)

        ENERGY = 71.94(KS)(DR)(DR)(1-(CS)(DR)+(7/12)((CS)(DR))**2)-
                       (1/4)((CS)(DR))**3)+(31/360)((CS)(DR))**4))
                         DR =  R-RO
                         CS =  3.000 FOR X-Y BONDS
                            =  2.200 FOR X-H BONDS
                                                            R(0)-CORR        CORR
             BOND          R(g)    R(0)    K(S)  ENERGY   E-NEG  MISCEL       KS
      C(    1)- C(    2)  1.5015  1.4908  4.218  0.0336 -0.0267             0.318  
      C(    1)- O(    3)  1.3960  1.3629  4.800  0.3429  0.0285                    
      C(    1)- O(    4)  1.2043  1.2069 10.500  0.0052  0.0110                    
      C(    2)- O(    5)  1.4172  1.4293  4.900  0.0529  0.0103                    
      C(    2)- H(    6)  1.1019  1.1037  4.920  0.0012 -0.0083             0.250  
      C(    2)- H(    7)  1.1156  1.1037  4.920  0.0491 -0.0083             0.250  
      O(    3)- H(    8)  0.9761  0.9790  7.250  0.0045                            
      O(    5)- H(    9)  0.9662  0.9670  7.580  0.0004                            


      NON-BONDED DISTANCES, VDW AND EPR ENERGY   (    17 PAIRS)

              E(VDW) = KV*(1.84(10**5)EXP(-12.00/P) - 2.25(P**6))
              E(EPR) = C*KV*(1.84(10**5)EXP(-12.00/Q) - 2.25(Q**6))
              E(HBD) = EP1-EP2*F(THET1,THET2)*RTH/RTH0
                            EP1 = KHB*2.76(10**5)*EXP(-12.0/P)
                            EP2 = KHB*2.25(P**6)
                              F = FAC*(1+COS(THET1)^N*(1+COS(THET2))^N

            IF P > 3.020, THEN,
              E(VDW) = KV(192.270)(P**2)
              E(HBD) = EP1-EP2*F(THET1,THET2)*RTH/RTH0
                            EP1 = KHB*569.14*P**2
                            EP2 = KHB*187.16*P**2

                       RV = RVDW(I) + RVDW(K)
                       KV = SQRT(EPS(I)*EPS(K))
                      KHB = HYDROGEN BOND ENERGY PARAMETER
                        P = (RV/R) OR (RV/R#)
                        C = SCALE FACTOR
                        Q = RV/R, WHERE R IS MODIFIED DISTANCE
                        N = 1 WHEN Y IS NITROGEN, AND 2 FOR OTHERS
                      FAC = 1/4 WHEN N=1, AND 1/16 WHEN N=2
                    THET1 = ANGLE H-X-Y IN HYDROGEN BOND X-H...Y
                    THET2 = ANGLE X-Y-LP IN HYDROGEN BOND X...Y-LP
                      RTH = BOND LENGTH X-H IN X-H...Y
                     RTH0 = NATURAL BOND LENGTH X-H

          # IN THE VDW CALCULATIONS THE HYDROGEN ATOMS ARE RELOCATED
          SO THAT THE ATTACHED HYDROGEN DISTANCE IS REDUCED BY 0.940

          # IN THE VDW CALCULATIONS THE DEUTERIUM ATOMS ARE RELOCATED
          SO THAT THE ATTACHED DEUTERIUM DISTANCE IS REDUCED BY  0.940

           ATOM PAIR          R       R#       RV      KV       ENERGY
      C(    1), O(    5)   2.3946
      C(    1), H(    6)   2.1090
      C(    1), H(    7)   2.0962
      C(    1), H(    8)   1.9559
      C(    1), H(    9)   3.2338   3.1814   3.540   0.0302    -0.0138  1,4    
      C(    2), O(    3)   2.4573
      C(    2), O(    4)   2.3876
      C(    2), H(    8)   2.9086   2.8742   2.860   0.0236    -0.0264  1,4   C
      C(    2), H(    9)   1.9586
      O(    3), O(    4)   2.2599
      O(    3), O(    5)   2.6697            3.520   0.0600     0.5219  1,4    
      O(    3), H(    6)   3.3150   3.2594   2.850   0.1200    -0.0965  1,4    
      O(    3), H(    7)   2.9432   2.9043   2.850   0.1200    -0.1332  1,4    
      O(    3), H(    9)   3.6064   3.5498   3.360   0.0310    -0.0324         
      O(    4), O(    5)   3.4921            3.520   0.0600    -0.0670  1,4    
      O(    4), H(    6)   2.5334   2.5113   2.850   0.1200    -0.0121  1,4    
      O(    4), H(    7)   2.8619   2.8233   2.850   0.1200    -0.1339  1,4    
      O(    4), H(    8)   2.6946   2.6604   1.620   4.1330    -0.0224   *H   C
      O(    4), H(    9)   4.2686   4.2198   3.360   0.0310    -0.0161         
      O(    5), H(    6)   2.1401
      O(    5), H(    7)   2.0848
      O(    5), H(    8)   2.8240   2.8054   2.140   2.2000    -0.1607    H   C
      H(    6), H(    7)   1.7868
      H(    6), H(    8)   3.6311   3.5562   2.540   0.0160    -0.0046        C
      H(    6), H(    9)   2.4195   2.3523   3.240   0.0165     0.2460  1,4    
      H(    7), H(    8)   3.6317   3.5380   2.540   0.0160    -0.0048        C
      H(    7), H(    9)   2.3386   2.2756   3.240   0.0165     0.3543  1,4    
      H(    8), H(    9)   3.7829   3.7078   2.500   0.0155    -0.0032        C


      BOND ANGLES, BENDING AND STRETCH-BEND ENERGIES   (   11 ANGLES)

          EB = 0.02191418(KB)(DT)(DT)(1+CF*DT+QF*DT**2+PF*DT**3+SF*DT**4)
                          DT = THETA-TZERO
                          CF = -1800.000E-5
                          QF =     7.200E-5
                          PF =     0.135E-5
                          SF =     0.004E-6
          ESS =  143.88(KSTST)(DR1)(DR2)
          ESB =  2.51118(KSB)(DT)(DR1+DR2)
          EBB = -0.02191418(KBB)(DT1)(DT2)
                          DR1 = R1 - R1(0)
                          DR2 = R2 - R2(0)

               A T O M S             THETA    TZERO     KB     EB    KSB   ESB   KSS   ESS
      C(    2)- C(    1)- O(    3)  115.960  112.700  1.850  0.4060             0.90 0.0458
          OUT-PL    1-    4-    1     0.683           9.500  0.0027                          
      C(    2)- C(    1)- O(    4)  123.495  126.900  0.900  0.2428             0.50-0.0020
          OUT-PL    1-    3-    1     0.829           9.500  0.0040                          
      O(    3)- C(    1)- O(    4)  120.531  121.300  1.620  0.0213 0.10-0.0059 0.50-0.0062  
          OUT-PL    1-    2-    1     0.817           6.350  0.0026                          
      C(    1)- C(    2)- O(    5)  110.224  107.500  0.950  0.1470 0.14-0.0013             C
      C(    1)- C(    2)- H(    6)  107.215  107.200  0.680  0.0000 0.21 0.0001-0.10 0.0003  
      C(    1)- C(    2)- H(    7)  105.496  107.200  0.680  0.0446 0.21-0.0205-0.10-0.0018  
      O(    5)- C(    2)- H(    6)  115.761  107.200  0.870  1.1905 0.36-0.1071              
      O(    5)- C(    2)- H(    7)  110.225  107.200  0.870  0.1650 0.36-0.0003              
      H(    6)- C(    2)- H(    7)  107.373  108.950  0.540  0.0303                          
      C(    1)- O(    3)- H(    8)  109.812  106.700  0.630  0.1263                          
      C(    2)- O(    5)- H(    9)  109.060  106.400  0.765  0.1130 0.25-0.0215              


     DIHEDRAL ANGLES, TORSIONAL ENERGY (ET)   (    11 ANGLES)

           ET = (V1/2)(1+COS(W))+(V2/2)(1-COS(2W))+(V3/2)(1+COS(3W))+
                                 (V4/2)(1-COS(4W))+(V6/2)(1+COS(6W))
         EBTB =  0.043828*(KBTB)(DTH1)(COS(W))(DTH2)
         ETS1 = -0.5*(RC-RC0)[KTSC1*(1+COS(W))+KTSC2*(1-COS(2W))+KTSC3*(1+COS(3W))]
         ETS2 = -0.5*(RT-RT0)[KTST1*(1+COS(W))+KTST2*(1-COS(2W))+KTST3*(1+COS(3W))]
          ETB =  2.51124*(DTH)[KTB1(1+COS(W))+KTB2*(1-COS(2W))+KTB3*(1+COS(3W))]
                      RC   = CENTRAL BOND LENGTH
                      RT   = TERMINAL BOND LENGTH
                      DTH1 = THETA1 - TZERO1
                      DTH2 = THETA2 - TZERO2

           SIGN OF ANGLE A-B-C-D : WHEN LOOKING THROUGH B TOWARD C,
           IF D IS COUNTERCLOCKWISE FROM A, NEGATIVE.

                A T O M S                OMEGA    V1     V2     V3     V4     V6     E    KBTB   EBTB
    C(    1) C(    2) O(    5) H(    9) -176.3  0.000  0.000  0.200  0.000  0.000  0.002              C
       TYPE-1-TS                         0.000  0.000  1.559                       0.000
    C(    2) C(    1) O(    3) H(    8)  -92.5  1.299  4.768  1.158 -0.127  0.140  6.037               
       TYPE-1-TS                        -1.000 11.000  0.000                      -0.348
       TYPE-2-TS    4.800  0.000  0.000                      -2.100 -1.500  0.000 -0.032
       TORS-BEND   -0.049  0.000  0.000                      -0.014 -0.006  0.000 -0.581
    O(    3) C(    1) C(    2) O(    5)   26.4  0.492  4.189  0.454  0.549 -0.024  1.913              C
       TYPE-1-TS                        -1.000  3.500  0.500                       0.000
       TYPE-2-TS    0.000  0.000  0.000                       3.000  3.000  0.000  0.041
       TORS-BEND   -0.045  0.000  0.000                      -0.010  0.000  0.000 -0.828
    O(    3) C(    1) C(    2) H(    6)  153.2  1.699  2.689  0.188  0.612  0.010  1.111 -0.060  0.000 
       TYPE-1-TS                         0.000  0.000  0.020                       0.000
       TORS-BEND    0.000  0.000 -0.003                      -0.006 -0.001  0.000 -0.020
    O(    3) C(    1) C(    2) H(    7)  -92.6  1.699  2.689  0.188  0.612  0.010  3.607 -0.060 -0.001 
       TYPE-1-TS                         0.000  0.000  0.020                       0.000
       TORS-BEND    0.000  0.000 -0.003                      -0.006 -0.001  0.000  0.005
    O(    4) C(    1) C(    2) O(    5) -152.2  0.360  4.347  0.090  0.636  0.000  1.436              C
       TYPE-1-TS                         1.000  3.500  1.000                      -0.013
       TORS-BEND    0.000  0.000  0.000                       0.006  0.000  0.000  0.005
    O(    4) C(    1) C(    2) H(    6)  -25.4  1.654  3.380  0.029  0.494 -0.121  2.506 -0.060  0.000 
       TYPE-1-TS                         0.000  0.000  0.020                       0.000
       TYPE-2-TS    0.000  0.000  0.000                      -2.000  3.500  0.000 -0.002
       TORS-BEND    0.000  0.000 -0.002                       0.005 -0.001  0.000  0.021
    O(    4) C(    1) C(    2) H(    7)   88.8  1.654  3.380  0.029  0.494 -0.121  4.237 -0.060  0.000 
       TYPE-1-TS                         0.000  0.000  0.020                       0.000
       TYPE-2-TS    0.000  0.000  0.000                      -2.000  3.500  0.000 -0.030
       TORS-BEND    0.000  0.000 -0.002                       0.005 -0.001  0.000  0.003
    O(    4) C(    1) O(    3) H(    8)   86.2  0.007  4.998  0.802 -0.049 -0.116  5.295               
       TYPE-1-TS                         1.000 11.000  0.000                      -0.380
       TYPE-2-TS   11.600 -6.900  0.000                       2.300 -1.600  0.000 -0.003
       TORS-BEND   -0.046  0.000  0.000                       0.004 -0.006  0.000  0.035
    H(    6) C(    2) O(    5) H(    9)   61.8 -0.267 -0.552  0.336  0.000  0.035 -0.590 -0.060 -0.028 
       TYPE-1-TS                         0.000  0.000  1.559                       0.000
       TYPE-2-TS    0.000  8.599  0.000                       0.000  0.000  0.000  0.012
       TORS-BEND   -0.013 -0.020 -0.004                       0.015 -0.015  0.000 -1.088
    H(    7) C(    2) O(    5) H(    9)  -60.3 -0.267 -0.552  0.336  0.000  0.035 -0.581 -0.060 -0.010 
       TYPE-1-TS                         0.000  0.000  1.559                       0.000
       TYPE-2-TS    0.000  8.599  0.000                       0.000  0.000  0.000 -0.077
       TORS-BEND   -0.013 -0.020 -0.004                       0.015 -0.015  0.000 -0.378

     DIPOLE-DIPOLE INTERACTION ENERGY  (DIELECTRIC CONSTANT = 1.50)

          E = 14.388*MU1*MU2*(COSX-3*COSA*COSB)/(R12**3*DIELC)

               MU1 = BOND MOM OF BOND 1
               MU2 = BOND MOM OF BOND 2
               R12 = DISTANCE BETWEEN MID-POINTS OF TWO BONDS.

          BOND(1)         MU1           BOND(2)         MU2      R12        E
     C(    1)- C(    2) -0.925   + O(    3)- H(    8) -0.890   2.0655    0.8409       
     C(    1)- C(    2) -0.925   + O(    5)- H(    9) -1.660   2.1707   -1.2401       
     C(    1)- O(    3)  0.620   + C(    2)- O(    5)  1.160   2.0735    0.8711       
     C(    1)- O(    3)  0.620   + O(    5)- H(    9) -1.660   2.8915   -0.1088       
     C(    1)- O(    4)  2.000   + C(    2)- O(    5)  1.160   2.3678    1.7655       
     C(    1)- O(    4)  2.000   + O(    3)- H(    8) -0.890   1.9836   -2.0985       
     C(    1)- O(    4)  2.000   + O(    5)- H(    9) -1.660   3.3250   -1.4456       
     C(    2)- O(    5)  1.160   + O(    3)- H(    8) -0.890   2.5807   -0.3509       
     O(    3)- H(    8) -0.890   + O(    5)- H(    9) -1.660   3.1833    0.1202       


 ==============================================================================
                        NORMAL MODE VIBRATIONAL ANALYSIS
 ==============================================================================


             Molecular Shape : ASYMMETRIC ROTOR WITH KAPPA =-0.653825
        Symmetry Point Group : C1  
             Symmetry Number :  1
                   Chirality : yes



0       FUNDAMENTAL NORMAL VIBRATIONAL FREQUENCIES
                ( THEORETICALLY  21 VALUES )

             Frequency :  in 1/cm
             A(i)      :  IR intensity (vs,s,m,w,vw,-- or in 10**6 cm/mole)
             A(i) = -- :  IR inactive


             no       Frequency   Symmetry      A(i)

             1.          3694.0     (A   )       vs
             2.          3637.3     (A   )        m
             3.          3017.7     (A   )        m
             4.          2880.7     (A   )        m
             5.          1773.9     (A   )       vs
             6.          1457.6     (A   )        w
             7.          1390.9     (A   )        w
             8.          1254.8     (A   )       vs
             9.          1217.5     (A   )        s
            10.          1153.3     (A   )        s
            11.          1109.9     (A   )        m
            12.          1069.8     (A   )        m
            13.           896.6     (A   )        w
            14.           764.9     (A   )        s
            15.           637.7     (A   )        w
            16.          -562.2     (imag)        m
            17.           509.4     (A   )        m
            18.           460.7     (A   )        m
            19.           288.3     (A   )        s
            20.           275.8     (A   )        m
            21.            58.1     (A   )        m
            22.     (       0.0)    (t/r )
            23.     (       0.0)    (t/r )
            24.     (       0.0)    (t/r )
            25.     (       0.0)    (t/r )
            26.     (       0.0)    (t/r )
            27.     (       0.0)    (t/r )


0       CORRESPONDING EIGEN VECTOR MATRIX   27 BY  27



 (  1)
     0.000    0.000    0.000    0.000    0.003    0.001    0.000    0.000
     0.000    0.000    0.000    0.000   -0.055    0.023    0.009   -0.002
    -0.008    0.003   -0.002   -0.004   -0.007    0.000   -0.001   -0.002
     0.875   -0.384   -0.150

 (  2)
     0.000   -0.001    0.000    0.000    0.000    0.000    0.006    0.024
     0.056    0.000    0.000    0.000    0.000    0.000    0.000    0.000
     0.000    0.000    0.000    0.000    0.000   -0.088   -0.376   -0.885
    -0.002    0.001    0.000

 (  3)
    -0.002    0.002    0.002   -0.004   -0.075    0.031    0.000    0.000
     0.000    0.000   -0.001    0.000    0.001    0.000    0.004    0.047
     0.866   -0.400    0.002    0.014   -0.030   -0.001    0.000    0.000
     0.008   -0.005   -0.013

 (  4)
    -0.003    0.002   -0.001    0.006   -0.030   -0.072    0.000    0.000
     0.000    0.000    0.000    0.000    0.002    0.002   -0.003   -0.001
     0.032    0.010   -0.061    0.281    0.913    0.000    0.000    0.000
     0.006   -0.015    0.005

 (  5)
     0.201    0.122   -0.039   -0.050   -0.024    0.002   -0.017   -0.016
     0.004   -0.108   -0.063    0.022    0.004    0.005    0.002    0.100
    -0.029    0.006    0.023    0.026   -0.003   -0.008    0.007   -0.009
     0.011    0.018    0.009

 (  6)
    -0.010   -0.003    0.003   -0.019   -0.073   -0.018   -0.001    0.001
     0.000    0.010    0.003   -0.003    0.005    0.001   -0.007   -0.012
     0.190    0.603    0.148    0.656   -0.251   -0.001   -0.001    0.001
    -0.004   -0.025   -0.012

 (  7)
     0.029   -0.010   -0.027    0.149    0.001    0.005   -0.001    0.009
     0.001   -0.038   -0.014    0.009   -0.022    0.021    0.016   -0.375
     0.058    0.071   -0.602    0.079   -0.075   -0.002    0.011    0.001
    -0.185   -0.293   -0.128

 (  8)
     0.109   -0.154    0.012   -0.012    0.083    0.007   -0.019    0.034
    -0.004   -0.036    0.030    0.005   -0.007   -0.031   -0.026   -0.503
     0.122    0.003    0.231    0.052    0.045   -0.008   -0.060    0.037
     0.117    0.213    0.088

 (  9)
    -0.018    0.050    0.049    0.019   -0.045   -0.013    0.005   -0.002
    -0.007   -0.006   -0.020   -0.002    0.003    0.059   -0.001   -0.406
    -0.084   -0.130    0.592   -0.070    0.026    0.005   -0.070    0.021
    -0.243   -0.435   -0.191

 ( 10)
     0.060   -0.107   -0.005   -0.137   -0.076   -0.042   -0.026    0.021
    -0.001    0.028    0.048   -0.007    0.075    0.096    0.051    0.047
    -0.080   -0.015   -0.250   -0.104   -0.043   -0.016   -0.036    0.024
    -0.089   -0.227   -0.093

 ( 11)
     0.047   -0.079    0.001    0.038    0.085    0.008   -0.011    0.035
    -0.009   -0.023    0.024    0.003   -0.061   -0.035   -0.002    0.571
     0.103    0.095    0.172   -0.004    0.049    0.002   -0.128    0.060
    -0.259   -0.411   -0.186

 ( 12)
     0.012   -0.032   -0.070   -0.013    0.027    0.018    0.001   -0.067
     0.063    0.012    0.024    0.004   -0.009    0.001   -0.005   -0.017
     0.011   -0.027    0.109    0.040    0.022   -0.057    0.791   -0.296
    -0.076   -0.129   -0.059

 ( 13)
     0.010   -0.019   -0.062   -0.005   -0.042    0.158   -0.016    0.018
    -0.001    0.025    0.022    0.003   -0.012    0.007   -0.052    0.040
    -0.318   -0.439   -0.015    0.480   -0.003   -0.010   -0.122    0.058
    -0.024   -0.055    0.040

 ( 14)
     0.044    0.070    0.013   -0.079    0.098    0.023   -0.013   -0.140
    -0.007    0.098    0.051   -0.020   -0.033   -0.024   -0.004   -0.176
     0.124    0.059   -0.142    0.049    0.038    0.000   -0.263    0.042
    -0.095   -0.131   -0.068

 ( 15)
     0.070    0.018    0.070    0.101   -0.115   -0.036   -0.112   -0.023
     0.009    0.032    0.115   -0.027   -0.051   -0.017   -0.008    0.077
    -0.105   -0.013    0.064   -0.113   -0.036   -0.127    0.048   -0.021
     0.033    0.141    0.062

 ( 16)
    -0.001   -0.001    0.010    0.004   -0.001    0.017   -0.062    0.000
     0.007    0.000   -0.006   -0.026    0.001    0.005    0.003    0.003
     0.003    0.021    0.000   -0.008    0.017    0.949    0.034   -0.108
     0.000    0.005    0.003

 ( 17)
    -0.034    0.008   -0.212    0.036   -0.023    0.007   -0.044   -0.018
     0.046   -0.001    0.050    0.067    0.031    0.001    0.021   -0.050
     0.066    0.179    0.181   -0.210    0.065    0.023   -0.252    0.141
     0.041    0.061   -0.085

 ( 18)
     0.042    0.032   -0.039   -0.050   -0.035    0.020   -0.025    0.129
     0.008    0.132   -0.074    0.001   -0.083   -0.052   -0.001   -0.139
     0.024    0.128   -0.039   -0.164    0.059   -0.031    0.120    0.013
    -0.078    0.000   -0.096

 ( 19)
     0.012   -0.013   -0.033   -0.003   -0.019   -0.042    0.050   -0.009
     0.023    0.015    0.002    0.026   -0.075    0.053   -0.046    0.009
     0.030    0.030    0.010   -0.084   -0.032    0.077   -0.052    0.039
    -0.054   -0.234    0.800

 ( 20)
     0.022   -0.037   -0.014   -0.005   -0.052   -0.015    0.123   -0.037
     0.007   -0.008    0.020    0.011   -0.135    0.069    0.027    0.020
    -0.061   -0.032    0.026   -0.006   -0.016    0.138   -0.065    0.018
    -0.066    0.363   -0.344

 ( 21)
     0.001    0.007   -0.026    0.005    0.033   -0.127   -0.024    0.003
    -0.069    0.033   -0.001    0.106   -0.019   -0.045    0.113   -0.013
    -0.085   -0.341    0.054    0.287   -0.178    0.059    0.029   -0.089
    -0.009   -0.006    0.067

 ( 22)
    -0.003   -0.009    0.026    0.011    0.051   -0.105   -0.054   -0.003
     0.160    0.028   -0.063    0.021    0.002    0.047   -0.073    0.071
    -0.002   -0.194   -0.038    0.157   -0.132   -0.020   -0.085    0.192
     0.007    0.092   -0.157

 ( 23)
    -0.040    0.002   -0.022   -0.073   -0.051   -0.082    0.007    0.000
    -0.056   -0.051    0.044    0.050   -0.018   -0.079   -0.162   -0.077
    -0.037   -0.056   -0.143   -0.082   -0.081    0.071    0.019   -0.070
    -0.042   -0.114   -0.200

 ( 24)
     0.080    0.059   -0.059    0.076    0.053   -0.068    0.089    0.060
    -0.043    0.077    0.063   -0.066    0.082    0.042   -0.058    0.071
     0.047   -0.079    0.074    0.065   -0.070    0.092    0.049   -0.039
     0.079    0.038   -0.064

 ( 25)
    -0.051    0.082   -0.018   -0.072    0.040   -0.028    0.006    0.088
     0.077   -0.080    0.108   -0.086   -0.048   -0.027    0.059   -0.123
     0.005   -0.095   -0.053    0.111   -0.042   -0.002    0.023    0.105
    -0.059   -0.050    0.053

 ( 26)
    -0.048   -0.006   -0.080   -0.016    0.050   -0.038   -0.107   -0.007
    -0.103   -0.027   -0.046   -0.095   -0.064    0.101   -0.028    0.012
     0.057   -0.023    0.020    0.037   -0.032   -0.145    0.011   -0.107
    -0.043    0.135    0.000

 ( 27)
    -0.016    0.070    0.068   -0.015    0.074    0.064   -0.033    0.065
    -0.021   -0.003    0.072    0.141   -0.011    0.110   -0.027    0.013
     0.108    0.127   -0.049    0.005    0.076   -0.007    0.123   -0.048
    -0.012    0.108   -0.029


                VIBRATIONAL AMPLITUDE AND CENTRIFUGAL DISTORTION
                 CONTRIBUTIONS TO THE BOND LENGTH AT   298.16 K

                 Note: Excludes contributions from frequencies
                       lower than 40 (1/cm).

                R(e)   = r(mm4) - 1.5 * anh * <Z**2>(298.16)
                R(z)   = R(e) + 1.5 * anh * <Z**2>(0) - <K>(0))
                R(s)   = [R(e) + R(z)] / 2
                R(alp) = R(e) + 1.5 * anh * <Z**2>(T) - <K>(T) - <C>(T)
                R(g)   = R(e) + 1.5 * anh * <Z**2>(T)
                R(a)   = [R(g) + sqrt(R(g)**2-4*<Z**2>(T))] / 2

                       anh = anharmonicity (2.00)
                    <Z**2> = mean-square vibrational amplitude
                       <K> = perpendicular vibrational amplitude
                       <C> = centrifugal correction

        BOND          R(g)      R(z)      R(e)     R(alp)     R(s)      R(a)
    2( C)-  1( C)    1.5015    1.4984    1.4934    1.4979    1.4959    1.4997
    3( O)-  1( C)    1.3960    1.3934    1.3880    1.3930    1.3907    1.3941
    4( O)-  1( C)    1.2043    1.1997    1.1999    1.1989    1.1999    1.2031
    5( O)-  2( C)    1.4172    1.4096    1.4107    1.4082    1.4107    1.4157
    6( H)-  2( C)    1.1019    1.0846    1.0836    1.0835    1.0841    1.0963
    7( H)-  2( C)    1.1156    1.0983    1.0965    1.0970    1.0974    1.1099
    8( H)-  3( O)    0.9761    0.9667    0.9614    0.9662    0.9641    0.9711
    9( H)-  5( O)    0.9662    0.9398    0.9517    0.9381    0.9517    0.9611


                  Non-Bonded Atom Pair Distance Table
        (Distance greater than 82% of VDW distance are not printed)

        PAIR        Dist(g)   Dist(z)
    5( O),  3( O)    2.6697    2.6736       1,4
    6( H),  4( O)    2.5334    2.5231       1,4
    9( H),  6( H)    2.4195    2.3930       1,4
    9( H),  7( H)    2.3386    2.3140       1,4


         THE MOMENTS OF INERTIA CALCULATED FROM R(g), R(z) VALUES
                  (also from R(e), R(alpha), R(s) VALUES)

         Note: (1) All calculations are based on principle isotopes.
               (2) R(z) values include harmonic vibration (Coriolis)
                   contribution indicated in parentheses.
               (3) This molecule contains frequencies lower than
                   40 (1/cm).  The vibrational amplitudes 
                   contributed by those frequencies are excluded.


   (1)  UNIT = 10**(-39) GM*CM**2

                    IX                   IY                   IZ

   R(e)         8.7207              19.9767              27.3518
   R(z)         8.7280(-0.0243)     20.0858(-0.0072)     27.5148( 0.0075)

   (2)  UNIT = AU A**2

                    IX                   IY                   IZ

   R(e)        52.5231             120.3156             164.7343
   R(z)        52.5673(-0.1461)    120.9725(-0.0433)    165.7163( 0.0453)


 ==============================================================================
                      STATISTICAL THERMODYNAMICS ANALYSIS
 ==============================================================================

  Structure name    : glycolic acid-sk                                            
  Temperature       :   298.16 K
  Symmetry number   :   1
  Optical isomers   :   2
  Zero Point Energy :   39.386 Kcal/mol


                     ENERGY** ENTHALPY**  ENTROPY  FREE ENERGY** HEAT CAPACITY**
                  (Kcal/mol) (Kcal/mol)     (eu)   (Kcal/mol)    (cal/mol/deg)
  Translational       0.889      0.889     38.904    -10.711         2.981
     Rotational       0.889      0.889     25.397     -6.684         2.981
    Vibrational*     41.003%    41.003%    10.019     38.016%       11.519
         PV(RT)       0.000      0.593      0.000      0.593         1.987
      Potential      20.876#    20.876#     0.000     20.876#        0.000
         Mixing       0.000      0.000      1.377     -0.411         0.000
          Total*     63.656     64.249     75.698     41.679        19.468

  Enthalpy Function (H-Ho)/T     =   13.37 cal/mol/deg
  Free Energy Function -(G-Ho)/T =   62.32 cal/mol/deg

  % Includes zero point energy (ZPE).
  * Excludes contribution from frequencies lower than 10 (1/cm).
  # Includes steric energy (SE).
    Internal rotation contributions are not considered
 ** These quantities are relative to the R(e) values (
    bottom of potential well) and do NOT include bonding

  This structure has   1 imaginary frequencies,
                       0 free internal rotation (fir) frequencies
                         (>= 0,< 10 /cm),
                       0 restricted internal rotation (rir) frequencies
                         (>= 10,< 40 /cm),
                       6 zero frequencies, and
                      20 real frequencies.


      FINAL STERIC ENERGY IS               20.8757 KCAL/MOL.


                  COMPRESSION               0.4897
                  STRETCH-STRETCH           0.0360
                  BENDING                   2.4961
                  BEND-BEND                -0.0200
                  STRETCH-BEND             -0.1565
                  VANDERWAALS
                    1,4 ENERGY              0.6394
                    OTHER                  -0.0611
                  H-BONDING                -0.1831
                  PI-COMPLX                 0.0000
                  TORSIONAL                24.9721
                  TORSION-STRETCH          -0.8323
                  TORSION-BEND             -2.8269
                  BEND-TORSION-BEND        -0.0395
                  TORSION-IMPT              0.0000
                  IMPT-TORSION-IMPT         0.0000
                  TORSION-TORSION           0.0000
                  DIPOLE-DIPOLE            -1.6464
                  CHARGE-DIPOLE             0.0000
                  IND-DIP CORR.            -1.9917
                  CHARGE-CHARGE             0.0000


      MOLECULAR POLARIZABILITIES (A**3)

        ALPHA(1)   =       7.32
        ALPHA(2)   =       6.06
        ALPHA(3)   =       4.53
        AVG. ALPHA =       5.97


      DIPOLE MOMENT =          3.4208 D

        SIGMA-DIPOLE MOMENT =  3.4208 (X = -3.2352    Y =  1.0940    Z =  0.1963)


      DIPOLE MOMENT =          3.6205 D (INCLUDES INDUCED BOND MOMENTS)

        SIGMA-DIPOLE MOMENT =  3.6205 (X = -3.6004    Y =  0.0555    Z = -0.3776)


      OTHER MOLECULAR PROPERTIES:

        Molar Polarizability:    16.3474 cm**3/mole
        Molar Refraction:        15.0554 cm**3/mole
        Radius of Gyration:       2.1182 A
        Molecular VDW Surface:  107.9216 A**2
        Molecular VDW Volume:    93.2484 A**3
        Dispersion Energy:       -2.8990 Kcal/mole
        Density (gas):          0.003108 g/cm**3 (@  298.2 K, 1 atm)
        Density (cdn):            1.1732 g/cm**3 (@STP Estd.)
        Ref. Index (gas):       1.000924 (@  298.2 K, 1 atm)
        Ref. Index (cdn):         1.3814 (@STP Estd.)
        Diel. Constant (gas):     1.0317 (@  298.2 K, 1 atm)
        Diel. Constant (cdn):    92.2976 (@STP Estd.)



      TOTAL ATOMIC CHARGE ON EACH ATOM (in ELECTRON CHARGE)

           C(    1):          0.231
           C(    2):          0.280
           O(    3):         -0.380
           O(    4):         -0.339
           O(    5):         -0.553
           H(    6):          0.009
           H(    7):          0.010
           H(    8):          0.362
           H(    9):          0.380

      -----------------------------------------------------------------

        END OF glycolic acid-sk                                            


           TOTAL CPU TIME IS      0.14 SECONDS.

           THIS JOB COMPLETED AT    09:36:31
