 
               ---------------------------------------------
               WARNING : INCORRECT ATOM TYPES GIVEN IN INPUT
                         DATA ARE CORRECTED AS FOLLOWS
               ---------------------------------------------


             Atom type of atom    1 is replaced by   1 (was   0)
             Atom type of atom    2 is replaced by   3 (was   0)
             Atom type of atom    3 is replaced by  78 (was   0)
             Atom type of atom    4 is replaced by  75 (was   0)
             Atom type of atom    5 is replaced by   1 (was   0)
             Atom type of atom    6 is replaced by   5 (was   0)
             Atom type of atom    7 is replaced by   5 (was   0)
             Atom type of atom    8 is replaced by   5 (was   0)
             Atom type of atom    9 is replaced by   5 (was   0)
             Atom type of atom   10 is replaced by   5 (was   0)
             Atom type of atom   11 is replaced by   5 (was   0)
 
     Me-acetate-Z-lp                                             

               CHEMICAL FORMULA :  C(    3)  H(    6)  O(    2) 
               FORMULA WEIGHT   :     74.038
                                                               DATE 31-MAY-23
                                                               TIME  10:37:54


          THE COORDINATES OF    11 ATOMS ARE READ IN.
          SOME CONSTANTS WILL BE READ IN.

      CONFORMATIONAL ENERGY, PART 1:  GEOMETRY AND STERIC ENERGY
                                      OF INITIAL CONFORMATION.


      CONNECTED ATOMS
          1-    2-    4-    5-

      ATTACHED ATOMS
          1-    9,    1-   10,    1-   11,    2-    3,    5-    6,    5-    7,
          5-    8,

      INITIAL ATOMIC COORDINATES
           ATOM          X           Y           Z      TYPE
         C(    1)    -2.02092    -0.04709     0.00013   (  1)
         C(    2)    -0.69873     0.59591    -0.00004   (  3)
         O(    3)    -0.63345     1.84996    -0.00007   ( 78)
         O(    4)     0.39376    -0.21840    -0.00032   ( 75)
         C(    5)     1.69663     0.38997     0.00018   (  1)
         H(    6)     2.44576    -0.40188    -0.00011   (  5)
         H(    7)     1.84252     1.00235    -0.89255   (  5)
         H(    8)     1.84227     1.00147     0.89356   (  5)
         H(    9)    -2.12158    -0.67254    -0.88806   (  5)
         H(   10)    -2.12150    -0.67218     0.88858   (  5)
         H(   11)    -2.82474     0.69243     0.00001   (  5)

        %=%=%=%=%=%=%=%=%=%=%=%=%=%=%=%=%=%=%=%=%=%=%=%=%=%=%=

        MM4(08)-v010108: (Const:V010108-00)

        The Parameters Used in This Calculation Can be Found
        in the Publication(s) Listed in the PART 3

        %=%=%=%=%=%=%=%=%=%=%=%=%=%=%=%=%=%=%=%=%=%=%=%=%=%=%=


          DIELECTRIC CONSTANT =  1.500


      INITIAL STERIC ENERGY IS             18.4347 KCAL/MOL.

                  COMPRESSION               2.2953
                  STRETCH-STRETCH          -0.1199
                  BENDING                   4.8269
                  BEND-BEND                -0.1500
                  STRETCH-BEND             -0.1276
                  VANDERWAALS
                    1,4 ENERGY              0.5990
                    OTHER                  -0.4398
                  H-BONDING                 0.0000
                  PI-COMPLX                 0.0000
                  TORSIONAL                15.8161
                  TORSION-STRETCH          -0.2091
                  TORSION-BEND             -1.2571
                  BEND-TORSION-BEND         0.0715
                  TORSION-IMPT              0.0000
                  IMPT-TORSION-IMPT         0.0000
                  TORSION-TORSION           0.0000
                  DIPOLE-DIPOLE            -1.0035
                  CHARGE-DIPOLE             0.0000
                  IND_DIP CORR.            -1.8670
                  CHARGE-CHARGE             0.0000


      MOMENT OF INERTIA ( R(g) ) WITH THE PRINCIPAL AXES

          (1)  UNIT = 10**(-39) GM*CM**2
               IX=    8.0365    IY=   21.2077    IZ=   28.1820

          (2)  UNIT = AU A**2
               IX=   48.4037    IY=  127.7340    IZ=  169.7401


      MOLECULAR POLARIZABILITIES (A**3)

        ALPHA(1)   =       8.36
        ALPHA(2)   =       7.00
        ALPHA(3)   =       5.33
        AVG. ALPHA =       6.90


      DIPOLE MOMENT =          2.0668 D

        SIGMA-DIPOLE MOMENT =  2.0668 (X =  0.9799    Y =  1.8198    Z = -0.0005)


      DIPOLE MOMENT =          1.7173 D (INCLUDES INDUCED BOND MOMENTS)

        SIGMA-DIPOLE MOMENT =  1.7173 (X = -0.1101    Y =  1.7138    Z = -0.0006)


      OTHER MOLECULAR PROPERTIES:

        Molar Polarizability:    17.6853 cm**3/mole
        Molar Refraction:        17.3946 cm**3/mole
        Radius of Gyration:       2.1619 A
        Molecular VDW Surface:  143.3377 A**2
        Molecular VDW Volume:   117.0424 A**3
        Dispersion Energy:       -4.4747 Kcal/mole
        Density (gas):          0.003027 g/cm**3 (@  298.2 K, 1 atm)
        Density (cdn):            0.8939 g/cm**3 (@STP Estd.)
        Ref. Index (gas):       1.001067 (@  298.2 K, 1 atm)
        Ref. Index (cdn):         1.3409 (@STP Estd.)
        Diel. Constant (gas):     1.0088 (@  298.2 K, 1 atm)
        Diel. Constant (cdn):    16.1822 (@STP Estd.)



      CPU TIME FOR INITIAL CALCULATION IS     0.03 SECONDS.
 


     Me-acetate-Z-lp                                             


     CONFORMATIONAL ENERGY, PART 2: GEOMETRY MINIMIZATION

               GEOMETRY OPTIMIZATION IS CONTINUED UNTIL ATOM
               MOVEMENT CONVERGES WITHIN FOLLOWING VALUES:

                         AVERAGE MOVEMENT  0.00010 A
                         MAXIMUM MOVEMENT  0.00099 A



     <<<<<<<<<<<<<<<<<<<<<<<<<<  C Y C L E   1 >>>>>>>>>>>>>>>>>>>>>>>>>>

                              (CH)-MOVEMENT = 0

     ITER    1  AVG. MOVE = 0.02013 A  (MAX MOVE: ATOM     9   0.11899 A)
     ITER    2  AVG. MOVE = 0.00434 A  (MAX MOVE: ATOM     3   0.02399 A)
     ITER    3  AVG. MOVE = 0.00247 A  (MAX MOVE: ATOM     9   0.01020 A)
     ITER    4  AVG. MOVE = 0.00155 A  (MAX MOVE: ATOM    10   0.00655 A)
     ITER    5  AVG. MOVE = 0.00102 A  (MAX MOVE: ATOM    10   0.00445 A)
     ITER    6  AVG. MOVE = 0.00068 A  (MAX MOVE: ATOM    10   0.00309 A)
     ITER    7  AVG. MOVE = 0.00047 A  (MAX MOVE: ATOM    10   0.00219 A)
     ITER    8  AVG. MOVE = 0.00032 A  (MAX MOVE: ATOM    10   0.00160 A)
     ITER    9  AVG. MOVE = 0.00023 A  (MAX MOVE: ATOM    10   0.00121 A)
     ITER   10  AVG. MOVE = 0.00017 A  (MAX MOVE: ATOM    10   0.00095 A)
     ITER   11  AVG. MOVE = 0.00013 A  (MAX MOVE: ATOM    10   0.00078 A)
     ITER   12  AVG. MOVE = 0.00010 A  (MAX MOVE: ATOM    10   0.00066 A)


              * * * * * * * * * GEOMETRY IS OPTIMIZED * * * * * * * * *

               WITHIN : AVERAGE MOVEMENT  0.00010 A (LIMIT  0.00010 A)
                        MAXIMUM MOVEMENT  0.00066 A (LIMIT  0.00099 A)

               GRADIENT
                 RMS GRADIENT                  0.027473 KCAL/MOL/A

                 MAX GRADIENT
                   X-DIRECTION : ATOM #    1   0.098255 KCAL/MOL/A
                   Y-DIRECTION : ATOM #   11   0.027843 KCAL/MOL/A
                   Z-DIRECTION : ATOM #    4   0.014869 KCAL/MOL/A

        DELTA TIME =    0.00 SEC.       TOTAL CPU TIME =      0.03 SEC.


                            =====================
                            FULL-MATRIX OPTIMIZER
                            =====================


     iter.  rms force   max force   avg. move    max move  atom  convg  d-time

        0    0.030709    0.128694   0.00223 A   0.02189 A   10    [N]     0.0s
        1    0.048450    0.126374   0.00003 A   0.00033 A    9    [N]     0.0s
        2    0.000037    0.000071                                 [Y]     0.0s


      TOTAL ENERGY IS     12.7388 KCAL/MOL.

        COMPRESS    0.0883      VDW 1,4    1.1609      DIPL-DIPL   -1.0978
        STR-STR    -0.0016        OTHER   -0.3745      CHRG-DIPL    0.0000
        BENDING     1.3122      TORSION   15.5971      CHRG-CHRG    0.0000
        BEND-BEND  -0.0583      TOR-STR   -0.1050      EPR          0.0000
        STR-BEND    0.0482      TOR-BEND  -1.8913      TOR-BENBEN  -0.0003
        TOR-IMPT    0.0000      TOR-IPIP   0.0000      TORS-TORS    0.0000
        IND-DIP    -1.9392      H-BOND     0.0000      PI-COMPLX    0.0000
0     DELTA(T) =     0.0 SEC.          ELAPSED TIME =     0.0 SEC.


    * * * ENERGY IS STATIONARY WITHIN RMS OF FORCES   0.00014  Kcal/mol/A * * *

                 * * * *  RMS FORCE IS   0.00004 Kcal/mol/A * * * *

 
     Me-acetate-Z-lp                                             


     %=%=%=%=%=%=%=%=%=%=%=%=%=%=%=%=%=%=%=%=%=%=%=%=%=%=%=%=%=%=%=%=%=%=%=

     The Parameters Used in This Calculation Can be Found in the Following
     Publication(s):

     The MM4 Program is Developed by Dr. N. L. Allinger and co-workers at  
     the University of Georgia, Athens, Georgia 30602-2556 USA.            
     (c) Copyright 2003 by N. L. Allinger. All rights reserved.            
                                                                           
     MM4 General Description and Alkanes:                                  
      Allinger,N.L.; Chen,K.; Lii,J.-H. J. Comput. Chem. 1996, 17, 642.    
     Acids/Esters:                                                         
      Lii,J.-H. J. Phys. Chem. A 2002, 106, 8667.                          
     Aldehydes/Ketones:                                                    
      Langley,C.H.; Lii,J.-H.; Allinger,N.L. J. Comput. Chem. 2001, 22,    
      1396, 1426, 1451, 1476.                                              
      Langley,C.H.; Lii,J.-H.; Allinger,N.L. J. Comput. Chem. 2003, 24,    
      1283.                                                                

     %=%=%=%=%=%=%=%=%=%=%=%=%=%=%=%=%=%=%=%=%=%=%=%=%=%=%=%=%=%=%=%=%=%=%=

               CHEMICAL FORMULA :  C(    3)  H(    6)  O(    2) 
               FORMULA WEIGHT   :     74.038
                                                               DATE : 31-MAY-23

           * M M 4 * * * * * * * * * * * 2 0 0 8 *
           *                                     *   PARAMETER RELIABILITY
           *                                     *
           *                                     *   BLANK = GOOD
           *                                     *       B = FAIR
           *                                     *       C = TRIAL
           *                                     *       R = READ IN
           *                                     *       S = SUBSTITUTED
           *                                     *       U = PARAMETER NOT EXIST
           *                                     *
           *                                     *   THIS IS SHOWN AT THE END 
           *                                     *   OF THE LINE.
           * * * * * * * * * * * * * * * * * * * * 


      CONFORMATIONAL ENERGY, PART 3:  GEOMETRY AND STERIC ENERGY
                                      OF FINAL CONFORMATION.

      CONNECTED ATOMS
          1-    2-    4-    5-

      ATTACHED ATOMS
          1-    9,    1-   10,    1-   11,    2-    3,    5-    6,    5-    7,
          5-    8,

      FINAL ATOMIC COORDINATE
           ATOM          X           Y           Z      TYPE
         C(    1)     1.76969     0.61851     0.00000   (  1)
         C(    2)     0.46144    -0.12778     0.00000   (  3)
         O(    3)     0.33535    -1.33645     0.00000   ( 78)
         O(    4)    -0.57905     0.73517     0.00000   ( 75)
         C(    5)    -1.88076     0.11210     0.00000   (  1)
         H(    6)    -2.61385     0.93870     0.00000   (  5)
         H(    7)    -1.98849    -0.51736    -0.90334   (  5)
         H(    8)    -1.98849    -0.51736     0.90334   (  5)
         H(    9)     1.83678     1.27577    -0.88986   (  5)
         H(   10)     1.83674     1.27584     0.88981   (  5)
         H(   11)     2.61079    -0.09462     0.00004   (  5)


          DIELECTRIC CONSTANT =  1.500


      BOND LENGTHS AND STRETCHING ENERGY   (   10 BONDS)

        ENERGY = 71.94(KS)(DR)(DR)(1-(CS)(DR)+(7/12)((CS)(DR))**2)-
                       (1/4)((CS)(DR))**3)+(31/360)((CS)(DR))**4))
                         DR =  R-RO
                         CS =  3.000 FOR X-Y BONDS
                            =  2.200 FOR X-H BONDS
                                                            R(0)-CORR        CORR
             BOND          R(g)    R(0)    K(S)  ENERGY   E-NEG  MISCEL       KS
      C(    1)- C(    2)  1.5061  1.5075  4.019  0.0005 -0.0100             0.119  
      C(    1)- H(    9)  1.1083  1.1058  4.926  0.0023 -0.0062             0.186  
      C(    1)- H(   10)  1.1083  1.1058  4.926  0.0023 -0.0062             0.186  
      C(    1)- H(   11)  1.1027  1.1058  4.926  0.0033 -0.0062             0.186  
      C(    2)- O(    3)  1.2152  1.2096  9.500  0.0213  0.0132                    
      C(    2)- O(    4)  1.3518  1.3425  4.800  0.0288  0.0081                    
      O(    4)- C(    5)  1.4431  1.4341  5.100  0.0292  0.0220                    
      C(    5)- H(    6)  1.1048  1.1055  4.935  0.0001 -0.0065             0.195  
      C(    5)- H(    7)  1.1063  1.1055  4.935  0.0002 -0.0065             0.195  
      C(    5)- H(    8)  1.1063  1.1055  4.935  0.0002 -0.0065             0.195  


      NON-BONDED DISTANCES, VDW AND EPR ENERGY   (    29 PAIRS)

              E(VDW) = KV*(1.84(10**5)EXP(-12.00/P) - 2.25(P**6))
              E(EPR) = C*KV*(1.84(10**5)EXP(-12.00/Q) - 2.25(Q**6))
              E(HBD) = EP1-EP2*F(THET1,THET2)*RTH/RTH0
                            EP1 = KHB*2.76(10**5)*EXP(-12.0/P)
                            EP2 = KHB*2.25(P**6)
                              F = FAC*(1+COS(THET1)^N*(1+COS(THET2))^N

            IF P > 3.020, THEN,
              E(VDW) = KV(192.270)(P**2)
              E(HBD) = EP1-EP2*F(THET1,THET2)*RTH/RTH0
                            EP1 = KHB*569.14*P**2
                            EP2 = KHB*187.16*P**2

                       RV = RVDW(I) + RVDW(K)
                       KV = SQRT(EPS(I)*EPS(K))
                      KHB = HYDROGEN BOND ENERGY PARAMETER
                        P = (RV/R) OR (RV/R#)
                        C = SCALE FACTOR
                        Q = RV/R, WHERE R IS MODIFIED DISTANCE
                        N = 1 WHEN Y IS NITROGEN, AND 2 FOR OTHERS
                      FAC = 1/4 WHEN N=1, AND 1/16 WHEN N=2
                    THET1 = ANGLE H-X-Y IN HYDROGEN BOND X-H...Y
                    THET2 = ANGLE X-Y-LP IN HYDROGEN BOND X...Y-LP
                      RTH = BOND LENGTH X-H IN X-H...Y
                     RTH0 = NATURAL BOND LENGTH X-H

          # IN THE VDW CALCULATIONS THE HYDROGEN ATOMS ARE RELOCATED
          SO THAT THE ATTACHED HYDROGEN DISTANCE IS REDUCED BY 0.940

          # IN THE VDW CALCULATIONS THE DEUTERIUM ATOMS ARE RELOCATED
          SO THAT THE ATTACHED DEUTERIUM DISTANCE IS REDUCED BY  0.940

           ATOM PAIR          R       R#       RV      KV       ENERGY
      C(    1), O(    3)   2.4247
      C(    1), O(    4)   2.3516
      C(    1), C(    5)   3.6854            3.920   0.0370    -0.0348  1,4    
      C(    1), H(    6)   4.3952   4.3480   3.440   0.0240    -0.0121         
      C(    1), H(    7)   4.0287   4.0003   3.440   0.0240    -0.0180         
      C(    1), H(    8)   4.0287   4.0003   3.440   0.0240    -0.0180         
      C(    2), C(    5)   2.3545
      C(    2), H(    6)   3.2550   3.1973   3.580   0.0311    -0.0111  1,4    
      C(    2), H(    7)   2.6401   2.6106   3.580   0.0311     0.4412  1,4    
      C(    2), H(    8)   2.6401   2.6106   3.580   0.0311     0.4412  1,4    
      C(    2), H(    9)   2.1572
      C(    2), H(   10)   2.1572
      C(    2), H(   11)   2.1496
      O(    3), O(    4)   2.2645
      O(    3), C(    5)   2.6475            3.720   0.0471     0.8783  1,4    
      O(    3), H(    6)   3.7248   3.6597   2.850   0.1200    -0.0557         
      O(    3), H(    7)   2.6243   2.6126   2.850   0.1200    -0.0863         
      O(    3), H(    8)   2.6243   2.6126   2.850   0.1200    -0.0863         
      O(    3), H(    9)   3.1416   3.0921   2.850   0.1200    -0.1166  1,4    
      O(    3), H(   10)   3.1417   3.0921   2.850   0.1200    -0.1166  1,4    
      O(    3), H(   11)   2.5922   2.5692   2.850   0.1200    -0.0606  1,4    
      O(    4), H(    6)   2.0449
      O(    4), H(    7)   2.0908
      O(    4), H(    8)   2.0908
      O(    4), H(    9)   2.6307   2.6015   2.850   0.1200    -0.0805  1,4    
      O(    4), H(   10)   2.6306   2.6014   2.850   0.1200    -0.0805  1,4    
      O(    4), H(   11)   3.2960   3.2365   2.850   0.1200    -0.0992  1,4    
      C(    5), H(    9)   3.9958   3.9691   3.440   0.0240    -0.0186         
      C(    5), H(   10)   3.9957   3.9691   3.440   0.0240    -0.0186         
      C(    5), H(   11)   4.4963   4.4441   3.440   0.0240    -0.0108         
      H(    6), H(    7)   1.8241
      H(    6), H(    8)   1.8241
      H(    6), H(    9)   4.5512   4.4948   3.280   0.0170    -0.0056         
      H(    6), H(   10)   4.5512   4.4948   3.280   0.0170    -0.0056         
      H(    6), H(   11)   5.3258   5.2158   3.280   0.0170    -0.0023         
      H(    7), H(    8)   1.8067
      H(    7), H(    9)   4.2247   4.1830   3.280   0.0170    -0.0082         
      H(    7), H(   10)   4.5895   4.5098   3.280   0.0170    -0.0054         
      H(    7), H(   11)   4.7062   4.6408   3.280   0.0170    -0.0046         
      H(    8), H(    9)   4.5895   4.5098   3.280   0.0170    -0.0054         
      H(    8), H(   10)   4.2247   4.1830   3.280   0.0170    -0.0082         
      H(    8), H(   11)   4.7062   4.6408   3.280   0.0170    -0.0046         
      H(    9), H(   10)   1.7797
      H(    9), H(   11)   1.8080
      H(   10), H(   11)   1.8080


      BOND ANGLES, BENDING AND STRETCH-BEND ENERGIES   (   16 ANGLES)

          EB = 0.02191418(KB)(DT)(DT)(1+CF*DT+QF*DT**2+PF*DT**3+SF*DT**4)
                          DT = THETA-TZERO
                          CF = -1800.000E-5
                          QF =     7.200E-5
                          PF =     0.135E-5
                          SF =     0.004E-6
          ESS =  143.88(KSTST)(DR1)(DR2)
          ESB =  2.51118(KSB)(DT)(DR1+DR2)
          EBB = -0.02191418(KBB)(DT1)(DT2)
                          DR1 = R1 - R1(0)
                          DR2 = R2 - R2(0)

               A T O M S             THETA    TZERO     KB     EB    KSB   ESB   KSS   ESS
      C(    2)- C(    1)- H(    9)  110.269  109.500  0.680  0.0087 0.21 0.0005-0.10 0.0000  
      C(    2)- C(    1)- H(   10)  110.269  109.500  0.680  0.0087 0.21 0.0005-0.10 0.0000  
      C(    2)- C(    1)- H(   11)  110.005  109.500  0.680  0.0038 0.21-0.0012-0.10-0.0001  
      H(    9)- C(    1)- H(   10)  106.811  108.600  0.540  0.0391                          
      H(    9)- C(    1)- H(   11)  109.717  108.600  0.540  0.0145                          
      H(   10)- C(    1)- H(   11)  109.717  108.600  0.540  0.0145                          
      C(    1)- C(    2)- O(    3)  125.658  126.900  0.900  0.0311
          OUT-PL    2-    4-    2     0.000           9.500  0.0000                          
      C(    1)- C(    2)- O(    4)  110.626  111.500  1.850  0.0314             0.90-0.0016
          OUT-PL    2-    3-    2     0.000           9.500  0.0000                          
      O(    3)- C(    2)- O(    4)  123.716  121.300  1.620  0.1982
          OUT-PL    2-    1-    2     0.000           6.350  0.0000                          
      C(    2)- O(    4)- C(    5)  114.751  116.100  1.100  0.0450                          
      O(    4)- C(    5)- H(    6)  105.991  105.000  1.050  0.0222 0.20 0.0042              
      O(    4)- C(    5)- H(    7)  109.481  105.000  1.050  0.4254 0.20 0.0221              
      O(    4)- C(    5)- H(    8)  109.481  105.000  1.050  0.4254 0.20 0.0221              
      H(    6)- C(    5)- H(    7)  111.167  109.800  0.540  0.0216                          
      H(    6)- C(    5)- H(    8)  111.167  109.800  0.540  0.0216                          
      H(    7)- C(    5)- H(    8)  109.484  109.800  0.540  0.0012                          


     DIHEDRAL ANGLES, TORSIONAL ENERGY (ET)   (    11 ANGLES)

           ET = (V1/2)(1+COS(W))+(V2/2)(1-COS(2W))+(V3/2)(1+COS(3W))+
                                 (V4/2)(1-COS(4W))+(V6/2)(1+COS(6W))
         EBTB =  0.043828*(KBTB)(DTH1)(COS(W))(DTH2)
         ETS1 = -0.5*(RC-RC0)[KTSC1*(1+COS(W))+KTSC2*(1-COS(2W))+KTSC3*(1+COS(3W))]
         ETS2 = -0.5*(RT-RT0)[KTST1*(1+COS(W))+KTST2*(1-COS(2W))+KTST3*(1+COS(3W))]
          ETB =  2.51124*(DTH)[KTB1(1+COS(W))+KTB2*(1-COS(2W))+KTB3*(1+COS(3W))]
                      RC   = CENTRAL BOND LENGTH
                      RT   = TERMINAL BOND LENGTH
                      DTH1 = THETA1 - TZERO1
                      DTH2 = THETA2 - TZERO2

           SIGN OF ANGLE A-B-C-D : WHEN LOOKING THROUGH B TOWARD C,
           IF D IS COUNTERCLOCKWISE FROM A, NEGATIVE.

                A T O M S                OMEGA    V1     V2     V3     V4     V6     E    KBTB   EBTB
    C(    1) C(    2) O(    4) C(    5) -180.0  1.269  4.926  0.499  0.169  0.600  0.600               
       TYPE-1-TS                         0.000 11.000  0.000                       0.000
       TYPE-2-TS   -2.000  0.000  0.000                       0.000  0.000  0.000  0.000
       TORS-BEND   -0.065  0.000  0.000                      -0.090  0.000  0.000  0.000
    C(    2) O(    4) C(    5) H(    6)  180.0 -3.151  3.340 -0.112  0.712 -0.026 -0.026               
       TYPE-1-TS                         0.000  0.000 -0.500                       0.000
       TYPE-2-TS    0.000  0.000 -0.200                       1.000  1.600  0.000  0.000
       TORS-BEND    0.078  0.000  0.000                      -0.015 -0.020  0.000  0.000
    C(    2) O(    4) C(    5) H(    7)  -60.0 -3.151  3.340 -0.112  0.712 -0.026  0.650               
       TYPE-1-TS                         0.000  0.000 -0.500                       0.000
       TYPE-2-TS    0.000  0.000 -0.200                       1.000  1.600  0.000 -0.002
       TORS-BEND    0.078  0.000  0.000                      -0.015 -0.020  0.000 -0.987
    C(    2) O(    4) C(    5) H(    8)   60.0 -3.151  3.340 -0.112  0.712 -0.026  0.650               
       TYPE-1-TS                         0.000  0.000 -0.500                       0.000
       TYPE-2-TS    0.000  0.000 -0.200                       1.000  1.600  0.000 -0.002
       TORS-BEND    0.078  0.000  0.000                      -0.015 -0.020  0.000 -0.987
    O(    3) C(    2) C(    1) H(    9)  121.1  1.654  3.380  0.099  0.494 -0.121  3.241 -0.060 -0.001 
       TYPE-1-TS                         0.000  0.000  0.020                       0.000
       TYPE-2-TS    0.000  0.000  0.000                      -2.000  3.500  0.000 -0.005
       TORS-BEND    0.000  0.000 -0.002                       0.005 -0.001  0.000  0.014
    O(    3) C(    2) C(    1) H(   10) -121.1  1.654  3.380  0.099  0.494 -0.121  3.241 -0.060 -0.001 
       TYPE-1-TS                         0.000  0.000  0.020                       0.000
       TYPE-2-TS    0.000  0.000  0.000                      -2.000  3.500  0.000 -0.005
       TORS-BEND    0.000  0.000 -0.002                       0.005 -0.001  0.000  0.014
    O(    3) C(    2) C(    1) H(   11)    0.0  1.654  3.380  0.099  0.494 -0.121  1.632 -0.060  0.002 
       TYPE-1-TS                         0.000  0.000  0.020                       0.000
       TYPE-2-TS    0.000  0.000  0.000                      -2.000  3.500  0.000 -0.006
       TORS-BEND    0.000  0.000 -0.002                       0.005 -0.001  0.000  0.025
    O(    3) C(    2) O(    4) C(    5)    0.0 -1.809  6.534  0.361 -0.012 -0.450 -1.898               
       TYPE-1-TS                         0.000 11.000  0.000                       0.000
       TYPE-2-TS    6.000 -7.500  0.000                       5.700 -1.500  0.000 -0.085
       TORS-BEND   -0.035  0.000  0.000                      -0.096  0.000  0.023  0.070
    O(    4) C(    2) C(    1) H(    9)  -58.9  1.699  2.689  0.188  0.612  0.010  3.748 -0.060  0.001 
       TYPE-1-TS                         0.000  0.000  0.020                       0.000
       TORS-BEND    0.000  0.000 -0.003                      -0.006 -0.001  0.000 -0.020
    O(    4) C(    2) C(    1) H(   10)   58.9  1.699  2.689  0.188  0.612  0.010  3.748 -0.060  0.001 
       TYPE-1-TS                         0.000  0.000  0.020                       0.000
       TORS-BEND    0.000  0.000 -0.003                      -0.006 -0.001  0.000 -0.020
    O(    4) C(    2) C(    1) H(   11)  180.0  1.699  2.689  0.188  0.612  0.010  0.010 -0.060 -0.001 
       TYPE-1-TS                         0.000  0.000  0.020                       0.000
       TORS-BEND    0.000  0.000 -0.003                      -0.006 -0.001  0.000  0.000

     DIPOLE-DIPOLE INTERACTION ENERGY  (DIELECTRIC CONSTANT = 1.50)

          E = 14.388*MU1*MU2*(COSX-3*COSA*COSB)/(R12**3*DIELC)

               MU1 = BOND MOM OF BOND 1
               MU2 = BOND MOM OF BOND 2
               R12 = DISTANCE BETWEEN MID-POINTS OF TWO BONDS.

          BOND(1)         MU1           BOND(2)         MU2      R12        E
     C(    1)- C(    2)  0.925   + O(    4)- C(    5) -0.500   2.3522    0.3943       
     C(    2)- O(    3)  2.000   + O(    4)- C(    5) -0.500   1.9968   -1.4921       


 ==============================================================================
                        NORMAL MODE VIBRATIONAL ANALYSIS
 ==============================================================================


             Molecular Shape : ASYMMETRIC ROTOR WITH KAPPA =-0.687409
        Symmetry Point Group : Cs  
             Symmetry Number :  1
                   Chirality :  no



0       FUNDAMENTAL NORMAL VIBRATIONAL FREQUENCIES
                ( THEORETICALLY  27 VALUES )

             Frequency :  in 1/cm
             A(i)      :  IR intensity (vs,s,m,w,vw,-- or in 10**6 cm/mole)
             A(i) = -- :  IR inactive


             no       Frequency   Symmetry      A(i)

             1.          3052.5     (A`  )        m
             2.          3042.5     (A`  )        m
             3.          3025.2     (A"  )        m
             4.          3000.3     (A"  )        m
             5.          2938.1     (A`  )        m
             6.          2932.5     (A`  )        w
             7.          1786.6     (A`  )       vs
             8.          1481.0     (A`  )        w
             9.          1446.0     (A`  )        w
            10.          1444.0     (A"  )        w
            11.          1439.6     (A`  )        w
            12.          1438.3     (A"  )        w
            13.          1375.0     (A`  )        m
            14.          1281.3     (A`  )        s
            15.          1219.1     (A`  )        m
            16.          1154.2     (A"  )        w
            17.          1086.8     (A`  )        w
            18.          1047.9     (A"  )        w
            19.           959.9     (A`  )        w
            20.           817.5     (A`  )        s
            21.           613.9     (A"  )        w
            22.           592.0     (A`  )        w
            23.           470.2     (A`  )        w
            24.           327.1     (A`  )        w
            25.           160.7     (A"  )        w
            26.           134.0     (A"  )        w
            27.            82.3     (A"  )       vw
            28.     (       0.0)    (t/r )
            29.     (       0.0)    (t/r )
            30.     (       0.0)    (t/r )
            31.     (       0.0)    (t/r )
            32.     (       0.0)    (t/r )
            33.     (       0.0)    (t/r )


0       CORRESPONDING EIGEN VECTOR MATRIX   33 BY  33



 (  1)
     0.056   -0.073    0.000   -0.001    0.001    0.000    0.001    0.000
     0.000   -0.001   -0.001    0.000    0.000    0.000    0.000    0.001
    -0.001    0.000    0.000   -0.001   -0.001    0.000   -0.001    0.001
     0.015    0.173   -0.203    0.015    0.173    0.203   -0.682    0.532
     0.000

 (  2)
     0.000    0.000    0.000   -0.001   -0.001    0.000    0.000    0.000
     0.000    0.001    0.000    0.000    0.038   -0.085    0.000   -0.540
     0.573    0.000    0.041    0.225    0.285    0.041    0.225   -0.285
     0.000    0.000    0.000    0.000    0.000    0.000   -0.002    0.002
     0.000

 (  3)
     0.000    0.000    0.000    0.000    0.000    0.000    0.000    0.000
     0.000    0.000    0.000    0.001    0.000    0.000    0.091    0.000
     0.000   -0.020   -0.089   -0.379   -0.543    0.089    0.379   -0.543
     0.000    0.001   -0.001    0.000   -0.001   -0.001    0.000    0.000
     0.000

 (  4)
     0.000    0.000   -0.089    0.000    0.000   -0.001    0.000    0.000
    -0.001    0.000    0.000    0.000    0.000    0.000    0.000    0.000
     0.000    0.000    0.000   -0.001   -0.001    0.000    0.001   -0.001
    -0.069   -0.400    0.532    0.069    0.400    0.532    0.000    0.000
     0.023

 (  5)
     0.045    0.049    0.000   -0.005   -0.006    0.000    0.000    0.001
     0.000    0.000    0.001    0.000   -0.001    0.000    0.000    0.006
    -0.006    0.000    0.001    0.004    0.005    0.001    0.004   -0.005
    -0.072   -0.387    0.485   -0.072   -0.387   -0.485   -0.324    0.234
     0.000

 (  6)
     0.001    0.001    0.000    0.001    0.000    0.000    0.000    0.000
     0.000   -0.003   -0.001    0.000    0.050    0.027    0.000   -0.385
     0.378    0.000   -0.090   -0.338   -0.457   -0.090   -0.338    0.457
    -0.001   -0.005    0.006   -0.001   -0.005   -0.006   -0.004    0.003
     0.000

 (  7)
     0.013    0.045    0.000   -0.029   -0.244    0.000    0.014    0.104
     0.000   -0.005    0.052    0.000    0.001   -0.015    0.000    0.039
     0.017    0.000   -0.015    0.001   -0.013   -0.015    0.001    0.013
     0.056    0.052   -0.012    0.056    0.052    0.012   -0.066   -0.068
     0.000

 (  8)
    -0.001    0.000    0.000    0.017    0.006    0.000   -0.003   -0.005
     0.000   -0.019    0.022    0.000   -0.017    0.012    0.000    0.398
     0.430    0.000   -0.008   -0.447    0.336   -0.008   -0.447   -0.336
    -0.005    0.002    0.002   -0.005    0.002   -0.002   -0.010   -0.010
     0.000

 (  9)
     0.000    0.020    0.000   -0.033    0.008    0.000    0.005   -0.004
     0.000    0.026    0.019    0.000   -0.100   -0.072    0.000    0.316
     0.342    0.000    0.325    0.119   -0.236    0.324    0.119    0.236
     0.010   -0.222   -0.194    0.009   -0.222    0.194    0.096    0.152
    -0.001

 ( 10)
     0.000    0.000   -0.052    0.000    0.000   -0.010    0.000    0.000
    -0.004    0.000    0.000    0.007    0.000    0.000    0.005    0.001
     0.001   -0.121   -0.087    0.032   -0.001    0.089   -0.032    0.000
    -0.412    0.170    0.007    0.412   -0.169    0.007    0.000    0.000
     0.727

 ( 11)
    -0.003    0.045    0.000   -0.018   -0.010    0.000    0.003    0.009
     0.000   -0.005   -0.004    0.000    0.052    0.035    0.000   -0.161
    -0.178   -0.001   -0.184   -0.075    0.132   -0.183   -0.075   -0.132
     0.021   -0.429   -0.378    0.022   -0.429    0.378    0.149    0.256
     0.001

 ( 12)
     0.000    0.000   -0.011    0.000    0.000    0.004    0.000    0.000
    -0.002    0.000    0.000   -0.022    0.000    0.000   -0.031    0.000
     0.000    0.662    0.467   -0.181    0.006   -0.467    0.181    0.006
    -0.075    0.032    0.001    0.075   -0.033    0.002    0.000    0.000
     0.136

 ( 13)
     0.107    0.048    0.000    0.006    0.009    0.000   -0.001   -0.009
     0.000   -0.008    0.001    0.000    0.001   -0.001    0.000    0.005
     0.002    0.000    0.005    0.012   -0.010    0.005    0.012    0.010
    -0.473   -0.050   -0.173   -0.473   -0.050    0.173   -0.280   -0.485
     0.000

 ( 14)
     0.070   -0.025    0.000   -0.223    0.019    0.000    0.047    0.000
     0.000    0.101    0.005    0.000   -0.029   -0.003    0.000   -0.092
    -0.060    0.000   -0.044   -0.098    0.068   -0.044   -0.098   -0.068
    -0.085    0.091    0.061   -0.085    0.091   -0.061    0.179    0.091
     0.000

 ( 15)
     0.007   -0.008    0.000   -0.016    0.021    0.000    0.005   -0.035
     0.000   -0.010    0.078    0.000    0.063   -0.113    0.000    0.361
     0.148    0.000   -0.466    0.156   -0.115   -0.466    0.156    0.115
    -0.014    0.016    0.016   -0.014    0.016   -0.016    0.039    0.032
     0.000

 ( 16)
     0.000    0.000   -0.002    0.000    0.000    0.006    0.000    0.000
    -0.004    0.000    0.000   -0.051    0.000    0.000    0.127    0.000
     0.000   -0.386    0.427    0.312   -0.155   -0.427   -0.312   -0.155
     0.001    0.003    0.000   -0.001   -0.003    0.000    0.000    0.000
     0.007

 ( 17)
     0.072   -0.072    0.000   -0.037   -0.008    0.000    0.010    0.049
     0.000   -0.135   -0.056    0.000    0.100    0.039    0.000    0.173
     0.101    0.000    0.116    0.088   -0.032    0.116    0.088    0.032
    -0.184    0.031    0.051   -0.184    0.031   -0.051    0.337    0.247
     0.000

 ( 18)
     0.000    0.000    0.122    0.000    0.000   -0.109    0.000    0.000
     0.019    0.000    0.000    0.007    0.000    0.000    0.001    0.000
     0.000   -0.001    0.019    0.005   -0.006   -0.019   -0.005   -0.006
    -0.453   -0.258   -0.125    0.453    0.258   -0.125    0.000    0.000
    -0.302

 ( 19)
    -0.028   -0.105    0.000    0.112   -0.010    0.000   -0.013    0.075
     0.000    0.064    0.035    0.000   -0.089   -0.036    0.000   -0.126
    -0.067    0.000   -0.098   -0.054    0.011   -0.098   -0.054   -0.011
    -0.340   -0.014    0.046   -0.340   -0.014   -0.046    0.255    0.257
     0.000

 ( 20)
     0.080    0.034    0.000    0.028   -0.046    0.000   -0.014   -0.139
     0.000   -0.057    0.136    0.000   -0.030    0.007    0.000   -0.198
    -0.146    0.000    0.122   -0.054    0.021    0.122   -0.054   -0.021
    -0.029    0.082    0.019   -0.029    0.082   -0.019    0.216    0.200
     0.000

 ( 21)
     0.000    0.000   -0.004    0.000    0.000   -0.226    0.000    0.000
     0.081    0.000    0.000    0.080    0.000    0.000   -0.007    0.000
     0.000   -0.027    0.072    0.019   -0.030   -0.072   -0.019   -0.030
     0.214    0.113    0.104   -0.214   -0.113    0.104    0.000    0.000
     0.152

 ( 22)
     0.159    0.086    0.000    0.043    0.002    0.000   -0.098    0.022
     0.000    0.008   -0.097    0.000   -0.091   -0.019    0.000   -0.004
     0.062    0.000   -0.176    0.008   -0.008   -0.176    0.008    0.008
     0.146    0.094   -0.002    0.146    0.094    0.002    0.179    0.103
     0.000

 ( 23)
     0.083   -0.098    0.000    0.005    0.050    0.000    0.101    0.055
     0.000   -0.093    0.040    0.000   -0.107   -0.023    0.000   -0.148
    -0.058    0.000   -0.079   -0.031    0.002   -0.079   -0.031   -0.002
     0.227   -0.130   -0.008    0.227   -0.130    0.008   -0.051   -0.268
     0.000

 ( 24)
     0.039   -0.034    0.000   -0.022    0.056    0.000   -0.124    0.071
     0.000    0.007    0.059    0.000    0.095   -0.130    0.000   -0.037
    -0.251    0.000    0.195   -0.159    0.006    0.195   -0.159   -0.006
     0.097   -0.044   -0.002    0.097   -0.044    0.002   -0.025   -0.111
     0.000

 ( 25)
     0.000    0.000    0.074    0.000    0.000   -0.051    0.000    0.000
     0.012    0.000    0.000   -0.146    0.000    0.000    0.091    0.000
     0.000    0.438   -0.248    0.198   -0.018    0.248   -0.198   -0.018
     0.064    0.063    0.127   -0.064   -0.063    0.127    0.000    0.000
     0.108

 ( 26)
     0.000    0.000   -0.066    0.000    0.000    0.042    0.000    0.000
     0.056    0.000    0.000    0.064    0.000    0.000   -0.078    0.000
     0.000    0.324   -0.078    0.405   -0.353    0.078   -0.405   -0.353
    -0.058   -0.034   -0.096    0.058    0.034   -0.096    0.000    0.000
    -0.098

 ( 27)
     0.000    0.000   -0.028    0.000    0.000    0.012    0.000    0.000
     0.046    0.000    0.000   -0.021    0.000    0.000   -0.021    0.000
     0.000   -0.067    0.017   -0.036    0.002   -0.017    0.036    0.002
    -0.225    0.454    0.295    0.225   -0.454    0.295    0.000    0.000
    -0.489

 ( 28)
    -0.008    0.002   -0.120   -0.005   -0.004    0.000    0.000   -0.004
     0.026   -0.008   -0.008    0.078   -0.006   -0.013    0.196   -0.009
    -0.016    0.248   -0.080   -0.025    0.213    0.074   -0.003    0.213
    -0.086   -0.009   -0.134    0.065    0.013   -0.134   -0.005    0.005
    -0.183

 ( 29)
     0.122   -0.026    0.023    0.109   -0.003    0.014    0.088   -0.001
    -0.004    0.124    0.015    0.029    0.113    0.038    0.022    0.128
     0.051    0.036    0.100    0.053    0.013    0.104    0.026    0.013
     0.132   -0.014    0.032    0.135   -0.041    0.032    0.109   -0.041
     0.010

 ( 30)
     0.012   -0.009   -0.015   -0.025    0.056    0.017   -0.085    0.063
     0.069    0.018    0.108   -0.020   -0.013    0.173    0.007    0.028
     0.209   -0.029   -0.044    0.139    0.034   -0.044    0.217    0.034
     0.045   -0.050   -0.043    0.045    0.026   -0.043   -0.023   -0.050
     0.015

 ( 31)
     0.008    0.086   -0.152    0.030    0.047   -0.078    0.065    0.044
     0.004    0.005    0.017   -0.118    0.023   -0.021   -0.053   -0.001
    -0.042   -0.095    0.025   -0.085   -0.009    0.058    0.036   -0.009
    -0.027    0.028   -0.197    0.005    0.147   -0.197    0.029    0.110
    -0.119

 ( 32)
    -0.015    0.095    0.028   -0.002    0.073   -0.037    0.018    0.071
    -0.168   -0.017    0.055    0.070   -0.006    0.033    0.019   -0.020
     0.021    0.118   -0.007    0.130   -0.049    0.016   -0.067   -0.049
    -0.037    0.193    0.098   -0.015   -0.001    0.098   -0.003    0.109
    -0.061

 ( 33)
     0.021   -0.124   -0.089   -0.014   -0.064   -0.087   -0.069   -0.058
    -0.129    0.026   -0.016   -0.031   -0.003    0.044   -0.025    0.036
     0.078    0.023   -0.052    0.082   -0.045   -0.011    0.016   -0.045
     0.031   -0.094   -0.066    0.071   -0.160   -0.066   -0.012   -0.163
    -0.135


                VIBRATIONAL AMPLITUDE AND CENTRIFUGAL DISTORTION
                 CONTRIBUTIONS TO THE BOND LENGTH AT   298.16 K

                 Note: Excludes contributions from frequencies
                       lower than 40 (1/cm).

                R(e)   = r(mm4) - 1.5 * anh * <Z**2>(298.16)
                R(z)   = R(e) + 1.5 * anh * <Z**2>(0) - <K>(0))
                R(s)   = [R(e) + R(z)] / 2
                R(alp) = R(e) + 1.5 * anh * <Z**2>(T) - <K>(T) - <C>(T)
                R(g)   = R(e) + 1.5 * anh * <Z**2>(T)
                R(a)   = [R(g) + sqrt(R(g)**2-4*<Z**2>(T))] / 2

                       anh = anharmonicity (2.00)
                    <Z**2> = mean-square vibrational amplitude
                       <K> = perpendicular vibrational amplitude
                       <C> = centrifugal correction

        BOND          R(g)      R(z)      R(e)     R(alp)     R(s)      R(a)
    2( C)-  1( C)    1.5061    1.5031    1.4983    1.5027    1.5007    1.5044
    3( O)-  2( C)    1.2152    1.2127    1.2105    1.2122    1.2116    1.2139
    4( O)-  2( C)    1.3518    1.3494    1.3449    1.3490    1.3472    1.3501
    5( C)-  4( O)    1.4431    1.4388    1.4364    1.4380    1.4376    1.4416
    6( H)-  5( C)    1.1048    1.0854    1.0867    1.0838    1.0867    1.0994
    7( H)-  5( C)    1.1063    1.0851    1.0881    1.0836    1.0881    1.1008
    8( H)-  5( C)    1.1063    1.0851    1.0881    1.0836    1.0881    1.1008
    9( H)-  1( C)    1.1083    1.0831    1.0900    1.0828    1.0900    1.1028
   10( H)-  1( C)    1.1083    1.0831    1.0900    1.0828    1.0900    1.1028
   11( H)-  1( C)    1.1027    1.0806    1.0847    1.0792    1.0847    1.0973


                  Non-Bonded Atom Pair Distance Table
        (Distance greater than 82% of VDW distance are not printed)

        PAIR        Dist(g)   Dist(z)
    5( C),  3( O)    2.6475    2.6455       1,4
    7( H),  2( C)    2.6401    2.6291       1,4
    7( H),  3( O)    2.6243    2.6192          
    8( H),  2( C)    2.6401    2.6291       1,4
    8( H),  3( O)    2.6243    2.6192          
    9( H),  4( O)    2.6307    2.6218       1,4
   10( H),  4( O)    2.6306    2.6218       1,4
   11( H),  3( O)    2.5922    2.5980       1,4


         THE MOMENTS OF INERTIA CALCULATED FROM R(g), R(z) VALUES
                  (also from R(e), R(alpha), R(s) VALUES)

         Note: (1) All calculations are based on principle isotopes.
               (2) R(z) values include harmonic vibration (Coriolis)
                   contribution indicated in parentheses.


   (1)  UNIT = 10**(-39) GM*CM**2

                    IX                   IY                   IZ

   R(e)         8.2088              19.9653              27.1306
   R(z)         8.2164(-0.0366)     20.0637(-0.0097)     27.2979(-0.0104)

   (2)  UNIT = AU A**2

                    IX                   IY                   IZ

   R(e)        49.4401             120.2469             163.4019
   R(z)        49.4859(-0.2202)    120.8396(-0.0587)    164.4100(-0.0627)


 ==============================================================================
                      STATISTICAL THERMODYNAMICS ANALYSIS
 ==============================================================================

  Structure name    : Me-acetate-Z-lp                                             
  Temperature       :   298.16 K
  Symmetry number   :   1
  Optical isomers   :   1
  Zero Point Energy :   54.826 Kcal/mol


                     ENERGY** ENTHALPY**  ENTROPY  FREE ENERGY** HEAT CAPACITY**
                  (Kcal/mol) (Kcal/mol)     (eu)   (Kcal/mol)    (cal/mol/deg)
  Translational       0.889      0.889     38.825    -10.687         2.981
     Rotational       0.889      0.889     25.333     -6.665         2.981
    Vibrational*     56.883%    56.883%    12.825     53.059%       13.591
         PV(RT)       0.000      0.593      0.000      0.593         1.987
      Potential      12.739#    12.739#     0.000     12.739#        0.000
         Mixing       0.000      0.000      0.000      0.000         0.000
          Total*     71.399     71.992     76.983     49.038        21.540

  Enthalpy Function (H-Ho)/T     =   14.85 cal/mol/deg
  Free Energy Function -(G-Ho)/T =   62.14 cal/mol/deg

  % Includes zero point energy (ZPE).
  * Excludes contribution from frequencies lower than 10 (1/cm).
  # Includes steric energy (SE).
    Internal rotation contributions are not considered
 ** These quantities are relative to the R(e) values (
    bottom of potential well) and do NOT include bonding

  This structure has   0 imaginary frequencies,
                       0 free internal rotation (fir) frequencies
                         (>= 0,< 10 /cm),
                       0 restricted internal rotation (rir) frequencies
                         (>= 10,< 40 /cm),
                       6 zero frequencies, and
                      27 real frequencies.


      FINAL STERIC ENERGY IS               12.7388 KCAL/MOL.


                  COMPRESSION               0.0883
                  STRETCH-STRETCH          -0.0016
                  BENDING                   1.3122
                  BEND-BEND                -0.0583
                  STRETCH-BEND              0.0482
                  VANDERWAALS
                    1,4 ENERGY              1.1609
                    OTHER                  -0.3745
                  H-BONDING                 0.0000
                  PI-COMPLX                 0.0000
                  TORSIONAL                15.5971
                  TORSION-STRETCH          -0.1050
                  TORSION-BEND             -1.8914
                  BEND-TORSION-BEND        -0.0003
                  TORSION-IMPT              0.0000
                  IMPT-TORSION-IMPT         0.0000
                  TORSION-TORSION           0.0000
                  DIPOLE-DIPOLE            -1.0978
                  CHARGE-DIPOLE             0.0000
                  IND-DIP CORR.            -1.9392
                  CHARGE-CHARGE             0.0000


      MOLECULAR POLARIZABILITIES (A**3)

        ALPHA(1)   =       8.78
        ALPHA(2)   =       7.10
        ALPHA(3)   =       5.64
        AVG. ALPHA =       7.17


      DIPOLE MOMENT =          2.1086 D

        SIGMA-DIPOLE MOMENT =  2.1086 (X = -1.0372    Y = -1.8359    Z =  0.0000)


      DIPOLE MOMENT =          1.7243 D (INCLUDES INDUCED BOND MOMENTS)

        SIGMA-DIPOLE MOMENT =  1.7243 (X =  0.0798    Y = -1.7224    Z =  0.0000)


      OTHER MOLECULAR PROPERTIES:

        Molar Polarizability:    18.3781 cm**3/mole
        Molar Refraction:        18.0850 cm**3/mole
        Radius of Gyration:       2.1339 A
        Molecular VDW Surface:  142.3559 A**2
        Molecular VDW Volume:   117.1993 A**3
        Dispersion Energy:       -5.0367 Kcal/mole
        Density (gas):          0.003027 g/cm**3 (@  298.2 K, 1 atm)
        Density (cdn):            0.8931 g/cm**3 (@STP Estd.)
        Ref. Index (gas):       1.001110 (@  298.2 K, 1 atm)
        Ref. Index (cdn):         1.3556 (@STP Estd.)
        Diel. Constant (gas):     1.0090 (@  298.2 K, 1 atm)
        Diel. Constant (cdn):    16.6347 (@STP Estd.)



      TOTAL ATOMIC CHARGE ON EACH ATOM (in ELECTRON CHARGE)

           C(    1):          0.099
           C(    2):          0.207
           O(    3):         -0.314
           O(    4):         -0.235
           C(    5):          0.189
           H(    6):          0.005
           H(    7):          0.007
           H(    8):          0.007
           H(    9):          0.012
           H(   10):          0.012
           H(   11):          0.012

      -----------------------------------------------------------------

        END OF Me-acetate-Z-lp                                             


           TOTAL CPU TIME IS      0.09 SECONDS.

           THIS JOB COMPLETED AT    10:37:54
