 
               ---------------------------------------------
               WARNING : INCORRECT ATOM TYPES GIVEN IN INPUT
                         DATA ARE CORRECTED AS FOLLOWS
               ---------------------------------------------


             Atom type of atom    1 is replaced by   1 (was   0)
             Atom type of atom    2 is replaced by   3 (was   0)
             Atom type of atom    3 is replaced by  78 (was   0)
             Atom type of atom    4 is replaced by  75 (was   0)
             Atom type of atom    5 is replaced by   1 (was   0)
             Atom type of atom    6 is replaced by   5 (was   0)
             Atom type of atom    7 is replaced by   5 (was   0)
             Atom type of atom    8 is replaced by   5 (was   0)
             Atom type of atom    9 is replaced by   5 (was   0)
             Atom type of atom   10 is replaced by   5 (was   0)
             Atom type of atom   11 is replaced by   5 (was   0)
 
     Me-acetate-Z                                                

               CHEMICAL FORMULA :  C(    3)  H(    6)  O(    2) 
               FORMULA WEIGHT   :     74.038
                                                               DATE 31-MAY-23
                                                               TIME  10:39:47


          THE COORDINATES OF    11 ATOMS ARE READ IN.
          SOME CONSTANTS WILL BE READ IN.

      CONFORMATIONAL ENERGY, PART 1:  GEOMETRY AND STERIC ENERGY
                                      OF INITIAL CONFORMATION.


      CONNECTED ATOMS
          1-    2-    4-    5-

      ATTACHED ATOMS
          1-    9,    1-   10,    1-   11,    2-    3,    5-    6,    5-    7,
          5-    8,

      INITIAL ATOMIC COORDINATES
           ATOM          X           Y           Z      TYPE
         C(    1)    -2.50405    -0.58906     0.00012   (  1)
         C(    2)    -1.17451     0.03839    -0.00004   (  3)
         O(    3)    -1.11922     1.29259    -0.00008   ( 78)
         O(    4)    -0.07538    -0.76756    -0.00018   ( 75)
         C(    5)     1.22266    -0.14876     0.00010   (  1)
         H(    6)     1.97853    -0.93419     0.00002   (  5)
         H(    7)     1.36354     0.46452    -0.89280   (  5)
         H(    8)     1.36334     0.46416     0.89327   (  5)
         H(    9)    -2.42067    -1.67749     0.00002   (  5)
         H(   10)    -3.05697    -0.28137     0.88923   (  5)
         H(   11)    -3.05726    -0.28123    -0.88876   (  5)

        %=%=%=%=%=%=%=%=%=%=%=%=%=%=%=%=%=%=%=%=%=%=%=%=%=%=%=

        MM4(08)-v010108: (Const:V010108-00)

        The Parameters Used in This Calculation Can be Found
        in the Publication(s) Listed in the PART 3

        %=%=%=%=%=%=%=%=%=%=%=%=%=%=%=%=%=%=%=%=%=%=%=%=%=%=%=


          DIELECTRIC CONSTANT =  1.500


      INITIAL STERIC ENERGY IS             18.8835 KCAL/MOL.

                  COMPRESSION               2.2854
                  STRETCH-STRETCH          -0.1220
                  BENDING                   5.7626
                  BEND-BEND                -0.1513
                  STRETCH-BEND             -0.1270
                  VANDERWAALS
                    1,4 ENERGY              0.5997
                    OTHER                  -0.4377
                  H-BONDING                 0.0000
                  PI-COMPLX                 0.0000
                  TORSIONAL                16.1070
                  TORSION-STRETCH          -0.2106
                  TORSION-BEND             -1.9050
                  BEND-TORSION-BEND        -0.0478
                  TORSION-IMPT              0.0000
                  IMPT-TORSION-IMPT         0.0000
                  TORSION-TORSION           0.0000
                  DIPOLE-DIPOLE            -1.0029
                  CHARGE-DIPOLE             0.0000
                  IND_DIP CORR.            -1.8668
                  CHARGE-CHARGE             0.0000


      MOMENT OF INERTIA ( R(g) ) WITH THE PRINCIPAL AXES

          (1)  UNIT = 10**(-39) GM*CM**2
               IX=    7.9492    IY=   21.3399    IZ=   28.2261

          (2)  UNIT = AU A**2
               IX=   47.8781    IY=  128.5300    IZ=  170.0058


      MOLECULAR POLARIZABILITIES (A**3)

        ALPHA(1)   =       8.35
        ALPHA(2)   =       7.01
        ALPHA(3)   =       5.33
        AVG. ALPHA =       6.90


      DIPOLE MOMENT =          2.0560 D

        SIGMA-DIPOLE MOMENT =  2.0560 (X =  0.9733    Y =  1.8111    Z = -0.0003)


      DIPOLE MOMENT =          1.6964 D (INCLUDES INDUCED BOND MOMENTS)

        SIGMA-DIPOLE MOMENT =  1.6964 (X = -0.1062    Y =  1.6931    Z = -0.0004)


      OTHER MOLECULAR PROPERTIES:

        Molar Polarizability:    17.6776 cm**3/mole
        Molar Refraction:        17.3939 cm**3/mole
        Radius of Gyration:       2.1636 A
        Molecular VDW Surface:  142.7523 A**2
        Molecular VDW Volume:   117.0208 A**3
        Dispersion Energy:       -4.4797 Kcal/mole
        Density (gas):          0.003027 g/cm**3 (@  298.2 K, 1 atm)
        Density (cdn):            0.8942 g/cm**3 (@STP Estd.)
        Ref. Index (gas):       1.001067 (@  298.2 K, 1 atm)
        Ref. Index (cdn):         1.3410 (@STP Estd.)
        Diel. Constant (gas):     1.0087 (@  298.2 K, 1 atm)
        Diel. Constant (cdn):    15.8236 (@STP Estd.)



      CPU TIME FOR INITIAL CALCULATION IS     0.03 SECONDS.
 


     Me-acetate-Z                                                


     CONFORMATIONAL ENERGY, PART 2: GEOMETRY MINIMIZATION

               GEOMETRY OPTIMIZATION IS CONTINUED UNTIL ATOM
               MOVEMENT CONVERGES WITHIN FOLLOWING VALUES:

                         AVERAGE MOVEMENT  0.00010 A
                         MAXIMUM MOVEMENT  0.00099 A



     <<<<<<<<<<<<<<<<<<<<<<<<<<  C Y C L E   1 >>>>>>>>>>>>>>>>>>>>>>>>>>

                              (CH)-MOVEMENT = 0

     ITER    1  AVG. MOVE = 0.01745 A  (MAX MOVE: ATOM     6   0.11026 A)
     ITER    2  AVG. MOVE = 0.00366 A  (MAX MOVE: ATOM     3   0.02012 A)
     ITER    3  AVG. MOVE = 0.00235 A  (MAX MOVE: ATOM    10   0.01005 A)
     ITER    4  AVG. MOVE = 0.00153 A  (MAX MOVE: ATOM    10   0.00709 A)
     ITER    5  AVG. MOVE = 0.00099 A  (MAX MOVE: ATOM    10   0.00460 A)
     ITER    6  AVG. MOVE = 0.00065 A  (MAX MOVE: ATOM    10   0.00302 A)
     ITER    7  AVG. MOVE = 0.00043 A  (MAX MOVE: ATOM    10   0.00198 A)
     ITER    8  AVG. MOVE = 0.00028 A  (MAX MOVE: ATOM    10   0.00130 A)
     ITER    9  AVG. MOVE = 0.00019 A  (MAX MOVE: ATOM    10   0.00087 A)
     ITER   10  AVG. MOVE = 0.00013 A  (MAX MOVE: ATOM    10   0.00059 A)
     ITER   11  AVG. MOVE = 0.00009 A  (MAX MOVE: ATOM    10   0.00041 A)


              * * * * * * * * * GEOMETRY IS OPTIMIZED * * * * * * * * *

               WITHIN : AVERAGE MOVEMENT  0.00009 A (LIMIT  0.00010 A)
                        MAXIMUM MOVEMENT  0.00041 A (LIMIT  0.00099 A)

               GRADIENT
                 RMS GRADIENT                  0.037324 KCAL/MOL/A

                 MAX GRADIENT
                   X-DIRECTION : ATOM #    1   0.129966 KCAL/MOL/A
                   Y-DIRECTION : ATOM #    4   0.042178 KCAL/MOL/A
                   Z-DIRECTION : ATOM #   11   0.036769 KCAL/MOL/A

        DELTA TIME =    0.00 SEC.       TOTAL CPU TIME =      0.03 SEC.


                            =====================
                            FULL-MATRIX OPTIMIZER
                            =====================


     iter.  rms force   max force   avg. move    max move  atom  convg  d-time

        0    0.041265    0.166959   0.00066 A   0.00569 A   11    [N]     0.0s
        1    0.003176    0.010660   0.00000 A   0.00003 A   11    [N]     0.0s
        2    0.000449    0.001903   0.00000 A   0.00001 A    9    [N]     0.0s
        3    0.000382    0.001631                                 [Y]     0.0s


      TOTAL ENERGY IS     13.0172 KCAL/MOL.

        COMPRESS    0.0836      VDW 1,4    1.2351      DIPL-DIPL   -1.0971
        STR-STR    -0.0011        OTHER   -0.3718      CHRG-DIPL    0.0000
        BENDING     1.5040      TORSION   15.7485      CHRG-CHRG    0.0000
        BEND-BEND  -0.0545      TOR-STR   -0.0916      EPR          0.0000
        STR-BEND    0.0428      TOR-BEND  -2.0195      TOR-BENBEN  -0.0217
        TOR-IMPT    0.0000      TOR-IPIP   0.0000      TORS-TORS    0.0000
        IND-DIP    -1.9395      H-BOND     0.0000      PI-COMPLX    0.0000
0     DELTA(T) =     0.0 SEC.          ELAPSED TIME =     0.0 SEC.


    * * * ENERGY IS MINIMIZED WITHIN RMS OF FORCES   0.00038  Kcal/mol/A * * *

                 * * * *  RMS FORCE IS   0.00038 Kcal/mol/A * * * *

 
     Me-acetate-Z                                                


     %=%=%=%=%=%=%=%=%=%=%=%=%=%=%=%=%=%=%=%=%=%=%=%=%=%=%=%=%=%=%=%=%=%=%=

     The Parameters Used in This Calculation Can be Found in the Following
     Publication(s):

     The MM4 Program is Developed by Dr. N. L. Allinger and co-workers at  
     the University of Georgia, Athens, Georgia 30602-2556 USA.            
     (c) Copyright 2003 by N. L. Allinger. All rights reserved.            
                                                                           
     MM4 General Description and Alkanes:                                  
      Allinger,N.L.; Chen,K.; Lii,J.-H. J. Comput. Chem. 1996, 17, 642.    
     Acids/Esters:                                                         
      Lii,J.-H. J. Phys. Chem. A 2002, 106, 8667.                          
     Aldehydes/Ketones:                                                    
      Langley,C.H.; Lii,J.-H.; Allinger,N.L. J. Comput. Chem. 2001, 22,    
      1396, 1426, 1451, 1476.                                              
      Langley,C.H.; Lii,J.-H.; Allinger,N.L. J. Comput. Chem. 2003, 24,    
      1283.                                                                

     %=%=%=%=%=%=%=%=%=%=%=%=%=%=%=%=%=%=%=%=%=%=%=%=%=%=%=%=%=%=%=%=%=%=%=

               CHEMICAL FORMULA :  C(    3)  H(    6)  O(    2) 
               FORMULA WEIGHT   :     74.038
                                                               DATE : 31-MAY-23

           * M M 4 * * * * * * * * * * * 2 0 0 8 *
           *                                     *   PARAMETER RELIABILITY
           *                                     *
           *                                     *   BLANK = GOOD
           *                                     *       B = FAIR
           *                                     *       C = TRIAL
           *                                     *       R = READ IN
           *                                     *       S = SUBSTITUTED
           *                                     *       U = PARAMETER NOT EXIST
           *                                     *
           *                                     *   THIS IS SHOWN AT THE END 
           *                                     *   OF THE LINE.
           * * * * * * * * * * * * * * * * * * * * 


      CONFORMATIONAL ENERGY, PART 3:  GEOMETRY AND STERIC ENERGY
                                      OF FINAL CONFORMATION.

      CONNECTED ATOMS
          1-    2-    4-    5-

      ATTACHED ATOMS
          1-    9,    1-   10,    1-   11,    2-    3,    5-    6,    5-    7,
          5-    8,

      FINAL ATOMIC COORDINATE
           ATOM          X           Y           Z      TYPE
         C(    1)     1.77241     0.61966     0.00000   (  1)
         C(    2)     0.45879    -0.11803     0.00000   (  3)
         O(    3)     0.34421    -1.32782     0.00000   ( 78)
         O(    4)    -0.58904     0.73602     0.00000   ( 75)
         C(    5)    -1.88529     0.10169     0.00000   (  1)
         H(    6)    -2.62553     0.92189     0.00000   (  5)
         H(    7)    -1.98753    -0.52870    -0.90333   (  5)
         H(    8)    -1.98753    -0.52870     0.90333   (  5)
         H(    9)     1.64686     1.71625     0.00000   (  5)
         H(   10)     2.35905     0.31192     0.88755   (  5)
         H(   11)     2.35905     0.31192    -0.88755   (  5)


          DIELECTRIC CONSTANT =  1.500


      BOND LENGTHS AND STRETCHING ENERGY   (   10 BONDS)

        ENERGY = 71.94(KS)(DR)(DR)(1-(CS)(DR)+(7/12)((CS)(DR))**2)-
                       (1/4)((CS)(DR))**3)+(31/360)((CS)(DR))**4))
                         DR =  R-RO
                         CS =  3.000 FOR X-Y BONDS
                            =  2.200 FOR X-H BONDS
                                                            R(0)-CORR        CORR
             BOND          R(g)    R(0)    K(S)  ENERGY   E-NEG  MISCEL       KS
      C(    1)- C(    2)  1.5066  1.5075  4.019  0.0002 -0.0100             0.119  
      C(    1)- H(    9)  1.1038  1.1058  4.926  0.0015 -0.0062             0.186  
      C(    1)- H(   10)  1.1075  1.1058  4.926  0.0011 -0.0062             0.186  
      C(    1)- H(   11)  1.1075  1.1058  4.926  0.0011 -0.0062             0.186  
      C(    2)- O(    3)  1.2152  1.2096  9.500  0.0211  0.0132                    
      C(    2)- O(    4)  1.3518  1.3425  4.800  0.0289  0.0081                    
      O(    4)- C(    5)  1.4431  1.4341  5.100  0.0291  0.0220                    
      C(    5)- H(    6)  1.1048  1.1055  4.935  0.0001 -0.0065             0.195  
      C(    5)- H(    7)  1.1063  1.1055  4.935  0.0002 -0.0065             0.195  
      C(    5)- H(    8)  1.1063  1.1055  4.935  0.0002 -0.0065             0.195  


      NON-BONDED DISTANCES, VDW AND EPR ENERGY   (    29 PAIRS)

              E(VDW) = KV*(1.84(10**5)EXP(-12.00/P) - 2.25(P**6))
              E(EPR) = C*KV*(1.84(10**5)EXP(-12.00/Q) - 2.25(Q**6))
              E(HBD) = EP1-EP2*F(THET1,THET2)*RTH/RTH0
                            EP1 = KHB*2.76(10**5)*EXP(-12.0/P)
                            EP2 = KHB*2.25(P**6)
                              F = FAC*(1+COS(THET1)^N*(1+COS(THET2))^N

            IF P > 3.020, THEN,
              E(VDW) = KV(192.270)(P**2)
              E(HBD) = EP1-EP2*F(THET1,THET2)*RTH/RTH0
                            EP1 = KHB*569.14*P**2
                            EP2 = KHB*187.16*P**2

                       RV = RVDW(I) + RVDW(K)
                       KV = SQRT(EPS(I)*EPS(K))
                      KHB = HYDROGEN BOND ENERGY PARAMETER
                        P = (RV/R) OR (RV/R#)
                        C = SCALE FACTOR
                        Q = RV/R, WHERE R IS MODIFIED DISTANCE
                        N = 1 WHEN Y IS NITROGEN, AND 2 FOR OTHERS
                      FAC = 1/4 WHEN N=1, AND 1/16 WHEN N=2
                    THET1 = ANGLE H-X-Y IN HYDROGEN BOND X-H...Y
                    THET2 = ANGLE X-Y-LP IN HYDROGEN BOND X...Y-LP
                      RTH = BOND LENGTH X-H IN X-H...Y
                     RTH0 = NATURAL BOND LENGTH X-H

          # IN THE VDW CALCULATIONS THE HYDROGEN ATOMS ARE RELOCATED
          SO THAT THE ATTACHED HYDROGEN DISTANCE IS REDUCED BY 0.940

          # IN THE VDW CALCULATIONS THE DEUTERIUM ATOMS ARE RELOCATED
          SO THAT THE ATTACHED DEUTERIUM DISTANCE IS REDUCED BY  0.940

           ATOM PAIR          R       R#       RV      KV       ENERGY
      C(    1), O(    3)   2.4150
      C(    1), O(    4)   2.3643
      C(    1), C(    5)   3.6942            3.920   0.0370    -0.0353  1,4    
      C(    1), H(    6)   4.4083   4.3609   3.440   0.0240    -0.0119         
      C(    1), H(    7)   4.0338   4.0057   3.440   0.0240    -0.0179         
      C(    1), H(    8)   4.0338   4.0057   3.440   0.0240    -0.0179         
      C(    2), C(    5)   2.3544
      C(    2), H(    6)   3.2549   3.1973   3.580   0.0311    -0.0111  1,4    
      C(    2), H(    7)   2.6399   2.6105   3.580   0.0311     0.4415  1,4    
      C(    2), H(    8)   2.6399   2.6105   3.580   0.0311     0.4415  1,4    
      C(    2), H(    9)   2.1854
      C(    2), H(   10)   2.1409
      C(    2), H(   11)   2.1409
      O(    3), O(    4)   2.2650
      O(    3), C(    5)   2.6484            3.720   0.0471     0.8751  1,4    
      O(    3), H(    6)   3.7257   3.6606   2.850   0.1200    -0.0557         
      O(    3), H(    7)   2.6252   2.6134   2.850   0.1200    -0.0868         
      O(    3), H(    8)   2.6252   2.6134   2.850   0.1200    -0.0868         
      O(    3), H(    9)   3.3111   3.2537   2.850   0.1200    -0.0972  1,4    
      O(    3), H(   10)   2.7452   2.7138   2.850   0.1200    -0.1215  1,4    
      O(    3), H(   11)   2.7452   2.7138   2.850   0.1200    -0.1215  1,4    
      O(    4), H(    6)   2.0450
      O(    4), H(    7)   2.0908
      O(    4), H(    8)   2.0908
      O(    4), H(    9)   2.4413   2.4226   2.850   0.1200     0.1046  1,4    
      O(    4), H(   10)   3.1079   3.0570   2.850   0.1200    -0.1205  1,4    
      O(    4), H(   11)   3.1079   3.0570   2.850   0.1200    -0.1205  1,4    
      C(    5), H(    9)   3.8837   3.8637   3.440   0.0240    -0.0207         
      C(    5), H(   10)   4.3412   4.2971   3.440   0.0240    -0.0128         
      C(    5), H(   11)   4.3412   4.2971   3.440   0.0240    -0.0128         
      H(    6), H(    7)   1.8241
      H(    6), H(    8)   1.8241
      H(    6), H(    9)   4.3456   4.3063   3.280   0.0170    -0.0070         
      H(    6), H(   10)   5.0996   5.0049   3.280   0.0170    -0.0030         
      H(    6), H(   11)   5.0996   5.0049   3.280   0.0170    -0.0030         
      H(    7), H(    8)   1.8067
      H(    7), H(    9)   4.3663   4.3041   3.280   0.0170    -0.0070         
      H(    7), H(   10)   4.7756   4.6951   3.280   0.0170    -0.0043         
      H(    7), H(   11)   4.4271   4.3829   3.280   0.0170    -0.0064         
      H(    8), H(    9)   4.3663   4.3041   3.280   0.0170    -0.0070         
      H(    8), H(   10)   4.4271   4.3829   3.280   0.0170    -0.0064         
      H(    8), H(   11)   4.7756   4.6951   3.280   0.0170    -0.0043         
      H(    9), H(   10)   1.8075
      H(    9), H(   11)   1.8075
      H(   10), H(   11)   1.7751


      BOND ANGLES, BENDING AND STRETCH-BEND ENERGIES   (   16 ANGLES)

          EB = 0.02191418(KB)(DT)(DT)(1+CF*DT+QF*DT**2+PF*DT**3+SF*DT**4)
                          DT = THETA-TZERO
                          CF = -1800.000E-5
                          QF =     7.200E-5
                          PF =     0.135E-5
                          SF =     0.004E-6
          ESS =  143.88(KSTST)(DR1)(DR2)
          ESB =  2.51118(KSB)(DT)(DR1+DR2)
          EBB = -0.02191418(KBB)(DT1)(DT2)
                          DR1 = R1 - R1(0)
                          DR2 = R2 - R2(0)

               A T O M S             THETA    TZERO     KB     EB    KSB   ESB   KSS   ESS
      C(    2)- C(    1)- H(    9)  112.786  109.500  0.680  0.1515 0.21-0.0052-0.10 0.0000  
      C(    2)- C(    1)- H(   10)  109.014  109.500  0.680  0.0036 0.21-0.0002-0.10 0.0000  
      C(    2)- C(    1)- H(   11)  109.014  109.500  0.680  0.0036 0.21-0.0002-0.10 0.0000  
      H(    9)- C(    1)- H(   10)  109.652  108.600  0.540  0.0128                          
      H(    9)- C(    1)- H(   11)  109.652  108.600  0.540  0.0128                          
      H(   10)- C(    1)- H(   11)  106.526  108.600  0.540  0.0528                          
      C(    1)- C(    2)- O(    3)  124.728  126.900  0.900  0.0968
          OUT-PL    2-    4-    2     0.000           9.500  0.0000                          
      C(    1)- C(    2)- O(    4)  111.500  111.500  1.850  0.0000             0.90-0.0011
          OUT-PL    2-    3-    2     0.000           9.500  0.0000                          
      O(    3)- C(    2)- O(    4)  123.772  121.300  1.620  0.2073
          OUT-PL    2-    1-    2     0.000           6.350  0.0000                          
      C(    2)- O(    4)- C(    5)  114.742  116.100  1.100  0.0455                          
      O(    4)- C(    5)- H(    6)  105.992  105.000  1.050  0.0222 0.20 0.0042              
      O(    4)- C(    5)- H(    7)  109.480  105.000  1.050  0.4253 0.20 0.0221              
      O(    4)- C(    5)- H(    8)  109.480  105.000  1.050  0.4253 0.20 0.0221              
      H(    6)- C(    5)- H(    7)  111.168  109.800  0.540  0.0216                          
      H(    6)- C(    5)- H(    8)  111.168  109.800  0.540  0.0216                          
      H(    7)- C(    5)- H(    8)  109.482  109.800  0.540  0.0012                          


     DIHEDRAL ANGLES, TORSIONAL ENERGY (ET)   (    11 ANGLES)

           ET = (V1/2)(1+COS(W))+(V2/2)(1-COS(2W))+(V3/2)(1+COS(3W))+
                                 (V4/2)(1-COS(4W))+(V6/2)(1+COS(6W))
         EBTB =  0.043828*(KBTB)(DTH1)(COS(W))(DTH2)
         ETS1 = -0.5*(RC-RC0)[KTSC1*(1+COS(W))+KTSC2*(1-COS(2W))+KTSC3*(1+COS(3W))]
         ETS2 = -0.5*(RT-RT0)[KTST1*(1+COS(W))+KTST2*(1-COS(2W))+KTST3*(1+COS(3W))]
          ETB =  2.51124*(DTH)[KTB1(1+COS(W))+KTB2*(1-COS(2W))+KTB3*(1+COS(3W))]
                      RC   = CENTRAL BOND LENGTH
                      RT   = TERMINAL BOND LENGTH
                      DTH1 = THETA1 - TZERO1
                      DTH2 = THETA2 - TZERO2

           SIGN OF ANGLE A-B-C-D : WHEN LOOKING THROUGH B TOWARD C,
           IF D IS COUNTERCLOCKWISE FROM A, NEGATIVE.

                A T O M S                OMEGA    V1     V2     V3     V4     V6     E    KBTB   EBTB
    C(    1) C(    2) O(    4) C(    5) -180.0  1.269  4.926  0.499  0.169  0.600  0.600               
       TYPE-1-TS                         0.000 11.000  0.000                       0.000
       TYPE-2-TS   -2.000  0.000  0.000                       0.000  0.000  0.000  0.000
       TORS-BEND   -0.065  0.000  0.000                      -0.090  0.000  0.000  0.000
    C(    2) O(    4) C(    5) H(    6)  180.0 -3.151  3.340 -0.112  0.712 -0.026 -0.026               
       TYPE-1-TS                         0.000  0.000 -0.500                       0.000
       TYPE-2-TS    0.000  0.000 -0.200                       1.000  1.600  0.000  0.000
       TORS-BEND    0.078  0.000  0.000                      -0.015 -0.020  0.000  0.000
    C(    2) O(    4) C(    5) H(    7)  -60.0 -3.151  3.340 -0.112  0.712 -0.026  0.650               
       TYPE-1-TS                         0.000  0.000 -0.500                       0.000
       TYPE-2-TS    0.000  0.000 -0.200                       1.000  1.600  0.000 -0.002
       TORS-BEND    0.078  0.000  0.000                      -0.015 -0.020  0.000 -0.990
    C(    2) O(    4) C(    5) H(    8)   60.0 -3.151  3.340 -0.112  0.712 -0.026  0.650               
       TYPE-1-TS                         0.000  0.000 -0.500                       0.000
       TYPE-2-TS    0.000  0.000 -0.200                       1.000  1.600  0.000 -0.002
       TORS-BEND    0.078  0.000  0.000                      -0.015 -0.020  0.000 -0.990
    O(    3) C(    2) C(    1) H(    9)  180.0  1.654  3.380  0.099  0.494 -0.121 -0.121 -0.060 -0.019 
       TYPE-1-TS                         0.000  0.000  0.020                       0.000
       TYPE-2-TS    0.000  0.000  0.000                      -2.000  3.500  0.000  0.000
       TORS-BEND    0.000  0.000 -0.002                       0.005 -0.001  0.000  0.000
    O(    3) C(    2) C(    1) H(   10)  -58.0  1.654  3.380  0.099  0.494 -0.121  3.975 -0.060 -0.001 
       TYPE-1-TS                         0.000  0.000  0.020                       0.000
       TYPE-2-TS    0.000  0.000  0.000                      -2.000  3.500  0.000 -0.002
       TORS-BEND    0.000  0.000 -0.002                       0.005 -0.001  0.000 -0.008
    O(    3) C(    2) C(    1) H(   11)   58.0  1.654  3.380  0.099  0.494 -0.121  3.975 -0.060 -0.001 
       TYPE-1-TS                         0.000  0.000  0.020                       0.000
       TYPE-2-TS    0.000  0.000  0.000                      -2.000  3.500  0.000 -0.002
       TORS-BEND    0.000  0.000 -0.002                       0.005 -0.001  0.000 -0.008
    O(    3) C(    2) O(    4) C(    5)    0.0 -1.809  6.534  0.361 -0.012 -0.450 -1.898               
       TYPE-1-TS                         0.000 11.000  0.000                       0.000
       TYPE-2-TS    6.000 -7.500  0.000                       5.700 -1.500  0.000 -0.085
       TORS-BEND   -0.035  0.000  0.000                      -0.096  0.000  0.023  0.063
    O(    4) C(    2) C(    1) H(    9)    0.0  1.699  2.689  0.188  0.612  0.010  1.897 -0.060  0.000 
       TYPE-1-TS                         0.000  0.000  0.020                       0.000
       TORS-BEND    0.000  0.000 -0.003                      -0.006 -0.001  0.000 -0.099
    O(    4) C(    2) C(    1) H(   10)  122.0  1.699  2.689  0.188  0.612  0.010  3.023 -0.060  0.000 
       TYPE-1-TS                         0.000  0.000  0.020                       0.000
       TORS-BEND    0.000  0.000 -0.003                      -0.006 -0.001  0.000  0.005
    O(    4) C(    2) C(    1) H(   11) -122.0  1.699  2.689  0.188  0.612  0.010  3.023 -0.060  0.000 
       TYPE-1-TS                         0.000  0.000  0.020                       0.000
       TORS-BEND    0.000  0.000 -0.003                      -0.006 -0.001  0.000  0.005

     DIPOLE-DIPOLE INTERACTION ENERGY  (DIELECTRIC CONSTANT = 1.50)

          E = 14.388*MU1*MU2*(COSX-3*COSA*COSB)/(R12**3*DIELC)

               MU1 = BOND MOM OF BOND 1
               MU2 = BOND MOM OF BOND 2
               R12 = DISTANCE BETWEEN MID-POINTS OF TWO BONDS.

          BOND(1)         MU1           BOND(2)         MU2      R12        E
     C(    1)- C(    2)  0.925   + O(    4)- C(    5) -0.500   2.3588    0.3945       
     C(    2)- O(    3)  2.000   + O(    4)- C(    5) -0.500   1.9972   -1.4916       


 ==============================================================================
                        NORMAL MODE VIBRATIONAL ANALYSIS
 ==============================================================================


             Molecular Shape : ASYMMETRIC ROTOR WITH KAPPA =-0.698964
        Symmetry Point Group : Cs  
             Symmetry Number :  1
                   Chirality :  no



0       FUNDAMENTAL NORMAL VIBRATIONAL FREQUENCIES
                ( THEORETICALLY  27 VALUES )

             Frequency :  in 1/cm
             A(i)      :  IR intensity (vs,s,m,w,vw,-- or in 10**6 cm/mole)
             A(i) = -- :  IR inactive


             no       Frequency   Symmetry      A(i)

             1.          3045.7     (A`  )        m
             2.          3042.5     (A`  )        m
             3.          3025.2     (A"  )        m
             4.          3005.6     (A"  )        m
             5.          2942.6     (A`  )        m
             6.          2932.5     (A`  )        w
             7.          1781.1     (A`  )       vs
             8.          1481.1     (A`  )        w
             9.          1448.8     (A`  )        w
            10.          1445.9     (A"  )        w
            11.          1442.3     (A`  )        w
            12.          1438.4     (A"  )        w
            13.          1379.8     (A`  )        w
            14.          1280.1     (A`  )        s
            15.          1219.2     (A`  )        m
            16.          1154.2     (A"  )        w
            17.          1074.8     (A`  )        w
            18.          1054.9     (A"  )        w
            19.           959.2     (A`  )        w
            20.           812.8     (A`  )        s
            21.           620.5     (A"  )        m
            22.           591.2     (A`  )        w
            23.           471.1     (A`  )        w
            24.           326.9     (A`  )        w
            25.           163.2     (A"  )        w
            26.           134.5     (A"  )        w
            27.           -78.5     (imag)        w
            28.     (       0.0)    (t/r )
            29.     (       0.0)    (t/r )
            30.     (       0.0)    (t/r )
            31.     (       0.0)    (t/r )
            32.     (       0.0)    (t/r )
            33.     (       0.0)    (t/r )


0       CORRESPONDING EIGEN VECTOR MATRIX   33 BY  33



 (  1)
    -0.034    0.086    0.000   -0.001   -0.002    0.000   -0.001    0.000
     0.000    0.001    0.001    0.000    0.001   -0.002    0.000   -0.012
     0.013    0.000    0.001    0.005    0.007    0.001    0.005   -0.007
     0.061   -0.837    0.000    0.174   -0.093    0.230    0.174   -0.093
    -0.230

 (  2)
     0.001   -0.002    0.000   -0.001   -0.001    0.000    0.000    0.000
     0.000    0.001    0.000    0.000    0.039   -0.085    0.000   -0.545
     0.568    0.000    0.039    0.225    0.285    0.039    0.225   -0.285
    -0.001    0.019    0.000   -0.005    0.002   -0.006   -0.005    0.002
     0.006

 (  3)
     0.000    0.000    0.000    0.000    0.000    0.000    0.000    0.000
     0.000    0.000    0.000   -0.001    0.000    0.000   -0.091    0.000
     0.000    0.020    0.086    0.380    0.543   -0.086   -0.380    0.543
     0.000    0.000    0.000    0.001    0.000    0.001   -0.001    0.000
     0.001

 (  4)
     0.000    0.000    0.089    0.000    0.000    0.003    0.000    0.000
     0.000    0.000    0.000    0.000    0.000    0.000    0.000    0.000
     0.000    0.000    0.000    0.001    0.001    0.000   -0.001    0.001
     0.000    0.000   -0.021   -0.373    0.166   -0.531    0.373   -0.166
    -0.531

 (  5)
    -0.063   -0.016    0.000    0.005    0.005    0.000    0.000   -0.001
     0.000    0.000   -0.001    0.000    0.000    0.000    0.000   -0.002
     0.002    0.000    0.000   -0.001   -0.001    0.000   -0.001    0.001
    -0.020    0.448    0.000    0.355   -0.149    0.471    0.355   -0.149
    -0.471

 (  6)
     0.000    0.000    0.000   -0.001    0.000    0.000    0.000    0.000
     0.000    0.003    0.001    0.000   -0.050   -0.027    0.000    0.388
    -0.375    0.000    0.087    0.338    0.457    0.087    0.338   -0.457
     0.000    0.002    0.000    0.001    0.000    0.002    0.001    0.000
    -0.002

 (  7)
    -0.017   -0.047    0.000    0.026    0.244    0.000   -0.012   -0.105
     0.000    0.007   -0.052    0.000   -0.001    0.015    0.000   -0.039
    -0.018    0.000    0.015   -0.001    0.013    0.015   -0.001   -0.013
    -0.082   -0.073    0.000    0.043    0.035   -0.031    0.043    0.035
     0.031

 (  8)
     0.000    0.000    0.000    0.018    0.006    0.000   -0.003   -0.006
     0.000   -0.019    0.021    0.000   -0.017    0.012    0.000    0.393
     0.432    0.000   -0.005   -0.447    0.336   -0.005   -0.447   -0.336
    -0.001   -0.001    0.000   -0.017   -0.002    0.011   -0.017   -0.002
    -0.011

 (  9)
     0.034   -0.020    0.000    0.036    0.001    0.000   -0.006   -0.003
     0.000   -0.024   -0.017    0.000    0.069    0.051    0.000   -0.219
    -0.241    0.000   -0.213   -0.071    0.152   -0.213   -0.071   -0.152
     0.189   -0.018    0.000   -0.359    0.166    0.356   -0.359    0.166
    -0.356

 ( 10)
     0.000    0.000    0.046    0.000    0.000    0.019    0.000    0.000
    -0.005    0.000    0.000    0.002    0.000    0.000    0.000    0.000
     0.000    0.003    0.000   -0.002    0.001    0.000    0.002    0.001
     0.000    0.000   -0.726   -0.110   -0.453   -0.003    0.110    0.453
    -0.003

 ( 11)
     0.027   -0.020    0.000    0.001    0.015    0.000    0.000   -0.013
     0.000    0.014    0.011    0.000   -0.089   -0.063    0.000    0.276
     0.307    0.000    0.304    0.125   -0.223    0.304    0.125    0.223
     0.143   -0.018    0.000   -0.257    0.147    0.269   -0.257    0.147
    -0.269

 ( 12)
     0.000    0.000    0.001    0.000    0.000   -0.006    0.000    0.000
     0.001    0.000    0.000    0.023    0.000    0.000    0.031    0.000
     0.000   -0.673   -0.477    0.179   -0.006    0.477   -0.179   -0.006
     0.000    0.000   -0.004    0.003    0.000   -0.001   -0.003    0.000
    -0.001

 ( 13)
    -0.080   -0.072    0.000   -0.027   -0.014    0.000    0.006    0.015
     0.000    0.010   -0.001    0.000    0.001    0.001    0.000   -0.006
    -0.006    0.000   -0.013   -0.019    0.017   -0.013   -0.019   -0.017
     0.557   -0.051    0.000    0.246    0.440   -0.086    0.246    0.440
     0.086

 ( 14)
    -0.080    0.012    0.000    0.224   -0.020    0.000   -0.048    0.003
     0.000   -0.102   -0.007    0.000    0.030    0.004    0.000    0.092
     0.061    0.000    0.046    0.097   -0.067    0.046    0.097    0.067
     0.166    0.020    0.000   -0.021   -0.078   -0.090   -0.021   -0.078
     0.090

 ( 15)
     0.008   -0.006    0.000   -0.015    0.021    0.000    0.005   -0.036
     0.000   -0.011    0.078    0.000    0.064   -0.113    0.000    0.360
     0.152    0.000   -0.467    0.152   -0.115   -0.467    0.152    0.115
    -0.027   -0.009    0.000    0.010    0.028    0.011    0.010    0.028
    -0.011

 ( 16)
     0.000    0.000   -0.005    0.000    0.000    0.008    0.000    0.000
    -0.004    0.000    0.000   -0.051    0.000    0.000    0.127    0.000
     0.000   -0.386    0.423    0.316   -0.155   -0.423   -0.316   -0.155
     0.000    0.000    0.008   -0.017   -0.008    0.005    0.017    0.008
     0.005

 ( 17)
     0.079   -0.062    0.000   -0.052   -0.004    0.000    0.013    0.044
     0.000   -0.136   -0.060    0.000    0.107    0.043    0.000    0.182
     0.108    0.000    0.119    0.093   -0.032    0.119    0.093    0.032
    -0.324   -0.095    0.000    0.128    0.163    0.050    0.128    0.163
    -0.050

 ( 18)
     0.000    0.000   -0.124    0.000    0.000    0.099    0.000    0.000
    -0.008    0.000    0.000   -0.011    0.000    0.000   -0.004    0.000
     0.000    0.010   -0.033   -0.013    0.010    0.033    0.013    0.010
     0.000    0.000    0.343   -0.470   -0.210    0.137    0.470    0.210
     0.137

 ( 19)
     0.023    0.111    0.000   -0.103    0.007    0.000    0.010   -0.079
     0.000   -0.057   -0.030    0.000    0.079    0.033    0.000    0.108
     0.057    0.000    0.090    0.048   -0.009    0.090    0.048    0.009
     0.557    0.163    0.000   -0.041   -0.198   -0.052   -0.041   -0.198
     0.052

 ( 20)
     0.080    0.029    0.000    0.027   -0.046    0.000   -0.011   -0.136
     0.000   -0.060    0.138    0.000   -0.029    0.007    0.000   -0.198
    -0.150    0.000    0.124   -0.053    0.021    0.124   -0.053   -0.021
    -0.119    0.016    0.000    0.132    0.170    0.015    0.132    0.170
    -0.015

 ( 21)
     0.000    0.000    0.004    0.000    0.000   -0.229    0.000    0.000
     0.087    0.000    0.000    0.073    0.000    0.000   -0.007    0.000
     0.000   -0.026    0.067    0.018   -0.029   -0.067   -0.018   -0.029
     0.000    0.000    0.168   -0.174   -0.154    0.068    0.174    0.154
     0.068

 ( 22)
     0.163    0.081    0.000    0.043    0.004    0.000   -0.097    0.023
     0.000    0.005   -0.093    0.000   -0.094   -0.021    0.000   -0.012
     0.057    0.000   -0.175    0.005   -0.008   -0.175    0.005    0.008
     0.127    0.083    0.000    0.176    0.099    0.004    0.176    0.099
    -0.004

 ( 23)
    -0.078    0.100    0.000   -0.006   -0.050    0.000   -0.103   -0.057
     0.000    0.092   -0.041    0.000    0.105    0.024    0.000    0.146
     0.060    0.000    0.075    0.032   -0.002    0.075    0.032    0.002
    -0.304    0.082    0.000   -0.033    0.234    0.012   -0.033    0.234
    -0.012

 ( 24)
    -0.038    0.035    0.000    0.022   -0.056    0.000    0.124   -0.071
     0.000   -0.007   -0.059    0.000   -0.097    0.129    0.000    0.034
     0.251    0.000   -0.197    0.158   -0.006   -0.197    0.158    0.006
    -0.132    0.026    0.000   -0.012    0.091    0.001   -0.012    0.091
    -0.001

 ( 25)
     0.000    0.000    0.084    0.000    0.000   -0.048    0.000    0.000
     0.008    0.000    0.000   -0.152    0.000    0.000    0.094    0.000
     0.000    0.418   -0.246    0.173    0.001    0.246   -0.173    0.001
     0.000    0.000    0.153   -0.038   -0.082    0.079    0.038    0.082
     0.079

 ( 26)
     0.000    0.000    0.063    0.000    0.000   -0.036    0.000    0.000
    -0.054    0.000    0.000   -0.057    0.000    0.000    0.072    0.000
     0.000   -0.351    0.096   -0.416    0.352   -0.096    0.416    0.352
     0.000    0.000    0.128   -0.029   -0.064    0.060    0.029    0.064
     0.060

 ( 27)
     0.000    0.000    0.006    0.000    0.000   -0.035    0.000    0.000
    -0.041    0.000    0.000    0.016    0.000    0.000    0.032    0.000
     0.000    0.060   -0.018    0.014    0.024    0.018   -0.014    0.024
     0.000    0.000   -0.429   -0.290    0.410    0.346    0.290   -0.410
     0.346

 ( 28)
     0.013    0.000    0.071    0.012    0.002   -0.040    0.011    0.002
    -0.206    0.013    0.003    0.069    0.012    0.004   -0.028    0.013
     0.005    0.078    0.018    0.128   -0.115    0.004   -0.119   -0.115
     0.014    0.000    0.220    0.006   -0.122    0.033    0.019    0.121
     0.033

 ( 29)
    -0.048    0.106    0.058    0.004    0.013    0.043    0.089    0.005
     0.024   -0.056   -0.060    0.053   -0.011   -0.152    0.040   -0.069
    -0.204    0.051    0.035   -0.145    0.030    0.030   -0.173    0.030
    -0.125    0.097    0.075   -0.029    0.133    0.055   -0.024    0.161
     0.055

 ( 30)
    -0.113    0.033   -0.031   -0.110    0.028   -0.022   -0.106    0.027
    -0.034   -0.113    0.024    0.002   -0.111    0.019    0.011   -0.114
     0.016    0.031   -0.120    0.029    0.006   -0.097    0.008    0.006
    -0.117    0.032   -0.016   -0.100    0.025   -0.042   -0.123    0.045
    -0.042

 ( 31)
     0.020    0.034   -0.146    0.024    0.027   -0.040    0.031    0.026
    -0.040    0.020    0.021    0.058    0.023    0.015    0.164    0.019
     0.011    0.234   -0.051    0.022    0.167    0.104    0.006    0.167
     0.014    0.033   -0.126    0.098    0.029   -0.199   -0.054    0.045
    -0.199

 ( 32)
     0.013    0.132    0.037    0.023    0.114    0.013    0.039    0.113
     0.020    0.012    0.100   -0.019    0.020    0.083   -0.043    0.009
     0.073   -0.067    0.049    0.075   -0.040    0.007    0.089   -0.040
    -0.001    0.130    0.025   -0.003    0.147    0.053    0.038    0.132
     0.053

 ( 33)
     0.007   -0.041    0.122   -0.014   -0.003    0.099   -0.050    0.001
     0.061    0.011    0.028    0.127   -0.008    0.067    0.108    0.016
     0.088    0.134   -0.027    0.098    0.088   -0.026    0.041    0.088
     0.040   -0.038    0.156   -0.001   -0.086    0.112   -0.002   -0.031
     0.112


                VIBRATIONAL AMPLITUDE AND CENTRIFUGAL DISTORTION
                 CONTRIBUTIONS TO THE BOND LENGTH AT   298.16 K

                 Note: Excludes contributions from frequencies
                       lower than 40 (1/cm).

                R(e)   = r(mm4) - 1.5 * anh * <Z**2>(298.16)
                R(z)   = R(e) + 1.5 * anh * <Z**2>(0) - <K>(0))
                R(s)   = [R(e) + R(z)] / 2
                R(alp) = R(e) + 1.5 * anh * <Z**2>(T) - <K>(T) - <C>(T)
                R(g)   = R(e) + 1.5 * anh * <Z**2>(T)
                R(a)   = [R(g) + sqrt(R(g)**2-4*<Z**2>(T))] / 2

                       anh = anharmonicity (2.00)
                    <Z**2> = mean-square vibrational amplitude
                       <K> = perpendicular vibrational amplitude
                       <C> = centrifugal correction

        BOND          R(g)      R(z)      R(e)     R(alp)     R(s)      R(a)
    2( C)-  1( C)    1.5066    1.5037    1.4987    1.5032    1.5012    1.5048
    3( O)-  2( C)    1.2152    1.2127    1.2105    1.2123    1.2116    1.2139
    4( O)-  2( C)    1.3518    1.3495    1.3449    1.3490    1.3472    1.3501
    5( C)-  4( O)    1.4431    1.4388    1.4364    1.4380    1.4376    1.4416
    6( H)-  5( C)    1.1048    1.0854    1.0867    1.0839    1.0867    1.0994
    7( H)-  5( C)    1.1063    1.0852    1.0881    1.0836    1.0881    1.1008
    8( H)-  5( C)    1.1063    1.0852    1.0881    1.0836    1.0881    1.1008
    9( H)-  1( C)    1.1038    1.0922    1.0857    1.0918    1.0890    1.0983
   10( H)-  1( C)    1.1075    1.0972    1.0892    1.0969    1.0932    1.1020
   11( H)-  1( C)    1.1075    1.0972    1.0892    1.0969    1.0932    1.1020


                  Non-Bonded Atom Pair Distance Table
        (Distance greater than 82% of VDW distance are not printed)

        PAIR        Dist(g)   Dist(z)
    5( C),  3( O)    2.6484    2.6442       1,4
    7( H),  2( C)    2.6399    2.6324       1,4
    7( H),  3( O)    2.6252    2.6193          
    8( H),  2( C)    2.6399    2.6324       1,4
    8( H),  3( O)    2.6252    2.6193          
    9( H),  4( O)    2.4413    2.4378       1,4
   10( H),  3( O)    2.7452    2.7376       1,4
   11( H),  3( O)    2.7452    2.7376       1,4


         THE MOMENTS OF INERTIA CALCULATED FROM R(g), R(z) VALUES
                  (also from R(e), R(alpha), R(s) VALUES)

         Note: (1) All calculations are based on principle isotopes.
               (2) R(z) values include harmonic vibration (Coriolis)
                   contribution indicated in parentheses.
               (3) This molecule contains frequencies lower than
                   40 (1/cm).  The vibrational amplitudes 
                   contributed by those frequencies are excluded.


   (1)  UNIT = 10**(-39) GM*CM**2

                    IX                   IY                   IZ

   R(e)         8.1043              20.1422              27.2057
   R(z)         8.1472(-0.0104)     20.2688( 0.0064)     27.3841( 0.0022)

   (2)  UNIT = AU A**2

                    IX                   IY                   IZ

   R(e)        48.8104             121.3122             163.8546
   R(z)        49.0689(-0.0627)    122.0748( 0.0383)    164.9291( 0.0135)


 ==============================================================================
                      STATISTICAL THERMODYNAMICS ANALYSIS
 ==============================================================================

  Structure name    : Me-acetate-Z                                                
  Temperature       :   298.16 K
  Symmetry number   :   1
  Optical isomers   :   1
  Zero Point Energy :   54.719 Kcal/mol


                     ENERGY** ENTHALPY**  ENTROPY  FREE ENERGY** HEAT CAPACITY**
                  (Kcal/mol) (Kcal/mol)     (eu)   (Kcal/mol)    (cal/mol/deg)
  Translational       0.889      0.889     38.825    -10.687         2.981
     Rotational       0.889      0.889     25.332     -6.664         2.981
    Vibrational*     56.289%    56.289%     8.949     53.621%       11.623
         PV(RT)       0.000      0.593      0.000      0.593         1.987
      Potential      13.017#    13.017#     0.000     13.017#        0.000
         Mixing       0.000      0.000      0.000      0.000         0.000
          Total*     71.084     71.677     73.106     49.879        19.572

  Enthalpy Function (H-Ho)/T     =   13.21 cal/mol/deg
  Free Energy Function -(G-Ho)/T =   59.89 cal/mol/deg

  % Includes zero point energy (ZPE).
  * Excludes contribution from frequencies lower than 10 (1/cm).
  # Includes steric energy (SE).
    Internal rotation contributions are not considered
 ** These quantities are relative to the R(e) values (
    bottom of potential well) and do NOT include bonding

  This structure has   1 imaginary frequencies,
                       0 free internal rotation (fir) frequencies
                         (>= 0,< 10 /cm),
                       0 restricted internal rotation (rir) frequencies
                         (>= 10,< 40 /cm),
                       6 zero frequencies, and
                      26 real frequencies.


      FINAL STERIC ENERGY IS               13.0172 KCAL/MOL.


                  COMPRESSION               0.0836
                  STRETCH-STRETCH          -0.0011
                  BENDING                   1.5040
                  BEND-BEND                -0.0545
                  STRETCH-BEND              0.0428
                  VANDERWAALS
                    1,4 ENERGY              1.2351
                    OTHER                  -0.3718
                  H-BONDING                 0.0000
                  PI-COMPLX                 0.0000
                  TORSIONAL                15.7485
                  TORSION-STRETCH          -0.0916
                  TORSION-BEND             -2.0196
                  BEND-TORSION-BEND        -0.0217
                  TORSION-IMPT              0.0000
                  IMPT-TORSION-IMPT         0.0000
                  TORSION-TORSION           0.0000
                  DIPOLE-DIPOLE            -1.0971
                  CHARGE-DIPOLE             0.0000
                  IND-DIP CORR.            -1.9395
                  CHARGE-CHARGE             0.0000


      MOLECULAR POLARIZABILITIES (A**3)

        ALPHA(1)   =       8.78
        ALPHA(2)   =       7.10
        ALPHA(3)   =       5.64
        AVG. ALPHA =       7.17


      DIPOLE MOMENT =          2.1005 D

        SIGMA-DIPOLE MOMENT =  2.1005 (X = -1.0266    Y = -1.8325    Z =  0.0000)


      DIPOLE MOMENT =          1.7028 D (INCLUDES INDUCED BOND MOMENTS)

        SIGMA-DIPOLE MOMENT =  1.7028 (X =  0.0787    Y = -1.7010    Z =  0.0000)


      OTHER MOLECULAR PROPERTIES:

        Molar Polarizability:    18.3693 cm**3/mole
        Molar Refraction:        18.0835 cm**3/mole
        Radius of Gyration:       2.1363 A
        Molecular VDW Surface:  142.2407 A**2
        Molecular VDW Volume:   117.1284 A**3
        Dispersion Energy:       -5.0504 Kcal/mole
        Density (gas):          0.003027 g/cm**3 (@  298.2 K, 1 atm)
        Density (cdn):            0.8938 g/cm**3 (@STP Estd.)
        Ref. Index (gas):       1.001110 (@  298.2 K, 1 atm)
        Ref. Index (cdn):         1.3558 (@STP Estd.)
        Diel. Constant (gas):     1.0088 (@  298.2 K, 1 atm)
        Diel. Constant (cdn):    16.2661 (@STP Estd.)



      TOTAL ATOMIC CHARGE ON EACH ATOM (in ELECTRON CHARGE)

           C(    1):          0.099
           C(    2):          0.207
           O(    3):         -0.314
           O(    4):         -0.234
           C(    5):          0.189
           H(    6):          0.005
           H(    7):          0.007
           H(    8):          0.007
           H(    9):          0.011
           H(   10):          0.012
           H(   11):          0.012

      -----------------------------------------------------------------

        END OF Me-acetate-Z                                                


           TOTAL CPU TIME IS      0.09 SECONDS.

           THIS JOB COMPLETED AT    10:39:47
