 
               ---------------------------------------------
               WARNING : INCORRECT ATOM TYPES GIVEN IN INPUT
                         DATA ARE CORRECTED AS FOLLOWS
               ---------------------------------------------


             Atom type of atom    1 is replaced by   5 (was   0)
             Atom type of atom    2 is replaced by 157 (was   0)
             Atom type of atom    3 is replaced by  78 (was   0)
             Atom type of atom    4 is replaced by  75 (was   0)
             Atom type of atom    5 is replaced by   1 (was   0)
             Atom type of atom    6 is replaced by   5 (was   0)
             Atom type of atom    7 is replaced by   5 (was   0)
             Atom type of atom    8 is replaced by   5 (was   0)
 
     Me-formate-E                                                

               CHEMICAL FORMULA :  C(    2)  H(    4)  O(    2) 
               FORMULA WEIGHT   :     60.022
                                                               DATE 31-MAY-23
                                                               TIME  10:43:37


          THE COORDINATES OF     8 ATOMS ARE READ IN.
          SOME CONSTANTS WILL BE READ IN.

      CONFORMATIONAL ENERGY, PART 1:  GEOMETRY AND STERIC ENERGY
                                      OF INITIAL CONFORMATION.


      CONNECTED ATOMS
          2-    4-    5-

      ATTACHED ATOMS
          1-    2,    2-    3,    5-    6,    5-    7,    5-    8,

      INITIAL ATOMIC COORDINATES
           ATOM          X           Y           Z      TYPE
         H(    1)     0.93513     1.26767    -0.00068   (  5)
         C(    2)     1.04800     0.24974    -0.00027   (157)
         O(    3)     2.20560    -0.22207     0.00033   ( 78)
         O(    4)    -0.00408    -0.61105    -0.00039   ( 75)
         C(    5)    -1.30484     0.00054     0.00026   (  1)
         H(    6)    -2.05477    -0.79069     0.00049   (  5)
         H(    7)    -1.45215     0.61284     0.89342   (  5)
         H(    8)    -1.45289     0.61303    -0.89265   (  5)

        %=%=%=%=%=%=%=%=%=%=%=%=%=%=%=%=%=%=%=%=%=%=%=%=%=%=%=

        MM4(08)-v010108: (Const:V010108-00)

        The Parameters Used in This Calculation Can be Found
        in the Publication(s) Listed in the PART 3

        %=%=%=%=%=%=%=%=%=%=%=%=%=%=%=%=%=%=%=%=%=%=%=%=%=%=%=


          DIELECTRIC CONSTANT =  1.500


      INITIAL STERIC ENERGY IS              7.0783 KCAL/MOL.

                  COMPRESSION               3.9500
                  STRETCH-STRETCH          -0.1413
                  BENDING                   5.1194
                  BEND-BEND                -0.1540
                  STRETCH-BEND             -0.0817
                  VANDERWAALS
                    1,4 ENERGY              0.9598
                    OTHER                   0.0196
                  H-BONDING                 0.0000
                  PI-COMPLX                 0.0000
                  TORSIONAL                 0.7495
                  TORSION-STRETCH           0.3723
                  TORSION-BEND             -2.0479
                  BEND-TORSION-BEND        -0.0680
                  TORSION-IMPT              0.0000
                  IMPT-TORSION-IMPT         0.0000
                  TORSION-TORSION           0.0000
                  DIPOLE-DIPOLE            -0.4434
                  CHARGE-DIPOLE             0.0000
                  IND_DIP CORR.            -1.1560
                  CHARGE-CHARGE             0.0000


      MOMENT OF INERTIA ( R(g) ) WITH THE PRINCIPAL AXES

          (1)  UNIT = 10**(-39) GM*CM**2
               IX=    1.8080    IY=   18.1461    IZ=   19.4202

          (2)  UNIT = AU A**2
               IX=   10.8895    IY=  109.2940    IZ=  116.9679


      MOLECULAR POLARIZABILITIES (A**3)

        ALPHA(1)   =       6.25
        ALPHA(2)   =       4.13
        ALPHA(3)   =       3.43
        AVG. ALPHA =       4.60


      DIPOLE MOMENT =          2.5899 D

        SIGMA-DIPOLE MOMENT =  2.5899 (X =  1.7927    Y = -1.8691    Z =  0.0009)


      DIPOLE MOMENT =          3.7097 D (INCLUDES INDUCED BOND MOMENTS)

        SIGMA-DIPOLE MOMENT =  3.7097 (X =  3.3140    Y = -1.6671    Z =  0.0005)


      OTHER MOLECULAR PROPERTIES:

        Molar Polarizability:    12.9673 cm**3/mole
        Molar Refraction:        11.6109 cm**3/mole
        Radius of Gyration:       1.9881 A
        Molecular VDW Surface:  113.8400 A**2
        Molecular VDW Volume:    89.4005 A**3
        Dispersion Energy:       -1.9046 Kcal/mole
        Density (gas):          0.002454 g/cm**3 (@  298.2 K, 1 atm)
        Density (cdn):            0.9423 g/cm**3 (@STP Estd.)
        Ref. Index (gas):       1.000712 (@  298.2 K, 1 atm)
        Ref. Index (cdn):         1.2919 (@STP Estd.)
        Diel. Constant (gas):     1.0328 (@  298.2 K, 1 atm)
        Diel. Constant (cdn):    86.8097 (@STP Estd.)



      CPU TIME FOR INITIAL CALCULATION IS     0.02 SECONDS.
 


     Me-formate-E                                                


     CONFORMATIONAL ENERGY, PART 2: GEOMETRY MINIMIZATION

               GEOMETRY OPTIMIZATION IS CONTINUED UNTIL ATOM
               MOVEMENT CONVERGES WITHIN FOLLOWING VALUES:

                         AVERAGE MOVEMENT  0.00008 A
                         MAXIMUM MOVEMENT  0.00085 A



     <<<<<<<<<<<<<<<<<<<<<<<<<<  C Y C L E   1 >>>>>>>>>>>>>>>>>>>>>>>>>>

                              (CH)-MOVEMENT = 0

     ITER    1  AVG. MOVE = 0.02267 A  (MAX MOVE: ATOM     1   0.22715 A)
     ITER    2  AVG. MOVE = 0.00490 A  (MAX MOVE: ATOM     1   0.05810 A)
     ITER    3  AVG. MOVE = 0.00117 A  (MAX MOVE: ATOM     1   0.00500 A)
     ITER    4  AVG. MOVE = 0.00090 A  (MAX MOVE: ATOM     1   0.00393 A)
     ITER    5  AVG. MOVE = 0.00078 A  (MAX MOVE: ATOM     1   0.00509 A)
     ITER    6  AVG. MOVE = 0.00059 A  (MAX MOVE: ATOM     1   0.00398 A)
     ITER    7  AVG. MOVE = 0.00045 A  (MAX MOVE: ATOM     1   0.00304 A)
     ITER    8  AVG. MOVE = 0.00034 A  (MAX MOVE: ATOM     1   0.00230 A)
     ITER    9  AVG. MOVE = 0.00026 A  (MAX MOVE: ATOM     1   0.00174 A)
     ITER   10  AVG. MOVE = 0.00019 A  (MAX MOVE: ATOM     1   0.00131 A)
     ITER   11  AVG. MOVE = 0.00015 A  (MAX MOVE: ATOM     1   0.00099 A)
     ITER   12  AVG. MOVE = 0.00011 A  (MAX MOVE: ATOM     1   0.00075 A)
     ITER   13  AVG. MOVE = 0.00008 A  (MAX MOVE: ATOM     1   0.00056 A)


              * * * * * * * * * GEOMETRY IS OPTIMIZED * * * * * * * * *

               WITHIN : AVERAGE MOVEMENT  0.00008 A (LIMIT  0.00008 A)
                        MAXIMUM MOVEMENT  0.00056 A (LIMIT  0.00085 A)

               GRADIENT
                 RMS GRADIENT                  0.036275 KCAL/MOL/A

                 MAX GRADIENT
                   X-DIRECTION : ATOM #    2   0.102020 KCAL/MOL/A
                   Y-DIRECTION : ATOM #    4   0.083674 KCAL/MOL/A
                   Z-DIRECTION : ATOM #    5   0.002487 KCAL/MOL/A

        DELTA TIME =    0.00 SEC.       TOTAL CPU TIME =      0.03 SEC.


                            =====================
                            FULL-MATRIX OPTIMIZER
                            =====================


     iter.  rms force   max force   avg. move    max move  atom  convg  d-time

        0    0.034799    0.089290   0.00022 A   0.00117 A    7    [N]     0.0s
        1    0.000145    0.000401   0.00000 A   0.00000 A    7    [N]     0.0s
        2    0.000024    0.000057                                 [Y]     0.0s


      TOTAL ENERGY IS      0.5223 KCAL/MOL.

        COMPRESS    0.0462      VDW 1,4    1.3689      DIPL-DIPL   -0.4619
        STR-STR    -0.0001        OTHER    0.2813      CHRG-DIPL    0.0000
        BENDING     1.2367      TORSION    0.6180      CHRG-CHRG    0.0000
        BEND-BEND  -0.0647      TOR-STR   -0.0466      EPR          0.0000
        STR-BEND   -0.0200      TOR-BEND  -1.2577      TOR-BENBEN  -0.0083
        TOR-IMPT    0.0000      TOR-IPIP   0.0000      TORS-TORS    0.0000
        IND-DIP    -1.1696      H-BOND     0.0000      PI-COMPLX    0.0000
0     DELTA(T) =     0.0 SEC.          ELAPSED TIME =     0.0 SEC.


    * * * ENERGY IS MINIMIZED WITHIN RMS OF FORCES   0.00002  Kcal/mol/A * * *

                 * * * *  RMS FORCE IS   0.00002 Kcal/mol/A * * * *

 
     Me-formate-E                                                


     %=%=%=%=%=%=%=%=%=%=%=%=%=%=%=%=%=%=%=%=%=%=%=%=%=%=%=%=%=%=%=%=%=%=%=

     The Parameters Used in This Calculation Can be Found in the Following
     Publication(s):

     The MM4 Program is Developed by Dr. N. L. Allinger and co-workers at  
     the University of Georgia, Athens, Georgia 30602-2556 USA.            
     (c) Copyright 2003 by N. L. Allinger. All rights reserved.            
                                                                           
     MM4 General Description and Alkanes:                                  
      Allinger,N.L.; Chen,K.; Lii,J.-H. J. Comput. Chem. 1996, 17, 642.    
     Acids/Esters:                                                         
      Lii,J.-H. J. Phys. Chem. A 2002, 106, 8667.                          
     Aldehydes/Ketones:                                                    
      Langley,C.H.; Lii,J.-H.; Allinger,N.L. J. Comput. Chem. 2001, 22,    
      1396, 1426, 1451, 1476.                                              
      Langley,C.H.; Lii,J.-H.; Allinger,N.L. J. Comput. Chem. 2003, 24,    
      1283.                                                                

     %=%=%=%=%=%=%=%=%=%=%=%=%=%=%=%=%=%=%=%=%=%=%=%=%=%=%=%=%=%=%=%=%=%=%=

               CHEMICAL FORMULA :  C(    2)  H(    4)  O(    2) 
               FORMULA WEIGHT   :     60.022
                                                               DATE : 31-MAY-23

           * M M 4 * * * * * * * * * * * 2 0 0 8 *
           *                                     *   PARAMETER RELIABILITY
           *                                     *
           *                                     *   BLANK = GOOD
           *                                     *       B = FAIR
           *                                     *       C = TRIAL
           *                                     *       R = READ IN
           *                                     *       S = SUBSTITUTED
           *                                     *       U = PARAMETER NOT EXIST
           *                                     *
           *                                     *   THIS IS SHOWN AT THE END 
           *                                     *   OF THE LINE.
           * * * * * * * * * * * * * * * * * * * * 


      CONFORMATIONAL ENERGY, PART 3:  GEOMETRY AND STERIC ENERGY
                                      OF FINAL CONFORMATION.

      CONNECTED ATOMS
          2-    4-    5-

      ATTACHED ATOMS
          1-    2,    2-    3,    5-    6,    5-    7,    5-    8,

      FINAL ATOMIC COORDINATE
           ATOM          X           Y           Z      TYPE
         H(    1)    -0.31983    -1.42969     0.00000   (  5)
         C(    2)    -0.58741    -0.35284     0.00000   (157)
         O(    3)    -1.71936     0.06276     0.00000   ( 78)
         O(    4)     0.47444     0.47655     0.00000   ( 75)
         C(    5)     1.75165    -0.16588     0.00000   (  1)
         H(    6)     2.50223     0.64562     0.00000   (  5)
         H(    7)     1.85269    -0.79779     0.90306   (  5)
         H(    8)     1.85269    -0.79779    -0.90306   (  5)


          DIELECTRIC CONSTANT =  1.500


      BOND LENGTHS AND STRETCHING ENERGY   (    7 BONDS)

        ENERGY = 71.94(KS)(DR)(DR)(1-(CS)(DR)+(7/12)((CS)(DR))**2)-
                       (1/4)((CS)(DR))**3)+(31/360)((CS)(DR))**4))
                         DR =  R-RO
                         CS =  3.000 FOR X-Y BONDS
                            =  2.200 FOR X-H BONDS
                                                            R(0)-CORR        CORR
             BOND          R(g)    R(0)    K(S)  ENERGY   E-NEG  MISCEL       KS
      H(    1)- C(    2)  1.1096  1.1030  4.749  0.0147 -0.0140             0.399  
      C(    2)- O(    3)  1.2058  1.2063  8.680  0.0001 -0.0032                    
      C(    2)- O(    4)  1.3474  1.3396  5.550  0.0236  0.0018                    
      O(    4)- C(    5)  1.4297  1.4341  5.100  0.0073  0.0220                    
      C(    5)- H(    6)  1.1054  1.1060  4.920  0.0001 -0.0060             0.180  
      C(    5)- H(    7)  1.1068  1.1060  4.920  0.0002 -0.0060             0.180  
      C(    5)- H(    8)  1.1068  1.1060  4.920  0.0002 -0.0060             0.180  


      NON-BONDED DISTANCES, VDW AND EPR ENERGY   (    11 PAIRS)

              E(VDW) = KV*(1.84(10**5)EXP(-12.00/P) - 2.25(P**6))
              E(EPR) = C*KV*(1.84(10**5)EXP(-12.00/Q) - 2.25(Q**6))
              E(HBD) = EP1-EP2*F(THET1,THET2)*RTH/RTH0
                            EP1 = KHB*2.76(10**5)*EXP(-12.0/P)
                            EP2 = KHB*2.25(P**6)
                              F = FAC*(1+COS(THET1)^N*(1+COS(THET2))^N

            IF P > 3.020, THEN,
              E(VDW) = KV(192.270)(P**2)
              E(HBD) = EP1-EP2*F(THET1,THET2)*RTH/RTH0
                            EP1 = KHB*569.14*P**2
                            EP2 = KHB*187.16*P**2

                       RV = RVDW(I) + RVDW(K)
                       KV = SQRT(EPS(I)*EPS(K))
                      KHB = HYDROGEN BOND ENERGY PARAMETER
                        P = (RV/R) OR (RV/R#)
                        C = SCALE FACTOR
                        Q = RV/R, WHERE R IS MODIFIED DISTANCE
                        N = 1 WHEN Y IS NITROGEN, AND 2 FOR OTHERS
                      FAC = 1/4 WHEN N=1, AND 1/16 WHEN N=2
                    THET1 = ANGLE H-X-Y IN HYDROGEN BOND X-H...Y
                    THET2 = ANGLE X-Y-LP IN HYDROGEN BOND X...Y-LP
                      RTH = BOND LENGTH X-H IN X-H...Y
                     RTH0 = NATURAL BOND LENGTH X-H

          # IN THE VDW CALCULATIONS THE HYDROGEN ATOMS ARE RELOCATED
          SO THAT THE ATTACHED HYDROGEN DISTANCE IS REDUCED BY 0.940

          # IN THE VDW CALCULATIONS THE DEUTERIUM ATOMS ARE RELOCATED
          SO THAT THE ATTACHED DEUTERIUM DISTANCE IS REDUCED BY  0.940

           ATOM PAIR          R       R#       RV      KV       ENERGY
      H(    1), O(    3)   2.0460
      H(    1), O(    4)   2.0651
      H(    1), C(    5)   2.4266   2.4075   3.440   0.0240     0.5353  1,4    
      H(    1), H(    6)   3.5030   3.4133   3.280   0.0170    -0.0183         
      H(    1), H(    7)   2.4361   2.4187   3.280   0.0170     0.2111         
      H(    1), H(    8)   2.4361   2.4187   3.280   0.0170     0.2111         
      C(    2), C(    5)   2.3465
      C(    2), H(    6)   3.2470   3.1893   3.580   0.0311    -0.0097  1,4    
      C(    2), H(    7)   2.6396   2.6097   3.580   0.0311     0.4429  1,4    
      C(    2), H(    8)   2.6396   2.6097   3.580   0.0311     0.4429  1,4    
      O(    3), O(    4)   2.2325
      O(    3), C(    5)   3.4785            3.720   0.0471    -0.0425  1,4    
      O(    3), H(    6)   4.2616   4.2106   2.850   0.1200    -0.0255         
      O(    3), H(    7)   3.7836   3.7568   2.850   0.1200    -0.0485         
      O(    3), H(    8)   3.7836   3.7568   2.850   0.1200    -0.0485         
      O(    4), H(    6)   2.0348
      O(    4), H(    7)   2.0830
      O(    4), H(    8)   2.0830
      H(    6), H(    7)   1.8223
      H(    6), H(    8)   1.8223
      H(    7), H(    8)   1.8061


      BOND ANGLES, BENDING AND STRETCH-BEND ENERGIES   (   10 ANGLES)

          EB = 0.02191418(KB)(DT)(DT)(1+CF*DT+QF*DT**2+PF*DT**3+SF*DT**4)
                          DT = THETA-TZERO
                          CF = -1800.000E-5
                          QF =     7.200E-5
                          PF =     0.135E-5
                          SF =     0.004E-6
          ESS =  143.88(KSTST)(DR1)(DR2)
          ESB =  2.51118(KSB)(DT)(DR1+DR2)
          EBB = -0.02191418(KBB)(DT1)(DT2)
                          DR1 = R1 - R1(0)
                          DR2 = R2 - R2(0)

               A T O M S             THETA    TZERO     KB     EB    KSB   ESB   KSS   ESS
      H(    1)- C(    2)- O(    3)  124.115  126.900  0.750  0.1340             0.20-0.0001
          OUT-PL    2-    4-    2     0.000          11.000  0.0000                          
      H(    1)- C(    2)- O(    4)  114.039  112.600  0.550  0.0243             0.20 0.0015
          OUT-PL    2-    3-    2     0.000          11.000  0.0000                          
      O(    3)- C(    2)- O(    4)  121.847  123.100  1.750  0.0616
          OUT-PL    2-    1-    2     0.000           6.520  0.0000                          
      C(    2)- O(    4)- C(    5)  115.305  114.900  1.100  0.0039             0.30-0.0015  
      O(    4)- C(    5)- H(    6)  106.064  105.000  1.050  0.0256 0.20-0.0027              
      O(    4)- C(    5)- H(    7)  109.761  105.000  1.050  0.4778 0.20-0.0086              
      O(    4)- C(    5)- H(    8)  109.761  105.000  1.050  0.4778 0.20-0.0086              
      H(    6)- C(    5)- H(    7)  110.925  109.800  0.540  0.0147                          
      H(    6)- C(    5)- H(    8)  110.925  109.800  0.540  0.0147                          
      H(    7)- C(    5)- H(    8)  109.355  109.800  0.540  0.0024                          


     DIHEDRAL ANGLES, TORSIONAL ENERGY (ET)   (     5 ANGLES)

           ET = (V1/2)(1+COS(W))+(V2/2)(1-COS(2W))+(V3/2)(1+COS(3W))+
                                 (V4/2)(1-COS(4W))+(V6/2)(1+COS(6W))
         EBTB =  0.043828*(KBTB)(DTH1)(COS(W))(DTH2)
         ETS1 = -0.5*(RC-RC0)[KTSC1*(1+COS(W))+KTSC2*(1-COS(2W))+KTSC3*(1+COS(3W))]
         ETS2 = -0.5*(RT-RT0)[KTST1*(1+COS(W))+KTST2*(1-COS(2W))+KTST3*(1+COS(3W))]
          ETB =  2.51124*(DTH)[KTB1(1+COS(W))+KTB2*(1-COS(2W))+KTB3*(1+COS(3W))]
                      RC   = CENTRAL BOND LENGTH
                      RT   = TERMINAL BOND LENGTH
                      DTH1 = THETA1 - TZERO1
                      DTH2 = THETA2 - TZERO2

           SIGN OF ANGLE A-B-C-D : WHEN LOOKING THROUGH B TOWARD C,
           IF D IS COUNTERCLOCKWISE FROM A, NEGATIVE.

                A T O M S                OMEGA    V1     V2     V3     V4     V6     E    KBTB   EBTB
    H(    1) C(    2) O(    4) C(    5)    0.0 -0.663  5.674  1.829 -0.184  0.481  1.647 -0.150 -0.004 
       TYPE-1-TS                         0.000 11.000  0.000                       0.000
       TYPE-2-TS    3.900  0.000  0.000                      -4.000  0.500  0.000 -0.043
       TORS-BEND   -0.010  0.000  0.000                      -0.057 -0.008 -0.025 -0.239
    C(    2) O(    4) C(    5) H(    6) -180.0 -4.663  3.479 -0.100  0.839 -0.025 -0.025               
       TYPE-1-TS                         0.000  0.000 -0.500                       0.000
       TYPE-2-TS    0.000  0.000 -0.200                       1.000  1.600  0.000  0.000
       TORS-BEND    0.078  0.000  0.000                      -0.015 -0.020  0.000  0.000
    C(    2) O(    4) C(    5) H(    7)  -60.1 -4.663  3.479 -0.100  0.839 -0.025 -0.277               
       TYPE-1-TS                         0.000  0.000 -0.500                       0.000
       TYPE-2-TS    0.000  0.000 -0.200                       1.000  1.600  0.000 -0.002
       TORS-BEND    0.078  0.000  0.000                      -0.015 -0.020  0.000 -0.509
    C(    2) O(    4) C(    5) H(    8)   60.1 -4.663  3.479 -0.100  0.839 -0.025 -0.277               
       TYPE-1-TS                         0.000  0.000 -0.500                       0.000
       TYPE-2-TS    0.000  0.000 -0.200                       1.000  1.600  0.000 -0.002
       TORS-BEND    0.078  0.000  0.000                      -0.015 -0.020  0.000 -0.509
    O(    3) C(    2) O(    4) C(    5)  180.0 -1.290  6.534  0.361 -0.012 -0.450 -0.450 -0.200 -0.004 
       TYPE-1-TS                         0.000 11.000  0.000                       0.000
       TYPE-2-TS    5.600 -5.500  0.000                       4.000  0.500  0.000  0.000
       TORS-BEND   -0.038  0.000  0.000                      -0.074 -0.008  0.000  0.000

     DIPOLE-DIPOLE INTERACTION ENERGY  (DIELECTRIC CONSTANT = 1.50)

          E = 14.388*MU1*MU2*(COSX-3*COSA*COSB)/(R12**3*DIELC)

               MU1 = BOND MOM OF BOND 1
               MU2 = BOND MOM OF BOND 2
               R12 = DISTANCE BETWEEN MID-POINTS OF TWO BONDS.

          BOND(1)         MU1           BOND(2)         MU2      R12        E
     H(    1)- C(    2)  0.550   + O(    4)- C(    5) -0.500   1.8841    0.4545       
     C(    2)- O(    3)  1.900   + O(    4)- C(    5) -0.500   2.2862   -0.9164       


 ==============================================================================
                        NORMAL MODE VIBRATIONAL ANALYSIS
 ==============================================================================


             Molecular Shape : ASYMMETRIC ROTOR WITH KAPPA =-0.984911
        Symmetry Point Group : Cs  
             Symmetry Number :  1
                   Chirality :  no



0       FUNDAMENTAL NORMAL VIBRATIONAL FREQUENCIES
                ( THEORETICALLY  18 VALUES )

             Frequency :  in 1/cm
             A(i)      :  IR intensity (vs,s,m,w,vw,-- or in 10**6 cm/mole)
             A(i) = -- :  IR inactive


             no       Frequency   Symmetry      A(i)

             1.          3037.0     (A`  )        m
             2.          3019.7     (A"  )        m
             3.          2929.4     (A`  )        w
             4.          2886.3     (A`  )        s
             5.          1753.4     (A`  )        s
             6.          1485.3     (A`  )        w
             7.          1460.1     (A`  )        w
             8.          1444.9     (A"  )        w
             9.          1390.5     (A`  )       vs
            10.          1297.1     (A`  )        m
            11.          1147.1     (A"  )        w
            12.          1127.8     (A`  )        m
            13.          1068.5     (A`  )        m
            14.           915.7     (A"  )       vw
            15.           604.1     (A`  )        m
            16.           387.2     (A`  )        w
            17.           164.9     (A"  )        w
            18.           133.3     (A"  )        w
            19.     (       0.0)    (t/r )
            20.     (       0.0)    (t/r )
            21.     (       0.0)    (t/r )
            22.     (       0.0)    (t/r )
            23.     (       0.0)    (t/r )
            24.     (       0.0)    (t/r )


0       CORRESPONDING EIGEN VECTOR MATRIX   24 BY  24



 (  1)
    -0.005    0.017    0.000    0.002   -0.003    0.000    0.000    0.000
     0.000   -0.001    0.000    0.000   -0.040   -0.085    0.000    0.552
     0.562    0.000   -0.039    0.226   -0.285   -0.039    0.226    0.285

 (  2)
     0.000    0.000   -0.001    0.000    0.000    0.001    0.000    0.000
     0.000    0.000    0.000   -0.002    0.000    0.000   -0.091    0.000
     0.000    0.020    0.085   -0.381    0.543   -0.085    0.381    0.543

 (  3)
     0.005   -0.024    0.000   -0.001    0.003    0.000    0.000    0.000
     0.000    0.003   -0.002    0.000   -0.051    0.028    0.000    0.393
     0.369    0.000    0.086   -0.339    0.456    0.086   -0.339   -0.456

 (  4)
     0.230   -0.916    0.000   -0.027    0.086    0.000    0.003   -0.004
     0.000    0.003   -0.004    0.000    0.001   -0.001    0.000    0.002
     0.002    0.000   -0.003    0.013   -0.019   -0.003    0.013    0.019

 (  5)
    -0.541   -0.205    0.000    0.207    0.009    0.000   -0.083    0.012
     0.000   -0.043    0.001    0.000    0.005   -0.010    0.000    0.009
    -0.019    0.000    0.007    0.017    0.025    0.007    0.017   -0.025

 (  6)
     0.007   -0.039    0.000    0.009   -0.031    0.000   -0.010    0.011
     0.000    0.006    0.045    0.000    0.051   -0.022    0.000   -0.474
     0.526    0.000   -0.089   -0.376   -0.228   -0.089   -0.376    0.228

 (  7)
     0.124   -0.025    0.000    0.001   -0.042    0.000   -0.006    0.017
     0.000   -0.025    0.034    0.000    0.099   -0.090    0.000   -0.191
     0.210    0.000   -0.308    0.286    0.370   -0.308    0.286   -0.370

 (  8)
     0.000    0.000    0.022    0.000    0.000   -0.008    0.000    0.000
     0.001    0.000    0.000    0.022    0.000    0.000    0.034    0.000
     0.000   -0.681   -0.469   -0.181   -0.007    0.469    0.181   -0.007

 (  9)
     0.582   -0.055    0.000    0.075   -0.144    0.000   -0.087    0.083
     0.000   -0.001    0.040    0.000   -0.037   -0.004    0.000    0.070
    -0.122    0.000    0.148   -0.008   -0.035    0.148   -0.008    0.035

 ( 10)
     0.362    0.165    0.000    0.066    0.080    0.000   -0.043    0.005
     0.000   -0.027   -0.120    0.000    0.046    0.079    0.000    0.158
    -0.012    0.000   -0.370   -0.109   -0.075   -0.370   -0.109    0.075

 ( 11)
     0.000    0.000   -0.007    0.000    0.000   -0.006    0.000    0.000
     0.001    0.000    0.000   -0.048    0.000    0.000    0.127    0.000
     0.000   -0.377    0.434   -0.314   -0.156   -0.434    0.314   -0.156

 ( 12)
    -0.083   -0.074    0.000   -0.036   -0.052    0.000    0.049    0.011
     0.000   -0.137    0.070    0.000    0.135    0.000    0.000    0.396
    -0.243    0.000   -0.048   -0.175   -0.095   -0.048   -0.175    0.095

 ( 13)
     0.286    0.192    0.000    0.041    0.123    0.000    0.010   -0.017
     0.000   -0.118   -0.029    0.000    0.031   -0.091    0.000   -0.177
     0.107    0.000    0.370    0.023    0.039    0.370    0.023   -0.039

 ( 14)
     0.000    0.000    0.718    0.000    0.000   -0.186    0.000    0.000
     0.057    0.000    0.000    0.026    0.000    0.000    0.009    0.000
     0.000    0.041    0.018    0.002    0.009   -0.018   -0.002    0.009

 ( 15)
     0.026   -0.078    0.000    0.067   -0.055    0.000    0.163    0.052
     0.000   -0.087   -0.033    0.000   -0.136    0.027    0.000   -0.170
     0.056    0.000   -0.126    0.030    0.001   -0.126    0.030   -0.001

 ( 16)
    -0.196   -0.105    0.000   -0.066   -0.073    0.000   -0.012    0.097
     0.000   -0.020   -0.133    0.000    0.094    0.088    0.000   -0.067
     0.242    0.000    0.220    0.125    0.008    0.220    0.125   -0.008

 ( 17)
     0.000    0.000   -0.423    0.000    0.000   -0.111    0.000    0.000
     0.050    0.000    0.000    0.033    0.000    0.000    0.024    0.000
     0.000   -0.387    0.161    0.363    0.262   -0.161   -0.363    0.262

 ( 18)
     0.000    0.000    0.304    0.000    0.000    0.072    0.000    0.000
    -0.110    0.000    0.000    0.136    0.000    0.000   -0.096    0.000
     0.000   -0.348    0.215    0.116   -0.039   -0.215   -0.116   -0.039

 ( 19)
    -0.008   -0.001    0.157    0.001    0.001    0.056    0.004    0.010
    -0.060    0.007   -0.008    0.073    0.002   -0.018    0.218    0.009
    -0.024    0.213   -0.071    0.049    0.273    0.065   -0.086    0.273

 ( 20)
     0.088    0.038   -0.033    0.004    0.017   -0.006   -0.029   -0.072
    -0.005   -0.061    0.100    0.027   -0.011    0.201    0.021   -0.074
     0.259    0.050    0.031    0.184    0.004    0.047    0.233    0.004

 ( 21)
     0.073   -0.078   -0.287    0.046   -0.085   -0.057    0.035   -0.114
     0.023    0.024   -0.058    0.131    0.041   -0.025    0.003    0.020
    -0.005    0.185    0.049   -0.217   -0.132    0.065    0.173   -0.132

 ( 22)
    -0.024    0.097   -0.253    0.017    0.107   -0.078    0.033    0.150
    -0.030    0.049    0.067    0.080    0.025    0.018   -0.003    0.055
    -0.011    0.147   -0.017   -0.137   -0.106    0.018    0.165   -0.106

 ( 23)
    -0.005    0.025    0.117    0.004    0.027    0.134    0.008    0.036
     0.199    0.011    0.018    0.076    0.006    0.007    0.003    0.012
     0.001   -0.038    0.051    0.004   -0.004   -0.050    0.008   -0.004

 ( 24)
     0.144    0.005    0.138    0.124    0.000    0.027    0.116   -0.021
    -0.010    0.108    0.020   -0.064    0.120    0.044   -0.003    0.105
     0.058   -0.091    0.136    0.139    0.062    0.128   -0.048    0.062


                VIBRATIONAL AMPLITUDE AND CENTRIFUGAL DISTORTION
                 CONTRIBUTIONS TO THE BOND LENGTH AT   298.16 K

                 Note: Excludes contributions from frequencies
                       lower than 40 (1/cm).

                R(e)   = r(mm4) - 1.5 * anh * <Z**2>(298.16)
                R(z)   = R(e) + 1.5 * anh * <Z**2>(0) - <K>(0))
                R(s)   = [R(e) + R(z)] / 2
                R(alp) = R(e) + 1.5 * anh * <Z**2>(T) - <K>(T) - <C>(T)
                R(g)   = R(e) + 1.5 * anh * <Z**2>(T)
                R(a)   = [R(g) + sqrt(R(g)**2-4*<Z**2>(T))] / 2

                       anh = anharmonicity (2.00)
                    <Z**2> = mean-square vibrational amplitude
                       <K> = perpendicular vibrational amplitude
                       <C> = centrifugal correction

        BOND          R(g)      R(z)      R(e)     R(alp)     R(s)      R(a)
    2( C)-  1( H)    1.1096    1.0936    1.0907    1.0925    1.0922    1.1039
    3( O)-  2( C)    1.2058    1.2015    1.2009    1.2007    1.2012    1.2045
    4( O)-  2( C)    1.3474    1.3453    1.3411    1.3446    1.3432    1.3458
    5( C)-  4( O)    1.4297    1.4260    1.4233    1.4251    1.4246    1.4282
    6( H)-  5( C)    1.1054    1.0879    1.0873    1.0865    1.0876    1.0999
    7( H)-  5( C)    1.1068    1.0886    1.0886    1.0870    1.0886    1.1013
    8( H)-  5( C)    1.1068    1.0886    1.0886    1.0870    1.0886    1.1013


                  Non-Bonded Atom Pair Distance Table
        (Distance greater than 82% of VDW distance are not printed)

        PAIR        Dist(g)   Dist(z)
    5( C),  1( H)    2.4266    2.4159       1,4
    7( H),  1( H)    2.4361    2.4262          
    7( H),  2( C)    2.6396    2.6297       1,4
    8( H),  1( H)    2.4361    2.4262          
    8( H),  2( C)    2.6396    2.6297       1,4


         THE MOMENTS OF INERTIA CALCULATED FROM R(g), R(z) VALUES
                  (also from R(e), R(alpha), R(s) VALUES)

         Note: (1) All calculations are based on principle isotopes.
               (2) R(z) values include harmonic vibration (Coriolis)
                   contribution indicated in parentheses.


   (1)  UNIT = 10**(-39) GM*CM**2

                    IX                   IY                   IZ

   R(e)         1.7826              17.5400              18.7944
   R(z)         1.7674(-0.0158)     17.6495(-0.0036)     18.9184( 0.0067)

   (2)  UNIT = AU A**2

                    IX                   IY                   IZ

   R(e)        10.7360             105.6397             113.1950
   R(z)        10.6444(-0.0952)    106.2992(-0.0217)    113.9417( 0.0405)


 ==============================================================================
                      STATISTICAL THERMODYNAMICS ANALYSIS
 ==============================================================================

  Structure name    : Me-formate-E                                                
  Temperature       :   298.16 K
  Symmetry number   :   1
  Optical isomers   :   1
  Zero Point Energy :   37.532 Kcal/mol


                     ENERGY** ENTHALPY**  ENTROPY  FREE ENERGY** HEAT CAPACITY**
                  (Kcal/mol) (Kcal/mol)     (eu)   (Kcal/mol)    (cal/mol/deg)
  Translational       0.889      0.889     38.200    -10.501         2.981
     Rotational       0.889      0.889     23.327     -6.066         2.981
    Vibrational*     38.744%    38.744%     7.245     36.583%        8.152
         PV(RT)       0.000      0.593      0.000      0.593         1.987
      Potential       0.522#     0.522#     0.000      0.522#        0.000
         Mixing       0.000      0.000      0.000      0.000         0.000
          Total*     41.044     41.636     68.772     21.131        16.101

  Enthalpy Function (H-Ho)/T     =   12.01 cal/mol/deg
  Free Energy Function -(G-Ho)/T =   56.76 cal/mol/deg

  % Includes zero point energy (ZPE).
  * Excludes contribution from frequencies lower than 10 (1/cm).
  # Includes steric energy (SE).
    Internal rotation contributions are not considered
 ** These quantities are relative to the R(e) values (
    bottom of potential well) and do NOT include bonding

  This structure has   0 imaginary frequencies,
                       0 free internal rotation (fir) frequencies
                         (>= 0,< 10 /cm),
                       0 restricted internal rotation (rir) frequencies
                         (>= 10,< 40 /cm),
                       6 zero frequencies, and
                      18 real frequencies.


      FINAL STERIC ENERGY IS                0.5223 KCAL/MOL.


                  COMPRESSION               0.0462
                  STRETCH-STRETCH          -0.0001
                  BENDING                   1.2367
                  BEND-BEND                -0.0647
                  STRETCH-BEND             -0.0200
                  VANDERWAALS
                    1,4 ENERGY              1.3689
                    OTHER                   0.2813
                  H-BONDING                 0.0000
                  PI-COMPLX                 0.0000
                  TORSIONAL                 0.6180
                  TORSION-STRETCH          -0.0466
                  TORSION-BEND             -1.2577
                  BEND-TORSION-BEND        -0.0083
                  TORSION-IMPT              0.0000
                  IMPT-TORSION-IMPT         0.0000
                  TORSION-TORSION           0.0000
                  DIPOLE-DIPOLE            -0.4619
                  CHARGE-DIPOLE             0.0000
                  IND-DIP CORR.            -1.1696
                  CHARGE-CHARGE             0.0000


      MOLECULAR POLARIZABILITIES (A**3)

        ALPHA(1)   =       6.35
        ALPHA(2)   =       4.39
        ALPHA(3)   =       3.74
        AVG. ALPHA =       4.83


      DIPOLE MOMENT =          2.5951 D

        SIGMA-DIPOLE MOMENT =  2.5951 (X = -1.8743    Y =  1.7949    Z =  0.0000)


      DIPOLE MOMENT =          3.7515 D (INCLUDES INDUCED BOND MOMENTS)

        SIGMA-DIPOLE MOMENT =  3.7515 (X = -3.3838    Y =  1.6197    Z =  0.0000)


      OTHER MOLECULAR PROPERTIES:

        Molar Polarizability:    13.5590 cm**3/mole
        Molar Refraction:        12.1719 cm**3/mole
        Radius of Gyration:       1.9678 A
        Molecular VDW Surface:  113.1463 A**2
        Molecular VDW Volume:    89.3162 A**3
        Dispersion Energy:       -2.3265 Kcal/mole
        Density (gas):          0.002454 g/cm**3 (@  298.2 K, 1 atm)
        Density (cdn):            0.9442 g/cm**3 (@STP Estd.)
        Ref. Index (gas):       1.000747 (@  298.2 K, 1 atm)
        Ref. Index (cdn):         1.3080 (@STP Estd.)
        Diel. Constant (gas):     1.0336 (@  298.2 K, 1 atm)
        Diel. Constant (cdn):    90.9738 (@STP Estd.)



      TOTAL ATOMIC CHARGE ON EACH ATOM (in ELECTRON CHARGE)

           H(    1):          0.084
           C(    2):          0.267
           O(    3):         -0.337
           O(    4):         -0.215
           C(    5):          0.178
           H(    6):          0.008
           H(    7):          0.008
           H(    8):          0.008

      -----------------------------------------------------------------

        END OF Me-formate-E                                                


           TOTAL CPU TIME IS      0.06 SECONDS.

           THIS JOB COMPLETED AT    10:43:37
