 
               ---------------------------------------------
               WARNING : INCORRECT ATOM TYPES GIVEN IN INPUT
                         DATA ARE CORRECTED AS FOLLOWS
               ---------------------------------------------


             Atom type of atom    1 is replaced by   5 (was   0)
             Atom type of atom    2 is replaced by 157 (was   0)
             Atom type of atom    3 is replaced by   1 (was   0)
             Atom type of atom    4 is replaced by   1 (was   0)
             Atom type of atom    5 is replaced by   7 (was   0)
             Atom type of atom    6 is replaced by   5 (was   0)
             Atom type of atom    7 is replaced by   5 (was   0)
             Atom type of atom    8 is replaced by   5 (was   0)
             Atom type of atom    9 is replaced by   5 (was   0)
             Atom type of atom   10 is replaced by   5 (was   0)
 
     propanal-skew                                               

               CHEMICAL FORMULA :  C(    3)  H(    6)  O(    1) 
               FORMULA WEIGHT   :     58.043
                                                               DATE 31-MAY-23
                                                               TIME  11:20:21


          THE COORDINATES OF    10 ATOMS ARE READ IN.
          SOME CONSTANTS WILL BE READ IN.

      CONFORMATIONAL ENERGY, PART 1:  GEOMETRY AND STERIC ENERGY
                                      OF INITIAL CONFORMATION.


      CONNECTED ATOMS
          2-    3-    4-

      ATTACHED ATOMS
          1-    2,    2-    5,    3-    6,    3-    7,    4-    8,    4-    9,
          4-   10,

      INITIAL ATOMIC COORDINATES
           ATOM          X           Y           Z      TYPE
         H(    1)     1.33924    -0.90886     0.33481   (  5)
         C(    2)     0.69722    -0.33704    -0.38148   (157)
         C(    3)    -0.80838    -0.46119    -0.20541   (  1)
         C(    4)    -1.43293     0.85219     0.30207   (  1)
         O(    5)     1.22660     0.34394    -1.22848   (  7)
         H(    6)    -1.27019    -0.73955    -1.17834   (  5)
         H(    7)    -1.03562    -1.28374     0.50308   (  5)
         H(    8)    -2.53117     0.75199     0.43791   (  5)
         H(    9)    -1.00458     1.15456     1.28167   (  5)
         H(   10)    -1.26329     1.68860    -0.40930   (  5)

        %=%=%=%=%=%=%=%=%=%=%=%=%=%=%=%=%=%=%=%=%=%=%=%=%=%=%=

        MM4(08)-v010108: (Const:V010108-00)

        The Parameters Used in This Calculation Can be Found
        in the Publication(s) Listed in the PART 3

        %=%=%=%=%=%=%=%=%=%=%=%=%=%=%=%=%=%=%=%=%=%=%=%=%=%=%=


          DIELECTRIC CONSTANT =  1.500


      INITIAL STERIC ENERGY IS              2.8375 KCAL/MOL.

                  COMPRESSION               0.1297
                  STRETCH-STRETCH           0.0047
                  BENDING                   0.3344
                  BEND-BEND                -0.0204
                  STRETCH-BEND              0.0534
                  VANDERWAALS
                    1,4 ENERGY              1.0705
                    OTHER                  -0.2824
                  H-BONDING                 0.0000
                  PI-COMPLX                 0.0000
                  TORSIONAL                 1.9171
                  TORSION-STRETCH          -0.0637
                  TORSION-BEND              0.0778
                  BEND-TORSION-BEND         0.0005
                  TORSION-IMPT              0.0000
                  IMPT-TORSION-IMPT         0.0000
                  TORSION-TORSION           0.0000
                  DIPOLE-DIPOLE             0.0000
                  CHARGE-DIPOLE             0.0000
                  IND_DIP CORR.            -0.3841
                  CHARGE-CHARGE             0.0000


      MOMENT OF INERTIA ( R(g) ) WITH THE PRINCIPAL AXES

          (1)  UNIT = 10**(-39) GM*CM**2
               IX=    4.5360    IY=   16.5406    IZ=   18.7770

          (2)  UNIT = AU A**2
               IX=   27.3205    IY=   99.6243    IZ=  113.0937


      MOLECULAR POLARIZABILITIES (A**3)

        ALPHA(1)   =       7.38
        ALPHA(2)   =       6.48
        ALPHA(3)   =       5.64
        AVG. ALPHA =       6.50


      DIPOLE MOMENT =          2.6932 D

        SIGMA-DIPOLE MOMENT =  2.6932 (X =  1.4641    Y =  1.4084    Z = -1.7681)


      DIPOLE MOMENT =          2.6265 D (INCLUDES INDUCED BOND MOMENTS)

        SIGMA-DIPOLE MOMENT =  2.6265 (X =  1.7269    Y =  1.1252    Z = -1.6279)


      OTHER MOLECULAR PROPERTIES:

        Molar Polarizability:    17.0629 cm**3/mole
        Molar Refraction:        16.3829 cm**3/mole
        Radius of Gyration:       2.0344 A
        Molecular VDW Surface:  131.1091 A**2
        Molecular VDW Volume:   106.7566 A**3
        Dispersion Energy:       -3.3518 Kcal/mole
        Density (gas):          0.002372 g/cm**3 (@  298.2 K, 1 atm)
        Density (cdn):            0.7670 g/cm**3 (@STP Estd.)
        Ref. Index (gas):       1.001005 (@  298.2 K, 1 atm)
        Ref. Index (cdn):         1.3527 (@STP Estd.)
        Diel. Constant (gas):     1.0177 (@  298.2 K, 1 atm)
        Diel. Constant (cdn):    40.4845 (@STP Estd.)



      CPU TIME FOR INITIAL CALCULATION IS     0.03 SECONDS.
 


     propanal-skew                                               


     CONFORMATIONAL ENERGY, PART 2: GEOMETRY MINIMIZATION

                            =====================
                            FULL-MATRIX OPTIMIZER
                            =====================


     iter.  rms force   max force   avg. move    max move  atom  convg  d-time

        0    2.810265   10.624217   0.00892 A   0.05394 A   10    [N]     0.0s
        1    0.162353    0.562523   0.00104 A   0.00659 A    1    [N]     0.0s
        2    0.003175    0.006966   0.00003 A   0.00023 A    8    [N]     0.0s
        3    0.000027    0.000088                                 [Y]     0.0s


      TOTAL ENERGY IS      2.5178 KCAL/MOL.

        COMPRESS    0.0499      VDW 1,4    1.2148      DIPL-DIPL    0.0000
        STR-STR     0.0019        OTHER   -0.2923      CHRG-DIPL    0.0000
        BENDING     0.1664      TORSION    1.9079      CHRG-CHRG    0.0000
        BEND-BEND  -0.0148      TOR-STR   -0.0389      EPR          0.0000
        STR-BEND    0.0224      TOR-BEND  -0.1018      TOR-BENBEN  -0.0017
        TOR-IMPT    0.0000      TOR-IPIP   0.0000      TORS-TORS    0.0000
        IND-DIP    -0.3959      H-BOND     0.0000      PI-COMPLX    0.0000
0     DELTA(T) =     0.0 SEC.          ELAPSED TIME =     0.0 SEC.


    * * * ENERGY IS STATIONARY WITHIN RMS OF FORCES   0.00010  Kcal/mol/A * * *

                 * * * *  RMS FORCE IS   0.00003 Kcal/mol/A * * * *

 
     propanal-skew                                               


     %=%=%=%=%=%=%=%=%=%=%=%=%=%=%=%=%=%=%=%=%=%=%=%=%=%=%=%=%=%=%=%=%=%=%=

     The Parameters Used in This Calculation Can be Found in the Following
     Publication(s):

     The MM4 Program is Developed by Dr. N. L. Allinger and co-workers at  
     the University of Georgia, Athens, Georgia 30602-2556 USA.            
     (c) Copyright 2003 by N. L. Allinger. All rights reserved.            
                                                                           
     MM4 General Description and Alkanes:                                  
      Allinger,N.L.; Chen,K.; Lii,J.-H. J. Comput. Chem. 1996, 17, 642.    
     Aldehydes/Ketones:                                                    
      Langley,C.H.; Lii,J.-H.; Allinger,N.L. J. Comput. Chem. 2001, 22,    
      1396, 1426, 1451, 1476.                                              
      Langley,C.H.; Lii,J.-H.; Allinger,N.L. J. Comput. Chem. 2003, 24,    
      1283.                                                                

     %=%=%=%=%=%=%=%=%=%=%=%=%=%=%=%=%=%=%=%=%=%=%=%=%=%=%=%=%=%=%=%=%=%=%=

               CHEMICAL FORMULA :  C(    3)  H(    6)  O(    1) 
               FORMULA WEIGHT   :     58.043
                                                               DATE : 31-MAY-23

           * M M 4 * * * * * * * * * * * 2 0 0 8 *
           *                                     *   PARAMETER RELIABILITY
           *                                     *
           *                                     *   BLANK = GOOD
           *                                     *       B = FAIR
           *                                     *       C = TRIAL
           *                                     *       R = READ IN
           *                                     *       S = SUBSTITUTED
           *                                     *       U = PARAMETER NOT EXIST
           *                                     *
           *                                     *   THIS IS SHOWN AT THE END 
           *                                     *   OF THE LINE.
           * * * * * * * * * * * * * * * * * * * * 


      CONFORMATIONAL ENERGY, PART 3:  GEOMETRY AND STERIC ENERGY
                                      OF FINAL CONFORMATION.

      CONNECTED ATOMS
          2-    3-    4-

      ATTACHED ATOMS
          1-    2,    2-    5,    3-    6,    3-    7,    4-    8,    4-    9,
          4-   10,

      FINAL ATOMIC COORDINATE
           ATOM          X           Y           Z      TYPE
         H(    1)     1.08517     1.06357    -1.11774   (  5)
         C(    2)     0.74959     0.39674    -0.28448   (157)
         C(    3)    -0.64674     0.65514     0.24947   (  1)
         C(    4)    -1.57491    -0.51298    -0.10844   (  1)
         O(    5)     1.48070    -0.46624     0.14248   (  7)
         H(    6)    -0.56967     0.77564     1.34891   (  5)
         H(    7)    -1.01431     1.60763    -0.17534   (  5)
         H(    8)    -2.60438    -0.34803     0.27721   (  5)
         H(    9)    -1.65098    -0.64982    -1.20914   (  5)
         H(   10)    -1.20832    -1.46960     0.32375   (  5)


          DIELECTRIC CONSTANT =  1.500


      BOND LENGTHS AND STRETCHING ENERGY   (    9 BONDS)

        ENERGY = 71.94(KS)(DR)(DR)(1-(CS)(DR)+(7/12)((CS)(DR))**2)-
                       (1/4)((CS)(DR))**3)+(31/360)((CS)(DR))**4))
                         DR =  R-RO
                         CS =  3.000 FOR X-Y BONDS
                            =  2.200 FOR X-H BONDS
                                                            R(0)-CORR        CORR
             BOND          R(g)    R(0)    K(S)  ENERGY   E-NEG  MISCEL       KS
      H(    1)- C(    2)  1.1188  1.1170  4.350  0.0010                            
      C(    2)- C(    3)  1.5171  1.5130  4.000  0.0048                            
      C(    2)- O(    5)  1.2090  1.2085 10.870  0.0002                            
      C(    3)- C(    4)  1.5343  1.5230  4.550  0.0405 -0.0040                    
      C(    3)- H(    6)  1.1087  1.1060  4.850  0.0025 -0.0060             0.180  
      C(    3)- H(    7)  1.1058  1.1060  4.850  0.0000 -0.0060             0.180  
      C(    4)- H(    8)  1.1116  1.1108  4.776  0.0002 -0.0012             0.036  
      C(    4)- H(    9)  1.1118  1.1108  4.776  0.0003 -0.0012             0.036  
      C(    4)- H(   10)  1.1119  1.1108  4.776  0.0004 -0.0012             0.036  


      NON-BONDED DISTANCES, VDW AND EPR ENERGY   (    21 PAIRS)

              E(VDW) = KV*(1.84(10**5)EXP(-12.00/P) - 2.25(P**6))
              E(EPR) = C*KV*(1.84(10**5)EXP(-12.00/Q) - 2.25(Q**6))
              E(HBD) = EP1-EP2*F(THET1,THET2)*RTH/RTH0
                            EP1 = KHB*2.76(10**5)*EXP(-12.0/P)
                            EP2 = KHB*2.25(P**6)
                              F = FAC*(1+COS(THET1)^N*(1+COS(THET2))^N

            IF P > 3.020, THEN,
              E(VDW) = KV(192.270)(P**2)
              E(HBD) = EP1-EP2*F(THET1,THET2)*RTH/RTH0
                            EP1 = KHB*569.14*P**2
                            EP2 = KHB*187.16*P**2

                       RV = RVDW(I) + RVDW(K)
                       KV = SQRT(EPS(I)*EPS(K))
                      KHB = HYDROGEN BOND ENERGY PARAMETER
                        P = (RV/R) OR (RV/R#)
                        C = SCALE FACTOR
                        Q = RV/R, WHERE R IS MODIFIED DISTANCE
                        N = 1 WHEN Y IS NITROGEN, AND 2 FOR OTHERS
                      FAC = 1/4 WHEN N=1, AND 1/16 WHEN N=2
                    THET1 = ANGLE H-X-Y IN HYDROGEN BOND X-H...Y
                    THET2 = ANGLE X-Y-LP IN HYDROGEN BOND X...Y-LP
                      RTH = BOND LENGTH X-H IN X-H...Y
                     RTH0 = NATURAL BOND LENGTH X-H

          # IN THE VDW CALCULATIONS THE HYDROGEN ATOMS ARE RELOCATED
          SO THAT THE ATTACHED HYDROGEN DISTANCE IS REDUCED BY 0.940

          # IN THE VDW CALCULATIONS THE DEUTERIUM ATOMS ARE RELOCATED
          SO THAT THE ATTACHED DEUTERIUM DISTANCE IS REDUCED BY  0.940

           ATOM PAIR          R       R#       RV      KV       ENERGY
      H(    1), C(    3)   2.2440
      H(    1), C(    4)   3.2527   3.2017   3.440   0.0240    -0.0208  1,4    
      H(    1), O(    5)   2.0211
      H(    1), H(    6)   2.9843   2.8772   3.280   0.0170    -0.0001  1,4    
      H(    1), H(    7)   2.3647   2.3136   3.280   0.0170     0.3490  1,4    
      H(    1), H(    8)   4.1894   4.0830   3.280   0.0170    -0.0093         
      H(    1), H(    9)   3.2296   3.1828   3.280   0.0170    -0.0184         
      H(    1), H(   10)   3.7088   3.6147   3.280   0.0170    -0.0157         
      C(    2), C(    4)   2.5024
      C(    2), H(    6)   2.1335
      C(    2), H(    7)   2.1423
      C(    2), H(    8)   3.4813   3.4203   3.580   0.0311    -0.0320  1,4    
      C(    2), H(    9)   2.7772   2.7489   3.580   0.0311     0.2289  1,4    
      C(    2), H(   10)   2.7725   2.7443   3.580   0.0311     0.2342  1,4    
      C(    3), O(    5)   2.4073
      C(    3), H(    8)   2.1999
      C(    3), H(    9)   2.1998
      C(    3), H(   10)   2.1990
      C(    4), O(    5)   3.0663            3.720   0.0471     0.1008  1,4    
      C(    4), H(    6)   2.1897
      C(    4), H(    7)   2.1945
      O(    5), H(    6)   2.6836   2.6548   2.850   0.1200    -0.1047  1,4    
      O(    5), H(    7)   3.2599   3.2044   2.850   0.1200    -0.1031  1,4    
      O(    5), H(    8)   4.0890   4.0263   2.850   0.1200    -0.0330         
      O(    5), H(    9)   3.4158   3.3856   2.850   0.1200    -0.0819         
      O(    5), H(   10)   2.8758   2.8755   2.850   0.1200    -0.1341         
      H(    6), H(    7)   1.7926
      H(    6), H(    8)   2.5595   2.4903   3.280   0.0170     0.1458  1,4    
      H(    6), H(    9)   3.1217   3.0039   3.280   0.0170    -0.0121  1,4    
      H(    6), H(   10)   2.5495   2.4811   3.280   0.0170     0.1532  1,4    
      H(    7), H(    8)   2.5608   2.4917   3.280   0.0170     0.1447  1,4    
      H(    7), H(    9)   2.5632   2.4939   3.280   0.0170     0.1430  1,4    
      H(    7), H(   10)   3.1235   3.0058   3.280   0.0170    -0.0122  1,4    
      H(    8), H(    9)   1.7914
      H(    8), H(   10)   1.7914
      H(    9), H(   10)   1.7938


      BOND ANGLES, BENDING AND STRETCH-BEND ENERGIES   (   15 ANGLES)

          EB = 0.02191418(KB)(DT)(DT)(1+CF*DT+QF*DT**2+PF*DT**3+SF*DT**4)
                          DT = THETA-TZERO
                          CF = -1800.000E-5
                          QF =     7.200E-5
                          PF =     0.135E-5
                          SF =     0.004E-6
          ESS =  143.88(KSTST)(DR1)(DR2)
          ESB =  2.51118(KSB)(DT)(DR1+DR2)
          EBB = -0.02191418(KBB)(DT1)(DT2)
                          DR1 = R1 - R1(0)
                          DR2 = R2 - R2(0)

               A T O M S             THETA    TZERO     KB     EB    KSB   ESB   KSS   ESS
      H(    1)- C(    2)- C(    3)  115.893  116.100  0.484  0.0005
          OUT-PL    2-    5-    2     0.059          12.400  0.0000                          
      H(    1)- C(    2)- O(    5)  120.472  121.500  0.725  0.0171 0.12-0.0007              
          OUT-PL    2-    3-    2     0.069           4.250  0.0000                          
      C(    3)- C(    2)- O(    5)  123.634  124.200  0.890  0.0063             0.15 0.0000
          OUT-PL    2-    1-    2     0.059           6.520  0.0000                          
      C(    2)- C(    3)- C(    4)  110.183  111.050  0.990  0.0166             0.30 0.0020  
      C(    2)- C(    3)- H(    6)  107.670  107.150  0.750  0.0044 0.30 0.0027-0.12-0.0002  
      C(    2)- C(    3)- H(    7)  108.508  107.150  0.750  0.0296 0.30 0.0040-0.12 0.0000  
      C(    4)- C(    3)- H(    6)  110.862  109.470  0.560  0.0232 0.10 0.0049              
      C(    4)- C(    3)- H(    7)  111.413  109.470  0.560  0.0447 0.10 0.0054              
      H(    6)- C(    3)- H(    7)  108.086  107.700  0.540  0.0017                          
      C(    3)- C(    4)- H(    8)  111.489  110.800  0.600  0.0062 0.10 0.0021              
      C(    3)- C(    4)- H(    9)  111.471  110.800  0.600  0.0059 0.10 0.0021              
      C(    3)- C(    4)- H(   10)  111.401  110.800  0.600  0.0047 0.10 0.0019              
      H(    8)- C(    4)- H(    9)  107.359  107.800  0.540  0.0023                          
      H(    8)- C(    4)- H(   10)  107.346  107.800  0.540  0.0025                          
      H(    9)- C(    4)- H(   10)  107.547  107.800  0.540  0.0008                          


     DIHEDRAL ANGLES, TORSIONAL ENERGY (ET)   (    15 ANGLES)

           ET = (V1/2)(1+COS(W))+(V2/2)(1-COS(2W))+(V3/2)(1+COS(3W))+
                                 (V4/2)(1-COS(4W))+(V6/2)(1+COS(6W))
         EBTB =  0.043828*(KBTB)(DTH1)(COS(W))(DTH2)
         ETS1 = -0.5*(RC-RC0)[KTSC1*(1+COS(W))+KTSC2*(1-COS(2W))+KTSC3*(1+COS(3W))]
         ETS2 = -0.5*(RT-RT0)[KTST1*(1+COS(W))+KTST2*(1-COS(2W))+KTST3*(1+COS(3W))]
          ETB =  2.51124*(DTH)[KTB1(1+COS(W))+KTB2*(1-COS(2W))+KTB3*(1+COS(3W))]
                      RC   = CENTRAL BOND LENGTH
                      RT   = TERMINAL BOND LENGTH
                      DTH1 = THETA1 - TZERO1
                      DTH2 = THETA2 - TZERO2

           SIGN OF ANGLE A-B-C-D : WHEN LOOKING THROUGH B TOWARD C,
           IF D IS COUNTERCLOCKWISE FROM A, NEGATIVE.

                A T O M S                OMEGA    V1     V2     V3     V4     V6     E    KBTB   EBTB
    H(    1) C(    2) C(    3) C(    4)  111.6  0.719  0.332  0.464 -0.005 -0.063  0.902               
       TYPE-1-TS                         0.000  0.000  0.050                       0.000
    H(    1) C(    2) C(    3) H(    6) -127.4  0.000  0.000  0.172  0.000  0.000  0.166               
       TYPE-1-TS                         0.000  0.000  0.050                       0.000
    H(    1) C(    2) C(    3) H(    7)  -10.6  0.000  0.000  0.172  0.000  0.000  0.159               
       TYPE-1-TS                         0.000  0.000  0.050                       0.000
    C(    2) C(    3) C(    4) H(    8)  179.7  0.000  0.000  0.100  0.000  0.000  0.000               
       TYPE-1-TS                         0.000  0.000  0.660                       0.000
    C(    2) C(    3) C(    4) H(    9)  -60.3  0.000  0.000  0.100  0.000  0.000  0.000               
       TYPE-1-TS                         0.000  0.000  0.660                       0.000
    C(    2) C(    3) C(    4) H(   10)   59.8  0.000  0.000  0.100  0.000  0.000  0.000               
       TYPE-1-TS                         0.000  0.000  0.660                       0.000
    C(    4) C(    3) C(    2) O(    5)  -68.5 -0.106  0.770  0.072 -0.018  0.048  0.628 -0.160 -0.001 
       TYPE-1-TS                         0.000  0.000  0.050                       0.000
       TYPE-2-TS    0.000  3.500  0.000                       0.000  0.000  0.000 -0.034
       TORS-BEND    0.000  0.027  0.000                       0.000  0.000  0.000 -0.102
    O(    5) C(    2) C(    3) H(    6)   52.5  0.000  0.000 -0.208  0.000  0.018  0.007               
       TYPE-1-TS                         0.000  0.000  0.050                       0.000
       TYPE-2-TS    0.000  0.000  0.000                       0.000  2.360  0.000 -0.004
    O(    5) C(    2) C(    3) H(    7)  169.3  0.000  0.000 -0.208  0.000  0.018 -0.003               
       TYPE-1-TS                         0.000  0.000  0.050                       0.000
       TYPE-2-TS    0.000  0.000  0.000                       0.000  2.360  0.000  0.000
    H(    6) C(    3) C(    4) H(    8)   60.6  0.000  0.000  0.260  0.000  0.008  0.008 -0.090 -0.002 
       TYPE-1-TS                         0.000  0.000  0.660                       0.000
    H(    6) C(    3) C(    4) H(    9) -179.4  0.000  0.000  0.260  0.000  0.008  0.008 -0.090  0.004 
       TYPE-1-TS                         0.000  0.000  0.660                       0.000
    H(    6) C(    3) C(    4) H(   10)  -59.3  0.000  0.000  0.260  0.000  0.008  0.008 -0.090 -0.002 
       TYPE-1-TS                         0.000  0.000  0.660                       0.000
    H(    7) C(    3) C(    4) H(    8)  -59.8  0.000  0.000  0.260  0.000  0.008  0.008 -0.090 -0.003 
       TYPE-1-TS                         0.000  0.000  0.660                       0.000
    H(    7) C(    3) C(    4) H(    9)   60.2  0.000  0.000  0.260  0.000  0.008  0.008 -0.090 -0.003 
       TYPE-1-TS                         0.000  0.000  0.660                       0.000
    H(    7) C(    3) C(    4) H(   10) -179.7  0.000  0.000  0.260  0.000  0.008  0.008 -0.090  0.005 
       TYPE-1-TS                         0.000  0.000  0.660                       0.000


 ==============================================================================
                        NORMAL MODE VIBRATIONAL ANALYSIS
 ==============================================================================


             Molecular Shape : ASYMMETRIC ROTOR WITH KAPPA =-0.905521
        Symmetry Point Group : C1  
             Symmetry Number :  1
                   Chirality : yes



0       FUNDAMENTAL NORMAL VIBRATIONAL FREQUENCIES
                ( THEORETICALLY  24 VALUES )

             Frequency :  in 1/cm
             A(i)      :  IR intensity (vs,s,m,w,vw,-- or in 10**6 cm/mole)
             A(i) = -- :  IR inactive


             no       Frequency   Symmetry      A(i)

             1.          2991.0     (A   )        m
             2.          2979.1     (A   )        m
             3.          2977.6     (A   )        m
             4.          2944.3     (A   )        m
             5.          2886.3     (A   )        m
             6.          2814.4     (A   )        m
             7.          1747.7     (A   )       vs
             8.          1448.8     (A   )        w
             9.          1443.5     (A   )        w
            10.          1391.5     (A   )        w
            11.          1390.4     (A   )        m
            12.          1369.0     (A   )        m
            13.          1323.7     (A   )        m
            14.          1238.0     (A   )        w
            15.          1100.5     (A   )        w
            16.          1070.2     (A   )        w
            17.           985.1     (A   )        m
            18.           876.1     (A   )        m
            19.           770.1     (A   )        w
            20.           754.5     (A   )        w
            21.           560.9     (A   )        w
            22.           331.4     (A   )        w
            23.           192.9     (A   )        w
            24.          -111.6     (imag)        w
            25.     (       0.0)    (t/r )
            26.     (       0.0)    (t/r )
            27.     (       0.0)    (t/r )
            28.     (       0.0)    (t/r )
            29.     (       0.0)    (t/r )
            30.     (       0.0)    (t/r )


0       CORRESPONDING EIGEN VECTOR MATRIX   30 BY  30



 (  1)
    -0.015   -0.012    0.020    0.002    0.002   -0.004   -0.028    0.058
    -0.056   -0.005    0.005   -0.011    0.001    0.000    0.000    0.013
     0.042    0.407    0.313   -0.728    0.294    0.021   -0.002   -0.004
     0.015    0.020    0.103    0.022   -0.085    0.033

 (  2)
     0.001    0.002   -0.003   -0.001   -0.001    0.000    0.000   -0.002
     0.000    0.064   -0.032   -0.058    0.000    0.000    0.000    0.005
     0.008    0.018   -0.008    0.026   -0.008   -0.708    0.099    0.262
     0.029    0.078    0.498   -0.084    0.207   -0.074

 (  3)
     0.002    0.002   -0.003    0.000    0.000    0.001    0.005   -0.010
     0.008   -0.036    0.050   -0.068    0.000    0.000    0.000    0.003
     0.002   -0.046   -0.057    0.109   -0.049    0.152   -0.030   -0.038
     0.054    0.068    0.562    0.227   -0.625    0.281

 (  4)
    -0.010   -0.013    0.021    0.007    0.001   -0.002   -0.017    0.043
     0.062   -0.003   -0.007   -0.006    0.000    0.000    0.000   -0.011
    -0.122   -0.849    0.155   -0.364    0.127    0.036    0.002   -0.009
     0.004    0.009    0.080   -0.014    0.046   -0.018

 (  5)
    -0.003   -0.005    0.006    0.001    0.001   -0.001   -0.005    0.003
     0.004    0.036    0.047    0.014    0.000    0.000    0.000    0.000
    -0.011   -0.080    0.024   -0.053    0.020   -0.516    0.060    0.182
    -0.054   -0.089   -0.550    0.167   -0.499    0.210

 (  6)
    -0.261   -0.575    0.702    0.015    0.059   -0.066    0.000   -0.005
     0.002    0.000    0.000    0.000    0.006   -0.007    0.004   -0.007
     0.004    0.015   -0.004    0.034   -0.018    0.000    0.000    0.000
     0.000    0.001    0.005   -0.001    0.004   -0.002

 (  7)
     0.326   -0.074   -0.113   -0.167    0.143   -0.040    0.023   -0.023
     0.000    0.000    0.005    0.002    0.082   -0.087    0.039   -0.010
    -0.003   -0.018    0.092   -0.019   -0.029   -0.005   -0.011   -0.005
     0.001    0.002    0.004    0.003    0.006    0.001

 (  8)
    -0.033    0.022   -0.002    0.001    0.003   -0.003   -0.006    0.010
    -0.016   -0.007    0.017   -0.032    0.002   -0.003    0.002   -0.050
    -0.049   -0.012    0.055    0.047   -0.005    0.165   -0.323    0.570
     0.473    0.071   -0.093   -0.493   -0.072    0.128

 (  9)
    -0.029    0.022   -0.012    0.006    0.008   -0.005   -0.040   -0.012
     0.006   -0.021    0.029    0.020    0.002   -0.005    0.004    0.075
     0.067   -0.004    0.096    0.056    0.018    0.067    0.344    0.183
     0.319   -0.529    0.081    0.104   -0.177   -0.581

 ( 10)
     0.153   -0.090    0.029   -0.019   -0.020    0.011    0.076    0.066
     0.011   -0.096   -0.089   -0.022   -0.002    0.014   -0.011   -0.149
    -0.174    0.051   -0.231   -0.098   -0.080    0.021    0.353    0.206
     0.333    0.206   -0.116    0.366    0.105    0.083

 ( 11)
     0.443   -0.296    0.035   -0.023   -0.042    0.042    0.046   -0.040
    -0.031    0.007    0.026    0.001   -0.017    0.046   -0.035   -0.233
     0.391   -0.098   -0.232    0.024    0.494   -0.004   -0.084    0.006
     0.002   -0.089    0.020   -0.059   -0.013   -0.052

 ( 12)
    -0.466    0.325   -0.038    0.022    0.033   -0.067    0.033   -0.018
    -0.015   -0.017   -0.026    0.002    0.020   -0.054    0.041   -0.426
     0.328   -0.064   -0.023    0.112    0.382   -0.001    0.094    0.013
     0.051    0.098   -0.022    0.094    0.024    0.039

 ( 13)
    -0.087    0.071    0.019   -0.010   -0.008   -0.018    0.103    0.061
     0.000   -0.002    0.052    0.036    0.006   -0.009    0.007   -0.406
    -0.346    0.059   -0.360   -0.197   -0.147   -0.118   -0.285   -0.140
    -0.056   -0.249    0.095   -0.145   -0.107   -0.232

 ( 14)
     0.187   -0.086    0.003    0.003   -0.019   -0.008   -0.018    0.008
    -0.009    0.025   -0.039    0.063   -0.018    0.032   -0.021   -0.538
    -0.202    0.027    0.581    0.244   -0.071   -0.022    0.089   -0.120
     0.033    0.194    0.042   -0.076   -0.161   -0.098

 ( 15)
    -0.183   -0.007    0.021   -0.039    0.006    0.071    0.017    0.022
    -0.136    0.000   -0.023    0.092    0.012   -0.009   -0.003    0.326
    -0.154   -0.132   -0.113    0.107    0.216   -0.113   -0.003   -0.219
     0.235    0.342    0.032   -0.083   -0.191   -0.206

 ( 16)
    -0.113   -0.011   -0.025   -0.003    0.017    0.037    0.047   -0.133
    -0.033   -0.057    0.098    0.028   -0.030    0.023   -0.011   -0.044
    -0.010   -0.053    0.247   -0.108   -0.145   -0.141   -0.310   -0.023
     0.277    0.008    0.017    0.393    0.273    0.029

 ( 17)
     0.140   -0.077   -0.118    0.072    0.029   -0.047   -0.130   -0.081
    -0.016    0.068    0.077    0.049    0.005   -0.022    0.013   -0.192
    -0.222    0.009   -0.383   -0.174    0.002    0.080    0.217    0.022
     0.130    0.258    0.025    0.031    0.054    0.019

 ( 18)
    -0.286   -0.024    0.023   -0.085   -0.005    0.103    0.055   -0.059
    -0.068    0.083    0.033   -0.031   -0.009    0.018   -0.023   -0.140
    -0.174   -0.054    0.028   -0.072   -0.045    0.237    0.408    0.227
    -0.247   -0.113    0.014   -0.086    0.052    0.153

 ( 19)
    -0.153   -0.436   -0.481    0.107    0.128    0.080    0.009    0.015
    -0.005   -0.050   -0.047   -0.015   -0.023   -0.032   -0.022   -0.063
    -0.049    0.012    0.008    0.039    0.048   -0.039   -0.042    0.021
    -0.110   -0.115   -0.001   -0.057   -0.035    0.020

 ( 20)
    -0.055   -0.016   -0.062   -0.001    0.028   -0.003    0.074   -0.068
     0.061    0.008   -0.022    0.016   -0.041    0.023   -0.003    0.018
     0.438   -0.008   -0.048   -0.305   -0.396   -0.007    0.173   -0.101
     0.063    0.312   -0.036   -0.289   -0.229   -0.209

 ( 21)
    -0.239   -0.203   -0.088   -0.056   -0.068    0.090   -0.093    0.077
     0.034    0.037    0.028   -0.013    0.099   -0.033   -0.054   -0.209
     0.301    0.010   -0.053   -0.013   -0.225   -0.006   -0.130   -0.068
     0.132    0.085   -0.029    0.145    0.046   -0.065

 ( 22)
    -0.136   -0.199   -0.234   -0.066   -0.008   -0.054    0.033    0.047
     0.060    0.151   -0.003   -0.022   -0.123   -0.011    0.023    0.090
    -0.049    0.064    0.002    0.064    0.136    0.108   -0.103   -0.104
     0.260    0.004   -0.031    0.205    0.020   -0.011

 ( 23)
     0.059   -0.004    0.015    0.010    0.001   -0.001   -0.001    0.023
    -0.046    0.018   -0.007    0.004   -0.027   -0.013    0.035   -0.007
     0.061   -0.048   -0.008    0.003   -0.080    0.156   -0.268    0.486
    -0.425    0.302   -0.003    0.335   -0.081   -0.427

 ( 24)
     0.209    0.302    0.313    0.037    0.085    0.070   -0.019    0.046
    -0.050    0.063   -0.046    0.042   -0.080   -0.080   -0.062   -0.091
     0.195   -0.060   -0.059   -0.032   -0.193    0.037   -0.060   -0.022
     0.119   -0.170    0.053    0.096    0.021    0.162

 ( 25)
     0.059    0.016   -0.028    0.059   -0.003   -0.044    0.028   -0.068
    -0.094    0.093   -0.108   -0.133    0.082    0.028   -0.021   -0.018
    -0.069   -0.090    0.001   -0.082   -0.103    0.072   -0.156   -0.170
     0.140   -0.106   -0.136    0.120   -0.093   -0.124

 ( 26)
    -0.006   -0.164   -0.253    0.013   -0.034   -0.141    0.038    0.071
    -0.127    0.003    0.034    0.082    0.013    0.017   -0.039    0.081
     0.234   -0.148    0.039    0.014   -0.256    0.021    0.110    0.096
    -0.040   -0.129    0.105    0.002    0.092    0.211

 ( 27)
    -0.129   -0.092   -0.060   -0.073   -0.057   -0.010   -0.073   -0.095
     0.010   -0.022   -0.164    0.107   -0.018    0.007    0.025   -0.050
    -0.022    0.001   -0.132   -0.140   -0.039   -0.021   -0.193    0.124
    -0.044   -0.237    0.118    0.038   -0.119    0.158

 ( 28)
     0.086   -0.061    0.036    0.046    0.012    0.079    0.013    0.046
    -0.024    0.047    0.003    0.032    0.032    0.060    0.200   -0.050
     0.149   -0.030    0.027    0.003   -0.132    0.023    0.027   -0.041
     0.110   -0.100    0.041    0.033    0.047    0.142

 ( 29)
     0.040   -0.127   -0.010   -0.036   -0.084   -0.006   -0.057   -0.010
    -0.097   -0.081    0.013   -0.111   -0.094   -0.097    0.069   -0.118
     0.026   -0.097    0.005   -0.011   -0.153   -0.098    0.067   -0.177
    -0.022   -0.024   -0.110   -0.144    0.014   -0.055

 ( 30)
     0.105   -0.132    0.020    0.084   -0.117    0.024    0.104   -0.049
     0.043    0.041   -0.003    0.055    0.047   -0.154    0.012    0.125
    -0.054    0.043    0.145   -0.030    0.050    0.055    0.048    0.069
     0.019    0.003    0.056    0.000   -0.021    0.049


                VIBRATIONAL AMPLITUDE AND CENTRIFUGAL DISTORTION
                 CONTRIBUTIONS TO THE BOND LENGTH AT   298.16 K

                 Note: Excludes contributions from frequencies
                       lower than 40 (1/cm).

                R(e)   = r(mm4) - 1.5 * anh * <Z**2>(298.16)
                R(z)   = R(e) + 1.5 * anh * <Z**2>(0) - <K>(0))
                R(s)   = [R(e) + R(z)] / 2
                R(alp) = R(e) + 1.5 * anh * <Z**2>(T) - <K>(T) - <C>(T)
                R(g)   = R(e) + 1.5 * anh * <Z**2>(T)
                R(a)   = [R(g) + sqrt(R(g)**2-4*<Z**2>(T))] / 2

                       anh = anharmonicity (2.00)
                    <Z**2> = mean-square vibrational amplitude
                       <K> = perpendicular vibrational amplitude
                       <C> = centrifugal correction

        BOND          R(g)      R(z)      R(e)     R(alp)     R(s)      R(a)
    2( C)-  1( H)    1.1188    1.1055    1.0994    1.1048    1.1024    1.1130
    3( C)-  2( C)    1.5171    1.5152    1.5092    1.5146    1.5122    1.5154
    4( C)-  3( C)    1.5343    1.5327    1.5266    1.5322    1.5297    1.5326
    5( O)-  2( C)    1.2090    1.2072    1.2045    1.2068    1.2059    1.2077
    6( H)-  3( C)    1.1087    1.0966    1.0902    1.0962    1.0934    1.1031
    7( H)-  3( C)    1.1058    1.0936    1.0875    1.0932    1.0905    1.1002
    8( H)-  4( C)    1.1116    1.0932    1.0932    1.0918    1.0932    1.1061
    9( H)-  4( C)    1.1118    1.0941    1.0933    1.0927    1.0937    1.1062
   10( H)-  4( C)    1.1119    1.0942    1.0934    1.0928    1.0938    1.1063


                  Non-Bonded Atom Pair Distance Table
        (Distance greater than 82% of VDW distance are not printed)

        PAIR        Dist(g)   Dist(z)
    6( H),  5( O)    2.6836    2.6749       1,4
    7( H),  1( H)    2.3647    2.3556       1,4
    8( H),  6( H)    2.5595    2.5472       1,4
    8( H),  7( H)    2.5608    2.5484       1,4
    9( H),  2( C)    2.7772    2.7705       1,4
    9( H),  7( H)    2.5632    2.5517       1,4
   10( H),  2( C)    2.7725    2.7668       1,4
   10( H),  6( H)    2.5495    2.5382       1,4


         THE MOMENTS OF INERTIA CALCULATED FROM R(g), R(z) VALUES
                  (also from R(e), R(alpha), R(s) VALUES)

         Note: (1) All calculations are based on principle isotopes.
               (2) R(z) values include harmonic vibration (Coriolis)
                   contribution indicated in parentheses.
               (3) This molecule contains frequencies lower than
                   40 (1/cm).  The vibrational amplitudes 
                   contributed by those frequencies are excluded.


   (1)  UNIT = 10**(-39) GM*CM**2

                    IX                   IY                   IZ

   R(e)         4.5340              15.9179              18.1679
   R(z)         4.5638(-0.0009)     16.0698( 0.0117)     18.3585( 0.0114)

   (2)  UNIT = AU A**2

                    IX                   IY                   IZ

   R(e)        27.3071              95.8703             109.4215
   R(z)        27.4871(-0.0057)     96.7850( 0.0707)    110.5694( 0.0684)


 ==============================================================================
                      STATISTICAL THERMODYNAMICS ANALYSIS
 ==============================================================================

  Structure name    : propanal-skew                                               
  Temperature       :   298.16 K
  Symmetry number   :   1
  Optical isomers   :   2
  Zero Point Energy :   50.878 Kcal/mol


                     ENERGY** ENTHALPY**  ENTROPY  FREE ENERGY** HEAT CAPACITY**
                  (Kcal/mol) (Kcal/mol)     (eu)   (Kcal/mol)    (cal/mol/deg)
  Translational       0.889      0.889     38.100    -10.471         2.981
     Rotational       0.889      0.889     24.127     -6.305         2.981
    Vibrational*     51.839%    51.839%     4.993     50.350%        8.382
         PV(RT)       0.000      0.593      0.000      0.593         1.987
      Potential       2.518#     2.518#     0.000      2.518#        0.000
         Mixing       0.000      0.000      1.377     -0.411         0.000
          Total*     56.134     56.726     68.597     36.273        16.331

  Enthalpy Function (H-Ho)/T     =   11.17 cal/mol/deg
  Free Energy Function -(G-Ho)/T =   57.43 cal/mol/deg

  % Includes zero point energy (ZPE).
  * Excludes contribution from frequencies lower than 10 (1/cm).
  # Includes steric energy (SE).
    Internal rotation contributions are not considered
 ** These quantities are relative to the R(e) values (
    bottom of potential well) and do NOT include bonding

  This structure has   1 imaginary frequencies,
                       0 free internal rotation (fir) frequencies
                         (>= 0,< 10 /cm),
                       0 restricted internal rotation (rir) frequencies
                         (>= 10,< 40 /cm),
                       6 zero frequencies, and
                      23 real frequencies.


      FINAL STERIC ENERGY IS                2.5178 KCAL/MOL.


                  COMPRESSION               0.0499
                  STRETCH-STRETCH           0.0019
                  BENDING                   0.1664
                  BEND-BEND                -0.0148
                  STRETCH-BEND              0.0224
                  VANDERWAALS
                    1,4 ENERGY              1.2148
                    OTHER                  -0.2923
                  H-BONDING                 0.0000
                  PI-COMPLX                 0.0000
                  TORSIONAL                 1.9079
                  TORSION-STRETCH          -0.0389
                  TORSION-BEND             -0.1018
                  BEND-TORSION-BEND        -0.0017
                  TORSION-IMPT              0.0000
                  IMPT-TORSION-IMPT         0.0000
                  TORSION-TORSION           0.0000
                  DIPOLE-DIPOLE             0.0000
                  CHARGE-DIPOLE             0.0000
                  IND-DIP CORR.            -0.3959
                  CHARGE-CHARGE             0.0000


      MOLECULAR POLARIZABILITIES (A**3)

        ALPHA(1)   =       7.30
        ALPHA(2)   =       6.44
        ALPHA(3)   =       5.61
        AVG. ALPHA =       6.45


      DIPOLE MOMENT =          2.7002 D

        SIGMA-DIPOLE MOMENT =  2.7002 (X =  1.8572    Y = -1.8216    Z =  0.7234)


      DIPOLE MOMENT =          2.6262 D (INCLUDES INDUCED BOND MOMENTS)

        SIGMA-DIPOLE MOMENT =  2.6262 (X =  2.0715    Y = -1.5285    Z =  0.5193)


      OTHER MOLECULAR PROPERTIES:

        Molar Polarizability:    16.9361 cm**3/mole
        Molar Refraction:        16.2563 cm**3/mole
        Radius of Gyration:       2.0170 A
        Molecular VDW Surface:  130.8187 A**2
        Molecular VDW Volume:   106.4544 A**3
        Dispersion Energy:       -3.5353 Kcal/mole
        Density (gas):          0.002372 g/cm**3 (@  298.2 K, 1 atm)
        Density (cdn):            0.7694 g/cm**3 (@STP Estd.)
        Ref. Index (gas):       1.000997 (@  298.2 K, 1 atm)
        Ref. Index (cdn):         1.3508 (@STP Estd.)
        Diel. Constant (gas):     1.0177 (@  298.2 K, 1 atm)
        Diel. Constant (cdn):    40.4957 (@STP Estd.)



      TOTAL ATOMIC CHARGE ON EACH ATOM (in ELECTRON CHARGE)

           H(    1):          0.085
           C(    2):          0.074
           C(    3):          0.098
           C(    4):          0.002
           O(    5):         -0.295
           H(    6):          0.010
           H(    7):          0.009
           H(    8):          0.005
           H(    9):          0.006
           H(   10):          0.006

      -----------------------------------------------------------------

        END OF propanal-skew                                               


           TOTAL CPU TIME IS      0.06 SECONDS.

           THIS JOB COMPLETED AT    11:20:21
