 
               ---------------------------------------------
               WARNING : INCORRECT ATOM TYPES GIVEN IN INPUT
                         DATA ARE CORRECTED AS FOLLOWS
               ---------------------------------------------


             Atom type of atom    1 is replaced by   1 (was   0)
             Atom type of atom    2 is replaced by   1 (was   0)
             Atom type of atom    3 is replaced by  25 (was   0)
             Atom type of atom    4 is replaced by   5 (was   0)
             Atom type of atom    5 is replaced by   5 (was   0)
             Atom type of atom    6 is replaced by   5 (was   0)
             Atom type of atom    7 is replaced by   5 (was   0)
             Atom type of atom    8 is replaced by   5 (was   0)
             Atom type of atom    9 is replaced by   5 (was   0)
             Atom type of atom   10 is replaced by   5 (was   0)
 
     ethylphosphine-a                                            

               CHEMICAL FORMULA :  C(    2)  H(    7)  P(    1) 
               FORMULA WEIGHT   :     62.050
                                                               DATE 28-MAY-23
                                                               TIME  10:58:14


          THE COORDINATES OF    10 ATOMS ARE READ IN.
          SOME CONSTANTS WILL BE READ IN.

      CONFORMATIONAL ENERGY, PART 1:  GEOMETRY AND STERIC ENERGY
                                      OF INITIAL CONFORMATION.


      CONNECTED ATOMS
          1-    2-
          1-    3-

      ATTACHED ATOMS
          1-    4,    1-    5,    2-    6,    2-    7,    2-    8,    3-    9,
          3-   10,

      INITIAL ATOMIC COORDINATES
           ATOM          X           Y           Z      TYPE
         C(    1)    -0.61371     0.66927     0.04468   (  1)
         C(    2)    -1.68854    -0.33113    -0.39114   (  1)
         P(    3)     1.01013    -0.14896     0.39625   ( 25)
         H(    4)    -0.96383     1.20234     0.92916   (  5)
         H(    5)    -0.49297     1.42159    -0.73537   (  5)
         H(    6)    -2.63028     0.17477    -0.59090   (  5)
         H(    7)    -1.87177    -1.07539     0.38164   (  5)
         H(    8)    -1.39609    -0.85388    -1.29992   (  5)
         H(    9)     1.01864    -1.04573     1.55120   (  5)
         H(   10)     1.67375    -0.74067    -0.76464   (  5)

        %=%=%=%=%=%=%=%=%=%=%=%=%=%=%=%=%=%=%=%=%=%=%=%=%=%=%=

        MM4(08)-v010108: (Const:V010108-00)

        The Parameters Used in This Calculation Can be Found
        in the Publication(s) Listed in the PART 3

        %=%=%=%=%=%=%=%=%=%=%=%=%=%=%=%=%=%=%=%=%=%=%=%=%=%=%=


          DIELECTRIC CONSTANT =  1.500


      INITIAL STERIC ENERGY IS             10.4948 KCAL/MOL.

                  COMPRESSION               1.5210
                  STRETCH-STRETCH           0.0000
                  BENDING                   9.1397
                  BEND-BEND                -0.2797
                  STRETCH-BEND              0.2684
                  VANDERWAALS
                    1,4 ENERGY              1.1944
                    OTHER                  -0.0774
                  H-BONDING                 0.0000
                  PI-COMPLX                 0.0000
                  TORSIONAL                -1.2528
                  TORSION-STRETCH          -0.0001
                  TORSION-BEND              0.0000
                  BEND-TORSION-BEND        -0.0009
                  TORSION-IMPT              0.0000
                  IMPT-TORSION-IMPT         0.0000
                  TORSION-TORSION           0.0000
                  DIPOLE-DIPOLE             0.0000
                  CHARGE-DIPOLE             0.0000
                  IND_DIP CORR.            -0.0178
                  CHARGE-CHARGE             0.0000


      MOMENT OF INERTIA ( R(g) ) WITH THE PRINCIPAL AXES

          (1)  UNIT = 10**(-39) GM*CM**2
               IX=    3.3864    IY=   16.6674    IZ=   18.0406

          (2)  UNIT = AU A**2
               IX=   20.3960    IY=  100.3877    IZ=  108.6583


      MOLECULAR POLARIZABILITIES (A**3)

        ALPHA(1)   =      11.11
        ALPHA(2)   =       9.55
        ALPHA(3)   =       8.76
        AVG. ALPHA =       9.81


      DIPOLE MOMENT =          0.3619 D

        SIGMA-DIPOLE MOMENT =  0.3619 (X =  0.1647    Y =  0.3102    Z =  0.0875)


      DIPOLE MOMENT =          0.3548 D (INCLUDES INDUCED BOND MOMENTS)

        SIGMA-DIPOLE MOMENT =  0.3548 (X =  0.1335    Y =  0.3189    Z =  0.0798)


      OTHER MOLECULAR PROPERTIES:

        Molar Polarizability:    24.7383 cm**3/mole
        Molar Refraction:        24.7259 cm**3/mole
        Radius of Gyration:       1.9237 A
        Molecular VDW Surface:  139.7609 A**2
        Molecular VDW Volume:   116.1312 A**3
        Dispersion Energy:       -2.7168 Kcal/mole
        Density (gas):          0.002536 g/cm**3 (@  298.2 K, 1 atm)
        Density (cdn):            0.7567 g/cm**3 (@STP Estd.)
        Ref. Index (gas):       1.001517 (@  298.2 K, 1 atm)
        Ref. Index (cdn):         1.5155 (@STP Estd.)
        Diel. Constant (gas):     1.0033 (@  298.2 K, 1 atm)
        Diel. Constant (cdn):     2.8969 (@STP Estd.)



      CPU TIME FOR INITIAL CALCULATION IS     0.03 SECONDS.
 


     ethylphosphine-a                                            


     CONFORMATIONAL ENERGY, PART 2: GEOMETRY MINIMIZATION

                            =====================
                            FULL-MATRIX OPTIMIZER
                            =====================


     iter.  rms force   max force   avg. move    max move  atom  convg  d-time

        0   11.709306   28.612471   0.00760 A   0.10000 A   10    [N]     0.0s
        1   11.208574   27.087353   0.00807 A   0.10000 A   10    [N]     0.0s
        2   10.123324   24.152771   0.00860 A   0.10000 A   10    [N]     0.0s
        3    8.399590   19.701717   0.00910 A   0.10000 A   10    [N]     0.0s
        4    5.937338   13.525879   0.00953 A   0.10000 A   10    [N]     0.0s
        5    2.609118    5.383102   0.00522 A   0.05308 A   10    [N]     0.0s
        6    0.105510    0.451991   0.00020 A   0.00121 A    9    [N]     0.0s
        7    0.000157    0.000526   0.00000 A   0.00001 A    9    [N]     0.0s
        8    0.000023    0.000070                                 [Y]     0.0s


      TOTAL ENERGY IS      0.0456 KCAL/MOL.

        COMPRESS    0.0276      VDW 1,4    0.9476      DIPL-DIPL    0.0000
        STR-STR     0.0000        OTHER    0.0341      CHRG-DIPL    0.0000
        BENDING     0.1139      TORSION   -1.0708      CHRG-CHRG    0.0000
        BEND-BEND  -0.0028      TOR-STR    0.0000      EPR          0.0000
        STR-BEND    0.0128      TOR-BEND   0.0000      TOR-BENBEN   0.0002
        TOR-IMPT    0.0000      TOR-IPIP   0.0000      TORS-TORS    0.0000
        IND-DIP    -0.0170      H-BOND     0.0000      PI-COMPLX    0.0000
0     DELTA(T) =     0.0 SEC.          ELAPSED TIME =     0.0 SEC.


    * * * ENERGY IS MINIMIZED WITHIN RMS OF FORCES   0.00002  Kcal/mol/A * * *

                 * * * *  RMS FORCE IS   0.00002 Kcal/mol/A * * * *

 
     ethylphosphine-a                                            


     %=%=%=%=%=%=%=%=%=%=%=%=%=%=%=%=%=%=%=%=%=%=%=%=%=%=%=%=%=%=%=%=%=%=%=

     The Parameters Used in This Calculation Can be Found in the Following
     Publication(s):

     The MM4 Program is Developed by Dr. N. L. Allinger and co-workers at  
     the University of Georgia, Athens, Georgia 30602-2556 USA.            
     (c) Copyright 2003 by N. L. Allinger. All rights reserved.            
                                                                           
     MM4 General Description and Alkanes:                                  
      Allinger,N.L.; Chen,K.; Lii,J.-H. J. Comput. Chem. 1996, 17, 642.    
     Note:                                                                 
      Some parameters used in this calculation are NOT finalized.          

     %=%=%=%=%=%=%=%=%=%=%=%=%=%=%=%=%=%=%=%=%=%=%=%=%=%=%=%=%=%=%=%=%=%=%=

               CHEMICAL FORMULA :  C(    2)  H(    7)  P(    1) 
               FORMULA WEIGHT   :     62.050
                                                               DATE : 28-MAY-23

           * M M 4 * * * * * * * * * * * 2 0 0 8 *
           *                                     *   PARAMETER RELIABILITY
           *                                     *
           *                                     *   BLANK = GOOD
           *                                     *       B = FAIR
           *                                     *       C = TRIAL
           *                                     *       R = READ IN
           *                                     *       S = SUBSTITUTED
           *                                     *       U = PARAMETER NOT EXIST
           *                                     *
           *                                     *   THIS IS SHOWN AT THE END 
           *                                     *   OF THE LINE.
           * * * * * * * * * * * * * * * * * * * * 


      CONFORMATIONAL ENERGY, PART 3:  GEOMETRY AND STERIC ENERGY
                                      OF FINAL CONFORMATION.

      CONNECTED ATOMS
          1-    2-
          1-    3-

      ATTACHED ATOMS
          1-    4,    1-    5,    2-    6,    2-    7,    2-    8,    3-    9,
          3-   10,

      FINAL ATOMIC COORDINATE
           ATOM          X           Y           Z      TYPE
         C(    1)     0.61093     0.65304     0.00000   (  1)
         C(    2)     1.75876    -0.36532     0.00000   (  1)
         P(    3)    -1.10550    -0.06827     0.00000   ( 25)
         H(    4)     0.69455     1.30972    -0.89552   (  5)
         H(    5)     0.69455     1.30972     0.89552   (  5)
         H(    6)     2.74935     0.14223     0.00000   (  5)
         H(    7)     1.72603    -1.02227    -0.89764   (  5)
         H(    8)     1.72603    -1.02227     0.89764   (  5)
         H(    9)    -0.92854    -1.02391    -1.04191   (  5)
         H(   10)    -0.92854    -1.02391     1.04191   (  5)


          DIELECTRIC CONSTANT =  1.500


      BOND LENGTHS AND STRETCHING ENERGY   (    9 BONDS)

        ENERGY = 71.94(KS)(DR)(DR)(1-(CS)(DR)+(7/12)((CS)(DR))**2)-
                       (1/4)((CS)(DR))**3)+(31/360)((CS)(DR))**4))
                         DR =  R-RO
                         CS =  3.000 FOR X-Y BONDS
                            =  2.200 FOR X-H BONDS
                                                            R(0)-CORR        CORR
             BOND          R(g)    R(0)    K(S)  ENERGY   E-NEG  MISCEL       KS
      C(    1)- C(    2)  1.5345  1.5270  4.550  0.0178                            
      C(    1)- P(    3)  1.8618  1.8560  2.952  0.0071                           C
      C(    1)- H(    4)  1.1136  1.1120  4.670  0.0009                            
      C(    1)- H(    5)  1.1136  1.1120  4.670  0.0009                            
      C(    2)- H(    6)  1.1130  1.1120  4.740  0.0004                            
      C(    2)- H(    7)  1.1128  1.1120  4.740  0.0002                            
      C(    2)- H(    8)  1.1128  1.1120  4.740  0.0002                            
      P(    3)- H(    9)  1.4248  1.4250  3.086  0.0000                           C
      P(    3)- H(   10)  1.4248  1.4250  3.086  0.0000                           C


      NON-BONDED DISTANCES, VDW AND EPR ENERGY   (    21 PAIRS)

              E(VDW) = KV*(1.84(10**5)EXP(-12.00/P) - 2.25(P**6))
              E(EPR) = C*KV*(1.84(10**5)EXP(-12.00/Q) - 2.25(Q**6))
              E(HBD) = EP1-EP2*F(THET1,THET2)*RTH/RTH0
                            EP1 = KHB*2.76(10**5)*EXP(-12.0/P)
                            EP2 = KHB*2.25(P**6)
                              F = FAC*(1+COS(THET1)^N*(1+COS(THET2))^N

            IF P > 3.020, THEN,
              E(VDW) = KV(192.270)(P**2)
              E(HBD) = EP1-EP2*F(THET1,THET2)*RTH/RTH0
                            EP1 = KHB*569.14*P**2
                            EP2 = KHB*187.16*P**2

                       RV = RVDW(I) + RVDW(K)
                       KV = SQRT(EPS(I)*EPS(K))
                      KHB = HYDROGEN BOND ENERGY PARAMETER
                        P = (RV/R) OR (RV/R#)
                        C = SCALE FACTOR
                        Q = RV/R, WHERE R IS MODIFIED DISTANCE
                        N = 1 WHEN Y IS NITROGEN, AND 2 FOR OTHERS
                      FAC = 1/4 WHEN N=1, AND 1/16 WHEN N=2
                    THET1 = ANGLE H-X-Y IN HYDROGEN BOND X-H...Y
                    THET2 = ANGLE X-Y-LP IN HYDROGEN BOND X...Y-LP
                      RTH = BOND LENGTH X-H IN X-H...Y
                     RTH0 = NATURAL BOND LENGTH X-H

          # IN THE VDW CALCULATIONS THE HYDROGEN ATOMS ARE RELOCATED
          SO THAT THE ATTACHED HYDROGEN DISTANCE IS REDUCED BY 0.940

          # IN THE VDW CALCULATIONS THE DEUTERIUM ATOMS ARE RELOCATED
          SO THAT THE ATTACHED DEUTERIUM DISTANCE IS REDUCED BY  0.940

           ATOM PAIR          R       R#       RV      KV       ENERGY
      C(    1), H(    6)   2.1986
      C(    1), H(    7)   2.2036
      C(    1), H(    8)   2.2036
      C(    1), H(    9)   2.5035
      C(    1), H(   10)   2.5035
      C(    2), P(    3)   2.8796
      C(    2), H(    4)   2.1772
      C(    2), H(    5)   2.1772
      C(    2), H(    9)   2.9565   2.9325   3.440   0.0240     0.0186  1,4    
      C(    2), H(   10)   2.9565   2.9325   3.440   0.0240     0.0186  1,4    
      P(    3), H(    4)   2.4374
      P(    3), H(    5)   2.4374
      P(    3), H(    6)   3.8606   3.7997   3.830   0.0534    -0.0597  1,4    
      P(    3), H(    7)   3.1198   3.0947   3.830   0.0534     0.1729  1,4    
      P(    3), H(    8)   3.1198   3.0947   3.830   0.0534     0.1729  1,4    
      H(    4), H(    5)   1.7910
      H(    4), H(    6)   2.5273   2.4602   3.280   0.0170     0.1710  1,4    
      H(    4), H(    7)   2.5499   2.4810   3.280   0.0170     0.1533  1,4    
      H(    4), H(    8)   3.1173   2.9994   3.280   0.0170    -0.0118  1,4    
      H(    4), H(    9)   2.8463   2.7704   3.280   0.0170     0.0186  1,4    
      H(    4), H(   10)   3.4400   3.3126   3.280   0.0170    -0.0190  1,4    
      H(    5), H(    6)   2.5273   2.4602   3.280   0.0170     0.1710  1,4    
      H(    5), H(    7)   3.1173   2.9994   3.280   0.0170    -0.0118  1,4    
      H(    5), H(    8)   2.5499   2.4810   3.280   0.0170     0.1533  1,4    
      H(    5), H(    9)   3.4400   3.3126   3.280   0.0170    -0.0190  1,4    
      H(    5), H(   10)   2.8463   2.7704   3.280   0.0170     0.0186  1,4    
      H(    6), H(    7)   1.7914
      H(    6), H(    8)   1.7914
      H(    6), H(    9)   3.9965   3.9105   3.280   0.0170    -0.0114         
      H(    6), H(   10)   3.9965   3.9105   3.280   0.0170    -0.0114         
      H(    7), H(    8)   1.7953
      H(    7), H(    9)   2.6585   2.6707   3.280   0.0170     0.0473         
      H(    7), H(   10)   3.2876   3.2308   3.280   0.0170    -0.0189         
      H(    8), H(    9)   3.2876   3.2308   3.280   0.0170    -0.0189         
      H(    8), H(   10)   2.6585   2.6707   3.280   0.0170     0.0473         
      H(    9), H(   10)   2.0838


      BOND ANGLES, BENDING AND STRETCH-BEND ENERGIES   (   15 ANGLES)

          EB = 0.02191418(KB)(DT)(DT)(1+CF*DT+QF*DT**2+PF*DT**3+SF*DT**4)
                          DT = THETA-TZERO
                          CF = -1800.000E-5
                          QF =     7.200E-5
                          PF =     0.135E-5
                          SF =     0.004E-6
          ESS =  143.88(KSTST)(DR1)(DR2)
          ESB =  2.51118(KSB)(DT)(DR1+DR2)
          EBB = -0.02191418(KBB)(DT1)(DT2)
                          DR1 = R1 - R1(0)
                          DR2 = R2 - R2(0)

               A T O M S             THETA    TZERO     KB     EB    KSB   ESB   KSS   ESS
      C(    2)- C(    1)- P(    3)  115.627  114.000  0.695  0.0391 0.14 0.0076             C
      C(    2)- C(    1)- H(    4)  109.583  109.470  0.560  0.0002 0.10 0.0003              
      C(    2)- C(    1)- H(    5)  109.583  109.470  0.560  0.0002 0.10 0.0003              
      P(    3)- C(    1)- H(    4)  107.318  108.000  0.543  0.0056 0.10-0.0013             C
      P(    3)- C(    1)- H(    5)  107.318  108.000  0.543  0.0056 0.10-0.0013             C
      H(    4)- C(    1)- H(    5)  107.055  107.700  0.540  0.0050                          
      C(    1)- C(    2)- H(    6)  111.292  110.800  0.600  0.0031 0.10 0.0010              
      C(    1)- C(    2)- H(    7)  111.702  110.800  0.600  0.0105 0.10 0.0019              
      C(    1)- C(    2)- H(    8)  111.702  110.800  0.600  0.0105 0.10 0.0019              
      H(    6)- C(    2)- H(    7)  107.180  107.800  0.540  0.0046                          
      H(    6)- C(    2)- H(    8)  107.180  107.800  0.540  0.0046                          
      H(    7)- C(    2)- H(    8)  107.534  107.800  0.540  0.0008                          
      C(    1)- P(    3)- H(    9)   98.357   97.500  0.543  0.0086 0.10 0.0012             C
      C(    1)- P(    3)- H(   10)   98.357   97.500  0.543  0.0086 0.10 0.0012             C
      H(    9)- P(    3)- H(   10)   93.983   93.300  0.675  0.0068                         C


     DIHEDRAL ANGLES, TORSIONAL ENERGY (ET)   (    15 ANGLES)

           ET = (V1/2)(1+COS(W))+(V2/2)(1-COS(2W))+(V3/2)(1+COS(3W))+
                                 (V4/2)(1-COS(4W))+(V6/2)(1+COS(6W))
         EBTB =  0.043828*(KBTB)(DTH1)(COS(W))(DTH2)
         ETS1 = -0.5*(RC-RC0)[KTSC1*(1+COS(W))+KTSC2*(1-COS(2W))+KTSC3*(1+COS(3W))]
         ETS2 = -0.5*(RT-RT0)[KTST1*(1+COS(W))+KTST2*(1-COS(2W))+KTST3*(1+COS(3W))]
          ETB =  2.51124*(DTH)[KTB1(1+COS(W))+KTB2*(1-COS(2W))+KTB3*(1+COS(3W))]
                      RC   = CENTRAL BOND LENGTH
                      RT   = TERMINAL BOND LENGTH
                      DTH1 = THETA1 - TZERO1
                      DTH2 = THETA2 - TZERO2

           SIGN OF ANGLE A-B-C-D : WHEN LOOKING THROUGH B TOWARD C,
           IF D IS COUNTERCLOCKWISE FROM A, NEGATIVE.

                A T O M S                OMEGA    V1     V2     V3     V4     V6     E    KBTB   EBTB
    C(    2) C(    1) P(    3) H(    9)  -47.7 -0.550 -0.350  0.260  0.000  0.000 -0.625              C
    C(    2) C(    1) P(    3) H(   10)   47.7 -0.550 -0.350  0.260  0.000  0.000 -0.625              C
    P(    3) C(    1) C(    2) H(    6) -180.0  0.000  0.000  0.270  0.000  0.000  0.000              C
       TYPE-1-TS                         0.000  0.000  0.660                       0.000
    P(    3) C(    1) C(    2) H(    7)   60.2  0.000  0.000  0.270  0.000  0.000  0.000              C
       TYPE-1-TS                         0.000  0.000  0.660                       0.000
    P(    3) C(    1) C(    2) H(    8)  -60.2  0.000  0.000  0.270  0.000  0.000  0.000              C
       TYPE-1-TS                         0.000  0.000  0.660                       0.000
    H(    4) C(    1) C(    2) H(    6)   58.6  0.000  0.000  0.260  0.000  0.008  0.008 -0.090  0.000 
       TYPE-1-TS                         0.000  0.000  0.660                       0.000
    H(    4) C(    1) C(    2) H(    7)  -61.2  0.000  0.000  0.260  0.000  0.008  0.008 -0.090  0.000 
       TYPE-1-TS                         0.000  0.000  0.660                       0.000
    H(    4) C(    1) C(    2) H(    8)  178.4  0.000  0.000  0.260  0.000  0.008  0.008 -0.090  0.000 
       TYPE-1-TS                         0.000  0.000  0.660                       0.000
    H(    4) C(    1) P(    3) H(    9)   75.0  0.000  0.000  0.310  0.000  0.000  0.045              C
    H(    4) C(    1) P(    3) H(   10)  170.3  0.000  0.000  0.310  0.000  0.000  0.020              C
    H(    5) C(    1) C(    2) H(    6)  -58.6  0.000  0.000  0.260  0.000  0.008  0.008 -0.090  0.000 
       TYPE-1-TS                         0.000  0.000  0.660                       0.000
    H(    5) C(    1) C(    2) H(    7) -178.4  0.000  0.000  0.260  0.000  0.008  0.008 -0.090  0.000 
       TYPE-1-TS                         0.000  0.000  0.660                       0.000
    H(    5) C(    1) C(    2) H(    8)   61.2  0.000  0.000  0.260  0.000  0.008  0.008 -0.090  0.000 
       TYPE-1-TS                         0.000  0.000  0.660                       0.000
    H(    5) C(    1) P(    3) H(    9) -170.3  0.000  0.000  0.310  0.000  0.000  0.020              C
    H(    5) C(    1) P(    3) H(   10)  -75.0  0.000  0.000  0.310  0.000  0.000  0.045              C


 ==============================================================================
                        NORMAL MODE VIBRATIONAL ANALYSIS
 ==============================================================================


             Molecular Shape : ASYMMETRIC ROTOR WITH KAPPA =-0.960067
        Symmetry Point Group : Cs  
             Symmetry Number :  1
                   Chirality :  no



0       FUNDAMENTAL NORMAL VIBRATIONAL FREQUENCIES
                ( THEORETICALLY  24 VALUES )

             Frequency :  in 1/cm
             A(i)      :  IR intensity (vs,s,m,w,vw,-- or in 10**6 cm/mole)
             A(i) = -- :  IR inactive


             no       Frequency   Symmetry      A(i)

             1.          2968.4     (A"  )        m
             2.          2966.4     (A`  )        m
             3.          2931.9     (A"  )        m
             4.          2885.4     (A`  )        w
             5.          2872.2     (A`  )        m
             6.          2318.4     (A"  )        w
             7.          2314.5     (A`  )        w
             8.          1455.8     (A"  )        w
             9.          1450.3     (A`  )        w
            10.          1423.0     (A`  )        w
            11.          1376.8     (A`  )        w
            12.          1344.3     (A`  )        w
            13.          1248.7     (A"  )        w
            14.          1071.0     (A`  )        w
            15.          1022.1     (A`  )        w
            16.          1018.8     (A"  )        w
            17.           973.4     (A`  )        w
            18.           747.0     (A"  )        w
            19.           691.8     (A"  )        w
            20.           685.2     (A`  )        w
            21.           641.2     (A`  )        w
            22.           319.0     (A`  )       vw
            23.           235.1     (A"  )        w
            24.           162.0     (A"  )        w
            25.     (       0.0)    (t/r )
            26.     (       0.0)    (t/r )
            27.     (       0.0)    (t/r )
            28.     (       0.0)    (t/r )
            29.     (       0.0)    (t/r )
            30.     (       0.0)    (t/r )


0       CORRESPONDING EIGEN VECTOR MATRIX   30 BY  30



 (  1)
     0.000    0.000    0.005    0.000    0.000    0.092    0.000    0.000
     0.000   -0.004    0.030   -0.032    0.004   -0.030   -0.032    0.000
     0.000   -0.020   -0.005   -0.392   -0.538    0.005    0.392   -0.538
     0.000    0.000    0.000    0.000    0.000    0.000

 (  2)
     0.000    0.002    0.000    0.061    0.069    0.000    0.000    0.000
     0.000    0.004   -0.013    0.012    0.004   -0.013   -0.012   -0.691
    -0.338    0.000   -0.016   -0.242   -0.301   -0.016   -0.242    0.300
     0.000    0.000    0.000    0.000    0.000    0.000

 (  3)
     0.000    0.000    0.090    0.000    0.000   -0.007    0.000    0.000
     0.000    0.053    0.397   -0.534   -0.053   -0.397   -0.534    0.000
     0.000    0.001    0.008    0.020    0.037   -0.008   -0.020    0.037
    -0.003   -0.003   -0.001    0.003    0.003   -0.001

 (  4)
    -0.005   -0.059    0.000   -0.029    0.028    0.000    0.000    0.000
     0.000    0.041    0.335   -0.416    0.041    0.335    0.416    0.304
     0.131    0.000    0.001   -0.215   -0.279    0.001   -0.215    0.279
     0.001    0.001    0.000    0.001    0.001    0.000

 (  5)
    -0.008   -0.043    0.000    0.036   -0.030    0.000    0.000    0.000
     0.000    0.034    0.261   -0.327    0.034    0.261    0.327   -0.412
    -0.193    0.000   -0.004    0.268    0.346   -0.004    0.268   -0.346
     0.001    0.001    0.000    0.001    0.001    0.000

 (  6)
     0.000    0.000   -0.001    0.000    0.000    0.000    0.000    0.000
    -0.032   -0.004    0.001   -0.004    0.004   -0.001   -0.004    0.000
     0.000    0.000    0.000    0.000    0.000    0.000    0.000    0.000
    -0.071    0.469    0.505    0.071   -0.469    0.505

 (  7)
    -0.001    0.001    0.000    0.000    0.000    0.000   -0.004    0.031
     0.000   -0.001    0.000   -0.001   -0.001    0.000    0.001    0.001
     0.000    0.000    0.000    0.000    0.000    0.000    0.000    0.000
     0.072   -0.475   -0.501    0.071   -0.475    0.501

 (  8)
     0.000    0.000   -0.019    0.000    0.000   -0.039    0.000    0.000
     0.000   -0.060    0.036   -0.004    0.060   -0.036   -0.004    0.000
     0.000    0.679   -0.493   -0.083    0.014    0.493    0.083    0.014
     0.008    0.000    0.000   -0.008    0.000    0.000

 (  9)
    -0.074    0.019    0.000    0.007   -0.041    0.000    0.004    0.000
     0.000    0.180   -0.136   -0.098    0.180   -0.136    0.098    0.138
    -0.324    0.000    0.089    0.429   -0.368    0.089    0.429    0.368
    -0.003    0.000    0.000   -0.003    0.000    0.000

 ( 10)
    -0.091    0.068    0.000    0.100   -0.034    0.000    0.005   -0.001
     0.000    0.219   -0.259   -0.237    0.219   -0.259    0.237   -0.062
     0.365    0.000   -0.313   -0.111    0.053   -0.313   -0.111   -0.053
    -0.006   -0.003    0.003   -0.006   -0.003   -0.003

 ( 11)
    -0.055   -0.052    0.000    0.062   -0.050    0.000    0.004   -0.001
     0.000    0.155    0.389    0.372    0.155    0.389   -0.372   -0.066
     0.237    0.000   -0.231    0.105   -0.125   -0.231    0.105    0.125
     0.008    0.002   -0.002    0.008    0.002    0.002

 ( 12)
     0.111    0.018    0.000    0.023   -0.077    0.000   -0.007    0.002
     0.000   -0.429   -0.039   -0.104   -0.429   -0.039    0.104   -0.173
     0.321    0.000   -0.170    0.201   -0.222   -0.170    0.201    0.222
     0.000    0.000    0.003    0.000    0.000   -0.003

 ( 13)
     0.000    0.000    0.052    0.000    0.000   -0.092    0.000    0.000
     0.007    0.570   -0.174   -0.017   -0.570    0.174   -0.017    0.000
     0.000    0.180    0.109   -0.208    0.042   -0.109    0.208    0.042
    -0.014    0.005    0.006    0.014   -0.005    0.006

 ( 14)
     0.009   -0.009    0.000   -0.004    0.006    0.000    0.001   -0.030
     0.000    0.017   -0.016   -0.004    0.017   -0.016    0.004   -0.006
     0.010    0.000   -0.017    0.009   -0.001   -0.017    0.009    0.001
    -0.036    0.485   -0.493   -0.036    0.485    0.493

 ( 15)
    -0.046    0.117    0.000   -0.014   -0.130    0.000    0.003   -0.007
     0.000    0.036    0.119    0.001    0.036    0.119   -0.001   -0.232
     0.302    0.000    0.443   -0.103   -0.038    0.443   -0.103    0.038
    -0.059    0.010   -0.022   -0.059    0.010    0.022

 ( 16)
     0.000    0.000    0.097    0.000    0.000   -0.090    0.000    0.000
    -0.015   -0.392   -0.150   -0.045    0.392    0.150   -0.045    0.000
     0.000    0.235    0.273   -0.300    0.122   -0.273    0.300    0.122
    -0.052   -0.022   -0.004    0.052    0.022   -0.004

 ( 17)
     0.117   -0.053    0.000   -0.120    0.046    0.000   -0.017   -0.009
     0.000    0.376   -0.106   -0.014    0.376   -0.106    0.014   -0.295
     0.390    0.000    0.031    0.122   -0.056    0.031    0.122    0.056
     0.028   -0.033    0.025    0.028   -0.033   -0.025

 ( 18)
     0.000    0.000   -0.104    0.000    0.000   -0.024    0.000    0.000
     0.028    0.013    0.361    0.169   -0.013   -0.361    0.169    0.000
     0.000    0.126    0.188   -0.203    0.124   -0.188    0.203    0.124
     0.380    0.111   -0.022   -0.380   -0.111   -0.022

 ( 19)
     0.000    0.000    0.040    0.000    0.000   -0.005    0.000    0.000
     0.012   -0.052   -0.320   -0.208    0.052    0.320   -0.208    0.000
     0.000   -0.074   -0.084    0.098   -0.078    0.084   -0.098   -0.078
     0.528    0.165   -0.067   -0.528   -0.165   -0.067

 ( 20)
     0.074    0.082    0.000    0.010    0.018    0.000    0.004   -0.035
     0.000    0.088    0.087    0.003    0.088    0.087   -0.003    0.080
    -0.122    0.000   -0.099    0.016    0.005   -0.099    0.016   -0.005
    -0.596   -0.102   -0.022   -0.596   -0.102    0.022

 ( 21)
    -0.112   -0.117    0.000   -0.062    0.029    0.000    0.097    0.033
     0.000   -0.153   -0.116    0.000   -0.153   -0.116    0.000   -0.156
     0.214    0.000    0.051    0.037   -0.008    0.051    0.037    0.008
    -0.275   -0.010   -0.012   -0.275   -0.010    0.012

 ( 22)
     0.015   -0.117    0.000    0.165    0.035    0.000   -0.079    0.029
     0.000    0.003   -0.101    0.008    0.003   -0.101   -0.008    0.086
     0.194    0.000    0.269    0.033   -0.001    0.269    0.033    0.001
    -0.171    0.013    0.000   -0.171    0.013    0.000

 ( 23)
     0.000    0.000    0.086    0.000    0.000   -0.026    0.000    0.000
    -0.033    0.001    0.080    0.144   -0.001   -0.080    0.144    0.000
     0.000   -0.551   -0.329   -0.276    0.188    0.329    0.276    0.188
     0.110   -0.111    0.089   -0.110    0.111    0.089

 ( 24)
     0.000    0.000   -0.042    0.000    0.000    0.044    0.000    0.000
     0.024   -0.005   -0.066   -0.090    0.005    0.066   -0.090    0.000
     0.000   -0.162   -0.093   -0.187    0.184    0.093    0.187    0.184
    -0.205    0.412   -0.389    0.205   -0.412   -0.389

 ( 25)
    -0.044    0.038    0.019   -0.016    0.069    0.206   -0.024   -0.009
     0.003   -0.009   -0.065   -0.054   -0.115    0.146   -0.054   -0.030
     0.097    0.205    0.055   -0.037    0.281   -0.051    0.174    0.281
     0.063   -0.127    0.125   -0.059    0.118    0.125

 ( 26)
     0.031   -0.124   -0.044   -0.018   -0.178    0.058   -0.004   -0.043
    -0.043    0.087   -0.189   -0.086    0.036   -0.067   -0.086    0.006
    -0.225    0.052   -0.023   -0.238    0.102   -0.074   -0.116    0.102
    -0.019   -0.122    0.027   -0.078    0.020    0.027

 ( 27)
    -0.017   -0.032    0.192   -0.032   -0.048    0.057   -0.028   -0.007
     0.025    0.017    0.114    0.302   -0.033   -0.180    0.302   -0.025
    -0.062    0.168   -0.016    0.100   -0.052   -0.067   -0.195   -0.052
    -0.012    0.161   -0.127   -0.071   -0.181   -0.127

 ( 28)
     0.029   -0.021    0.005   -0.002   -0.055    0.003    0.007    0.031
     0.155   -0.005   -0.082   -0.043    0.102    0.036   -0.043    0.013
    -0.085   -0.090   -0.076   -0.113    0.048    0.032    0.005    0.048
    -0.085   -0.043    0.207    0.041    0.094    0.207

 ( 29)
    -0.042   -0.035    0.003    0.030    0.046   -0.030    0.009   -0.156
     0.042   -0.110   -0.025    0.004   -0.066   -0.033    0.004   -0.006
     0.115   -0.052    0.054    0.047   -0.032    0.098    0.039   -0.032
     0.050   -0.138    0.033    0.102   -0.148    0.033

 ( 30)
     0.119    0.004    0.046    0.122    0.006    0.058    0.121   -0.001
    -0.007    0.139    0.018    0.058    0.096   -0.010    0.058    0.121
     0.009    0.090    0.145    0.020    0.047    0.102   -0.007    0.047
     0.149    0.016   -0.018    0.098   -0.016   -0.018


                VIBRATIONAL AMPLITUDE AND CENTRIFUGAL DISTORTION
                 CONTRIBUTIONS TO THE BOND LENGTH AT   298.16 K

                 Note: Excludes contributions from frequencies
                       lower than 40 (1/cm).

                R(e)   = r(mm4) - 1.5 * anh * <Z**2>(298.16)
                R(z)   = R(e) + 1.5 * anh * <Z**2>(0) - <K>(0))
                R(s)   = [R(e) + R(z)] / 2
                R(alp) = R(e) + 1.5 * anh * <Z**2>(T) - <K>(T) - <C>(T)
                R(g)   = R(e) + 1.5 * anh * <Z**2>(T)
                R(a)   = [R(g) + sqrt(R(g)**2-4*<Z**2>(T))] / 2

                       anh = anharmonicity (2.00)
                    <Z**2> = mean-square vibrational amplitude
                       <K> = perpendicular vibrational amplitude
                       <C> = centrifugal correction

        BOND          R(g)      R(z)      R(e)     R(alp)     R(s)      R(a)
    2( C)-  1( C)    1.5345    1.5322    1.5269    1.5314    1.5295    1.5328
    3( P)-  1( C)    1.8618    1.8600    1.8537    1.8595    1.8569    1.8604
    4( H)-  1( C)    1.1136    1.1012    1.0949    1.1008    1.0981    1.1080
    5( H)-  1( C)    1.1136    1.1012    1.0949    1.1008    1.0981    1.1080
    6( H)-  2( C)    1.1130    1.0955    1.0945    1.0941    1.0950    1.1075
    7( H)-  2( C)    1.1128    1.0958    1.0943    1.0944    1.0950    1.1073
    8( H)-  2( C)    1.1128    1.0958    1.0943    1.0944    1.0950    1.1073
    9( H)-  3( P)    1.4248    1.4073    1.4025    1.4061    1.4049    1.4196
   10( H)-  3( P)    1.4248    1.4073    1.4025    1.4061    1.4049    1.4196


                  Non-Bonded Atom Pair Distance Table
        (Distance greater than 82% of VDW distance are not printed)

        PAIR        Dist(g)   Dist(z)
    6( H),  4( H)    2.5273    2.5153       1,4
    6( H),  5( H)    2.5273    2.5153       1,4
    7( H),  3( P)    3.1198    3.1084       1,4
    7( H),  4( H)    2.5499    2.5368       1,4
    8( H),  3( P)    3.1198    3.1084       1,4
    8( H),  5( H)    2.5499    2.5368       1,4
    9( H),  7( H)    2.6585    2.6533          
   10( H),  8( H)    2.6585    2.6533          


         THE MOMENTS OF INERTIA CALCULATED FROM R(g), R(z) VALUES
                  (also from R(e), R(alpha), R(s) VALUES)

         Note: (1) All calculations are based on principle isotopes.
               (2) R(z) values include harmonic vibration (Coriolis)
                   contribution indicated in parentheses.


   (1)  UNIT = 10**(-39) GM*CM**2

                    IX                   IY                   IZ

   R(e)         3.2995              16.4232              17.9546
   R(z)         3.2691(-0.0100)     16.7214( 0.0124)     18.2486( 0.0083)

   (2)  UNIT = AU A**2

                    IX                   IY                   IZ

   R(e)        19.8721              98.9134             108.1367
   R(z)        19.6891(-0.0601)    100.7097( 0.0744)    109.9075( 0.0499)


 ==============================================================================
                      STATISTICAL THERMODYNAMICS ANALYSIS
 ==============================================================================

  Structure name    : ethylphosphine-a                                            
  Temperature       :   298.16 K
  Symmetry number   :   1
  Optical isomers   :   1
  Zero Point Energy :   50.214 Kcal/mol


                     ENERGY** ENTHALPY**  ENTROPY  FREE ENERGY** HEAT CAPACITY**
                  (Kcal/mol) (Kcal/mol)     (eu)   (Kcal/mol)    (cal/mol/deg)
  Translational       0.889      0.889     38.297    -10.530         2.981
     Rotational       0.889      0.889     23.837     -6.219         2.981
    Vibrational*     51.584%    51.584%     7.429     49.369%       10.820
         PV(RT)       0.000      0.593      0.000      0.593         1.987
      Potential       0.046#     0.046#     0.000      0.046#        0.000
         Mixing       0.000      0.000      0.000      0.000         0.000
          Total*     53.407     54.000     69.564     33.259        18.769

  Enthalpy Function (H-Ho)/T     =   12.54 cal/mol/deg
  Free Energy Function -(G-Ho)/T =   57.02 cal/mol/deg

  % Includes zero point energy (ZPE).
  * Excludes contribution from frequencies lower than 10 (1/cm).
  # Includes steric energy (SE).
    Internal rotation contributions are not considered
 ** These quantities are relative to the R(e) values (
    bottom of potential well) and do NOT include bonding

  This structure has   0 imaginary frequencies,
                       0 free internal rotation (fir) frequencies
                         (>= 0,< 10 /cm),
                       0 restricted internal rotation (rir) frequencies
                         (>= 10,< 40 /cm),
                       6 zero frequencies, and
                      24 real frequencies.


      FINAL STERIC ENERGY IS                0.0456 KCAL/MOL.


                  COMPRESSION               0.0276
                  STRETCH-STRETCH           0.0000
                  BENDING                   0.1139
                  BEND-BEND                -0.0028
                  STRETCH-BEND              0.0128
                  VANDERWAALS
                    1,4 ENERGY              0.9476
                    OTHER                   0.0341
                  H-BONDING                 0.0000
                  PI-COMPLX                 0.0000
                  TORSIONAL                -1.0708
                  TORSION-STRETCH           0.0000
                  TORSION-BEND              0.0000
                  BEND-TORSION-BEND         0.0002
                  TORSION-IMPT              0.0000
                  IMPT-TORSION-IMPT         0.0000
                  TORSION-TORSION           0.0000
                  DIPOLE-DIPOLE             0.0000
                  CHARGE-DIPOLE             0.0000
                  IND-DIP CORR.            -0.0170
                  CHARGE-CHARGE             0.0000


      MOLECULAR POLARIZABILITIES (A**3)

        ALPHA(1)   =      11.13
        ALPHA(2)   =       9.42
        ALPHA(3)   =       8.67
        AVG. ALPHA =       9.74


      DIPOLE MOMENT =          0.7328 D

        SIGMA-DIPOLE MOMENT =  0.7328 (X = -0.5391    Y =  0.4964    Z =  0.0000)


      DIPOLE MOMENT =          0.6602 D (INCLUDES INDUCED BOND MOMENTS)

        SIGMA-DIPOLE MOMENT =  0.6602 (X = -0.4781    Y =  0.4553    Z =  0.0000)


      OTHER MOLECULAR PROPERTIES:

        Molar Polarizability:    24.6101 cm**3/mole
        Molar Refraction:        24.5671 cm**3/mole
        Radius of Gyration:       1.9329 A
        Molecular VDW Surface:  137.0298 A**2
        Molecular VDW Volume:   116.0753 A**3
        Dispersion Energy:       -2.8964 Kcal/mole
        Density (gas):          0.002536 g/cm**3 (@  298.2 K, 1 atm)
        Density (cdn):            0.7591 g/cm**3 (@STP Estd.)
        Ref. Index (gas):       1.001508 (@  298.2 K, 1 atm)
        Ref. Index (cdn):         1.5134 (@STP Estd.)
        Diel. Constant (gas):     1.0040 (@  298.2 K, 1 atm)
        Diel. Constant (cdn):     4.6158 (@STP Estd.)



      TOTAL ATOMIC CHARGE ON EACH ATOM (in ELECTRON CHARGE)

           C(    1):          0.050
           C(    2):         -0.005
           P(    3):         -0.170
           H(    4):         -0.002
           H(    5):         -0.002
           H(    6):          0.001
           H(    7):          0.001
           H(    8):          0.001
           H(    9):          0.063
           H(   10):          0.063

      -----------------------------------------------------------------

        END OF ethylphosphine-a                                            


           TOTAL CPU TIME IS      0.07 SECONDS.

           THIS JOB COMPLETED AT    10:58:14
