                      Atom    1 should be a PI atom
                      Atom    2 should be a PI atom
                      Atom    3 should be a PI atom
                      Atom    5 should be a PI atom
 
               ---------------------------------------------
               WARNING : INCORRECT ATOM TYPES GIVEN IN INPUT
                         DATA ARE CORRECTED AS FOLLOWS
               ---------------------------------------------


             Atom type of atom    1 is replaced by   2 (was   0)
             Atom type of atom    2 is replaced by   2 (was   0)
             Atom type of atom    3 is replaced by   3 (was   0)
             Atom type of atom    4 is replaced by   1 (was   0)
             Atom type of atom    5 is replaced by  81 (was   0)
             Atom type of atom    6 is replaced by 112 (was   0)
             Atom type of atom    7 is replaced by 112 (was   0)
             Atom type of atom    8 is replaced by 112 (was   0)
             Atom type of atom    9 is replaced by   5 (was   0)
             Atom type of atom   10 is replaced by   5 (was   0)
             Atom type of atom   11 is replaced by   5 (was   0)
 
     but-1-ene-3-one-trans                                       

               CHEMICAL FORMULA :  C(    4)  H(    6)  O(    1) 
               FORMULA WEIGHT   :     70.043
                                                               DATE 26-MAY-23
                                                               TIME  14:40:06


          THE COORDINATES OF    11 ATOMS ARE READ IN.
          SOME CONSTANTS WILL BE READ IN.

      CONFORMATIONAL ENERGY, PART 1:  GEOMETRY AND STERIC ENERGY
                                      OF INITIAL CONFORMATION.


      CONNECTED ATOMS
          1-    2-    3-    4-

      ATTACHED ATOMS
          1-    6,    1-    7,    2-    8,    3-    5,    4-    9,    4-   10,
          4-   11,

      INITIAL ATOMIC COORDINATES
           ATOM          X           Y           Z      TYPE
         C(    1)     1.97549     0.13538     0.00000   (  2) PI-ATOM
         C(    2)     0.89866    -0.65969     0.00000   (  2) PI-ATOM
         C(    3)    -0.49922    -0.10204     0.00000   (  3) PI-ATOM
         C(    4)    -0.73603     1.39739     0.00000   (  1)
         O(    5)    -1.45229    -0.86347     0.00000   ( 81) PI-ATOM
         H(    6)     2.98906    -0.30201     0.00000   (112)
         H(    7)     1.90142     1.23451     0.00000   (112)
         H(    8)     1.02834    -1.75616     0.00000   (112)
         H(    9)    -1.82061     1.61970     0.00000   (  5)
         H(   10)    -0.28720     1.86117     0.90254   (  5)
         H(   11)    -0.28720     1.86117    -0.90254   (  5)

  NOTE: PI-ATOM PARAMETER (KPI) OF (  2-  7) IS USED FOR TYPE (  2- 81).

  NOTE: PI-ATOM PARAMETER (KPI) OF (  2-  7) IS USED FOR TYPE (  2- 81).

  NOTE: PI-ATOM PARAMETER (KPI) OF (  3-  7) IS USED FOR TYPE (  3- 81).

      VESCF CALCULATION FOR PLANAR SYSTEM

           ITER  1 VO=  -2.105561( -1321.68 KCAL/MOL)
           ITER  2 VO=  -2.131032( -1337.67 KCAL/MOL)     DIFF =   0.025470
           ITER  3 VO=  -2.139161( -1342.77 KCAL/MOL)     DIFF =   0.008129
           ITER  4 VO=  -2.139524( -1343.00 KCAL/MOL)     DIFF =   0.000364
           ITER  5 VO=  -2.139738( -1343.14 KCAL/MOL)     DIFF =   0.000214
           ITER  6 VO=  -2.139772( -1343.16 KCAL/MOL)     DIFF =   0.000034
           ITER  7 VO=  -2.139786( -1343.16 KCAL/MOL)     DIFF =   0.000013
           ITER  8 VO=  -2.139790( -1343.17 KCAL/MOL)     DIFF =   0.000005

                VESCF SEQUENCE REQUIRES   0.00 SECONDS.

      PLANAR
      ------
      F-MATRIX
       -0.21920 -0.21552 -0.01844  0.01367
       -0.22064 -0.09024 -0.00411
       -0.20383 -0.28584
       -0.32060

      H-CORE MATRIX
       -1.02791 -0.07664 -0.01092 -0.00048
       -1.16509 -0.06166 -0.00782
       -1.21217 -0.13404
       -1.23604

      GAMMA MATRIX
        0.41007  0.28451  0.18930  0.14119
        0.40940  0.26788  0.20187
        0.41775  0.31820
        0.52463

      MOLECULAR ORBITALS
        0.17420  0.27637  0.62639  0.70775
        0.67793  0.64901 -0.10233 -0.32972
        0.66560 -0.56890 -0.33130  0.35153
        0.25892 -0.42279  0.69814 -0.51652

      EIGENVALUES
       -0.57175 -0.42942 -0.01860  0.05550

      DENSITY MATRIX
        0.97987
        0.97626  0.99520
        0.07949  0.21339  0.80567
       -0.20048 -0.03680  0.95414  1.21926

      ELECTRON DENSITIES
         0.9799   0.9952   0.8057   1.2193

      ORIGINAL EFFECTIVE NUCLEAR CHARGES
        3.25000  3.25000  3.25000  4.55000

      FINAL EFFECTIVE NUCLEAR CHARGES
        3.25704  3.25168  3.31801  4.47326

      BOND ORDERS  (P) AND RESONANCE INTEGRALS (B) FOR PI-BONDS
             BOND     P(W)      P(0)      B(0)     P*B(0)
            1-  2    0.9763    0.9763    1.0154    0.9913
            2-  3    0.2134    0.2134    0.8168    0.1743
            3-  5    0.9541    0.9541    1.7757    1.6942

      BOND ENERGY FROM VESCF CALCULATION(KCAL/MOL)
           SIGMA-BOND   -167.88
           PI-BOND      -186.74
           TOTAL ENERGY -354.62

        %=%=%=%=%=%=%=%=%=%=%=%=%=%=%=%=%=%=%=%=%=%=%=%=%=%=%=

        MM4(08)-v010108: (Const:V010108-00)

        The Parameters Used in This Calculation Can be Found
        in the Publication(s) Listed in the PART 3

        %=%=%=%=%=%=%=%=%=%=%=%=%=%=%=%=%=%=%=%=%=%=%=%=%=%=%=


          DIELECTRIC CONSTANT =  1.500


      INITIAL STERIC ENERGY IS             -1.4840 KCAL/MOL.

                  COMPRESSION               0.0663
                  STRETCH-STRETCH           0.0011
                  BENDING                   0.9564
                  BEND-BEND                 0.0022
                  STRETCH-BEND              0.0489
                  VANDERWAALS
                    1,4 ENERGY              0.3467
                    OTHER                   0.2640
                  H-BONDING                 0.0000
                  PI-COMPLX                 0.0000
                  TORSIONAL                 0.2217
                  TORSION-STRETCH          -0.1385
                  TORSION-BEND             -0.3262
                  BEND-TORSION-BEND        -0.0013
                  TORSION-IMPT              0.0000
                  IMPT-TORSION-IMPT         0.0000
                  TORSION-TORSION           0.0000
                  DIPOLE-DIPOLE            -2.2593
                  CHARGE-DIPOLE             0.0000
                  IND_DIP CORR.            -0.6659
                  CHARGE-CHARGE             0.0000


        INITIAL ENERGY IS          -356.1700 KCAL/MOL.
        (WITH ELECTRONIC ENERGY CORR.)

                  STERIC             -1.4840
                  SIGMA-STRETCH      -0.0622
                  ELECTRONIC       -354.6237


      MOMENT OF INERTIA ( R(g) ) WITH THE PRINCIPAL AXES

          (1)  UNIT = 10**(-39) GM*CM**2
               IX=    9.4527    IY=   19.6943    IZ=   28.6017

          (2)  UNIT = AU A**2
               IX=   56.9339    IY=  118.6189    IZ=  172.2683


      MOLECULAR POLARIZABILITIES (A**3)

        ALPHA(1)   =       9.42
        ALPHA(2)   =       8.06
        ALPHA(3)   =       5.88
        AVG. ALPHA =       7.78


      DIPOLE MOMENT =          2.8060 D

        PI-DIPOLE MOMENT    =  0.9826 (X =  0.8288    Y =  0.5278    Z =  0.0000)
        SIGMA-DIPOLE MOMENT =  3.7874 (X = -3.2801    Y = -1.8934    Z =  0.0000)


      DIPOLE MOMENT =          3.2482 D (INCLUDES INDUCED BOND MOMENTS)

        PI-DIPOLE MOMENT    =  0.9826 (X =  0.8288    Y =  0.5278    Z =  0.0000)
        SIGMA-DIPOLE MOMENT =  4.2278 (X = -3.7139    Y = -2.0201    Z =  0.0000)


      OTHER MOLECULAR PROPERTIES:

        Molar Polarizability:    21.3888 cm**3/mole
        Molar Refraction:        19.6271 cm**3/mole
        Radius of Gyration:       2.2291 A
        Molecular VDW Surface:  142.1255 A**2
        Molecular VDW Volume:   119.9883 A**3
        Dispersion Energy:       -4.6384 Kcal/mole
        Density (gas):          0.002863 g/cm**3 (@  298.2 K, 1 atm)
        Density (cdn):            0.8290 g/cm**3 (@STP Estd.)
        Ref. Index (gas):       1.001204 (@  298.2 K, 1 atm)
        Ref. Index (cdn):         1.3815 (@STP Estd.)
        Diel. Constant (gas):     1.0433 (@  298.2 K, 1 atm)
        Diel. Constant (cdn):    96.5076 (@STP Estd.)



      CPU TIME FOR INITIAL CALCULATION IS     0.03 SECONDS.
 


     but-1-ene-3-one-trans                                       


     CONFORMATIONAL ENERGY, PART 2: GEOMETRY MINIMIZATION

               GEOMETRY OPTIMIZATION IS CONTINUED UNTIL ATOM
               MOVEMENT CONVERGES WITHIN FOLLOWING VALUES:

                         AVERAGE MOVEMENT  0.00010 A
                         MAXIMUM MOVEMENT  0.00099 A



     <<<<<<<<<<<<<<<<<<<<<<<<<<  C Y C L E   1 >>>>>>>>>>>>>>>>>>>>>>>>>>

                              (CH)-MOVEMENT = 0

     ITER    1  AVG. MOVE = 0.00000 A  (MAX MOVE: ATOM     2   0.00001 A)


              * * * * * * * * * GEOMETRY IS OPTIMIZED * * * * * * * * *

               WITHIN : AVERAGE MOVEMENT  0.00000 A (LIMIT  0.00010 A)
                        MAXIMUM MOVEMENT  0.00001 A (LIMIT  0.00099 A)

               GRADIENT
                 RMS GRADIENT                  0.001291 KCAL/MOL/A

                 MAX GRADIENT
                   X-DIRECTION : ATOM #    2   0.003184 KCAL/MOL/A
                   Y-DIRECTION : ATOM #    2   0.004919 KCAL/MOL/A
                   Z-DIRECTION : ATOM #   10   0.000657 KCAL/MOL/A

        DELTA TIME =    0.00 SEC.       TOTAL CPU TIME =      0.04 SEC.


                            =====================
                            FULL-MATRIX OPTIMIZER
                            =====================


     iter.  rms force   max force   avg. move    max move  atom  convg  d-time

        0    0.000579    0.001931   0.00000 A   0.00000 A    8    [N]     0.0s
        1    0.000038    0.000124                                 [Y]     0.0s


      TOTAL ENERGY IS     -1.4840 KCAL/MOL.

        COMPRESS    0.0662      VDW 1,4    0.3467      DIPL-DIPL   -2.2593
        STR-STR     0.0010        OTHER    0.2640      CHRG-DIPL    0.0000
        BENDING     0.9564      TORSION    0.2217      CHRG-CHRG    0.0000
        BEND-BEND   0.0022      TOR-STR   -0.1384      EPR          0.0000
        STR-BEND    0.0488      TOR-BEND  -0.3262      TOR-BENBEN  -0.0013
        TOR-IMPT    0.0000      TOR-IPIP   0.0000      TORS-TORS    0.0000
        IND-DIP    -0.6659      H-BOND     0.0000      PI-COMPLX    0.0000
0     DELTA(T) =     0.0 SEC.          ELAPSED TIME =     0.0 SEC.


    * * * ENERGY IS MINIMIZED WITHIN RMS OF FORCES   0.00004  Kcal/mol/A * * *

                 * * * *  RMS FORCE IS   0.00004 Kcal/mol/A * * * *

 
     but-1-ene-3-one-trans                                       


     %=%=%=%=%=%=%=%=%=%=%=%=%=%=%=%=%=%=%=%=%=%=%=%=%=%=%=%=%=%=%=%=%=%=%=

     The Parameters Used in This Calculation Can be Found in the Following
     Publication(s):

     The MM4 Program is Developed by Dr. N. L. Allinger and co-workers at  
     the University of Georgia, Athens, Georgia 30602-2556 USA.            
     (c) Copyright 2003 by N. L. Allinger. All rights reserved.            
                                                                           
     MM4 General Description and Alkanes:                                  
      Allinger,N.L.; Chen,K.; Lii,J.-H. J. Comput. Chem. 1996, 17, 642.    
     Alkenes/Conjugated Hydrocarbons:                                      
      Nevins,N.; Chen,K.; Allinger,N.L. J. Comput. Chem. 1996, 17, 669.    
      Nevins,N.; Lii,J.-H.; Allinger,N.L. J. Comput. Chem. 1996, 17, 695.  
      Nevins,N.; Allinger,N.L. J. Comput. Chem. 1996, 17, 730.             
      Also see "Authors' Notes on MM4 - MM4 Parameters" in MM4 Manual.     
     Aldehydes/Ketones:                                                    
      Langley,C.H.; Lii,J.-H.; Allinger,N.L. J. Comput. Chem. 2001, 22,    
      1396, 1426, 1451, 1476.                                              
      Langley,C.H.; Lii,J.-H.; Allinger,N.L. J. Comput. Chem. 2003, 24,    
      1283.                                                                

     %=%=%=%=%=%=%=%=%=%=%=%=%=%=%=%=%=%=%=%=%=%=%=%=%=%=%=%=%=%=%=%=%=%=%=

               CHEMICAL FORMULA :  C(    4)  H(    6)  O(    1) 
               FORMULA WEIGHT   :     70.043
                                                               DATE : 26-MAY-23

           * M M 4 * * * * * * * * * * * 2 0 0 8 *
           *                                     *   PARAMETER RELIABILITY
           *                                     *
           *                                     *   BLANK = GOOD
           *                                     *       B = FAIR
           *                                     *       C = TRIAL
           *                                     *       R = READ IN
           *                                     *       S = SUBSTITUTED
           *                                     *       U = PARAMETER NOT EXIST
           *                                     *
           *                                     *   THIS IS SHOWN AT THE END 
           *                                     *   OF THE LINE.
           * * * * *  P I - S Y S T E M  * * * * * 


      CONFORMATIONAL ENERGY, PART 3:  GEOMETRY AND STERIC ENERGY
                                      OF FINAL CONFORMATION.

      CONNECTED ATOMS
          1-    2-    3-    4-

      ATTACHED ATOMS
          1-    6,    1-    7,    2-    8,    3-    5,    4-    9,    4-   10,
          4-   11,

      FINAL ATOMIC COORDINATE
           ATOM          X           Y           Z      TYPE  PI #
         C(    1)    -1.97548    -0.13538     0.00000   (  2)   1
         C(    2)    -0.89865     0.65969     0.00000   (  2)   2
         C(    3)     0.49922     0.10204     0.00000   (  3)   3
         C(    4)     0.73603    -1.39739     0.00000   (  1)
         O(    5)     1.45229     0.86347     0.00000   ( 81)   4
         H(    6)    -2.98906     0.30201     0.00000   (112)
         H(    7)    -1.90142    -1.23451     0.00000   (112)
         H(    8)    -1.02834     1.75617     0.00000   (112)
         H(    9)     1.82061    -1.61970     0.00000   (  5)
         H(   10)     0.28720    -1.86117     0.90254   (  5)
         H(   11)     0.28720    -1.86117    -0.90254   (  5)

      PLANAR
      ------
      F-MATRIX
       -0.21920 -0.21552 -0.01844  0.01367
       -0.22064 -0.09024 -0.00411
       -0.20383 -0.28584
       -0.32060

      H-CORE MATRIX
       -1.02791 -0.07664 -0.01092 -0.00048
       -1.16509 -0.06166 -0.00782
       -1.21217 -0.13404
       -1.23604

      GAMMA MATRIX
        0.41007  0.28451  0.18930  0.14119
        0.40940  0.26788  0.20187
        0.41775  0.31820
        0.52463

      MOLECULAR ORBITALS
        0.17420  0.27637  0.62639  0.70775
        0.67793  0.64901 -0.10233 -0.32972
        0.66560 -0.56890 -0.33130  0.35153
        0.25892 -0.42279  0.69814 -0.51652

      EIGENVALUES
       -0.57175 -0.42942 -0.01860  0.05550

      DENSITY MATRIX
        0.97987
        0.97626  0.99520
        0.07949  0.21339  0.80567
       -0.20048 -0.03680  0.95414  1.21926

      ELECTRON DENSITIES
         0.9799   0.9952   0.8057   1.2193

      ORIGINAL EFFECTIVE NUCLEAR CHARGES
        3.25000  3.25000  3.25000  4.55000

      FINAL EFFECTIVE NUCLEAR CHARGES
        3.25704  3.25168  3.31801  4.47326

      BOND ORDERS  (P) AND RESONANCE INTEGRALS (B) FOR PI-BONDS
             BOND     P(W)      P(0)      B(0)     P*B(0)
            1-  2    0.9763    0.9763    1.0154    0.9913
            2-  3    0.2134    0.2134    0.8168    0.1743
            3-  5    0.9541    0.9541    1.7757    1.6942

      BOND ENERGY FROM VESCF CALCULATION(KCAL/MOL)
           SIGMA-BOND   -167.88
           PI-BOND      -186.74
           TOTAL ENERGY -354.62


          DIELECTRIC CONSTANT =  1.500


      BOND LENGTHS AND STRETCHING ENERGY   (   10 BONDS)

        ENERGY = 71.94(KS)(DR)(DR)(1-(CS)(DR)+(7/12)((CS)(DR))**2)-
                       (1/4)((CS)(DR))**3)+(31/360)((CS)(DR))**4))
                         DR =  R-RO
                         CS =  3.000 FOR X-Y BONDS
                            =  2.200 FOR X-H BONDS
                                                            R(0)-CORR        CORR
             BOND          R(g)    R(0)    K(S)  ENERGY   E-NEG  MISCEL       KS
      C(    1)- C(    2)  1.3385  1.3378  9.074  0.0003  0.0008                    
      C(    1)- H(    6)  1.1039  1.1030  5.150  0.0003                            
      C(    1)- H(    7)  1.1016  1.1030  5.150  0.0007                            
      C(    2)- C(    3)  1.5050  1.4918  5.141  0.0618  0.0020                   B
      C(    2)- H(    8)  1.1041  1.1030  5.150  0.0005                            
      C(    3)- C(    4)  1.5180  1.5175  3.900  0.0001                            
      C(    3)- O(    5)  1.2199  1.2201  9.861  0.0000                           B
      C(    4)- H(    9)  1.1071  1.1077  4.869  0.0001 -0.0043             0.129  
      C(    4)- H(   10)  1.1096  1.1077  4.869  0.0012 -0.0043             0.129  
      C(    4)- H(   11)  1.1096  1.1077  4.869  0.0012 -0.0043             0.129  


      NON-BONDED DISTANCES, VDW AND EPR ENERGY   (    30 PAIRS)

              E(VDW) = KV*(1.84(10**5)EXP(-12.00/P) - 2.25(P**6))
              E(EPR) = C*KV*(1.84(10**5)EXP(-12.00/Q) - 2.25(Q**6))
              E(HBD) = EP1-EP2*F(THET1,THET2)*RTH/RTH0
                            EP1 = KHB*2.76(10**5)*EXP(-12.0/P)
                            EP2 = KHB*2.25(P**6)
                              F = FAC*(1+COS(THET1)^N*(1+COS(THET2))^N

            IF P > 3.020, THEN,
              E(VDW) = KV(192.270)(P**2)
              E(HBD) = EP1-EP2*F(THET1,THET2)*RTH/RTH0
                            EP1 = KHB*569.14*P**2
                            EP2 = KHB*187.16*P**2

                       RV = RVDW(I) + RVDW(K)
                       KV = SQRT(EPS(I)*EPS(K))
                      KHB = HYDROGEN BOND ENERGY PARAMETER
                        P = (RV/R) OR (RV/R#)
                        C = SCALE FACTOR
                        Q = RV/R, WHERE R IS MODIFIED DISTANCE
                        N = 1 WHEN Y IS NITROGEN, AND 2 FOR OTHERS
                      FAC = 1/4 WHEN N=1, AND 1/16 WHEN N=2
                    THET1 = ANGLE H-X-Y IN HYDROGEN BOND X-H...Y
                    THET2 = ANGLE X-Y-LP IN HYDROGEN BOND X...Y-LP
                      RTH = BOND LENGTH X-H IN X-H...Y
                     RTH0 = NATURAL BOND LENGTH X-H

          # IN THE VDW CALCULATIONS THE HYDROGEN ATOMS ARE RELOCATED
          SO THAT THE ATTACHED HYDROGEN DISTANCE IS REDUCED BY 0.940

          # IN THE VDW CALCULATIONS THE DEUTERIUM ATOMS ARE RELOCATED
          SO THAT THE ATTACHED DEUTERIUM DISTANCE IS REDUCED BY  0.940

           ATOM PAIR          R       R#       RV      KV       ENERGY
      C(    1), C(    3)   2.4861
      C(    1), C(    4)   2.9908            3.920   0.0459     0.3687  1,4    
      C(    1), O(    5)   3.5703            3.720   0.0585    -0.0612  1,4    
      C(    1), H(    8)   2.1154
      C(    1), H(    9)   4.0760   4.0105   3.200   0.0480    -0.0253         
      C(    1), H(   10)   2.9854   2.9741   3.200   0.0480    -0.0410         
      C(    1), H(   11)   2.9854   2.9741   3.200   0.0480    -0.0410         
      C(    2), C(    4)   2.6275
      C(    2), O(    5)   2.3598
      C(    2), H(    6)   2.1208
      C(    2), H(    7)   2.1432
      C(    2), H(    9)   3.5482   3.4899   3.200   0.0480    -0.0459  1,4    
      C(    2), H(   10)   2.9284   2.8993   3.200   0.0480    -0.0276  1,4    
      C(    2), H(   11)   2.9284   2.8993   3.200   0.0480    -0.0276  1,4    
      C(    3), H(    6)   3.4940   3.4319   3.580   0.0311    -0.0324  1,4    
      C(    3), H(    7)   2.7476   2.7201   3.580   0.0311     0.2644  1,4    
      C(    3), H(    8)   2.2516
      C(    3), H(    9)   2.1704
      C(    3), H(   10)   2.1711
      C(    3), H(   11)   2.1711
      C(    4), O(    5)   2.3716
      C(    4), H(    6)   4.0944   4.0282   3.460   0.0250    -0.0187         
      C(    4), H(    7)   2.6425   2.6518   3.460   0.0250     0.1886         
      C(    4), H(    8)   3.6136   3.5525   3.460   0.0250    -0.0275  1,4    
      O(    5), H(    6)   4.4767   4.4198   2.850   0.1200    -0.0192         
      O(    5), H(    7)   3.9559   3.9251   2.850   0.1200    -0.0381         
      O(    5), H(    8)   2.6364   2.6074   2.850   0.1200    -0.0837  1,4    
      O(    5), H(    9)   2.5103   2.4884   2.850   0.1200     0.0125  1,4    
      O(    5), H(   10)   3.0977   3.0476   2.850   0.1200    -0.1215  1,4    
      O(    5), H(   11)   3.0977   3.0476   2.850   0.1200    -0.1215  1,4    
      H(    6), H(    7)   1.8825
      H(    6), H(    8)   2.4411   2.3749   3.280   0.0170     0.2615  1,4    
      H(    6), H(    9)   5.1794   5.0478   3.280   0.0170    -0.0028         
      H(    6), H(   10)   4.0284   3.9599   3.280   0.0170    -0.0108         
      H(    6), H(   11)   4.0284   3.9599   3.280   0.0170    -0.0108         
      H(    7), H(    8)   3.1155   2.9929   3.280   0.0170    -0.0113  1,4    
      H(    7), H(    9)   3.7419   3.6875   3.280   0.0170    -0.0146         
      H(    7), H(   10)   2.4489   2.4678   3.280   0.0170     0.1643         
      H(    7), H(   11)   2.4489   2.4678   3.280   0.0170     0.1643         
      H(    8), H(    9)   4.4174   4.3099   3.280   0.0170    -0.0070         
      H(    8), H(   10)   3.9535   3.8623   3.280   0.0170    -0.0121         
      H(    8), H(   11)   3.9535   3.8623   3.280   0.0170    -0.0121         
      H(    9), H(   10)   1.7956
      H(    9), H(   11)   1.7956
      H(   10), H(   11)   1.8051


      BOND ANGLES, BENDING AND STRETCH-BEND ENERGIES   (   15 ANGLES)

          EB = 0.02191418(KB)(DT)(DT)(1+CF*DT+QF*DT**2+PF*DT**3+SF*DT**4)
                          DT = THETA-TZERO
                          CF = -1800.000E-5
                          QF =     7.200E-5
                          PF =     0.135E-5
                          SF =     0.004E-6
          ESS =  143.88(KSTST)(DR1)(DR2)
          ESB =  2.51118(KSB)(DT)(DR1+DR2)
          EBB = -0.02191418(KBB)(DT1)(DT2)
                          DR1 = R1 - R1(0)
                          DR2 = R2 - R2(0)

               A T O M S             THETA    TZERO     KB     EB    KSB   ESB   KSS   ESS
      C(    2)- C(    1)- H(    6)  120.218  120.700  0.460  0.0024 0.20-0.0004              
          OUT-PL    1-    7-    1     0.000           1.200  0.0000                          
      C(    2)- C(    1)- H(    7)  122.585  120.700  0.460  0.0346 0.20-0.0006              
          OUT-PL    1-    6-    1     0.000           1.200  0.0000                          
      H(    6)- C(    1)- H(    7)  117.197  119.000  0.470  0.0346
          OUT-PL    1-    2-    1     0.000           1.600  0.0000                          
      C(    1)- C(    2)- C(    3)  121.812  116.700  0.500  0.2605 0.14 0.0250 0.80 0.0011 B
          OUT-PL    2-    8-    2     0.000           1.200  0.0000                          
      C(    1)- C(    2)- H(    8)  119.695  120.000  0.460  0.0009 0.20-0.0003              
          OUT-PL    2-    3-    2     0.000           0.800  0.0000                         B
      C(    3)- C(    2)- H(    8)  118.494  120.000  0.543  0.0277
          OUT-PL    2-    1-    2     0.000           1.600  0.0000                          
      C(    2)- C(    3)- C(    4)  120.723  116.000  0.600  0.2689 0.14 0.0227             B
          OUT-PL    3-    5-    3     0.000          12.400  0.0000                         B
      C(    2)- C(    3)- O(    5)  119.630  122.800  0.695  0.1619
          OUT-PL    3-    4-    3     0.000           6.350  0.0000                          
      C(    4)- C(    3)- O(    5)  119.647  122.200  0.695  0.1039
          OUT-PL    3-    2-    3     0.000           6.350  0.0000                         B
      C(    3)- C(    4)- H(    9)  110.559  109.500  0.680  0.0164 0.21 0.0000-0.10 0.0000  
      C(    3)- C(    4)- H(   10)  110.473  109.500  0.680  0.0139 0.21 0.0012-0.10 0.0000  
      C(    3)- C(    4)- H(   11)  110.473  109.500  0.680  0.0139 0.21 0.0012-0.10 0.0000  
      H(    9)- C(    4)- H(   10)  108.201  107.800  0.540  0.0019                          
      H(    9)- C(    4)- H(   11)  108.201  107.800  0.540  0.0019                          
      H(   10)- C(    4)- H(   11)  108.864  107.800  0.540  0.0131                          


     DIHEDRAL ANGLES, TORSIONAL ENERGY (ET)   (    14 ANGLES)

           ET = (V1/2)(1+COS(W))+(V2/2)(1-COS(2W))+(V3/2)(1+COS(3W))+
                                 (V4/2)(1-COS(4W))+(V6/2)(1+COS(6W))
         EBTB =  0.043828*(KBTB)(DTH1)(COS(W))(DTH2)
         ETS1 = -0.5*(RC-RC0)[KTSC1*(1+COS(W))+KTSC2*(1-COS(2W))+KTSC3*(1+COS(3W))]
         ETS2 = -0.5*(RT-RT0)[KTST1*(1+COS(W))+KTST2*(1-COS(2W))+KTST3*(1+COS(3W))]
          ETB =  2.51124*(DTH)[KTB1(1+COS(W))+KTB2*(1-COS(2W))+KTB3*(1+COS(3W))]
                      RC   = CENTRAL BOND LENGTH
                      RT   = TERMINAL BOND LENGTH
                      DTH1 = THETA1 - TZERO1
                      DTH2 = THETA2 - TZERO2

           SIGN OF ANGLE A-B-C-D : WHEN LOOKING THROUGH B TOWARD C,
           IF D IS COUNTERCLOCKWISE FROM A, NEGATIVE.

                A T O M S                OMEGA    V1     V2     V3     V4     V6     E    KBTB   EBTB
    C(    1) C(    2) C(    3) C(    4)    0.0  0.300  0.978  0.000  0.000  0.000  0.300              B
       TYPE-1-TS                        10.000  0.000  0.000                      -0.132
       TORS-BEND    0.003  0.000  0.000                      -0.017  0.000  0.000 -0.326
    C(    1) C(    2) C(    3) O(    5) -180.0  0.810  0.978  0.000  0.000  0.000  0.000              B
       TYPE-1-TS                         3.000  0.000  0.000                       0.000
       TORS-BEND    0.000  0.000  0.000                       0.003  0.000  0.000  0.000
    C(    2) C(    3) C(    4) H(    9)  180.0  0.000  0.160  0.098  0.000  0.000  0.000              B
       TYPE-1-TS                         0.000  0.000  0.020                       0.000
    C(    2) C(    3) C(    4) H(   10)  -60.3  0.000  0.160  0.098  0.000  0.000  0.121              B
       TYPE-1-TS                         0.000  0.000  0.020                       0.000
    C(    2) C(    3) C(    4) H(   11)   60.3  0.000  0.160  0.098  0.000  0.000  0.121              B
       TYPE-1-TS                         0.000  0.000  0.020                       0.000
    C(    3) C(    2) C(    1) H(    6)  180.0  0.000 10.455  0.000  0.000  0.000  0.000              B
    C(    3) C(    2) C(    1) H(    7)    0.0  0.000 10.455  0.000  0.000  0.000  0.000              B
    C(    4) C(    3) C(    2) H(    8) -180.0  0.000  0.978  0.000  0.000  0.000  0.000              B
    O(    5) C(    3) C(    2) H(    8)    0.0 -0.810  0.978  0.000  0.000  0.000 -0.810              B
    O(    5) C(    3) C(    4) H(    9)    0.0  0.000  0.160  0.083  0.000  0.000  0.083              B
       TYPE-1-TS                         0.000  0.000  0.020                       0.000
       TYPE-2-TS    0.000  0.000  0.000                      -0.100  2.360  0.000  0.000
    O(    5) C(    3) C(    4) H(   10)  119.7  0.000  0.160  0.083  0.000  0.000  0.204              B
       TYPE-1-TS                         0.000  0.000  0.020                       0.000
       TYPE-2-TS    0.000  0.000  0.000                      -0.100  2.360  0.000 -0.003
    O(    5) C(    3) C(    4) H(   11) -119.7  0.000  0.160  0.083  0.000  0.000  0.204              B
       TYPE-1-TS                         0.000  0.000  0.020                       0.000
       TYPE-2-TS    0.000  0.000  0.000                      -0.100  2.360  0.000 -0.003
    H(    6) C(    1) C(    2) H(    8)    0.0  0.000 14.420  0.000 -1.298  0.000  0.000 -0.040  0.000 
    H(    7) C(    1) C(    2) H(    8) -180.0  0.000 14.420  0.000 -1.298  0.000  0.000 -0.040 -0.001 

     DIPOLE-DIPOLE INTERACTION ENERGY  (DIELECTRIC CONSTANT = 1.50)

          E = 14.388*MU1*MU2*(COSX-3*COSA*COSB)/(R12**3*DIELC)

               MU1 = BOND MOM OF BOND 1
               MU2 = BOND MOM OF BOND 2
               R12 = DISTANCE BETWEEN MID-POINTS OF TWO BONDS.

          BOND(1)         MU1           BOND(2)         MU2      R12        E
     C(    1)- H(    6) -0.600   + C(    2)- C(    3)  0.950   2.3019   -0.5608      B
     C(    1)- H(    6) -0.600   + C(    2)- H(    8) -0.600   1.8898    0.6392       
     C(    1)- H(    6) -0.600   + C(    3)- C(    4) -0.925   3.1849    0.0962       
     C(    1)- H(    6) -0.600   + C(    3)- O(    5)  2.510   3.4810   -0.5938      B
     C(    1)- H(    7) -0.600   + C(    2)- C(    3)  0.950   2.0394   -0.8155      B
     C(    1)- H(    7) -0.600   + C(    2)- H(    8) -0.600   2.1292    0.4045       
     C(    1)- H(    7) -0.600   + C(    3)- C(    4) -0.925   2.5563    0.3103       
     C(    1)- H(    7) -0.600   + C(    3)- O(    5)  2.510   3.1394   -0.1477      B
     C(    2)- H(    8) -0.600   + C(    3)- C(    4) -0.925   2.4379    0.4152       
     C(    2)- H(    8) -0.600   + C(    3)- O(    5)  2.510   2.0704   -2.0068      B


 ==============================================================================
                        NORMAL MODE VIBRATIONAL ANALYSIS
 ==============================================================================


             Molecular Shape : ASYMMETRIC ROTOR WITH KAPPA =-0.553521
        Symmetry Point Group : Cs  
             Symmetry Number :  1
                   Chirality :  no



0       FUNDAMENTAL NORMAL VIBRATIONAL FREQUENCIES
                ( THEORETICALLY  27 VALUES )

             Frequency :  in 1/cm
             A(i)      :  IR intensity (vs,s,m,w,vw,-- or in 10**6 cm/mole)
             A(i) = -- :  IR inactive


             no       Frequency   Symmetry      A(i)

             1.          3111.9     (A`  )        m
             2.          3068.6     (A`  )        w
             3.          3032.1     (A`  )        m
             4.          3009.9     (A`  )        m
             5.          2991.0     (A"  )        m
             6.          2920.6     (A`  )        m
             7.          1710.5     (A`  )       vs
             8.          1614.7     (A`  )        s
             9.          1451.6     (A`  )        w
            10.          1425.6     (A"  )        w
            11.          1406.0     (A`  )        w
            12.          1357.3     (A`  )        m
            13.          1322.9     (A`  )        w
            14.          1251.6     (A`  )        m
            15.          1021.1     (A"  )        w
            16.          1013.9     (A`  )        m
            17.           979.8     (A`  )        w
            18.           974.1     (A"  )        m
            19.           957.9     (A"  )        m
            20.           715.3     (A`  )        w
            21.           665.7     (A"  )        w
            22.           453.7     (A`  )        w
            23.           442.1     (A`  )        w
            24.           420.6     (A"  )       vw
            25.           278.5     (A`  )        w
            26.           155.5     (A"  )        w
            27.            75.6     (A"  )        w
            28.     (       0.0)    (t/r )
            29.     (       0.0)    (t/r )
            30.     (       0.0)    (t/r )
            31.     (       0.0)    (t/r )
            32.     (       0.0)    (t/r )
            33.     (       0.0)    (t/r )


0       CORRESPONDING EIGEN VECTOR MATRIX   33 BY  33



 (  1)
    -0.045    0.081    0.000   -0.002    0.010    0.000    0.001    0.000
     0.000    0.000    0.000    0.000    0.000    0.000    0.000    0.518
    -0.212    0.000    0.033   -0.750    0.000   -0.001   -0.112    0.000
    -0.001    0.000    0.000   -0.001   -0.001    0.000   -0.001   -0.001
     0.000

 (  2)
    -0.028   -0.025    0.000    0.001    0.081    0.000    0.002   -0.003
     0.000    0.001    0.000    0.000    0.000    0.000    0.000    0.224
    -0.071    0.000   -0.008    0.303    0.000    0.068   -0.863    0.000
    -0.005    0.001    0.000   -0.001   -0.002    0.003   -0.001   -0.002
    -0.003

 (  3)
    -0.063   -0.025    0.000    0.008   -0.027    0.000    0.000    0.001
     0.000   -0.001    0.000    0.000    0.000    0.000    0.000    0.688
    -0.252    0.000    0.003    0.499    0.000   -0.033    0.374    0.000
     0.005   -0.001    0.000    0.002    0.002   -0.002    0.002    0.002
     0.002

 (  4)
     0.000    0.000    0.000    0.000    0.001    0.000   -0.001   -0.002
     0.000   -0.090   -0.006    0.000    0.000    0.001    0.000   -0.002
     0.001    0.000    0.001   -0.003    0.000    0.001   -0.010    0.000
     0.813   -0.204    0.000    0.137    0.141   -0.240    0.137    0.141
     0.240

 (  5)
     0.000    0.000    0.000    0.000    0.000    0.000    0.000    0.000
     0.001    0.000    0.000    0.090    0.000    0.000    0.000    0.000
     0.000    0.000    0.000    0.000    0.000    0.000    0.000    0.000
     0.000    0.000   -0.019    0.256    0.303   -0.539   -0.256   -0.303
    -0.539

 (  6)
     0.000    0.000    0.000    0.000    0.000    0.000   -0.001    0.007
     0.000   -0.002   -0.065    0.000    0.000    0.000    0.000    0.000
     0.000    0.000    0.001   -0.001    0.000    0.001   -0.003    0.000
    -0.438    0.124    0.000    0.236    0.289   -0.477    0.236    0.289
     0.477

 (  7)
    -0.053   -0.032    0.000    0.107    0.031    0.000   -0.172   -0.117
     0.000    0.011    0.016    0.000    0.091    0.072    0.000   -0.038
     0.058    0.000    0.084   -0.045    0.000   -0.200    0.020    0.000
    -0.020   -0.068    0.000    0.003    0.052    0.011    0.003    0.052
    -0.011

 (  8)
     0.135    0.095    0.000   -0.118   -0.077    0.000   -0.079   -0.058
     0.000    0.004    0.011    0.000    0.053    0.039    0.000    0.020
    -0.320    0.000   -0.314    0.121    0.000    0.118   -0.087    0.000
    -0.017   -0.050    0.000    0.019    0.029    0.015    0.019    0.029
    -0.015

 (  9)
    -0.012    0.021    0.000    0.130    0.020    0.000    0.006    0.061
     0.000    0.000   -0.016    0.000   -0.031   -0.028    0.000   -0.229
    -0.547    0.000   -0.485    0.012    0.000   -0.334   -0.013    0.000
     0.002   -0.024    0.000    0.033   -0.008    0.027    0.033   -0.008
    -0.027

 ( 10)
     0.000    0.000    0.000    0.000    0.000    0.001    0.000    0.000
    -0.016    0.000    0.000   -0.043    0.000    0.000    0.000    0.000
     0.000   -0.003    0.000    0.000   -0.008    0.000    0.000   -0.003
     0.000    0.000    0.679    0.438   -0.247    0.014   -0.438    0.247
     0.014

 ( 11)
     0.006    0.008    0.000    0.005   -0.002    0.000   -0.004   -0.014
     0.000    0.048   -0.022    0.000    0.011    0.007    0.000   -0.018
    -0.057    0.000   -0.022    0.011    0.000   -0.051   -0.007    0.000
     0.202    0.512    0.000   -0.468   -0.101   -0.303   -0.468   -0.101
     0.303

 ( 12)
    -0.009   -0.017    0.000   -0.007    0.034    0.000    0.035   -0.051
     0.000   -0.012    0.124    0.000    0.000    0.009    0.000   -0.020
    -0.044    0.000   -0.109   -0.023    0.000    0.039    0.045    0.000
    -0.138   -0.304    0.000    0.070   -0.447   -0.317    0.070   -0.447
     0.317

 ( 13)
     0.033    0.081    0.000    0.030   -0.120    0.000   -0.074    0.116
     0.000    0.017   -0.004    0.000   -0.006   -0.026    0.000    0.049
     0.115    0.000    0.396    0.106    0.000   -0.397   -0.177    0.000
    -0.026   -0.195    0.000   -0.004   -0.156   -0.094   -0.004   -0.156
     0.094

 ( 14)
     0.022    0.050    0.000   -0.034    0.001    0.000    0.116   -0.138
     0.000   -0.041    0.043    0.000   -0.021    0.009    0.000    0.014
     0.035    0.000    0.129    0.063    0.000   -0.653   -0.046    0.000
    -0.019    0.178    0.000    0.055    0.076    0.057    0.055    0.076
    -0.057

 ( 15)
     0.000    0.000    0.007    0.000    0.000   -0.024    0.000    0.000
     0.101    0.000    0.000   -0.126    0.000    0.000   -0.010    0.000
     0.000    0.000    0.000    0.000   -0.022    0.000    0.000    0.054
     0.000    0.000    0.306   -0.004    0.513    0.157    0.004   -0.513
     0.157

 ( 16)
    -0.077    0.065    0.000    0.035   -0.054    0.000    0.024   -0.031
     0.000   -0.060    0.021    0.000    0.010    0.017    0.000   -0.282
    -0.453    0.000    0.479    0.087    0.000    0.351   -0.033    0.000
    -0.007    0.261    0.000    0.109   -0.067    0.033    0.109   -0.067
    -0.033

 ( 17)
     0.032   -0.026    0.000    0.010   -0.006    0.000   -0.031    0.044
     0.000   -0.102   -0.051    0.000    0.039    0.022    0.000    0.127
     0.213    0.000   -0.201   -0.037    0.000   -0.062   -0.013    0.000
     0.043    0.549    0.000    0.282   -0.293    0.061    0.282   -0.293
    -0.061

 ( 18)
     0.000    0.000    0.004    0.000    0.000    0.074    0.000    0.000
     0.002    0.000    0.000   -0.007    0.000    0.000    0.003    0.000
     0.000    0.299    0.000    0.000   -0.504    0.000    0.000   -0.761
     0.000    0.000    0.009   -0.001    0.031    0.011    0.001   -0.031
     0.011

 ( 19)
     0.000    0.000   -0.144    0.000    0.000    0.053    0.000    0.000
    -0.002    0.000    0.000   -0.005    0.000    0.000    0.001    0.000
     0.000    0.621    0.000    0.000    0.562    0.000    0.000   -0.073
     0.000    0.000    0.026   -0.002    0.027    0.008    0.002   -0.027
     0.008

 ( 20)
    -0.051    0.008    0.000   -0.105    0.089    0.000    0.039    0.032
     0.000    0.033   -0.165    0.000    0.072    0.066    0.000   -0.133
    -0.186    0.000    0.141    0.018    0.000   -0.203    0.083    0.000
     0.030   -0.210    0.000    0.012   -0.159    0.002    0.012   -0.159
    -0.002

 ( 21)
     0.000    0.000   -0.014    0.000    0.000    0.144    0.000    0.000
    -0.146    0.000    0.000   -0.011    0.000    0.000    0.032    0.000
     0.000   -0.508    0.000    0.000    0.296    0.000    0.000   -0.214
     0.000    0.000    0.107   -0.031    0.167    0.064    0.031   -0.167
     0.064

 ( 22)
    -0.012   -0.018    0.000   -0.089    0.088    0.000   -0.072    0.028
     0.000    0.069    0.086    0.000    0.058   -0.150    0.000   -0.070
    -0.158    0.000    0.134   -0.010    0.000   -0.135    0.082    0.000
     0.099    0.218    0.000    0.143    0.030    0.004    0.143    0.030
    -0.004

 ( 23)
    -0.139   -0.016    0.000   -0.040   -0.121    0.000    0.067    0.053
     0.000   -0.014    0.065    0.000    0.131    0.004    0.000   -0.084
     0.123    0.000   -0.288   -0.025    0.000   -0.075   -0.122    0.000
    -0.032   -0.012    0.000   -0.055    0.100   -0.003   -0.055    0.100
     0.003

 ( 24)
     0.000    0.000   -0.035    0.000    0.000    0.048    0.000    0.000
     0.186    0.000    0.000   -0.031    0.000    0.000   -0.077    0.000
     0.000   -0.407    0.000    0.000    0.280    0.000    0.000   -0.307
     0.000    0.000   -0.133    0.036   -0.165   -0.102   -0.036    0.165
    -0.102

 ( 25)
     0.102   -0.114    0.000   -0.002    0.030    0.000    0.011    0.062
     0.000   -0.158    0.038    0.000    0.062    0.004    0.000    0.045
    -0.250    0.000    0.224   -0.104    0.000   -0.089    0.017    0.000
    -0.186   -0.088    0.000   -0.208    0.089    0.002   -0.208    0.089
    -0.002

 ( 26)
     0.000    0.000   -0.069    0.000    0.000    0.045    0.000    0.000
     0.007    0.000    0.000    0.023    0.000    0.000   -0.006    0.000
     0.000   -0.049    0.000    0.000   -0.175    0.000    0.000    0.151
     0.000    0.000   -0.503    0.447    0.095    0.298   -0.447   -0.095
     0.298

 ( 27)
     0.000    0.000    0.094    0.000    0.000   -0.143    0.000    0.000
    -0.019    0.000    0.000   -0.051    0.000    0.000    0.101    0.000
     0.000    0.006    0.000    0.000    0.390    0.000    0.000   -0.406
     0.000    0.000   -0.257    0.172    0.010    0.041   -0.172   -0.010
     0.041

 ( 28)
    -0.007    0.004   -0.026   -0.006    0.002    0.029   -0.007    0.000
    -0.066   -0.009    0.000   -0.230   -0.006   -0.001   -0.011   -0.007
     0.005    0.046   -0.009    0.003   -0.144   -0.005    0.002    0.148
    -0.009   -0.001   -0.282    0.014   -0.094   -0.267   -0.033    0.096
    -0.267

 ( 29)
     0.033   -0.031   -0.111    0.055   -0.061   -0.074    0.040   -0.099
    -0.018   -0.001   -0.105   -0.003    0.061   -0.125    0.015    0.045
    -0.003   -0.152    0.003   -0.033   -0.104    0.085   -0.057   -0.083
    -0.007   -0.135    0.040   -0.048   -0.089   -0.018    0.020   -0.097
    -0.018

 ( 30)
    -0.005   -0.172    0.084   -0.043   -0.121    0.067   -0.017   -0.054
     0.024    0.055   -0.043   -0.004   -0.053   -0.008    0.010   -0.026
    -0.220    0.116    0.047   -0.168    0.066   -0.095   -0.127    0.086
     0.066    0.009   -0.035    0.100   -0.077    0.001    0.054   -0.051
     0.001

 ( 31)
     0.110   -0.017    0.003    0.093    0.006    0.031    0.105    0.036
     0.024    0.137    0.041   -0.014    0.089    0.056    0.050    0.101
    -0.039    0.009    0.134   -0.015   -0.025    0.070    0.003    0.059
     0.142    0.064   -0.014    0.142    0.007   -0.029    0.152    0.055
    -0.029

 ( 32)
    -0.011   -0.077   -0.154   -0.049   -0.025   -0.117   -0.023    0.042
    -0.038    0.049    0.053    0.003   -0.059    0.088   -0.007   -0.032
    -0.126   -0.212    0.042   -0.073   -0.128   -0.102   -0.031   -0.145
     0.060    0.105    0.060    0.028    0.050   -0.010    0.116    0.014
    -0.010

 ( 33)
     0.030   -0.012    0.062    0.027   -0.008   -0.057    0.029   -0.003
    -0.096    0.035   -0.002   -0.002    0.026    0.001   -0.205    0.028
    -0.016    0.088    0.034   -0.012    0.137    0.022   -0.009   -0.128
     0.036    0.003   -0.047    0.088    0.062    0.057   -0.015   -0.068
     0.057


                VIBRATIONAL AMPLITUDE AND CENTRIFUGAL DISTORTION
                 CONTRIBUTIONS TO THE BOND LENGTH AT   298.16 K

                 Note: Excludes contributions from frequencies
                       lower than 40 (1/cm).

                R(e)   = r(mm4) - 1.5 * anh * <Z**2>(298.16)
                R(z)   = R(e) + 1.5 * anh * <Z**2>(0) - <K>(0))
                R(s)   = [R(e) + R(z)] / 2
                R(alp) = R(e) + 1.5 * anh * <Z**2>(T) - <K>(T) - <C>(T)
                R(g)   = R(e) + 1.5 * anh * <Z**2>(T)
                R(a)   = [R(g) + sqrt(R(g)**2-4*<Z**2>(T))] / 2

                       anh = anharmonicity (2.00)
                    <Z**2> = mean-square vibrational amplitude
                       <K> = perpendicular vibrational amplitude
                       <C> = centrifugal correction

        BOND          R(g)      R(z)      R(e)     R(alp)     R(s)      R(a)
    2( C)-  1( C)    1.3385    1.3317    1.3333    1.3305    1.3333    1.3372
    3( C)-  2( C)    1.5050    1.5017    1.4978    1.5010    1.4998    1.5034
    4( C)-  3( C)    1.5180    1.5154    1.5101    1.5148    1.5128    1.5163
    5( O)-  3( C)    1.2199    1.2158    1.2153    1.2150    1.2155    1.2186
    6( H)-  1( C)    1.1039    1.0884    1.0861    1.0876    1.0873    1.0985
    7( H)-  1( C)    1.1016    1.0823    1.0840    1.0810    1.0840    1.0963
    8( H)-  2( C)    1.1041    1.0861    1.0863    1.0849    1.0863    1.0987
    9( H)-  4( C)    1.1071    1.0860    1.0889    1.0845    1.0889    1.1016
   10( H)-  4( C)    1.1096    1.0886    1.0912    1.0871    1.0912    1.1040
   11( H)-  4( C)    1.1096    1.0886    1.0912    1.0871    1.0912    1.1040


                  Non-Bonded Atom Pair Distance Table
        (Distance greater than 82% of VDW distance are not printed)

        PAIR        Dist(g)   Dist(z)
    4( C),  1( C)    2.9908    2.9867       1,4
    7( H),  3( C)    2.7476    2.7270       1,4
    7( H),  4( C)    2.6425    2.6338          
    8( H),  5( O)    2.6364    2.6261       1,4
    8( H),  6( H)    2.4411    2.4237       1,4
    9( H),  5( O)    2.5103    2.5101       1,4
   10( H),  2( C)    2.9284    2.9183       1,4
   10( H),  7( H)    2.4489    2.4440          
   11( H),  2( C)    2.9284    2.9183       1,4
   11( H),  7( H)    2.4489    2.4440          


         THE MOMENTS OF INERTIA CALCULATED FROM R(g), R(z) VALUES
                  (also from R(e), R(alpha), R(s) VALUES)

         Note: (1) All calculations are based on principle isotopes.
               (2) R(z) values include harmonic vibration (Coriolis)
                   contribution indicated in parentheses.


   (1)  UNIT = 10**(-39) GM*CM**2

                    IX                   IY                   IZ

   R(e)         9.3321              19.4377              28.2439
   R(z)         9.3576(-0.0195)     19.5583(-0.0150)     28.4300(-0.0008)

   (2)  UNIT = AU A**2

                    IX                   IY                   IZ

   R(e)        56.2055             117.0694             170.1076
   R(z)        56.3590(-0.1174)    117.7957(-0.0904)    171.2282(-0.0049)


 ==============================================================================
                      STATISTICAL THERMODYNAMICS ANALYSIS
 ==============================================================================

  Structure name    : but-1-ene-3-one-trans                                       
  Temperature       :   298.16 K
  Symmetry number   :   1
  Optical isomers   :   1
  Zero Point Energy :   54.082 Kcal/mol


                     ENERGY** ENTHALPY**  ENTROPY  FREE ENERGY** HEAT CAPACITY**
                  (Kcal/mol) (Kcal/mol)     (eu)   (Kcal/mol)    (cal/mol/deg)
  Translational       0.889      0.889     38.660    -10.638         2.981
     Rotational       0.889      0.889     25.478     -6.708         2.981
    Vibrational*     56.071%    56.071%    11.911     52.519%       14.175
         PV(RT)       0.000      0.593      0.000      0.593         1.987
      Potential      -1.484#    -1.484#     0.000     -1.484#        0.000
         Mixing       0.000      0.000      0.000      0.000         0.000
          Total*     56.364     56.957     76.050     34.282        22.124

  Enthalpy Function (H-Ho)/T     =   14.62 cal/mol/deg
  Free Energy Function -(G-Ho)/T =   61.43 cal/mol/deg

  % Includes zero point energy (ZPE).
  * Excludes contribution from frequencies lower than 10 (1/cm).
  # Includes steric energy (SE).
    Internal rotation contributions are not considered
 ** These quantities are relative to the R(e) values (
    bottom of potential well) and do NOT include bonding

  This structure has   0 imaginary frequencies,
                       0 free internal rotation (fir) frequencies
                         (>= 0,< 10 /cm),
                       0 restricted internal rotation (rir) frequencies
                         (>= 10,< 40 /cm),
                       6 zero frequencies, and
                      27 real frequencies.


      FINAL STERIC ENERGY IS               -1.4840 KCAL/MOL.
        (WITHOUT ELECTRONIC ENERGY CORR.)


                  COMPRESSION               0.0662
                  STRETCH-STRETCH           0.0010
                  BENDING                   0.9564
                  BEND-BEND                 0.0022
                  STRETCH-BEND              0.0488
                  VANDERWAALS
                    1,4 ENERGY              0.3467
                    OTHER                   0.2640
                  H-BONDING                 0.0000
                  PI-COMPLX                 0.0000
                  TORSIONAL                 0.2217
                  TORSION-STRETCH          -0.1384
                  TORSION-BEND             -0.3262
                  BEND-TORSION-BEND        -0.0013
                  TORSION-IMPT              0.0000
                  IMPT-TORSION-IMPT         0.0000
                  TORSION-TORSION           0.0000
                  DIPOLE-DIPOLE            -2.2593
                  CHARGE-DIPOLE             0.0000
                  IND-DIP CORR.            -0.6659
                  CHARGE-CHARGE             0.0000


      FINAL ENERGY IS                    -356.1699 KCAL/MOL.
        (WITH ELECTRONIC ENERGY CORR.)

                  STERIC                   -1.4840
                  SIGMA-STRETCH            -0.0622
                  ELECTRONIC             -354.6237


      MOLECULAR POLARIZABILITIES (A**3)

        ALPHA(1)   =       9.42
        ALPHA(2)   =       8.06
        ALPHA(3)   =       5.88
        AVG. ALPHA =       7.78


      DIPOLE MOMENT =          2.8060 D

        PI-DIPOLE MOMENT    =  0.9826 (X = -0.8289    Y = -0.5278    Z =  0.0000)
        SIGMA-DIPOLE MOMENT =  3.7874 (X =  3.2801    Y =  1.8934    Z =  0.0000)


      DIPOLE MOMENT =          3.2482 D (INCLUDES INDUCED BOND MOMENTS)

        PI-DIPOLE MOMENT    =  0.9826 (X = -0.8289    Y = -0.5278    Z =  0.0000)
        SIGMA-DIPOLE MOMENT =  4.2278 (X =  3.7139    Y =  2.0201    Z =  0.0000)


      OTHER MOLECULAR PROPERTIES:

        Molar Polarizability:    21.3890 cm**3/mole
        Molar Refraction:        19.6272 cm**3/mole
        Radius of Gyration:       2.2297 A
        Molecular VDW Surface:  142.1255 A**2
        Molecular VDW Volume:   119.9883 A**3
        Dispersion Energy:       -4.6384 Kcal/mole
        Density (gas):          0.002863 g/cm**3 (@  298.2 K, 1 atm)
        Density (cdn):            0.8290 g/cm**3 (@STP Estd.)
        Ref. Index (gas):       1.001204 (@  298.2 K, 1 atm)
        Ref. Index (cdn):         1.3815 (@STP Estd.)
        Diel. Constant (gas):     1.0433 (@  298.2 K, 1 atm)
        Diel. Constant (cdn):    96.5083 (@STP Estd.)



      TOTAL ATOMIC CHARGE ON EACH ATOM (in ELECTRON CHARGE)

           C(    1):          0.032
           C(    2):          0.141
           C(    3):          0.111
           C(    4):          0.104
           O(    5):         -0.420
           H(    6):          0.000
           H(    7):          0.000
           H(    8):          0.000
           H(    9):          0.012
           H(   10):          0.010
           H(   11):          0.010

      -----------------------------------------------------------------

        END OF but-1-ene-3-one-trans                                       


           TOTAL CPU TIME IS      0.07 SECONDS.

           THIS JOB COMPLETED AT    14:40:06
