 
               ---------------------------------------------
               WARNING : INCORRECT ATOM TYPES GIVEN IN INPUT
                         DATA ARE CORRECTED AS FOLLOWS
               ---------------------------------------------


             Atom type of atom    1 is replaced by   1 (was   0)
             Atom type of atom    2 is replaced by   1 (was   0)
             Atom type of atom    3 is replaced by   8 (was   0)
             Atom type of atom    4 is replaced by   8 (was   0)
             Atom type of atom    5 is replaced by   5 (was   0)
             Atom type of atom    6 is replaced by   5 (was   0)
             Atom type of atom    7 is replaced by   5 (was   0)
             Atom type of atom    8 is replaced by   5 (was   0)
             Atom type of atom    9 is replaced by  23 (was   0)
             Atom type of atom   10 is replaced by  23 (was   0)
             Atom type of atom   11 is replaced by  23 (was   0)
             Atom type of atom   12 is replaced by  23 (was   0)
 
     ethylenediamine-g+g+g+                                      

               CHEMICAL FORMULA :  C(    2)  H(    8)  N(    2) 
               FORMULA WEIGHT   :     60.070
                                                               DATE 29-MAY-23
                                                               TIME  20:36:47


          THE COORDINATES OF    12 ATOMS ARE READ IN.
          SOME CONSTANTS WILL BE READ IN.

      CONFORMATIONAL ENERGY, PART 1:  GEOMETRY AND STERIC ENERGY
                                      OF INITIAL CONFORMATION.


      CONNECTED ATOMS
          1-    2-    4-
          1-    3-

      ATTACHED ATOMS
          1-    5,    1-    6,    2-    7,    2-    8,    3-    9,    3-   10,
          4-   11,    4-   12,

      INITIAL ATOMIC COORDINATES
           ATOM          X           Y           Z      TYPE
         C(    1)    -0.74281     1.00432    -0.27756   (  1)
         C(    2)     0.70293     1.00428     0.27753   (  1)
         N(    3)    -1.55480    -0.11894     0.23647   (  8)
         N(    4)     1.51492    -0.11899    -0.23649   (  8)
         H(    5)    -1.22097     1.93962     0.02727   (  5)
         H(    6)    -0.71608     0.98337    -1.37150   (  5)
         H(    7)     1.18078     1.93972    -0.02728   (  5)
         H(    8)     0.67597     0.98358     1.37158   (  5)
         H(    9)    -2.52265     0.00605    -0.07689   ( 23)
         H(   10)    -1.22974    -0.99474    -0.18393   ( 23)
         H(   11)     2.48266     0.00637     0.07688   ( 23)
         H(   12)     1.18979    -0.99463     0.18419   ( 23)

        %=%=%=%=%=%=%=%=%=%=%=%=%=%=%=%=%=%=%=%=%=%=%=%=%=%=%=

        MM4(08)-v010108: (Const:V010108-00)

        The Parameters Used in This Calculation Can be Found
        in the Publication(s) Listed in the PART 3

        %=%=%=%=%=%=%=%=%=%=%=%=%=%=%=%=%=%=%=%=%=%=%=%=%=%=%=


          DIELECTRIC CONSTANT =  1.500


      INITIAL STERIC ENERGY IS             -0.4639 KCAL/MOL.

                  COMPRESSION               1.0749
                  STRETCH-STRETCH          -0.0179
                  BENDING                   3.4302
                  BEND-BEND                -0.1800
                  STRETCH-BEND              0.3077
                  VANDERWAALS
                    1,4 ENERGY              2.7036
                    OTHER                  -0.0255
                  H-BONDING                -0.3467
                  PI-COMPLX                 0.0000
                  TORSIONAL                 1.6477
                  TORSION-STRETCH          -0.5239
                  TORSION-BEND             -7.5581
                  BEND-TORSION-BEND        -0.0622
                  TORSION-IMPT              0.0000
                  IMPT-TORSION-IMPT         0.0000
                  TORSION-TORSION           0.0000
                  DIPOLE-DIPOLE            -0.1637
                  CHARGE-DIPOLE             0.0000
                  IND_DIP CORR.            -0.7499
                  CHARGE-CHARGE             0.0000


      MOMENT OF INERTIA ( R(g) ) WITH THE PRINCIPAL AXES

          (1)  UNIT = 10**(-39) GM*CM**2
               IX=    5.5142    IY=   17.4782    IZ=   20.5977

          (2)  UNIT = AU A**2
               IX=   33.2120    IY=  105.2710    IZ=  124.0599


      MOLECULAR POLARIZABILITIES (A**3)

        ALPHA(1)   =       8.96
        ALPHA(2)   =       8.80
        ALPHA(3)   =       7.51
        AVG. ALPHA =       8.43


      DIPOLE MOMENT =          0.9764 D

        SIGMA-DIPOLE MOMENT =  0.9764 (X =  0.0002    Y =  0.9764    Z = -0.0004)


      DIPOLE MOMENT =          0.9837 D (INCLUDES INDUCED BOND MOMENTS)

        SIGMA-DIPOLE MOMENT =  0.9837 (X =  0.0002    Y =  0.9837    Z = -0.0003)


      OTHER MOLECULAR PROPERTIES:

        Molar Polarizability:    21.3411 cm**3/mole
        Molar Refraction:        21.2458 cm**3/mole
        Radius of Gyration:       2.0918 A
        Molecular VDW Surface:  127.1035 A**2
        Molecular VDW Volume:   101.8797 A**3
        Dispersion Energy:       -5.6503 Kcal/mole
        Density (gas):          0.002454 g/cm**3 (@  298.2 K, 1 atm)
        Density (cdn):            0.8535 g/cm**3 (@STP Estd.)
        Ref. Index (gas):       1.001304 (@  298.2 K, 1 atm)
        Ref. Index (cdn):         1.5164 (@STP Estd.)
        Diel. Constant (gas):     1.0048 (@  298.2 K, 1 atm)
        Diel. Constant (cdn):     8.9620 (@STP Estd.)



      CPU TIME FOR INITIAL CALCULATION IS     0.04 SECONDS.
 


     ethylenediamine-g+g+g+                                      


     CONFORMATIONAL ENERGY, PART 2: GEOMETRY MINIMIZATION

               GEOMETRY OPTIMIZATION IS CONTINUED UNTIL ATOM
               MOVEMENT CONVERGES WITHIN FOLLOWING VALUES:

                         AVERAGE MOVEMENT  0.00010 A
                         MAXIMUM MOVEMENT  0.00104 A



     <<<<<<<<<<<<<<<<<<<<<<<<<<  C Y C L E   1 >>>>>>>>>>>>>>>>>>>>>>>>>>

                              (CH)-MOVEMENT = 0

     ITER    1  AVG. MOVE = 0.01646 A  (MAX MOVE: ATOM     6   0.08439 A)
     ITER    2  AVG. MOVE = 0.00502 A  (MAX MOVE: ATOM    10   0.02860 A)
     ITER    3  AVG. MOVE = 0.00277 A  (MAX MOVE: ATOM    10   0.01981 A)
     ITER    4  AVG. MOVE = 0.00220 A  (MAX MOVE: ATOM    10   0.01522 A)
     ITER    5  AVG. MOVE = 0.00185 A  (MAX MOVE: ATOM     9   0.01226 A)
     ITER    6  AVG. MOVE = 0.00153 A  (MAX MOVE: ATOM     9   0.01007 A)
     ITER    7  AVG. MOVE = 0.00125 A  (MAX MOVE: ATOM     9   0.00825 A)
     ITER    8  AVG. MOVE = 0.00104 A  (MAX MOVE: ATOM     9   0.00676 A)
     ITER    9  AVG. MOVE = 0.00086 A  (MAX MOVE: ATOM     9   0.00557 A)
     ITER   10  AVG. MOVE = 0.00072 A  (MAX MOVE: ATOM     9   0.00460 A)
     ITER   11  AVG. MOVE = 0.00061 A  (MAX MOVE: ATOM    11   0.00385 A)
     ITER   12  AVG. MOVE = 0.00052 A  (MAX MOVE: ATOM    11   0.00323 A)
     ITER   13  AVG. MOVE = 0.00045 A  (MAX MOVE: ATOM    11   0.00273 A)
     ITER   14  AVG. MOVE = 0.00039 A  (MAX MOVE: ATOM    11   0.00232 A)
     ITER   15  AVG. MOVE = 0.00037 A  (MAX MOVE: ATOM    11   0.00197 A)
     ITER   16  AVG. MOVE = 0.00034 A  (MAX MOVE: ATOM    11   0.00169 A)
     ITER   17  AVG. MOVE = 0.00032 A  (MAX MOVE: ATOM    12   0.00166 A)
     ITER   18  AVG. MOVE = 0.00031 A  (MAX MOVE: ATOM    12   0.00163 A)
     ITER   19  AVG. MOVE = 0.00029 A  (MAX MOVE: ATOM    12   0.00160 A)
     ITER   20  AVG. MOVE = 0.00028 A  (MAX MOVE: ATOM    12   0.00157 A)
     ITER   21  AVG. MOVE = 0.00028 A  (MAX MOVE: ATOM    12   0.00153 A)
     ITER   22  AVG. MOVE = 0.00027 A  (MAX MOVE: ATOM    12   0.00149 A)
     ITER   23  AVG. MOVE = 0.00026 A  (MAX MOVE: ATOM    12   0.00145 A)
     ITER   24  AVG. MOVE = 0.00025 A  (MAX MOVE: ATOM    12   0.00141 A)
     ITER   25  AVG. MOVE = 0.00024 A  (MAX MOVE: ATOM    12   0.00137 A)
     ITER   26  AVG. MOVE = 0.00024 A  (MAX MOVE: ATOM    12   0.00133 A)
     ITER   27  AVG. MOVE = 0.00023 A  (MAX MOVE: ATOM    12   0.00129 A)
     ITER   28  AVG. MOVE = 0.00022 A  (MAX MOVE: ATOM    12   0.00125 A)
     ITER   29  AVG. MOVE = 0.00022 A  (MAX MOVE: ATOM    12   0.00121 A)
     ITER   30  AVG. MOVE = 0.00021 A  (MAX MOVE: ATOM    12   0.00118 A)
     ITER   31  AVG. MOVE = 0.00020 A  (MAX MOVE: ATOM    12   0.00114 A)
     ITER   32  AVG. MOVE = 0.00020 A  (MAX MOVE: ATOM    12   0.00110 A)
     ITER   33  AVG. MOVE = 0.00019 A  (MAX MOVE: ATOM    12   0.00106 A)
     ITER   34  AVG. MOVE = 0.00018 A  (MAX MOVE: ATOM    12   0.00103 A)
     ITER   35  AVG. MOVE = 0.00018 A  (MAX MOVE: ATOM    12   0.00099 A)
     ITER   36  AVG. MOVE = 0.00017 A  (MAX MOVE: ATOM    12   0.00096 A)
     ITER   37  AVG. MOVE = 0.00017 A  (MAX MOVE: ATOM    12   0.00093 A)
     ITER   38  AVG. MOVE = 0.00016 A  (MAX MOVE: ATOM    12   0.00090 A)
     ITER   39  AVG. MOVE = 0.00016 A  (MAX MOVE: ATOM    12   0.00087 A)
     ITER   40  AVG. MOVE = 0.00015 A  (MAX MOVE: ATOM    12   0.00084 A)
     ITER   41  AVG. MOVE = 0.00014 A  (MAX MOVE: ATOM    12   0.00081 A)
     ITER   42  AVG. MOVE = 0.00014 A  (MAX MOVE: ATOM    12   0.00078 A)
     ITER   43  AVG. MOVE = 0.00014 A  (MAX MOVE: ATOM    12   0.00075 A)
     ITER   44  AVG. MOVE = 0.00013 A  (MAX MOVE: ATOM    12   0.00073 A)
     ITER   45  AVG. MOVE = 0.00013 A  (MAX MOVE: ATOM    12   0.00070 A)
     ITER   46  AVG. MOVE = 0.00012 A  (MAX MOVE: ATOM    12   0.00068 A)
     ITER   47  AVG. MOVE = 0.00012 A  (MAX MOVE: ATOM    12   0.00065 A)
     ITER   48  AVG. MOVE = 0.00011 A  (MAX MOVE: ATOM    12   0.00063 A)
     ITER   49  AVG. MOVE = 0.00011 A  (MAX MOVE: ATOM    12   0.00061 A)
     ITER   50  AVG. MOVE = 0.00011 A  (MAX MOVE: ATOM    12   0.00059 A)
     ITER   51  AVG. MOVE = 0.00010 A  (MAX MOVE: ATOM    12   0.00057 A)


              * * * * * * * * * GEOMETRY IS OPTIMIZED * * * * * * * * *

               WITHIN : AVERAGE MOVEMENT  0.00010 A (LIMIT  0.00010 A)
                        MAXIMUM MOVEMENT  0.00057 A (LIMIT  0.00104 A)

               GRADIENT
                 RMS GRADIENT                  0.035245 KCAL/MOL/A

                 MAX GRADIENT
                   X-DIRECTION : ATOM #    3   0.086402 KCAL/MOL/A
                   Y-DIRECTION : ATOM #    2   0.070942 KCAL/MOL/A
                   Z-DIRECTION : ATOM #    4   0.034267 KCAL/MOL/A

        DELTA TIME =    0.00 SEC.       TOTAL CPU TIME =      0.05 SEC.


                            =====================
                            FULL-MATRIX OPTIMIZER
                            =====================


     iter.  rms force   max force   avg. move    max move  atom  convg  d-time

        0    0.057536    0.154294   0.00201 A   0.01006 A   10    [N]     0.0s
        1    0.010187    0.025647   0.00001 A   0.00007 A   10    [N]     0.0s
        2    0.000042    0.000148                                 [Y]     0.0s


      TOTAL ENERGY IS     -2.8935 KCAL/MOL.

        COMPRESS    0.8704      VDW 1,4    2.3715      DIPL-DIPL   -0.0778
        STR-STR    -0.0063        OTHER    0.1277      CHRG-DIPL    0.0000
        BENDING     5.3001      TORSION    1.3807      CHRG-CHRG    0.0000
        BEND-BEND  -0.2232      TOR-STR   -1.4564      EPR          0.0000
        STR-BEND    0.2892      TOR-BEND -10.1482      TOR-BENBEN  -0.1494
        TOR-IMPT    0.0000      TOR-IPIP   0.0000      TORS-TORS    0.0000
        IND-DIP    -0.8228      H-BOND    -0.3489      PI-COMPLX    0.0000
0     DELTA(T) =     0.0 SEC.          ELAPSED TIME =     0.1 SEC.


    * * * ENERGY IS STATIONARY WITHIN RMS OF FORCES   0.00010  Kcal/mol/A * * *

                 * * * *  RMS FORCE IS   0.00004 Kcal/mol/A * * * *

 
     ethylenediamine-g+g+g+                                      


     %=%=%=%=%=%=%=%=%=%=%=%=%=%=%=%=%=%=%=%=%=%=%=%=%=%=%=%=%=%=%=%=%=%=%=

     The Parameters Used in This Calculation Can be Found in the Following
     Publication(s):

     The MM4 Program is Developed by Dr. N. L. Allinger and co-workers at  
     the University of Georgia, Athens, Georgia 30602-2556 USA.            
     (c) Copyright 2003 by N. L. Allinger. All rights reserved.            
                                                                           
     MM4 General Description and Alkanes:                                  
      Allinger,N.L.; Chen,K.; Lii,J.-H. J. Comput. Chem. 1996, 17, 642.    
     Amines:                                                               
      Chen,K.-H.; Lii,J.-H.; Fan,Y.; Allinger,N.L., J. Comput. Chem.       
      2007, 28, 2391.                                                      

     %=%=%=%=%=%=%=%=%=%=%=%=%=%=%=%=%=%=%=%=%=%=%=%=%=%=%=%=%=%=%=%=%=%=%=

               CHEMICAL FORMULA :  C(    2)  H(    8)  N(    2) 
               FORMULA WEIGHT   :     60.070
                                                               DATE : 29-MAY-23

           * M M 4 * * * * * * * * * * * 2 0 0 8 *
           *                                     *   PARAMETER RELIABILITY
           *                                     *
           *                                     *   BLANK = GOOD
           *                                     *       B = FAIR
           *                                     *       C = TRIAL
           *                                     *       R = READ IN
           *                                     *       S = SUBSTITUTED
           *                                     *       U = PARAMETER NOT EXIST
           *                                     *
           *                                     *   THIS IS SHOWN AT THE END 
           *                                     *   OF THE LINE.
           * * * * * * * * * * * * * * * * * * * * 


      CONFORMATIONAL ENERGY, PART 3:  GEOMETRY AND STERIC ENERGY
                                      OF FINAL CONFORMATION.

      CONNECTED ATOMS
          1-    2-    4-
          1-    3-

      ATTACHED ATOMS
          1-    5,    1-    6,    2-    7,    2-    8,    3-    9,    3-   10,
          4-   11,    4-   12,

      FINAL ATOMIC COORDINATE
           ATOM          X           Y           Z      TYPE
         C(    1)     0.69900    -0.59535    -0.30608   (  1)
         C(    2)    -0.69900    -0.59535     0.30608   (  1)
         N(    3)     1.50510     0.53217     0.19460   (  8)
         N(    4)    -1.50510     0.53217    -0.19460   (  8)
         H(    5)     1.20129    -1.54257    -0.01146   (  5)
         H(    6)     0.60655    -0.65825    -1.42260   (  5)
         H(    7)    -1.20129    -1.54257     0.01146   (  5)
         H(    8)    -0.60655    -0.65825     1.42260   (  5)
         H(    9)     2.46720     0.47605    -0.18343   ( 23)
         H(   10)     1.12775     1.42377    -0.16970   ( 23)
         H(   11)    -2.46720     0.47605     0.18343   ( 23)
         H(   12)    -1.12775     1.42377     0.16970   ( 23)


          DIELECTRIC CONSTANT =  1.500


      BOND LENGTHS AND STRETCHING ENERGY   (   11 BONDS)

        ENERGY = 71.94(KS)(DR)(DR)(1-(CS)(DR)+(7/12)((CS)(DR))**2)-
                       (1/4)((CS)(DR))**3)+(31/360)((CS)(DR))**4))
                         DR =  R-RO
                         CS =  3.000 FOR X-Y BONDS
                            =  2.200 FOR X-H BONDS
                                                            R(0)-CORR        CORR
             BOND          R(g)    R(0)    K(S)  ENERGY   E-NEG  MISCEL       KS
      C(    1)- C(    2)  1.5261  1.4954  4.550  0.2823 -0.0316                    
      C(    1)- N(    3)  1.4737  1.4666  5.200  0.0184  0.0081                    
      C(    1)- H(    5)  1.1119  1.0978  5.094  0.0703 -0.0142             0.424  
      C(    1)- H(    6)  1.1221  1.0978  5.094  0.2046 -0.0142             0.424  
      C(    2)- N(    4)  1.4737  1.4666  5.200  0.0184  0.0081                    
      C(    2)- H(    7)  1.1119  1.0978  5.094  0.0703 -0.0142             0.424  
      C(    2)- H(    8)  1.1221  1.0978  5.094  0.2046 -0.0142             0.424  
      N(    3)- H(    9)  1.0352  1.0340  6.410  0.0007                            
      N(    3)- H(   10)  1.0344  1.0340  6.410  0.0001                            
      N(    4)- H(   11)  1.0352  1.0340  6.410  0.0007                            
      N(    4)- H(   12)  1.0344  1.0340  6.410  0.0001                            


      NON-BONDED DISTANCES, VDW AND EPR ENERGY   (    37 PAIRS)

              E(VDW) = KV*(1.84(10**5)EXP(-12.00/P) - 2.25(P**6))
              E(EPR) = C*KV*(1.84(10**5)EXP(-12.00/Q) - 2.25(Q**6))
              E(HBD) = EP1-EP2*F(THET1,THET2)*RTH/RTH0
                            EP1 = KHB*2.76(10**5)*EXP(-12.0/P)
                            EP2 = KHB*2.25(P**6)
                              F = FAC*(1+COS(THET1)^N*(1+COS(THET2))^N

            IF P > 3.020, THEN,
              E(VDW) = KV(192.270)(P**2)
              E(HBD) = EP1-EP2*F(THET1,THET2)*RTH/RTH0
                            EP1 = KHB*569.14*P**2
                            EP2 = KHB*187.16*P**2

                       RV = RVDW(I) + RVDW(K)
                       KV = SQRT(EPS(I)*EPS(K))
                      KHB = HYDROGEN BOND ENERGY PARAMETER
                        P = (RV/R) OR (RV/R#)
                        C = SCALE FACTOR
                        Q = RV/R, WHERE R IS MODIFIED DISTANCE
                        N = 1 WHEN Y IS NITROGEN, AND 2 FOR OTHERS
                      FAC = 1/4 WHEN N=1, AND 1/16 WHEN N=2
                    THET1 = ANGLE H-X-Y IN HYDROGEN BOND X-H...Y
                    THET2 = ANGLE X-Y-LP IN HYDROGEN BOND X...Y-LP
                      RTH = BOND LENGTH X-H IN X-H...Y
                     RTH0 = NATURAL BOND LENGTH X-H

          # IN THE VDW CALCULATIONS THE HYDROGEN ATOMS ARE RELOCATED
          SO THAT THE ATTACHED HYDROGEN DISTANCE IS REDUCED BY 0.940

          # IN THE VDW CALCULATIONS THE DEUTERIUM ATOMS ARE RELOCATED
          SO THAT THE ATTACHED DEUTERIUM DISTANCE IS REDUCED BY  0.940

           ATOM PAIR          R       R#       RV      KV       ENERGY
      C(    1), N(    4)   2.4783
      C(    1), H(    7)   2.1469
      C(    1), H(    8)   2.1672
      C(    1), H(    9)   2.0711
      C(    1), H(   10)   2.0686
      C(    1), H(   11)   3.3782   3.3220   3.560   0.0258    -0.0229  1,4    
      C(    1), H(   12)   2.7641   2.7368   3.560   0.0258     0.1866  1,4    
      C(    2), N(    3)   2.4783
      C(    2), H(    5)   2.1469
      C(    2), H(    6)   2.1672
      C(    2), H(    9)   3.3782   3.3220   3.560   0.0258    -0.0229  1,4    
      C(    2), H(   10)   2.7641   2.7368   3.560   0.0258     0.1866  1,4    
      C(    2), H(   11)   2.0711
      C(    2), H(   12)   2.0686
      N(    3), N(    4)   3.0353            3.720   0.0540     0.1441  1,4    
      N(    3), H(    5)   2.1070
      N(    3), H(    6)   2.2000
      N(    3), H(    7)   3.4151   3.3558   3.110   0.1100    -0.1086  1,4    
      N(    3), H(    8)   2.7174   2.6905   3.110   0.1100     0.0372  1,4    
      N(    3), H(   11)   3.9727   3.9151   2.210   1.6570    -0.0028    H    
      N(    3), H(   12)   2.7798   2.7850   2.210   1.6570    -0.1716    H    
      N(    4), H(    5)   3.4151   3.3558   3.110   0.1100    -0.1086  1,4    
      N(    4), H(    6)   2.7174   2.6905   3.110   0.1100     0.0372  1,4    
      N(    4), H(    7)   2.1070
      N(    4), H(    8)   2.2000
      N(    4), H(    9)   3.9727   3.9151   2.210   1.6570    -0.0028    H    
      N(    4), H(   10)   2.7798   2.7850   2.210   1.6570    -0.1716    H    
      H(    5), H(    6)   1.7683
      H(    5), H(    7)   2.4027   2.3430   3.280   0.0170     0.3043  1,4    
      H(    5), H(    8)   2.4712   2.4059   3.280   0.0170     0.2249  1,4    
      H(    5), H(    9)   2.3889   2.3265   3.240   0.0175     0.2957  1,4    
      H(    5), H(   10)   2.9715   2.8586   3.240   0.0175    -0.0022  1,4    
      H(    5), H(   11)   4.1917   4.0889   3.240   0.0175    -0.0089         
      H(    5), H(   12)   3.7758   3.6848   3.240   0.0175    -0.0144         
      H(    6), H(    7)   2.4712   2.4059   3.280   0.0170     0.2249  1,4    
      H(    6), H(    8)   3.0930   2.9748   3.280   0.0170    -0.0100  1,4    
      H(    6), H(    9)   2.5068   2.4380   3.240   0.0175     0.1688  1,4    
      H(    6), H(   10)   2.4852   2.4183   3.240   0.0175     0.1872  1,4    
      H(    6), H(   11)   3.6488   3.5658   3.240   0.0175    -0.0162         
      H(    6), H(   12)   3.1429   3.0767   3.240   0.0175    -0.0175         
      H(    7), H(    8)   1.7683
      H(    7), H(    9)   4.1917   4.0889   3.240   0.0175    -0.0089         
      H(    7), H(   10)   3.7758   3.6848   3.240   0.0175    -0.0144         
      H(    7), H(   11)   2.3889   2.3265   3.240   0.0175     0.2957  1,4    
      H(    7), H(   12)   2.9715   2.8586   3.240   0.0175    -0.0022  1,4    
      H(    8), H(    9)   3.6488   3.5658   3.240   0.0175    -0.0162         
      H(    8), H(   10)   3.1429   3.0767   3.240   0.0175    -0.0175         
      H(    8), H(   11)   2.5068   2.4380   3.240   0.0175     0.1688  1,4    
      H(    8), H(   12)   2.4852   2.4183   3.240   0.0175     0.1872  1,4    
      H(    9), H(   10)   1.6409
      H(    9), H(   11)   4.9480   4.8297   3.200   0.0180    -0.0034         
      H(    9), H(   12)   3.7345   3.6826   3.200   0.0180    -0.0141         
      H(   10), H(   11)   3.7345   3.6826   3.200   0.0180    -0.0141         
      H(   10), H(   12)   2.2809   2.3197   3.200   0.0180     0.2732         
      H(   11), H(   12)   1.6409


      BOND ANGLES, BENDING AND STRETCH-BEND ENERGIES   (   18 ANGLES)

          EB = 0.02191418(KB)(DT)(DT)(1+CF*DT+QF*DT**2+PF*DT**3+SF*DT**4)
                          DT = THETA-TZERO
                          CF = -1800.000E-5
                          QF =     7.200E-5
                          PF =     0.135E-5
                          SF =     0.004E-6
          ESS =  143.88(KSTST)(DR1)(DR2)
          ESB =  2.51118(KSB)(DT)(DR1+DR2)
          EBB = -0.02191418(KBB)(DT1)(DT2)
                          DR1 = R1 - R1(0)
                          DR2 = R2 - R2(0)

               A T O M S             THETA    TZERO     KB     EB    KSB   ESB   KSS   ESS
      C(    2)- C(    1)- N(    3)  111.394  106.100  1.145  0.6378 0.14 0.0704-0.10-0.0031  
      C(    2)- C(    1)- H(    5)  107.910  109.470  0.560  0.0307 0.10-0.0175              
      C(    2)- C(    1)- H(    6)  108.884  109.470  0.560  0.0043 0.10-0.0081              
      N(    3)- C(    1)- H(    5)  108.340  105.000  0.850  0.1955 0.10 0.0177              
      N(    3)- C(    1)- H(    6)  115.214  105.000  0.850  1.6035 0.10 0.0804              
      H(    5)- C(    1)- H(    6)  104.662  107.700  0.540  0.1153                          
      C(    1)- C(    2)- N(    4)  111.394  106.100  1.145  0.6378 0.14 0.0704-0.10-0.0031  
      C(    1)- C(    2)- H(    7)  107.910  109.470  0.560  0.0307 0.10-0.0175              
      C(    1)- C(    2)- H(    8)  108.884  109.470  0.560  0.0043 0.10-0.0081              
      N(    4)- C(    2)- H(    7)  108.340  105.000  0.850  0.1955 0.10 0.0177              
      N(    4)- C(    2)- H(    8)  115.214  105.000  0.850  1.6035 0.10 0.0804              
      H(    7)- C(    2)- H(    8)  104.662  107.700  0.540  0.1153                          
      C(    1)- N(    3)- H(    9)  110.048  108.600  0.780  0.0349 0.03 0.0009              
      C(    1)- N(    3)- H(   10)  109.893  108.600  0.780  0.0279 0.03 0.0007              
      H(    9)- N(    3)- H(   10)  104.901  105.000  0.489  0.0001                          
      C(    2)- N(    4)- H(   11)  110.048  108.600  0.780  0.0349 0.03 0.0009              
      C(    2)- N(    4)- H(   12)  109.893  108.600  0.780  0.0279 0.03 0.0007              
      H(   11)- N(    4)- H(   12)  104.901  105.000  0.489  0.0001                          


     DIHEDRAL ANGLES, TORSIONAL ENERGY (ET)   (    21 ANGLES)

           ET = (V1/2)(1+COS(W))+(V2/2)(1-COS(2W))+(V3/2)(1+COS(3W))+
                                 (V4/2)(1-COS(4W))+(V6/2)(1+COS(6W))
         EBTB =  0.043828*(KBTB)(DTH1)(COS(W))(DTH2)
         ETS1 = -0.5*(RC-RC0)[KTSC1*(1+COS(W))+KTSC2*(1-COS(2W))+KTSC3*(1+COS(3W))]
         ETS2 = -0.5*(RT-RT0)[KTST1*(1+COS(W))+KTST2*(1-COS(2W))+KTST3*(1+COS(3W))]
          ETB =  2.51124*(DTH)[KTB1(1+COS(W))+KTB2*(1-COS(2W))+KTB3*(1+COS(3W))]
                      RC   = CENTRAL BOND LENGTH
                      RT   = TERMINAL BOND LENGTH
                      DTH1 = THETA1 - TZERO1
                      DTH2 = THETA2 - TZERO2

           SIGN OF ANGLE A-B-C-D : WHEN LOOKING THROUGH B TOWARD C,
           IF D IS COUNTERCLOCKWISE FROM A, NEGATIVE.

                A T O M S                OMEGA    V1     V2     V3     V4     V6     E    KBTB   EBTB
    C(    1) C(    2) N(    4) H(   11)  176.2 -0.550  1.451  0.355  0.010 -0.083 -0.070 -0.060  0.020 
       TYPE-1-TS                         0.000  0.000  0.580                       0.000
       TYPE-2-TS    3.000  5.000  0.000                       0.000  0.000  0.000 -0.001
       TORS-BEND   -0.012 -0.036  0.000                       0.000  0.000  0.000 -0.005
    C(    1) C(    2) N(    4) H(   12)  -68.8 -0.550  1.451  0.355  0.010 -0.083  0.842 -0.060 -0.007 
       TYPE-1-TS                         0.000  0.000  0.580                       0.000
       TYPE-2-TS    3.000  5.000  0.000                       0.000  0.000  0.000 -0.196
       TORS-BEND   -0.012 -0.036  0.000                       0.000  0.000  0.000 -1.049
    C(    2) C(    1) N(    3) H(    9)  176.2 -0.550  1.451  0.355  0.010 -0.083 -0.070 -0.060  0.020 
       TYPE-1-TS                         0.000  0.000  0.580                       0.000
       TYPE-2-TS    3.000  5.000  0.000                       0.000  0.000  0.000 -0.001
       TORS-BEND   -0.012 -0.036  0.000                       0.000  0.000  0.000 -0.005
    C(    2) C(    1) N(    3) H(   10)  -68.8 -0.550  1.451  0.355  0.010 -0.083  0.842 -0.060 -0.007 
       TYPE-1-TS                         0.000  0.000  0.580                       0.000
       TYPE-2-TS    3.000  5.000  0.000                       0.000  0.000  0.000 -0.196
       TORS-BEND   -0.012 -0.036  0.000                       0.000  0.000  0.000 -1.049
    N(    3) C(    1) C(    2) N(    4)   69.5  2.545 -2.520  3.033  0.000  0.000 -0.309               
       TYPE-1-TS                         4.000 -5.560  2.660                       0.062
       TYPE-2-TS    0.000  5.000  0.000                       0.000  5.000  0.000 -0.062
       TORS-BEND   -0.008  0.008 -0.018                      -0.008  0.008 -0.018  0.028
    N(    3) C(    1) C(    2) H(    7) -171.7  0.000  0.000  0.455  0.000  0.000  0.021 -0.050 -0.018 
       TYPE-1-TS                         0.000  0.000  0.660                      -0.001
       TORS-BEND   -0.003 -0.003  0.000                       0.000  0.000  0.000 -0.002
    N(    3) C(    1) C(    2) H(    8)  -58.7  0.000  0.000  0.455  0.000  0.000  0.001 -0.050  0.004 
       TYPE-1-TS                         0.000  0.000  0.660                       0.000
       TORS-BEND   -0.003 -0.003  0.000                       0.000  0.000  0.000 -0.119
    N(    4) C(    2) C(    1) H(    5) -171.7  0.000  0.000  0.455  0.000  0.000  0.021 -0.050 -0.018 
       TYPE-1-TS                         0.000  0.000  0.660                      -0.001
       TORS-BEND   -0.003 -0.003  0.000                       0.000  0.000  0.000 -0.002
    N(    4) C(    2) C(    1) H(    6)  -58.7  0.000  0.000  0.455  0.000  0.000  0.001 -0.050  0.004 
       TYPE-1-TS                         0.000  0.000  0.660                       0.000
       TORS-BEND   -0.003 -0.003  0.000                       0.000  0.000  0.000 -0.119
    H(    5) C(    1) C(    2) H(    7)  -52.9  0.000  0.000  0.260  0.000  0.008  0.016 -0.090 -0.006 
       TYPE-1-TS                         0.000  0.000  0.660                      -0.001
    H(    5) C(    1) C(    2) H(    8)   60.1  0.000  0.000  0.260  0.000  0.008  0.008 -0.090 -0.002 
       TYPE-1-TS                         0.000  0.000  0.660                       0.000
    H(    5) C(    1) N(    3) H(    9)   57.7  0.000  0.000  0.163  0.000  0.005  0.006 -0.120 -0.014 
       TYPE-1-TS                         0.000  0.000  0.580                       0.000
       TYPE-2-TS    6.800  4.500  0.000                       0.000  0.000  0.000 -0.119
       TORS-BEND   -0.025 -0.019  0.000                       0.000  0.000  0.000 -0.549
    H(    5) C(    1) N(    3) H(   10)  172.7  0.000  0.000  0.163  0.000  0.005  0.010 -0.120  0.023 
       TYPE-1-TS                         0.000  0.000  0.580                       0.000
       TYPE-2-TS    6.800  4.500  0.000                       0.000  0.000  0.000 -0.001
       TORS-BEND   -0.025 -0.019  0.000                       0.000  0.000  0.000 -0.007
    H(    6) C(    1) C(    2) H(    7)   60.1  0.000  0.000  0.260  0.000  0.008  0.008 -0.090 -0.002 
       TYPE-1-TS                         0.000  0.000  0.660                       0.000
    H(    6) C(    1) C(    2) H(    8)  173.2  0.000  0.000  0.260  0.000  0.008  0.015 -0.090  0.001 
       TYPE-1-TS                         0.000  0.000  0.660                      -0.001
    H(    6) C(    1) N(    3) H(    9)  -59.1  0.000  0.000  0.163  0.000  0.005  0.005 -0.120 -0.040 
       TYPE-1-TS                         0.000  0.000  0.580                       0.000
       TYPE-2-TS    6.800  4.500  0.000                       0.000  0.000  0.000 -0.205
       TORS-BEND   -0.025 -0.019  0.000                       0.000  0.000  0.000 -1.688
    H(    6) C(    1) N(    3) H(   10)   55.9  0.000  0.000  0.163  0.000  0.005  0.007 -0.120 -0.039 
       TYPE-1-TS                         0.000  0.000  0.580                       0.000
       TYPE-2-TS    6.800  4.500  0.000                       0.000  0.000  0.000 -0.204
       TORS-BEND   -0.025 -0.019  0.000                       0.000  0.000  0.000 -1.669
    H(    7) C(    2) N(    4) H(   11)   57.7  0.000  0.000  0.163  0.000  0.005  0.006 -0.120 -0.014 
       TYPE-1-TS                         0.000  0.000  0.580                       0.000
       TYPE-2-TS    6.800  4.500  0.000                       0.000  0.000  0.000 -0.119
       TORS-BEND   -0.025 -0.019  0.000                       0.000  0.000  0.000 -0.549
    H(    7) C(    2) N(    4) H(   12)  172.7  0.000  0.000  0.163  0.000  0.005  0.010 -0.120  0.023 
       TYPE-1-TS                         0.000  0.000  0.580                       0.000
       TYPE-2-TS    6.800  4.500  0.000                       0.000  0.000  0.000 -0.001
       TORS-BEND   -0.025 -0.019  0.000                       0.000  0.000  0.000 -0.007
    H(    8) C(    2) N(    4) H(   11)  -59.1  0.000  0.000  0.163  0.000  0.005  0.005 -0.120 -0.040 
       TYPE-1-TS                         0.000  0.000  0.580                       0.000
       TYPE-2-TS    6.800  4.500  0.000                       0.000  0.000  0.000 -0.205
       TORS-BEND   -0.025 -0.019  0.000                       0.000  0.000  0.000 -1.688
    H(    8) C(    2) N(    4) H(   12)   55.9  0.000  0.000  0.163  0.000  0.005  0.007 -0.120 -0.039 
       TYPE-1-TS                         0.000  0.000  0.580                       0.000
       TYPE-2-TS    6.800  4.500  0.000                       0.000  0.000  0.000 -0.204
       TORS-BEND   -0.025 -0.019  0.000                       0.000  0.000  0.000 -1.669

     DIPOLE-DIPOLE INTERACTION ENERGY  (DIELECTRIC CONSTANT = 1.50)

          E = 14.388*MU1*MU2*(COSX-3*COSA*COSB)/(R12**3*DIELC)

               MU1 = BOND MOM OF BOND 1
               MU2 = BOND MOM OF BOND 2
               R12 = DISTANCE BETWEEN MID-POINTS OF TWO BONDS.

          BOND(1)         MU1           BOND(2)         MU2      R12        E
     C(    1)- N(    3)  0.640   + C(    2)- N(    4)  0.640   2.2069    0.3694       
     C(    1)- N(    3)  0.640   + N(    4)- H(   11) -1.330   3.1347   -0.1792       
     C(    1)- N(    3)  0.640   + N(    4)- H(   12) -1.330   2.6211   -0.4441       
     C(    2)- N(    4)  0.640   + N(    3)- H(    9) -1.330   3.1347   -0.1792       
     C(    2)- N(    4)  0.640   + N(    3)- H(   10) -1.330   2.6211   -0.4441       
     N(    3)- H(    9) -1.330   + N(    4)- H(   11) -1.330   3.9723    0.4308       
     N(    3)- H(    9) -1.330   + N(    4)- H(   12) -1.330   3.3364   -0.2304       
     N(    3)- H(   10) -1.330   + N(    4)- H(   11) -1.330   3.3364   -0.2304       
     N(    3)- H(   10) -1.330   + N(    4)- H(   12) -1.330   2.6330    0.8295       


 ==============================================================================
                        NORMAL MODE VIBRATIONAL ANALYSIS
 ==============================================================================


             Molecular Shape : ASYMMETRIC ROTOR WITH KAPPA =-0.849919
        Symmetry Point Group : C2  
             Symmetry Number :  2
                   Chirality : yes



0       FUNDAMENTAL NORMAL VIBRATIONAL FREQUENCIES
                ( THEORETICALLY  30 VALUES )

             Frequency :  in 1/cm
             A(i)      :  IR intensity (vs,s,m,w,vw,-- or in 10**6 cm/mole)
             A(i) = -- :  IR inactive


             no       Frequency   Symmetry      A(i)

             1.          3425.5     (A   )        s
             2.          3421.2     (B   )       vs
             3.          3366.5     (A   )        m
             4.          3365.3     (B   )        s
             5.          2921.8     (A   )        m
             6.          2917.1     (B   )        m
             7.          2817.5     (A   )        w
             8.          2813.0     (B   )        m
             9.          1597.6     (A   )       vs
            10.          1575.8     (B   )        s
            11.          1523.9     (B   )        m
            12.          1519.3     (A   )        m
            13.          1468.0     (A   )        w
            14.          1447.6     (B   )        w
            15.          1301.9     (A   )        w
            16.          1243.9     (B   )        m
            17.          1156.4     (A   )        w
            18.          1154.7     (B   )        m
            19.          1088.5     (A   )        w
            20.          1053.7     (A   )       vw
            21.          1026.6     (B   )        m
            22.           947.0     (B   )       vs
            23.           809.1     (A   )        w
            24.           775.2     (A   )        w
            25.           772.0     (B   )        s
            26.           464.5     (B   )        w
            27.           388.5     (A   )        w
            28.           314.4     (A   )        m
            29.           257.2     (B   )        s
            30.           160.4     (A   )        w
            31.     (       0.0)    (t/r )
            32.     (       0.0)    (t/r )
            33.     (       0.0)    (t/r )
            34.     (       0.0)    (t/r )
            35.     (       0.0)    (t/r )
            36.     (       0.0)    (t/r )


0       CORRESPONDING EIGEN VECTOR MATRIX   36 BY  36



 (  1)
    -0.001    0.000    0.000    0.001    0.000    0.000    0.043   -0.034
     0.002   -0.043   -0.034   -0.002    0.004    0.005    0.002    0.000
    -0.001   -0.001   -0.004    0.005   -0.002    0.000   -0.001    0.001
    -0.400    0.026    0.159   -0.193    0.444   -0.182    0.400    0.026
    -0.159    0.193    0.444    0.182

 (  2)
    -0.001    0.001    0.000   -0.001   -0.001    0.000    0.044   -0.033
     0.001    0.044    0.033    0.001    0.004    0.004    0.002    0.000
     0.000    0.000    0.004   -0.004    0.002    0.000    0.000    0.000
    -0.420    0.027    0.167   -0.184    0.429   -0.177   -0.420   -0.027
     0.167   -0.184   -0.429   -0.177

 (  3)
     0.001    0.002    0.001   -0.001    0.002   -0.001   -0.025   -0.027
     0.025    0.025   -0.027   -0.025    0.001   -0.004    0.001   -0.002
    -0.003   -0.005   -0.001   -0.004   -0.001    0.002   -0.003    0.005
     0.488   -0.020   -0.193   -0.154    0.382   -0.155   -0.488   -0.020
     0.193    0.154    0.382    0.155

 (  4)
     0.001    0.001    0.001    0.001   -0.001    0.001   -0.023   -0.028
     0.025   -0.023    0.028    0.025    0.001   -0.003    0.001   -0.002
    -0.003   -0.006    0.001    0.003    0.001   -0.002    0.003   -0.006
     0.471   -0.019   -0.186   -0.160    0.400   -0.163    0.471    0.019
    -0.186   -0.160   -0.400   -0.163

 (  5)
     0.028   -0.049    0.022   -0.028   -0.049   -0.022    0.000    0.001
     0.000    0.000    0.001    0.000   -0.306    0.567   -0.160   -0.019
     0.002   -0.105    0.306    0.567    0.160    0.019    0.002    0.105
     0.002   -0.003   -0.004    0.007    0.006    0.002   -0.002   -0.003
     0.004   -0.007    0.006   -0.002

 (  6)
     0.026   -0.049    0.025    0.026    0.049    0.025   -0.001    0.001
     0.001   -0.001   -0.001    0.001   -0.294    0.563   -0.162   -0.011
     0.000   -0.147   -0.294   -0.563   -0.162   -0.011    0.000   -0.147
    -0.001   -0.003   -0.003    0.007    0.006    0.001   -0.001    0.003
    -0.003    0.007   -0.006    0.001

 (  7)
    -0.001    0.015    0.057    0.001    0.015   -0.057   -0.001   -0.002
    -0.002    0.001   -0.002    0.002    0.055   -0.102    0.008   -0.051
    -0.058   -0.659   -0.055   -0.102   -0.008    0.051   -0.058    0.659
    -0.004    0.008    0.004    0.007   -0.002    0.004    0.004    0.008
    -0.004   -0.007   -0.002   -0.004

 (  8)
     0.000   -0.019   -0.054    0.000    0.019   -0.054    0.001    0.002
     0.001    0.001   -0.002    0.001   -0.064    0.140   -0.024    0.039
     0.058    0.654   -0.064   -0.140   -0.024    0.039   -0.058    0.654
     0.006   -0.007   -0.005   -0.008    0.002   -0.004    0.006    0.007
    -0.005   -0.008   -0.002   -0.004

 (  9)
    -0.037   -0.019   -0.029    0.037   -0.019    0.029    0.044    0.046
     0.018   -0.044    0.046   -0.018    0.093    0.085    0.086    0.006
     0.033   -0.055   -0.093    0.085   -0.086   -0.006    0.033    0.055
     0.040   -0.382    0.036   -0.450   -0.159    0.008   -0.040   -0.382
    -0.036    0.450   -0.159   -0.008

 ( 10)
    -0.034   -0.043   -0.032   -0.034    0.043   -0.032    0.044    0.046
     0.021    0.044   -0.046    0.021    0.195    0.116    0.128   -0.052
     0.092   -0.064    0.195   -0.116    0.128   -0.052   -0.092   -0.064
     0.037   -0.361    0.029   -0.388   -0.137   -0.003    0.037    0.361
     0.029   -0.388    0.137   -0.003

 ( 11)
     0.044    0.058    0.018    0.044   -0.058    0.018   -0.005    0.023
    -0.003   -0.005   -0.023   -0.003   -0.273   -0.182   -0.285    0.038
    -0.296    0.058   -0.273    0.182   -0.285    0.038    0.296    0.058
    -0.029   -0.315   -0.013   -0.187   -0.021    0.062   -0.029    0.315
    -0.013   -0.187    0.021    0.062

 ( 12)
     0.078    0.046    0.025   -0.078    0.046   -0.025   -0.018    0.014
    -0.006    0.018    0.014    0.006   -0.223   -0.211   -0.328   -0.030
    -0.300    0.073    0.223   -0.211    0.328    0.030   -0.300   -0.073
    -0.047   -0.257   -0.031   -0.098    0.017    0.071    0.047   -0.257
     0.031    0.098    0.017   -0.071

 ( 13)
    -0.104    0.007    0.025    0.104    0.007   -0.025    0.018    0.000
     0.000   -0.018    0.000    0.000    0.137    0.056   -0.332    0.399
    -0.219    0.017   -0.137    0.056    0.332   -0.399   -0.219   -0.017
     0.040    0.107    0.030   -0.013   -0.024   -0.024   -0.040    0.107
    -0.030    0.013   -0.024    0.024

 ( 14)
    -0.075   -0.022    0.026   -0.075    0.022    0.026    0.016   -0.001
     0.004    0.016    0.001    0.004    0.326    0.081   -0.372    0.313
    -0.226    0.020    0.326   -0.081   -0.372    0.313    0.226    0.020
     0.031    0.092    0.019    0.002   -0.019   -0.021    0.031   -0.092
     0.019    0.002    0.019   -0.021

 ( 15)
    -0.021   -0.053   -0.048    0.021   -0.053    0.048   -0.010    0.046
    -0.002    0.010    0.046    0.002   -0.325   -0.185    0.082    0.362
     0.173   -0.106    0.325   -0.185   -0.082   -0.362    0.173    0.106
    -0.050   -0.145   -0.073    0.138    0.156    0.096    0.050   -0.145
     0.073   -0.138    0.156   -0.096

 ( 16)
    -0.007    0.092   -0.006   -0.007   -0.092   -0.006    0.029   -0.053
     0.002    0.029    0.053    0.002   -0.007    0.129    0.058   -0.166
    -0.174    0.026   -0.007   -0.129    0.058   -0.166    0.174    0.026
     0.105    0.268    0.142   -0.251   -0.256   -0.184    0.105   -0.268
     0.142   -0.251    0.256   -0.184

 ( 17)
    -0.014    0.029   -0.005    0.014    0.029    0.005    0.026   -0.025
    -0.015   -0.026   -0.025    0.015   -0.395   -0.143    0.076    0.029
     0.021   -0.009    0.395   -0.143   -0.076   -0.029    0.021    0.009
     0.131    0.313    0.202   -0.270   -0.193   -0.113   -0.131    0.313
    -0.202    0.270   -0.193    0.113

 ( 18)
     0.022   -0.023   -0.035    0.022    0.023   -0.035   -0.007    0.016
     0.054   -0.007   -0.016    0.054    0.207    0.058   -0.078   -0.437
    -0.302    0.014    0.207   -0.058   -0.078   -0.437    0.302    0.014
    -0.110   -0.042   -0.191    0.178    0.038   -0.079   -0.110    0.042
    -0.191    0.178   -0.038   -0.079

 ( 19)
     0.037    0.026    0.067   -0.037    0.026   -0.067   -0.033   -0.044
    -0.084    0.033   -0.044    0.084    0.108    0.035   -0.044    0.193
     0.329    0.040   -0.108    0.035    0.044   -0.193    0.329   -0.040
     0.076   -0.100    0.200   -0.117    0.041    0.214   -0.076   -0.100
    -0.200    0.117    0.041   -0.214

 ( 20)
    -0.076   -0.072    0.092    0.076   -0.072   -0.092    0.027    0.057
    -0.014   -0.027    0.057    0.014   -0.084   -0.144   -0.120   -0.318
     0.085    0.106    0.084   -0.144    0.120    0.318    0.085   -0.106
     0.072    0.012    0.103    0.035    0.119    0.119   -0.072    0.012
    -0.103   -0.035    0.119   -0.119

 ( 21)
    -0.046   -0.064   -0.036   -0.046    0.064   -0.036    0.059    0.072
     0.054    0.059   -0.072    0.054   -0.314   -0.207   -0.035    0.028
    -0.041   -0.049   -0.314    0.207   -0.035    0.028    0.041   -0.049
     0.033    0.240   -0.041   -0.019   -0.056   -0.188    0.033   -0.240
    -0.041   -0.019    0.056   -0.188

 ( 22)
     0.004   -0.059    0.027    0.004    0.059    0.027    0.011    0.019
    -0.053    0.011   -0.019   -0.053    0.034   -0.110   -0.201   -0.334
     0.042    0.045    0.034    0.110   -0.201   -0.334   -0.042    0.045
     0.175    0.117    0.349   -0.080    0.093    0.219    0.175   -0.117
     0.349   -0.080   -0.093    0.219

 ( 23)
    -0.027    0.014   -0.055    0.027    0.014    0.055   -0.005   -0.005
    -0.036    0.005   -0.005    0.036   -0.020    0.099    0.218   -0.056
    -0.353   -0.028    0.020    0.099   -0.218    0.056   -0.353    0.028
     0.121   -0.025    0.289    0.061    0.172    0.335   -0.121   -0.025
    -0.289   -0.061    0.172   -0.335

 ( 24)
    -0.100    0.076    0.063    0.100    0.076   -0.063   -0.046   -0.051
     0.000    0.046   -0.051    0.000   -0.193    0.073    0.215   -0.048
    -0.028    0.069    0.193    0.073   -0.215    0.048   -0.028   -0.069
    -0.129   -0.207   -0.186    0.039   -0.030   -0.034    0.129   -0.207
     0.186   -0.039   -0.030    0.034

 ( 25)
    -0.055    0.033   -0.049   -0.055   -0.033   -0.049    0.032    0.026
    -0.008    0.032   -0.026   -0.008   -0.079    0.121    0.283    0.071
    -0.328   -0.034   -0.079   -0.121    0.283    0.071    0.328   -0.034
     0.088   -0.022    0.138    0.129    0.195    0.309    0.088    0.022
     0.138    0.129   -0.195    0.309

 ( 26)
     0.082   -0.088   -0.055    0.082    0.088   -0.055   -0.077   -0.033
     0.028   -0.077    0.033    0.028    0.037   -0.060    0.119    0.190
    -0.221   -0.052    0.037    0.060    0.119    0.190    0.221   -0.052
    -0.003    0.077    0.205   -0.133   -0.069   -0.001   -0.003   -0.077
     0.205   -0.133    0.069   -0.001

 ( 27)
     0.048   -0.014    0.076   -0.048   -0.014   -0.076    0.091    0.012
    -0.025   -0.091    0.012    0.025    0.010    0.016    0.250    0.155
    -0.157    0.076   -0.010    0.016   -0.250   -0.155   -0.157   -0.076
    -0.015    0.127   -0.316   -0.076    0.022    0.176    0.015    0.127
     0.316    0.076    0.022   -0.176

 ( 28)
     0.019    0.026    0.027   -0.019    0.026   -0.027    0.089   -0.001
    -0.023   -0.089   -0.001    0.023   -0.026    0.014    0.074    0.061
    -0.018    0.026    0.026    0.014   -0.074   -0.061   -0.018   -0.026
     0.169   -0.255    0.215    0.314   -0.028   -0.327   -0.169   -0.255
    -0.215   -0.314   -0.028    0.327

 ( 29)
     0.010   -0.029    0.016    0.010    0.029    0.016    0.022   -0.029
    -0.014    0.022    0.029   -0.014   -0.005   -0.030    0.035   -0.012
    -0.047    0.018   -0.005    0.030    0.035   -0.012    0.047    0.018
    -0.118    0.233   -0.409   -0.285   -0.002    0.372   -0.118   -0.233
    -0.409   -0.285    0.002    0.372

 ( 30)
    -0.021    0.059   -0.048    0.021    0.059    0.048    0.096   -0.064
     0.049   -0.096   -0.064   -0.049   -0.058   -0.008   -0.201   -0.100
     0.202   -0.049    0.058   -0.008    0.201    0.100    0.202    0.049
     0.042   -0.031   -0.095    0.078    0.028    0.295   -0.042   -0.031
     0.095   -0.078    0.028   -0.295

 ( 31)
     0.049   -0.057   -0.019    0.057   -0.123   -0.001    0.045   -0.092
     0.067    0.040   -0.088    0.106    0.062   -0.078   -0.106    0.035
     0.037   -0.023    0.062   -0.102   -0.075    0.072   -0.217   -0.007
     0.041   -0.051    0.050    0.032   -0.065    0.148    0.045   -0.129
     0.113    0.036   -0.115    0.177

 ( 32)
    -0.052    0.004   -0.005   -0.058    0.061   -0.018    0.027   -0.093
     0.088    0.030    0.159    0.060   -0.125   -0.055   -0.072   -0.046
     0.095   -0.010   -0.125    0.120   -0.094   -0.073   -0.030   -0.022
     0.026   -0.136    0.093    0.096   -0.038    0.152    0.022    0.201
     0.046    0.093    0.103    0.131

 ( 33)
    -0.013    0.078    0.032   -0.044   -0.029   -0.040   -0.089    0.078
     0.155   -0.069   -0.029   -0.001    0.015    0.079   -0.010    0.048
     0.154    0.023    0.013   -0.030   -0.135   -0.099   -0.105   -0.040
    -0.067    0.148    0.201   -0.110    0.087    0.200   -0.086   -0.099
    -0.055   -0.128   -0.038    0.083

 ( 34)
     0.013    0.081   -0.166    0.032   -0.006   -0.121    0.011    0.041
    -0.073   -0.002    0.034    0.023    0.037    0.058   -0.281   -0.022
     0.197   -0.169    0.038    0.017   -0.204    0.069   -0.121   -0.131
     0.000    0.096   -0.110   -0.015    0.074    0.032    0.011   -0.021
     0.048   -0.004    0.002    0.104

 ( 35)
    -0.039   -0.082   -0.045   -0.068   -0.054   -0.111   -0.038   -0.103
     0.000   -0.019   -0.034   -0.143   -0.074   -0.095   -0.026    0.012
    -0.074   -0.050   -0.075   -0.041   -0.140   -0.122   -0.063   -0.107
    -0.021   -0.122    0.045    0.000   -0.092   -0.013   -0.038   -0.014
    -0.189   -0.016   -0.044   -0.120

 ( 36)
     0.116    0.028    0.031    0.079    0.029   -0.054    0.085    0.030
     0.075    0.108    0.026   -0.108    0.100    0.029    0.065    0.184
     0.023    0.025    0.098    0.027   -0.080    0.012    0.033   -0.048
     0.108    0.030    0.133    0.106    0.029    0.048    0.086    0.026
    -0.166    0.085    0.028   -0.088


                VIBRATIONAL AMPLITUDE AND CENTRIFUGAL DISTORTION
                 CONTRIBUTIONS TO THE BOND LENGTH AT   298.16 K

                 Note: Excludes contributions from frequencies
                       lower than 40 (1/cm).

                R(e)   = r(mm4) - 1.5 * anh * <Z**2>(298.16)
                R(z)   = R(e) + 1.5 * anh * <Z**2>(0) - <K>(0))
                R(s)   = [R(e) + R(z)] / 2
                R(alp) = R(e) + 1.5 * anh * <Z**2>(T) - <K>(T) - <C>(T)
                R(g)   = R(e) + 1.5 * anh * <Z**2>(T)
                R(a)   = [R(g) + sqrt(R(g)**2-4*<Z**2>(T))] / 2

                       anh = anharmonicity (2.00)
                    <Z**2> = mean-square vibrational amplitude
                       <K> = perpendicular vibrational amplitude
                       <C> = centrifugal correction

        BOND          R(g)      R(z)      R(e)     R(alp)     R(s)      R(a)
    2( C)-  1( C)    1.5261    1.5238    1.5179    1.5231    1.5208    1.5243
    3( N)-  1( C)    1.4737    1.4709    1.4669    1.4701    1.4689    1.4722
    4( N)-  2( C)    1.4737    1.4709    1.4669    1.4701    1.4689    1.4722
    5( H)-  1( C)    1.1119    1.0992    1.0932    1.0987    1.0962    1.1063
    6( H)-  1( C)    1.1221    1.1091    1.1028    1.1086    1.1060    1.1163
    7( H)-  2( C)    1.1119    1.0992    1.0932    1.0987    1.0962    1.1063
    8( H)-  2( C)    1.1221    1.1091    1.1028    1.1086    1.1060    1.1163
    9( H)-  3( N)    1.0352    1.0153    1.0194    1.0137    1.0194    1.0301
   10( H)-  3( N)    1.0344    1.0138    1.0186    1.0122    1.0186    1.0293
   11( H)-  4( N)    1.0352    1.0153    1.0194    1.0137    1.0194    1.0301
   12( H)-  4( N)    1.0344    1.0138    1.0186    1.0122    1.0186    1.0293


                  Non-Bonded Atom Pair Distance Table
        (Distance greater than 82% of VDW distance are not printed)

        PAIR        Dist(g)   Dist(z)
    4( N),  3( N)    3.0353    3.0325       1,4
    6( H),  4( N)    2.7174    2.7146       1,4
    7( H),  5( H)    2.4027    2.3929       1,4
    7( H),  6( H)    2.4712    2.4578       1,4
    8( H),  3( N)    2.7174    2.7146       1,4
    8( H),  5( H)    2.4712    2.4578       1,4
    9( H),  5( H)    2.3889    2.3812       1,4
    9( H),  6( H)    2.5068    2.4907       1,4
   10( H),  2( C)    2.7641    2.7521       1,4
   10( H),  4( N)    2.7798    2.7781          
   10( H),  6( H)    2.4852    2.4729       1,4
   11( H),  7( H)    2.3889    2.3812       1,4
   11( H),  8( H)    2.5068    2.4907       1,4
   12( H),  1( C)    2.7641    2.7521       1,4
   12( H),  3( N)    2.7798    2.7781          
   12( H),  8( H)    2.4852    2.4729       1,4
   12( H), 10( H)    2.2809    2.2853          


         THE MOMENTS OF INERTIA CALCULATED FROM R(g), R(z) VALUES
                  (also from R(e), R(alpha), R(s) VALUES)

         Note: (1) All calculations are based on principle isotopes.
               (2) R(z) values include harmonic vibration (Coriolis)
                   contribution indicated in parentheses.


   (1)  UNIT = 10**(-39) GM*CM**2

                    IX                   IY                   IZ

   R(e)         5.6033              16.5399              19.7140
   R(z)         5.6132(-0.0064)     16.7391( 0.0141)     19.9062( 0.0062)

   (2)  UNIT = AU A**2

                    IX                   IY                   IZ

   R(e)        33.7478              99.6166             118.7336
   R(z)        33.8071(-0.0387)    100.8164( 0.0848)    119.8912( 0.0374)


 ==============================================================================
                      STATISTICAL THERMODYNAMICS ANALYSIS
 ==============================================================================

  Structure name    : ethylenediamine-g+g+g+                                      
  Temperature       :   298.16 K
  Symmetry number   :   2
  Optical isomers   :   2
  Zero Point Energy :   67.329 Kcal/mol


                     ENERGY** ENTHALPY**  ENTROPY  FREE ENERGY** HEAT CAPACITY**
                  (Kcal/mol) (Kcal/mol)     (eu)   (Kcal/mol)    (cal/mol/deg)
  Translational       0.889      0.889     38.202    -10.501         2.981
     Rotational       0.889      0.889     23.078     -5.992         2.981
    Vibrational*     68.931%    68.931%     8.552     66.381%       12.749
         PV(RT)       0.000      0.593      0.000      0.593         1.987
      Potential      -2.894#    -2.894#     0.000     -2.894#        0.000
         Mixing       0.000      0.000      1.377     -0.411         0.000
          Total*     67.815     68.408     71.209     47.176        20.698

  Enthalpy Function (H-Ho)/T     =   13.32 cal/mol/deg
  Free Energy Function -(G-Ho)/T =   57.89 cal/mol/deg

  % Includes zero point energy (ZPE).
  * Excludes contribution from frequencies lower than 10 (1/cm).
  # Includes steric energy (SE).
    Internal rotation contributions are not considered
 ** These quantities are relative to the R(e) values (
    bottom of potential well) and do NOT include bonding

  This structure has   0 imaginary frequencies,
                       0 free internal rotation (fir) frequencies
                         (>= 0,< 10 /cm),
                       0 restricted internal rotation (rir) frequencies
                         (>= 10,< 40 /cm),
                       6 zero frequencies, and
                      30 real frequencies.


      FINAL STERIC ENERGY IS               -2.8937 KCAL/MOL.


                  COMPRESSION               0.8704
                  STRETCH-STRETCH          -0.0063
                  BENDING                   5.3001
                  BEND-BEND                -0.2232
                  STRETCH-BEND              0.2892
                  VANDERWAALS
                    1,4 ENERGY              2.3715
                    OTHER                   0.1277
                  H-BONDING                -0.3489
                  PI-COMPLX                 0.0000
                  TORSIONAL                 1.3807
                  TORSION-STRETCH          -1.4564
                  TORSION-BEND            -10.1484
                  BEND-TORSION-BEND        -0.1494
                  TORSION-IMPT              0.0000
                  IMPT-TORSION-IMPT         0.0000
                  TORSION-TORSION           0.0000
                  DIPOLE-DIPOLE            -0.0778
                  CHARGE-DIPOLE             0.0000
                  IND-DIP CORR.            -0.8228
                  CHARGE-CHARGE             0.0000


      MOLECULAR POLARIZABILITIES (A**3)

        ALPHA(1)   =       9.23
        ALPHA(2)   =       9.22
        ALPHA(3)   =       7.93
        AVG. ALPHA =       8.79


      DIPOLE MOMENT =          1.1692 D

        SIGMA-DIPOLE MOMENT =  1.1692 (X =  0.0000    Y = -1.1692    Z =  0.0000)


      DIPOLE MOMENT =          1.1607 D (INCLUDES INDUCED BOND MOMENTS)

        SIGMA-DIPOLE MOMENT =  1.1607 (X =  0.0000    Y = -1.1607    Z =  0.0000)


      OTHER MOLECULAR PROPERTIES:

        Molar Polarizability:    22.3059 cm**3/mole
        Molar Refraction:        22.1731 cm**3/mole
        Radius of Gyration:       2.0645 A
        Molecular VDW Surface:  127.0067 A**2
        Molecular VDW Volume:   102.3174 A**3
        Dispersion Energy:       -5.6475 Kcal/mole
        Density (gas):          0.002454 g/cm**3 (@  298.2 K, 1 atm)
        Density (cdn):            0.8503 g/cm**3 (@STP Estd.)
        Ref. Index (gas):       1.001361 (@  298.2 K, 1 atm)
        Ref. Index (cdn):         1.5410 (@STP Estd.)
        Diel. Constant (gas):     1.0058 (@  298.2 K, 1 atm)
        Diel. Constant (cdn):    12.2132 (@STP Estd.)



      TOTAL ATOMIC CHARGE ON EACH ATOM (in ELECTRON CHARGE)

           C(    1):          0.168
           C(    2):          0.136
           N(    3):         -0.634
           N(    4):         -0.634
           H(    5):         -0.015
           H(    6):         -0.012
           H(    7):         -0.015
           H(    8):         -0.012
           H(    9):          0.254
           H(   10):          0.254
           H(   11):          0.254
           H(   12):          0.254

      -----------------------------------------------------------------

        END OF ethylenediamine-g+g+g+                                      


           TOTAL CPU TIME IS      0.09 SECONDS.

           THIS JOB COMPLETED AT    20:36:47
