                      Atom    1 should be a PI atom
                      Atom    2 should be a PI atom
                      Atom    3 should be a PI atom
 
               ---------------------------------------------
               WARNING : INCORRECT ATOM TYPES GIVEN IN INPUT
                         DATA ARE CORRECTED AS FOLLOWS
               ---------------------------------------------


             Atom type of atom    1 is replaced by   2 (was   0)
             Atom type of atom    2 is replaced by  37 (was   0)
             Atom type of atom    3 is replaced by  40 (was   0)
             Atom type of atom    4 is replaced by 112 (was   0)
             Atom type of atom    5 is replaced by  23 (was   0)
             Atom type of atom    6 is replaced by  23 (was   0)
             Atom type of atom    7 is replaced by  23 (was   0)
 
     formamidine-cis                                             

               CHEMICAL FORMULA :  C(    1)  H(    4)  N(    2) 
               FORMULA WEIGHT   :     44.038
                                                               DATE 29-MAY-23
                                                               TIME  20:47:36


          THE COORDINATES OF     7 ATOMS ARE READ IN.
          SOME CONSTANTS WILL BE READ IN.

      CONFORMATIONAL ENERGY, PART 1:  GEOMETRY AND STERIC ENERGY
                                      OF INITIAL CONFORMATION.


      CONNECTED ATOMS
          1-    2-
          1-    3-

      ATTACHED ATOMS
          1-    4,    2-    5,    3-    6,    3-    7,

      INITIAL ATOMIC COORDINATES
           ATOM          X           Y           Z      TYPE
         C(    1)    -0.15802     0.47061    -0.00002   (  2) PI-ATOM
         N(    2)     1.00786    -0.12764     0.00001   ( 37) PI-ATOM
         N(    3)    -1.33136    -0.19206     0.00000   ( 40) PI-ATOM
         H(    4)    -0.16594     1.49306    -0.00007   (112)
         H(    5)     1.09917    -1.06091     0.00008   ( 23)
         H(    6)    -2.16913     0.30110     0.00020   ( 23)
         H(    7)    -1.36258    -1.16416    -0.00018   ( 23)

      VESCF CALCULATION FOR PLANAR SYSTEM

           ITER  1 VO=  -2.376878( -1491.99 KCAL/MOL)
           ITER  2 VO=  -2.531990( -1589.36 KCAL/MOL)     DIFF =   0.155112
           ITER  3 VO=  -2.527805( -1586.73 KCAL/MOL)     DIFF =   0.004186
           ITER  4 VO=  -2.527537( -1586.56 KCAL/MOL)     DIFF =   0.000268
           ITER  5 VO=  -2.527303( -1586.41 KCAL/MOL)     DIFF =   0.000234
           ITER  6 VO=  -2.527262( -1586.39 KCAL/MOL)     DIFF =   0.000041
           ITER  7 VO=  -2.527250( -1586.38 KCAL/MOL)     DIFF =   0.000012
           ITER  8 VO=  -2.527247( -1586.38 KCAL/MOL)     DIFF =   0.000003

                VESCF SEQUENCE REQUIRES   0.00 SECONDS.

      PLANAR
      ------
      F-MATRIX
       -0.21163 -0.21388 -0.17724
       -0.24118  0.01846
       -0.46026

      H-CORE MATRIX
       -1.34282 -0.08232 -0.10981
       -1.16708 -0.01801
       -1.59300

      GAMMA MATRIX
        0.41377  0.29368  0.31238
        0.44240  0.20818
        0.64207

      MOLECULAR ORBITALS
        0.55231  0.30709  0.77502
        0.37808  0.73630 -0.56118
        0.74298 -0.60296 -0.29056

      EIGENVALUES
       -0.57927 -0.36507  0.03126

      DENSITY MATRIX
        0.89597
        0.89597  1.27288
        0.43176 -0.35039  1.83115

      ELECTRON DENSITIES
         0.8960   1.2729   1.8311

      ORIGINAL EFFECTIVE NUCLEAR CHARGES
        3.25000  3.90000  3.90000

      FINAL EFFECTIVE NUCLEAR CHARGES
        3.28641  3.80449  3.95910

      BOND ORDERS  (P) AND RESONANCE INTEGRALS (B) FOR PI-BONDS
             BOND     P(W)      P(0)      B(0)     P*B(0)
            1-  2    0.8960    0.8960    1.0905    0.9771
            1-  3    0.4318    0.4318    1.4547    0.6281

      BOND ENERGY FROM VESCF CALCULATION(KCAL/MOL)
           SIGMA-BOND    -96.52
           PI-BOND       -96.99
           TOTAL ENERGY -193.51

     ==================
     TORSIONAL CONSTANT
     ------------------
      MISSING FOR    2-   1-   3-   6 (TYPE  37-  2- 40- 23)
                                   NO REPLACEMENT PARAMETERS ARE FOUND.
      MISSING FOR    2-   1-   3-   7 (TYPE  37-  2- 40- 23)
                                   NO REPLACEMENT PARAMETERS ARE FOUND.
      MISSING FOR    3-   1-   2-   5 (TYPE  40-  2- 37- 23)
                                   NO REPLACEMENT PARAMETERS ARE FOUND.
      MISSING FOR    4-   1-   2-   5 (TYPE 112-  2- 37- 23)
          INSTEAD,                    (TYPE 112-  2- 72- 23) IN GENERAL PARAMS USED.
      MISSING FOR    4-   1-   3-   6 (TYPE 112-  2- 40- 23)
                                   NO REPLACEMENT PARAMETERS ARE FOUND.
      MISSING FOR    4-   1-   3-   7 (TYPE 112-  2- 40- 23)
                                   NO REPLACEMENT PARAMETERS ARE FOUND.

        CAUTION :   1 REPLACED TORSIONAL PARAMETER(S).  SEE OUTPUT.

     =============
     BOND CONSTANT
     -------------
       MISSING FOR BOND    1-   3 (TYPE   2- 40) 
                                NO REPLACEMENT PARAMETERS ARE FOUND.
       MISSING FOR BOND     2-   5 (TYPE  37- 23)
                INSTEAD,           (TYPE  72- 23) IN GENERAL PARAMETERS ARE USED.

     ==============
     ANGLE CONSTANT
     --------------
      MISSING FOR    6-   3-   7 (TYPE  23- 40- 23) ANGLE TYPE 1
                               NO REPLACEMENT PARAMETERS ARE FOUND.

     =======================================================
      Warning!!  Warning!!  Warning!!  Warning!!  Warning!!
     =======================================================
      THERE ARE SOME PARAMETERS MISSING.  PROGRAM WILL USE
      THE PARAMETERS GENERATED FROM THE MM4 PARAMETER
      ESTIMATION ROUTINE.  THESE PARAMETERS ARE ONLY
      ESTIMATES.  THEY WILL BE SUFFICIENTLY GOOD FOR MANY
      PURPOSES, BUT IF YOUR RESULTS ARE SENSITIVE TO THE
      EXACT VALUES USED FOR THESE PARAMETERS, THE WORK NEED
      FOR FURTHER WORK IS INDICATED.




               ****************************************************
               ***                                              ***
               ***    Do not worry, be happy. Let us go to:     ***
               ***            MM4 PARAMETER ESTIMATOR           ***
               ***    The missing parameters will be found      ***
               ***                                              ***
               ****************************************************




   
 THIS PROGRAM WILL MERGE THESE PARAMETERS IN PARA.MM4
   
   
  NEW MM4 PARAMETER FILE NAME IS NEW_PAR.MM4
   
  EXPLANATIONS FOR EACH ESTIMATED PARAMETER
  ARE WRITTEN TO FILE   ESTIMATE.MM4.
   

   PARAMETERS WRITTEN TO FILE NEW_PAR.MM4                   
  ****   END  OF  MM4  PARAMETER  ESTIMATOR  ****  


          THE FOLLOWING  3 TORSIONAL PARAMETERS ARE READ IN
                   (* FOR 4- AND 5-MEMBERED RING)
                   (A FOR ALLENES)
     TORSION ANGLE      V1      V2      V3      V4      V6      BTB   TBL1   TBL2   TBL3   TBR1   TBR2   TBR3
    37-  2- 40- 23     0.000  11.600   0.000   0.000   0.000  0.000  0.000  0.000  0.000  0.000  0.000  0.000     
    40-  2- 37- 23     0.000  11.600   0.000   0.000   0.000  0.000  0.000  0.000  0.000  0.000  0.000  0.000     
   112-  2- 40- 23     0.000  11.600   0.000   0.000   0.000  0.000  0.000  0.000  0.000  0.000  0.000  0.000     

     ==================
     TORSIONAL CONSTANT
     ------------------
      MISSING FOR    4-   1-   2-   5 (TYPE 112-  2- 37- 23)
          INSTEAD,                    (TYPE 112-  2- 72- 23) IN GENERAL PARAMS USED.

        CAUTION :   1 REPLACED TORSIONAL PARAMETER(S).  SEE OUTPUT.


          THE FOLLOWING  1 STRETCHING PARAMETERS ARE READ IN
                BOND TYPE    K(S)       L(0)
                   2- 40    9.4163     1.2630
                   2- 40    4.7380     0.1930 SLOPE(KS) SLOPE(L0)


          THE FOLLOWING  1 DIPOLE PARAMETERS ARE READ IN
               BOND TYPE   MOMENT
                  2- 40    0.4500    0

     =============
     BOND CONSTANT
     -------------
       MISSING FOR BOND     2-   5 (TYPE  37- 23)
                INSTEAD,           (TYPE  72- 23) IN GENERAL PARAMETERS ARE USED.


          THE FOLLOWING  1 BENDING PARAMETERS ARE READ IN
                   (*5 FOR 5-MEMBERED RING)
                   (*4 FOR 4-MEMBERED RING)
                   (*3 FOR 3-MEMBERED RING)
                   (*C3  FOR 3-MEM ANGLE CORR)
                   (*C4  FOR 4-MEM ANGLE CORR)
                   (*C34 FOR 3,4-MEM FUSED RING ANGLE CORR)
                   (*C35 FOR 3,5-MEM FUSED RING ANGLE CORR)

              ANGLE TYPE       KB    THETA(0)   ATYPE
              23- 40- 23     0.493   120.000                                

        %=%=%=%=%=%=%=%=%=%=%=%=%=%=%=%=%=%=%=%=%=%=%=%=%=%=%=

        MM4(08)-v010108: (Const:V010108-00)

        The Parameters Used in This Calculation Can be Found
        in the Publication(s) Listed in the PART 3

        %=%=%=%=%=%=%=%=%=%=%=%=%=%=%=%=%=%=%=%=%=%=%=%=%=%=%=


          DIELECTRIC CONSTANT =  1.500


      INITIAL STERIC ENERGY IS             16.6297 KCAL/MOL.

                  COMPRESSION              12.6450
                  STRETCH-STRETCH          -0.0236
                  BENDING                   2.8832
                  BEND-BEND                 0.0030
                  STRETCH-BEND             -0.3456
                  VANDERWAALS
                    1,4 ENERGY              0.7814
                    OTHER                   0.1151
                  H-BONDING                -0.0590
                  PI-COMPLX                 0.0000
                  TORSIONAL                 0.0000
                  TORSION-STRETCH           0.0000
                  TORSION-BEND              0.0000
                  BEND-TORSION-BEND         0.0000
                  TORSION-IMPT              0.0000
                  IMPT-TORSION-IMPT         0.0000
                  TORSION-TORSION           0.0000
                  DIPOLE-DIPOLE             1.1760
                  CHARGE-DIPOLE             0.0000
                  IND_DIP CORR.            -0.5457
                  CHARGE-CHARGE             0.0000


        INITIAL ENERGY IS          -177.3109 KCAL/MOL.
        (WITH ELECTRONIC ENERGY CORR.)

                  STERIC             16.6297
                  SIGMA-STRETCH      -0.4277
                  ELECTRONIC       -193.5129


      MOMENT OF INERTIA ( R(g) ) WITH THE PRINCIPAL AXES

          (1)  UNIT = 10**(-39) GM*CM**2
               IX=    1.3650    IY=    7.5304    IZ=    8.8954

          (2)  UNIT = AU A**2
               IX=    8.2212    IY=   45.3559    IZ=   53.5770


      MOLECULAR POLARIZABILITIES (A**3)

        ALPHA(1)   =       3.83
        ALPHA(2)   =       2.55
        ALPHA(3)   =       2.16
        AVG. ALPHA =       2.85


      DIPOLE MOMENT =          1.0289 D

        PI-DIPOLE MOMENT    =  1.6197 (X = -1.6117    Y =  0.1603    Z =  0.0000)
        SIGMA-DIPOLE MOMENT =  0.7432 (X =  0.6853    Y =  0.2874    Z =  0.0000)


      DIPOLE MOMENT =          0.7757 D (INCLUDES INDUCED BOND MOMENTS)

        PI-DIPOLE MOMENT    =  1.6197 (X = -1.6117    Y =  0.1603    Z =  0.0000)
        SIGMA-DIPOLE MOMENT =  0.8448 (X =  0.8377    Y = -0.1093    Z =  0.0000)


      OTHER MOLECULAR PROPERTIES:

        Molar Polarizability:     7.2454 cm**3/mole
        Molar Refraction:         7.1751 cm**3/mole
        Radius of Gyration:       1.5606 A
        Molecular VDW Surface:   97.2325 A**2
        Molecular VDW Volume:    74.3853 A**3
        Dispersion Energy:       -1.1849 Kcal/mole
        Density (gas):          0.001800 g/cm**3 (@  298.2 K, 1 atm)
        Density (cdn):            0.8280 g/cm**3 (@STP Estd.)
        Ref. Index (gas):       1.000440 (@  298.2 K, 1 atm)
        Ref. Index (cdn):         1.2117 (@STP Estd.)
        Diel. Constant (gas):     1.0025 (@  298.2 K, 1 atm)
        Diel. Constant (cdn):     5.6964 (@STP Estd.)



      CPU TIME FOR INITIAL CALCULATION IS     0.20 SECONDS.
 


     formamidine-cis                                             


     CONFORMATIONAL ENERGY, PART 2: GEOMETRY MINIMIZATION

               GEOMETRY OPTIMIZATION IS CONTINUED UNTIL ATOM
               MOVEMENT CONVERGES WITHIN FOLLOWING VALUES:

                         AVERAGE MOVEMENT  0.00008 A
                         MAXIMUM MOVEMENT  0.00079 A



     <<<<<<<<<<<<<<<<<<<<<<<<<<  C Y C L E   1 >>>>>>>>>>>>>>>>>>>>>>>>>>

                              (CH)-MOVEMENT = 1

     ITER    1  AVG. MOVE = 0.04229 A  (MAX MOVE: ATOM     5   0.51435 A)
     ITER    2  AVG. MOVE = 0.03448 A  (MAX MOVE: ATOM     5   0.90231 A)
     ITER    3  AVG. MOVE = 0.01128 A  (MAX MOVE: ATOM     5   0.08239 A)
     ITER    4  AVG. MOVE = 0.00467 A  (MAX MOVE: ATOM     2   0.02412 A)
     ITER    5  AVG. MOVE = 0.00172 A  (MAX MOVE: ATOM     2   0.00847 A)
     ITER    6  AVG. MOVE = 0.00067 A  (MAX MOVE: ATOM     2   0.00338 A)
     ITER    7  AVG. MOVE = 0.00025 A  (MAX MOVE: ATOM     2   0.00128 A)
     ITER    8  AVG. MOVE = 0.00010 A  (MAX MOVE: ATOM     2   0.00049 A)
     ITER    9  AVG. MOVE = 0.00004 A  (MAX MOVE: ATOM     2   0.00019 A)


     <<<<<<<<<<<<<<<<<<<<<<<<<<  C Y C L E   2 >>>>>>>>>>>>>>>>>>>>>>>>>>

                              (CH)-MOVEMENT = 0

     ITER   10  AVG. MOVE = 0.00001 A  (MAX MOVE: ATOM     6   0.00004 A)


              * * * * * * * * * GEOMETRY IS OPTIMIZED * * * * * * * * *

               WITHIN : AVERAGE MOVEMENT  0.00001 A (LIMIT  0.00008 A)
                        MAXIMUM MOVEMENT  0.00004 A (LIMIT  0.00079 A)

               GRADIENT
                 RMS GRADIENT                  0.003058 KCAL/MOL/A

                 MAX GRADIENT
                   X-DIRECTION : ATOM #    3   0.004259 KCAL/MOL/A
                   Y-DIRECTION : ATOM #    1   0.009563 KCAL/MOL/A
                   Z-DIRECTION : ATOM #    1   0.000002 KCAL/MOL/A

        DELTA TIME =    0.00 SEC.       TOTAL CPU TIME =      0.21 SEC.



          ---------------------------------------------------------------
            BECAUSE OF MOVEMENT DURING THE LONG MINIMIZATION SEQUENCE
            (MORE THAN 6 ITERATIONS), ANOTHER VESCF-MINIMIZATION CYCLE
                   MUST BE DONE TO INSURE COMPLETE CONVERGENCE.
          ---------------------------------------------------------------


      VESCF CALCULATION FOR PLANAR SYSTEM

           ITER  1 VO=  -2.530186( -1588.22 KCAL/MOL)
           ITER  2 VO=  -2.529395( -1587.73 KCAL/MOL)     DIFF =   0.000791
           ITER  3 VO=  -2.529036( -1587.50 KCAL/MOL)     DIFF =   0.000359
           ITER  4 VO=  -2.528962( -1587.45 KCAL/MOL)     DIFF =   0.000074
           ITER  5 VO=  -2.528940( -1587.44 KCAL/MOL)     DIFF =   0.000021
           ITER  6 VO=  -2.528936( -1587.44 KCAL/MOL)     DIFF =   0.000005

                VESCF SEQUENCE REQUIRES   0.01 SECONDS.

               GEOMETRY OPTIMIZATION IS CONTINUED UNTIL ATOM
               MOVEMENT CONVERGES WITHIN FOLLOWING VALUES:

                         AVERAGE MOVEMENT  0.00008 A
                         MAXIMUM MOVEMENT  0.00079 A



     <<<<<<<<<<<<<<<<<<<<<<<<<<  C Y C L E   1 >>>>>>>>>>>>>>>>>>>>>>>>>>

                              (CH)-MOVEMENT = 1

     ITER    1  AVG. MOVE = 0.00029 A  (MAX MOVE: ATOM     1   0.00302 A)
     ITER    2  AVG. MOVE = 0.00000 A  (MAX MOVE: ATOM     3   0.00002 A)


     <<<<<<<<<<<<<<<<<<<<<<<<<<  C Y C L E   2 >>>>>>>>>>>>>>>>>>>>>>>>>>

                              (CH)-MOVEMENT = 0

     ITER    3  AVG. MOVE = 0.00000 A  (MAX MOVE: ATOM     6   0.00000 A)


              * * * * * * * * * GEOMETRY IS OPTIMIZED * * * * * * * * *

               WITHIN : AVERAGE MOVEMENT  0.00000 A (LIMIT  0.00008 A)
                        MAXIMUM MOVEMENT  0.00000 A (LIMIT  0.00079 A)

               GRADIENT
                 RMS GRADIENT                  0.000085 KCAL/MOL/A

                 MAX GRADIENT
                   X-DIRECTION : ATOM #    1   0.000247 KCAL/MOL/A
                   Y-DIRECTION : ATOM #    1   0.000202 KCAL/MOL/A
                   Z-DIRECTION : ATOM #    1   0.000000 KCAL/MOL/A

        DELTA TIME =    0.00 SEC.       TOTAL CPU TIME =      0.22 SEC.



          ---------------------------------------------------------------
            BECAUSE OF MOVEMENT DURING THE LONG MINIMIZATION SEQUENCE
            (MORE THAN 6 ITERATIONS), ANOTHER VESCF-MINIMIZATION CYCLE
                   MUST BE DONE TO INSURE COMPLETE CONVERGENCE.
          ---------------------------------------------------------------


      VESCF CALCULATION FOR PLANAR SYSTEM

           ITER  1 VO=  -2.529128( -1587.56 KCAL/MOL)
           ITER  2 VO=  -2.529035( -1587.50 KCAL/MOL)     DIFF =   0.000093
           ITER  3 VO=  -2.529002( -1587.48 KCAL/MOL)     DIFF =   0.000033
           ITER  4 VO=  -2.528995( -1587.48 KCAL/MOL)     DIFF =   0.000008

                VESCF SEQUENCE REQUIRES   0.01 SECONDS.

               GEOMETRY OPTIMIZATION IS CONTINUED UNTIL ATOM
               MOVEMENT CONVERGES WITHIN FOLLOWING VALUES:

                         AVERAGE MOVEMENT  0.00008 A
                         MAXIMUM MOVEMENT  0.00079 A



     <<<<<<<<<<<<<<<<<<<<<<<<<<  C Y C L E   1 >>>>>>>>>>>>>>>>>>>>>>>>>>

                              (CH)-MOVEMENT = 1

     ITER    1  AVG. MOVE = 0.00003 A  (MAX MOVE: ATOM     1   0.00026 A)
     ITER    2  AVG. MOVE = 0.00000 A  (MAX MOVE: ATOM     1   0.00000 A)


     <<<<<<<<<<<<<<<<<<<<<<<<<<  C Y C L E   2 >>>>>>>>>>>>>>>>>>>>>>>>>>

                              (CH)-MOVEMENT = 0

     ITER    3  AVG. MOVE = 0.00000 A  (MAX MOVE: ATOM     3   0.00000 A)


              * * * * * * * * * GEOMETRY IS OPTIMIZED * * * * * * * * *

               WITHIN : AVERAGE MOVEMENT  0.00000 A (LIMIT  0.00008 A)
                        MAXIMUM MOVEMENT  0.00000 A (LIMIT  0.00079 A)

               GRADIENT
                 RMS GRADIENT                  0.000031 KCAL/MOL/A

                 MAX GRADIENT
                   X-DIRECTION : ATOM #    3   0.000090 KCAL/MOL/A
                   Y-DIRECTION : ATOM #    3   0.000066 KCAL/MOL/A
                   Z-DIRECTION : ATOM #    1   0.000000 KCAL/MOL/A

        DELTA TIME =    0.00 SEC.       TOTAL CPU TIME =      0.23 SEC.


                            =====================
                            FULL-MATRIX OPTIMIZER
                            =====================


     iter.  rms force   max force   avg. move    max move  atom  convg  d-time

        0    0.060254    0.214002   0.00002 A   0.00009 A    1    [N]     0.0s
        1    0.000093    0.000267                                 [Y]     0.0s


      TOTAL ENERGY IS      1.6512 KCAL/MOL.

        COMPRESS    0.0068      VDW 1,4    0.7906      DIPL-DIPL    0.9806
        STR-STR     0.0002        OTHER    0.1261      CHRG-DIPL    0.0000
        BENDING     0.2860      TORSION    0.0000      CHRG-CHRG    0.0000
        BEND-BEND  -0.0321      TOR-STR    0.0000      EPR          0.0000
        STR-BEND    0.0111      TOR-BEND   0.0000      TOR-BENBEN   0.0000
        TOR-IMPT    0.0000      TOR-IPIP   0.0000      TORS-TORS    0.0000
        IND-DIP    -0.4272      H-BOND    -0.0910      PI-COMPLX    0.0000
0     DELTA(T) =     0.0 SEC.          ELAPSED TIME =     0.2 SEC.


    * * * ENERGY IS STATIONARY WITHIN RMS OF FORCES   0.00010  Kcal/mol/A * * *

                 * * * *  RMS FORCE IS   0.00009 Kcal/mol/A * * * *



          ---------------------------------------------------------------
            BECAUSE OF BIG MOVEMENT DURING THE MINIMIZATION SEQUENCE
                  ANOTHER VESCF-MINIMIZATION CYCLE MUST BE DONE
                        TO INSURE COMPLETE CONVERGENCE.
          ---------------------------------------------------------------


      VESCF CALCULATION FOR PLANAR SYSTEM

           ITER  1 VO=  -2.528975( -1587.46 KCAL/MOL)
           ITER  2 VO=  -2.528973( -1587.46 KCAL/MOL)     DIFF =   0.000003

                VESCF SEQUENCE REQUIRES   0.00 SECONDS.

                            =====================
                            FULL-MATRIX OPTIMIZER
                            =====================


     iter.  rms force   max force   avg. move    max move  atom  convg  d-time

        0    0.002434    0.008653   0.00000 A   0.00000 A    4    [N]     0.0s
        1    0.000036    0.000086                                 [Y]     0.0s


      TOTAL ENERGY IS      1.6512 KCAL/MOL.

        COMPRESS    0.0068      VDW 1,4    0.7906      DIPL-DIPL    0.9806
        STR-STR     0.0002        OTHER    0.1261      CHRG-DIPL    0.0000
        BENDING     0.2860      TORSION    0.0000      CHRG-CHRG    0.0000
        BEND-BEND  -0.0321      TOR-STR    0.0000      EPR          0.0000
        STR-BEND    0.0111      TOR-BEND   0.0000      TOR-BENBEN   0.0000
        TOR-IMPT    0.0000      TOR-IPIP   0.0000      TORS-TORS    0.0000
        IND-DIP    -0.4272      H-BOND    -0.0910      PI-COMPLX    0.0000
0     DELTA(T) =     0.0 SEC.          ELAPSED TIME =     0.2 SEC.


    * * * ENERGY IS MINIMIZED WITHIN RMS OF FORCES   0.00004  Kcal/mol/A * * *

                 * * * *  RMS FORCE IS   0.00004 Kcal/mol/A * * * *

 
     formamidine-cis                                             


     %=%=%=%=%=%=%=%=%=%=%=%=%=%=%=%=%=%=%=%=%=%=%=%=%=%=%=%=%=%=%=%=%=%=%=

     The Parameters Used in This Calculation Can be Found in the Following
     Publication(s):

     The MM4 Program is Developed by Dr. N. L. Allinger and co-workers at  
     the University of Georgia, Athens, Georgia 30602-2556 USA.            
     (c) Copyright 2003 by N. L. Allinger. All rights reserved.            
                                                                           
     MM4 General Description and Alkanes:                                  
      Allinger,N.L.; Chen,K.; Lii,J.-H. J. Comput. Chem. 1996, 17, 642.    
     Alkenes/Conjugated Hydrocarbons:                                      
      Nevins,N.; Chen,K.; Allinger,N.L. J. Comput. Chem. 1996, 17, 669.    
      Nevins,N.; Lii,J.-H.; Allinger,N.L. J. Comput. Chem. 1996, 17, 695.  
      Nevins,N.; Allinger,N.L. J. Comput. Chem. 1996, 17, 730.             
      Also see "Authors' Notes on MM4 - MM4 Parameters" in MM4 Manual.     
     Note:                                                                 
      Some parameters used in this calculation are NOT finalized.          

     %=%=%=%=%=%=%=%=%=%=%=%=%=%=%=%=%=%=%=%=%=%=%=%=%=%=%=%=%=%=%=%=%=%=%=

     WARNING: Some parameters are read in or estimated by the program.     


               CHEMICAL FORMULA :  C(    1)  H(    4)  N(    2) 
               FORMULA WEIGHT   :     44.038
                                                               DATE : 29-MAY-23

           * M M 4 * * * * * * * * * * * 2 0 0 8 *
           *                                     *   PARAMETER RELIABILITY
           *                                     *
           *                                     *   BLANK = GOOD
           *                                     *       B = FAIR
           *                                     *       C = TRIAL
           *                                     *       R = READ IN
           *                                     *       S = SUBSTITUTED
           *                                     *       U = PARAMETER NOT EXIST
           *                                     *
           *                                     *   THIS IS SHOWN AT THE END 
           *                                     *   OF THE LINE.
           * * * * *  P I - S Y S T E M  * * * * * 


      CONFORMATIONAL ENERGY, PART 3:  GEOMETRY AND STERIC ENERGY
                                      OF FINAL CONFORMATION.

      CONNECTED ATOMS
          1-    2-
          1-    3-

      ATTACHED ATOMS
          1-    4,    2-    5,    3-    6,    3-    7,

      FINAL ATOMIC COORDINATE
           ATOM          X           Y           Z      TYPE  PI #
         C(    1)    -0.08129    -0.40434     0.00000   (  2)   1
         N(    2)    -1.25274     0.14460     0.00000   ( 37)   2
         N(    3)     1.17229     0.17053     0.00000   ( 40)   3
         H(    4)    -0.03904    -1.50723     0.00000   (112)
         H(    5)    -1.18012     1.15739     0.00000   ( 23)
         H(    6)     2.04218    -0.43922     0.00000   ( 23)
         H(    7)     1.26341     1.22808     0.00000   ( 23)

      PLANAR
      ------
      F-MATRIX
       -0.21010 -0.21831 -0.17039
       -0.24211  0.01940
       -0.45829

      H-CORE MATRIX
       -1.33532 -0.08481 -0.10614
       -1.15870 -0.01515
       -1.57984

      GAMMA MATRIX
        0.41368  0.29574  0.30773
        0.44292  0.20194
        0.64147

      MOLECULAR ORBITALS
        0.55368  0.32028  0.76867
        0.37739  0.72633 -0.57448
        0.74230 -0.60816 -0.28128

      EIGENVALUES
       -0.57295 -0.37088  0.03333

      DENSITY MATRIX
        0.89797
        0.90289  1.26027
        0.41760 -0.34213  1.84176

      ELECTRON DENSITIES
         0.8980   1.2603   1.8418

      ORIGINAL EFFECTIVE NUCLEAR CHARGES
        3.25000  3.90000  3.90000

      FINAL EFFECTIVE NUCLEAR CHARGES
        3.28571  3.80890  3.95538

      BOND ORDERS  (P) AND RESONANCE INTEGRALS (B) FOR PI-BONDS
             BOND     P(W)      P(0)      B(0)     P*B(0)
            1-  2    0.9029    0.9029    1.1235    1.0144
            1-  3    0.4176    0.4176    1.4061    0.5872

      BOND ENERGY FROM VESCF CALCULATION(KCAL/MOL)
           SIGMA-BOND    -96.77
           PI-BOND       -98.08
           TOTAL ENERGY -194.84


          DIELECTRIC CONSTANT =  1.500


      BOND LENGTHS AND STRETCHING ENERGY   (    6 BONDS)

        ENERGY = 71.94(KS)(DR)(DR)(1-(CS)(DR)+(7/12)((CS)(DR))**2)-
                       (1/4)((CS)(DR))**3)+(31/360)((CS)(DR))**4))
                         DR =  R-RO
                         CS =  3.000 FOR X-Y BONDS
                            =  2.200 FOR X-H BONDS
                                                            R(0)-CORR        CORR
             BOND          R(g)    R(0)    K(S)  ENERGY   E-NEG  MISCEL       KS
      C(    1)- N(    2)  1.2937  1.2927  8.541  0.0005                           C
      C(    1)- N(    3)  1.3791  1.3754  5.505  0.0054                           R
      C(    1)- H(    4)  1.1037  1.1030  5.150  0.0002                            
      N(    2)- H(    5)  1.0154  1.0150  6.060  0.0001                           S
      N(    3)- H(    6)  1.0623  1.0610  4.536  0.0006                           C
      N(    3)- H(    7)  1.0615  1.0610  4.536  0.0001                           C


      NON-BONDED DISTANCES, VDW AND EPR ENERGY   (     8 PAIRS)

              E(VDW) = KV*(1.84(10**5)EXP(-12.00/P) - 2.25(P**6))
              E(EPR) = C*KV*(1.84(10**5)EXP(-12.00/Q) - 2.25(Q**6))
              E(HBD) = EP1-EP2*F(THET1,THET2)*RTH/RTH0
                            EP1 = KHB*2.76(10**5)*EXP(-12.0/P)
                            EP2 = KHB*2.25(P**6)
                              F = FAC*(1+COS(THET1)^N*(1+COS(THET2))^N

            IF P > 3.020, THEN,
              E(VDW) = KV(192.270)(P**2)
              E(HBD) = EP1-EP2*F(THET1,THET2)*RTH/RTH0
                            EP1 = KHB*569.14*P**2
                            EP2 = KHB*187.16*P**2

                       RV = RVDW(I) + RVDW(K)
                       KV = SQRT(EPS(I)*EPS(K))
                      KHB = HYDROGEN BOND ENERGY PARAMETER
                        P = (RV/R) OR (RV/R#)
                        C = SCALE FACTOR
                        Q = RV/R, WHERE R IS MODIFIED DISTANCE
                        N = 1 WHEN Y IS NITROGEN, AND 2 FOR OTHERS
                      FAC = 1/4 WHEN N=1, AND 1/16 WHEN N=2
                    THET1 = ANGLE H-X-Y IN HYDROGEN BOND X-H...Y
                    THET2 = ANGLE X-Y-LP IN HYDROGEN BOND X...Y-LP
                      RTH = BOND LENGTH X-H IN X-H...Y
                     RTH0 = NATURAL BOND LENGTH X-H

          # IN THE VDW CALCULATIONS THE HYDROGEN ATOMS ARE RELOCATED
          SO THAT THE ATTACHED HYDROGEN DISTANCE IS REDUCED BY 0.940

          # IN THE VDW CALCULATIONS THE DEUTERIUM ATOMS ARE RELOCATED
          SO THAT THE ATTACHED DEUTERIUM DISTANCE IS REDUCED BY  0.940

           ATOM PAIR          R       R#       RV      KV       ENERGY
      C(    1), H(    5)   1.9096
      C(    1), H(    6)   2.1238
      C(    1), H(    7)   2.1149
      N(    2), N(    3)   2.4252
      N(    2), H(    4)   2.0498
      N(    2), H(    6)   3.3462   3.2886   2.250   0.4500    -0.0067   *H    
      N(    2), H(    7)   2.7395   2.7100   2.250   0.4500    -0.0843   *H    
      N(    3), H(    4)   2.0693
      N(    3), H(    5)   2.5510   2.5322   3.460   0.0312     0.4237  1,4    
      H(    4), H(    5)   2.8987   2.7832   3.240   0.0175     0.0094  1,4    
      H(    4), H(    6)   2.3393   2.2816   3.240   0.0175     0.3655  1,4    
      H(    4), H(    7)   3.0296   2.9118   3.240   0.0175    -0.0080  1,4    
      H(    5), H(    6)   3.5962   3.5107   3.200   0.0180    -0.0169         
      H(    5), H(    7)   2.4445   2.4434   3.200   0.0180     0.1430         
      H(    6), H(    7)   1.8402


      BOND ANGLES, BENDING AND STRETCH-BEND ENERGIES   (    7 ANGLES)

          EB = 0.02191418(KB)(DT)(DT)(1+CF*DT+QF*DT**2+PF*DT**3+SF*DT**4)
                          DT = THETA-TZERO
                          CF = -1800.000E-5
                          QF =     7.200E-5
                          PF =     0.135E-5
                          SF =     0.004E-6
          ESS =  143.88(KSTST)(DR1)(DR2)
          ESB =  2.51118(KSB)(DT)(DR1+DR2)
          EBB = -0.02191418(KBB)(DT1)(DT2)
                          DR1 = R1 - R1(0)
                          DR2 = R2 - R2(0)

               A T O M S             THETA    TZERO     KB     EB    KSB   ESB   KSS   ESS
      N(    2)- C(    1)- N(    3)  130.257  126.001  0.400  0.1469 0.14 0.0070 0.40 0.0002 C
          OUT-PL    1-    4-    1     0.000           1.200  0.0000                          
      N(    2)- C(    1)- H(    4)  117.302  116.501  0.640  0.0089 0.10 0.0003             C
          OUT-PL    1-    3-    1     0.000           1.000  0.0000                         C
      N(    3)- C(    1)- H(    4)  112.441  110.001  0.500  0.0624 0.10 0.0027             C
          OUT-PL    1-    2-    1     0.000           1.000  0.0000                         C
      C(    1)- N(    2)- H(    5)  111.006  109.801  0.670  0.0209 0.03 0.0001             C
      C(    1)- N(    3)- H(    6)  120.336  118.501  0.490  0.0350 0.03 0.0007             C
          OUT-PL    3-    7-    3     0.000           1.500  0.0000                         C
      C(    1)- N(    3)- H(    7)  119.559  118.501  0.490  0.0118 0.03 0.0003             C
          OUT-PL    3-    6-    3     0.000           1.500  0.0000                         C
      H(    6)- N(    3)- H(    7)  120.105  120.001  0.493  0.0001
          OUT-PL    3-    1-    3     0.000           1.500  0.0000                         C


     DIHEDRAL ANGLES, TORSIONAL ENERGY (ET)   (     6 ANGLES)

           ET = (V1/2)(1+COS(W))+(V2/2)(1-COS(2W))+(V3/2)(1+COS(3W))+
                                 (V4/2)(1-COS(4W))+(V6/2)(1+COS(6W))
         EBTB =  0.043828*(KBTB)(DTH1)(COS(W))(DTH2)
         ETS1 = -0.5*(RC-RC0)[KTSC1*(1+COS(W))+KTSC2*(1-COS(2W))+KTSC3*(1+COS(3W))]
         ETS2 = -0.5*(RT-RT0)[KTST1*(1+COS(W))+KTST2*(1-COS(2W))+KTST3*(1+COS(3W))]
          ETB =  2.51124*(DTH)[KTB1(1+COS(W))+KTB2*(1-COS(2W))+KTB3*(1+COS(3W))]
                      RC   = CENTRAL BOND LENGTH
                      RT   = TERMINAL BOND LENGTH
                      DTH1 = THETA1 - TZERO1
                      DTH2 = THETA2 - TZERO2

           SIGN OF ANGLE A-B-C-D : WHEN LOOKING THROUGH B TOWARD C,
           IF D IS COUNTERCLOCKWISE FROM A, NEGATIVE.

                A T O M S                OMEGA    V1     V2     V3     V4     V6     E    KBTB   EBTB
    N(    2) C(    1) N(    3) H(    6)  180.0  0.000  5.767  0.000  0.000  0.000  0.000              R
    N(    2) C(    1) N(    3) H(    7)    0.0  0.000  5.767  0.000  0.000  0.000  0.000              R
    N(    3) C(    1) N(    2) H(    5)    0.0  0.000 10.723  0.000  0.000  0.000  0.000              R
    H(    4) C(    1) N(    2) H(    5) -180.0  0.000 12.008  0.000  0.566  0.000  0.000              S
       TORS-BEND   -0.020  0.000  0.000                       0.010  0.000  0.000  0.000
    H(    4) C(    1) N(    3) H(    6)    0.0  0.000  5.767  0.000  0.000  0.000  0.000              R
    H(    4) C(    1) N(    3) H(    7) -180.0  0.000  5.767  0.000  0.000  0.000  0.000              R

     DIPOLE-DIPOLE INTERACTION ENERGY  (DIELECTRIC CONSTANT = 1.50)

          E = 14.388*MU1*MU2*(COSX-3*COSA*COSB)/(R12**3*DIELC)

               MU1 = BOND MOM OF BOND 1
               MU2 = BOND MOM OF BOND 2
               R12 = DISTANCE BETWEEN MID-POINTS OF TWO BONDS.

          BOND(1)         MU1           BOND(2)         MU2      R12        E
     C(    1)- N(    2)  0.450   + N(    3)- H(    6) -0.850   2.2743   -0.3882      C
     C(    1)- N(    2)  0.450   + N(    3)- H(    7) -0.850   2.0592   -0.5429      C
     C(    1)- N(    3)  0.450   + N(    2)- H(    5) -0.900   1.9220   -0.6274      S
     C(    1)- H(    4) -0.600   + N(    2)- H(    5) -0.900   1.9796    0.6182      S
     C(    1)- H(    4) -0.600   + N(    3)- H(    6) -0.850   1.8588    0.9084      C
     C(    1)- H(    4) -0.600   + N(    3)- H(    7) -0.850   2.0911    0.5052      C
     N(    2)- H(    5) -0.900   + N(    3)- H(    6) -0.850   2.9308    0.0137      S
     N(    2)- H(    5) -0.900   + N(    3)- H(    7) -0.850   2.4348    0.4936      S


 ==============================================================================
                        NORMAL MODE VIBRATIONAL ANALYSIS
 ==============================================================================


             Molecular Shape : PLANAR
        Symmetry Point Group : Cs  
             Symmetry Number :  1
                   Chirality :  no



0       FUNDAMENTAL NORMAL VIBRATIONAL FREQUENCIES
                ( THEORETICALLY  15 VALUES )

             Frequency :  in 1/cm
             A(i)      :  IR intensity (vs,s,m,w,vw,-- or in 10**6 cm/mole)
             A(i) = -- :  IR inactive


             no       Frequency   Symmetry      A(i)

             1.          3303.3     (A`  )        m
             2.          3061.4     (A`  )        m
             3.          2902.3     (A`  )        m
             4.          2811.6     (A`  )        m
             5.          1666.2     (A`  )        w
             6.          1524.1     (A`  )        m
             7.          1290.6     (A`  )        m
             8.          1157.6     (A`  )        m
             9.          1046.1     (A"  )        m
            10.          1020.3     (A`  )        m
            11.           962.5     (A`  )        w
            12.           821.8     (A"  )        s
            13.           686.2     (A"  )        w
            14.           566.2     (A"  )        w
            15.           416.3     (A`  )        w
            16.     (       0.0)    (t/r )
            17.     (       0.0)    (t/r )
            18.     (       0.0)    (t/r )
            19.     (       0.0)    (t/r )
            20.     (       0.0)    (t/r )
            21.     (       0.0)    (t/r )


0       CORRESPONDING EIGEN VECTOR MATRIX   21 BY  21



 (  1)
     0.002   -0.003    0.000    0.003    0.071    0.000    0.000    0.000
     0.000    0.005    0.009    0.000   -0.071   -0.958    0.000    0.001
    -0.001    0.000    0.000   -0.002    0.000

 (  2)
    -0.006    0.084    0.000    0.004   -0.001    0.000   -0.003   -0.001
     0.000    0.034   -0.952    0.000    0.006   -0.013    0.000    0.025
    -0.006    0.000   -0.004    0.006    0.000

 (  3)
     0.001   -0.003    0.000    0.000    0.000    0.000   -0.034    0.078
     0.000   -0.010    0.009    0.000    0.002    0.002    0.000    0.520
    -0.372    0.000   -0.053   -0.692    0.000

 (  4)
    -0.006    0.000    0.000    0.000    0.000    0.000    0.053    0.021
     0.000    0.006   -0.024    0.000    0.000    0.000    0.000   -0.597
     0.390    0.000   -0.080   -0.656    0.000

 (  5)
     0.211   -0.020    0.000   -0.114    0.028    0.000   -0.065   -0.016
     0.000   -0.356   -0.055    0.000    0.104    0.021    0.000    0.018
     0.153    0.000    0.194   -0.053    0.000

 (  6)
     0.057   -0.025    0.000   -0.054    0.014    0.000    0.074    0.040
     0.000   -0.112   -0.043    0.000    0.070    0.008    0.000   -0.317
    -0.558    0.000   -0.599    0.124    0.000

 (  7)
     0.036   -0.063    0.000   -0.090    0.067    0.000   -0.010   -0.009
     0.000    0.854   -0.045    0.000    0.058    0.068    0.000   -0.034
    -0.051    0.000    0.091   -0.022    0.000

 (  8)
     0.013   -0.111    0.000    0.032    0.052    0.000    0.011    0.052
     0.000   -0.108   -0.131    0.000   -0.776    0.114    0.000   -0.129
    -0.144    0.000    0.263    0.037    0.000

 (  9)
     0.000    0.000   -0.042    0.000    0.000   -0.054    0.000    0.000
    -0.007    0.000    0.000    0.695    0.000    0.000    0.641    0.000
     0.000   -0.124    0.000    0.000    0.142

 ( 10)
     0.083    0.093    0.000    0.060    0.011    0.000   -0.080   -0.103
     0.000    0.180    0.106    0.000   -0.449    0.047    0.000    0.065
     0.106    0.000   -0.499   -0.081    0.000

 ( 11)
    -0.039   -0.064    0.000   -0.085    0.047    0.000    0.127   -0.024
     0.000   -0.113   -0.070    0.000   -0.138    0.054    0.000    0.464
     0.439    0.000   -0.337    0.017    0.000

 ( 12)
     0.000    0.000    0.113    0.000    0.000   -0.045    0.000    0.000
    -0.126    0.000    0.000   -0.208    0.000    0.000    0.239    0.000
     0.000    0.521    0.000    0.000    0.467

 ( 13)
     0.000    0.000   -0.099    0.000    0.000    0.072    0.000    0.000
    -0.028    0.000    0.000    0.396    0.000    0.000   -0.531    0.000
     0.000    0.130    0.000    0.000    0.580

 ( 14)
     0.000    0.000   -0.125    0.000    0.000    0.061    0.000    0.000
     0.008    0.000    0.000    0.053    0.000    0.000    0.153    0.000
     0.000    0.745    0.000    0.000   -0.416

 ( 15)
     0.001    0.153    0.000   -0.112   -0.074    0.000    0.109   -0.044
     0.000    0.047    0.151    0.000   -0.313   -0.061    0.000   -0.001
    -0.208    0.000    0.310   -0.063    0.000

 ( 16)
    -0.001   -0.080   -0.135    0.031   -0.011   -0.035    0.033   -0.155
    -0.081   -0.067   -0.083   -0.288    0.092   -0.015    0.104   -0.003
    -0.206   -0.183    0.096   -0.160    0.064

 ( 17)
     0.006   -0.002    0.056    0.007    0.000   -0.004    0.007   -0.004
    -0.191    0.004   -0.002    0.350    0.008    0.000   -0.282    0.006
    -0.005   -0.092    0.009   -0.004   -0.482

 ( 18)
     0.004   -0.042    0.026    0.008   -0.033   -0.200    0.008   -0.051
     0.082   -0.004   -0.042    0.207    0.016   -0.034   -0.353    0.004
    -0.058    0.281    0.016   -0.052   -0.077

 ( 19)
    -0.006    0.022    0.106    0.052    0.146    0.071    0.055   -0.111
     0.058   -0.123    0.017    0.186    0.159    0.138   -0.003   -0.010
    -0.204    0.098    0.167   -0.121   -0.020

 ( 20)
    -0.131    0.070   -0.058   -0.102    0.132   -0.067   -0.101    0.003
    -0.028   -0.189    0.068   -0.075   -0.048    0.128   -0.049   -0.133
    -0.043   -0.024   -0.044   -0.001   -0.009

 ( 21)
     0.091    0.096   -0.082    0.094    0.103   -0.083    0.094    0.090
    -0.028    0.085    0.096   -0.131    0.100    0.102   -0.035    0.091
     0.085   -0.036    0.100    0.089    0.023


                VIBRATIONAL AMPLITUDE AND CENTRIFUGAL DISTORTION
                 CONTRIBUTIONS TO THE BOND LENGTH AT   298.16 K

                 Note: Excludes contributions from frequencies
                       lower than 40 (1/cm).

                R(e)   = r(mm4) - 1.5 * anh * <Z**2>(298.16)
                R(z)   = R(e) + 1.5 * anh * <Z**2>(0) - <K>(0))
                R(s)   = [R(e) + R(z)] / 2
                R(alp) = R(e) + 1.5 * anh * <Z**2>(T) - <K>(T) - <C>(T)
                R(g)   = R(e) + 1.5 * anh * <Z**2>(T)
                R(a)   = [R(g) + sqrt(R(g)**2-4*<Z**2>(T))] / 2

                       anh = anharmonicity (2.00)
                    <Z**2> = mean-square vibrational amplitude
                       <K> = perpendicular vibrational amplitude
                       <C> = centrifugal correction

        BOND          R(g)      R(z)      R(e)     R(alp)     R(s)      R(a)
    2( N)-  1( C)    1.2937    1.2915    1.2885    1.2909    1.2900    1.2924
    3( N)-  1( C)    1.3791    1.3774    1.3727    1.3766    1.3750    1.3776
    4( H)-  1( C)    1.1037    1.0917    1.0859    1.0913    1.0888    1.0983
    5( H)-  2( N)    1.0154    1.0008    0.9991    1.0003    1.0000    1.0100
    6( H)-  3( N)    1.0623    1.0466    1.0435    1.0456    1.0450    1.0564
    7( H)-  3( N)    1.0615    1.0468    1.0427    1.0460    1.0447    1.0555


                  Non-Bonded Atom Pair Distance Table
        (Distance greater than 82% of VDW distance are not printed)

        PAIR        Dist(g)   Dist(z)
    5( H),  3( N)    2.5510    2.5468       1,4
    6( H),  4( H)    2.3393    2.3282       1,4
    7( H),  2( N)    2.7395    2.7259          
    7( H),  5( H)    2.4445    2.4430          


         THE MOMENTS OF INERTIA CALCULATED FROM R(g), R(z) VALUES
                  (also from R(e), R(alpha), R(s) VALUES)

         Note: (1) All calculations are based on principle isotopes.
               (2) R(z) values include harmonic vibration (Coriolis)
                   contribution indicated in parentheses.


   (1)  UNIT = 10**(-39) GM*CM**2

                    IX                   IY                   IZ

   R(e)         1.3222               7.9247               9.2469
   R(z)         1.3202( 0.0040)      8.0223( 0.0102)      9.3338( 0.0055)

   (2)  UNIT = AU A**2

                    IX                   IY                   IZ

   R(e)         7.9633              47.7287              55.6920
   R(z)         7.9515( 0.0238)     48.3164( 0.0615)     56.2157( 0.0332)


 ==============================================================================
                      STATISTICAL THERMODYNAMICS ANALYSIS
 ==============================================================================

  Structure name    : formamidine-cis                                             
  Temperature       :   298.16 K
  Symmetry number   :   1
  Optical isomers   :   1
  Zero Point Energy :   33.221 Kcal/mol


                     ENERGY** ENTHALPY**  ENTROPY  FREE ENERGY** HEAT CAPACITY**
                  (Kcal/mol) (Kcal/mol)     (eu)   (Kcal/mol)    (cal/mol/deg)
  Translational       0.889      0.889     37.276    -10.226         2.981
     Rotational       0.889      0.889     21.534     -5.532         2.981
    Vibrational*     33.729%    33.729%     2.296     33.045%        5.609
         PV(RT)       0.000      0.593      0.000      0.593         1.987
      Potential       1.651#     1.651#     0.000      1.651#        0.000
         Mixing       0.000      0.000      0.000      0.000         0.000
          Total*     37.158     37.750     61.106     19.531        13.559

  Enthalpy Function (H-Ho)/T     =    9.65 cal/mol/deg
  Free Energy Function -(G-Ho)/T =   51.45 cal/mol/deg

  % Includes zero point energy (ZPE).
  * Excludes contribution from frequencies lower than 10 (1/cm).
  # Includes steric energy (SE).
    Internal rotation contributions are not considered
 ** These quantities are relative to the R(e) values (
    bottom of potential well) and do NOT include bonding

  This structure has   0 imaginary frequencies,
                       0 free internal rotation (fir) frequencies
                         (>= 0,< 10 /cm),
                       0 restricted internal rotation (rir) frequencies
                         (>= 10,< 40 /cm),
                       6 zero frequencies, and
                      15 real frequencies.


      FINAL STERIC ENERGY IS                1.6512 KCAL/MOL.
        (WITHOUT ELECTRONIC ENERGY CORR.)


                  COMPRESSION               0.0068
                  STRETCH-STRETCH           0.0002
                  BENDING                   0.2860
                  BEND-BEND                -0.0321
                  STRETCH-BEND              0.0111
                  VANDERWAALS
                    1,4 ENERGY              0.7906
                    OTHER                   0.1261
                  H-BONDING                -0.0910
                  PI-COMPLX                 0.0000
                  TORSIONAL                 0.0000
                  TORSION-STRETCH           0.0000
                  TORSION-BEND              0.0000
                  BEND-TORSION-BEND         0.0000
                  TORSION-IMPT              0.0000
                  IMPT-TORSION-IMPT         0.0000
                  TORSION-TORSION           0.0000
                  DIPOLE-DIPOLE             0.9806
                  CHARGE-DIPOLE             0.0000
                  IND-DIP CORR.            -0.4272
                  CHARGE-CHARGE             0.0000


      FINAL ENERGY IS                    -193.1996 KCAL/MOL.
        (WITH ELECTRONIC ENERGY CORR.)

                  STERIC                    1.6512
                  SIGMA-STRETCH            -0.0059
                  ELECTRONIC             -194.8449


      MOLECULAR POLARIZABILITIES (A**3)

        ALPHA(1)   =       4.75
        ALPHA(2)   =       3.35
        ALPHA(3)   =       3.02
        AVG. ALPHA =       3.71


      DIPOLE MOMENT =          0.8411 D

        PI-DIPOLE MOMENT    =  1.5795 (X =  1.5712    Y = -0.1620    Z =  0.0000)
        SIGMA-DIPOLE MOMENT =  0.8990 (X = -0.8548    Y = -0.2786    Z =  0.0000)


      DIPOLE MOMENT =          0.6461 D (INCLUDES INDUCED BOND MOMENTS)

        PI-DIPOLE MOMENT    =  1.5795 (X =  1.5712    Y = -0.1620    Z =  0.0000)
        SIGMA-DIPOLE MOMENT =  0.9351 (X = -0.9258    Y =  0.1313    Z =  0.0000)


      OTHER MOLECULAR PROPERTIES:

        Molar Polarizability:     9.4324 cm**3/mole
        Molar Refraction:         9.3462 cm**3/mole
        Radius of Gyration:       1.6032 A
        Molecular VDW Surface:  100.1479 A**2
        Molecular VDW Volume:    77.0134 A**3
        Dispersion Energy:       -1.1796 Kcal/mole
        Density (gas):          0.001800 g/cm**3 (@  298.2 K, 1 atm)
        Density (cdn):            0.8004 g/cm**3 (@STP Estd.)
        Ref. Index (gas):       1.000573 (@  298.2 K, 1 atm)
        Ref. Index (cdn):         1.2707 (@STP Estd.)
        Diel. Constant (gas):     1.0031 (@  298.2 K, 1 atm)
        Diel. Constant (cdn):     7.1298 (@STP Estd.)



      TOTAL ATOMIC CHARGE ON EACH ATOM (in ELECTRON CHARGE)

           C(    1):          0.085
           N(    2):         -0.183
           N(    3):         -0.314
           H(    4):          0.000
           H(    5):          0.098
           H(    6):          0.157
           H(    7):          0.157

      -----------------------------------------------------------------

        END OF formamidine-cis                                             


           TOTAL CPU TIME IS      0.27 SECONDS.

           THIS JOB COMPLETED AT    20:47:36
