 
               ---------------------------------------------
               WARNING : INCORRECT ATOM TYPES GIVEN IN INPUT
                         DATA ARE CORRECTED AS FOLLOWS
               ---------------------------------------------


             Atom type of atom    1 is replaced by   8 (was   0)
             Atom type of atom    2 is replaced by   1 (was   0)
             Atom type of atom    3 is replaced by   1 (was   0)
             Atom type of atom    4 is replaced by   1 (was   0)
             Atom type of atom    5 is replaced by   5 (was   0)
             Atom type of atom    6 is replaced by   5 (was   0)
             Atom type of atom    7 is replaced by   5 (was   0)
             Atom type of atom    8 is replaced by   5 (was   0)
             Atom type of atom    9 is replaced by  23 (was   0)
             Atom type of atom   10 is replaced by   5 (was   0)
             Atom type of atom   11 is replaced by   5 (was   0)
             Atom type of atom   12 is replaced by   5 (was   0)
             Atom type of atom   13 is replaced by   5 (was   0)
 
     N-Me-ethylamine-a                                           

               CHEMICAL FORMULA :  C(    3)  H(    9)  N(    1) 
               FORMULA WEIGHT   :     59.075
                                                               DATE 30-MAY-23
                                                               TIME  11:41:06


          THE COORDINATES OF    13 ATOMS ARE READ IN.
          SOME CONSTANTS WILL BE READ IN.

      CONFORMATIONAL ENERGY, PART 1:  GEOMETRY AND STERIC ENERGY
                                      OF INITIAL CONFORMATION.


      CONNECTED ATOMS
          1-    2-    3-
          1-    4-

      ATTACHED ATOMS
          1-    9,    2-    5,    2-    6,    3-    7,    3-    8,    3-   10,
          4-   11,    4-   12,    4-   13,

      INITIAL ATOMIC COORDINATES
           ATOM          X           Y           Z      TYPE
         N(    1)    -1.08455    -0.29212    -0.08127   (  8)
         C(    2)     0.00376     0.70317     0.09534   (  1)
         C(    3)     1.39442     0.05339    -0.06579   (  1)
         C(    4)    -2.44727     0.28511    -0.04395   (  1)
         H(    5)    -0.09215     1.48934    -0.65890   (  5)
         H(    6)    -0.05997     1.16628     1.08488   (  5)
         H(    7)     2.17287     0.81248     0.03328   (  5)
         H(    8)     1.54897    -0.70743     0.70173   (  5)
         H(    9)    -1.01790    -0.99451     0.66605   ( 23)
         H(   10)     1.48108    -0.41175    -1.04965   (  5)
         H(   11)    -3.18170    -0.50983    -0.18653   (  5)
         H(   12)    -2.64392     0.77427     0.91337   (  5)
         H(   13)    -2.57363     1.01162    -0.84898   (  5)

        %=%=%=%=%=%=%=%=%=%=%=%=%=%=%=%=%=%=%=%=%=%=%=%=%=%=%=

        MM4(08)-v010108: (Const:V010108-00)

        The Parameters Used in This Calculation Can be Found
        in the Publication(s) Listed in the PART 3

        %=%=%=%=%=%=%=%=%=%=%=%=%=%=%=%=%=%=%=%=%=%=%=%=%=%=%=


          DIELECTRIC CONSTANT =  1.500


      INITIAL STERIC ENERGY IS              0.1394 KCAL/MOL.

                  COMPRESSION               1.1594
                  STRETCH-STRETCH          -0.0121
                  BENDING                   5.1268
                  BEND-BEND                -0.3796
                  STRETCH-BEND              0.2292
                  VANDERWAALS
                    1,4 ENERGY              2.1236
                    OTHER                   0.0505
                  H-BONDING                 0.0000
                  PI-COMPLX                 0.0000
                  TORSIONAL                -0.5358
                  TORSION-STRETCH           0.2649
                  TORSION-BEND             -7.8747
                  BEND-TORSION-BEND         0.1014
                  TORSION-IMPT              0.0000
                  IMPT-TORSION-IMPT         0.0000
                  TORSION-TORSION           0.0020
                  DIPOLE-DIPOLE             0.0000
                  CHARGE-DIPOLE             0.0000
                  IND_DIP CORR.            -0.1165
                  CHARGE-CHARGE             0.0000


      MOMENT OF INERTIA ( R(g) ) WITH THE PRINCIPAL AXES

          (1)  UNIT = 10**(-39) GM*CM**2
               IX=    3.2300    IY=   22.2547    IZ=   23.6553

          (2)  UNIT = AU A**2
               IX=   19.4543    IY=  134.0401    IZ=  142.4759


      MOLECULAR POLARIZABILITIES (A**3)

        ALPHA(1)   =      10.25
        ALPHA(2)   =       8.34
        ALPHA(3)   =       7.19
        AVG. ALPHA =       8.59


      DIPOLE MOMENT =          1.0847 D

        SIGMA-DIPOLE MOMENT =  1.0847 (X =  0.0339    Y =  0.2306    Z = -1.0593)


      DIPOLE MOMENT =          0.9974 D (INCLUDES INDUCED BOND MOMENTS)

        SIGMA-DIPOLE MOMENT =  0.9974 (X =  0.0172    Y =  0.1902    Z = -0.9789)


      OTHER MOLECULAR PROPERTIES:

        Molar Polarizability:    21.7693 cm**3/mole
        Molar Refraction:        21.6712 cm**3/mole
        Radius of Gyration:       2.2397 A
        Molecular VDW Surface:  148.2306 A**2
        Molecular VDW Volume:   123.0849 A**3
        Dispersion Energy:       -5.4947 Kcal/mole
        Density (gas):          0.002413 g/cm**3 (@  298.2 K, 1 atm)
        Density (cdn):            0.6832 g/cm**3 (@STP Estd.)
        Ref. Index (gas):       1.001330 (@  298.2 K, 1 atm)
        Ref. Index (cdn):         1.4160 (@STP Estd.)
        Diel. Constant (gas):     1.0049 (@  298.2 K, 1 atm)
        Diel. Constant (cdn):     6.7585 (@STP Estd.)



      CPU TIME FOR INITIAL CALCULATION IS     0.03 SECONDS.
 


     N-Me-ethylamine-a                                           


     CONFORMATIONAL ENERGY, PART 2: GEOMETRY MINIMIZATION

               GEOMETRY OPTIMIZATION IS CONTINUED UNTIL ATOM
               MOVEMENT CONVERGES WITHIN FOLLOWING VALUES:

                         AVERAGE MOVEMENT  0.00011 A
                         MAXIMUM MOVEMENT  0.00108 A



     <<<<<<<<<<<<<<<<<<<<<<<<<<  C Y C L E   1 >>>>>>>>>>>>>>>>>>>>>>>>>>

                              (CH)-MOVEMENT = 0

     ITER    1  AVG. MOVE = 0.01284 A  (MAX MOVE: ATOM     9   0.07409 A)
     ITER    2  AVG. MOVE = 0.00640 A  (MAX MOVE: ATOM     9   0.05882 A)
     ITER    3  AVG. MOVE = 0.00189 A  (MAX MOVE: ATOM    13   0.01244 A)
     ITER    4  AVG. MOVE = 0.00137 A  (MAX MOVE: ATOM    13   0.00990 A)
     ITER    5  AVG. MOVE = 0.00111 A  (MAX MOVE: ATOM    13   0.00838 A)
     ITER    6  AVG. MOVE = 0.00093 A  (MAX MOVE: ATOM    13   0.00724 A)
     ITER    7  AVG. MOVE = 0.00079 A  (MAX MOVE: ATOM    13   0.00632 A)
     ITER    8  AVG. MOVE = 0.00068 A  (MAX MOVE: ATOM    13   0.00555 A)
     ITER    9  AVG. MOVE = 0.00059 A  (MAX MOVE: ATOM    13   0.00491 A)
     ITER   10  AVG. MOVE = 0.00053 A  (MAX MOVE: ATOM    13   0.00436 A)
     ITER   11  AVG. MOVE = 0.00048 A  (MAX MOVE: ATOM    13   0.00390 A)
     ITER   12  AVG. MOVE = 0.00043 A  (MAX MOVE: ATOM    13   0.00350 A)
     ITER   13  AVG. MOVE = 0.00039 A  (MAX MOVE: ATOM    13   0.00316 A)
     ITER   14  AVG. MOVE = 0.00036 A  (MAX MOVE: ATOM    13   0.00286 A)
     ITER   15  AVG. MOVE = 0.00033 A  (MAX MOVE: ATOM    13   0.00261 A)
     ITER   16  AVG. MOVE = 0.00031 A  (MAX MOVE: ATOM    13   0.00238 A)
     ITER   17  AVG. MOVE = 0.00029 A  (MAX MOVE: ATOM    13   0.00218 A)
     ITER   18  AVG. MOVE = 0.00027 A  (MAX MOVE: ATOM    13   0.00201 A)
     ITER   19  AVG. MOVE = 0.00026 A  (MAX MOVE: ATOM    13   0.00186 A)
     ITER   20  AVG. MOVE = 0.00024 A  (MAX MOVE: ATOM    13   0.00172 A)
     ITER   21  AVG. MOVE = 0.00023 A  (MAX MOVE: ATOM    13   0.00159 A)
     ITER   22  AVG. MOVE = 0.00022 A  (MAX MOVE: ATOM    13   0.00148 A)
     ITER   23  AVG. MOVE = 0.00021 A  (MAX MOVE: ATOM    13   0.00138 A)
     ITER   24  AVG. MOVE = 0.00020 A  (MAX MOVE: ATOM    13   0.00129 A)
     ITER   25  AVG. MOVE = 0.00019 A  (MAX MOVE: ATOM    13   0.00121 A)
     ITER   26  AVG. MOVE = 0.00018 A  (MAX MOVE: ATOM    12   0.00116 A)
     ITER   27  AVG. MOVE = 0.00018 A  (MAX MOVE: ATOM    12   0.00111 A)
     ITER   28  AVG. MOVE = 0.00017 A  (MAX MOVE: ATOM    12   0.00107 A)
     ITER   29  AVG. MOVE = 0.00016 A  (MAX MOVE: ATOM    12   0.00103 A)
     ITER   30  AVG. MOVE = 0.00016 A  (MAX MOVE: ATOM    12   0.00099 A)
     ITER   31  AVG. MOVE = 0.00015 A  (MAX MOVE: ATOM    12   0.00096 A)
     ITER   32  AVG. MOVE = 0.00015 A  (MAX MOVE: ATOM    12   0.00093 A)
     ITER   33  AVG. MOVE = 0.00014 A  (MAX MOVE: ATOM    12   0.00089 A)
     ITER   34  AVG. MOVE = 0.00014 A  (MAX MOVE: ATOM    12   0.00086 A)
     ITER   35  AVG. MOVE = 0.00014 A  (MAX MOVE: ATOM    12   0.00083 A)
     ITER   36  AVG. MOVE = 0.00013 A  (MAX MOVE: ATOM    12   0.00081 A)
     ITER   37  AVG. MOVE = 0.00013 A  (MAX MOVE: ATOM    12   0.00078 A)
     ITER   38  AVG. MOVE = 0.00012 A  (MAX MOVE: ATOM    12   0.00075 A)
     ITER   39  AVG. MOVE = 0.00012 A  (MAX MOVE: ATOM    12   0.00073 A)
     ITER   40  AVG. MOVE = 0.00012 A  (MAX MOVE: ATOM    12   0.00071 A)
     ITER   41  AVG. MOVE = 0.00011 A  (MAX MOVE: ATOM    12   0.00068 A)
     ITER   42  AVG. MOVE = 0.00011 A  (MAX MOVE: ATOM    12   0.00066 A)
     ITER   43  AVG. MOVE = 0.00011 A  (MAX MOVE: ATOM    12   0.00064 A)


              * * * * * * * * * GEOMETRY IS OPTIMIZED * * * * * * * * *

               WITHIN : AVERAGE MOVEMENT  0.00011 A (LIMIT  0.00011 A)
                        MAXIMUM MOVEMENT  0.00064 A (LIMIT  0.00108 A)

               GRADIENT
                 RMS GRADIENT                  0.028648 KCAL/MOL/A

                 MAX GRADIENT
                   X-DIRECTION : ATOM #    3   0.004889 KCAL/MOL/A
                   Y-DIRECTION : ATOM #    1   0.040946 KCAL/MOL/A
                   Z-DIRECTION : ATOM #    2   0.088638 KCAL/MOL/A

        DELTA TIME =    0.00 SEC.       TOTAL CPU TIME =      0.04 SEC.


                            =====================
                            FULL-MATRIX OPTIMIZER
                            =====================


     iter.  rms force   max force   avg. move    max move  atom  convg  d-time

        0    0.048553    0.153605   0.00237 A   0.01309 A   12    [N]     0.0s
        1    0.009424    0.024337   0.00001 A   0.00006 A   12    [N]     0.0s
        2    0.000042    0.000163                                 [Y]     0.0s


      TOTAL ENERGY IS     -2.6662 KCAL/MOL.

        COMPRESS    0.6439      VDW 1,4    2.1063      DIPL-DIPL    0.0000
        STR-STR    -0.0002        OTHER    0.1819      CHRG-DIPL    0.0000
        BENDING     5.9337      TORSION   -0.6536      CHRG-CHRG    0.0000
        BEND-BEND  -0.4608      TOR-STR   -1.2181      EPR          0.0000
        STR-BEND    0.1742      TOR-BEND  -9.2717      TOR-BENBEN   0.0066
        TOR-IMPT    0.0000      TOR-IPIP   0.0000      TORS-TORS    0.0001
        IND-DIP    -0.1085      H-BOND     0.0000      PI-COMPLX    0.0000
0     DELTA(T) =     0.0 SEC.          ELAPSED TIME =     0.1 SEC.


    * * * ENERGY IS STATIONARY WITHIN RMS OF FORCES   0.00010  Kcal/mol/A * * *

                 * * * *  RMS FORCE IS   0.00004 Kcal/mol/A * * * *

 
     N-Me-ethylamine-a                                           


     %=%=%=%=%=%=%=%=%=%=%=%=%=%=%=%=%=%=%=%=%=%=%=%=%=%=%=%=%=%=%=%=%=%=%=

     The Parameters Used in This Calculation Can be Found in the Following
     Publication(s):

     The MM4 Program is Developed by Dr. N. L. Allinger and co-workers at  
     the University of Georgia, Athens, Georgia 30602-2556 USA.            
     (c) Copyright 2003 by N. L. Allinger. All rights reserved.            
                                                                           
     MM4 General Description and Alkanes:                                  
      Allinger,N.L.; Chen,K.; Lii,J.-H. J. Comput. Chem. 1996, 17, 642.    
     Amines:                                                               
      Chen,K.-H.; Lii,J.-H.; Fan,Y.; Allinger,N.L., J. Comput. Chem.       
      2007, 28, 2391.                                                      

     %=%=%=%=%=%=%=%=%=%=%=%=%=%=%=%=%=%=%=%=%=%=%=%=%=%=%=%=%=%=%=%=%=%=%=

               CHEMICAL FORMULA :  C(    3)  H(    9)  N(    1) 
               FORMULA WEIGHT   :     59.075
                                                               DATE : 30-MAY-23

           * M M 4 * * * * * * * * * * * 2 0 0 8 *
           *                                     *   PARAMETER RELIABILITY
           *                                     *
           *                                     *   BLANK = GOOD
           *                                     *       B = FAIR
           *                                     *       C = TRIAL
           *                                     *       R = READ IN
           *                                     *       S = SUBSTITUTED
           *                                     *       U = PARAMETER NOT EXIST
           *                                     *
           *                                     *   THIS IS SHOWN AT THE END 
           *                                     *   OF THE LINE.
           * * * * * * * * * * * * * * * * * * * * 


      CONFORMATIONAL ENERGY, PART 3:  GEOMETRY AND STERIC ENERGY
                                      OF FINAL CONFORMATION.

      CONNECTED ATOMS
          1-    2-    3-
          1-    4-

      ATTACHED ATOMS
          1-    9,    2-    5,    2-    6,    3-    7,    3-    8,    3-   10,
          4-   11,    4-   12,    4-   13,

      FINAL ATOMIC COORDINATE
           ATOM          X           Y           Z      TYPE
         N(    1)     0.53019     0.49456    -0.05601   (  8)
         C(    2)    -0.52487    -0.51347     0.04599   (  1)
         C(    3)    -1.90070     0.14050    -0.02733   (  1)
         C(    4)     1.85677    -0.11360    -0.01148   (  1)
         H(    5)    -0.41844    -1.21892    -0.80902   (  5)
         H(    6)    -0.47894    -1.14065     0.97882   (  5)
         H(    7)    -2.70439    -0.62587     0.00035   (  5)
         H(    8)    -2.07551     0.83242     0.82352   (  5)
         H(    9)     0.43749     1.16812     0.72566   ( 23)
         H(   10)    -2.03150     0.72274    -0.96399   (  5)
         H(   11)     2.63594     0.66834    -0.13934   (  5)
         H(   12)     2.08474    -0.66246     0.94141   (  5)
         H(   13)     1.96091    -0.81823    -0.86459   (  5)


          DIELECTRIC CONSTANT =  1.500


      BOND LENGTHS AND STRETCHING ENERGY   (   12 BONDS)

        ENERGY = 71.94(KS)(DR)(DR)(1-(CS)(DR)+(7/12)((CS)(DR))**2)-
                       (1/4)((CS)(DR))**3)+(31/360)((CS)(DR))**4))
                         DR =  R-RO
                         CS =  3.000 FOR X-Y BONDS
                            =  2.200 FOR X-H BONDS
                                                            R(0)-CORR        CORR
             BOND          R(g)    R(0)    K(S)  ENERGY   E-NEG  MISCEL       KS
      N(    1)- C(    2)  1.4628  1.4620  5.200  0.0002  0.0035                    
      N(    1)- C(    4)  1.4600  1.4617  5.200  0.0011  0.0032                    
      N(    1)- H(    9)  1.0360  1.0340  6.410  0.0018                            
      C(    2)- C(    3)  1.5251  1.5075  4.550  0.0963 -0.0195                    
      C(    2)- H(    5)  1.1136  1.1002  5.024  0.0626 -0.0118             0.354  
      C(    2)- H(    6)  1.1250  1.1002  5.024  0.2106 -0.0118             0.354  
      C(    3)- H(    7)  1.1109  1.1096  4.811  0.0005 -0.0024             0.071  
      C(    3)- H(    8)  1.1105  1.1096  4.811  0.0003 -0.0024             0.071  
      C(    3)- H(   10)  1.1106  1.1096  4.811  0.0003 -0.0024             0.071  
      C(    4)- H(   11)  1.1112  1.1002  5.094  0.0437 -0.0118             0.354  
      C(    4)- H(   12)  1.1230  1.1002  5.094  0.1819 -0.0118             0.354  
      C(    4)- H(   13)  1.1114  1.1002  5.094  0.0446 -0.0118             0.354  


      NON-BONDED DISTANCES, VDW AND EPR ENERGY   (    45 PAIRS)

              E(VDW) = KV*(1.84(10**5)EXP(-12.00/P) - 2.25(P**6))
              E(EPR) = C*KV*(1.84(10**5)EXP(-12.00/Q) - 2.25(Q**6))
              E(HBD) = EP1-EP2*F(THET1,THET2)*RTH/RTH0
                            EP1 = KHB*2.76(10**5)*EXP(-12.0/P)
                            EP2 = KHB*2.25(P**6)
                              F = FAC*(1+COS(THET1)^N*(1+COS(THET2))^N

            IF P > 3.020, THEN,
              E(VDW) = KV(192.270)(P**2)
              E(HBD) = EP1-EP2*F(THET1,THET2)*RTH/RTH0
                            EP1 = KHB*569.14*P**2
                            EP2 = KHB*187.16*P**2

                       RV = RVDW(I) + RVDW(K)
                       KV = SQRT(EPS(I)*EPS(K))
                      KHB = HYDROGEN BOND ENERGY PARAMETER
                        P = (RV/R) OR (RV/R#)
                        C = SCALE FACTOR
                        Q = RV/R, WHERE R IS MODIFIED DISTANCE
                        N = 1 WHEN Y IS NITROGEN, AND 2 FOR OTHERS
                      FAC = 1/4 WHEN N=1, AND 1/16 WHEN N=2
                    THET1 = ANGLE H-X-Y IN HYDROGEN BOND X-H...Y
                    THET2 = ANGLE X-Y-LP IN HYDROGEN BOND X...Y-LP
                      RTH = BOND LENGTH X-H IN X-H...Y
                     RTH0 = NATURAL BOND LENGTH X-H

          # IN THE VDW CALCULATIONS THE HYDROGEN ATOMS ARE RELOCATED
          SO THAT THE ATTACHED HYDROGEN DISTANCE IS REDUCED BY 0.940

          # IN THE VDW CALCULATIONS THE DEUTERIUM ATOMS ARE RELOCATED
          SO THAT THE ATTACHED DEUTERIUM DISTANCE IS REDUCED BY  0.940

           ATOM PAIR          R       R#       RV      KV       ENERGY
      N(    1), C(    3)   2.4567
      N(    1), H(    5)   2.0983
      N(    1), H(    6)   2.1825
      N(    1), H(    7)   3.4236   3.3631   3.110   0.1100    -0.1079  1,4    
      N(    1), H(    8)   2.7708   2.7403   3.110   0.1100    -0.0110  1,4    
      N(    1), H(   10)   2.7274   2.6991   3.110   0.1100     0.0279  1,4    
      N(    1), H(   11)   2.1145
      N(    1), H(   12)   2.1795
      N(    1), H(   13)   2.1034
      C(    2), C(    4)   2.4157
      C(    2), H(    7)   2.1829
      C(    2), H(    8)   2.1956
      C(    2), H(    9)   2.0533
      C(    2), H(   10)   2.1950
      C(    2), H(   11)   3.3796   3.3192   3.440   0.0240    -0.0256  1,4    
      C(    2), H(   12)   2.7630   2.7304   3.440   0.0240     0.1065  1,4    
      C(    2), H(   13)   2.6648   2.6373   3.440   0.0240     0.1803  1,4    
      C(    3), C(    4)   3.7661            3.920   0.0370    -0.0389  1,4    
      C(    3), H(    5)   2.1578
      C(    3), H(    6)   2.1622
      C(    3), H(    9)   2.6627   2.6394   3.560   0.0258     0.3001  1,4    
      C(    3), H(   11)   4.5686   4.5168   3.440   0.0240    -0.0099         
      C(    3), H(   12)   4.1794   4.1472   3.440   0.0240    -0.0153         
      C(    3), H(   13)   4.0660   4.0400   3.440   0.0240    -0.0172         
      C(    4), H(    5)   2.6522   2.6254   3.440   0.0240     0.1919  1,4    
      C(    4), H(    6)   2.7370   2.7056   3.440   0.0240     0.1235  1,4    
      C(    4), H(    7)   4.5899   4.5370   3.440   0.0240    -0.0097         
      C(    4), H(    8)   4.1298   4.1004   3.440   0.0240    -0.0161         
      C(    4), H(    9)   2.0495
      C(    4), H(   10)   4.0897   4.0624   3.440   0.0240    -0.0168         
      H(    5), H(    6)   1.7906
      H(    5), H(    7)   2.4965   2.4305   3.280   0.0170     0.1990  1,4    
      H(    5), H(    8)   3.1015   2.9837   3.280   0.0170    -0.0107  1,4    
      H(    5), H(    9)   2.9641   2.8507   3.240   0.0175    -0.0012  1,4    
      H(    5), H(   10)   2.5290   2.4606   3.280   0.0170     0.1705  1,4    
      H(    5), H(   11)   3.6523   3.5650   3.280   0.0170    -0.0164         
      H(    5), H(   12)   3.1048   3.0372   3.280   0.0170    -0.0140         
      H(    5), H(   13)   2.4135   2.4136   3.280   0.0170     0.2165         
      H(    6), H(    7)   2.4850   2.4199   3.280   0.0170     0.2098  1,4    
      H(    6), H(    8)   2.5429   2.4732   3.280   0.0170     0.1597  1,4    
      H(    6), H(    9)   2.4969   2.4271   3.240   0.0175     0.1788  1,4    
      H(    6), H(   10)   3.1076   2.9893   3.280   0.0170    -0.0111  1,4    
      H(    6), H(   11)   3.7716   3.6764   3.280   0.0170    -0.0148         
      H(    6), H(   12)   2.6082   2.5966   3.280   0.0170     0.0788         
      H(    6), H(   13)   3.0749   3.0095   3.280   0.0170    -0.0124         
      H(    7), H(    8)   1.7888
      H(    7), H(    9)   3.6900   3.6033   3.240   0.0175    -0.0157         
      H(    7), H(   10)   1.7893
      H(    7), H(   11)   5.4967   5.3827   3.280   0.0170    -0.0019         
      H(    7), H(   12)   4.8809   4.8097   3.280   0.0170    -0.0038         
      H(    7), H(   13)   4.7487   4.6859   3.280   0.0170    -0.0044         
      H(    8), H(    9)   2.5372   2.5323   3.240   0.0175     0.0993         
      H(    8), H(   10)   1.7914
      H(    8), H(   11)   4.8116   4.7442   3.280   0.0170    -0.0041         
      H(    8), H(   12)   4.4222   4.3746   3.280   0.0170    -0.0064         
      H(    8), H(   13)   4.6762   4.5965   3.280   0.0170    -0.0049         
      H(    9), H(   10)   3.0248   2.9657   3.240   0.0175    -0.0123         
      H(    9), H(   11)   2.4148   2.3493   3.240   0.0175     0.2648  1,4    
      H(    9), H(   12)   2.4720   2.4043   3.240   0.0175     0.2012  1,4    
      H(    9), H(   13)   2.9657   2.8523   3.240   0.0175    -0.0014  1,4    
      H(   10), H(   11)   4.7400   4.6781   3.280   0.0170    -0.0044         
      H(   10), H(   12)   4.7427   4.6598   3.280   0.0170    -0.0045         
      H(   10), H(   13)   4.2806   4.2401   3.280   0.0170    -0.0076         
      H(   11), H(   12)   1.8008
      H(   11), H(   13)   1.7865
      H(   12), H(   13)   1.8169


      BOND ANGLES, BENDING AND STRETCH-BEND ENERGIES   (   21 ANGLES)

          EB = 0.02191418(KB)(DT)(DT)(1+CF*DT+QF*DT**2+PF*DT**3+SF*DT**4)
                          DT = THETA-TZERO
                          CF = -1800.000E-5
                          QF =     7.200E-5
                          PF =     0.135E-5
                          SF =     0.004E-6
          ESS =  143.88(KSTST)(DR1)(DR2)
          ESB =  2.51118(KSB)(DT)(DR1+DR2)
          EBB = -0.02191418(KBB)(DT1)(DT2)
                          DR1 = R1 - R1(0)
                          DR2 = R2 - R2(0)

               A T O M S             THETA    TZERO     KB     EB    KSB   ESB   KSS   ESS
      C(    2)- N(    1)- C(    4)  111.480  106.600  0.970  0.4627 0.04-0.0004              
      C(    2)- N(    1)- H(    9)  109.323  107.000  0.680  0.0770 0.03 0.0005              
      C(    4)- N(    1)- H(    9)  109.215  107.000  0.680  0.0702 0.03 0.0001              
      N(    1)- C(    2)- C(    3)  110.599  105.300  1.145  0.6389 0.14 0.0342-0.10-0.0002  
      N(    1)- C(    2)- H(    5)  108.306  105.000  0.850  0.1916 0.10 0.0117              
      N(    1)- C(    2)- H(    6)  114.365  105.000  0.850  1.3705 0.10 0.0601              
      C(    3)- C(    2)- H(    5)  108.721  109.470  0.560  0.0070 0.10-0.0058              
      C(    3)- C(    2)- H(    6)  108.406  109.470  0.560  0.0142 0.10-0.0113              
      H(    5)- C(    2)- H(    6)  106.235  107.700  0.540  0.0261                          
      C(    2)- C(    3)- H(    7)  110.833  110.800  0.600  0.0000 0.10 0.0002              
      C(    2)- C(    3)- H(    8)  111.860  110.800  0.600  0.0145 0.10 0.0049              
      C(    2)- C(    3)- H(   10)  111.814  110.800  0.600  0.0133 0.10 0.0047              
      H(    7)- C(    3)- H(    8)  107.269  107.800  0.540  0.0034                          
      H(    7)- C(    3)- H(   10)  107.307  107.800  0.540  0.0029                          
      H(    8)- C(    3)- H(   10)  107.517  107.800  0.540  0.0010                          
      N(    1)- C(    4)- H(   11)  109.905  104.600  1.110  0.6208 0.10 0.0125              
      N(    1)- C(    4)- H(   12)  114.450  104.600  1.110  1.9610 0.10 0.0524              
      N(    1)- C(    4)- H(   13)  109.015  104.600  1.110  0.4372 0.10 0.0105              
      H(   11)- C(    4)- H(   12)  107.409  107.800  0.540  0.0018                          
      H(   11)- C(    4)- H(   13)  106.985  107.800  0.540  0.0080                          
      H(   12)- C(    4)- H(   13)  108.810  107.800  0.540  0.0119                          


     DIHEDRAL ANGLES, TORSIONAL ENERGY (ET)   (    21 ANGLES)

           ET = (V1/2)(1+COS(W))+(V2/2)(1-COS(2W))+(V3/2)(1+COS(3W))+
                                 (V4/2)(1-COS(4W))+(V6/2)(1+COS(6W))
         EBTB =  0.043828*(KBTB)(DTH1)(COS(W))(DTH2)
         ETS1 = -0.5*(RC-RC0)[KTSC1*(1+COS(W))+KTSC2*(1-COS(2W))+KTSC3*(1+COS(3W))]
         ETS2 = -0.5*(RT-RT0)[KTST1*(1+COS(W))+KTST2*(1-COS(2W))+KTST3*(1+COS(3W))]
          ETB =  2.51124*(DTH)[KTB1(1+COS(W))+KTB2*(1-COS(2W))+KTB3*(1+COS(3W))]
                      RC   = CENTRAL BOND LENGTH
                      RT   = TERMINAL BOND LENGTH
                      DTH1 = THETA1 - TZERO1
                      DTH2 = THETA2 - TZERO2

           SIGN OF ANGLE A-B-C-D : WHEN LOOKING THROUGH B TOWARD C,
           IF D IS COUNTERCLOCKWISE FROM A, NEGATIVE.

                A T O M S                OMEGA    V1     V2     V3     V4     V6     E    KBTB   EBTB
    N(    1) C(    2) C(    3) H(    7)  177.3  0.000  0.000  0.455  0.000  0.000  0.002 -0.050  0.000 
       TYPE-1-TS                         0.000  0.000  0.660                       0.000
       TORS-BEND   -0.003 -0.003  0.000                       0.000  0.000  0.000  0.000
    N(    1) C(    2) C(    3) H(    8)  -63.1  0.000  0.000  0.455  0.000  0.000  0.003 -0.050 -0.006 
       TYPE-1-TS                         0.000  0.000  0.660                       0.000
       TORS-BEND   -0.003 -0.003  0.000                       0.000  0.000  0.000 -0.121
    N(    1) C(    2) C(    3) H(   10)   57.6  0.000  0.000  0.455  0.000  0.000  0.002 -0.050 -0.006 
       TYPE-1-TS                         0.000  0.000  0.660                       0.000
       TORS-BEND   -0.003 -0.003  0.000                       0.000  0.000  0.000 -0.118
    C(    2) N(    1) C(    4) H(   11)  177.3  0.072 -0.512  0.512  0.000  0.000  0.001  0.050 -0.057 
       TYPE-1-TS                         0.000 -1.100  0.580                       0.000
       TYPE-2-TS    0.000  0.000  0.000                       3.100  8.200  0.000  0.000
       TORS-BEND   -0.003 -0.003  0.000                      -0.010 -0.025  0.000 -0.002
    C(    2) N(    1) C(    4) H(   12)  -61.7  0.072 -0.512  0.512  0.000  0.000 -0.343  0.050  0.050 
       TYPE-1-TS                         0.000 -1.100  0.580                      -0.001
       TYPE-2-TS    0.000  0.000  0.000                       3.100  8.200  0.000 -0.198
       TORS-BEND   -0.003 -0.003  0.000                      -0.010 -0.025  0.000 -1.435
    C(    2) N(    1) C(    4) H(   13)   60.4  0.072 -0.512  0.512  0.000  0.000 -0.333  0.050  0.023 
       TYPE-1-TS                         0.000 -1.100  0.580                      -0.001
       TYPE-2-TS    0.000  0.000  0.000                       3.100  8.200  0.000 -0.095
       TORS-BEND   -0.003 -0.003  0.000                      -0.010 -0.025  0.000 -0.695
    C(    3) C(    2) N(    1) C(    4) -179.0  1.193 -0.337  0.870  0.228 -0.028 -0.027               
       TYPE-1-TS                         1.000  0.000  4.580                       0.000
       TYPE-2-TS    5.000  5.000  0.000                       0.000  0.000  0.000  0.000
       TORS-BEND   -0.028 -0.020  0.007                       0.003 -0.004 -0.009  0.000
    C(    3) C(    2) N(    1) H(    9)   60.2 -0.550  1.451  0.355  0.010 -0.083  0.604 -0.060 -0.016 
       TYPE-1-TS                         0.000  0.000  0.580                       0.000
       TYPE-2-TS    3.000  5.000  0.000                       0.000  0.000  0.000 -0.106
       TORS-BEND   -0.012 -0.036  0.000                       0.000  0.000  0.000 -0.960
    C(    4) N(    1) C(    2) H(    5)  -60.0  0.072 -0.512  0.562  0.000  0.000 -0.330  0.050  0.018 
       TYPE-1-TS                         0.000 -1.100  0.580                       0.001
       TYPE-2-TS    0.000  0.000  0.000                       3.100  8.200  0.000 -0.113
       TORS-BEND   -0.003 -0.003  0.000                      -0.010 -0.025  0.000 -0.546
    C(    4) N(    1) C(    2) H(    6)   58.3  0.072 -0.512  0.562  0.000  0.000 -0.314  0.050  0.053 
       TYPE-1-TS                         0.000 -1.100  0.580                       0.001
       TYPE-2-TS    0.000  0.000  0.000                       3.100  8.200  0.000 -0.206
       TORS-BEND   -0.003 -0.003  0.000                      -0.010 -0.025  0.000 -1.319
    H(    5) C(    2) N(    1) H(    9)  179.2  0.000  0.000  0.163  0.000  0.005  0.005 -0.120  0.040 
       TYPE-1-TS                         0.000  0.000  0.580                       0.000
       TYPE-2-TS    6.800  4.500  0.000                       0.000  0.000  0.000  0.000
       TORS-BEND   -0.025 -0.019  0.000                       0.000  0.000  0.000  0.000
    H(    5) C(    2) C(    3) H(    7)   58.5  0.000  0.000  0.260  0.000  0.008  0.008 -0.090  0.000 
       TYPE-1-TS                         0.000  0.000  0.660                       0.000
    H(    5) C(    2) C(    3) H(    8)  178.1  0.000  0.000  0.260  0.000  0.008  0.009 -0.090 -0.003 
       TYPE-1-TS                         0.000  0.000  0.660                       0.000
    H(    5) C(    2) C(    3) H(   10)  -61.2  0.000  0.000  0.260  0.000  0.008  0.008 -0.090  0.001 
       TYPE-1-TS                         0.000  0.000  0.660                       0.000
    H(    6) C(    2) N(    1) H(    9)  -62.6  0.000  0.000  0.163  0.000  0.005  0.006 -0.120 -0.053 
       TYPE-1-TS                         0.000  0.000  0.580                       0.000
       TYPE-2-TS    6.800  4.500  0.000                       0.000  0.000  0.000 -0.211
       TORS-BEND   -0.025 -0.019  0.000                       0.000  0.000  0.000 -1.563
    H(    6) C(    2) C(    3) H(    7)  -56.6  0.000  0.000  0.260  0.000  0.008  0.010 -0.090  0.000 
       TYPE-1-TS                         0.000  0.000  0.660                       0.000
    H(    6) C(    2) C(    3) H(    8)   63.1  0.000  0.000  0.260  0.000  0.008  0.009 -0.090  0.002 
       TYPE-1-TS                         0.000  0.000  0.660                       0.000
    H(    6) C(    2) C(    3) H(   10) -176.3  0.000  0.000  0.260  0.000  0.008  0.010 -0.090 -0.004 
       TYPE-1-TS                         0.000  0.000  0.660                       0.000
    H(    9) N(    1) C(    4) H(   11)  -61.8  0.000  0.000  0.163  0.000  0.005  0.005 -0.120 -0.029 
       TYPE-1-TS                         0.000  0.000  0.580                       0.000
       TYPE-2-TS    0.000  0.000  0.000                       6.800  4.500  0.000 -0.094
       TORS-BEND    0.000  0.000  0.000                      -0.025 -0.019  0.000 -0.884
    H(    9) N(    1) C(    4) H(   12)   59.2  0.000  0.000  0.163  0.000  0.005  0.005 -0.120 -0.059 
       TYPE-1-TS                         0.000  0.000  0.580                       0.000
       TYPE-2-TS    0.000  0.000  0.000                       6.800  4.500  0.000 -0.193
       TORS-BEND    0.000  0.000  0.000                      -0.025 -0.019  0.000 -1.628
    H(    9) N(    1) C(    4) H(   13) -178.7  0.000  0.000  0.163  0.000  0.005  0.005 -0.120  0.051 
       TYPE-1-TS                         0.000  0.000  0.580                       0.000
       TYPE-2-TS    0.000  0.000  0.000                       6.800  4.500  0.000  0.000
       TORS-BEND    0.000  0.000  0.000                      -0.025 -0.019  0.000  0.000


 ==============================================================================
                        NORMAL MODE VIBRATIONAL ANALYSIS
 ==============================================================================


             Molecular Shape : ASYMMETRIC ROTOR WITH KAPPA =-0.977032
        Symmetry Point Group : C1  
             Symmetry Number :  1
                   Chirality : yes



0       FUNDAMENTAL NORMAL VIBRATIONAL FREQUENCIES
                ( THEORETICALLY  33 VALUES )

             Frequency :  in 1/cm
             A(i)      :  IR intensity (vs,s,m,w,vw,-- or in 10**6 cm/mole)
             A(i) = -- :  IR inactive


             no       Frequency   Symmetry      A(i)

             1.          3384.9     (A   )        s
             2.          2990.5     (A   )        m
             3.          2988.1     (A   )        m
             4.          2974.0     (A   )        m
             5.          2927.8     (A   )        m
             6.          2906.1     (A   )        m
             7.          2895.8     (A   )        m
             8.          2813.7     (A   )        m
             9.          2790.1     (A   )        m
            10.          1584.5     (A   )        m
            11.          1506.8     (A   )        w
            12.          1472.7     (A   )        w
            13.          1457.6     (A   )        w
            14.          1453.5     (A   )        w
            15.          1442.6     (A   )        w
            16.          1427.0     (A   )        w
            17.          1374.3     (A   )        w
            18.          1339.9     (A   )        m
            19.          1260.3     (A   )        w
            20.          1193.3     (A   )        w
            21.          1139.7     (A   )        w
            22.          1098.6     (A   )        w
            23.          1045.2     (A   )        m
            24.          1011.5     (A   )        w
            25.           992.1     (A   )        w
            26.           887.0     (A   )        w
            27.           835.7     (A   )        w
            28.           750.2     (A   )        s
            29.           418.2     (A   )        w
            30.           299.3     (A   )        w
            31.           264.0     (A   )        w
            32.           222.5     (A   )        w
            33.           142.6     (A   )        w
            34.     (       0.0)    (t/r )
            35.     (       0.0)    (t/r )
            36.     (       0.0)    (t/r )
            37.     (       0.0)    (t/r )
            38.     (       0.0)    (t/r )
            39.     (       0.0)    (t/r )


0       CORRESPONDING EIGEN VECTOR MATRIX   39 BY  39



 (  1)
    -0.007    0.047    0.053   -0.001   -0.002    0.000    0.000    0.000
     0.000    0.001   -0.001   -0.001   -0.005   -0.002    0.003    0.002
     0.006   -0.004    0.000   -0.001    0.000    0.000   -0.001   -0.001
     0.087   -0.624   -0.724    0.000    0.000    0.000   -0.008   -0.001
     0.001   -0.005    0.005   -0.004    0.006   -0.001    0.003

 (  2)
     0.000    0.000    0.000    0.000   -0.001   -0.001    0.002   -0.007
    -0.092    0.000    0.000    0.000   -0.011    0.017    0.014    0.009
    -0.009    0.007    0.005    0.006    0.019   -0.120    0.413    0.515
     0.001    0.000    0.000    0.092   -0.341    0.559    0.000    0.000
     0.000    0.000    0.000    0.000    0.000    0.000    0.000

 (  3)
    -0.001    0.000    0.000   -0.001    0.000    0.001    0.038    0.084
    -0.005    0.000    0.000    0.000    0.007   -0.008   -0.008    0.007
    -0.003    0.003   -0.560   -0.516    0.018    0.061   -0.255   -0.284
     0.000    0.001    0.002    0.048   -0.225    0.327    0.000    0.000
     0.000    0.000    0.000    0.000    0.000    0.000    0.000

 (  4)
     0.001    0.001    0.000    0.000   -0.001    0.001    0.000    0.000
     0.000   -0.036   -0.077   -0.036    0.000    0.002    0.001    0.000
     0.004   -0.005    0.000    0.000    0.000    0.000   -0.001   -0.001
    -0.011    0.001   -0.005    0.000    0.000    0.000    0.484    0.472
    -0.068    0.005    0.018    0.005   -0.062    0.426    0.491

 (  5)
    -0.001    0.001   -0.001    0.000    0.002    0.003    0.000    0.000
     0.000    0.039    0.015   -0.073    0.004   -0.024   -0.027   -0.001
     0.005   -0.008   -0.002   -0.001    0.000    0.000    0.002    0.003
    -0.005    0.003    0.002   -0.001    0.001   -0.002   -0.440   -0.416
     0.083    0.071   -0.175    0.303   -0.076    0.400    0.489

 (  6)
     0.000   -0.001    0.000   -0.009    0.045    0.064    0.023   -0.011
    -0.001   -0.002    0.000    0.002    0.094   -0.565   -0.645   -0.003
     0.059   -0.114   -0.168   -0.139    0.005   -0.040    0.148    0.181
    -0.008   -0.006    0.001   -0.039    0.114   -0.172    0.020    0.019
    -0.004    0.000    0.002   -0.004    0.003   -0.017   -0.021

 (  7)
     0.000    0.001    0.000    0.000   -0.015   -0.030    0.051   -0.021
     0.004    0.001    0.000    0.000   -0.037    0.237    0.274    0.006
    -0.054    0.087   -0.397   -0.348    0.012   -0.104    0.318    0.375
     0.004    0.002   -0.001   -0.080    0.275   -0.430   -0.006   -0.006
     0.001    0.000    0.000    0.000   -0.001    0.006    0.008

 (  8)
     0.005   -0.001    0.001    0.000   -0.001    0.000    0.000    0.000
     0.000   -0.043    0.041   -0.044   -0.001    0.009    0.010   -0.001
     0.007   -0.008   -0.001   -0.001    0.000    0.000    0.000    0.000
    -0.007   -0.006   -0.009    0.000    0.000    0.000    0.205    0.174
    -0.019    0.204   -0.444    0.734    0.045   -0.191   -0.195

 (  9)
    -0.003   -0.002    0.000   -0.004    0.061   -0.055   -0.002   -0.001
     0.001    0.000    0.000   -0.001    0.016   -0.132   -0.109    0.046
    -0.556    0.753    0.018    0.027   -0.001    0.002   -0.017   -0.023
     0.007   -0.002   -0.009    0.011   -0.013    0.015    0.005    0.005
     0.000    0.003   -0.007    0.012    0.000    0.002    0.003

 ( 10)
    -0.116   -0.027    0.002    0.108    0.053   -0.026   -0.023    0.000
    -0.002    0.066   -0.016    0.018   -0.289   -0.209    0.154   -0.106
    -0.080   -0.141   -0.062    0.033    0.007    0.025   -0.039    0.044
     0.421    0.064   -0.015    0.054   -0.034   -0.042    0.067    0.016
     0.101    0.026    0.096    0.122   -0.310    0.093   -0.138

 ( 11)
     0.010   -0.019    0.037    0.060    0.060   -0.014   -0.014   -0.004
    -0.002   -0.074    0.038   -0.009   -0.265   -0.267    0.243   -0.055
    -0.184   -0.205   -0.066    0.047   -0.022    0.049   -0.051    0.052
    -0.081    0.056   -0.037    0.020   -0.061   -0.045    0.095   -0.192
    -0.231   -0.043   -0.152   -0.152    0.547   -0.053    0.177

 ( 12)
    -0.010    0.032    0.005   -0.001    0.011    0.000    0.001   -0.001
     0.001    0.090   -0.036    0.015   -0.041   -0.089    0.087    0.017
    -0.081   -0.072    0.006   -0.007   -0.034    0.027    0.020   -0.011
    -0.084    0.040   -0.001   -0.026    0.002    0.008   -0.443    0.497
    -0.291   -0.358   -0.354   -0.032   -0.043   -0.161    0.094

 ( 13)
    -0.002    0.001    0.001    0.010   -0.007   -0.018    0.004    0.005
    -0.038    0.001    0.001    0.003    0.037    0.033   -0.058   -0.083
     0.082    0.047   -0.072    0.117    0.647   -0.448   -0.308    0.101
     0.016    0.007   -0.001    0.420    0.106   -0.060   -0.028    0.023
    -0.058   -0.036   -0.052   -0.018    0.048   -0.015    0.024

 ( 14)
    -0.009   -0.001    0.000    0.043   -0.021    0.008    0.000    0.032
     0.009    0.006   -0.005    0.008   -0.088    0.231   -0.240   -0.119
     0.229    0.210   -0.199    0.257   -0.196    0.094   -0.315    0.335
    -0.012   -0.009    0.007   -0.114   -0.472   -0.296   -0.017   -0.002
    -0.122   -0.079   -0.034    0.019    0.071    0.047   -0.025

 ( 15)
     0.032    0.001   -0.008   -0.034    0.035    0.002    0.036    0.008
     0.001   -0.016    0.019   -0.039    0.081   -0.146    0.191    0.060
    -0.184   -0.174   -0.122    0.199   -0.020   -0.086   -0.192    0.138
    -0.085   -0.020   -0.006   -0.086   -0.212   -0.117   -0.069    0.161
     0.466    0.276   -0.027   -0.168   -0.248   -0.341    0.229

 ( 16)
     0.019    0.003   -0.008   -0.079    0.033    0.007    0.064    0.001
     0.000    0.019   -0.032    0.023    0.210   -0.158    0.234    0.178
    -0.237   -0.215   -0.101    0.208    0.002   -0.170   -0.141    0.056
    -0.119   -0.043    0.014   -0.154   -0.134   -0.044    0.045   -0.104
    -0.221   -0.177    0.204    0.236   -0.029    0.343   -0.309

 ( 17)
    -0.042   -0.004    0.004   -0.023   -0.016   -0.013    0.100   -0.045
     0.005   -0.003    0.029    0.018   -0.029    0.058   -0.084    0.089
     0.129    0.080   -0.198    0.302   -0.057   -0.346    0.081   -0.223
     0.393    0.066   -0.003   -0.389    0.090    0.189    0.051   -0.036
    -0.083    0.032   -0.184   -0.118    0.101   -0.067    0.129

 ( 18)
    -0.036   -0.002   -0.008   -0.081   -0.033   -0.010   -0.026    0.063
    -0.004   -0.003    0.036    0.034    0.294   -0.054    0.054    0.359
    -0.043   -0.045    0.228   -0.208   -0.002    0.137   -0.101    0.184
     0.496    0.061    0.001    0.134   -0.136   -0.169    0.077   -0.065
    -0.133    0.035   -0.206   -0.117    0.054   -0.013    0.102

 ( 19)
    -0.020   -0.041   -0.053    0.032    0.050   -0.013   -0.010   -0.014
     0.067    0.001    0.036    0.040    0.547    0.071    0.048   -0.518
    -0.067   -0.075   -0.063    0.033   -0.120   -0.073    0.142   -0.064
    -0.029   -0.157    0.032    0.143   -0.084    0.013    0.071   -0.060
    -0.146    0.044   -0.204   -0.113   -0.102    0.033    0.042

 ( 20)
    -0.018    0.045    0.060   -0.011   -0.046   -0.095    0.005    0.026
     0.080    0.010   -0.056   -0.065    0.202   -0.226    0.075   -0.168
     0.162    0.056    0.069   -0.047   -0.162   -0.246    0.134   -0.051
     0.094    0.204   -0.051    0.125   -0.176   -0.056   -0.075    0.064
     0.166   -0.091    0.258    0.147    0.291   -0.105    0.000

 ( 21)
    -0.098   -0.072    0.043    0.024    0.071    0.009   -0.008   -0.010
    -0.015    0.068    0.012   -0.067    0.283    0.176   -0.032    0.331
     0.095    0.002   -0.071    0.061    0.031    0.091    0.002   -0.004
    -0.248    0.012   -0.048    0.008    0.064    0.027    0.220   -0.104
     0.125   -0.336    0.042    0.050    0.081   -0.216    0.119

 ( 22)
     0.109   -0.088    0.039   -0.014    0.029   -0.067   -0.012   -0.036
     0.039   -0.064    0.081   -0.002   -0.111   -0.101    0.028    0.157
     0.239    0.064   -0.106    0.055   -0.093   -0.003    0.084   -0.058
     0.116    0.051   -0.085    0.229   -0.067   -0.013   -0.022    0.033
    -0.035   -0.338   -0.008    0.009   -0.356    0.053   -0.007

 ( 23)
     0.002    0.003    0.004    0.033   -0.079   -0.005    0.013    0.091
     0.006    0.040    0.061   -0.005   -0.148   -0.149    0.021   -0.100
    -0.050    0.032    0.294   -0.205   -0.006   -0.356   -0.017    0.019
    -0.243   -0.028    0.000   -0.276   -0.069   -0.053    0.288   -0.189
    -0.027   -0.242   -0.147   -0.060   -0.269   -0.061    0.061

 ( 24)
     0.055   -0.040    0.007    0.054   -0.026    0.059   -0.028    0.033
    -0.049   -0.064    0.024   -0.048    0.228    0.119   -0.040   -0.240
    -0.251   -0.076    0.030   -0.025    0.119    0.044   -0.093    0.071
     0.359    0.043   -0.031   -0.318    0.118    0.046   -0.133    0.116
     0.100   -0.351    0.210    0.131    0.072   -0.059    0.039

 ( 25)
     0.002    0.052   -0.004   -0.133    0.012    0.016    0.074   -0.072
    -0.006    0.061    0.032   -0.034   -0.216    0.036   -0.012   -0.408
    -0.064   -0.020    0.027   -0.022    0.039    0.273   -0.085    0.043
     0.141   -0.003    0.064    0.165   -0.026    0.014    0.240   -0.124
     0.069   -0.284    0.017    0.044    0.006   -0.123    0.090

 ( 26)
    -0.031   -0.099    0.003   -0.034    0.119   -0.007    0.112    0.011
     0.006   -0.037   -0.010    0.002   -0.142    0.152   -0.046   -0.092
     0.134    0.001    0.416   -0.310    0.014   -0.135   -0.087    0.030
    -0.008   -0.101    0.003   -0.090   -0.115   -0.041   -0.196    0.151
     0.008    0.089    0.078    0.021    0.101    0.046   -0.027

 ( 27)
     0.003    0.007   -0.051    0.011   -0.004    0.072   -0.019    0.009
     0.045    0.002    0.007   -0.015   -0.225    0.255   -0.187    0.212
    -0.320   -0.165   -0.028    0.008   -0.203   -0.341    0.190   -0.176
     0.117   -0.233    0.169    0.323   -0.182   -0.130   -0.001    0.026
     0.070   -0.138    0.087    0.067    0.114   -0.060    0.056

 ( 28)
     0.000    0.010   -0.046    0.011    0.001   -0.034   -0.017    0.012
    -0.007   -0.001    0.014   -0.005    0.017   -0.256    0.190    0.058
     0.272    0.157   -0.027    0.024    0.038    0.065   -0.038    0.054
     0.076   -0.621    0.513   -0.098    0.078    0.048   -0.021    0.044
     0.037   -0.101    0.100    0.072    0.111   -0.060    0.074

 ( 29)
     0.080   -0.052    0.001   -0.071    0.063   -0.010   -0.153   -0.015
     0.004    0.141    0.008    0.004   -0.084    0.049    0.000   -0.076
     0.066   -0.006   -0.076   -0.101    0.009   -0.219   -0.048    0.017
     0.097    0.013   -0.054   -0.236   -0.021    0.013    0.106    0.052
     0.033    0.164    0.007   -0.003    0.196    0.034   -0.010

 ( 30)
    -0.041   -0.117   -0.010   -0.050   -0.106    0.017    0.035    0.087
     0.001    0.052    0.096   -0.004   -0.092   -0.125    0.029   -0.100
    -0.078    0.037   -0.092    0.222   -0.021    0.133    0.110    0.004
    -0.107   -0.034   -0.091    0.147    0.122    0.006   -0.072    0.240
     0.110    0.092    0.060   -0.036    0.208    0.194   -0.065

 ( 31)
     0.002    0.011   -0.074    0.010    0.018    0.071    0.001   -0.013
     0.001   -0.014   -0.019   -0.002    0.017   -0.087    0.158    0.018
     0.130    0.146    0.028   -0.058   -0.454   -0.206   -0.332    0.219
     0.016    0.100   -0.149    0.176    0.324    0.187    0.015   -0.007
     0.249   -0.160   -0.172   -0.058    0.100    0.120   -0.107

 ( 32)
    -0.004   -0.019    0.058   -0.013   -0.013    0.019    0.001    0.012
    -0.032    0.016    0.019   -0.031    0.006    0.010    0.003   -0.054
    -0.039    0.004   -0.010    0.013   -0.341   -0.120   -0.191    0.109
     0.006   -0.024    0.063    0.147    0.240    0.089   -0.024   -0.020
    -0.517    0.260    0.349    0.104   -0.190   -0.282    0.197

 ( 33)
     0.000    0.006    0.110   -0.005    0.012    0.109   -0.004   -0.008
    -0.095    0.002   -0.004   -0.105    0.081   -0.055    0.178   -0.088
     0.080    0.161   -0.001   -0.011   -0.069   -0.086    0.105   -0.205
     0.083   -0.064    0.180    0.079   -0.135   -0.186   -0.006    0.020
    -0.008    0.071   -0.190   -0.230   -0.059    0.165   -0.254

 ( 34)
    -0.015   -0.021    0.069    0.027   -0.071    0.004    0.000   -0.113
     0.150    0.010    0.023   -0.069    0.010    0.032   -0.083    0.097
    -0.178   -0.071    0.029   -0.146    0.101    0.017   -0.219    0.239
     0.000   -0.115    0.152   -0.069   -0.009    0.224   -0.025    0.066
    -0.017    0.078   -0.080   -0.144   -0.007    0.126   -0.156

 ( 35)
    -0.078    0.018   -0.030   -0.068   -0.004   -0.144   -0.074   -0.013
    -0.089   -0.072    0.029   -0.081   -0.052    0.085   -0.216   -0.069
    -0.100   -0.209   -0.066   -0.025   -0.176   -0.090   -0.103   -0.019
    -0.093   -0.064    0.039   -0.073    0.083   -0.030   -0.079    0.051
     0.007   -0.074   -0.067   -0.136   -0.056    0.118   -0.153

 ( 36)
    -0.016    0.074    0.033   -0.047    0.106    0.029   -0.027    0.157
     0.113   -0.036    0.026   -0.048   -0.106    0.141   -0.007   -0.032
     0.062   -0.001   -0.053    0.183    0.110    0.030    0.124    0.152
     0.038    0.041    0.067   -0.044    0.204    0.145   -0.014    0.005
    -0.043   -0.017   -0.025   -0.082   -0.094    0.061   -0.084

 ( 37)
     0.009    0.109   -0.034    0.070    0.048   -0.005    0.030   -0.037
    -0.022    0.045    0.191   -0.019    0.111    0.031    0.015    0.109
     0.078    0.013    0.076   -0.085    0.001   -0.011   -0.023   -0.041
    -0.031    0.126   -0.053   -0.006   -0.071   -0.038   -0.002    0.234
    -0.041    0.080    0.232   -0.003    0.087    0.173    0.001

 ( 38)
    -0.103    0.015    0.056   -0.075   -0.011    0.084   -0.093   -0.056
     0.019   -0.086    0.057    0.118   -0.035   -0.052    0.123   -0.078
     0.038    0.117   -0.071   -0.078    0.040   -0.133   -0.017   -0.020
    -0.141    0.052    0.020   -0.089   -0.108   -0.014   -0.106    0.074
     0.095   -0.091    0.113    0.151   -0.045    0.016    0.156

 ( 39)
     0.039    0.027    0.143    0.028    0.017   -0.060    0.035    0.034
    -0.041    0.033    0.015    0.128    0.072    0.139   -0.155   -0.026
    -0.117   -0.147    0.030    0.034   -0.195   -0.008   -0.087    0.048
    -0.001   -0.085    0.234    0.089    0.169    0.035    0.044    0.029
     0.283   -0.021   -0.123    0.062    0.077    0.136    0.033


                VIBRATIONAL AMPLITUDE AND CENTRIFUGAL DISTORTION
                 CONTRIBUTIONS TO THE BOND LENGTH AT   298.16 K

                 Note: Excludes contributions from frequencies
                       lower than 40 (1/cm).

                R(e)   = r(mm4) - 1.5 * anh * <Z**2>(298.16)
                R(z)   = R(e) + 1.5 * anh * <Z**2>(0) - <K>(0))
                R(s)   = [R(e) + R(z)] / 2
                R(alp) = R(e) + 1.5 * anh * <Z**2>(T) - <K>(T) - <C>(T)
                R(g)   = R(e) + 1.5 * anh * <Z**2>(T)
                R(a)   = [R(g) + sqrt(R(g)**2-4*<Z**2>(T))] / 2

                       anh = anharmonicity (2.00)
                    <Z**2> = mean-square vibrational amplitude
                       <K> = perpendicular vibrational amplitude
                       <C> = centrifugal correction

        BOND          R(g)      R(z)      R(e)     R(alp)     R(s)      R(a)
    2( C)-  1( N)    1.4628    1.4609    1.4563    1.4603    1.4586    1.4613
    3( C)-  2( C)    1.5251    1.5216    1.5173    1.5208    1.5194    1.5234
    4( C)-  1( N)    1.4600    1.4561    1.4535    1.4553    1.4548    1.4585
    5( H)-  2( C)    1.1136    1.1014    1.0948    1.1010    1.0981    1.1079
    6( H)-  2( C)    1.1250    1.1126    1.1055    1.1122    1.1090    1.1192
    7( H)-  3( C)    1.1109    1.0941    1.0925    1.0928    1.0933    1.1053
    8( H)-  3( C)    1.1105    1.0938    1.0921    1.0925    1.0930    1.1050
    9( H)-  1( N)    1.0360    1.0208    1.0201    1.0202    1.0205    1.0309
   10( H)-  3( C)    1.1106    1.0938    1.0922    1.0926    1.0930    1.1051
   11( H)-  4( C)    1.1112    1.0941    1.0928    1.0928    1.0935    1.1057
   12( H)-  4( C)    1.1230    1.1060    1.1038    1.1047    1.1049    1.1173
   13( H)-  4( C)    1.1114    1.0944    1.0929    1.0931    1.0936    1.1058


                  Non-Bonded Atom Pair Distance Table
        (Distance greater than 82% of VDW distance are not printed)

        PAIR        Dist(g)   Dist(z)
    5( H),  4( C)    2.6522    2.6453       1,4
    6( H),  4( C)    2.7370    2.7299       1,4
    7( H),  5( H)    2.4965    2.4859       1,4
    7( H),  6( H)    2.4850    2.4718       1,4
    8( H),  1( N)    2.7708    2.7620       1,4
    8( H),  6( H)    2.5429    2.5299       1,4
    9( H),  3( C)    2.6627    2.6549       1,4
    9( H),  6( H)    2.4969    2.4884       1,4
    9( H),  8( H)    2.5372    2.5351          
   10( H),  1( N)    2.7274    2.7234       1,4
   10( H),  5( H)    2.5290    2.5150       1,4
   11( H),  9( H)    2.4148    2.4023       1,4
   12( H),  2( C)    2.7630    2.7556       1,4
   12( H),  6( H)    2.6082    2.6069          
   12( H),  9( H)    2.4720    2.4618       1,4
   13( H),  2( C)    2.6648    2.6573       1,4
   13( H),  5( H)    2.4135    2.4125          


         THE MOMENTS OF INERTIA CALCULATED FROM R(g), R(z) VALUES
                  (also from R(e), R(alpha), R(s) VALUES)

         Note: (1) All calculations are based on principle isotopes.
               (2) R(z) values include harmonic vibration (Coriolis)
                   contribution indicated in parentheses.


   (1)  UNIT = 10**(-39) GM*CM**2

                    IX                   IY                   IZ

   R(e)         3.2338              21.1933              22.6558
   R(z)         3.2215(-0.0181)     21.3715(-0.0003)     22.8399( 0.0036)

   (2)  UNIT = AU A**2

                    IX                   IY                   IZ

   R(e)        19.4767             127.6428             136.4516
   R(z)        19.4023(-0.1088)    128.7162(-0.0016)    137.5600( 0.0218)


 ==============================================================================
                      STATISTICAL THERMODYNAMICS ANALYSIS
 ==============================================================================

  Structure name    : N-Me-ethylamine-a                                           
  Temperature       :   298.16 K
  Symmetry number   :   1
  Optical isomers   :   2
  Zero Point Energy :   73.329 Kcal/mol


                     ENERGY** ENTHALPY**  ENTROPY  FREE ENERGY** HEAT CAPACITY**
                  (Kcal/mol) (Kcal/mol)     (eu)   (Kcal/mol)    (cal/mol/deg)
  Translational       0.889      0.889     38.152    -10.487         2.981
     Rotational       0.889      0.889     24.297     -6.356         2.981
    Vibrational*     75.098%    75.098%     9.830     72.167%       13.209
         PV(RT)       0.000      0.593      0.000      0.593         1.987
      Potential      -2.666#    -2.666#     0.000     -2.666#        0.000
         Mixing       0.000      0.000      1.377     -0.411         0.000
          Total*     74.209     74.802     73.657     52.840        21.159

  Enthalpy Function (H-Ho)/T     =   13.88 cal/mol/deg
  Free Energy Function -(G-Ho)/T =   59.77 cal/mol/deg

  % Includes zero point energy (ZPE).
  * Excludes contribution from frequencies lower than 10 (1/cm).
  # Includes steric energy (SE).
    Internal rotation contributions are not considered
 ** These quantities are relative to the R(e) values (
    bottom of potential well) and do NOT include bonding

  This structure has   0 imaginary frequencies,
                       0 free internal rotation (fir) frequencies
                         (>= 0,< 10 /cm),
                       0 restricted internal rotation (rir) frequencies
                         (>= 10,< 40 /cm),
                       6 zero frequencies, and
                      33 real frequencies.


      FINAL STERIC ENERGY IS               -2.6663 KCAL/MOL.


                  COMPRESSION               0.6439
                  STRETCH-STRETCH          -0.0002
                  BENDING                   5.9337
                  BEND-BEND                -0.4608
                  STRETCH-BEND              0.1742
                  VANDERWAALS
                    1,4 ENERGY              2.1063
                    OTHER                   0.1819
                  H-BONDING                 0.0000
                  PI-COMPLX                 0.0000
                  TORSIONAL                -0.6536
                  TORSION-STRETCH          -1.2181
                  TORSION-BEND             -9.2718
                  BEND-TORSION-BEND         0.0066
                  TORSION-IMPT              0.0000
                  IMPT-TORSION-IMPT         0.0000
                  TORSION-TORSION           0.0001
                  DIPOLE-DIPOLE             0.0000
                  CHARGE-DIPOLE             0.0000
                  IND-DIP CORR.            -0.1085
                  CHARGE-CHARGE             0.0000


      MOLECULAR POLARIZABILITIES (A**3)

        ALPHA(1)   =      10.52
        ALPHA(2)   =       8.82
        ALPHA(3)   =       7.70
        AVG. ALPHA =       9.01


      DIPOLE MOMENT =          1.0791 D

        SIGMA-DIPOLE MOMENT =  1.0791 (X = -0.0009    Y = -0.1571    Z = -1.0676)


      DIPOLE MOMENT =          0.9907 D (INCLUDES INDUCED BOND MOMENTS)

        SIGMA-DIPOLE MOMENT =  0.9907 (X =  0.0307    Y = -0.1467    Z = -0.9793)


      OTHER MOLECULAR PROPERTIES:

        Molar Polarizability:    22.8267 cm**3/mole
        Molar Refraction:        22.7299 cm**3/mole
        Radius of Gyration:       2.2068 A
        Molecular VDW Surface:  148.3596 A**2
        Molecular VDW Volume:   123.6354 A**3
        Dispersion Energy:       -5.6579 Kcal/mole
        Density (gas):          0.002413 g/cm**3 (@  298.2 K, 1 atm)
        Density (cdn):            0.6804 g/cm**3 (@STP Estd.)
        Ref. Index (gas):       1.001395 (@  298.2 K, 1 atm)
        Ref. Index (cdn):         1.4372 (@STP Estd.)
        Diel. Constant (gas):     1.0050 (@  298.2 K, 1 atm)
        Diel. Constant (cdn):     6.8708 (@STP Estd.)



      TOTAL ATOMIC CHARGE ON EACH ATOM (in ELECTRON CHARGE)

           N(    1):         -0.532
           C(    2):          0.136
           C(    3):         -0.015
           C(    4):          0.111
           H(    5):          0.013
           H(    6):         -0.011
           H(    7):          0.003
           H(    8):         -0.003
           H(    9):          0.283
           H(   10):          0.004
           H(   11):          0.011
           H(   12):         -0.011
           H(   13):          0.013

      -----------------------------------------------------------------

        END OF N-Me-ethylamine-a                                           


           TOTAL CPU TIME IS      0.09 SECONDS.

           THIS JOB COMPLETED AT    11:41:06
