 
               ---------------------------------------------
               WARNING : INCORRECT ATOM TYPES GIVEN IN INPUT
                         DATA ARE CORRECTED AS FOLLOWS
               ---------------------------------------------


             Atom type of atom    1 is replaced by   8 (was   0)
             Atom type of atom    2 is replaced by   1 (was   0)
             Atom type of atom    3 is replaced by   1 (was   0)
             Atom type of atom    4 is replaced by  23 (was   0)
             Atom type of atom    5 is replaced by   5 (was   0)
             Atom type of atom    6 is replaced by   5 (was   0)
             Atom type of atom    7 is replaced by   5 (was   0)
             Atom type of atom    8 is replaced by   5 (was   0)
             Atom type of atom    9 is replaced by   1 (was   0)
             Atom type of atom   10 is replaced by  23 (was   0)
             Atom type of atom   11 is replaced by   5 (was   0)
             Atom type of atom   12 is replaced by   5 (was   0)
             Atom type of atom   13 is replaced by   5 (was   0)
 
     propylamine-g                                               

               CHEMICAL FORMULA :  C(    3)  H(    9)  N(    1) 
               FORMULA WEIGHT   :     59.075
                                                               DATE 30-MAY-23
                                                               TIME  15:44:34


          THE COORDINATES OF    13 ATOMS ARE READ IN.
          SOME CONSTANTS WILL BE READ IN.

      CONFORMATIONAL ENERGY, PART 1:  GEOMETRY AND STERIC ENERGY
                                      OF INITIAL CONFORMATION.


      CONNECTED ATOMS
          1-    2-    3-    9-

      ATTACHED ATOMS
          1-    4,    1-   10,    2-    5,    2-    6,    3-    7,    3-    8,
          9-   11,    9-   12,    9-   13,

      INITIAL ATOMIC COORDINATES
           ATOM          X           Y           Z      TYPE
         N(    1)    -2.29467    -0.77754    -0.10054   (  8)
         C(    2)    -1.54572     0.43177     0.30107   (  1)
         C(    3)    -0.12147     0.48150    -0.30889   (  1)
         H(    4)    -2.47240    -0.74473    -1.10952   ( 23)
         H(    5)    -2.09674     1.32465    -0.01124   (  5)
         H(    6)    -1.46597     0.45361     1.39155   (  5)
         H(    7)    -0.19599     0.48005    -1.39954   (  5)
         H(    8)     0.35265     1.41991    -0.00913   (  5)
         C(    9)     0.78596    -0.68840     0.13481   (  1)
         H(   10)    -3.21112    -0.76496     0.35815   ( 23)
         H(   11)     1.77675    -0.57482    -0.30900   (  5)
         H(   12)     0.89070    -0.69840     1.22154   (  5)
         H(   13)     0.36802    -1.64262    -0.19097   (  5)

        %=%=%=%=%=%=%=%=%=%=%=%=%=%=%=%=%=%=%=%=%=%=%=%=%=%=%=

        MM4(08)-v010108: (Const:V010108-00)

        The Parameters Used in This Calculation Can be Found
        in the Publication(s) Listed in the PART 3

        %=%=%=%=%=%=%=%=%=%=%=%=%=%=%=%=%=%=%=%=%=%=%=%=%=%=%=


          DIELECTRIC CONSTANT =  1.500


      INITIAL STERIC ENERGY IS              3.0668 KCAL/MOL.

                  COMPRESSION               1.4659
                  STRETCH-STRETCH          -0.0070
                  BENDING                   2.2150
                  BEND-BEND                -0.1181
                  STRETCH-BEND              0.1970
                  VANDERWAALS
                    1,4 ENERGY              2.6554
                    OTHER                  -0.2976
                  H-BONDING                 0.0000
                  PI-COMPLX                 0.0000
                  TORSIONAL                 2.7650
                  TORSION-STRETCH          -0.1168
                  TORSION-BEND             -3.6558
                  BEND-TORSION-BEND        -0.0460
                  TORSION-IMPT              0.0000
                  IMPT-TORSION-IMPT         0.0000
                  TORSION-TORSION          -1.2862
                  DIPOLE-DIPOLE             0.0000
                  CHARGE-DIPOLE             0.0000
                  IND_DIP CORR.            -0.7039
                  CHARGE-CHARGE             0.0000


      MOMENT OF INERTIA ( R(g) ) WITH THE PRINCIPAL AXES

          (1)  UNIT = 10**(-39) GM*CM**2
               IX=    6.0187    IY=   17.7085    IZ=   20.5644

          (2)  UNIT = AU A**2
               IX=   36.2507    IY=  106.6581    IZ=  123.8591


      MOLECULAR POLARIZABILITIES (A**3)

        ALPHA(1)   =       8.88
        ALPHA(2)   =       8.52
        ALPHA(3)   =       7.38
        AVG. ALPHA =       8.26


      DIPOLE MOMENT =          1.3532 D

        SIGMA-DIPOLE MOMENT =  1.3532 (X =  1.0956    Y = -0.5825    Z =  0.5400)


      DIPOLE MOMENT =          1.2366 D (INCLUDES INDUCED BOND MOMENTS)

        SIGMA-DIPOLE MOMENT =  1.2366 (X =  1.0397    Y = -0.4386    Z =  0.5059)


      OTHER MOLECULAR PROPERTIES:

        Molar Polarizability:    20.9711 cm**3/mole
        Molar Refraction:        20.8203 cm**3/mole
        Radius of Gyration:       2.1264 A
        Molecular VDW Surface:  141.5677 A**2
        Molecular VDW Volume:   118.0887 A**3
        Dispersion Energy:       -6.1749 Kcal/mole
        Density (gas):          0.002413 g/cm**3 (@  298.2 K, 1 atm)
        Density (cdn):            0.7172 g/cm**3 (@STP Estd.)
        Ref. Index (gas):       1.001278 (@  298.2 K, 1 atm)
        Ref. Index (cdn):         1.4201 (@STP Estd.)
        Diel. Constant (gas):     1.0060 (@  298.2 K, 1 atm)
        Diel. Constant (cdn):    10.0712 (@STP Estd.)



      CPU TIME FOR INITIAL CALCULATION IS     0.03 SECONDS.
 


     propylamine-g                                               


     CONFORMATIONAL ENERGY, PART 2: GEOMETRY MINIMIZATION

               GEOMETRY OPTIMIZATION IS CONTINUED UNTIL ATOM
               MOVEMENT CONVERGES WITHIN FOLLOWING VALUES:

                         AVERAGE MOVEMENT  0.00011 A
                         MAXIMUM MOVEMENT  0.00108 A



     <<<<<<<<<<<<<<<<<<<<<<<<<<  C Y C L E   1 >>>>>>>>>>>>>>>>>>>>>>>>>>

                              (CH)-MOVEMENT = 0

     ITER    1  AVG. MOVE = 0.01241 A  (MAX MOVE: ATOM     5   0.12859 A)
     ITER    2  AVG. MOVE = 0.00567 A  (MAX MOVE: ATOM     4   0.03094 A)
     ITER    3  AVG. MOVE = 0.00298 A  (MAX MOVE: ATOM     4   0.01794 A)
     ITER    4  AVG. MOVE = 0.00215 A  (MAX MOVE: ATOM     4   0.01475 A)
     ITER    5  AVG. MOVE = 0.00168 A  (MAX MOVE: ATOM     4   0.01227 A)
     ITER    6  AVG. MOVE = 0.00140 A  (MAX MOVE: ATOM     4   0.01045 A)
     ITER    7  AVG. MOVE = 0.00121 A  (MAX MOVE: ATOM     4   0.00902 A)
     ITER    8  AVG. MOVE = 0.00106 A  (MAX MOVE: ATOM     4   0.00785 A)
     ITER    9  AVG. MOVE = 0.00094 A  (MAX MOVE: ATOM     4   0.00688 A)
     ITER   10  AVG. MOVE = 0.00084 A  (MAX MOVE: ATOM     4   0.00606 A)
     ITER   11  AVG. MOVE = 0.00075 A  (MAX MOVE: ATOM     4   0.00538 A)
     ITER   12  AVG. MOVE = 0.00067 A  (MAX MOVE: ATOM     4   0.00482 A)
     ITER   13  AVG. MOVE = 0.00060 A  (MAX MOVE: ATOM     4   0.00434 A)
     ITER   14  AVG. MOVE = 0.00055 A  (MAX MOVE: ATOM     4   0.00395 A)
     ITER   15  AVG. MOVE = 0.00051 A  (MAX MOVE: ATOM     4   0.00364 A)
     ITER   16  AVG. MOVE = 0.00048 A  (MAX MOVE: ATOM     4   0.00341 A)
     ITER   17  AVG. MOVE = 0.00046 A  (MAX MOVE: ATOM     4   0.00321 A)
     ITER   18  AVG. MOVE = 0.00044 A  (MAX MOVE: ATOM     4   0.00304 A)
     ITER   19  AVG. MOVE = 0.00042 A  (MAX MOVE: ATOM     4   0.00289 A)
     ITER   20  AVG. MOVE = 0.00040 A  (MAX MOVE: ATOM     4   0.00276 A)
     ITER   21  AVG. MOVE = 0.00038 A  (MAX MOVE: ATOM     4   0.00264 A)
     ITER   22  AVG. MOVE = 0.00037 A  (MAX MOVE: ATOM     4   0.00253 A)
     ITER   23  AVG. MOVE = 0.00036 A  (MAX MOVE: ATOM     4   0.00243 A)
     ITER   24  AVG. MOVE = 0.00035 A  (MAX MOVE: ATOM     4   0.00234 A)
     ITER   25  AVG. MOVE = 0.00034 A  (MAX MOVE: ATOM     4   0.00226 A)
     ITER   26  AVG. MOVE = 0.00033 A  (MAX MOVE: ATOM     4   0.00218 A)
     ITER   27  AVG. MOVE = 0.00032 A  (MAX MOVE: ATOM     4   0.00210 A)
     ITER   28  AVG. MOVE = 0.00031 A  (MAX MOVE: ATOM     4   0.00203 A)
     ITER   29  AVG. MOVE = 0.00030 A  (MAX MOVE: ATOM     4   0.00197 A)
     ITER   30  AVG. MOVE = 0.00029 A  (MAX MOVE: ATOM     4   0.00190 A)
     ITER   31  AVG. MOVE = 0.00028 A  (MAX MOVE: ATOM     4   0.00184 A)
     ITER   32  AVG. MOVE = 0.00027 A  (MAX MOVE: ATOM     4   0.00178 A)
     ITER   33  AVG. MOVE = 0.00027 A  (MAX MOVE: ATOM     4   0.00173 A)
     ITER   34  AVG. MOVE = 0.00026 A  (MAX MOVE: ATOM     4   0.00167 A)
     ITER   35  AVG. MOVE = 0.00025 A  (MAX MOVE: ATOM     4   0.00162 A)
     ITER   36  AVG. MOVE = 0.00025 A  (MAX MOVE: ATOM     4   0.00157 A)
     ITER   37  AVG. MOVE = 0.00024 A  (MAX MOVE: ATOM     4   0.00152 A)
     ITER   38  AVG. MOVE = 0.00023 A  (MAX MOVE: ATOM     4   0.00147 A)
     ITER   39  AVG. MOVE = 0.00023 A  (MAX MOVE: ATOM     4   0.00143 A)
     ITER   40  AVG. MOVE = 0.00022 A  (MAX MOVE: ATOM     4   0.00139 A)
     ITER   41  AVG. MOVE = 0.00022 A  (MAX MOVE: ATOM     4   0.00135 A)
     ITER   42  AVG. MOVE = 0.00021 A  (MAX MOVE: ATOM     4   0.00131 A)
     ITER   43  AVG. MOVE = 0.00021 A  (MAX MOVE: ATOM     4   0.00127 A)
     ITER   44  AVG. MOVE = 0.00020 A  (MAX MOVE: ATOM     4   0.00123 A)
     ITER   45  AVG. MOVE = 0.00020 A  (MAX MOVE: ATOM     4   0.00119 A)
     ITER   46  AVG. MOVE = 0.00019 A  (MAX MOVE: ATOM     4   0.00116 A)
     ITER   47  AVG. MOVE = 0.00019 A  (MAX MOVE: ATOM     4   0.00112 A)
     ITER   48  AVG. MOVE = 0.00018 A  (MAX MOVE: ATOM     4   0.00109 A)
     ITER   49  AVG. MOVE = 0.00018 A  (MAX MOVE: ATOM     4   0.00106 A)
     ITER   50  AVG. MOVE = 0.00018 A  (MAX MOVE: ATOM     4   0.00103 A)
     ITER   51  AVG. MOVE = 0.00017 A  (MAX MOVE: ATOM     4   0.00100 A)
     ITER   52  AVG. MOVE = 0.00017 A  (MAX MOVE: ATOM     4   0.00098 A)
     ITER   53  AVG. MOVE = 0.00017 A  (MAX MOVE: ATOM     4   0.00096 A)
     ITER   54  AVG. MOVE = 0.00016 A  (MAX MOVE: ATOM     4   0.00094 A)
     ITER   55  AVG. MOVE = 0.00016 A  (MAX MOVE: ATOM     4   0.00092 A)
     ITER   56  AVG. MOVE = 0.00016 A  (MAX MOVE: ATOM     4   0.00090 A)
     ITER   57  AVG. MOVE = 0.00016 A  (MAX MOVE: ATOM     4   0.00088 A)
     ITER   58  AVG. MOVE = 0.00015 A  (MAX MOVE: ATOM     4   0.00086 A)
     ITER   59  AVG. MOVE = 0.00015 A  (MAX MOVE: ATOM     5   0.00085 A)
     ITER   60  AVG. MOVE = 0.00015 A  (MAX MOVE: ATOM     5   0.00083 A)
     ITER   61  AVG. MOVE = 0.00015 A  (MAX MOVE: ATOM     5   0.00082 A)
     ITER   62  AVG. MOVE = 0.00015 A  (MAX MOVE: ATOM     5   0.00081 A)
     ITER   63  AVG. MOVE = 0.00014 A  (MAX MOVE: ATOM     5   0.00079 A)
     ITER   64  AVG. MOVE = 0.00014 A  (MAX MOVE: ATOM     5   0.00078 A)
     ITER   65  AVG. MOVE = 0.00014 A  (MAX MOVE: ATOM     5   0.00077 A)
     ITER   66  AVG. MOVE = 0.00014 A  (MAX MOVE: ATOM     5   0.00076 A)
     ITER   67  AVG. MOVE = 0.00014 A  (MAX MOVE: ATOM     5   0.00075 A)
     ITER   68  AVG. MOVE = 0.00014 A  (MAX MOVE: ATOM     5   0.00073 A)
     ITER   69  AVG. MOVE = 0.00013 A  (MAX MOVE: ATOM     5   0.00072 A)
     ITER   70  AVG. MOVE = 0.00013 A  (MAX MOVE: ATOM     5   0.00071 A)
     ITER   71  AVG. MOVE = 0.00013 A  (MAX MOVE: ATOM     5   0.00070 A)
     ITER   72  AVG. MOVE = 0.00013 A  (MAX MOVE: ATOM     5   0.00069 A)
     ITER   73  AVG. MOVE = 0.00013 A  (MAX MOVE: ATOM     5   0.00068 A)
     ITER   74  AVG. MOVE = 0.00013 A  (MAX MOVE: ATOM     5   0.00068 A)
     ITER   75  AVG. MOVE = 0.00013 A  (MAX MOVE: ATOM     5   0.00067 A)
     ITER   76  AVG. MOVE = 0.00012 A  (MAX MOVE: ATOM     5   0.00066 A)
     ITER   77  AVG. MOVE = 0.00012 A  (MAX MOVE: ATOM     5   0.00065 A)
     ITER   78  AVG. MOVE = 0.00012 A  (MAX MOVE: ATOM     5   0.00064 A)
     ITER   79  AVG. MOVE = 0.00012 A  (MAX MOVE: ATOM     5   0.00063 A)
     ITER   80  AVG. MOVE = 0.00012 A  (MAX MOVE: ATOM     5   0.00063 A)
     ITER   81  AVG. MOVE = 0.00012 A  (MAX MOVE: ATOM     5   0.00062 A)
     ITER   82  AVG. MOVE = 0.00012 A  (MAX MOVE: ATOM     5   0.00061 A)
     ITER   83  AVG. MOVE = 0.00012 A  (MAX MOVE: ATOM     5   0.00061 A)
     ITER   84  AVG. MOVE = 0.00012 A  (MAX MOVE: ATOM     5   0.00060 A)
     ITER   85  AVG. MOVE = 0.00011 A  (MAX MOVE: ATOM     5   0.00059 A)
     ITER   86  AVG. MOVE = 0.00011 A  (MAX MOVE: ATOM     5   0.00059 A)
     ITER   87  AVG. MOVE = 0.00011 A  (MAX MOVE: ATOM     5   0.00058 A)
     ITER   88  AVG. MOVE = 0.00011 A  (MAX MOVE: ATOM     5   0.00058 A)
     ITER   89  AVG. MOVE = 0.00011 A  (MAX MOVE: ATOM     5   0.00057 A)
     ITER   90  AVG. MOVE = 0.00011 A  (MAX MOVE: ATOM     5   0.00057 A)
     ITER   91  AVG. MOVE = 0.00011 A  (MAX MOVE: ATOM     5   0.00056 A)
     ITER   92  AVG. MOVE = 0.00011 A  (MAX MOVE: ATOM     5   0.00055 A)
     ITER   93  AVG. MOVE = 0.00011 A  (MAX MOVE: ATOM     5   0.00055 A)


              * * * * * * * * * GEOMETRY IS OPTIMIZED * * * * * * * * *

               WITHIN : AVERAGE MOVEMENT  0.00011 A (LIMIT  0.00011 A)
                        MAXIMUM MOVEMENT  0.00055 A (LIMIT  0.00108 A)

               GRADIENT
                 RMS GRADIENT                  0.042946 KCAL/MOL/A

                 MAX GRADIENT
                   X-DIRECTION : ATOM #   10   0.037371 KCAL/MOL/A
                   Y-DIRECTION : ATOM #    3   0.060124 KCAL/MOL/A
                   Z-DIRECTION : ATOM #    2   0.142251 KCAL/MOL/A

        DELTA TIME =    0.00 SEC.       TOTAL CPU TIME =      0.05 SEC.


                            =====================
                            FULL-MATRIX OPTIMIZER
                            =====================


     iter.  rms force   max force   avg. move    max move  atom  convg  d-time

        0    0.078250    0.251484   0.00200 A   0.01145 A   12    [N]     0.0s
        1    0.008537    0.024982   0.00001 A   0.00005 A   13    [N]     0.0s
        2    0.000026    0.000092                                 [Y]     0.0s


      TOTAL ENERGY IS      0.4099 KCAL/MOL.

        COMPRESS    0.4550      VDW 1,4    2.4844      DIPL-DIPL    0.0000
        STR-STR    -0.0004        OTHER   -0.1478      CHRG-DIPL    0.0000
        BENDING     2.8291      TORSION    2.6328      CHRG-CHRG    0.0000
        BEND-BEND  -0.1749      TOR-STR   -0.6658      EPR          0.0000
        STR-BEND    0.1272      TOR-BEND  -5.0005      TOR-BENBEN  -0.0982
        TOR-IMPT    0.0000      TOR-IPIP   0.0000      TORS-TORS   -1.2633
        IND-DIP    -0.7678      H-BOND     0.0000      PI-COMPLX    0.0000
0     DELTA(T) =     0.0 SEC.          ELAPSED TIME =     0.1 SEC.


    * * * ENERGY IS STATIONARY WITHIN RMS OF FORCES   0.00010  Kcal/mol/A * * *

                 * * * *  RMS FORCE IS   0.00003 Kcal/mol/A * * * *

 
     propylamine-g                                               


     %=%=%=%=%=%=%=%=%=%=%=%=%=%=%=%=%=%=%=%=%=%=%=%=%=%=%=%=%=%=%=%=%=%=%=

     The Parameters Used in This Calculation Can be Found in the Following
     Publication(s):

     The MM4 Program is Developed by Dr. N. L. Allinger and co-workers at  
     the University of Georgia, Athens, Georgia 30602-2556 USA.            
     (c) Copyright 2003 by N. L. Allinger. All rights reserved.            
                                                                           
     MM4 General Description and Alkanes:                                  
      Allinger,N.L.; Chen,K.; Lii,J.-H. J. Comput. Chem. 1996, 17, 642.    
     Amines:                                                               
      Chen,K.-H.; Lii,J.-H.; Fan,Y.; Allinger,N.L., J. Comput. Chem.       
      2007, 28, 2391.                                                      

     %=%=%=%=%=%=%=%=%=%=%=%=%=%=%=%=%=%=%=%=%=%=%=%=%=%=%=%=%=%=%=%=%=%=%=

               CHEMICAL FORMULA :  C(    3)  H(    9)  N(    1) 
               FORMULA WEIGHT   :     59.075
                                                               DATE : 30-MAY-23

           * M M 4 * * * * * * * * * * * 2 0 0 8 *
           *                                     *   PARAMETER RELIABILITY
           *                                     *
           *                                     *   BLANK = GOOD
           *                                     *       B = FAIR
           *                                     *       C = TRIAL
           *                                     *       R = READ IN
           *                                     *       S = SUBSTITUTED
           *                                     *       U = PARAMETER NOT EXIST
           *                                     *
           *                                     *   THIS IS SHOWN AT THE END 
           *                                     *   OF THE LINE.
           * * * * * * * * * * * * * * * * * * * * 


      CONFORMATIONAL ENERGY, PART 3:  GEOMETRY AND STERIC ENERGY
                                      OF FINAL CONFORMATION.

      CONNECTED ATOMS
          1-    2-    3-    9-

      ATTACHED ATOMS
          1-    4,    1-   10,    2-    5,    2-    6,    3-    7,    3-    8,
          9-   11,    9-   12,    9-   13,

      FINAL ATOMIC COORDINATE
           ATOM          X           Y           Z      TYPE
         N(    1)    -1.40504    -0.61619    -0.10305   (  8)
         C(    2)    -0.71281     0.61690     0.29026   (  1)
         C(    3)     0.69609     0.62939    -0.30609   (  1)
         H(    4)    -1.51299    -0.65540    -1.13162   ( 23)
         H(    5)    -1.23168     1.57327     0.00521   (  5)
         H(    6)    -0.63741     0.65196     1.40045   (  5)
         H(    7)     0.63797     0.64950    -1.41646   (  5)
         H(    8)     1.20659     1.56834     0.00362   (  5)
         C(    9)     1.53824    -0.56942     0.14251   (  1)
         H(   10)    -2.36735    -0.62891     0.27753   ( 23)
         H(   11)     2.57250    -0.50912    -0.26427   (  5)
         H(   12)     1.62084    -0.61828     1.25101   (  5)
         H(   13)     1.10574    -1.53426    -0.20301   (  5)


          DIELECTRIC CONSTANT =  1.500


      BOND LENGTHS AND STRETCHING ENERGY   (   12 BONDS)

        ENERGY = 71.94(KS)(DR)(DR)(1-(CS)(DR)+(7/12)((CS)(DR))**2)-
                       (1/4)((CS)(DR))**3)+(31/360)((CS)(DR))**4))
                         DR =  R-RO
                         CS =  3.000 FOR X-Y BONDS
                            =  2.200 FOR X-H BONDS
                                                            R(0)-CORR        CORR
             BOND          R(g)    R(0)    K(S)  ENERGY   E-NEG  MISCEL       KS
      N(    1)- C(    2)  1.4678  1.4666  5.200  0.0005  0.0081                    
      N(    1)- H(    4)  1.0350  1.0340  6.410  0.0004                            
      N(    1)- H(   10)  1.0349  1.0340  6.410  0.0004                            
      C(    2)- C(    3)  1.5300  1.5075  4.550  0.1544 -0.0195                    
      C(    2)- H(    5)  1.1248  1.1002  5.024  0.2070 -0.0118             0.354  
      C(    2)- H(    6)  1.1133  1.1002  5.024  0.0603 -0.0118             0.354  
      C(    3)- H(    7)  1.1121  1.1096  4.741  0.0020 -0.0024             0.071  
      C(    3)- H(    8)  1.1127  1.1096  4.741  0.0032 -0.0024             0.071  
      C(    3)- C(    9)  1.5322  1.5231  4.550  0.0263 -0.0039                    
      C(    9)- H(   11)  1.1130  1.1120  4.740  0.0003                            
      C(    9)- H(   12)  1.1126  1.1120  4.740  0.0001                            
      C(    9)- H(   13)  1.1124  1.1120  4.740  0.0000                            


      NON-BONDED DISTANCES, VDW AND EPR ENERGY   (    45 PAIRS)

              E(VDW) = KV*(1.84(10**5)EXP(-12.00/P) - 2.25(P**6))
              E(EPR) = C*KV*(1.84(10**5)EXP(-12.00/Q) - 2.25(Q**6))
              E(HBD) = EP1-EP2*F(THET1,THET2)*RTH/RTH0
                            EP1 = KHB*2.76(10**5)*EXP(-12.0/P)
                            EP2 = KHB*2.25(P**6)
                              F = FAC*(1+COS(THET1)^N*(1+COS(THET2))^N

            IF P > 3.020, THEN,
              E(VDW) = KV(192.270)(P**2)
              E(HBD) = EP1-EP2*F(THET1,THET2)*RTH/RTH0
                            EP1 = KHB*569.14*P**2
                            EP2 = KHB*187.16*P**2

                       RV = RVDW(I) + RVDW(K)
                       KV = SQRT(EPS(I)*EPS(K))
                      KHB = HYDROGEN BOND ENERGY PARAMETER
                        P = (RV/R) OR (RV/R#)
                        C = SCALE FACTOR
                        Q = RV/R, WHERE R IS MODIFIED DISTANCE
                        N = 1 WHEN Y IS NITROGEN, AND 2 FOR OTHERS
                      FAC = 1/4 WHEN N=1, AND 1/16 WHEN N=2
                    THET1 = ANGLE H-X-Y IN HYDROGEN BOND X-H...Y
                    THET2 = ANGLE X-Y-LP IN HYDROGEN BOND X...Y-LP
                      RTH = BOND LENGTH X-H IN X-H...Y
                     RTH0 = NATURAL BOND LENGTH X-H

          # IN THE VDW CALCULATIONS THE HYDROGEN ATOMS ARE RELOCATED
          SO THAT THE ATTACHED HYDROGEN DISTANCE IS REDUCED BY 0.940

          # IN THE VDW CALCULATIONS THE DEUTERIUM ATOMS ARE RELOCATED
          SO THAT THE ATTACHED DEUTERIUM DISTANCE IS REDUCED BY  0.940

           ATOM PAIR          R       R#       RV      KV       ENERGY
      N(    1), C(    3)   2.4510
      N(    1), H(    5)   2.1990
      N(    1), H(    6)   2.1114
      N(    1), H(    7)   2.7388   2.7095   3.110   0.1100     0.0172  1,4    
      N(    1), H(    8)   3.4065   3.3464   3.110   0.1100    -0.1095  1,4    
      N(    1), C(    9)   2.9539            3.820   0.0447     0.2973  1,4    
      N(    1), H(   11)   3.9822   3.9192   3.110   0.1100    -0.0563         
      N(    1), H(   12)   3.3150   3.2839   3.110   0.1100    -0.1150         
      N(    1), H(   13)   2.6752   2.6798   3.110   0.1100     0.0494         
      C(    2), H(    4)   2.0690
      C(    2), H(    7)   2.1768
      C(    2), H(    8)   2.1614
      C(    2), C(    9)   2.5488
      C(    2), H(   10)   2.0712
      C(    2), H(   11)   3.5169   3.4564   3.440   0.0240    -0.0269  1,4    
      C(    2), H(   12)   2.8097   2.7822   3.440   0.0240     0.0762  1,4    
      C(    2), H(   13)   2.8597   2.8297   3.440   0.0240     0.0538  1,4    
      C(    3), H(    4)   2.6856   2.6607   3.560   0.0258     0.2715  1,4    
      C(    3), H(    5)   2.1689
      C(    3), H(    6)   2.1659
      C(    3), H(   10)   3.3628   3.3061   3.560   0.0258    -0.0219  1,4    
      C(    3), H(   11)   2.1952
      C(    3), H(   12)   2.1992
      C(    3), H(   13)   2.2045
      H(    4), H(    5)   2.5176   2.4476   3.240   0.0175     0.1604  1,4    
      H(    4), H(    6)   2.9811   2.8676   3.240   0.0175    -0.0033  1,4    
      H(    4), H(    7)   2.5319   2.5270   3.240   0.0175     0.1025         
      H(    4), H(    8)   3.6919   3.6050   3.240   0.0175    -0.0156         
      H(    4), C(    9)   3.3077   3.2783   3.560   0.0258    -0.0198         
      H(    4), H(   10)   1.6481
      H(    4), H(   11)   4.1791   4.1042   3.240   0.0175    -0.0087         
      H(    4), H(   12)   3.9369   3.8514   3.240   0.0175    -0.0119         
      H(    4), H(   13)   2.9142   2.9027   3.240   0.0175    -0.0071         
      H(    5), H(    6)   1.7744
      H(    5), H(    7)   2.5239   2.4553   3.280   0.0170     0.1753  1,4    
      H(    5), H(    8)   2.4383   2.3768   3.280   0.0170     0.2592  1,4    
      H(    5), C(    9)   3.5046   3.4444   3.440   0.0240    -0.0269  1,4    
      H(    5), H(   10)   2.4927   2.4251   3.240   0.0175     0.1807  1,4    
      H(    5), H(   11)   4.3452   4.2374   3.280   0.0170    -0.0076         
      H(    5), H(   12)   3.8068   3.7182   3.280   0.0170    -0.0142         
      H(    5), H(   13)   3.8941   3.7993   3.280   0.0170    -0.0130         
      H(    6), H(    7)   3.0922   2.9748   3.280   0.0170    -0.0100  1,4    
      H(    6), H(    8)   2.4882   2.4223   3.280   0.0170     0.2074  1,4    
      H(    6), C(    9)   2.7942   2.7675   3.440   0.0240     0.0842  1,4    
      H(    6), H(   10)   2.4278   2.3620   3.240   0.0175     0.2488  1,4    
      H(    6), H(   11)   3.7978   3.7102   3.280   0.0170    -0.0143         
      H(    6), H(   12)   2.5953   2.5924   3.280   0.0170     0.0809         
      H(    6), H(   13)   3.2232   3.1568   3.280   0.0170    -0.0180         
      H(    7), H(    8)   1.7844
      H(    7), C(    9)   2.1741
      H(    7), H(   10)   3.6791   3.5934   3.240   0.0175    -0.0158         
      H(    7), H(   11)   2.5323   2.4644   3.280   0.0170     0.1673  1,4    
      H(    7), H(   12)   3.1127   2.9949   3.280   0.0170    -0.0115  1,4    
      H(    7), H(   13)   2.5417   2.4734   3.280   0.0170     0.1595  1,4    
      H(    8), C(    9)   2.1678
      H(    8), H(   10)   4.2043   4.0990   3.240   0.0175    -0.0088         
      H(    8), H(   11)   2.5007   2.4354   3.280   0.0170     0.1941  1,4    
      H(    8), H(   12)   2.5513   2.4815   3.280   0.0170     0.1528  1,4    
      H(    8), H(   13)   3.1111   2.9934   3.280   0.0170    -0.0114  1,4    
      C(    9), H(   10)   3.9084   3.8499   3.560   0.0258    -0.0253         
      H(   10), H(   11)   4.9709   4.8467   3.240   0.0175    -0.0035         
      H(   10), H(   12)   4.1053   4.0341   3.240   0.0175    -0.0095         
      H(   10), H(   13)   3.6212   3.5711   3.240   0.0175    -0.0162         
      H(   11), H(   12)   1.7927
      H(   11), H(   13)   1.7905
      H(   12), H(   13)   1.7940


      BOND ANGLES, BENDING AND STRETCH-BEND ENERGIES   (   21 ANGLES)

          EB = 0.02191418(KB)(DT)(DT)(1+CF*DT+QF*DT**2+PF*DT**3+SF*DT**4)
                          DT = THETA-TZERO
                          CF = -1800.000E-5
                          QF =     7.200E-5
                          PF =     0.135E-5
                          SF =     0.004E-6
          ESS =  143.88(KSTST)(DR1)(DR2)
          ESB =  2.51118(KSB)(DT)(DR1+DR2)
          EBB = -0.02191418(KBB)(DT1)(DT2)
                          DR1 = R1 - R1(0)
                          DR2 = R2 - R2(0)

               A T O M S             THETA    TZERO     KB     EB    KSB   ESB   KSS   ESS
      C(    2)- N(    1)- H(    4)  110.323  108.600  0.780  0.0492 0.03 0.0003              
      C(    2)- N(    1)- H(   10)  110.507  108.600  0.780  0.0600 0.03 0.0003              
      H(    4)- N(    1)- H(   10)  105.546  105.000  0.489  0.0032                          
      N(    1)- C(    2)- C(    3)  109.677  104.600  1.145  0.5889 0.14 0.0422-0.10-0.0004  
      N(    1)- C(    2)- H(    5)  115.395  105.000  0.850  1.6548 0.10 0.0673              
      N(    1)- C(    2)- H(    6)  109.002  105.000  0.850  0.2772 0.10 0.0144              
      C(    3)- C(    2)- H(    5)  108.607  109.470  0.560  0.0093 0.10-0.0102              
      C(    3)- C(    2)- H(    6)  109.031  109.470  0.560  0.0024 0.10-0.0039              
      H(    5)- C(    2)- H(    6)  104.903  107.700  0.540  0.0973                          
      C(    2)- C(    3)- H(    7)  109.951  109.470  0.560  0.0028 0.10 0.0030              
      C(    2)- C(    3)- H(    8)  108.716  109.470  0.560  0.0071 0.10-0.0048              
      C(    2)- C(    3)- C(    9)  112.683  111.400  0.740  0.0261 0.14 0.0142              
      H(    7)- C(    3)- H(    8)  106.656  107.700  0.540  0.0131                          
      H(    7)- C(    3)- C(    9)  109.585  109.470  0.560  0.0002 0.10 0.0003              
      H(    8)- C(    3)- C(    9)  109.060  109.470  0.560  0.0021 0.10-0.0013              
      C(    3)- C(    9)- H(   11)  111.184  110.800  0.600  0.0019 0.10 0.0010              
      C(    3)- C(    9)- H(   12)  111.522  110.800  0.600  0.0068 0.10 0.0018              
      C(    3)- C(    9)- H(   13)  111.962  110.800  0.600  0.0174 0.10 0.0028              
      H(   11)- C(    9)- H(   12)  107.308  107.800  0.540  0.0029                          
      H(   11)- C(    9)- H(   13)  107.143  107.800  0.540  0.0052                          
      H(   12)- C(    9)- H(   13)  107.471  107.800  0.540  0.0013                          


     DIHEDRAL ANGLES, TORSIONAL ENERGY (ET)   (    24 ANGLES)

           ET = (V1/2)(1+COS(W))+(V2/2)(1-COS(2W))+(V3/2)(1+COS(3W))+
                                 (V4/2)(1-COS(4W))+(V6/2)(1+COS(6W))
         EBTB =  0.043828*(KBTB)(DTH1)(COS(W))(DTH2)
         ETS1 = -0.5*(RC-RC0)[KTSC1*(1+COS(W))+KTSC2*(1-COS(2W))+KTSC3*(1+COS(3W))]
         ETS2 = -0.5*(RT-RT0)[KTST1*(1+COS(W))+KTST2*(1-COS(2W))+KTST3*(1+COS(3W))]
          ETB =  2.51124*(DTH)[KTB1(1+COS(W))+KTB2*(1-COS(2W))+KTB3*(1+COS(3W))]
                      RC   = CENTRAL BOND LENGTH
                      RT   = TERMINAL BOND LENGTH
                      DTH1 = THETA1 - TZERO1
                      DTH2 = THETA2 - TZERO2

           SIGN OF ANGLE A-B-C-D : WHEN LOOKING THROUGH B TOWARD C,
           IF D IS COUNTERCLOCKWISE FROM A, NEGATIVE.

                A T O M S                OMEGA    V1     V2     V3     V4     V6     E    KBTB   EBTB
    N(    1) C(    2) C(    3) H(    7)   63.7  0.000  0.000  0.455  0.000  0.000  0.004 -0.050 -0.002 
       TYPE-1-TS                         0.000  0.000  0.660                       0.000
       TORS-BEND   -0.003 -0.003  0.000                       0.000  0.000  0.000 -0.117
    N(    1) C(    2) C(    3) H(    8) -179.9  0.000  0.000  0.455  0.000  0.000  0.000 -0.050 -0.008 
       TYPE-1-TS                         0.000  0.000  0.660                       0.000
       TORS-BEND   -0.003 -0.003  0.000                       0.000  0.000  0.000  0.000
    N(    1) C(    2) C(    3) C(    9)  -58.8  1.139  1.348  1.582 -0.140  0.172  1.914 -0.050 -0.007 
       TYPE-1-TS                         3.000 -3.100  2.860                       0.000
       TYPE-2-TS   -0.600  1.000  1.500                       0.000  0.000  1.300  0.000
       TORS-BEND    0.010 -0.004 -0.006                       0.007  0.000 -0.005  0.153
    C(    2) C(    3) C(    9) H(   11) -177.2  0.000  0.000  0.290  0.000  0.000  0.002 -0.060  0.001 
       TYPE-1-TS                         0.000  0.000  0.660                       0.000
    C(    2) C(    3) C(    9) H(   12)  -57.5  0.000  0.000  0.290  0.000  0.000  0.001 -0.060 -0.001 
       TYPE-1-TS                         0.000  0.000  0.660                       0.000
    C(    2) C(    3) C(    9) H(   13)   63.0  0.000  0.000  0.290  0.000  0.000  0.002 -0.060 -0.002 
       TYPE-1-TS                         0.000  0.000  0.660                       0.000
    C(    3) C(    2) N(    1) H(    4)  -62.5 -0.550  1.451  0.355  0.010 -0.083  0.666 -0.060 -0.011 
       TYPE-1-TS                         0.000  0.000  0.580                       0.000
       TYPE-2-TS    3.000  5.000  0.000                       0.000  0.000  0.000 -0.138
       TORS-BEND   -0.012 -0.036  0.000                       0.000  0.000  0.000 -0.946
    C(    3) C(    2) N(    1) H(   10) -178.8 -0.550  1.451  0.355  0.010 -0.083 -0.082 -0.060  0.025 
       TYPE-1-TS                         0.000  0.000  0.580                       0.000
       TYPE-2-TS    3.000  5.000  0.000                       0.000  0.000  0.000  0.000
       TORS-BEND   -0.012 -0.036  0.000                       0.000  0.000  0.000  0.000
    H(    4) N(    1) C(    2) H(    5)   60.5  0.000  0.000  0.163  0.000  0.005  0.005 -0.120 -0.046 
       TYPE-1-TS                         0.000  0.000  0.580                       0.000
       TYPE-2-TS    0.000  0.000  0.000                       6.800  4.500  0.000 -0.209
       TORS-BEND    0.000  0.000  0.000                      -0.025 -0.019  0.000 -1.725
    H(    4) N(    1) C(    2) H(    6)  178.2  0.000  0.000  0.163  0.000  0.005  0.005 -0.120  0.036 
       TYPE-1-TS                         0.000  0.000  0.580                       0.000
       TYPE-2-TS    0.000  0.000  0.000                       6.800  4.500  0.000  0.000
       TORS-BEND    0.000  0.000  0.000                      -0.025 -0.019  0.000  0.000
    H(    5) C(    2) N(    1) H(   10)  -55.8  0.000  0.000  0.163  0.000  0.005  0.007 -0.120 -0.059 
       TYPE-1-TS                         0.000  0.000  0.580                       0.000
       TYPE-2-TS    6.800  4.500  0.000                       0.000  0.000  0.000 -0.206
       TORS-BEND   -0.025 -0.019  0.000                       0.000  0.000  0.000 -1.698
    H(    5) C(    2) C(    3) H(    7)  -63.2  0.000  0.000  0.260  0.000  0.008  0.010 -0.090  0.001 
       TYPE-1-TS                         0.000  0.000  0.660                       0.000
    H(    5) C(    2) C(    3) H(    8)   53.2  0.000  0.000  0.260  0.000  0.008  0.015 -0.090 -0.002 
       TYPE-1-TS                         0.000  0.000  0.660                       0.000
    H(    5) C(    2) C(    3) C(    9)  174.2  0.000  0.000  0.290  0.000  0.000  0.007 -0.060 -0.003 
       TYPE-1-TS                         0.000  0.000  0.660                       0.000
    H(    6) C(    2) N(    1) H(   10)   61.9  0.000  0.000  0.163  0.000  0.005  0.005 -0.120 -0.019 
       TYPE-1-TS                         0.000  0.000  0.580                       0.000
       TYPE-2-TS    6.800  4.500  0.000                       0.000  0.000  0.000 -0.111
       TORS-BEND   -0.025 -0.019  0.000                       0.000  0.000  0.000 -0.667
    H(    6) C(    2) C(    3) H(    7) -177.0  0.000  0.000  0.260  0.000  0.008  0.009 -0.090 -0.001 
       TYPE-1-TS                         0.000  0.000  0.660                       0.000
    H(    6) C(    2) C(    3) H(    8)  -60.6  0.000  0.000  0.260  0.000  0.008  0.008 -0.090 -0.001 
       TYPE-1-TS                         0.000  0.000  0.660                       0.000
    H(    6) C(    2) C(    3) C(    9)   60.4  0.000  0.000  0.290  0.000  0.000  0.000 -0.060  0.001 
       TYPE-1-TS                         0.000  0.000  0.660                       0.000
    H(    7) C(    3) C(    9) H(   11)   60.1  0.000  0.000  0.260  0.000  0.008  0.008 -0.090  0.000 
       TYPE-1-TS                         0.000  0.000  0.660                       0.000
    H(    7) C(    3) C(    9) H(   12)  179.8  0.000  0.000  0.260  0.000  0.008  0.008 -0.090  0.000 
       TYPE-1-TS                         0.000  0.000  0.660                       0.000
    H(    7) C(    3) C(    9) H(   13)  -59.8  0.000  0.000  0.260  0.000  0.008  0.008 -0.090  0.000 
       TYPE-1-TS                         0.000  0.000  0.660                       0.000
    H(    8) C(    3) C(    9) H(   11)  -56.4  0.000  0.000  0.260  0.000  0.008  0.010 -0.090  0.000 
       TYPE-1-TS                         0.000  0.000  0.660                       0.000
    H(    8) C(    3) C(    9) H(   12)   63.4  0.000  0.000  0.260  0.000  0.008  0.010 -0.090  0.001 
       TYPE-1-TS                         0.000  0.000  0.660                       0.000
    H(    8) C(    3) C(    9) H(   13) -176.2  0.000  0.000  0.260  0.000  0.008  0.010 -0.090 -0.002 
       TYPE-1-TS                         0.000  0.000  0.660                       0.000


 ==============================================================================
                        NORMAL MODE VIBRATIONAL ANALYSIS
 ==============================================================================


             Molecular Shape : ASYMMETRIC ROTOR WITH KAPPA =-0.825308
        Symmetry Point Group : C1  
             Symmetry Number :  1
                   Chirality : yes



0       FUNDAMENTAL NORMAL VIBRATIONAL FREQUENCIES
                ( THEORETICALLY  33 VALUES )

             Frequency :  in 1/cm
             A(i)      :  IR intensity (vs,s,m,w,vw,-- or in 10**6 cm/mole)
             A(i) = -- :  IR inactive


             no       Frequency   Symmetry      A(i)

             1.          3423.4     (A   )       vs
             2.          3364.0     (A   )        s
             3.          2971.6     (A   )        m
             4.          2967.9     (A   )        m
             5.          2945.8     (A   )        m
             6.          2907.8     (A   )        m
             7.          2897.6     (A   )        m
             8.          2876.7     (A   )        m
             9.          2792.9     (A   )        m
            10.          1576.9     (A   )        s
            11.          1506.4     (A   )        m
            12.          1469.5     (A   )        w
            13.          1457.0     (A   )        w
            14.          1441.5     (A   )        w
            15.          1434.5     (A   )        w
            16.          1422.4     (A   )        w
            17.          1361.2     (A   )        w
            18.          1271.6     (A   )        w
            19.          1230.9     (A   )        w
            20.          1186.5     (A   )        w
            21.          1091.6     (A   )        m
            22.          1054.1     (A   )        w
            23.          1038.4     (A   )        w
            24.           997.1     (A   )        m
            25.           914.7     (A   )        m
            26.           834.3     (A   )        m
            27.           768.9     (A   )        m
            28.           754.8     (A   )        m
            29.           482.0     (A   )        w
            30.           324.4     (A   )        w
            31.           280.9     (A   )        m
            32.           230.1     (A   )        w
            33.           137.4     (A   )        w
            34.     (       0.0)    (t/r )
            35.     (       0.0)    (t/r )
            36.     (       0.0)    (t/r )
            37.     (       0.0)    (t/r )
            38.     (       0.0)    (t/r )
            39.     (       0.0)    (t/r )


0       CORRESPONDING EIGEN VECTOR MATRIX   39 BY  39



 (  1)
     0.041   -0.001   -0.067   -0.001    0.000    0.001    0.000   -0.001
     0.000    0.066    0.021    0.661    0.001    0.000    0.000    0.004
     0.007    0.002    0.000    0.000    0.001    0.000    0.001    0.000
     0.000    0.000    0.000   -0.634   -0.005    0.252    0.000    0.000
     0.000    0.000    0.000    0.000    0.000    0.000    0.000

 (  2)
     0.052    0.005    0.033   -0.001   -0.002   -0.001    0.000    0.000
     0.000   -0.083   -0.031   -0.688   -0.001    0.009    0.000    0.001
     0.000    0.005    0.000    0.000    0.000    0.000    0.000    0.000
     0.000    0.000    0.000   -0.633   -0.014    0.238    0.000    0.000
     0.000    0.000    0.000    0.000    0.000    0.000    0.000

 (  3)
     0.000    0.000    0.000    0.000    0.000    0.000   -0.002   -0.004
    -0.006    0.000    0.000    0.000    0.000    0.000    0.000   -0.001
     0.000    0.004    0.007   -0.008    0.059    0.019    0.054    0.012
    -0.037   -0.053   -0.066    0.000    0.000    0.000    0.113    0.014
    -0.026    0.059   -0.027    0.583    0.270    0.634    0.225

 (  4)
     0.000    0.000    0.000   -0.001    0.001   -0.001   -0.001    0.000
    -0.002    0.000    0.000    0.000    0.002   -0.005    0.002    0.001
     0.000    0.010    0.006   -0.006    0.025    0.002   -0.006    0.000
     0.066    0.027   -0.058    0.000    0.000    0.000   -0.700   -0.028
     0.271    0.029   -0.037    0.493   -0.117   -0.249   -0.070

 (  5)
     0.000    0.000    0.000    0.000   -0.001    0.003    0.027    0.043
     0.075    0.000    0.000    0.002   -0.001    0.005   -0.001    0.008
     0.000   -0.039   -0.033    0.017   -0.706   -0.286   -0.524   -0.171
    -0.003   -0.004   -0.008   -0.002    0.000    0.001    0.000    0.001
     0.002    0.001    0.005    0.062    0.028    0.044    0.022

 (  6)
     0.000    0.001    0.001   -0.009    0.005   -0.083   -0.005   -0.009
     0.012    0.007    0.010    0.003    0.063   -0.120    0.051    0.052
     0.046    0.917   -0.014    0.009   -0.148    0.057    0.097    0.023
    -0.002    0.002   -0.001    0.002   -0.005   -0.003    0.030   -0.001
    -0.010    0.002   -0.001    0.021   -0.009   -0.021   -0.007

 (  7)
     0.000    0.000    0.000    0.005   -0.003    0.016   -0.024   -0.054
     0.037   -0.002   -0.002    0.000   -0.040    0.057   -0.015   -0.010
    -0.009   -0.178   -0.016    0.036   -0.581    0.310    0.575    0.159
    -0.011    0.018   -0.008    0.000    0.001    0.000    0.158   -0.005
    -0.053    0.017   -0.014    0.185   -0.067   -0.161   -0.054

 (  8)
     0.000    0.000    0.000   -0.002    0.001   -0.001    0.011    0.015
    -0.012    0.000    0.000    0.000    0.012   -0.018    0.004    0.001
     0.001    0.015    0.005   -0.011    0.208   -0.109   -0.196   -0.055
    -0.034    0.043   -0.016    0.000    0.000    0.000    0.516    0.011
    -0.191    0.054   -0.043    0.525   -0.183   -0.458   -0.149

 (  9)
    -0.001   -0.004   -0.001   -0.036    0.074   -0.002    0.001   -0.004
     0.001    0.004    0.006   -0.010    0.433   -0.806    0.204    0.000
    -0.032   -0.166   -0.005    0.003   -0.030    0.008    0.033    0.012
     0.000    0.000    0.000   -0.006    0.008    0.010    0.000   -0.001
     0.000   -0.001    0.001   -0.005    0.002    0.004    0.001

 ( 10)
    -0.056   -0.082   -0.015    0.038    0.080   -0.003   -0.011   -0.007
    -0.002    0.526    0.316   -0.103   -0.056    0.035   -0.112   -0.117
    -0.278    0.028    0.016   -0.009   -0.004   -0.050    0.003    0.018
     0.002    0.000   -0.001    0.106    0.200    0.455    0.004   -0.008
     0.004    0.000    0.007   -0.001   -0.003    0.004   -0.007

 ( 11)
    -0.001    0.003    0.029    0.070    0.086    0.018   -0.033   -0.004
     0.002   -0.234   -0.017    0.062   -0.138   -0.122   -0.410   -0.072
    -0.593    0.072    0.105    0.005   -0.003   -0.033   -0.006   -0.016
     0.006   -0.004    0.000   -0.132   -0.250   -0.308    0.009   -0.032
     0.000   -0.009    0.042    0.005    0.001    0.008   -0.036

 ( 12)
    -0.009   -0.003    0.007    0.070   -0.017   -0.024   -0.127    0.059
     0.006    0.023    0.031    0.003    0.011   -0.006    0.217   -0.262
     0.149   -0.025    0.294   -0.178   -0.020    0.266   -0.161    0.018
     0.030   -0.041    0.014   -0.022   -0.054   -0.021    0.064   -0.175
     0.074    0.098    0.342    0.042   -0.024    0.092   -0.342

 ( 13)
     0.001    0.002   -0.003   -0.018   -0.004    0.005    0.016    0.004
     0.018    0.007   -0.007   -0.004    0.028    0.010   -0.044    0.086
    -0.007    0.002    0.015   -0.030    0.023   -0.047    0.056   -0.020
    -0.004    0.026    0.032    0.011    0.024    0.022   -0.187   -0.423
    -0.478   -0.374    0.152    0.085    0.527   -0.107   -0.200

 ( 14)
     0.015    0.011   -0.010   -0.101   -0.031    0.037   -0.002    0.061
    -0.023    0.026   -0.027   -0.012    0.259    0.057   -0.400    0.403
    -0.162    0.026   -0.130   -0.284   -0.042    0.192   -0.110    0.263
     0.011   -0.030    0.012    0.056    0.105    0.086    0.041   -0.003
     0.088    0.120    0.195    0.023   -0.077    0.070   -0.196

 ( 15)
     0.003   -0.001   -0.005   -0.019    0.010    0.003    0.045   -0.069
     0.024   -0.012   -0.020   -0.004   -0.051   -0.005   -0.011    0.082
     0.000   -0.001   -0.054    0.277    0.052   -0.141    0.089   -0.212
    -0.074    0.030   -0.003    0.010    0.029    0.013    0.042   -0.298
     0.344    0.486    0.228   -0.044    0.171    0.045   -0.353

 ( 16)
    -0.007   -0.004    0.007    0.044    0.032   -0.017    0.064    0.005
    -0.041   -0.034    0.009    0.010   -0.198   -0.038    0.192   -0.190
     0.048   -0.008   -0.375   -0.412   -0.052   -0.255    0.004    0.568
    -0.026    0.011    0.000   -0.041   -0.077   -0.078   -0.009   -0.082
     0.057    0.119    0.036   -0.012    0.089   -0.010   -0.081

 ( 17)
     0.000   -0.003   -0.004   -0.001    0.017   -0.001    0.048   -0.026
    -0.002   -0.019   -0.020   -0.001   -0.093   -0.012    0.054    0.012
     0.026   -0.002   -0.144    0.180    0.013   -0.246    0.156   -0.071
     0.038   -0.097    0.045   -0.001    0.009   -0.006   -0.076    0.372
    -0.228   -0.164    0.441    0.113   -0.293    0.150   -0.321

 ( 18)
     0.008   -0.025   -0.051    0.005    0.041    0.085   -0.006    0.009
     0.000   -0.173   -0.296   -0.028   -0.013   -0.003   -0.056    0.022
     0.128    0.100    0.506   -0.257   -0.031   -0.394    0.211    0.037
    -0.014   -0.027   -0.047    0.069    0.255    0.107    0.037    0.036
     0.092   -0.017    0.106   -0.050    0.038   -0.109    0.093

 ( 19)
     0.007    0.021    0.060   -0.036   -0.062   -0.036    0.034    0.047
    -0.002    0.144    0.321    0.043    0.458    0.211    0.009   -0.246
    -0.133   -0.028    0.157   -0.107   -0.015   -0.281    0.252   -0.078
    -0.033   -0.041   -0.024   -0.063   -0.229   -0.125   -0.012    0.098
     0.059    0.053    0.096   -0.028    0.113   -0.144    0.059

 ( 20)
    -0.027    0.019    0.013    0.017   -0.003   -0.061   -0.006    0.007
     0.107    0.168    0.164   -0.014   -0.308   -0.154    0.029    0.498
     0.093   -0.103    0.013   -0.238    0.115   -0.033    0.086   -0.084
     0.001   -0.014   -0.073   -0.046   -0.231   -0.038    0.089    0.002
     0.148   -0.153    0.223   -0.057   -0.005   -0.095    0.149

 ( 21)
     0.001   -0.119   -0.001    0.010    0.094   -0.017   -0.038   -0.037
     0.031   -0.216    0.173    0.010    0.370    0.340    0.132    0.217
     0.111   -0.030   -0.112    0.036    0.041   -0.103   -0.016    0.068
     0.040    0.029   -0.018   -0.094    0.071   -0.237    0.082   -0.187
     0.058   -0.139    0.007   -0.005   -0.154    0.105    0.016

 ( 22)
    -0.058   -0.018   -0.020    0.073    0.009    0.041   -0.052    0.049
    -0.057    0.137    0.068   -0.047    0.065   -0.057   -0.180    0.320
     0.353    0.013    0.035    0.167   -0.063   -0.194    0.089    0.071
    -0.001   -0.040    0.072   -0.067   -0.340   -0.050   -0.077    0.053
    -0.105    0.243   -0.269    0.046    0.103   -0.036   -0.076

 ( 23)
    -0.009   -0.058   -0.022    0.045    0.035   -0.015   -0.008    0.104
     0.035   -0.188   -0.138   -0.002    0.040    0.049    0.037   -0.036
    -0.032   -0.008   -0.374    0.054    0.053    0.216    0.060   -0.180
    -0.033   -0.089   -0.002   -0.009    0.199   -0.008   -0.025    0.219
     0.064    0.120    0.109   -0.002    0.340   -0.312    0.148

 ( 24)
     0.007    0.064   -0.013    0.045   -0.049   -0.013   -0.076    0.032
     0.016    0.064   -0.248   -0.007    0.134   -0.041   -0.150   -0.123
    -0.039   -0.006   -0.364    0.169    0.034   -0.314    0.164    0.000
     0.077   -0.029   -0.016    0.084    0.007    0.178    0.172   -0.370
     0.182   -0.172   -0.003    0.007   -0.125    0.015    0.107

 ( 25)
     0.062    0.008    0.037   -0.054   -0.004   -0.078   -0.056    0.050
    -0.018   -0.105    0.206    0.049   -0.281   -0.045    0.211    0.196
    -0.218   -0.086    0.095   -0.021   -0.029   -0.217    0.139   -0.028
     0.046   -0.057    0.057    0.017    0.367   -0.069    0.004   -0.104
    -0.060    0.188   -0.302    0.035    0.008    0.002   -0.073

 ( 26)
     0.004   -0.028    0.011   -0.072    0.005    0.080    0.036    0.031
    -0.086   -0.020    0.370   -0.003   -0.251   -0.139   -0.102   -0.135
     0.208    0.077    0.019    0.271   -0.080    0.085   -0.044    0.077
     0.056   -0.052   -0.023   -0.068    0.036   -0.169    0.154   -0.204
     0.204   -0.155    0.195    0.009    0.063   -0.127    0.184

 ( 27)
    -0.058   -0.025   -0.016   -0.078    0.066    0.026    0.085    0.075
    -0.014    0.075   -0.271   -0.020   -0.078    0.126    0.235   -0.038
    -0.102    0.032   -0.002   -0.199   -0.020    0.121    0.151   -0.314
     0.060   -0.031    0.015   -0.033   -0.334    0.039    0.077   -0.238
     0.027    0.017   -0.188    0.010   -0.129    0.085   -0.082

 ( 28)
    -0.002    0.033    0.008   -0.043    0.053   -0.038   -0.035   -0.035
    -0.051    0.113   -0.284    0.010    0.030    0.194    0.327    0.193
    -0.235   -0.040    0.170    0.338   -0.048   -0.011   -0.169    0.344
     0.015   -0.033    0.000    0.045   -0.221    0.115    0.041    0.076
     0.076   -0.006    0.178    0.015    0.194   -0.167    0.160

 ( 29)
     0.090    0.047   -0.035   -0.079    0.093    0.039   -0.088   -0.094
     0.039    0.059    0.127   -0.036   -0.034    0.081   -0.092   -0.179
     0.171    0.040   -0.187   -0.221    0.038   -0.035   -0.067   -0.142
     0.054   -0.040   -0.012    0.123   -0.214    0.034    0.025    0.137
    -0.069    0.132   -0.084   -0.021    0.188   -0.089   -0.043

 ( 30)
     0.080    0.011   -0.015    0.044   -0.005    0.090   -0.048   -0.004
    -0.086    0.374   -0.054   -0.044    0.009    0.022    0.255    0.171
    -0.143    0.085   -0.153   -0.133   -0.083   -0.005    0.020   -0.239
    -0.092    0.011    0.025   -0.030    0.079   -0.293   -0.040   -0.003
     0.160   -0.235    0.036    0.038   -0.050    0.002   -0.004

 ( 31)
    -0.086    0.017    0.040   -0.023   -0.006    0.007   -0.006   -0.038
     0.028    0.399   -0.263    0.001    0.026    0.001   -0.067   -0.059
     0.041    0.007   -0.011   -0.021    0.027   -0.030   -0.023    0.025
     0.094    0.010   -0.031   -0.279    0.348   -0.435    0.084    0.132
    -0.043    0.115   -0.039   -0.035    0.177   -0.010   -0.078

 ( 32)
    -0.061    0.022    0.002    0.020   -0.025    0.002    0.001   -0.034
    -0.044   -0.247    0.131    0.018    0.038    0.003    0.062    0.069
    -0.060    0.000   -0.011   -0.092   -0.044   -0.024   -0.002   -0.097
     0.050    0.024    0.021    0.005    0.005    0.170    0.192    0.293
     0.421   -0.356   -0.197    0.041    0.338    0.026   -0.347

 ( 33)
     0.078   -0.039    0.074   -0.022    0.056   -0.052    0.015    0.048
     0.034    0.191   -0.215    0.069   -0.054   -0.008   -0.210   -0.092
     0.204   -0.051    0.080    0.163    0.033    0.042   -0.009    0.161
    -0.076   -0.048   -0.049    0.040   -0.030   -0.022    0.003    0.032
     0.165   -0.294   -0.283   -0.043   -0.009    0.025   -0.339

 ( 34)
    -0.034    0.018   -0.016   -0.002    0.000   -0.015   -0.042    0.017
    -0.110   -0.103    0.058   -0.011   -0.017    0.013    0.057    0.073
    -0.044   -0.019   -0.117    0.060   -0.105   -0.018    0.003   -0.107
    -0.017   -0.004   -0.213   -0.008    0.007    0.048   -0.044    0.007
    -0.280    0.057   -0.048   -0.220   -0.044    0.011   -0.221

 ( 35)
    -0.022   -0.010   -0.056   -0.104    0.029   -0.032   -0.089    0.113
     0.005    0.008   -0.011   -0.059   -0.152    0.000   -0.042   -0.136
     0.028   -0.030   -0.060    0.114    0.004   -0.151    0.141    0.023
    -0.031    0.160    0.023   -0.032   -0.067   -0.082   -0.024    0.221
     0.051   -0.058    0.160    0.025    0.034    0.136    0.007

 ( 36)
     0.021    0.012    0.181    0.023    0.031    0.122   -0.017    0.052
     0.028   -0.046   -0.001    0.189   -0.015    0.017    0.146    0.096
     0.044    0.116   -0.091    0.039    0.032   -0.015    0.066   -0.016
     0.037    0.074   -0.015    0.047   -0.003    0.245    0.008    0.090
    -0.084    0.111    0.088   -0.020    0.033    0.062    0.025

 ( 37)
    -0.001   -0.003   -0.076   -0.009   -0.062    0.122   -0.004    0.036
     0.136    0.008    0.156   -0.083   -0.010   -0.020    0.266   -0.019
    -0.235    0.128    0.006    0.209    0.139   -0.010   -0.010    0.287
    -0.003   -0.031   -0.043   -0.004   -0.066   -0.087    0.000    0.037
    -0.024   -0.013   -0.203   -0.049    0.003    0.022   -0.197

 ( 38)
    -0.086   -0.100    0.066   -0.095   -0.082    0.026   -0.104   -0.080
     0.005   -0.101   -0.126    0.069   -0.111   -0.096    0.011   -0.079
    -0.055    0.024   -0.121   -0.107    0.005   -0.111   -0.066   -0.025
    -0.083   -0.059    0.021   -0.080   -0.103    0.081   -0.090   -0.056
     0.003   -0.066   -0.031    0.020   -0.076   -0.072    0.050

 ( 39)
    -0.104    0.152    0.014   -0.023    0.105    0.021   -0.019    0.012
     0.028   -0.101    0.162    0.014    0.043    0.141    0.021   -0.026
     0.097    0.021   -0.012    0.018    0.028    0.043   -0.023    0.033
    -0.102   -0.046    0.030   -0.106    0.216    0.009   -0.096   -0.114
     0.035   -0.111   -0.054    0.030   -0.165   -0.016    0.025


                VIBRATIONAL AMPLITUDE AND CENTRIFUGAL DISTORTION
                 CONTRIBUTIONS TO THE BOND LENGTH AT   298.16 K

                 Note: Excludes contributions from frequencies
                       lower than 40 (1/cm).

                R(e)   = r(mm4) - 1.5 * anh * <Z**2>(298.16)
                R(z)   = R(e) + 1.5 * anh * <Z**2>(0) - <K>(0))
                R(s)   = [R(e) + R(z)] / 2
                R(alp) = R(e) + 1.5 * anh * <Z**2>(T) - <K>(T) - <C>(T)
                R(g)   = R(e) + 1.5 * anh * <Z**2>(T)
                R(a)   = [R(g) + sqrt(R(g)**2-4*<Z**2>(T))] / 2

                       anh = anharmonicity (2.00)
                    <Z**2> = mean-square vibrational amplitude
                       <K> = perpendicular vibrational amplitude
                       <C> = centrifugal correction

        BOND          R(g)      R(z)      R(e)     R(alp)     R(s)      R(a)
    2( C)-  1( N)    1.4678    1.4647    1.4612    1.4639    1.4629    1.4663
    3( C)-  2( C)    1.5300    1.5275    1.5219    1.5268    1.5247    1.5282
    4( H)-  1( N)    1.0350    1.0145    1.0191    1.0129    1.0191    1.0298
    5( H)-  2( C)    1.1248    1.1113    1.1053    1.1107    1.1083    1.1190
    6( H)-  2( C)    1.1133    1.1003    1.0946    1.0998    1.0974    1.1077
    7( H)-  3( C)    1.1121    1.0991    1.0935    1.0986    1.0963    1.1065
    8( H)-  3( C)    1.1127    1.0997    1.0941    1.0991    1.0969    1.1071
    9( C)-  3( C)    1.5322    1.5293    1.5246    1.5287    1.5270    1.5305
   10( H)-  1( N)    1.0349    1.0146    1.0191    1.0130    1.0191    1.0298
   11( H)-  9( C)    1.1130    1.0949    1.0945    1.0934    1.0947    1.1074
   12( H)-  9( C)    1.1126    1.0942    1.0941    1.0927    1.0942    1.1071
   13( H)-  9( C)    1.1124    1.0941    1.0939    1.0926    1.0940    1.1068


                  Non-Bonded Atom Pair Distance Table
        (Distance greater than 82% of VDW distance are not printed)

        PAIR        Dist(g)   Dist(z)
    4( H),  3( C)    2.6856    2.6751       1,4
    5( H),  4( H)    2.5176    2.5044       1,4
    7( H),  1( N)    2.7388    2.7317       1,4
    7( H),  4( H)    2.5319    2.5293          
    7( H),  5( H)    2.5239    2.5113       1,4
    8( H),  5( H)    2.4383    2.4251       1,4
    8( H),  6( H)    2.4882    2.4761       1,4
    9( C),  1( N)    2.9539    2.9538       1,4
    9( C),  6( H)    2.7942    2.7863       1,4
   10( H),  5( H)    2.4927    2.4759       1,4
   10( H),  6( H)    2.4278    2.4177       1,4
   11( H),  7( H)    2.5323    2.5212       1,4
   11( H),  8( H)    2.5007    2.4901       1,4
   12( H),  2( C)    2.8097    2.8010       1,4
   12( H),  6( H)    2.5953    2.5942          
   12( H),  8( H)    2.5513    2.5362       1,4
   13( H),  1( N)    2.6752    2.6794          
   13( H),  2( C)    2.8597    2.8500       1,4
   13( H),  7( H)    2.5417    2.5259       1,4


         THE MOMENTS OF INERTIA CALCULATED FROM R(g), R(z) VALUES
                  (also from R(e), R(alpha), R(s) VALUES)

         Note: (1) All calculations are based on principle isotopes.
               (2) R(z) values include harmonic vibration (Coriolis)
                   contribution indicated in parentheses.


   (1)  UNIT = 10**(-39) GM*CM**2

                    IX                   IY                   IZ

   R(e)         6.1923              16.3055              19.3652
   R(z)         6.1962(-0.0069)     16.5225( 0.0115)     19.6014( 0.0031)

   (2)  UNIT = AU A**2

                    IX                   IY                   IZ

   R(e)        37.2947              98.2045             116.6326
   R(z)        37.3187(-0.0414)     99.5114( 0.0690)    118.0550( 0.0186)


 ==============================================================================
                      STATISTICAL THERMODYNAMICS ANALYSIS
 ==============================================================================

  Structure name    : propylamine-g                                               
  Temperature       :   298.16 K
  Symmetry number   :   1
  Optical isomers   :   2
  Zero Point Energy :   73.507 Kcal/mol


                     ENERGY** ENTHALPY**  ENTROPY  FREE ENERGY** HEAT CAPACITY**
                  (Kcal/mol) (Kcal/mol)     (eu)   (Kcal/mol)    (cal/mol/deg)
  Translational       0.889      0.889     38.152    -10.487         2.981
     Rotational       0.889      0.889     24.528     -6.424         2.981
    Vibrational*     75.246%    75.246%     9.574     72.391%       13.430
         PV(RT)       0.000      0.593      0.000      0.593         1.987
      Potential       0.410#     0.410#     0.000      0.410#        0.000
         Mixing       0.000      0.000      1.377     -0.411         0.000
          Total*     77.433     78.026     73.632     56.072        21.379

  Enthalpy Function (H-Ho)/T     =   13.78 cal/mol/deg
  Free Energy Function -(G-Ho)/T =   59.85 cal/mol/deg

  % Includes zero point energy (ZPE).
  * Excludes contribution from frequencies lower than 10 (1/cm).
  # Includes steric energy (SE).
    Internal rotation contributions are not considered
 ** These quantities are relative to the R(e) values (
    bottom of potential well) and do NOT include bonding

  This structure has   0 imaginary frequencies,
                       0 free internal rotation (fir) frequencies
                         (>= 0,< 10 /cm),
                       0 restricted internal rotation (rir) frequencies
                         (>= 10,< 40 /cm),
                       6 zero frequencies, and
                      33 real frequencies.


      FINAL STERIC ENERGY IS                0.4098 KCAL/MOL.


                  COMPRESSION               0.4550
                  STRETCH-STRETCH          -0.0004
                  BENDING                   2.8291
                  BEND-BEND                -0.1749
                  STRETCH-BEND              0.1272
                  VANDERWAALS
                    1,4 ENERGY              2.4844
                    OTHER                  -0.1478
                  H-BONDING                 0.0000
                  PI-COMPLX                 0.0000
                  TORSIONAL                 2.6328
                  TORSION-STRETCH          -0.6658
                  TORSION-BEND             -5.0006
                  BEND-TORSION-BEND        -0.0982
                  TORSION-IMPT              0.0000
                  IMPT-TORSION-IMPT         0.0000
                  TORSION-TORSION          -1.2633
                  DIPOLE-DIPOLE             0.0000
                  CHARGE-DIPOLE             0.0000
                  IND-DIP CORR.            -0.7678
                  CHARGE-CHARGE             0.0000


      MOLECULAR POLARIZABILITIES (A**3)

        ALPHA(1)   =       8.93
        ALPHA(2)   =       9.26
        ALPHA(3)   =       7.83
        AVG. ALPHA =       8.67


      DIPOLE MOMENT =          1.3459 D

        SIGMA-DIPOLE MOMENT =  1.3459 (X =  1.0736    Y = -0.4709    Z =  0.6612)


      DIPOLE MOMENT =          1.2457 D (INCLUDES INDUCED BOND MOMENTS)

        SIGMA-DIPOLE MOMENT =  1.2457 (X =  1.0354    Y = -0.3205    Z =  0.6140)


      OTHER MOLECULAR PROPERTIES:

        Molar Polarizability:    22.0233 cm**3/mole
        Molar Refraction:        21.8704 cm**3/mole
        Radius of Gyration:       2.0841 A
        Molecular VDW Surface:  141.9296 A**2
        Molecular VDW Volume:   118.6101 A**3
        Dispersion Energy:       -6.4469 Kcal/mole
        Density (gas):          0.002413 g/cm**3 (@  298.2 K, 1 atm)
        Density (cdn):            0.7145 g/cm**3 (@STP Estd.)
        Ref. Index (gas):       1.001342 (@  298.2 K, 1 atm)
        Ref. Index (cdn):         1.4425 (@STP Estd.)
        Diel. Constant (gas):     1.0062 (@  298.2 K, 1 atm)
        Diel. Constant (cdn):    10.4922 (@STP Estd.)



      TOTAL ATOMIC CHARGE ON EACH ATOM (in ELECTRON CHARGE)

           N(    1):         -0.633
           C(    2):          0.169
           C(    3):         -0.018
           H(    4):          0.254
           H(    5):         -0.013
           H(    6):         -0.015
           H(    7):         -0.004
           H(    8):         -0.003
           C(    9):          0.009
           H(   10):          0.254
           H(   11):         -0.002
           H(   12):         -0.003
           H(   13):          0.005

      -----------------------------------------------------------------

        END OF propylamine-g                                               


           TOTAL CPU TIME IS      0.10 SECONDS.

           THIS JOB COMPLETED AT    15:44:34
