 
               ---------------------------------------------
               WARNING : INCORRECT ATOM TYPES GIVEN IN INPUT
                         DATA ARE CORRECTED AS FOLLOWS
               ---------------------------------------------


             Atom type of atom    1 is replaced by   8 (was   0)
             Atom type of atom    2 is replaced by   1 (was   0)
             Atom type of atom    3 is replaced by   1 (was   0)
             Atom type of atom    4 is replaced by  23 (was   0)
             Atom type of atom    5 is replaced by   5 (was   0)
             Atom type of atom    6 is replaced by   5 (was   0)
             Atom type of atom    7 is replaced by   5 (was   0)
             Atom type of atom    8 is replaced by   5 (was   0)
             Atom type of atom    9 is replaced by   1 (was   0)
             Atom type of atom   10 is replaced by  23 (was   0)
             Atom type of atom   11 is replaced by   5 (was   0)
             Atom type of atom   12 is replaced by   5 (was   0)
             Atom type of atom   13 is replaced by   5 (was   0)
 
     propylamine-a                                               

               CHEMICAL FORMULA :  C(    3)  H(    9)  N(    1) 
               FORMULA WEIGHT   :     59.075
                                                               DATE 30-MAY-23
                                                               TIME  15:42:47


          THE COORDINATES OF    13 ATOMS ARE READ IN.
          SOME CONSTANTS WILL BE READ IN.

      CONFORMATIONAL ENERGY, PART 1:  GEOMETRY AND STERIC ENERGY
                                      OF INITIAL CONFORMATION.


      CONNECTED ATOMS
          1-    2-    3-    9-

      ATTACHED ATOMS
          1-    4,    1-   10,    2-    5,    2-    6,    3-    7,    3-    8,
          9-   11,    9-   12,    9-   13,

      INITIAL ATOMIC COORDINATES
           ATOM          X           Y           Z      TYPE
         N(    1)    -2.90330     0.27384    -0.09442   (  8)
         C(    2)    -1.59400    -0.40089     0.02345   (  1)
         C(    3)    -0.42593     0.61400    -0.06302   (  1)
         H(    4)    -3.05132     0.86959     0.72647   ( 23)
         H(    5)    -1.54151    -0.94688     0.97114   (  5)
         H(    6)    -1.50032    -1.12234    -0.79322   (  5)
         H(    7)    -0.49155     1.15621    -1.01024   (  5)
         H(    8)    -0.51798     1.33892     0.75014   (  5)
         C(    9)     0.96353    -0.05513     0.02921   (  1)
         H(   10)    -3.64218    -0.43612    -0.07526   ( 23)
         H(   11)     1.74312     0.70708    -0.02485   (  5)
         H(   12)     1.06651    -0.59176     0.97438   (  5)
         H(   13)     1.10493    -0.75653    -0.79545   (  5)

        %=%=%=%=%=%=%=%=%=%=%=%=%=%=%=%=%=%=%=%=%=%=%=%=%=%=%=

        MM4(08)-v010108: (Const:V010108-00)

        The Parameters Used in This Calculation Can be Found
        in the Publication(s) Listed in the PART 3

        %=%=%=%=%=%=%=%=%=%=%=%=%=%=%=%=%=%=%=%=%=%=%=%=%=%=%=


          DIELECTRIC CONSTANT =  1.500


      INITIAL STERIC ENERGY IS              2.4356 KCAL/MOL.

                  COMPRESSION               1.4373
                  STRETCH-STRETCH          -0.0067
                  BENDING                   1.7773
                  BEND-BEND                -0.1325
                  STRETCH-BEND              0.1665
                  VANDERWAALS
                    1,4 ENERGY              2.4842
                    OTHER                  -0.0634
                  H-BONDING                 0.0000
                  PI-COMPLX                 0.0000
                  TORSIONAL                 0.9930
                  TORSION-STRETCH          -0.1253
                  TORSION-BEND             -3.7967
                  BEND-TORSION-BEND         0.0199
                  TORSION-IMPT              0.0000
                  IMPT-TORSION-IMPT         0.0000
                  TORSION-TORSION          -0.0004
                  DIPOLE-DIPOLE             0.0000
                  CHARGE-DIPOLE             0.0000
                  IND_DIP CORR.            -0.3176
                  CHARGE-CHARGE             0.0000


      MOMENT OF INERTIA ( R(g) ) WITH THE PRINCIPAL AXES

          (1)  UNIT = 10**(-39) GM*CM**2
               IX=    3.3430    IY=   23.1314    IZ=   24.6598

          (2)  UNIT = AU A**2
               IX=   20.1352    IY=  139.3205    IZ=  148.5260


      MOLECULAR POLARIZABILITIES (A**3)

        ALPHA(1)   =       9.87
        ALPHA(2)   =       7.89
        ALPHA(3)   =       7.00
        AVG. ALPHA =       8.25


      DIPOLE MOMENT =          1.3553 D

        SIGMA-DIPOLE MOMENT =  1.3553 (X =  0.5838    Y =  0.4406    Z = -1.1410)


      DIPOLE MOMENT =          1.1931 D (INCLUDES INDUCED BOND MOMENTS)

        SIGMA-DIPOLE MOMENT =  1.1931 (X =  0.5408    Y =  0.3436    Z = -1.0065)


      OTHER MOLECULAR PROPERTIES:

        Molar Polarizability:    20.9540 cm**3/mole
        Molar Refraction:        20.8137 cm**3/mole
        Radius of Gyration:       2.2847 A
        Molecular VDW Surface:  142.1900 A**2
        Molecular VDW Volume:   118.2706 A**3
        Dispersion Energy:       -5.8869 Kcal/mole
        Density (gas):          0.002413 g/cm**3 (@  298.2 K, 1 atm)
        Density (cdn):            0.7157 g/cm**3 (@STP Estd.)
        Ref. Index (gas):       1.001277 (@  298.2 K, 1 atm)
        Ref. Index (cdn):         1.4189 (@STP Estd.)
        Diel. Constant (gas):     1.0058 (@  298.2 K, 1 atm)
        Diel. Constant (cdn):     9.4386 (@STP Estd.)



      CPU TIME FOR INITIAL CALCULATION IS     0.03 SECONDS.
 


     propylamine-a                                               


     CONFORMATIONAL ENERGY, PART 2: GEOMETRY MINIMIZATION

               GEOMETRY OPTIMIZATION IS CONTINUED UNTIL ATOM
               MOVEMENT CONVERGES WITHIN FOLLOWING VALUES:

                         AVERAGE MOVEMENT  0.00011 A
                         MAXIMUM MOVEMENT  0.00108 A



     <<<<<<<<<<<<<<<<<<<<<<<<<<  C Y C L E   1 >>>>>>>>>>>>>>>>>>>>>>>>>>

                              (CH)-MOVEMENT = 0

     ITER    1  AVG. MOVE = 0.01130 A  (MAX MOVE: ATOM     5   0.11481 A)
     ITER    2  AVG. MOVE = 0.00571 A  (MAX MOVE: ATOM     4   0.03122 A)
     ITER    3  AVG. MOVE = 0.00250 A  (MAX MOVE: ATOM     4   0.02335 A)
     ITER    4  AVG. MOVE = 0.00170 A  (MAX MOVE: ATOM     4   0.01876 A)
     ITER    5  AVG. MOVE = 0.00134 A  (MAX MOVE: ATOM     4   0.01538 A)
     ITER    6  AVG. MOVE = 0.00107 A  (MAX MOVE: ATOM     4   0.01258 A)
     ITER    7  AVG. MOVE = 0.00086 A  (MAX MOVE: ATOM     4   0.01026 A)
     ITER    8  AVG. MOVE = 0.00069 A  (MAX MOVE: ATOM     4   0.00839 A)
     ITER    9  AVG. MOVE = 0.00056 A  (MAX MOVE: ATOM     4   0.00690 A)
     ITER   10  AVG. MOVE = 0.00046 A  (MAX MOVE: ATOM     4   0.00571 A)
     ITER   11  AVG. MOVE = 0.00038 A  (MAX MOVE: ATOM     4   0.00477 A)
     ITER   12  AVG. MOVE = 0.00032 A  (MAX MOVE: ATOM     4   0.00402 A)
     ITER   13  AVG. MOVE = 0.00027 A  (MAX MOVE: ATOM     4   0.00344 A)
     ITER   14  AVG. MOVE = 0.00024 A  (MAX MOVE: ATOM     4   0.00298 A)
     ITER   15  AVG. MOVE = 0.00021 A  (MAX MOVE: ATOM     4   0.00261 A)
     ITER   16  AVG. MOVE = 0.00020 A  (MAX MOVE: ATOM     4   0.00232 A)
     ITER   17  AVG. MOVE = 0.00019 A  (MAX MOVE: ATOM     4   0.00209 A)
     ITER   18  AVG. MOVE = 0.00018 A  (MAX MOVE: ATOM     4   0.00191 A)
     ITER   19  AVG. MOVE = 0.00017 A  (MAX MOVE: ATOM     4   0.00176 A)
     ITER   20  AVG. MOVE = 0.00017 A  (MAX MOVE: ATOM     4   0.00165 A)
     ITER   21  AVG. MOVE = 0.00017 A  (MAX MOVE: ATOM     4   0.00155 A)
     ITER   22  AVG. MOVE = 0.00016 A  (MAX MOVE: ATOM     4   0.00148 A)
     ITER   23  AVG. MOVE = 0.00016 A  (MAX MOVE: ATOM     4   0.00141 A)
     ITER   24  AVG. MOVE = 0.00016 A  (MAX MOVE: ATOM     4   0.00136 A)
     ITER   25  AVG. MOVE = 0.00016 A  (MAX MOVE: ATOM     4   0.00132 A)
     ITER   26  AVG. MOVE = 0.00016 A  (MAX MOVE: ATOM     4   0.00128 A)
     ITER   27  AVG. MOVE = 0.00016 A  (MAX MOVE: ATOM     4   0.00126 A)
     ITER   28  AVG. MOVE = 0.00015 A  (MAX MOVE: ATOM     4   0.00125 A)
     ITER   29  AVG. MOVE = 0.00015 A  (MAX MOVE: ATOM     4   0.00123 A)
     ITER   30  AVG. MOVE = 0.00015 A  (MAX MOVE: ATOM     4   0.00122 A)
     ITER   31  AVG. MOVE = 0.00015 A  (MAX MOVE: ATOM     4   0.00120 A)
     ITER   32  AVG. MOVE = 0.00015 A  (MAX MOVE: ATOM     4   0.00119 A)
     ITER   33  AVG. MOVE = 0.00015 A  (MAX MOVE: ATOM     4   0.00118 A)
     ITER   34  AVG. MOVE = 0.00015 A  (MAX MOVE: ATOM     4   0.00116 A)
     ITER   35  AVG. MOVE = 0.00015 A  (MAX MOVE: ATOM     4   0.00115 A)
     ITER   36  AVG. MOVE = 0.00015 A  (MAX MOVE: ATOM     4   0.00114 A)
     ITER   37  AVG. MOVE = 0.00015 A  (MAX MOVE: ATOM     4   0.00113 A)
     ITER   38  AVG. MOVE = 0.00014 A  (MAX MOVE: ATOM     4   0.00112 A)
     ITER   39  AVG. MOVE = 0.00014 A  (MAX MOVE: ATOM     4   0.00111 A)
     ITER   40  AVG. MOVE = 0.00014 A  (MAX MOVE: ATOM     4   0.00110 A)
     ITER   41  AVG. MOVE = 0.00014 A  (MAX MOVE: ATOM     4   0.00109 A)
     ITER   42  AVG. MOVE = 0.00014 A  (MAX MOVE: ATOM     4   0.00107 A)
     ITER   43  AVG. MOVE = 0.00014 A  (MAX MOVE: ATOM     4   0.00107 A)
     ITER   44  AVG. MOVE = 0.00014 A  (MAX MOVE: ATOM     4   0.00106 A)
     ITER   45  AVG. MOVE = 0.00014 A  (MAX MOVE: ATOM     4   0.00105 A)
     ITER   46  AVG. MOVE = 0.00014 A  (MAX MOVE: ATOM     4   0.00104 A)
     ITER   47  AVG. MOVE = 0.00014 A  (MAX MOVE: ATOM     4   0.00103 A)
     ITER   48  AVG. MOVE = 0.00014 A  (MAX MOVE: ATOM     4   0.00102 A)
     ITER   49  AVG. MOVE = 0.00014 A  (MAX MOVE: ATOM     4   0.00102 A)
     ITER   50  AVG. MOVE = 0.00014 A  (MAX MOVE: ATOM     4   0.00101 A)
     ITER   51  AVG. MOVE = 0.00014 A  (MAX MOVE: ATOM     4   0.00101 A)
     ITER   52  AVG. MOVE = 0.00014 A  (MAX MOVE: ATOM     4   0.00100 A)
     ITER   53  AVG. MOVE = 0.00014 A  (MAX MOVE: ATOM     4   0.00100 A)
     ITER   54  AVG. MOVE = 0.00014 A  (MAX MOVE: ATOM     4   0.00100 A)
     ITER   55  AVG. MOVE = 0.00014 A  (MAX MOVE: ATOM     4   0.00099 A)
     ITER   56  AVG. MOVE = 0.00014 A  (MAX MOVE: ATOM     4   0.00099 A)
     ITER   57  AVG. MOVE = 0.00014 A  (MAX MOVE: ATOM     4   0.00098 A)
     ITER   58  AVG. MOVE = 0.00014 A  (MAX MOVE: ATOM     4   0.00098 A)
     ITER   59  AVG. MOVE = 0.00014 A  (MAX MOVE: ATOM     4   0.00098 A)
     ITER   60  AVG. MOVE = 0.00013 A  (MAX MOVE: ATOM     4   0.00097 A)
     ITER   61  AVG. MOVE = 0.00013 A  (MAX MOVE: ATOM     4   0.00097 A)
     ITER   62  AVG. MOVE = 0.00013 A  (MAX MOVE: ATOM     4   0.00097 A)
     ITER   63  AVG. MOVE = 0.00013 A  (MAX MOVE: ATOM     4   0.00096 A)
     ITER   64  AVG. MOVE = 0.00013 A  (MAX MOVE: ATOM     4   0.00096 A)
     ITER   65  AVG. MOVE = 0.00013 A  (MAX MOVE: ATOM     4   0.00096 A)
     ITER   66  AVG. MOVE = 0.00013 A  (MAX MOVE: ATOM     4   0.00095 A)
     ITER   67  AVG. MOVE = 0.00013 A  (MAX MOVE: ATOM     4   0.00095 A)
     ITER   68  AVG. MOVE = 0.00013 A  (MAX MOVE: ATOM     4   0.00095 A)
     ITER   69  AVG. MOVE = 0.00013 A  (MAX MOVE: ATOM     4   0.00095 A)
     ITER   70  AVG. MOVE = 0.00013 A  (MAX MOVE: ATOM     4   0.00094 A)
     ITER   71  AVG. MOVE = 0.00013 A  (MAX MOVE: ATOM     4   0.00094 A)
     ITER   72  AVG. MOVE = 0.00013 A  (MAX MOVE: ATOM     4   0.00094 A)
     ITER   73  AVG. MOVE = 0.00013 A  (MAX MOVE: ATOM     4   0.00094 A)
     ITER   74  AVG. MOVE = 0.00013 A  (MAX MOVE: ATOM     4   0.00093 A)
     ITER   75  AVG. MOVE = 0.00013 A  (MAX MOVE: ATOM     4   0.00093 A)
     ITER   76  AVG. MOVE = 0.00013 A  (MAX MOVE: ATOM     4   0.00093 A)
     ITER   77  AVG. MOVE = 0.00013 A  (MAX MOVE: ATOM     4   0.00093 A)
     ITER   78  AVG. MOVE = 0.00013 A  (MAX MOVE: ATOM     4   0.00092 A)
     ITER   79  AVG. MOVE = 0.00013 A  (MAX MOVE: ATOM     4   0.00092 A)
     ITER   80  AVG. MOVE = 0.00013 A  (MAX MOVE: ATOM     4   0.00092 A)
     ITER   81  AVG. MOVE = 0.00013 A  (MAX MOVE: ATOM     4   0.00092 A)
     ITER   82  AVG. MOVE = 0.00013 A  (MAX MOVE: ATOM     4   0.00092 A)
     ITER   83  AVG. MOVE = 0.00013 A  (MAX MOVE: ATOM     4   0.00092 A)
     ITER   84  AVG. MOVE = 0.00013 A  (MAX MOVE: ATOM     4   0.00091 A)
     ITER   85  AVG. MOVE = 0.00013 A  (MAX MOVE: ATOM     4   0.00091 A)
     ITER   86  AVG. MOVE = 0.00013 A  (MAX MOVE: ATOM     4   0.00091 A)
     ITER   87  AVG. MOVE = 0.00013 A  (MAX MOVE: ATOM     4   0.00091 A)
     ITER   88  AVG. MOVE = 0.00013 A  (MAX MOVE: ATOM     4   0.00091 A)
     ITER   89  AVG. MOVE = 0.00013 A  (MAX MOVE: ATOM     4   0.00091 A)
     ITER   90  AVG. MOVE = 0.00013 A  (MAX MOVE: ATOM     4   0.00090 A)
     ITER   91  AVG. MOVE = 0.00013 A  (MAX MOVE: ATOM     4   0.00090 A)
     ITER   92  AVG. MOVE = 0.00013 A  (MAX MOVE: ATOM     4   0.00090 A)
     ITER   93  AVG. MOVE = 0.00013 A  (MAX MOVE: ATOM     4   0.00090 A)
     ITER   94  AVG. MOVE = 0.00013 A  (MAX MOVE: ATOM     4   0.00090 A)
     ITER   95  AVG. MOVE = 0.00013 A  (MAX MOVE: ATOM     4   0.00090 A)
     ITER   96  AVG. MOVE = 0.00013 A  (MAX MOVE: ATOM     4   0.00090 A)
     ITER   97  AVG. MOVE = 0.00013 A  (MAX MOVE: ATOM     4   0.00090 A)
     ITER   98  AVG. MOVE = 0.00013 A  (MAX MOVE: ATOM     4   0.00089 A)
     ITER   99  AVG. MOVE = 0.00013 A  (MAX MOVE: ATOM     4   0.00089 A)
     ITER  100  AVG. MOVE = 0.00013 A  (MAX MOVE: ATOM     4   0.00089 A)
     ITER  101  AVG. MOVE = 0.00013 A  (MAX MOVE: ATOM     4   0.00089 A)
     ITER  102  AVG. MOVE = 0.00013 A  (MAX MOVE: ATOM     4   0.00089 A)
     ITER  103  AVG. MOVE = 0.00013 A  (MAX MOVE: ATOM     4   0.00089 A)
     ITER  104  AVG. MOVE = 0.00013 A  (MAX MOVE: ATOM     4   0.00089 A)
     ITER  105  AVG. MOVE = 0.00013 A  (MAX MOVE: ATOM     4   0.00089 A)
     ITER  106  AVG. MOVE = 0.00013 A  (MAX MOVE: ATOM     4   0.00089 A)
     ITER  107  AVG. MOVE = 0.00013 A  (MAX MOVE: ATOM     4   0.00088 A)
     ITER  108  AVG. MOVE = 0.00013 A  (MAX MOVE: ATOM     4   0.00088 A)
     ITER  109  AVG. MOVE = 0.00013 A  (MAX MOVE: ATOM     4   0.00088 A)
     ITER  110  AVG. MOVE = 0.00013 A  (MAX MOVE: ATOM     4   0.00088 A)
     ITER  111  AVG. MOVE = 0.00013 A  (MAX MOVE: ATOM     4   0.00088 A)
     ITER  112  AVG. MOVE = 0.00013 A  (MAX MOVE: ATOM     4   0.00088 A)
     ITER  113  AVG. MOVE = 0.00013 A  (MAX MOVE: ATOM     4   0.00088 A)
     ITER  114  AVG. MOVE = 0.00013 A  (MAX MOVE: ATOM     4   0.00088 A)
     ITER  115  AVG. MOVE = 0.00013 A  (MAX MOVE: ATOM     4   0.00088 A)
     ITER  116  AVG. MOVE = 0.00013 A  (MAX MOVE: ATOM     4   0.00088 A)
     ITER  117  AVG. MOVE = 0.00013 A  (MAX MOVE: ATOM     4   0.00088 A)
     ITER  118  AVG. MOVE = 0.00013 A  (MAX MOVE: ATOM     4   0.00088 A)
     ITER  119  AVG. MOVE = 0.00013 A  (MAX MOVE: ATOM     4   0.00088 A)
     ITER  120  AVG. MOVE = 0.00013 A  (MAX MOVE: ATOM     4   0.00088 A)
     ITER  121  AVG. MOVE = 0.00013 A  (MAX MOVE: ATOM     4   0.00088 A)
     ITER  122  AVG. MOVE = 0.00013 A  (MAX MOVE: ATOM     4   0.00087 A)
     ITER  123  AVG. MOVE = 0.00013 A  (MAX MOVE: ATOM     4   0.00087 A)
     ITER  124  AVG. MOVE = 0.00013 A  (MAX MOVE: ATOM     4   0.00087 A)
     ITER  125  AVG. MOVE = 0.00013 A  (MAX MOVE: ATOM     4   0.00087 A)
     ITER  126  AVG. MOVE = 0.00013 A  (MAX MOVE: ATOM     4   0.00087 A)
     ITER  127  AVG. MOVE = 0.00013 A  (MAX MOVE: ATOM     4   0.00087 A)
     ITER  128  AVG. MOVE = 0.00013 A  (MAX MOVE: ATOM     4   0.00087 A)
     ITER  129  AVG. MOVE = 0.00013 A  (MAX MOVE: ATOM     4   0.00087 A)
     ITER  130  AVG. MOVE = 0.00013 A  (MAX MOVE: ATOM     4   0.00087 A)
     ITER  131  AVG. MOVE = 0.00013 A  (MAX MOVE: ATOM     4   0.00087 A)
     ITER  132  AVG. MOVE = 0.00013 A  (MAX MOVE: ATOM     4   0.00087 A)
     ITER  133  AVG. MOVE = 0.00013 A  (MAX MOVE: ATOM     4   0.00087 A)
     ITER  134  AVG. MOVE = 0.00013 A  (MAX MOVE: ATOM     4   0.00087 A)
     ITER  135  AVG. MOVE = 0.00013 A  (MAX MOVE: ATOM     4   0.00087 A)
     ITER  136  AVG. MOVE = 0.00013 A  (MAX MOVE: ATOM     4   0.00087 A)
     ITER  137  AVG. MOVE = 0.00013 A  (MAX MOVE: ATOM     4   0.00087 A)
     ITER  138  AVG. MOVE = 0.00013 A  (MAX MOVE: ATOM     4   0.00087 A)
     ITER  139  AVG. MOVE = 0.00013 A  (MAX MOVE: ATOM     4   0.00087 A)
     ITER  140  AVG. MOVE = 0.00013 A  (MAX MOVE: ATOM     4   0.00087 A)
     ITER  141  AVG. MOVE = 0.00013 A  (MAX MOVE: ATOM     4   0.00087 A)
     ITER  142  AVG. MOVE = 0.00013 A  (MAX MOVE: ATOM     4   0.00087 A)
     ITER  143  AVG. MOVE = 0.00013 A  (MAX MOVE: ATOM     4   0.00087 A)
     ITER  144  AVG. MOVE = 0.00013 A  (MAX MOVE: ATOM     4   0.00087 A)
     ITER  145  AVG. MOVE = 0.00013 A  (MAX MOVE: ATOM     4   0.00087 A)
     ITER  146  AVG. MOVE = 0.00013 A  (MAX MOVE: ATOM     4   0.00087 A)
     ITER  147  AVG. MOVE = 0.00013 A  (MAX MOVE: ATOM     4   0.00086 A)
     ITER  148  AVG. MOVE = 0.00013 A  (MAX MOVE: ATOM     4   0.00086 A)
     ITER  149  AVG. MOVE = 0.00013 A  (MAX MOVE: ATOM     4   0.00086 A)
     ITER  150  AVG. MOVE = 0.00013 A  (MAX MOVE: ATOM     4   0.00086 A)
     ITER  151  AVG. MOVE = 0.00013 A  (MAX MOVE: ATOM     4   0.00086 A)
     ITER  152  AVG. MOVE = 0.00013 A  (MAX MOVE: ATOM     4   0.00086 A)
     ITER  153  AVG. MOVE = 0.00013 A  (MAX MOVE: ATOM     4   0.00086 A)
     ITER  154  AVG. MOVE = 0.00013 A  (MAX MOVE: ATOM     4   0.00086 A)
     ITER  155  AVG. MOVE = 0.00013 A  (MAX MOVE: ATOM     4   0.00086 A)
     ITER  156  AVG. MOVE = 0.00013 A  (MAX MOVE: ATOM     4   0.00086 A)
     ITER  157  AVG. MOVE = 0.00013 A  (MAX MOVE: ATOM     4   0.00086 A)
     ITER  158  AVG. MOVE = 0.00013 A  (MAX MOVE: ATOM     4   0.00086 A)
     ITER  159  AVG. MOVE = 0.00013 A  (MAX MOVE: ATOM     4   0.00086 A)
     ITER  160  AVG. MOVE = 0.00013 A  (MAX MOVE: ATOM     4   0.00086 A)
     ITER  161  AVG. MOVE = 0.00013 A  (MAX MOVE: ATOM     4   0.00086 A)
     ITER  162  AVG. MOVE = 0.00013 A  (MAX MOVE: ATOM     4   0.00086 A)
     ITER  163  AVG. MOVE = 0.00013 A  (MAX MOVE: ATOM     4   0.00086 A)
     ITER  164  AVG. MOVE = 0.00013 A  (MAX MOVE: ATOM     4   0.00086 A)
     ITER  165  AVG. MOVE = 0.00013 A  (MAX MOVE: ATOM     4   0.00086 A)
     ITER  166  AVG. MOVE = 0.00013 A  (MAX MOVE: ATOM     4   0.00086 A)
     ITER  167  AVG. MOVE = 0.00013 A  (MAX MOVE: ATOM     4   0.00086 A)
     ITER  168  AVG. MOVE = 0.00013 A  (MAX MOVE: ATOM     4   0.00086 A)
     ITER  169  AVG. MOVE = 0.00013 A  (MAX MOVE: ATOM     4   0.00086 A)
     ITER  170  AVG. MOVE = 0.00013 A  (MAX MOVE: ATOM     4   0.00086 A)
     ITER  171  AVG. MOVE = 0.00013 A  (MAX MOVE: ATOM     4   0.00086 A)
     ITER  172  AVG. MOVE = 0.00013 A  (MAX MOVE: ATOM     4   0.00086 A)
     ITER  173  AVG. MOVE = 0.00013 A  (MAX MOVE: ATOM     4   0.00086 A)
     ITER  174  AVG. MOVE = 0.00013 A  (MAX MOVE: ATOM     4   0.00086 A)
     ITER  175  AVG. MOVE = 0.00013 A  (MAX MOVE: ATOM     4   0.00086 A)
     ITER  176  AVG. MOVE = 0.00013 A  (MAX MOVE: ATOM     4   0.00086 A)
     ITER  177  AVG. MOVE = 0.00013 A  (MAX MOVE: ATOM     4   0.00086 A)
     ITER  178  AVG. MOVE = 0.00013 A  (MAX MOVE: ATOM     4   0.00086 A)
     ITER  179  AVG. MOVE = 0.00013 A  (MAX MOVE: ATOM     4   0.00086 A)
     ITER  180  AVG. MOVE = 0.00013 A  (MAX MOVE: ATOM     4   0.00086 A)
     ITER  181  AVG. MOVE = 0.00013 A  (MAX MOVE: ATOM     4   0.00086 A)
     ITER  182  AVG. MOVE = 0.00013 A  (MAX MOVE: ATOM     4   0.00086 A)
     ITER  183  AVG. MOVE = 0.00013 A  (MAX MOVE: ATOM     4   0.00086 A)
     ITER  184  AVG. MOVE = 0.00013 A  (MAX MOVE: ATOM     4   0.00086 A)
     ITER  185  AVG. MOVE = 0.00013 A  (MAX MOVE: ATOM     4   0.00086 A)
     ITER  186  AVG. MOVE = 0.00013 A  (MAX MOVE: ATOM     4   0.00086 A)
     ITER  187  AVG. MOVE = 0.00013 A  (MAX MOVE: ATOM     4   0.00086 A)
     ITER  188  AVG. MOVE = 0.00013 A  (MAX MOVE: ATOM     4   0.00086 A)
     ITER  189  AVG. MOVE = 0.00013 A  (MAX MOVE: ATOM     4   0.00086 A)
     ITER  190  AVG. MOVE = 0.00013 A  (MAX MOVE: ATOM     4   0.00086 A)
     ITER  191  AVG. MOVE = 0.00013 A  (MAX MOVE: ATOM     4   0.00086 A)
     ITER  192  AVG. MOVE = 0.00013 A  (MAX MOVE: ATOM     4   0.00086 A)
     ITER  193  AVG. MOVE = 0.00013 A  (MAX MOVE: ATOM     4   0.00086 A)
     ITER  194  AVG. MOVE = 0.00013 A  (MAX MOVE: ATOM     4   0.00086 A)
     ITER  195  AVG. MOVE = 0.00013 A  (MAX MOVE: ATOM     4   0.00086 A)
     ITER  196  AVG. MOVE = 0.00013 A  (MAX MOVE: ATOM     4   0.00086 A)
     ITER  197  AVG. MOVE = 0.00013 A  (MAX MOVE: ATOM     4   0.00086 A)
     ITER  198  AVG. MOVE = 0.00013 A  (MAX MOVE: ATOM     4   0.00086 A)
     ITER  199  AVG. MOVE = 0.00013 A  (MAX MOVE: ATOM     4   0.00086 A)
     ITER  200  AVG. MOVE = 0.00013 A  (MAX MOVE: ATOM     4   0.00086 A)
     ITER  201  AVG. MOVE = 0.00013 A  (MAX MOVE: ATOM     4   0.00086 A)
     ITER  202  AVG. MOVE = 0.00013 A  (MAX MOVE: ATOM     4   0.00086 A)
     ITER  203  AVG. MOVE = 0.00013 A  (MAX MOVE: ATOM     4   0.00086 A)
     ITER  204  AVG. MOVE = 0.00013 A  (MAX MOVE: ATOM     4   0.00086 A)
     ITER  205  AVG. MOVE = 0.00013 A  (MAX MOVE: ATOM     4   0.00086 A)
     ITER  206  AVG. MOVE = 0.00013 A  (MAX MOVE: ATOM     4   0.00086 A)
     ITER  207  AVG. MOVE = 0.00013 A  (MAX MOVE: ATOM     4   0.00086 A)
     ITER  208  AVG. MOVE = 0.00013 A  (MAX MOVE: ATOM     4   0.00086 A)
     ITER  209  AVG. MOVE = 0.00013 A  (MAX MOVE: ATOM     4   0.00086 A)
     ITER  210  AVG. MOVE = 0.00013 A  (MAX MOVE: ATOM     4   0.00086 A)
     ITER  211  AVG. MOVE = 0.00013 A  (MAX MOVE: ATOM     4   0.00086 A)
     ITER  212  AVG. MOVE = 0.00013 A  (MAX MOVE: ATOM     4   0.00086 A)
     ITER  213  AVG. MOVE = 0.00013 A  (MAX MOVE: ATOM     4   0.00086 A)
     ITER  214  AVG. MOVE = 0.00013 A  (MAX MOVE: ATOM     4   0.00086 A)
     ITER  215  AVG. MOVE = 0.00013 A  (MAX MOVE: ATOM     4   0.00086 A)
     ITER  216  AVG. MOVE = 0.00013 A  (MAX MOVE: ATOM     4   0.00086 A)
     ITER  217  AVG. MOVE = 0.00013 A  (MAX MOVE: ATOM     4   0.00086 A)
     ITER  218  AVG. MOVE = 0.00013 A  (MAX MOVE: ATOM     4   0.00086 A)
     ITER  219  AVG. MOVE = 0.00013 A  (MAX MOVE: ATOM     4   0.00086 A)
     ITER  220  AVG. MOVE = 0.00013 A  (MAX MOVE: ATOM     4   0.00086 A)
     ITER  221  AVG. MOVE = 0.00013 A  (MAX MOVE: ATOM     4   0.00086 A)
     ITER  222  AVG. MOVE = 0.00013 A  (MAX MOVE: ATOM     4   0.00086 A)
     ITER  223  AVG. MOVE = 0.00013 A  (MAX MOVE: ATOM     4   0.00086 A)
     ITER  224  AVG. MOVE = 0.00013 A  (MAX MOVE: ATOM     4   0.00086 A)
     ITER  225  AVG. MOVE = 0.00013 A  (MAX MOVE: ATOM     4   0.00086 A)
     ITER  226  AVG. MOVE = 0.00013 A  (MAX MOVE: ATOM     4   0.00086 A)
     ITER  227  AVG. MOVE = 0.00013 A  (MAX MOVE: ATOM     4   0.00086 A)
     ITER  228  AVG. MOVE = 0.00013 A  (MAX MOVE: ATOM     4   0.00086 A)
     ITER  229  AVG. MOVE = 0.00013 A  (MAX MOVE: ATOM     4   0.00086 A)
     ITER  230  AVG. MOVE = 0.00013 A  (MAX MOVE: ATOM     4   0.00086 A)
     ITER  231  AVG. MOVE = 0.00013 A  (MAX MOVE: ATOM     4   0.00086 A)
     ITER  232  AVG. MOVE = 0.00013 A  (MAX MOVE: ATOM     4   0.00086 A)
     ITER  233  AVG. MOVE = 0.00013 A  (MAX MOVE: ATOM     4   0.00086 A)
     ITER  234  AVG. MOVE = 0.00013 A  (MAX MOVE: ATOM     4   0.00086 A)
     ITER  235  AVG. MOVE = 0.00013 A  (MAX MOVE: ATOM     4   0.00086 A)
     ITER  236  AVG. MOVE = 0.00013 A  (MAX MOVE: ATOM     4   0.00086 A)
     ITER  237  AVG. MOVE = 0.00013 A  (MAX MOVE: ATOM     4   0.00086 A)
     ITER  238  AVG. MOVE = 0.00013 A  (MAX MOVE: ATOM     4   0.00086 A)
     ITER  239  AVG. MOVE = 0.00013 A  (MAX MOVE: ATOM     4   0.00086 A)
     ITER  240  AVG. MOVE = 0.00013 A  (MAX MOVE: ATOM     4   0.00086 A)
     ITER  241  AVG. MOVE = 0.00013 A  (MAX MOVE: ATOM     4   0.00086 A)
     ITER  242  AVG. MOVE = 0.00013 A  (MAX MOVE: ATOM     4   0.00086 A)
     ITER  243  AVG. MOVE = 0.00013 A  (MAX MOVE: ATOM     4   0.00086 A)
     ITER  244  AVG. MOVE = 0.00013 A  (MAX MOVE: ATOM     4   0.00086 A)
     ITER  245  AVG. MOVE = 0.00013 A  (MAX MOVE: ATOM     4   0.00086 A)
     ITER  246  AVG. MOVE = 0.00013 A  (MAX MOVE: ATOM     4   0.00086 A)
     ITER  247  AVG. MOVE = 0.00013 A  (MAX MOVE: ATOM     4   0.00086 A)
     ITER  248  AVG. MOVE = 0.00013 A  (MAX MOVE: ATOM     4   0.00086 A)
     ITER  249  AVG. MOVE = 0.00013 A  (MAX MOVE: ATOM     4   0.00086 A)
     ITER  250  AVG. MOVE = 0.00013 A  (MAX MOVE: ATOM     4   0.00086 A)
     ITER  251  AVG. MOVE = 0.00013 A  (MAX MOVE: ATOM     4   0.00086 A)
     ITER  252  AVG. MOVE = 0.00013 A  (MAX MOVE: ATOM     4   0.00086 A)
     ITER  253  AVG. MOVE = 0.00013 A  (MAX MOVE: ATOM     4   0.00086 A)
     ITER  254  AVG. MOVE = 0.00013 A  (MAX MOVE: ATOM     4   0.00086 A)
     ITER  255  AVG. MOVE = 0.00013 A  (MAX MOVE: ATOM     4   0.00086 A)
     ITER  256  AVG. MOVE = 0.00013 A  (MAX MOVE: ATOM     4   0.00086 A)
     ITER  257  AVG. MOVE = 0.00013 A  (MAX MOVE: ATOM     4   0.00086 A)
     ITER  258  AVG. MOVE = 0.00013 A  (MAX MOVE: ATOM     4   0.00086 A)
     ITER  259  AVG. MOVE = 0.00013 A  (MAX MOVE: ATOM     4   0.00086 A)
     ITER  260  AVG. MOVE = 0.00013 A  (MAX MOVE: ATOM     4   0.00086 A)
     ITER  261  AVG. MOVE = 0.00013 A  (MAX MOVE: ATOM     4   0.00086 A)
     ITER  262  AVG. MOVE = 0.00013 A  (MAX MOVE: ATOM     4   0.00086 A)
     ITER  263  AVG. MOVE = 0.00013 A  (MAX MOVE: ATOM     4   0.00086 A)
     ITER  264  AVG. MOVE = 0.00013 A  (MAX MOVE: ATOM     4   0.00086 A)
     ITER  265  AVG. MOVE = 0.00013 A  (MAX MOVE: ATOM     4   0.00086 A)
     ITER  266  AVG. MOVE = 0.00013 A  (MAX MOVE: ATOM     4   0.00086 A)
     ITER  267  AVG. MOVE = 0.00013 A  (MAX MOVE: ATOM     4   0.00086 A)
     ITER  268  AVG. MOVE = 0.00013 A  (MAX MOVE: ATOM     4   0.00086 A)
     ITER  269  AVG. MOVE = 0.00013 A  (MAX MOVE: ATOM     4   0.00086 A)
     ITER  270  AVG. MOVE = 0.00013 A  (MAX MOVE: ATOM     4   0.00086 A)
     ITER  271  AVG. MOVE = 0.00013 A  (MAX MOVE: ATOM     4   0.00086 A)
     ITER  272  AVG. MOVE = 0.00013 A  (MAX MOVE: ATOM     4   0.00086 A)
     ITER  273  AVG. MOVE = 0.00013 A  (MAX MOVE: ATOM     4   0.00086 A)
     ITER  274  AVG. MOVE = 0.00013 A  (MAX MOVE: ATOM     4   0.00086 A)
     ITER  275  AVG. MOVE = 0.00013 A  (MAX MOVE: ATOM     4   0.00086 A)
     ITER  276  AVG. MOVE = 0.00013 A  (MAX MOVE: ATOM     4   0.00086 A)
     ITER  277  AVG. MOVE = 0.00013 A  (MAX MOVE: ATOM     4   0.00086 A)
     ITER  278  AVG. MOVE = 0.00013 A  (MAX MOVE: ATOM     4   0.00086 A)
     ITER  279  AVG. MOVE = 0.00013 A  (MAX MOVE: ATOM     4   0.00086 A)
     ITER  280  AVG. MOVE = 0.00013 A  (MAX MOVE: ATOM     4   0.00086 A)
     ITER  281  AVG. MOVE = 0.00013 A  (MAX MOVE: ATOM     4   0.00086 A)
     ITER  282  AVG. MOVE = 0.00013 A  (MAX MOVE: ATOM     4   0.00086 A)
     ITER  283  AVG. MOVE = 0.00013 A  (MAX MOVE: ATOM     4   0.00086 A)
     ITER  284  AVG. MOVE = 0.00013 A  (MAX MOVE: ATOM     4   0.00086 A)
     ITER  285  AVG. MOVE = 0.00013 A  (MAX MOVE: ATOM     4   0.00086 A)
     ITER  286  AVG. MOVE = 0.00013 A  (MAX MOVE: ATOM     4   0.00086 A)
     ITER  287  AVG. MOVE = 0.00013 A  (MAX MOVE: ATOM     4   0.00086 A)
     ITER  288  AVG. MOVE = 0.00013 A  (MAX MOVE: ATOM     4   0.00086 A)
     ITER  289  AVG. MOVE = 0.00013 A  (MAX MOVE: ATOM     4   0.00086 A)
     ITER  290  AVG. MOVE = 0.00013 A  (MAX MOVE: ATOM     4   0.00086 A)
     ITER  291  AVG. MOVE = 0.00013 A  (MAX MOVE: ATOM     4   0.00086 A)
     ITER  292  AVG. MOVE = 0.00013 A  (MAX MOVE: ATOM     4   0.00086 A)
     ITER  293  AVG. MOVE = 0.00013 A  (MAX MOVE: ATOM     4   0.00086 A)
     ITER  294  AVG. MOVE = 0.00013 A  (MAX MOVE: ATOM     4   0.00086 A)
     ITER  295  AVG. MOVE = 0.00013 A  (MAX MOVE: ATOM     4   0.00086 A)
     ITER  296  AVG. MOVE = 0.00013 A  (MAX MOVE: ATOM     4   0.00086 A)
     ITER  297  AVG. MOVE = 0.00013 A  (MAX MOVE: ATOM     4   0.00086 A)
     ITER  298  AVG. MOVE = 0.00013 A  (MAX MOVE: ATOM     4   0.00086 A)
     ITER  299  AVG. MOVE = 0.00013 A  (MAX MOVE: ATOM     4   0.00086 A)
     ITER  300  AVG. MOVE = 0.00013 A  (MAX MOVE: ATOM     4   0.00086 A)
     ITER  301  AVG. MOVE = 0.00013 A  (MAX MOVE: ATOM     4   0.00086 A)
     ITER  302  AVG. MOVE = 0.00013 A  (MAX MOVE: ATOM     4   0.00086 A)
     ITER  303  AVG. MOVE = 0.00013 A  (MAX MOVE: ATOM     4   0.00086 A)
     ITER  304  AVG. MOVE = 0.00013 A  (MAX MOVE: ATOM     4   0.00086 A)
     ITER  305  AVG. MOVE = 0.00013 A  (MAX MOVE: ATOM     4   0.00086 A)
     ITER  306  AVG. MOVE = 0.00013 A  (MAX MOVE: ATOM     4   0.00086 A)
     ITER  307  AVG. MOVE = 0.00013 A  (MAX MOVE: ATOM     4   0.00086 A)
     ITER  308  AVG. MOVE = 0.00013 A  (MAX MOVE: ATOM     4   0.00086 A)
     ITER  309  AVG. MOVE = 0.00013 A  (MAX MOVE: ATOM     4   0.00086 A)
     ITER  310  AVG. MOVE = 0.00013 A  (MAX MOVE: ATOM     4   0.00086 A)
     ITER  311  AVG. MOVE = 0.00013 A  (MAX MOVE: ATOM     4   0.00086 A)
     ITER  312  AVG. MOVE = 0.00013 A  (MAX MOVE: ATOM     4   0.00086 A)
     ITER  313  AVG. MOVE = 0.00013 A  (MAX MOVE: ATOM     4   0.00086 A)
     ITER  314  AVG. MOVE = 0.00013 A  (MAX MOVE: ATOM     4   0.00086 A)
     ITER  315  AVG. MOVE = 0.00013 A  (MAX MOVE: ATOM     4   0.00086 A)
     ITER  316  AVG. MOVE = 0.00013 A  (MAX MOVE: ATOM     4   0.00086 A)
     ITER  317  AVG. MOVE = 0.00013 A  (MAX MOVE: ATOM     4   0.00086 A)
     ITER  318  AVG. MOVE = 0.00013 A  (MAX MOVE: ATOM     4   0.00086 A)
     ITER  319  AVG. MOVE = 0.00013 A  (MAX MOVE: ATOM     4   0.00086 A)
     ITER  320  AVG. MOVE = 0.00013 A  (MAX MOVE: ATOM     4   0.00086 A)
     ITER  321  AVG. MOVE = 0.00013 A  (MAX MOVE: ATOM     4   0.00086 A)
     ITER  322  AVG. MOVE = 0.00013 A  (MAX MOVE: ATOM     4   0.00086 A)
     ITER  323  AVG. MOVE = 0.00013 A  (MAX MOVE: ATOM     4   0.00086 A)
     ITER  324  AVG. MOVE = 0.00013 A  (MAX MOVE: ATOM     4   0.00086 A)
     ITER  325  AVG. MOVE = 0.00013 A  (MAX MOVE: ATOM     4   0.00086 A)
     ITER  326  AVG. MOVE = 0.00013 A  (MAX MOVE: ATOM     4   0.00086 A)
     ITER  327  AVG. MOVE = 0.00013 A  (MAX MOVE: ATOM     4   0.00086 A)
     ITER  328  AVG. MOVE = 0.00013 A  (MAX MOVE: ATOM     4   0.00086 A)
     ITER  329  AVG. MOVE = 0.00013 A  (MAX MOVE: ATOM     4   0.00086 A)
     ITER  330  AVG. MOVE = 0.00013 A  (MAX MOVE: ATOM     4   0.00086 A)
     ITER  331  AVG. MOVE = 0.00013 A  (MAX MOVE: ATOM     4   0.00086 A)
     ITER  332  AVG. MOVE = 0.00013 A  (MAX MOVE: ATOM     4   0.00086 A)
     ITER  333  AVG. MOVE = 0.00013 A  (MAX MOVE: ATOM     4   0.00086 A)
     ITER  334  AVG. MOVE = 0.00013 A  (MAX MOVE: ATOM     4   0.00086 A)
     ITER  335  AVG. MOVE = 0.00013 A  (MAX MOVE: ATOM     4   0.00086 A)
     ITER  336  AVG. MOVE = 0.00013 A  (MAX MOVE: ATOM     4   0.00086 A)
     ITER  337  AVG. MOVE = 0.00013 A  (MAX MOVE: ATOM     4   0.00086 A)
     ITER  338  AVG. MOVE = 0.00013 A  (MAX MOVE: ATOM     4   0.00086 A)
     ITER  339  AVG. MOVE = 0.00013 A  (MAX MOVE: ATOM     4   0.00086 A)
     ITER  340  AVG. MOVE = 0.00013 A  (MAX MOVE: ATOM     4   0.00086 A)
     ITER  341  AVG. MOVE = 0.00013 A  (MAX MOVE: ATOM     4   0.00086 A)
     ITER  342  AVG. MOVE = 0.00013 A  (MAX MOVE: ATOM     4   0.00086 A)
     ITER  343  AVG. MOVE = 0.00013 A  (MAX MOVE: ATOM     4   0.00086 A)
     ITER  344  AVG. MOVE = 0.00013 A  (MAX MOVE: ATOM     4   0.00086 A)
     ITER  345  AVG. MOVE = 0.00013 A  (MAX MOVE: ATOM     4   0.00086 A)
     ITER  346  AVG. MOVE = 0.00013 A  (MAX MOVE: ATOM     4   0.00086 A)
     ITER  347  AVG. MOVE = 0.00013 A  (MAX MOVE: ATOM     4   0.00086 A)
     ITER  348  AVG. MOVE = 0.00013 A  (MAX MOVE: ATOM     4   0.00086 A)
     ITER  349  AVG. MOVE = 0.00013 A  (MAX MOVE: ATOM     4   0.00086 A)
     ITER  350  AVG. MOVE = 0.00013 A  (MAX MOVE: ATOM     4   0.00086 A)
     ITER  351  AVG. MOVE = 0.00013 A  (MAX MOVE: ATOM     4   0.00086 A)
     ITER  352  AVG. MOVE = 0.00013 A  (MAX MOVE: ATOM     4   0.00086 A)
     ITER  353  AVG. MOVE = 0.00013 A  (MAX MOVE: ATOM     4   0.00086 A)
     ITER  354  AVG. MOVE = 0.00013 A  (MAX MOVE: ATOM     4   0.00086 A)
     ITER  355  AVG. MOVE = 0.00013 A  (MAX MOVE: ATOM     4   0.00086 A)
     ITER  356  AVG. MOVE = 0.00013 A  (MAX MOVE: ATOM     4   0.00086 A)
     ITER  357  AVG. MOVE = 0.00013 A  (MAX MOVE: ATOM     4   0.00086 A)
     ITER  358  AVG. MOVE = 0.00013 A  (MAX MOVE: ATOM     4   0.00086 A)
     ITER  359  AVG. MOVE = 0.00013 A  (MAX MOVE: ATOM     4   0.00086 A)
     ITER  360  AVG. MOVE = 0.00013 A  (MAX MOVE: ATOM     4   0.00086 A)
     ITER  361  AVG. MOVE = 0.00013 A  (MAX MOVE: ATOM     4   0.00086 A)
     ITER  362  AVG. MOVE = 0.00013 A  (MAX MOVE: ATOM     4   0.00086 A)
     ITER  363  AVG. MOVE = 0.00013 A  (MAX MOVE: ATOM     4   0.00086 A)
     ITER  364  AVG. MOVE = 0.00013 A  (MAX MOVE: ATOM     4   0.00086 A)
     ITER  365  AVG. MOVE = 0.00013 A  (MAX MOVE: ATOM     4   0.00086 A)
     ITER  366  AVG. MOVE = 0.00013 A  (MAX MOVE: ATOM     4   0.00086 A)
     ITER  367  AVG. MOVE = 0.00013 A  (MAX MOVE: ATOM     4   0.00086 A)
     ITER  368  AVG. MOVE = 0.00013 A  (MAX MOVE: ATOM     4   0.00086 A)
     ITER  369  AVG. MOVE = 0.00013 A  (MAX MOVE: ATOM     4   0.00086 A)
     ITER  370  AVG. MOVE = 0.00013 A  (MAX MOVE: ATOM     4   0.00086 A)
     ITER  371  AVG. MOVE = 0.00013 A  (MAX MOVE: ATOM     4   0.00086 A)
     ITER  372  AVG. MOVE = 0.00013 A  (MAX MOVE: ATOM     4   0.00086 A)
     ITER  373  AVG. MOVE = 0.00013 A  (MAX MOVE: ATOM     4   0.00086 A)
     ITER  374  AVG. MOVE = 0.00013 A  (MAX MOVE: ATOM     4   0.00086 A)
     ITER  375  AVG. MOVE = 0.00013 A  (MAX MOVE: ATOM     4   0.00086 A)
     ITER  376  AVG. MOVE = 0.00013 A  (MAX MOVE: ATOM     4   0.00086 A)
     ITER  377  AVG. MOVE = 0.00013 A  (MAX MOVE: ATOM     4   0.00086 A)
     ITER  378  AVG. MOVE = 0.00013 A  (MAX MOVE: ATOM     4   0.00086 A)
     ITER  379  AVG. MOVE = 0.00013 A  (MAX MOVE: ATOM     4   0.00086 A)
     ITER  380  AVG. MOVE = 0.00013 A  (MAX MOVE: ATOM     4   0.00086 A)
     ITER  381  AVG. MOVE = 0.00013 A  (MAX MOVE: ATOM     4   0.00086 A)
     ITER  382  AVG. MOVE = 0.00013 A  (MAX MOVE: ATOM     4   0.00086 A)
     ITER  383  AVG. MOVE = 0.00013 A  (MAX MOVE: ATOM     4   0.00086 A)
     ITER  384  AVG. MOVE = 0.00013 A  (MAX MOVE: ATOM     4   0.00086 A)
     ITER  385  AVG. MOVE = 0.00013 A  (MAX MOVE: ATOM     4   0.00086 A)
     ITER  386  AVG. MOVE = 0.00013 A  (MAX MOVE: ATOM     4   0.00086 A)
     ITER  387  AVG. MOVE = 0.00013 A  (MAX MOVE: ATOM     4   0.00086 A)
     ITER  388  AVG. MOVE = 0.00013 A  (MAX MOVE: ATOM     4   0.00086 A)
     ITER  389  AVG. MOVE = 0.00013 A  (MAX MOVE: ATOM     4   0.00086 A)
     ITER  390  AVG. MOVE = 0.00013 A  (MAX MOVE: ATOM     4   0.00086 A)
     ITER  391  AVG. MOVE = 0.00013 A  (MAX MOVE: ATOM     4   0.00086 A)
     ITER  392  AVG. MOVE = 0.00013 A  (MAX MOVE: ATOM     4   0.00086 A)
     ITER  393  AVG. MOVE = 0.00013 A  (MAX MOVE: ATOM     4   0.00086 A)
     ITER  394  AVG. MOVE = 0.00013 A  (MAX MOVE: ATOM     4   0.00086 A)
     ITER  395  AVG. MOVE = 0.00013 A  (MAX MOVE: ATOM     4   0.00086 A)
     ITER  396  AVG. MOVE = 0.00013 A  (MAX MOVE: ATOM     4   0.00086 A)
     ITER  397  AVG. MOVE = 0.00013 A  (MAX MOVE: ATOM     4   0.00086 A)
     ITER  398  AVG. MOVE = 0.00013 A  (MAX MOVE: ATOM     4   0.00086 A)
     ITER  399  AVG. MOVE = 0.00013 A  (MAX MOVE: ATOM     4   0.00086 A)
     ITER  400  AVG. MOVE = 0.00013 A  (MAX MOVE: ATOM     4   0.00086 A)
     ITER  401  AVG. MOVE = 0.00013 A  (MAX MOVE: ATOM     4   0.00086 A)
     ITER  402  AVG. MOVE = 0.00013 A  (MAX MOVE: ATOM     4   0.00086 A)
     ITER  403  AVG. MOVE = 0.00013 A  (MAX MOVE: ATOM     4   0.00086 A)
     ITER  404  AVG. MOVE = 0.00013 A  (MAX MOVE: ATOM     4   0.00086 A)
     ITER  405  AVG. MOVE = 0.00013 A  (MAX MOVE: ATOM     4   0.00086 A)
     ITER  406  AVG. MOVE = 0.00013 A  (MAX MOVE: ATOM     4   0.00086 A)
     ITER  407  AVG. MOVE = 0.00013 A  (MAX MOVE: ATOM     4   0.00086 A)
     ITER  408  AVG. MOVE = 0.00013 A  (MAX MOVE: ATOM     4   0.00086 A)
     ITER  409  AVG. MOVE = 0.00013 A  (MAX MOVE: ATOM     4   0.00086 A)
     ITER  410  AVG. MOVE = 0.00013 A  (MAX MOVE: ATOM     4   0.00086 A)
     ITER  411  AVG. MOVE = 0.00013 A  (MAX MOVE: ATOM     4   0.00086 A)
     ITER  412  AVG. MOVE = 0.00013 A  (MAX MOVE: ATOM     4   0.00086 A)
     ITER  413  AVG. MOVE = 0.00013 A  (MAX MOVE: ATOM     4   0.00086 A)
     ITER  414  AVG. MOVE = 0.00013 A  (MAX MOVE: ATOM     4   0.00086 A)
     ITER  415  AVG. MOVE = 0.00013 A  (MAX MOVE: ATOM     4   0.00086 A)
     ITER  416  AVG. MOVE = 0.00013 A  (MAX MOVE: ATOM     4   0.00086 A)
     ITER  417  AVG. MOVE = 0.00013 A  (MAX MOVE: ATOM     4   0.00086 A)
     ITER  418  AVG. MOVE = 0.00013 A  (MAX MOVE: ATOM     4   0.00086 A)
     ITER  419  AVG. MOVE = 0.00013 A  (MAX MOVE: ATOM     4   0.00086 A)
     ITER  420  AVG. MOVE = 0.00013 A  (MAX MOVE: ATOM     4   0.00086 A)
     ITER  421  AVG. MOVE = 0.00013 A  (MAX MOVE: ATOM     4   0.00086 A)
     ITER  422  AVG. MOVE = 0.00013 A  (MAX MOVE: ATOM     4   0.00086 A)
     ITER  423  AVG. MOVE = 0.00013 A  (MAX MOVE: ATOM     4   0.00086 A)
     ITER  424  AVG. MOVE = 0.00013 A  (MAX MOVE: ATOM     4   0.00086 A)
     ITER  425  AVG. MOVE = 0.00013 A  (MAX MOVE: ATOM     4   0.00086 A)
     ITER  426  AVG. MOVE = 0.00013 A  (MAX MOVE: ATOM     4   0.00086 A)
     ITER  427  AVG. MOVE = 0.00013 A  (MAX MOVE: ATOM     4   0.00086 A)
     ITER  428  AVG. MOVE = 0.00013 A  (MAX MOVE: ATOM     4   0.00086 A)
     ITER  429  AVG. MOVE = 0.00013 A  (MAX MOVE: ATOM     4   0.00086 A)
     ITER  430  AVG. MOVE = 0.00013 A  (MAX MOVE: ATOM     4   0.00086 A)
     ITER  431  AVG. MOVE = 0.00013 A  (MAX MOVE: ATOM     4   0.00086 A)
     ITER  432  AVG. MOVE = 0.00013 A  (MAX MOVE: ATOM     4   0.00086 A)
     ITER  433  AVG. MOVE = 0.00013 A  (MAX MOVE: ATOM     4   0.00086 A)
     ITER  434  AVG. MOVE = 0.00013 A  (MAX MOVE: ATOM     4   0.00086 A)
     ITER  435  AVG. MOVE = 0.00013 A  (MAX MOVE: ATOM     4   0.00086 A)
     ITER  436  AVG. MOVE = 0.00013 A  (MAX MOVE: ATOM     4   0.00086 A)
     ITER  437  AVG. MOVE = 0.00013 A  (MAX MOVE: ATOM     4   0.00086 A)
     ITER  438  AVG. MOVE = 0.00013 A  (MAX MOVE: ATOM     4   0.00086 A)
     ITER  439  AVG. MOVE = 0.00013 A  (MAX MOVE: ATOM     4   0.00086 A)
     ITER  440  AVG. MOVE = 0.00013 A  (MAX MOVE: ATOM     4   0.00086 A)
     ITER  441  AVG. MOVE = 0.00013 A  (MAX MOVE: ATOM     4   0.00086 A)
     ITER  442  AVG. MOVE = 0.00013 A  (MAX MOVE: ATOM     4   0.00086 A)
     ITER  443  AVG. MOVE = 0.00013 A  (MAX MOVE: ATOM     4   0.00086 A)
     ITER  444  AVG. MOVE = 0.00013 A  (MAX MOVE: ATOM     4   0.00086 A)
     ITER  445  AVG. MOVE = 0.00013 A  (MAX MOVE: ATOM     4   0.00086 A)
     ITER  446  AVG. MOVE = 0.00013 A  (MAX MOVE: ATOM     4   0.00086 A)
     ITER  447  AVG. MOVE = 0.00013 A  (MAX MOVE: ATOM     4   0.00086 A)
     ITER  448  AVG. MOVE = 0.00013 A  (MAX MOVE: ATOM     4   0.00086 A)
     ITER  449  AVG. MOVE = 0.00013 A  (MAX MOVE: ATOM     4   0.00086 A)
     ITER  450  AVG. MOVE = 0.00013 A  (MAX MOVE: ATOM     4   0.00086 A)
     ITER  451  AVG. MOVE = 0.00013 A  (MAX MOVE: ATOM     4   0.00086 A)
     ITER  452  AVG. MOVE = 0.00013 A  (MAX MOVE: ATOM     4   0.00086 A)
     ITER  453  AVG. MOVE = 0.00013 A  (MAX MOVE: ATOM     4   0.00086 A)
     ITER  454  AVG. MOVE = 0.00013 A  (MAX MOVE: ATOM     4   0.00086 A)
     ITER  455  AVG. MOVE = 0.00013 A  (MAX MOVE: ATOM     4   0.00086 A)
     ITER  456  AVG. MOVE = 0.00013 A  (MAX MOVE: ATOM     4   0.00086 A)
     ITER  457  AVG. MOVE = 0.00013 A  (MAX MOVE: ATOM     4   0.00086 A)
     ITER  458  AVG. MOVE = 0.00013 A  (MAX MOVE: ATOM     4   0.00086 A)
     ITER  459  AVG. MOVE = 0.00013 A  (MAX MOVE: ATOM     4   0.00086 A)
     ITER  460  AVG. MOVE = 0.00013 A  (MAX MOVE: ATOM     4   0.00086 A)
     ITER  461  AVG. MOVE = 0.00013 A  (MAX MOVE: ATOM     4   0.00086 A)
     ITER  462  AVG. MOVE = 0.00013 A  (MAX MOVE: ATOM     4   0.00086 A)
     ITER  463  AVG. MOVE = 0.00013 A  (MAX MOVE: ATOM     4   0.00086 A)
     ITER  464  AVG. MOVE = 0.00013 A  (MAX MOVE: ATOM     4   0.00086 A)
     ITER  465  AVG. MOVE = 0.00013 A  (MAX MOVE: ATOM     4   0.00086 A)
     ITER  466  AVG. MOVE = 0.00013 A  (MAX MOVE: ATOM     4   0.00086 A)
     ITER  467  AVG. MOVE = 0.00013 A  (MAX MOVE: ATOM     4   0.00086 A)
     ITER  468  AVG. MOVE = 0.00013 A  (MAX MOVE: ATOM     4   0.00086 A)
     ITER  469  AVG. MOVE = 0.00013 A  (MAX MOVE: ATOM     4   0.00086 A)
     ITER  470  AVG. MOVE = 0.00013 A  (MAX MOVE: ATOM     4   0.00087 A)
     ITER  471  AVG. MOVE = 0.00013 A  (MAX MOVE: ATOM     4   0.00086 A)
     ITER  472  AVG. MOVE = 0.00013 A  (MAX MOVE: ATOM     4   0.00086 A)
     ITER  473  AVG. MOVE = 0.00013 A  (MAX MOVE: ATOM     4   0.00086 A)
     ITER  474  AVG. MOVE = 0.00013 A  (MAX MOVE: ATOM     4   0.00087 A)
     ITER  475  AVG. MOVE = 0.00013 A  (MAX MOVE: ATOM     4   0.00087 A)
     ITER  476  AVG. MOVE = 0.00013 A  (MAX MOVE: ATOM     4   0.00087 A)
     ITER  477  AVG. MOVE = 0.00013 A  (MAX MOVE: ATOM     4   0.00086 A)
     ITER  478  AVG. MOVE = 0.00013 A  (MAX MOVE: ATOM     4   0.00086 A)
     ITER  479  AVG. MOVE = 0.00013 A  (MAX MOVE: ATOM     4   0.00087 A)
     ITER  480  AVG. MOVE = 0.00013 A  (MAX MOVE: ATOM     4   0.00086 A)
     ITER  481  AVG. MOVE = 0.00013 A  (MAX MOVE: ATOM     4   0.00087 A)
     ITER  482  AVG. MOVE = 0.00013 A  (MAX MOVE: ATOM     4   0.00087 A)
     ITER  483  AVG. MOVE = 0.00013 A  (MAX MOVE: ATOM     4   0.00087 A)
     ITER  484  AVG. MOVE = 0.00013 A  (MAX MOVE: ATOM     4   0.00087 A)
     ITER  485  AVG. MOVE = 0.00013 A  (MAX MOVE: ATOM     4   0.00087 A)
     ITER  486  AVG. MOVE = 0.00013 A  (MAX MOVE: ATOM     4   0.00087 A)
     ITER  487  AVG. MOVE = 0.00013 A  (MAX MOVE: ATOM     4   0.00087 A)
     ITER  488  AVG. MOVE = 0.00013 A  (MAX MOVE: ATOM     4   0.00086 A)
     ITER  489  AVG. MOVE = 0.00013 A  (MAX MOVE: ATOM     4   0.00087 A)
     ITER  490  AVG. MOVE = 0.00013 A  (MAX MOVE: ATOM     4   0.00087 A)
     ITER  491  AVG. MOVE = 0.00013 A  (MAX MOVE: ATOM     4   0.00087 A)
     ITER  492  AVG. MOVE = 0.00013 A  (MAX MOVE: ATOM     4   0.00087 A)
     ITER  493  AVG. MOVE = 0.00013 A  (MAX MOVE: ATOM     4   0.00087 A)
     ITER  494  AVG. MOVE = 0.00013 A  (MAX MOVE: ATOM     4   0.00087 A)
     ITER  495  AVG. MOVE = 0.00013 A  (MAX MOVE: ATOM     4   0.00087 A)
     ITER  496  AVG. MOVE = 0.00013 A  (MAX MOVE: ATOM     4   0.00087 A)
     ITER  497  AVG. MOVE = 0.00013 A  (MAX MOVE: ATOM     4   0.00087 A)
     ITER  498  AVG. MOVE = 0.00013 A  (MAX MOVE: ATOM     4   0.00087 A)
     ITER  499  AVG. MOVE = 0.00013 A  (MAX MOVE: ATOM     4   0.00087 A)
     ITER  500  AVG. MOVE = 0.00013 A  (MAX MOVE: ATOM     4   0.00087 A)
     ITER  501  AVG. MOVE = 0.00013 A  (MAX MOVE: ATOM     4   0.00087 A)
     ITER  502  AVG. MOVE = 0.00013 A  (MAX MOVE: ATOM     4   0.00087 A)
     ITER  503  AVG. MOVE = 0.00013 A  (MAX MOVE: ATOM     4   0.00087 A)
     ITER  504  AVG. MOVE = 0.00013 A  (MAX MOVE: ATOM     4   0.00087 A)
     ITER  505  AVG. MOVE = 0.00013 A  (MAX MOVE: ATOM     4   0.00087 A)
     ITER  506  AVG. MOVE = 0.00013 A  (MAX MOVE: ATOM     4   0.00087 A)
     ITER  507  AVG. MOVE = 0.00013 A  (MAX MOVE: ATOM     4   0.00087 A)
     ITER  508  AVG. MOVE = 0.00013 A  (MAX MOVE: ATOM     4   0.00087 A)
     ITER  509  AVG. MOVE = 0.00013 A  (MAX MOVE: ATOM     4   0.00087 A)
     ITER  510  AVG. MOVE = 0.00013 A  (MAX MOVE: ATOM     4   0.00087 A)
     ITER  511  AVG. MOVE = 0.00013 A  (MAX MOVE: ATOM     4   0.00087 A)
     ITER  512  AVG. MOVE = 0.00013 A  (MAX MOVE: ATOM     4   0.00087 A)
     ITER  513  AVG. MOVE = 0.00013 A  (MAX MOVE: ATOM     4   0.00087 A)
     ITER  514  AVG. MOVE = 0.00013 A  (MAX MOVE: ATOM     4   0.00087 A)
     ITER  515  AVG. MOVE = 0.00013 A  (MAX MOVE: ATOM     4   0.00087 A)
     ITER  516  AVG. MOVE = 0.00013 A  (MAX MOVE: ATOM     4   0.00087 A)
     ITER  517  AVG. MOVE = 0.00013 A  (MAX MOVE: ATOM     4   0.00087 A)
     ITER  518  AVG. MOVE = 0.00013 A  (MAX MOVE: ATOM     4   0.00087 A)
     ITER  519  AVG. MOVE = 0.00013 A  (MAX MOVE: ATOM     4   0.00087 A)
     ITER  520  AVG. MOVE = 0.00013 A  (MAX MOVE: ATOM     4   0.00087 A)
     ITER  521  AVG. MOVE = 0.00013 A  (MAX MOVE: ATOM     4   0.00087 A)
     ITER  522  AVG. MOVE = 0.00013 A  (MAX MOVE: ATOM     4   0.00087 A)
     ITER  523  AVG. MOVE = 0.00013 A  (MAX MOVE: ATOM     4   0.00087 A)
     ITER  524  AVG. MOVE = 0.00013 A  (MAX MOVE: ATOM     4   0.00087 A)
     ITER  525  AVG. MOVE = 0.00013 A  (MAX MOVE: ATOM     4   0.00087 A)
     ITER  526  AVG. MOVE = 0.00013 A  (MAX MOVE: ATOM     4   0.00087 A)
     ITER  527  AVG. MOVE = 0.00013 A  (MAX MOVE: ATOM     4   0.00087 A)
     ITER  528  AVG. MOVE = 0.00013 A  (MAX MOVE: ATOM     4   0.00087 A)
     ITER  529  AVG. MOVE = 0.00013 A  (MAX MOVE: ATOM     4   0.00087 A)
     ITER  530  AVG. MOVE = 0.00013 A  (MAX MOVE: ATOM     4   0.00087 A)
     ITER  531  AVG. MOVE = 0.00013 A  (MAX MOVE: ATOM     4   0.00087 A)
     ITER  532  AVG. MOVE = 0.00013 A  (MAX MOVE: ATOM     4   0.00087 A)
     ITER  533  AVG. MOVE = 0.00013 A  (MAX MOVE: ATOM     4   0.00087 A)
     ITER  534  AVG. MOVE = 0.00013 A  (MAX MOVE: ATOM     4   0.00087 A)
     ITER  535  AVG. MOVE = 0.00013 A  (MAX MOVE: ATOM     4   0.00087 A)
     ITER  536  AVG. MOVE = 0.00013 A  (MAX MOVE: ATOM     4   0.00087 A)
     ITER  537  AVG. MOVE = 0.00013 A  (MAX MOVE: ATOM     4   0.00087 A)
     ITER  538  AVG. MOVE = 0.00013 A  (MAX MOVE: ATOM     4   0.00087 A)
     ITER  539  AVG. MOVE = 0.00013 A  (MAX MOVE: ATOM     4   0.00087 A)
     ITER  540  AVG. MOVE = 0.00013 A  (MAX MOVE: ATOM     4   0.00087 A)
     ITER  541  AVG. MOVE = 0.00013 A  (MAX MOVE: ATOM     4   0.00087 A)
     ITER  542  AVG. MOVE = 0.00013 A  (MAX MOVE: ATOM     4   0.00087 A)
     ITER  543  AVG. MOVE = 0.00013 A  (MAX MOVE: ATOM     4   0.00087 A)
     ITER  544  AVG. MOVE = 0.00013 A  (MAX MOVE: ATOM     4   0.00087 A)
     ITER  545  AVG. MOVE = 0.00013 A  (MAX MOVE: ATOM     4   0.00087 A)
     ITER  546  AVG. MOVE = 0.00013 A  (MAX MOVE: ATOM     4   0.00087 A)
     ITER  547  AVG. MOVE = 0.00013 A  (MAX MOVE: ATOM     4   0.00087 A)
     ITER  548  AVG. MOVE = 0.00013 A  (MAX MOVE: ATOM     4   0.00087 A)
     ITER  549  AVG. MOVE = 0.00013 A  (MAX MOVE: ATOM     4   0.00087 A)
     ITER  550  AVG. MOVE = 0.00013 A  (MAX MOVE: ATOM     4   0.00087 A)
     ITER  551  AVG. MOVE = 0.00013 A  (MAX MOVE: ATOM     4   0.00087 A)
     ITER  552  AVG. MOVE = 0.00013 A  (MAX MOVE: ATOM     4   0.00087 A)
     ITER  553  AVG. MOVE = 0.00013 A  (MAX MOVE: ATOM     4   0.00087 A)
     ITER  554  AVG. MOVE = 0.00013 A  (MAX MOVE: ATOM     4   0.00087 A)
     ITER  555  AVG. MOVE = 0.00013 A  (MAX MOVE: ATOM     4   0.00087 A)
     ITER  556  AVG. MOVE = 0.00013 A  (MAX MOVE: ATOM     4   0.00087 A)
     ITER  557  AVG. MOVE = 0.00013 A  (MAX MOVE: ATOM     4   0.00087 A)
     ITER  558  AVG. MOVE = 0.00013 A  (MAX MOVE: ATOM     4   0.00087 A)
     ITER  559  AVG. MOVE = 0.00013 A  (MAX MOVE: ATOM     4   0.00087 A)
     ITER  560  AVG. MOVE = 0.00013 A  (MAX MOVE: ATOM     4   0.00087 A)
     ITER  561  AVG. MOVE = 0.00013 A  (MAX MOVE: ATOM     4   0.00087 A)
     ITER  562  AVG. MOVE = 0.00013 A  (MAX MOVE: ATOM     4   0.00087 A)
     ITER  563  AVG. MOVE = 0.00013 A  (MAX MOVE: ATOM     4   0.00087 A)
     ITER  564  AVG. MOVE = 0.00013 A  (MAX MOVE: ATOM     4   0.00087 A)
     ITER  565  AVG. MOVE = 0.00013 A  (MAX MOVE: ATOM     4   0.00087 A)
     ITER  566  AVG. MOVE = 0.00013 A  (MAX MOVE: ATOM     4   0.00087 A)
     ITER  567  AVG. MOVE = 0.00013 A  (MAX MOVE: ATOM     4   0.00087 A)
     ITER  568  AVG. MOVE = 0.00013 A  (MAX MOVE: ATOM     4   0.00087 A)
     ITER  569  AVG. MOVE = 0.00013 A  (MAX MOVE: ATOM     4   0.00087 A)
     ITER  570  AVG. MOVE = 0.00013 A  (MAX MOVE: ATOM     4   0.00087 A)
     ITER  571  AVG. MOVE = 0.00013 A  (MAX MOVE: ATOM     4   0.00087 A)

                 ==============================================
                 GEOMETRY OPTIMIZATION OSCILLATING (>300 TIMES)
                 THIS IS DUE TO THE SHALLOW POTENITAL SURFACE
                 OPTIMIZATION STOP AT CURRENT GEOMETRY.
                 ==============================================



              * * * * * * * * * GEOMETRY IS OPTIMIZED * * * * * * * * *

               WITHIN : AVERAGE MOVEMENT  0.00013 A (LIMIT  0.00011 A)
                        MAXIMUM MOVEMENT  0.00087 A (LIMIT  0.00108 A)

               GRADIENT
                 RMS GRADIENT                  0.042965 KCAL/MOL/A

                 MAX GRADIENT
                   X-DIRECTION : ATOM #   10   0.070422 KCAL/MOL/A
                   Y-DIRECTION : ATOM #    2   0.086477 KCAL/MOL/A
                   Z-DIRECTION : ATOM #    3   0.119714 KCAL/MOL/A

        DELTA TIME =    0.00 SEC.       TOTAL CPU TIME =      0.18 SEC.


                            =====================
                            FULL-MATRIX OPTIMIZER
                            =====================


     iter.  rms force   max force   avg. move    max move  atom  convg  d-time

        0    0.033619    0.110191   0.00087 A   0.00446 A   13    [N]     0.0s
        1    0.001213    0.002939   0.00000 A   0.00001 A   13    [N]     0.0s
        2    0.000044    0.000185                                 [Y]     0.0s


      TOTAL ENERGY IS      0.0204 KCAL/MOL.

        COMPRESS    0.4249      VDW 1,4    2.2370      DIPL-DIPL    0.0000
        STR-STR    -0.0002        OTHER    0.0447      CHRG-DIPL    0.0000
        BENDING     2.7734      TORSION    0.8699      CHRG-CHRG    0.0000
        BEND-BEND  -0.1750      TOR-STR   -0.6484      EPR          0.0000
        STR-BEND    0.1182      TOR-BEND  -5.2284      TOR-BENBEN  -0.0723
        TOR-IMPT    0.0000      TOR-IPIP   0.0000      TORS-TORS   -0.0023
        IND-DIP    -0.3209      H-BOND     0.0000      PI-COMPLX    0.0000
0     DELTA(T) =     0.0 SEC.          ELAPSED TIME =     0.2 SEC.


    * * * ENERGY IS STATIONARY WITHIN RMS OF FORCES   0.00010  Kcal/mol/A * * *

                 * * * *  RMS FORCE IS   0.00004 Kcal/mol/A * * * *

 
     propylamine-a                                               


     %=%=%=%=%=%=%=%=%=%=%=%=%=%=%=%=%=%=%=%=%=%=%=%=%=%=%=%=%=%=%=%=%=%=%=

     The Parameters Used in This Calculation Can be Found in the Following
     Publication(s):

     The MM4 Program is Developed by Dr. N. L. Allinger and co-workers at  
     the University of Georgia, Athens, Georgia 30602-2556 USA.            
     (c) Copyright 2003 by N. L. Allinger. All rights reserved.            
                                                                           
     MM4 General Description and Alkanes:                                  
      Allinger,N.L.; Chen,K.; Lii,J.-H. J. Comput. Chem. 1996, 17, 642.    
     Amines:                                                               
      Chen,K.-H.; Lii,J.-H.; Fan,Y.; Allinger,N.L., J. Comput. Chem.       
      2007, 28, 2391.                                                      

     %=%=%=%=%=%=%=%=%=%=%=%=%=%=%=%=%=%=%=%=%=%=%=%=%=%=%=%=%=%=%=%=%=%=%=

               CHEMICAL FORMULA :  C(    3)  H(    9)  N(    1) 
               FORMULA WEIGHT   :     59.075
                                                               DATE : 30-MAY-23

           * M M 4 * * * * * * * * * * * 2 0 0 8 *
           *                                     *   PARAMETER RELIABILITY
           *                                     *
           *                                     *   BLANK = GOOD
           *                                     *       B = FAIR
           *                                     *       C = TRIAL
           *                                     *       R = READ IN
           *                                     *       S = SUBSTITUTED
           *                                     *       U = PARAMETER NOT EXIST
           *                                     *
           *                                     *   THIS IS SHOWN AT THE END 
           *                                     *   OF THE LINE.
           * * * * * * * * * * * * * * * * * * * * 


      CONFORMATIONAL ENERGY, PART 3:  GEOMETRY AND STERIC ENERGY
                                      OF FINAL CONFORMATION.

      CONNECTED ATOMS
          1-    2-    3-    9-

      ATTACHED ATOMS
          1-    4,    1-   10,    2-    5,    2-    6,    3-    7,    3-    8,
          9-   11,    9-   12,    9-   13,

      FINAL ATOMIC COORDINATE
           ATOM          X           Y           Z      TYPE
         N(    1)    -1.85782    -0.15923     0.06541   (  8)
         C(    2)    -0.55644     0.51216    -0.02885   (  1)
         C(    3)     0.56831    -0.52122     0.02182   (  1)
         H(    4)    -1.99188    -0.80029    -0.73591   ( 23)
         H(    5)    -0.41404     1.15653    -0.93925   (  5)
         H(    6)    -0.44901     1.20692     0.83451   (  5)
         H(    7)     0.47454    -1.13558     0.94446   (  5)
         H(    8)     0.48047    -1.21796    -0.84077   (  5)
         C(    9)     1.95058     0.13814    -0.00473   (  1)
         H(   10)    -2.62704     0.53035     0.00307   ( 23)
         H(   11)     2.76213    -0.62256     0.03509   (  5)
         H(   12)     2.10203     0.73534    -0.93132   (  5)
         H(   13)     2.09498     0.82184     0.86121   (  5)


          DIELECTRIC CONSTANT =  1.500


      BOND LENGTHS AND STRETCHING ENERGY   (   12 BONDS)

        ENERGY = 71.94(KS)(DR)(DR)(1-(CS)(DR)+(7/12)((CS)(DR))**2)-
                       (1/4)((CS)(DR))**3)+(31/360)((CS)(DR))**4))
                         DR =  R-RO
                         CS =  3.000 FOR X-Y BONDS
                            =  2.200 FOR X-H BONDS
                                                            R(0)-CORR        CORR
             BOND          R(g)    R(0)    K(S)  ENERGY   E-NEG  MISCEL       KS
      N(    1)- C(    2)  1.4674  1.4666  5.200  0.0002  0.0081                    
      N(    1)- H(    4)  1.0349  1.0340  6.410  0.0004                            
      N(    1)- H(   10)  1.0349  1.0340  6.410  0.0004                            
      C(    2)- C(    3)  1.5282  1.5075  4.550  0.1322 -0.0195                    
      C(    2)- H(    5)  1.1244  1.1002  5.024  0.2011 -0.0118             0.354  
      C(    2)- H(    6)  1.1134  1.1002  5.024  0.0611 -0.0118             0.354  
      C(    3)- H(    7)  1.1124  1.1096  4.741  0.0026 -0.0024             0.071  
      C(    3)- H(    8)  1.1123  1.1096  4.741  0.0024 -0.0024             0.071  
      C(    3)- C(    9)  1.5317  1.5231  4.550  0.0237 -0.0039                    
      C(    9)- H(   11)  1.1130  1.1120  4.740  0.0004                            
      C(    9)- H(   12)  1.1127  1.1120  4.740  0.0002                            
      C(    9)- H(   13)  1.1127  1.1120  4.740  0.0002                            


      NON-BONDED DISTANCES, VDW AND EPR ENERGY   (    45 PAIRS)

              E(VDW) = KV*(1.84(10**5)EXP(-12.00/P) - 2.25(P**6))
              E(EPR) = C*KV*(1.84(10**5)EXP(-12.00/Q) - 2.25(Q**6))
              E(HBD) = EP1-EP2*F(THET1,THET2)*RTH/RTH0
                            EP1 = KHB*2.76(10**5)*EXP(-12.0/P)
                            EP2 = KHB*2.25(P**6)
                              F = FAC*(1+COS(THET1)^N*(1+COS(THET2))^N

            IF P > 3.020, THEN,
              E(VDW) = KV(192.270)(P**2)
              E(HBD) = EP1-EP2*F(THET1,THET2)*RTH/RTH0
                            EP1 = KHB*569.14*P**2
                            EP2 = KHB*187.16*P**2

                       RV = RVDW(I) + RVDW(K)
                       KV = SQRT(EPS(I)*EPS(K))
                      KHB = HYDROGEN BOND ENERGY PARAMETER
                        P = (RV/R) OR (RV/R#)
                        C = SCALE FACTOR
                        Q = RV/R, WHERE R IS MODIFIED DISTANCE
                        N = 1 WHEN Y IS NITROGEN, AND 2 FOR OTHERS
                      FAC = 1/4 WHEN N=1, AND 1/16 WHEN N=2
                    THET1 = ANGLE H-X-Y IN HYDROGEN BOND X-H...Y
                    THET2 = ANGLE X-Y-LP IN HYDROGEN BOND X...Y-LP
                      RTH = BOND LENGTH X-H IN X-H...Y
                     RTH0 = NATURAL BOND LENGTH X-H

          # IN THE VDW CALCULATIONS THE HYDROGEN ATOMS ARE RELOCATED
          SO THAT THE ATTACHED HYDROGEN DISTANCE IS REDUCED BY 0.940

          # IN THE VDW CALCULATIONS THE DEUTERIUM ATOMS ARE RELOCATED
          SO THAT THE ATTACHED DEUTERIUM DISTANCE IS REDUCED BY  0.940

           ATOM PAIR          R       R#       RV      KV       ENERGY
      N(    1), C(    3)   2.4534
      N(    1), H(    5)   2.1966
      N(    1), H(    6)   2.1078
      N(    1), H(    7)   2.6769   2.6509   3.110   0.1100     0.0858  1,4    
      N(    1), H(    8)   2.7221   2.6938   3.110   0.1100     0.0336  1,4    
      N(    1), C(    9)   3.8206            3.820   0.0447    -0.0500  1,4    
      N(    1), H(   11)   4.6432   4.5904   3.110   0.1100    -0.0235         
      N(    1), H(   12)   4.1802   4.1511   3.110   0.1100    -0.0415         
      N(    1), H(   13)   4.1498   4.1223   3.110   0.1100    -0.0431         
      C(    2), H(    4)   2.0695
      C(    2), H(    7)   2.1738
      C(    2), H(    8)   2.1743
      C(    2), C(    9)   2.5349
      C(    2), H(   10)   2.0709
      C(    2), H(   11)   3.5078   3.4470   3.440   0.0240    -0.0269  1,4    
      C(    2), H(   12)   2.8163   2.7877   3.440   0.0240     0.0734  1,4    
      C(    2), H(   13)   2.8139   2.7855   3.440   0.0240     0.0746  1,4    
      C(    3), H(    4)   2.6845   2.6599   3.560   0.0258     0.2726  1,4    
      C(    3), H(    5)   2.1688
      C(    3), H(    6)   2.1638
      C(    3), H(   10)   3.3640   3.3073   3.560   0.0258    -0.0219  1,4    
      C(    3), H(   11)   2.1962
      C(    3), H(   12)   2.1999
      C(    3), H(   13)   2.1998
      H(    4), H(    5)   2.5219   2.4514   3.240   0.0175     0.1571  1,4    
      H(    4), H(    6)   2.9792   2.8657   3.240   0.0175    -0.0031  1,4    
      H(    4), H(    7)   3.0032   2.9447   3.240   0.0175    -0.0108         
      H(    4), H(    8)   2.5096   2.5061   3.240   0.0175     0.1158         
      H(    4), C(    9)   4.1180   4.0934   3.560   0.0258    -0.0203         
      H(    4), H(   10)   1.6493
      H(    4), H(   11)   4.8194   4.7558   3.240   0.0175    -0.0039         
      H(    4), H(   12)   4.3768   4.3348   3.240   0.0175    -0.0065         
      H(    4), H(   13)   4.6781   4.6030   3.240   0.0175    -0.0047         
      H(    5), H(    6)   1.7748
      H(    5), H(    7)   3.0970   2.9790   3.280   0.0170    -0.0103  1,4    
      H(    5), H(    8)   2.5393   2.4692   3.280   0.0170     0.1631  1,4    
      H(    5), C(    9)   2.7390   2.7140   3.440   0.0240     0.1175  1,4    
      H(    5), H(   10)   2.4854   2.4184   3.240   0.0175     0.1871  1,4    
      H(    5), H(   11)   3.7686   3.6808   3.280   0.0170    -0.0147         
      H(    5), H(   12)   2.5511   2.5501   3.280   0.0170     0.1044         
      H(    5), H(   13)   3.1063   3.0459   3.280   0.0170    -0.0144         
      H(    6), H(    7)   2.5204   2.4520   3.280   0.0170     0.1784  1,4    
      H(    6), H(    8)   3.0904   2.9729   3.280   0.0170    -0.0099  1,4    
      H(    6), C(    9)   2.7577   2.7320   3.440   0.0240     0.1055  1,4    
      H(    6), H(   10)   2.4275   2.3615   3.240   0.0175     0.2494  1,4    
      H(    6), H(   11)   3.7812   3.6932   3.280   0.0170    -0.0145         
      H(    6), H(   12)   3.1382   3.0760   3.280   0.0170    -0.0157         
      H(    6), H(   13)   2.5731   2.5708   3.280   0.0170     0.0924         
      H(    7), H(    8)   1.7871
      H(    7), C(    9)   2.1684
      H(    7), H(   10)   3.6444   3.5594   3.240   0.0175    -0.0163         
      H(    7), H(   11)   2.5146   2.4481   3.280   0.0170     0.1819  1,4    
      H(    7), H(   12)   3.1093   2.9915   3.280   0.0170    -0.0112  1,4    
      H(    7), H(   13)   2.5425   2.4736   3.280   0.0170     0.1594  1,4    
      H(    8), C(    9)   2.1678
      H(    8), H(   10)   3.6641   3.5791   3.240   0.0175    -0.0160         
      H(    8), H(   11)   2.5155   2.4489   3.280   0.0170     0.1812  1,4    
      H(    8), H(   12)   2.5403   2.4716   3.280   0.0170     0.1611  1,4    
      H(    8), H(   13)   3.1087   2.9910   3.280   0.0170    -0.0112  1,4    
      C(    9), H(   10)   4.5944   4.5450   3.560   0.0258    -0.0124         
      H(   10), H(   11)   5.5112   5.4006   3.240   0.0175    -0.0018         
      H(   10), H(   12)   4.8248   4.7611   3.240   0.0175    -0.0038         
      H(   10), H(   13)   4.8082   4.7447   3.240   0.0175    -0.0039         
      H(   11), H(   12)   1.7926
      H(   11), H(   13)   1.7927
      H(   12), H(   13)   1.7946


      BOND ANGLES, BENDING AND STRETCH-BEND ENERGIES   (   21 ANGLES)

          EB = 0.02191418(KB)(DT)(DT)(1+CF*DT+QF*DT**2+PF*DT**3+SF*DT**4)
                          DT = THETA-TZERO
                          CF = -1800.000E-5
                          QF =     7.200E-5
                          PF =     0.135E-5
                          SF =     0.004E-6
          ESS =  143.88(KSTST)(DR1)(DR2)
          ESB =  2.51118(KSB)(DT)(DR1+DR2)
          EBB = -0.02191418(KBB)(DT1)(DT2)
                          DR1 = R1 - R1(0)
                          DR2 = R2 - R2(0)

               A T O M S             THETA    TZERO     KB     EB    KSB   ESB   KSS   ESS
      C(    2)- N(    1)- H(    4)  110.399  108.600  0.780  0.0535 0.03 0.0002              
      C(    2)- N(    1)- H(   10)  110.513  108.600  0.780  0.0604 0.03 0.0003              
      H(    4)- N(    1)- H(   10)  105.653  105.000  0.489  0.0045                          
      N(    1)- C(    2)- C(    3)  109.950  104.600  1.145  0.6507 0.14 0.0405-0.10-0.0002  
      N(    1)- C(    2)- H(    5)  115.248  105.000  0.850  1.6130 0.10 0.0644              
      N(    1)- C(    2)- H(    6)  108.740  105.000  0.850  0.2433 0.10 0.0131              
      C(    3)- C(    2)- H(    5)  108.732  109.470  0.560  0.0068 0.10-0.0083              
      C(    3)- C(    2)- H(    6)  108.979  109.470  0.560  0.0030 0.10-0.0042              
      H(    5)- C(    2)- H(    6)  104.953  107.700  0.540  0.0938                          
      C(    2)- C(    3)- H(    7)  109.810  109.470  0.560  0.0014 0.10 0.0020              
      C(    2)- C(    3)- H(    8)  109.860  109.470  0.560  0.0019 0.10 0.0023              
      C(    2)- C(    3)- C(    9)  111.871  111.400  0.740  0.0036 0.14 0.0049              
      H(    7)- C(    3)- H(    8)  106.894  107.700  0.540  0.0078                          
      H(    7)- C(    3)- C(    9)  109.159  109.470  0.560  0.0012 0.10-0.0009              
      H(    8)- C(    3)- C(    9)  109.115  109.470  0.560  0.0016 0.10-0.0010              
      C(    3)- C(    9)- H(   11)  111.295  110.800  0.600  0.0032 0.10 0.0012              
      C(    3)- C(    9)- H(   12)  111.610  110.800  0.600  0.0085 0.10 0.0019              
      C(    3)- C(    9)- H(   13)  111.599  110.800  0.600  0.0083 0.10 0.0019              
      H(   11)- C(    9)- H(   12)  107.299  107.800  0.540  0.0030                          
      H(   11)- C(    9)- H(   13)  107.306  107.800  0.540  0.0029                          
      H(   12)- C(    9)- H(   13)  107.494  107.800  0.540  0.0011                          


     DIHEDRAL ANGLES, TORSIONAL ENERGY (ET)   (    24 ANGLES)

           ET = (V1/2)(1+COS(W))+(V2/2)(1-COS(2W))+(V3/2)(1+COS(3W))+
                                 (V4/2)(1-COS(4W))+(V6/2)(1+COS(6W))
         EBTB =  0.043828*(KBTB)(DTH1)(COS(W))(DTH2)
         ETS1 = -0.5*(RC-RC0)[KTSC1*(1+COS(W))+KTSC2*(1-COS(2W))+KTSC3*(1+COS(3W))]
         ETS2 = -0.5*(RT-RT0)[KTST1*(1+COS(W))+KTST2*(1-COS(2W))+KTST3*(1+COS(3W))]
          ETB =  2.51124*(DTH)[KTB1(1+COS(W))+KTB2*(1-COS(2W))+KTB3*(1+COS(3W))]
                      RC   = CENTRAL BOND LENGTH
                      RT   = TERMINAL BOND LENGTH
                      DTH1 = THETA1 - TZERO1
                      DTH2 = THETA2 - TZERO2

           SIGN OF ANGLE A-B-C-D : WHEN LOOKING THROUGH B TOWARD C,
           IF D IS COUNTERCLOCKWISE FROM A, NEGATIVE.

                A T O M S                OMEGA    V1     V2     V3     V4     V6     E    KBTB   EBTB
    N(    1) C(    2) C(    3) H(    7)  -55.9  0.000  0.000  0.455  0.000  0.000  0.005 -0.050 -0.002 
       TYPE-1-TS                         0.000  0.000  0.660                       0.000
       TORS-BEND   -0.003 -0.003  0.000                       0.000  0.000  0.000 -0.118
    N(    1) C(    2) C(    3) H(    8)   61.4  0.000  0.000  0.455  0.000  0.000  0.001 -0.050 -0.002 
       TYPE-1-TS                         0.000  0.000  0.660                       0.000
       TORS-BEND   -0.003 -0.003  0.000                       0.000  0.000  0.000 -0.122
    N(    1) C(    2) C(    3) C(    9) -177.2  1.139  1.348  1.582 -0.140  0.172  0.179 -0.050  0.006 
       TYPE-1-TS                         3.000 -3.100  2.860                       0.000
       TYPE-2-TS   -0.600  1.000  1.500                       0.000  0.000  1.300  0.000
       TORS-BEND    0.010 -0.004 -0.006                       0.007  0.000 -0.005 -0.001
    C(    2) C(    3) C(    9) H(   11)  179.9  0.000  0.000  0.290  0.000  0.000  0.000 -0.060  0.001 
       TYPE-1-TS                         0.000  0.000  0.660                       0.000
    C(    2) C(    3) C(    9) H(   12)  -60.3  0.000  0.000  0.290  0.000  0.000  0.000 -0.060  0.000 
       TYPE-1-TS                         0.000  0.000  0.660                       0.000
    C(    2) C(    3) C(    9) H(   13)   60.0  0.000  0.000  0.290  0.000  0.000  0.000 -0.060  0.000 
       TYPE-1-TS                         0.000  0.000  0.660                       0.000
    C(    3) C(    2) N(    1) H(    4)  -61.8 -0.550  1.451  0.355  0.010 -0.083  0.647 -0.060 -0.012 
       TYPE-1-TS                         0.000  0.000  0.580                       0.000
       TYPE-2-TS    3.000  5.000  0.000                       0.000  0.000  0.000 -0.126
       TORS-BEND   -0.012 -0.036  0.000                       0.000  0.000  0.000 -0.988
    C(    3) C(    2) N(    1) H(   10) -178.3 -0.550  1.451  0.355  0.010 -0.083 -0.080 -0.060  0.027 
       TYPE-1-TS                         0.000  0.000  0.580                       0.000
       TYPE-2-TS    3.000  5.000  0.000                       0.000  0.000  0.000  0.000
       TORS-BEND   -0.012 -0.036  0.000                       0.000  0.000  0.000 -0.001
    H(    4) N(    1) C(    2) H(    5)   61.5  0.000  0.000  0.163  0.000  0.005  0.005 -0.120 -0.046 
       TYPE-1-TS                         0.000  0.000  0.580                       0.000
       TYPE-2-TS    0.000  0.000  0.000                       6.800  4.500  0.000 -0.206
       TORS-BEND    0.000  0.000  0.000                      -0.025 -0.019  0.000 -1.706
    H(    4) N(    1) C(    2) H(    6)  179.0  0.000  0.000  0.163  0.000  0.005  0.005 -0.120  0.035 
       TYPE-1-TS                         0.000  0.000  0.580                       0.000
       TYPE-2-TS    0.000  0.000  0.000                       6.800  4.500  0.000  0.000
       TORS-BEND    0.000  0.000  0.000                      -0.025 -0.019  0.000  0.000
    H(    5) C(    2) N(    1) H(   10)  -55.0  0.000  0.000  0.163  0.000  0.005  0.007 -0.120 -0.059 
       TYPE-1-TS                         0.000  0.000  0.580                       0.000
       TYPE-2-TS    6.800  4.500  0.000                       0.000  0.000  0.000 -0.203
       TORS-BEND   -0.025 -0.019  0.000                       0.000  0.000  0.000 -1.669
    H(    5) C(    2) C(    3) H(    7)  177.1  0.000  0.000  0.260  0.000  0.008  0.009 -0.090 -0.001 
       TYPE-1-TS                         0.000  0.000  0.660                       0.000
    H(    5) C(    2) C(    3) H(    8)  -65.6  0.000  0.000  0.260  0.000  0.008  0.013 -0.090  0.000 
       TYPE-1-TS                         0.000  0.000  0.660                       0.000
    H(    5) C(    2) C(    3) C(    9)   55.7  0.000  0.000  0.290  0.000  0.000  0.004 -0.060  0.001 
       TYPE-1-TS                         0.000  0.000  0.660                       0.000
    H(    6) C(    2) N(    1) H(   10)   62.5  0.000  0.000  0.163  0.000  0.005  0.006 -0.120 -0.017 
       TYPE-1-TS                         0.000  0.000  0.580                       0.000
       TYPE-2-TS    6.800  4.500  0.000                       0.000  0.000  0.000 -0.112
       TORS-BEND   -0.025 -0.019  0.000                       0.000  0.000  0.000 -0.624
    H(    6) C(    2) C(    3) H(    7)   63.2  0.000  0.000  0.260  0.000  0.008  0.010 -0.090  0.000 
       TYPE-1-TS                         0.000  0.000  0.660                       0.000
    H(    6) C(    2) C(    3) H(    8) -179.5  0.000  0.000  0.260  0.000  0.008  0.008 -0.090 -0.001 
       TYPE-1-TS                         0.000  0.000  0.660                       0.000
    H(    6) C(    2) C(    3) C(    9)  -58.1  0.000  0.000  0.290  0.000  0.000  0.001 -0.060  0.000 
       TYPE-1-TS                         0.000  0.000  0.660                       0.000
    H(    7) C(    3) C(    9) H(   11)   58.1  0.000  0.000  0.260  0.000  0.008  0.009 -0.090  0.000 
       TYPE-1-TS                         0.000  0.000  0.660                       0.000
    H(    7) C(    3) C(    9) H(   12)  178.0  0.000  0.000  0.260  0.000  0.008  0.009 -0.090 -0.001 
       TYPE-1-TS                         0.000  0.000  0.660                       0.000
    H(    7) C(    3) C(    9) H(   13)  -61.7  0.000  0.000  0.260  0.000  0.008  0.008 -0.090  0.000 
       TYPE-1-TS                         0.000  0.000  0.660                       0.000
    H(    8) C(    3) C(    9) H(   11)  -58.4  0.000  0.000  0.260  0.000  0.008  0.008 -0.090  0.000 
       TYPE-1-TS                         0.000  0.000  0.660                       0.000
    H(    8) C(    3) C(    9) H(   12)   61.5  0.000  0.000  0.260  0.000  0.008  0.008 -0.090  0.001 
       TYPE-1-TS                         0.000  0.000  0.660                       0.000
    H(    8) C(    3) C(    9) H(   13) -178.2  0.000  0.000  0.260  0.000  0.008  0.008 -0.090 -0.001 
       TYPE-1-TS                         0.000  0.000  0.660                       0.000


 ==============================================================================
                        NORMAL MODE VIBRATIONAL ANALYSIS
 ==============================================================================


             Molecular Shape : ASYMMETRIC ROTOR WITH KAPPA =-0.976290
        Symmetry Point Group : C1  
             Symmetry Number :  1
                   Chirality : yes



0       FUNDAMENTAL NORMAL VIBRATIONAL FREQUENCIES
                ( THEORETICALLY  33 VALUES )

             Frequency :  in 1/cm
             A(i)      :  IR intensity (vs,s,m,w,vw,-- or in 10**6 cm/mole)
             A(i) = -- :  IR inactive


             no       Frequency   Symmetry      A(i)

             1.          3423.6     (A   )       vs
             2.          3363.9     (A   )        s
             3.          2969.6     (A   )        m
             4.          2967.4     (A   )        m
             5.          2946.3     (A   )        m
             6.          2907.1     (A   )        m
             7.          2897.6     (A   )        m
             8.          2875.5     (A   )        m
             9.          2795.5     (A   )        m
            10.          1582.1     (A   )        s
            11.          1524.6     (A   )        m
            12.          1480.7     (A   )        w
            13.          1451.7     (A   )        w
            14.          1441.3     (A   )        w
            15.          1422.2     (A   )        w
            16.          1380.6     (A   )        w
            17.          1347.1     (A   )        m
            18.          1285.9     (A   )        w
            19.          1240.1     (A   )        w
            20.          1193.6     (A   )        w
            21.          1089.6     (A   )        m
            22.          1071.7     (A   )        w
            23.          1041.2     (A   )        m
            24.           992.1     (A   )        w
            25.           927.8     (A   )        m
            26.           847.7     (A   )        w
            27.           799.6     (A   )        s
            28.           724.1     (A   )        m
            29.           426.2     (A   )        w
            30.           317.6     (A   )        m
            31.           282.2     (A   )        m
            32.           226.9     (A   )        w
            33.           136.9     (A   )        w
            34.     (       0.0)    (t/r )
            35.     (       0.0)    (t/r )
            36.     (       0.0)    (t/r )
            37.     (       0.0)    (t/r )
            38.     (       0.0)    (t/r )
            39.     (       0.0)    (t/r )


0       CORRESPONDING EIGEN VECTOR MATRIX   39 BY  39



 (  1)
     0.031   -0.063   -0.035   -0.001    0.001    0.001    0.000    0.000
     0.000    0.082    0.414    0.520    0.001    0.000    0.000    0.008
     0.003   -0.001    0.000    0.001   -0.001    0.000    0.001    0.001
     0.000    0.000    0.000   -0.501    0.454   -0.041    0.000    0.000
     0.000    0.000    0.000    0.000    0.000    0.000    0.000

 (  2)
     0.046   -0.001    0.042   -0.002   -0.002    0.000    0.000    0.000
     0.000   -0.101   -0.424   -0.534    0.005    0.006   -0.006    0.000
     0.003    0.005    0.000    0.000    0.000    0.000    0.000    0.000
     0.000    0.000    0.000   -0.513    0.445   -0.048    0.000    0.000
     0.000    0.000    0.000    0.000    0.000    0.000    0.000

 (  3)
     0.000    0.000    0.000    0.000    0.000    0.000    0.000    0.000
     0.008    0.000    0.000    0.000   -0.001    0.002   -0.002    0.000
    -0.004   -0.004    0.014    0.040   -0.052   -0.014   -0.045   -0.049
     0.000    0.005    0.092    0.000    0.000    0.000    0.001   -0.002
    -0.019    0.104    0.351   -0.553   -0.100   -0.403   -0.518

 (  4)
     0.000    0.000    0.000   -0.001   -0.001    0.000   -0.001   -0.001
     0.000    0.000    0.000    0.000    0.000    0.002   -0.002    0.001
     0.005    0.006    0.007    0.009   -0.011    0.007    0.011    0.010
     0.039   -0.084    0.004    0.000    0.000    0.000   -0.567    0.513
    -0.027    0.053    0.226   -0.316    0.050    0.253    0.291

 (  5)
     0.000    0.000    0.000    0.000   -0.002   -0.003    0.000   -0.004
    -0.090    0.001    0.000    0.000    0.005   -0.014    0.011   -0.003
     0.034    0.031   -0.054   -0.369    0.546    0.052    0.422    0.515
     0.000    0.001    0.010    0.000    0.000    0.000    0.001   -0.001
    -0.002    0.001    0.032   -0.057   -0.001   -0.038   -0.055

 (  6)
     0.000   -0.001    0.000    0.006    0.046    0.069   -0.002   -0.019
    -0.004   -0.011   -0.004    0.001    0.019    0.074   -0.130   -0.091
    -0.584   -0.692    0.006    0.080   -0.099    0.023    0.120    0.143
     0.003    0.002    0.000    0.002    0.006   -0.002   -0.026    0.020
    -0.001   -0.005   -0.016    0.023   -0.004   -0.017   -0.021

 (  7)
     0.000    0.000    0.000    0.002    0.007    0.019    0.011    0.069
    -0.005   -0.003    0.000    0.001    0.011    0.034   -0.054   -0.020
    -0.140   -0.166   -0.058   -0.375    0.514   -0.051   -0.409   -0.459
    -0.018   -0.011    0.000   -0.002    0.002    0.000    0.121   -0.093
     0.005    0.029    0.094   -0.142    0.028    0.108    0.132

 (  8)
     0.000    0.000    0.000   -0.001    0.000   -0.002    0.001   -0.021
     0.001    0.000    0.000    0.000   -0.002   -0.007    0.010    0.001
     0.011    0.013    0.016    0.122   -0.167    0.015    0.135    0.153
    -0.053   -0.023    0.001    0.001    0.000    0.000    0.414   -0.357
     0.019    0.095    0.290   -0.433    0.091    0.331    0.404

 (  9)
    -0.003   -0.002    0.001    0.015    0.061   -0.053    0.001    0.001
     0.001    0.007   -0.005   -0.009   -0.126   -0.564    0.738   -0.024
    -0.129   -0.115    0.005   -0.014    0.013   -0.005   -0.015   -0.022
     0.000    0.000    0.000    0.000    0.015    0.002   -0.004    0.003
     0.000    0.001    0.001   -0.002    0.000    0.001    0.001

 ( 10)
    -0.092   -0.030    0.013    0.101    0.024   -0.032   -0.050    0.004
    -0.001    0.557   -0.101   -0.052   -0.074   -0.014   -0.126   -0.315
    -0.095    0.128    0.111   -0.027   -0.008    0.082   -0.023    0.007
     0.012    0.004    0.000    0.175    0.317    0.252    0.017    0.005
     0.005   -0.021   -0.013   -0.020   -0.007   -0.013    0.021

 ( 11)
     0.016    0.023    0.015    0.115   -0.002    0.000   -0.099    0.012
    -0.002   -0.309    0.144   -0.016   -0.243   -0.077   -0.118   -0.337
    -0.093    0.140    0.206   -0.032   -0.001    0.230   -0.039    0.006
     0.030    0.007   -0.001   -0.286   -0.335   -0.197    0.053    0.023
     0.000   -0.045   -0.057   -0.063   -0.046   -0.052    0.068

 ( 12)
    -0.006   -0.007   -0.009    0.018   -0.068    0.006   -0.086    0.018
     0.003    0.033   -0.048    0.014   -0.043    0.415    0.384    0.113
     0.396   -0.422    0.203   -0.046   -0.012    0.198   -0.031    0.017
     0.031    0.009    0.001    0.056    0.066    0.036    0.074    0.047
    -0.023   -0.045   -0.115   -0.101   -0.079   -0.092    0.110

 ( 13)
    -0.001   -0.001   -0.001    0.000    0.005    0.000    0.001    0.000
     0.021    0.002   -0.004    0.000   -0.021   -0.015   -0.020    0.020
    -0.024    0.024   -0.066   -0.019    0.007    0.065    0.027   -0.002
    -0.001    0.002    0.038    0.006    0.007    0.004    0.004   -0.029
    -0.676    0.454   -0.217   -0.004   -0.449    0.208   -0.024

 ( 14)
    -0.006    0.003    0.003    0.035   -0.019   -0.002   -0.010   -0.006
     0.001   -0.004    0.014   -0.005   -0.076    0.118    0.087   -0.086
     0.100   -0.092    0.003   -0.076   -0.046    0.002   -0.069    0.052
     0.031   -0.032    0.002   -0.043   -0.038   -0.013   -0.234   -0.355
     0.004   -0.066    0.480    0.328   -0.079    0.454   -0.374

 ( 15)
    -0.007    0.009    0.005    0.032   -0.023   -0.004    0.049    0.079
    -0.004    0.028    0.024   -0.010   -0.054    0.056    0.044   -0.109
     0.038   -0.042   -0.156   -0.414   -0.395   -0.166   -0.376    0.429
    -0.061   -0.012    0.001   -0.069   -0.058   -0.009    0.081    0.167
    -0.017    0.154   -0.047    0.028    0.146   -0.043   -0.023

 ( 16)
     0.012   -0.018   -0.012   -0.053    0.042    0.009   -0.047    0.037
     0.001   -0.073   -0.050    0.024    0.132   -0.167   -0.121    0.267
    -0.124    0.117    0.117   -0.265   -0.198    0.119   -0.237    0.222
     0.094    0.031   -0.003    0.122    0.102    0.013   -0.147   -0.261
     0.022   -0.319   -0.034   -0.137   -0.315   -0.029    0.140

 ( 17)
    -0.007    0.025    0.016    0.033   -0.045   -0.011    0.072   -0.027
    -0.004    0.124    0.065   -0.033   -0.066    0.106    0.090   -0.274
     0.070   -0.079   -0.355    0.061    0.014   -0.365    0.042   -0.022
     0.052    0.067    0.000   -0.143   -0.123   -0.006   -0.247   -0.267
    -0.005   -0.223   -0.142   -0.204   -0.228   -0.106    0.211

 ( 18)
     0.005    0.002    0.008   -0.015   -0.004    0.051   -0.002    0.004
    -0.015    0.012    0.010    0.002    0.298   -0.131    0.023   -0.253
     0.148   -0.034   -0.548    0.096   -0.012    0.603   -0.106    0.010
     0.001   -0.007   -0.055    0.019    0.017    0.009    0.010    0.010
     0.086    0.073    0.098    0.014   -0.086   -0.090    0.014

 ( 19)
     0.025    0.053    0.037   -0.073   -0.068   -0.019   -0.022    0.043
    -0.051    0.347    0.155   -0.088    0.515   -0.117    0.050   -0.186
    -0.063   -0.026    0.282    0.091    0.000   -0.047   -0.044    0.018
     0.010   -0.030    0.044   -0.204   -0.204    0.011    0.093    0.046
    -0.108   -0.142   -0.057    0.010    0.010    0.108   -0.062

 ( 20)
    -0.001   -0.051   -0.002    0.016    0.062    0.044    0.008   -0.043
    -0.090   -0.350   -0.064    0.064    0.224   -0.037    0.003   -0.357
     0.243   -0.043    0.125    0.120    0.025   -0.143   -0.208    0.045
    -0.006    0.025    0.068    0.236    0.203   -0.085   -0.059   -0.041
    -0.157   -0.095   -0.156   -0.058    0.216    0.120   -0.036

 ( 21)
    -0.040   -0.060    0.073    0.012    0.062   -0.085    0.003   -0.039
     0.065   -0.087    0.230   -0.148    0.438    0.231    0.096   -0.052
    -0.052    0.017    0.122   -0.205   -0.029   -0.033    0.096   -0.042
    -0.012    0.030   -0.048    0.034   -0.012   -0.285   -0.107   -0.063
     0.101    0.245    0.079    0.024   -0.041   -0.114    0.070

 ( 22)
    -0.100   -0.062    0.013    0.123    0.006    0.018    0.005    0.084
    -0.029   -0.102    0.039   -0.074    0.237   -0.062   -0.015    0.377
     0.034   -0.033   -0.209    0.200    0.019   -0.120    0.077   -0.003
     0.000   -0.050    0.021   -0.104   -0.075   -0.101    0.158    0.118
    -0.048   -0.254   -0.009    0.006   -0.131    0.070   -0.051

 ( 23)
     0.044   -0.004    0.003   -0.026   -0.028   -0.028    0.036    0.072
     0.036   -0.223   -0.044    0.083   -0.029    0.073    0.046   -0.382
    -0.059    0.041    0.050   -0.012   -0.024   -0.148    0.189   -0.033
     0.007   -0.092   -0.028    0.257    0.228   -0.051    0.257    0.181
     0.067   -0.190    0.106    0.069   -0.420   -0.044    0.004

 ( 24)
    -0.033    0.003    0.003   -0.001    0.046   -0.002    0.154    0.023
    -0.009    0.038    0.020   -0.023   -0.122    0.089    0.005   -0.005
     0.069   -0.016    0.327    0.034    0.014    0.399   -0.012   -0.003
    -0.114   -0.054    0.013   -0.096   -0.065   -0.002   -0.213   -0.162
    -0.018   -0.212   -0.127   -0.046   -0.129   -0.073    0.025

 ( 25)
     0.021   -0.016    0.059   -0.049    0.016   -0.065   -0.003   -0.026
    -0.006    0.098    0.254   -0.168   -0.269    0.261    0.077    0.051
    -0.192    0.095   -0.283    0.014   -0.007    0.211   -0.078    0.012
     0.030   -0.013    0.055    0.142    0.088   -0.278    0.139    0.093
    -0.161   -0.318   -0.127   -0.080    0.200    0.169   -0.120

 ( 26)
    -0.028   -0.006    0.001   -0.044    0.121    0.038    0.029   -0.111
    -0.017    0.176    0.082   -0.106   -0.135   -0.023   -0.086   -0.019
     0.290   -0.101    0.066   -0.056    0.028   -0.110   -0.179    0.051
     0.063   -0.030   -0.016   -0.173   -0.169   -0.007    0.318    0.250
     0.060   -0.034    0.128    0.070   -0.266   -0.005    0.024

 ( 27)
    -0.023    0.019   -0.039    0.006    0.054   -0.056    0.013   -0.045
     0.057   -0.151   -0.326    0.260    0.238    0.207    0.092   -0.083
    -0.085    0.071   -0.115   -0.254   -0.099    0.101    0.147   -0.114
     0.025   -0.003    0.021   -0.221   -0.167    0.360    0.118    0.090
    -0.115   -0.228   -0.083   -0.077    0.136    0.126   -0.102

 ( 28)
    -0.007    0.011    0.000    0.002    0.009   -0.050    0.003   -0.012
    -0.064   -0.083   -0.158    0.150    0.037    0.347    0.206    0.055
    -0.317    0.215    0.016    0.396    0.221   -0.011   -0.395    0.259
     0.006    0.001   -0.006   -0.064   -0.042    0.115    0.019    0.020
     0.080    0.146    0.112    0.092   -0.151   -0.092    0.099

 ( 29)
    -0.155    0.033    0.003   -0.066   -0.066    0.015    0.081    0.030
    -0.008   -0.164   -0.040    0.063   -0.091   -0.055    0.018   -0.077
    -0.057    0.010    0.119   -0.004   -0.027    0.108    0.038   -0.017
     0.141    0.003   -0.001   -0.072    0.114   -0.167    0.099   -0.046
     0.010    0.194   -0.014   -0.002    0.184   -0.004   -0.004

 ( 30)
    -0.015    0.082    0.008    0.050   -0.052    0.044    0.011   -0.092
    -0.022    0.145   -0.265    0.260    0.098   -0.032    0.066    0.101
    -0.098    0.076    0.048   -0.150   -0.059    0.032   -0.033   -0.072
    -0.061    0.059   -0.009    0.059    0.120   -0.512    0.044    0.176
     0.038   -0.122    0.050   -0.026   -0.178    0.113   -0.032

 ( 31)
     0.029   -0.048    0.011   -0.035    0.090    0.032   -0.038    0.084
    -0.030    0.283   -0.381    0.235   -0.066    0.129    0.057   -0.072
     0.051    0.067   -0.069    0.033   -0.066   -0.078    0.132   -0.067
     0.031   -0.069   -0.003   -0.067   -0.192   -0.387   -0.071   -0.177
     0.077    0.151   -0.143   -0.030    0.081   -0.043   -0.033

 ( 32)
     0.002   -0.004    0.021    0.001   -0.005    0.012    0.003   -0.007
    -0.071   -0.072    0.113   -0.061   -0.020    0.056    0.051    0.026
    -0.060    0.053   -0.016   -0.071   -0.115    0.024    0.053   -0.121
    -0.001    0.005    0.024    0.004    0.014    0.185    0.002    0.036
     0.566    0.236   -0.383   -0.188   -0.244    0.373   -0.227

 ( 33)
     0.008    0.012    0.107   -0.001   -0.004   -0.119   -0.001   -0.004
    -0.103   -0.072   -0.113    0.220   -0.085   -0.117   -0.212    0.086
     0.101   -0.215   -0.078   -0.081   -0.162    0.074    0.069   -0.169
    -0.001    0.004    0.097    0.001    0.002    0.083   -0.002    0.000
     0.038    0.067    0.154    0.205   -0.067   -0.135    0.218

 ( 34)
     0.014   -0.011   -0.046    0.009    0.011    0.036    0.015    0.006
    -0.173   -0.004    0.127   -0.154   -0.018    0.169    0.143    0.029
    -0.139    0.153    0.042   -0.154   -0.277   -0.005    0.156   -0.292
     0.011    0.017   -0.095    0.010   -0.003    0.093    0.015    0.013
    -0.249   -0.016    0.178    0.004    0.031   -0.133    0.019

 ( 35)
     0.006   -0.110   -0.115   -0.012   -0.055    0.025    0.022   -0.019
     0.012    0.081   -0.048   -0.177    0.024    0.026    0.088   -0.092
    -0.123    0.090   -0.016   -0.099   -0.046    0.103    0.049   -0.052
     0.000    0.033    0.156   -0.015   -0.132   -0.107    0.025    0.058
     0.145    0.038    0.115    0.215   -0.080   -0.034    0.222

 ( 36)
     0.040    0.070    0.098    0.045    0.067    0.141    0.037    0.055
     0.046    0.028    0.136    0.046    0.041    0.141    0.193    0.058
    -0.004    0.197    0.041   -0.020   -0.003    0.024    0.126   -0.010
     0.042    0.046    0.088    0.045    0.081    0.161    0.036    0.037
     0.018    0.038    0.121    0.136    0.055   -0.026    0.143

 ( 37)
     0.029    0.024   -0.064    0.004    0.071   -0.081    0.045    0.118
    -0.005    0.068   -0.026   -0.030   -0.007    0.025   -0.115   -0.037
     0.123   -0.118    0.054    0.166    0.028    0.086    0.066    0.033
     0.019    0.172   -0.019    0.003   -0.010   -0.115    0.048    0.206
     0.036    0.010    0.126   -0.051   -0.022    0.226   -0.055

 ( 38)
    -0.120    0.033    0.003   -0.122    0.041    0.033   -0.119    0.042
    -0.003   -0.115    0.063   -0.021   -0.121    0.076    0.058   -0.126
     0.008    0.060   -0.120    0.007   -0.027   -0.114    0.075   -0.030
    -0.121    0.047    0.027   -0.122    0.033    0.027   -0.118    0.048
     0.000   -0.120    0.083    0.050   -0.125    0.015    0.053

 ( 39)
    -0.005    0.149   -0.121    0.041    0.069   -0.050   -0.026   -0.003
    -0.013   -0.008    0.170   -0.137    0.124    0.074   -0.033    0.045
     0.049   -0.034   -0.107   -0.011   -0.027   -0.029    0.016   -0.028
     0.017   -0.089    0.061    0.041    0.198   -0.146   -0.033   -0.141
     0.087    0.097   -0.084    0.077    0.019   -0.111    0.078


                VIBRATIONAL AMPLITUDE AND CENTRIFUGAL DISTORTION
                 CONTRIBUTIONS TO THE BOND LENGTH AT   298.16 K

                 Note: Excludes contributions from frequencies
                       lower than 40 (1/cm).

                R(e)   = r(mm4) - 1.5 * anh * <Z**2>(298.16)
                R(z)   = R(e) + 1.5 * anh * <Z**2>(0) - <K>(0))
                R(s)   = [R(e) + R(z)] / 2
                R(alp) = R(e) + 1.5 * anh * <Z**2>(T) - <K>(T) - <C>(T)
                R(g)   = R(e) + 1.5 * anh * <Z**2>(T)
                R(a)   = [R(g) + sqrt(R(g)**2-4*<Z**2>(T))] / 2

                       anh = anharmonicity (2.00)
                    <Z**2> = mean-square vibrational amplitude
                       <K> = perpendicular vibrational amplitude
                       <C> = centrifugal correction

        BOND          R(g)      R(z)      R(e)     R(alp)     R(s)      R(a)
    2( C)-  1( N)    1.4674    1.4635    1.4609    1.4627    1.4622    1.4659
    3( C)-  2( C)    1.5282    1.5264    1.5203    1.5258    1.5233    1.5265
    4( H)-  1( N)    1.0349    1.0149    1.0191    1.0133    1.0191    1.0298
    5( H)-  2( C)    1.1244    1.1115    1.1050    1.1110    1.1082    1.1186
    6( H)-  2( C)    1.1134    1.1008    1.0946    1.1003    1.0977    1.1077
    7( H)-  3( C)    1.1124    1.0998    1.0938    1.0994    1.0968    1.1068
    8( H)-  3( C)    1.1123    1.0997    1.0937    1.0993    1.0967    1.1067
    9( C)-  3( C)    1.5317    1.5281    1.5242    1.5273    1.5261    1.5301
   10( H)-  1( N)    1.0349    1.0154    1.0191    1.0138    1.0191    1.0298
   11( H)-  9( C)    1.1130    1.0956    1.0945    1.0943    1.0951    1.1075
   12( H)-  9( C)    1.1127    1.0954    1.0942    1.0940    1.0948    1.1071
   13( H)-  9( C)    1.1127    1.0953    1.0942    1.0940    1.0948    1.1072


                  Non-Bonded Atom Pair Distance Table
        (Distance greater than 82% of VDW distance are not printed)

        PAIR        Dist(g)   Dist(z)
    4( H),  3( C)    2.6845    2.6757       1,4
    5( H),  4( H)    2.5219    2.5076       1,4
    7( H),  1( N)    2.6769    2.6734       1,4
    7( H),  6( H)    2.5204    2.5086       1,4
    8( H),  1( N)    2.7221    2.7147       1,4
    8( H),  4( H)    2.5096    2.5080          
    8( H),  5( H)    2.5393    2.5270       1,4
    9( C),  5( H)    2.7390    2.7302       1,4
    9( C),  6( H)    2.7577    2.7504       1,4
   10( H),  5( H)    2.4854    2.4714       1,4
   10( H),  6( H)    2.4275    2.4166       1,4
   11( H),  7( H)    2.5146    2.5018       1,4
   11( H),  8( H)    2.5155    2.5034       1,4
   12( H),  2( C)    2.8163    2.8072       1,4
   12( H),  5( H)    2.5511    2.5485          
   12( H),  8( H)    2.5403    2.5260       1,4
   13( H),  2( C)    2.8139    2.8055       1,4
   13( H),  6( H)    2.5731    2.5727          
   13( H),  7( H)    2.5425    2.5278       1,4


         THE MOMENTS OF INERTIA CALCULATED FROM R(g), R(z) VALUES
                  (also from R(e), R(alpha), R(s) VALUES)

         Note: (1) All calculations are based on principle isotopes.
               (2) R(z) values include harmonic vibration (Coriolis)
                   contribution indicated in parentheses.


   (1)  UNIT = 10**(-39) GM*CM**2

                    IX                   IY                   IZ

   R(e)         3.3575              22.1536              23.7660
   R(z)         3.3427(-0.0180)     22.3811( 0.0000)     23.9929( 0.0042)

   (2)  UNIT = AU A**2

                    IX                   IY                   IZ

   R(e)        20.2215             133.4265             143.1378
   R(z)        20.1323(-0.1087)    134.7968(-0.0003)    144.5047( 0.0255)


 ==============================================================================
                      STATISTICAL THERMODYNAMICS ANALYSIS
 ==============================================================================

  Structure name    : propylamine-a                                               
  Temperature       :   298.16 K
  Symmetry number   :   1
  Optical isomers   :   2
  Zero Point Energy :   73.456 Kcal/mol


                     ENERGY** ENTHALPY**  ENTROPY  FREE ENERGY** HEAT CAPACITY**
                  (Kcal/mol) (Kcal/mol)     (eu)   (Kcal/mol)    (cal/mol/deg)
  Translational       0.889      0.889     38.152    -10.487         2.981
     Rotational       0.889      0.889     24.428     -6.395         2.981
    Vibrational*     75.229%    75.229%     9.785     72.312%       13.524
         PV(RT)       0.000      0.593      0.000      0.593         1.987
      Potential       0.020#     0.020#     0.000      0.020#        0.000
         Mixing       0.000      0.000      1.377     -0.411         0.000
          Total*     77.027     77.619     73.743     55.632        21.473

  Enthalpy Function (H-Ho)/T     =   13.89 cal/mol/deg
  Free Energy Function -(G-Ho)/T =   59.85 cal/mol/deg

  % Includes zero point energy (ZPE).
  * Excludes contribution from frequencies lower than 10 (1/cm).
  # Includes steric energy (SE).
    Internal rotation contributions are not considered
 ** These quantities are relative to the R(e) values (
    bottom of potential well) and do NOT include bonding

  This structure has   0 imaginary frequencies,
                       0 free internal rotation (fir) frequencies
                         (>= 0,< 10 /cm),
                       0 restricted internal rotation (rir) frequencies
                         (>= 10,< 40 /cm),
                       6 zero frequencies, and
                      33 real frequencies.


      FINAL STERIC ENERGY IS                0.0204 KCAL/MOL.


                  COMPRESSION               0.4249
                  STRETCH-STRETCH          -0.0002
                  BENDING                   2.7734
                  BEND-BEND                -0.1750
                  STRETCH-BEND              0.1182
                  VANDERWAALS
                    1,4 ENERGY              2.2370
                    OTHER                   0.0447
                  H-BONDING                 0.0000
                  PI-COMPLX                 0.0000
                  TORSIONAL                 0.8699
                  TORSION-STRETCH          -0.6484
                  TORSION-BEND             -5.2285
                  BEND-TORSION-BEND        -0.0723
                  TORSION-IMPT              0.0000
                  IMPT-TORSION-IMPT         0.0000
                  TORSION-TORSION          -0.0023
                  DIPOLE-DIPOLE             0.0000
                  CHARGE-DIPOLE             0.0000
                  IND-DIP CORR.            -0.3209
                  CHARGE-CHARGE             0.0000


      MOLECULAR POLARIZABILITIES (A**3)

        ALPHA(1)   =      10.20
        ALPHA(2)   =       8.32
        ALPHA(3)   =       7.48
        AVG. ALPHA =       8.66


      DIPOLE MOMENT =          1.3427 D

        SIGMA-DIPOLE MOMENT =  1.3427 (X =  0.5932    Y = -0.3552    Z =  1.1510)


      DIPOLE MOMENT =          1.1824 D (INCLUDES INDUCED BOND MOMENTS)

        SIGMA-DIPOLE MOMENT =  1.1824 (X =  0.5536    Y = -0.2565    Z =  1.0128)


      OTHER MOLECULAR PROPERTIES:

        Molar Polarizability:    21.9871 cm**3/mole
        Molar Refraction:        21.8493 cm**3/mole
        Radius of Gyration:       2.2595 A
        Molecular VDW Surface:  142.5103 A**2
        Molecular VDW Volume:   118.8898 A**3
        Dispersion Energy:       -5.9380 Kcal/mole
        Density (gas):          0.002413 g/cm**3 (@  298.2 K, 1 atm)
        Density (cdn):            0.7124 g/cm**3 (@STP Estd.)
        Ref. Index (gas):       1.001341 (@  298.2 K, 1 atm)
        Ref. Index (cdn):         1.4405 (@STP Estd.)
        Diel. Constant (gas):     1.0058 (@  298.2 K, 1 atm)
        Diel. Constant (cdn):     9.5455 (@STP Estd.)



      TOTAL ATOMIC CHARGE ON EACH ATOM (in ELECTRON CHARGE)

           N(    1):         -0.633
           C(    2):          0.139
           C(    3):         -0.021
           H(    4):          0.254
           H(    5):         -0.013
           H(    6):          0.015
           H(    7):          0.005
           H(    8):         -0.004
           C(    9):          0.003
           H(   10):          0.254
           H(   11):          0.001
           H(   12):         -0.001
           H(   13):          0.001

      -----------------------------------------------------------------

        END OF propylamine-a                                               


           TOTAL CPU TIME IS      0.23 SECONDS.

           THIS JOB COMPLETED AT    15:42:47
