1
               ---------------------------------------------
               WARNING : INCORRECT ATOM TYPES GIVEN IN INPUT
                         DATA ARE CORRECTED AS FOLLOWS
               ---------------------------------------------


             Atom type of atom    1 is replaced by   1 (was   0)
             Atom type of atom    2 is replaced by   1 (was   0)
             Atom type of atom    3 is replaced by   1 (was   0)
             Atom type of atom    4 is replaced by   1 (was   0)
             Atom type of atom    5 is replaced by   1 (was   0)
             Atom type of atom    6 is replaced by   1 (was   0)
             Atom type of atom    7 is replaced by   5 (was   0)
             Atom type of atom    8 is replaced by   5 (was   0)
             Atom type of atom    9 is replaced by   5 (was   0)
             Atom type of atom   10 is replaced by   5 (was   0)
             Atom type of atom   11 is replaced by   5 (was   0)
             Atom type of atom   12 is replaced by   5 (was   0)
             Atom type of atom   13 is replaced by   5 (was   0)
             Atom type of atom   14 is replaced by   5 (was   0)
             Atom type of atom   15 is replaced by   5 (was   0)
             Atom type of atom   16 is replaced by   5 (was   0)
             Atom type of atom   17 is replaced by   5 (was   0)
             Atom type of atom   18 is replaced by   5 (was   0)
             Atom type of atom   19 is replaced by   5 (was   0)
             Atom type of atom   20 is replaced by   5 (was   0)
1     2,3-dimethylbutane-anti                                     

               CHEMICAL FORMULA :  C(   6)  H(  14) 
               FORMULA WEIGHT   :     86.112
                                                               DATE 27-MAY-23
                                                               TIME  17:23:29


          THE COORDINATES OF   20 ATOMS ARE READ IN.
          SOME CONSTANTS WILL BE READ IN.

      CONFORMATIONAL ENERGY, PART 1:  GEOMETRY AND STERIC ENERGY
                                      OF INITIAL CONFORMATION.


      CONNECTED ATOMS
         1-   2-   3-   4-
         2-   5-
         3-   6-

      ATTACHED ATOMS
         1-   7,   1-   8,   1-   9,   2-  10,   3-  11,   4-  12,   4-  13,
         4-  14,   5-  15,   5-  16,   5-  17,   6-  18,   6-  19,   6-  20,

      INITIAL ATOMIC COORDINATES
           ATOM         X           Y           Z       TYPE
         C(   1)     1.51136     1.25280    -0.06334   (  1)
         C(   2)     0.70327     0.00000     0.32397   (  1)
         C(   3)    -0.70327     0.00000    -0.32397   (  1)
         C(   4)    -1.51136    -1.25280     0.06334   (  1)
         C(   5)     1.51136    -1.25281    -0.06334   (  1)
         C(   6)    -1.51136     1.25281     0.06334   (  1)
         H(   7)     2.54306     1.21002     0.35126   (  5)
         H(   8)     1.60390     1.35909    -1.16680   (  5)
         H(   9)     1.05354     2.18695     0.32764   (  5)
         H(  10)     0.58075     0.00000     1.43344   (  5)
         H(  11)    -0.58075     0.00000    -1.43344   (  5)
         H(  12)    -2.54306    -1.21002    -0.35126   (  5)
         H(  13)    -1.05354    -2.18696    -0.32764   (  5)
         H(  14)    -1.60390    -1.35909     1.16680   (  5)
         H(  15)     1.05354    -2.18696     0.32764   (  5)
         H(  16)     1.60389    -1.35910    -1.16680   (  5)
         H(  17)     2.54306    -1.21002     0.35126   (  5)
         H(  18)    -2.54306     1.21002    -0.35126   (  5)
         H(  19)    -1.60389     1.35910     1.16680   (  5)
         H(  20)    -1.05354     2.18696    -0.32764   (  5)


          DIELECTRIC CONSTANT =  1.500


      INITIAL STERIC ENERGY IS      8.2062 KCAL/MOL.

                  COMPRESSION       0.4898
                  BENDING           0.7424
                  BEND-BEND        -0.0236
                  STRETCH-BEND      0.0483
                  VANDERWAALS
                    1,4 ENERGY      4.7834
                    OTHER           1.4136
                  H-BONDING         0.0000
                  PI-COMPLX         0.0000

                  TORSIONAL         0.7619
                  TORSION-STRETCH  -0.0096
                  DIPOLE-DIPOLE     0.0000
                  CHARGE-DIPOLE     0.0000
                  CHARGE-CHARGE     0.0000


      MOLECULAR POLARIZABILITIES (A**3)
        ALPHA(1)   =      13.11
        ALPHA(2)   =      13.81
        ALPHA(3)   =      11.51
        AVG. ALPHA =      12.81


      E (INDP/INDP) =          0.000 KCAL/MOLE
      DIPOLE MOMENT =          0.000 D (INCLUDES INDUCED BOND MOMENTS)
      *NOTE*  E (INDP/INDP) IS NOT INCLUDED IN THE INITIAL STERIC ENERGY

      CPU TIME FOR INITIAL CALCULATION IS     0.02 SECONDS.


1     2,3-dimethylbutane-anti                                     


     CONFORMATIONAL ENERGY, PART 2: GEOMETRY MINIMIZATION

               GEOMETRY OPTIMIZATION IS CONTINUED UNTIL ATOM
               MOVEMENT CONVERGES WITHIN FOLLOWING VALUES:

                         AVERAGE MOVEMENT  0.00013 A
                         MAXIMUM MOVEMENT  0.00134 A



     <<<<<<<<<<<<<<<<<<<<<<<<<<  C Y C L E   1 >>>>>>>>>>>>>>>>>>>>>>>>>>

                              (CH)-MOVEMENT = 1

       ITER    1   AVG. MOVE = 0.00151 A   (MAX MOVE : ATOM    1   0.00890 A)  
       ITER    2   AVG. MOVE = 0.00045 A   (MAX MOVE : ATOM    7   0.00306 A)  
       ITER    3   AVG. MOVE = 0.00015 A   (MAX MOVE : ATOM   12   0.00088 A)  
       ITER    4   AVG. MOVE = 0.00007 A   (MAX MOVE : ATOM   14   0.00034 A)  


     <<<<<<<<<<<<<<<<<<<<<<<<<<  C Y C L E   2 >>>>>>>>>>>>>>>>>>>>>>>>>>

                              (CH)-MOVEMENT = 0

       ITER    5   AVG. MOVE = 0.00002 A   (MAX MOVE : ATOM    7   0.00021 A)  


              * * * * * * * * * GEOMETRY IS OPTIMIZED * * * * * * * * *

               WITHIN : AVERAGE MOVEMENT  0.00002 A (LIMIT  0.00013 A)
                        MAXIMUM MOVEMENT  0.00021 A (LIMIT  0.00134 A)

               GRADIENT
                  RMS GRADIENT                0.005600 KCAL/MOL/A

                  MAX GRADIENT
                    X-DIRECTION : ATOM #   2   0.018166 KCAL/MOL/A
                    Y-DIRECTION : ATOM #   2   0.014613 KCAL/MOL/A
                    Z-DIRECTION : ATOM #   3   0.017639 KCAL/MOL/A

        DELTA TIME =    0.00 SEC.       TOTAL CPU TIME =      0.02 SEC.


                            =====================
                            FULL-MATRIX OPTIMIZER
                            =====================


     iter.  rms force   max force   avg. move    max move  atom  convg  d-time

        0    0.006893    0.031856   0.00033 A   0.00161 A   20    [N]     0.0s
        1    0.000085    0.000270                                 [Y]     0.0s


      TOTAL ENERGY IS      8.1846 KCAL/MOL.

        COMPRESS    0.5972      VDW 1,4    4.7299      DIPL-DIPL    0.0000
        BENDING     0.7056        OTHER    1.3788      CHRG-DIPL    0.0000
        STR-BEND    0.0472      TORSION    0.7657      CHRG-CHRG    0.0000
        BEND-BEND  -0.0294      TOR-STR   -0.0105      EPR          0.0000
        H-BONDING   0.0000      PI-CMPL    0.0000
0     DELTA(T) =     0.0 SEC.          ELAPSED TIME =     0.0 SEC.


    * * * ENERGY IS STATIONARY WITHIN RMS OF FORCES   0.00010  Kcal/mol/A * * *

                 * * * *  RMS FORCE IS   0.00009 Kcal/mol/A * * * *

1     2,3-dimethylbutane-anti                                     

               CHEMICAL FORMULA :  C(   6)  H(  14) 
               FORMULA WEIGHT   :     86.112
                                                               DATE : 27-MAY-23

           * M M 3 * * * * * * * * * * * 2 0 0 0 *
           *                                     *   PARAMETER RELIABILITY
           *                                     *
           *                                     *   BLANK = GOOD
           *                                     *       B = FAIR
           *                                     *       C = TRIAL
           *                                     *       R = READ IN
           *                                     *       S = SUBSTITUTED
           *                                     *       U = PARAMETER NOT EXIST
           *                                     *
           *                                     *   THIS IS SHOWN AT THE END 
           *                                     *   OF THE LINE.
           * * * * * * * * * * * * * * * * * * * * 


      CONFORMATIONAL ENERGY, PART 3:  GEOMETRY AND STERIC ENERGY
                                      OF FINAL CONFORMATION.

      CONNECTED ATOMS
         1-   2-   3-   4-
         2-   5-
         3-   6-

      ATTACHED ATOMS
         1-   7,   1-   8,   1-   9,   2-  10,   3-  11,   4-  12,   4-  13,
         4-  14,   5-  15,   5-  16,   5-  17,   6-  18,   6-  19,   6-  20,

      FINAL ATOMIC COORDINATE
           ATOM         X           Y           Z       TYPE
         C(   1)    -1.51355     1.25141     0.06372   (  1)
         C(   2)    -0.70323     0.00000    -0.32828   (  1)
         C(   3)     0.70323     0.00000     0.32828   (  1)
         C(   4)     1.51355    -1.25141    -0.06372   (  1)
         C(   5)    -1.51355    -1.25141     0.06372   (  1)
         C(   6)     1.51355     1.25141    -0.06372   (  1)
         H(   7)    -2.54684     1.21269    -0.34764   (  5)
         H(   8)    -1.60276     1.35489     1.16802   (  5)
         H(   9)    -1.05667     2.18687    -0.32595   (  5)
         H(  10)    -0.57865     0.00000    -1.43836   (  5)
         H(  11)     0.57865     0.00000     1.43836   (  5)
         H(  12)     2.54684    -1.21269     0.34764   (  5)
         H(  13)     1.05667    -2.18687     0.32595   (  5)
         H(  14)     1.60276    -1.35489    -1.16802   (  5)
         H(  15)    -1.05667    -2.18687    -0.32595   (  5)
         H(  16)    -1.60276    -1.35489     1.16802   (  5)
         H(  17)    -2.54684    -1.21269    -0.34764   (  5)
         H(  18)     2.54684     1.21269     0.34764   (  5)
         H(  19)     1.60276     1.35489    -1.16802   (  5)
         H(  20)     1.05667     2.18687     0.32595   (  5)


          DIELECTRIC CONSTANT =  1.500


      BOND LENGTHS AND STRETCHING ENERGY   (   19 BONDS)

        ENERGY = 71.94(KS)(DR)(DR)(1-(CS)(DR)+(7/12)((CS)(DR))**2)
                          DR = R-RO
                          CS =  2.550
                                                         R(0)-CORR        CORR
          BOND        LENGTH   R(0)    K(S)  ENERGY   E-NEG   MISCEL       KS
    C(   1)- C(   2)  1.5415  1.5247  4.490  0.0877                             
    C(   1)- H(   7)  1.1128  1.1120  4.750  0.0002                             
    C(   1)- H(   8)  1.1127  1.1120  4.750  0.0002                             
    C(   1)- H(   9)  1.1116  1.1120  4.750  0.0001                             
    C(   2)- C(   3)  1.5522  1.5247  4.490  0.2273                             
    C(   2)- C(   5)  1.5415  1.5247  4.490  0.0877                             
    C(   2)- H(  10)  1.1170  1.1120  4.810  0.0087                             
    C(   3)- C(   4)  1.5415  1.5247  4.490  0.0877                             
    C(   3)- C(   6)  1.5415  1.5247  4.490  0.0877                             
    C(   3)- H(  11)  1.1170  1.1120  4.810  0.0087                             
    C(   4)- H(  12)  1.1128  1.1120  4.750  0.0002                             
    C(   4)- H(  13)  1.1116  1.1120  4.750  0.0001                             
    C(   4)- H(  14)  1.1127  1.1120  4.750  0.0002                             
    C(   5)- H(  15)  1.1116  1.1120  4.750  0.0001                             
    C(   5)- H(  16)  1.1127  1.1120  4.750  0.0002                             
    C(   5)- H(  17)  1.1128  1.1120  4.750  0.0002                             
    C(   6)- H(  18)  1.1128  1.1120  4.750  0.0002                             
    C(   6)- H(  19)  1.1127  1.1120  4.750  0.0002                             
    C(   6)- H(  20)  1.1116  1.1120  4.750  0.0001                             


      NON-BONDED DISTANCES, VDW AND EPR ENERGY   (    135 PAIRS)

              E(VDW) = KV*(1.84(10**5)EXP(-12.00/P) - 2.25(P**6))
              E(EPR) = C*KV*(1.84(10**5)EXP(-12.00/Q) - 2.25(Q**6))
              E(HBD) = EP1-EP2*COS(THETA)*RTH/RTH0
                            EP1 = KHB*1.84(10**5)*EXP(-12.0/P)
                            EP2 = KHB*2.25(P**6)

            IF P > 3.020, THEN,
              E(VDW) = KV(192.270)(P**2)
              E(HBD) = EP1-EP2*COS(THETA)*RTH/RTH0
                            EP1 = KHB*(192.270*P**2+1706.96)
                            EP2 = KHB*1706.96

               WHERE   RV = RVDW(I) + RVDW(K)
                       KV = SQRT(EPS(I)*EPS(K))
                      KHB = EPS/DIELEC  FOR HYDROGEN BOND
                        P = (RV/R) OR (RV/R#)
                        C = SCALE FACTOR
                        Q = RV/R, WHERE R IS MODIFIED DISTANCE
                    THETA = ANGLE H-X-Y IN HYDROGEN BOND X-H...Y
                      RTH = BOND LENGTH X-H IN X-H...Y
                     RTH0 = NATURAL BOND LENGTH X-H

          # IN THE VDW CALCULATIONS THE HYDROGEN ATOMS ARE RELOCATED
          SO THAT THE ATTACHED HYDROGEN DISTANCE IS REDUCED BY 0.923

          # IN THE VDW CALCULATIONS THE DEUTERIUM ATOMS ARE RELOCATED
          SO THAT THE ATTACHED DEUTERIUM DISTANCE IS REDUCED BY  0.923

         ATOM PAIR          R       R#       RV      KV       ENERGY
      C(   1), C(   3)   2.5593
      C(   1), C(   4)   3.9298            4.080   0.0270    -0.0286  1,4       
      C(   1), C(   5)   2.5028
      C(   1), C(   6)   3.0298            4.080   0.0270     0.3078  1,4       
      C(   1), H(  10)   2.1671
      C(   1), H(  11)   2.7987   2.7651   3.560   0.0230     0.1434  1,4       
      C(   1), H(  12)   4.7581   4.6901   3.560   0.0230    -0.0093            
      C(   1), H(  13)   4.3008   4.2631   3.560   0.0230    -0.0151            
      C(   1), H(  14)   4.2452   4.2113   3.560   0.0230    -0.0160            
      C(   1), H(  15)   3.4903   3.4116   3.560   0.0230    -0.0239  1,4       
      C(   1), H(  16)   2.8320   2.7923   3.560   0.0230     0.1236  1,4       
      C(   1), H(  17)   2.7035   2.6721   3.560   0.0230     0.2292  1,4       
      C(   1), H(  18)   4.0705   3.9890   3.560   0.0230    -0.0200            
      C(   1), H(  19)   3.3525   3.3155   3.560   0.0230    -0.0200            
      C(   1), H(  20)   2.7477   2.7546   3.560   0.0230     0.1516            
      C(   2), C(   4)   2.5593
      C(   2), C(   6)   2.5593
      C(   2), H(   7)   2.2068
      C(   2), H(   8)   2.2099
      C(   2), H(   9)   2.2152
      C(   2), H(  11)   2.1827
      C(   2), H(  12)   3.5342   3.4562   3.560   0.0230    -0.0249  1,4       
      C(   2), H(  13)   2.8823   2.8433   3.560   0.0230     0.0918  1,4       
      C(   2), H(  14)   2.8033   2.7694   3.560   0.0230     0.1401  1,4       
      C(   2), H(  15)   2.2152
      C(   2), H(  16)   2.2099
      C(   2), H(  17)   2.2068
      C(   2), H(  18)   3.5342   3.4562   3.560   0.0230    -0.0249  1,4       
      C(   2), H(  19)   2.8033   2.7694   3.560   0.0230     0.1401  1,4       
      C(   2), H(  20)   2.8823   2.8433   3.560   0.0230     0.0918  1,4       
      C(   3), C(   5)   2.5593
      C(   3), H(   7)   3.5342   3.4562   3.560   0.0230    -0.0249  1,4       
      C(   3), H(   8)   2.8033   2.7694   3.560   0.0230     0.1401  1,4       
      C(   3), H(   9)   2.8823   2.8433   3.560   0.0230     0.0918  1,4       
      C(   3), H(  10)   2.1827
      C(   3), H(  12)   2.2068
      C(   3), H(  13)   2.2152
      C(   3), H(  14)   2.2099
      C(   3), H(  15)   2.8823   2.8433   3.560   0.0230     0.0918  1,4       
      C(   3), H(  16)   2.8033   2.7694   3.560   0.0230     0.1401  1,4       
      C(   3), H(  17)   3.5342   3.4562   3.560   0.0230    -0.0249  1,4       
      C(   3), H(  18)   2.2068
      C(   3), H(  19)   2.2099
      C(   3), H(  20)   2.2152
      C(   4), C(   5)   3.0298            4.080   0.0270     0.3078  1,4       
      C(   4), C(   6)   2.5028
      C(   4), H(   7)   4.7581   4.6901   3.560   0.0230    -0.0093            
      C(   4), H(   8)   4.2452   4.2113   3.560   0.0230    -0.0160            
      C(   4), H(   9)   4.3008   4.2631   3.560   0.0230    -0.0151            
      C(   4), H(  10)   2.7987   2.7651   3.560   0.0230     0.1434  1,4       
      C(   4), H(  11)   2.1671
      C(   4), H(  15)   2.7477   2.7546   3.560   0.0230     0.1516            
      C(   4), H(  16)   3.3525   3.3155   3.560   0.0230    -0.0200            
      C(   4), H(  17)   4.0705   3.9890   3.560   0.0230    -0.0200            
      C(   4), H(  18)   2.7035   2.6721   3.560   0.0230     0.2292  1,4       
      C(   4), H(  19)   2.8320   2.7923   3.560   0.0230     0.1236  1,4       
      C(   4), H(  20)   3.4903   3.4116   3.560   0.0230    -0.0239  1,4       
      C(   5), C(   6)   3.9298            4.080   0.0270    -0.0286  1,4       
      C(   5), H(   7)   2.7035   2.6721   3.560   0.0230     0.2292  1,4       
      C(   5), H(   8)   2.8320   2.7923   3.560   0.0230     0.1236  1,4       
      C(   5), H(   9)   3.4903   3.4116   3.560   0.0230    -0.0239  1,4       
      C(   5), H(  10)   2.1671
      C(   5), H(  11)   2.7987   2.7651   3.560   0.0230     0.1434  1,4       
      C(   5), H(  12)   4.0705   3.9890   3.560   0.0230    -0.0200            
      C(   5), H(  13)   2.7477   2.7546   3.560   0.0230     0.1516            
      C(   5), H(  14)   3.3525   3.3155   3.560   0.0230    -0.0200            
      C(   5), H(  18)   4.7581   4.6901   3.560   0.0230    -0.0093            
      C(   5), H(  19)   4.2452   4.2113   3.560   0.0230    -0.0160            
      C(   5), H(  20)   4.3008   4.2631   3.560   0.0230    -0.0151            
      C(   6), H(   7)   4.0705   3.9890   3.560   0.0230    -0.0200            
      C(   6), H(   8)   3.3525   3.3155   3.560   0.0230    -0.0200            
      C(   6), H(   9)   2.7477   2.7546   3.560   0.0230     0.1516            
      C(   6), H(  10)   2.7987   2.7651   3.560   0.0230     0.1434  1,4       
      C(   6), H(  11)   2.1671
      C(   6), H(  12)   2.7035   2.6721   3.560   0.0230     0.2292  1,4       
      C(   6), H(  13)   3.4903   3.4116   3.560   0.0230    -0.0239  1,4       
      C(   6), H(  14)   2.8320   2.7923   3.560   0.0230     0.1236  1,4       
      C(   6), H(  15)   4.3008   4.2631   3.560   0.0230    -0.0151            
      C(   6), H(  16)   4.2452   4.2113   3.560   0.0230    -0.0160            
      C(   6), H(  17)   4.7581   4.6901   3.560   0.0230    -0.0093            
      H(   7), H(   8)   1.7913
      H(   7), H(   9)   1.7805
      H(   7), H(  10)   2.5562   2.4665   3.240   0.0200     0.1655  1,4       
      H(   7), H(  11)   3.7986   3.6877   3.240   0.0200    -0.0164            
      H(   7), H(  12)   5.6843   5.5372   3.240   0.0200    -0.0018            
      H(   7), H(  13)   4.9996   4.9127   3.240   0.0200    -0.0037            
      H(   7), H(  14)   4.9482   4.8646   3.240   0.0200    -0.0039            
      H(   7), H(  15)   3.7119   3.6034   3.240   0.0200    -0.0179            
      H(   7), H(  16)   3.1275   3.0468   3.240   0.0200    -0.0188            
      H(   7), H(  17)   2.4254   2.4313   3.240   0.0200     0.1999            
      H(   7), H(  18)   5.1409   4.9749   3.240   0.0200    -0.0034            
      H(   7), H(  19)   4.2323   4.1370   3.240   0.0200    -0.0096            
      H(   7), H(  20)   3.7932   3.7216   3.240   0.0200    -0.0158            
      H(   8), H(   9)   1.7951
      H(   8), H(  10)   3.1109   2.9602   3.240   0.0200    -0.0136  1,4       
      H(   8), H(  11)   2.5821   2.5802   3.240   0.0200     0.0839            
      H(   8), H(  12)   4.9482   4.8646   3.240   0.0200    -0.0039            
      H(   8), H(  13)   4.5084   4.4528   3.240   0.0200    -0.0064            
      H(   8), H(  14)   4.8037   4.7049   3.240   0.0200    -0.0047            
      H(   8), H(  15)   3.8826   3.7602   3.240   0.0200    -0.0151            
      H(   8), H(  16)   2.7098   2.6938   3.240   0.0200     0.0347            
      H(   8), H(  17)   3.1275   3.0468   3.240   0.0200    -0.0188            
      H(   8), H(  18)   4.2323   4.1370   3.240   0.0200    -0.0096            
      H(   8), H(  19)   3.9664   3.8573   3.240   0.0200    -0.0135            
      H(   8), H(  20)   2.9110   2.9040   3.240   0.0200    -0.0083            
      H(   9), H(  10)   2.4997   2.4173   3.240   0.0200     0.2151  1,4       
      H(   9), H(  11)   3.2511   3.1645   3.240   0.0200    -0.0219            
      H(   9), H(  12)   4.9996   4.9127   3.240   0.0200    -0.0037            
      H(   9), H(  13)   4.9011   4.7968   3.240   0.0200    -0.0042            
      H(   9), H(  14)   4.5084   4.4528   3.240   0.0200    -0.0064            
      H(   9), H(  15)   4.3737   4.2297   3.240   0.0200    -0.0085            
      H(   9), H(  16)   3.8826   3.7602   3.240   0.0200    -0.0151            
      H(   9), H(  17)   3.7119   3.6034   3.240   0.0200    -0.0179            
      H(   9), H(  18)   3.7932   3.7216   3.240   0.0200    -0.0158            
      H(   9), H(  19)   2.9110   2.9040   3.240   0.0200    -0.0083            
      H(   9), H(  20)   2.2116   2.2625   3.240   0.0200     0.4564            
      H(  10), H(  11)   3.1008   2.9505   3.240   0.0200    -0.0128  1,4       
      H(  10), H(  12)   3.7986   3.6877   3.240   0.0200    -0.0164            
      H(  10), H(  13)   3.2511   3.1645   3.240   0.0200    -0.0219            
      H(  10), H(  14)   2.5821   2.5802   3.240   0.0200     0.0839            
      H(  10), H(  15)   2.4997   2.4173   3.240   0.0200     0.2151  1,4       
      H(  10), H(  16)   3.1109   2.9602   3.240   0.0200    -0.0136  1,4       
      H(  10), H(  17)   2.5562   2.4665   3.240   0.0200     0.1655  1,4       
      H(  10), H(  18)   3.7986   3.6877   3.240   0.0200    -0.0164            
      H(  10), H(  19)   2.5821   2.5802   3.240   0.0200     0.0839            
      H(  10), H(  20)   3.2511   3.1645   3.240   0.0200    -0.0219            
      H(  11), H(  12)   2.5562   2.4665   3.240   0.0200     0.1655  1,4       
      H(  11), H(  13)   2.4997   2.4173   3.240   0.0200     0.2151  1,4       
      H(  11), H(  14)   3.1109   2.9602   3.240   0.0200    -0.0136  1,4       
      H(  11), H(  15)   3.2511   3.1645   3.240   0.0200    -0.0219            
      H(  11), H(  16)   2.5821   2.5802   3.240   0.0200     0.0839            
      H(  11), H(  17)   3.7986   3.6877   3.240   0.0200    -0.0164            
      H(  11), H(  18)   2.5562   2.4665   3.240   0.0200     0.1655  1,4       
      H(  11), H(  19)   3.1109   2.9602   3.240   0.0200    -0.0136  1,4       
      H(  11), H(  20)   2.4997   2.4173   3.240   0.0200     0.2151  1,4       
      H(  12), H(  13)   1.7805
      H(  12), H(  14)   1.7913
      H(  12), H(  15)   3.7932   3.7216   3.240   0.0200    -0.0158            
      H(  12), H(  16)   4.2323   4.1370   3.240   0.0200    -0.0096            
      H(  12), H(  17)   5.1409   4.9749   3.240   0.0200    -0.0034            
      H(  12), H(  18)   2.4254   2.4313   3.240   0.0200     0.1999            
      H(  12), H(  19)   3.1275   3.0468   3.240   0.0200    -0.0188            
      H(  12), H(  20)   3.7119   3.6034   3.240   0.0200    -0.0179            
      H(  13), H(  14)   1.7951
      H(  13), H(  15)   2.2116   2.2625   3.240   0.0200     0.4564            
      H(  13), H(  16)   2.9110   2.9040   3.240   0.0200    -0.0083            
      H(  13), H(  17)   3.7932   3.7216   3.240   0.0200    -0.0158            
      H(  13), H(  18)   3.7119   3.6034   3.240   0.0200    -0.0179            
      H(  13), H(  19)   3.8826   3.7602   3.240   0.0200    -0.0151            
      H(  13), H(  20)   4.3737   4.2297   3.240   0.0200    -0.0085            
      H(  14), H(  15)   2.9110   2.9040   3.240   0.0200    -0.0083            
      H(  14), H(  16)   3.9664   3.8573   3.240   0.0200    -0.0135            
      H(  14), H(  17)   4.2323   4.1370   3.240   0.0200    -0.0096            
      H(  14), H(  18)   3.1275   3.0468   3.240   0.0200    -0.0188            
      H(  14), H(  19)   2.7098   2.6938   3.240   0.0200     0.0347            
      H(  14), H(  20)   3.8826   3.7602   3.240   0.0200    -0.0151            
      H(  15), H(  16)   1.7951
      H(  15), H(  17)   1.7805
      H(  15), H(  18)   4.9996   4.9127   3.240   0.0200    -0.0037            
      H(  15), H(  19)   4.5084   4.4528   3.240   0.0200    -0.0064            
      H(  15), H(  20)   4.9011   4.7968   3.240   0.0200    -0.0042            
      H(  16), H(  17)   1.7913
      H(  16), H(  18)   4.9482   4.8646   3.240   0.0200    -0.0039            
      H(  16), H(  19)   4.8037   4.7049   3.240   0.0200    -0.0047            
      H(  16), H(  20)   4.5084   4.4528   3.240   0.0200    -0.0064            
      H(  17), H(  18)   5.6843   5.5372   3.240   0.0200    -0.0018            
      H(  17), H(  19)   4.9482   4.8646   3.240   0.0200    -0.0039            
      H(  17), H(  20)   4.9996   4.9127   3.240   0.0200    -0.0037            
      H(  18), H(  19)   1.7913
      H(  18), H(  20)   1.7805
      H(  19), H(  20)   1.7951


      BOND ANGLES, BENDING AND STRETCH-BEND ENERGIES   (   36 ANGLES)

          EB = 0.021914(KB)(DT)(DT)(1+CF*DT+QF*DT**2+PF*DT**3+SF*DT**4)
                          DT = THETA-TZERO
                          CF = -1400.000E-5
                          QF =     5.600E-5
                          PF =    -0.070E-5
                          SF =     0.022E-6
          ESB(J) = 2.51124(KSB(J))(DT)(DR1+DR2)
                          DR(I) = R(I) - R0(I)
          EBDBD  = -0.02191418(KBB1)(DT1)(KBB2)(DT2)

          A T O M S            THETA    TZERO     KB     EB     KSB    ESB
   C(   2)- C(   1)- H(   7)  111.459  110.700  0.590  0.0074  0.08  0.0027     
   C(   2)- C(   1)- H(   8)  111.716  110.700  0.590  0.0132  0.08  0.0036     
   C(   2)- C(   1)- H(   9)  112.208  110.700  0.590  0.0288  0.08  0.0050     
   H(   7)- C(   1)- H(   8)  107.196  107.800  0.550  0.0044                   
   H(   7)- C(   1)- H(   9)  106.340  107.800  0.550  0.0262                   
   H(   8)- C(   1)- H(   9)  107.613  107.800  0.550  0.0004                   
   C(   1)- C(   2)- C(   3)  111.639  110.200  0.670  0.0298  0.13  0.0208     
   C(   1)- C(   2)- C(   5)  108.544  110.200  0.670  0.0412  0.13 -0.0182     
   C(   1)- C(   2)- H(  10)  108.140  109.800  0.590  0.0365  0.08 -0.0073     
   C(   3)- C(   2)- C(   5)  111.639  110.200  0.670  0.0298  0.13  0.0208     
   C(   3)- C(   2)- H(  10)  108.621  109.800  0.590  0.0183  0.08 -0.0077     
   C(   5)- C(   2)- H(  10)  108.140  109.800  0.590  0.0365  0.08 -0.0073     
   C(   2)- C(   3)- C(   4)  111.639  110.200  0.670  0.0298  0.13  0.0208     
   C(   2)- C(   3)- C(   6)  111.639  110.200  0.670  0.0298  0.13  0.0208     
   C(   2)- C(   3)- H(  11)  108.621  109.800  0.590  0.0183  0.08 -0.0077     
   C(   4)- C(   3)- C(   6)  108.544  110.200  0.670  0.0412  0.13 -0.0182     
   C(   4)- C(   3)- H(  11)  108.140  109.800  0.590  0.0365  0.08 -0.0073     
   C(   6)- C(   3)- H(  11)  108.140  109.800  0.590  0.0365  0.08 -0.0073     
   C(   3)- C(   4)- H(  12)  111.459  110.700  0.590  0.0074  0.08  0.0027     
   C(   3)- C(   4)- H(  13)  112.208  110.700  0.590  0.0288  0.08  0.0050     
   C(   3)- C(   4)- H(  14)  111.716  110.700  0.590  0.0132  0.08  0.0036     
   H(  12)- C(   4)- H(  13)  106.340  107.800  0.550  0.0262                   
   H(  12)- C(   4)- H(  14)  107.196  107.800  0.550  0.0044                   
   H(  13)- C(   4)- H(  14)  107.613  107.800  0.550  0.0004                   
   C(   2)- C(   5)- H(  15)  112.208  110.700  0.590  0.0288  0.08  0.0050     
   C(   2)- C(   5)- H(  16)  111.716  110.700  0.590  0.0132  0.08  0.0036     
   C(   2)- C(   5)- H(  17)  111.459  110.700  0.590  0.0074  0.08  0.0027     
   H(  15)- C(   5)- H(  16)  107.613  107.800  0.550  0.0004                   
   H(  15)- C(   5)- H(  17)  106.340  107.800  0.550  0.0262                   
   H(  16)- C(   5)- H(  17)  107.196  107.800  0.550  0.0044                   
   C(   3)- C(   6)- H(  18)  111.459  110.700  0.590  0.0074  0.08  0.0027     
   C(   3)- C(   6)- H(  19)  111.716  110.700  0.590  0.0132  0.08  0.0036     
   C(   3)- C(   6)- H(  20)  112.208  110.700  0.590  0.0288  0.08  0.0050     
   H(  18)- C(   6)- H(  19)  107.196  107.800  0.550  0.0044                   
   H(  18)- C(   6)- H(  20)  106.340  107.800  0.550  0.0262                   
   H(  19)- C(   6)- H(  20)  107.613  107.800  0.550  0.0004                   


     DIHEDRAL ANGLES, TORSIONAL ENERGY (ET)   (   45 ANGLES)

           ET = (V1/2)(1+COS(W))+(V2/2)(1-COS(2W))+(V3/2)(1+COS(3W))

           ETS = -11.995*(R-R0)((KTS1/2)(1+COS(W))+
                                (KTS2/2)(1-COS(2W)+
                                (KTS3/2)(1+COS(3W))

           SIGN OF ANGLE A-B-C-D : WHEN LOOKING THROUGH B TOWARD C,
           IF D IS COUNTERCLOCKWISE FROM A, NEGATIVE.

         A T O M S               OMEGA    V1     V2     V3     ET   KTS3   ETS
 C(   1) C(   2) C(   3) C(   4)-180.0  0.185  0.170  0.520  0.000 0.059 0.000  
 C(   1) C(   2) C(   3) C(   6) -58.3  0.185  0.170  0.520  0.265 0.059 0.000  
 C(   1) C(   2) C(   3) H(  11)  60.8  0.000  0.000  0.280  0.000 0.059 0.000  
 C(   1) C(   2) C(   5) H(  15) 171.5  0.000  0.000  0.280  0.014 0.059-0.001  
 C(   1) C(   2) C(   5) H(  16) -67.5  0.000  0.000  0.280  0.011 0.059 0.000  
 C(   1) C(   2) C(   5) H(  17)  52.4  0.000  0.000  0.280  0.011 0.059 0.000  
 C(   2) C(   3) C(   4) H(  12) 175.8  0.000  0.000  0.280  0.003 0.059 0.000  
 C(   2) C(   3) C(   4) H(  13) -65.0  0.000  0.000  0.280  0.005 0.059 0.000  
 C(   2) C(   3) C(   4) H(  14)  55.9  0.000  0.000  0.280  0.003 0.059 0.000  
 C(   2) C(   3) C(   6) H(  18)-175.8  0.000  0.000  0.280  0.003 0.059 0.000  
 C(   2) C(   3) C(   6) H(  19) -55.9  0.000  0.000  0.280  0.003 0.059 0.000  
 C(   2) C(   3) C(   6) H(  20)  65.0  0.000  0.000  0.280  0.005 0.059 0.000  
 C(   3) C(   2) C(   1) H(   7)-175.8  0.000  0.000  0.280  0.003 0.059 0.000  
 C(   3) C(   2) C(   1) H(   8) -55.9  0.000  0.000  0.280  0.003 0.059 0.000  
 C(   3) C(   2) C(   1) H(   9)  65.0  0.000  0.000  0.280  0.005 0.059 0.000  
 C(   3) C(   2) C(   5) H(  15) -65.0  0.000  0.000  0.280  0.005 0.059 0.000  
 C(   3) C(   2) C(   5) H(  16)  55.9  0.000  0.000  0.280  0.003 0.059 0.000  
 C(   3) C(   2) C(   5) H(  17) 175.8  0.000  0.000  0.280  0.003 0.059 0.000  
 C(   4) C(   3) C(   2) C(   5)  58.3  0.185  0.170  0.520  0.265 0.059 0.000  
 C(   4) C(   3) C(   2) H(  10) -60.8  0.000  0.000  0.280  0.000 0.059 0.000  
 C(   4) C(   3) C(   6) H(  18) -52.4  0.000  0.000  0.280  0.011 0.059 0.000  
 C(   4) C(   3) C(   6) H(  19)  67.5  0.000  0.000  0.280  0.011 0.059 0.000  
 C(   4) C(   3) C(   6) H(  20)-171.5  0.000  0.000  0.280  0.014 0.059-0.001  
 C(   5) C(   2) C(   1) H(   7) -52.4  0.000  0.000  0.280  0.011 0.059 0.000  
 C(   5) C(   2) C(   1) H(   8)  67.5  0.000  0.000  0.280  0.011 0.059 0.000  
 C(   5) C(   2) C(   1) H(   9)-171.5  0.000  0.000  0.280  0.014 0.059-0.001  
 C(   5) C(   2) C(   3) C(   6)-180.0  0.185  0.170  0.520  0.000 0.059 0.000  
 C(   5) C(   2) C(   3) H(  11) -60.8  0.000  0.000  0.280  0.000 0.059 0.000  
 C(   6) C(   3) C(   2) H(  10)  60.8  0.000  0.000  0.280  0.000 0.059 0.000  
 C(   6) C(   3) C(   4) H(  12)  52.4  0.000  0.000  0.280  0.011 0.059 0.000  
 C(   6) C(   3) C(   4) H(  13) 171.5  0.000  0.000  0.280  0.014 0.059-0.001  
 C(   6) C(   3) C(   4) H(  14) -67.5  0.000  0.000  0.280  0.011 0.059 0.000  
 H(   7) C(   1) C(   2) H(  10)  64.7  0.000  0.000  0.238  0.004 0.059 0.000  
 H(   8) C(   1) C(   2) H(  10)-175.4  0.000  0.000  0.238  0.003 0.059 0.000  
 H(   9) C(   1) C(   2) H(  10) -54.4  0.000  0.000  0.238  0.005 0.059 0.000  
 H(  10) C(   2) C(   3) H(  11)-180.0  0.000  0.000  0.238  0.000 0.059 0.000  
 H(  10) C(   2) C(   5) H(  15)  54.4  0.000  0.000  0.238  0.005 0.059 0.000  
 H(  10) C(   2) C(   5) H(  16) 175.4  0.000  0.000  0.238  0.003 0.059 0.000  
 H(  10) C(   2) C(   5) H(  17) -64.7  0.000  0.000  0.238  0.004 0.059 0.000  
 H(  11) C(   3) C(   4) H(  12) -64.7  0.000  0.000  0.238  0.004 0.059 0.000  
 H(  11) C(   3) C(   4) H(  13)  54.4  0.000  0.000  0.238  0.005 0.059 0.000  
 H(  11) C(   3) C(   4) H(  14) 175.4  0.000  0.000  0.238  0.003 0.059 0.000  
 H(  11) C(   3) C(   6) H(  18)  64.7  0.000  0.000  0.238  0.004 0.059 0.000  
 H(  11) C(   3) C(   6) H(  19)-175.4  0.000  0.000  0.238  0.003 0.059 0.000  
 H(  11) C(   3) C(   6) H(  20) -54.4  0.000  0.000  0.238  0.005 0.059 0.000  


 ==============================================================================
                        NORMAL MODE VIBRATIONAL ANALYSIS
 ==============================================================================


             Molecular Shape : ASYMMETRIC ROTOR WITH KAPPA =-0.138638
        Symmetry Point Group : C2h 
             Symmetry Number :  2
                   Chirality :  no



0       FUNDAMENTAL NORMAL VIBRATIONAL FREQUENCIES
                ( THEORETICALLY  54 VALUES )

             Frequency :  in 1/cm
             A(i)      :  IR intensity (vs,s,m,w,vw,-- or in 10**6 cm/mole)
             A(i) = -- :  IR inactive


             no       Frequency   Symmetry      A(i)

             1.          2982.3     (Ag  )       --
             2.          2980.3     (Au  )        m
             3.          2979.7     (Bu  )        s
             4.          2977.7     (Bg  )       --
             5.          2970.8     (Bu  )       vs
             6.          2970.8     (Bu  )        w
             7.          2969.8     (Au  )        w
             8.          2969.7     (Bg  )       --
             9.          2912.5     (Ag  )       --
            10.          2910.9     (Bu  )        m
            11.          2882.9     (Au  )        m
            12.          2881.9     (Bg  )       --
            13.          2881.7     (Ag  )       --
            14.          2880.7     (Bu  )        m
            15.          1507.4     (Ag  )       --
            16.          1495.8     (Au  )        w
            17.          1483.8     (Bu  )        w
            18.          1475.5     (Ag  )       --
            19.          1474.7     (Bg  )       --
            20.          1454.8     (Bg  )       --
            21.          1451.4     (Bu  )        w
            22.          1450.9     (Au  )       vw
            23.          1440.4     (Ag  )       --
            24.          1438.4     (Bg  )       --
            25.          1428.5     (Au  )        w
            26.          1416.7     (Bu  )        w
            27.          1396.2     (Ag  )       --
            28.          1351.3     (Bg  )       --
            29.          1339.1     (Bu  )        w
            30.          1333.8     (Au  )        m
            31.          1131.2     (Ag  )       --
            32.          1085.5     (Bg  )       --
            33.          1074.6     (Bu  )        w
            34.          1066.8     (Ag  )       --
            35.          1065.7     (Au  )        w
            36.          1018.5     (Bu  )        m
            37.           966.5     (Bg  )       --
            38.           965.7     (Au  )       vw
            39.           933.3     (Au  )        w
            40.           931.3     (Bg  )       --
            41.           915.7     (Ag  )       --
            42.           850.6     (Bu  )        w
            43.           754.8     (Ag  )       --
            44.           490.1     (Ag  )       --
            45.           414.4     (Bu  )        w
            46.           384.4     (Bg  )       --
            47.           367.2     (Bu  )        w
            48.           366.2     (Ag  )       --
            49.           307.7     (Au  )       vw
            50.           247.0     (Ag  )       --
            51.           222.4     (Bu  )       vw
            52.           217.3     (Au  )       vw
            53.           209.7     (Bg  )       --
            54.            73.8     (Au  )       vw
            55.     (       0.0)    (t/r )
            56.     (       0.0)    (t/r )
            57.     (       0.0)    (t/r )
            58.     (       0.0)    (t/r )
            59.     (       0.0)    (t/r )
            60.     (       0.0)    (t/r )


0       CORRESPONDING EIGEN VECTOR MATRIX   60 BY  60



 (  1)
     0.027    0.028   -0.025    0.000    0.000   -0.001    0.000    0.000
     0.001   -0.027   -0.028    0.025    0.027   -0.028   -0.025   -0.027
     0.028    0.025   -0.129   -0.007   -0.042   -0.024    0.017    0.203
    -0.163   -0.341    0.137   -0.005    0.000    0.019    0.005    0.000
    -0.019    0.129    0.007    0.042    0.163    0.341   -0.137    0.024
    -0.017   -0.203   -0.163    0.341    0.137   -0.024   -0.017    0.203
    -0.129    0.007   -0.042    0.129   -0.007    0.042    0.024    0.017
    -0.203    0.163   -0.340   -0.137

 (  2)
     0.025    0.028   -0.027    0.000   -0.001    0.000    0.000   -0.001
     0.000    0.025    0.028   -0.027   -0.025    0.028    0.027   -0.025
     0.028    0.027   -0.109   -0.007   -0.034   -0.025    0.018    0.220
    -0.163   -0.340    0.138    0.000    0.007    0.000    0.000    0.007
     0.000   -0.108   -0.007   -0.034   -0.163   -0.340    0.138   -0.025
     0.018    0.220    0.162   -0.339   -0.137    0.025    0.018   -0.219
     0.108   -0.007    0.034    0.108   -0.007    0.034    0.025    0.018
    -0.219    0.162   -0.339   -0.137

 (  3)
    -0.026   -0.028    0.027    0.000    0.000    0.001    0.000    0.000
     0.001   -0.026   -0.028    0.027   -0.026    0.028    0.027   -0.026
     0.028    0.027    0.122    0.007    0.039    0.025   -0.019   -0.218
     0.159    0.335   -0.137    0.005    0.000   -0.020    0.005    0.000
    -0.020    0.122    0.007    0.039    0.159    0.335   -0.137    0.025
    -0.019   -0.218    0.159   -0.336   -0.137    0.025    0.019   -0.219
     0.122   -0.007    0.039    0.122   -0.007    0.039    0.025    0.019
    -0.219    0.159   -0.336   -0.137

 (  4)
     0.023    0.027   -0.029    0.000   -0.001    0.000    0.000    0.001
     0.000   -0.023   -0.027    0.029   -0.023    0.027    0.029    0.023
    -0.027   -0.029   -0.096   -0.007   -0.029   -0.027    0.021    0.239
    -0.157   -0.333    0.137    0.000    0.007    0.000    0.000   -0.007
     0.000    0.096    0.007    0.029    0.157    0.333   -0.137    0.027
    -0.021   -0.239    0.157   -0.333   -0.137    0.027    0.021   -0.239
     0.096   -0.007    0.029   -0.096    0.007   -0.029   -0.027   -0.021
     0.239   -0.157    0.333    0.137

 (  5)
    -0.030   -0.008   -0.038    0.001    0.000   -0.002    0.001    0.000
    -0.002   -0.027   -0.007   -0.033   -0.030    0.008   -0.038   -0.027
     0.007   -0.033    0.349    0.007    0.140   -0.023    0.037    0.318
     0.029    0.049   -0.011   -0.008    0.000    0.029   -0.007    0.000
     0.028    0.311    0.006    0.125    0.026    0.045   -0.010   -0.020
     0.033    0.282    0.029   -0.049   -0.011   -0.023   -0.037    0.318
     0.349   -0.007    0.140    0.311   -0.006    0.125   -0.020   -0.033
     0.282    0.026   -0.045   -0.010

 (  6)
    -0.026   -0.006   -0.035    0.000    0.000    0.000    0.000    0.000
     0.001    0.029    0.007    0.039   -0.026    0.006   -0.035    0.029
    -0.007    0.039    0.306    0.006    0.123   -0.021    0.034    0.291
     0.020    0.033   -0.005   -0.006    0.000    0.011    0.007    0.000
    -0.014   -0.344   -0.006   -0.138   -0.024   -0.038    0.006    0.024
    -0.038   -0.326    0.020   -0.033   -0.005   -0.021   -0.034    0.291
     0.306   -0.006    0.123   -0.344    0.006   -0.138    0.024    0.038
    -0.326   -0.024    0.038    0.006

 (  7)
    -0.029   -0.008   -0.035    0.000   -0.001    0.000    0.000   -0.001
     0.000   -0.029   -0.008   -0.035    0.029   -0.008    0.035    0.029
    -0.008    0.035    0.332    0.007    0.133   -0.021    0.035    0.300
     0.032    0.057   -0.014    0.000    0.006    0.000    0.000    0.006
     0.000    0.330    0.007    0.132    0.032    0.057   -0.014   -0.021
     0.035    0.298   -0.032    0.057    0.014    0.021    0.035   -0.300
    -0.332    0.007   -0.133   -0.330    0.007   -0.132    0.021    0.035
    -0.298   -0.032    0.057    0.014

 (  8)
     0.030    0.010    0.034    0.000    0.000    0.000    0.000    0.000
     0.000   -0.030   -0.010   -0.034   -0.030    0.010   -0.034    0.030
    -0.010    0.034   -0.335   -0.007   -0.134    0.020   -0.034   -0.285
    -0.040   -0.074    0.021    0.000   -0.005    0.000    0.000    0.005
     0.000    0.338    0.007    0.135    0.040    0.074   -0.022   -0.020
     0.034    0.287    0.040   -0.074   -0.021   -0.020   -0.034    0.285
     0.336   -0.007    0.134   -0.338    0.007   -0.135    0.020    0.034
    -0.288   -0.040    0.074    0.022

 (  9)
    -0.004    0.005    0.004    0.007    0.000   -0.058   -0.007    0.000
     0.058    0.004   -0.005   -0.004   -0.004   -0.005    0.004    0.004
     0.005   -0.004    0.054   -0.003    0.018    0.005   -0.005   -0.071
    -0.013   -0.037    0.011   -0.081    0.000    0.654    0.081    0.000
    -0.654   -0.054    0.003   -0.018    0.013    0.037   -0.011   -0.005
     0.005    0.071   -0.013    0.037    0.011    0.005    0.005   -0.071
     0.054    0.003    0.018   -0.054   -0.003   -0.018   -0.005   -0.005
     0.071    0.013   -0.037   -0.011

 ( 10)
     0.004   -0.005   -0.005   -0.008    0.000    0.056   -0.008    0.000
     0.056    0.004   -0.005   -0.005    0.004    0.005   -0.005    0.004
     0.005   -0.005   -0.045    0.003   -0.014   -0.005    0.006    0.077
     0.014    0.039   -0.012    0.071    0.000   -0.656    0.071    0.000
    -0.657   -0.045    0.003   -0.014    0.014    0.039   -0.012   -0.005
     0.006    0.077    0.014   -0.039   -0.012   -0.005   -0.006    0.077
    -0.045   -0.003   -0.014   -0.045   -0.003   -0.014   -0.005   -0.006
     0.077    0.014   -0.039   -0.012

 ( 11)
    -0.019    0.023    0.009    0.000   -0.003    0.000    0.000   -0.003
     0.000   -0.019    0.023    0.009    0.019    0.023   -0.009    0.019
     0.023   -0.009    0.277    0.000    0.103    0.031   -0.037   -0.292
    -0.097   -0.215    0.082    0.000    0.002    0.000    0.000    0.002
     0.000    0.277    0.000    0.103   -0.096   -0.215    0.082    0.031
    -0.037   -0.291    0.097   -0.215   -0.082   -0.031   -0.037    0.292
    -0.277    0.000   -0.103   -0.276    0.000   -0.103   -0.030   -0.037
     0.291    0.096   -0.215   -0.081

 ( 12)
     0.018   -0.023   -0.009    0.000    0.003    0.000    0.000   -0.003
     0.000   -0.018    0.023    0.009   -0.018   -0.023    0.009    0.018
     0.023   -0.009   -0.275    0.000   -0.102   -0.030    0.037    0.288
     0.098    0.221   -0.085    0.000   -0.002    0.000    0.000    0.002
     0.000    0.275    0.000    0.103   -0.098   -0.221    0.085    0.030
    -0.037   -0.289   -0.098    0.220    0.085    0.030    0.037   -0.288
     0.274    0.000    0.102   -0.274    0.000   -0.102   -0.030   -0.037
     0.288    0.098   -0.220   -0.085

 ( 13)
    -0.018    0.022    0.009    0.001    0.000    0.011   -0.001    0.000
    -0.011    0.018   -0.022   -0.009   -0.018   -0.022    0.009    0.018
     0.022   -0.009    0.269    0.001    0.101    0.030   -0.037   -0.283
    -0.097   -0.214    0.082    0.015    0.000   -0.137   -0.015    0.000
     0.137   -0.268   -0.001   -0.100    0.097    0.214   -0.082   -0.030
     0.037    0.283   -0.097    0.215    0.082    0.030    0.037   -0.284
     0.269   -0.001    0.101   -0.269    0.001   -0.101   -0.030   -0.037
     0.284    0.097   -0.215   -0.082

 ( 14)
    -0.017    0.023    0.008    0.000    0.000    0.011    0.000    0.000
     0.011   -0.017    0.023    0.008   -0.017   -0.023    0.008   -0.017
    -0.023    0.008    0.267    0.001    0.100    0.030   -0.036   -0.280
    -0.098   -0.220    0.085    0.013    0.000   -0.137    0.013    0.000
    -0.137    0.267    0.001    0.100   -0.098   -0.220    0.085    0.030
    -0.036   -0.280   -0.098    0.220    0.085    0.030    0.036   -0.280
     0.267   -0.001    0.100    0.268   -0.001    0.100    0.030    0.037
    -0.280   -0.098    0.220    0.085

 ( 15)
     0.014   -0.023    0.017   -0.028    0.000    0.012    0.028    0.000
    -0.012   -0.014    0.023   -0.017    0.014    0.023    0.017   -0.014
    -0.023   -0.017    0.085    0.261   -0.160    0.073   -0.076    0.033
    -0.298    0.053   -0.143    0.099    0.000    0.033   -0.099    0.000
    -0.033   -0.085   -0.261    0.160    0.298   -0.053    0.143   -0.073
     0.076   -0.033   -0.298   -0.053   -0.143    0.073    0.076    0.033
     0.085   -0.261   -0.160   -0.085    0.261    0.160   -0.073   -0.076
    -0.033    0.298    0.053    0.143

 ( 16)
     0.012   -0.022    0.019    0.000    0.012    0.000    0.000    0.012
     0.000    0.012   -0.022    0.019   -0.012   -0.022   -0.019   -0.012
    -0.022   -0.019    0.084    0.264   -0.164    0.067   -0.086    0.038
    -0.296    0.043   -0.164    0.000   -0.056    0.000    0.000   -0.056
     0.000    0.084    0.264   -0.164   -0.296    0.043   -0.164    0.067
    -0.086    0.038    0.296    0.043    0.164   -0.067   -0.086   -0.038
    -0.084    0.264    0.164   -0.084    0.264    0.164   -0.067   -0.086
    -0.038    0.296    0.043    0.164

 ( 17)
     0.008   -0.016    0.019   -0.001    0.000    0.011   -0.001    0.000
     0.011    0.008   -0.016    0.019    0.008    0.016    0.019    0.008
     0.016    0.019    0.087    0.271   -0.183    0.094   -0.111    0.044
    -0.268    0.032   -0.167   -0.007    0.000    0.016   -0.007    0.000
     0.016    0.087    0.271   -0.183   -0.268    0.032   -0.167    0.094
    -0.111    0.044   -0.268   -0.032   -0.167    0.094    0.111    0.044
     0.087   -0.271   -0.183    0.087   -0.271   -0.183    0.094    0.111
     0.044   -0.268   -0.032   -0.167

 ( 18)
     0.012   -0.026   -0.007   -0.116    0.000   -0.007    0.116    0.000
     0.007   -0.012    0.026    0.007    0.012    0.026   -0.007   -0.012
    -0.026    0.007    0.030   -0.099   -0.046    0.088    0.189   -0.029
    -0.023    0.066    0.203    0.326    0.000    0.045   -0.326    0.000
    -0.045   -0.030    0.099    0.046    0.023   -0.066   -0.203   -0.088
    -0.189    0.029   -0.023   -0.066    0.203    0.088   -0.189   -0.029
     0.030    0.099   -0.046   -0.030   -0.099    0.046   -0.088    0.189
     0.029    0.023    0.066   -0.203

 ( 19)
    -0.009    0.023   -0.021    0.000   -0.021    0.000    0.000    0.021
     0.000    0.009   -0.023    0.021    0.009    0.023    0.021   -0.009
    -0.023   -0.021   -0.092   -0.260    0.191   -0.102    0.083   -0.043
     0.273   -0.032    0.150    0.000    0.092    0.000    0.000   -0.092
     0.000    0.092    0.260   -0.191   -0.273    0.032   -0.150    0.102
    -0.083    0.043   -0.273   -0.032   -0.150    0.102    0.083    0.043
     0.092   -0.260   -0.191   -0.092    0.260    0.191   -0.102   -0.083
    -0.043    0.273    0.032    0.150

 ( 20)
     0.036   -0.036   -0.011    0.000    0.075    0.000    0.000   -0.075
     0.000   -0.036    0.036    0.011   -0.036   -0.036    0.011    0.036
     0.036   -0.011   -0.053    0.143    0.243   -0.275    0.009   -0.052
    -0.031   -0.030   -0.063    0.000   -0.175    0.000    0.000    0.175
     0.000    0.053   -0.143   -0.243    0.031    0.030    0.063    0.275
    -0.009    0.052    0.031   -0.030    0.063    0.275    0.009    0.052
     0.053    0.143   -0.243   -0.053   -0.143    0.243   -0.275   -0.009
    -0.052   -0.031    0.030   -0.063

 ( 21)
     0.019    0.014    0.000    0.016    0.000    0.002    0.016    0.000
     0.002    0.019    0.014    0.000    0.019   -0.014    0.000    0.019
    -0.014    0.000   -0.060    0.093    0.220   -0.284   -0.197   -0.004
     0.036   -0.076   -0.228   -0.024    0.000   -0.002   -0.024    0.000
    -0.002   -0.060    0.093    0.220    0.036   -0.076   -0.228   -0.284
    -0.197   -0.004    0.036    0.076   -0.228   -0.284    0.197   -0.004
    -0.060   -0.093    0.220   -0.060   -0.093    0.220   -0.284    0.197
    -0.004    0.036    0.076   -0.228

 ( 22)
    -0.036    0.022    0.009    0.000   -0.046    0.000    0.000   -0.046
     0.000   -0.036    0.022    0.009    0.036    0.022   -0.009    0.036
     0.022   -0.009    0.062   -0.127   -0.268    0.312    0.039    0.045
     0.012    0.038    0.105    0.000    0.121    0.000    0.000    0.121
     0.000    0.062   -0.127   -0.268    0.012    0.038    0.105    0.312
     0.039    0.045   -0.012    0.038   -0.105   -0.312    0.039   -0.045
    -0.062   -0.127    0.268   -0.062   -0.127    0.268   -0.312    0.039
    -0.045   -0.012    0.038   -0.105

 ( 23)
    -0.039    0.015    0.011    0.052    0.000    0.000   -0.052    0.000
     0.000    0.039   -0.015   -0.011   -0.039   -0.015    0.011    0.039
     0.015   -0.011    0.059   -0.094   -0.268    0.312    0.040    0.046
     0.021    0.015    0.090   -0.176    0.000   -0.029    0.176    0.000
     0.029   -0.059    0.094    0.268   -0.021   -0.015   -0.090   -0.312
    -0.040   -0.046    0.021   -0.015    0.090    0.312   -0.040    0.046
     0.059    0.094   -0.268   -0.059   -0.094    0.268   -0.312    0.040
    -0.046   -0.021    0.015   -0.090

 ( 24)
    -0.003    0.047    0.013    0.000   -0.055    0.000    0.000    0.055
     0.000    0.003   -0.047   -0.013    0.003    0.047   -0.013   -0.003
    -0.047    0.013   -0.018    0.001    0.054   -0.128   -0.285    0.045
     0.054   -0.081   -0.274    0.000    0.168    0.000    0.000   -0.168
     0.000    0.018   -0.001   -0.054   -0.054    0.081    0.274    0.128
     0.285   -0.045   -0.054   -0.081    0.274    0.128   -0.285   -0.045
     0.018    0.001   -0.054   -0.018   -0.001    0.054   -0.128    0.285
     0.045    0.054    0.081   -0.274

 ( 25)
     0.015   -0.055   -0.015    0.000    0.050    0.000    0.000    0.050
     0.000    0.015   -0.055   -0.015   -0.015   -0.055    0.015   -0.015
    -0.055    0.015    0.009    0.055    0.004    0.052    0.296   -0.058
    -0.089    0.088    0.256    0.000   -0.166    0.000    0.000   -0.166
     0.000    0.009    0.055    0.004   -0.089    0.088    0.256    0.052
     0.296   -0.058    0.089    0.088   -0.256   -0.052    0.296    0.058
    -0.009    0.055   -0.004   -0.009    0.055   -0.004   -0.052    0.296
     0.058    0.089    0.088   -0.256

 ( 26)
     0.037   -0.052   -0.019   -0.032    0.000   -0.001   -0.032    0.000
    -0.001    0.037   -0.052   -0.019    0.037    0.052   -0.019    0.037
     0.052   -0.019   -0.024    0.164    0.153   -0.152    0.224   -0.076
    -0.148    0.091    0.143    0.133    0.000    0.021    0.133    0.000
     0.021   -0.024    0.164    0.153   -0.148    0.091    0.143   -0.152
     0.224   -0.076   -0.148   -0.091    0.143   -0.152   -0.224   -0.076
    -0.024   -0.164    0.153   -0.024   -0.164    0.153   -0.152   -0.224
    -0.076   -0.148   -0.091    0.143

 ( 27)
     0.012   -0.042   -0.022    0.058    0.000    0.003   -0.058    0.000
    -0.003   -0.012    0.042    0.022    0.012    0.042   -0.022   -0.012
    -0.042    0.022   -0.029    0.154    0.077   -0.045    0.251   -0.068
    -0.119    0.094    0.184   -0.292    0.000   -0.036    0.292    0.000
     0.036    0.029   -0.154   -0.077    0.119   -0.094   -0.184    0.045
    -0.250    0.068   -0.119   -0.094    0.184   -0.045   -0.251   -0.068
    -0.029   -0.154    0.077    0.029    0.154   -0.077    0.045    0.250
     0.068    0.119    0.094   -0.184

 ( 28)
    -0.018    0.012    0.020    0.000    0.087    0.000    0.000   -0.087
     0.000    0.018   -0.012   -0.020    0.018    0.012   -0.020   -0.018
    -0.012    0.020    0.020   -0.137   -0.075    0.088   -0.118    0.050
     0.148   -0.105   -0.073    0.000   -0.459    0.000    0.000    0.459
     0.000   -0.020    0.137    0.075   -0.148    0.105    0.073   -0.088
     0.118   -0.050   -0.148   -0.105    0.073   -0.088   -0.118   -0.050
    -0.020   -0.137    0.075    0.020    0.137   -0.075    0.088    0.118
     0.050    0.148    0.105   -0.073

 ( 29)
     0.005    0.010    0.021   -0.069    0.000   -0.033   -0.069    0.000
    -0.033    0.005    0.010    0.021    0.005   -0.010    0.021    0.005
    -0.010    0.021    0.034   -0.079   -0.040   -0.009   -0.047    0.031
     0.016   -0.030   -0.066    0.614    0.000    0.040    0.614    0.000
     0.040    0.034   -0.079   -0.040    0.016   -0.030   -0.066   -0.009
    -0.047    0.031    0.016    0.030   -0.066   -0.009    0.047    0.031
     0.034    0.079   -0.040    0.034    0.079   -0.040   -0.009    0.047
     0.031    0.016    0.030   -0.066

 ( 30)
     0.011   -0.004   -0.023    0.000   -0.082    0.000    0.000   -0.082
     0.000    0.011   -0.004   -0.023   -0.011   -0.004    0.023   -0.011
    -0.004    0.023   -0.030    0.093    0.075   -0.073    0.081   -0.046
    -0.112    0.091    0.057    0.000    0.542    0.000    0.000    0.542
     0.000   -0.030    0.093    0.075   -0.112    0.091    0.057   -0.073
     0.081   -0.046    0.112    0.091   -0.057    0.073    0.081    0.046
     0.030    0.093   -0.075    0.030    0.093   -0.075    0.073    0.081
     0.046    0.112    0.091   -0.057

 ( 31)
    -0.034   -0.004   -0.017    0.084    0.000    0.070   -0.084    0.000
    -0.070    0.034    0.004    0.017   -0.034    0.004   -0.017    0.034
    -0.004    0.017   -0.086    0.171    0.093    0.117   -0.024   -0.003
     0.082   -0.021    0.083    0.397    0.000    0.116   -0.397    0.000
    -0.116    0.086   -0.171   -0.093   -0.082    0.021   -0.083   -0.117
     0.024    0.003    0.082    0.021    0.083    0.117    0.024   -0.003
    -0.086   -0.171    0.093    0.086    0.171   -0.093   -0.117   -0.024
     0.003   -0.082   -0.021   -0.083

 ( 32)
    -0.005   -0.047   -0.022    0.000    0.107    0.000    0.000   -0.107
     0.000    0.005    0.047    0.022    0.005   -0.047    0.022   -0.005
     0.047   -0.022    0.001    0.038   -0.049    0.109   -0.033   -0.017
     0.141   -0.139   -0.067    0.000    0.418    0.000    0.000   -0.418
     0.000   -0.001   -0.038    0.049   -0.141    0.139    0.067   -0.109
     0.033    0.017   -0.141   -0.139    0.067   -0.109   -0.033    0.017
    -0.001    0.038    0.049    0.001   -0.038   -0.049    0.109    0.033
    -0.017    0.141    0.139   -0.067

 ( 33)
     0.057    0.004   -0.031   -0.090    0.000    0.051   -0.090    0.000
     0.051    0.057    0.004   -0.031    0.057   -0.004   -0.031    0.057
    -0.004   -0.031    0.049   -0.212    0.016    0.004   -0.196   -0.019
    -0.134    0.132    0.047   -0.134    0.000    0.054   -0.134    0.000
     0.054    0.049   -0.212    0.016   -0.134    0.132    0.047    0.004
    -0.196   -0.019   -0.134   -0.132    0.047    0.004    0.196   -0.019
     0.049    0.212    0.016    0.049    0.212    0.016    0.004    0.196
    -0.019   -0.134   -0.132    0.047

 ( 34)
    -0.024   -0.006    0.058    0.041    0.000   -0.086   -0.041    0.000
     0.086    0.024    0.006   -0.058   -0.024    0.006    0.058    0.024
    -0.006   -0.058    0.029    0.080   -0.083   -0.105    0.254    0.031
     0.080   -0.129   -0.110    0.188    0.000   -0.078   -0.188    0.000
     0.078   -0.029   -0.080    0.083   -0.080    0.129    0.110    0.105
    -0.254   -0.031    0.080    0.129   -0.110   -0.105   -0.254    0.031
     0.029   -0.080   -0.083   -0.029    0.080    0.083    0.105    0.254
    -0.031   -0.080   -0.129    0.110

 ( 35)
     0.000   -0.057   -0.014    0.000    0.103    0.000    0.000    0.103
     0.000    0.000   -0.057   -0.014    0.000   -0.057    0.014    0.000
    -0.057    0.014    0.007    0.084   -0.043    0.118   -0.016   -0.011
     0.180   -0.171   -0.071    0.000    0.328    0.000    0.000    0.328
     0.000    0.007    0.084   -0.043    0.180   -0.171   -0.071    0.118
    -0.016   -0.011   -0.180   -0.171    0.071   -0.118   -0.016    0.011
    -0.007    0.084    0.043   -0.007    0.084    0.043   -0.118   -0.016
     0.011   -0.180   -0.171    0.071

 ( 36)
    -0.028   -0.001   -0.051    0.016    0.000    0.051    0.016    0.000
     0.051   -0.028   -0.001   -0.051   -0.028    0.001   -0.051   -0.028
     0.001   -0.051   -0.117    0.170    0.153    0.206   -0.200   -0.014
     0.062    0.032    0.133    0.178    0.000    0.076    0.178    0.000
     0.076   -0.117    0.170    0.153    0.062    0.032    0.133    0.206
    -0.200   -0.014    0.062   -0.032    0.133    0.206    0.200   -0.014
    -0.117   -0.170    0.153   -0.117   -0.170    0.153    0.206    0.200
    -0.014    0.062   -0.032    0.133

 ( 37)
    -0.020    0.008   -0.057    0.000   -0.002    0.000    0.000    0.002
     0.000    0.020   -0.008    0.057    0.020    0.008    0.057   -0.020
    -0.008   -0.057   -0.115    0.146    0.169    0.201   -0.257   -0.014
     0.000    0.086    0.156    0.000   -0.075    0.000    0.000    0.075
     0.000    0.115   -0.146   -0.170   -0.001   -0.086   -0.156   -0.201
     0.257    0.014   -0.001    0.086   -0.156   -0.201   -0.257    0.014
     0.115    0.146   -0.169   -0.115   -0.146    0.170    0.201    0.257
    -0.014    0.001   -0.086    0.156

 ( 38)
     0.028   -0.007    0.052    0.000    0.010    0.000    0.000    0.010
     0.000    0.028   -0.007    0.052   -0.028   -0.007   -0.052   -0.028
    -0.007   -0.052    0.123   -0.191   -0.167   -0.202    0.229    0.012
    -0.026   -0.063   -0.149    0.000    0.103    0.000    0.000    0.102
     0.000    0.123   -0.191   -0.167   -0.026   -0.063   -0.149   -0.202
     0.229    0.012    0.026   -0.063    0.149    0.202    0.229   -0.012
    -0.123   -0.191    0.167   -0.123   -0.191    0.167    0.202    0.229
    -0.012    0.026   -0.063    0.149

 ( 39)
     0.060   -0.009   -0.034    0.000    0.066    0.000    0.000    0.066
     0.000    0.060   -0.009   -0.034   -0.060   -0.009    0.034   -0.060
    -0.009    0.034    0.058   -0.261    0.001    0.025   -0.209   -0.020
    -0.149    0.132    0.057    0.000    0.100    0.000    0.000    0.100
     0.000    0.058   -0.261    0.001   -0.149    0.132    0.057    0.025
    -0.209   -0.020    0.149    0.132   -0.057   -0.025   -0.209    0.020
    -0.058   -0.261   -0.001   -0.058   -0.261   -0.001   -0.025   -0.209
     0.020    0.149    0.132   -0.057

 ( 40)
    -0.062   -0.001    0.024    0.000   -0.053    0.000    0.000    0.053
     0.000    0.062    0.001   -0.024    0.062   -0.001   -0.024   -0.062
     0.001    0.024   -0.075    0.284    0.028    0.029    0.170    0.017
     0.183   -0.148   -0.042    0.000   -0.096    0.000    0.000    0.096
     0.000    0.075   -0.284   -0.028   -0.183    0.148    0.042   -0.029
    -0.170   -0.017   -0.183   -0.148    0.042   -0.029    0.170   -0.017
     0.075    0.284   -0.028   -0.075   -0.284    0.028    0.029   -0.170
     0.017    0.183    0.148   -0.042

 ( 41)
    -0.012   -0.057   -0.018   -0.082    0.000    0.000    0.082    0.000
     0.000    0.012    0.057    0.018   -0.012    0.057   -0.018    0.012
    -0.057    0.018   -0.030    0.194    0.004    0.124   -0.022   -0.011
     0.228   -0.189   -0.047   -0.201    0.000   -0.014    0.201    0.000
     0.014    0.030   -0.194   -0.004   -0.228    0.189    0.047   -0.124
     0.022    0.011    0.228    0.189   -0.047    0.124    0.022   -0.011
    -0.030   -0.194    0.004    0.030    0.194   -0.004   -0.124   -0.022
     0.011   -0.228   -0.189    0.047

 ( 42)
     0.018   -0.082   -0.008   -0.081    0.000    0.038   -0.081    0.000
     0.038    0.018   -0.082   -0.008    0.018    0.082   -0.008    0.018
     0.082   -0.008    0.028    0.047   -0.040    0.074    0.017   -0.015
     0.209   -0.215   -0.098   -0.095    0.000    0.039   -0.095    0.000
     0.039    0.028    0.047   -0.040    0.209   -0.215   -0.098    0.074
     0.017   -0.015    0.209    0.215   -0.098    0.074   -0.017   -0.015
     0.028   -0.047   -0.040    0.028   -0.047   -0.040    0.074   -0.017
    -0.015    0.209    0.215   -0.098

 ( 43)
     0.035   -0.054    0.006    0.032    0.000    0.125   -0.032    0.000
    -0.125   -0.035    0.054   -0.006    0.035    0.054    0.006   -0.035
    -0.054   -0.006    0.091   -0.157   -0.124   -0.090    0.098   -0.021
     0.035   -0.105   -0.116    0.002    0.000    0.123   -0.002    0.000
    -0.123   -0.091    0.157    0.124   -0.035    0.105    0.116    0.090
    -0.098    0.021    0.035    0.105   -0.116   -0.090   -0.098   -0.021
     0.091    0.157   -0.124   -0.091   -0.157    0.124    0.090    0.098
     0.021   -0.035   -0.105    0.116

 ( 44)
     0.033   -0.090    0.008    0.061    0.000   -0.084   -0.061    0.000
     0.084   -0.033    0.090   -0.008    0.033    0.090    0.008   -0.033
    -0.090   -0.008    0.010   -0.129    0.073    0.092   -0.174    0.022
    -0.042   -0.039    0.048    0.099    0.000   -0.078   -0.099    0.000
     0.078   -0.010    0.129   -0.073    0.042    0.039   -0.048   -0.092
     0.174   -0.022   -0.042    0.039    0.048    0.092    0.174    0.022
     0.010    0.129    0.073   -0.010   -0.129   -0.073   -0.092   -0.174
    -0.022    0.042   -0.039   -0.048

 ( 45)
     0.031    0.091    0.004   -0.091    0.000   -0.011   -0.091    0.000
    -0.011    0.031    0.091    0.004    0.031   -0.091    0.004    0.031
    -0.091    0.004    0.028    0.212    0.005    0.050    0.100    0.005
     0.145    0.041    0.011   -0.104    0.000   -0.012   -0.104    0.000
    -0.012    0.028    0.212    0.005    0.145    0.041    0.011    0.050
     0.100    0.005    0.145   -0.041    0.011    0.050   -0.100    0.005
     0.028   -0.212    0.005    0.028   -0.212    0.005    0.050   -0.100
     0.005    0.145   -0.041    0.011

 ( 46)
    -0.085    0.068   -0.007    0.000    0.089    0.000    0.000   -0.089
     0.000    0.085   -0.068    0.007    0.085    0.068    0.007   -0.085
    -0.068   -0.007   -0.078    0.003   -0.024   -0.115    0.066   -0.010
    -0.143    0.099   -0.002    0.000    0.099    0.000    0.000   -0.099
     0.000    0.078   -0.003    0.024    0.143   -0.099    0.002    0.115
    -0.066    0.010    0.143    0.099    0.002    0.115    0.066    0.010
     0.078    0.003    0.024   -0.078   -0.003   -0.024   -0.115   -0.066
    -0.010   -0.143   -0.099   -0.002

 ( 47)
    -0.013    0.033   -0.047    0.027    0.000    0.136    0.027    0.000
     0.136   -0.013    0.033   -0.047   -0.013   -0.033   -0.047   -0.013
    -0.033   -0.047    0.010   -0.038   -0.100   -0.069    0.176   -0.067
    -0.013   -0.009   -0.152    0.116    0.000    0.143    0.116    0.000
     0.143    0.010   -0.038   -0.100   -0.013   -0.009   -0.152   -0.069
     0.176   -0.067   -0.013    0.009   -0.152   -0.069   -0.176   -0.067
     0.010    0.038   -0.100    0.010    0.038   -0.100   -0.069   -0.176
    -0.067   -0.013    0.009   -0.152

 ( 48)
    -0.103   -0.037   -0.011   -0.025    0.000    0.011    0.025    0.000
    -0.011    0.103    0.037    0.011   -0.103    0.037   -0.011    0.103
    -0.037    0.011   -0.137   -0.143    0.082   -0.015    0.038   -0.011
    -0.192   -0.036   -0.117   -0.032    0.000    0.010    0.032    0.000
    -0.010    0.137    0.143   -0.082    0.192    0.036    0.117    0.015
    -0.038    0.011   -0.192    0.036   -0.117   -0.015   -0.038   -0.011
    -0.137    0.143    0.082    0.137   -0.143   -0.082    0.015    0.038
     0.011    0.192   -0.036    0.117

 ( 49)
     0.086    0.013    0.014    0.000   -0.038    0.000    0.000   -0.038
     0.000    0.086    0.013    0.014   -0.086    0.013   -0.014   -0.086
     0.013   -0.014    0.139    0.162   -0.129   -0.053   -0.089    0.013
     0.213    0.011    0.166    0.000   -0.033    0.000    0.000   -0.033
     0.000    0.139    0.162   -0.129    0.213    0.011    0.166   -0.053
    -0.089    0.013   -0.213    0.011   -0.166    0.053   -0.089   -0.013
    -0.139    0.162    0.129   -0.139    0.162    0.129    0.053   -0.089
    -0.013   -0.213    0.011   -0.166

 ( 50)
     0.047    0.027   -0.025    0.009    0.000   -0.011   -0.009    0.000
     0.011   -0.047   -0.027    0.025    0.047   -0.027   -0.025   -0.047
     0.027    0.025   -0.032   -0.053    0.183    0.263    0.180   -0.023
    -0.044   -0.019   -0.249    0.014    0.000   -0.011   -0.014    0.000
     0.011    0.032    0.053   -0.183    0.044    0.019    0.249   -0.263
    -0.180    0.023   -0.044    0.019   -0.249    0.263   -0.180   -0.023
    -0.032    0.053    0.183    0.032   -0.053   -0.183   -0.263    0.180
     0.023    0.044   -0.019    0.249

 ( 51)
    -0.004   -0.006   -0.007    0.012    0.000    0.018    0.012    0.000
     0.018   -0.004   -0.006   -0.007   -0.004    0.006   -0.007   -0.004
     0.006   -0.007    0.090    0.100   -0.256   -0.257   -0.149   -0.014
     0.135    0.023    0.229    0.032    0.000    0.020    0.032    0.000
     0.020    0.090    0.100   -0.255    0.135    0.023    0.229   -0.257
    -0.149   -0.014    0.135   -0.023    0.229   -0.257    0.149   -0.014
     0.090   -0.100   -0.256    0.090   -0.100   -0.256   -0.257    0.149
    -0.014    0.135   -0.023    0.229

 ( 52)
    -0.065   -0.007   -0.050    0.000    0.023    0.000    0.000    0.023
     0.000   -0.065   -0.007   -0.050    0.065   -0.007    0.050    0.065
    -0.007    0.050    0.013    0.026   -0.250   -0.272   -0.100   -0.058
     0.008    0.024    0.115    0.000    0.001    0.000    0.000    0.001
     0.000    0.013    0.026   -0.250    0.008    0.024    0.115   -0.272
    -0.100   -0.058   -0.008    0.024   -0.115    0.272   -0.100    0.058
    -0.013    0.026    0.250   -0.013    0.026    0.250    0.272   -0.100
     0.058   -0.008    0.024   -0.115

 ( 53)
    -0.004   -0.004   -0.021    0.000   -0.005    0.000    0.000    0.005
     0.000    0.004    0.004    0.021    0.004   -0.004    0.021   -0.004
     0.004   -0.021    0.088    0.116   -0.265   -0.250   -0.147   -0.027
     0.143    0.020    0.212    0.000   -0.017    0.000    0.000    0.017
     0.000   -0.088   -0.116    0.265   -0.143   -0.020   -0.212    0.250
     0.147    0.027   -0.143    0.020   -0.212    0.250   -0.147    0.027
    -0.088    0.116    0.265    0.088   -0.116   -0.265   -0.250    0.147
    -0.027    0.143   -0.020    0.212

 ( 54)
    -0.034   -0.016    0.104    0.000    0.037    0.000    0.000    0.037
     0.000   -0.034   -0.016    0.104    0.034   -0.016   -0.104    0.034
    -0.016   -0.104   -0.023    0.004    0.076   -0.062   -0.128    0.112
    -0.043    0.032    0.210    0.000    0.127    0.000    0.000    0.127
     0.000   -0.023    0.004    0.076   -0.043    0.032    0.210   -0.062
    -0.128    0.112    0.043    0.032   -0.210    0.062   -0.128   -0.112
     0.023    0.004   -0.076    0.023    0.004   -0.076    0.062   -0.128
    -0.112    0.043    0.032   -0.210

 ( 55)
     0.035   -0.008    0.031    0.061    0.018    0.000    0.081    0.058
    -0.041    0.107    0.084   -0.072    0.111   -0.008    0.018    0.031
     0.084   -0.059    0.024   -0.037    0.061    0.064   -0.017    0.034
    -0.005    0.008    0.022    0.029    0.028   -0.003    0.113    0.048
    -0.038    0.118    0.113   -0.102    0.147    0.068   -0.063    0.078
     0.092   -0.075    0.128    0.008   -0.001    0.146   -0.017    0.020
     0.097   -0.037    0.048    0.045    0.113   -0.089   -0.004    0.092
    -0.061    0.014    0.068   -0.040

 ( 56)
     0.017    0.092    0.105   -0.001    0.093    0.064   -0.002    0.050
     0.066   -0.020    0.051    0.026   -0.020    0.092    0.021    0.018
     0.051    0.109    0.017    0.121    0.102    0.017    0.056    0.108
     0.032    0.098    0.137    0.001    0.128    0.064   -0.003    0.015
     0.066   -0.020    0.022    0.028   -0.034    0.045   -0.006   -0.020
     0.086    0.022   -0.034    0.098   -0.009   -0.023    0.056    0.018
    -0.019    0.121    0.021    0.016    0.022    0.109    0.021    0.086
     0.113    0.031    0.045    0.140

 ( 57)
    -0.106   -0.010   -0.064   -0.050    0.019   -0.043   -0.067    0.071
    -0.007   -0.011    0.100    0.015   -0.014   -0.010   -0.063   -0.102
     0.100    0.014   -0.094   -0.048   -0.091   -0.138   -0.013   -0.067
    -0.130    0.006   -0.053   -0.021    0.023   -0.040   -0.095    0.067
    -0.010   -0.023    0.138    0.041    0.013    0.084    0.003    0.021
     0.103    0.017    0.030    0.006   -0.051   -0.039   -0.013   -0.066
    -0.005   -0.048   -0.090   -0.112    0.138    0.040   -0.078    0.103
     0.016   -0.147    0.084    0.002

 ( 58)
    -0.063   -0.030    0.122   -0.074   -0.018    0.061   -0.034   -0.010
    -0.025   -0.045    0.002   -0.086   -0.038   -0.030    0.100   -0.071
     0.002   -0.064   -0.088   -0.037    0.185    0.004   -0.040    0.128
    -0.096   -0.022    0.102   -0.142   -0.007    0.053    0.034   -0.021
    -0.018   -0.021    0.009   -0.149   -0.012   -0.006   -0.066   -0.112
     0.012   -0.092   -0.052   -0.022    0.064    0.031   -0.040    0.105
    -0.063   -0.037    0.164   -0.045    0.009   -0.128   -0.140    0.012
    -0.069   -0.056   -0.006   -0.028

 ( 59)
    -0.025   -0.101    0.076    0.020   -0.059    0.034    0.007   -0.048
     0.060    0.052   -0.006    0.018    0.049   -0.101   -0.038   -0.022
    -0.006    0.132   -0.016   -0.113    0.055   -0.048   -0.154    0.079
    -0.045   -0.070    0.127    0.040   -0.005    0.036   -0.013   -0.102
     0.057    0.043    0.006    0.039    0.072   -0.037   -0.033    0.075
     0.047    0.015    0.084   -0.070   -0.072    0.032   -0.154   -0.045
     0.056   -0.113   -0.056   -0.029    0.006    0.149   -0.005    0.047
     0.138   -0.057   -0.037    0.166

 ( 60)
    -0.012   -0.019   -0.031    0.008   -0.034    0.060    0.006    0.034
     0.064    0.026    0.018    0.154    0.026   -0.019    0.146   -0.012
     0.018   -0.022   -0.011   -0.063   -0.031   -0.017    0.058   -0.038
    -0.025   -0.039   -0.095    0.011   -0.110    0.060    0.003    0.110
     0.063    0.025    0.063    0.154    0.039    0.039    0.219    0.031
    -0.058    0.162    0.041   -0.039    0.213    0.024    0.058    0.153
     0.026   -0.063    0.140   -0.012    0.063   -0.017   -0.010   -0.058
    -0.029   -0.027    0.039   -0.090


 ==============================================================================
                      STATISTICAL THERMODYNAMICS ANALYSIS
 ==============================================================================

  Structure name    : 2,3-dimethylbutane-anti                                     
  Temperature       :   298.16 K
  Symmetry number   :   2
  Optical isomers   :   1
  Zero Point Energy :  114.580 Kcal/mol


                     ENERGY   ENTHALPY    ENTROPY  FREE ENERGY   HEAT CAPACITY
                  (Kcal/mol) (Kcal/mol)     (eu)   (Kcal/mol)    (cal/mol/deg)
  Translational       0.889      1.481     39.255    -10.223         4.967
     Rotational       0.889      0.889     25.686     -6.770         2.980
    Vibrational     118.026%   118.026%    19.626*   112.175%       25.002*
      Potential       8.185#     8.185#     0.000      8.185#        0.000
         Mixing       0.000      0.000      0.000      0.000         0.000
          Total     127.988    128.581     84.566    103.367        32.950

  Enthalpy Function (H-Ho)/T     =   19.51 cal/mol/deg
  Free Energy Function -(G-Ho)/T =   65.06 cal/mol/deg

  % Includes zero point energy (ZPE).
  * Excludes contribution from frequencies lower than 40 (1/cm).
  # Includes steric energy (SE).
    Internal rotation contributions are not considered

  This structure has   0 imaginary frequencies,
                       0 free internal rotation (fir) frequencies
                         (>= 0,< 10 /cm),
                       0 restricted internal rotation (rir) frequencies
                         (>= 10,< 40 /cm),
                       6 zero frequencies, and
                      54 real frequencies.


      FINAL STERIC ENERGY IS      8.1846 KCAL/MOL.


                COMPRESSION       0.5972
                BENDING           0.7056
                BEND-BEND        -0.0294
                STRETCH-BEND      0.0472
                VANDERWAALS
                  1,4 ENERGY      4.7299
                  OTHER           1.3788
                H-BONDING         0.0000
                PI-COMPLX         0.0000

                TORSIONAL         0.7657
                TORSION-STRETCH  -0.0105
                DIPOLE-DIPOLE     0.0000
                CHARGE-DIPOLE     0.0000
                CHARGE-CHARGE     0.0000

      -----------------------------------------------------------------

      COORDINATES TRANSLATED TO NEW ORIGIN WHICH IS CENTER OF MASS
         C(   1)    -1.51355     1.25141     0.06372   (  1)
         C(   2)    -0.70323     0.00000    -0.32828   (  1)
         C(   3)     0.70323     0.00000     0.32828   (  1)
         C(   4)     1.51355    -1.25141    -0.06372   (  1)
         C(   5)    -1.51355    -1.25141     0.06372   (  1)
         C(   6)     1.51355     1.25141    -0.06372   (  1)
         H(   7)    -2.54684     1.21269    -0.34764   (  5)
         H(   8)    -1.60276     1.35489     1.16802   (  5)
         H(   9)    -1.05667     2.18687    -0.32595   (  5)
         H(  10)    -0.57865     0.00000    -1.43836   (  5)
         H(  11)     0.57865     0.00000     1.43836   (  5)
         H(  12)     2.54684    -1.21269     0.34764   (  5)
         H(  13)     1.05667    -2.18687     0.32595   (  5)
         H(  14)     1.60276    -1.35489    -1.16802   (  5)
         H(  15)    -1.05667    -2.18687    -0.32595   (  5)
         H(  16)    -1.60276    -1.35489     1.16802   (  5)
         H(  17)    -2.54684    -1.21269    -0.34764   (  5)
         H(  18)     2.54684     1.21269     0.34764   (  5)
         H(  19)     1.60276     1.35489    -1.16802   (  5)
         H(  20)     1.05667     2.18687     0.32595   (  5)

      MOMENT OF INERTIA WITH THE PRINCIPAL AXES

          (1)  UNIT = 10**(-39) GM*CM**2
               IX=   20.1155    IY=   29.3693    IZ=   45.0455

          (2)  UNIT = AU A**2
               IX=  121.1517    IY=  176.8855    IZ=  271.3000



      MOLECULAR POLARIZABILITIES (A**3)
        ALPHA(1)   =      13.16
        ALPHA(2)   =      13.85
        ALPHA(3)   =      11.56
        AVG. ALPHA =      12.86


      E (INDP/INDP) =          0.000 KCAL/MOLE
      DIPOLE MOMENT =          0.000 D (INCLUDES INDUCED BOND MOMENTS)
      *NOTE*  E (INDP/INDP) IS NOT INCLUDED IN THE FINAL STERIC ENERGY

        COMPONENTS WITH PRINCIPAL AXES

                          X =  0.0000    Y =  0.0000    Z =  0.0000



      TOTAL ATOMIC CHARGE ON EACH ATOM (in ELECTRON CHARGE)

           C(    1):          0.000
           C(    2):          0.000
           C(    3):          0.000
           C(    4):          0.000
           C(    5):          0.000
           C(    6):          0.000
           H(    7):          0.000
           H(    8):          0.000
           H(    9):          0.000
           H(   10):          0.000
           H(   11):          0.000
           H(   12):          0.000
           H(   13):          0.000
           H(   14):          0.000
           H(   15):          0.000
           H(   16):          0.000
           H(   17):          0.000
           H(   18):          0.000
           H(   19):          0.000
           H(   20):          0.000

      -----------------------------------------------------------------

        END OF 2,3-dimethylbutane-anti                                     


           TOTAL CPU TIME IS      0.05 SECONDS.

           THIS JOB COMPLETED AT    17:23:29
