1
               ---------------------------------------------
               WARNING : INCORRECT ATOM TYPES GIVEN IN INPUT
                         DATA ARE CORRECTED AS FOLLOWS
               ---------------------------------------------


             Atom type of atom    1 is replaced by   1 (was   0)
             Atom type of atom    2 is replaced by   1 (was   0)
             Atom type of atom    3 is replaced by   1 (was   0)
             Atom type of atom    4 is replaced by   1 (was   0)
             Atom type of atom    5 is replaced by   1 (was   0)
             Atom type of atom    6 is replaced by   1 (was   0)
             Atom type of atom    7 is replaced by   5 (was   0)
             Atom type of atom    8 is replaced by   5 (was   0)
             Atom type of atom    9 is replaced by   5 (was   0)
             Atom type of atom   10 is replaced by   5 (was   0)
             Atom type of atom   11 is replaced by   5 (was   0)
             Atom type of atom   12 is replaced by   5 (was   0)
             Atom type of atom   13 is replaced by   5 (was   0)
             Atom type of atom   14 is replaced by   5 (was   0)
             Atom type of atom   15 is replaced by   5 (was   0)
             Atom type of atom   16 is replaced by   5 (was   0)
             Atom type of atom   17 is replaced by   5 (was   0)
             Atom type of atom   18 is replaced by   5 (was   0)
             Atom type of atom   19 is replaced by   5 (was   0)
             Atom type of atom   20 is replaced by   5 (was   0)
1     2,3-dimethylbutane-g                                        

               CHEMICAL FORMULA :  C(   6)  H(  14) 
               FORMULA WEIGHT   :     86.112
                                                               DATE 27-MAY-23
                                                               TIME  17:25:56


          THE COORDINATES OF   20 ATOMS ARE READ IN.
          SOME CONSTANTS WILL BE READ IN.

      CONFORMATIONAL ENERGY, PART 1:  GEOMETRY AND STERIC ENERGY
                                      OF INITIAL CONFORMATION.


      CONNECTED ATOMS
         1-   2-   3-   4-
         2-   5-
         3-   6-

      ATTACHED ATOMS
         1-   7,   1-   8,   1-   9,   2-  10,   3-  11,   4-  12,   4-  13,
         4-  14,   5-  15,   5-  16,   5-  17,   6-  18,   6-  19,   6-  20,

      INITIAL ATOMIC COORDINATES
           ATOM         X           Y           Z       TYPE
         C(   1)    -1.80529     0.75633    -0.50637   (  1)
         C(   2)    -0.70693    -0.31489    -0.38103   (  1)
         C(   3)     0.70693     0.31489    -0.38103   (  1)
         C(   4)     0.98304     1.20925     0.83975   (  1)
         C(   5)    -0.98304    -1.20925     0.83975   (  1)
         C(   6)     1.80529    -0.75633    -0.50637   (  1)
         H(   7)    -2.80592     0.28919    -0.64460   (  5)
         H(   8)    -1.87072     1.40137     0.39637   (  5)
         H(   9)    -1.63274     1.42153    -1.38132   (  5)
         H(  10)    -0.77712    -0.96107    -1.29034   (  5)
         H(  11)     0.77712     0.96107    -1.29034   (  5)
         H(  12)     1.98671     1.68411     0.76364   (  5)
         H(  13)     0.24431     2.03453     0.93110   (  5)
         H(  14)     0.96691     0.63793     1.79299   (  5)
         H(  15)    -0.24431    -2.03453     0.93110   (  5)
         H(  16)    -0.96691    -0.63793     1.79299   (  5)
         H(  17)    -1.98671    -1.68411     0.76364   (  5)
         H(  18)     2.80592    -0.28919    -0.64460   (  5)
         H(  19)     1.87072    -1.40137     0.39637   (  5)
         H(  20)     1.63274    -1.42153    -1.38132   (  5)


          DIELECTRIC CONSTANT =  1.500


      INITIAL STERIC ENERGY IS      8.5964 KCAL/MOL.

                  COMPRESSION       0.4362
                  BENDING           1.2724
                  BEND-BEND         0.0010
                  STRETCH-BEND      0.0719
                  VANDERWAALS
                    1,4 ENERGY      4.7801
                    OTHER           1.0455
                  H-BONDING         0.0000
                  PI-COMPLX         0.0000

                  TORSIONAL         0.9963
                  TORSION-STRETCH  -0.0069
                  DIPOLE-DIPOLE     0.0000
                  CHARGE-DIPOLE     0.0000
                  CHARGE-CHARGE     0.0000


      MOLECULAR POLARIZABILITIES (A**3)
        ALPHA(1)   =      13.43
        ALPHA(2)   =      12.59
        ALPHA(3)   =      12.38
        AVG. ALPHA =      12.80


      E (INDP/INDP) =          0.000 KCAL/MOLE
      DIPOLE MOMENT =          0.000 D (INCLUDES INDUCED BOND MOMENTS)
      *NOTE*  E (INDP/INDP) IS NOT INCLUDED IN THE INITIAL STERIC ENERGY

      CPU TIME FOR INITIAL CALCULATION IS     0.02 SECONDS.


1     2,3-dimethylbutane-g                                        


     CONFORMATIONAL ENERGY, PART 2: GEOMETRY MINIMIZATION

               GEOMETRY OPTIMIZATION IS CONTINUED UNTIL ATOM
               MOVEMENT CONVERGES WITHIN FOLLOWING VALUES:

                         AVERAGE MOVEMENT  0.00013 A
                         MAXIMUM MOVEMENT  0.00134 A



     <<<<<<<<<<<<<<<<<<<<<<<<<<  C Y C L E   1 >>>>>>>>>>>>>>>>>>>>>>>>>>

                              (CH)-MOVEMENT = 1

       ITER    1   AVG. MOVE = 0.00179 A   (MAX MOVE : ATOM   12   0.00891 A)  
       ITER    2   AVG. MOVE = 0.00109 A   (MAX MOVE : ATOM   16   0.00542 A)  
       ITER    3   AVG. MOVE = 0.00050 A   (MAX MOVE : ATOM    5   0.00315 A)  
       ITER    4   AVG. MOVE = 0.00023 A   (MAX MOVE : ATOM    5   0.00157 A)  
       ITER    5   AVG. MOVE = 0.00015 A   (MAX MOVE : ATOM   14   0.00089 A)  
       ITER    6   AVG. MOVE = 0.00013 A   (MAX MOVE : ATOM   14   0.00077 A)  


     <<<<<<<<<<<<<<<<<<<<<<<<<<  C Y C L E   2 >>>>>>>>>>>>>>>>>>>>>>>>>>

                              (CH)-MOVEMENT = 0

       ITER    7   AVG. MOVE = 0.00006 A   (MAX MOVE : ATOM   13   0.00059 A)  


              * * * * * * * * * GEOMETRY IS OPTIMIZED * * * * * * * * *

               WITHIN : AVERAGE MOVEMENT  0.00006 A (LIMIT  0.00013 A)
                        MAXIMUM MOVEMENT  0.00059 A (LIMIT  0.00134 A)

               GRADIENT
                  RMS GRADIENT                0.007552 KCAL/MOL/A

                  MAX GRADIENT
                    X-DIRECTION : ATOM #   4   0.013075 KCAL/MOL/A
                    Y-DIRECTION : ATOM #   4   0.022643 KCAL/MOL/A
                    Z-DIRECTION : ATOM #   1   0.021828 KCAL/MOL/A

        DELTA TIME =    0.00 SEC.       TOTAL CPU TIME =      0.02 SEC.


                            =====================
                            FULL-MATRIX OPTIMIZER
                            =====================


     iter.  rms force   max force   avg. move    max move  atom  convg  d-time

        0    0.013499    0.052036   0.00328 A   0.01994 A   13    [N]     0.0s
        1    0.015458    0.039267   0.00002 A   0.00013 A   14    [N]     0.0s
        2    0.000034    0.000105                                 [Y]     0.0s


      TOTAL ENERGY IS      8.5626 KCAL/MOL.

        COMPRESS    0.5404      VDW 1,4    4.7189      DIPL-DIPL    0.0000
        BENDING     1.1405        OTHER    1.1029      CHRG-DIPL    0.0000
        STR-BEND    0.0762      TORSION    1.0016      CHRG-CHRG    0.0000
        BEND-BEND  -0.0098      TOR-STR   -0.0081      EPR          0.0000
        H-BONDING   0.0000      PI-CMPL    0.0000
0     DELTA(T) =     0.0 SEC.          ELAPSED TIME =     0.0 SEC.


    * * * ENERGY IS STATIONARY WITHIN RMS OF FORCES   0.00014  Kcal/mol/A * * *

                 * * * *  RMS FORCE IS   0.00003 Kcal/mol/A * * * *

1     2,3-dimethylbutane-g                                        

               CHEMICAL FORMULA :  C(   6)  H(  14) 
               FORMULA WEIGHT   :     86.112
                                                               DATE : 27-MAY-23

           * M M 3 * * * * * * * * * * * 2 0 0 0 *
           *                                     *   PARAMETER RELIABILITY
           *                                     *
           *                                     *   BLANK = GOOD
           *                                     *       B = FAIR
           *                                     *       C = TRIAL
           *                                     *       R = READ IN
           *                                     *       S = SUBSTITUTED
           *                                     *       U = PARAMETER NOT EXIST
           *                                     *
           *                                     *   THIS IS SHOWN AT THE END 
           *                                     *   OF THE LINE.
           * * * * * * * * * * * * * * * * * * * * 


      CONFORMATIONAL ENERGY, PART 3:  GEOMETRY AND STERIC ENERGY
                                      OF FINAL CONFORMATION.

      CONNECTED ATOMS
         1-   2-   3-   4-
         2-   5-
         3-   6-

      ATTACHED ATOMS
         1-   7,   1-   8,   1-   9,   2-  10,   3-  11,   4-  12,   4-  13,
         4-  14,   5-  15,   5-  16,   5-  17,   6-  18,   6-  19,   6-  20,

      FINAL ATOMIC COORDINATE
           ATOM         X           Y           Z       TYPE
         C(   1)    -1.80718    -0.75123     0.51206   (  1)
         C(   2)    -0.70685     0.31953     0.38523   (  1)
         C(   3)     0.70685    -0.31953     0.38523   (  1)
         C(   4)     0.98290    -1.19943    -0.84775   (  1)
         C(   5)    -0.98290     1.19943    -0.84775   (  1)
         C(   6)     1.80718     0.75123     0.51206   (  1)
         H(   7)    -2.81027    -0.28726     0.64380   (  5)
         H(   8)    -1.86690    -1.40099    -0.38805   (  5)
         H(   9)    -1.63820    -1.41243     1.39102   (  5)
         H(  10)    -0.77848     0.97378     1.28928   (  5)
         H(  11)     0.77848    -0.97378     1.28928   (  5)
         H(  12)     1.98186    -1.68542    -0.77941   (  5)
         H(  13)     0.23784    -2.01745    -0.95437   (  5)
         H(  14)     0.97417    -0.61269    -1.79201   (  5)
         H(  15)    -0.23784     2.01745    -0.95437   (  5)
         H(  16)    -0.97417     0.61269    -1.79201   (  5)
         H(  17)    -1.98186     1.68542    -0.77942   (  5)
         H(  18)     2.81027     0.28726     0.64380   (  5)
         H(  19)     1.86690     1.40099    -0.38805   (  5)
         H(  20)     1.63820     1.41243     1.39102   (  5)


          DIELECTRIC CONSTANT =  1.500


      BOND LENGTHS AND STRETCHING ENERGY   (   19 BONDS)

        ENERGY = 71.94(KS)(DR)(DR)(1-(CS)(DR)+(7/12)((CS)(DR))**2)
                          DR = R-RO
                          CS =  2.550
                                                         R(0)-CORR        CORR
          BOND        LENGTH   R(0)    K(S)  ENERGY   E-NEG   MISCEL       KS
    C(   1)- C(   2)  1.5406  1.5247  4.490  0.0781                             
    C(   1)- H(   7)  1.1130  1.1120  4.750  0.0004                             
    C(   1)- H(   8)  1.1117  1.1120  4.750  0.0000                             
    C(   1)- H(   9)  1.1128  1.1120  4.750  0.0002                             
    C(   2)- C(   3)  1.5514  1.5247  4.490  0.2157                             
    C(   2)- C(   5)  1.5397  1.5247  4.490  0.0699                             
    C(   2)- H(  10)  1.1182  1.1120  4.810  0.0133                             
    C(   3)- C(   4)  1.5397  1.5247  4.490  0.0699                             
    C(   3)- C(   6)  1.5406  1.5247  4.490  0.0781                             
    C(   3)- H(  11)  1.1182  1.1120  4.810  0.0133                             
    C(   4)- H(  12)  1.1130  1.1120  4.750  0.0003                             
    C(   4)- H(  13)  1.1116  1.1120  4.750  0.0001                             
    C(   4)- H(  14)  1.1117  1.1120  4.750  0.0000                             
    C(   5)- H(  15)  1.1116  1.1120  4.750  0.0001                             
    C(   5)- H(  16)  1.1117  1.1120  4.750  0.0000                             
    C(   5)- H(  17)  1.1130  1.1120  4.750  0.0003                             
    C(   6)- H(  18)  1.1130  1.1120  4.750  0.0004                             
    C(   6)- H(  19)  1.1117  1.1120  4.750  0.0000                             
    C(   6)- H(  20)  1.1128  1.1120  4.750  0.0002                             


      NON-BONDED DISTANCES, VDW AND EPR ENERGY   (    135 PAIRS)

              E(VDW) = KV*(1.84(10**5)EXP(-12.00/P) - 2.25(P**6))
              E(EPR) = C*KV*(1.84(10**5)EXP(-12.00/Q) - 2.25(Q**6))
              E(HBD) = EP1-EP2*COS(THETA)*RTH/RTH0
                            EP1 = KHB*1.84(10**5)*EXP(-12.0/P)
                            EP2 = KHB*2.25(P**6)

            IF P > 3.020, THEN,
              E(VDW) = KV(192.270)(P**2)
              E(HBD) = EP1-EP2*COS(THETA)*RTH/RTH0
                            EP1 = KHB*(192.270*P**2+1706.96)
                            EP2 = KHB*1706.96

               WHERE   RV = RVDW(I) + RVDW(K)
                       KV = SQRT(EPS(I)*EPS(K))
                      KHB = EPS/DIELEC  FOR HYDROGEN BOND
                        P = (RV/R) OR (RV/R#)
                        C = SCALE FACTOR
                        Q = RV/R, WHERE R IS MODIFIED DISTANCE
                    THETA = ANGLE H-X-Y IN HYDROGEN BOND X-H...Y
                      RTH = BOND LENGTH X-H IN X-H...Y
                     RTH0 = NATURAL BOND LENGTH X-H

          # IN THE VDW CALCULATIONS THE HYDROGEN ATOMS ARE RELOCATED
          SO THAT THE ATTACHED HYDROGEN DISTANCE IS REDUCED BY 0.923

          # IN THE VDW CALCULATIONS THE DEUTERIUM ATOMS ARE RELOCATED
          SO THAT THE ATTACHED DEUTERIUM DISTANCE IS REDUCED BY  0.923

         ATOM PAIR          R       R#       RV      KV       ENERGY
      C(   1), C(   3)   2.5540
      C(   1), C(   4)   3.1360            4.080   0.0270     0.1957  1,4       
      C(   1), C(   5)   2.5167
      C(   1), C(   6)   3.9142            4.080   0.0270    -0.0282  1,4       
      C(   1), H(  10)   2.1536
      C(   1), H(  11)   2.7091   2.6810   3.560   0.0230     0.2196  1,4       
      C(   1), H(  12)   4.1106   4.0331   3.560   0.0230    -0.0192            
      C(   1), H(  13)   2.8171   2.8274   3.560   0.0230     0.1010            
      C(   1), H(  14)   3.6144   3.5675   3.560   0.0230    -0.0257            
      C(   1), H(  15)   3.5041   3.4254   3.560   0.0230    -0.0243  1,4       
      C(   1), H(  16)   2.8041   2.7672   3.560   0.0230     0.1417  1,4       
      C(   1), H(  17)   2.7633   2.7290   3.560   0.0230     0.1731  1,4       
      C(   1), H(  18)   4.7346   4.6671   3.560   0.0230    -0.0096            
      C(   1), H(  19)   4.3521   4.3098   3.560   0.0230    -0.0144            
      C(   1), H(  20)   4.1623   4.1331   3.560   0.0230    -0.0174            
      C(   2), C(   4)   2.5851
      C(   2), C(   6)   2.5540
      C(   2), H(   7)   2.2044
      C(   2), H(   8)   2.2145
      C(   2), H(   9)   2.2088
      C(   2), H(  11)   2.1671
      C(   2), H(  12)   3.5504   3.4729   3.560   0.0230    -0.0252  1,4       
      C(   2), H(  13)   2.8545   2.8192   3.560   0.0230     0.1060  1,4       
      C(   2), H(  14)   2.9043   2.8657   3.560   0.0230     0.0798  1,4       
      C(   2), H(  15)   2.2130
      C(   2), H(  16)   2.2131
      C(   2), H(  17)   2.2017
      C(   2), H(  18)   3.5268   3.4488   3.560   0.0230    -0.0248  1,4       
      C(   2), H(  19)   2.8968   2.8566   3.560   0.0230     0.0846  1,4       
      C(   2), H(  20)   2.7758   2.7434   3.560   0.0230     0.1607  1,4       
      C(   3), C(   5)   2.5851
      C(   3), H(   7)   3.5268   3.4488   3.560   0.0230    -0.0248  1,4       
      C(   3), H(   8)   2.8968   2.8566   3.560   0.0230     0.0846  1,4       
      C(   3), H(   9)   2.7758   2.7434   3.560   0.0230     0.1607  1,4       
      C(   3), H(  10)   2.1671
      C(   3), H(  12)   2.2017
      C(   3), H(  13)   2.2130
      C(   3), H(  14)   2.2131
      C(   3), H(  15)   2.8545   2.8192   3.560   0.0230     0.1060  1,4       
      C(   3), H(  16)   2.9043   2.8657   3.560   0.0230     0.0798  1,4       
      C(   3), H(  17)   3.5504   3.4729   3.560   0.0230    -0.0252  1,4       
      C(   3), H(  18)   2.2044
      C(   3), H(  19)   2.2145
      C(   3), H(  20)   2.2088
      C(   4), C(   5)   3.1014            4.080   0.0270     0.2279  1,4       
      C(   4), C(   6)   2.5167
      C(   4), H(   7)   4.1767   4.0952   3.560   0.0230    -0.0181            
      C(   4), H(   8)   2.8937   2.8979   3.560   0.0230     0.0644            
      C(   4), H(   9)   3.4536   3.4174   3.560   0.0230    -0.0241            
      C(   4), H(  10)   3.5203   3.4444   3.560   0.0230    -0.0247  1,4       
      C(   4), H(  11)   2.1586
      C(   4), H(  15)   3.4424   3.4044   3.560   0.0230    -0.0237            
      C(   4), H(  16)   2.8294   2.8358   3.560   0.0230     0.0961            
      C(   4), H(  17)   4.1373   4.0560   3.560   0.0230    -0.0188            
      C(   4), H(  18)   2.7882   2.7523   3.560   0.0230     0.1534  1,4       
      C(   4), H(  19)   2.7848   2.7491   3.560   0.0230     0.1560  1,4       
      C(   4), H(  20)   3.5019   3.4233   3.560   0.0230    -0.0242  1,4       
      C(   5), C(   6)   3.1360            4.080   0.0270     0.1957  1,4       
      C(   5), H(   7)   2.7882   2.7523   3.560   0.0230     0.1534  1,4       
      C(   5), H(   8)   2.7848   2.7491   3.560   0.0230     0.1560  1,4       
      C(   5), H(   9)   3.5019   3.4233   3.560   0.0230    -0.0242  1,4       
      C(   5), H(  10)   2.1586
      C(   5), H(  11)   3.5203   3.4444   3.560   0.0230    -0.0247  1,4       
      C(   5), H(  12)   4.1373   4.0560   3.560   0.0230    -0.0188            
      C(   5), H(  13)   3.4424   3.4044   3.560   0.0230    -0.0237            
      C(   5), H(  14)   2.8294   2.8358   3.560   0.0230     0.0961            
      C(   5), H(  18)   4.1767   4.0952   3.560   0.0230    -0.0181            
      C(   5), H(  19)   2.8937   2.8979   3.560   0.0230     0.0644            
      C(   5), H(  20)   3.4536   3.4174   3.560   0.0230    -0.0241            
      C(   6), H(   7)   4.7346   4.6671   3.560   0.0230    -0.0096            
      C(   6), H(   8)   4.3521   4.3098   3.560   0.0230    -0.0144            
      C(   6), H(   9)   4.1623   4.1331   3.560   0.0230    -0.0174            
      C(   6), H(  10)   2.7091   2.6810   3.560   0.0230     0.2196  1,4       
      C(   6), H(  11)   2.1536
      C(   6), H(  12)   2.7633   2.7290   3.560   0.0230     0.1731  1,4       
      C(   6), H(  13)   3.5041   3.4254   3.560   0.0230    -0.0243  1,4       
      C(   6), H(  14)   2.8041   2.7672   3.560   0.0230     0.1417  1,4       
      C(   6), H(  15)   2.8171   2.8274   3.560   0.0230     0.1010            
      C(   6), H(  16)   3.6144   3.5675   3.560   0.0230    -0.0257            
      C(   6), H(  17)   4.1106   4.0331   3.560   0.0230    -0.0192            
      H(   7), H(   8)   1.7875
      H(   7), H(   9)   1.7883
      H(   7), H(  10)   2.4769   2.3956   3.240   0.0200     0.2405  1,4       
      H(   7), H(  11)   3.7104   3.6050   3.240   0.0200    -0.0179            
      H(   7), H(  12)   5.1909   5.0277   3.240   0.0200    -0.0032            
      H(   7), H(  13)   3.8521   3.7852   3.240   0.0200    -0.0147            
      H(   7), H(  14)   4.5123   4.4042   3.240   0.0200    -0.0068            
      H(   7), H(  15)   3.8057   3.6913   3.240   0.0200    -0.0163            
      H(   7), H(  16)   3.1803   3.0967   3.240   0.0200    -0.0206            
      H(   7), H(  17)   2.5697   2.5656   3.240   0.0200     0.0923            
      H(   7), H(  18)   5.6498   5.5041   3.240   0.0200    -0.0019            
      H(   7), H(  19)   5.0785   4.9826   3.240   0.0200    -0.0034            
      H(   7), H(  20)   4.8204   4.7471   3.240   0.0200    -0.0045            
      H(   8), H(   9)   1.7937
      H(   8), H(  10)   3.1045   2.9540   3.240   0.0200    -0.0131  1,4       
      H(   8), H(  11)   3.1613   3.0813   3.240   0.0200    -0.0201            
      H(   8), H(  12)   3.8791   3.8076   3.240   0.0200    -0.0143            
      H(   8), H(  13)   2.2651   2.3265   3.240   0.0200     0.3380            
      H(   8), H(  14)   3.2656   3.2390   3.240   0.0200    -0.0224            
      H(   8), H(  15)   3.8289   3.7115   3.240   0.0200    -0.0160            
      H(   8), H(  16)   2.6121   2.6047   3.240   0.0200     0.0711            
      H(   8), H(  17)   3.1132   3.0352   3.240   0.0200    -0.0183            
      H(   8), H(  18)   5.0785   4.9826   3.240   0.0200    -0.0034            
      H(   8), H(  19)   4.6682   4.6014   3.240   0.0200    -0.0053            
      H(   8), H(  20)   4.8339   4.7327   3.240   0.0200    -0.0045            
      H(   9), H(  10)   2.5384   2.4501   3.240   0.0200     0.1809  1,4       
      H(   9), H(  11)   2.4583   2.4656   3.240   0.0200     0.1663            
      H(   9), H(  12)   4.2297   4.1439   3.240   0.0200    -0.0095            
      H(   9), H(  13)   3.0637   3.0481   3.240   0.0200    -0.0189            
      H(   9), H(  14)   4.1947   4.0803   3.240   0.0200    -0.0103            
      H(   9), H(  15)   4.3847   4.2409   3.240   0.0200    -0.0084            
      H(   9), H(  16)   3.8306   3.7139   3.240   0.0200    -0.0159            
      H(   9), H(  17)   3.7981   3.6831   3.240   0.0200    -0.0165            
      H(   9), H(  18)   4.8204   4.7471   3.240   0.0200    -0.0045            
      H(   9), H(  19)   4.8339   4.7327   3.240   0.0200    -0.0045            
      H(   9), H(  20)   4.3260   4.2803   3.240   0.0200    -0.0080            
      H(  10), H(  11)   2.4934   2.4084   3.240   0.0200     0.2252  1,4       
      H(  10), H(  12)   4.3555   4.2191   3.240   0.0200    -0.0086            
      H(  10), H(  13)   3.8748   3.7568   3.240   0.0200    -0.0152            
      H(  10), H(  14)   3.8837   3.7673   3.240   0.0200    -0.0150            
      H(  10), H(  15)   2.5329   2.4458   3.240   0.0200     0.1851  1,4       
      H(  10), H(  16)   3.1085   2.9578   3.240   0.0200    -0.0134  1,4       
      H(  10), H(  17)   2.4968   2.4133   3.240   0.0200     0.2197  1,4       
      H(  10), H(  18)   3.7104   3.6050   3.240   0.0200    -0.0179            
      H(  10), H(  19)   3.1613   3.0813   3.240   0.0200    -0.0201            
      H(  10), H(  20)   2.4583   2.4656   3.240   0.0200     0.1663            
      H(  11), H(  12)   2.4968   2.4133   3.240   0.0200     0.2197  1,4       
      H(  11), H(  13)   2.5329   2.4458   3.240   0.0200     0.1851  1,4       
      H(  11), H(  14)   3.1085   2.9578   3.240   0.0200    -0.0134  1,4       
      H(  11), H(  15)   3.8748   3.7568   3.240   0.0200    -0.0152            
      H(  11), H(  16)   3.8837   3.7673   3.240   0.0200    -0.0150            
      H(  11), H(  17)   4.3555   4.2191   3.240   0.0200    -0.0086            
      H(  11), H(  18)   2.4769   2.3956   3.240   0.0200     0.2405  1,4       
      H(  11), H(  19)   3.1045   2.9540   3.240   0.0200    -0.0131  1,4       
      H(  11), H(  20)   2.5384   2.4501   3.240   0.0200     0.1809  1,4       
      H(  12), H(  13)   1.7839
      H(  12), H(  14)   1.7865
      H(  12), H(  15)   4.3208   4.2243   3.240   0.0200    -0.0086            
      H(  12), H(  16)   3.8788   3.8057   3.240   0.0200    -0.0144            
      H(  12), H(  17)   5.2032   5.0377   3.240   0.0200    -0.0032            
      H(  12), H(  18)   2.5697   2.5656   3.240   0.0200     0.0923            
      H(  12), H(  19)   3.1132   3.0352   3.240   0.0200    -0.0183            
      H(  12), H(  20)   3.7981   3.6831   3.240   0.0200    -0.0165            
      H(  13), H(  14)   1.7936
      H(  13), H(  15)   4.0628   3.9533   3.240   0.0200    -0.0120            
      H(  13), H(  16)   3.0147   3.0058   3.240   0.0200    -0.0168            
      H(  13), H(  17)   4.3208   4.2243   3.240   0.0200    -0.0086            
      H(  13), H(  18)   3.8057   3.6913   3.240   0.0200    -0.0163            
      H(  13), H(  19)   3.8289   3.7115   3.240   0.0200    -0.0160            
      H(  13), H(  20)   4.3847   4.2409   3.240   0.0200    -0.0084            
      H(  14), H(  15)   3.0147   3.0058   3.240   0.0200    -0.0168            
      H(  14), H(  16)   2.3017   2.3521   3.240   0.0200     0.2986            
      H(  14), H(  17)   3.8788   3.8057   3.240   0.0200    -0.0144            
      H(  14), H(  18)   3.1803   3.0967   3.240   0.0200    -0.0206            
      H(  14), H(  19)   2.6121   2.6047   3.240   0.0200     0.0711            
      H(  14), H(  20)   3.8306   3.7139   3.240   0.0200    -0.0159            
      H(  15), H(  16)   1.7936
      H(  15), H(  17)   1.7839
      H(  15), H(  18)   3.8521   3.7852   3.240   0.0200    -0.0147            
      H(  15), H(  19)   2.2651   2.3265   3.240   0.0200     0.3380            
      H(  15), H(  20)   3.0637   3.0481   3.240   0.0200    -0.0189            
      H(  16), H(  17)   1.7865
      H(  16), H(  18)   4.5123   4.4042   3.240   0.0200    -0.0068            
      H(  16), H(  19)   3.2656   3.2390   3.240   0.0200    -0.0224            
      H(  16), H(  20)   4.1947   4.0803   3.240   0.0200    -0.0103            
      H(  17), H(  18)   5.1909   5.0277   3.240   0.0200    -0.0032            
      H(  17), H(  19)   3.8791   3.8076   3.240   0.0200    -0.0143            
      H(  17), H(  20)   4.2297   4.1439   3.240   0.0200    -0.0095            
      H(  18), H(  19)   1.7875
      H(  18), H(  20)   1.7883
      H(  19), H(  20)   1.7937


      BOND ANGLES, BENDING AND STRETCH-BEND ENERGIES   (   36 ANGLES)

          EB = 0.021914(KB)(DT)(DT)(1+CF*DT+QF*DT**2+PF*DT**3+SF*DT**4)
                          DT = THETA-TZERO
                          CF = -1400.000E-5
                          QF =     5.600E-5
                          PF =    -0.070E-5
                          SF =     0.022E-6
          ESB(J) = 2.51124(KSB(J))(DT)(DR1+DR2)
                          DR(I) = R(I) - R0(I)
          EBDBD  = -0.02191418(KBB1)(DT1)(KBB2)(DT2)

          A T O M S            THETA    TZERO     KB     EB     KSB    ESB
   C(   2)- C(   1)- H(   7)  111.328  110.700  0.590  0.0050  0.08  0.0021     
   C(   2)- C(   1)- H(   8)  112.206  110.700  0.590  0.0287  0.08  0.0047     
   C(   2)- C(   1)- H(   9)  111.688  110.700  0.590  0.0124  0.08  0.0033     
   H(   7)- C(   1)- H(   8)  106.921  107.800  0.550  0.0094                   
   H(   7)- C(   1)- H(   9)  106.921  107.800  0.550  0.0094                   
   H(   8)- C(   1)- H(   9)  107.482  107.800  0.550  0.0012                   
   C(   1)- C(   2)- C(   3)  111.378  110.200  0.670  0.0200  0.13  0.0164     
   C(   1)- C(   2)- C(   5)  109.577  110.200  0.670  0.0058  0.13 -0.0063     
   C(   1)- C(   2)- H(  10)  107.118  109.800  0.590  0.0966  0.08 -0.0119     
   C(   3)- C(   2)- C(   5)  113.502  110.200  0.670  0.1528  0.13  0.0450     
   C(   3)- C(   2)- H(  10)  107.420  109.800  0.590  0.0757  0.08 -0.0158     
   C(   5)- C(   2)- H(  10)  107.552  109.800  0.590  0.0674  0.08 -0.0096     
   C(   2)- C(   3)- C(   4)  113.502  110.200  0.670  0.1528  0.13  0.0450     
   C(   2)- C(   3)- C(   6)  111.378  110.200  0.670  0.0200  0.13  0.0164     
   C(   2)- C(   3)- H(  11)  107.420  109.800  0.590  0.0757  0.08 -0.0158     
   C(   4)- C(   3)- C(   6)  109.577  110.200  0.670  0.0058  0.13 -0.0063     
   C(   4)- C(   3)- H(  11)  107.552  109.800  0.590  0.0674  0.08 -0.0096     
   C(   6)- C(   3)- H(  11)  107.118  109.800  0.590  0.0966  0.08 -0.0119     
   C(   3)- C(   4)- H(  12)  111.179  110.700  0.590  0.0029  0.08  0.0015     
   C(   3)- C(   4)- H(  13)  112.159  110.700  0.590  0.0270  0.08  0.0043     
   C(   3)- C(   4)- H(  14)  112.157  110.700  0.590  0.0269  0.08  0.0043     
   H(  12)- C(   4)- H(  13)  106.627  107.800  0.550  0.0168                   
   H(  12)- C(   4)- H(  14)  106.837  107.800  0.550  0.0113                   
   H(  13)- C(   4)- H(  14)  107.557  107.800  0.550  0.0007                   
   C(   2)- C(   5)- H(  15)  112.159  110.700  0.590  0.0270  0.08  0.0043     
   C(   2)- C(   5)- H(  16)  112.157  110.700  0.590  0.0269  0.08  0.0043     
   C(   2)- C(   5)- H(  17)  111.179  110.700  0.590  0.0029  0.08  0.0015     
   H(  15)- C(   5)- H(  16)  107.557  107.800  0.550  0.0007                   
   H(  15)- C(   5)- H(  17)  106.627  107.800  0.550  0.0168                   
   H(  16)- C(   5)- H(  17)  106.837  107.800  0.550  0.0113                   
   C(   3)- C(   6)- H(  18)  111.328  110.700  0.590  0.0050  0.08  0.0021     
   C(   3)- C(   6)- H(  19)  112.206  110.700  0.590  0.0287  0.08  0.0047     
   C(   3)- C(   6)- H(  20)  111.688  110.700  0.590  0.0124  0.08  0.0033     
   H(  18)- C(   6)- H(  19)  106.921  107.800  0.550  0.0094                   
   H(  18)- C(   6)- H(  20)  106.921  107.800  0.550  0.0094                   
   H(  19)- C(   6)- H(  20)  107.482  107.800  0.550  0.0012                   


     DIHEDRAL ANGLES, TORSIONAL ENERGY (ET)   (   45 ANGLES)

           ET = (V1/2)(1+COS(W))+(V2/2)(1-COS(2W))+(V3/2)(1+COS(3W))

           ETS = -11.995*(R-R0)((KTS1/2)(1+COS(W))+
                                (KTS2/2)(1-COS(2W)+
                                (KTS3/2)(1+COS(3W))

           SIGN OF ANGLE A-B-C-D : WHEN LOOKING THROUGH B TOWARD C,
           IF D IS COUNTERCLOCKWISE FROM A, NEGATIVE.

         A T O M S               OMEGA    V1     V2     V3     ET   KTS3   ETS
 C(   1) C(   2) C(   3) C(   4)  65.9  0.185  0.170  0.520  0.284 0.059 0.000  
 C(   1) C(   2) C(   3) C(   6)-169.9  0.185  0.170  0.520  0.043 0.059-0.001  
 C(   1) C(   2) C(   3) H(  11) -52.8  0.000  0.000  0.280  0.010 0.059-0.001  
 C(   1) C(   2) C(   5) H(  15) 177.4  0.000  0.000  0.280  0.001 0.059 0.000  
 C(   1) C(   2) C(   5) H(  16) -61.4  0.000  0.000  0.280  0.000 0.059 0.000  
 C(   1) C(   2) C(   5) H(  17)  58.1  0.000  0.000  0.280  0.001 0.059 0.000  
 C(   2) C(   3) C(   4) H(  12)-176.6  0.000  0.000  0.280  0.002 0.059 0.000  
 C(   2) C(   3) C(   4) H(  13) -57.4  0.000  0.000  0.280  0.001 0.059 0.000  
 C(   2) C(   3) C(   4) H(  14)  63.8  0.000  0.000  0.280  0.003 0.059 0.000  
 C(   2) C(   3) C(   6) H(  18) 172.7  0.000  0.000  0.280  0.010 0.059 0.000  
 C(   2) C(   3) C(   6) H(  19) -67.5  0.000  0.000  0.280  0.011 0.059 0.000  
 C(   2) C(   3) C(   6) H(  20)  53.2  0.000  0.000  0.280  0.009 0.059 0.000  
 C(   3) C(   2) C(   1) H(   7) 172.7  0.000  0.000  0.280  0.010 0.059 0.000  
 C(   3) C(   2) C(   1) H(   8) -67.5  0.000  0.000  0.280  0.011 0.059 0.000  
 C(   3) C(   2) C(   1) H(   9)  53.2  0.000  0.000  0.280  0.009 0.059 0.000  
 C(   3) C(   2) C(   5) H(  15) -57.4  0.000  0.000  0.280  0.001 0.059 0.000  
 C(   3) C(   2) C(   5) H(  16)  63.8  0.000  0.000  0.280  0.003 0.059 0.000  
 C(   3) C(   2) C(   5) H(  17)-176.6  0.000  0.000  0.280  0.002 0.059 0.000  
 C(   4) C(   3) C(   2) C(   5) -58.3  0.185  0.170  0.520  0.265 0.059 0.000  
 C(   4) C(   3) C(   2) H(  10)-177.1  0.000  0.000  0.280  0.002 0.059 0.000  
 C(   4) C(   3) C(   6) H(  18) -60.9  0.000  0.000  0.280  0.000 0.059 0.000  
 C(   4) C(   3) C(   6) H(  19)  58.9  0.000  0.000  0.280  0.000 0.059 0.000  
 C(   4) C(   3) C(   6) H(  20) 179.7  0.000  0.000  0.280  0.000 0.059 0.000  
 C(   5) C(   2) C(   1) H(   7) -60.9  0.000  0.000  0.280  0.000 0.059 0.000  
 C(   5) C(   2) C(   1) H(   8)  58.9  0.000  0.000  0.280  0.000 0.059 0.000  
 C(   5) C(   2) C(   1) H(   9) 179.7  0.000  0.000  0.280  0.000 0.059 0.000  
 C(   5) C(   2) C(   3) C(   6)  65.9  0.185  0.170  0.520  0.284 0.059 0.000  
 C(   5) C(   2) C(   3) H(  11)-177.1  0.000  0.000  0.280  0.002 0.059 0.000  
 C(   6) C(   3) C(   2) H(  10) -52.8  0.000  0.000  0.280  0.010 0.059-0.001  
 C(   6) C(   3) C(   4) H(  12)  58.1  0.000  0.000  0.280  0.001 0.059 0.000  
 C(   6) C(   3) C(   4) H(  13) 177.4  0.000  0.000  0.280  0.001 0.059 0.000  
 C(   6) C(   3) C(   4) H(  14) -61.4  0.000  0.000  0.280  0.000 0.059 0.000  
 H(   7) C(   1) C(   2) H(  10)  55.5  0.000  0.000  0.238  0.003 0.059 0.000  
 H(   8) C(   1) C(   2) H(  10) 175.3  0.000  0.000  0.238  0.004 0.059 0.000  
 H(   9) C(   1) C(   2) H(  10) -64.0  0.000  0.000  0.238  0.003 0.059 0.000  
 H(  10) C(   2) C(   3) H(  11)  64.2  0.000  0.000  0.238  0.003 0.059 0.000  
 H(  10) C(   2) C(   5) H(  15)  61.3  0.000  0.000  0.238  0.000 0.059 0.000  
 H(  10) C(   2) C(   5) H(  16)-177.5  0.000  0.000  0.238  0.001 0.059 0.000  
 H(  10) C(   2) C(   5) H(  17) -58.0  0.000  0.000  0.238  0.001 0.059 0.000  
 H(  11) C(   3) C(   4) H(  12) -58.0  0.000  0.000  0.238  0.001 0.059 0.000  
 H(  11) C(   3) C(   4) H(  13)  61.3  0.000  0.000  0.238  0.000 0.059 0.000  
 H(  11) C(   3) C(   4) H(  14)-177.5  0.000  0.000  0.238  0.001 0.059 0.000  
 H(  11) C(   3) C(   6) H(  18)  55.5  0.000  0.000  0.238  0.003 0.059 0.000  
 H(  11) C(   3) C(   6) H(  19) 175.3  0.000  0.000  0.238  0.004 0.059 0.000  
 H(  11) C(   3) C(   6) H(  20) -64.0  0.000  0.000  0.238  0.003 0.059 0.000  


 ==============================================================================
                        NORMAL MODE VIBRATIONAL ANALYSIS
 ==============================================================================


             Molecular Shape : ASYMMETRIC ROTOR WITH KAPPA =-0.660155
        Symmetry Point Group : C2  
             Symmetry Number :  2
                   Chirality : yes



0       FUNDAMENTAL NORMAL VIBRATIONAL FREQUENCIES
                ( THEORETICALLY  54 VALUES )

             Frequency :  in 1/cm
             A(i)      :  IR intensity (vs,s,m,w,vw,-- or in 10**6 cm/mole)
             A(i) = -- :  IR inactive


             no       Frequency   Symmetry      A(i)

             1.          2985.0     (A   )        m
             2.          2984.4     (B   )        s
             3.          2978.8     (A   )        s
             4.          2978.2     (B   )        w
             5.          2973.2     (A   )        w
             6.          2972.4     (B   )        s
             7.          2968.8     (B   )        m
             8.          2968.8     (A   )        w
             9.          2902.5     (A   )        m
            10.          2897.2     (B   )        m
            11.          2885.2     (A   )        m
            12.          2884.7     (B   )        w
            13.          2879.9     (A   )        w
            14.          2879.0     (B   )        m
            15.          1491.4     (A   )        w
            16.          1489.5     (B   )        w
            17.          1477.7     (A   )       vw
            18.          1472.4     (A   )        w
            19.          1468.4     (B   )        w
            20.          1463.5     (B   )        w
            21.          1461.0     (A   )        w
            22.          1457.5     (B   )        w
            23.          1456.6     (A   )        w
            24.          1442.3     (B   )        w
            25.          1439.4     (A   )        w
            26.          1421.9     (B   )        w
            27.          1402.2     (A   )        w
            28.          1385.2     (B   )        w
            29.          1361.3     (A   )        w
            30.          1334.1     (B   )        w
            31.          1163.2     (A   )        w
            32.          1084.5     (A   )        w
            33.          1072.2     (B   )        w
            34.          1068.6     (B   )        w
            35.          1043.6     (A   )        w
            36.          1027.8     (B   )        w
            37.           968.2     (A   )       vw
            38.           965.0     (B   )       vw
            39.           937.4     (A   )        w
            40.           931.0     (B   )        w
            41.           915.8     (A   )        w
            42.           858.1     (B   )        w
            43.           709.5     (A   )        w
            44.           521.5     (B   )        w
            45.           450.6     (A   )        w
            46.           403.0     (B   )        w
            47.           336.6     (A   )        w
            48.           294.4     (A   )        w
            49.           282.8     (B   )        w
            50.           268.6     (A   )       vw
            51.           238.9     (B   )       vw
            52.           234.4     (A   )       vw
            53.           205.7     (B   )       vw
            54.            70.6     (A   )       --
            55.     (       0.0)    (t/r )
            56.     (       0.0)    (t/r )
            57.     (       0.0)    (t/r )
            58.     (       0.0)    (t/r )
            59.     (       0.0)    (t/r )
            60.     (       0.0)    (t/r )


0       CORRESPONDING EIGEN VECTOR MATRIX   60 BY  60



 (  1)
    -0.003    0.004    0.004    0.000    0.000   -0.001    0.000    0.000
    -0.001    0.029    0.051   -0.029   -0.029   -0.051   -0.029    0.003
    -0.004    0.004    0.033   -0.015   -0.005   -0.001   -0.031   -0.041
     0.000    0.000   -0.002    0.000    0.001    0.012    0.000   -0.001
     0.012   -0.020   -0.004    0.005   -0.320   -0.361   -0.048   -0.002
    -0.237    0.386    0.320    0.361   -0.048    0.002    0.236    0.386
     0.020    0.004    0.005   -0.033    0.015   -0.005    0.001    0.031
    -0.041    0.000    0.000   -0.002

 (  2)
     0.001   -0.005   -0.020    0.000    0.000   -0.001    0.000    0.000
     0.001   -0.032   -0.047    0.025   -0.032   -0.047   -0.025    0.001
    -0.005    0.020   -0.037    0.017    0.009    0.010    0.105    0.142
     0.013   -0.061    0.084    0.001    0.006    0.015    0.001    0.006
    -0.015    0.052   -0.013   -0.003    0.323    0.362    0.049    0.005
     0.209   -0.341    0.323    0.362   -0.049    0.005    0.209    0.341
     0.052   -0.013    0.003   -0.037    0.017   -0.009    0.010    0.105
    -0.142    0.013   -0.061   -0.084

 (  3)
     0.008   -0.020   -0.061    0.000   -0.001   -0.001    0.000    0.001
    -0.001   -0.003    0.006   -0.006    0.003   -0.006   -0.006   -0.008
     0.020   -0.061   -0.172    0.077    0.035    0.034    0.329    0.448
     0.037   -0.173    0.242    0.005    0.013    0.011   -0.005   -0.013
     0.011    0.042   -0.022    0.003   -0.002   -0.006    0.000    0.001
    -0.038    0.064    0.002    0.006    0.000   -0.001    0.038    0.064
    -0.042    0.022    0.003    0.172   -0.077    0.035   -0.034   -0.329
     0.448   -0.037    0.173    0.242

 (  4)
     0.009   -0.019   -0.058    0.000   -0.001    0.000    0.000   -0.001
     0.000    0.004    0.018   -0.012    0.004    0.018    0.012    0.009
    -0.019    0.058   -0.171    0.077    0.034    0.033    0.313    0.427
     0.034   -0.161    0.226    0.004    0.010    0.002    0.004    0.010
    -0.002    0.031   -0.020    0.004   -0.084   -0.098   -0.012    0.000
    -0.091    0.149   -0.084   -0.098    0.012    0.000   -0.091   -0.149
     0.031   -0.020   -0.004   -0.171    0.077   -0.034    0.033    0.313
    -0.427    0.034   -0.161   -0.226

 (  5)
    -0.006    0.005   -0.010    0.000    0.001    0.001    0.000   -0.001
     0.001    0.055   -0.015    0.028   -0.055    0.015    0.028    0.006
    -0.005   -0.010    0.052   -0.023   -0.005    0.005    0.026    0.039
     0.014   -0.062    0.080   -0.001   -0.003   -0.011    0.001    0.003
    -0.011   -0.450    0.223   -0.025   -0.192   -0.198   -0.037   -0.014
     0.160   -0.270    0.192    0.198   -0.037    0.014   -0.160   -0.270
     0.450   -0.223   -0.025   -0.052    0.023   -0.005   -0.005   -0.026
     0.039   -0.014    0.062    0.080

 (  6)
     0.007   -0.008   -0.004    0.000    0.000    0.000    0.000    0.000
     0.000    0.054   -0.018    0.030    0.054   -0.018   -0.030    0.007
    -0.008    0.004   -0.082    0.036    0.011    0.003    0.040    0.053
    -0.005    0.017   -0.019    0.002    0.001    0.007    0.002    0.001
    -0.007   -0.452    0.225   -0.026   -0.173   -0.176   -0.034   -0.013
     0.172   -0.290   -0.173   -0.176    0.034   -0.013    0.173    0.290
    -0.453    0.225    0.026   -0.082    0.036   -0.011    0.003    0.040
    -0.053   -0.005    0.017    0.019

 (  7)
    -0.043    0.043   -0.021    0.000    0.001    0.001    0.000    0.001
    -0.001    0.008   -0.001    0.003    0.008   -0.001   -0.003   -0.043
     0.043    0.021    0.438   -0.195   -0.051    0.006   -0.043   -0.040
     0.066   -0.271    0.343   -0.001   -0.007   -0.009   -0.001   -0.007
     0.009   -0.062    0.030   -0.003   -0.037   -0.039   -0.007   -0.002
     0.017   -0.029   -0.036   -0.038    0.007   -0.002    0.017    0.029
    -0.062    0.030    0.003    0.443   -0.197    0.052    0.006   -0.043
     0.041    0.067   -0.274   -0.347

 (  8)
     0.044   -0.044    0.019    0.000    0.001    0.000    0.000   -0.001
     0.000    0.010    0.000    0.003   -0.010    0.000    0.003   -0.043
     0.043    0.019   -0.447    0.199    0.053   -0.004    0.053    0.055
    -0.065    0.267   -0.338    0.002   -0.003   -0.005   -0.002    0.003
    -0.005   -0.072    0.035   -0.004   -0.047   -0.050   -0.008   -0.002
     0.014   -0.025    0.047    0.050   -0.008    0.002   -0.014   -0.025
     0.073   -0.035   -0.004    0.442   -0.197    0.052    0.004   -0.053
     0.055    0.065   -0.265   -0.334

 (  9)
    -0.007   -0.007    0.000   -0.004    0.032    0.044    0.004   -0.032
     0.044    0.003   -0.006   -0.011   -0.003    0.006   -0.011    0.007
     0.007    0.000    0.084   -0.031   -0.011    0.004    0.051    0.071
    -0.007    0.051   -0.062    0.041   -0.372   -0.511   -0.041    0.372
    -0.511   -0.095    0.050    0.001    0.061    0.071    0.015    0.001
    -0.060    0.096   -0.061   -0.071    0.015   -0.001    0.060    0.096
     0.095   -0.050    0.001   -0.084    0.031   -0.011   -0.004   -0.051
     0.071    0.007   -0.051   -0.062

 ( 10)
    -0.008   -0.009    0.000   -0.002    0.030    0.044   -0.002    0.030
    -0.044   -0.005    0.008    0.013   -0.005    0.008   -0.013   -0.008
    -0.009    0.000    0.081   -0.029   -0.010    0.005    0.057    0.079
    -0.009    0.063   -0.076    0.033   -0.356   -0.496    0.033   -0.356
     0.496    0.132   -0.069    0.000   -0.077   -0.092   -0.019   -0.001
     0.073   -0.120   -0.077   -0.092    0.019   -0.001    0.073    0.120
     0.132   -0.069    0.000    0.081   -0.029    0.010    0.005    0.057
    -0.079   -0.009    0.063    0.076

 ( 11)
     0.006    0.005    0.000    0.001   -0.010   -0.009   -0.001    0.010
    -0.009    0.013   -0.025   -0.031   -0.013    0.025   -0.031   -0.006
    -0.005    0.000   -0.062    0.024    0.008   -0.006   -0.040   -0.054
     0.007   -0.038    0.047   -0.010    0.095    0.125    0.010   -0.095
     0.125   -0.377    0.191   -0.012    0.233    0.266    0.045    0.001
    -0.178    0.314   -0.232   -0.266    0.045   -0.001    0.178    0.313
     0.376   -0.191   -0.012    0.062   -0.024    0.008    0.006    0.040
    -0.054   -0.007    0.038    0.047

 ( 12)
     0.014    0.012   -0.003    0.000   -0.010   -0.008    0.000   -0.010
     0.008   -0.012    0.022    0.029   -0.012    0.022   -0.029    0.014
     0.012    0.003   -0.165    0.067    0.022   -0.011   -0.094   -0.123
     0.020   -0.109    0.138   -0.008    0.090    0.120   -0.008    0.090
    -0.120    0.341   -0.173    0.010   -0.210   -0.239   -0.040    0.001
     0.166   -0.293   -0.210   -0.239    0.040    0.001    0.166    0.293
     0.341   -0.173   -0.011   -0.165    0.067   -0.022   -0.011   -0.094
     0.123    0.020   -0.109   -0.137

 ( 13)
     0.031    0.027   -0.007   -0.003    0.007    0.012    0.003   -0.007
     0.012   -0.002    0.002    0.003    0.002   -0.002    0.003   -0.031
    -0.027   -0.007   -0.368    0.153    0.049   -0.029   -0.212   -0.275
     0.047   -0.242    0.309    0.014   -0.099   -0.138   -0.014    0.099
    -0.138    0.044   -0.022    0.002   -0.024   -0.026   -0.004    0.000
     0.018   -0.034    0.024    0.026   -0.004    0.000   -0.018   -0.034
    -0.044    0.022    0.002    0.368   -0.153    0.049    0.029    0.212
    -0.275   -0.047    0.242    0.309

 ( 14)
    -0.028   -0.024    0.006    0.003   -0.011   -0.017    0.003   -0.011
     0.017   -0.004    0.009    0.010   -0.004    0.009   -0.010   -0.028
    -0.024   -0.006    0.334   -0.140   -0.044    0.027    0.192    0.250
    -0.043    0.217   -0.278   -0.015    0.140    0.196   -0.015    0.140
    -0.196    0.129   -0.065    0.005   -0.086   -0.099   -0.016    0.000
     0.061   -0.110   -0.086   -0.099    0.016    0.000    0.061    0.110
     0.129   -0.065   -0.005    0.334   -0.140    0.044    0.027    0.192
    -0.250   -0.043    0.217    0.278

 ( 15)
     0.034    0.023   -0.004   -0.071   -0.025    0.012    0.071    0.025
     0.012    0.011    0.014   -0.017   -0.011   -0.014   -0.017   -0.034
    -0.023   -0.004   -0.016   -0.093   -0.070   -0.141   -0.012    0.043
    -0.032   -0.018   -0.031    0.233    0.029   -0.005   -0.233   -0.029
    -0.005   -0.128   -0.245    0.249    0.186   -0.120   -0.116   -0.301
     0.114    0.037   -0.186    0.120   -0.116    0.301   -0.114    0.037
     0.128    0.245    0.249    0.016    0.093   -0.070    0.141    0.012
     0.043    0.032    0.018   -0.031

 ( 16)
     0.013    0.006    0.016    0.010   -0.025    0.038    0.010   -0.025
    -0.038   -0.004    0.043    0.015   -0.004    0.043   -0.015    0.013
     0.006   -0.016   -0.054   -0.067   -0.277   -0.264    0.058    0.006
     0.169    0.009   -0.003   -0.099    0.116   -0.066   -0.099    0.116
     0.066   -0.175   -0.283   -0.004    0.270   -0.181   -0.037   -0.071
     0.057    0.019    0.270   -0.181    0.037   -0.071    0.057   -0.019
    -0.175   -0.283    0.004   -0.054   -0.067    0.277   -0.264    0.058
    -0.006    0.169    0.009    0.003

 ( 17)
    -0.023   -0.025    0.019    0.083    0.013   -0.014   -0.083   -0.013
    -0.014    0.001    0.026   -0.003   -0.001   -0.026   -0.003    0.023
     0.025    0.019   -0.044   -0.017   -0.131   -0.088    0.131   -0.095
     0.129    0.083    0.090   -0.271   -0.057    0.005    0.271    0.057
     0.005   -0.154   -0.278   -0.051    0.226   -0.185    0.101    0.009
     0.136    0.056   -0.226    0.185    0.101   -0.009   -0.136    0.056
     0.154    0.278   -0.051    0.044    0.017   -0.131    0.088   -0.131
    -0.095   -0.129   -0.083    0.090

 ( 18)
    -0.013   -0.005   -0.028    0.009    0.013   -0.018   -0.009   -0.013
    -0.018    0.002    0.017    0.002   -0.002   -0.017    0.002    0.013
     0.005   -0.028    0.064    0.037    0.446    0.346   -0.065   -0.024
    -0.290    0.034    0.039   -0.063   -0.043    0.014    0.063    0.043
     0.014   -0.080   -0.142    0.035    0.103   -0.064   -0.005   -0.075
     0.050    0.020   -0.103    0.064   -0.005    0.075   -0.050    0.020
     0.080    0.142    0.035   -0.064   -0.037    0.446   -0.346    0.065
    -0.024    0.290   -0.034    0.039

 ( 19)
     0.015    0.006    0.014    0.003   -0.029    0.024    0.003   -0.029
    -0.024   -0.014   -0.006    0.030   -0.014   -0.006   -0.030    0.015
     0.006   -0.014   -0.056   -0.089   -0.244   -0.227    0.082   -0.016
     0.142    0.032    0.017   -0.070    0.071   -0.053   -0.070    0.071
     0.053    0.140    0.288   -0.211   -0.192    0.154   -0.011    0.219
    -0.190   -0.069   -0.192    0.154    0.011    0.219   -0.190    0.069
     0.140    0.288    0.211   -0.056   -0.089    0.244   -0.227    0.082
     0.016    0.142    0.032   -0.017

 ( 20)
     0.036    0.010   -0.031   -0.005   -0.043    0.032   -0.005   -0.043
    -0.032   -0.010    0.029    0.026   -0.010    0.029   -0.026    0.036
     0.010    0.031   -0.029   -0.263    0.286    0.012    0.105   -0.107
    -0.319    0.193    0.160   -0.009    0.158   -0.115   -0.009    0.158
     0.115   -0.046   -0.038   -0.119    0.075   -0.031   -0.029    0.068
    -0.077   -0.034    0.075   -0.031    0.029    0.068   -0.077    0.034
    -0.046   -0.038    0.119   -0.029   -0.263   -0.286    0.012    0.105
     0.107   -0.319    0.193   -0.160

 ( 21)
    -0.034    0.000    0.017   -0.015    0.049   -0.025    0.015   -0.049
    -0.025   -0.004    0.032    0.025    0.004   -0.032    0.025    0.034
     0.000    0.017    0.072    0.312   -0.108    0.128   -0.215    0.169
     0.194   -0.254   -0.215   -0.018   -0.124    0.104    0.018    0.124
     0.104   -0.063   -0.077   -0.026    0.093   -0.025   -0.094   -0.044
    -0.086   -0.041   -0.093    0.025   -0.094    0.044    0.086   -0.041
     0.063    0.077   -0.026   -0.072   -0.312   -0.108   -0.128    0.215
     0.169   -0.194    0.254   -0.215

 ( 22)
     0.004   -0.021    0.007    0.014    0.013   -0.015    0.014    0.013
     0.015    0.029   -0.014   -0.008    0.029   -0.014    0.008    0.004
    -0.021   -0.007   -0.046   -0.125   -0.067   -0.121    0.193   -0.145
     0.008    0.162    0.156    0.009   -0.063    0.036    0.009   -0.063
    -0.036    0.053    0.036    0.298   -0.102    0.141   -0.237   -0.363
    -0.075   -0.041   -0.102    0.141    0.237   -0.363   -0.075    0.041
     0.053    0.036   -0.298   -0.046   -0.125    0.067   -0.121    0.193
     0.145    0.008    0.162   -0.156

 ( 23)
    -0.029   -0.015    0.005    0.059   -0.011    0.012   -0.059    0.011
     0.012    0.038   -0.031   -0.029   -0.038    0.031   -0.029    0.029
     0.015    0.005    0.009    0.096   -0.017    0.079    0.008   -0.023
     0.108    0.008    0.004   -0.217    0.056   -0.056    0.217   -0.056
    -0.056    0.084    0.059    0.325   -0.175    0.173   -0.110   -0.359
     0.033    0.011    0.175   -0.172   -0.110    0.359   -0.033    0.011
    -0.084   -0.059    0.325   -0.009   -0.096   -0.017   -0.079   -0.008
    -0.022   -0.108   -0.008    0.004

 ( 24)
    -0.010    0.022   -0.009    0.015   -0.037    0.041    0.015   -0.037
    -0.041    0.008    0.030    0.043    0.008    0.030   -0.043   -0.010
     0.022    0.009    0.041    0.128    0.080    0.144   -0.195    0.142
     0.020   -0.153   -0.159   -0.144    0.161   -0.110   -0.144    0.161
     0.110   -0.004    0.009    0.029   -0.006    0.110   -0.294   -0.196
    -0.234   -0.104   -0.006    0.110    0.294   -0.196   -0.234    0.104
    -0.004    0.009   -0.029    0.041    0.128   -0.080    0.144   -0.195
    -0.142    0.020   -0.153    0.159

 ( 25)
    -0.001    0.027   -0.006    0.015   -0.051    0.031   -0.015    0.051
     0.031   -0.002   -0.038   -0.056    0.002    0.038   -0.056    0.001
    -0.027   -0.006    0.016    0.070    0.010    0.066   -0.175    0.144
     0.033   -0.152   -0.160   -0.002    0.147   -0.115    0.002   -0.147
    -0.115    0.011   -0.011    0.045   -0.020   -0.097    0.324    0.141
     0.295    0.130    0.020    0.097    0.324   -0.141   -0.295    0.130
    -0.011    0.011    0.045   -0.016   -0.070    0.010   -0.066    0.175
     0.144   -0.033    0.152   -0.160

 ( 26)
    -0.063   -0.062    0.004    0.043    0.008    0.010    0.043    0.008
    -0.010   -0.014    0.013    0.018   -0.014    0.013   -0.018   -0.063
    -0.062   -0.004    0.062    0.237    0.058    0.233    0.170   -0.207
     0.210    0.191    0.166   -0.208    0.007    0.000   -0.208    0.007
     0.000   -0.029   -0.017   -0.110    0.059   -0.043   -0.028    0.081
    -0.054   -0.020    0.059   -0.043    0.028    0.081   -0.054    0.020
    -0.029   -0.017    0.110    0.062    0.237   -0.058    0.233    0.170
     0.207    0.210    0.191   -0.166

 ( 27)
    -0.038   -0.057    0.001   -0.047    0.018    0.001    0.047   -0.018
     0.001   -0.007   -0.008   -0.028    0.007    0.008   -0.028    0.038
     0.057    0.001    0.084    0.237   -0.013    0.166    0.163   -0.193
     0.211    0.172    0.145    0.288   -0.062    0.092   -0.288    0.062
     0.092    0.008    0.036    0.085   -0.025   -0.021    0.142    0.039
     0.137    0.052    0.025    0.021    0.142   -0.039   -0.137    0.052
    -0.008   -0.036    0.085   -0.084   -0.237   -0.013   -0.166   -0.163
    -0.193   -0.211   -0.172    0.145

 ( 28)
    -0.002    0.009   -0.006    0.033   -0.038    0.039    0.033   -0.038
    -0.039    0.003   -0.021   -0.053    0.003   -0.021    0.053   -0.002
     0.009    0.006   -0.013   -0.024    0.033    0.018   -0.020    0.015
     0.019    0.015   -0.008   -0.318    0.226   -0.176   -0.318    0.226
     0.176    0.054    0.104    0.241   -0.125    0.045    0.238   -0.031
     0.253    0.099   -0.125    0.045   -0.238   -0.031    0.253   -0.099
     0.054    0.104   -0.241   -0.013   -0.024   -0.033    0.018   -0.020
    -0.015    0.019    0.015    0.008

 ( 29)
     0.023    0.014    0.014   -0.009    0.069   -0.037    0.009   -0.069
    -0.037    0.001   -0.003   -0.036   -0.001    0.003   -0.036   -0.023
    -0.014    0.014   -0.040   -0.125   -0.021   -0.118   -0.012    0.052
    -0.150   -0.062   -0.013   -0.073   -0.372    0.281    0.073    0.372
     0.281    0.038    0.092    0.162   -0.100    0.054    0.185   -0.009
     0.162    0.054    0.100   -0.054    0.185    0.009   -0.162    0.054
    -0.038   -0.092    0.162    0.040    0.125   -0.021    0.118    0.012
     0.052    0.150    0.062   -0.013

 ( 30)
    -0.006   -0.024   -0.015   -0.061   -0.035    0.023   -0.061   -0.035
    -0.023    0.012    0.006   -0.010    0.012    0.006    0.010   -0.006
    -0.024    0.015    0.072    0.155   -0.050    0.067    0.039   -0.076
     0.145    0.066    0.028    0.460    0.298   -0.181    0.460    0.298
     0.181    0.004   -0.006    0.046   -0.047    0.054    0.058   -0.043
     0.035    0.004   -0.047    0.054   -0.058   -0.043    0.035   -0.004
     0.004   -0.006   -0.046    0.072    0.155    0.050    0.067    0.039
     0.076    0.145    0.066   -0.028

 ( 31)
     0.031   -0.018    0.017   -0.095    0.050   -0.041    0.095   -0.050
    -0.041   -0.032    0.007    0.026    0.032   -0.007    0.026   -0.031
     0.018    0.017    0.094    0.139   -0.060   -0.048    0.093   -0.057
    -0.116   -0.038    0.032   -0.321    0.225   -0.185    0.321   -0.225
    -0.185    0.004    0.100    0.150    0.032   -0.055    0.023    0.062
     0.067    0.066   -0.032    0.055    0.023   -0.062   -0.067    0.066
    -0.004   -0.100    0.150   -0.094   -0.139   -0.060    0.048   -0.093
    -0.057    0.116    0.038    0.032

 ( 32)
    -0.014   -0.057   -0.018    0.048    0.099   -0.003   -0.048   -0.099
    -0.003    0.029    0.038    0.009   -0.029   -0.038    0.009    0.014
     0.057   -0.018    0.009   -0.018    0.004   -0.167   -0.112    0.025
    -0.114   -0.049    0.008    0.221    0.258   -0.099   -0.221   -0.258
    -0.099   -0.035   -0.091    0.036   -0.073    0.103    0.236   -0.064
    -0.074   -0.059    0.073   -0.103    0.236    0.064    0.074   -0.059
     0.035    0.091    0.036   -0.009    0.018    0.004    0.167    0.112
     0.025    0.114    0.049    0.008

 ( 33)
     0.039    0.037   -0.013   -0.071   -0.058    0.053   -0.071   -0.058
    -0.053    0.046    0.019    0.039    0.046    0.019   -0.039    0.039
     0.037    0.013    0.066    0.076    0.040    0.043    0.016    0.007
     0.116    0.121    0.036   -0.108   -0.243    0.185   -0.108   -0.243
    -0.185   -0.021   -0.139   -0.086   -0.127    0.159    0.201   -0.136
     0.029    0.051   -0.127    0.159   -0.201   -0.136    0.029   -0.051
    -0.021   -0.139    0.086    0.066    0.076   -0.040    0.043    0.016
    -0.007    0.116    0.121   -0.036

 ( 34)
    -0.024   -0.016   -0.055    0.034    0.032    0.085    0.034    0.032
    -0.085   -0.020   -0.031    0.052   -0.020   -0.031   -0.052   -0.024
    -0.016    0.055   -0.006   -0.025    0.123   -0.166   -0.208    0.089
     0.106    0.151    0.044    0.122   -0.018    0.140    0.122   -0.018
    -0.140    0.053    0.111   -0.010    0.018   -0.040   -0.159   -0.002
     0.201    0.201    0.018   -0.040    0.159   -0.002    0.201   -0.201
     0.053    0.111    0.010   -0.006   -0.025   -0.123   -0.166   -0.208
    -0.089    0.106    0.151   -0.044

 ( 35)
    -0.010    0.005    0.053    0.017   -0.008   -0.079   -0.017    0.008
    -0.079    0.016   -0.014    0.059   -0.016    0.014    0.059    0.010
    -0.005    0.053   -0.081   -0.099   -0.130    0.189    0.172   -0.079
    -0.098   -0.190   -0.076    0.161    0.024   -0.102   -0.161   -0.024
    -0.102    0.024   -0.028   -0.173   -0.087    0.093   -0.030   -0.124
     0.199    0.198    0.087   -0.093   -0.030    0.124   -0.199    0.198
    -0.024    0.028   -0.173    0.081    0.099   -0.130   -0.189   -0.172
    -0.079    0.098    0.190   -0.076

 ( 36)
    -0.043    0.054   -0.004    0.032   -0.055    0.001    0.032   -0.055
    -0.001   -0.035    0.036    0.003   -0.035    0.036   -0.003   -0.043
     0.054    0.004   -0.185   -0.264    0.036    0.211   -0.007    0.025
     0.253    0.059   -0.058    0.155   -0.139    0.064    0.155   -0.139
    -0.064   -0.032    0.077    0.226    0.055   -0.056    0.084    0.088
    -0.089   -0.076    0.055   -0.056   -0.084    0.088   -0.089    0.076
    -0.032    0.077   -0.226   -0.185   -0.264   -0.036    0.211   -0.007
    -0.025    0.253    0.059    0.058

 ( 37)
     0.029   -0.035   -0.039    0.003   -0.001    0.005   -0.003    0.001
     0.005    0.023   -0.046    0.030   -0.023    0.046    0.030   -0.029
     0.035   -0.039    0.164    0.225    0.071   -0.271   -0.149    0.062
    -0.050    0.107    0.083   -0.019   -0.056    0.044    0.019    0.056
     0.044    0.049   -0.033   -0.267   -0.047    0.040   -0.150   -0.105
     0.224    0.201    0.047   -0.040   -0.150    0.105   -0.224    0.201
    -0.049    0.033   -0.267   -0.164   -0.225    0.071    0.271    0.149
     0.062    0.050   -0.107    0.083

 ( 38)
    -0.038    0.025    0.036    0.007    0.013   -0.002    0.007    0.013
     0.002    0.034   -0.042    0.028    0.034   -0.042   -0.028   -0.038
     0.025   -0.036   -0.173   -0.237   -0.069    0.245    0.127   -0.055
     0.035   -0.114   -0.082    0.027    0.084   -0.051    0.027    0.084
     0.051    0.028   -0.098   -0.290   -0.077    0.079   -0.104   -0.126
     0.202    0.182   -0.077    0.079    0.104   -0.126    0.202   -0.182
     0.028   -0.098    0.290   -0.173   -0.237    0.069    0.245    0.127
     0.055    0.035   -0.114    0.082

 ( 39)
    -0.057    0.001   -0.035    0.014    0.045   -0.031   -0.014   -0.045
    -0.031   -0.049   -0.004    0.044    0.049    0.004    0.044    0.057
    -0.001   -0.035   -0.145   -0.231    0.113   -0.024   -0.172    0.085
     0.218    0.115   -0.002    0.057    0.063   -0.042   -0.057   -0.063
    -0.042    0.041    0.196    0.138    0.089   -0.102   -0.172    0.058
     0.160    0.148   -0.089    0.102   -0.172   -0.058   -0.160    0.148
    -0.041   -0.196    0.138    0.145    0.231    0.113    0.024    0.172
     0.085   -0.218   -0.115   -0.002

 ( 40)
     0.049    0.017    0.044   -0.020   -0.047    0.034   -0.020   -0.047
    -0.034   -0.052   -0.002    0.048   -0.052   -0.002   -0.048    0.049
     0.017   -0.044    0.085    0.140   -0.118    0.136    0.213   -0.101
    -0.160   -0.134   -0.031    0.016   -0.086    0.064    0.016   -0.086
    -0.064    0.035    0.197    0.168    0.094   -0.107   -0.167    0.070
     0.153    0.146    0.094   -0.107    0.167    0.070    0.153   -0.146
     0.035    0.197   -0.168    0.085    0.140    0.118    0.136    0.213
     0.101   -0.160   -0.134    0.031

 ( 41)
     0.006    0.058   -0.031   -0.071    0.007   -0.019    0.071   -0.007
    -0.019    0.040    0.033    0.032   -0.040   -0.033    0.032   -0.006
    -0.058   -0.031   -0.057   -0.112    0.076    0.066   -0.054    0.048
     0.278    0.184    0.010   -0.147    0.011   -0.028    0.147   -0.011
    -0.028   -0.041   -0.156   -0.141   -0.148    0.181    0.237   -0.118
    -0.001    0.015    0.148   -0.181    0.237    0.118    0.001    0.015
     0.041    0.156   -0.141    0.057    0.112    0.076   -0.066    0.054
     0.048   -0.278   -0.184    0.010

 ( 42)
    -0.045   -0.066    0.029    0.064    0.017    0.061    0.064    0.017
    -0.061    0.011    0.062    0.052    0.011    0.062   -0.052   -0.045
    -0.066   -0.029   -0.037   -0.014   -0.081   -0.035    0.024   -0.039
    -0.238   -0.182   -0.020    0.124   -0.012    0.088    0.124   -0.012
    -0.088   -0.044   -0.047    0.070   -0.091    0.130    0.268   -0.039
    -0.052   -0.015   -0.091    0.130   -0.268   -0.039   -0.052    0.015
    -0.044   -0.047   -0.070   -0.037   -0.014    0.081   -0.035    0.024
     0.039   -0.238   -0.182    0.020

 ( 43)
    -0.050   -0.033    0.019   -0.059    0.075    0.074    0.059   -0.075
     0.074    0.026   -0.068   -0.063   -0.026    0.068   -0.063    0.050
     0.033    0.019   -0.121   -0.179   -0.014    0.084    0.016   -0.027
    -0.012   -0.095   -0.034   -0.104    0.091    0.062    0.104   -0.091
     0.062    0.022   -0.100   -0.211   -0.002   -0.035   -0.136   -0.025
     0.034   -0.001    0.002    0.035   -0.136    0.025   -0.034   -0.001
    -0.022    0.100   -0.211    0.121    0.179   -0.014   -0.084   -0.016
    -0.027    0.012    0.095   -0.034

 ( 44)
     0.008    0.006   -0.011   -0.055    0.079    0.114   -0.055    0.079
    -0.114    0.027   -0.057   -0.044    0.027   -0.057    0.044    0.008
     0.006    0.011   -0.041   -0.091   -0.057    0.133    0.074   -0.070
     0.003   -0.058   -0.059   -0.056    0.069    0.120   -0.056    0.069
    -0.120    0.033   -0.032    0.094    0.068   -0.103    0.016    0.090
    -0.193   -0.128    0.068   -0.103   -0.016    0.090   -0.193    0.128
     0.033   -0.032   -0.094   -0.041   -0.091    0.057    0.133    0.074
     0.070    0.003   -0.058    0.059

 ( 45)
     0.100    0.064   -0.047    0.045    0.076    0.063   -0.045   -0.076
     0.063    0.026    0.033    0.006   -0.026   -0.033    0.006   -0.100
    -0.064   -0.047    0.078    0.021   -0.078    0.179    0.125   -0.097
     0.079    0.009   -0.087    0.037    0.082    0.056   -0.037   -0.082
     0.056    0.053    0.087   -0.006    0.079    0.001   -0.103    0.036
     0.120    0.059   -0.079   -0.001   -0.103   -0.036   -0.120    0.059
    -0.053   -0.087   -0.006   -0.078   -0.021   -0.078   -0.179   -0.125
    -0.097   -0.079   -0.009   -0.087

 ( 46)
    -0.006   -0.075    0.067   -0.084    0.016   -0.017   -0.084    0.016
     0.017    0.064    0.063    0.028    0.064    0.063   -0.028   -0.006
    -0.075   -0.067   -0.035   -0.163    0.152   -0.013   -0.084    0.074
     0.123   -0.064    0.053   -0.099    0.024   -0.023   -0.099    0.024
     0.023    0.110    0.163    0.084    0.152   -0.007   -0.032    0.072
     0.077    0.037    0.152   -0.007    0.032    0.072    0.077   -0.037
     0.110    0.163   -0.084   -0.035   -0.163   -0.152   -0.013   -0.084
    -0.074    0.123   -0.064   -0.053

 ( 47)
    -0.111    0.038   -0.049   -0.023   -0.025    0.046    0.023    0.025
     0.046    0.046    0.083    0.018   -0.046   -0.083    0.018    0.111
    -0.038   -0.049   -0.084    0.103   -0.059   -0.125    0.098   -0.094
    -0.191   -0.029   -0.086   -0.044   -0.016    0.036    0.044    0.016
     0.036    0.079    0.142   -0.026    0.089    0.045    0.017   -0.011
     0.111    0.036   -0.089   -0.045    0.017    0.011   -0.111    0.036
    -0.079   -0.142   -0.026    0.084   -0.103   -0.059    0.125   -0.098
    -0.094    0.191    0.029   -0.086

 ( 48)
     0.013   -0.040   -0.012    0.001   -0.016    0.048   -0.001    0.016
     0.048   -0.137    0.071   -0.020    0.137   -0.071   -0.020   -0.013
     0.040   -0.012   -0.001   -0.056   -0.062    0.059   -0.037   -0.016
    -0.020   -0.040   -0.007   -0.044    0.002    0.030    0.044   -0.002
     0.030   -0.125    0.081   -0.156   -0.134    0.062    0.031   -0.240
     0.098   -0.002    0.134   -0.062    0.031    0.240   -0.098   -0.002
     0.125   -0.081   -0.156    0.001    0.056   -0.062   -0.059    0.037
    -0.016    0.020    0.040   -0.007

 ( 49)
     0.093   -0.060   -0.029   -0.012    0.052   -0.019   -0.012    0.052
     0.019   -0.082    0.023    0.026   -0.082    0.023   -0.026    0.093
    -0.060    0.029    0.028   -0.164   -0.166    0.238   -0.150    0.027
     0.083    0.038    0.047   -0.058    0.049   -0.020   -0.058    0.049
     0.020   -0.130   -0.072    0.044   -0.147    0.088    0.006   -0.009
     0.025    0.027   -0.147    0.088   -0.006   -0.009    0.025   -0.027
    -0.130   -0.072   -0.044    0.028   -0.164    0.166    0.238   -0.150
    -0.027    0.083    0.038   -0.047

 ( 50)
     0.007    0.029    0.049    0.006    0.015   -0.023   -0.006   -0.015
    -0.023    0.008   -0.002   -0.032   -0.008    0.002   -0.032   -0.007
    -0.029    0.049    0.030    0.036    0.199   -0.099    0.085    0.015
     0.103   -0.025   -0.010    0.028    0.035   -0.035   -0.028   -0.035
    -0.035    0.152    0.273   -0.194    0.204   -0.209    0.163   -0.322
    -0.067   -0.067   -0.204    0.209    0.163    0.322    0.067   -0.067
    -0.152   -0.273   -0.194   -0.030   -0.036    0.199    0.099   -0.085
     0.015   -0.103    0.025   -0.010

 ( 51)
     0.036   -0.010   -0.039    0.005    0.026   -0.018    0.005    0.026
     0.018   -0.038   -0.008    0.037   -0.038   -0.008   -0.037    0.036
    -0.010    0.039    0.058   -0.044    0.246   -0.125    0.185   -0.171
     0.201   -0.203   -0.216   -0.010    0.031   -0.023   -0.010    0.031
     0.023    0.035    0.127   -0.069    0.055   -0.115    0.194   -0.246
    -0.067    0.003    0.055   -0.115   -0.194   -0.246   -0.067   -0.003
     0.035    0.127    0.069    0.058   -0.044   -0.246   -0.125    0.185
     0.171    0.201   -0.203    0.216

 ( 52)
    -0.004    0.010   -0.009    0.000    0.005   -0.002    0.000   -0.005
    -0.002    0.012   -0.021    0.010   -0.012    0.021    0.010    0.004
    -0.010   -0.009   -0.051    0.013   -0.381    0.238   -0.223    0.144
    -0.205    0.243    0.204   -0.003    0.002    0.001    0.003   -0.002
     0.001    0.072    0.095   -0.044    0.103   -0.115    0.097   -0.120
    -0.061   -0.012   -0.103    0.115    0.097    0.120    0.061   -0.012
    -0.072   -0.095   -0.044    0.051   -0.013   -0.381   -0.238    0.223
     0.144    0.205   -0.243    0.204

 ( 53)
     0.003    0.004    0.011   -0.001    0.008   -0.003   -0.001    0.008
     0.003   -0.002   -0.009    0.014   -0.002   -0.009   -0.014    0.003
     0.004   -0.011    0.031    0.000    0.236   -0.148    0.139   -0.077
     0.126   -0.130   -0.114   -0.003    0.014   -0.008   -0.003    0.014
     0.008   -0.141   -0.272    0.180   -0.194    0.190   -0.168    0.330
     0.039    0.041   -0.194    0.190    0.168    0.330    0.039   -0.041
    -0.141   -0.272   -0.180    0.031    0.000   -0.236   -0.148    0.139
     0.077    0.126   -0.130    0.114

 ( 54)
     0.006   -0.037   -0.096   -0.005   -0.012    0.019    0.005    0.012
     0.019   -0.018   -0.079    0.079    0.018    0.079    0.079   -0.006
     0.037   -0.096    0.002   -0.060   -0.039    0.005    0.067   -0.171
     0.016   -0.135   -0.172   -0.042   -0.079    0.066    0.042    0.079
     0.066    0.021   -0.003    0.054    0.035   -0.143    0.206   -0.126
    -0.166    0.027   -0.035    0.143    0.206    0.126    0.166    0.027
    -0.021    0.003    0.054   -0.002    0.060   -0.039   -0.005   -0.067
    -0.171   -0.016    0.135   -0.172

 ( 55)
    -0.014    0.128    0.007    0.013    0.099   -0.013   -0.005    0.060
    -0.055   -0.061    0.062   -0.069    0.005    0.116    0.001    0.028
     0.028   -0.075    0.003    0.155    0.036   -0.055    0.137    0.003
    -0.009    0.117   -0.003    0.054    0.094   -0.006    0.000    0.051
    -0.062   -0.073    0.033   -0.098   -0.087    0.083   -0.056   -0.069
     0.069   -0.064    0.025    0.096   -0.012   -0.035    0.123   -0.004
     0.020    0.143    0.030    0.018    0.000   -0.105    0.023    0.034
    -0.072    0.069    0.026   -0.066

 ( 56)
    -0.005    0.017    0.154   -0.027    0.029    0.071   -0.016    0.053
     0.058   -0.039    0.000    0.090   -0.078   -0.032    0.039   -0.030
     0.076   -0.025   -0.009    0.007    0.163   -0.022   -0.025    0.186
     0.032    0.060    0.179   -0.010    0.070    0.043    0.022    0.095
     0.086   -0.029    0.020    0.083   -0.029   -0.017    0.151   -0.077
    -0.043    0.064   -0.095   -0.025   -0.021   -0.097   -0.075    0.066
    -0.084   -0.045    0.047   -0.018    0.099   -0.033   -0.068    0.036
    -0.056   -0.014    0.114   -0.050

 ( 57)
    -0.056   -0.055   -0.017   -0.070   -0.043   -0.041   -0.064   -0.028
    -0.072   -0.081   -0.025   -0.079   -0.107   -0.046   -0.035   -0.072
    -0.016   -0.096   -0.058   -0.066    0.006   -0.069   -0.055   -0.016
    -0.030   -0.053   -0.021   -0.057   -0.044   -0.039   -0.037   -0.028
    -0.074   -0.075   -0.014   -0.101   -0.075   -0.033   -0.062   -0.109
    -0.025   -0.078   -0.118   -0.038   -0.051   -0.122   -0.046   -0.035
    -0.111   -0.057   -0.012   -0.064   -0.006   -0.119   -0.099   -0.015
    -0.098   -0.060   -0.018   -0.093

 ( 58)
    -0.049    0.064    0.051    0.010    0.000    0.025   -0.026   -0.079
     0.022   -0.086   -0.114    0.034    0.048   -0.003    0.013    0.035
    -0.139   -0.004   -0.022    0.122    0.052   -0.094    0.053    0.061
    -0.079    0.068    0.059    0.054    0.018    0.015   -0.055   -0.069
     0.032   -0.113   -0.169    0.033   -0.133   -0.074    0.053   -0.061
    -0.128    0.025    0.093   -0.047   -0.006    0.007   -0.018    0.022
     0.076    0.054    0.014    0.010   -0.193   -0.005    0.064   -0.156
    -0.014    0.080   -0.116   -0.012

 ( 59)
     0.012    0.045   -0.021    0.015    0.034   -0.084    0.015    0.032
    -0.011    0.035   -0.063    0.062    0.038   -0.061   -0.156    0.014
     0.040   -0.074    0.010    0.056   -0.073    0.026   -0.024    0.028
    -0.004    0.112    0.033    0.001    0.103   -0.135   -0.002    0.101
     0.041    0.033   -0.059    0.116    0.035   -0.070    0.112    0.051
    -0.135    0.016    0.040   -0.070   -0.206    0.053   -0.133   -0.111
     0.037   -0.054   -0.210    0.011    0.049   -0.021    0.030   -0.029
    -0.123    0.000    0.108   -0.128

 ( 60)
     0.097   -0.047    0.076    0.082   -0.037    0.020    0.087   -0.025
    -0.052    0.032   -0.023   -0.067    0.011   -0.040    0.034    0.084
    -0.016   -0.108    0.100   -0.056    0.127    0.057   -0.047    0.079
     0.148   -0.046    0.067    0.122   -0.038    0.024    0.139   -0.025
    -0.056    0.039   -0.014   -0.118    0.033   -0.029   -0.029   -0.022
    -0.022   -0.066   -0.002   -0.033   -0.004   -0.032   -0.039    0.034
     0.010   -0.048    0.085    0.095   -0.007   -0.160    0.033   -0.015
    -0.111    0.123   -0.017   -0.100


 ==============================================================================
                      STATISTICAL THERMODYNAMICS ANALYSIS
 ==============================================================================

  Structure name    : 2,3-dimethylbutane-g                                        
  Temperature       :   298.16 K
  Symmetry number   :   2
  Optical isomers   :   2
  Zero Point Energy :  114.671 Kcal/mol


                     ENERGY   ENTHALPY    ENTROPY  FREE ENERGY   HEAT CAPACITY
                  (Kcal/mol) (Kcal/mol)     (eu)   (Kcal/mol)    (cal/mol/deg)
  Translational       0.889      1.481     39.255    -10.223         4.967
     Rotational       0.889      0.889     25.620     -6.750         2.980
    Vibrational     118.128%   118.128%    19.735*   112.244%       25.004*
      Potential       8.563#     8.563#     0.000      8.563#        0.000
         Mixing       0.000      0.000      1.377     -0.411         0.000
          Total     128.468    129.061     85.987    103.423        32.952

  Enthalpy Function (H-Ho)/T     =   19.55 cal/mol/deg
  Free Energy Function -(G-Ho)/T =   66.44 cal/mol/deg

  % Includes zero point energy (ZPE).
  * Excludes contribution from frequencies lower than 40 (1/cm).
  # Includes steric energy (SE).
    Internal rotation contributions are not considered

  This structure has   0 imaginary frequencies,
                       0 free internal rotation (fir) frequencies
                         (>= 0,< 10 /cm),
                       0 restricted internal rotation (rir) frequencies
                         (>= 10,< 40 /cm),
                       6 zero frequencies, and
                      54 real frequencies.


      FINAL STERIC ENERGY IS      8.5626 KCAL/MOL.


                COMPRESSION       0.5404
                BENDING           1.1405
                BEND-BEND        -0.0098
                STRETCH-BEND      0.0762
                VANDERWAALS
                  1,4 ENERGY      4.7189
                  OTHER           1.1029
                H-BONDING         0.0000
                PI-COMPLX         0.0000

                TORSIONAL         1.0016
                TORSION-STRETCH  -0.0081
                DIPOLE-DIPOLE     0.0000
                CHARGE-DIPOLE     0.0000
                CHARGE-CHARGE     0.0000

      -----------------------------------------------------------------

      COORDINATES TRANSLATED TO NEW ORIGIN WHICH IS CENTER OF MASS
         C(   1)    -1.80718    -0.75123     0.51206   (  1)
         C(   2)    -0.70685     0.31953     0.38523   (  1)
         C(   3)     0.70685    -0.31953     0.38523   (  1)
         C(   4)     0.98290    -1.19943    -0.84775   (  1)
         C(   5)    -0.98290     1.19943    -0.84775   (  1)
         C(   6)     1.80718     0.75123     0.51206   (  1)
         H(   7)    -2.81027    -0.28726     0.64380   (  5)
         H(   8)    -1.86690    -1.40099    -0.38805   (  5)
         H(   9)    -1.63820    -1.41243     1.39102   (  5)
         H(  10)    -0.77848     0.97378     1.28928   (  5)
         H(  11)     0.77848    -0.97378     1.28928   (  5)
         H(  12)     1.98186    -1.68542    -0.77941   (  5)
         H(  13)     0.23784    -2.01745    -0.95437   (  5)
         H(  14)     0.97417    -0.61269    -1.79201   (  5)
         H(  15)    -0.23784     2.01745    -0.95437   (  5)
         H(  16)    -0.97417     0.61269    -1.79201   (  5)
         H(  17)    -1.98186     1.68542    -0.77942   (  5)
         H(  18)     2.81027     0.28726     0.64380   (  5)
         H(  19)     1.86690     1.40099    -0.38805   (  5)
         H(  20)     1.63820     1.41243     1.39102   (  5)

      MOMENT OF INERTIA WITH THE PRINCIPAL AXES

          (1)  UNIT = 10**(-39) GM*CM**2
               IX=   19.9735    IY=   32.8940    IZ=   37.9146

          (2)  UNIT = AU A**2
               IX=  120.2965    IY=  198.1138    IZ=  228.3523



      MOLECULAR POLARIZABILITIES (A**3)
        ALPHA(1)   =      13.46
        ALPHA(2)   =      12.62
        ALPHA(3)   =      12.44
        AVG. ALPHA =      12.84


      E (INDP/INDP) =          0.000 KCAL/MOLE
      DIPOLE MOMENT =          0.000 D (INCLUDES INDUCED BOND MOMENTS)
      *NOTE*  E (INDP/INDP) IS NOT INCLUDED IN THE FINAL STERIC ENERGY

        COMPONENTS WITH PRINCIPAL AXES

                          X =  0.0000    Y =  0.0000    Z =  0.0000



      TOTAL ATOMIC CHARGE ON EACH ATOM (in ELECTRON CHARGE)

           C(    1):          0.000
           C(    2):          0.000
           C(    3):          0.000
           C(    4):          0.000
           C(    5):          0.000
           C(    6):          0.000
           H(    7):          0.000
           H(    8):          0.000
           H(    9):          0.000
           H(   10):          0.000
           H(   11):          0.000
           H(   12):          0.000
           H(   13):          0.000
           H(   14):          0.000
           H(   15):          0.000
           H(   16):          0.000
           H(   17):          0.000
           H(   18):          0.000
           H(   19):          0.000
           H(   20):          0.000

      -----------------------------------------------------------------

        END OF 2,3-dimethylbutane-g                                        


           TOTAL CPU TIME IS      0.05 SECONDS.

           THIS JOB COMPLETED AT    17:25:56
