1
               ---------------------------------------------
               WARNING : INCORRECT ATOM TYPES GIVEN IN INPUT
                         DATA ARE CORRECTED AS FOLLOWS
               ---------------------------------------------


             Atom type of atom    1 is replaced by   1 (was   0)
             Atom type of atom    2 is replaced by   1 (was   0)
             Atom type of atom    3 is replaced by   1 (was   0)
             Atom type of atom    4 is replaced by   1 (was   0)
             Atom type of atom    5 is replaced by   1 (was   0)
             Atom type of atom    6 is replaced by   1 (was   0)
             Atom type of atom    7 is replaced by   5 (was   0)
             Atom type of atom    8 is replaced by   5 (was   0)
             Atom type of atom    9 is replaced by   5 (was   0)
             Atom type of atom   10 is replaced by   5 (was   0)
             Atom type of atom   11 is replaced by   5 (was   0)
             Atom type of atom   12 is replaced by   5 (was   0)
             Atom type of atom   13 is replaced by   5 (was   0)
             Atom type of atom   14 is replaced by   5 (was   0)
             Atom type of atom   15 is replaced by   5 (was   0)
             Atom type of atom   16 is replaced by   5 (was   0)
             Atom type of atom   17 is replaced by   5 (was   0)
             Atom type of atom   18 is replaced by   5 (was   0)
1     cyclohexane-chair                                           

               CHEMICAL FORMULA :  C(   6)  H(  12) 
               FORMULA WEIGHT   :     84.096
                                                               DATE 27-MAY-23
                                                               TIME  17:33:59


          THE COORDINATES OF   18 ATOMS ARE READ IN.
          SOME CONSTANTS WILL BE READ IN.

      CONFORMATIONAL ENERGY, PART 1:  GEOMETRY AND STERIC ENERGY
                                      OF INITIAL CONFORMATION.


      CONNECTED ATOMS
         1-   2-   3-   5-   6-   4-
         1-   4-

      ATTACHED ATOMS
         1-   7,   1-   8,   2-   9,   2-  16,   3-  10,   3-  15,   4-  11,
         4-  18,   5-  12,   5-  17,   6-  13,   6-  14,

      INITIAL ATOMIC COORDINATES
           ATOM         X           Y           Z       TYPE
         C(   1)     1.46341     0.07087     0.23285   (  1)
         C(   2)     0.79308    -1.23192    -0.23285   (  1)
         C(   3)    -0.67033    -1.30279     0.23285   (  1)
         C(   4)     0.67033     1.30279    -0.23285   (  1)
         C(   5)    -1.46341    -0.07087    -0.23285   (  1)
         C(   6)    -0.79308     1.23192     0.23285   (  1)
         H(   7)     1.53345     0.07426     1.34485   (  5)
         H(   8)     2.50611     0.12136    -0.15662   (  5)
         H(   9)     0.83103    -1.29088    -1.34485   (  5)
         H(  10)    -1.14795    -2.23103    -0.15662   (  5)
         H(  11)     1.14795     2.23103     0.15662   (  5)
         H(  12)    -1.53345    -0.07426    -1.34486   (  5)
         H(  13)    -1.35815     2.10967    -0.15662   (  5)
         H(  14)    -0.83104     1.29088     1.34485   (  5)
         H(  15)    -0.70242    -1.36514     1.34486   (  5)
         H(  16)     1.35815    -2.10967     0.15662   (  5)
         H(  17)    -2.50611    -0.12136     0.15662   (  5)
         H(  18)     0.70242     1.36514    -1.34485   (  5)


          DIELECTRIC CONSTANT =  1.500


      INITIAL STERIC ENERGY IS      8.0511 KCAL/MOL.

                  COMPRESSION       0.3203
                  BENDING           0.1033
                  BEND-BEND        -0.0105
                  STRETCH-BEND      0.0372
                  VANDERWAALS
                    1,4 ENERGY      6.1450
                    OTHER          -0.3026
                  H-BONDING         0.0000
                  PI-COMPLX         0.0000

                  TORSIONAL         1.7645
                  TORSION-STRETCH  -0.0062
                  DIPOLE-DIPOLE     0.0000
                  CHARGE-DIPOLE     0.0000
                  CHARGE-CHARGE     0.0000


      MOLECULAR POLARIZABILITIES (A**3)
        ALPHA(1)   =      12.96
        ALPHA(2)   =      12.96
        ALPHA(3)   =      10.74
        AVG. ALPHA =      12.22


      E (INDP/INDP) =          0.000 KCAL/MOLE
      DIPOLE MOMENT =          0.000 D (INCLUDES INDUCED BOND MOMENTS)
      *NOTE*  E (INDP/INDP) IS NOT INCLUDED IN THE INITIAL STERIC ENERGY

      CPU TIME FOR INITIAL CALCULATION IS     0.01 SECONDS.


1     cyclohexane-chair                                           


     CONFORMATIONAL ENERGY, PART 2: GEOMETRY MINIMIZATION

               GEOMETRY OPTIMIZATION IS CONTINUED UNTIL ATOM
               MOVEMENT CONVERGES WITHIN FOLLOWING VALUES:

                         AVERAGE MOVEMENT  0.00013 A
                         MAXIMUM MOVEMENT  0.00127 A



     <<<<<<<<<<<<<<<<<<<<<<<<<<  C Y C L E   1 >>>>>>>>>>>>>>>>>>>>>>>>>>

                              (CH)-MOVEMENT = 1

       ITER    1   AVG. MOVE = 0.00073 A   (MAX MOVE : ATOM    9   0.00384 A)  
       ITER    2   AVG. MOVE = 0.00040 A   (MAX MOVE : ATOM   11   0.00187 A)  
       ITER    3   AVG. MOVE = 0.00022 A   (MAX MOVE : ATOM   10   0.00120 A)  
       ITER    4   AVG. MOVE = 0.00013 A   (MAX MOVE : ATOM   10   0.00064 A)  
       ITER    5   AVG. MOVE = 0.00007 A   (MAX MOVE : ATOM   11   0.00038 A)  


     <<<<<<<<<<<<<<<<<<<<<<<<<<  C Y C L E   2 >>>>>>>>>>>>>>>>>>>>>>>>>>

                              (CH)-MOVEMENT = 0

       ITER    6   AVG. MOVE = 0.00003 A   (MAX MOVE : ATOM   13   0.00017 A)  


              * * * * * * * * * GEOMETRY IS OPTIMIZED * * * * * * * * *

               WITHIN : AVERAGE MOVEMENT  0.00003 A (LIMIT  0.00013 A)
                        MAXIMUM MOVEMENT  0.00017 A (LIMIT  0.00127 A)

               GRADIENT
                  RMS GRADIENT                0.004197 KCAL/MOL/A

                  MAX GRADIENT
                    X-DIRECTION : ATOM #   5   0.004998 KCAL/MOL/A
                    Y-DIRECTION : ATOM #   3   0.010920 KCAL/MOL/A
                    Z-DIRECTION : ATOM #   5   0.012387 KCAL/MOL/A

        DELTA TIME =    0.00 SEC.       TOTAL CPU TIME =      0.02 SEC.


                            =====================
                            FULL-MATRIX OPTIMIZER
                            =====================


     iter.  rms force   max force   avg. move    max move  atom  convg  d-time

        0    0.007919    0.031990   0.00008 A   0.00060 A   13    [N]     0.0s
        1    0.000038    0.000116                                 [Y]     0.0s


      TOTAL ENERGY IS      8.0440 KCAL/MOL.

        COMPRESS    0.2687      VDW 1,4    6.1713      DIPL-DIPL    0.0000
        BENDING     0.1172        OTHER   -0.3178      CHRG-DIPL    0.0000
        STR-BEND    0.0375      TORSION    1.7864      CHRG-CHRG    0.0000
        BEND-BEND  -0.0130      TOR-STR   -0.0063      EPR          0.0000
        H-BONDING   0.0000      PI-CMPL    0.0000
0     DELTA(T) =     0.0 SEC.          ELAPSED TIME =     0.0 SEC.


    * * * ENERGY IS STATIONARY WITHIN RMS OF FORCES   0.00010  Kcal/mol/A * * *

                 * * * *  RMS FORCE IS   0.00004 Kcal/mol/A * * * *

1     cyclohexane-chair                                           

               CHEMICAL FORMULA :  C(   6)  H(  12) 
               FORMULA WEIGHT   :     84.096
                                                               DATE : 27-MAY-23

           * M M 3 * * * * * * * * * * * 2 0 0 0 *
           *                                     *   PARAMETER RELIABILITY
           *                                     *
           *                                     *   BLANK = GOOD
           *                                     *       B = FAIR
           *                                     *       C = TRIAL
           *                                     *       R = READ IN
           *                                     *       S = SUBSTITUTED
           *                                     *       U = PARAMETER NOT EXIST
           *                                     *
           *                                     *   THIS IS SHOWN AT THE END 
           *                                     *   OF THE LINE.
           * * * * * * * * * * * * * * * * * * * * 


      CONFORMATIONAL ENERGY, PART 3:  GEOMETRY AND STERIC ENERGY
                                      OF FINAL CONFORMATION.

      CONNECTED ATOMS
         1-   2-   3-   5-   6-   4-
         1-   4-

      ATTACHED ATOMS
         1-   7,   1-   8,   2-   9,   2-  16,   3-  10,   3-  15,   4-  11,
         4-  18,   5-  12,   5-  17,   6-  13,   6-  14,

      FINAL ATOMIC COORDINATE
           ATOM         X           Y           Z       TYPE
         C(   1)    -0.06472     1.46277    -0.23217   (  1)
         C(   2)    -1.29916     0.67533     0.23217   (  1)
         C(   3)    -1.23444    -0.78744    -0.23217   (  1)
         C(   4)     1.23443     0.78744     0.23217   (  1)
         C(   5)     0.06472    -1.46277     0.23217   (  1)
         C(   6)     1.29916    -0.67533    -0.23217   (  1)
         H(   7)    -0.06804     1.53775    -1.34413   (  5)
         H(   8)    -0.11084     2.50516     0.15967   (  5)
         H(   9)    -1.36575     0.70995     1.34413   (  5)
         H(  10)    -2.11411    -1.34857     0.15967   (  5)
         H(  11)     2.11411     1.34857    -0.15967   (  5)
         H(  12)     0.06804    -1.53775     1.34413   (  5)
         H(  13)     2.22496    -1.15659     0.15967   (  5)
         H(  14)     1.36575    -0.70995    -1.34413   (  5)
         H(  15)    -1.29771    -0.82780    -1.34413   (  5)
         H(  16)    -2.22496     1.15659    -0.15967   (  5)
         H(  17)     0.11084    -2.50516    -0.15967   (  5)
         H(  18)     1.29771     0.82780     1.34413   (  5)


          DIELECTRIC CONSTANT =  1.500


      BOND LENGTHS AND STRETCHING ENERGY   (   18 BONDS)

        ENERGY = 71.94(KS)(DR)(DR)(1-(CS)(DR)+(7/12)((CS)(DR))**2)
                          DR = R-RO
                          CS =  2.550
                                                         R(0)-CORR        CORR
          BOND        LENGTH   R(0)    K(S)  ENERGY   E-NEG   MISCEL       KS
    C(   1)- C(   2)  1.5361  1.5247  4.490  0.0405                             
    C(   1)- C(   4)  1.5361  1.5247  4.490  0.0405                             
    C(   1)- H(   7)  1.1145  1.1120  4.680  0.0021                             
    C(   1)- H(   8)  1.1146  1.1120  4.680  0.0022                             
    C(   2)- C(   3)  1.5361  1.5247  4.490  0.0405                             
    C(   2)- H(   9)  1.1145  1.1120  4.680  0.0021                             
    C(   2)- H(  16)  1.1146  1.1120  4.680  0.0022                             
    C(   3)- C(   5)  1.5361  1.5247  4.490  0.0405                             
    C(   3)- H(  10)  1.1146  1.1120  4.680  0.0022                             
    C(   3)- H(  15)  1.1145  1.1120  4.680  0.0021                             
    C(   4)- C(   6)  1.5361  1.5247  4.490  0.0405                             
    C(   4)- H(  11)  1.1146  1.1120  4.680  0.0022                             
    C(   4)- H(  18)  1.1145  1.1120  4.680  0.0021                             
    C(   5)- C(   6)  1.5361  1.5247  4.490  0.0405                             
    C(   5)- H(  12)  1.1145  1.1120  4.680  0.0021                             
    C(   5)- H(  17)  1.1146  1.1120  4.680  0.0022                             
    C(   6)- H(  13)  1.1146  1.1120  4.680  0.0022                             
    C(   6)- H(  14)  1.1145  1.1120  4.680  0.0021                             


      NON-BONDED DISTANCES, VDW AND EPR ENERGY   (     99 PAIRS)

              E(VDW) = KV*(1.84(10**5)EXP(-12.00/P) - 2.25(P**6))
              E(EPR) = C*KV*(1.84(10**5)EXP(-12.00/Q) - 2.25(Q**6))
              E(HBD) = EP1-EP2*COS(THETA)*RTH/RTH0
                            EP1 = KHB*1.84(10**5)*EXP(-12.0/P)
                            EP2 = KHB*2.25(P**6)

            IF P > 3.020, THEN,
              E(VDW) = KV(192.270)(P**2)
              E(HBD) = EP1-EP2*COS(THETA)*RTH/RTH0
                            EP1 = KHB*(192.270*P**2+1706.96)
                            EP2 = KHB*1706.96

               WHERE   RV = RVDW(I) + RVDW(K)
                       KV = SQRT(EPS(I)*EPS(K))
                      KHB = EPS/DIELEC  FOR HYDROGEN BOND
                        P = (RV/R) OR (RV/R#)
                        C = SCALE FACTOR
                        Q = RV/R, WHERE R IS MODIFIED DISTANCE
                    THETA = ANGLE H-X-Y IN HYDROGEN BOND X-H...Y
                      RTH = BOND LENGTH X-H IN X-H...Y
                     RTH0 = NATURAL BOND LENGTH X-H

          # IN THE VDW CALCULATIONS THE HYDROGEN ATOMS ARE RELOCATED
          SO THAT THE ATTACHED HYDROGEN DISTANCE IS REDUCED BY 0.923

          # IN THE VDW CALCULATIONS THE DEUTERIUM ATOMS ARE RELOCATED
          SO THAT THE ATTACHED DEUTERIUM DISTANCE IS REDUCED BY  0.923

         ATOM PAIR          R       R#       RV      KV       ENERGY
      C(   1), C(   3)   2.5361
      C(   1), C(   5)   2.9650            4.080   0.0270     0.3983  1,4       
      C(   1), C(   6)   2.5361
      C(   1), H(   9)   2.1781
      C(   1), H(  10)   3.5010   3.4235   3.560   0.0230    -0.0242  1,4       
      C(   1), H(  11)   2.1830
      C(   1), H(  12)   3.3920   3.3479   3.560   0.0230    -0.0217            
      C(   1), H(  13)   3.5010   3.4235   3.560   0.0230    -0.0242  1,4       
      C(   1), H(  14)   2.8290   2.7918   3.560   0.0230     0.1239  1,4       
      C(   1), H(  15)   2.8290   2.7918   3.560   0.0230     0.1239  1,4       
      C(   1), H(  16)   2.1830
      C(   1), H(  17)   3.9725   3.8928   3.560   0.0230    -0.0218            
      C(   1), H(  18)   2.1781
      C(   2), C(   4)   2.5361
      C(   2), C(   5)   2.5361
      C(   2), C(   6)   2.9650            4.080   0.0270     0.3983  1,4       
      C(   2), H(   7)   2.1781
      C(   2), H(   8)   2.1830
      C(   2), H(  10)   2.1830
      C(   2), H(  11)   3.5010   3.4235   3.560   0.0230    -0.0242  1,4       
      C(   2), H(  12)   2.8290   2.7918   3.560   0.0230     0.1239  1,4       
      C(   2), H(  13)   3.9725   3.8928   3.560   0.0230    -0.0218            
      C(   2), H(  14)   3.3920   3.3479   3.560   0.0230    -0.0217            
      C(   2), H(  15)   2.1781
      C(   2), H(  17)   3.5010   3.4235   3.560   0.0230    -0.0242  1,4       
      C(   2), H(  18)   2.8290   2.7918   3.560   0.0230     0.1239  1,4       
      C(   3), C(   4)   2.9650            4.080   0.0270     0.3983  1,4       
      C(   3), C(   6)   2.5361
      C(   3), H(   7)   2.8290   2.7918   3.560   0.0230     0.1239  1,4       
      C(   3), H(   8)   3.5010   3.4235   3.560   0.0230    -0.0242  1,4       
      C(   3), H(   9)   2.1781
      C(   3), H(  11)   3.9725   3.8928   3.560   0.0230    -0.0218            
      C(   3), H(  12)   2.1781
      C(   3), H(  13)   3.5010   3.4235   3.560   0.0230    -0.0242  1,4       
      C(   3), H(  14)   2.8290   2.7918   3.560   0.0230     0.1239  1,4       
      C(   3), H(  16)   2.1830
      C(   3), H(  17)   2.1830
      C(   3), H(  18)   3.3920   3.3479   3.560   0.0230    -0.0217            
      C(   4), C(   5)   2.5361
      C(   4), H(   7)   2.1781
      C(   4), H(   8)   2.1830
      C(   4), H(   9)   2.8290   2.7918   3.560   0.0230     0.1239  1,4       
      C(   4), H(  10)   3.9725   3.8928   3.560   0.0230    -0.0218            
      C(   4), H(  12)   2.8290   2.7918   3.560   0.0230     0.1239  1,4       
      C(   4), H(  13)   2.1830
      C(   4), H(  14)   2.1781
      C(   4), H(  15)   3.3920   3.3479   3.560   0.0230    -0.0217            
      C(   4), H(  16)   3.5010   3.4235   3.560   0.0230    -0.0242  1,4       
      C(   4), H(  17)   3.5010   3.4235   3.560   0.0230    -0.0242  1,4       
      C(   5), H(   7)   3.3920   3.3479   3.560   0.0230    -0.0217            
      C(   5), H(   8)   3.9725   3.8928   3.560   0.0230    -0.0218            
      C(   5), H(   9)   2.8290   2.7918   3.560   0.0230     0.1239  1,4       
      C(   5), H(  10)   2.1830
      C(   5), H(  11)   3.5010   3.4235   3.560   0.0230    -0.0242  1,4       
      C(   5), H(  13)   2.1830
      C(   5), H(  14)   2.1781
      C(   5), H(  15)   2.1781
      C(   5), H(  16)   3.5010   3.4235   3.560   0.0230    -0.0242  1,4       
      C(   5), H(  18)   2.8290   2.7918   3.560   0.0230     0.1239  1,4       
      C(   6), H(   7)   2.8290   2.7918   3.560   0.0230     0.1239  1,4       
      C(   6), H(   8)   3.5010   3.4235   3.560   0.0230    -0.0242  1,4       
      C(   6), H(   9)   3.3920   3.3479   3.560   0.0230    -0.0217            
      C(   6), H(  10)   3.5010   3.4235   3.560   0.0230    -0.0242  1,4       
      C(   6), H(  11)   2.1830
      C(   6), H(  12)   2.1781
      C(   6), H(  15)   2.8290   2.7918   3.560   0.0230     0.1239  1,4       
      C(   6), H(  16)   3.9725   3.8928   3.560   0.0230    -0.0218            
      C(   6), H(  17)   2.1830
      C(   6), H(  18)   2.1781
      H(   7), H(   8)   1.7886
      H(   7), H(   9)   3.0977   2.9474   3.240   0.0200    -0.0126  1,4       
      H(   7), H(  10)   3.8443   3.7272   3.240   0.0200    -0.0157            
      H(   7), H(  11)   2.4901   2.4074   3.240   0.0200     0.2264  1,4       
      H(   7), H(  12)   4.0870   3.9676   3.240   0.0200    -0.0118            
      H(   7), H(  13)   3.8443   3.7272   3.240   0.0200    -0.0157            
      H(   7), H(  14)   2.6661   2.6561   3.240   0.0200     0.0483            
      H(   7), H(  15)   2.6661   2.6561   3.240   0.0200     0.0483            
      H(   7), H(  16)   2.4901   2.4074   3.240   0.0200     0.2264  1,4       
      H(   7), H(  17)   4.2166   4.1185   3.240   0.0200    -0.0098            
      H(   7), H(  18)   3.0977   2.9474   3.240   0.0200    -0.0126  1,4       
      H(   8), H(   9)   2.4901   2.4074   3.240   0.0200     0.2264  1,4       
      H(   8), H(  10)   4.3433   4.2042   3.240   0.0200    -0.0088            
      H(   8), H(  11)   2.5279   2.4410   3.240   0.0200     0.1899  1,4       
      H(   8), H(  12)   4.2166   4.1185   3.240   0.0200    -0.0098            
      H(   8), H(  13)   4.3433   4.2042   3.240   0.0200    -0.0088            
      H(   8), H(  14)   3.8443   3.7272   3.240   0.0200    -0.0157            
      H(   8), H(  15)   3.8443   3.7272   3.240   0.0200    -0.0157            
      H(   8), H(  16)   2.5279   2.4410   3.240   0.0200     0.1899  1,4       
      H(   8), H(  17)   5.0254   4.8614   3.240   0.0200    -0.0039            
      H(   8), H(  18)   2.4901   2.4074   3.240   0.0200     0.2264  1,4       
      H(   9), H(  10)   2.4901   2.4074   3.240   0.0200     0.2264  1,4       
      H(   9), H(  11)   3.8443   3.7272   3.240   0.0200    -0.0157            
      H(   9), H(  12)   2.6661   2.6561   3.240   0.0200     0.0483            
      H(   9), H(  13)   4.2166   4.1185   3.240   0.0200    -0.0098            
      H(   9), H(  14)   4.0870   3.9676   3.240   0.0200    -0.0118            
      H(   9), H(  15)   3.0977   2.9474   3.240   0.0200    -0.0126  1,4       
      H(   9), H(  16)   1.7886
      H(   9), H(  17)   3.8443   3.7272   3.240   0.0200    -0.0157            
      H(   9), H(  18)   2.6661   2.6561   3.240   0.0200     0.0483            
      H(  10), H(  11)   5.0254   4.8614   3.240   0.0200    -0.0039            
      H(  10), H(  12)   2.4901   2.4074   3.240   0.0200     0.2264  1,4       
      H(  10), H(  13)   4.3433   4.2042   3.240   0.0200    -0.0088            
      H(  10), H(  14)   3.8443   3.7272   3.240   0.0200    -0.0157            
      H(  10), H(  15)   1.7886
      H(  10), H(  16)   2.5279   2.4411   3.240   0.0200     0.1899  1,4       
      H(  10), H(  17)   2.5279   2.4410   3.240   0.0200     0.1899  1,4       
      H(  10), H(  18)   4.2166   4.1185   3.240   0.0200    -0.0098            
      H(  11), H(  12)   3.8443   3.7272   3.240   0.0200    -0.0157            
      H(  11), H(  13)   2.5279   2.4411   3.240   0.0200     0.1899  1,4       
      H(  11), H(  14)   2.4901   2.4074   3.240   0.0200     0.2264  1,4       
      H(  11), H(  15)   4.2166   4.1185   3.240   0.0200    -0.0098            
      H(  11), H(  16)   4.3433   4.2042   3.240   0.0200    -0.0088            
      H(  11), H(  17)   4.3433   4.2042   3.240   0.0200    -0.0088            
      H(  11), H(  18)   1.7886
      H(  12), H(  13)   2.4901   2.4074   3.240   0.0200     0.2264  1,4       
      H(  12), H(  14)   3.0977   2.9474   3.240   0.0200    -0.0126  1,4       
      H(  12), H(  15)   3.0977   2.9474   3.240   0.0200    -0.0126  1,4       
      H(  12), H(  16)   3.8443   3.7272   3.240   0.0200    -0.0157            
      H(  12), H(  17)   1.7886
      H(  12), H(  18)   2.6661   2.6561   3.240   0.0200     0.0483            
      H(  13), H(  14)   1.7886
      H(  13), H(  15)   3.8443   3.7272   3.240   0.0200    -0.0157            
      H(  13), H(  16)   5.0254   4.8614   3.240   0.0200    -0.0039            
      H(  13), H(  17)   2.5279   2.4410   3.240   0.0200     0.1899  1,4       
      H(  13), H(  18)   2.4901   2.4074   3.240   0.0200     0.2264  1,4       
      H(  14), H(  15)   2.6661   2.6561   3.240   0.0200     0.0483            
      H(  14), H(  16)   4.2166   4.1185   3.240   0.0200    -0.0098            
      H(  14), H(  17)   2.4901   2.4074   3.240   0.0200     0.2264  1,4       
      H(  14), H(  18)   3.0977   2.9474   3.240   0.0200    -0.0126  1,4       
      H(  15), H(  16)   2.4901   2.4074   3.240   0.0200     0.2264  1,4       
      H(  15), H(  17)   2.4901   2.4074   3.240   0.0200     0.2264  1,4       
      H(  15), H(  18)   4.0870   3.9676   3.240   0.0200    -0.0118            
      H(  16), H(  17)   4.3433   4.2042   3.240   0.0200    -0.0088            
      H(  16), H(  18)   3.8443   3.7272   3.240   0.0200    -0.0157            
      H(  17), H(  18)   3.8443   3.7272   3.240   0.0200    -0.0157            


      BOND ANGLES, BENDING AND STRETCH-BEND ENERGIES   (   36 ANGLES)

          EB = 0.021914(KB)(DT)(DT)(1+CF*DT+QF*DT**2+PF*DT**3+SF*DT**4)
                          DT = THETA-TZERO
                          CF = -1400.000E-5
                          QF =     5.600E-5
                          PF =    -0.070E-5
                          SF =     0.022E-6
          ESB(J) = 2.51124(KSB(J))(DT)(DR1+DR2)
                          DR(I) = R(I) - R0(I)
          EBDBD  = -0.02191418(KBB1)(DT1)(KBB2)(DT2)

          A T O M S            THETA    TZERO     KB     EB     KSB    ESB
   C(   2)- C(   1)- C(   4)  111.280  111.000  0.670  0.0011  0.13  0.0021     
   C(   2)- C(   1)- H(   7)  109.494  109.310  0.590  0.0004  0.08  0.0005     
   C(   2)- C(   1)- H(   8)  109.871  109.310  0.590  0.0040  0.08  0.0016     
   C(   4)- C(   1)- H(   7)  109.494  109.310  0.590  0.0004  0.08  0.0005     
   C(   4)- C(   1)- H(   8)  109.871  109.310  0.590  0.0040  0.08  0.0016     
   H(   7)- C(   1)- H(   8)  106.721  107.600  0.550  0.0094                   
   C(   1)- C(   2)- C(   3)  111.280  111.000  0.670  0.0011  0.13  0.0021     
   C(   1)- C(   2)- H(   9)  109.494  109.310  0.590  0.0004  0.08  0.0005     
   C(   1)- C(   2)- H(  16)  109.871  109.310  0.590  0.0040  0.08  0.0016     
   C(   3)- C(   2)- H(   9)  109.494  109.310  0.590  0.0004  0.08  0.0005     
   C(   3)- C(   2)- H(  16)  109.871  109.310  0.590  0.0040  0.08  0.0016     
   H(   9)- C(   2)- H(  16)  106.721  107.600  0.550  0.0094                   
   C(   2)- C(   3)- C(   5)  111.280  111.000  0.670  0.0011  0.13  0.0021     
   C(   2)- C(   3)- H(  10)  109.871  109.310  0.590  0.0040  0.08  0.0016     
   C(   2)- C(   3)- H(  15)  109.494  109.310  0.590  0.0004  0.08  0.0005     
   C(   5)- C(   3)- H(  10)  109.871  109.310  0.590  0.0040  0.08  0.0016     
   C(   5)- C(   3)- H(  15)  109.494  109.310  0.590  0.0004  0.08  0.0005     
   H(  10)- C(   3)- H(  15)  106.721  107.600  0.550  0.0094                   
   C(   1)- C(   4)- C(   6)  111.280  111.000  0.670  0.0011  0.13  0.0021     
   C(   1)- C(   4)- H(  11)  109.871  109.310  0.590  0.0040  0.08  0.0016     
   C(   1)- C(   4)- H(  18)  109.494  109.310  0.590  0.0004  0.08  0.0005     
   C(   6)- C(   4)- H(  11)  109.871  109.310  0.590  0.0040  0.08  0.0016     
   C(   6)- C(   4)- H(  18)  109.494  109.310  0.590  0.0004  0.08  0.0005     
   H(  11)- C(   4)- H(  18)  106.721  107.600  0.550  0.0094                   
   C(   3)- C(   5)- C(   6)  111.280  111.000  0.670  0.0011  0.13  0.0021     
   C(   3)- C(   5)- H(  12)  109.494  109.310  0.590  0.0004  0.08  0.0005     
   C(   3)- C(   5)- H(  17)  109.871  109.310  0.590  0.0040  0.08  0.0016     
   C(   6)- C(   5)- H(  12)  109.494  109.310  0.590  0.0004  0.08  0.0005     
   C(   6)- C(   5)- H(  17)  109.871  109.310  0.590  0.0040  0.08  0.0016     
   H(  12)- C(   5)- H(  17)  106.721  107.600  0.550  0.0094                   
   C(   4)- C(   6)- C(   5)  111.280  111.000  0.670  0.0011  0.13  0.0021     
   C(   4)- C(   6)- H(  13)  109.871  109.310  0.590  0.0040  0.08  0.0016     
   C(   4)- C(   6)- H(  14)  109.494  109.310  0.590  0.0004  0.08  0.0005     
   C(   5)- C(   6)- H(  13)  109.871  109.310  0.590  0.0040  0.08  0.0016     
   C(   5)- C(   6)- H(  14)  109.494  109.310  0.590  0.0004  0.08  0.0005     
   H(  13)- C(   6)- H(  14)  106.721  107.600  0.550  0.0094                   


     DIHEDRAL ANGLES, TORSIONAL ENERGY (ET)   (   54 ANGLES)

           ET = (V1/2)(1+COS(W))+(V2/2)(1-COS(2W))+(V3/2)(1+COS(3W))

           ETS = -11.995*(R-R0)((KTS1/2)(1+COS(W))+
                                (KTS2/2)(1-COS(2W)+
                                (KTS3/2)(1+COS(3W))

           SIGN OF ANGLE A-B-C-D : WHEN LOOKING THROUGH B TOWARD C,
           IF D IS COUNTERCLOCKWISE FROM A, NEGATIVE.

         A T O M S               OMEGA    V1     V2     V3     ET   KTS3   ETS
 C(   1) C(   2) C(   3) C(   5)  55.3  0.185  0.170  0.520  0.268 0.059 0.000  
 C(   1) C(   2) C(   3) H(  10) 177.2  0.000  0.000  0.280  0.002 0.059 0.000  
 C(   1) C(   2) C(   3) H(  15) -65.9  0.000  0.000  0.280  0.007 0.059 0.000  
 C(   1) C(   4) C(   6) C(   5) -55.3  0.185  0.170  0.520  0.268 0.059 0.000  
 C(   1) C(   4) C(   6) H(  13)-177.2  0.000  0.000  0.280  0.002 0.059 0.000  
 C(   1) C(   4) C(   6) H(  14)  65.9  0.000  0.000  0.280  0.007 0.059 0.000  
 C(   2) C(   1) C(   4) C(   6)  55.3  0.185  0.170  0.520  0.268 0.059 0.000  
 C(   2) C(   1) C(   4) H(  11) 177.2  0.000  0.000  0.280  0.002 0.059 0.000  
 C(   2) C(   1) C(   4) H(  18) -65.9  0.000  0.000  0.280  0.007 0.059 0.000  
 C(   2) C(   3) C(   5) C(   6) -55.3  0.185  0.170  0.520  0.268 0.059 0.000  
 C(   2) C(   3) C(   5) H(  12)  65.9  0.000  0.000  0.280  0.007 0.059 0.000  
 C(   2) C(   3) C(   5) H(  17)-177.2  0.000  0.000  0.280  0.002 0.059 0.000  
 C(   3) C(   2) C(   1) C(   4) -55.3  0.185  0.170  0.520  0.268 0.059 0.000  
 C(   3) C(   2) C(   1) H(   7)  65.9  0.000  0.000  0.280  0.007 0.059 0.000  
 C(   3) C(   2) C(   1) H(   8)-177.2  0.000  0.000  0.280  0.002 0.059 0.000  
 C(   3) C(   5) C(   6) C(   4)  55.3  0.185  0.170  0.520  0.268 0.059 0.000  
 C(   3) C(   5) C(   6) H(  13) 177.2  0.000  0.000  0.280  0.002 0.059 0.000  
 C(   3) C(   5) C(   6) H(  14) -65.9  0.000  0.000  0.280  0.007 0.059 0.000  
 C(   4) C(   1) C(   2) H(   9)  65.9  0.000  0.000  0.280  0.007 0.059 0.000  
 C(   4) C(   1) C(   2) H(  16)-177.2  0.000  0.000  0.280  0.002 0.059 0.000  
 C(   4) C(   6) C(   5) H(  12) -65.9  0.000  0.000  0.280  0.007 0.059 0.000  
 C(   4) C(   6) C(   5) H(  17) 177.2  0.000  0.000  0.280  0.002 0.059 0.000  
 C(   5) C(   3) C(   2) H(   9) -65.9  0.000  0.000  0.280  0.007 0.059 0.000  
 C(   5) C(   3) C(   2) H(  16) 177.2  0.000  0.000  0.280  0.002 0.059 0.000  
 C(   5) C(   6) C(   4) H(  11)-177.2  0.000  0.000  0.280  0.002 0.059 0.000  
 C(   5) C(   6) C(   4) H(  18)  65.9  0.000  0.000  0.280  0.007 0.059 0.000  
 C(   6) C(   4) C(   1) H(   7) -65.9  0.000  0.000  0.280  0.007 0.059 0.000  
 C(   6) C(   4) C(   1) H(   8) 177.2  0.000  0.000  0.280  0.002 0.059 0.000  
 C(   6) C(   5) C(   3) H(  10)-177.2  0.000  0.000  0.280  0.002 0.059 0.000  
 C(   6) C(   5) C(   3) H(  15)  65.9  0.000  0.000  0.280  0.007 0.059 0.000  
 H(   7) C(   1) C(   2) H(   9)-172.9  0.000  0.000  0.238  0.008 0.059 0.000  
 H(   7) C(   1) C(   2) H(  16) -56.0  0.000  0.000  0.238  0.003 0.059 0.000  
 H(   7) C(   1) C(   4) H(  11)  56.0  0.000  0.000  0.238  0.003 0.059 0.000  
 H(   7) C(   1) C(   4) H(  18) 172.9  0.000  0.000  0.238  0.008 0.059 0.000  
 H(   8) C(   1) C(   2) H(   9) -56.0  0.000  0.000  0.238  0.003 0.059 0.000  
 H(   8) C(   1) C(   2) H(  16)  60.9  0.000  0.000  0.238  0.000 0.059 0.000  
 H(   8) C(   1) C(   4) H(  11) -60.9  0.000  0.000  0.238  0.000 0.059 0.000  
 H(   8) C(   1) C(   4) H(  18)  56.0  0.000  0.000  0.238  0.003 0.059 0.000  
 H(   9) C(   2) C(   3) H(  10)  56.0  0.000  0.000  0.238  0.003 0.059 0.000  
 H(   9) C(   2) C(   3) H(  15) 172.9  0.000  0.000  0.238  0.008 0.059 0.000  
 H(  10) C(   3) C(   2) H(  16) -60.9  0.000  0.000  0.238  0.000 0.059 0.000  
 H(  10) C(   3) C(   5) H(  12) -56.0  0.000  0.000  0.238  0.003 0.059 0.000  
 H(  10) C(   3) C(   5) H(  17)  60.9  0.000  0.000  0.238  0.000 0.059 0.000  
 H(  11) C(   4) C(   6) H(  13)  60.9  0.000  0.000  0.238  0.000 0.059 0.000  
 H(  11) C(   4) C(   6) H(  14) -56.0  0.000  0.000  0.238  0.003 0.059 0.000  
 H(  12) C(   5) C(   3) H(  15)-172.9  0.000  0.000  0.238  0.008 0.059 0.000  
 H(  12) C(   5) C(   6) H(  13)  56.0  0.000  0.000  0.238  0.003 0.059 0.000  
 H(  12) C(   5) C(   6) H(  14) 172.9  0.000  0.000  0.238  0.008 0.059 0.000  
 H(  13) C(   6) C(   4) H(  18) -56.0  0.000  0.000  0.238  0.003 0.059 0.000  
 H(  13) C(   6) C(   5) H(  17) -60.9  0.000  0.000  0.238  0.000 0.059 0.000  
 H(  14) C(   6) C(   4) H(  18)-172.9  0.000  0.000  0.238  0.008 0.059 0.000  
 H(  14) C(   6) C(   5) H(  17)  56.0  0.000  0.000  0.238  0.003 0.059 0.000  
 H(  15) C(   3) C(   2) H(  16)  56.0  0.000  0.000  0.238  0.003 0.059 0.000  
 H(  15) C(   3) C(   5) H(  17) -56.0  0.000  0.000  0.238  0.003 0.059 0.000  


 ==============================================================================
                        NORMAL MODE VIBRATIONAL ANALYSIS
 ==============================================================================


             Molecular Shape : OBLATE SYMMETRIC ROTOR
        Symmetry Point Group : D3d 
             Symmetry Number :  6
                   Chirality :  no



0       FUNDAMENTAL NORMAL VIBRATIONAL FREQUENCIES
                ( THEORETICALLY  48 VALUES )

             Frequency :  in 1/cm
             A(i)      :  IR intensity (vs,s,m,w,vw,-- or in 10**6 cm/mole)
             A(i) = -- :  IR inactive


             no       Frequency   Symmetry      A(i)

             1.          2930.2     (A2u )       vs
             2.          2926.9     (Eg  )       --
             3.          2926.9     (Eg  )       --
             4.          2925.7     (A1g )       vw
             5.          2924.6     (Eu  )        m
             6.          2924.6     (Eu  )        m
             7.          2886.5     (A1g )       --
             8.          2880.8     (Eu  )        m
             9.          2880.8     (Eu  )        m
            10.          2869.2     (Eg  )       --
            11.          2869.2     (Eg  )       --
            12.          2863.3     (A2u )        m
            13.          1468.1     (Eg  )       --
            14.          1468.1     (Eg  )       --
            15.          1461.0     (A1u )       --
            16.          1460.0     (Eu  )        w
            17.          1460.0     (Eu  )        w
            18.          1459.6     (A1g )       --
            19.          1437.1     (A2u )        w
            20.          1415.9     (Eg  )       --
            21.          1415.9     (Eg  )       --
            22.          1373.4     (Eu  )        m
            23.          1373.4     (Eu  )        m
            24.          1340.4     (A2g )       --
            25.          1232.2     (Eu  )        w
            26.          1232.2     (Eu  )        w
            27.          1212.2     (Eg  )       --
            28.          1212.2     (Eg  )       --
            29.          1200.9     (A1u )       --
            30.          1191.9     (A2g )       --
            31.          1046.2     (A1u )       --
            32.          1042.1     (A1g )       --
            33.          1036.2     (Eg  )       --
            34.          1036.2     (Eg  )       --
            35.           916.0     (Eu  )        w
            36.           916.0     (Eu  )        w
            37.           869.0     (A2u )        w
            38.           855.8     (Eu  )        w
            39.           855.8     (Eu  )        w
            40.           785.8     (Eg  )       --
            41.           785.8     (Eg  )       --
            42.           771.6     (A1g )       --
            43.           560.0     (A2u )        w
            44.           415.9     (Eg  )       --
            45.           415.9     (Eg  )       --
            46.           373.2     (A1g )       --
            47.           232.1     (Eu  )       vw
            48.           232.1     (Eu  )       vw
            49.     (       0.0)    (t/r )
            50.     (       0.0)    (t/r )
            51.     (       0.0)    (t/r )
            52.     (       0.0)    (t/r )
            53.     (       0.0)    (t/r )
            54.     (       0.0)    (t/r )


0       CORRESPONDING EIGEN VECTOR MATRIX   54 BY  54



 (  1)
    -0.001    0.020    0.031    0.018   -0.009    0.031   -0.017   -0.011
     0.031   -0.017   -0.011    0.031   -0.001    0.020    0.031    0.018
    -0.009    0.031   -0.001    0.023   -0.280    0.011   -0.249   -0.091
     0.021   -0.011   -0.280    0.210    0.134   -0.091    0.210    0.134
    -0.091   -0.001    0.023   -0.280   -0.221    0.115   -0.091    0.021
    -0.011   -0.280   -0.020   -0.012   -0.280   -0.221    0.115   -0.091
     0.011   -0.249   -0.091   -0.020   -0.012   -0.280

 (  2)
     0.001   -0.014   -0.022   -0.025    0.013   -0.044    0.012    0.007
    -0.022   -0.012   -0.007    0.022   -0.001    0.014    0.022    0.025
    -0.013    0.044   -0.006   -0.015    0.196   -0.008    0.179    0.066
    -0.026    0.014    0.391   -0.150   -0.095    0.065    0.150    0.096
    -0.066    0.006    0.015   -0.196   -0.317    0.165   -0.132    0.026
    -0.014   -0.390    0.009    0.014    0.194    0.317   -0.165    0.132
     0.008   -0.180   -0.066   -0.009   -0.014   -0.194

 (  3)
    -0.001    0.024    0.038    0.000    0.000    0.000    0.020    0.013
    -0.038   -0.020   -0.013    0.038    0.001   -0.024   -0.038    0.000
     0.000    0.000   -0.005    0.025   -0.337    0.014   -0.309   -0.114
     0.004    0.007    0.001   -0.262   -0.167    0.114    0.261    0.167
    -0.114    0.005   -0.025    0.338   -0.001    0.001    0.000   -0.004
    -0.007   -0.001    0.024    0.010    0.339    0.001    0.000    0.000
    -0.014    0.309    0.114   -0.024   -0.010   -0.338

 (  4)
     0.001   -0.022   -0.030    0.020   -0.010    0.030    0.019    0.012
    -0.030   -0.019   -0.012    0.030   -0.001    0.022    0.030   -0.020
     0.010   -0.030    0.001   -0.014    0.250   -0.012    0.275    0.101
     0.013   -0.007   -0.251   -0.232   -0.148    0.101    0.231    0.148
    -0.101   -0.001    0.014   -0.250    0.243   -0.126    0.101   -0.013
     0.007    0.249    0.012    0.008    0.250   -0.244    0.127   -0.101
     0.012   -0.274   -0.101   -0.012   -0.008   -0.249

 (  5)
     0.000    0.009    0.013   -0.025    0.013   -0.042   -0.016   -0.011
     0.029   -0.017   -0.011    0.030    0.000    0.009    0.013   -0.025
     0.013   -0.043   -0.008    0.007   -0.111    0.005   -0.112   -0.041
    -0.021    0.009    0.361    0.213    0.136   -0.093    0.214    0.137
    -0.094   -0.008    0.007   -0.112    0.325   -0.169    0.135   -0.021
     0.009    0.363   -0.017   -0.004   -0.250    0.324   -0.168    0.135
     0.005   -0.113   -0.042   -0.017   -0.004   -0.252

 (  6)
    -0.001    0.028    0.042   -0.006    0.002   -0.009    0.019    0.011
    -0.032    0.019    0.011   -0.032   -0.001    0.028    0.042   -0.006
     0.002   -0.009    0.001    0.023   -0.354    0.016   -0.357   -0.132
    -0.001    0.009    0.081   -0.233   -0.148    0.102   -0.233   -0.148
     0.102    0.001    0.023   -0.354    0.072   -0.037    0.030   -0.001
     0.009    0.081    0.012    0.014    0.273    0.072   -0.037    0.030
     0.016   -0.357   -0.132    0.012    0.014    0.273

 (  7)
    -0.001    0.025   -0.020   -0.022    0.011    0.020   -0.021   -0.013
    -0.020    0.021    0.013    0.020    0.001   -0.025    0.020    0.022
    -0.011   -0.020    0.001   -0.031    0.295    0.011   -0.244   -0.076
     0.028   -0.014   -0.295    0.206    0.131   -0.076   -0.206   -0.131
     0.076   -0.001    0.031   -0.295   -0.217    0.113   -0.076   -0.028
     0.014    0.295    0.026    0.017    0.295    0.217   -0.113    0.076
    -0.011    0.244    0.076   -0.026   -0.017   -0.295

 (  8)
     0.002    0.010   -0.007   -0.031    0.017    0.025   -0.020   -0.015
    -0.018   -0.020   -0.015   -0.018    0.002    0.010   -0.007   -0.031
     0.017    0.025    0.001   -0.012    0.110   -0.003   -0.099   -0.032
     0.038   -0.019   -0.390    0.209    0.140   -0.080    0.209    0.140
    -0.080    0.001   -0.012    0.110    0.310   -0.163    0.112    0.038
    -0.019   -0.390    0.026    0.016    0.280    0.310   -0.163    0.112
    -0.003   -0.099   -0.032    0.026    0.016    0.280

 (  9)
     0.002   -0.034    0.025    0.009   -0.002   -0.006   -0.023   -0.012
    -0.018   -0.023   -0.012   -0.018    0.002   -0.034    0.025    0.009
    -0.002   -0.006   -0.002    0.042   -0.387   -0.018    0.347    0.111
    -0.009    0.005    0.098    0.221    0.135   -0.083    0.221    0.135
    -0.083   -0.002    0.042   -0.387   -0.082    0.034   -0.028   -0.009
     0.005    0.098    0.026    0.017    0.289   -0.082    0.034   -0.028
    -0.018    0.347    0.111    0.026    0.017    0.289

 ( 10)
    -0.003    0.007   -0.004    0.031   -0.015   -0.021   -0.024   -0.013
    -0.017    0.024    0.013    0.017    0.003   -0.007    0.004   -0.031
     0.015    0.021    0.001   -0.008    0.076    0.011   -0.074   -0.025
    -0.036    0.019    0.365    0.241    0.148   -0.094   -0.241   -0.148
     0.094   -0.001    0.008   -0.076    0.318   -0.163    0.119    0.036
    -0.019   -0.365    0.027    0.017    0.289   -0.318    0.163   -0.119
    -0.011    0.074    0.025   -0.027   -0.017   -0.289

 ( 11)
    -0.001    0.036   -0.022    0.009   -0.008   -0.007    0.019    0.015
     0.015   -0.019   -0.015   -0.015    0.001   -0.036    0.022   -0.009
     0.008    0.007    0.002   -0.042    0.378    0.015   -0.370   -0.123
    -0.012    0.007    0.123   -0.207   -0.139    0.083    0.207    0.139
    -0.083   -0.002    0.042   -0.378    0.103   -0.062    0.040    0.012
    -0.007   -0.123   -0.024   -0.015   -0.255   -0.103    0.062   -0.040
    -0.015    0.370    0.123    0.024    0.015    0.255

 ( 12)
     0.001   -0.026    0.015   -0.023    0.012    0.015    0.022    0.014
     0.015    0.022    0.014    0.015    0.001   -0.026    0.015   -0.023
     0.012    0.015   -0.001    0.030   -0.269   -0.012    0.270    0.092
     0.027   -0.014   -0.269   -0.228   -0.145    0.092   -0.228   -0.145
     0.092   -0.001    0.030   -0.269    0.239   -0.124    0.092    0.027
    -0.014   -0.269   -0.026   -0.016   -0.269    0.239   -0.124    0.092
    -0.012    0.270    0.092   -0.026   -0.016   -0.269

 ( 13)
    -0.071   -0.038    0.011    0.058    0.070   -0.006   -0.036   -0.042
    -0.017    0.036    0.042    0.017    0.071    0.038   -0.011   -0.058
    -0.070    0.006    0.149    0.160    0.033    0.157    0.012   -0.133
    -0.161   -0.130   -0.018   -0.012    0.033    0.205    0.012   -0.033
    -0.205   -0.149   -0.160   -0.033    0.091    0.169   -0.072    0.161
     0.130    0.018    0.180    0.156   -0.051   -0.091   -0.169    0.072
    -0.157   -0.012    0.133   -0.180   -0.156    0.051

 ( 14)
     0.062   -0.039    0.013   -0.030    0.052    0.016    0.058   -0.074
     0.003   -0.058    0.074   -0.003   -0.062    0.039   -0.013    0.030
    -0.052   -0.016   -0.137    0.178    0.040   -0.131    0.000   -0.160
     0.167   -0.166    0.049   -0.109    0.169   -0.035    0.109   -0.169
     0.035    0.137   -0.178   -0.040    0.026    0.066    0.195   -0.167
     0.166   -0.049   -0.141    0.146    0.009   -0.026   -0.066   -0.195
     0.131    0.000    0.160    0.141   -0.146   -0.009

 ( 15)
     0.094    0.004    0.000   -0.043   -0.083    0.000   -0.050    0.079
     0.000   -0.050    0.079    0.000    0.094    0.004    0.000   -0.043
    -0.083    0.000   -0.215   -0.010    0.000   -0.121   -0.005    0.000
     0.099    0.191    0.000    0.065   -0.102    0.000    0.065   -0.102
     0.000   -0.215   -0.010    0.000    0.056    0.107    0.000    0.099
     0.191    0.000    0.116   -0.182    0.000    0.056    0.107    0.000
    -0.121   -0.005    0.000    0.116   -0.182    0.000

 ( 16)
     0.010    0.052   -0.026   -0.048   -0.005    0.021    0.030   -0.027
     0.006    0.030   -0.027    0.006    0.010    0.052   -0.026   -0.048
    -0.005    0.021   -0.010   -0.324   -0.072   -0.045   -0.055    0.320
     0.250   -0.071    0.056   -0.089    0.118   -0.069   -0.089    0.118
    -0.069   -0.010   -0.324   -0.072    0.083    0.069   -0.252    0.249
    -0.071    0.056   -0.099    0.027    0.015    0.083    0.069   -0.252
    -0.045   -0.055    0.320   -0.099    0.027    0.015

 ( 17)
     0.039   -0.015    0.009   -0.018    0.043    0.018   -0.040   -0.035
    -0.027   -0.040   -0.036   -0.027    0.039   -0.015    0.009   -0.018
     0.043    0.018   -0.079    0.103    0.024   -0.143    0.011   -0.106
     0.174   -0.156    0.050    0.030    0.055    0.330    0.030    0.055
     0.330   -0.079    0.103    0.024   -0.018   -0.117   -0.225    0.174
    -0.156    0.050    0.273    0.193   -0.074   -0.019   -0.117   -0.225
    -0.143    0.011   -0.106    0.273    0.193   -0.074

 ( 18)
     0.002   -0.035    0.020    0.031   -0.016   -0.020    0.029    0.019
     0.020   -0.029   -0.019   -0.020   -0.002    0.035   -0.020   -0.031
     0.016    0.020   -0.012    0.263    0.055   -0.002    0.054   -0.266
    -0.234    0.122   -0.055   -0.046   -0.029   -0.266    0.046    0.029
     0.266    0.012   -0.263   -0.055    0.048   -0.025   -0.266    0.234
    -0.122    0.055   -0.222   -0.142    0.055   -0.048    0.025    0.266
     0.002   -0.054    0.266    0.222    0.142   -0.055

 ( 19)
     0.001   -0.025    0.017   -0.022    0.012    0.017    0.021    0.013
     0.017    0.021    0.013    0.017    0.001   -0.025    0.017   -0.022
     0.012    0.017   -0.013    0.284    0.051   -0.003    0.066   -0.258
     0.252   -0.131    0.051   -0.056   -0.036   -0.258   -0.056   -0.036
    -0.258   -0.013    0.284    0.051    0.059   -0.031   -0.258    0.252
    -0.131    0.051   -0.240   -0.153    0.051    0.059   -0.031   -0.258
    -0.003    0.066   -0.258   -0.240   -0.153    0.051

 ( 20)
     0.034   -0.003    0.019   -0.033   -0.063    0.001   -0.024    0.029
    -0.018    0.024   -0.029    0.018   -0.034    0.003   -0.019    0.033
     0.063   -0.001   -0.110    0.265    0.048   -0.068    0.095   -0.272
     0.104    0.180    0.002    0.118   -0.008    0.263   -0.118    0.008
    -0.263    0.110   -0.265   -0.048   -0.065   -0.117    0.009   -0.104
    -0.180   -0.002    0.278    0.048   -0.046    0.065    0.117   -0.009
     0.068   -0.095    0.272   -0.278   -0.048    0.046

 ( 21)
     0.062    0.005   -0.010    0.004   -0.004   -0.021    0.030   -0.052
    -0.011   -0.030    0.052    0.011   -0.062   -0.005    0.010   -0.004
     0.004    0.021   -0.176   -0.153   -0.026   -0.115   -0.058    0.146
    -0.269    0.147   -0.055   -0.012    0.128    0.162    0.012   -0.128
    -0.162    0.176    0.153    0.026    0.097   -0.055   -0.308    0.269
    -0.147    0.055    0.041    0.236   -0.029   -0.097    0.055    0.308
     0.115    0.058   -0.146   -0.041   -0.236    0.029

 ( 22)
    -0.056    0.010    0.007   -0.036   -0.077    0.002    0.028   -0.016
    -0.008    0.028   -0.016   -0.008   -0.056    0.010    0.007   -0.036
    -0.077    0.002    0.164    0.126    0.017    0.209    0.076   -0.132
     0.143    0.215    0.004    0.010    0.137    0.164    0.010    0.137
     0.164    0.164    0.126    0.017    0.163    0.279   -0.031    0.143
     0.215    0.004    0.077    0.153   -0.021    0.163    0.279   -0.031
     0.209    0.076   -0.132    0.077    0.153   -0.021

 ( 23)
     0.065    0.013    0.006   -0.021   -0.006   -0.009    0.039   -0.071
     0.003    0.039   -0.071    0.003    0.065    0.013    0.006   -0.021
    -0.006   -0.009   -0.203    0.092    0.014   -0.252    0.045   -0.112
    -0.115    0.113   -0.022   -0.191    0.245   -0.058   -0.191    0.245
    -0.058   -0.203    0.092    0.014   -0.049    0.092    0.171   -0.115
     0.113   -0.022   -0.177    0.179    0.007   -0.049    0.092    0.171
    -0.252    0.045   -0.112   -0.177    0.179    0.007

 ( 24)
     0.059    0.003    0.000    0.027    0.053    0.000   -0.032    0.050
     0.000    0.032   -0.050    0.000   -0.059   -0.003    0.000   -0.027
    -0.053    0.000   -0.200   -0.009    0.000   -0.289   -0.013    0.000
    -0.092   -0.177    0.000    0.155   -0.244    0.000   -0.155    0.244
     0.000    0.200    0.009    0.000    0.133    0.256    0.000    0.092
     0.177    0.000    0.108   -0.169    0.000   -0.133   -0.256    0.000
     0.289    0.013    0.000   -0.108    0.169    0.000

 ( 25)
     0.003    0.011   -0.040   -0.011    0.002    0.040    0.003   -0.005
     0.000    0.003   -0.005    0.000    0.003    0.011   -0.040   -0.011
     0.002    0.040    0.225    0.080   -0.043   -0.148   -0.001   -0.029
    -0.166   -0.168    0.044   -0.158    0.248    0.000   -0.158    0.248
     0.000    0.225    0.080   -0.043    0.063    0.132    0.029   -0.166
    -0.168    0.044    0.244   -0.383    0.000    0.063    0.132    0.029
    -0.148   -0.001   -0.029    0.244   -0.383    0.000

 ( 26)
     0.006   -0.006    0.023   -0.003    0.008    0.023   -0.011   -0.007
    -0.046   -0.011   -0.007   -0.046    0.006   -0.006    0.023   -0.003
     0.008    0.023    0.393   -0.023    0.025   -0.254   -0.014    0.017
     0.146    0.368    0.025   -0.004   -0.004   -0.033   -0.004   -0.004
    -0.033    0.393   -0.023    0.025   -0.121   -0.225    0.016    0.146
     0.368    0.025   -0.069   -0.042   -0.050   -0.121   -0.225    0.016
    -0.254   -0.014    0.017   -0.069   -0.042   -0.050

 ( 27)
    -0.002   -0.006    0.013    0.007   -0.001   -0.014   -0.010   -0.007
    -0.028    0.010    0.007    0.028    0.002    0.006   -0.013   -0.007
     0.001    0.014   -0.337   -0.036    0.016    0.356    0.005    0.027
     0.172    0.282   -0.017   -0.014   -0.021   -0.057    0.014    0.021
     0.057    0.337    0.036   -0.016    0.149    0.312    0.030   -0.172
    -0.282    0.017   -0.042   -0.015   -0.033   -0.149   -0.312   -0.030
    -0.356   -0.005   -0.027    0.042    0.015    0.033

 ( 28)
    -0.002    0.011   -0.024    0.009   -0.006   -0.024   -0.001    0.002
     0.001    0.001   -0.002   -0.001    0.002   -0.011    0.024   -0.009
     0.006    0.024   -0.186    0.030   -0.029    0.193    0.028   -0.050
    -0.060   -0.195   -0.028    0.218   -0.341    0.001   -0.218    0.341
    -0.001    0.186   -0.030    0.029   -0.115   -0.178    0.049    0.060
     0.195    0.028   -0.206    0.326    0.001    0.115    0.178   -0.049
    -0.193   -0.028    0.050    0.206   -0.326   -0.001

 ( 29)
    -0.014   -0.001    0.000    0.007    0.013    0.000    0.008   -0.012
     0.000    0.008   -0.012    0.000   -0.014   -0.001    0.000    0.007
     0.013    0.000    0.138    0.006    0.000   -0.379   -0.017    0.000
    -0.064   -0.123    0.000    0.204   -0.320    0.000    0.204   -0.320
     0.000    0.138    0.006    0.000    0.175    0.336    0.000   -0.064
    -0.123    0.000   -0.074    0.117    0.000    0.175    0.336    0.000
    -0.379   -0.017    0.000   -0.074    0.117    0.000

 ( 30)
     0.003    0.000    0.000    0.001    0.002    0.000   -0.002    0.002
     0.000    0.002   -0.002    0.000   -0.003    0.000    0.000   -0.001
    -0.002    0.000    0.337    0.015    0.000   -0.226   -0.010    0.000
     0.156    0.299    0.000    0.122   -0.191    0.000   -0.122    0.191
     0.000   -0.337   -0.015    0.000    0.105    0.201    0.000   -0.156
    -0.299    0.000   -0.181    0.285    0.000   -0.105   -0.201    0.000
     0.226    0.010    0.000    0.181   -0.285    0.000

 ( 31)
     0.070    0.003    0.000   -0.032   -0.062    0.000   -0.038    0.059
     0.000   -0.038    0.059    0.000    0.070    0.003    0.000   -0.032
    -0.062    0.000    0.316    0.014    0.000    0.084    0.004    0.000
    -0.146   -0.280    0.000   -0.045    0.071    0.000   -0.045    0.071
     0.000    0.316    0.014    0.000   -0.039   -0.074    0.000   -0.146
    -0.280    0.000   -0.170    0.266    0.000   -0.039   -0.074    0.000
     0.084    0.004    0.000   -0.170    0.266    0.000

 ( 32)
     0.000    0.006   -0.088   -0.005    0.003    0.088   -0.005   -0.003
    -0.088    0.005    0.003    0.088    0.000   -0.006    0.088    0.005
    -0.003   -0.088   -0.010    0.225   -0.079    0.003   -0.065    0.106
    -0.200    0.104    0.079    0.055    0.035    0.106   -0.055   -0.035
    -0.106    0.010   -0.225    0.079   -0.058    0.030    0.106    0.200
    -0.104   -0.079   -0.190   -0.121   -0.079    0.058   -0.030   -0.106
    -0.003    0.065   -0.106    0.190    0.121    0.079

 ( 33)
    -0.083   -0.020    0.006    0.061    0.043   -0.013   -0.053   -0.013
    -0.019    0.053    0.013    0.019    0.083    0.020   -0.006   -0.061
    -0.043    0.013   -0.261   -0.004    0.009   -0.304   -0.040    0.035
     0.080    0.190   -0.019   -0.106    0.010   -0.108    0.106   -0.010
     0.108    0.261    0.004   -0.009   -0.162   -0.187    0.073   -0.080
    -0.190    0.019   -0.009    0.060   -0.028    0.162    0.187   -0.073
     0.304    0.040   -0.035    0.009   -0.060    0.028

 ( 34)
    -0.030    0.049   -0.018    0.008   -0.070   -0.015   -0.038    0.079
     0.004    0.038   -0.079   -0.004    0.030   -0.049    0.018   -0.008
     0.070    0.015   -0.085   -0.028   -0.028   -0.105    0.077   -0.105
    -0.101   -0.153   -0.022   -0.155    0.275    0.022    0.155   -0.275
    -0.022    0.085    0.028    0.028    0.042    0.220    0.082    0.101
     0.153    0.022   -0.149    0.224    0.006   -0.042   -0.220   -0.082
     0.105   -0.077    0.105    0.149   -0.224   -0.006

 ( 35)
     0.006   -0.007   -0.084    0.005   -0.008    0.092    0.006   -0.009
    -0.007    0.006   -0.009   -0.007    0.006   -0.007   -0.084    0.005
    -0.008    0.092   -0.076    0.275   -0.067    0.057   -0.101    0.180
    -0.246    0.183    0.073    0.058   -0.073    0.016    0.058   -0.073
     0.016   -0.076    0.275   -0.067    0.082   -0.088   -0.196   -0.246
     0.183    0.073   -0.082    0.082   -0.006    0.082   -0.088   -0.196
     0.057   -0.101    0.180   -0.082    0.082   -0.006

 ( 36)
     0.009    0.005    0.057    0.008    0.007    0.044    0.007    0.005
    -0.102    0.007    0.005   -0.102    0.009    0.005    0.057    0.008
     0.007    0.044   -0.085   -0.193    0.046    0.074    0.074   -0.122
    -0.177   -0.023    0.035    0.102    0.073    0.217    0.102    0.073
     0.217   -0.085   -0.193    0.046    0.087    0.049   -0.095   -0.177
    -0.023    0.035   -0.278   -0.187   -0.081    0.087    0.049   -0.095
     0.074    0.074   -0.122   -0.278   -0.187   -0.081

 ( 37)
    -0.004    0.081    0.016    0.072   -0.038    0.016   -0.069   -0.044
     0.016   -0.069   -0.044    0.016   -0.004    0.081    0.016    0.072
    -0.038    0.016    0.006   -0.139   -0.002   -0.007    0.161   -0.193
    -0.124    0.064   -0.002   -0.136   -0.087   -0.193   -0.136   -0.087
    -0.193    0.006   -0.139   -0.002    0.143   -0.075   -0.193   -0.124
     0.064   -0.002    0.118    0.075   -0.002    0.143   -0.075   -0.193
    -0.007    0.161   -0.193    0.118    0.075   -0.002

 ( 38)
     0.002    0.095   -0.031   -0.076   -0.027    0.018    0.069   -0.034
     0.013    0.069   -0.034    0.013    0.002    0.095   -0.031   -0.076
    -0.027    0.018    0.010   -0.015   -0.042    0.021    0.144   -0.157
    -0.030   -0.077    0.024    0.199   -0.199    0.066    0.199   -0.199
     0.066    0.010   -0.015   -0.042   -0.188   -0.182    0.091   -0.030
    -0.077    0.024    0.043   -0.080    0.018   -0.188   -0.182    0.091
     0.021    0.144   -0.157    0.043   -0.080    0.018

 ( 39)
     0.072   -0.005    0.003   -0.050    0.073    0.025   -0.057   -0.072
    -0.028   -0.057   -0.072   -0.028    0.072   -0.005    0.003   -0.050
     0.073    0.025    0.100    0.006    0.004    0.302    0.000    0.014
     0.038    0.045    0.034   -0.042   -0.178   -0.143   -0.042   -0.178
    -0.143    0.100    0.006    0.004   -0.024    0.209    0.129    0.038
     0.045    0.034    0.034   -0.028   -0.038   -0.024    0.209    0.129
     0.302    0.000    0.014    0.034   -0.028   -0.038

 ( 40)
     0.006    0.042    0.066    0.039    0.014    0.045    0.032   -0.025
    -0.021   -0.032    0.025    0.021   -0.006   -0.042   -0.066   -0.039
    -0.014   -0.045    0.019   -0.331    0.038    0.003    0.172   -0.287
    -0.191    0.119    0.026    0.073   -0.012    0.093   -0.073    0.012
    -0.093   -0.019    0.331   -0.038   -0.121    0.019    0.194    0.191
    -0.119   -0.026   -0.079   -0.076   -0.012    0.121   -0.019   -0.194
    -0.003   -0.172    0.287    0.079    0.076    0.012

 ( 41)
    -0.040    0.007    0.013   -0.016    0.039   -0.050    0.027    0.033
    -0.064   -0.027   -0.033    0.064    0.040   -0.007   -0.013    0.016
    -0.039    0.050   -0.019   -0.069    0.008   -0.052    0.033   -0.058
     0.232   -0.104   -0.029    0.131    0.103    0.277   -0.131   -0.103
    -0.277    0.019    0.069   -0.008    0.100   -0.091   -0.219   -0.232
     0.104    0.029   -0.275   -0.167   -0.037   -0.100    0.091    0.219
     0.052   -0.033    0.058    0.275    0.167    0.037

 ( 42)
     0.004   -0.097    0.019    0.086   -0.045   -0.019    0.082    0.052
     0.019   -0.082   -0.052   -0.019   -0.004    0.097   -0.019   -0.086
     0.045    0.019   -0.001    0.013    0.029    0.007   -0.151    0.155
    -0.011    0.006   -0.029    0.128    0.082    0.155   -0.128   -0.082
    -0.155    0.001   -0.013   -0.029   -0.134    0.070    0.155    0.011
    -0.006    0.029   -0.011   -0.007    0.029    0.134   -0.070   -0.155
    -0.007    0.151   -0.155    0.011    0.007   -0.029

 ( 43)
    -0.003    0.074   -0.015    0.066   -0.034   -0.015   -0.063   -0.040
    -0.015   -0.063   -0.040   -0.015   -0.003    0.074   -0.015    0.066
    -0.034   -0.015   -0.011    0.252    0.000    0.000    0.005    0.181
     0.224   -0.116    0.000   -0.004   -0.003    0.181   -0.004   -0.003
     0.181   -0.011    0.252    0.000    0.004   -0.002    0.181    0.224
    -0.116    0.000   -0.213   -0.136    0.000    0.004   -0.002    0.181
     0.000    0.005    0.181   -0.213   -0.136    0.000

 ( 44)
     0.017   -0.130    0.028   -0.066   -0.032    0.009   -0.098   -0.007
    -0.019    0.098    0.007    0.019   -0.017    0.130   -0.028    0.066
     0.032   -0.009    0.024   -0.206    0.021    0.003   -0.095   -0.070
    -0.097   -0.036    0.007   -0.050   -0.039    0.046    0.050    0.039
    -0.046   -0.024    0.206   -0.021    0.025   -0.022    0.023    0.097
     0.036   -0.007   -0.149   -0.022   -0.014   -0.025    0.022   -0.023
    -0.003    0.095    0.070    0.149    0.022    0.014

 ( 45)
     0.060    0.027   -0.005    0.102   -0.076   -0.027   -0.063   -0.088
    -0.022    0.063    0.088    0.022   -0.060   -0.027    0.005   -0.102
     0.076    0.027    0.078    0.043   -0.004   -0.009    0.018    0.013
     0.164   -0.116   -0.020   -0.065   -0.035    0.054    0.065    0.035
    -0.054   -0.078   -0.043    0.004   -0.083    0.040   -0.067   -0.164
     0.116    0.020   -0.106   -0.131   -0.016    0.083   -0.040    0.067
     0.009   -0.018   -0.013    0.106    0.131    0.016

 ( 46)
     0.002   -0.045   -0.064    0.040   -0.021    0.064    0.038    0.024
    -0.064   -0.038   -0.024    0.064   -0.002    0.045    0.064   -0.040
     0.021   -0.064    0.009   -0.209   -0.075    0.000    0.006   -0.207
     0.186   -0.096    0.075   -0.005   -0.003   -0.207    0.005    0.003
     0.207   -0.009    0.209    0.075    0.006   -0.003   -0.207   -0.186
     0.096   -0.075    0.176    0.112   -0.075   -0.006    0.003    0.207
     0.000   -0.006    0.207   -0.176   -0.112    0.075

 ( 47)
    -0.003   -0.035   -0.104    0.033    0.018    0.062   -0.031    0.023
     0.041   -0.031    0.023    0.041   -0.003   -0.035   -0.104    0.033
     0.018    0.062   -0.004   -0.235   -0.117   -0.006    0.031   -0.283
     0.172    0.023    0.071   -0.008    0.035    0.112   -0.008    0.035
     0.112   -0.004   -0.235   -0.117   -0.003    0.035    0.171    0.172
     0.023    0.071   -0.140    0.046    0.046   -0.003    0.035    0.171
    -0.006    0.031   -0.283   -0.140    0.046    0.046

 ( 48)
    -0.039    0.002    0.012    0.014   -0.034    0.083    0.019    0.030
    -0.096    0.019    0.030   -0.096   -0.039    0.002    0.012    0.014
    -0.034    0.083   -0.125    0.023    0.014   -0.036   -0.005    0.034
     0.134   -0.154    0.094   -0.032   -0.003   -0.262   -0.032   -0.003
    -0.262   -0.125    0.023    0.014   -0.033   -0.008    0.228    0.134
    -0.154    0.094    0.157    0.158   -0.108   -0.033   -0.008    0.228
    -0.036   -0.005    0.034    0.157    0.158   -0.108

 ( 49)
    -0.057   -0.003   -0.043   -0.061   -0.030   -0.098   -0.032   -0.016
    -0.139   -0.062   -0.002   -0.029   -0.037   -0.015   -0.126   -0.034
     0.012   -0.071   -0.029    0.030   -0.041   -0.079   -0.015   -0.014
    -0.090   -0.063   -0.099   -0.036   -0.037   -0.179   -0.058    0.019
     0.010   -0.065   -0.047   -0.128   -0.039    0.011   -0.061   -0.005
     0.046   -0.070   -0.003    0.016   -0.142   -0.056   -0.029   -0.108
    -0.015   -0.003   -0.155   -0.091   -0.034   -0.027

 ( 50)
     0.112    0.007    0.009    0.096    0.005   -0.039    0.091    0.018
    -0.080    0.097   -0.019    0.016    0.076   -0.008   -0.074    0.092
    -0.006   -0.026    0.135    0.039    0.011    0.114   -0.004    0.039
     0.074   -0.027   -0.039    0.078    0.014   -0.115    0.110   -0.016
     0.050    0.053   -0.041   -0.076    0.080   -0.026   -0.021    0.115
     0.026   -0.026    0.114    0.051   -0.083    0.108    0.025   -0.043
     0.074    0.003   -0.104    0.075   -0.052    0.018

 ( 51)
     0.077    0.025   -0.028    0.014    0.107   -0.056   -0.060    0.096
    -0.032    0.021   -0.048    0.023   -0.116    0.024    0.019   -0.053
    -0.059    0.046    0.117    0.009   -0.029    0.129    0.033   -0.045
    -0.019    0.127   -0.058   -0.107    0.156   -0.052    0.068   -0.108
     0.043   -0.156    0.040    0.020   -0.095   -0.110    0.083   -0.020
    -0.079    0.049   -0.027    0.084   -0.034    0.056    0.158   -0.092
    -0.168    0.015    0.035   -0.012   -0.036    0.025

 ( 52)
    -0.013   -0.024    0.044   -0.035   -0.047   -0.054    0.028   -0.045
    -0.052   -0.037   -0.001    0.143    0.004   -0.022    0.047    0.026
     0.001    0.144    0.072   -0.021    0.044   -0.063   -0.025    0.043
    -0.122   -0.051   -0.059    0.008   -0.062   -0.122   -0.017    0.016
     0.212   -0.081   -0.025    0.047    0.004    0.017    0.215    0.113
     0.005    0.150    0.115   -0.044   -0.057   -0.013   -0.063   -0.125
     0.054   -0.021    0.048   -0.124   -0.003    0.148

 ( 53)
    -0.013    0.051   -0.114   -0.004    0.050   -0.092    0.038    0.025
    -0.006   -0.007    0.108   -0.051    0.045    0.081    0.057    0.036
     0.083    0.035    0.006   -0.013   -0.118   -0.045    0.073   -0.175
    -0.026    0.112   -0.095    0.044    0.027    0.010   -0.012    0.105
    -0.066    0.026    0.145    0.061    0.039    0.126    0.080    0.057
     0.020    0.038    0.060   -0.041   -0.005   -0.008    0.006   -0.137
     0.076    0.060    0.118   -0.028    0.173   -0.052

 ( 54)
    -0.022    0.092    0.111   -0.017    0.059    0.066   -0.008    0.085
    -0.016   -0.018    0.074    0.073   -0.004    0.067   -0.054   -0.009
     0.100   -0.009   -0.022    0.155    0.116   -0.028    0.070    0.170
    -0.017   -0.005    0.068   -0.005    0.058   -0.048   -0.021    0.101
     0.105   -0.004    0.004   -0.058   -0.006    0.084   -0.036   -0.008
     0.164   -0.011   -0.008    0.148   -0.019   -0.020    0.075    0.093
     0.002    0.089   -0.113   -0.018    0.011    0.076


 ==============================================================================
                      STATISTICAL THERMODYNAMICS ANALYSIS
 ==============================================================================

  Structure name    : cyclohexane-chair                                           
  Temperature       :   298.16 K
  Symmetry number   :   6
  Optical isomers   :   1
  Zero Point Energy :  103.455 Kcal/mol


                     ENERGY   ENTHALPY    ENTROPY  FREE ENERGY   HEAT CAPACITY
                  (Kcal/mol) (Kcal/mol)     (eu)   (Kcal/mol)    (cal/mol/deg)
  Translational       0.889      1.481     39.184    -10.202         4.967
     Rotational       0.889      0.889     22.811     -5.913         2.980
    Vibrational     105.322%   105.322%     9.297*   102.550%       17.449*
      Potential       8.044#     8.044#     0.000      8.044#        0.000
         Mixing       0.000      0.000      0.000      0.000         0.000
          Total     115.144    115.736     71.291     94.480        25.397

  Enthalpy Function (H-Ho)/T     =   14.21 cal/mol/deg
  Free Energy Function -(G-Ho)/T =   57.08 cal/mol/deg

  % Includes zero point energy (ZPE).
  * Excludes contribution from frequencies lower than 40 (1/cm).
  # Includes steric energy (SE).
    Internal rotation contributions are not considered

  This structure has   0 imaginary frequencies,
                       0 free internal rotation (fir) frequencies
                         (>= 0,< 10 /cm),
                       0 restricted internal rotation (rir) frequencies
                         (>= 10,< 40 /cm),
                       6 zero frequencies, and
                      48 real frequencies.


      FINAL STERIC ENERGY IS      8.0440 KCAL/MOL.


                COMPRESSION       0.2687
                BENDING           0.1172
                BEND-BEND        -0.0130
                STRETCH-BEND      0.0375
                VANDERWAALS
                  1,4 ENERGY      6.1713
                  OTHER          -0.3178
                H-BONDING         0.0000
                PI-COMPLX         0.0000

                TORSIONAL         1.7864
                TORSION-STRETCH  -0.0063
                DIPOLE-DIPOLE     0.0000
                CHARGE-DIPOLE     0.0000
                CHARGE-CHARGE     0.0000

      -----------------------------------------------------------------

      COORDINATES TRANSLATED TO NEW ORIGIN WHICH IS CENTER OF MASS
         C(   1)    -0.06472     1.46277    -0.23217   (  1)
         C(   2)    -1.29916     0.67533     0.23217   (  1)
         C(   3)    -1.23444    -0.78744    -0.23217   (  1)
         C(   4)     1.23443     0.78744     0.23217   (  1)
         C(   5)     0.06472    -1.46277     0.23217   (  1)
         C(   6)     1.29916    -0.67533    -0.23217   (  1)
         H(   7)    -0.06804     1.53775    -1.34413   (  5)
         H(   8)    -0.11084     2.50516     0.15967   (  5)
         H(   9)    -1.36575     0.70995     1.34413   (  5)
         H(  10)    -2.11411    -1.34857     0.15967   (  5)
         H(  11)     2.11411     1.34857    -0.15967   (  5)
         H(  12)     0.06804    -1.53775     1.34413   (  5)
         H(  13)     2.22496    -1.15659     0.15967   (  5)
         H(  14)     1.36575    -0.70995    -1.34413   (  5)
         H(  15)    -1.29771    -0.82780    -1.34413   (  5)
         H(  16)    -2.22496     1.15659    -0.15967   (  5)
         H(  17)     0.11084    -2.50516    -0.15967   (  5)
         H(  18)     1.29771     0.82780     1.34413   (  5)

      MOMENT OF INERTIA WITH THE PRINCIPAL AXES

          (1)  UNIT = 10**(-39) GM*CM**2
               IX=   19.6457    IY=   19.6457    IZ=   34.3229

          (2)  UNIT = AU A**2
               IX=  118.3218    IY=  118.3219    IZ=  206.7199



      MOLECULAR POLARIZABILITIES (A**3)
        ALPHA(1)   =      12.95
        ALPHA(2)   =      12.95
        ALPHA(3)   =      10.73
        AVG. ALPHA =      12.21


      E (INDP/INDP) =          0.000 KCAL/MOLE
      DIPOLE MOMENT =          0.000 D (INCLUDES INDUCED BOND MOMENTS)
      *NOTE*  E (INDP/INDP) IS NOT INCLUDED IN THE FINAL STERIC ENERGY

        COMPONENTS WITH PRINCIPAL AXES

                          X =  0.0000    Y =  0.0000    Z =  0.0000



      TOTAL ATOMIC CHARGE ON EACH ATOM (in ELECTRON CHARGE)

           C(    1):          0.000
           C(    2):          0.000
           C(    3):          0.000
           C(    4):          0.000
           C(    5):          0.000
           C(    6):          0.000
           H(    7):          0.000
           H(    8):          0.000
           H(    9):          0.000
           H(   10):          0.000
           H(   11):          0.000
           H(   12):          0.000
           H(   13):          0.000
           H(   14):          0.000
           H(   15):          0.000
           H(   16):          0.000
           H(   17):          0.000
           H(   18):          0.000

      -----------------------------------------------------------------

        END OF cyclohexane-chair                                           


           TOTAL CPU TIME IS      0.04 SECONDS.

           THIS JOB COMPLETED AT    17:33:59
