1
               ---------------------------------------------
               WARNING : INCORRECT ATOM TYPES GIVEN IN INPUT
                         DATA ARE CORRECTED AS FOLLOWS
               ---------------------------------------------


             Atom type of atom    1 is replaced by   1 (was   0)
             Atom type of atom    2 is replaced by   8 (was   0)
             Atom type of atom    3 is replaced by   1 (was   0)
             Atom type of atom    4 is replaced by   1 (was   0)
             Atom type of atom    5 is replaced by   1 (was   0)
             Atom type of atom    6 is replaced by   1 (was   0)
             Atom type of atom    7 is replaced by  23 (was   0)
             Atom type of atom    8 is replaced by   5 (was   0)
             Atom type of atom    9 is replaced by   5 (was   0)
             Atom type of atom   10 is replaced by   5 (was   0)
             Atom type of atom   11 is replaced by   5 (was   0)
             Atom type of atom   12 is replaced by   5 (was   0)
             Atom type of atom   13 is replaced by   5 (was   0)
             Atom type of atom   14 is replaced by   5 (was   0)
             Atom type of atom   15 is replaced by   5 (was   0)
             Atom type of atom   16 is replaced by   5 (was   0)
             Atom type of atom   17 is replaced by   1 (was   0)
             Atom type of atom   18 is replaced by   5 (was   0)
             Atom type of atom   19 is replaced by   5 (was   0)
             Atom type of atom   20 is replaced by   5 (was   0)
1     2-methylpiperidine-eq                                       

               CHEMICAL FORMULA :  C(   6)  H(  13)  N(   1) 
               FORMULA WEIGHT   :     99.107
                                                               DATE 29-MAY-23
                                                               TIME  15:37:45


          THE COORDINATES OF   20 ATOMS ARE READ IN.
          SOME CONSTANTS WILL BE READ IN.

      CONFORMATIONAL ENERGY, PART 1:  GEOMETRY AND STERIC ENERGY
                                      OF INITIAL CONFORMATION.


      CONNECTED ATOMS
         1-   2-   3-   5-   6-   4-
         1-   4-
         1-  17-

      ATTACHED ATOMS
         1-   8,   2-   7,   3-   9,   3-  10,   4-  11,   4-  12,   5-  13,
         5-  14,   6-  15,   6-  16,  17-  18,  17-  19,  17-  20,

      INITIAL ATOMIC COORDINATES
           ATOM         X           Y           Z       TYPE
         C(   1)     0.98824     0.02035     0.33317   (  1)
         N(   2)     0.31899    -1.16605    -0.22033   (  8)
         C(   3)    -1.08033    -1.26644     0.20555   (  1)
         C(   4)     0.26873     1.27863    -0.16741   (  1)
         C(   5)    -1.86196    -0.04893    -0.29010   (  1)
         C(   6)    -1.21301     1.24167     0.21061   (  1)
         H(   7)     0.82769    -2.01756     0.07839   ( 23)
         H(   8)     0.97538     0.03201     1.46013   (  5)
         H(   9)    -1.21804    -1.37646     1.31648   (  5)
         H(  10)    -1.53542    -2.18561    -0.22729   (  5)
         H(  11)     0.36800     1.35421    -1.27210   (  5)
         H(  12)     0.75097     2.18182     0.26533   (  5)
         H(  13)    -2.91610    -0.11214     0.05731   (  5)
         H(  14)    -1.88502    -0.04779    -1.40195   (  5)
         H(  15)    -1.31540     1.30314     1.31840   (  5)
         H(  16)    -1.73983     2.12707    -0.21292   (  5)
         C(  17)     2.45458     0.02217    -0.09816   (  1)
         H(  18)     2.56316     0.02102    -1.20313   (  5)
         H(  19)     2.97916     0.92283     0.28507   (  5)
         H(  20)     3.00040    -0.86352     0.29034   (  5)


          DIELECTRIC CONSTANT =  1.500


      INITIAL STERIC ENERGY IS     10.4931 KCAL/MOL.

                  COMPRESSION       0.4939
                  BENDING           1.3074
                  BEND-BEND         0.0042
                  STRETCH-BEND      0.0594
                  VANDERWAALS
                    1,4 ENERGY      7.8206
                    OTHER          -0.2824
                  H-BONDING         0.0000
                  PI-COMPLX         0.0000

                  TORSIONAL         1.0947
                  TORSION-STRETCH  -0.0047
                  DIPOLE-DIPOLE     0.0000
                  CHARGE-DIPOLE     0.0000
                  CHARGE-CHARGE     0.0000


      MOLECULAR POLARIZABILITIES (A**3)
        ALPHA(1)   =      15.62
        ALPHA(2)   =      14.42
        ALPHA(3)   =      12.25
        AVG. ALPHA =      14.10



      DIPOLE MOMENT =          1.080 D


      E (INDP/INDP) =          0.896 KCAL/MOLE
      DIPOLE MOMENT =          0.777 D (INCLUDES INDUCED BOND MOMENTS)
      *NOTE*  E (INDP/INDP) IS NOT INCLUDED IN THE INITIAL STERIC ENERGY

      CPU TIME FOR INITIAL CALCULATION IS     0.02 SECONDS.


1     2-methylpiperidine-eq                                       


     CONFORMATIONAL ENERGY, PART 2: GEOMETRY MINIMIZATION

               GEOMETRY OPTIMIZATION IS CONTINUED UNTIL ATOM
               MOVEMENT CONVERGES WITHIN FOLLOWING VALUES:

                         AVERAGE MOVEMENT  0.00013 A
                         MAXIMUM MOVEMENT  0.00134 A



     <<<<<<<<<<<<<<<<<<<<<<<<<<  C Y C L E   1 >>>>>>>>>>>>>>>>>>>>>>>>>>

                              (CH)-MOVEMENT = 1

       ITER    1   AVG. MOVE = 0.00730 A   (MAX MOVE : ATOM    9   0.08041 A)  
       ITER    2   AVG. MOVE = 0.00236 A   (MAX MOVE : ATOM    2   0.01740 A)  
       ITER    3   AVG. MOVE = 0.00110 A   (MAX MOVE : ATOM    7   0.00655 A)  
       ITER    4   AVG. MOVE = 0.00070 A   (MAX MOVE : ATOM   15   0.00422 A)  
       ITER    5   AVG. MOVE = 0.00049 A   (MAX MOVE : ATOM   15   0.00296 A)  
       ITER    6   AVG. MOVE = 0.00037 A   (MAX MOVE : ATOM   15   0.00210 A)  
       ITER    7   AVG. MOVE = 0.00028 A   (MAX MOVE : ATOM   15   0.00151 A)  
       ITER    8   AVG. MOVE = 0.00022 A   (MAX MOVE : ATOM   15   0.00111 A)  
       ITER    9   AVG. MOVE = 0.00017 A   (MAX MOVE : ATOM   15   0.00082 A)  
       ITER   10   AVG. MOVE = 0.00014 A   (MAX MOVE : ATOM   13   0.00065 A)  
       ITER   11   AVG. MOVE = 0.00011 A   (MAX MOVE : ATOM   13   0.00052 A)  


     <<<<<<<<<<<<<<<<<<<<<<<<<<  C Y C L E   2 >>>>>>>>>>>>>>>>>>>>>>>>>>

                              (CH)-MOVEMENT = 0

       ITER   12   AVG. MOVE = 0.00006 A   (MAX MOVE : ATOM    8   0.00033 A)  


              * * * * * * * * * GEOMETRY IS OPTIMIZED * * * * * * * * *

               WITHIN : AVERAGE MOVEMENT  0.00006 A (LIMIT  0.00013 A)
                        MAXIMUM MOVEMENT  0.00033 A (LIMIT  0.00134 A)

               GRADIENT
                  RMS GRADIENT                0.010094 KCAL/MOL/A

                  MAX GRADIENT
                    X-DIRECTION : ATOM #   3   0.024327 KCAL/MOL/A
                    Y-DIRECTION : ATOM #   1   0.020930 KCAL/MOL/A
                    Z-DIRECTION : ATOM #   2   0.036766 KCAL/MOL/A

        DELTA TIME =    0.00 SEC.       TOTAL CPU TIME =      0.03 SEC.


                            =====================
                            FULL-MATRIX OPTIMIZER
                            =====================


     iter.  rms force   max force   avg. move    max move  atom  convg  d-time

        0    0.017296    0.056048   0.00052 A   0.00381 A   19    [N]     0.0s
        1    0.000708    0.002373   0.00000 A   0.00000 A   19    [N]     0.0s
        2    0.000034    0.000151                                 [Y]     0.0s


      TOTAL ENERGY IS      9.5348 KCAL/MOL.

        COMPRESS    0.3849      VDW 1,4    7.7376      DIPL-DIPL    0.0000
        BENDING     0.5229        OTHER   -0.2381      CHRG-DIPL    0.0000
        STR-BEND    0.0648      TORSION    1.1060      CHRG-CHRG    0.0000
        BEND-BEND  -0.0371      TOR-STR   -0.0061      EPR          0.0000
        H-BONDING   0.0000      PI-CMPL    0.0000
0     DELTA(T) =     0.0 SEC.          ELAPSED TIME =     0.0 SEC.


    * * * ENERGY IS MINIMIZED WITHIN RMS OF FORCES   0.00003  Kcal/mol/A * * *

                 * * * *  RMS FORCE IS   0.00003 Kcal/mol/A * * * *

1     2-methylpiperidine-eq                                       

               CHEMICAL FORMULA :  C(   6)  H(  13)  N(   1) 
               FORMULA WEIGHT   :     99.107
                                                               DATE : 29-MAY-23

           * M M 3 * * * * * * * * * * * 2 0 0 0 *
           *                                     *   PARAMETER RELIABILITY
           *                                     *
           *                                     *   BLANK = GOOD
           *                                     *       B = FAIR
           *                                     *       C = TRIAL
           *                                     *       R = READ IN
           *                                     *       S = SUBSTITUTED
           *                                     *       U = PARAMETER NOT EXIST
           *                                     *
           *                                     *   THIS IS SHOWN AT THE END 
           *                                     *   OF THE LINE.
           * * * * * * * * * * * * * * * * * * * * 


      CONFORMATIONAL ENERGY, PART 3:  GEOMETRY AND STERIC ENERGY
                                      OF FINAL CONFORMATION.

      CONNECTED ATOMS
         1-   2-   3-   5-   6-   4-
         1-   4-
         1-  17-

      ATTACHED ATOMS
         1-   8,   2-   7,   3-   9,   3-  10,   4-  11,   4-  12,   5-  13,
         5-  14,   6-  15,   6-  16,  17-  18,  17-  19,  17-  20,

      FINAL ATOMIC COORDINATE
           ATOM         X           Y           Z       TYPE
         C(   1)     0.99233    -0.02362    -0.34093   (  1)
         N(   2)     0.33490     1.16788     0.21275   (  8)
         C(   3)    -1.06925     1.27111    -0.19279   (  1)
         C(   4)     0.25887    -1.27355     0.16598   (  1)
         C(   5)    -1.87472     0.05951     0.28101   (  1)
         C(   6)    -1.22803    -1.24109    -0.20522   (  1)
         H(   7)     0.83320     2.00636    -0.07690   ( 23)
         H(   8)     0.94461     0.00863    -1.46768   (  5)
         H(   9)    -1.14124     1.36181    -1.31322   (  5)
         H(  10)    -1.51186     2.19702     0.23996   (  5)
         H(  11)     0.36096    -1.34527     1.27309   (  5)
         H(  12)     0.73051    -2.18869    -0.25953   (  5)
         H(  13)    -2.92419     0.12723    -0.08634   (  5)
         H(  14)    -1.92157     0.05730     1.39440   (  5)
         H(  15)    -1.33716    -1.32072    -1.31158   (  5)
         H(  16)    -1.75400    -2.11949     0.23481   (  5)
         C(  17)     2.45957    -0.04113     0.10363   (  1)
         H(  18)     2.55561    -0.04453     1.21203   (  5)
         H(  19)     2.98840    -0.94265    -0.27750   (  5)
         H(  20)     3.01513     0.84541    -0.27508   (  5)


          DIELECTRIC CONSTANT =  1.500


      BOND LENGTHS AND STRETCHING ENERGY   (   20 BONDS)

        ENERGY = 71.94(KS)(DR)(DR)(1-(CS)(DR)+(7/12)((CS)(DR))**2)
                          DR = R-RO
                          CS =  2.550
                                                         R(0)-CORR        CORR
          BOND        LENGTH   R(0)    K(S)  ENERGY   E-NEG   MISCEL       KS
    C(   1)- N(   2)  1.4692  1.4540  5.300  0.0844  0.0060                     
    C(   1)- C(   4)  1.5353  1.5197  4.490  0.0759 -0.0050                     
    C(   1)- H(   8)  1.1282  1.1234  4.437  0.0072 -0.0011  0.0125  BH -0.373  
    C(   1)- C(  17)  1.5332  1.5197  4.490  0.0570 -0.0050                     
    N(   2)- C(   3)  1.4652  1.4540  5.300  0.0463  0.0060                     
    N(   2)- H(   7)  1.0175  1.0150  6.420  0.0028                             
    C(   3)- C(   5)  1.5301  1.5197  4.490  0.0341 -0.0050                     
    C(   3)- H(   9)  1.1264  1.1235  4.304  0.0026 -0.0011  0.0126  BH -0.376  
    C(   3)- H(  10)  1.1138  1.1111  4.709  0.0024 -0.0011  0.0002  BH  0.029  
    C(   4)- C(   6)  1.5329  1.5227  4.490  0.0326 -0.0020                     
    C(   4)- H(  11)  1.1141  1.1116  4.694  0.0022 -0.0004              0.014  
    C(   4)- H(  12)  1.1140  1.1116  4.694  0.0020 -0.0004              0.014  
    C(   5)- C(   6)  1.5317  1.5227  4.490  0.0257 -0.0020                     
    C(   5)- H(  13)  1.1140  1.1116  4.694  0.0020 -0.0004              0.014  
    C(   5)- H(  14)  1.1144  1.1116  4.694  0.0027 -0.0004              0.014  
    C(   6)- H(  15)  1.1146  1.1120  4.680  0.0022                             
    C(   6)- H(  16)  1.1144  1.1120  4.680  0.0019                             
    C(  17)- H(  18)  1.1125  1.1116  4.764  0.0003 -0.0004              0.014  
    C(  17)- H(  19)  1.1125  1.1116  4.764  0.0003 -0.0004              0.014  
    C(  17)- H(  20)  1.1127  1.1116  4.764  0.0004 -0.0004              0.014  


      NON-BONDED DISTANCES, VDW AND EPR ENERGY   (    131 PAIRS)

              E(VDW) = KV*(1.84(10**5)EXP(-12.00/P) - 2.25(P**6))
              E(EPR) = C*KV*(1.84(10**5)EXP(-12.00/Q) - 2.25(Q**6))
              E(HBD) = EP1-EP2*COS(THETA)*RTH/RTH0
                            EP1 = KHB*1.84(10**5)*EXP(-12.0/P)
                            EP2 = KHB*2.25(P**6)

            IF P > 3.020, THEN,
              E(VDW) = KV(192.270)(P**2)
              E(HBD) = EP1-EP2*COS(THETA)*RTH/RTH0
                            EP1 = KHB*(192.270*P**2+1706.96)
                            EP2 = KHB*1706.96

               WHERE   RV = RVDW(I) + RVDW(K)
                       KV = SQRT(EPS(I)*EPS(K))
                      KHB = EPS/DIELEC  FOR HYDROGEN BOND
                        P = (RV/R) OR (RV/R#)
                        C = SCALE FACTOR
                        Q = RV/R, WHERE R IS MODIFIED DISTANCE
                    THETA = ANGLE H-X-Y IN HYDROGEN BOND X-H...Y
                      RTH = BOND LENGTH X-H IN X-H...Y
                     RTH0 = NATURAL BOND LENGTH X-H

          # IN THE VDW CALCULATIONS THE HYDROGEN ATOMS ARE RELOCATED
          SO THAT THE ATTACHED HYDROGEN DISTANCE IS REDUCED BY 0.923

          # IN THE VDW CALCULATIONS THE DEUTERIUM ATOMS ARE RELOCATED
          SO THAT THE ATTACHED DEUTERIUM DISTANCE IS REDUCED BY  0.923

         ATOM PAIR          R       R#       RV      KV       ENERGY
      C(   1), C(   3)   2.4389
      C(   1), C(   5)   2.9349            4.080   0.0270     0.4473  1,4       
      C(   1), C(   6)   2.5359
      C(   1), H(   7)   2.0533
      C(   1), H(   9)   2.7234   2.6858   3.560   0.0230     0.2145  1,4       
      C(   1), H(  10)   3.3970   3.3198   3.560   0.0230    -0.0203  1,4       
      C(   1), H(  11)   2.1796
      C(   1), H(  12)   2.1824
      C(   1), H(  13)   3.9277   3.8489   3.560   0.0230    -0.0226            
      C(   1), H(  14)   3.3924   3.3463   3.560   0.0230    -0.0216            
      C(   1), H(  15)   2.8375   2.7997   3.560   0.0230     0.1186  1,4       
      C(   1), H(  16)   3.5023   3.4247   3.560   0.0230    -0.0243  1,4       
      C(   1), H(  18)   2.2036
      C(   1), H(  19)   2.1984
      C(   1), H(  20)   2.2026
      N(   2), C(   4)   2.4431
      N(   2), C(   5)   2.4730
      N(   2), C(   6)   2.9018            3.970   0.0341     0.4699  1,4       
      N(   2), H(   8)   2.1306
      N(   2), H(   9)   2.1319
      N(   2), H(  10)   2.1143
      N(   2), H(  11)   2.7278   2.6906   3.550   0.0293     0.2575  1,4       
      N(   2), H(  12)   3.4126   3.3348   3.550   0.0293    -0.0274  1,4       
      N(   2), H(  13)   3.4342   3.3569   3.550   0.0293    -0.0286  1,4       
      N(   2), H(  14)   2.7787   2.7403   3.550   0.0293     0.2000  1,4       
      N(   2), H(  15)   3.3634   3.3169   3.550   0.0293    -0.0263            
      N(   2), H(  16)   3.8950   3.8161   3.550   0.0293    -0.0293            
      N(   2), C(  17)   2.4470
      N(   2), H(  18)   2.7203   2.6839   3.550   0.0293     0.2661  1,4       
      N(   2), H(  19)   3.4258   3.3474   3.550   0.0293    -0.0281  1,4       
      N(   2), H(  20)   2.7433   2.7054   3.550   0.0293     0.2392  1,4       
      C(   3), C(   4)   2.8927            4.080   0.0270     0.5245  1,4       
      C(   3), C(   6)   2.5172
      C(   3), H(   7)   2.0429
      C(   3), H(   8)   2.6972   2.6612   3.560   0.0230     0.2414  1,4       
      C(   3), H(  11)   3.3226   3.2781   3.560   0.0230    -0.0176            
      C(   3), H(  12)   3.9005   3.8208   3.560   0.0230    -0.0231            
      C(   3), H(  13)   2.1819
      C(   3), H(  14)   2.1723
      C(   3), H(  15)   2.8357   2.7967   3.560   0.0230     0.1206  1,4       
      C(   3), H(  16)   3.4854   3.4077   3.560   0.0230    -0.0238  1,4       
      C(   3), C(  17)   3.7766            4.080   0.0270    -0.0221  1,4       
      C(   3), H(  18)   4.1041   4.0691   3.560   0.0230    -0.0185            
      C(   3), H(  19)   4.6230   4.5538   3.560   0.0230    -0.0109            
      C(   3), H(  20)   4.1073   4.0720   3.560   0.0230    -0.0185            
      C(   4), C(   5)   2.5184
      C(   4), H(   7)   3.3387   3.2672   3.640   0.0220    -0.0097  1,4       
      C(   4), H(   8)   2.1870
      C(   4), H(   9)   3.3307   3.2853   3.560   0.0230    -0.0181            
      C(   4), H(  10)   3.8969   3.8174   3.560   0.0230    -0.0231            
      C(   4), H(  13)   3.4868   3.4091   3.560   0.0230    -0.0239  1,4       
      C(   4), H(  14)   2.8345   2.7957   3.560   0.0230     0.1213  1,4       
      C(   4), H(  15)   2.1755
      C(   4), H(  16)   2.1845
      C(   4), C(  17)   2.5231
      C(   4), H(  18)   2.8071   2.7704   3.560   0.0230     0.1393  1,4       
      C(   4), H(  19)   2.7850   2.7498   3.560   0.0230     0.1554  1,4       
      C(   4), H(  20)   3.5045   3.4261   3.560   0.0230    -0.0243  1,4       
      C(   5), H(   7)   3.3543   3.2836   3.640   0.0220    -0.0113  1,4       
      C(   5), H(   8)   3.3180   3.2763   3.560   0.0230    -0.0175            
      C(   5), H(   9)   2.1853
      C(   5), H(  10)   2.1685
      C(   5), H(  11)   2.8206   2.7827   3.560   0.0230     0.1303  1,4       
      C(   5), H(  12)   3.4834   3.4058   3.560   0.0230    -0.0238  1,4       
      C(   5), H(  15)   2.1749
      C(   5), H(  16)   2.1828
      C(   5), C(  17)   4.3391            4.080   0.0270    -0.0277            
      C(   5), H(  18)   4.5283   4.5043   3.560   0.0230    -0.0115            
      C(   5), H(  19)   4.9966   4.9402   3.560   0.0230    -0.0070            
      C(   5), H(  20)   4.9837   4.9282   3.560   0.0230    -0.0071            
      C(   6), H(   7)   3.8485   3.7743   3.640   0.0220    -0.0239            
      C(   6), H(   8)   2.8064   2.7702   3.560   0.0230     0.1394  1,4       
      C(   6), H(   9)   2.8302   2.7913   3.560   0.0230     0.1243  1,4       
      C(   6), H(  10)   3.4784   3.4011   3.560   0.0230    -0.0236  1,4       
      C(   6), H(  11)   2.1728
      C(   6), H(  12)   2.1764
      C(   6), H(  13)   2.1825
      C(   6), H(  14)   2.1738
      C(   6), C(  17)   3.8902            4.080   0.0270    -0.0275  1,4       
      C(   6), H(  18)   4.2138   4.1793   3.560   0.0230    -0.0165            
      C(   6), H(  19)   4.2276   4.1921   3.560   0.0230    -0.0163            
      C(   6), H(  20)   4.7289   4.6603   3.560   0.0230    -0.0096            
      H(   7), H(   8)   2.4367   2.3515   3.220   0.0190     0.2645  1,4       
      H(   7), H(   9)   2.4171   2.3336   3.220   0.0190     0.2888  1,4       
      H(   7), H(  10)   2.3740   2.2950   3.220   0.0190     0.3482  1,4       
      H(   7), H(  11)   3.6440   3.5366   3.220   0.0190    -0.0177            
      H(   7), H(  12)   4.2003   4.0649   3.220   0.0190    -0.0096            
      H(   7), H(  13)   4.2011   4.0680   3.220   0.0190    -0.0096            
      H(   7), H(  14)   3.6813   3.5733   3.220   0.0190    -0.0171            
      H(   7), H(  15)   4.1599   4.0604   3.220   0.0190    -0.0097            
      H(   7), H(  16)   4.8799   4.7229   3.220   0.0190    -0.0042            
      H(   7), C(  17)   2.6210   2.5939   3.640   0.0220     0.4052  1,4       
      H(   7), H(  18)   2.9722   2.9007   3.220   0.0190    -0.0094            
      H(   7), H(  19)   3.6581   3.5492   3.220   0.0190    -0.0175            
      H(   7), H(  20)   2.4795   2.4768   3.220   0.0190     0.1361            
      H(   8), H(   9)   2.4911   2.4871   3.240   0.0200     0.1476            
      H(   8), H(  10)   3.7067   3.5915   3.240   0.0200    -0.0181            
      H(   8), H(  11)   3.1122   2.9604   3.240   0.0200    -0.0137  1,4       
      H(   8), H(  12)   2.5167   2.4310   3.240   0.0200     0.2003  1,4       
      H(   8), H(  13)   4.1097   4.0175   3.240   0.0200    -0.0111            
      H(   8), H(  14)   4.0508   3.9309   3.240   0.0200    -0.0124            
      H(   8), H(  15)   2.6454   2.6369   3.240   0.0200     0.0562            
      H(   8), H(  16)   3.8353   3.7179   3.240   0.0200    -0.0159            
      H(   8), C(  17)   2.1833
      H(   8), H(  18)   3.1271   2.9750   3.240   0.0200    -0.0147  1,4       
      H(   8), H(  19)   2.5492   2.4605   3.240   0.0200     0.1710  1,4       
      H(   8), H(  20)   2.5317   2.4453   3.240   0.0200     0.1856  1,4       
      H(   9), H(  10)   1.8020
      H(   9), H(  11)   4.0341   3.9126   3.240   0.0200    -0.0126            
      H(   9), H(  12)   4.1497   4.0510   3.240   0.0200    -0.0107            
      H(   9), H(  13)   2.4917   2.4088   3.240   0.0200     0.2247  1,4       
      H(   9), H(  14)   3.1051   2.9537   3.240   0.0200    -0.0131  1,4       
      H(   9), H(  15)   2.6897   2.6764   3.240   0.0200     0.0407            
      H(   9), H(  16)   3.8589   3.7387   3.240   0.0200    -0.0155            
      H(   9), C(  17)   4.1160   4.0798   3.560   0.0230    -0.0183            
      H(   9), H(  18)   4.6927   4.5900   3.240   0.0200    -0.0054            
      H(   9), H(  19)   4.8412   4.7536   3.240   0.0200    -0.0044            
      H(   9), H(  20)   4.3151   4.2629   3.240   0.0200    -0.0082            
      H(  10), H(  11)   4.1379   4.0403   3.240   0.0200    -0.0108            
      H(  10), H(  12)   4.9510   4.7871   3.240   0.0200    -0.0043            
      H(  10), H(  13)   2.5269   2.4392   3.240   0.0200     0.1917  1,4       
      H(  10), H(  14)   2.4656   2.3845   3.240   0.0200     0.2543  1,4       
      H(  10), H(  15)   3.8487   3.7298   3.240   0.0200    -0.0157            
      H(  10), H(  16)   4.3233   4.1842   3.240   0.0200    -0.0090            
      H(  10), C(  17)   4.5607   4.4954   3.560   0.0230    -0.0117            
      H(  10), H(  18)   4.7449   4.6652   3.240   0.0200    -0.0049            
      H(  10), H(  19)   5.5116   5.3652   3.240   0.0200    -0.0022            
      H(  10), H(  20)   4.7525   4.6720   3.240   0.0200    -0.0049            
      H(  11), H(  12)   1.7880
      H(  11), H(  13)   3.8482   3.7291   3.240   0.0200    -0.0157            
      H(  11), H(  14)   2.6818   2.6692   3.240   0.0200     0.0433            
      H(  11), H(  15)   3.0927   2.9424   3.240   0.0200    -0.0121  1,4       
      H(  11), H(  16)   2.4800   2.3983   3.240   0.0200     0.2371  1,4       
      H(  11), C(  17)   2.7336   2.7017   3.560   0.0230     0.1985  1,4       
      H(  11), H(  18)   2.5519   2.5496   3.240   0.0200     0.1021            
      H(  11), H(  19)   3.0773   3.0019   3.240   0.0200    -0.0165            
      H(  11), H(  20)   3.7737   3.6603   3.240   0.0200    -0.0169            
      H(  12), H(  13)   4.3302   4.1907   3.240   0.0200    -0.0089            
      H(  12), H(  14)   3.8488   3.7302   3.240   0.0200    -0.0156            
      H(  12), H(  15)   2.4770   2.3953   3.240   0.0200     0.2408  1,4       
      H(  12), H(  16)   2.5342   2.4463   3.240   0.0200     0.1847  1,4       
      H(  12), C(  17)   2.7809   2.7459   3.560   0.0230     0.1586  1,4       
      H(  12), H(  18)   3.1771   3.0936   3.240   0.0200    -0.0205            
      H(  12), H(  19)   2.5790   2.5746   3.240   0.0200     0.0871            
      H(  12), H(  20)   3.7981   3.6842   3.240   0.0200    -0.0165            
      H(  13), H(  14)   1.7896
      H(  13), H(  15)   2.4732   2.3923   3.240   0.0200     0.2445  1,4       
      H(  13), H(  16)   2.5535   2.4636   3.240   0.0200     0.1681  1,4       
      H(  13), C(  17)   5.3898   5.3079   3.560   0.0230    -0.0046            
      H(  13), H(  18)   5.6341   5.5227   3.240   0.0200    -0.0018            
      H(  13), H(  19)   6.0117   5.8790   3.240   0.0200    -0.0013            
      H(  13), H(  20)   5.9856   5.8555   3.240   0.0200    -0.0013            
      H(  14), H(  15)   3.0924   2.9422   3.240   0.0200    -0.0121  1,4       
      H(  14), H(  16)   2.4721   2.3913   3.240   0.0200     0.2458  1,4       
      H(  14), C(  17)   4.5684   4.5414   3.560   0.0230    -0.0111            
      H(  14), H(  18)   4.4821   4.4710   3.240   0.0200    -0.0063            
      H(  14), H(  19)   5.2823   5.1927   3.240   0.0200    -0.0026            
      H(  14), H(  20)   5.2706   5.1817   3.240   0.0200    -0.0027            
      H(  15), H(  16)   1.7897
      H(  15), C(  17)   4.2492   4.2121   3.560   0.0230    -0.0160            
      H(  15), H(  18)   4.8115   4.7097   3.240   0.0200    -0.0047            
      H(  15), H(  19)   4.4635   4.4090   3.240   0.0200    -0.0068            
      H(  15), H(  20)   4.9708   4.8822   3.240   0.0200    -0.0038            
      H(  16), C(  17)   4.7001   4.6332   3.560   0.0230    -0.0100            
      H(  16), H(  18)   4.8819   4.8010   3.240   0.0200    -0.0042            
      H(  16), H(  19)   4.9130   4.8288   3.240   0.0200    -0.0040            
      H(  16), H(  20)   5.6387   5.4918   3.240   0.0200    -0.0019            
      H(  18), H(  19)   1.7924
      H(  18), H(  20)   1.7929
      H(  19), H(  20)   1.7883


      BOND ANGLES, BENDING AND STRETCH-BEND ENERGIES   (   39 ANGLES)

          EB = 0.021914(KB)(DT)(DT)(1+CF*DT+QF*DT**2+PF*DT**3+SF*DT**4)
                          DT = THETA-TZERO
                          CF = -1400.000E-5
                          QF =     5.600E-5
                          PF =    -0.070E-5
                          SF =     0.022E-6
          ESB(J) = 2.51124(KSB(J))(DT)(DR1+DR2)
                          DR(I) = R(I) - R0(I)
          EBDBD  = -0.02191418(KBB1)(DT1)(KBB2)(DT2)

          A T O M S            THETA    TZERO     KB     EB     KSB    ESB
   N(   2)- C(   1)- C(   4)  108.787  108.000  0.780  0.0105  0.13  0.0079     
   N(   2)- C(   1)- H(   8)  109.528  109.300  0.820  0.0009  0.08  0.0009     
   N(   2)- C(   1)- C(  17)  109.161  108.000  0.780  0.0227  0.13  0.0109     
   C(   4)- C(   1)- H(   8)  109.439  109.800  0.590  0.0017  0.08 -0.0015     
   C(   4)- C(   1)- C(  17)  110.618  110.200  0.670  0.0025  0.13  0.0040     
   H(   8)- C(   1)- C(  17)  109.292  109.800  0.590  0.0034  0.08 -0.0019     
   C(   1)- N(   2)- C(   3)  112.437  108.200  0.720  0.2668  0.05  0.0140     
   C(   1)- N(   2)- H(   7)  109.992  108.100  0.600  0.0458  0.03  0.0025     
   C(   3)- N(   2)- H(   7)  109.421  108.100  0.600  0.0225  0.03  0.0014     
   N(   2)- C(   3)- C(   5)  111.284  111.000  0.780  0.0014  0.13  0.0020     
   N(   2)- C(   3)- H(   9)  110.013  109.300  0.820  0.0090  0.08  0.0020     
   N(   2)- C(   3)- H(  10)  109.382  109.300  0.820  0.0001  0.08  0.0002     
   C(   5)- C(   3)- H(   9)  109.763  109.310  0.590  0.0026  0.08  0.0012     
   C(   5)- C(   3)- H(  10)  109.195  109.310  0.590  0.0002  0.08 -0.0003     
   H(   9)- C(   3)- H(  10)  107.106  107.600  0.550  0.0030                   
   C(   1)- C(   4)- C(   6)  111.481  111.000  0.670  0.0034  0.13  0.0041     
   C(   1)- C(   4)- H(  11)  109.677  109.310  0.590  0.0017  0.08  0.0013     
   C(   1)- C(   4)- H(  12)  109.903  109.310  0.590  0.0045  0.08  0.0022     
   C(   6)- C(   4)- H(  11)  109.322  109.310  0.590  0.0000  0.08  0.0000     
   C(   6)- C(   4)- H(  12)  109.608  109.310  0.590  0.0011  0.08  0.0008     
   H(  11)- C(   4)- H(  12)  106.732  107.600  0.550  0.0092                   
   C(   3)- C(   5)- C(   6)  110.598  111.000  0.670  0.0024  0.13 -0.0025     
   C(   3)- C(   5)- H(  13)  110.223  109.310  0.590  0.0107  0.08  0.0024     
   C(   3)- C(   5)- H(  14)  109.455  109.310  0.590  0.0003  0.08  0.0004     
   C(   6)- C(   5)- H(  13)  110.163  109.310  0.590  0.0093  0.08  0.0020     
   C(   6)- C(   5)- H(  14)  109.465  109.310  0.590  0.0003  0.08  0.0004     
   H(  13)- C(   5)- H(  14)  106.857  107.600  0.550  0.0067                   
   C(   4)- C(   6)- C(   5)  110.527  111.000  0.670  0.0033  0.13 -0.0030     
   C(   4)- C(   6)- H(  15)  109.502  109.310  0.590  0.0005  0.08  0.0005     
   C(   4)- C(   6)- H(  16)  110.213  109.310  0.590  0.0104  0.08  0.0023     
   C(   5)- C(   6)- H(  15)  109.538  109.310  0.590  0.0007  0.08  0.0005     
   C(   5)- C(   6)- H(  16)  110.162  109.310  0.590  0.0093  0.08  0.0020     
   H(  15)- C(   6)- H(  16)  106.823  107.600  0.550  0.0073                   
   C(   1)- C(  17)- H(  18)  111.809  110.700  0.590  0.0157  0.08  0.0032     
   C(   1)- C(  17)- H(  19)  111.396  110.700  0.590  0.0062  0.08  0.0020     
   C(   1)- C(  17)- H(  20)  111.717  110.700  0.590  0.0132  0.08  0.0030     
   H(  18)- C(  17)- H(  19)  107.326  107.800  0.550  0.0027                   
   H(  18)- C(  17)- H(  20)  107.363  107.800  0.550  0.0023                   
   H(  19)- C(  17)- H(  20)  106.961  107.800  0.550  0.0086                   


     DIHEDRAL ANGLES, TORSIONAL ENERGY (ET)   (   57 ANGLES)

           ET = (V1/2)(1+COS(W))+(V2/2)(1-COS(2W))+(V3/2)(1+COS(3W))

           ETS = -11.995*(R-R0)((KTS1/2)(1+COS(W))+
                                (KTS2/2)(1-COS(2W)+
                                (KTS3/2)(1+COS(3W))

           SIGN OF ANGLE A-B-C-D : WHEN LOOKING THROUGH B TOWARD C,
           IF D IS COUNTERCLOCKWISE FROM A, NEGATIVE.

         A T O M S               OMEGA    V1     V2     V3     ET   KTS3   ETS
 C(   1) N(   2) C(   3) C(   5)  60.2  0.958 -0.155  0.766  0.601 0.061 0.000  
 C(   1) N(   2) C(   3) H(   9) -61.7  0.072 -0.012  0.563  0.045 0.061 0.000  
 C(   1) N(   2) C(   3) H(  10)-179.1  0.072 -0.012  0.563  0.000 0.061 0.000  
 C(   1) C(   4) C(   6) C(   5) -53.9  0.185  0.170  0.520  0.271 0.059 0.000  
 C(   1) C(   4) C(   6) H(  15)  66.8  0.000  0.000  0.280  0.009 0.059 0.000  
 C(   1) C(   4) C(   6) H(  16)-175.9  0.000  0.000  0.280  0.003 0.059 0.000  
 N(   2) C(   1) C(   4) C(   6)  57.1 -0.302  0.696  0.499  0.261 0.059 0.000  
 N(   2) C(   1) C(   4) H(  11) -64.1  0.000  0.000  0.374  0.004 0.059 0.000  
 N(   2) C(   1) C(   4) H(  12) 178.9  0.000  0.000  0.374  0.000 0.059 0.000  
 N(   2) C(   1) C(  17) H(  18)  58.6  0.000  0.000  0.374  0.000 0.059 0.000  
 N(   2) C(   1) C(  17) H(  19) 178.7  0.000  0.000  0.374  0.000 0.059 0.000  
 N(   2) C(   1) C(  17) H(  20) -61.7  0.000  0.000  0.374  0.001 0.059 0.000  
 N(   2) C(   3) C(   5) C(   6) -54.7 -0.302  0.696  0.499  0.235 0.059 0.000  
 N(   2) C(   3) C(   5) H(  13)-176.7  0.000  0.000  0.374  0.003 0.059 0.000  
 N(   2) C(   3) C(   5) H(  14)  66.0  0.000  0.000  0.374  0.009 0.059 0.000  
 C(   3) N(   2) C(   1) C(   4) -60.4  0.958 -0.155  0.766  0.598 0.061 0.000  
 C(   3) N(   2) C(   1) H(   8)  59.2  0.072 -0.012  0.563  0.046 0.061 0.000  
 C(   3) N(   2) C(   1) C(  17) 178.8  0.958 -0.155  0.766  0.001 0.061 0.000  
 C(   3) C(   5) C(   6) C(   4)  51.8  0.185  0.170  0.520  0.278 0.059 0.000  
 C(   3) C(   5) C(   6) H(  15) -68.9  0.000  0.000  0.280  0.015 0.059 0.000  
 C(   3) C(   5) C(   6) H(  16) 173.8  0.000  0.000  0.280  0.007 0.059 0.000  
 C(   4) C(   1) N(   2) H(   7) 177.4  0.073 -0.422  0.327  0.001 0.061 0.000  
 C(   4) C(   1) C(  17) H(  18) -61.0  0.000  0.000  0.280  0.000 0.059 0.000  
 C(   4) C(   1) C(  17) H(  19)  59.1  0.000  0.000  0.280  0.000 0.059 0.000  
 C(   4) C(   1) C(  17) H(  20) 178.6  0.000  0.000  0.280  0.000 0.059 0.000  
 C(   4) C(   6) C(   5) H(  13) 173.9  0.000  0.000  0.280  0.007 0.059 0.000  
 C(   4) C(   6) C(   5) H(  14) -68.9  0.000  0.000  0.280  0.015 0.059 0.000  
 C(   5) C(   3) N(   2) H(   7)-177.3  0.073 -0.422  0.327  0.001 0.061 0.000  
 C(   5) C(   6) C(   4) H(  11)  67.5  0.000  0.000  0.280  0.011 0.059 0.000  
 C(   5) C(   6) C(   4) H(  12)-175.8  0.000  0.000  0.280  0.003 0.059 0.000  
 C(   6) C(   4) C(   1) H(   8) -62.5  0.000  0.000  0.280  0.001 0.059 0.000  
 C(   6) C(   4) C(   1) C(  17) 177.0  0.185  0.170  0.520  0.004 0.059 0.000  
 C(   6) C(   5) C(   3) H(   9)  67.3  0.000  0.000  0.280  0.010 0.059 0.000  
 C(   6) C(   5) C(   3) H(  10)-175.5  0.000  0.000  0.280  0.004 0.059 0.000  
 H(   7) N(   2) C(   1) H(   8) -63.0  0.121 -0.648  0.199 -0.426 0.061 0.000  
 H(   7) N(   2) C(   1) C(  17)  56.6  0.073 -0.422  0.327 -0.235 0.061 0.000  
 H(   7) N(   2) C(   3) H(   9)  60.8  0.121 -0.648  0.199 -0.404 0.061 0.000  
 H(   7) N(   2) C(   3) H(  10) -56.6  0.121 -0.648  0.199 -0.356 0.061 0.000  
 H(   8) C(   1) C(   4) H(  11) 176.3  0.000  0.000  0.238  0.002 0.059 0.000  
 H(   8) C(   1) C(   4) H(  12)  59.2  0.000  0.000  0.238  0.000 0.059 0.000  
 H(   8) C(   1) C(  17) H(  18) 178.4  0.000  0.000  0.238  0.000 0.059 0.000  
 H(   8) C(   1) C(  17) H(  19) -61.5  0.000  0.000  0.238  0.000 0.059 0.000  
 H(   8) C(   1) C(  17) H(  20)  58.1  0.000  0.000  0.238  0.001 0.059 0.000  
 H(   9) C(   3) C(   5) H(  13) -54.7  0.000  0.000  0.238  0.005 0.059 0.000  
 H(   9) C(   3) C(   5) H(  14)-172.0  0.000  0.000  0.238  0.010 0.059 0.000  
 H(  10) C(   3) C(   5) H(  13)  62.4  0.000  0.000  0.238  0.001 0.059 0.000  
 H(  10) C(   3) C(   5) H(  14) -54.8  0.000  0.000  0.238  0.004 0.059 0.000  
 H(  11) C(   4) C(   1) C(  17)  55.8  0.000  0.000  0.280  0.003 0.059 0.000  
 H(  11) C(   4) C(   6) H(  15)-171.7  0.000  0.000  0.238  0.011 0.059 0.000  
 H(  11) C(   4) C(   6) H(  16) -54.5  0.000  0.000  0.238  0.005 0.059 0.000  
 H(  12) C(   4) C(   1) C(  17) -61.2  0.000  0.000  0.280  0.000 0.059 0.000  
 H(  12) C(   4) C(   6) H(  15) -55.1  0.000  0.000  0.238  0.004 0.059 0.000  
 H(  12) C(   4) C(   6) H(  16)  62.2  0.000  0.000  0.238  0.001 0.059 0.000  
 H(  13) C(   5) C(   6) H(  15)  53.2  0.000  0.000  0.238  0.008 0.059 0.000  
 H(  13) C(   5) C(   6) H(  16) -64.1  0.000  0.000  0.238  0.003 0.059 0.000  
 H(  14) C(   5) C(   6) H(  15) 170.4  0.000  0.000  0.238  0.015 0.059 0.000  
 H(  14) C(   5) C(   6) H(  16)  53.2  0.000  0.000  0.238  0.008 0.059 0.000  


 ==============================================================================
                        NORMAL MODE VIBRATIONAL ANALYSIS
 ==============================================================================


             Molecular Shape : ASYMMETRIC ROTOR WITH KAPPA =-0.531645
        Symmetry Point Group : C1  
             Symmetry Number :  1
                   Chirality : yes



0       FUNDAMENTAL NORMAL VIBRATIONAL FREQUENCIES
                ( THEORETICALLY  54 VALUES )

             Frequency :  in 1/cm
             A(i)      :  IR intensity (vs,s,m,w,vw,-- or in 10**6 cm/mole)
             A(i) = -- :  IR inactive


             no       Frequency   Symmetry      A(i)

             1.          3377.1     (A   )        s
             2.          2973.7     (A   )        m
             3.          2972.3     (A   )        m
             4.          2932.1     (A   )        s
             5.          2930.0     (A   )        m
             6.          2926.8     (A   )        m
             7.          2914.3     (A   )        m
             8.          2885.3     (A   )        m
             9.          2880.7     (A   )        m
            10.          2878.6     (A   )        m
            11.          2868.6     (A   )        m
            12.          2799.5     (A   )        m
            13.          2773.6     (A   )        m
            14.          1555.5     (A   )        w
            15.          1513.6     (A   )        m
            16.          1480.0     (A   )        w
            17.          1470.0     (A   )        w
            18.          1463.3     (A   )        w
            19.          1459.5     (A   )        w
            20.          1455.9     (A   )        w
            21.          1450.5     (A   )        w
            22.          1429.0     (A   )        w
            23.          1410.7     (A   )        m
            24.          1408.1     (A   )        m
            25.          1389.2     (A   )        m
            26.          1360.4     (A   )        w
            27.          1329.1     (A   )        w
            28.          1308.3     (A   )        m
            29.          1234.9     (A   )        w
            30.          1212.9     (A   )        w
            31.          1207.7     (A   )       vw
            32.          1135.3     (A   )        w
            33.          1093.1     (A   )        w
            34.          1070.1     (A   )        w
            35.          1041.0     (A   )        w
            36.          1025.8     (A   )        w
            37.          1001.8     (A   )        w
            38.           967.8     (A   )        w
            39.           929.5     (A   )        w
            40.           902.2     (A   )        w
            41.           865.7     (A   )        w
            42.           845.2     (A   )        w
            43.           831.8     (A   )        w
            44.           790.2     (A   )        m
            45.           752.1     (A   )        m
            46.           557.7     (A   )        m
            47.           465.6     (A   )        w
            48.           426.8     (A   )        w
            49.           390.6     (A   )        w
            50.           328.9     (A   )        w
            51.           324.8     (A   )        w
            52.           254.0     (A   )        w
            53.           226.1     (A   )        w
            54.           155.8     (A   )        w
            55.     (       0.0)    (t/r )
            56.     (       0.0)    (t/r )
            57.     (       0.0)    (t/r )
            58.     (       0.0)    (t/r )
            59.     (       0.0)    (t/r )
            60.     (       0.0)    (t/r )


0       CORRESPONDING EIGEN VECTOR MATRIX   60 BY  60



 (  1)
     0.000   -0.002   -0.001    0.035    0.059   -0.019   -0.002    0.000
    -0.001    0.000    0.000    0.000    0.000    0.000    0.000    0.000
     0.000    0.000   -0.472   -0.791    0.271   -0.001    0.004    0.006
     0.005    0.000    0.005    0.008   -0.004    0.000    0.000    0.000
     0.001    0.000    0.001    0.000    0.001    0.000    0.000    0.000
     0.000    0.001    0.000    0.000    0.000    0.000    0.000    0.000
     0.000    0.000    0.000    0.000    0.000    0.000    0.000   -0.001
     0.000    0.000   -0.001    0.000

 (  2)
     0.000    0.000    0.000    0.000    0.000    0.000    0.000    0.000
     0.000    0.000    0.000   -0.001    0.000    0.000    0.000    0.000
     0.000    0.000   -0.001   -0.001    0.000    0.009   -0.001    0.009
     0.000    0.000    0.000    0.000    0.000    0.000    0.000    0.000
     0.005   -0.002    0.004    0.002    0.000    0.000    0.000    0.000
     0.000    0.000    0.000    0.000    0.000    0.000    0.000    0.000
     0.024   -0.040   -0.080    0.070    0.006    0.687   -0.314    0.509
     0.224   -0.037   -0.040    0.038

 (  3)
     0.000    0.001    0.000    0.000    0.000    0.000    0.000    0.000
     0.000    0.001   -0.001    0.000    0.000    0.000    0.000    0.000
     0.000    0.000   -0.001   -0.001    0.000   -0.005   -0.001   -0.005
     0.000    0.000    0.000    0.000    0.000    0.000    0.000    0.001
    -0.006   -0.002    0.005    0.002    0.000    0.000    0.000    0.000
     0.000    0.000    0.000    0.000    0.000    0.000    0.000    0.000
    -0.012   -0.083    0.038   -0.034    0.019   -0.334   -0.210    0.362
     0.134    0.391    0.606   -0.254

 (  4)
     0.000    0.000    0.000    0.000    0.000    0.000    0.001   -0.001
    -0.001    0.013   -0.029   -0.050   -0.037    0.002   -0.050    0.007
     0.013   -0.026    0.001    0.002   -0.001   -0.002   -0.005    0.009
    -0.003   -0.005    0.012   -0.008    0.016    0.006    0.043   -0.028
     0.422   -0.189    0.365    0.167    0.451   -0.029    0.154   -0.020
     0.002    0.432    0.026    0.022    0.236   -0.099   -0.166    0.081
     0.000    0.000    0.000    0.000    0.000   -0.004    0.001   -0.002
    -0.001    0.000    0.000    0.000

 (  5)
     0.000    0.000    0.000    0.000    0.000    0.000    0.001   -0.001
    -0.001   -0.014    0.032    0.055   -0.037    0.003   -0.050    0.001
    -0.001    0.000    0.000    0.000    0.000    0.002    0.006   -0.008
    -0.003   -0.005    0.010   -0.005    0.010    0.004   -0.044    0.031
    -0.467    0.212   -0.409   -0.187    0.460   -0.030    0.157   -0.019
    -0.001    0.434   -0.010    0.006    0.000    0.001    0.002   -0.001
     0.000    0.000    0.000    0.000    0.000    0.004   -0.002    0.003
     0.001    0.000    0.000    0.000

 (  6)
     0.000    0.000    0.000    0.000    0.000    0.000    0.002   -0.004
    -0.002   -0.006    0.012    0.017    0.015   -0.002    0.016    0.022
     0.041   -0.072    0.000   -0.001    0.000    0.001    0.002    0.000
     0.001    0.001    0.007   -0.019    0.041    0.018   -0.003    0.009
    -0.128    0.077   -0.147   -0.067   -0.182    0.012   -0.062    0.001
     0.008   -0.125    0.057    0.041    0.585   -0.315   -0.526    0.258
     0.000    0.000    0.000    0.000    0.000    0.000   -0.001    0.001
     0.000    0.000    0.000    0.000

 (  7)
     0.000    0.000   -0.001   -0.001    0.001    0.000    0.032   -0.067
    -0.042    0.000    0.000   -0.001    0.008    0.001   -0.005   -0.001
    -0.001    0.006    0.004   -0.008    0.003    0.000    0.000    0.006
     0.001   -0.001    0.164   -0.368    0.777    0.344    0.000   -0.001
     0.007   -0.002    0.004    0.002   -0.082    0.001   -0.023   -0.010
    -0.007    0.080   -0.005   -0.004   -0.053    0.015    0.023   -0.012
     0.000    0.000    0.000    0.000    0.000   -0.001    0.000    0.000
     0.000    0.000    0.000    0.000

 (  8)
     0.000   -0.001    0.002    0.000    0.000    0.000   -0.003    0.004
     0.005   -0.020    0.030   -0.025    0.029   -0.004   -0.026    0.022
     0.033    0.030    0.000    0.001    0.000   -0.002    0.000   -0.019
    -0.002    0.001   -0.030    0.032   -0.057   -0.029    0.046   -0.041
     0.407    0.162   -0.300   -0.121   -0.295    0.024   -0.085   -0.030
     0.000    0.378   -0.056   -0.049   -0.465   -0.190   -0.314    0.133
    -0.002    0.000    0.000    0.002    0.000    0.016    0.008   -0.012
    -0.005    0.012    0.018   -0.007

 (  9)
     0.004    0.000    0.006    0.000    0.000    0.000    0.001   -0.001
    -0.001   -0.002    0.002   -0.002   -0.004    0.000    0.004   -0.001
    -0.002   -0.002    0.000    0.000    0.000   -0.005    0.002   -0.053
     0.000    0.000    0.004   -0.005    0.008    0.004    0.004   -0.003
     0.032    0.013   -0.025   -0.010    0.045   -0.003    0.013    0.004
     0.000   -0.054    0.003    0.003    0.024    0.009    0.017   -0.007
    -0.058    0.000   -0.018    0.071   -0.002    0.557    0.282   -0.439
    -0.178    0.301    0.440   -0.180

 ( 10)
    -0.001   -0.002    0.002    0.000    0.000    0.000    0.004   -0.004
    -0.007   -0.022    0.038   -0.028   -0.042    0.003    0.033    0.002
    -0.004   -0.002    0.000    0.000    0.000   -0.001    0.000   -0.018
     0.002   -0.002    0.040   -0.035    0.061    0.032    0.054   -0.048
     0.476    0.198   -0.381   -0.156    0.434   -0.028    0.130    0.042
    -0.001   -0.510    0.003    0.002    0.023    0.002    0.024   -0.008
     0.005    0.000    0.002   -0.007    0.000   -0.052   -0.026    0.041
     0.017   -0.024   -0.035    0.014

 ( 11)
     0.000   -0.001    0.002    0.000    0.000    0.000   -0.002    0.002
     0.004   -0.012    0.025   -0.016    0.028    0.001   -0.019   -0.027
    -0.041   -0.029    0.000    0.000    0.000   -0.001    0.001   -0.018
    -0.001    0.002   -0.026    0.018   -0.028   -0.016    0.034   -0.031
     0.295    0.125   -0.254   -0.106   -0.293    0.013   -0.091   -0.027
     0.000    0.319    0.064    0.057    0.522    0.249    0.413   -0.186
     0.001    0.000    0.000   -0.001    0.000   -0.008   -0.004    0.006
     0.003   -0.002   -0.003    0.001

 ( 12)
     0.003   -0.002    0.083    0.002   -0.001   -0.001    0.000    0.000
     0.001    0.002   -0.001   -0.001    0.000    0.000    0.000    0.000
     0.000    0.000   -0.008   -0.001    0.005   -0.044    0.029   -0.950
    -0.001    0.002   -0.015   -0.004    0.008    0.003    0.002    0.008
    -0.019   -0.017    0.023    0.014    0.001    0.000    0.000    0.000
     0.000   -0.001    0.000    0.000    0.000   -0.003   -0.005    0.002
     0.002    0.000   -0.001   -0.010    0.000   -0.024   -0.013    0.029
     0.014   -0.015   -0.030    0.015

 ( 13)
     0.000    0.000   -0.001   -0.003    0.001   -0.001    0.014   -0.024
     0.076    0.000    0.000    0.000   -0.002    0.002    0.000    0.000
     0.000    0.000    0.005   -0.011    0.006    0.001    0.000    0.016
    -0.070    0.099   -0.928   -0.081    0.160    0.048    0.000    0.000
     0.000    0.000    0.000    0.000    0.030   -0.009    0.014    0.005
     0.005   -0.022    0.000    0.000   -0.001   -0.002   -0.003    0.001
     0.000    0.000    0.000    0.000    0.000    0.000    0.000    0.000
     0.000    0.000    0.000    0.000

 ( 14)
    -0.049    0.022    0.007    0.076   -0.014    0.004   -0.153   -0.030
    -0.024    0.016    0.004   -0.002    0.032    0.023   -0.004   -0.010
    -0.002    0.000   -0.159    0.139    0.011    0.113   -0.089    0.000
     0.464   -0.074   -0.091    0.395    0.123    0.259   -0.023   -0.010
     0.001   -0.039   -0.030    0.006    0.029    0.010    0.039   -0.068
    -0.052   -0.015    0.017    0.003   -0.004    0.017   -0.019    0.004
     0.017   -0.001    0.002   -0.038   -0.008    0.011    0.004   -0.008
    -0.011   -0.011    0.011   -0.026

 ( 15)
    -0.110    0.085    0.015    0.058   -0.067    0.000    0.045    0.041
    -0.003    0.030   -0.001   -0.005   -0.013   -0.030    0.005   -0.016
     0.011   -0.001   -0.313    0.152    0.025    0.350   -0.360   -0.013
    -0.191    0.015    0.008   -0.254   -0.050   -0.104   -0.045   -0.005
     0.003   -0.091   -0.074    0.006    0.001    0.038   -0.036    0.040
     0.055    0.011    0.035   -0.022   -0.004    0.015   -0.005    0.004
     0.049   -0.003    0.004   -0.118   -0.059    0.026    0.016   -0.030
    -0.009   -0.067    0.039   -0.105

 ( 16)
     0.056    0.103    0.000    0.007   -0.019    0.004   -0.014   -0.001
    -0.002   -0.124   -0.064    0.000   -0.013    0.013    0.003    0.082
    -0.003    0.008    0.045   -0.051   -0.013   -0.063   -0.333   -0.009
     0.046   -0.013   -0.009    0.007   -0.004    0.030    0.283    0.126
    -0.029    0.225    0.110    0.018   -0.006    0.030   -0.028    0.039
    -0.031    0.008   -0.202   -0.059    0.052   -0.082    0.043   -0.138
    -0.029    0.008   -0.009    0.070   -0.227   -0.025    0.112    0.014
     0.208   -0.073   -0.008   -0.114

 ( 17)
     0.012   -0.005    0.015    0.006   -0.006   -0.004    0.005    0.016
    -0.005   -0.007   -0.002   -0.001   -0.010   -0.009    0.005    0.007
    -0.001    0.000   -0.077    0.046    0.001   -0.090    0.045    0.028
     0.020   -0.056   -0.016   -0.028   -0.021    0.053    0.029    0.028
    -0.002   -0.001    0.004   -0.006    0.006    0.022   -0.046    0.049
     0.015    0.011   -0.011    0.002    0.001   -0.014    0.012   -0.002
    -0.035    0.000    0.041   -0.304    0.010    0.085    0.336    0.406
    -0.354    0.336   -0.418   -0.345

 ( 18)
     0.014   -0.006   -0.001   -0.003   -0.001    0.001    0.008    0.036
    -0.008    0.003   -0.019    0.003    0.039   -0.112   -0.023   -0.037
     0.102    0.030   -0.035    0.016   -0.004   -0.042    0.033    0.002
    -0.012   -0.116   -0.028    0.033    0.017    0.086   -0.026    0.056
     0.015    0.084    0.039   -0.047   -0.020    0.224    0.272   -0.266
     0.253   -0.053   -0.036   -0.410    0.090    0.091   -0.131   -0.356
    -0.009   -0.003   -0.002    0.032    0.052   -0.007   -0.008    0.004
    -0.017    0.022   -0.004    0.053

 ( 19)
    -0.003   -0.030    0.003    0.014   -0.010   -0.005    0.015    0.063
    -0.024   -0.034    0.027   -0.016   -0.055   -0.036    0.027    0.048
    -0.005    0.005   -0.169    0.102    0.002   -0.035    0.103    0.010
     0.090   -0.281   -0.078   -0.080   -0.101    0.287    0.140   -0.191
    -0.060    0.076   -0.008    0.226    0.045    0.113   -0.303    0.320
     0.060    0.064   -0.128   -0.044    0.032   -0.132    0.067   -0.089
     0.004   -0.016   -0.006    0.053    0.274   -0.012   -0.126   -0.054
    -0.128    0.034    0.062    0.240

 ( 20)
    -0.033   -0.013    0.001    0.004    0.002    0.003   -0.010   -0.050
     0.017   -0.034    0.049   -0.027    0.029    0.046   -0.017    0.049
    -0.006    0.011    0.012    0.002    0.012    0.100   -0.011   -0.005
    -0.084    0.251    0.063    0.030    0.074   -0.253    0.211   -0.366
    -0.101    0.066   -0.068    0.408   -0.047   -0.074    0.219   -0.223
    -0.092   -0.041   -0.179   -0.109    0.052   -0.111    0.001   -0.196
     0.023   -0.010    0.009   -0.101    0.170    0.027   -0.052    0.016
    -0.186    0.042   -0.009    0.040

 ( 21)
    -0.016   -0.047    0.000   -0.009    0.012   -0.005    0.010    0.019
    -0.006    0.023    0.055   -0.018   -0.006   -0.024    0.003   -0.008
     0.007    0.003   -0.003    0.012   -0.001   -0.027    0.229    0.009
     0.025   -0.100   -0.023   -0.004   -0.029    0.098    0.045   -0.302
    -0.058   -0.032   -0.092    0.281    0.007    0.046   -0.030    0.031
     0.056    0.007    0.009   -0.039    0.006   -0.030    0.004   -0.034
     0.015    0.045    0.004   -0.042   -0.558    0.009    0.087   -0.039
     0.346   -0.137    0.005   -0.372

 ( 22)
    -0.026   -0.029   -0.004   -0.003    0.014    0.000   -0.019   -0.037
     0.011    0.030   -0.001    0.017   -0.023    0.033    0.020    0.029
     0.019    0.025    0.064   -0.022    0.004    0.082    0.126   -0.007
     0.013    0.186    0.037    0.059    0.061   -0.144   -0.180    0.179
     0.059   -0.085    0.043   -0.226    0.072   -0.054   -0.306    0.325
    -0.109    0.049   -0.256   -0.350    0.099   -0.114   -0.089   -0.403
     0.036    0.007    0.011   -0.129   -0.066    0.033   -0.064   -0.038
    -0.035   -0.071    0.033   -0.115

 ( 23)
    -0.012    0.026   -0.019   -0.051    0.031    0.011    0.008    0.004
    -0.004   -0.017   -0.014    0.000   -0.003   -0.025   -0.003   -0.007
     0.006   -0.005    0.394   -0.247   -0.022    0.075   -0.153   -0.038
     0.014   -0.174   -0.023    0.100   -0.036    0.182    0.064   -0.002
    -0.008    0.062    0.015    0.023   -0.001    0.052    0.002    0.003
     0.075   -0.003    0.060    0.064   -0.019    0.043    0.020    0.084
     0.095   -0.008    0.036   -0.406    0.055    0.105   -0.229   -0.093
    -0.277   -0.232    0.113   -0.216

 ( 24)
     0.009    0.047   -0.007   -0.019    0.015    0.014   -0.028   -0.029
     0.012    0.023    0.010   -0.019   -0.006   -0.046    0.015   -0.074
     0.047    0.004    0.249   -0.155   -0.012    0.064   -0.290   -0.020
    -0.014    0.160    0.035    0.175    0.125   -0.127    0.010   -0.235
    -0.043    0.010   -0.105    0.221    0.106    0.073   -0.300    0.306
     0.106    0.039    0.222   -0.105   -0.015    0.159   -0.085    0.021
    -0.045   -0.009   -0.013    0.156    0.052   -0.040    0.141    0.087
     0.040    0.113   -0.077    0.095

 ( 25)
     0.022   -0.031    0.006    0.037   -0.013   -0.009   -0.029   -0.016
     0.014   -0.058   -0.033    0.003    0.000   -0.063    0.007   -0.021
     0.024   -0.010   -0.271    0.182    0.014   -0.183    0.230    0.024
    -0.010    0.308    0.048    0.067    0.173   -0.303    0.207    0.092
    -0.014    0.239    0.118    0.008    0.057    0.165   -0.115    0.122
     0.169    0.015    0.162    0.100   -0.038    0.120    0.033    0.177
     0.037    0.005    0.016   -0.163   -0.020    0.043   -0.155   -0.081
    -0.068   -0.121    0.072   -0.085

 ( 26)
     0.029    0.022    0.006    0.011   -0.023   -0.022    0.013    0.007
     0.002   -0.010   -0.023   -0.008    0.017    0.093    0.009   -0.087
     0.042    0.008   -0.088    0.041    0.000   -0.223    0.014    0.018
     0.167   -0.064   -0.015   -0.282   -0.169    0.077    0.102   -0.049
    -0.022    0.143    0.000    0.104    0.013   -0.352   -0.051    0.022
    -0.279    0.010    0.231   -0.227   -0.002    0.286   -0.234   -0.094
     0.012   -0.005    0.010   -0.075    0.020    0.023   -0.068   -0.032
    -0.044   -0.080    0.038   -0.028

 ( 27)
    -0.015   -0.045   -0.012   -0.005    0.028    0.047    0.024   -0.003
    -0.034   -0.029   -0.015    0.006    0.006    0.032   -0.016   -0.024
     0.017    0.006   -0.159    0.111    0.016    0.228    0.019   -0.023
    -0.567   -0.231   -0.022    0.441    0.116    0.132    0.106    0.046
    -0.001    0.199    0.111   -0.011    0.006   -0.168   -0.057    0.034
    -0.201   -0.021    0.046   -0.012    0.002    0.125   -0.076    0.000
    -0.003    0.010   -0.007    0.026   -0.035   -0.012    0.007    0.007
     0.018    0.060   -0.027   -0.001

 ( 28)
     0.077    0.043   -0.005    0.013   -0.010    0.015    0.001    0.005
    -0.015    0.043    0.023   -0.022   -0.001   -0.002   -0.007    0.010
    -0.017    0.014   -0.188    0.106    0.005   -0.599   -0.280    0.016
    -0.262   -0.049   -0.006    0.217    0.108   -0.014   -0.265   -0.137
    -0.008   -0.206   -0.130    0.026   -0.003    0.018    0.000   -0.002
    -0.069   -0.010   -0.039   -0.007    0.020   -0.116    0.023   -0.050
     0.006   -0.009    0.026   -0.077    0.017    0.042   -0.102   -0.039
    -0.057   -0.151    0.054   -0.055

 ( 29)
    -0.007    0.033    0.045   -0.003   -0.011   -0.015    0.009   -0.005
     0.010    0.008   -0.004    0.008    0.001    0.005    0.003   -0.010
    -0.013   -0.044    0.020   -0.018    0.005   -0.075    0.152    0.062
    -0.092   -0.055    0.015    0.144    0.053    0.023    0.541    0.270
    -0.023   -0.513   -0.290    0.043   -0.004   -0.204   -0.022    0.010
     0.252    0.003   -0.027   -0.078   -0.048    0.044   -0.051   -0.059
     0.002   -0.011   -0.010   -0.042    0.037   -0.007    0.034   -0.010
     0.031   -0.028    0.033    0.050

 ( 30)
    -0.007   -0.015    0.021    0.004    0.004    0.007   -0.009    0.005
    -0.033   -0.005    0.013   -0.036   -0.008   -0.005    0.034    0.009
    -0.001    0.011    0.064   -0.035   -0.003    0.007    0.001    0.024
    -0.053    0.043   -0.034   -0.028   -0.021    0.000    0.178    0.167
    -0.050   -0.102   -0.042   -0.028    0.017    0.327    0.029   -0.080
    -0.437    0.037    0.520   -0.303   -0.015   -0.350    0.224    0.031
     0.000    0.004   -0.007   -0.022   -0.006   -0.005   -0.004   -0.008
     0.016    0.022    0.003    0.021

 ( 31)
     0.007   -0.033   -0.009   -0.026    0.019    0.005    0.034   -0.004
     0.020    0.005    0.019   -0.020   -0.012   -0.003    0.025   -0.008
    -0.005   -0.021   -0.114    0.074    0.010    0.028   -0.202   -0.017
     0.143    0.050    0.024    0.094    0.019    0.032   -0.043    0.008
    -0.021    0.168    0.122   -0.061   -0.048   -0.529    0.033   -0.013
     0.412    0.032    0.255   -0.201   -0.037   -0.393    0.235   -0.004
    -0.001    0.009    0.001    0.005   -0.034    0.001   -0.042   -0.010
    -0.009    0.030   -0.015   -0.011

 ( 32)
    -0.047    0.112    0.024    0.046   -0.065   -0.042   -0.022    0.006
     0.008   -0.003   -0.039    0.004    0.006   -0.009   -0.012    0.001
     0.016    0.013    0.189   -0.143   -0.012   -0.081    0.467    0.038
    -0.180   -0.132    0.007    0.085    0.077   -0.036   -0.217   -0.084
     0.024    0.185    0.032    0.062   -0.007   -0.180   -0.006    0.018
     0.027   -0.013    0.085   -0.033    0.011   -0.209    0.151    0.033
     0.014   -0.045   -0.005   -0.002    0.118   -0.002    0.224    0.050
     0.059   -0.118    0.049    0.023

 ( 33)
     0.015    0.043    0.010   -0.106    0.001   -0.046    0.112    0.032
     0.024   -0.005   -0.024    0.006   -0.031   -0.058   -0.006    0.002
     0.031    0.024   -0.221    0.074   -0.028    0.141    0.066    0.006
     0.355    0.080    0.014    0.308    0.157   -0.054   -0.049   -0.022
     0.012   -0.072   -0.080    0.051   -0.060   -0.072    0.076    0.030
    -0.349   -0.003   -0.055    0.053    0.032    0.022    0.032    0.051
     0.000   -0.028   -0.016   -0.052    0.050   -0.013    0.091    0.011
     0.014   -0.092    0.032   -0.010

 ( 34)
     0.083    0.041   -0.075    0.003    0.004    0.035   -0.007   -0.001
    -0.037   -0.044   -0.025    0.063   -0.015    0.028    0.056    0.034
    -0.026   -0.047   -0.121    0.035   -0.091    0.287    0.197   -0.088
    -0.045    0.126   -0.027   -0.009   -0.051    0.073   -0.103   -0.248
     0.058   -0.204   -0.055   -0.053    0.011    0.051   -0.014   -0.103
     0.121    0.058    0.127   -0.233   -0.044    0.098   -0.011    0.065
    -0.040   -0.027    0.031    0.163    0.068    0.013   -0.021    0.058
    -0.143   -0.258    0.018   -0.181

 ( 35)
    -0.012    0.001    0.039   -0.027    0.005   -0.028    0.020   -0.047
     0.049   -0.076    0.001   -0.055   -0.029    0.072   -0.032    0.087
    -0.046    0.041   -0.068    0.060    0.062    0.023    0.024    0.042
    -0.003   -0.100    0.053    0.072   -0.018    0.036   -0.260   -0.010
    -0.044   -0.089   -0.028   -0.006   -0.076    0.190    0.128    0.149
     0.263   -0.025    0.361   -0.077    0.020    0.226   -0.182   -0.068
     0.017    0.002   -0.038   -0.173    0.005   -0.023    0.069   -0.022
     0.088    0.071    0.022    0.087

 ( 36)
     0.143   -0.004    0.077    0.020   -0.015    0.015   -0.045    0.024
     0.005    0.019    0.014   -0.009    0.027   -0.009   -0.016   -0.036
    -0.007    0.021   -0.017   -0.020   -0.060    0.333    0.017    0.078
    -0.051   -0.047   -0.002   -0.098    0.026   -0.044   -0.063   -0.010
    -0.001    0.001   -0.020    0.047    0.031   -0.056   -0.035    0.008
    -0.002   -0.019   -0.044    0.075    0.016   -0.121    0.011   -0.039
    -0.079    0.001   -0.093   -0.464    0.008   -0.066   -0.070   -0.054
     0.053   -0.068    0.055    0.053

 ( 37)
    -0.031    0.006    0.037   -0.012    0.008    0.009    0.034   -0.014
    -0.087    0.009    0.000    0.018   -0.019    0.004    0.100    0.011
    -0.004   -0.066    0.010   -0.013   -0.012   -0.156   -0.023    0.046
    -0.037    0.305   -0.060    0.090   -0.115    0.186   -0.068   -0.081
     0.021    0.101    0.066   -0.024    0.051    0.033   -0.100   -0.239
     0.038    0.097   -0.145   -0.129   -0.045    0.145    0.000    0.102
     0.034   -0.012   -0.060   -0.341    0.025   -0.027    0.198   -0.028
     0.205    0.114    0.047    0.193

 ( 38)
     0.001   -0.016    0.001   -0.038    0.035   -0.003    0.010   -0.054
     0.023    0.066    0.033    0.002    0.020    0.050   -0.019   -0.055
    -0.036   -0.004   -0.123    0.108    0.061   -0.003   -0.066    0.000
    -0.007   -0.022    0.030   -0.032   -0.099    0.073    0.177    0.070
    -0.006    0.191    0.106   -0.018    0.030    0.256   -0.011    0.038
     0.099   -0.020   -0.022    0.073   -0.018   -0.140   -0.043   -0.118
    -0.006   -0.093    0.004    0.021    0.186    0.003    0.390    0.115
     0.059   -0.410    0.122   -0.081

 ( 39)
    -0.003   -0.022    0.015    0.030    0.030    0.046    0.003   -0.003
    -0.088   -0.021   -0.021   -0.099   -0.019   -0.041    0.004    0.022
     0.028    0.087    0.034   -0.011   -0.072    0.039    0.048    0.016
    -0.032    0.344   -0.060   -0.041   -0.153    0.193   -0.141    0.290
    -0.070   -0.030   -0.165    0.207   -0.039   -0.199    0.031    0.009
     0.035    0.007    0.057    0.251    0.071    0.028   -0.065   -0.099
    -0.009   -0.020    0.017    0.116    0.063    0.006    0.075    0.053
    -0.037   -0.169    0.036   -0.087

 ( 40)
     0.012    0.071    0.038   -0.040   -0.035   -0.045    0.043   -0.065
    -0.008    0.069   -0.055   -0.017    0.004    0.057    0.020   -0.046
    -0.032   -0.008   -0.081    0.004    0.006    0.071    0.118    0.039
    -0.040    0.112    0.014    0.122   -0.118    0.184   -0.039    0.126
     0.008    0.204   -0.087    0.200    0.038    0.240   -0.046   -0.062
     0.124    0.018   -0.049    0.051   -0.015   -0.140   -0.015   -0.084
    -0.032    0.045    0.016    0.131   -0.126    0.000   -0.360   -0.079
    -0.147    0.165   -0.108   -0.052

 ( 41)
    -0.010   -0.014    0.051   -0.001   -0.067   -0.019    0.012    0.105
    -0.016    0.000    0.087   -0.038   -0.019    0.001    0.070    0.001
    -0.106    0.002    0.086   -0.155   -0.117    0.012   -0.024    0.052
     0.052   -0.013   -0.032    0.138    0.228   -0.144    0.022    0.059
    -0.045    0.118    0.173   -0.085    0.034   -0.008   -0.088   -0.205
     0.024    0.063    0.089    0.062   -0.022    0.110   -0.272   -0.195
    -0.020   -0.005    0.018    0.145    0.012    0.003   -0.038    0.025
    -0.078   -0.104    0.001   -0.091

 ( 42)
    -0.001   -0.035    0.050   -0.022    0.021   -0.050   -0.011   -0.021
     0.040   -0.033   -0.002   -0.068    0.076   -0.002    0.050    0.044
     0.050   -0.032    0.019    0.105    0.269    0.061   -0.071    0.049
    -0.024   -0.220    0.025   -0.048    0.023   -0.097   -0.199    0.169
    -0.042   -0.025   -0.090    0.137    0.201   -0.026   -0.313   -0.283
    -0.011    0.033   -0.132   -0.128    0.000    0.113    0.131    0.214
    -0.020   -0.011    0.009    0.118    0.030   -0.005    0.003    0.034
    -0.068   -0.144    0.022   -0.098

 ( 43)
    -0.007    0.026   -0.057   -0.066   -0.017    0.020   -0.003   -0.011
     0.001   -0.068    0.007    0.017    0.134   -0.008    0.007   -0.021
    -0.009    0.064   -0.156   -0.035   -0.180   -0.018    0.062   -0.059
     0.004   -0.002    0.001   -0.054   -0.048    0.031   -0.002   -0.073
     0.004   -0.157    0.011   -0.086    0.250   -0.011   -0.321   -0.183
     0.044   -0.011    0.130    0.252    0.029   -0.172   -0.047   -0.199
     0.057    0.007   -0.002   -0.045   -0.018    0.008    0.060   -0.023
     0.068    0.154   -0.016    0.085

 ( 44)
     0.002   -0.010   -0.067   -0.015    0.040    0.073   -0.030    0.062
     0.032    0.044   -0.093   -0.033   -0.029    0.040    0.027   -0.004
    -0.042   -0.032   -0.102   -0.042   -0.324   -0.009    0.029   -0.068
     0.071   -0.188    0.003   -0.062    0.170   -0.228   -0.105    0.233
     0.005    0.128   -0.211    0.314   -0.018    0.067   -0.006   -0.082
     0.046    0.025   -0.041   -0.089   -0.026   -0.013   -0.020    0.005
     0.045   -0.005   -0.001   -0.075    0.011    0.011    0.111   -0.005
     0.089    0.082    0.004    0.075

 ( 45)
    -0.013   -0.016    0.049   -0.039   -0.077    0.042   -0.004   -0.034
     0.015   -0.002    0.073   -0.030    0.045    0.021   -0.041    0.028
     0.056   -0.027   -0.159   -0.223   -0.585   -0.033   -0.014    0.049
    -0.013    0.029    0.021    0.008   -0.064    0.093   -0.018    0.086
    -0.028    0.012    0.080   -0.022    0.013    0.032    0.065    0.166
     0.010   -0.035   -0.115   -0.170    0.006    0.106    0.145    0.245
    -0.007   -0.005    0.008    0.077    0.009    0.000   -0.014    0.008
    -0.033   -0.053    0.001   -0.046

 ( 46)
     0.035    0.003   -0.010   -0.056   -0.034   -0.004   -0.043    0.084
    -0.027   -0.048    0.030   -0.002    0.086   -0.005   -0.023   -0.055
    -0.083   -0.023    0.018    0.031    0.322    0.049    0.011   -0.009
    -0.072    0.207   -0.012   -0.031    0.025    0.120   -0.122    0.160
     0.016    0.000   -0.015    0.157    0.008   -0.002    0.214    0.302
    -0.014   -0.010   -0.133   -0.214   -0.003   -0.032   -0.017    0.146
     0.073   -0.003    0.007    0.077   -0.001    0.007    0.076   -0.004
     0.013    0.083   -0.007    0.008

 ( 47)
    -0.012    0.004   -0.141    0.005   -0.100    0.037    0.038   -0.039
    -0.006    0.014    0.088    0.018    0.008    0.003    0.025    0.033
     0.031   -0.002    0.033   -0.044    0.253   -0.022    0.045   -0.136
     0.076   -0.071   -0.011    0.067   -0.011   -0.041   -0.024    0.295
     0.037    0.040    0.018    0.205    0.007    0.007    0.031    0.026
     0.006    0.026    0.051    0.046   -0.005    0.062    0.008   -0.016
    -0.088    0.004    0.016   -0.245    0.011    0.031   -0.042   -0.004
     0.101   -0.037    0.004    0.094

 ( 48)
    -0.015   -0.042    0.007   -0.099   -0.061   -0.010   -0.080    0.085
    -0.034    0.092   -0.074    0.018    0.017    0.057    0.002    0.103
     0.076    0.019   -0.037   -0.040    0.166   -0.020   -0.055    0.007
    -0.086    0.112   -0.030   -0.045    0.079    0.019    0.133   -0.136
     0.009    0.053   -0.055   -0.072    0.005   -0.022    0.023    0.043
     0.081    0.004    0.143    0.124    0.010    0.061    0.065   -0.057
    -0.018   -0.036   -0.005   -0.008   -0.031   -0.006   -0.017   -0.035
    -0.006   -0.028   -0.035   -0.015

 ( 49)
    -0.104   -0.004    0.005    0.031    0.061    0.014    0.058    0.057
     0.003    0.000   -0.064    0.013    0.126   -0.006   -0.031    0.027
    -0.070   -0.007    0.051    0.018   -0.084   -0.123   -0.008    0.005
     0.060    0.101    0.006    0.033    0.025    0.047    0.003   -0.075
     0.012    0.034   -0.037   -0.009    0.111    0.006    0.017    0.156
    -0.012   -0.028    0.024   -0.109   -0.003   -0.002   -0.031    0.039
    -0.137    0.020    0.000   -0.148    0.015    0.001   -0.120    0.033
    -0.005   -0.154    0.035    0.010

 ( 50)
     0.022   -0.033   -0.066    0.031   -0.037   -0.062   -0.003    0.052
     0.092    0.023   -0.018   -0.032   -0.051    0.015   -0.071   -0.008
    -0.027    0.075    0.037   -0.035   -0.048    0.051   -0.040   -0.066
    -0.091    0.258    0.115    0.070   -0.005    0.293    0.089   -0.014
    -0.038   -0.007   -0.024   -0.052    0.009    0.018   -0.247   -0.251
     0.018   -0.080   -0.073   -0.175    0.092    0.024    0.020    0.213
    -0.004    0.037    0.042   -0.092    0.024    0.050    0.079    0.075
     0.070   -0.023    0.078    0.108

 ( 51)
     0.005   -0.092    0.019    0.019   -0.079   -0.010    0.034   -0.006
    -0.002   -0.045   -0.070    0.033    0.006    0.032    0.026   -0.040
     0.034   -0.047    0.046   -0.090    0.002   -0.007   -0.119    0.018
     0.029   -0.014   -0.002    0.084    0.017   -0.002   -0.092   -0.054
     0.038   -0.073   -0.096    0.062   -0.008    0.079    0.078    0.066
     0.010    0.028    0.013    0.133   -0.060   -0.114    0.028   -0.149
     0.018    0.147   -0.013    0.042    0.146   -0.015    0.171    0.253
    -0.046   -0.149    0.256   -0.006

 ( 52)
    -0.002    0.009    0.004   -0.010   -0.033    0.079    0.032   -0.010
    -0.040    0.008   -0.032   -0.075   -0.004    0.028   -0.014   -0.030
    -0.012    0.048    0.016   -0.014    0.178   -0.005    0.069    0.006
     0.117   -0.073   -0.050    0.019    0.022   -0.123    0.094   -0.141
    -0.091   -0.027    0.006   -0.199    0.004    0.041   -0.036   -0.025
     0.073   -0.015   -0.116   -0.091    0.062   -0.011    0.026    0.146
     0.002    0.047   -0.005    0.013    0.458   -0.004   -0.075   -0.139
     0.330    0.067   -0.140   -0.348

 ( 53)
     0.000   -0.021   -0.003    0.016    0.016   -0.058   -0.026    0.018
     0.077   -0.012    0.015    0.058    0.001   -0.033    0.005    0.027
     0.014   -0.077    0.002    0.000   -0.131   -0.005   -0.082   -0.004
    -0.115    0.126    0.091   -0.003   -0.028    0.199   -0.094    0.104
     0.071    0.015   -0.018    0.161   -0.001   -0.032    0.013    0.004
    -0.107    0.005    0.120    0.117   -0.094   -0.001   -0.030   -0.199
    -0.001   -0.013   -0.002    0.001    0.384   -0.001   -0.093   -0.207
     0.329    0.084   -0.208   -0.331

 ( 54)
     0.022    0.000   -0.035    0.003    0.018   -0.096   -0.021   -0.014
    -0.014    0.001   -0.017   -0.097    0.037   -0.001    0.110   -0.021
     0.016   -0.003   -0.021    0.013   -0.154    0.120   -0.002   -0.039
    -0.095   -0.077   -0.014   -0.003    0.002   -0.031    0.054   -0.098
    -0.108   -0.034    0.003   -0.180   -0.014    0.001    0.259    0.200
    -0.005    0.117   -0.096    0.075    0.001   -0.002    0.002   -0.010
    -0.023    0.002    0.122   -0.143    0.028    0.133    0.015   -0.010
     0.203    0.023   -0.009    0.164

 ( 55)
     0.000   -0.014    0.040   -0.035   -0.060    0.095   -0.026   -0.059
     0.063    0.008   -0.058   -0.056   -0.018   -0.102   -0.034    0.018
    -0.061   -0.095   -0.041   -0.034    0.159    0.031    0.052    0.041
     0.003    0.008    0.066   -0.053   -0.093    0.106   -0.022   -0.124
    -0.057    0.035   -0.025   -0.099   -0.009   -0.098   -0.059   -0.048
    -0.171   -0.035    0.050    0.005   -0.103    0.021   -0.098   -0.164
    -0.012   -0.016    0.080   -0.042   -0.083    0.082    0.014    0.016
     0.039   -0.016    0.015    0.148

 ( 56)
     0.001    0.038   -0.058   -0.012    0.029   -0.055   -0.002    0.037
    -0.090   -0.013    0.030   -0.099   -0.015    0.029   -0.132   -0.003
     0.037   -0.138   -0.004    0.034   -0.027    0.031    0.058   -0.059
     0.028    0.056   -0.090   -0.012    0.030   -0.085   -0.042    0.010
    -0.098   -0.002    0.037   -0.103   -0.005    0.036   -0.158   -0.044
     0.010   -0.133    0.026    0.057   -0.142   -0.015    0.030   -0.167
    -0.010    0.029   -0.020   -0.039    0.010   -0.018   -0.001    0.036
    -0.022    0.000    0.035    0.010

 ( 57)
     0.008   -0.111   -0.026    0.036   -0.076   -0.069    0.041   -0.053
    -0.081   -0.027   -0.076    0.011    0.007   -0.017   -0.046   -0.024
    -0.049    0.000    0.059   -0.098   -0.093    0.016   -0.147   -0.027
     0.050   -0.088   -0.084    0.062   -0.027   -0.114   -0.036   -0.042
     0.014   -0.048   -0.102    0.043    0.011   -0.001   -0.055    0.000
     0.021   -0.046   -0.019   -0.083    0.002   -0.049   -0.021    0.026
     0.005   -0.135   -0.016   -0.002   -0.101   -0.015   -0.016   -0.161
     0.017    0.030   -0.161   -0.042

 ( 58)
    -0.061   -0.001   -0.083   -0.057   -0.019   -0.039   -0.078   -0.041
     0.028   -0.013   -0.020   -0.062   -0.033   -0.062    0.052   -0.031
    -0.044    0.008   -0.087   -0.007   -0.053   -0.114    0.010   -0.080
    -0.132   -0.031    0.032   -0.075   -0.054    0.058    0.040   -0.030
    -0.067   -0.016   -0.007   -0.094   -0.052   -0.077    0.102    0.019
    -0.075    0.055   -0.082   -0.034    0.012    0.006   -0.059    0.023
    -0.040    0.022   -0.152    0.012    0.012   -0.156   -0.040    0.036
    -0.186   -0.074    0.036   -0.168

 ( 59)
    -0.030   -0.014   -0.006    0.030   -0.012    0.062    0.029    0.069
     0.088   -0.077   -0.007   -0.056   -0.017    0.081    0.040   -0.081
     0.076   -0.033    0.063   -0.020    0.096   -0.044    0.044   -0.003
     0.017    0.127    0.093    0.076    0.067    0.140   -0.064   -0.066
    -0.061   -0.123   -0.006   -0.108   -0.019    0.144    0.059   -0.001
     0.028    0.041   -0.100    0.135   -0.035   -0.112    0.078   -0.069
    -0.024   -0.100   -0.028   -0.008   -0.158   -0.029   -0.069   -0.104
    -0.080    0.009   -0.105    0.008

 ( 60)
     0.077    0.006   -0.044    0.088   -0.011    0.008    0.078   -0.002
     0.044    0.092   -0.010   -0.064    0.092   -0.018    0.027    0.083
    -0.002   -0.027    0.080   -0.002    0.021    0.050    0.040   -0.042
     0.052    0.032    0.049    0.087   -0.016    0.083    0.118   -0.043
    -0.069    0.083    0.003   -0.103    0.083   -0.009    0.054    0.119
    -0.051    0.028    0.057    0.031   -0.027    0.095   -0.016   -0.041
     0.088   -0.004   -0.080    0.115   -0.037   -0.082    0.081    0.008
    -0.119    0.077    0.008   -0.066


 ==============================================================================
                      STATISTICAL THERMODYNAMICS ANALYSIS
 ==============================================================================

  Structure name    : 2-methylpiperidine-eq                                       
  Temperature       :   298.16 K
  Symmetry number   :   1
  Optical isomers   :   2
  Zero Point Energy :  113.840 Kcal/mol


                     ENERGY   ENTHALPY    ENTROPY  FREE ENERGY   HEAT CAPACITY
                  (Kcal/mol) (Kcal/mol)     (eu)   (Kcal/mol)    (cal/mol/deg)
  Translational       0.889      1.481     39.673    -10.348         4.967
     Rotational       0.889      0.889     27.400     -7.281         2.980
    Vibrational     116.531%   116.531%    14.061*   112.339%       22.468*
      Potential       9.535#     9.535#     0.000      9.535#        0.000
         Mixing       0.000      0.000      1.377     -0.411         0.000
          Total     127.843    128.436     82.511    103.834        30.416

  Enthalpy Function (H-Ho)/T     =   16.97 cal/mol/deg
  Free Energy Function -(G-Ho)/T =   65.54 cal/mol/deg

  % Includes zero point energy (ZPE).
  * Excludes contribution from frequencies lower than 40 (1/cm).
  # Includes steric energy (SE).
    Internal rotation contributions are not considered

  This structure has   0 imaginary frequencies,
                       0 free internal rotation (fir) frequencies
                         (>= 0,< 10 /cm),
                       0 restricted internal rotation (rir) frequencies
                         (>= 10,< 40 /cm),
                       6 zero frequencies, and
                      54 real frequencies.


      FINAL STERIC ENERGY IS      9.5348 KCAL/MOL.


                COMPRESSION       0.3849
                BENDING           0.5229
                BEND-BEND        -0.0371
                STRETCH-BEND      0.0648
                VANDERWAALS
                  1,4 ENERGY      7.7376
                  OTHER          -0.2381
                H-BONDING         0.0000
                PI-COMPLX         0.0000

                TORSIONAL         1.1060
                TORSION-STRETCH  -0.0061
                DIPOLE-DIPOLE     0.0000
                CHARGE-DIPOLE     0.0000
                CHARGE-CHARGE     0.0000

      -----------------------------------------------------------------

      COORDINATES TRANSLATED TO NEW ORIGIN WHICH IS CENTER OF MASS
         C(   1)     0.99233    -0.02362    -0.34093   (  1)
         N(   2)     0.33490     1.16788     0.21275   (  8)
         C(   3)    -1.06925     1.27111    -0.19279   (  1)
         C(   4)     0.25887    -1.27355     0.16598   (  1)
         C(   5)    -1.87472     0.05951     0.28101   (  1)
         C(   6)    -1.22803    -1.24109    -0.20522   (  1)
         H(   7)     0.83320     2.00636    -0.07690   ( 23)
         H(   8)     0.94461     0.00863    -1.46768   (  5)
         H(   9)    -1.14124     1.36181    -1.31322   (  5)
         H(  10)    -1.51186     2.19702     0.23996   (  5)
         H(  11)     0.36096    -1.34527     1.27309   (  5)
         H(  12)     0.73051    -2.18869    -0.25953   (  5)
         H(  13)    -2.92419     0.12723    -0.08634   (  5)
         H(  14)    -1.92157     0.05730     1.39440   (  5)
         H(  15)    -1.33716    -1.32072    -1.31158   (  5)
         H(  16)    -1.75400    -2.11949     0.23481   (  5)
         C(  17)     2.45957    -0.04113     0.10363   (  1)
         H(  18)     2.55561    -0.04453     1.21203   (  5)
         H(  19)     2.98840    -0.94265    -0.27750   (  5)
         H(  20)     3.01513     0.84541    -0.27508   (  5)

      MOMENT OF INERTIA WITH THE PRINCIPAL AXES

          (1)  UNIT = 10**(-39) GM*CM**2
               IX=   19.4806    IY=   37.2102    IZ=   51.5590

          (2)  UNIT = AU A**2
               IX=  117.3280    IY=  224.1094    IZ=  310.5294



      MOLECULAR POLARIZABILITIES (A**3)
        ALPHA(1)   =      15.69
        ALPHA(2)   =      14.46
        ALPHA(3)   =      12.25
        AVG. ALPHA =      14.13



      DIPOLE MOMENT =          1.067 D


        COMPONENTS WITH PRINCIPAL AXES

                          X = -0.3089    Y = -0.6007    Z =  0.8259


      E (INDP/INDP) =          0.589 KCAL/MOLE
      DIPOLE MOMENT =          0.763 D (INCLUDES INDUCED BOND MOMENTS)
      *NOTE*  E (INDP/INDP) IS NOT INCLUDED IN THE FINAL STERIC ENERGY

        COMPONENTS WITH PRINCIPAL AXES

                          X = -0.3161    Y = -0.4695    Z =  0.5111



      TOTAL ATOMIC CHARGE ON EACH ATOM (in ELECTRON CHARGE)

           C(    1):          0.094
           N(    2):         -0.536
           C(    3):          0.114
           C(    4):          0.012
           C(    5):         -0.013
           C(    6):         -0.015
           H(    7):          0.286
           H(    8):          0.011
           H(    9):          0.011
           H(   10):          0.010
           H(   11):          0.005
           H(   12):          0.003
           H(   13):          0.003
           H(   14):          0.004
           H(   15):          0.001
           H(   16):          0.001
           C(   17):         -0.001
           H(   18):          0.004
           H(   19):          0.003
           H(   20):          0.003

      -----------------------------------------------------------------

        END OF 2-methylpiperidine-eq                                       


           TOTAL CPU TIME IS      0.06 SECONDS.

           THIS JOB COMPLETED AT    15:37:45
