1
               ---------------------------------------------
               WARNING : INCORRECT ATOM TYPES GIVEN IN INPUT
                         DATA ARE CORRECTED AS FOLLOWS
               ---------------------------------------------


             Atom type of atom    1 is replaced by   1 (was   0)
             Atom type of atom    2 is replaced by  39 (was   0)
             Atom type of atom    3 is replaced by   5 (was   0)
             Atom type of atom    4 is replaced by   5 (was   0)
             Atom type of atom    5 is replaced by  48 (was   0)
             Atom type of atom    6 is replaced by  48 (was   0)
             Atom type of atom    7 is replaced by  48 (was   0)
             Atom type of atom    8 is replaced by   1 (was   0)
             Atom type of atom    9 is replaced by   1 (was   0)
             Atom type of atom   10 is replaced by   1 (was   0)
             Atom type of atom   11 is replaced by   8 (was   0)
             Atom type of atom   12 is replaced by   5 (was   0)
             Atom type of atom   13 is replaced by   5 (was   0)
             Atom type of atom   14 is replaced by  23 (was   0)
             Atom type of atom   15 is replaced by  23 (was   0)
             Atom type of atom   16 is replaced by   5 (was   0)
             Atom type of atom   17 is replaced by   5 (was   0)
             Atom type of atom   18 is replaced by   5 (was   0)
             Atom type of atom   19 is replaced by   5 (was   0)
1     butanediamine-H+-tTTT                                       

               CHEMICAL FORMULA :  C(   4)  H(  13) N+(   1)  N(   1) 
               FORMULA WEIGHT   :     89.110
                                                               DATE 29-MAY-23
                                                               TIME  19:21:29


          THE COORDINATES OF   19 ATOMS ARE READ IN.
          SOME CONSTANTS WILL BE READ IN.

      CONFORMATIONAL ENERGY, PART 1:  GEOMETRY AND STERIC ENERGY
                                      OF INITIAL CONFORMATION.


      CONNECTED ATOMS
         1-   2-
         1-   8-   9-  10-  11-

      ATTACHED ATOMS
         1-   3,   1-   4,   2-   5,   2-   6,   2-   7,   8-  16,   8-  17,
         9-  18,   9-  19,  10-  12,  10-  13,  11-  14,  11-  15,

      INITIAL ATOMIC COORDINATES
           ATOM         X           Y           Z       TYPE
         C(   1)     1.81734    -0.57200     0.00000   (  1)
        N+(   2)     3.11636     0.22804     0.00000   ( 39)
         H(   3)     1.82704    -1.22108    -0.89103   (  5)
         H(   4)     1.82704    -1.22108     0.89104   (  5)
         H(   5)     3.18701     0.83978     0.83252   ( 48)
         H(   6)     3.94508    -0.39304     0.00000   ( 48)
         H(   7)     3.18701     0.83977    -0.83252   ( 48)
         C(   8)     0.62120     0.36976     0.00000   (  1)
         C(   9)    -0.69495    -0.41731     0.00000   (  1)
         C(  10)    -1.90793     0.52262     0.00000   (  1)
         N(  11)    -3.22453    -0.12156     0.00000   (  8)
         H(  12)    -1.84346     1.19661    -0.88393   (  5)
         H(  13)    -1.84346     1.19661     0.88392   (  5)
         H(  14)    -3.33995    -0.73153    -0.82816   ( 23)
         H(  15)    -3.33995    -0.73153     0.82816   ( 23)
         H(  16)     0.66020     1.02866     0.89497   (  5)
         H(  17)     0.66020     1.02866    -0.89497   (  5)
         H(  18)    -0.73271    -1.07828    -0.89313   (  5)
         H(  19)    -0.73271    -1.07828     0.89313   (  5)


          DIELECTRIC CONSTANT =  1.500


      INITIAL STERIC ENERGY IS      5.7929 KCAL/MOL.

                  COMPRESSION       0.7398
                  BENDING           2.2075
                  BEND-BEND        -0.2816
                  STRETCH-BEND      0.0886
                  VANDERWAALS
                    1,4 ENERGY      5.9942
                    OTHER           0.1427
                  H-BONDING         0.0066
                  PI-COMPLX         0.0000

                  TORSIONAL        -3.4108
                  TORSION-STRETCH  -0.0008
                  DIPOLE-DIPOLE     0.0929
                  CHARGE-DIPOLE     0.2138
                  CHARGE-CHARGE     0.0000


      MOLECULAR POLARIZABILITIES (A**3)
        ALPHA(1)   =      14.62
        ALPHA(2)   =      11.86
        ALPHA(3)   =      10.37
        AVG. ALPHA =      12.28



      DIPOLE MOMENT =          2.624 D


      E (INDP/INDP) =         -0.173 KCAL/MOLE
      DIPOLE MOMENT =          2.736 D (INCLUDES INDUCED BOND MOMENTS)
      *NOTE*  E (INDP/INDP) IS NOT INCLUDED IN THE INITIAL STERIC ENERGY

      CPU TIME FOR INITIAL CALCULATION IS     0.02 SECONDS.


1     butanediamine-H+-tTTT                                       


     CONFORMATIONAL ENERGY, PART 2: GEOMETRY MINIMIZATION

                            =====================
                            FULL-MATRIX OPTIMIZER
                            =====================


     iter.  rms force   max force   avg. move    max move  atom  convg  d-time

        0    5.834845   24.242155   0.00713 A   0.03810 A   13    [N]     0.0s
        1    0.437655    2.082420   0.00084 A   0.01444 A   15    [N]     0.0s
        2    0.022599    0.126533   0.00003 A   0.00013 A    6    [N]     0.0s
        3    0.000036    0.000167                                 [Y]     0.0s


      TOTAL ENERGY IS      4.7436 KCAL/MOL.

        COMPRESS    0.2196      VDW 1,4    5.8429      DIPL-DIPL    0.0664
        BENDING     1.9860        OTHER    0.0793      CHRG-DIPL    0.0938
        STR-BEND    0.1415      TORSION   -3.3855      CHRG-CHRG    0.0000
        BEND-BEND  -0.3064      TOR-STR   -0.0007      EPR          0.0000
        H-BONDING   0.0068      PI-CMPL    0.0000
0     DELTA(T) =     0.0 SEC.          ELAPSED TIME =     0.0 SEC.


    * * * ENERGY IS STATIONARY WITHIN RMS OF FORCES   0.00010  Kcal/mol/A * * *

                 * * * *  RMS FORCE IS   0.00004 Kcal/mol/A * * * *

1     butanediamine-H+-tTTT                                       

               CHEMICAL FORMULA :  C(   4)  H(  13) N+(   1)  N(   1) 
               FORMULA WEIGHT   :     89.110
                                                               DATE : 29-MAY-23

           * M M 3 * * * * * * * * * * * 2 0 0 0 *
           *                                     *   PARAMETER RELIABILITY
           *                                     *
           *                                     *   BLANK = GOOD
           *                                     *       B = FAIR
           *                                     *       C = TRIAL
           *                                     *       R = READ IN
           *                                     *       S = SUBSTITUTED
           *                                     *       U = PARAMETER NOT EXIST
           *                                     *
           *                                     *   THIS IS SHOWN AT THE END 
           *                                     *   OF THE LINE.
           * * * * * * * * * * * * * * * * * * * * 


      CONFORMATIONAL ENERGY, PART 3:  GEOMETRY AND STERIC ENERGY
                                      OF FINAL CONFORMATION.

      CONNECTED ATOMS
         1-   2-
         1-   8-   9-  10-  11-

      ATTACHED ATOMS
         1-   3,   1-   4,   2-   5,   2-   6,   2-   7,   8-  16,   8-  17,
         9-  18,   9-  19,  10-  12,  10-  13,  11-  14,  11-  15,

      FINAL ATOMIC COORDINATE
           ATOM         X           Y           Z       TYPE
         C(   1)    -1.82461     0.58322     0.00000   (  1)
        N+(   2)    -3.11534    -0.22648     0.00000   ( 39)
         H(   3)    -1.84781     1.23535    -0.90406   (  5)
         H(   4)    -1.84781     1.23535     0.90406   (  5)
         H(   5)    -3.18433    -0.84598     0.83974   ( 48)
         H(   6)    -3.95897     0.39183     0.00000   ( 48)
         H(   7)    -3.18433    -0.84598    -0.83974   ( 48)
         C(   8)    -0.62246    -0.36392     0.00000   (  1)
         C(   9)     0.71137     0.39514     0.00000   (  1)
         C(  10)     1.91785    -0.55033     0.00000   (  1)
         N(  11)     3.20337     0.15186     0.00000   (  8)
         H(  12)     1.87274    -1.21820    -0.88945   (  5)
         H(  13)     1.87274    -1.21820     0.88945   (  5)
         H(  14)     3.35171     0.73826    -0.81644   ( 23)
         H(  15)     3.35171     0.73826     0.81643   ( 23)
         H(  16)    -0.66691    -1.02637     0.89582   (  5)
         H(  17)    -0.66691    -1.02637    -0.89582   (  5)
         H(  18)     0.75838     1.05775    -0.89455   (  5)
         H(  19)     0.75838     1.05775     0.89455   (  5)


          DIELECTRIC CONSTANT =  1.500


      BOND LENGTHS AND STRETCHING ENERGY   (   18 BONDS)

        ENERGY = 71.94(KS)(DR)(DR)(1-(CS)(DR)+(7/12)((CS)(DR))**2)
                          DR = R-RO
                          CS =  2.550
                                                         R(0)-CORR        CORR
          BOND        LENGTH   R(0)    K(S)  ENERGY   E-NEG   MISCEL       KS
    C(   1)-N+(   2)  1.5237  1.5110  4.274  0.0479                             
    C(   1)- H(   3)  1.1150  1.1130  4.648  0.0013  0.0010             -0.032  
    C(   1)- H(   4)  1.1150  1.1130  4.648  0.0013  0.0010             -0.032  
    C(   1)- C(   8)  1.5304  1.5210  4.490  0.0281 -0.0037                     
   N+(   2)- H(   5)  1.0458  1.0445  6.140  0.0008 -0.0085                     
   N+(   2)- H(   6)  1.0460  1.0445  6.140  0.0010 -0.0085                     
   N+(   2)- H(   7)  1.0458  1.0445  6.140  0.0008 -0.0085                     
    C(   8)- C(   9)  1.5347  1.5218  4.490  0.0520 -0.0029                     
    C(   8)- H(  16)  1.1150  1.1124  4.667  0.0023  0.0004             -0.013  
    C(   8)- H(  17)  1.1150  1.1124  4.667  0.0023  0.0004             -0.013  
    C(   9)- C(  10)  1.5328  1.5197  4.490  0.0538 -0.0050                     
    C(   9)- H(  18)  1.1142  1.1116  4.694  0.0024 -0.0004              0.014  
    C(   9)- H(  19)  1.1142  1.1116  4.694  0.0024 -0.0004              0.014  
    C(  10)- N(  11)  1.4648  1.4577  5.300  0.0188  0.0097                     
    C(  10)- H(  12)  1.1132  1.1109  4.714  0.0017 -0.0011  0.0000  BH  0.034  
    C(  10)- H(  13)  1.1132  1.1109  4.714  0.0017 -0.0011  0.0000  BH  0.034  
    N(  11)- H(  14)  1.0161  1.0150  6.420  0.0005                             
    N(  11)- H(  15)  1.0161  1.0150  6.420  0.0005                             


      NON-BONDED DISTANCES, VDW AND EPR ENERGY   (    120 PAIRS)

              E(VDW) = KV*(1.84(10**5)EXP(-12.00/P) - 2.25(P**6))
              E(EPR) = C*KV*(1.84(10**5)EXP(-12.00/Q) - 2.25(Q**6))
              E(HBD) = EP1-EP2*COS(THETA)*RTH/RTH0
                            EP1 = KHB*1.84(10**5)*EXP(-12.0/P)
                            EP2 = KHB*2.25(P**6)

            IF P > 3.020, THEN,
              E(VDW) = KV(192.270)(P**2)
              E(HBD) = EP1-EP2*COS(THETA)*RTH/RTH0
                            EP1 = KHB*(192.270*P**2+1706.96)
                            EP2 = KHB*1706.96

               WHERE   RV = RVDW(I) + RVDW(K)
                       KV = SQRT(EPS(I)*EPS(K))
                      KHB = EPS/DIELEC  FOR HYDROGEN BOND
                        P = (RV/R) OR (RV/R#)
                        C = SCALE FACTOR
                        Q = RV/R, WHERE R IS MODIFIED DISTANCE
                    THETA = ANGLE H-X-Y IN HYDROGEN BOND X-H...Y
                      RTH = BOND LENGTH X-H IN X-H...Y
                     RTH0 = NATURAL BOND LENGTH X-H

          # IN THE VDW CALCULATIONS THE HYDROGEN ATOMS ARE RELOCATED
          SO THAT THE ATTACHED HYDROGEN DISTANCE IS REDUCED BY 0.923

          # IN THE VDW CALCULATIONS THE DEUTERIUM ATOMS ARE RELOCATED
          SO THAT THE ATTACHED DEUTERIUM DISTANCE IS REDUCED BY  0.923

         ATOM PAIR          R       R#       RV      KV       ENERGY
      C(   1), H(   5)   2.1440
      C(   1), H(   6)   2.1429
      C(   1), H(   7)   2.1440
      C(   1), C(   9)   2.5429
      C(   1), C(  10)   3.9104            4.080   0.0270    -0.0281  1,4       
      C(   1), N(  11)   5.0465            3.970   0.0341    -0.0167            
      C(   1), H(  12)   4.2079   4.1752   3.560   0.0230    -0.0166            
      C(   1), H(  13)   4.2079   4.1752   3.560   0.0230    -0.0166            
      C(   1), H(  14)   5.2426   5.2207   3.640   0.0220    -0.0056            
      C(   1), H(  15)   5.2426   5.2207   3.640   0.0220    -0.0056            
      C(   1), H(  16)   2.1757
      C(   1), H(  17)   2.1757
      C(   1), H(  18)   2.7744   2.7412   3.560   0.0230     0.1625  1,4       
      C(   1), H(  19)   2.7744   2.7412   3.560   0.0230     0.1625  1,4       
     N+(   2), H(   3)   2.1356
     N+(   2), H(   4)   2.1356
     N+(   2), C(   8)   2.4967
     N+(   2), C(   9)   3.8769            3.970   0.0341    -0.0374  1,4      B
     N+(   2), C(  10)   5.0436            3.970   0.0341    -0.0167           B
     N+(   2), N(  11)   6.3300            3.860   0.0430    -0.0050           B
     N+(   2), H(  12)   5.1629   5.1453   3.550   0.0293    -0.0070           B
     N+(   2), H(  13)   5.1629   5.1453   3.550   0.0293    -0.0070           B
     N+(   2), H(  14)   6.5894   6.5642   3.530   0.0278    -0.0015           B
     N+(   2), H(  15)   6.5894   6.5642   3.530   0.0278    -0.0015           B
     N+(   2), H(  16)   2.7271   2.6937   3.550   0.0293     0.2535  1,4      B
     N+(   2), H(  17)   2.7271   2.6937   3.550   0.0293     0.2535  1,4      B
     N+(   2), H(  18)   4.1779   4.1449   3.550   0.0293    -0.0216           B
     N+(   2), H(  19)   4.1779   4.1449   3.550   0.0293    -0.0216           B
      H(   3), H(   4)   1.8081
      H(   3), H(   5)   3.0264   2.8812   3.220   0.0261    -0.0101  1,4      B
      H(   3), H(   6)   2.4466   2.3659   3.220   0.0261     0.3380  1,4      B
      H(   3), H(   7)   2.4743   2.3905   3.220   0.0261     0.2983  1,4      B
      H(   3), C(   8)   2.2083
      H(   3), C(   9)   2.8412   2.8037   3.560   0.0230     0.1159  1,4       
      H(   3), C(  10)   4.2645   4.2279   3.560   0.0230    -0.0157            
      H(   3), N(  11)   5.2446   5.2211   3.550   0.0293    -0.0064            
      H(   3), H(  12)   4.4567   4.4030   3.240   0.0200    -0.0068            
      H(   3), H(  13)   4.8041   4.7039   3.240   0.0200    -0.0047            
      H(   3), H(  14)   5.2240   5.2102   3.220   0.0190    -0.0024            
      H(   3), H(  15)   5.4993   5.4463   3.220   0.0190    -0.0018            
      H(   3), H(  16)   3.1224   2.9709   3.240   0.0200    -0.0144  1,4       
      H(   3), H(  17)   2.5515   2.4630   3.240   0.0200     0.1687  1,4       
      H(   3), H(  18)   2.6123   2.6069   3.240   0.0200     0.0700            
      H(   3), H(  19)   3.1716   3.0906   3.240   0.0200    -0.0204            
      H(   4), H(   5)   2.4743   2.3905   3.220   0.0261     0.2983  1,4      B
      H(   4), H(   6)   2.4466   2.3659   3.220   0.0261     0.3380  1,4      B
      H(   4), H(   7)   3.0264   2.8812   3.220   0.0261    -0.0101  1,4      B
      H(   4), C(   8)   2.2083
      H(   4), C(   9)   2.8412   2.8037   3.560   0.0230     0.1159  1,4       
      H(   4), C(  10)   4.2645   4.2279   3.560   0.0230    -0.0157            
      H(   4), N(  11)   5.2446   5.2211   3.550   0.0293    -0.0064            
      H(   4), H(  12)   4.8041   4.7039   3.240   0.0200    -0.0047            
      H(   4), H(  13)   4.4567   4.4030   3.240   0.0200    -0.0068            
      H(   4), H(  14)   5.4993   5.4463   3.220   0.0190    -0.0018            
      H(   4), H(  15)   5.2240   5.2102   3.220   0.0190    -0.0024            
      H(   4), H(  16)   2.5515   2.4630   3.240   0.0200     0.1687  1,4       
      H(   4), H(  17)   3.1224   2.9709   3.240   0.0200    -0.0144  1,4       
      H(   4), H(  18)   3.1716   3.0906   3.240   0.0200    -0.0204            
      H(   4), H(  19)   2.6123   2.6069   3.240   0.0200     0.0700            
      H(   5), H(   6)   1.6845
      H(   5), H(   7)   1.6795
      H(   5), C(   8)   2.7387   2.7066   3.640   0.0303     0.3399  1,4      B
      H(   5), C(   9)   4.1740   4.1425   3.640   0.0303    -0.0248           B
      H(   5), C(  10)   5.1793   5.1614   3.640   0.0303    -0.0082           B
      H(   5), N(  11)   6.5195   6.4991   1.687  22.4220     0.0010    H       
      H(   5), H(  12)   5.3575   5.3140   3.220   0.0261    -0.0029           B
      H(   5), H(  13)   5.0710   5.0689   3.220   0.0261    -0.0038           B
      H(   5), H(  14)   6.9262   6.8602   3.200   0.0247    -0.0006           B
      H(   5), H(  15)   6.7253   6.6878   3.200   0.0247    -0.0007           B
      H(   5), H(  16)   2.5245   2.5223   3.220   0.0261     0.1430           B
      H(   5), H(  17)   3.0630   2.9875   3.220   0.0261    -0.0219           B
      H(   5), H(  18)   4.7092   4.6147   3.220   0.0261    -0.0066           B
      H(   5), H(  19)   4.3786   4.3284   3.220   0.0261    -0.0095           B
      H(   6), H(   7)   1.6845
      H(   6), C(   8)   3.4210   3.3473   3.640   0.0303    -0.0228  1,4      B
      H(   6), C(   9)   4.6703   4.6057   3.640   0.0303    -0.0152           B
      H(   6), C(  10)   5.9519   5.8803   3.640   0.0303    -0.0038           B
      H(   6), N(  11)   7.1664   7.1000   1.687  22.4220     0.0047    H       
      H(   6), H(  12)   6.1149   6.0210   3.220   0.0261    -0.0014           B
      H(   6), H(  13)   6.1149   6.0210   3.220   0.0261    -0.0014           B
      H(   6), H(  14)   7.3643   7.2818   3.200   0.0247    -0.0004           B
      H(   6), H(  15)   7.3643   7.2818   3.200   0.0247    -0.0004           B
      H(   6), H(  16)   3.6948   3.5863   3.220   0.0261    -0.0232           B
      H(   6), H(  17)   3.6948   3.5863   3.220   0.0261    -0.0232           B
      H(   6), H(  18)   4.8474   4.7678   3.220   0.0261    -0.0055           B
      H(   6), H(  19)   4.8474   4.7678   3.220   0.0261    -0.0055           B
      H(   7), C(   8)   2.7387   2.7066   3.640   0.0303     0.3399  1,4      B
      H(   7), C(   9)   4.1740   4.1425   3.640   0.0303    -0.0248           B
      H(   7), C(  10)   5.1793   5.1614   3.640   0.0303    -0.0082           B
      H(   7), N(  11)   6.5195   6.4991   1.687  22.4220     0.0010    H       
      H(   7), H(  12)   5.0710   5.0689   3.220   0.0261    -0.0038           B
      H(   7), H(  13)   5.3575   5.3140   3.220   0.0261    -0.0029           B
      H(   7), H(  14)   6.7253   6.6878   3.200   0.0247    -0.0007           B
      H(   7), H(  15)   6.9262   6.8602   3.200   0.0247    -0.0006           B
      H(   7), H(  16)   3.0630   2.9875   3.220   0.0261    -0.0219           B
      H(   7), H(  17)   2.5245   2.5223   3.220   0.0261     0.1430           B
      H(   7), H(  18)   4.3786   4.3284   3.220   0.0261    -0.0095           B
      H(   7), H(  19)   4.7092   4.6147   3.220   0.0261    -0.0066           B
      C(   8), C(  10)   2.5471
      C(   8), N(  11)   3.8604            3.970   0.0341    -0.0370  1,4       
      C(   8), H(  12)   2.7833   2.7499   3.560   0.0230     0.1553  1,4       
      C(   8), H(  13)   2.7833   2.7499   3.560   0.0230     0.1553  1,4       
      C(   8), H(  14)   4.2042   4.1700   3.640   0.0220    -0.0176            
      C(   8), H(  15)   4.2042   4.1700   3.640   0.0220    -0.0176            
      C(   8), H(  18)   2.1744
      C(   8), H(  19)   2.1744
      C(   9), N(  11)   2.5039
      C(   9), H(  12)   2.1778
      C(   9), H(  13)   2.1778
      C(   9), H(  14)   2.7849   2.7510   3.640   0.0220     0.2010  1,4       
      C(   9), H(  15)   2.7849   2.7510   3.640   0.0220     0.2010  1,4       
      C(   9), H(  16)   2.1732
      C(   9), H(  17)   2.1732
      C(  10), H(  14)   2.0936
      C(  10), H(  15)   2.0936
      C(  10), H(  16)   2.7767   2.7437   3.560   0.0230     0.1605  1,4       
      C(  10), H(  17)   2.7767   2.7437   3.560   0.0230     0.1605  1,4       
      C(  10), H(  18)   2.1750
      C(  10), H(  19)   2.1750
      N(  11), H(  12)   2.1068
      N(  11), H(  13)   2.1068
      N(  11), H(  16)   4.1436   4.1118   3.550   0.0293    -0.0224            
      N(  11), H(  17)   4.1436   4.1118   3.550   0.0293    -0.0224            
      N(  11), H(  18)   2.7566   2.7218   3.550   0.0293     0.2201  1,4       
      N(  11), H(  19)   2.7566   2.7218   3.550   0.0293     0.2201  1,4       
      H(  12), H(  13)   1.7789
      H(  12), H(  14)   2.4537   2.3680   3.220   0.0190     0.2435  1,4       
      H(  12), H(  15)   2.9875   2.8429   3.220   0.0190    -0.0027  1,4       
      H(  12), H(  16)   3.1103   3.0335   3.240   0.0200    -0.0182            
      H(  12), H(  17)   2.5469   2.5469   3.240   0.0200     0.1038            
      H(  12), H(  18)   2.5341   2.4458   3.240   0.0200     0.1852  1,4       
      H(  12), H(  19)   3.0991   2.9484   3.240   0.0200    -0.0127  1,4       
      H(  13), H(  14)   2.9875   2.8429   3.220   0.0190    -0.0027  1,4       
      H(  13), H(  15)   2.4537   2.3680   3.220   0.0190     0.2435  1,4       
      H(  13), H(  16)   2.5469   2.5469   3.240   0.0200     0.1038            
      H(  13), H(  17)   3.1103   3.0335   3.240   0.0200    -0.0182            
      H(  13), H(  18)   3.0991   2.9484   3.240   0.0200    -0.0127  1,4       
      H(  13), H(  19)   2.5341   2.4458   3.240   0.0200     0.1852  1,4       
      H(  14), H(  15)   1.6329
      H(  14), H(  16)   4.7112   4.6165   3.220   0.0190    -0.0048            
      H(  14), H(  17)   4.3897   4.3381   3.220   0.0190    -0.0068            
      H(  14), H(  18)   2.6141   2.6055   3.220   0.0190     0.0597            
      H(  14), H(  19)   3.1233   3.0459   3.220   0.0190    -0.0185            
      H(  15), H(  16)   4.3897   4.3381   3.220   0.0190    -0.0068            
      H(  15), H(  17)   4.7112   4.6165   3.220   0.0190    -0.0048            
      H(  15), H(  18)   3.1233   3.0459   3.220   0.0190    -0.0185            
      H(  15), H(  19)   2.6141   2.6055   3.220   0.0190     0.0597            
      H(  16), H(  17)   1.7916
      H(  16), H(  18)   3.0952   2.9446   3.240   0.0200    -0.0123  1,4       
      H(  16), H(  19)   2.5249   2.4372   3.240   0.0200     0.1938  1,4       
      H(  17), H(  18)   2.5249   2.4372   3.240   0.0200     0.1938  1,4       
      H(  17), H(  19)   3.0952   2.9446   3.240   0.0200    -0.0123  1,4       
      H(  18), H(  19)   1.7891


      BOND ANGLES, BENDING AND STRETCH-BEND ENERGIES   (   33 ANGLES)

          EB = 0.021914(KB)(DT)(DT)(1+CF*DT+QF*DT**2+PF*DT**3+SF*DT**4)
                          DT = THETA-TZERO
                          CF = -1400.000E-5
                          QF =     5.600E-5
                          PF =    -0.070E-5
                          SF =     0.022E-6
          ESB(J) = 2.51124(KSB(J))(DT)(DR1+DR2)
                          DR(I) = R(I) - R0(I)
          EBDBD  = -0.02191418(KBB1)(DT1)(KBB2)(DT2)

          A T O M S            THETA    TZERO     KB     EB     KSB    ESB
  N+(   2)- C(   1)- H(   3)  107.049  104.700  0.900  0.1053  0.08  0.0069    B
  N+(   2)- C(   1)- H(   4)  107.049  104.700  0.900  0.1053  0.08  0.0069    B
  N+(   2)- C(   1)- C(   8)  109.665  100.900  0.543  0.8057  0.13  0.0633    B
   H(   3)- C(   1)- H(   4)  108.357  107.600  0.550  0.0068                   
   H(   3)- C(   1)- C(   8)  112.229  109.310  0.590  0.1057  0.08  0.0067     
   H(   4)- C(   1)- C(   8)  112.229  109.310  0.590  0.1057  0.08  0.0067     
   C(   1)-N+(   2)- H(   5)  111.757  108.524  0.521  0.1140  0.03  0.0034    B
   C(   1)-N+(   2)- H(   6)  111.660  108.524  0.521  0.1074  0.03  0.0034    B
   C(   1)-N+(   2)- H(   7)  111.757  108.524  0.521  0.1140  0.03  0.0034    B
   H(   5)-N+(   2)- H(   6)  107.276  106.966  0.609  0.0013                  B
   H(   5)-N+(   2)- H(   7)  106.828  106.966  0.609  0.0003                  B
   H(   6)-N+(   2)- H(   7)  107.276  106.966  0.609  0.0013                  B
   C(   1)- C(   8)- C(   9)  112.123  111.000  0.670  0.0182  0.13  0.0082     
   C(   1)- C(   8)- H(  16)  109.655  109.310  0.590  0.0015  0.08  0.0008     
   C(   1)- C(   8)- H(  17)  109.655  109.310  0.590  0.0015  0.08  0.0008     
   C(   9)- C(   8)- H(  16)  109.178  109.310  0.590  0.0002  0.08 -0.0004     
   C(   9)- C(   8)- H(  17)  109.178  109.310  0.590  0.0002  0.08 -0.0004     
   H(  16)- C(   8)- H(  17)  106.912  107.600  0.550  0.0058                   
   C(   8)- C(   9)- C(  10)  112.272  111.000  0.670  0.0233  0.13  0.0108     
   C(   8)- C(   9)- H(  18)  109.318  109.310  0.590  0.0000  0.08  0.0000     
   C(   8)- C(   9)- H(  19)  109.318  109.310  0.590  0.0000  0.08  0.0000     
   C(  10)- C(   9)- H(  18)  109.487  109.310  0.590  0.0004  0.08  0.0006     
   C(  10)- C(   9)- H(  19)  109.487  109.310  0.590  0.0004  0.08  0.0006     
   H(  18)- C(   9)- H(  19)  106.807  107.600  0.550  0.0077                   
   C(   9)- C(  10)- N(  11)  113.271  111.000  0.780  0.0854  0.13  0.0150     
   C(   9)- C(  10)- H(  12)  109.765  109.310  0.590  0.0027  0.08  0.0014     
   C(   9)- C(  10)- H(  13)  109.765  109.310  0.590  0.0027  0.08  0.0014     
   N(  11)- C(  10)- H(  12)  108.855  109.300  0.820  0.0036  0.08 -0.0008     
   N(  11)- C(  10)- H(  13)  108.855  109.300  0.820  0.0036  0.08 -0.0008     
   H(  12)- C(  10)- H(  13)  106.070  107.600  0.550  0.0288                   
   C(  10)- N(  11)- H(  14)  113.877  110.900  0.600  0.1117  0.03  0.0018     
   C(  10)- N(  11)- H(  15)  113.877  110.900  0.600  0.1117  0.03  0.0018     
   H(  14)- N(  11)- H(  15)  106.933  106.400  0.605  0.0037                   


     DIHEDRAL ANGLES, TORSIONAL ENERGY (ET)   (   42 ANGLES)

           ET = (V1/2)(1+COS(W))+(V2/2)(1-COS(2W))+(V3/2)(1+COS(3W))

           ETS = -11.995*(R-R0)((KTS1/2)(1+COS(W))+
                                (KTS2/2)(1-COS(2W)+
                                (KTS3/2)(1+COS(3W))

           SIGN OF ANGLE A-B-C-D : WHEN LOOKING THROUGH B TOWARD C,
           IF D IS COUNTERCLOCKWISE FROM A, NEGATIVE.

         A T O M S               OMEGA    V1     V2     V3     ET   KTS3   ETS
 C(   1) C(   8) C(   9) C(  10)-180.0  0.185  0.170  0.520  0.000 0.059 0.000  
 C(   1) C(   8) C(   9) H(  18) -58.3  0.000  0.000  0.280  0.001 0.059 0.000  
 C(   1) C(   8) C(   9) H(  19)  58.3  0.000  0.000  0.280  0.001 0.059 0.000  
N+(   2) C(   1) C(   8) C(   9) 180.0 -1.168  0.083  0.992  0.000 0.059 0.000 B
N+(   2) C(   1) C(   8) H(  16) -58.6  0.000  0.000  0.428  0.001 0.059 0.000 B
N+(   2) C(   1) C(   8) H(  17)  58.6  0.000  0.000  0.428  0.001 0.059 0.000 B
 H(   3) C(   1)N+(   2) H(   5)-178.2  0.000  0.000  0.212  0.000             B
 H(   3) C(   1)N+(   2) H(   6) -58.0  0.000  0.000  0.212  0.001             B
 H(   3) C(   1)N+(   2) H(   7)  62.2  0.000  0.000  0.212  0.001             B
 H(   3) C(   1) C(   8) C(   9)  61.2  0.000  0.000  0.280  0.000 0.059 0.000  
 H(   3) C(   1) C(   8) H(  16)-177.4  0.000  0.000  0.238  0.001 0.059 0.000  
 H(   3) C(   1) C(   8) H(  17) -60.3  0.000  0.000  0.238  0.000 0.059 0.000  
 H(   4) C(   1)N+(   2) H(   5) -62.2  0.000  0.000  0.212  0.001             B
 H(   4) C(   1)N+(   2) H(   6)  58.0  0.000  0.000  0.212  0.001             B
 H(   4) C(   1)N+(   2) H(   7) 178.2  0.000  0.000  0.212  0.000             B
 H(   4) C(   1) C(   8) C(   9) -61.2  0.000  0.000  0.280  0.000 0.059 0.000  
 H(   4) C(   1) C(   8) H(  16)  60.3  0.000  0.000  0.238  0.000 0.059 0.000  
 H(   4) C(   1) C(   8) H(  17) 177.4  0.000  0.000  0.238  0.001 0.059 0.000  
 H(   5)N+(   2) C(   1) C(   8)  59.8 -1.733  0.369  0.159 -1.026             B
 H(   6)N+(   2) C(   1) C(   8) 180.0 -1.733  0.369  0.159  0.000             B
 H(   7)N+(   2) C(   1) C(   8) -59.8 -1.733  0.369  0.159 -1.026             B
 C(   8) C(   9) C(  10) N(  11) 180.0 -0.302  0.696  0.499  0.000 0.059 0.000  
 C(   8) C(   9) C(  10) H(  12)  58.1  0.000  0.000  0.280  0.001 0.059 0.000  
 C(   8) C(   9) C(  10) H(  13) -58.1  0.000  0.000  0.280  0.001 0.059 0.000  
 C(   9) C(  10) N(  11) H(  14) -61.5  0.073 -0.422  0.327 -0.271 0.061 0.000  
 C(   9) C(  10) N(  11) H(  15)  61.5  0.073 -0.422  0.327 -0.271 0.061 0.000  
 C(  10) C(   9) C(   8) H(  16)  58.3  0.000  0.000  0.280  0.001 0.059 0.000  
 C(  10) C(   9) C(   8) H(  17) -58.3  0.000  0.000  0.280  0.001 0.059 0.000  
 N(  11) C(  10) C(   9) H(  18)  58.4  0.000  0.000  0.374  0.001 0.059 0.000  
 N(  11) C(  10) C(   9) H(  19) -58.4  0.000  0.000  0.374  0.001 0.059 0.000  
 H(  12) C(  10) C(   9) H(  18) -63.5  0.000  0.000  0.238  0.002 0.059 0.000  
 H(  12) C(  10) C(   9) H(  19) 179.7  0.000  0.000  0.238  0.000 0.059 0.000  
 H(  12) C(  10) N(  11) H(  14)  60.9  0.121 -0.648  0.199 -0.405 0.061 0.000  
 H(  12) C(  10) N(  11) H(  15)-176.1  0.121 -0.648  0.199 -0.001 0.061 0.000  
 H(  13) C(  10) C(   9) H(  18)-179.7  0.000  0.000  0.238  0.000 0.059 0.000  
 H(  13) C(  10) C(   9) H(  19)  63.5  0.000  0.000  0.238  0.002 0.059 0.000  
 H(  13) C(  10) N(  11) H(  14) 176.1  0.121 -0.648  0.199 -0.001 0.061 0.000  
 H(  13) C(  10) N(  11) H(  15) -60.9  0.121 -0.648  0.199 -0.405 0.061 0.000  
 H(  16) C(   8) C(   9) H(  18) 180.0  0.000  0.000  0.238  0.000 0.059 0.000  
 H(  16) C(   8) C(   9) H(  19) -63.4  0.000  0.000  0.238  0.002 0.059 0.000  
 H(  17) C(   8) C(   9) H(  18)  63.4  0.000  0.000  0.238  0.002 0.059 0.000  
 H(  17) C(   8) C(   9) H(  19)-180.0  0.000  0.000  0.238  0.000 0.059 0.000  

     DIPOLE-DIPOLE INTERACTION ENERGY  (DIELECTRIC CONSTANT = 1.50)

          E = 14.388*MU1*MU2*(COSX-3*COSA*COSB)/(R12**3*DIELC)

               MU1 = BOND MOM OF BOND 1
               MU2 = BOND MOM OF BOND 2
               R12 = DISTANCE BETWEEN MID-POINTS OF TWO BONDS.

        BOND(1)       MU1           BOND(2)       MU2      R12        E
   C(   1)-N+(   2)  3.335   + C(  10)- N(  11)  0.680   5.0447    0.1743       
   C(   1)-N+(   2)  3.335   + N(  11)- H(  14) -1.340   5.7682   -0.0372       
   C(   1)-N+(   2)  3.335   + N(  11)- H(  15) -1.340   5.7682   -0.0372       
  N+(   2)- H(   5) -1.300   + C(  10)- N(  11)  0.680   5.7358   -0.0040       
  N+(   2)- H(   5) -1.300   + N(  11)- H(  14) -1.340   6.5544   -0.0441       
  N+(   2)- H(   5) -1.300   + N(  11)- H(  15) -1.340   6.5019    0.0244       
  N+(   2)- H(   6) -1.300   + C(  10)- N(  11)  0.680   6.1043   -0.0638       
  N+(   2)- H(   6) -1.300   + N(  11)- H(  14) -1.340   6.8365    0.0388       
  N+(   2)- H(   6) -1.300   + N(  11)- H(  15) -1.340   6.8365    0.0388       
  N+(   2)- H(   7) -1.300   + C(  10)- N(  11)  0.680   5.7358   -0.0040       
  N+(   2)- H(   7) -1.300   + N(  11)- H(  14) -1.340   6.5019    0.0244       
  N+(   2)- H(   7) -1.300   + N(  11)- H(  15) -1.340   6.5544   -0.0441       


     CHARGE-DIPOLE INTERACTION ENERGY

            ENERGY = 69.12(Q)(BM)(COSX)/((R**2)(DE))

             Q = CHARGE
             R = DISTANCE BETWEEN CHARGE AND MID-POINT OF POLAR BOND
            BM = BOND MOMENT
            DE = DIELECTRIC CONSTANT (  1.500)

     ATOM           BOND            Q      BM   X(DEG)      R     ENERGY
   N+(   2),   C(  10)- N(  11)   1.000  0.680   28.37   5.6760   0.8558       B
   N+(   2),   N(  11)- H(  14)   1.000 -1.340   75.17   6.4410  -0.3810       B
   N+(   2),   N(  11)- H(  15)   1.000 -1.340   75.17   6.4410  -0.3810       B


 ==============================================================================
                        NORMAL MODE VIBRATIONAL ANALYSIS
 ==============================================================================


             Molecular Shape : ASYMMETRIC ROTOR WITH KAPPA =-0.994470
        Symmetry Point Group : Cs  
             Symmetry Number :  1
                   Chirality :  no



0       FUNDAMENTAL NORMAL VIBRATIONAL FREQUENCIES
                ( THEORETICALLY  51 VALUES )

             Frequency :  in 1/cm
             A(i)      :  IR intensity (vs,s,m,w,vw,-- or in 10**6 cm/mole)
             A(i) = -- :  IR inactive


             no       Frequency   Symmetry      A(i)

             1.          3424.7     (A"  )       vs
             2.          3362.0     (A`  )        s
             3.          3348.8     (A`  )       vs
             4.          3348.4     (A"  )       vs
             5.          3251.5     (A`  )        s
             6.          2939.6     (A"  )        m
             7.          2929.2     (A"  )        m
             8.          2927.5     (A"  )        w
             9.          2919.2     (A"  )        m
            10.          2890.5     (A`  )        w
            11.          2877.5     (A`  )        m
            12.          2870.9     (A`  )        w
            13.          2863.6     (A`  )        m
            14.          1628.7     (A`  )        s
            15.          1592.3     (A`  )        s
            16.          1587.0     (A"  )        s
            17.          1566.9     (A`  )        s
            18.          1531.6     (A`  )        m
            19.          1476.6     (A`  )        s
            20.          1444.2     (A`  )        m
            21.          1436.6     (A`  )        m
            22.          1430.3     (A`  )        w
            23.          1415.2     (A`  )        s
            24.          1389.6     (A`  )        w
            25.          1345.1     (A"  )       vw
            26.          1332.8     (A`  )        m
            27.          1316.9     (A"  )        w
            28.          1255.4     (A"  )        w
            29.          1229.5     (A"  )       vw
            30.          1108.0     (A"  )        m
            31.          1073.8     (A`  )        m
            32.          1035.0     (A`  )        m
            33.          1013.4     (A"  )        s
            34.           994.1     (A`  )        w
            35.           980.6     (A`  )        w
            36.           945.9     (A"  )        m
            37.           942.1     (A`  )        m
            38.           886.3     (A`  )        m
            39.           882.5     (A"  )        m
            40.           810.5     (A"  )        w
            41.           775.5     (A"  )        w
            42.           774.5     (A`  )       vs
            43.           452.1     (A`  )        w
            44.           356.9     (A`  )        w
            45.           279.3     (A`  )        w
            46.           252.3     (A"  )        m
            47.           240.8     (A"  )        w
            48.           165.3     (A"  )        w
            49.           153.2     (A`  )        w
            50.           112.0     (A"  )        w
            51.            84.5     (A"  )        w
            52.     (       0.0)    (t/r )
            53.     (       0.0)    (t/r )
            54.     (       0.0)    (t/r )
            55.     (       0.0)    (t/r )
            56.     (       0.0)    (t/r )
            57.     (       0.0)    (t/r )


0       CORRESPONDING EIGEN VECTOR MATRIX   57 BY  57



 (  1)
     0.000    0.000    0.000    0.000    0.000    0.000    0.000    0.000
     0.000    0.000    0.000    0.000    0.000    0.000    0.000    0.000
     0.000    0.000    0.000    0.000    0.000    0.000    0.000    0.000
     0.000    0.000    0.000    0.000    0.000   -0.001    0.000    0.000
     0.079   -0.007   -0.003    0.000    0.007    0.003    0.000    0.096
     0.388   -0.541   -0.096   -0.388   -0.541    0.000    0.000    0.000
     0.000    0.000    0.000    0.000    0.000    0.000    0.000    0.000
     0.000

 (  2)
     0.000    0.000    0.000    0.000    0.000    0.000    0.000    0.000
     0.000    0.000    0.000    0.000    0.000    0.000    0.000    0.000
     0.000    0.000    0.000    0.000    0.000    0.000    0.000    0.000
     0.000    0.000    0.000    0.002    0.002    0.000   -0.017   -0.059
     0.000    0.000   -0.004   -0.005    0.000   -0.004    0.005    0.108
     0.406   -0.541    0.108    0.406    0.541    0.000    0.000    0.000
     0.000    0.000    0.000    0.000    0.000   -0.001    0.000    0.000
     0.001

 (  3)
    -0.001    0.000    0.000    0.042   -0.068    0.000    0.005    0.003
    -0.001    0.005    0.003    0.001    0.022    0.243   -0.307   -0.626
     0.451    0.000    0.022    0.243    0.307    0.000    0.000    0.000
     0.000    0.000    0.000    0.000    0.000    0.000    0.000    0.000
     0.000    0.000    0.000    0.000    0.000    0.000    0.000    0.000
     0.000    0.000    0.000    0.000    0.000    0.000    0.001   -0.001
     0.000    0.001    0.001    0.000    0.000    0.000    0.000    0.000
     0.000

 (  4)
     0.000    0.000    0.001    0.000    0.000   -0.080   -0.007   -0.005
     0.001    0.007    0.005    0.001   -0.051   -0.394    0.542    0.000
     0.000    0.015    0.051    0.394    0.542    0.000    0.000    0.000
     0.000    0.000    0.000    0.000    0.000    0.000    0.000    0.000
     0.000    0.000    0.000    0.000    0.000    0.000    0.000    0.000
     0.000    0.000    0.000    0.000    0.000    0.000    0.000    0.000
     0.000    0.000    0.000    0.000    0.000    0.000    0.000    0.000
     0.000

 (  5)
     0.002    0.002    0.000   -0.042   -0.026    0.000   -0.003   -0.009
     0.010   -0.003   -0.009   -0.010    0.048    0.337   -0.447    0.469
    -0.327    0.000    0.048    0.337    0.447    0.000    0.000    0.000
     0.000    0.000    0.000    0.000    0.000    0.000    0.000    0.000
     0.000    0.000    0.000    0.000    0.000    0.000    0.000    0.000
     0.000    0.000    0.000    0.000    0.000    0.000    0.000   -0.001
     0.000    0.000    0.001    0.000    0.000    0.000    0.000    0.000
     0.000

 (  6)
     0.000    0.000    0.001    0.000    0.000    0.000    0.000    0.004
    -0.006    0.000   -0.004   -0.006    0.000    0.000    0.000    0.000
     0.000    0.000    0.000    0.000    0.000    0.000    0.000    0.003
     0.000    0.000    0.017    0.000    0.000    0.089    0.000    0.000
    -0.001   -0.022   -0.395   -0.521    0.022    0.395   -0.521    0.007
     0.003    0.003   -0.007   -0.003    0.003    0.002    0.015   -0.018
    -0.002   -0.015   -0.018   -0.001    0.084   -0.105    0.001   -0.084
    -0.105

 (  7)
     0.000    0.000   -0.034    0.000    0.000    0.000    0.007   -0.148
     0.201   -0.007    0.148    0.201   -0.002    0.000   -0.002    0.000
     0.000    0.000    0.002    0.000   -0.002    0.000    0.000   -0.024
     0.000    0.000   -0.079    0.000    0.000    0.018    0.000    0.000
     0.000   -0.010   -0.073   -0.103    0.010    0.073   -0.103    0.001
     0.001    0.000   -0.001   -0.001    0.000   -0.011   -0.114    0.145
     0.011    0.114    0.145   -0.028   -0.346    0.462    0.028    0.346
     0.462

 (  8)
     0.000    0.000   -0.082    0.000    0.000    0.001    0.014   -0.352
     0.482   -0.014    0.352    0.482   -0.006   -0.001   -0.004    0.000
     0.000   -0.001    0.006    0.001   -0.004    0.000    0.000   -0.013
     0.000    0.000    0.038    0.000    0.000   -0.007    0.000    0.000
     0.000    0.004    0.027    0.038   -0.004   -0.027    0.038    0.000
     0.000    0.000    0.000    0.000    0.000    0.005   -0.061    0.078
    -0.005    0.061    0.078    0.011    0.166   -0.223   -0.011   -0.166
    -0.223

 (  9)
     0.000    0.000   -0.023    0.000    0.000    0.000   -0.002   -0.094
     0.135    0.002    0.094    0.135   -0.002   -0.001   -0.001    0.000
     0.000    0.000    0.002    0.001   -0.001    0.000    0.000    0.087
     0.000    0.000   -0.018    0.000    0.000    0.001    0.000    0.000
     0.000   -0.002   -0.003   -0.005    0.002    0.003   -0.005    0.000
     0.000    0.000    0.000    0.000    0.000    0.026    0.378   -0.509
    -0.026   -0.378   -0.509    0.001   -0.075    0.105   -0.001    0.075
     0.105

 ( 10)
     0.000   -0.002    0.000    0.000    0.000    0.000    0.000    0.011
    -0.014    0.000    0.011    0.014    0.000    0.000    0.000    0.000
     0.000    0.000    0.000    0.000    0.000    0.001    0.008    0.000
     0.000   -0.026    0.000    0.005    0.071    0.000   -0.002    0.000
     0.000   -0.029   -0.406   -0.494   -0.029   -0.406    0.494   -0.002
    -0.004    0.007   -0.002   -0.004   -0.007   -0.002   -0.040    0.049
    -0.002   -0.040   -0.049    0.011    0.137   -0.169    0.011    0.137
     0.169

 ( 11)
     0.001   -0.019    0.000    0.000    0.000    0.000   -0.003    0.104
    -0.132   -0.003    0.104    0.132    0.000    0.002   -0.003    0.001
    -0.004    0.000    0.000    0.002    0.003    0.003    0.033    0.000
    -0.006   -0.060    0.000   -0.003   -0.023    0.000    0.001    0.000
     0.000    0.009    0.141    0.171    0.009    0.141   -0.171    0.001
     0.001   -0.002    0.001    0.001    0.002   -0.011   -0.182    0.225
    -0.011   -0.182   -0.225    0.023    0.345   -0.425    0.023    0.345
     0.425

 ( 12)
     0.004   -0.057    0.000    0.000    0.001    0.000   -0.009    0.326
    -0.414   -0.009    0.326    0.414    0.000    0.005   -0.007    0.005
    -0.013    0.000    0.000    0.005    0.007   -0.001    0.034    0.000
     0.002    0.032    0.000    0.002    0.006    0.000    0.000    0.000
     0.000   -0.002   -0.036   -0.044   -0.002   -0.036    0.044    0.000
     0.000    0.000    0.000    0.000    0.000   -0.014   -0.190    0.235
    -0.014   -0.190   -0.235   -0.014   -0.189    0.233   -0.014   -0.189
    -0.233

 ( 13)
     0.000    0.041    0.000   -0.001   -0.001    0.000    0.008   -0.246
     0.311    0.008   -0.246   -0.311    0.000   -0.003    0.005   -0.004
     0.010    0.000    0.000   -0.003   -0.005    0.005    0.057    0.000
    -0.001    0.016    0.000    0.001    0.001    0.000    0.000    0.000
     0.000    0.000   -0.007   -0.009    0.000   -0.007    0.009    0.000
     0.000    0.000    0.000    0.000    0.000   -0.022   -0.334    0.413
    -0.022   -0.334   -0.413   -0.008   -0.098    0.122   -0.008   -0.098
    -0.122

 ( 14)
    -0.008    0.002    0.000    0.002    0.000    0.000    0.014    0.000
    -0.003    0.014    0.000    0.003   -0.004   -0.002   -0.003    0.001
    -0.002    0.000   -0.004   -0.002    0.003    0.021    0.001    0.000
    -0.053    0.006    0.000    0.122    0.011    0.000   -0.071   -0.048
     0.000   -0.271   -0.076    0.099   -0.271   -0.076   -0.099    0.195
     0.308    0.325    0.195    0.308   -0.325   -0.029   -0.003   -0.008
    -0.029   -0.003    0.008    0.082   -0.014   -0.010    0.082   -0.014
     0.010

 ( 15)
     0.004   -0.010    0.000    0.027   -0.040    0.000    0.015    0.002
     0.013    0.015    0.002   -0.013   -0.133    0.488    0.388   -0.169
    -0.340    0.000   -0.133    0.488   -0.388   -0.005    0.002    0.000
     0.003    0.000    0.000   -0.002    0.000    0.000   -0.001   -0.001
     0.000    0.004    0.000    0.000    0.004    0.000    0.000    0.004
     0.008    0.007    0.004    0.008   -0.007    0.012    0.003    0.002
     0.012    0.003   -0.002   -0.006    0.000    0.000   -0.006    0.000
     0.000

 ( 16)
     0.000    0.000   -0.007    0.000    0.000   -0.048   -0.016    0.000
    -0.010    0.016    0.000   -0.010   -0.449    0.182    0.031    0.000
     0.000    0.698    0.449   -0.182    0.031    0.000    0.000    0.000
     0.000    0.000    0.001    0.000    0.000    0.000    0.000    0.000
     0.000    0.001    0.000    0.000   -0.001    0.000    0.000    0.000
     0.000    0.000    0.000    0.000    0.000    0.020   -0.002    0.000
    -0.020    0.002    0.000    0.001   -0.001    0.001   -0.001    0.001
     0.001

 ( 17)
    -0.034    0.003    0.000    0.011    0.002    0.000    0.072    0.009
     0.000    0.072    0.009    0.000   -0.026    0.006   -0.001   -0.007
    -0.028    0.000   -0.026    0.006    0.001    0.053   -0.001    0.000
    -0.076    0.004    0.000    0.106    0.010    0.000    0.005    0.042
     0.000   -0.331   -0.084    0.102   -0.331   -0.084   -0.102   -0.163
    -0.296   -0.285   -0.163   -0.296    0.285   -0.088   -0.001   -0.009
    -0.088   -0.001    0.009    0.142   -0.016   -0.004    0.142   -0.016
     0.004

 ( 18)
     0.135    0.001    0.000   -0.053   -0.016    0.000   -0.330   -0.079
    -0.050   -0.330   -0.079    0.050    0.142    0.042    0.067    0.036
     0.128    0.000    0.142    0.042   -0.067   -0.109    0.017    0.000
     0.042    0.004    0.000    0.040    0.019    0.000   -0.007    0.010
     0.000   -0.165   -0.103    0.114   -0.165   -0.103   -0.114   -0.032
    -0.061   -0.057   -0.032   -0.061    0.057    0.220   -0.041   -0.032
     0.220   -0.041    0.032   -0.077   -0.027   -0.035   -0.077   -0.027
     0.035

 ( 19)
     0.047    0.027    0.000   -0.052   -0.025    0.000   -0.175   -0.140
    -0.132   -0.175   -0.140    0.132    0.192    0.077    0.105    0.085
     0.181    0.000    0.192    0.077   -0.105    0.065    0.005    0.000
    -0.094    0.010    0.000    0.011   -0.048    0.000    0.002   -0.005
     0.000    0.068    0.265   -0.264    0.068    0.265    0.264    0.007
     0.004    0.008    0.007    0.004   -0.008   -0.163   -0.046   -0.056
    -0.163   -0.046    0.056    0.210   -0.010    0.001    0.210   -0.010
    -0.001

 ( 20)
     0.011   -0.022    0.000    0.033    0.022    0.000   -0.007    0.088
     0.092   -0.007    0.088   -0.092   -0.154   -0.057   -0.080   -0.087
    -0.152    0.000   -0.154   -0.057    0.080   -0.053    0.006    0.000
     0.000    0.061    0.000    0.044   -0.046    0.000   -0.008    0.001
     0.000   -0.085    0.252   -0.239   -0.085    0.252    0.239    0.002
    -0.020   -0.014    0.002   -0.020    0.014    0.128   -0.014   -0.006
     0.128   -0.014    0.006   -0.029   -0.325   -0.319   -0.029   -0.325
     0.319

 ( 21)
     0.020   -0.020    0.000    0.026    0.018    0.000   -0.021    0.072
     0.079   -0.021    0.072   -0.079   -0.129   -0.046   -0.065   -0.078
    -0.131    0.000   -0.129   -0.046    0.065   -0.020    0.074    0.000
    -0.013   -0.039    0.000    0.010   -0.014    0.000   -0.001    0.000
     0.000   -0.041    0.094   -0.086   -0.041    0.094    0.086    0.002
    -0.004   -0.002    0.002   -0.004    0.002    0.060   -0.385   -0.371
     0.060   -0.385    0.371    0.011    0.206    0.202    0.011    0.206
    -0.202

 ( 22)
    -0.016    0.008    0.000   -0.017   -0.014    0.000    0.064   -0.028
    -0.032    0.064   -0.028    0.032    0.090    0.032    0.046    0.053
     0.085    0.000    0.090    0.032   -0.046    0.039    0.044    0.000
     0.000    0.050    0.000   -0.035    0.034    0.000    0.007   -0.002
     0.000    0.135   -0.209    0.189    0.135   -0.209   -0.189   -0.003
     0.014    0.010   -0.003    0.014   -0.010   -0.157   -0.271   -0.265
    -0.157   -0.271    0.265   -0.020   -0.282   -0.270   -0.020   -0.282
     0.270

 ( 23)
    -0.025   -0.047    0.000   -0.053   -0.045    0.000    0.177    0.363
     0.315    0.177    0.363   -0.315    0.292    0.076    0.128    0.174
     0.273    0.000    0.292    0.076   -0.128   -0.018    0.005    0.000
     0.016   -0.005    0.000    0.015   -0.012    0.000   -0.004    0.001
     0.000   -0.062    0.070   -0.063   -0.062    0.070    0.063    0.001
    -0.006   -0.005    0.001   -0.006    0.005    0.024   -0.012   -0.012
     0.024   -0.012    0.012   -0.060    0.022    0.017   -0.060    0.022
    -0.017

 ( 24)
    -0.072    0.054    0.000   -0.013   -0.020    0.000    0.288   -0.264
    -0.263    0.288   -0.264    0.263    0.093    0.034    0.053    0.086
     0.115    0.000    0.093    0.034   -0.053   -0.016    0.015    0.000
     0.073   -0.011    0.000    0.028   -0.024    0.000   -0.008    0.006
     0.000   -0.173    0.123   -0.108   -0.173    0.123    0.108    0.007
    -0.011   -0.009    0.007   -0.011    0.009    0.090   -0.068   -0.059
     0.090   -0.068    0.059   -0.285    0.023    0.007   -0.285    0.023
    -0.007

 ( 25)
     0.000    0.000   -0.009    0.000    0.000    0.006    0.084    0.018
     0.000   -0.084   -0.018    0.000   -0.005   -0.007    0.002    0.000
     0.000   -0.004    0.005    0.007    0.002    0.000    0.000   -0.010
     0.000    0.000    0.030    0.000    0.000    0.041    0.000    0.000
    -0.046    0.649    0.063   -0.032   -0.649   -0.063   -0.032    0.070
     0.040   -0.014   -0.070   -0.040   -0.014    0.116    0.006   -0.002
    -0.116   -0.006   -0.002   -0.096   -0.021    0.018    0.096    0.021
     0.018

 ( 26)
    -0.035    0.026    0.000   -0.006   -0.015    0.000    0.227   -0.054
    -0.070    0.227   -0.054    0.070    0.032    0.007    0.021    0.050
     0.060    0.000    0.032    0.007   -0.021   -0.076    0.002    0.000
    -0.076   -0.001    0.000   -0.014    0.019    0.000    0.004   -0.007
     0.000    0.137   -0.041    0.041    0.137   -0.041   -0.041   -0.011
     0.004    0.005   -0.011    0.004   -0.005    0.421   -0.032    0.000
     0.421   -0.032    0.000    0.381   -0.032    0.002    0.381   -0.032
    -0.002

 ( 27)
     0.000    0.000    0.042    0.000    0.000   -0.042   -0.645   -0.121
    -0.026    0.645    0.121   -0.026    0.041    0.033   -0.024    0.000
     0.000   -0.021   -0.041   -0.033   -0.024    0.000    0.000    0.026
     0.000    0.000   -0.003    0.000    0.000    0.004    0.000    0.000
    -0.009    0.120    0.010   -0.009   -0.120   -0.010   -0.009    0.009
     0.007   -0.004   -0.009   -0.007   -0.004   -0.108   -0.018    0.015
     0.108    0.018    0.015    0.083    0.002    0.002   -0.083   -0.002
     0.002

 ( 28)
     0.000    0.000    0.034    0.000    0.000   -0.004    0.060   -0.041
     0.011   -0.060    0.041    0.011    0.013    0.019    0.010    0.000
     0.000    0.041   -0.013   -0.019    0.010    0.000    0.000   -0.026
     0.000    0.000   -0.034    0.000    0.000    0.038    0.000    0.000
    -0.011    0.009    0.055    0.004   -0.009   -0.055    0.004    0.062
     0.021    0.014   -0.062   -0.021    0.014   -0.535    0.063   -0.012
     0.535   -0.063   -0.012   -0.399    0.068   -0.012    0.399   -0.068
    -0.012

 ( 29)
     0.000    0.000   -0.008    0.000    0.000   -0.008   -0.162   -0.019
    -0.022    0.162    0.019   -0.022    0.002   -0.004   -0.012    0.000
     0.000   -0.032   -0.002    0.004   -0.012    0.000    0.000   -0.027
     0.000    0.000    0.017    0.000    0.000    0.026    0.000    0.000
     0.004   -0.147    0.020    0.024    0.147   -0.020    0.024    0.041
     0.008    0.018   -0.041   -0.008    0.018    0.392    0.007   -0.009
    -0.392   -0.007   -0.009   -0.527    0.018    0.007    0.527   -0.018
     0.007

 ( 30)
     0.000    0.000    0.018    0.000    0.000   -0.006    0.001   -0.038
    -0.008   -0.001    0.038   -0.008    0.016    0.013    0.004    0.000
     0.000    0.012   -0.016   -0.013    0.004    0.000    0.000   -0.031
     0.000    0.000    0.044    0.000    0.000   -0.087    0.000    0.000
     0.075    0.124   -0.147    0.008   -0.124    0.147    0.008   -0.521
    -0.184   -0.148    0.521    0.184   -0.148   -0.040    0.058    0.007
     0.040   -0.058    0.007   -0.124   -0.080   -0.018    0.124    0.080
    -0.018

 ( 31)
     0.031   -0.030    0.000   -0.010    0.007    0.000    0.107   -0.046
    -0.010    0.107   -0.046    0.010    0.049   -0.017   -0.013   -0.071
    -0.077    0.000    0.049   -0.017    0.013   -0.044    0.029    0.000
    -0.008    0.025    0.000    0.134    0.060    0.000   -0.122   -0.065
     0.000    0.350    0.049    0.005    0.350    0.049   -0.005   -0.042
    -0.165   -0.051   -0.042   -0.165    0.051   -0.094    0.048    0.009
    -0.094    0.048   -0.009   -0.091    0.063    0.021   -0.091    0.063
    -0.021

 ( 32)
     0.073   -0.090    0.000   -0.032    0.039    0.000    0.247   -0.123
    -0.019    0.247   -0.123    0.019    0.212   -0.042   -0.041   -0.267
    -0.281    0.000    0.212   -0.042    0.041   -0.085    0.058    0.000
     0.022   -0.001    0.000   -0.044   -0.010    0.000    0.042    0.022
     0.000   -0.128    0.002   -0.006   -0.128    0.002    0.006    0.005
     0.061    0.019    0.005    0.061   -0.019   -0.228    0.083    0.008
    -0.228    0.083   -0.008    0.160   -0.005    0.004    0.160   -0.005
    -0.004

 ( 33)
     0.000    0.000    0.113    0.000    0.000   -0.063    0.103   -0.254
    -0.067   -0.103    0.254   -0.067    0.220    0.164    0.072    0.000
     0.000    0.144   -0.220   -0.164    0.072    0.000    0.000   -0.100
     0.000    0.000    0.073    0.000    0.000   -0.026    0.000    0.000
    -0.014   -0.031   -0.075    0.032    0.031    0.075    0.032    0.158
     0.052    0.053   -0.158   -0.052    0.053    0.056    0.220    0.061
    -0.056   -0.220    0.061    0.066   -0.161   -0.040   -0.066    0.161
    -0.040

 ( 34)
     0.048   -0.016    0.000   -0.038    0.010    0.000    0.060    0.001
     0.013    0.060    0.001   -0.013    0.060   -0.025   -0.019   -0.140
    -0.127    0.000    0.060   -0.025    0.019    0.091    0.106    0.000
    -0.141   -0.058    0.000   -0.003   -0.041    0.000    0.035    0.008
     0.000    0.059   -0.075    0.019    0.059   -0.075   -0.019    0.021
     0.018    0.004    0.021    0.018   -0.004    0.217    0.133    0.018
     0.217    0.133   -0.018   -0.303   -0.064   -0.009   -0.303   -0.064
     0.009

 ( 35)
     0.057    0.051    0.000   -0.030   -0.041    0.000    0.127    0.045
    -0.008    0.127    0.045    0.008   -0.109   -0.039   -0.003   -0.002
    -0.003    0.000   -0.109   -0.039    0.003   -0.047   -0.055    0.000
    -0.045    0.151    0.000    0.031   -0.144    0.000    0.030    0.040
     0.000    0.074   -0.169    0.008    0.074   -0.169   -0.008    0.077
     0.015   -0.011    0.077    0.015    0.011   -0.064   -0.046    0.008
    -0.064   -0.046   -0.008   -0.077    0.181    0.012   -0.077    0.181
    -0.012

 ( 36)
     0.000    0.000    0.032    0.000    0.000   -0.068    0.085   -0.049
    -0.002   -0.085    0.049   -0.002    0.302    0.224    0.120    0.000
     0.000    0.199   -0.302   -0.224    0.120    0.000    0.000    0.051
     0.000    0.000   -0.096    0.000    0.000    0.068    0.000    0.000
     0.007    0.001    0.202   -0.084   -0.001   -0.202   -0.084   -0.178
    -0.055   -0.067    0.178    0.055   -0.067    0.096   -0.127   -0.037
    -0.096    0.127   -0.037    0.023    0.234    0.077   -0.023   -0.234
     0.077

 ( 37)
     0.121    0.073    0.000   -0.061   -0.104    0.000    0.201    0.073
    -0.005    0.201    0.073    0.005   -0.332   -0.071    0.006    0.108
     0.126    0.000   -0.332   -0.071   -0.006    0.002    0.040    0.000
     0.015   -0.064    0.000   -0.024    0.066    0.000   -0.001   -0.015
     0.000   -0.059    0.077   -0.003   -0.059    0.077    0.003   -0.043
     0.010    0.011   -0.043    0.010   -0.011   -0.110    0.064    0.009
    -0.110    0.064   -0.009    0.044   -0.073   -0.002    0.044   -0.073
     0.002

 ( 38)
    -0.019   -0.114    0.000    0.096   -0.010    0.000   -0.028   -0.126
    -0.006   -0.028   -0.126    0.006   -0.166    0.068    0.036    0.384
     0.381    0.000   -0.166    0.068   -0.036   -0.072    0.109    0.000
    -0.042    0.000    0.000    0.007   -0.038    0.000    0.024    0.014
     0.000    0.024   -0.046    0.004    0.024   -0.046   -0.004    0.019
     0.018    0.001    0.019    0.018   -0.001   -0.103    0.122    0.003
    -0.103    0.122   -0.003   -0.019    0.006    0.006   -0.019    0.006
    -0.006

 ( 39)
     0.000    0.000    0.065    0.000    0.000    0.037    0.030   -0.269
    -0.134   -0.030    0.269   -0.134   -0.245   -0.189   -0.123    0.000
     0.000   -0.166    0.245    0.189   -0.123    0.000    0.000   -0.069
     0.000    0.000   -0.041    0.000    0.000    0.077    0.000    0.000
    -0.004   -0.036    0.269   -0.126    0.036   -0.269   -0.126   -0.135
    -0.041   -0.060    0.135    0.041   -0.060    0.061    0.179    0.066
    -0.061   -0.179    0.066    0.091    0.098    0.036   -0.091   -0.098
     0.036

 ( 40)
     0.000    0.000   -0.056    0.000    0.000   -0.002   -0.093    0.316
     0.181    0.093   -0.316    0.181    0.082    0.078    0.064    0.000
     0.000    0.055   -0.082   -0.078    0.064    0.000    0.000   -0.052
     0.000    0.000    0.050    0.000    0.000    0.061    0.000    0.000
    -0.011   -0.069    0.303   -0.168    0.069   -0.303   -0.168   -0.081
    -0.029   -0.048    0.081    0.029   -0.048   -0.033    0.229    0.120
     0.033   -0.229    0.120    0.037   -0.219   -0.113   -0.037    0.219
    -0.113

 ( 41)
     0.000    0.000    0.014    0.000    0.000   -0.004    0.056   -0.174
    -0.117   -0.056    0.174   -0.117   -0.012   -0.022   -0.022    0.000
     0.000   -0.006    0.012    0.022   -0.022    0.000    0.000    0.050
     0.000    0.000    0.053    0.000    0.000    0.020    0.000    0.000
    -0.008   -0.046    0.188   -0.123    0.046   -0.188   -0.123   -0.024
    -0.013   -0.022    0.024    0.013   -0.022   -0.038   -0.353   -0.220
     0.038    0.353   -0.220   -0.039   -0.363   -0.226    0.039    0.363
    -0.226

 ( 42)
     0.004   -0.003    0.000   -0.007   -0.004    0.000    0.003   -0.001
     0.001    0.003   -0.001   -0.001   -0.012   -0.004    0.000   -0.003
     0.002    0.000   -0.012   -0.004    0.000    0.016    0.018    0.000
     0.023   -0.035    0.000   -0.039   -0.019    0.000   -0.085    0.077
     0.000   -0.005   -0.020    0.000   -0.005   -0.020    0.000    0.561
    -0.220   -0.094    0.561   -0.220    0.094    0.009    0.017   -0.002
     0.009    0.017    0.002    0.065   -0.043   -0.002    0.065   -0.043
     0.002

 ( 43)
     0.010    0.060    0.000    0.071    0.001    0.000    0.015    0.045
    -0.011    0.015    0.045    0.011    0.103   -0.002    0.001    0.038
    -0.046    0.000    0.103   -0.002   -0.001   -0.103   -0.081    0.000
    -0.116   -0.039    0.000    0.006    0.099    0.000    0.098   -0.025
     0.000   -0.005    0.082    0.013   -0.005    0.082   -0.013    0.206
    -0.061   -0.005    0.206   -0.061    0.005   -0.130   -0.071    0.006
    -0.130   -0.071   -0.006   -0.168   -0.031    0.004   -0.168   -0.031
    -0.004

 ( 44)
     0.081   -0.109    0.000    0.005    0.042    0.000    0.128   -0.096
     0.007    0.128   -0.096   -0.007   -0.064    0.052    0.001    0.081
     0.146    0.000   -0.064    0.052   -0.001    0.074   -0.076    0.000
    -0.040    0.108    0.000   -0.090    0.081    0.000   -0.032   -0.054
     0.000   -0.139    0.080    0.003   -0.139    0.080   -0.003    0.032
    -0.073   -0.001    0.032   -0.073    0.001    0.119   -0.072    0.005
     0.119   -0.072   -0.005   -0.074    0.100   -0.008   -0.074    0.100
     0.008

 ( 45)
    -0.079   -0.069    0.000   -0.148    0.017    0.000   -0.068   -0.054
     0.010   -0.068   -0.054   -0.010   -0.187    0.021   -0.001   -0.107
     0.074    0.000   -0.187    0.021    0.001    0.002    0.010    0.000
     0.030    0.027    0.000    0.073    0.049    0.000    0.131   -0.036
     0.000    0.054    0.042    0.006    0.054    0.042   -0.006    0.179
    -0.049   -0.001    0.179   -0.049    0.001    0.019    0.004   -0.004
     0.019    0.004    0.004    0.022    0.029    0.002    0.022    0.029
    -0.002

 ( 46)
     0.000    0.000   -0.027    0.000    0.000    0.003    0.005   -0.040
    -0.056   -0.005    0.040   -0.056    0.086   -0.114   -0.074    0.000
     0.000    0.176   -0.086    0.114   -0.074    0.000    0.000    0.034
     0.000    0.000    0.030    0.000    0.000   -0.062    0.000    0.000
     0.056    0.017    0.097   -0.136   -0.017   -0.097   -0.136    0.314
    -0.452   -0.212   -0.314    0.452   -0.212   -0.013    0.036    0.060
     0.013   -0.036    0.060   -0.022    0.055    0.070    0.022   -0.055
     0.070

 ( 47)
     0.000    0.000   -0.076    0.000    0.000    0.017   -0.014   -0.072
    -0.127    0.014    0.072   -0.127    0.257   -0.335   -0.210    0.000
     0.000    0.528   -0.257    0.335   -0.210    0.000    0.000    0.021
     0.000    0.000    0.022    0.000    0.000    0.022    0.000    0.000
    -0.025   -0.018   -0.016    0.035    0.018    0.016    0.035   -0.123
     0.178    0.081    0.123   -0.178    0.081   -0.021    0.060    0.065
     0.021   -0.060    0.065   -0.002   -0.006    0.017    0.002    0.006
     0.017

 ( 48)
     0.000    0.000   -0.075    0.000    0.000    0.054   -0.060   -0.036
    -0.100    0.060    0.036   -0.100    0.031    0.088    0.121    0.000
     0.000    0.023   -0.031   -0.088    0.121    0.000    0.000   -0.117
     0.000    0.000    0.121    0.000    0.000    0.069    0.000    0.000
    -0.054   -0.062   -0.029    0.094    0.062    0.029    0.094   -0.032
    -0.086   -0.122    0.032    0.086   -0.122   -0.069   -0.137   -0.223
     0.069    0.137   -0.223    0.069    0.141    0.229   -0.069   -0.141
     0.229

 ( 49)
     0.046   -0.040    0.000   -0.042    0.110    0.000    0.106   -0.032
     0.004    0.106   -0.032   -0.004   -0.110    0.118    0.000    0.028
     0.206    0.000   -0.110    0.118    0.000   -0.009   -0.114    0.000
    -0.013   -0.106    0.000    0.051   -0.018    0.000   -0.018    0.115
     0.000    0.109   -0.019   -0.002    0.109   -0.019    0.002   -0.077
     0.130    0.000   -0.077    0.130    0.000   -0.028   -0.108    0.003
    -0.028   -0.108   -0.003   -0.037   -0.100    0.003   -0.037   -0.100
    -0.003

 ( 50)
     0.000    0.000   -0.083    0.000    0.000   -0.005    0.030   -0.139
    -0.185   -0.030    0.139   -0.185   -0.052    0.167    0.115    0.000
     0.000   -0.180    0.052   -0.167    0.115    0.000    0.000    0.095
     0.000    0.000    0.092    0.000    0.000   -0.093    0.000    0.000
    -0.014   -0.023    0.148   -0.203    0.023   -0.148   -0.203   -0.046
     0.180    0.107    0.046   -0.180    0.107   -0.049    0.091    0.160
     0.049   -0.091    0.160   -0.053    0.092    0.158    0.053   -0.092
     0.158

 ( 51)
     0.000    0.000   -0.052    0.000    0.000    0.117   -0.078   -0.058
    -0.091    0.078    0.058   -0.091    0.066    0.070    0.174    0.000
     0.000    0.134   -0.066   -0.070    0.174    0.000    0.000   -0.095
     0.000    0.000   -0.090    0.000    0.000   -0.052    0.000    0.000
     0.125    0.081    0.067   -0.107   -0.081   -0.067   -0.107    0.069
     0.078    0.194   -0.069   -0.078    0.194    0.014   -0.016   -0.106
    -0.014    0.016   -0.106    0.016   -0.008   -0.095   -0.016    0.008
    -0.095

 ( 52)
    -0.004    0.056   -0.074   -0.004    0.057   -0.144    0.014    0.106
    -0.039   -0.022    0.007   -0.039   -0.021    0.011   -0.179   -0.004
     0.057   -0.127    0.012    0.103   -0.179   -0.005    0.056   -0.102
    -0.004    0.056   -0.035   -0.005    0.056   -0.062   -0.004    0.055
     0.001    0.013    0.104   -0.100   -0.022    0.007   -0.100    0.012
     0.100    0.036   -0.020    0.011    0.036   -0.022    0.007   -0.139
     0.013    0.105   -0.139    0.013    0.105    0.002   -0.022    0.007
     0.002

 ( 53)
    -0.023   -0.083   -0.095   -0.007   -0.108   -0.097   -0.006   -0.129
    -0.129   -0.066   -0.037   -0.129   -0.023   -0.067   -0.068   -0.019
    -0.125   -0.157    0.033   -0.152   -0.068   -0.005   -0.059   -0.006
    -0.019   -0.033    0.000   -0.001   -0.009    0.089   -0.015    0.016
     0.096    0.042   -0.055    0.121   -0.018    0.035    0.121    0.001
    -0.022    0.072   -0.054    0.060    0.072   -0.022   -0.015    0.026
     0.039   -0.105    0.026   -0.002   -0.077   -0.032   -0.063    0.013
    -0.032

 ( 54)
    -0.090    0.038    0.011   -0.100    0.054    0.009   -0.077    0.033
     0.007   -0.086    0.044    0.007   -0.112    0.060    0.013   -0.092
     0.065    0.001   -0.104    0.050    0.013   -0.102    0.022    0.022
    -0.092    0.005    0.024   -0.104   -0.010    0.036   -0.095   -0.027
     0.038   -0.108   -0.015    0.040   -0.117   -0.004    0.040   -0.084
    -0.033    0.035   -0.092   -0.023    0.035   -0.115    0.028    0.026
    -0.106    0.018    0.026   -0.079   -0.001    0.021   -0.088    0.010
     0.021

 ( 55)
    -0.002   -0.045    0.009   -0.016   -0.023   -0.048    0.006    0.024
     0.058    0.012   -0.112    0.058   -0.023   -0.085   -0.094   -0.005
    -0.009    0.002   -0.029    0.041   -0.094   -0.018   -0.065   -0.066
    -0.005   -0.087   -0.014   -0.021   -0.107   -0.089   -0.009   -0.129
    -0.041   -0.035   -0.040   -0.139   -0.029   -0.173   -0.139   -0.002
    -0.070    0.003    0.003   -0.193    0.003   -0.026   -0.131   -0.116
    -0.032    0.003   -0.116    0.003   -0.021    0.036    0.009   -0.155
     0.036

 ( 56)
    -0.034   -0.053    0.108   -0.010   -0.090    0.016   -0.056    0.055
     0.186   -0.048   -0.161    0.186    0.011   -0.192   -0.057   -0.028
    -0.114    0.094    0.004    0.009   -0.057   -0.007   -0.018   -0.011
    -0.028    0.020    0.074   -0.001    0.055   -0.044   -0.021    0.091
     0.035    0.014    0.160   -0.124    0.022   -0.053   -0.124   -0.042
     0.193    0.104   -0.035   -0.002    0.104    0.016   -0.127   -0.090
     0.009    0.088   -0.090   -0.051    0.128    0.153   -0.043   -0.086
     0.153

 ( 57)
    -0.047   -0.045   -0.045   -0.029   -0.072    0.034   -0.083   -0.098
    -0.082   -0.038    0.007   -0.082    0.004   -0.025    0.072   -0.043
    -0.090    0.019   -0.037   -0.123    0.072   -0.027   -0.019   -0.020
    -0.043    0.009   -0.097   -0.023    0.035   -0.071   -0.038    0.062
    -0.144   -0.030   -0.018   -0.032    0.014    0.086   -0.032   -0.070
     0.018   -0.182   -0.030    0.113   -0.182    0.010    0.032    0.020
    -0.035   -0.072    0.020   -0.079   -0.042   -0.136   -0.035    0.062
    -0.136


 ==============================================================================
                      STATISTICAL THERMODYNAMICS ANALYSIS
 ==============================================================================

  Structure name    : butanediamine-H+-tTTT                                       
  Temperature       :   298.16 K
  Symmetry number   :   1
  Optical isomers   :   1
  Zero Point Energy :  110.434 Kcal/mol


                     ENERGY   ENTHALPY    ENTROPY  FREE ENERGY   HEAT CAPACITY
                  (Kcal/mol) (Kcal/mol)     (eu)   (Kcal/mol)    (cal/mol/deg)
  Translational       0.889      1.481     39.357    -10.253         4.967
     Rotational       0.889      0.889     27.319     -7.257         2.980
    Vibrational     113.911%   113.911%    21.071*   107.628%       23.454*
      Potential       4.744#     4.744#     0.000      4.744#        0.000
         Mixing       0.000      0.000      0.000      0.000         0.000
          Total     120.432    121.024     87.747     94.861        31.402

  Enthalpy Function (H-Ho)/T     =   19.61 cal/mol/deg
  Free Energy Function -(G-Ho)/T =   68.14 cal/mol/deg

  % Includes zero point energy (ZPE).
  * Excludes contribution from frequencies lower than 40 (1/cm).
  # Includes steric energy (SE).
    Internal rotation contributions are not considered

  This structure has   0 imaginary frequencies,
                       0 free internal rotation (fir) frequencies
                         (>= 0,< 10 /cm),
                       0 restricted internal rotation (rir) frequencies
                         (>= 10,< 40 /cm),
                       6 zero frequencies, and
                      51 real frequencies.


      FINAL STERIC ENERGY IS      4.7436 KCAL/MOL.


                COMPRESSION       0.2196
                BENDING           1.9860
                BEND-BEND        -0.3064
                STRETCH-BEND      0.1415
                VANDERWAALS
                  1,4 ENERGY      5.8429
                  OTHER           0.0793
                H-BONDING         0.0068
                PI-COMPLX         0.0000

                TORSIONAL        -3.3855
                TORSION-STRETCH  -0.0007
                DIPOLE-DIPOLE     0.0664
                CHARGE-DIPOLE     0.0938
                CHARGE-CHARGE     0.0000

      -----------------------------------------------------------------

      COORDINATES TRANSLATED TO NEW ORIGIN WHICH IS CENTER OF MASS
         C(   1)    -1.82461     0.58322     0.00000   (  1)
        N+(   2)    -3.11534    -0.22648     0.00000   ( 39)
         H(   3)    -1.84781     1.23535    -0.90406   (  5)
         H(   4)    -1.84781     1.23535     0.90406   (  5)
         H(   5)    -3.18433    -0.84598     0.83974   ( 48)
         H(   6)    -3.95897     0.39183     0.00000   ( 48)
         H(   7)    -3.18433    -0.84598    -0.83974   ( 48)
         C(   8)    -0.62246    -0.36392     0.00000   (  1)
         C(   9)     0.71137     0.39514     0.00000   (  1)
         C(  10)     1.91785    -0.55033     0.00000   (  1)
         N(  11)     3.20337     0.15186     0.00000   (  8)
         H(  12)     1.87274    -1.21820    -0.88945   (  5)
         H(  13)     1.87274    -1.21820     0.88945   (  5)
         H(  14)     3.35171     0.73826    -0.81644   ( 23)
         H(  15)     3.35171     0.73826     0.81643   ( 23)
         H(  16)    -0.66691    -1.02637     0.89582   (  5)
         H(  17)    -0.66691    -1.02637    -0.89582   (  5)
         H(  18)     0.75838     1.05775    -0.89455   (  5)
         H(  19)     0.75838     1.05775     0.89455   (  5)

      MOMENT OF INERTIA WITH THE PRINCIPAL AXES

          (1)  UNIT = 10**(-39) GM*CM**2
               IX=    5.7454    IY=   76.1349    IZ=   78.8123

          (2)  UNIT = AU A**2
               IX=   34.6034    IY=  458.5454    IZ=  474.6705



      MOLECULAR POLARIZABILITIES (A**3)
        ALPHA(1)   =      14.69
        ALPHA(2)   =      12.00
        ALPHA(3)   =      10.46
        AVG. ALPHA =      12.39



      DIPOLE MOMENT =          2.625 D


        COMPONENTS WITH PRINCIPAL AXES

                          X = -1.3996    Y = -2.2213    Z =  0.0000


      E (INDP/INDP) =         -0.159 KCAL/MOLE
      DIPOLE MOMENT =          2.795 D (INCLUDES INDUCED BOND MOMENTS)
      *NOTE*  E (INDP/INDP) IS NOT INCLUDED IN THE FINAL STERIC ENERGY

        COMPONENTS WITH PRINCIPAL AXES

                          X = -2.0514    Y = -1.8988    Z =  0.0000



      TOTAL ATOMIC CHARGE ON EACH ATOM (in ELECTRON CHARGE)

           C(    1):          0.428
          N+(    2):         -0.080
           H(    3):          0.011
           H(    4):          0.011
           H(    5):          0.201
           H(    6):          0.201
           H(    7):          0.201
           C(    8):         -0.013
           C(    9):         -0.006
           C(   10):          0.105
           N(   11):         -0.631
           H(   12):          0.014
           H(   13):          0.014
           H(   14):          0.255
           H(   15):          0.255
           H(   16):          0.014
           H(   17):          0.014
           H(   18):          0.005
           H(   19):          0.005

      -----------------------------------------------------------------

        END OF butanediamine-H+-tTTT                                       


           TOTAL CPU TIME IS      0.06 SECONDS.

           THIS JOB COMPLETED AT    19:21:29
