1
               ---------------------------------------------
               WARNING : INCORRECT ATOM TYPES GIVEN IN INPUT
                         DATA ARE CORRECTED AS FOLLOWS
               ---------------------------------------------


             Atom type of atom    1 is replaced by   1 (was   0)
             Atom type of atom    2 is replaced by   1 (was   0)
             Atom type of atom    3 is replaced by   8 (was   0)
             Atom type of atom    4 is replaced by   8 (was   0)
             Atom type of atom    5 is replaced by   5 (was   0)
             Atom type of atom    6 is replaced by   5 (was   0)
             Atom type of atom    7 is replaced by   5 (was   0)
             Atom type of atom    8 is replaced by   5 (was   0)
             Atom type of atom    9 is replaced by  23 (was   0)
             Atom type of atom   10 is replaced by  23 (was   0)
             Atom type of atom   11 is replaced by  23 (was   0)
             Atom type of atom   12 is replaced by  23 (was   0)
1     ethanediamine-tTt                                           

               CHEMICAL FORMULA :  C(   2)  H(   8)  N(   2) 
               FORMULA WEIGHT   :     60.070
                                                               DATE 29-MAY-23
                                                               TIME  19:52:17


          THE COORDINATES OF   12 ATOMS ARE READ IN.
          SOME CONSTANTS WILL BE READ IN.

      CONFORMATIONAL ENERGY, PART 1:  GEOMETRY AND STERIC ENERGY
                                      OF INITIAL CONFORMATION.


      CONNECTED ATOMS
         1-   2-   3-
         1-   4-

      ATTACHED ATOMS
         1-   5,   1-   6,   2-   7,   2-   8,   3-   9,   3-  10,   4-  11,
         4-  12,

      INITIAL ATOMIC COORDINATES
           ATOM         X           Y           Z       TYPE
         C(   1)    -0.57129    -0.50539     0.04768   (  1)
         C(   2)     0.57129     0.50539    -0.04768   (  1)
         N(   3)     1.87358    -0.16226     0.07170   (  8)
         N(   4)    -1.87358     0.16226    -0.07170   (  8)
         H(   5)    -0.47538    -1.23849    -0.78196   (  5)
         H(   6)    -0.43827    -1.11063     0.98358   (  5)
         H(   7)     0.43827     1.11063    -0.98358   (  5)
         H(   8)     0.47538     1.23849     0.78196   (  5)
         H(   9)     2.00154    -0.83717    -0.70238   ( 23)
         H(  10)     2.64173     0.52399    -0.02915   ( 23)
         H(  11)    -2.64173    -0.52399     0.02915   ( 23)
         H(  12)    -2.00154     0.83717     0.70238   ( 23)


          DIELECTRIC CONSTANT =  1.500


      INITIAL STERIC ENERGY IS      2.8043 KCAL/MOL.

                  COMPRESSION       0.8272
                  BENDING           1.2444
                  BEND-BEND         0.0351
                  STRETCH-BEND      0.0068
                  VANDERWAALS
                    1,4 ENERGY      3.4652
                    OTHER           0.1213
                  H-BONDING         0.1625
                  PI-COMPLX         0.0000

                  TORSIONAL        -2.8316
                  TORSION-STRETCH  -0.0016
                  DIPOLE-DIPOLE    -0.2251
                  CHARGE-DIPOLE     0.0000
                  CHARGE-CHARGE     0.0000


      MOLECULAR POLARIZABILITIES (A**3)
        ALPHA(1)   =       9.59
        ALPHA(2)   =       7.37
        ALPHA(3)   =       6.56
        AVG. ALPHA =       7.84



      DIPOLE MOMENT =          0.000 D


      E (INDP/INDP) =          0.447 KCAL/MOLE
      DIPOLE MOMENT =          0.000 D (INCLUDES INDUCED BOND MOMENTS)
      *NOTE*  E (INDP/INDP) IS NOT INCLUDED IN THE INITIAL STERIC ENERGY

      CPU TIME FOR INITIAL CALCULATION IS     0.14 SECONDS.


1     ethanediamine-tTt                                           


     CONFORMATIONAL ENERGY, PART 2: GEOMETRY MINIMIZATION

               GEOMETRY OPTIMIZATION IS CONTINUED UNTIL ATOM
               MOVEMENT CONVERGES WITHIN FOLLOWING VALUES:

                         AVERAGE MOVEMENT  0.00010 A
                         MAXIMUM MOVEMENT  0.00104 A



     <<<<<<<<<<<<<<<<<<<<<<<<<<  C Y C L E   1 >>>>>>>>>>>>>>>>>>>>>>>>>>

                              (CH)-MOVEMENT = 1

       ITER    1   AVG. MOVE = 0.01885 A   (MAX MOVE : ATOM    3   0.12978 A)  
       ITER    2   AVG. MOVE = 0.00507 A   (MAX MOVE : ATOM   10   0.02709 A)  
       ITER    3   AVG. MOVE = 0.00195 A   (MAX MOVE : ATOM    9   0.01192 A)  
       ITER    4   AVG. MOVE = 0.00130 A   (MAX MOVE : ATOM    9   0.00978 A)  
       ITER    5   AVG. MOVE = 0.00099 A   (MAX MOVE : ATOM    9   0.00822 A)  
       ITER    6   AVG. MOVE = 0.00081 A   (MAX MOVE : ATOM    9   0.00685 A)  
       ITER    7   AVG. MOVE = 0.00066 A   (MAX MOVE : ATOM    9   0.00571 A)  
       ITER    8   AVG. MOVE = 0.00054 A   (MAX MOVE : ATOM    9   0.00475 A)  
       ITER    9   AVG. MOVE = 0.00045 A   (MAX MOVE : ATOM    9   0.00396 A)  
       ITER   10   AVG. MOVE = 0.00037 A   (MAX MOVE : ATOM    9   0.00329 A)  
       ITER   11   AVG. MOVE = 0.00031 A   (MAX MOVE : ATOM    9   0.00274 A)  
       ITER   12   AVG. MOVE = 0.00025 A   (MAX MOVE : ATOM    9   0.00229 A)  
       ITER   13   AVG. MOVE = 0.00021 A   (MAX MOVE : ATOM    9   0.00191 A)  
       ITER   14   AVG. MOVE = 0.00017 A   (MAX MOVE : ATOM    9   0.00159 A)  
       ITER   15   AVG. MOVE = 0.00014 A   (MAX MOVE : ATOM    9   0.00133 A)  
       ITER   16   AVG. MOVE = 0.00012 A   (MAX MOVE : ATOM    9   0.00111 A)  
       ITER   17   AVG. MOVE = 0.00010 A   (MAX MOVE : ATOM    9   0.00093 A)  


     <<<<<<<<<<<<<<<<<<<<<<<<<<  C Y C L E   2 >>>>>>>>>>>>>>>>>>>>>>>>>>

                              (CH)-MOVEMENT = 0

       ITER   18   AVG. MOVE = 0.00006 A   (MAX MOVE : ATOM    9   0.00070 A)  


              * * * * * * * * * GEOMETRY IS OPTIMIZED * * * * * * * * *

               WITHIN : AVERAGE MOVEMENT  0.00006 A (LIMIT  0.00010 A)
                        MAXIMUM MOVEMENT  0.00070 A (LIMIT  0.00104 A)

               GRADIENT
                  RMS GRADIENT                0.007638 KCAL/MOL/A

                  MAX GRADIENT
                    X-DIRECTION : ATOM #  10   0.014056 KCAL/MOL/A
                    Y-DIRECTION : ATOM #   3   0.013077 KCAL/MOL/A
                    Z-DIRECTION : ATOM #   1   0.015933 KCAL/MOL/A

        DELTA TIME =    0.00 SEC.       TOTAL CPU TIME =      0.20 SEC.


                            =====================
                            FULL-MATRIX OPTIMIZER
                            =====================


     iter.  rms force   max force   avg. move    max move  atom  convg  d-time

        0    0.010373    0.033702   0.00033 A   0.00277 A    9    [N]     0.0s
        1    0.001557    0.004416   0.00000 A   0.00001 A    8    [N]     0.0s
        2    0.000029    0.000077                                 [Y]     0.0s


      TOTAL ENERGY IS      0.8060 KCAL/MOL.

        COMPRESS    0.1259      VDW 1,4    3.3330      DIPL-DIPL   -0.1853
        BENDING     0.1536        OTHER    0.0514      CHRG-DIPL    0.0000
        STR-BEND    0.0219      TORSION   -2.8536      CHRG-CHRG    0.0000
        BEND-BEND  -0.0071      TOR-STR   -0.0003      EPR          0.0000
        H-BONDING   0.1666      PI-CMPL    0.0000
0     DELTA(T) =     0.0 SEC.          ELAPSED TIME =     0.2 SEC.


    * * * ENERGY IS MINIMIZED WITHIN RMS OF FORCES   0.00003  Kcal/mol/A * * *

                 * * * *  RMS FORCE IS   0.00003 Kcal/mol/A * * * *

1     ethanediamine-tTt                                           

               CHEMICAL FORMULA :  C(   2)  H(   8)  N(   2) 
               FORMULA WEIGHT   :     60.070
                                                               DATE : 29-MAY-23

           * M M 3 * * * * * * * * * * * 2 0 0 0 *
           *                                     *   PARAMETER RELIABILITY
           *                                     *
           *                                     *   BLANK = GOOD
           *                                     *       B = FAIR
           *                                     *       C = TRIAL
           *                                     *       R = READ IN
           *                                     *       S = SUBSTITUTED
           *                                     *       U = PARAMETER NOT EXIST
           *                                     *
           *                                     *   THIS IS SHOWN AT THE END 
           *                                     *   OF THE LINE.
           * * * * * * * * * * * * * * * * * * * * 


      CONFORMATIONAL ENERGY, PART 3:  GEOMETRY AND STERIC ENERGY
                                      OF FINAL CONFORMATION.

      CONNECTED ATOMS
         1-   2-   3-
         1-   4-

      ATTACHED ATOMS
         1-   5,   1-   6,   2-   7,   2-   8,   3-   9,   3-  10,   4-  11,
         4-  12,

      FINAL ATOMIC COORDINATE
           ATOM         X           Y           Z       TYPE
         C(   1)     0.57884     0.49770     0.04926   (  1)
         C(   2)    -0.57884    -0.49770    -0.04926   (  1)
         N(   3)    -1.88361     0.16079     0.06969   (  8)
         N(   4)     1.88361    -0.16079    -0.06969   (  8)
         H(   5)     0.48142     1.25408    -0.76199   (  5)
         H(   6)     0.52175     1.05333     1.02743   (  5)
         H(   7)    -0.52175    -1.05333    -1.02743   (  5)
         H(   8)    -0.48142    -1.25408     0.76199   (  5)
         H(   9)    -2.04341     0.83462    -0.67386   ( 23)
         H(  10)    -2.65319    -0.50125     0.02343   ( 23)
         H(  11)     2.65319     0.50125    -0.02343   ( 23)
         H(  12)     2.04341    -0.83462     0.67386   ( 23)


          DIELECTRIC CONSTANT =  1.500


      BOND LENGTHS AND STRETCHING ENERGY   (   11 BONDS)

        ENERGY = 71.94(KS)(DR)(DR)(1-(CS)(DR)+(7/12)((CS)(DR))**2)
                          DR = R-RO
                          CS =  2.550
                                                         R(0)-CORR        CORR
          BOND        LENGTH   R(0)    K(S)  ENERGY   E-NEG   MISCEL       KS
    C(   1)- C(   2)  1.5300  1.5166  4.490  0.0558 -0.0081                     
    C(   1)- N(   4)  1.4663  1.4577  5.300  0.0277  0.0097                     
    C(   1)- H(   5)  1.1134  1.1106  4.724  0.0026 -0.0015  0.0002  BH  0.044  
    C(   1)- H(   6)  1.1264  1.1231  4.318  0.0034 -0.0015  0.0126  BH -0.362  
    C(   2)- N(   3)  1.4663  1.4577  5.300  0.0277  0.0097                     
    C(   2)- H(   7)  1.1264  1.1231  4.318  0.0034 -0.0015  0.0126  BH -0.362  
    C(   2)- H(   8)  1.1134  1.1106  4.724  0.0026 -0.0015  0.0002  BH  0.044  
    N(   3)- H(   9)  1.0161  1.0150  6.420  0.0006                             
    N(   3)- H(  10)  1.0162  1.0150  6.420  0.0007                             
    N(   4)- H(  11)  1.0162  1.0150  6.420  0.0007                             
    N(   4)- H(  12)  1.0161  1.0150  6.420  0.0006                             


      NON-BONDED DISTANCES, VDW AND EPR ENERGY   (     37 PAIRS)

              E(VDW) = KV*(1.84(10**5)EXP(-12.00/P) - 2.25(P**6))
              E(EPR) = C*KV*(1.84(10**5)EXP(-12.00/Q) - 2.25(Q**6))
              E(HBD) = EP1-EP2*COS(THETA)*RTH/RTH0
                            EP1 = KHB*1.84(10**5)*EXP(-12.0/P)
                            EP2 = KHB*2.25(P**6)

            IF P > 3.020, THEN,
              E(VDW) = KV(192.270)(P**2)
              E(HBD) = EP1-EP2*COS(THETA)*RTH/RTH0
                            EP1 = KHB*(192.270*P**2+1706.96)
                            EP2 = KHB*1706.96

               WHERE   RV = RVDW(I) + RVDW(K)
                       KV = SQRT(EPS(I)*EPS(K))
                      KHB = EPS/DIELEC  FOR HYDROGEN BOND
                        P = (RV/R) OR (RV/R#)
                        C = SCALE FACTOR
                        Q = RV/R, WHERE R IS MODIFIED DISTANCE
                    THETA = ANGLE H-X-Y IN HYDROGEN BOND X-H...Y
                      RTH = BOND LENGTH X-H IN X-H...Y
                     RTH0 = NATURAL BOND LENGTH X-H

          # IN THE VDW CALCULATIONS THE HYDROGEN ATOMS ARE RELOCATED
          SO THAT THE ATTACHED HYDROGEN DISTANCE IS REDUCED BY 0.923

          # IN THE VDW CALCULATIONS THE DEUTERIUM ATOMS ARE RELOCATED
          SO THAT THE ATTACHED DEUTERIUM DISTANCE IS REDUCED BY  0.923

         ATOM PAIR          R       R#       RV      KV       ENERGY
      C(   1), N(   3)   2.4855
      C(   1), H(   7)   2.1855
      C(   1), H(   8)   2.1682
      C(   1), H(   9)   2.7409   2.7086   3.640   0.0220     0.2450  1,4       
      C(   1), H(  10)   3.3830   3.3114   3.640   0.0220    -0.0139  1,4       
      C(   1), H(  11)   2.0756
      C(   1), H(  12)   2.0761
      C(   2), N(   4)   2.4855
      C(   2), H(   5)   2.1682
      C(   2), H(   6)   2.1855
      C(   2), H(   9)   2.0761
      C(   2), H(  10)   2.0756
      C(   2), H(  11)   3.3830   3.3114   3.640   0.0220    -0.0139  1,4       
      C(   2), H(  12)   2.7409   2.7086   3.640   0.0220     0.2450  1,4       
      N(   3), N(   4)   3.7835            3.860   0.0430    -0.0474  1,4       
      N(   3), H(   5)   2.7350   2.7004   3.550   0.0293     0.2453  1,4       
      N(   3), H(   6)   2.7385   2.7033   3.550   0.0293     0.2418  1,4       
      N(   3), H(   7)   2.1289
      N(   3), H(   8)   2.1089
      N(   3), H(  11)   4.5505   4.4879   2.400   2.2800     0.0559    H       
      N(   3), H(  12)   4.0960   4.0638   2.400   2.2800     0.0274    H       
      N(   4), H(   5)   2.1089
      N(   4), H(   6)   2.1289
      N(   4), H(   7)   2.7385   2.7033   3.550   0.0293     0.2418  1,4       
      N(   4), H(   8)   2.7350   2.7004   3.550   0.0293     0.2453  1,4       
      N(   4), H(   9)   4.0960   4.0638   2.400   2.2800     0.0274    H       
      N(   4), H(  10)   4.5505   4.4879   2.400   2.2800     0.0559    H       
      H(   5), H(   6)   1.8011
      H(   5), H(   7)   2.5300   2.4418   3.240   0.0200     0.1892  1,4       
      H(   5), H(   8)   3.0888   2.9383   3.240   0.0200    -0.0118  1,4       
      H(   5), H(   9)   2.5610   2.5550   3.220   0.0190     0.0846            
      H(   5), H(  10)   3.6775   3.5695   3.220   0.0190    -0.0172            
      H(   5), H(  11)   2.4143   2.3322   3.220   0.0190     0.2908  1,4       
      H(   5), H(  12)   2.9773   2.8329   3.220   0.0190    -0.0013  1,4       
      H(   6), H(   7)   3.1224   2.9695   3.240   0.0200    -0.0144  1,4       
      H(   6), H(   8)   2.5300   2.4418   3.240   0.0200     0.1892  1,4       
      H(   6), H(   9)   3.0858   3.0087   3.220   0.0190    -0.0170            
      H(   6), H(  10)   3.6749   3.5672   3.220   0.0190    -0.0172            
      H(   6), H(  11)   2.4397   2.3555   3.220   0.0190     0.2592  1,4       
      H(   6), H(  12)   2.4505   2.3650   3.220   0.0190     0.2471  1,4       
      H(   7), H(   8)   1.8011
      H(   7), H(   9)   2.4505   2.3650   3.220   0.0190     0.2471  1,4       
      H(   7), H(  10)   2.4397   2.3555   3.220   0.0190     0.2592  1,4       
      H(   7), H(  11)   3.6749   3.5672   3.220   0.0190    -0.0172            
      H(   7), H(  12)   3.0858   3.0087   3.220   0.0190    -0.0170            
      H(   8), H(   9)   2.9773   2.8329   3.220   0.0190    -0.0013  1,4       
      H(   8), H(  10)   2.4143   2.3322   3.220   0.0190     0.2908  1,4       
      H(   8), H(  11)   3.6775   3.5695   3.220   0.0190    -0.0172            
      H(   8), H(  12)   2.5610   2.5550   3.220   0.0190     0.0846            
      H(   9), H(  10)   1.6256
      H(   9), H(  11)   4.7531   4.6743   3.200   0.0180    -0.0041            
      H(   9), H(  12)   4.6157   4.5247   3.200   0.0180    -0.0049            
      H(  10), H(  11)   5.4005   5.2657   3.200   0.0180    -0.0020            
      H(  10), H(  12)   4.7531   4.6743   3.200   0.0180    -0.0041            
      H(  11), H(  12)   1.6256


      BOND ANGLES, BENDING AND STRETCH-BEND ENERGIES   (   18 ANGLES)

          EB = 0.021914(KB)(DT)(DT)(1+CF*DT+QF*DT**2+PF*DT**3+SF*DT**4)
                          DT = THETA-TZERO
                          CF = -1400.000E-5
                          QF =     5.600E-5
                          PF =    -0.070E-5
                          SF =     0.022E-6
          ESB(J) = 2.51124(KSB(J))(DT)(DR1+DR2)
                          DR(I) = R(I) - R0(I)
          EBDBD  = -0.02191418(KBB1)(DT1)(KBB2)(DT2)

          A T O M S            THETA    TZERO     KB     EB     KSB    ESB
   C(   2)- C(   1)- N(   4)  112.080  111.000  0.780  0.0196  0.13  0.0078     
   C(   2)- C(   1)- H(   5)  109.199  109.310  0.590  0.0002  0.08 -0.0004     
   C(   2)- C(   1)- H(   6)  109.785  109.310  0.590  0.0029  0.08  0.0016     
   N(   4)- C(   1)- H(   5)  108.894  109.300  0.820  0.0030  0.08 -0.0009     
   N(   4)- C(   1)- H(   6)  109.698  109.300  0.820  0.0028  0.08  0.0010     
   H(   5)- C(   1)- H(   6)  107.050  107.600  0.550  0.0037                   
   C(   1)- C(   2)- N(   3)  112.080  111.000  0.780  0.0196  0.13  0.0078     
   C(   1)- C(   2)- H(   7)  109.785  109.310  0.590  0.0029  0.08  0.0016     
   C(   1)- C(   2)- H(   8)  109.199  109.310  0.590  0.0002  0.08 -0.0004     
   N(   3)- C(   2)- H(   7)  109.698  109.300  0.820  0.0028  0.08  0.0010     
   N(   3)- C(   2)- H(   8)  108.894  109.300  0.820  0.0030  0.08 -0.0009     
   H(   7)- C(   2)- H(   8)  107.050  107.600  0.550  0.0037                   
   C(   2)- N(   3)- H(   9)  112.234  110.900  0.600  0.0230  0.03  0.0010     
   C(   2)- N(   3)- H(  10)  112.185  110.900  0.600  0.0213  0.03  0.0010     
   H(   9)- N(   3)- H(  10)  106.238  106.400  0.605  0.0004                   
   C(   1)- N(   4)- H(  11)  112.185  110.900  0.600  0.0213  0.03  0.0010     
   C(   1)- N(   4)- H(  12)  112.234  110.900  0.600  0.0230  0.03  0.0010     
   H(  11)- N(   4)- H(  12)  106.238  106.400  0.605  0.0004                   


     DIHEDRAL ANGLES, TORSIONAL ENERGY (ET)   (   21 ANGLES)

           ET = (V1/2)(1+COS(W))+(V2/2)(1-COS(2W))+(V3/2)(1+COS(3W))

           ETS = -11.995*(R-R0)((KTS1/2)(1+COS(W))+
                                (KTS2/2)(1-COS(2W)+
                                (KTS3/2)(1+COS(3W))

           SIGN OF ANGLE A-B-C-D : WHEN LOOKING THROUGH B TOWARD C,
           IF D IS COUNTERCLOCKWISE FROM A, NEGATIVE.

         A T O M S               OMEGA    V1     V2     V3     ET   KTS3   ETS
 C(   1) C(   2) N(   3) H(   9)  61.6  0.073 -0.422  0.327 -0.272 0.061 0.000  
 C(   1) C(   2) N(   3) H(  10)-178.8  0.073 -0.422  0.327  0.000 0.061 0.000  
 C(   2) C(   1) N(   4) H(  11) 178.8  0.073 -0.422  0.327  0.000 0.061 0.000  
 C(   2) C(   1) N(   4) H(  12) -61.6  0.073 -0.422  0.327 -0.272 0.061 0.000  
 N(   3) C(   2) C(   1) N(   4)-180.0  0.000 -0.900  1.700  0.000 0.059 0.000  
 N(   3) C(   2) C(   1) H(   5) -59.3  0.000  0.000  0.374  0.000 0.059 0.000  
 N(   3) C(   2) C(   1) H(   6)  57.8  0.000  0.000  0.374  0.001 0.059 0.000  
 N(   4) C(   1) C(   2) H(   7) -57.8  0.000  0.000  0.374  0.001 0.059 0.000  
 N(   4) C(   1) C(   2) H(   8)  59.3  0.000  0.000  0.374  0.000 0.059 0.000  
 H(   5) C(   1) C(   2) H(   7)  62.9  0.000  0.000  0.238  0.001 0.059 0.000  
 H(   5) C(   1) C(   2) H(   8)-180.0  0.000  0.000  0.238  0.000 0.059 0.000  
 H(   5) C(   1) N(   4) H(  11)  57.9  0.121 -0.648  0.199 -0.372 0.061 0.000  
 H(   5) C(   1) N(   4) H(  12) 177.4  0.121 -0.648  0.199  0.000 0.061 0.000  
 H(   6) C(   1) C(   2) H(   7)-180.0  0.000  0.000  0.238  0.000 0.059 0.000  
 H(   6) C(   1) C(   2) H(   8) -62.9  0.000  0.000  0.238  0.001 0.059 0.000  
 H(   6) C(   1) N(   4) H(  11) -58.9  0.121 -0.648  0.199 -0.384 0.061 0.000  
 H(   6) C(   1) N(   4) H(  12)  60.6  0.121 -0.648  0.199 -0.402 0.061 0.000  
 H(   7) C(   2) N(   3) H(   9) -60.6  0.121 -0.648  0.199 -0.402 0.061 0.000  
 H(   7) C(   2) N(   3) H(  10)  58.9  0.121 -0.648  0.199 -0.384 0.061 0.000  
 H(   8) C(   2) N(   3) H(   9)-177.4  0.121 -0.648  0.199  0.000 0.061 0.000  
 H(   8) C(   2) N(   3) H(  10) -57.9  0.121 -0.648  0.199 -0.372 0.061 0.000  

     DIPOLE-DIPOLE INTERACTION ENERGY  (DIELECTRIC CONSTANT = 1.50)

          E = 14.388*MU1*MU2*(COSX-3*COSA*COSB)/(R12**3*DIELC)

               MU1 = BOND MOM OF BOND 1
               MU2 = BOND MOM OF BOND 2
               R12 = DISTANCE BETWEEN MID-POINTS OF TWO BONDS.

        BOND(1)       MU1           BOND(2)       MU2      R12        E
   C(   1)- N(   4)  0.680   + C(   2)- N(   3)  0.680   2.4855    0.2958       
   C(   1)- N(   4)  0.680   + N(   3)- H(   9) -1.340   3.2249   -0.1098       
   C(   1)- N(   4)  0.680   + N(   3)- H(  10) -1.340   3.5164   -0.3391       
   C(   2)- N(   3)  0.680   + N(   4)- H(  11) -1.340   3.5164   -0.3391       
   C(   2)- N(   3)  0.680   + N(   4)- H(  12) -1.340   3.2249   -0.1098       
   N(   3)- H(   9) -1.340   + N(   4)- H(  11) -1.340   4.2522    0.1820       
   N(   3)- H(   9) -1.340   + N(   4)- H(  12) -1.340   4.0960   -0.1181       
   N(   3)- H(  10) -1.340   + N(   4)- H(  11) -1.340   4.5505    0.1706       
   N(   3)- H(  10) -1.340   + N(   4)- H(  12) -1.340   4.2522    0.1820       


 ==============================================================================
                        NORMAL MODE VIBRATIONAL ANALYSIS
 ==============================================================================


             Molecular Shape : ASYMMETRIC ROTOR WITH KAPPA =-0.979451
        Symmetry Point Group : Ci  
             Symmetry Number :  1
                   Chirality :  no



0       FUNDAMENTAL NORMAL VIBRATIONAL FREQUENCIES
                ( THEORETICALLY  30 VALUES )

             Frequency :  in 1/cm
             A(i)      :  IR intensity (vs,s,m,w,vw,-- or in 10**6 cm/mole)
             A(i) = -- :  IR inactive


             no       Frequency   Symmetry      A(i)

             1.          3422.6     (Au  )       vs
             2.          3422.5     (Ag  )       vw
             3.          3362.2     (Au  )       vs
             4.          3362.2     (Ag  )       vw
             5.          2916.4     (Au  )        m
             6.          2916.1     (Ag  )       vw
             7.          2777.5     (Ag  )       --
             8.          2772.7     (Au  )        m
             9.          1641.7     (Ag  )       --
            10.          1624.1     (Au  )       vs
            11.          1578.0     (Ag  )       --
            12.          1505.9     (Au  )        m
            13.          1435.8     (Ag  )       --
            14.          1394.0     (Au  )        w
            15.          1348.8     (Au  )        w
            16.          1316.6     (Ag  )       --
            17.          1159.9     (Ag  )       --
            18.          1115.4     (Au  )        m
            19.          1085.5     (Ag  )       --
            20.          1071.6     (Au  )        m
            21.          1009.9     (Ag  )       --
            22.           906.7     (Ag  )       --
            23.           867.4     (Au  )       vs
            24.           803.5     (Ag  )       --
            25.           795.5     (Au  )       vs
            26.           416.2     (Ag  )       --
            27.           321.0     (Au  )        w
            28.           256.4     (Ag  )       --
            29.           239.1     (Au  )        s
            30.           155.2     (Au  )        w
            31.     (       0.0)    (t/r )
            32.     (       0.0)    (t/r )
            33.     (       0.0)    (t/r )
            34.     (       0.0)    (t/r )
            35.     (       0.0)    (t/r )
            36.     (       0.0)    (t/r )


0       CORRESPONDING EIGEN VECTOR MATRIX   36 BY  36



 (  1)
     0.001    0.000    0.000    0.001    0.000    0.000   -0.020   -0.045
     0.024   -0.021   -0.046    0.024   -0.005    0.003    0.000    0.000
     0.000    0.001    0.000    0.000    0.001   -0.005    0.003    0.000
    -0.073    0.314   -0.347    0.352    0.305    0.021    0.361    0.313
     0.022   -0.075    0.322   -0.356

 (  2)
     0.000   -0.001    0.000    0.000    0.001    0.000   -0.021   -0.046
     0.024    0.020    0.045   -0.024    0.005   -0.002   -0.001    0.000
     0.001    0.000    0.000   -0.001    0.000   -0.005    0.002    0.001
    -0.075    0.322   -0.356    0.361    0.312    0.022   -0.352   -0.305
    -0.021    0.073   -0.314    0.347

 (  3)
    -0.002    0.001    0.000   -0.002    0.001    0.000    0.034   -0.001
     0.027    0.035   -0.001    0.028    0.000   -0.003    0.004    0.005
    -0.005   -0.004    0.005   -0.005   -0.004    0.000   -0.003    0.004
    -0.085    0.311   -0.347   -0.370   -0.306   -0.028   -0.381   -0.315
    -0.029   -0.087    0.320   -0.357

 (  4)
     0.002   -0.001    0.000   -0.002    0.001    0.000    0.035   -0.001
     0.028   -0.034    0.001   -0.027   -0.001    0.003   -0.004   -0.005
     0.004    0.004    0.005   -0.004   -0.004    0.001   -0.003    0.004
    -0.087    0.320   -0.357   -0.381   -0.315   -0.029    0.370    0.306
     0.028    0.085   -0.311    0.347

 (  5)
    -0.006    0.034   -0.050   -0.006    0.034   -0.050    0.001   -0.001
     0.000    0.001   -0.001    0.000    0.053   -0.458    0.470    0.000
     0.059    0.118    0.000    0.059    0.118    0.053   -0.459    0.472
     0.005   -0.003    0.000    0.001    0.006    0.000    0.001    0.006
     0.000    0.005   -0.003    0.000

 (  6)
     0.004   -0.038    0.049   -0.004    0.037   -0.049    0.000   -0.001
     0.000    0.000    0.001    0.000   -0.062    0.458   -0.477    0.005
    -0.040   -0.096   -0.005    0.040    0.095    0.062   -0.456    0.476
     0.005   -0.004    0.001   -0.001    0.006    0.000    0.001   -0.006
     0.000   -0.005    0.004   -0.001

 (  7)
    -0.004    0.040    0.043    0.004   -0.040   -0.043   -0.001    0.001
     0.001    0.001   -0.001   -0.001    0.012   -0.091    0.069    0.039
    -0.343   -0.568   -0.039    0.343    0.568   -0.012    0.091   -0.069
     0.002    0.003   -0.006    0.000   -0.008   -0.001    0.000    0.008
     0.001   -0.002   -0.003    0.006

 (  8)
     0.006   -0.039   -0.040    0.006   -0.039   -0.040   -0.002    0.001
     0.001   -0.002    0.001    0.001   -0.019    0.109   -0.093   -0.032
     0.345    0.563   -0.032    0.345    0.563   -0.019    0.109   -0.093
     0.002    0.003   -0.006   -0.001   -0.010   -0.001   -0.001   -0.010
    -0.001    0.002    0.003   -0.006

 (  9)
    -0.088    0.008    0.008    0.088   -0.008   -0.008   -0.061    0.015
    -0.009    0.061   -0.015    0.009    0.190   -0.019   -0.059    0.188
    -0.024    0.056   -0.188    0.024   -0.056   -0.190    0.019    0.059
     0.346    0.146    0.006    0.132   -0.249    0.219   -0.132    0.249
    -0.219   -0.346   -0.146   -0.006

 ( 10)
    -0.031    0.011    0.008   -0.031    0.011    0.008    0.059   -0.016
     0.014    0.059   -0.016    0.014    0.086   -0.018   -0.043    0.070
    -0.024    0.048    0.070   -0.024    0.048    0.086   -0.018   -0.043
    -0.419   -0.182   -0.017   -0.183    0.307   -0.273   -0.183    0.307
    -0.273   -0.419   -0.182   -0.017

 ( 11)
     0.107    0.004   -0.001   -0.107   -0.004    0.001   -0.007    0.009
    -0.015    0.007   -0.009    0.015   -0.307    0.041    0.089   -0.252
     0.055   -0.054    0.252   -0.055    0.054    0.307   -0.041   -0.089
     0.258    0.126    0.026    0.158   -0.199    0.182   -0.158    0.199
    -0.182   -0.258   -0.126   -0.026

 ( 12)
    -0.083    0.024    0.008   -0.083    0.024    0.008    0.012    0.007
    -0.010    0.012    0.007   -0.010    0.351   -0.165   -0.242    0.290
    -0.202    0.180    0.290   -0.202    0.180    0.351   -0.165   -0.242
     0.103    0.064    0.019    0.085   -0.079    0.084    0.085   -0.079
     0.084    0.103    0.064    0.019

 ( 13)
     0.043    0.069    0.007   -0.043   -0.069   -0.007    0.005    0.003
    -0.001   -0.005   -0.003    0.001   -0.040   -0.290   -0.351   -0.014
    -0.356    0.277    0.014    0.356   -0.277    0.040    0.290    0.351
    -0.030    0.001    0.004    0.036   -0.032   -0.006   -0.036    0.032
     0.006    0.030   -0.001   -0.004

 ( 14)
    -0.051   -0.057    0.005   -0.051   -0.057    0.005    0.007    0.010
    -0.009    0.007    0.010   -0.009    0.355    0.246    0.264    0.126
     0.313   -0.214    0.126    0.313   -0.214    0.355    0.246    0.264
    -0.029    0.024    0.008    0.057   -0.045    0.009    0.057   -0.045
     0.009   -0.029    0.024    0.008

 ( 15)
     0.021    0.005    0.040    0.021    0.005    0.040   -0.002    0.001
    -0.031   -0.002    0.001   -0.031    0.373   -0.079   -0.074   -0.550
    -0.025    0.035   -0.550   -0.025    0.035    0.373   -0.079   -0.074
    -0.039    0.029   -0.005    0.001   -0.005   -0.006    0.001   -0.005
    -0.006   -0.039    0.029   -0.005

 ( 16)
     0.010    0.002    0.005   -0.010   -0.002   -0.005   -0.001   -0.001
     0.031    0.001    0.001   -0.031    0.473    0.008   -0.049   -0.503
     0.006   -0.029    0.503   -0.006    0.029   -0.473   -0.008    0.049
     0.027   -0.018    0.016    0.013   -0.016    0.019   -0.013    0.016
    -0.019   -0.027    0.018   -0.016

 ( 17)
    -0.016   -0.077    0.034    0.016    0.077   -0.034   -0.011   -0.047
     0.022    0.011    0.047   -0.022   -0.117   -0.195   -0.051   -0.086
    -0.050    0.012    0.086    0.050   -0.012    0.117    0.195    0.051
     0.369   -0.105   -0.108   -0.278    0.260    0.047    0.278   -0.260
    -0.047   -0.369    0.105    0.108

 ( 18)
     0.011   -0.037    0.015    0.011   -0.037    0.015    0.005    0.056
    -0.017    0.005    0.056   -0.017   -0.101   -0.093   -0.015    0.017
    -0.043    0.017    0.017   -0.043    0.017   -0.101   -0.093   -0.015
    -0.427    0.110    0.121    0.318   -0.304   -0.063    0.318   -0.304
    -0.063   -0.427    0.110    0.121

 ( 19)
     0.089   -0.050   -0.029   -0.089    0.050    0.029    0.077   -0.071
    -0.030   -0.077    0.071    0.030    0.292    0.022    0.019    0.274
    -0.077   -0.010   -0.274    0.077    0.010   -0.292   -0.022   -0.019
     0.090    0.042    0.075    0.020   -0.014    0.118   -0.020    0.014
    -0.118   -0.090   -0.042   -0.075

 ( 20)
    -0.099    0.053    0.018   -0.099    0.053    0.018    0.103   -0.057
    -0.032    0.103   -0.057   -0.032   -0.216    0.054    0.026   -0.169
     0.107   -0.010   -0.169    0.107   -0.010   -0.216    0.054    0.026
     0.031    0.071    0.105    0.106   -0.068    0.115    0.106   -0.068
     0.115    0.031    0.071    0.105

 ( 21)
    -0.049   -0.034   -0.121    0.049    0.034    0.121   -0.008   -0.004
    -0.038    0.008    0.004    0.038   -0.086    0.197    0.097   -0.159
    -0.380    0.062    0.159    0.380   -0.062    0.086   -0.197   -0.097
    -0.034    0.086    0.046   -0.075    0.065    0.095    0.075   -0.065
    -0.095    0.034   -0.086   -0.046

 ( 22)
    -0.048   -0.123    0.030    0.048    0.123   -0.030    0.032   -0.002
    -0.017   -0.032    0.002    0.017   -0.091   -0.275   -0.101   -0.107
     0.009   -0.055    0.107   -0.009    0.055    0.091    0.275    0.101
    -0.231    0.120    0.153    0.170   -0.166    0.052   -0.170    0.166
    -0.052    0.231   -0.120   -0.153

 ( 23)
    -0.037    0.011   -0.054   -0.037    0.011   -0.054    0.017    0.020
     0.062    0.017    0.020    0.062    0.026    0.217    0.133   -0.141
    -0.244    0.086   -0.141   -0.244    0.086    0.026    0.217    0.133
     0.122   -0.219   -0.176    0.197   -0.167   -0.258    0.197   -0.167
    -0.258    0.122   -0.219   -0.176

 ( 24)
    -0.008    0.059    0.030    0.008   -0.059   -0.030   -0.011   -0.022
    -0.047    0.011    0.022    0.047   -0.003   -0.033   -0.059   -0.038
     0.159   -0.030    0.038   -0.159    0.030    0.003    0.033    0.059
    -0.129    0.281    0.254   -0.240    0.220    0.323    0.240   -0.220
    -0.323    0.129   -0.281   -0.254

 ( 25)
    -0.019   -0.003    0.046   -0.019   -0.003    0.046    0.003    0.020
     0.019    0.003    0.020    0.019   -0.066   -0.292   -0.225    0.002
     0.342   -0.157    0.002    0.342   -0.157   -0.066   -0.292   -0.225
     0.140   -0.211   -0.223    0.106   -0.084   -0.204    0.106   -0.084
    -0.204    0.140   -0.212   -0.223

 ( 26)
    -0.076    0.055    0.009    0.076   -0.055   -0.009    0.151    0.017
     0.002   -0.151   -0.017   -0.002   -0.083    0.045    0.001   -0.083
     0.034    0.021    0.083   -0.034   -0.021    0.083   -0.045   -0.001
     0.186    0.003   -0.019    0.109    0.066    0.039   -0.109   -0.066
    -0.039   -0.185   -0.003    0.019

 ( 27)
    -0.049   -0.117   -0.013   -0.049   -0.117   -0.013    0.054    0.095
     0.007    0.054    0.095    0.007   -0.108   -0.109    0.001   -0.115
    -0.115   -0.017   -0.115   -0.115   -0.017   -0.109   -0.109    0.000
     0.120    0.075   -0.026   -0.064    0.226    0.108   -0.064    0.226
     0.108    0.120    0.075   -0.026

 ( 28)
     0.004   -0.012    0.054   -0.004    0.012   -0.054    0.006    0.025
    -0.013   -0.006   -0.025    0.013    0.017    0.058    0.118    0.004
    -0.087    0.097   -0.004    0.087   -0.097   -0.017   -0.058   -0.118
    -0.193   -0.301   -0.266    0.012   -0.015    0.463   -0.012    0.015
    -0.463    0.193    0.301    0.266

 ( 29)
    -0.006   -0.015    0.020   -0.006   -0.015    0.020   -0.007   -0.013
    -0.003   -0.007   -0.013   -0.003   -0.019   -0.018    0.017    0.010
    -0.004    0.014    0.010   -0.004    0.014   -0.019   -0.018    0.017
     0.202    0.339    0.272   -0.022    0.039   -0.502   -0.022    0.039
    -0.502    0.202    0.339    0.272

 ( 30)
    -0.001    0.008   -0.114   -0.001    0.008   -0.114    0.007   -0.016
     0.104    0.007   -0.016    0.104    0.084   -0.082   -0.209   -0.094
     0.119   -0.183   -0.094    0.119   -0.183    0.084   -0.082   -0.209
    -0.069    0.098    0.223    0.004   -0.012    0.083    0.004   -0.012
     0.083   -0.069    0.098    0.223

 ( 31)
    -0.024   -0.002    0.028    0.004   -0.021   -0.103   -0.013   -0.083
     0.062   -0.008    0.061   -0.136   -0.078    0.138    0.165   -0.005
    -0.175    0.128   -0.016    0.153   -0.203    0.058   -0.160   -0.240
    -0.062    0.043    0.186    0.006   -0.099   -0.026   -0.027    0.077
    -0.049    0.041   -0.065   -0.261

 ( 32)
    -0.004    0.006    0.062    0.037   -0.026   -0.085    0.006   -0.077
    -0.140    0.027    0.057    0.118    0.031    0.053    0.102   -0.094
    -0.057    0.093    0.127    0.037   -0.116    0.002   -0.074   -0.125
     0.039   -0.036   -0.110    0.031   -0.100   -0.239    0.002    0.079
     0.216   -0.006    0.016    0.087

 ( 33)
     0.117   -0.071   -0.026    0.086   -0.034   -0.043    0.107    0.003
    -0.024    0.096   -0.108   -0.045    0.137   -0.051   -0.009    0.137
    -0.091   -0.013    0.066   -0.014   -0.056    0.066   -0.055   -0.060
     0.124    0.024   -0.009    0.086    0.027   -0.036    0.117   -0.133
    -0.033    0.078   -0.129   -0.060

 ( 34)
    -0.054   -0.086   -0.078   -0.035   -0.117    0.012   -0.047   -0.133
    -0.040   -0.042   -0.071   -0.026   -0.072   -0.158   -0.142   -0.062
    -0.003   -0.125   -0.028   -0.200    0.059   -0.017   -0.046    0.076
    -0.063   -0.200   -0.097   -0.035   -0.152    0.019   -0.054   -0.052
    -0.086   -0.026   -0.004    0.031

 ( 35)
     0.028    0.078   -0.101    0.077    0.007    0.027    0.045   -0.047
    -0.021    0.060    0.132   -0.053   -0.026   -0.015   -0.181    0.016
     0.180   -0.160    0.089   -0.096    0.086    0.131    0.099    0.106
    -0.003   -0.136   -0.091    0.079   -0.093    0.064    0.026    0.177
    -0.138    0.108    0.221    0.017

 ( 36)
    -0.022    0.023   -0.105   -0.049    0.055   -0.109   -0.032    0.093
    -0.134   -0.039   -0.016   -0.080    0.011    0.017   -0.114   -0.019
     0.035   -0.111   -0.052    0.043   -0.103   -0.082    0.061   -0.100
    -0.002    0.090   -0.144   -0.050    0.115   -0.138   -0.021   -0.038
    -0.076   -0.069   -0.013   -0.070


 ==============================================================================
                      STATISTICAL THERMODYNAMICS ANALYSIS
 ==============================================================================

  Structure name    : ethanediamine-tTt                                           
  Temperature       :   298.16 K
  Symmetry number   :   1
  Optical isomers   :   1
  Zero Point Energy :   67.190 Kcal/mol


                     ENERGY   ENTHALPY    ENTROPY  FREE ENERGY   HEAT CAPACITY
                  (Kcal/mol) (Kcal/mol)     (eu)   (Kcal/mol)    (cal/mol/deg)
  Translational       0.889      1.481     38.182     -9.903         4.967
     Rotational       0.889      0.889     24.303     -6.358         2.980
    Vibrational      68.917%    68.917%     9.471*    66.094%       12.984*
      Potential       0.806#     0.806#     0.000      0.806#        0.000
         Mixing       0.000      0.000      0.000      0.000         0.000
          Total      71.501     72.093     71.956     50.639        20.932

  Enthalpy Function (H-Ho)/T     =   13.74 cal/mol/deg
  Free Energy Function -(G-Ho)/T =   58.21 cal/mol/deg

  % Includes zero point energy (ZPE).
  * Excludes contribution from frequencies lower than 40 (1/cm).
  # Includes steric energy (SE).
    Internal rotation contributions are not considered

  This structure has   0 imaginary frequencies,
                       0 free internal rotation (fir) frequencies
                         (>= 0,< 10 /cm),
                       0 restricted internal rotation (rir) frequencies
                         (>= 10,< 40 /cm),
                       6 zero frequencies, and
                      30 real frequencies.


      FINAL STERIC ENERGY IS      0.8060 KCAL/MOL.


                COMPRESSION       0.1259
                BENDING           0.1536
                BEND-BEND        -0.0071
                STRETCH-BEND      0.0219
                VANDERWAALS
                  1,4 ENERGY      3.3330
                  OTHER           0.0514
                H-BONDING         0.1666
                PI-COMPLX         0.0000

                TORSIONAL        -2.8536
                TORSION-STRETCH  -0.0003
                DIPOLE-DIPOLE    -0.1853
                CHARGE-DIPOLE     0.0000
                CHARGE-CHARGE     0.0000

      -----------------------------------------------------------------

      COORDINATES TRANSLATED TO NEW ORIGIN WHICH IS CENTER OF MASS
         C(   1)     0.57884     0.49770     0.04926   (  1)
         C(   2)    -0.57884    -0.49770    -0.04926   (  1)
         N(   3)    -1.88361     0.16079     0.06969   (  8)
         N(   4)     1.88361    -0.16079    -0.06969   (  8)
         H(   5)     0.48142     1.25408    -0.76199   (  5)
         H(   6)     0.52175     1.05333     1.02743   (  5)
         H(   7)    -0.52175    -1.05333    -1.02743   (  5)
         H(   8)    -0.48142    -1.25408     0.76199   (  5)
         H(   9)    -2.04341     0.83462    -0.67386   ( 23)
         H(  10)    -2.65319    -0.50125     0.02343   ( 23)
         H(  11)     2.65319     0.50125    -0.02343   ( 23)
         H(  12)     2.04341    -0.83462     0.67386   ( 23)

      MOMENT OF INERTIA WITH THE PRINCIPAL AXES

          (1)  UNIT = 10**(-39) GM*CM**2
               IX=    3.0545    IY=   22.4880    IZ=   24.0783

          (2)  UNIT = AU A**2
               IX=   18.3968    IY=  135.4407    IZ=  145.0185



      MOLECULAR POLARIZABILITIES (A**3)
        ALPHA(1)   =       9.38
        ALPHA(2)   =       7.14
        ALPHA(3)   =       6.35
        AVG. ALPHA =       7.62



      DIPOLE MOMENT =          0.000 D


        COMPONENTS WITH PRINCIPAL AXES

                          X =  0.0000    Y =  0.0000    Z =  0.0000


      E (INDP/INDP) =          0.502 KCAL/MOLE
      DIPOLE MOMENT =          0.000 D (INCLUDES INDUCED BOND MOMENTS)
      *NOTE*  E (INDP/INDP) IS NOT INCLUDED IN THE FINAL STERIC ENERGY

        COMPONENTS WITH PRINCIPAL AXES

                          X =  0.0000    Y =  0.0000    Z =  0.0000



      TOTAL ATOMIC CHARGE ON EACH ATOM (in ELECTRON CHARGE)

           C(    1):          0.104
           C(    2):          0.104
           N(    3):         -0.633
           N(    4):         -0.633
           H(    5):          0.011
           H(    6):          0.008
           H(    7):          0.008
           H(    8):          0.011
           H(    9):          0.255
           H(   10):          0.255
           H(   11):          0.255
           H(   12):          0.255

      -----------------------------------------------------------------

        END OF ethanediamine-tTt                                           


           TOTAL CPU TIME IS      0.22 SECONDS.

           THIS JOB COMPLETED AT    19:52:17
