1
               ---------------------------------------------
               WARNING : INCORRECT ATOM TYPES GIVEN IN INPUT
                         DATA ARE CORRECTED AS FOLLOWS
               ---------------------------------------------


             Atom type of atom    1 is replaced by   1 (was   0)
             Atom type of atom    2 is replaced by   1 (was   0)
             Atom type of atom    3 is replaced by   8 (was   0)
             Atom type of atom    4 is replaced by   8 (was   0)
             Atom type of atom    5 is replaced by   5 (was   0)
             Atom type of atom    6 is replaced by   5 (was   0)
             Atom type of atom    7 is replaced by   5 (was   0)
             Atom type of atom    8 is replaced by   5 (was   0)
             Atom type of atom    9 is replaced by  23 (was   0)
             Atom type of atom   10 is replaced by  23 (was   0)
             Atom type of atom   11 is replaced by  23 (was   0)
             Atom type of atom   12 is replaced by  23 (was   0)
1     ethylenediamine-g+Tg+                                       

               CHEMICAL FORMULA :  C(   2)  H(   8)  N(   2) 
               FORMULA WEIGHT   :     60.070
                                                               DATE 29-MAY-23
                                                               TIME  20:33:43


          THE COORDINATES OF   12 ATOMS ARE READ IN.
          SOME CONSTANTS WILL BE READ IN.

      CONFORMATIONAL ENERGY, PART 1:  GEOMETRY AND STERIC ENERGY
                                      OF INITIAL CONFORMATION.


      CONNECTED ATOMS
         1-   2-   4-
         1-   3-

      ATTACHED ATOMS
         1-   5,   1-   6,   2-   7,   2-   8,   3-   9,   3-  10,   4-  11,
         4-  12,

      INITIAL ATOMIC COORDINATES
           ATOM         X           Y           Z       TYPE
         C(   1)     0.57198     0.50693    -0.00059   (  1)
         C(   2)    -0.57198    -0.50693    -0.00059   (  1)
         N(   3)     1.87488    -0.16876    -0.05202   (  8)
         N(   4)    -1.87488     0.16876    -0.05202   (  8)
         H(   5)     0.47684     1.15696    -0.89703   (  5)
         H(   6)     0.43949     1.19974     0.87240   (  5)
         H(   7)    -0.47684    -1.15696    -0.89703   (  5)
         H(   8)    -0.43949    -1.19974     0.87240   (  5)
         H(   9)     2.64296     0.52467    -0.03322   ( 23)
         H(  10)     2.00938    -0.75845     0.78783   ( 23)
         H(  11)    -2.64296    -0.52467    -0.03322   ( 23)
         H(  12)    -2.00938     0.75845     0.78783   ( 23)


          DIELECTRIC CONSTANT =  1.500


      INITIAL STERIC ENERGY IS      3.0574 KCAL/MOL.

                  COMPRESSION       0.8335
                  BENDING           1.1822
                  BEND-BEND         0.0327
                  STRETCH-BEND      0.0091
                  VANDERWAALS
                    1,4 ENERGY      3.4297
                    OTHER           0.1392
                  H-BONDING         0.1693
                  PI-COMPLX         0.0000

                  TORSIONAL        -2.8243
                  TORSION-STRETCH  -0.0014
                  DIPOLE-DIPOLE     0.0875
                  CHARGE-DIPOLE     0.0000
                  CHARGE-CHARGE     0.0000


      MOLECULAR POLARIZABILITIES (A**3)
        ALPHA(1)   =       9.59
        ALPHA(2)   =       7.37
        ALPHA(3)   =       6.57
        AVG. ALPHA =       7.85



      DIPOLE MOMENT =          2.271 D


      E (INDP/INDP) =          0.484 KCAL/MOLE
      DIPOLE MOMENT =          1.952 D (INCLUDES INDUCED BOND MOMENTS)
      *NOTE*  E (INDP/INDP) IS NOT INCLUDED IN THE INITIAL STERIC ENERGY

      CPU TIME FOR INITIAL CALCULATION IS     0.02 SECONDS.


1     ethylenediamine-g+Tg+                                       


     CONFORMATIONAL ENERGY, PART 2: GEOMETRY MINIMIZATION

                            =====================
                            FULL-MATRIX OPTIMIZER
                            =====================


     iter.  rms force   max force   avg. move    max move  atom  convg  d-time

        0    9.708837   23.984852   0.00723 A   0.05000 A    8    [N]     0.0s
        1    2.857601    7.291209   0.00424 A   0.02152 A    9    [N]     0.0s
        2    0.087619    0.226546   0.00189 A   0.01694 A   11    [N]     0.0s
        3    0.050854    0.105602   0.00005 A   0.00042 A    9    [N]     0.0s
        4    0.000244    0.000789   0.00000 A   0.00001 A   12    [N]     0.0s
        5    0.000051    0.000155                                 [Y]     0.0s


      TOTAL ENERGY IS      1.0483 KCAL/MOL.

        COMPRESS    0.1267      VDW 1,4    3.3145      DIPL-DIPL    0.0627
        BENDING     0.1773        OTHER    0.0310      CHRG-DIPL    0.0000
        STR-BEND    0.0225      TORSION   -2.8464      CHRG-CHRG    0.0000
        BEND-BEND  -0.0087      TOR-STR   -0.0004      EPR          0.0000
        H-BONDING   0.1692      PI-CMPL    0.0000
0     DELTA(T) =     0.0 SEC.          ELAPSED TIME =     0.0 SEC.


    * * * ENERGY IS STATIONARY WITHIN RMS OF FORCES   0.00010  Kcal/mol/A * * *

                 * * * *  RMS FORCE IS   0.00005 Kcal/mol/A * * * *

1     ethylenediamine-g+Tg+                                       

               CHEMICAL FORMULA :  C(   2)  H(   8)  N(   2) 
               FORMULA WEIGHT   :     60.070
                                                               DATE : 29-MAY-23

           * M M 3 * * * * * * * * * * * 2 0 0 0 *
           *                                     *   PARAMETER RELIABILITY
           *                                     *
           *                                     *   BLANK = GOOD
           *                                     *       B = FAIR
           *                                     *       C = TRIAL
           *                                     *       R = READ IN
           *                                     *       S = SUBSTITUTED
           *                                     *       U = PARAMETER NOT EXIST
           *                                     *
           *                                     *   THIS IS SHOWN AT THE END 
           *                                     *   OF THE LINE.
           * * * * * * * * * * * * * * * * * * * * 


      CONFORMATIONAL ENERGY, PART 3:  GEOMETRY AND STERIC ENERGY
                                      OF FINAL CONFORMATION.

      CONNECTED ATOMS
         1-   2-   4-
         1-   3-

      ATTACHED ATOMS
         1-   5,   1-   6,   2-   7,   2-   8,   3-   9,   3-  10,   4-  11,
         4-  12,

      FINAL ATOMIC COORDINATE
           ATOM         X           Y           Z       TYPE
         C(   1)    -0.57915    -0.49974    -0.02089   (  1)
         C(   2)     0.57915     0.49974    -0.02089   (  1)
         N(   3)    -1.88437     0.16866    -0.03152   (  8)
         N(   4)     1.88437    -0.16866    -0.03152   (  8)
         H(   5)    -0.49750    -1.15059    -0.92071   (  5)
         H(   6)    -0.50653    -1.17170     0.88015   (  5)
         H(   7)     0.49750     1.15059    -0.92071   (  5)
         H(   8)     0.50653     1.17170     0.88015   (  5)
         H(   9)    -2.65530    -0.49236    -0.06884   ( 23)
         H(  10)    -2.03552     0.73872     0.79599   ( 23)
         H(  11)     2.65530     0.49236    -0.06884   ( 23)
         H(  12)     2.03552    -0.73872     0.79599   ( 23)


          DIELECTRIC CONSTANT =  1.500


      BOND LENGTHS AND STRETCHING ENERGY   (   11 BONDS)

        ENERGY = 71.94(KS)(DR)(DR)(1-(CS)(DR)+(7/12)((CS)(DR))**2)
                          DR = R-RO
                          CS =  2.550
                                                         R(0)-CORR        CORR
          BOND        LENGTH   R(0)    K(S)  ENERGY   E-NEG   MISCEL       KS
    C(   1)- C(   2)  1.5299  1.5166  4.490  0.0552 -0.0081                     
    C(   1)- N(   3)  1.4664  1.4577  5.300  0.0284  0.0097                     
    C(   1)- H(   5)  1.1135  1.1107  4.723  0.0028 -0.0015  0.0002  BH  0.043  
    C(   1)- H(   6)  1.1264  1.1231  4.317  0.0033 -0.0015  0.0126  BH -0.363  
    C(   2)- N(   4)  1.4664  1.4577  5.300  0.0284  0.0097                     
    C(   2)- H(   7)  1.1135  1.1107  4.723  0.0028 -0.0015  0.0002  BH  0.043  
    C(   2)- H(   8)  1.1264  1.1231  4.317  0.0033 -0.0015  0.0126  BH -0.363  
    N(   3)- H(   9)  1.0162  1.0150  6.420  0.0007                             
    N(   3)- H(  10)  1.0162  1.0150  6.420  0.0006                             
    N(   4)- H(  11)  1.0162  1.0150  6.420  0.0007                             
    N(   4)- H(  12)  1.0162  1.0150  6.420  0.0006                             


      NON-BONDED DISTANCES, VDW AND EPR ENERGY   (     37 PAIRS)

              E(VDW) = KV*(1.84(10**5)EXP(-12.00/P) - 2.25(P**6))
              E(EPR) = C*KV*(1.84(10**5)EXP(-12.00/Q) - 2.25(Q**6))
              E(HBD) = EP1-EP2*COS(THETA)*RTH/RTH0
                            EP1 = KHB*1.84(10**5)*EXP(-12.0/P)
                            EP2 = KHB*2.25(P**6)

            IF P > 3.020, THEN,
              E(VDW) = KV(192.270)(P**2)
              E(HBD) = EP1-EP2*COS(THETA)*RTH/RTH0
                            EP1 = KHB*(192.270*P**2+1706.96)
                            EP2 = KHB*1706.96

               WHERE   RV = RVDW(I) + RVDW(K)
                       KV = SQRT(EPS(I)*EPS(K))
                      KHB = EPS/DIELEC  FOR HYDROGEN BOND
                        P = (RV/R) OR (RV/R#)
                        C = SCALE FACTOR
                        Q = RV/R, WHERE R IS MODIFIED DISTANCE
                    THETA = ANGLE H-X-Y IN HYDROGEN BOND X-H...Y
                      RTH = BOND LENGTH X-H IN X-H...Y
                     RTH0 = NATURAL BOND LENGTH X-H

          # IN THE VDW CALCULATIONS THE HYDROGEN ATOMS ARE RELOCATED
          SO THAT THE ATTACHED HYDROGEN DISTANCE IS REDUCED BY 0.923

          # IN THE VDW CALCULATIONS THE DEUTERIUM ATOMS ARE RELOCATED
          SO THAT THE ATTACHED DEUTERIUM DISTANCE IS REDUCED BY  0.923

         ATOM PAIR          R       R#       RV      KV       ENERGY
      C(   1), N(   4)   2.4857
      C(   1), H(   7)   2.1662
      C(   1), H(   8)   2.1873
      C(   1), H(   9)   2.0767
      C(   1), H(  10)   2.0790
      C(   1), H(  11)   3.3835   3.3120   3.640   0.0220    -0.0139  1,4       
      C(   1), H(  12)   2.7497   2.7168   3.640   0.0220     0.2359  1,4       
      C(   2), N(   3)   2.4857
      C(   2), H(   5)   2.1662
      C(   2), H(   6)   2.1873
      C(   2), H(   9)   3.3835   3.3120   3.640   0.0220    -0.0139  1,4       
      C(   2), H(  10)   2.7497   2.7168   3.640   0.0220     0.2359  1,4       
      C(   2), H(  11)   2.0767
      C(   2), H(  12)   2.0790
      N(   3), N(   4)   3.7838            3.860   0.0430    -0.0474  1,4       
      N(   3), H(   5)   2.1106
      N(   3), H(   6)   2.1275
      N(   3), H(   7)   2.7255   2.6914   3.550   0.0293     0.2564  1,4       
      N(   3), H(   8)   2.7484   2.7125   3.550   0.0293     0.2308  1,4       
      N(   3), H(  11)   4.5513   4.4887   2.400   2.2800     0.0559    H       
      N(   3), H(  12)   4.1078   4.0747   2.400   2.2800     0.0287    H       
      N(   4), H(   5)   2.7255   2.6914   3.550   0.0293     0.2564  1,4       
      N(   4), H(   6)   2.7484   2.7125   3.550   0.0293     0.2308  1,4       
      N(   4), H(   7)   2.1106
      N(   4), H(   8)   2.1275
      N(   4), H(   9)   4.5513   4.4887   2.400   2.2800     0.0559    H       
      N(   4), H(  10)   4.1078   4.0747   2.400   2.2800     0.0287    H       
      H(   5), H(   6)   1.8010
      H(   5), H(   7)   2.5071   2.4206   3.240   0.0200     0.2114  1,4       
      H(   5), H(   8)   3.1055   2.9539   3.240   0.0200    -0.0131  1,4       
      H(   5), H(   9)   2.4114   2.3299   3.220   0.0190     0.2942  1,4       
      H(   5), H(  10)   2.9803   2.8358   3.220   0.0190    -0.0017  1,4       
      H(   5), H(  11)   3.6558   3.5500   3.220   0.0190    -0.0175            
      H(   5), H(  12)   3.0875   3.0103   3.220   0.0190    -0.0171            
      H(   6), H(   7)   3.1055   2.9539   3.240   0.0200    -0.0131  1,4       
      H(   6), H(   8)   2.5530   2.4630   3.240   0.0200     0.1687  1,4       
      H(   6), H(   9)   2.4453   2.3604   3.220   0.0190     0.2530  1,4       
      H(   6), H(  10)   2.4484   2.3633   3.220   0.0190     0.2493  1,4       
      H(   6), H(  11)   3.6969   3.5870   3.220   0.0190    -0.0169            
      H(   6), H(  12)   2.5800   2.5726   3.220   0.0190     0.0753            
      H(   7), H(   8)   1.8010
      H(   7), H(   9)   3.6558   3.5500   3.220   0.0190    -0.0175            
      H(   7), H(  10)   3.0875   3.0103   3.220   0.0190    -0.0171            
      H(   7), H(  11)   2.4114   2.3299   3.220   0.0190     0.2942  1,4       
      H(   7), H(  12)   2.9803   2.8358   3.220   0.0190    -0.0017  1,4       
      H(   8), H(   9)   3.6969   3.5870   3.220   0.0190    -0.0169            
      H(   8), H(  10)   2.5800   2.5726   3.220   0.0190     0.0753            
      H(   8), H(  11)   2.4453   2.3604   3.220   0.0190     0.2530  1,4       
      H(   8), H(  12)   2.4484   2.3633   3.220   0.0190     0.2493  1,4       
      H(   9), H(  10)   1.6271
      H(   9), H(  11)   5.4011   5.2664   3.200   0.0180    -0.0020            
      H(   9), H(  12)   4.7762   4.6951   3.200   0.0180    -0.0040            
      H(  10), H(  11)   4.7762   4.6951   3.200   0.0180    -0.0040            
      H(  10), H(  12)   4.3309   4.2797   3.200   0.0180    -0.0067            
      H(  11), H(  12)   1.6271


      BOND ANGLES, BENDING AND STRETCH-BEND ENERGIES   (   18 ANGLES)

          EB = 0.021914(KB)(DT)(DT)(1+CF*DT+QF*DT**2+PF*DT**3+SF*DT**4)
                          DT = THETA-TZERO
                          CF = -1400.000E-5
                          QF =     5.600E-5
                          PF =    -0.070E-5
                          SF =     0.022E-6
          ESB(J) = 2.51124(KSB(J))(DT)(DR1+DR2)
                          DR(I) = R(I) - R0(I)
          EBDBD  = -0.02191418(KBB1)(DT1)(KBB2)(DT2)

          A T O M S            THETA    TZERO     KB     EB     KSB    ESB
   C(   2)- C(   1)- N(   3)  112.092  111.000  0.780  0.0201  0.13  0.0079     
   C(   2)- C(   1)- H(   5)  109.046  109.310  0.590  0.0009  0.08 -0.0009     
   C(   2)- C(   1)- H(   6)  109.934  109.310  0.590  0.0050  0.08  0.0021     
   N(   3)- C(   1)- H(   5)  109.015  109.300  0.820  0.0015  0.08 -0.0007     
   N(   3)- C(   1)- H(   6)  109.578  109.300  0.820  0.0014  0.08  0.0007     
   H(   5)- C(   1)- H(   6)  107.038  107.600  0.550  0.0038                   
   C(   1)- C(   2)- N(   4)  112.092  111.000  0.780  0.0201  0.13  0.0079     
   C(   1)- C(   2)- H(   7)  109.046  109.310  0.590  0.0009  0.08 -0.0009     
   C(   1)- C(   2)- H(   8)  109.934  109.310  0.590  0.0050  0.08  0.0021     
   N(   4)- C(   2)- H(   7)  109.015  109.300  0.820  0.0015  0.08 -0.0007     
   N(   4)- C(   2)- H(   8)  109.578  109.300  0.820  0.0014  0.08  0.0007     
   H(   7)- C(   2)- H(   8)  107.038  107.600  0.550  0.0038                   
   C(   1)- N(   3)- H(   9)  112.273  110.900  0.600  0.0243  0.03  0.0010     
   C(   1)- N(   3)- H(  10)  112.470  110.900  0.600  0.0317  0.03  0.0012     
   H(   9)- N(   3)- H(  10)  106.378  106.400  0.605  0.0000                   
   C(   2)- N(   4)- H(  11)  112.273  110.900  0.600  0.0243  0.03  0.0010     
   C(   2)- N(   4)- H(  12)  112.470  110.900  0.600  0.0317  0.03  0.0012     
   H(  11)- N(   4)- H(  12)  106.378  106.400  0.605  0.0000                   


     DIHEDRAL ANGLES, TORSIONAL ENERGY (ET)   (   21 ANGLES)

           ET = (V1/2)(1+COS(W))+(V2/2)(1-COS(2W))+(V3/2)(1+COS(3W))

           ETS = -11.995*(R-R0)((KTS1/2)(1+COS(W))+
                                (KTS2/2)(1-COS(2W)+
                                (KTS3/2)(1+COS(3W))

           SIGN OF ANGLE A-B-C-D : WHEN LOOKING THROUGH B TOWARD C,
           IF D IS COUNTERCLOCKWISE FROM A, NEGATIVE.

         A T O M S               OMEGA    V1     V2     V3     ET   KTS3   ETS
 C(   1) C(   2) N(   4) H(  11) 177.7  0.073 -0.422  0.327  0.001 0.061 0.000  
 C(   1) C(   2) N(   4) H(  12) -62.3  0.073 -0.422  0.327 -0.276 0.061 0.000  
 C(   2) C(   1) N(   3) H(   9) 177.7  0.073 -0.422  0.327  0.001 0.061 0.000  
 C(   2) C(   1) N(   3) H(  10) -62.3  0.073 -0.422  0.327 -0.276 0.061 0.000  
 N(   3) C(   1) C(   2) N(   4)-179.1  0.000 -0.900  1.700  0.001 0.059 0.000  
 N(   3) C(   1) C(   2) H(   7) -58.3  0.000  0.000  0.374  0.001 0.059 0.000  
 N(   3) C(   1) C(   2) H(   8)  58.8  0.000  0.000  0.374  0.000 0.059 0.000  
 N(   4) C(   2) C(   1) H(   5) -58.3  0.000  0.000  0.374  0.001 0.059 0.000  
 N(   4) C(   2) C(   1) H(   6)  58.8  0.000  0.000  0.374  0.000 0.059 0.000  
 H(   5) C(   1) C(   2) H(   7)  62.5  0.000  0.000  0.238  0.001 0.059 0.000  
 H(   5) C(   1) C(   2) H(   8) 179.6  0.000  0.000  0.238  0.000 0.059 0.000  
 H(   5) C(   1) N(   3) H(   9)  56.9  0.121 -0.648  0.199 -0.360 0.061 0.000  
 H(   5) C(   1) N(   3) H(  10) 176.8  0.121 -0.648  0.199 -0.001 0.061 0.000  
 H(   6) C(   1) C(   2) H(   7) 179.6  0.000  0.000  0.238  0.000 0.059 0.000  
 H(   6) C(   1) C(   2) H(   8) -63.4  0.000  0.000  0.238  0.002 0.059 0.000  
 H(   6) C(   1) N(   3) H(   9) -59.9  0.121 -0.648  0.199 -0.395 0.061 0.000  
 H(   6) C(   1) N(   3) H(  10)  60.0  0.121 -0.648  0.199 -0.395 0.061 0.000  
 H(   7) C(   2) N(   4) H(  11)  56.9  0.121 -0.648  0.199 -0.360 0.061 0.000  
 H(   7) C(   2) N(   4) H(  12) 176.8  0.121 -0.648  0.199 -0.001 0.061 0.000  
 H(   8) C(   2) N(   4) H(  11) -59.9  0.121 -0.648  0.199 -0.395 0.061 0.000  
 H(   8) C(   2) N(   4) H(  12)  60.0  0.121 -0.648  0.199 -0.395 0.061 0.000  

     DIPOLE-DIPOLE INTERACTION ENERGY  (DIELECTRIC CONSTANT = 1.50)

          E = 14.388*MU1*MU2*(COSX-3*COSA*COSB)/(R12**3*DIELC)

               MU1 = BOND MOM OF BOND 1
               MU2 = BOND MOM OF BOND 2
               R12 = DISTANCE BETWEEN MID-POINTS OF TWO BONDS.

        BOND(1)       MU1           BOND(2)       MU2      R12        E
   C(   1)- N(   3)  0.680   + C(   2)- N(   4)  0.680   2.4857    0.2958       
   C(   1)- N(   3)  0.680   + N(   4)- H(  11) -1.340   3.5169   -0.3390       
   C(   1)- N(   3)  0.680   + N(   4)- H(  12) -1.340   3.2306   -0.1127       
   C(   2)- N(   4)  0.680   + N(   3)- H(   9) -1.340   3.5169   -0.3390       
   C(   2)- N(   4)  0.680   + N(   3)- H(  10) -1.340   3.2306   -0.1127       
   N(   3)- H(   9) -1.340   + N(   4)- H(  11) -1.340   4.5512    0.1712       
   N(   3)- H(   9) -1.340   + N(   4)- H(  12) -1.340   4.2618    0.1771       
   N(   3)- H(  10) -1.340   + N(   4)- H(  11) -1.340   4.2618    0.1771       
   N(   3)- H(  10) -1.340   + N(   4)- H(  12) -1.340   4.0235    0.1447       


 ==============================================================================
                        NORMAL MODE VIBRATIONAL ANALYSIS
 ==============================================================================


             Molecular Shape : ASYMMETRIC ROTOR WITH KAPPA =-0.980215
        Symmetry Point Group : C2  
             Symmetry Number :  2
                   Chirality : yes



0       FUNDAMENTAL NORMAL VIBRATIONAL FREQUENCIES
                ( THEORETICALLY  30 VALUES )

             Frequency :  in 1/cm
             A(i)      :  IR intensity (vs,s,m,w,vw,-- or in 10**6 cm/mole)
             A(i) = -- :  IR inactive


             no       Frequency   Symmetry      A(i)

             1.          3422.5     (A   )        s
             2.          3422.5     (B   )       vs
             3.          3361.6     (A   )        s
             4.          3361.6     (B   )        s
             5.          2918.5     (A   )        m
             6.          2912.5     (B   )        w
             7.          2778.9     (A   )        m
             8.          2771.5     (B   )        m
             9.          1639.7     (A   )        m
            10.          1620.7     (B   )       vs
            11.          1575.7     (A   )        m
            12.          1505.0     (B   )        m
            13.          1436.2     (A   )       vw
            14.          1391.9     (B   )        w
            15.          1351.5     (A   )        w
            16.          1316.4     (B   )        w
            17.          1149.7     (A   )        w
            18.          1125.9     (B   )        m
            19.          1082.8     (A   )        m
            20.          1072.9     (B   )        m
            21.           988.6     (B   )        m
            22.           932.0     (A   )        m
            23.           841.6     (A   )        m
            24.           810.3     (B   )       vs
            25.           785.4     (A   )        s
            26.           415.8     (A   )       vw
            27.           320.8     (B   )        w
            28.           253.7     (B   )        m
            29.           232.6     (A   )        m
            30.           155.8     (A   )        w
            31.     (       0.0)    (t/r )
            32.     (       0.0)    (t/r )
            33.     (       0.0)    (t/r )
            34.     (       0.0)    (t/r )
            35.     (       0.0)    (t/r )
            36.     (       0.0)    (t/r )


0       CORRESPONDING EIGEN VECTOR MATRIX   36 BY  36



 (  1)
     0.000    0.001    0.000    0.000   -0.001    0.000   -0.021   -0.042
    -0.029    0.021    0.042   -0.030   -0.005    0.002    0.000    0.000
    -0.001    0.000    0.005   -0.002    0.000    0.000    0.001    0.000
     0.356    0.307    0.017   -0.068    0.264    0.384   -0.364   -0.314
     0.018    0.070   -0.270    0.392

 (  2)
     0.001    0.000    0.000    0.001    0.000    0.000   -0.021   -0.042
    -0.030   -0.021   -0.042    0.029   -0.005    0.003    0.000    0.000
     0.000   -0.001   -0.005    0.002    0.000    0.000    0.000    0.001
     0.365    0.314    0.018   -0.070    0.269    0.392    0.357    0.308
    -0.017   -0.068    0.264   -0.383

 (  3)
     0.002   -0.001    0.000   -0.002    0.001    0.000   -0.034   -0.002
     0.027    0.034    0.002    0.028   -0.001    0.003    0.004   -0.005
     0.005   -0.003    0.001   -0.003    0.004    0.005   -0.005   -0.003
     0.371    0.306    0.011    0.082   -0.267   -0.392   -0.376   -0.311
     0.011   -0.083    0.271   -0.397

 (  4)
    -0.002    0.001    0.000   -0.002    0.001    0.000    0.034    0.002
    -0.028    0.034    0.002    0.028    0.000   -0.003   -0.004    0.005
    -0.005    0.003    0.000   -0.003    0.004    0.005   -0.005   -0.003
    -0.376   -0.310   -0.011   -0.083    0.271    0.398   -0.370   -0.306
     0.011   -0.082    0.267   -0.392

 (  5)
     0.003   -0.031   -0.053   -0.003    0.031   -0.053    0.000    0.001
     0.000    0.000   -0.001    0.000   -0.044    0.399    0.527    0.000
    -0.062    0.096    0.044   -0.399    0.527    0.000    0.062    0.096
     0.001   -0.005   -0.001   -0.005    0.004    0.001   -0.001    0.005
    -0.001    0.005   -0.004    0.001

 (  6)
    -0.005    0.028    0.054   -0.005    0.028   -0.054    0.001   -0.001
     0.000    0.001   -0.001    0.000    0.051   -0.393   -0.528   -0.009
     0.063   -0.105    0.051   -0.393    0.528   -0.009    0.063    0.105
     0.001    0.006    0.001    0.005   -0.003   -0.001    0.001    0.006
    -0.001    0.005   -0.003    0.001

 (  7)
     0.005   -0.045    0.036   -0.005    0.045    0.036   -0.001    0.001
    -0.001    0.001   -0.001   -0.001   -0.017    0.084    0.090   -0.043
     0.413   -0.518    0.017   -0.084    0.090    0.043   -0.413   -0.518
     0.000   -0.008    0.000    0.003    0.003    0.006    0.000    0.008
     0.000   -0.003   -0.003    0.006

 (  8)
    -0.007    0.043   -0.036   -0.007    0.043    0.036    0.002   -0.001
     0.001    0.002   -0.001   -0.001    0.010   -0.095   -0.097    0.047
    -0.409    0.519    0.010   -0.095    0.097    0.047   -0.409   -0.519
     0.001    0.009    0.001   -0.002   -0.002   -0.006    0.001    0.009
    -0.001   -0.002   -0.002    0.006

 (  9)
     0.091   -0.009    0.006   -0.091    0.009    0.006   -0.060    0.013
     0.011    0.060   -0.013    0.011   -0.209    0.026   -0.055   -0.185
     0.020    0.065    0.209   -0.026   -0.055    0.185   -0.020    0.065
     0.126   -0.213   -0.245    0.338    0.141    0.011   -0.126    0.213
    -0.245   -0.338   -0.141    0.011

 ( 10)
    -0.031    0.013   -0.005   -0.031    0.013    0.005    0.059   -0.014
    -0.017    0.059   -0.014    0.017    0.070   -0.027    0.041    0.088
    -0.019   -0.053    0.070   -0.027   -0.041    0.088   -0.019    0.053
    -0.181    0.269    0.312   -0.417   -0.182   -0.004   -0.181    0.269
    -0.312   -0.417   -0.182    0.004

 ( 11)
     0.105    0.004    0.000   -0.105   -0.004    0.000    0.009   -0.008
    -0.015   -0.009    0.008   -0.015   -0.287    0.051   -0.074   -0.262
     0.046    0.064    0.287   -0.051   -0.074    0.262   -0.046    0.064
    -0.161    0.180    0.216   -0.267   -0.132    0.012    0.161   -0.180
     0.216    0.267    0.132    0.012

 ( 12)
    -0.083    0.025   -0.001   -0.083    0.025    0.001    0.011    0.006
     0.009    0.011    0.006   -0.009    0.340   -0.194    0.215    0.300
    -0.182   -0.210    0.340   -0.194   -0.215    0.300   -0.182    0.210
     0.084   -0.067   -0.096    0.107    0.065   -0.012    0.084   -0.067
     0.096    0.107    0.065    0.012

 ( 13)
     0.043    0.069    0.003   -0.043   -0.069    0.003   -0.005   -0.002
    -0.003    0.005    0.002   -0.003   -0.048   -0.331    0.315   -0.004
    -0.319   -0.317    0.048    0.331    0.315    0.004    0.319   -0.317
    -0.035    0.032   -0.001    0.032   -0.003    0.003    0.035   -0.032
    -0.001   -0.032    0.003    0.003

 ( 14)
     0.055    0.057    0.001    0.055    0.057   -0.001   -0.008   -0.009
    -0.005   -0.008   -0.009    0.005   -0.292   -0.289    0.240   -0.217
    -0.280   -0.250   -0.292   -0.289   -0.240   -0.217   -0.280    0.250
    -0.054    0.039    0.015    0.022   -0.019    0.005   -0.054    0.039
    -0.015    0.022   -0.019   -0.005

 ( 15)
     0.007    0.002   -0.041   -0.007   -0.002   -0.041    0.001    0.000
     0.033   -0.001    0.000    0.033    0.454   -0.051    0.029   -0.497
     0.018    0.001   -0.454    0.051    0.029    0.497   -0.018    0.001
     0.016   -0.016    0.000   -0.043    0.035    0.008   -0.016    0.016
     0.000    0.043   -0.035    0.008

 ( 16)
    -0.006   -0.005    0.005   -0.006   -0.005   -0.005   -0.003    0.004
    -0.031   -0.003    0.004    0.031   -0.450    0.013   -0.051    0.523
     0.011   -0.028   -0.450    0.013    0.051    0.523    0.011    0.028
     0.010   -0.012   -0.020    0.025   -0.016   -0.017    0.010   -0.012
     0.020    0.025   -0.016    0.017

 ( 17)
    -0.017   -0.079   -0.016    0.017    0.079   -0.016    0.009    0.048
     0.020   -0.009   -0.048    0.020   -0.151   -0.154    0.016   -0.042
    -0.109   -0.032    0.151    0.154    0.016    0.042    0.109   -0.032
     0.285   -0.272    0.022   -0.376    0.105   -0.086   -0.285    0.272
     0.022    0.376   -0.105   -0.086

 ( 18)
     0.003   -0.028   -0.058    0.003   -0.028    0.058    0.013    0.042
     0.034    0.013    0.042   -0.034   -0.083   -0.165    0.023   -0.029
     0.057    0.005   -0.083   -0.165   -0.023   -0.029    0.057   -0.005
     0.299   -0.286   -0.003   -0.404    0.138   -0.103    0.299   -0.286
     0.003   -0.404    0.138    0.103

 ( 19)
     0.095   -0.045    0.004   -0.095    0.045    0.004   -0.079    0.070
    -0.016    0.079   -0.070   -0.016    0.314    0.004   -0.017    0.282
    -0.030    0.006   -0.314   -0.004   -0.017   -0.282    0.030    0.006
    -0.043    0.022    0.109   -0.073   -0.045    0.070    0.043   -0.022
     0.109    0.073    0.045    0.070

 ( 20)
    -0.097    0.059   -0.027   -0.097    0.059    0.027    0.098   -0.068
     0.021    0.098   -0.068   -0.021   -0.201    0.026   -0.007   -0.157
     0.153    0.040   -0.201    0.026    0.007   -0.157    0.153   -0.040
     0.047    0.003   -0.129    0.099    0.066   -0.075    0.047    0.003
     0.129    0.099    0.066    0.075

 ( 21)
     0.033   -0.003   -0.116    0.033   -0.003    0.116   -0.031   -0.013
     0.026   -0.031   -0.013   -0.026    0.048   -0.298    0.095    0.099
     0.307    0.106    0.048   -0.298   -0.095    0.099    0.307   -0.106
    -0.193    0.179   -0.058    0.089    0.028    0.022   -0.193    0.179
     0.058    0.089    0.028   -0.022

 ( 22)
    -0.060   -0.115    0.030    0.060    0.115    0.030   -0.026    0.013
    -0.043    0.026   -0.013   -0.043   -0.069   -0.063   -0.013   -0.189
    -0.233   -0.039    0.069    0.063   -0.013    0.189    0.233   -0.039
    -0.088    0.073    0.140    0.233   -0.194    0.147    0.088   -0.073
     0.140   -0.233    0.194    0.147

 ( 23)
     0.005    0.070    0.057   -0.005   -0.070    0.057    0.019    0.016
    -0.042   -0.019   -0.016   -0.042    0.075    0.351   -0.142   -0.067
    -0.213   -0.155   -0.075   -0.351   -0.142    0.067    0.213   -0.155
     0.219   -0.229    0.153   -0.008   -0.127    0.050   -0.219    0.229
     0.153    0.008    0.127    0.050

 ( 24)
    -0.034    0.004   -0.028   -0.034    0.004    0.028    0.008    0.035
    -0.049    0.008    0.035    0.049   -0.031   -0.117    0.061   -0.070
     0.120    0.066   -0.031   -0.117   -0.061   -0.070    0.120   -0.066
     0.185   -0.192    0.296    0.209   -0.341    0.248    0.185   -0.192
    -0.296    0.209   -0.341   -0.248

 ( 25)
    -0.007    0.042   -0.034    0.007   -0.042   -0.034    0.006    0.024
    -0.025   -0.006   -0.024   -0.025   -0.037   -0.223    0.161    0.007
     0.302    0.165    0.037    0.223    0.161   -0.007   -0.302    0.165
     0.176   -0.191    0.233    0.118   -0.269    0.199   -0.176    0.191
     0.233   -0.118    0.268    0.199

 ( 26)
     0.076   -0.056    0.003   -0.076    0.056    0.003    0.151    0.017
    -0.002   -0.151   -0.017   -0.002    0.089   -0.042   -0.006    0.078
    -0.039    0.016   -0.089    0.042   -0.006   -0.078    0.039    0.016
     0.109    0.071   -0.032    0.185    0.004    0.013   -0.109   -0.071
    -0.032   -0.185   -0.004    0.013

 ( 27)
    -0.049   -0.118    0.003   -0.049   -0.118   -0.003    0.054    0.095
     0.002    0.054    0.095   -0.002   -0.111   -0.116   -0.002   -0.112
    -0.108    0.014   -0.111   -0.116    0.002   -0.112   -0.108   -0.014
    -0.064    0.239   -0.088    0.114    0.069    0.031   -0.064    0.239
     0.088    0.114    0.069   -0.031

 ( 28)
    -0.007   -0.014   -0.055   -0.007   -0.014    0.055   -0.006   -0.010
    -0.016   -0.006   -0.010    0.016    0.000    0.064   -0.110   -0.014
    -0.083   -0.107    0.000    0.064    0.110   -0.013   -0.083    0.107
    -0.018   -0.023    0.456    0.198    0.345   -0.224   -0.018   -0.023
    -0.456    0.198    0.345    0.224

 ( 29)
    -0.003    0.005    0.023    0.003   -0.005    0.023    0.007    0.025
    -0.002   -0.007   -0.025   -0.002    0.007    0.008    0.021   -0.024
    -0.004    0.017   -0.007   -0.008    0.021    0.024    0.004    0.017
     0.009    0.051   -0.506   -0.194   -0.362    0.228   -0.009   -0.051
    -0.506    0.194    0.362    0.228

 ( 30)
    -0.001    0.001   -0.114    0.001   -0.001   -0.114   -0.001    0.006
     0.105    0.001   -0.006    0.105   -0.092    0.102   -0.195    0.085
    -0.101   -0.198    0.092   -0.102   -0.195   -0.085    0.101   -0.198
    -0.004    0.011    0.077    0.077   -0.127    0.211    0.004   -0.011
     0.077   -0.077    0.127    0.211

 ( 31)
     0.032   -0.004    0.042   -0.025    0.062    0.061   -0.006   -0.077
     0.143    0.013    0.137   -0.040    0.031    0.062   -0.005    0.108
    -0.060   -0.006   -0.100    0.118    0.108   -0.025   -0.003    0.109
     0.030   -0.118    0.131   -0.004   -0.141    0.187   -0.026    0.183
    -0.028    0.080    0.090   -0.084

 ( 32)
    -0.103   -0.015    0.032   -0.069   -0.055    0.011   -0.080    0.030
     0.112   -0.092   -0.099   -0.069   -0.166    0.010    0.008   -0.085
    -0.046    0.008   -0.087   -0.024    0.035   -0.005   -0.081    0.035
    -0.105    0.058    0.126   -0.024    0.009    0.137   -0.071   -0.124
    -0.083   -0.074   -0.130   -0.094

 ( 33)
     0.026    0.078   -0.073    0.053    0.047   -0.061    0.044    0.114
     0.022    0.035    0.013   -0.156   -0.029    0.130   -0.116    0.046
     0.022   -0.117    0.033    0.104   -0.018    0.109   -0.006   -0.017
     0.024    0.137    0.014    0.093    0.068    0.063    0.051   -0.006
    -0.148    0.054   -0.042   -0.196

 ( 34)
    -0.005    0.026    0.126   -0.009    0.031   -0.118   -0.008    0.019
     0.022   -0.007    0.034   -0.014   -0.028   -0.163    0.261    0.023
     0.216    0.265   -0.037   -0.159   -0.253    0.014    0.221   -0.258
    -0.006    0.008    0.183    0.013    0.193   -0.094   -0.010    0.029
    -0.176    0.019    0.209    0.102

 ( 35)
     0.005   -0.090   -0.070   -0.033   -0.046   -0.105   -0.020   -0.140
    -0.060   -0.007    0.004   -0.116    0.016   -0.101   -0.061    0.046
    -0.073   -0.061   -0.072   -0.063   -0.114   -0.043   -0.034   -0.115
     0.004   -0.170   -0.036   -0.028   -0.132   -0.066   -0.033    0.033
    -0.139    0.028    0.023   -0.110

 ( 36)
     0.078   -0.062    0.061    0.095   -0.083    0.011    0.089   -0.039
     0.084    0.083   -0.106   -0.011    0.042   -0.081    0.072    0.090
    -0.046    0.072    0.083   -0.099    0.001    0.132   -0.064    0.000
     0.077   -0.026    0.117    0.122   -0.021    0.077    0.094   -0.121
    -0.045    0.095   -0.093   -0.004


 ==============================================================================
                      STATISTICAL THERMODYNAMICS ANALYSIS
 ==============================================================================

  Structure name    : ethylenediamine-g+Tg+                                       
  Temperature       :   298.16 K
  Symmetry number   :   2
  Optical isomers   :   2
  Zero Point Energy :   67.124 Kcal/mol


                     ENERGY   ENTHALPY    ENTROPY  FREE ENERGY   HEAT CAPACITY
                  (Kcal/mol) (Kcal/mol)     (eu)   (Kcal/mol)    (cal/mol/deg)
  Translational       0.889      1.481     38.182     -9.903         4.967
     Rotational       0.889      0.889     22.928     -5.948         2.980
    Vibrational      68.864%    68.864%     9.548*    66.017%       13.035*
      Potential       1.048#     1.048#     0.000      1.048#        0.000
         Mixing       0.000      0.000      1.377     -0.411         0.000
          Total      71.689     72.282     72.035     50.804        20.983

  Enthalpy Function (H-Ho)/T     =   13.78 cal/mol/deg
  Free Energy Function -(G-Ho)/T =   58.25 cal/mol/deg

  % Includes zero point energy (ZPE).
  * Excludes contribution from frequencies lower than 40 (1/cm).
  # Includes steric energy (SE).
    Internal rotation contributions are not considered

  This structure has   0 imaginary frequencies,
                       0 free internal rotation (fir) frequencies
                         (>= 0,< 10 /cm),
                       0 restricted internal rotation (rir) frequencies
                         (>= 10,< 40 /cm),
                       6 zero frequencies, and
                      30 real frequencies.


      FINAL STERIC ENERGY IS      1.0483 KCAL/MOL.


                COMPRESSION       0.1267
                BENDING           0.1773
                BEND-BEND        -0.0087
                STRETCH-BEND      0.0225
                VANDERWAALS
                  1,4 ENERGY      3.3145
                  OTHER           0.0310
                H-BONDING         0.1692
                PI-COMPLX         0.0000

                TORSIONAL        -2.8464
                TORSION-STRETCH  -0.0004
                DIPOLE-DIPOLE     0.0627
                CHARGE-DIPOLE     0.0000
                CHARGE-CHARGE     0.0000

      -----------------------------------------------------------------

      COORDINATES TRANSLATED TO NEW ORIGIN WHICH IS CENTER OF MASS
         C(   1)    -0.57915    -0.49974    -0.02089   (  1)
         C(   2)     0.57915     0.49974    -0.02089   (  1)
         N(   3)    -1.88437     0.16866    -0.03152   (  8)
         N(   4)     1.88437    -0.16866    -0.03152   (  8)
         H(   5)    -0.49750    -1.15059    -0.92071   (  5)
         H(   6)    -0.50653    -1.17170     0.88015   (  5)
         H(   7)     0.49750     1.15059    -0.92071   (  5)
         H(   8)     0.50653     1.17170     0.88015   (  5)
         H(   9)    -2.65530    -0.49236    -0.06884   ( 23)
         H(  10)    -2.03552     0.73872     0.79599   ( 23)
         H(  11)     2.65530     0.49236    -0.06884   ( 23)
         H(  12)     2.03552    -0.73872     0.79599   ( 23)

      MOMENT OF INERTIA WITH THE PRINCIPAL AXES

          (1)  UNIT = 10**(-39) GM*CM**2
               IX=    3.0570    IY=   22.5267    IZ=   24.0575

          (2)  UNIT = AU A**2
               IX=   18.4117    IY=  135.6737    IZ=  144.8937



      MOLECULAR POLARIZABILITIES (A**3)
        ALPHA(1)   =       9.38
        ALPHA(2)   =       7.14
        ALPHA(3)   =       6.35
        AVG. ALPHA =       7.62



      DIPOLE MOMENT =          2.094 D


        COMPONENTS WITH PRINCIPAL AXES

                          X =  0.0000    Y =  0.0000    Z = -2.0939


      E (INDP/INDP) =          0.536 KCAL/MOLE
      DIPOLE MOMENT =          1.815 D (INCLUDES INDUCED BOND MOMENTS)
      *NOTE*  E (INDP/INDP) IS NOT INCLUDED IN THE FINAL STERIC ENERGY

        COMPONENTS WITH PRINCIPAL AXES

                          X =  0.0000    Y =  0.0000    Z = -1.8146



      TOTAL ATOMIC CHARGE ON EACH ATOM (in ELECTRON CHARGE)

           C(    1):          0.113
           C(    2):          0.091
           N(    3):         -0.632
           N(    4):         -0.632
           H(    5):          0.009
           H(    6):          0.012
           H(    7):          0.009
           H(    8):          0.012
           H(    9):          0.255
           H(   10):          0.254
           H(   11):          0.255
           H(   12):          0.254

      -----------------------------------------------------------------

        END OF ethylenediamine-g+Tg+                                       


           TOTAL CPU TIME IS      0.04 SECONDS.

           THIS JOB COMPLETED AT    20:33:43
