                      Atom    1 should be a PI atom
                      Atom    2 should be a PI atom
                      Atom    3 should be a PI atom
1
               ---------------------------------------------
               WARNING : INCORRECT ATOM TYPES GIVEN IN INPUT
                         DATA ARE CORRECTED AS FOLLOWS
               ---------------------------------------------


             Atom type of atom    1 is replaced by   2 (was   0)
             Atom type of atom    2 is replaced by  37 (was   0)
             Atom type of atom    3 is replaced by  40 (was   0)
             Atom type of atom    4 is replaced by   5 (was   0)
             Atom type of atom    5 is replaced by  23 (was   0)
             Atom type of atom    6 is replaced by  23 (was   0)
             Atom type of atom    7 is replaced by  23 (was   0)
1     formamidine-cis                                             

               CHEMICAL FORMULA :  C(   1)  H(   4)  N(   2) 
               FORMULA WEIGHT   :     44.038
                                                               DATE 29-MAY-23
                                                               TIME  20:49:53


          THE COORDINATES OF    7 ATOMS ARE READ IN.
          SOME CONSTANTS WILL BE READ IN.

      CONFORMATIONAL ENERGY, PART 1:  GEOMETRY AND STERIC ENERGY
                                      OF INITIAL CONFORMATION.


      CONNECTED ATOMS
         1-   2-
         1-   3-

      ATTACHED ATOMS
         1-   4,   2-   5,   3-   6,   3-   7,

      INITIAL ATOMIC COORDINATES
           ATOM         X           Y           Z       TYPE
         C(   1)    -0.08129    -0.40434     0.00000   (  2) PI-ATOM
         N(   2)    -1.25274     0.14460     0.00000   ( 37) PI-ATOM
         N(   3)     1.17229     0.17053     0.00000   ( 40) PI-ATOM
         H(   4)    -0.03904    -1.50723     0.00000   (  5)
         H(   5)    -1.18012     1.15739     0.00000   ( 23)
         H(   6)     2.04218    -0.43922     0.00000   ( 23)
         H(   7)     1.26341     1.22808     0.00000   ( 23)

      VESCF CALCULATION FOR PLANAR SYSTEM

           ITER  1 VO=  -2.426251( -1522.98KCAL/MOL)
           ITER  2 VO=  -2.532615( -1589.75KCAL/MOL)     DIFF =   0.106364
           ITER  3 VO=  -2.529577( -1587.84KCAL/MOL)     DIFF =   0.003038
           ITER  4 VO=  -2.529168( -1587.58KCAL/MOL)     DIFF =   0.000409
           ITER  5 VO=  -2.529016( -1587.49KCAL/MOL)     DIFF =   0.000151
           ITER  6 VO=  -2.528982( -1587.47KCAL/MOL)     DIFF =   0.000034
           ITER  7 VO=  -2.528973( -1587.46KCAL/MOL)     DIFF =   0.000009

                VESCF SEQUENCE REQUIRES   0.02 SECONDS.

     ==================
     TORSIONAL CONSTANT
     ------------------
       MISSING FOR    3-   1-   2-   5 (TYPE  40-  2- 37- 23)
                                   NO REPLACEMENT PARAMETERS ARE FOUND.

     ==============
     ANGLE CONSTANT
     --------------
       MISSING FOR    6-   3-   7 (TYPE  23- 40- 23) ANGLE TYPE 1
                               NO REPLACEMENT PARAMETERS ARE FOUND.

     =======================================================
      Warning!!  Warning!!  Warning!!  Warning!!  Warning!!
     =======================================================
      THERE ARE SOME PARAMETERS MISSING.  PROGRAM WILL USE
      THE PARAMETERS GENERATED FROM THE MM3 PARAMETER
      ESTIMATION ROUTINE.  THESE PARAMETERS ARE ONLY
      ESTIMATES.  THEY WILL BE SUFFICIENTLY GOOD FOR MANY
      PURPOSES, BUT IF YOUR RESULTS ARE SENSITIVE TO THE
      EXACT VALUES USED FOR THESE PARAMETERS, THE WORK NEED
      FOR FURTHER WORK IS INDICATED.




               ****************************************************
               ***                                              ***
               ***    Do not worry, be happy. Let us go to:     ***
               ***            MM3 PARAMETER ESTIMATOR           ***
               ***    The missing parameters will be found      ***
               ***                                              ***
               ****************************************************




   
 THIS PROGRAM WILL MERGE THESE PARAMETERS IN PARA.MM3
   
   
  NEW MM3 PARAMETER FILE NAME IS NEW_PAR.MM3
   
  EXPLANATIONS FOR EACH ESTIMATED PARAMETER
  ARE WRITTEN TO FILE   ESTIMATE.MM3.
   

   PARAMETERS WRITTEN TO FILE NEW_PAR.MM3                   
  ****   END  OF  MM3  PARAMETER  ESTIMATOR  ****  


          THE FOLLOWING  1 TORSIONAL PARAMETERS ARE READ IN
                   (* FOR 4- AND 5-MEMBERED RING)
                   (A FOR ALLENES)
                   (C FOR CUMMULENE)
               ATOM TYPE NOS.     V1      V2      V3
              40   2  37  23     0.000  11.600   0.000


          THE FOLLOWING  1 BENDING PARAMETERS ARE READ IN
                   (*5 FOR 5-MEMBERED RING)
                   (*4 FOR 4-MEMBERED RING)
                   (*3 FOR 3-MEMBERED RING)
                   (*C3  FOR 3-MEM ANGLE CORR)
                   (*C4  FOR 4-MEM ANGLE CORR)
                   (*C34 FOR 3,4-MEM FUSED RING ANGLE CORR)
                   (*C35 FOR 3,5-MEM FUSED RING ANGLE CORR)

               ATOM TYPES      KB    THETA(0)   ED. TYPE
               23  40  23    0.493   120.000


          DIELECTRIC CONSTANT =  1.500


      INITIAL STERIC ENERGY IS     -2.5668 KCAL/MOL.

                  COMPRESSION       0.9609
                  BENDING           0.3152
                  BEND-BEND        -0.0007
                  STRETCH-BEND      0.0094
                  VANDERWAALS
                    1,4 ENERGY      1.0840
                    OTHER           0.1260
                  H-BONDING         0.0000
                  PI-COMPLX         0.0000

                  TORSIONAL        -3.2740
                  TORSION-STRETCH   0.0000
                  DIPOLE-DIPOLE    -1.7879
                  CHARGE-DIPOLE     0.0000
                  CHARGE-CHARGE     0.0000


      MOLECULAR POLARIZABILITIES (A**3)
        ALPHA(1)   =       5.23
        ALPHA(2)   =       3.75
        ALPHA(3)   =       3.35
        AVG. ALPHA =       4.11



      DIPOLE MOMENT =          3.381 D


        PI-DIPOLE MOMENT    =  1.5795

        SIGMA-DIPOLE MOMENT =  1.8323


      PLANAR
      ------
      F-MATRIX
       -0.21010 -0.21831 -0.17040
       -0.24211  0.01940
       -0.45829

      H-CORE MATRIX
       -1.33532 -0.08481 -0.10614
       -1.15870 -0.01515
       -1.57985

      GAMMA MATRIX
        0.41368  0.29574  0.30773
        0.44292  0.20194
        0.64147

      MOLECULAR ORBITALS
        0.55367  0.32026  0.76869
        0.37740  0.72634 -0.57445
        0.74230 -0.60816 -0.28129

      EIGENVALUES
       -0.57295 -0.37088  0.03333

      DENSITY MATRIX
        0.89797
        0.90288  1.26028
        0.41761 -0.34214  1.84175

      ELECTRON DENSITIES
         0.8980   1.2603   1.8418

      ORIGINAL EFFECTIVE NUCLEAR CHARGES
        3.25000  3.90000  3.90000

      FINAL EFFECTIVE NUCLEAR CHARGES
        3.28571  3.80890  3.95539

      BOND ORDERS  (P) AND RESONANCE INTEGRALS (B) FOR PI-BONDS
           BOND        P(W)      P(0)      B(0)     P*B(0)
           1-   2    0.9029    0.9029    1.1235    1.0144
           1-   3    0.4176    0.4176    1.4061    0.5872

      BOND ENERGY FROM VESCF CALCULATION(KCAL/MOL)
           SIGMA-BOND    -96.77
           PI-BOND       -98.08
           TOTAL ENERGY -194.85

      CPU TIME FOR INITIAL CALCULATION IS     0.07 SECONDS.


1     formamidine-cis                                             


     CONFORMATIONAL ENERGY, PART 2: GEOMETRY MINIMIZATION

               GEOMETRY OPTIMIZATION IS CONTINUED UNTIL ATOM
               MOVEMENT CONVERGES WITHIN FOLLOWING VALUES:

                         AVERAGE MOVEMENT  0.00008 A
                         MAXIMUM MOVEMENT  0.00079 A



     <<<<<<<<<<<<<<<<<<<<<<<<<<  C Y C L E   1 >>>>>>>>>>>>>>>>>>>>>>>>>>

                              (CH)-MOVEMENT = 1

       ITER    1   AVG. MOVE = 0.00797 A   (MAX MOVE : ATOM    6   0.05094 A)  
       ITER    2   AVG. MOVE = 0.00084 A   (MAX MOVE : ATOM    6   0.00624 A)  
       ITER    3   AVG. MOVE = 0.00012 A   (MAX MOVE : ATOM    2   0.00060 A)  
       ITER    4   AVG. MOVE = 0.00003 A   (MAX MOVE : ATOM    6   0.00017 A)  


     <<<<<<<<<<<<<<<<<<<<<<<<<<  C Y C L E   2 >>>>>>>>>>>>>>>>>>>>>>>>>>

                              (CH)-MOVEMENT = 0

       ITER    5   AVG. MOVE = 0.00001 A   (MAX MOVE : ATOM    6   0.00004 A)  


              * * * * * * * * * GEOMETRY IS OPTIMIZED * * * * * * * * *

               WITHIN : AVERAGE MOVEMENT  0.00001 A (LIMIT  0.00008 A)
                        MAXIMUM MOVEMENT  0.00004 A (LIMIT  0.00079 A)

               GRADIENT
                  RMS GRADIENT                0.002706 KCAL/MOL/A

                  MAX GRADIENT
                    X-DIRECTION : ATOM #   3   0.004246 KCAL/MOL/A
                    Y-DIRECTION : ATOM #   1   0.008435 KCAL/MOL/A
                    Z-DIRECTION : ATOM #   0   0.000000 KCAL/MOL/A

        DELTA TIME =    0.00 SEC.       TOTAL CPU TIME =      0.08 SEC.


                            =====================
                            FULL-MATRIX OPTIMIZER
                            =====================


     iter.  rms force   max force   avg. move    max move  atom  convg  d-time

        0    0.003551    0.012213   0.00001 A   0.00006 A    7    [N]     0.0s
        1    0.000036    0.000082                                 [Y]     0.0s


      TOTAL ENERGY IS     -3.5461 KCAL/MOL.

        COMPRESS    0.0051      VDW 1,4    1.1793      DIPL-DIPL   -1.8030
        BENDING     0.2115        OTHER    0.1425      CHRG-DIPL    0.0000
        STR-BEND    0.0067      TORSION   -3.2740      CHRG-CHRG    0.0000
        BEND-BEND  -0.0142      TOR-STR    0.0000      EPR          0.0000
        H-BONDING   0.0000      PI-CMPL    0.0000
0     DELTA(T) =     0.0 SEC.          ELAPSED TIME =     0.1 SEC.


    * * * ENERGY IS STATIONARY WITHIN RMS OF FORCES   0.00010  Kcal/mol/A * * *

                 * * * *  RMS FORCE IS   0.00004 Kcal/mol/A * * * *

1     formamidine-cis                                             

               CHEMICAL FORMULA :  C(   1)  H(   4)  N(   2) 
               FORMULA WEIGHT   :     44.038
                                                               DATE : 29-MAY-23

           * M M 3 * * * * * * * * * * * 2 0 0 0 *
           *                                     *   PARAMETER RELIABILITY
           *                                     *
           *                                     *   BLANK = GOOD
           *                                     *       B = FAIR
           *                                     *       C = TRIAL
           *                                     *       R = READ IN
           *                                     *       S = SUBSTITUTED
           *                                     *       U = PARAMETER NOT EXIST
           *                                     *
           *                                     *   THIS IS SHOWN AT THE END 
           *                                     *   OF THE LINE.
           * * * * *  P I - S Y S T E M  * * * * * 


      CONFORMATIONAL ENERGY, PART 3:  GEOMETRY AND STERIC ENERGY
                                      OF FINAL CONFORMATION.

      CONNECTED ATOMS
         1-   2-
         1-   3-

      ATTACHED ATOMS
         1-   4,   2-   5,   3-   6,   3-   7,

      FINAL ATOMIC COORDINATE
           ATOM         X           Y           Z       TYPE  PI #
         C(   1)    -0.08496     0.41053     0.00000   (  2)    1
         N(   2)    -1.24754    -0.14770     0.00000   ( 37)    2
         N(   3)     1.16947    -0.17207     0.00000   ( 40)    3
         H(   4)    -0.02211     1.51169     0.00000   (  5)
         H(   5)    -1.16134    -1.17220     0.00000   ( 23)
         H(   6)     2.01777     0.41370     0.00000   ( 23)
         H(   7)     1.26162    -1.19825     0.00000   ( 23)

      PLANAR
      ------
      F-MATRIX
       -0.21010 -0.21831 -0.17040
       -0.24211  0.01940
       -0.45829

      H-CORE MATRIX
       -1.33532 -0.08481 -0.10614
       -1.15870 -0.01515
       -1.57985

      GAMMA MATRIX
        0.41368  0.29574  0.30773
        0.44292  0.20194
        0.64147

      MOLECULAR ORBITALS
        0.55367  0.32026  0.76869
        0.37740  0.72634 -0.57445
        0.74230 -0.60816 -0.28129

      EIGENVALUES
       -0.57295 -0.37088  0.03333

      DENSITY MATRIX
        0.89797
        0.90288  1.26028
        0.41761 -0.34214  1.84175

      ELECTRON DENSITIES
         0.8980   1.2603   1.8418

      ORIGINAL EFFECTIVE NUCLEAR CHARGES
        3.25000  3.90000  3.90000

      FINAL EFFECTIVE NUCLEAR CHARGES
        3.28571  3.80890  3.95539

      BOND ORDERS  (P) AND RESONANCE INTEGRALS (B) FOR PI-BONDS
           BOND        P(W)      P(0)      B(0)     P*B(0)
           1-   2    0.9029    0.9029    1.1235    1.0144
           1-   3    0.4176    0.4176    1.4061    0.5872

      BOND ENERGY FROM VESCF CALCULATION(KCAL/MOL)
           SIGMA-BOND    -96.77
           PI-BOND       -98.08
           TOTAL ENERGY -194.85


          DIELECTRIC CONSTANT =  1.500


      BOND LENGTHS AND STRETCHING ENERGY   (    6 BONDS)

        ENERGY = 71.94(KS)(DR)(DR)(1-(CS)(DR)+(7/12)((CS)(DR))**2)
                          DR = R-RO
                          CS =  2.550
                                                         R(0)-CORR        CORR
          BOND        LENGTH   R(0)    K(S)  ENERGY   E-NEG   MISCEL       KS
    C(   1)- N(   2)  1.2897  1.2890  8.223  0.0003                             
    C(   1)- N(   3)  1.3831  1.3801  4.754  0.0030                             
    C(   1)- H(   4)  1.1030  1.1010  5.150  0.0014                             
    N(   2)- H(   5)  1.0281  1.0280  5.700  0.0000                             
    N(   3)- H(   6)  1.0309  1.0300  6.500  0.0004                             
    N(   3)- H(   7)  1.0303  1.0300  6.500  0.0000                             


      NON-BONDED DISTANCES, VDW AND EPR ENERGY   (      8 PAIRS)

              E(VDW) = KV*(1.84(10**5)EXP(-12.00/P) - 2.25(P**6))
              E(EPR) = C*KV*(1.84(10**5)EXP(-12.00/Q) - 2.25(Q**6))
              E(HBD) = EP1-EP2*COS(THETA)*RTH/RTH0
                            EP1 = KHB*1.84(10**5)*EXP(-12.0/P)
                            EP2 = KHB*2.25(P**6)

            IF P > 3.020, THEN,
              E(VDW) = KV(192.270)(P**2)
              E(HBD) = EP1-EP2*COS(THETA)*RTH/RTH0
                            EP1 = KHB*(192.270*P**2+1706.96)
                            EP2 = KHB*1706.96

               WHERE   RV = RVDW(I) + RVDW(K)
                       KV = SQRT(EPS(I)*EPS(K))
                      KHB = EPS/DIELEC  FOR HYDROGEN BOND
                        P = (RV/R) OR (RV/R#)
                        C = SCALE FACTOR
                        Q = RV/R, WHERE R IS MODIFIED DISTANCE
                    THETA = ANGLE H-X-Y IN HYDROGEN BOND X-H...Y
                      RTH = BOND LENGTH X-H IN X-H...Y
                     RTH0 = NATURAL BOND LENGTH X-H

          # IN THE VDW CALCULATIONS THE HYDROGEN ATOMS ARE RELOCATED
          SO THAT THE ATTACHED HYDROGEN DISTANCE IS REDUCED BY 0.923

          # IN THE VDW CALCULATIONS THE DEUTERIUM ATOMS ARE RELOCATED
          SO THAT THE ATTACHED DEUTERIUM DISTANCE IS REDUCED BY  0.923

         ATOM PAIR          R       R#       RV      KV       ENERGY
      C(   1), H(   5)   1.9141
      C(   1), H(   6)   2.1027
      C(   1), H(   7)   2.0980
      N(   2), N(   3)   2.4171
      N(   2), H(   4)   2.0628
      N(   2), H(   6)   3.3132   3.2414   3.530   0.0278    -0.0205  1,4       
      N(   2), H(   7)   2.7202   2.6841   3.530   0.0278     0.2340  1,4       
      N(   3), H(   4)   2.0627
      N(   3), H(   5)   2.5363   2.5124   3.530   0.0278     0.5183  1,4       
      H(   4), H(   5)   2.9157   2.7665   3.220   0.0190     0.0101  1,4       
      H(   4), H(   6)   2.3166   2.2446   3.220   0.0190     0.4410  1,4       
      H(   4), H(   7)   2.9986   2.8504   3.220   0.0190    -0.0037  1,4       
      H(   5), H(   6)   3.5527   3.4459   3.200   0.0180    -0.0179            
      H(   5), H(   7)   2.4231   2.4226   3.200   0.0180     0.1604            
      H(   6), H(   7)   1.7805


      BOND ANGLES, BENDING AND STRETCH-BEND ENERGIES   (    7 ANGLES)

          EB = 0.021914(KB)(DT)(DT)(1+CF*DT+QF*DT**2+PF*DT**3+SF*DT**4)
                          DT = THETA-TZERO
                          CF = -1400.000E-5
                          QF =     5.600E-5
                          PF =    -0.070E-5
                          SF =     0.022E-6
          ESB(J) = 2.51124(KSB(J))(DT)(DR1+DR2)
                          DR(I) = R(I) - R0(I)
          EBDBD  = -0.02191418(KBB1)(DT1)(KBB2)(DT2)

          A T O M S            THETA    TZERO     KB     EB     KSB    ESB
   N(   2)- C(   1)- N(   3)  129.440  126.000                 0.13  0.0041     
      IN-PLN    2-   1-   3   129.440  126.000  0.400  0.0988                   
      OUT-PL    1-   4-   1     0.000           0.110  0.0000                   
   N(   2)- C(   1)- H(   4)  118.915  119.000                 0.08  0.0000     
      IN-PLN    2-   1-   4   118.915  119.000  0.530  0.0001                   
      OUT-PL    1-   3-   1     0.019           0.050  0.0000                   
   N(   3)- C(   1)- H(   4)  111.645  110.000                 0.08  0.0016     
      IN-PLN    3-   1-   4   111.645  110.000  0.500  0.0290                   
      OUT-PL    1-   2-   1     0.011           0.250  0.0000                   
   C(   1)- N(   2)- H(   5)  110.839  109.800  0.670  0.0156  0.03  0.0001     
   C(   1)- N(   3)- H(   6)  120.463  118.500                 0.03  0.0006     
      IN-PLN    1-   3-   6   120.463  118.500  0.490  0.0402                   
      OUT-PL    3-   7-   3     0.022           0.050  0.0000                   
   C(   1)- N(   3)- H(   7)  120.043  118.500                 0.03  0.0004     
      IN-PLN    1-   3-   7   120.043  118.500  0.490  0.0250                   
      OUT-PL    3-   6-   3     0.000           0.050  0.0000                   
   H(   6)- N(   3)- H(   7)  119.494  120.000
      IN-PLN    6-   3-   7   119.494  120.000  0.493  0.0028                  R
      OUT-PL    3-   1-   3     0.019           0.700  0.0000                   


     DIHEDRAL ANGLES, TORSIONAL ENERGY (ET)   (    6 ANGLES)

           ET = (V1/2)(1+COS(W))+(V2/2)(1-COS(2W))+(V3/2)(1+COS(3W))

           ETS = -11.995*(R-R0)((KTS1/2)(1+COS(W))+
                                (KTS2/2)(1-COS(2W)+
                                (KTS3/2)(1+COS(3W))

           SIGN OF ANGLE A-B-C-D : WHEN LOOKING THROUGH B TOWARD C,
           IF D IS COUNTERCLOCKWISE FROM A, NEGATIVE.

         A T O M S               OMEGA    V1     V2     V3     ET   KTS3   ETS
 N(   2) C(   1) N(   3) H(   6)-180.0 -2.744  8.808  0.000  0.000              
 N(   2) C(   1) N(   3) H(   7)   0.0 -2.744  8.808  0.000 -2.744              
 N(   3) C(   1) N(   2) H(   5)   0.0  0.000 11.767  0.000  0.000             R
 H(   4) C(   1) N(   2) H(   5)-180.0  0.000 15.216  0.000  0.000              
 H(   4) C(   1) N(   3) H(   6)   0.0 -0.530  1.762  0.000 -0.530              
 H(   4) C(   1) N(   3) H(   7) 180.0 -0.530  1.762  0.000  0.000              

     DIPOLE-DIPOLE INTERACTION ENERGY  (DIELECTRIC CONSTANT = 1.50)

          E = 14.388*MU1*MU2*(COSX-3*COSA*COSB)/(R12**3*DIELC)

               MU1 = BOND MOM OF BOND 1
               MU2 = BOND MOM OF BOND 2
               R12 = DISTANCE BETWEEN MID-POINTS OF TWO BONDS.

        BOND(1)       MU1           BOND(2)       MU2      R12        E
   C(   1)- N(   2)  1.290   + N(   3)- H(   6) -1.460   2.2599   -1.9181       
   C(   1)- N(   2)  1.290   + N(   3)- H(   7) -1.460   2.0513   -2.7005       
   C(   1)- N(   3)  0.870   + N(   2)- H(   5) -1.200   1.9126   -1.6384       
   C(   1)- H(   4) -0.600   + N(   2)- H(   5) -1.200   1.9881    0.8361       
   C(   1)- H(   4) -0.600   + N(   3)- H(   6) -1.460   1.8491    1.5790       
   C(   1)- H(   4) -0.600   + N(   3)- H(   7) -1.460   2.0786    0.8639       
   N(   2)- H(   5) -1.200   + N(   3)- H(   6) -1.460   2.9049    0.0228       
   N(   2)- H(   5) -1.200   + N(   3)- H(   7) -1.460   2.4201    1.1521       


 ==============================================================================
                        NORMAL MODE VIBRATIONAL ANALYSIS
 ==============================================================================


             Molecular Shape : PLANAR
        Symmetry Point Group : Cs  
             Symmetry Number :  1
                   Chirality :  no



0       FUNDAMENTAL NORMAL VIBRATIONAL FREQUENCIES
                ( THEORETICALLY  15 VALUES )

             Frequency :  in 1/cm
             A(i)      :  IR intensity (vs,s,m,w,vw,-- or in 10**6 cm/mole)
             A(i) = -- :  IR inactive


             no       Frequency   Symmetry      A(i)

             1.          3474.5     (A`  )       vs
             2.          3365.9     (A`  )        s
             3.          3206.7     (A`  )        s
             4.          3046.4     (A`  )        w
             5.          1668.1     (A`  )        s
             6.          1582.5     (A`  )        s
             7.          1252.4     (A`  )        m
             8.          1165.5     (A`  )        m
             9.          1029.2     (A"  )       vs
            10.          1013.4     (A`  )        s
            11.           925.5     (A`  )        w
            12.           887.5     (A"  )       vs
            13.           689.3     (A"  )        m
            14.           537.7     (A"  )        w
            15.           435.1     (A`  )        w
            16.     (       0.0)    (t/r )
            17.     (       0.0)    (t/r )
            18.     (       0.0)    (t/r )
            19.     (       0.0)    (t/r )
            20.     (       0.0)    (t/r )
            21.     (       0.0)    (t/r )


0       CORRESPONDING EIGEN VECTOR MATRIX   21 BY  21



 (  1)
    -0.001   -0.001    0.000    0.000    0.000    0.000    0.034    0.077
     0.000    0.007   -0.006    0.000   -0.001   -0.005    0.000   -0.529
    -0.370    0.000    0.058   -0.688    0.000

 (  2)
     0.003   -0.002    0.000    0.000    0.000    0.000   -0.051    0.021
     0.000   -0.002    0.016    0.000    0.000   -0.002    0.000    0.594
     0.390    0.000    0.076   -0.663    0.000

 (  3)
     0.003    0.003    0.000    0.004   -0.071    0.000    0.000    0.000
     0.000    0.004   -0.016    0.000   -0.083    0.957    0.000   -0.001
    -0.001    0.000    0.001   -0.005    0.000

 (  4)
    -0.009   -0.084    0.000    0.004    0.001    0.000    0.000    0.002
     0.000    0.055    0.950    0.000    0.005    0.020    0.000   -0.007
    -0.017    0.000   -0.007    0.009    0.000

 (  5)
     0.182    0.019    0.000   -0.098   -0.028    0.000   -0.081    0.026
     0.000   -0.276    0.059    0.000    0.078   -0.021    0.000    0.125
    -0.312    0.000    0.379    0.081    0.000

 (  6)
    -0.123   -0.025    0.000    0.084    0.023    0.000   -0.043    0.030
     0.000    0.183   -0.060    0.000   -0.106    0.013    0.000    0.303
    -0.489    0.000    0.523    0.095    0.000

 (  7)
     0.027    0.057    0.000   -0.080   -0.063    0.000   -0.013    0.010
     0.000    0.876    0.020    0.000    0.045   -0.063    0.000   -0.055
     0.077    0.000    0.110    0.024    0.000

 (  8)
     0.015    0.105    0.000    0.041   -0.046    0.000    0.000   -0.056
     0.000   -0.109    0.130    0.000   -0.749   -0.117    0.000   -0.181
     0.202    0.000    0.288   -0.035    0.000

 (  9)
     0.000    0.000   -0.018    0.000    0.000   -0.065    0.000    0.000
    -0.025    0.000    0.000    0.595    0.000    0.000    0.745    0.000
     0.000    0.002    0.000    0.000    0.111

 ( 10)
    -0.054    0.039    0.000   -0.012    0.037    0.000    0.009   -0.098
     0.000   -0.109    0.047    0.000    0.501    0.083    0.000   -0.280
     0.315    0.000    0.575   -0.055    0.000

 ( 11)
    -0.074    0.119    0.000   -0.101   -0.045    0.000    0.151   -0.039
     0.000   -0.154    0.131    0.000    0.056   -0.035    0.000    0.334
    -0.294    0.000   -0.056   -0.062    0.000

 ( 12)
     0.000    0.000   -0.124    0.000    0.000    0.038    0.000    0.000
     0.124    0.000    0.000    0.233    0.000    0.000   -0.024    0.000
     0.000   -0.360    0.000    0.000   -0.625

 ( 13)
     0.000    0.000   -0.152    0.000    0.000    0.088    0.000    0.000
    -0.022    0.000    0.000    0.317    0.000    0.000   -0.218    0.000
     0.000    0.664    0.000    0.000    0.116

 ( 14)
     0.000    0.000    0.030    0.000    0.000   -0.015    0.000    0.000
    -0.007    0.000    0.000   -0.420    0.000    0.000    0.409    0.000
     0.000    0.541    0.000    0.000   -0.585

 ( 15)
    -0.001    0.150    0.000    0.115   -0.072    0.000   -0.114   -0.044
     0.000   -0.027    0.150    0.000    0.323   -0.056    0.000   -0.012
    -0.197    0.000   -0.296   -0.062    0.000

 ( 16)
    -0.017   -0.028    0.085    0.004   -0.072   -0.155    0.005    0.019
     0.093   -0.059   -0.026    0.325    0.043   -0.069   -0.362   -0.017
     0.051    0.306    0.044    0.023   -0.114

 ( 17)
    -0.069    0.083   -0.028   -0.067    0.079   -0.018   -0.067    0.088
     0.147   -0.074    0.084   -0.197   -0.063    0.079    0.149   -0.069
     0.092    0.111   -0.063    0.089    0.314

 ( 18)
    -0.008   -0.104    0.050   -0.016   -0.087    0.095   -0.016   -0.122
     0.128    0.008   -0.105   -0.066   -0.030   -0.088    0.205   -0.008
    -0.134    0.076   -0.031   -0.123    0.238

 ( 19)
     0.077   -0.008   -0.090    0.022    0.107   -0.127    0.019   -0.132
     0.032    0.186   -0.015   -0.161   -0.079    0.098   -0.051    0.077
    -0.216    0.047   -0.082   -0.141    0.109

 ( 20)
    -0.045   -0.059   -0.159   -0.006   -0.140   -0.088   -0.004    0.030
    -0.030   -0.122   -0.054   -0.347    0.067   -0.134    0.091   -0.045
     0.089   -0.112    0.068    0.036    0.149

 ( 21)
     0.112    0.028   -0.003    0.133   -0.016    0.024    0.134    0.076
     0.079    0.071    0.030   -0.106    0.172   -0.013    0.123    0.112
     0.108    0.042    0.173    0.079    0.178


 ==============================================================================
                      STATISTICAL THERMODYNAMICS ANALYSIS
 ==============================================================================

  Structure name    : formamidine-cis                                             
  Temperature       :   298.16 K
  Symmetry number   :   1
  Optical isomers   :   1
  Zero Point Energy :   34.709 Kcal/mol


                     ENERGY   ENTHALPY    ENTROPY  FREE ENERGY   HEAT CAPACITY
                  (Kcal/mol) (Kcal/mol)     (eu)   (Kcal/mol)    (cal/mol/deg)
  Translational       0.889      1.481     37.257     -9.627         4.967
     Rotational       0.889      0.889     21.512     -5.525         2.980
    Vibrational      35.213%    35.213%     2.271*    34.536%        5.597*
      Potential      -3.546#    -3.546#     0.000     -3.546#        0.000
         Mixing       0.000      0.000      0.000      0.000         0.000
          Total      33.445     34.037     61.039     15.837        13.545

  Enthalpy Function (H-Ho)/T     =    9.64 cal/mol/deg
  Free Energy Function -(G-Ho)/T =   51.40 cal/mol/deg

  % Includes zero point energy (ZPE).
  * Excludes contribution from frequencies lower than 40 (1/cm).
  # Includes steric energy (SE).
    Internal rotation contributions are not considered

  This structure has   0 imaginary frequencies,
                       0 free internal rotation (fir) frequencies
                         (>= 0,< 10 /cm),
                       0 restricted internal rotation (rir) frequencies
                         (>= 10,< 40 /cm),
                       6 zero frequencies, and
                      15 real frequencies.


      FINAL STERIC ENERGY IS     -3.5461 KCAL/MOL.
      (WITHOUT ELECTRONIC ENERGY CORR.)


                COMPRESSION       0.0051
                BENDING           0.2115
                BEND-BEND        -0.0142
                STRETCH-BEND      0.0067
                VANDERWAALS
                  1,4 ENERGY      1.1793
                  OTHER           0.1425
                H-BONDING         0.0000
                PI-COMPLX         0.0000

                TORSIONAL        -3.2740
                TORSION-STRETCH   0.0000
                DIPOLE-DIPOLE    -1.8030
                CHARGE-DIPOLE     0.0000
                CHARGE-CHARGE     0.0000


      FINAL ENERGY (WITH SCF) IS          -198.3952 KCAL/MOL

                STERIC           -3.5461
                SIGMA-STRETCH    -0.0033
                E(RHF)         -194.8459

      -----------------------------------------------------------------

      COORDINATES TRANSLATED TO NEW ORIGIN WHICH IS CENTER OF MASS
         C(   1)    -0.08496     0.41053     0.00000   (  2)
         N(   2)    -1.24754    -0.14770     0.00000   ( 37)
         N(   3)     1.16947    -0.17207     0.00000   ( 40)
         H(   4)    -0.02211     1.51169     0.00000   (  5)
         H(   5)    -1.16134    -1.17220     0.00000   ( 23)
         H(   6)     2.01777     0.41370     0.00000   ( 23)
         H(   7)     1.26162    -1.19825     0.00000   ( 23)

      MOMENT OF INERTIA WITH THE PRINCIPAL AXES

          (1)  UNIT = 10**(-39) GM*CM**2
               IX=    1.3367    IY=    7.9863    IZ=    9.3230

          (2)  UNIT = AU A**2
               IX=    8.0508    IY=   48.0998    IZ=   56.1506



      MOLECULAR POLARIZABILITIES (A**3)
        ALPHA(1)   =       5.00
        ALPHA(2)   =       3.55
        ALPHA(3)   =       3.15
        AVG. ALPHA =       3.90



      DIPOLE MOMENT =          3.408 D


        PI-DIPOLE MOMENT    =  1.5732

            COMPONENTS    X = -1.5644    Y = -0.1658    Z =  0.0000


        SIGMA-DIPOLE MOMENT =  1.8643


            COMPONENTS    X = -1.8406    Y =  0.2965    Z =  0.0000


      -----------------------------------------------------------------

        END OF formamidine-cis                                             


           TOTAL CPU TIME IS      0.09 SECONDS.

           THIS JOB COMPLETED AT    20:49:53
