                      Atom    1 should be a PI atom
                      Atom    2 should be a PI atom
                      Atom    3 should be a PI atom
1
               ---------------------------------------------
               WARNING : INCORRECT ATOM TYPES GIVEN IN INPUT
                         DATA ARE CORRECTED AS FOLLOWS
               ---------------------------------------------


             Atom type of atom    1 is replaced by   2 (was   0)
             Atom type of atom    2 is replaced by  37 (was   0)
             Atom type of atom    3 is replaced by  40 (was   0)
             Atom type of atom    4 is replaced by   5 (was   0)
             Atom type of atom    5 is replaced by  23 (was   0)
             Atom type of atom    6 is replaced by  23 (was   0)
             Atom type of atom    7 is replaced by   1 (was   0)
             Atom type of atom    8 is replaced by   5 (was   0)
             Atom type of atom    9 is replaced by   5 (was   0)
             Atom type of atom   10 is replaced by   5 (was   0)
1     N-methylformamidine-cis                                     

               CHEMICAL FORMULA :  C(   2)  H(   6)  N(   2) 
               FORMULA WEIGHT   :     58.054
                                                               DATE 30-MAY-23
                                                               TIME  13:42:02


          THE COORDINATES OF   10 ATOMS ARE READ IN.
          SOME CONSTANTS WILL BE READ IN.

      CONFORMATIONAL ENERGY, PART 1:  GEOMETRY AND STERIC ENERGY
                                      OF INITIAL CONFORMATION.


      CONNECTED ATOMS
         1-   2-   7-
         1-   3-

      ATTACHED ATOMS
         1-   4,   3-   5,   3-   6,   7-   8,   7-   9,   7-  10,

      INITIAL ATOMIC COORDINATES
           ATOM         X           Y           Z       TYPE
         C(   1)     0.59231     0.58146     0.00000   (  2) PI-ATOM
         N(   2)    -0.69836     0.69059     0.00000   ( 37) PI-ATOM
         N(   3)     1.45276    -0.49764     0.00000   ( 40) PI-ATOM
         H(   4)     1.15645     1.53114     0.00000   (  5)
         H(   5)     2.50376    -0.34162     0.00000   ( 23)
         H(   6)     1.06965    -1.48655     0.00000   ( 23)
         C(   7)    -1.45438    -0.56105     0.00000   (  1)
         H(   8)    -2.53702    -0.32822     0.00000   (  5)
         H(   9)    -1.20182    -1.14960    -0.90402   (  5)
         H(  10)    -1.20182    -1.14960     0.90402   (  5)

      VESCF CALCULATION FOR PLANAR SYSTEM

           ITER  1 VO=  -2.425722( -1522.65KCAL/MOL)
           ITER  2 VO=  -2.532462( -1589.65KCAL/MOL)     DIFF =   0.106739
           ITER  3 VO=  -2.529460( -1587.77KCAL/MOL)     DIFF =   0.003002
           ITER  4 VO=  -2.529082( -1587.53KCAL/MOL)     DIFF =   0.000378
           ITER  5 VO=  -2.528935( -1587.44KCAL/MOL)     DIFF =   0.000146
           ITER  6 VO=  -2.528904( -1587.42KCAL/MOL)     DIFF =   0.000031
           ITER  7 VO=  -2.528896( -1587.41KCAL/MOL)     DIFF =   0.000009

                VESCF SEQUENCE REQUIRES   0.01 SECONDS.

     ==================
     TORSIONAL CONSTANT
     ------------------
       MISSING FOR    3-   1-   2-   7 (TYPE  40-  2- 37-  1)
                                   NO REPLACEMENT PARAMETERS ARE FOUND.

     ==============
     ANGLE CONSTANT
     --------------
       MISSING FOR    5-   3-   6 (TYPE  23- 40- 23) ANGLE TYPE 1
                               NO REPLACEMENT PARAMETERS ARE FOUND.

     =======================================================
      Warning!!  Warning!!  Warning!!  Warning!!  Warning!!
     =======================================================
      THERE ARE SOME PARAMETERS MISSING.  PROGRAM WILL USE
      THE PARAMETERS GENERATED FROM THE MM3 PARAMETER
      ESTIMATION ROUTINE.  THESE PARAMETERS ARE ONLY
      ESTIMATES.  THEY WILL BE SUFFICIENTLY GOOD FOR MANY
      PURPOSES, BUT IF YOUR RESULTS ARE SENSITIVE TO THE
      EXACT VALUES USED FOR THESE PARAMETERS, THE WORK NEED
      FOR FURTHER WORK IS INDICATED.




               ****************************************************
               ***                                              ***
               ***    Do not worry, be happy. Let us go to:     ***
               ***            MM3 PARAMETER ESTIMATOR           ***
               ***    The missing parameters will be found      ***
               ***                                              ***
               ****************************************************




   
 THIS PROGRAM WILL MERGE THESE PARAMETERS IN PARA.MM3
   
   
  NEW MM3 PARAMETER FILE NAME IS NEW_PAR.MM3
   
  EXPLANATIONS FOR EACH ESTIMATED PARAMETER
  ARE WRITTEN TO FILE   ESTIMATE.MM3.
   

   PARAMETERS WRITTEN TO FILE NEW_PAR.MM3                   
  ****   END  OF  MM3  PARAMETER  ESTIMATOR  ****  


          THE FOLLOWING  1 TORSIONAL PARAMETERS ARE READ IN
                   (* FOR 4- AND 5-MEMBERED RING)
                   (A FOR ALLENES)
                   (C FOR CUMMULENE)
               ATOM TYPE NOS.     V1      V2      V3
              40   2  37   1     0.000  11.600   0.000


          THE FOLLOWING  1 BENDING PARAMETERS ARE READ IN
                   (*5 FOR 5-MEMBERED RING)
                   (*4 FOR 4-MEMBERED RING)
                   (*3 FOR 3-MEMBERED RING)
                   (*C3  FOR 3-MEM ANGLE CORR)
                   (*C4  FOR 4-MEM ANGLE CORR)
                   (*C34 FOR 3,4-MEM FUSED RING ANGLE CORR)
                   (*C35 FOR 3,5-MEM FUSED RING ANGLE CORR)

               ATOM TYPES      KB    THETA(0)   ED. TYPE
               23  40  23    0.493   120.000


          DIELECTRIC CONSTANT =  1.500


      INITIAL STERIC ENERGY IS      0.9023 KCAL/MOL.

                  COMPRESSION       1.2774
                  BENDING           1.6766
                  BEND-BEND         0.0045
                  STRETCH-BEND      0.0696
                  VANDERWAALS
                    1,4 ENERGY      1.9536
                    OTHER           0.5752
                  H-BONDING         0.0000
                  PI-COMPLX         0.0000

                  TORSIONAL        -3.2740
                  TORSION-STRETCH   0.0000
                  DIPOLE-DIPOLE    -1.3807
                  CHARGE-DIPOLE     0.0000
                  CHARGE-CHARGE     0.0000


      MOLECULAR POLARIZABILITIES (A**3)
        ALPHA(1)   =       7.14
        ALPHA(2)   =       6.70
        ALPHA(3)   =       5.12
        AVG. ALPHA =       6.32



      DIPOLE MOMENT =          3.301 D


        PI-DIPOLE MOMENT    =  1.5969

        SIGMA-DIPOLE MOMENT =  1.7681


      PLANAR
      ------
      F-MATRIX
       -0.21010 -0.21800 -0.17025
       -0.24177  0.02002
       -0.45880

      H-CORE MATRIX
       -1.33466 -0.08457 -0.10602
       -1.15410 -0.01418
       -1.57745

      GAMMA MATRIX
        0.41364  0.29554  0.30758
        0.44295  0.19967
        0.64148

      MOLECULAR ORBITALS
        0.55270  0.31747  0.77054
        0.37955  0.72726 -0.57188
        0.74194 -0.60853 -0.28146

      EIGENVALUES
       -0.57268 -0.37128  0.03329

      DENSITY MATRIX
        0.89905
        0.90298  1.25938
        0.41765 -0.34255  1.84156

      ELECTRON DENSITIES
         0.8991   1.2594   1.8416

      ORIGINAL EFFECTIVE NUCLEAR CHARGES
        3.25000  3.90000  3.90000

      FINAL EFFECTIVE NUCLEAR CHARGES
        3.28533  3.80922  3.95545

      BOND ORDERS  (P) AND RESONANCE INTEGRALS (B) FOR PI-BONDS
           BOND        P(W)      P(0)      B(0)     P*B(0)
           1-   2    0.9030    0.9030    1.1203    1.0116
           1-   3    0.4176    0.4176    1.4045    0.5866

      BOND ENERGY FROM VESCF CALCULATION(KCAL/MOL)
           SIGMA-BOND    -97.16
           PI-BOND       -98.03
           TOTAL ENERGY -195.18

      CPU TIME FOR INITIAL CALCULATION IS     0.17 SECONDS.


1     N-methylformamidine-cis                                     


     CONFORMATIONAL ENERGY, PART 2: GEOMETRY MINIMIZATION

                            =====================
                            FULL-MATRIX OPTIMIZER
                            =====================


     iter.  rms force   max force   avg. move    max move  atom  convg  d-time

        0   10.246146   25.501532   0.00573 A   0.04041 A    5    [N]     0.0s
        1    1.303635    3.936642   0.00070 A   0.00503 A    6    [N]     0.0s
        2    0.019159    0.059059   0.00002 A   0.00015 A    5    [N]     0.0s
        3    0.000037    0.000085                                 [Y]     0.0s


      TOTAL ENERGY IS     -0.3323 KCAL/MOL.

        COMPRESS    0.0324      VDW 1,4    2.0381      DIPL-DIPL   -1.3905
        BENDING     1.6668        OTHER    0.5761      CHRG-DIPL    0.0000
        STR-BEND    0.0355      TORSION   -3.2759      CHRG-CHRG    0.0000
        BEND-BEND  -0.0148      TOR-STR    0.0000      EPR          0.0000
        H-BONDING   0.0000      PI-CMPL    0.0000
0     DELTA(T) =     0.0 SEC.          ELAPSED TIME =     0.2 SEC.


    * * * ENERGY IS STATIONARY WITHIN RMS OF FORCES   0.00010  Kcal/mol/A * * *

                 * * * *  RMS FORCE IS   0.00004 Kcal/mol/A * * * *



          ---------------------------------------------------------------
            BECAUSE OF BIG MOVEMENT DURING THE MINIMIZATION SEQUENCE
                  ANOTHER VESCF-MINIMIZATION CYCLE MUST BE DONE
                        TO INSURE COMPLETE CONVERGENCE.
          ---------------------------------------------------------------


      VESCF CALCULATION FOR PLANAR SYSTEM

           ITER  1 VO=  -2.529094( -1587.54KCAL/MOL)
           ITER  2 VO=  -2.528916( -1587.43KCAL/MOL)     DIFF =   0.000178
           ITER  3 VO=  -2.528860( -1587.39KCAL/MOL)     DIFF =   0.000056
           ITER  4 VO=  -2.528846( -1587.38KCAL/MOL)     DIFF =   0.000014
           ITER  5 VO=  -2.528843( -1587.38KCAL/MOL)     DIFF =   0.000003

                VESCF SEQUENCE REQUIRES   0.00 SECONDS.

                            =====================
                            FULL-MATRIX OPTIMIZER
                            =====================


     iter.  rms force   max force   avg. move    max move  atom  convg  d-time

        0    0.094103    0.344573   0.00004 A   0.00023 A    4    [N]     0.0s
        1    0.000110    0.000330   0.00000 A   0.00000 A    5    [N]     0.0s
        2    0.000033    0.000098                                 [Y]     0.0s


      TOTAL ENERGY IS     -0.3332 KCAL/MOL.

        COMPRESS    0.0324      VDW 1,4    2.0374      DIPL-DIPL   -1.3902
        BENDING     1.6665        OTHER    0.5758      CHRG-DIPL    0.0000
        STR-BEND    0.0356      TORSION   -3.2759      CHRG-CHRG    0.0000
        BEND-BEND  -0.0148      TOR-STR    0.0000      EPR          0.0000
        H-BONDING   0.0000      PI-CMPL    0.0000
0     DELTA(T) =     0.0 SEC.          ELAPSED TIME =     0.2 SEC.


    * * * ENERGY IS MINIMIZED WITHIN RMS OF FORCES   0.00003  Kcal/mol/A * * *

                 * * * *  RMS FORCE IS   0.00003 Kcal/mol/A * * * *

1     N-methylformamidine-cis                                     

               CHEMICAL FORMULA :  C(   2)  H(   6)  N(   2) 
               FORMULA WEIGHT   :     58.054
                                                               DATE : 30-MAY-23

           * M M 3 * * * * * * * * * * * 2 0 0 0 *
           *                                     *   PARAMETER RELIABILITY
           *                                     *
           *                                     *   BLANK = GOOD
           *                                     *       B = FAIR
           *                                     *       C = TRIAL
           *                                     *       R = READ IN
           *                                     *       S = SUBSTITUTED
           *                                     *       U = PARAMETER NOT EXIST
           *                                     *
           *                                     *   THIS IS SHOWN AT THE END 
           *                                     *   OF THE LINE.
           * * * * *  P I - S Y S T E M  * * * * * 


      CONFORMATIONAL ENERGY, PART 3:  GEOMETRY AND STERIC ENERGY
                                      OF FINAL CONFORMATION.

      CONNECTED ATOMS
         1-   2-   7-
         1-   3-

      ATTACHED ATOMS
         1-   4,   3-   5,   3-   6,   7-   8,   7-   9,   7-  10,

      FINAL ATOMIC COORDINATE
           ATOM         X           Y           Z       TYPE  PI #
         C(   1)    -0.58589    -0.58802     0.00000   (  2)    1
         N(   2)     0.70381    -0.67889     0.00000   ( 37)    2
         N(   3)    -1.44976     0.49474     0.00000   ( 40)    3
         H(   4)    -1.16020    -1.53053     0.00000   (  5)
         H(   5)    -2.47024     0.34695     0.00000   ( 23)
         H(   6)    -1.08195     1.45630     0.00000   ( 23)
         C(   7)     1.43794     0.55960     0.00000   (  1)
         H(   8)     2.53114     0.32209     0.00000   (  5)
         H(   9)     1.20022     1.15088    -0.92037   (  5)
         H(  10)     1.20022     1.15088     0.92037   (  5)

      PLANAR
      ------
      F-MATRIX
       -0.20992 -0.21859 -0.16933
       -0.24207  0.01979
       -0.45825

      H-CORE MATRIX
       -1.33366 -0.08491 -0.10554
       -1.15527 -0.01433
       -1.57682

      GAMMA MATRIX
        0.41365  0.29582  0.30691
        0.44300  0.20002
        0.64139

      MOLECULAR ORBITALS
        0.55329  0.32058  0.76883
        0.37842  0.72550 -0.57484
        0.74207 -0.60900 -0.28010

      EIGENVALUES
       -0.57187 -0.37177  0.03340

      DENSITY MATRIX
        0.89867
        0.90384  1.25824
        0.41571 -0.34116  1.84309

      ELECTRON DENSITIES
         0.8987   1.2582   1.8431

      ORIGINAL EFFECTIVE NUCLEAR CHARGES
        3.25000  3.90000  3.90000

      FINAL EFFECTIVE NUCLEAR CHARGES
        3.28547  3.80962  3.95492

      BOND ORDERS  (P) AND RESONANCE INTEGRALS (B) FOR PI-BONDS
           BOND        P(W)      P(0)      B(0)     P*B(0)
           1-   2    0.9038    0.9038    1.1248    1.0167
           1-   3    0.4157    0.4157    1.3981    0.5812

      BOND ENERGY FROM VESCF CALCULATION(KCAL/MOL)
           SIGMA-BOND    -97.10
           PI-BOND       -97.99
           TOTAL ENERGY -195.10


          DIELECTRIC CONSTANT =  1.500


      BOND LENGTHS AND STRETCHING ENERGY   (    9 BONDS)

        ENERGY = 71.94(KS)(DR)(DR)(1-(CS)(DR)+(7/12)((CS)(DR))**2)
                          DR = R-RO
                          CS =  2.550
                                                         R(0)-CORR        CORR
          BOND        LENGTH   R(0)    K(S)  ENERGY   E-NEG   MISCEL       KS
    C(   1)- N(   2)  1.2929  1.2888  8.231  0.0099                             
    C(   1)- N(   3)  1.3851  1.3805  4.733  0.0072                             
    C(   1)- H(   4)  1.1037  1.1010  5.150  0.0027                             
    N(   2)- C(   7)  1.4397  1.4340  5.000  0.0116                             
    N(   3)- H(   5)  1.0311  1.0300  6.500  0.0006                             
    N(   3)- H(   6)  1.0295  1.0300  6.500  0.0001                             
    C(   7)- H(   8)  1.1187  1.1188  4.529  0.0000  0.0068             -0.221  
    C(   7)- H(   9)  1.1195  1.1188  4.529  0.0001  0.0068             -0.221  
    C(   7)- H(  10)  1.1195  1.1188  4.529  0.0001  0.0068             -0.221  


      NON-BONDED DISTANCES, VDW AND EPR ENERGY   (     23 PAIRS)

              E(VDW) = KV*(1.84(10**5)EXP(-12.00/P) - 2.25(P**6))
              E(EPR) = C*KV*(1.84(10**5)EXP(-12.00/Q) - 2.25(Q**6))
              E(HBD) = EP1-EP2*COS(THETA)*RTH/RTH0
                            EP1 = KHB*1.84(10**5)*EXP(-12.0/P)
                            EP2 = KHB*2.25(P**6)

            IF P > 3.020, THEN,
              E(VDW) = KV(192.270)(P**2)
              E(HBD) = EP1-EP2*COS(THETA)*RTH/RTH0
                            EP1 = KHB*(192.270*P**2+1706.96)
                            EP2 = KHB*1706.96

               WHERE   RV = RVDW(I) + RVDW(K)
                       KV = SQRT(EPS(I)*EPS(K))
                      KHB = EPS/DIELEC  FOR HYDROGEN BOND
                        P = (RV/R) OR (RV/R#)
                        C = SCALE FACTOR
                        Q = RV/R, WHERE R IS MODIFIED DISTANCE
                    THETA = ANGLE H-X-Y IN HYDROGEN BOND X-H...Y
                      RTH = BOND LENGTH X-H IN X-H...Y
                     RTH0 = NATURAL BOND LENGTH X-H

          # IN THE VDW CALCULATIONS THE HYDROGEN ATOMS ARE RELOCATED
          SO THAT THE ATTACHED HYDROGEN DISTANCE IS REDUCED BY 0.923

          # IN THE VDW CALCULATIONS THE DEUTERIUM ATOMS ARE RELOCATED
          SO THAT THE ATTACHED DEUTERIUM DISTANCE IS REDUCED BY  0.923

         ATOM PAIR          R       R#       RV      KV       ENERGY
      C(   1), H(   5)   2.1036
      C(   1), H(   6)   2.1036
      C(   1), C(   7)   2.3266
      C(   1), H(   8)   3.2472   3.1718   3.580   0.0335    -0.0070  1,4       
      C(   1), H(   9)   2.6573   2.6163   3.580   0.0335     0.4624  1,4       
      C(   1), H(  10)   2.6573   2.6163   3.580   0.0335     0.4624  1,4       
      N(   2), N(   3)   2.4526
      N(   2), H(   4)   2.0493
      N(   2), H(   5)   3.3357   3.2646   3.530   0.0278    -0.0225  1,4       
      N(   2), H(   6)   2.7835   2.7458   3.530   0.0278     0.1697  1,4       
      N(   2), H(   8)   2.0835
      N(   2), H(   9)   2.1075
      N(   2), H(  10)   2.1075
      N(   3), H(   4)   2.0459
      N(   3), C(   7)   2.8884            3.970   0.0341     0.4959  1,4       
      N(   3), H(   8)   3.9846   3.8998   3.550   0.0293    -0.0274            
      N(   3), H(   9)   2.8810   2.8661   3.550   0.0293     0.0964            
      N(   3), H(  10)   2.8810   2.8661   3.550   0.0293     0.0964            
      H(   4), H(   5)   2.2893   2.2195   3.220   0.0190     0.4947  1,4       
      H(   4), H(   6)   2.9878   2.8402   3.220   0.0190    -0.0023  1,4       
      H(   4), C(   7)   3.3345   3.2547   3.560   0.0230    -0.0159  1,4       
      H(   4), H(   8)   4.1301   3.9911   3.240   0.0200    -0.0115            
      H(   4), H(   9)   3.6890   3.5696   3.240   0.0200    -0.0185            
      H(   4), H(  10)   3.6890   3.5696   3.240   0.0200    -0.0185            
      H(   5), H(   6)   1.7771
      H(   5), C(   7)   3.9140   3.8349   3.640   0.0220    -0.0232            
      H(   5), H(   8)   5.0014   4.8387   3.220   0.0190    -0.0037            
      H(   5), H(   9)   3.8686   3.7833   3.220   0.0190    -0.0136            
      H(   5), H(  10)   3.8686   3.7833   3.220   0.0190    -0.0136            
      H(   6), C(   7)   2.6747   2.6777   3.640   0.0220     0.2818            
      H(   6), H(   8)   3.7869   3.7067   3.220   0.0190    -0.0148            
      H(   6), H(   9)   2.4796   2.4943   3.220   0.0190     0.1230            
      H(   6), H(  10)   2.4796   2.4943   3.220   0.0190     0.1230            
      H(   8), H(   9)   1.8180
      H(   8), H(  10)   1.8180
      H(   9), H(  10)   1.8407


      BOND ANGLES, BENDING AND STRETCH-BEND ENERGIES   (   13 ANGLES)

          EB = 0.021914(KB)(DT)(DT)(1+CF*DT+QF*DT**2+PF*DT**3+SF*DT**4)
                          DT = THETA-TZERO
                          CF = -1400.000E-5
                          QF =     5.600E-5
                          PF =    -0.070E-5
                          SF =     0.022E-6
          ESB(J) = 2.51124(KSB(J))(DT)(DR1+DR2)
                          DR(I) = R(I) - R0(I)
          EBDBD  = -0.02191418(KBB1)(DT1)(KBB2)(DT2)

          A T O M S            THETA    TZERO     KB     EB     KSB    ESB
   N(   2)- C(   1)- N(   3)  132.615  126.000                 0.13  0.0189     
      IN-PLN    2-   1-   3   132.615  126.000  0.400  0.3489                   
      OUT-PL    1-   4-   1     0.000           0.110  0.0000                   
   N(   2)- C(   1)- H(   4)  117.325  119.000                 0.08 -0.0023     
      IN-PLN    2-   1-   4   117.325  119.000  0.530  0.0333                   
      OUT-PL    1-   3-   1     0.000           0.050  0.0000                   
   N(   3)- C(   1)- H(   4)  110.060  110.000                 0.08  0.0001     
      IN-PLN    3-   1-   4   110.060  110.000  0.500  0.0000                   
      OUT-PL    1-   2-   1     0.000           0.250  0.0000                   
   C(   1)- N(   2)- C(   7)  116.628  109.000  0.720  0.8227  0.05  0.0094     
   C(   1)- N(   3)- H(   5)  120.344  118.500                 0.03  0.0008     
      IN-PLN    1-   3-   5   120.344  118.500  0.490  0.0356                   
      OUT-PL    3-   6-   3     0.016           0.050  0.0000                   
   C(   1)- N(   3)- H(   6)  120.483  118.500                 0.03  0.0006     
      IN-PLN    1-   3-   6   120.483  118.500  0.490  0.0411                   
      OUT-PL    3-   5-   3     0.020           0.050  0.0000                   
   H(   5)- N(   3)- H(   6)  119.173  120.000
      IN-PLN    5-   3-   6   119.173  120.000  0.493  0.0075                  R
      OUT-PL    3-   1-   3     0.000           0.700  0.0000                   
   N(   2)- C(   7)- H(   8)  108.400  107.500  0.803  0.0141  0.08  0.0010     
   N(   2)- C(   7)- H(   9)  110.248  107.500  0.803  0.1278  0.08  0.0035     
   N(   2)- C(   7)- H(  10)  110.248  107.500  0.803  0.1278  0.08  0.0035     
   H(   8)- C(   7)- H(   9)  108.642  107.800  0.550  0.0084                   
   H(   8)- C(   7)- H(  10)  108.642  107.800  0.550  0.0084                   
   H(   9)- C(   7)- H(  10)  110.601  107.800  0.550  0.0909                   


     DIHEDRAL ANGLES, TORSIONAL ENERGY (ET)   (    9 ANGLES)

           ET = (V1/2)(1+COS(W))+(V2/2)(1-COS(2W))+(V3/2)(1+COS(3W))

           ETS = -11.995*(R-R0)((KTS1/2)(1+COS(W))+
                                (KTS2/2)(1-COS(2W)+
                                (KTS3/2)(1+COS(3W))

           SIGN OF ANGLE A-B-C-D : WHEN LOOKING THROUGH B TOWARD C,
           IF D IS COUNTERCLOCKWISE FROM A, NEGATIVE.

         A T O M S               OMEGA    V1     V2     V3     ET   KTS3   ETS
 C(   1) N(   2) C(   7) H(   8) 180.0  0.000  0.000 -0.980  0.000              
 C(   1) N(   2) C(   7) H(   9) -61.2  0.000  0.000 -0.980 -0.001              
 C(   1) N(   2) C(   7) H(  10)  61.2  0.000  0.000 -0.980 -0.001              
 N(   2) C(   1) N(   3) H(   5) 180.0 -2.744  8.718  0.000  0.000              
 N(   2) C(   1) N(   3) H(   6)   0.0 -2.744  8.718  0.000 -2.744              
 N(   3) C(   1) N(   2) C(   7)   0.0  0.000 11.793  0.000  0.000             R
 H(   4) C(   1) N(   2) C(   7)-180.0  0.000 12.403  0.000  0.000              
 H(   4) C(   1) N(   3) H(   5)   0.0 -0.530  1.744  0.000 -0.530              
 H(   4) C(   1) N(   3) H(   6)-180.0 -0.530  1.744  0.000  0.000              

     DIPOLE-DIPOLE INTERACTION ENERGY  (DIELECTRIC CONSTANT = 1.50)

          E = 14.388*MU1*MU2*(COSX-3*COSA*COSB)/(R12**3*DIELC)

               MU1 = BOND MOM OF BOND 1
               MU2 = BOND MOM OF BOND 2
               R12 = DISTANCE BETWEEN MID-POINTS OF TWO BONDS.

        BOND(1)       MU1           BOND(2)       MU2      R12        E
   C(   1)- N(   2)  1.290   + N(   3)- H(   5) -1.460   2.2777   -1.9159       
   C(   1)- N(   2)  1.290   + N(   3)- H(   6) -1.460   2.0842   -2.6154       
   C(   1)- N(   3)  0.870   + N(   2)- C(   7) -1.400   2.0887   -1.6740       
   C(   1)- H(   4) -0.600   + N(   2)- C(   7) -1.400   2.1859    0.9010       
   C(   1)- H(   4) -0.600   + N(   3)- H(   5) -1.460   1.8364    1.5928       
   C(   1)- H(   4) -0.600   + N(   3)- H(   6) -1.460   2.0724    0.8513       
   N(   2)- C(   7) -1.400   + N(   3)- H(   5) -1.460   3.0687    0.2911       
   N(   2)- C(   7) -1.400   + N(   3)- H(   6) -1.460   2.5558    1.1790       


 ==============================================================================
                        NORMAL MODE VIBRATIONAL ANALYSIS
 ==============================================================================


             Molecular Shape : ASYMMETRIC ROTOR WITH KAPPA =-0.818181
        Symmetry Point Group : Cs  
             Symmetry Number :  1
                   Chirality :  no



0       FUNDAMENTAL NORMAL VIBRATIONAL FREQUENCIES
                ( THEORETICALLY  24 VALUES )

             Frequency :  in 1/cm
             A(i)      :  IR intensity (vs,s,m,w,vw,-- or in 10**6 cm/mole)
             A(i) = -- :  IR inactive


             no       Frequency   Symmetry      A(i)

             1.          3478.6     (A`  )       vs
             2.          3368.8     (A`  )        s
             3.          3036.3     (A`  )        w
             4.          2908.9     (A`  )        m
             5.          2906.8     (A"  )        m
             6.          2806.4     (A`  )        w
             7.          1677.7     (A`  )        s
             8.          1593.3     (A`  )        s
             9.          1431.3     (A`  )        w
            10.          1428.0     (A"  )        w
            11.          1383.7     (A`  )        w
            12.          1299.3     (A`  )        m
            13.          1081.4     (A"  )        w
            14.          1077.6     (A`  )        m
            15.          1064.4     (A`  )        m
            16.          1017.4     (A`  )        w
            17.           887.5     (A"  )       vs
            18.           850.3     (A`  )        w
            19.           736.5     (A"  )        s
            20.           639.7     (A"  )        w
            21.           502.9     (A`  )        w
            22.           331.7     (A"  )        w
            23.           268.1     (A`  )        w
            24.          -157.2     (imag)        w
            25.     (       0.0)    (t/r )
            26.     (       0.0)    (t/r )
            27.     (       0.0)    (t/r )
            28.     (       0.0)    (t/r )
            29.     (       0.0)    (t/r )
            30.     (       0.0)    (t/r )


0       CORRESPONDING EIGEN VECTOR MATRIX   30 BY  30



 (  1)
     0.001    0.000    0.000    0.000    0.000    0.000   -0.062   -0.056
     0.000   -0.003    0.008    0.000    0.596    0.090    0.000    0.265
     0.678    0.000    0.000    0.000    0.000    0.000    0.000    0.000
     0.000    0.000    0.000    0.000    0.000    0.000

 (  2)
     0.002   -0.003    0.000    0.000    0.000    0.000   -0.040    0.038
     0.000    0.005    0.016    0.000    0.742    0.091    0.000   -0.211
    -0.589    0.000    0.000    0.000    0.000    0.000    0.000    0.000
     0.000    0.000    0.000    0.000    0.000    0.000

 (  3)
     0.047    0.070    0.000   -0.005    0.000    0.000   -0.001   -0.001
     0.000   -0.496   -0.813    0.000    0.013    0.012    0.000    0.002
    -0.011    0.000   -0.001    0.001    0.000    0.003    0.000    0.000
     0.000   -0.003    0.003    0.000   -0.003   -0.003

 (  4)
     0.000    0.000    0.000    0.000    0.000    0.000    0.000    0.000
     0.000    0.003    0.006    0.000    0.000    0.000    0.000    0.001
     0.000    0.000   -0.080    0.047    0.000    0.780   -0.162    0.000
     0.084   -0.197    0.285    0.084   -0.197   -0.285

 (  5)
     0.000    0.000    0.000    0.000    0.000    0.000    0.000    0.000
     0.000    0.000    0.000   -0.003    0.000    0.000    0.000    0.000
     0.000    0.000    0.000    0.000   -0.094    0.000    0.000    0.019
     0.130   -0.352    0.550   -0.130    0.352    0.550

 (  6)
     0.001    0.000    0.000   -0.002   -0.004    0.000    0.000    0.000
     0.000    0.003    0.004    0.000    0.000    0.000    0.000    0.000
     0.000    0.000    0.027    0.051    0.000   -0.516    0.088    0.000
     0.109   -0.325    0.471    0.109   -0.325   -0.471

 (  7)
     0.165   -0.066    0.000   -0.101    0.009    0.000   -0.059    0.058
     0.000   -0.229    0.191    0.000   -0.024   -0.346    0.000    0.384
    -0.098    0.000    0.013    0.010    0.000    0.023    0.040    0.000
    -0.021   -0.030   -0.023   -0.021   -0.030    0.023

 (  8)
    -0.120    0.033    0.000    0.091   -0.005    0.000   -0.024    0.046
     0.000    0.135   -0.145    0.000    0.055   -0.565    0.000    0.507
    -0.145    0.000   -0.014   -0.013    0.000   -0.026   -0.053    0.000
     0.004    0.048    0.040    0.004    0.048   -0.040

 (  9)
     0.003   -0.019    0.000    0.032    0.061    0.000   -0.002    0.000
     0.000   -0.173    0.085    0.000   -0.003   -0.003    0.000   -0.029
     0.010    0.000   -0.082   -0.129    0.000    0.033    0.562    0.000
     0.347    0.129    0.090    0.347    0.129   -0.090

 ( 10)
     0.000    0.000    0.000    0.000    0.000   -0.020    0.000    0.000
    -0.001    0.000    0.000   -0.003    0.000    0.000   -0.003    0.000
     0.000   -0.003    0.000    0.000   -0.030    0.000    0.000    0.643
    -0.518   -0.113    0.008    0.518    0.113    0.008

 ( 11)
    -0.020    0.024    0.000   -0.041   -0.017    0.000    0.005    0.003
     0.000    0.261   -0.145    0.000    0.014   -0.046    0.000    0.047
    -0.011    0.000    0.000    0.047    0.000    0.063    0.387    0.000
     0.179   -0.418   -0.364    0.179   -0.418    0.364

 ( 12)
    -0.048   -0.030    0.000    0.101    0.044    0.000    0.007   -0.014
     0.000   -0.659    0.330    0.000    0.013   -0.078    0.000   -0.087
     0.020    0.000   -0.008    0.026    0.000   -0.043   -0.144    0.000
    -0.030   -0.249   -0.182   -0.030   -0.249    0.182

 ( 13)
     0.000    0.000   -0.011    0.000    0.000    0.068    0.000    0.000
     0.011    0.000    0.000   -0.047    0.000    0.000    0.006    0.000
     0.000   -0.048    0.000    0.000   -0.129    0.000    0.000    0.385
     0.161    0.492    0.138   -0.161   -0.492    0.138

 ( 14)
    -0.028   -0.032    0.000   -0.019    0.087    0.000    0.032    0.029
     0.000    0.051   -0.086    0.000    0.068   -0.198    0.000   -0.186
     0.116    0.000    0.075   -0.092    0.000    0.172    0.324    0.000
    -0.427   -0.148    0.099   -0.427   -0.148   -0.099

 ( 15)
    -0.008   -0.094    0.000   -0.014   -0.034    0.000    0.037    0.093
     0.000    0.028   -0.131    0.000    0.119   -0.456    0.000   -0.512
     0.314    0.000   -0.014    0.044    0.000   -0.052   -0.133    0.000
     0.181    0.086   -0.025    0.181    0.086    0.025

 ( 16)
    -0.058    0.086    0.000   -0.070   -0.106    0.000    0.061   -0.068
     0.000   -0.289    0.228    0.000    0.088   -0.240    0.000   -0.040
    -0.034    0.000    0.077    0.066    0.000    0.141    0.342    0.000
    -0.001    0.155    0.075   -0.001    0.155   -0.075

 ( 17)
     0.000    0.000   -0.123    0.000    0.000    0.033    0.000    0.000
     0.126    0.000    0.000    0.198    0.000    0.000   -0.356    0.000
     0.000   -0.634    0.000    0.000    0.010    0.000    0.000   -0.027
    -0.018   -0.049   -0.017    0.018    0.049   -0.017

 ( 18)
     0.039    0.113    0.000   -0.072    0.088    0.000    0.101   -0.083
     0.000    0.092    0.089    0.000    0.139   -0.317    0.000   -0.059
    -0.024    0.000   -0.082   -0.060    0.000   -0.142   -0.323    0.000
     0.042   -0.067   -0.035    0.042   -0.067    0.035

 ( 19)
     0.000    0.000   -0.117    0.000    0.000    0.011    0.000    0.000
    -0.029    0.000    0.000    0.799    0.000    0.000    0.312    0.000
     0.000    0.268    0.000    0.000    0.015    0.000    0.000    0.052
     0.016    0.019    0.024   -0.016   -0.019    0.024

 ( 20)
     0.000    0.000    0.093    0.000    0.000   -0.085    0.000    0.000
     0.001    0.000    0.000    0.376    0.000    0.000   -0.749    0.000
     0.000    0.246    0.000    0.000    0.003    0.000    0.000    0.046
     0.033    0.089    0.053   -0.033   -0.089    0.053

 ( 21)
    -0.101   -0.134    0.000   -0.088    0.107    0.000    0.082   -0.033
     0.000   -0.078   -0.149    0.000    0.056    0.158    0.000    0.274
    -0.107    0.000    0.060    0.051    0.000    0.030   -0.095    0.000
     0.147    0.082   -0.001    0.147    0.082    0.001

 ( 22)
     0.000    0.000   -0.106    0.000    0.000    0.115    0.000    0.000
     0.046    0.000    0.000   -0.225    0.000    0.000   -0.321    0.000
     0.000    0.587    0.000    0.000   -0.058    0.000    0.000   -0.004
     0.017   -0.159   -0.166   -0.017    0.159   -0.166

 ( 23)
    -0.015    0.051    0.000   -0.011    0.066    0.000   -0.138   -0.050
     0.000    0.045    0.014    0.000   -0.124   -0.157    0.000   -0.222
    -0.017    0.000    0.164   -0.039    0.000    0.131   -0.197    0.000
     0.235   -0.007    0.004    0.235   -0.007   -0.004

 ( 24)
     0.000    0.000    0.016    0.000    0.000   -0.067    0.000    0.000
     0.037    0.000    0.000    0.002    0.000    0.000    0.103    0.000
     0.000   -0.038    0.000    0.000    0.006    0.000    0.000    0.572
     0.416   -0.224   -0.246   -0.416    0.224   -0.246

 ( 25)
     0.027   -0.094    0.021    0.031   -0.048   -0.035   -0.011   -0.124
    -0.025    0.060   -0.114    0.124   -0.005   -0.160    0.037   -0.044
    -0.111   -0.120   -0.013   -0.023   -0.170   -0.005    0.016   -0.204
    -0.078   -0.105   -0.206    0.011    0.043   -0.206

 ( 26)
     0.002   -0.033   -0.053    0.001   -0.048    0.071    0.014   -0.023
    -0.199   -0.009   -0.027   -0.046    0.012   -0.012   -0.283    0.025
    -0.027   -0.226    0.015   -0.056    0.061    0.012   -0.068    0.176
     0.106   -0.111    0.002   -0.063    0.004    0.002

 ( 27)
     0.021    0.085   -0.089    0.021    0.085   -0.094    0.021    0.085
    -0.096    0.021    0.085   -0.077    0.021    0.085   -0.090    0.021
     0.085   -0.107    0.021    0.085   -0.109    0.021    0.085   -0.111
     0.017    0.076   -0.114    0.025    0.094   -0.114

 ( 28)
    -0.108   -0.015   -0.099   -0.111   -0.058   -0.114   -0.072    0.013
    -0.003   -0.139    0.004   -0.174   -0.077    0.047   -0.010   -0.040
     0.001    0.075   -0.070   -0.082   -0.015   -0.078   -0.118   -0.041
    -0.056    0.003    0.036   -0.045   -0.151    0.036

 ( 29)
    -0.042    0.049    0.089   -0.049   -0.049    0.060    0.041    0.115
     0.004   -0.114    0.093    0.203    0.029    0.193    0.050    0.114
     0.087   -0.105    0.046   -0.105   -0.089    0.028   -0.189   -0.097
     0.063   -0.181   -0.142    0.118    0.007   -0.142

 ( 30)
     0.076   -0.026   -0.073    0.073   -0.065   -0.093    0.109    0.001
     0.038    0.047   -0.008   -0.159    0.104    0.032    0.033    0.138
    -0.010    0.128    0.111   -0.087    0.020    0.104   -0.120   -0.012
     0.121    0.009    0.079    0.137   -0.168    0.079


 ==============================================================================
                      STATISTICAL THERMODYNAMICS ANALYSIS
 ==============================================================================

  Structure name    : N-methylformamidine-cis                                     
  Temperature       :   298.16 K
  Symmetry number   :   1
  Optical isomers   :   1
  Zero Point Energy :   51.144 Kcal/mol


                     ENERGY   ENTHALPY    ENTROPY  FREE ENERGY   HEAT CAPACITY
                  (Kcal/mol) (Kcal/mol)     (eu)   (Kcal/mol)    (cal/mol/deg)
  Translational       0.889      1.481     38.080     -9.873         4.967
     Rotational       0.889      0.889     23.930     -6.246         2.980
    Vibrational      52.136%    52.136%     4.865*    50.686%        9.190*
      Potential      -0.333#    -0.333#     0.000     -0.333#        0.000
         Mixing       0.000      0.000      0.000      0.000         0.000
          Total      53.580     54.173     66.876     34.233        17.138

  Enthalpy Function (H-Ho)/T     =   11.27 cal/mol/deg
  Free Energy Function -(G-Ho)/T =   55.60 cal/mol/deg

  % Includes zero point energy (ZPE).
  * Excludes contribution from frequencies lower than 40 (1/cm).
  # Includes steric energy (SE).
    Internal rotation contributions are not considered

  This structure has   1 imaginary frequencies,
                       0 free internal rotation (fir) frequencies
                         (>= 0,< 10 /cm),
                       0 restricted internal rotation (rir) frequencies
                         (>= 10,< 40 /cm),
                       6 zero frequencies, and
                      23 real frequencies.


      FINAL STERIC ENERGY IS     -0.3332 KCAL/MOL.
      (WITHOUT ELECTRONIC ENERGY CORR.)


                COMPRESSION       0.0324
                BENDING           1.6665
                BEND-BEND        -0.0148
                STRETCH-BEND      0.0356
                VANDERWAALS
                  1,4 ENERGY      2.0374
                  OTHER           0.5758
                H-BONDING         0.0000
                PI-COMPLX         0.0000

                TORSIONAL        -3.2759
                TORSION-STRETCH   0.0000
                DIPOLE-DIPOLE    -1.3902
                CHARGE-DIPOLE     0.0000
                CHARGE-CHARGE     0.0000


      FINAL ENERGY (WITH SCF) IS          -195.4487 KCAL/MOL

                STERIC           -0.3332
                SIGMA-STRETCH    -0.0171
                E(RHF)         -195.0984

      -----------------------------------------------------------------

      COORDINATES TRANSLATED TO NEW ORIGIN WHICH IS CENTER OF MASS
         C(   1)    -0.58589    -0.58802     0.00000   (  2)
         N(   2)     0.70381    -0.67889     0.00000   ( 37)
         N(   3)    -1.44976     0.49474     0.00000   ( 40)
         H(   4)    -1.16020    -1.53053     0.00000   (  5)
         H(   5)    -2.47024     0.34695     0.00000   ( 23)
         H(   6)    -1.08195     1.45630     0.00000   ( 23)
         C(   7)     1.43794     0.55960     0.00000   (  1)
         H(   8)     2.53114     0.32209     0.00000   (  5)
         H(   9)     1.20022     1.15088    -0.92037   (  5)
         H(  10)     1.20022     1.15088     0.92037   (  5)

      MOMENT OF INERTIA WITH THE PRINCIPAL AXES

          (1)  UNIT = 10**(-39) GM*CM**2
               IX=    4.4649    IY=   14.1225    IZ=   18.0203

          (2)  UNIT = AU A**2
               IX=   26.8911    IY=   85.0568    IZ=  108.5325



      MOLECULAR POLARIZABILITIES (A**3)
        ALPHA(1)   =       6.94
        ALPHA(2)   =       6.48
        ALPHA(3)   =       4.96
        AVG. ALPHA =       6.13



      DIPOLE MOMENT =          3.303 D


        PI-DIPOLE MOMENT    =  1.5826

            COMPONENTS    X =  1.4630    Y = -0.6037    Z =  0.0000


        SIGMA-DIPOLE MOMENT =  1.7839


            COMPONENTS    X =  1.2659    Y = -1.2569    Z =  0.0000


      -----------------------------------------------------------------

        END OF N-methylformamidine-cis                                     


           TOTAL CPU TIME IS      0.23 SECONDS.

           THIS JOB COMPLETED AT    13:42:03
