1
               ---------------------------------------------
               WARNING : INCORRECT ATOM TYPES GIVEN IN INPUT
                         DATA ARE CORRECTED AS FOLLOWS
               ---------------------------------------------


             Atom type of atom    1 is replaced by   3 (was   0)
             Atom type of atom    2 is replaced by  79 (was   0)
             Atom type of atom    3 is replaced by   9 (was   0)
             Atom type of atom    4 is replaced by  28 (was   0)
             Atom type of atom    5 is replaced by   1 (was   0)
             Atom type of atom    6 is replaced by   5 (was   0)
             Atom type of atom    7 is replaced by   5 (was   0)
             Atom type of atom    8 is replaced by   5 (was   0)
             Atom type of atom    9 is replaced by   5 (was   0)
1     N-methylformamide-E                                         

               CHEMICAL FORMULA :  C(   2)  H(   5)  O(   1)  N(   1) 
               FORMULA WEIGHT   :     59.038
                                                               DATE 30-MAY-23
                                                               TIME  13:35:14


          THE COORDINATES OF    9 ATOMS ARE READ IN.
          SOME CONSTANTS WILL BE READ IN.

      CONFORMATIONAL ENERGY, PART 1:  GEOMETRY AND STERIC ENERGY
                                      OF INITIAL CONFORMATION.


      CONNECTED ATOMS
         1-   3-   5-

      ATTACHED ATOMS
         1-   2,   1-   9,   3-   4,   5-   6,   5-   7,   5-   8,

      INITIAL ATOMIC COORDINATES
           ATOM         X           Y           Z       TYPE
         C(   1)     0.63149     0.36045     0.05189   (  3)
         O(   2)     1.75672    -0.07625    -0.05201   ( 79)
         N(   3)    -0.49731    -0.40962     0.06373   (  9)
         H(   4)    -0.34564    -1.42467     0.00201   ( 28)
         C(   5)    -1.84136     0.14321    -0.04798   (  1)
         H(   6)    -2.60313    -0.65930     0.04461   (  5)
         H(   7)    -2.03025     0.88812     0.75340   (  5)
         H(   8)    -1.98156     0.63960    -1.03131   (  5)
         H(   9)     0.40308     1.45727     0.12461   (  5)


          DIELECTRIC CONSTANT =  1.500


      INITIAL STERIC ENERGY IS     -0.5620 KCAL/MOL.

                  COMPRESSION       0.1312
                  BENDING           0.6849
                  BEND-BEND        -0.0156
                  STRETCH-BEND     -0.0041
                  VANDERWAALS
                    1,4 ENERGY      1.4589
                    OTHER           0.0260
                  H-BONDING         0.0000
                  PI-COMPLX         0.0000

                  TORSIONAL         2.4736
                  TORSION-STRETCH   0.0000
                  DIPOLE-DIPOLE    -5.3170
                  CHARGE-DIPOLE     0.0000
                  CHARGE-CHARGE     0.0000


      MOLECULAR POLARIZABILITIES (A**3)
        ALPHA(1)   =       7.26
        ALPHA(2)   =       5.01
        ALPHA(3)   =       4.29
        AVG. ALPHA =       5.52



      DIPOLE MOMENT =          3.734 D


      CPU TIME FOR INITIAL CALCULATION IS     0.02 SECONDS.


1     N-methylformamide-E                                         


     CONFORMATIONAL ENERGY, PART 2: GEOMETRY MINIMIZATION

               GEOMETRY OPTIMIZATION IS CONTINUED UNTIL ATOM
               MOVEMENT CONVERGES WITHIN FOLLOWING VALUES:

                         AVERAGE MOVEMENT  0.00009 A
                         MAXIMUM MOVEMENT  0.00090 A



     <<<<<<<<<<<<<<<<<<<<<<<<<<  C Y C L E   1 >>>>>>>>>>>>>>>>>>>>>>>>>>

                              (CH)-MOVEMENT = 1

       ITER    1   AVG. MOVE = 0.01135 A   (MAX MOVE : ATOM    2   0.11660 A)  
       ITER    2   AVG. MOVE = 0.00439 A   (MAX MOVE : ATOM    2   0.02882 A)  
       ITER    3   AVG. MOVE = 0.00285 A   (MAX MOVE : ATOM    2   0.02088 A)  
       ITER    4   AVG. MOVE = 0.00205 A   (MAX MOVE : ATOM    2   0.01495 A)  
       ITER    5   AVG. MOVE = 0.00148 A   (MAX MOVE : ATOM    2   0.01069 A)  
       ITER    6   AVG. MOVE = 0.00107 A   (MAX MOVE : ATOM    2   0.00759 A)  
       ITER    7   AVG. MOVE = 0.00078 A   (MAX MOVE : ATOM    2   0.00538 A)  
       ITER    8   AVG. MOVE = 0.00058 A   (MAX MOVE : ATOM    2   0.00381 A)  
       ITER    9   AVG. MOVE = 0.00045 A   (MAX MOVE : ATOM    2   0.00270 A)  
       ITER   10   AVG. MOVE = 0.00035 A   (MAX MOVE : ATOM    2   0.00192 A)  
       ITER   11   AVG. MOVE = 0.00029 A   (MAX MOVE : ATOM    2   0.00137 A)  
       ITER   12   AVG. MOVE = 0.00024 A   (MAX MOVE : ATOM    4   0.00106 A)  
       ITER   13   AVG. MOVE = 0.00022 A   (MAX MOVE : ATOM    4   0.00096 A)  
       ITER   14   AVG. MOVE = 0.00020 A   (MAX MOVE : ATOM    7   0.00094 A)  
       ITER   15   AVG. MOVE = 0.00019 A   (MAX MOVE : ATOM    7   0.00093 A)  
       ITER   16   AVG. MOVE = 0.00018 A   (MAX MOVE : ATOM    7   0.00092 A)  
       ITER   17   AVG. MOVE = 0.00018 A   (MAX MOVE : ATOM    7   0.00091 A)  
       ITER   18   AVG. MOVE = 0.00018 A   (MAX MOVE : ATOM    7   0.00091 A)  
       ITER   19   AVG. MOVE = 0.00017 A   (MAX MOVE : ATOM    7   0.00090 A)  
       ITER   20   AVG. MOVE = 0.00017 A   (MAX MOVE : ATOM    7   0.00089 A)  
       ITER   21   AVG. MOVE = 0.00017 A   (MAX MOVE : ATOM    7   0.00088 A)  
       ITER   22   AVG. MOVE = 0.00017 A   (MAX MOVE : ATOM    7   0.00088 A)  
       ITER   23   AVG. MOVE = 0.00017 A   (MAX MOVE : ATOM    7   0.00087 A)  
       ITER   24   AVG. MOVE = 0.00016 A   (MAX MOVE : ATOM    7   0.00086 A)  
       ITER   25   AVG. MOVE = 0.00016 A   (MAX MOVE : ATOM    7   0.00085 A)  
       ITER   26   AVG. MOVE = 0.00016 A   (MAX MOVE : ATOM    7   0.00085 A)  
       ITER   27   AVG. MOVE = 0.00016 A   (MAX MOVE : ATOM    7   0.00084 A)  
       ITER   28   AVG. MOVE = 0.00016 A   (MAX MOVE : ATOM    7   0.00083 A)  
       ITER   29   AVG. MOVE = 0.00016 A   (MAX MOVE : ATOM    7   0.00083 A)  
       ITER   30   AVG. MOVE = 0.00016 A   (MAX MOVE : ATOM    7   0.00082 A)  
       ITER   31   AVG. MOVE = 0.00015 A   (MAX MOVE : ATOM    7   0.00081 A)  
       ITER   32   AVG. MOVE = 0.00015 A   (MAX MOVE : ATOM    7   0.00080 A)  
       ITER   33   AVG. MOVE = 0.00015 A   (MAX MOVE : ATOM    7   0.00080 A)  
       ITER   34   AVG. MOVE = 0.00015 A   (MAX MOVE : ATOM    7   0.00079 A)  
       ITER   35   AVG. MOVE = 0.00015 A   (MAX MOVE : ATOM    7   0.00078 A)  
       ITER   36   AVG. MOVE = 0.00015 A   (MAX MOVE : ATOM    7   0.00078 A)  
       ITER   37   AVG. MOVE = 0.00015 A   (MAX MOVE : ATOM    7   0.00076 A)  
       ITER   38   AVG. MOVE = 0.00014 A   (MAX MOVE : ATOM    7   0.00076 A)  
       ITER   39   AVG. MOVE = 0.00014 A   (MAX MOVE : ATOM    7   0.00076 A)  
       ITER   40   AVG. MOVE = 0.00014 A   (MAX MOVE : ATOM    7   0.00075 A)  
       ITER   41   AVG. MOVE = 0.00014 A   (MAX MOVE : ATOM    7   0.00075 A)  
       ITER   42   AVG. MOVE = 0.00014 A   (MAX MOVE : ATOM    7   0.00075 A)  
       ITER   43   AVG. MOVE = 0.00014 A   (MAX MOVE : ATOM    7   0.00073 A)  
       ITER   44   AVG. MOVE = 0.00014 A   (MAX MOVE : ATOM    7   0.00073 A)  
       ITER   45   AVG. MOVE = 0.00014 A   (MAX MOVE : ATOM    7   0.00072 A)  
       ITER   46   AVG. MOVE = 0.00014 A   (MAX MOVE : ATOM    7   0.00072 A)  
       ITER   47   AVG. MOVE = 0.00013 A   (MAX MOVE : ATOM    7   0.00071 A)  
       ITER   48   AVG. MOVE = 0.00013 A   (MAX MOVE : ATOM    7   0.00070 A)  
       ITER   49   AVG. MOVE = 0.00013 A   (MAX MOVE : ATOM    7   0.00070 A)  
       ITER   50   AVG. MOVE = 0.00013 A   (MAX MOVE : ATOM    7   0.00069 A)  
       ITER   51   AVG. MOVE = 0.00013 A   (MAX MOVE : ATOM    7   0.00069 A)  
       ITER   52   AVG. MOVE = 0.00013 A   (MAX MOVE : ATOM    7   0.00068 A)  
       ITER   53   AVG. MOVE = 0.00013 A   (MAX MOVE : ATOM    7   0.00067 A)  
       ITER   54   AVG. MOVE = 0.00013 A   (MAX MOVE : ATOM    7   0.00067 A)  
       ITER   55   AVG. MOVE = 0.00013 A   (MAX MOVE : ATOM    7   0.00066 A)  
       ITER   56   AVG. MOVE = 0.00012 A   (MAX MOVE : ATOM    7   0.00066 A)  
       ITER   57   AVG. MOVE = 0.00012 A   (MAX MOVE : ATOM    7   0.00065 A)  
       ITER   58   AVG. MOVE = 0.00012 A   (MAX MOVE : ATOM    7   0.00065 A)  
       ITER   59   AVG. MOVE = 0.00012 A   (MAX MOVE : ATOM    7   0.00064 A)  
       ITER   60   AVG. MOVE = 0.00012 A   (MAX MOVE : ATOM    7   0.00064 A)  
       ITER   61   AVG. MOVE = 0.00012 A   (MAX MOVE : ATOM    7   0.00063 A)  
       ITER   62   AVG. MOVE = 0.00012 A   (MAX MOVE : ATOM    7   0.00063 A)  
       ITER   63   AVG. MOVE = 0.00012 A   (MAX MOVE : ATOM    7   0.00062 A)  
       ITER   64   AVG. MOVE = 0.00012 A   (MAX MOVE : ATOM    7   0.00062 A)  
       ITER   65   AVG. MOVE = 0.00012 A   (MAX MOVE : ATOM    7   0.00061 A)  
       ITER   66   AVG. MOVE = 0.00011 A   (MAX MOVE : ATOM    7   0.00060 A)  
       ITER   67   AVG. MOVE = 0.00011 A   (MAX MOVE : ATOM    7   0.00060 A)  
       ITER   68   AVG. MOVE = 0.00011 A   (MAX MOVE : ATOM    7   0.00059 A)  
       ITER   69   AVG. MOVE = 0.00011 A   (MAX MOVE : ATOM    7   0.00059 A)  
       ITER   70   AVG. MOVE = 0.00011 A   (MAX MOVE : ATOM    7   0.00058 A)  
       ITER   71   AVG. MOVE = 0.00011 A   (MAX MOVE : ATOM    7   0.00058 A)  
       ITER   72   AVG. MOVE = 0.00011 A   (MAX MOVE : ATOM    7   0.00058 A)  
       ITER   73   AVG. MOVE = 0.00011 A   (MAX MOVE : ATOM    7   0.00057 A)  
       ITER   74   AVG. MOVE = 0.00011 A   (MAX MOVE : ATOM    7   0.00057 A)  
       ITER   75   AVG. MOVE = 0.00011 A   (MAX MOVE : ATOM    7   0.00056 A)  
       ITER   76   AVG. MOVE = 0.00011 A   (MAX MOVE : ATOM    7   0.00056 A)  
       ITER   77   AVG. MOVE = 0.00010 A   (MAX MOVE : ATOM    7   0.00055 A)  
       ITER   78   AVG. MOVE = 0.00010 A   (MAX MOVE : ATOM    7   0.00055 A)  
       ITER   79   AVG. MOVE = 0.00010 A   (MAX MOVE : ATOM    7   0.00054 A)  
       ITER   80   AVG. MOVE = 0.00010 A   (MAX MOVE : ATOM    7   0.00054 A)  
       ITER   81   AVG. MOVE = 0.00010 A   (MAX MOVE : ATOM    7   0.00053 A)  
       ITER   82   AVG. MOVE = 0.00010 A   (MAX MOVE : ATOM    7   0.00053 A)  
       ITER   83   AVG. MOVE = 0.00010 A   (MAX MOVE : ATOM    7   0.00053 A)  
       ITER   84   AVG. MOVE = 0.00010 A   (MAX MOVE : ATOM    7   0.00052 A)  
       ITER   85   AVG. MOVE = 0.00010 A   (MAX MOVE : ATOM    7   0.00052 A)  
       ITER   86   AVG. MOVE = 0.00010 A   (MAX MOVE : ATOM    7   0.00051 A)  
       ITER   87   AVG. MOVE = 0.00010 A   (MAX MOVE : ATOM    7   0.00051 A)  
       ITER   88   AVG. MOVE = 0.00010 A   (MAX MOVE : ATOM    7   0.00050 A)  
       ITER   89   AVG. MOVE = 0.00009 A   (MAX MOVE : ATOM    7   0.00050 A)  
       ITER   90   AVG. MOVE = 0.00009 A   (MAX MOVE : ATOM    7   0.00050 A)  
       ITER   91   AVG. MOVE = 0.00009 A   (MAX MOVE : ATOM    7   0.00049 A)  
       ITER   92   AVG. MOVE = 0.00009 A   (MAX MOVE : ATOM    7   0.00049 A)  
       ITER   93   AVG. MOVE = 0.00009 A   (MAX MOVE : ATOM    7   0.00048 A)  
       ITER   94   AVG. MOVE = 0.00009 A   (MAX MOVE : ATOM    7   0.00048 A)  
       ITER   95   AVG. MOVE = 0.00009 A   (MAX MOVE : ATOM    7   0.00048 A)  
       ITER   96   AVG. MOVE = 0.00009 A   (MAX MOVE : ATOM    7   0.00047 A)  


     <<<<<<<<<<<<<<<<<<<<<<<<<<  C Y C L E   2 >>>>>>>>>>>>>>>>>>>>>>>>>>

                              (CH)-MOVEMENT = 0

       ITER   97   AVG. MOVE = 0.00009 A   (MAX MOVE : ATOM    8   0.00047 A)  


              * * * * * * * * * GEOMETRY IS OPTIMIZED * * * * * * * * *

               WITHIN : AVERAGE MOVEMENT  0.00009 A (LIMIT  0.00009 A)
                        MAXIMUM MOVEMENT  0.00047 A (LIMIT  0.00090 A)

               GRADIENT
                  RMS GRADIENT                0.007669 KCAL/MOL/A

                  MAX GRADIENT
                    X-DIRECTION : ATOM #   7   0.007663 KCAL/MOL/A
                    Y-DIRECTION : ATOM #   8   0.008200 KCAL/MOL/A
                    Z-DIRECTION : ATOM #   1   0.023836 KCAL/MOL/A

        DELTA TIME =    0.00 SEC.       TOTAL CPU TIME =      0.05 SEC.


                            =====================
                            FULL-MATRIX OPTIMIZER
                            =====================


     iter.  rms force   max force   avg. move    max move  atom  convg  d-time

        0    0.013178    0.046532   0.00768 A   0.05000 A    6    [N]     0.0s
        1    0.272805    0.612960   0.00050 A   0.00321 A    7    [N]     0.0s
        2    0.000903    0.002583   0.00106 A   0.00692 A    6    [N]     0.0s
        3    0.005234    0.011734   0.00000 A   0.00002 A    7    [N]     0.0s
        4    0.000051    0.000140                                 [Y]     0.0s


      TOTAL ENERGY IS     -1.2054 KCAL/MOL.

        COMPRESS    0.0252      VDW 1,4    1.3494      DIPL-DIPL   -5.1219
        BENDING     0.3099        OTHER    0.0162      CHRG-DIPL    0.0000
        STR-BEND   -0.0038      TORSION    2.2400      CHRG-CHRG    0.0000
        BEND-BEND  -0.0205      TOR-STR    0.0000      EPR          0.0000
        H-BONDING   0.0000      PI-CMPL    0.0000
0     DELTA(T) =     0.0 SEC.          ELAPSED TIME =     0.1 SEC.


    * * * ENERGY IS STATIONARY WITHIN RMS OF FORCES   0.00020  Kcal/mol/A * * *

                 * * * *  RMS FORCE IS   0.00005 Kcal/mol/A * * * *

1     N-methylformamide-E                                         

               CHEMICAL FORMULA :  C(   2)  H(   5)  O(   1)  N(   1) 
               FORMULA WEIGHT   :     59.038
                                                               DATE : 30-MAY-23

           * M M 3 * * * * * * * * * * * 2 0 0 0 *
           *                                     *   PARAMETER RELIABILITY
           *                                     *
           *                                     *   BLANK = GOOD
           *                                     *       B = FAIR
           *                                     *       C = TRIAL
           *                                     *       R = READ IN
           *                                     *       S = SUBSTITUTED
           *                                     *       U = PARAMETER NOT EXIST
           *                                     *
           *                                     *   THIS IS SHOWN AT THE END 
           *                                     *   OF THE LINE.
           * * * * * * * * * * * * * * * * * * * * 


      CONFORMATIONAL ENERGY, PART 3:  GEOMETRY AND STERIC ENERGY
                                      OF FINAL CONFORMATION.

      CONNECTED ATOMS
         1-   3-   5-

      ATTACHED ATOMS
         1-   2,   1-   9,   3-   4,   5-   6,   5-   7,   5-   8,

      FINAL ATOMIC COORDINATE
           ATOM         X           Y           Z       TYPE
         C(   1)    -0.62676     0.34922     0.00000   (  3)
         O(   2)    -1.76952    -0.06559     0.00000   ( 79)
         N(   3)     0.50748    -0.42646     0.00000   (  9)
         H(   4)     0.38019    -1.44748     0.00000   ( 28)
         C(   5)     1.83930     0.15621     0.00000   (  1)
         H(   6)     2.62374    -0.63017     0.00000   (  5)
         H(   7)     2.00634     0.78892    -0.89762   (  5)
         H(   8)     2.00634     0.78892     0.89762   (  5)
         H(   9)    -0.42259     1.44789     0.00000   (  5)


          DIELECTRIC CONSTANT =  1.500


      BOND LENGTHS AND STRETCHING ENERGY   (    8 BONDS)

        ENERGY = 71.94(KS)(DR)(DR)(1-(CS)(DR)+(7/12)((CS)(DR))**2)
                          DR = R-RO
                          CS =  2.550
                                                         R(0)-CORR        CORR
          BOND        LENGTH   R(0)    K(S)  ENERGY   E-NEG   MISCEL       KS
    C(   1)- O(   2)  1.2157  1.2180  9.200  0.0035                             
    C(   1)- N(   3)  1.3741  1.3770  6.700  0.0041                             
    C(   1)- H(   9)  1.1175  1.1180  4.370  0.0001                             
    N(   3)- H(   4)  1.0289  1.0280  6.770  0.0004                             
    N(   3)- C(   5)  1.4537  1.4470  5.210  0.0165  0.0010                     
    C(   5)- H(   6)  1.1107  1.1100  4.815  0.0002 -0.0020              0.065  
    C(   5)- H(   7)  1.1108  1.1100  4.815  0.0002 -0.0020              0.065  
    C(   5)- H(   8)  1.1108  1.1100  4.815  0.0002 -0.0020              0.065  


      NON-BONDED DISTANCES, VDW AND EPR ENERGY   (     16 PAIRS)

              E(VDW) = KV*(1.84(10**5)EXP(-12.00/P) - 2.25(P**6))
              E(EPR) = C*KV*(1.84(10**5)EXP(-12.00/Q) - 2.25(Q**6))
              E(HBD) = EP1-EP2*COS(THETA)*RTH/RTH0
                            EP1 = KHB*1.84(10**5)*EXP(-12.0/P)
                            EP2 = KHB*2.25(P**6)

            IF P > 3.020, THEN,
              E(VDW) = KV(192.270)(P**2)
              E(HBD) = EP1-EP2*COS(THETA)*RTH/RTH0
                            EP1 = KHB*(192.270*P**2+1706.96)
                            EP2 = KHB*1706.96

               WHERE   RV = RVDW(I) + RVDW(K)
                       KV = SQRT(EPS(I)*EPS(K))
                      KHB = EPS/DIELEC  FOR HYDROGEN BOND
                        P = (RV/R) OR (RV/R#)
                        C = SCALE FACTOR
                        Q = RV/R, WHERE R IS MODIFIED DISTANCE
                    THETA = ANGLE H-X-Y IN HYDROGEN BOND X-H...Y
                      RTH = BOND LENGTH X-H IN X-H...Y
                     RTH0 = NATURAL BOND LENGTH X-H

          # IN THE VDW CALCULATIONS THE HYDROGEN ATOMS ARE RELOCATED
          SO THAT THE ATTACHED HYDROGEN DISTANCE IS REDUCED BY 0.923

          # IN THE VDW CALCULATIONS THE DEUTERIUM ATOMS ARE RELOCATED
          SO THAT THE ATTACHED DEUTERIUM DISTANCE IS REDUCED BY  0.923

         ATOM PAIR          R       R#       RV      KV       ENERGY
      C(   1), H(   4)   2.0596
      C(   1), C(   5)   2.4736
      C(   1), H(   6)   3.3948   3.3198   3.560   0.0335    -0.0295  1,4       
      C(   1), H(   7)   2.8164   2.7758   3.560   0.0335     0.1969  1,4       
      C(   1), H(   8)   2.8164   2.7758   3.560   0.0335     0.1969  1,4       
      O(   2), N(   3)   2.3054
      O(   2), H(   4)   2.5556   2.5223   3.420   0.0297     0.3688  1,4       
      O(   2), C(   5)   3.6156            3.860   0.0399    -0.0365  1,4       
      O(   2), H(   6)   4.4294   4.3621   3.440   0.0344    -0.0170            
      O(   2), H(   7)   3.9740   3.9365   3.440   0.0344    -0.0275            
      O(   2), H(   8)   3.9740   3.9365   3.440   0.0344    -0.0275            
      O(   2), H(   9)   2.0260
      N(   3), H(   6)   2.1260
      N(   3), H(   7)   2.1282
      N(   3), H(   8)   2.1282
      N(   3), H(   9)   2.0924
      H(   4), C(   5)   2.1681
      H(   4), H(   6)   2.3878   2.3156   3.220   0.0173     0.2878  1,4       
      H(   4), H(   7)   2.9072   2.7759   3.220   0.0173     0.0075  1,4       
      H(   4), H(   8)   2.9072   2.7759   3.220   0.0173     0.0075  1,4       
      H(   4), H(   9)   3.0046   2.8550   3.220   0.0173    -0.0039  1,4       
      C(   5), H(   9)   2.6047   2.5777   3.560   0.0230     0.3538  1,4       
      H(   6), H(   7)   1.7891
      H(   6), H(   8)   1.7891
      H(   6), H(   9)   3.6876   3.5702   3.240   0.0200    -0.0185            
      H(   7), H(   8)   1.7952
      H(   7), H(   9)   2.6720   2.6435   3.240   0.0200     0.0534            
      H(   8), H(   9)   2.6720   2.6435   3.240   0.0200     0.0534            


      BOND ANGLES, BENDING AND STRETCH-BEND ENERGIES   (   12 ANGLES)

          EB = 0.021914(KB)(DT)(DT)(1+CF*DT+QF*DT**2+PF*DT**3+SF*DT**4)
                          DT = THETA-TZERO
                          CF = -1400.000E-5
                          QF =     5.600E-5
                          PF =    -0.070E-5
                          SF =     0.022E-6
          ESB(J) = 2.51124(KSB(J))(DT)(DR1+DR2)
                          DR(I) = R(I) - R0(I)
          EBDBD  = -0.02191418(KBB1)(DT1)(KBB2)(DT2)

          A T O M S            THETA    TZERO     KB     EB     KSB    ESB
   O(   2)- C(   1)- N(   3)  125.683  124.800                 0.13 -0.0015     
      IN-PLN    2-   1-   3   125.683  124.800  1.070  0.0180                   
      OUT-PL    1-   9-   1     0.000           1.180  0.0000                   
   O(   2)- C(   1)- H(   9)  120.478  119.200                 0.08 -0.0007     
      IN-PLN    2-   1-   9   120.478  119.200  0.850  0.0299                   
      OUT-PL    1-   3-   1     0.014           1.500  0.0000                   
   N(   3)- C(   1)- H(   9)  113.840  109.300                 0.08 -0.0031     
      IN-PLN    3-   1-   9   113.840  109.300  0.440  0.1863                   
      OUT-PL    1-   2-   1     0.000           0.650  0.0000                   
   C(   1)- N(   3)- H(   4)  117.261  118.500                 0.03  0.0002     
      IN-PLN    1-   3-   4   117.261  118.500  0.580  0.0199                  B
      OUT-PL    3-   5-   3     0.012           0.010  0.0000                   
   C(   1)- N(   3)- C(   5)  122.003  121.100                 0.05  0.0004     
      IN-PLN    1-   3-   5   122.003  121.100  1.620  0.0286                   
      OUT-PL    3-   4-   3     0.006           0.020  0.0000                   
   H(   4)- N(   3)- C(   5)  120.736  122.400                 0.03 -0.0010     
      IN-PLN    4-   3-   5   120.736  122.400  0.190  0.0118                  B
      OUT-PL    3-   1-   3     0.010           0.050  0.0000                   
   N(   3)- C(   5)- H(   6)  111.300  111.000  0.760  0.0015  0.08  0.0004     
   N(   3)- C(   5)- H(   7)  111.473  111.000  0.760  0.0037  0.08  0.0007     
   N(   3)- C(   5)- H(   8)  111.473  111.000  0.760  0.0037  0.08  0.0007     
   H(   6)- C(   5)- H(   7)  107.281  107.800  0.550  0.0033                   
   H(   6)- C(   5)- H(   8)  107.281  107.800  0.550  0.0033                   
   H(   7)- C(   5)- H(   8)  107.814  107.800  0.550  0.0000                   


     DIHEDRAL ANGLES, TORSIONAL ENERGY (ET)   (   10 ANGLES)

           ET = (V1/2)(1+COS(W))+(V2/2)(1-COS(2W))+(V3/2)(1+COS(3W))

           ETS = -11.995*(R-R0)((KTS1/2)(1+COS(W))+
                                (KTS2/2)(1-COS(2W)+
                                (KTS3/2)(1+COS(3W))

           SIGN OF ANGLE A-B-C-D : WHEN LOOKING THROUGH B TOWARD C,
           IF D IS COUNTERCLOCKWISE FROM A, NEGATIVE.

         A T O M S               OMEGA    V1     V2     V3     ET   KTS3   ETS
 C(   1) N(   3) C(   5) H(   6) 180.0  0.000  0.000  0.010  0.000              
 C(   1) N(   3) C(   5) H(   7) -60.3  0.000  0.000  0.010  0.000              
 C(   1) N(   3) C(   5) H(   8)  60.3  0.000  0.000  0.010  0.000              
 O(   2) C(   1) N(   3) H(   4)   0.0  1.000  4.100  0.000  1.000              
 O(   2) C(   1) N(   3) C(   5) 180.0 -0.600  4.200  0.000  0.000              
 H(   4) N(   3) C(   1) H(   9)-180.0  0.000  4.600  0.000  0.000             B
 H(   4) N(   3) C(   5) H(   6)   0.0  0.000  0.000  0.080  0.080             B
 H(   4) N(   3) C(   5) H(   7) 119.7  0.000  0.000  0.080  0.080             B
 H(   4) N(   3) C(   5) H(   8)-119.7  0.000  0.000  0.080  0.080             B
 C(   5) N(   3) C(   1) H(   9)   0.0  1.000  3.900  0.000  1.000              

     DIPOLE-DIPOLE INTERACTION ENERGY  (DIELECTRIC CONSTANT = 1.50)

          E = 14.388*MU1*MU2*(COSX-3*COSA*COSB)/(R12**3*DIELC)

               MU1 = BOND MOM OF BOND 1
               MU2 = BOND MOM OF BOND 2
               R12 = DISTANCE BETWEEN MID-POINTS OF TWO BONDS.

        BOND(1)       MU1           BOND(2)       MU2      R12        E
   C(   1)- O(   2)  1.860   + N(   3)- H(   4) -1.580   1.9647   -4.6363       
   C(   1)- O(   2)  1.860   + N(   3)- C(   5) -1.650   2.3876   -2.8507       
   C(   1)- H(   9) -0.600   + N(   3)- H(   4) -1.580   2.0754    0.9470       
   C(   1)- H(   9) -0.600   + N(   3)- C(   5) -1.650   1.9879    1.4181       


 ==============================================================================
                        NORMAL MODE VIBRATIONAL ANALYSIS
 ==============================================================================


             Molecular Shape : ASYMMETRIC ROTOR WITH KAPPA =-0.984333
        Symmetry Point Group : Cs  
             Symmetry Number :  1
                   Chirality :  no



0       FUNDAMENTAL NORMAL VIBRATIONAL FREQUENCIES
                ( THEORETICALLY  21 VALUES )

             Frequency :  in 1/cm
             A(i)      :  IR intensity (vs,s,m,w,vw,-- or in 10**6 cm/mole)
             A(i) = -- :  IR inactive


             no       Frequency   Symmetry      A(i)

             1.          3494.1     (A`  )       vs
             2.          2992.4     (A`  )        m
             3.          2990.8     (A"  )        m
             4.          2898.8     (A`  )        w
             5.          2837.6     (A`  )        s
             6.          1789.7     (A`  )       vs
             7.          1521.0     (A`  )        w
             8.          1468.4     (A"  )        w
             9.          1455.2     (A`  )        w
            10.          1389.3     (A`  )       vs
            11.          1340.4     (A`  )        m
            12.          1257.1     (A`  )        w
            13.          1101.5     (A"  )       vw
            14.          1082.4     (A`  )        w
            15.          1005.8     (A`  )        m
            16.          1001.8     (A"  )        w
            17.           603.2     (A"  )       vs
            18.           558.6     (A`  )        m
            19.           432.5     (A`  )        w
            20.           179.5     (A"  )        w
            21.            51.5     (A"  )        w
            22.     (       0.0)    (t/r )
            23.     (       0.0)    (t/r )
            24.     (       0.0)    (t/r )
            25.     (       0.0)    (t/r )
            26.     (       0.0)    (t/r )
            27.     (       0.0)    (t/r )


0       CORRESPONDING EIGEN VECTOR MATRIX   27 BY  27



 (  1)
    -0.001    0.004    0.000    0.000    0.000    0.000   -0.008   -0.073
     0.000    0.118    0.950    0.000    0.002    0.003    0.000   -0.008
    -0.002    0.000    0.001   -0.002    0.004    0.001   -0.002   -0.004
    -0.003   -0.004    0.000

 (  2)
    -0.001   -0.002    0.000    0.000    0.000    0.000    0.000    0.002
     0.000    0.005    0.003    0.000    0.038   -0.086    0.000   -0.551
     0.542    0.000    0.055    0.230   -0.298    0.055    0.230    0.298
     0.001    0.013    0.000

 (  3)
     0.000    0.000    0.000    0.000    0.000    0.000    0.000    0.000
     0.000    0.000    0.000    0.000    0.000    0.000    0.093    0.000
     0.000   -0.019    0.110    0.374   -0.542   -0.110   -0.374   -0.541
     0.000    0.000   -0.001

 (  4)
    -0.001    0.000    0.000    0.000    0.000    0.000    0.004    0.001
     0.000   -0.002    0.011    0.000   -0.057   -0.025    0.000    0.410
    -0.374    0.000    0.109    0.326   -0.447    0.109    0.326    0.447
     0.000    0.001    0.000

 (  5)
     0.021    0.087    0.000   -0.006   -0.003    0.000    0.001   -0.004
     0.000    0.010   -0.013    0.000    0.000    0.000    0.000   -0.009
     0.008    0.000    0.001    0.004   -0.006    0.001    0.004    0.006
    -0.172   -0.930    0.000

 (  6)
    -0.221    0.015    0.000    0.088    0.019    0.000    0.096   -0.020
     0.000   -0.161    0.007    0.000   -0.025   -0.009    0.000   -0.015
     0.011    0.000    0.030    0.004    0.030    0.030    0.004   -0.030
     0.309   -0.111    0.000

 (  7)
    -0.037    0.009    0.000    0.025    0.001    0.000   -0.058   -0.022
     0.000    0.163   -0.056    0.000    0.136    0.055    0.000   -0.275
    -0.408    0.000   -0.390    0.010   -0.171   -0.390    0.010    0.171
     0.134   -0.025    0.000

 (  8)
     0.000    0.000   -0.002    0.000    0.000    0.001    0.000    0.000
     0.020    0.000    0.000   -0.005    0.000    0.000    0.032    0.000
     0.000   -0.648    0.486   -0.204    0.001   -0.486    0.204    0.001
     0.000    0.000    0.009

 (  9)
    -0.014   -0.016    0.000    0.015    0.005    0.000   -0.023    0.024
     0.000   -0.003    0.027    0.000    0.004    0.032    0.000    0.289
     0.340    0.000   -0.055   -0.475   -0.384   -0.055   -0.475    0.384
     0.035   -0.032    0.000

 ( 10)
     0.007   -0.075    0.000    0.010    0.038    0.000    0.086    0.019
     0.000   -0.588    0.105    0.000    0.013    0.009    0.000   -0.125
    -0.135    0.000   -0.157   -0.031   -0.066   -0.157   -0.031    0.066
    -0.581    0.015    0.000

 ( 11)
     0.063    0.113    0.000   -0.105   -0.063    0.000    0.101   -0.045
     0.000   -0.354    0.004    0.000   -0.023    0.037    0.000   -0.153
    -0.083    0.000   -0.049   -0.082   -0.096   -0.049   -0.082    0.096
     0.400    0.086    0.000

 ( 12)
     0.036   -0.092    0.000   -0.012   -0.010    0.000   -0.034    0.132
     0.000   -0.310    0.184    0.000    0.023   -0.071    0.000    0.183
     0.076    0.000   -0.196    0.104    0.088   -0.196    0.104   -0.088
     0.475   -0.195    0.000

 ( 13)
     0.000    0.000    0.035    0.000    0.000   -0.009    0.000    0.000
    -0.069    0.000    0.000    0.014    0.000    0.000    0.126    0.000
     0.000   -0.372   -0.403   -0.304   -0.156    0.403    0.304   -0.156
     0.000    0.000   -0.155

 ( 14)
    -0.013    0.058    0.000   -0.034   -0.003    0.000    0.111    0.038
     0.000    0.430    0.004    0.000   -0.042   -0.115    0.000    0.175
     0.095    0.000   -0.384    0.007    0.029   -0.384    0.007   -0.029
    -0.181    0.100    0.000

 ( 15)
    -0.029    0.093    0.000    0.002   -0.020    0.000   -0.059   -0.091
     0.000   -0.326   -0.065    0.000    0.113   -0.019    0.000    0.461
     0.325    0.000   -0.111    0.163    0.084   -0.111    0.163   -0.084
    -0.133    0.122    0.000

 ( 16)
     0.000    0.000   -0.168    0.000    0.000    0.041    0.000    0.000
     0.026    0.000    0.000    0.069    0.000    0.000    0.027    0.000
     0.000   -0.079   -0.111   -0.071   -0.043    0.111    0.071   -0.043
     0.000    0.000    0.750

 ( 17)
     0.000    0.000    0.070    0.000    0.000   -0.031    0.000    0.000
    -0.098    0.000    0.000    0.848    0.000    0.000   -0.010    0.000
     0.000    0.048    0.074    0.015    0.015   -0.074   -0.015    0.015
     0.000    0.000    0.219

 ( 18)
     0.080    0.059    0.000    0.152   -0.026    0.000   -0.060   -0.030
     0.000   -0.157   -0.019    0.000   -0.156    0.000    0.000   -0.116
     0.047    0.000   -0.220    0.018    0.000   -0.220    0.018    0.000
     0.045    0.067    0.000

 ( 19)
     0.043   -0.113    0.000   -0.035    0.116    0.000    0.041   -0.123
     0.000    0.093   -0.130    0.000   -0.048    0.084    0.000    0.102
     0.237    0.000   -0.171    0.128    0.006   -0.171    0.128   -0.006
     0.198   -0.141    0.000

 ( 20)
     0.000    0.000    0.117    0.000    0.000   -0.124    0.000    0.000
     0.136    0.000    0.000   -0.019    0.000    0.000   -0.094    0.000
     0.000   -0.212   -0.150   -0.020   -0.136    0.150    0.020   -0.136
     0.000    0.000    0.312

 ( 21)
     0.000    0.000    0.069    0.000    0.000   -0.009    0.000    0.000
    -0.055    0.000    0.000   -0.270    0.000    0.000    0.003    0.000
     0.000    0.520    0.197   -0.386   -0.232   -0.197    0.386   -0.232
     0.000    0.000    0.255

 ( 22)
    -0.015   -0.022   -0.009   -0.038    0.041    0.075   -0.058   -0.085
     0.083   -0.115   -0.078    0.236   -0.026   -0.158   -0.030   -0.069
    -0.202    0.071   -0.009   -0.300   -0.126    0.027   -0.035   -0.126
     0.045   -0.034   -0.175

 ( 23)
     0.028    0.070    0.013    0.030    0.065    0.050    0.032    0.076
     0.147    0.036    0.075    0.291    0.029    0.082    0.089    0.033
     0.086    0.218    0.043   -0.046    0.001    0.008    0.212    0.001
     0.023    0.071   -0.142

 ( 24)
    -0.020   -0.095   -0.052    0.007   -0.170    0.025    0.031   -0.020
     0.049    0.098   -0.028    0.203   -0.008    0.068   -0.056    0.044
     0.119    0.051   -0.061   -0.056   -0.153   -0.037    0.213   -0.153
    -0.093   -0.081   -0.219

 ( 25)
     0.109    0.019   -0.023    0.101    0.040    0.045    0.095   -0.002
    -0.043    0.076    0.000    0.004    0.105   -0.027   -0.126    0.091
    -0.041   -0.130    0.077   -0.066   -0.159    0.157    0.006   -0.159
     0.129    0.015   -0.077

 ( 26)
     0.068   -0.068    0.022    0.066   -0.062   -0.060    0.064   -0.075
     0.042    0.058   -0.074   -0.016    0.067   -0.082    0.142    0.062
    -0.086    0.144    0.118   -0.037    0.183    0.023   -0.128    0.183
     0.074   -0.069    0.088

 ( 27)
    -0.003   -0.025    0.163    0.003   -0.043    0.173    0.009   -0.007
     0.007    0.025   -0.009   -0.111    0.000    0.014    0.007    0.012
     0.026   -0.131   -0.058    0.126    0.076    0.038   -0.094    0.076
    -0.020   -0.022    0.287


 ==============================================================================
                      STATISTICAL THERMODYNAMICS ANALYSIS
 ==============================================================================

  Structure name    : N-methylformamide-E                                         
  Temperature       :   298.16 K
  Symmetry number   :   1
  Optical isomers   :   1
  Zero Point Energy :   44.962 Kcal/mol


                     ENERGY   ENTHALPY    ENTROPY  FREE ENERGY   HEAT CAPACITY
                  (Kcal/mol) (Kcal/mol)     (eu)   (Kcal/mol)    (cal/mol/deg)
  Translational       0.889      1.481     38.130     -9.888         4.967
     Rotational       0.889      0.889     23.564     -6.137         2.980
    Vibrational      46.354%    46.354%     9.340*    43.569%        9.379*
      Potential      -1.205#    -1.205#     0.000     -1.205#        0.000
         Mixing       0.000      0.000      0.000      0.000         0.000
          Total      46.926     47.518     71.035     26.339        17.327

  Enthalpy Function (H-Ho)/T     =   12.62 cal/mol/deg
  Free Energy Function -(G-Ho)/T =   58.42 cal/mol/deg

  % Includes zero point energy (ZPE).
  * Excludes contribution from frequencies lower than 40 (1/cm).
  # Includes steric energy (SE).
    Internal rotation contributions are not considered

  This structure has   0 imaginary frequencies,
                       0 free internal rotation (fir) frequencies
                         (>= 0,< 10 /cm),
                       0 restricted internal rotation (rir) frequencies
                         (>= 10,< 40 /cm),
                       6 zero frequencies, and
                      21 real frequencies.


      FINAL STERIC ENERGY IS     -1.2054 KCAL/MOL.


                COMPRESSION       0.0252
                BENDING           0.3099
                BEND-BEND        -0.0205
                STRETCH-BEND     -0.0038
                VANDERWAALS
                  1,4 ENERGY      1.3494
                  OTHER           0.0162
                H-BONDING         0.0000
                PI-COMPLX         0.0000

                TORSIONAL         2.2400
                TORSION-STRETCH   0.0000
                DIPOLE-DIPOLE    -5.1219
                CHARGE-DIPOLE     0.0000
                CHARGE-CHARGE     0.0000

      -----------------------------------------------------------------

      COORDINATES TRANSLATED TO NEW ORIGIN WHICH IS CENTER OF MASS
         C(   1)    -0.62676     0.34922     0.00000   (  3)
         O(   2)    -1.76952    -0.06559     0.00000   ( 79)
         N(   3)     0.50748    -0.42646     0.00000   (  9)
         H(   4)     0.38019    -1.44748     0.00000   ( 28)
         C(   5)     1.83930     0.15621     0.00000   (  1)
         H(   6)     2.62374    -0.63017     0.00000   (  5)
         H(   7)     2.00634     0.78892    -0.89762   (  5)
         H(   8)     2.00634     0.78892     0.89762   (  5)
         H(   9)    -0.42259     1.44789     0.00000   (  5)

      MOMENT OF INERTIA WITH THE PRINCIPAL AXES

          (1)  UNIT = 10**(-39) GM*CM**2
               IX=    1.9719    IY=   19.2608    IZ=   20.6933

          (2)  UNIT = AU A**2
               IX=   11.8763    IY=  116.0040    IZ=  124.6316



      MOLECULAR POLARIZABILITIES (A**3)
        ALPHA(1)   =       7.29
        ALPHA(2)   =       5.03
        ALPHA(3)   =       4.27
        AVG. ALPHA =       5.53



      DIPOLE MOMENT =          3.770 D


        COMPONENTS WITH PRINCIPAL AXES

                          X = -3.7685    Y =  0.0884    Z =  0.0000


      -----------------------------------------------------------------

        END OF N-methylformamide-E                                         


           TOTAL CPU TIME IS      0.06 SECONDS.

           THIS JOB COMPLETED AT    13:35:14
