1
               ---------------------------------------------
               WARNING : INCORRECT ATOM TYPES GIVEN IN INPUT
                         DATA ARE CORRECTED AS FOLLOWS
               ---------------------------------------------


             Atom type of atom    1 is replaced by   8 (was   0)
             Atom type of atom    2 is replaced by   1 (was   0)
             Atom type of atom    3 is replaced by   1 (was   0)
             Atom type of atom    4 is replaced by  23 (was   0)
             Atom type of atom    5 is replaced by   5 (was   0)
             Atom type of atom    6 is replaced by   5 (was   0)
             Atom type of atom    7 is replaced by   5 (was   0)
             Atom type of atom    8 is replaced by   5 (was   0)
             Atom type of atom    9 is replaced by   1 (was   0)
             Atom type of atom   10 is replaced by  23 (was   0)
             Atom type of atom   11 is replaced by   5 (was   0)
             Atom type of atom   12 is replaced by   5 (was   0)
             Atom type of atom   13 is replaced by   5 (was   0)
1     propylamine-g                                               

               CHEMICAL FORMULA :  C(   3)  H(   9)  N(   1) 
               FORMULA WEIGHT   :     59.075
                                                               DATE 30-MAY-23
                                                               TIME  15:45:04


          THE COORDINATES OF   13 ATOMS ARE READ IN.
          SOME CONSTANTS WILL BE READ IN.

      CONFORMATIONAL ENERGY, PART 1:  GEOMETRY AND STERIC ENERGY
                                      OF INITIAL CONFORMATION.


      CONNECTED ATOMS
         1-   2-   3-   9-

      ATTACHED ATOMS
         1-   4,   1-  10,   2-   5,   2-   6,   3-   7,   3-   8,   9-  11,
         9-  12,   9-  13,

      INITIAL ATOMIC COORDINATES
           ATOM         X           Y           Z       TYPE
         N(   1)    -1.40504    -0.61619    -0.10305   (  8)
         C(   2)    -0.71281     0.61690     0.29026   (  1)
         C(   3)     0.69609     0.62939    -0.30609   (  1)
         H(   4)    -1.51299    -0.65540    -1.13162   ( 23)
         H(   5)    -1.23168     1.57327     0.00521   (  5)
         H(   6)    -0.63741     0.65196     1.40045   (  5)
         H(   7)     0.63797     0.64950    -1.41646   (  5)
         H(   8)     1.20659     1.56834     0.00362   (  5)
         C(   9)     1.53824    -0.56942     0.14251   (  1)
         H(  10)    -2.36735    -0.62891     0.27753   ( 23)
         H(  11)     2.57250    -0.50912    -0.26427   (  5)
         H(  12)     1.62084    -0.61828     1.25101   (  5)
         H(  13)     1.10574    -1.53426    -0.20301   (  5)


          DIELECTRIC CONSTANT =  1.500


      INITIAL STERIC ENERGY IS      3.7152 KCAL/MOL.

                  COMPRESSION       0.4517
                  BENDING           0.8631
                  BEND-BEND         0.0207
                  STRETCH-BEND      0.0160
                  VANDERWAALS
                    1,4 ENERGY      3.3104
                    OTHER           0.1809
                  H-BONDING         0.0000
                  PI-COMPLX         0.0000

                  TORSIONAL        -1.1265
                  TORSION-STRETCH  -0.0010
                  DIPOLE-DIPOLE     0.0000
                  CHARGE-DIPOLE     0.0000
                  CHARGE-CHARGE     0.0000


      MOLECULAR POLARIZABILITIES (A**3)
        ALPHA(1)   =       8.42
        ALPHA(2)   =       8.75
        ALPHA(3)   =       7.38
        AVG. ALPHA =       8.18



      DIPOLE MOMENT =          1.349 D


      E (INDP/INDP) =          0.139 KCAL/MOLE
      DIPOLE MOMENT =          1.204 D (INCLUDES INDUCED BOND MOMENTS)
      *NOTE*  E (INDP/INDP) IS NOT INCLUDED IN THE INITIAL STERIC ENERGY

      CPU TIME FOR INITIAL CALCULATION IS     0.01 SECONDS.


1     propylamine-g                                               


     CONFORMATIONAL ENERGY, PART 2: GEOMETRY MINIMIZATION

               GEOMETRY OPTIMIZATION IS CONTINUED UNTIL ATOM
               MOVEMENT CONVERGES WITHIN FOLLOWING VALUES:

                         AVERAGE MOVEMENT  0.00011 A
                         MAXIMUM MOVEMENT  0.00108 A



     <<<<<<<<<<<<<<<<<<<<<<<<<<  C Y C L E   1 >>>>>>>>>>>>>>>>>>>>>>>>>>

                              (CH)-MOVEMENT = 1

       ITER    1   AVG. MOVE = 0.01070 A   (MAX MOVE : ATOM    1   0.18461 A)  
       ITER    2   AVG. MOVE = 0.00192 A   (MAX MOVE : ATOM    1   0.01386 A)  
       ITER    3   AVG. MOVE = 0.00108 A   (MAX MOVE : ATOM   10   0.00631 A)  
       ITER    4   AVG. MOVE = 0.00091 A   (MAX MOVE : ATOM   10   0.00561 A)  
       ITER    5   AVG. MOVE = 0.00074 A   (MAX MOVE : ATOM   10   0.00457 A)  
       ITER    6   AVG. MOVE = 0.00061 A   (MAX MOVE : ATOM   10   0.00368 A)  
       ITER    7   AVG. MOVE = 0.00050 A   (MAX MOVE : ATOM   10   0.00295 A)  
       ITER    8   AVG. MOVE = 0.00041 A   (MAX MOVE : ATOM   10   0.00237 A)  
       ITER    9   AVG. MOVE = 0.00034 A   (MAX MOVE : ATOM   10   0.00191 A)  
       ITER   10   AVG. MOVE = 0.00028 A   (MAX MOVE : ATOM   10   0.00154 A)  
       ITER   11   AVG. MOVE = 0.00023 A   (MAX MOVE : ATOM   10   0.00124 A)  
       ITER   12   AVG. MOVE = 0.00020 A   (MAX MOVE : ATOM    1   0.00104 A)  
       ITER   13   AVG. MOVE = 0.00017 A   (MAX MOVE : ATOM    1   0.00090 A)  
       ITER   14   AVG. MOVE = 0.00014 A   (MAX MOVE : ATOM    1   0.00079 A)  
       ITER   15   AVG. MOVE = 0.00013 A   (MAX MOVE : ATOM    1   0.00069 A)  
       ITER   16   AVG. MOVE = 0.00011 A   (MAX MOVE : ATOM    1   0.00061 A)  
       ITER   17   AVG. MOVE = 0.00010 A   (MAX MOVE : ATOM    1   0.00054 A)  


     <<<<<<<<<<<<<<<<<<<<<<<<<<  C Y C L E   2 >>>>>>>>>>>>>>>>>>>>>>>>>>

                              (CH)-MOVEMENT = 0

       ITER   18   AVG. MOVE = 0.00006 A   (MAX MOVE : ATOM   10   0.00037 A)  


              * * * * * * * * * GEOMETRY IS OPTIMIZED * * * * * * * * *

               WITHIN : AVERAGE MOVEMENT  0.00006 A (LIMIT  0.00011 A)
                        MAXIMUM MOVEMENT  0.00037 A (LIMIT  0.00108 A)

               GRADIENT
                  RMS GRADIENT                0.007630 KCAL/MOL/A

                  MAX GRADIENT
                    X-DIRECTION : ATOM #   1   0.011745 KCAL/MOL/A
                    Y-DIRECTION : ATOM #   7   0.008867 KCAL/MOL/A
                    Z-DIRECTION : ATOM #   2   0.020012 KCAL/MOL/A

        DELTA TIME =    0.00 SEC.       TOTAL CPU TIME =      0.02 SEC.


                            =====================
                            FULL-MATRIX OPTIMIZER
                            =====================


     iter.  rms force   max force   avg. move    max move  atom  convg  d-time

        0    0.013889    0.046520   0.00085 A   0.00536 A   12    [N]     0.0s
        1    0.001523    0.005499   0.00000 A   0.00001 A   13    [N]     0.0s
        2    0.000020    0.000077                                 [Y]     0.0s


      TOTAL ENERGY IS      2.4153 KCAL/MOL.

        COMPRESS    0.1227      VDW 1,4    3.1268      DIPL-DIPL    0.0000
        BENDING     0.2344        OTHER    0.0337      CHRG-DIPL    0.0000
        STR-BEND    0.0344      TORSION   -1.1285      CHRG-CHRG    0.0000
        BEND-BEND  -0.0076      TOR-STR   -0.0005      EPR          0.0000
        H-BONDING   0.0000      PI-CMPL    0.0000
0     DELTA(T) =     0.0 SEC.          ELAPSED TIME =     0.0 SEC.


    * * * ENERGY IS STATIONARY WITHIN RMS OF FORCES   0.00010  Kcal/mol/A * * *

                 * * * *  RMS FORCE IS   0.00002 Kcal/mol/A * * * *

1     propylamine-g                                               

               CHEMICAL FORMULA :  C(   3)  H(   9)  N(   1) 
               FORMULA WEIGHT   :     59.075
                                                               DATE : 30-MAY-23

           * M M 3 * * * * * * * * * * * 2 0 0 0 *
           *                                     *   PARAMETER RELIABILITY
           *                                     *
           *                                     *   BLANK = GOOD
           *                                     *       B = FAIR
           *                                     *       C = TRIAL
           *                                     *       R = READ IN
           *                                     *       S = SUBSTITUTED
           *                                     *       U = PARAMETER NOT EXIST
           *                                     *
           *                                     *   THIS IS SHOWN AT THE END 
           *                                     *   OF THE LINE.
           * * * * * * * * * * * * * * * * * * * * 


      CONFORMATIONAL ENERGY, PART 3:  GEOMETRY AND STERIC ENERGY
                                      OF FINAL CONFORMATION.

      CONNECTED ATOMS
         1-   2-   3-   9-

      ATTACHED ATOMS
         1-   4,   1-  10,   2-   5,   2-   6,   3-   7,   3-   8,   9-  11,
         9-  12,   9-  13,

      FINAL ATOMIC COORDINATE
           ATOM         X           Y           Z       TYPE
         N(   1)     1.45184    -0.59345     0.10327   (  8)
         C(   2)     0.70165     0.60321    -0.28877   (  1)
         C(   3)    -0.71574     0.62844     0.29396   (  1)
         H(   4)     1.57771    -0.65954     1.10938   ( 23)
         H(   5)     1.26150     1.52502     0.03804   (  5)
         H(   6)     0.63668     0.64291    -1.39988   (  5)
         H(   7)    -0.66039     0.66394     1.40642   (  5)
         H(   8)    -1.22683     1.56594    -0.02603   (  5)
         C(   9)    -1.56243    -0.57574    -0.13296   (  1)
         H(  10)     2.38284    -0.61631    -0.30343   ( 23)
         H(  11)    -2.59300    -0.51419     0.28338   (  5)
         H(  12)    -1.65645    -0.63677    -1.24022   (  5)
         H(  13)    -1.12271    -1.53541     0.21875   (  5)


          DIELECTRIC CONSTANT =  1.500


      BOND LENGTHS AND STRETCHING ENERGY   (   12 BONDS)

        ENERGY = 71.94(KS)(DR)(DR)(1-(CS)(DR)+(7/12)((CS)(DR))**2)
                          DR = R-RO
                          CS =  2.550
                                                         R(0)-CORR        CORR
          BOND        LENGTH   R(0)    K(S)  ENERGY   E-NEG   MISCEL       KS
    N(   1)- C(   2)  1.4658  1.4577  5.300  0.0242  0.0097                     
    N(   1)- H(   4)  1.0161  1.0150  6.420  0.0006                             
    N(   1)- H(  10)  1.0162  1.0150  6.420  0.0007                             
    C(   2)- C(   3)  1.5327  1.5197  4.490  0.0530 -0.0050                     
    C(   2)- H(   5)  1.1269  1.1235  4.305  0.0036 -0.0011  0.0126  BH -0.375  
    C(   2)- H(   6)  1.1137  1.1111  4.710  0.0023 -0.0011  0.0002  BH  0.030  
    C(   3)- H(   7)  1.1144  1.1116  4.694  0.0027 -0.0004              0.014  
    C(   3)- H(   8)  1.1147  1.1116  4.694  0.0033 -0.0004              0.014  
    C(   3)- C(   9)  1.5327  1.5227  4.490  0.0315 -0.0020                     
    C(   9)- H(  11)  1.1132  1.1120  4.750  0.0005                             
    C(   9)- H(  12)  1.1129  1.1120  4.750  0.0003                             
    C(   9)- H(  13)  1.1127  1.1120  4.750  0.0001                             


      NON-BONDED DISTANCES, VDW AND EPR ENERGY   (     45 PAIRS)

              E(VDW) = KV*(1.84(10**5)EXP(-12.00/P) - 2.25(P**6))
              E(EPR) = C*KV*(1.84(10**5)EXP(-12.00/Q) - 2.25(Q**6))
              E(HBD) = EP1-EP2*COS(THETA)*RTH/RTH0
                            EP1 = KHB*1.84(10**5)*EXP(-12.0/P)
                            EP2 = KHB*2.25(P**6)

            IF P > 3.020, THEN,
              E(VDW) = KV(192.270)(P**2)
              E(HBD) = EP1-EP2*COS(THETA)*RTH/RTH0
                            EP1 = KHB*(192.270*P**2+1706.96)
                            EP2 = KHB*1706.96

               WHERE   RV = RVDW(I) + RVDW(K)
                       KV = SQRT(EPS(I)*EPS(K))
                      KHB = EPS/DIELEC  FOR HYDROGEN BOND
                        P = (RV/R) OR (RV/R#)
                        C = SCALE FACTOR
                        Q = RV/R, WHERE R IS MODIFIED DISTANCE
                    THETA = ANGLE H-X-Y IN HYDROGEN BOND X-H...Y
                      RTH = BOND LENGTH X-H IN X-H...Y
                     RTH0 = NATURAL BOND LENGTH X-H

          # IN THE VDW CALCULATIONS THE HYDROGEN ATOMS ARE RELOCATED
          SO THAT THE ATTACHED HYDROGEN DISTANCE IS REDUCED BY 0.923

          # IN THE VDW CALCULATIONS THE DEUTERIUM ATOMS ARE RELOCATED
          SO THAT THE ATTACHED DEUTERIUM DISTANCE IS REDUCED BY  0.923

         ATOM PAIR          R       R#       RV      KV       ENERGY
      N(   1), C(   3)   2.4956
      N(   1), H(   5)   2.1280
      N(   1), H(   6)   2.1101
      N(   1), H(   7)   2.7822   2.7452   3.550   0.0293     0.1950  1,4       
      N(   1), H(   8)   3.4431   3.3665   3.550   0.0293    -0.0291  1,4       
      N(   1), C(   9)   3.0236            3.970   0.0341     0.2803  1,4       
      N(   1), H(  11)   4.0496   3.9689   3.550   0.0293    -0.0257            
      N(   1), H(  12)   3.3865   3.3468   3.550   0.0293    -0.0281            
      N(   1), H(  13)   2.7439   2.7505   3.550   0.0293     0.1896            
      C(   2), H(   4)   2.0777
      C(   2), H(   7)   2.1754
      C(   2), H(   8)   2.1714
      C(   2), C(   9)   2.5574
      C(   2), H(  10)   2.0770
      C(   2), H(  11)   3.5257   3.4480   3.560   0.0230    -0.0248  1,4       
      C(   2), H(  12)   2.8290   2.7933   3.560   0.0230     0.1229  1,4       
      C(   2), H(  13)   2.8565   2.8190   3.560   0.0230     0.1061  1,4       
      C(   3), H(   4)   2.7539   2.7214   3.640   0.0220     0.2310  1,4       
      C(   3), H(   5)   2.1861
      C(   3), H(   6)   2.1676
      C(   3), H(  10)   3.3923   3.3208   3.640   0.0220    -0.0146  1,4       
      C(   3), H(  11)   2.1977
      C(   3), H(  12)   2.1999
      C(   3), H(  13)   2.2031
      H(   4), H(   5)   2.4536   2.3678   3.220   0.0190     0.2437  1,4       
      H(   4), H(   6)   2.9796   2.8352   3.220   0.0190    -0.0016  1,4       
      H(   4), H(   7)   2.6171   2.6075   3.220   0.0190     0.0588            
      H(   4), H(   8)   3.7560   3.6435   3.220   0.0190    -0.0159            
      H(   4), C(   9)   3.3780   3.3411   3.640   0.0220    -0.0162            
      H(   4), H(  10)   1.6267
      H(   4), H(  11)   4.2542   4.1578   3.220   0.0190    -0.0086            
      H(   4), H(  12)   3.9976   3.8902   3.220   0.0190    -0.0120            
      H(   4), H(  13)   2.9753   2.9632   3.220   0.0190    -0.0144            
      H(   5), H(   6)   1.7989
      H(   5), H(   7)   2.5115   2.4259   3.240   0.0200     0.2057  1,4       
      H(   5), H(   8)   2.4895   2.4062   3.240   0.0200     0.2277  1,4       
      H(   5), C(   9)   3.5238   3.4459   3.560   0.0230    -0.0247  1,4       
      H(   5), H(  10)   2.4412   2.3568   3.220   0.0190     0.2575  1,4       
      H(   5), H(  11)   4.3676   4.2282   3.240   0.0200    -0.0085            
      H(   5), H(  12)   3.8499   3.7335   3.240   0.0200    -0.0156            
      H(   5), H(  13)   3.8837   3.7647   3.240   0.0200    -0.0150            
      H(   6), H(   7)   3.0916   2.9412   3.240   0.0200    -0.0120  1,4       
      H(   6), H(   8)   2.4924   2.4081   3.240   0.0200     0.2256  1,4       
      H(   6), C(   9)   2.8154   2.7805   3.560   0.0230     0.1319  1,4       
      H(   6), H(  10)   2.4160   2.3339   3.220   0.0190     0.2885  1,4       
      H(   6), H(  11)   3.8214   3.7081   3.240   0.0200    -0.0160            
      H(   6), H(  12)   2.6309   2.6251   3.240   0.0200     0.0614            
      H(   6), H(  13)   3.2343   3.1492   3.240   0.0200    -0.0217            
      H(   7), H(   8)   1.7850
      H(   7), C(   9)   2.1726
      H(   7), H(  10)   3.7181   3.6084   3.220   0.0190    -0.0165            
      H(   7), H(  11)   2.5267   2.4403   3.240   0.0200     0.1906  1,4       
      H(   7), H(  12)   3.1127   2.9616   3.240   0.0200    -0.0137  1,4       
      H(   7), H(  13)   2.5419   2.4541   3.240   0.0200     0.1770  1,4       
      H(   8), C(   9)   2.1705
      H(   8), H(  10)   4.2272   4.0937   3.220   0.0190    -0.0093            
      H(   8), H(  11)   2.5078   2.4235   3.240   0.0200     0.2082  1,4       
      H(   8), H(  12)   2.5516   2.4623   3.240   0.0200     0.1693  1,4       
      H(   8), H(  13)   3.1127   2.9617   3.240   0.0200    -0.0138  1,4       
      C(   9), H(  10)   3.9492   3.8763   3.640   0.0220    -0.0226            
      H(  10), H(  11)   5.0114   4.8541   3.220   0.0190    -0.0036            
      H(  10), H(  12)   4.1465   4.0576   3.220   0.0190    -0.0097            
      H(  10), H(  13)   3.6615   3.5997   3.220   0.0190    -0.0167            
      H(  11), H(  12)   1.7926
      H(  11), H(  13)   1.7913
      H(  12), H(  13)   1.7947


      BOND ANGLES, BENDING AND STRETCH-BEND ENERGIES   (   21 ANGLES)

          EB = 0.021914(KB)(DT)(DT)(1+CF*DT+QF*DT**2+PF*DT**3+SF*DT**4)
                          DT = THETA-TZERO
                          CF = -1400.000E-5
                          QF =     5.600E-5
                          PF =    -0.070E-5
                          SF =     0.022E-6
          ESB(J) = 2.51124(KSB(J))(DT)(DR1+DR2)
                          DR(I) = R(I) - R0(I)
          EBDBD  = -0.02191418(KBB1)(DT1)(KBB2)(DT2)

          A T O M S            THETA    TZERO     KB     EB     KSB    ESB
   C(   2)- N(   1)- H(   4)  112.416  110.900  0.600  0.0296  0.03  0.0010     
   C(   2)- N(   1)- H(  10)  112.347  110.900  0.600  0.0270  0.03  0.0010     
   H(   4)- N(   1)- H(  10)  106.338  106.400  0.605  0.0001                   
   N(   1)- C(   2)- C(   3)  112.646  111.000  0.780  0.0453  0.13  0.0113     
   N(   1)- C(   2)- H(   5)  109.633  109.300  0.820  0.0020  0.08  0.0008     
   N(   1)- C(   2)- H(   6)  109.014  109.300  0.820  0.0015  0.08 -0.0006     
   C(   3)- C(   2)- H(   5)  109.615  109.310  0.590  0.0012  0.08  0.0010     
   C(   3)- C(   2)- H(   6)  108.951  109.310  0.590  0.0017  0.08 -0.0011     
   H(   5)- C(   2)- H(   6)  106.807  107.600  0.550  0.0077                   
   C(   2)- C(   3)- H(   7)  109.519  109.310  0.590  0.0006  0.08  0.0007     
   C(   2)- C(   3)- H(   8)  109.190  109.310  0.590  0.0002  0.08 -0.0004     
   C(   2)- C(   3)- C(   9)  113.080  111.000  0.670  0.0617  0.13  0.0156     
   H(   7)- C(   3)- H(   8)  106.412  107.600  0.550  0.0173                   
   H(   7)- C(   3)- C(   9)  109.301  109.310  0.590  0.0000  0.08  0.0000     
   H(   8)- C(   3)- C(   9)  109.119  109.310  0.590  0.0005  0.08 -0.0005     
   C(   3)- C(   9)- H(  11)  111.334  110.700  0.590  0.0051  0.08  0.0014     
   C(   3)- C(   9)- H(  12)  111.523  110.700  0.590  0.0087  0.08  0.0018     
   C(   3)- C(   9)- H(  13)  111.794  110.700  0.590  0.0152  0.08  0.0023     
   H(  11)- C(   9)- H(  12)  107.273  107.800  0.550  0.0034                   
   H(  11)- C(   9)- H(  13)  107.177  107.800  0.550  0.0047                   
   H(  12)- C(   9)- H(  13)  107.492  107.800  0.550  0.0011                   


     DIHEDRAL ANGLES, TORSIONAL ENERGY (ET)   (   24 ANGLES)

           ET = (V1/2)(1+COS(W))+(V2/2)(1-COS(2W))+(V3/2)(1+COS(3W))

           ETS = -11.995*(R-R0)((KTS1/2)(1+COS(W))+
                                (KTS2/2)(1-COS(2W)+
                                (KTS3/2)(1+COS(3W))

           SIGN OF ANGLE A-B-C-D : WHEN LOOKING THROUGH B TOWARD C,
           IF D IS COUNTERCLOCKWISE FROM A, NEGATIVE.

         A T O M S               OMEGA    V1     V2     V3     ET   KTS3   ETS
 N(   1) C(   2) C(   3) H(   7)  63.0  0.000  0.000  0.374  0.002 0.059 0.000  
 N(   1) C(   2) C(   3) H(   8) 179.1  0.000  0.000  0.374  0.000 0.059 0.000  
 N(   1) C(   2) C(   3) C(   9) -59.2 -0.302  0.696  0.499  0.285 0.059 0.000  
 C(   2) C(   3) C(   9) H(  11)-178.5  0.000  0.000  0.280  0.000 0.059 0.000  
 C(   2) C(   3) C(   9) H(  12) -58.7  0.000  0.000  0.280  0.000 0.059 0.000  
 C(   2) C(   3) C(   9) H(  13)  61.7  0.000  0.000  0.280  0.001 0.059 0.000  
 C(   3) C(   2) N(   1) H(   4) -61.5  0.073 -0.422  0.327 -0.271 0.061 0.000  
 C(   3) C(   2) N(   1) H(  10) 178.6  0.073 -0.422  0.327  0.000 0.061 0.000  
 H(   4) N(   1) C(   2) H(   5)  60.9  0.121 -0.648  0.199 -0.405 0.061 0.000  
 H(   4) N(   1) C(   2) H(   6) 177.5  0.121 -0.648  0.199  0.000 0.061 0.000  
 H(   5) C(   2) N(   1) H(  10) -59.0  0.121 -0.648  0.199 -0.385 0.061 0.000  
 H(   5) C(   2) C(   3) H(   7) -59.4  0.000  0.000  0.238  0.000 0.059 0.000  
 H(   5) C(   2) C(   3) H(   8)  56.8  0.000  0.000  0.238  0.002 0.059 0.000  
 H(   5) C(   2) C(   3) C(   9) 178.5  0.000  0.000  0.280  0.000 0.059 0.000  
 H(   6) C(   2) N(   1) H(  10)  57.6  0.121 -0.648  0.199 -0.368 0.061 0.000  
 H(   6) C(   2) C(   3) H(   7)-175.9  0.000  0.000  0.238  0.003 0.059 0.000  
 H(   6) C(   2) C(   3) H(   8) -59.8  0.000  0.000  0.238  0.000 0.059 0.000  
 H(   6) C(   2) C(   3) C(   9)  61.9  0.000  0.000  0.280  0.001 0.059 0.000  
 H(   7) C(   3) C(   9) H(  11)  59.3  0.000  0.000  0.238  0.000 0.059 0.000  
 H(   7) C(   3) C(   9) H(  12) 179.0  0.000  0.000  0.238  0.000 0.059 0.000  
 H(   7) C(   3) C(   9) H(  13) -60.6  0.000  0.000  0.238  0.000 0.059 0.000  
 H(   8) C(   3) C(   9) H(  11) -56.7  0.000  0.000  0.238  0.002 0.059 0.000  
 H(   8) C(   3) C(   9) H(  12)  63.0  0.000  0.000  0.238  0.002 0.059 0.000  
 H(   8) C(   3) C(   9) H(  13)-176.6  0.000  0.000  0.238  0.002 0.059 0.000  


 ==============================================================================
                        NORMAL MODE VIBRATIONAL ANALYSIS
 ==============================================================================


             Molecular Shape : ASYMMETRIC ROTOR WITH KAPPA =-0.846022
        Symmetry Point Group : C1  
             Symmetry Number :  1
                   Chirality : yes



0       FUNDAMENTAL NORMAL VIBRATIONAL FREQUENCIES
                ( THEORETICALLY  33 VALUES )

             Frequency :  in 1/cm
             A(i)      :  IR intensity (vs,s,m,w,vw,-- or in 10**6 cm/mole)
             A(i) = -- :  IR inactive


             no       Frequency   Symmetry      A(i)

             1.          3422.8     (A   )       vs
             2.          3362.1     (A   )        s
             3.          2971.8     (A   )        m
             4.          2968.4     (A   )        m
             5.          2925.9     (A   )        m
             6.          2913.1     (A   )        m
             7.          2883.2     (A   )        w
             8.          2869.4     (A   )        m
             9.          2770.2     (A   )        m
            10.          1628.5     (A   )        s
            11.          1546.5     (A   )        m
            12.          1469.4     (A   )        w
            13.          1460.7     (A   )        w
            14.          1458.4     (A   )        w
            15.          1446.1     (A   )        w
            16.          1413.0     (A   )        w
            17.          1369.6     (A   )        m
            18.          1330.3     (A   )        w
            19.          1235.7     (A   )        w
            20.          1139.2     (A   )        m
            21.          1093.1     (A   )        m
            22.          1032.1     (A   )        w
            23.          1016.7     (A   )        w
            24.          1008.2     (A   )        m
            25.           903.5     (A   )        w
            26.           858.0     (A   )        s
            27.           801.9     (A   )        w
            28.           776.8     (A   )        s
            29.           465.6     (A   )        w
            30.           319.1     (A   )        w
            31.           240.4     (A   )        m
            32.           224.1     (A   )        w
            33.           133.5     (A   )        w
            34.     (       0.0)    (t/r )
            35.     (       0.0)    (t/r )
            36.     (       0.0)    (t/r )
            37.     (       0.0)    (t/r )
            38.     (       0.0)    (t/r )
            39.     (       0.0)    (t/r )


0       CORRESPONDING EIGEN VECTOR MATRIX   39 BY  39



 (  1)
    -0.039   -0.002    0.068    0.001    0.000   -0.001    0.000    0.000
     0.000   -0.082    0.042   -0.671   -0.001    0.000    0.001   -0.005
     0.006   -0.002    0.000    0.000   -0.001    0.000    0.001    0.000
     0.000    0.000    0.000    0.613   -0.013   -0.269    0.000    0.000
     0.000    0.000    0.000    0.000    0.000    0.000    0.000

 (  2)
     0.054   -0.007    0.030   -0.001    0.003   -0.001    0.000    0.000
     0.000   -0.099    0.050   -0.672    0.001   -0.011    0.000    0.001
     0.000    0.007    0.000    0.000    0.000    0.000    0.000    0.000
     0.000    0.000    0.000   -0.637    0.022    0.262    0.000    0.000
     0.000    0.000    0.000    0.000    0.000    0.000    0.000

 (  3)
     0.000    0.000    0.000    0.000    0.000    0.000    0.001   -0.002
     0.003    0.000    0.000    0.000    0.000    0.000    0.000    0.000
     0.000   -0.002   -0.005   -0.007   -0.029   -0.008    0.031   -0.006
     0.042   -0.053    0.063    0.000    0.000    0.000   -0.155    0.016
     0.043   -0.063   -0.030   -0.553   -0.283    0.645   -0.235

 (  4)
     0.000    0.000    0.000    0.000   -0.001   -0.001    0.000    0.000
    -0.001    0.000    0.000    0.000    0.002    0.003    0.001    0.000
     0.000    0.009    0.005    0.006    0.018    0.001    0.005    0.000
     0.064   -0.024   -0.063    0.000    0.000    0.000   -0.691    0.029
     0.277    0.037    0.044    0.525   -0.101    0.207   -0.057

 (  5)
     0.000    0.000    0.000    0.001    0.001    0.010    0.028   -0.045
     0.073   -0.001    0.001    0.001   -0.008   -0.014   -0.006    0.003
     0.004   -0.113   -0.031   -0.024   -0.674   -0.300    0.548   -0.184
    -0.001    0.002   -0.004   -0.002    0.000    0.001   -0.001   -0.001
     0.001   -0.001   -0.004    0.032    0.017   -0.022    0.013

 (  6)
     0.000   -0.001    0.001   -0.010   -0.005   -0.085    0.001   -0.002
     0.012    0.004   -0.007    0.004    0.080    0.124    0.059    0.046
    -0.046    0.926   -0.012   -0.006   -0.121   -0.013    0.031   -0.015
    -0.001    0.000    0.000    0.003    0.005   -0.006    0.013    0.000
    -0.005    0.000    0.000    0.005    0.000    0.003    0.000

 (  7)
     0.000    0.000    0.000   -0.003   -0.002   -0.004    0.015   -0.039
    -0.028    0.000    0.000    0.000    0.023    0.027    0.008    0.002
    -0.002    0.041    0.013    0.032    0.426   -0.207    0.386   -0.110
     0.027    0.037    0.014    0.000    0.000    0.000   -0.400    0.003
     0.148   -0.046   -0.038   -0.428    0.153   -0.370    0.125

 (  8)
     0.000    0.000    0.000    0.004    0.003    0.003   -0.022    0.040
     0.032    0.000    0.000    0.000   -0.029   -0.036   -0.010   -0.002
     0.001   -0.029   -0.013   -0.034   -0.503    0.245   -0.448    0.130
     0.023    0.028    0.010    0.000    0.000    0.000   -0.357    0.013
     0.139   -0.040   -0.033   -0.359    0.128   -0.312    0.105

 (  9)
     0.001   -0.003    0.000    0.040    0.070    0.005   -0.001   -0.004
    -0.001   -0.002    0.004    0.009   -0.468   -0.774   -0.245    0.000
    -0.031    0.176    0.006    0.004    0.034   -0.010    0.035   -0.013
     0.000    0.000    0.000    0.006    0.008   -0.008    0.001    0.000
    -0.001    0.000    0.000    0.004   -0.002    0.004   -0.001

 ( 10)
     0.068   -0.052    0.030   -0.052    0.058   -0.004    0.014   -0.004
    -0.001   -0.571    0.167    0.142    0.154   -0.078    0.083    0.106
    -0.158   -0.031   -0.019   -0.003   -0.001    0.015   -0.009    0.000
    -0.002   -0.001    0.000   -0.156    0.170   -0.549   -0.004   -0.003
    -0.002   -0.001    0.004    0.000    0.005    0.003    0.005

 ( 11)
     0.005   -0.008   -0.019   -0.123    0.089   -0.004    0.053   -0.004
    -0.007    0.257   -0.041   -0.057    0.330   -0.246    0.204    0.272
    -0.445   -0.058   -0.121    0.019   -0.005   -0.014   -0.035    0.054
    -0.009   -0.007   -0.001    0.127   -0.107    0.258   -0.014   -0.007
    -0.006    0.001    0.027   -0.005    0.024    0.014    0.024

 ( 12)
     0.001    0.001   -0.003   -0.046   -0.038    0.028    0.124    0.078
     0.004   -0.042    0.018    0.003   -0.069    0.050   -0.275    0.194
     0.236    0.043   -0.246   -0.229    0.040   -0.311   -0.176   -0.061
    -0.059   -0.069   -0.010   -0.003   -0.023   -0.012   -0.064    0.205
    -0.002    0.029    0.162   -0.045    0.264    0.089    0.084

 ( 13)
     0.002    0.002    0.000   -0.018   -0.016    0.014    0.037   -0.009
    -0.031   -0.018    0.007    0.004    0.010    0.004   -0.131    0.047
     0.122    0.023   -0.147    0.180   -0.044   -0.086   -0.001    0.229
     0.002    0.015   -0.040   -0.002   -0.008   -0.008    0.145   -0.445
     0.353    0.219    0.258   -0.094   -0.441   -0.033    0.344

 ( 14)
    -0.001   -0.001   -0.001    0.015    0.012   -0.013   -0.014    0.055
     0.033    0.016   -0.004   -0.004   -0.039   -0.003    0.161   -0.062
    -0.148   -0.023    0.169   -0.363    0.060   -0.034   -0.074   -0.405
    -0.045   -0.005   -0.021    0.004    0.004    0.008    0.129    0.046
     0.458    0.477   -0.111   -0.073   -0.125   -0.076   -0.148

 ( 15)
     0.002    0.001    0.000   -0.019   -0.011    0.012    0.017   -0.031
    -0.027   -0.014    0.005    0.003    0.042   -0.005   -0.148    0.076
     0.121    0.020   -0.199    0.313   -0.045   -0.050    0.045    0.368
    -0.026    0.028    0.020   -0.001   -0.007   -0.006    0.037    0.202
     0.194    0.344   -0.412    0.023    0.062   -0.099   -0.482

 ( 16)
     0.007   -0.005   -0.007   -0.071    0.001    0.040   -0.032   -0.013
     0.017    0.000    0.023   -0.005    0.174    0.001   -0.448    0.428
     0.258    0.040    0.227   -0.192    0.018    0.112   -0.029   -0.274
     0.039    0.057    0.016    0.030   -0.050    0.042   -0.001   -0.193
    -0.086   -0.108   -0.212    0.058   -0.203   -0.086   -0.122

 ( 17)
    -0.003    0.004    0.002    0.018   -0.015   -0.015    0.081    0.046
    -0.009   -0.010   -0.006    0.002   -0.141    0.008    0.197   -0.172
    -0.103   -0.013   -0.293   -0.205    0.017   -0.329   -0.180   -0.019
     0.031    0.069    0.034   -0.015    0.015   -0.023   -0.075   -0.330
    -0.204   -0.191   -0.308    0.094   -0.273   -0.133   -0.198

 ( 18)
    -0.015   -0.024   -0.035    0.023    0.013    0.027    0.000    0.007
     0.019   -0.031    0.047   -0.035   -0.577    0.404   -0.030    0.493
    -0.418   -0.012    0.044    0.100    0.019    0.028    0.041    0.077
     0.001   -0.002   -0.006   -0.003   -0.012   -0.009    0.006   -0.015
     0.004   -0.017   -0.022   -0.004   -0.020   -0.007    0.004

 ( 19)
    -0.004    0.028   -0.017    0.014   -0.035    0.044   -0.005   -0.004
    -0.001   -0.070    0.070   -0.007    0.107   -0.096    0.052    0.022
    -0.101    0.050    0.590    0.292   -0.040   -0.579   -0.303    0.046
    -0.010    0.019   -0.029    0.004   -0.054    0.005   -0.007    0.022
    -0.022   -0.033   -0.027   -0.030    0.028    0.057    0.008

 ( 20)
     0.036   -0.007   -0.058   -0.043    0.005    0.076    0.028    0.008
    -0.050   -0.282    0.467    0.011   -0.105    0.062    0.025   -0.299
    -0.006    0.101    0.083   -0.054   -0.056    0.159    0.098    0.001
    -0.007   -0.009    0.022    0.155   -0.479    0.236   -0.040   -0.051
    -0.056    0.065    0.049    0.014    0.007   -0.033   -0.058

 ( 21)
    -0.029    0.120   -0.048    0.068   -0.110    0.029   -0.064    0.025
    -0.001   -0.204    0.092   -0.033    0.228   -0.217    0.031    0.263
    -0.221    0.019   -0.235   -0.185    0.017   -0.006    0.096    0.109
     0.038   -0.019    0.016   -0.043   -0.130   -0.064    0.054    0.147
     0.032   -0.037    0.084    0.019   -0.106   -0.095   -0.002

 ( 22)
     0.018    0.012   -0.009   -0.010   -0.017   -0.045    0.012    0.002
     0.111   -0.113    0.141    0.017   -0.042   -0.062    0.135    0.039
     0.144   -0.043   -0.150    0.188    0.122    0.076   -0.032   -0.088
     0.001    0.006   -0.108    0.050   -0.218    0.077    0.143    0.074
     0.233   -0.316   -0.433   -0.060    0.030    0.144    0.228

 ( 23)
     0.008    0.029    0.021   -0.061   -0.045   -0.015    0.058    0.121
     0.010    0.030   -0.152    0.008   -0.098   -0.099    0.197    0.049
     0.128   -0.013    0.306    0.183   -0.003    0.191    0.227    0.086
    -0.010   -0.112   -0.014   -0.033    0.013   -0.071   -0.033    0.023
    -0.094   -0.103   -0.009   -0.014   -0.274   -0.291   -0.157

 ( 24)
    -0.030    0.083   -0.005   -0.004   -0.066    0.015    0.068   -0.027
     0.001   -0.056   -0.127   -0.017   -0.016   -0.094    0.105    0.070
    -0.049    0.014    0.101    0.046   -0.003    0.284    0.056   -0.082
    -0.087    0.039    0.004   -0.081    0.007   -0.114   -0.155   -0.468
    -0.092    0.197   -0.131   -0.011    0.346    0.246    0.028

 ( 25)
     0.040    0.012    0.020   -0.027   -0.020   -0.111   -0.037   -0.045
     0.037   -0.086   -0.021    0.035   -0.189   -0.065    0.299    0.263
     0.286   -0.119   -0.084    0.139    0.033   -0.107   -0.141   -0.139
     0.018    0.037    0.058    0.038   -0.317    0.036   -0.059   -0.003
    -0.130    0.220    0.334    0.024    0.002   -0.037   -0.133

 ( 26)
    -0.018   -0.058   -0.027    0.097    0.020   -0.039   -0.028    0.056
     0.078    0.033    0.462    0.002    0.227   -0.047   -0.049    0.124
     0.048   -0.041   -0.076    0.164    0.079   -0.026    0.032   -0.005
    -0.073   -0.057    0.004    0.075    0.231    0.167   -0.154   -0.279
    -0.162    0.093    0.039   -0.018    0.006   -0.066   -0.114

 ( 27)
     0.029   -0.045    0.019   -0.014   -0.020   -0.045   -0.064    0.057
    -0.061    0.061    0.114    0.028   -0.073   -0.074    0.220    0.193
     0.189   -0.047    0.191   -0.419   -0.052   -0.123    0.196    0.459
     0.001    0.023    0.006    0.055    0.033    0.070    0.019   -0.109
     0.068    0.008   -0.184    0.021    0.184    0.161    0.162

 ( 28)
    -0.062   -0.009   -0.021   -0.059   -0.076    0.023    0.058   -0.055
    -0.029    0.100    0.435   -0.011   -0.132   -0.113    0.263    0.067
     0.117    0.025    0.022    0.028   -0.032    0.120   -0.059   -0.138
     0.055    0.042    0.010   -0.012    0.505    0.063    0.088    0.189
     0.067   -0.010    0.075    0.014   -0.033    0.002    0.007

 ( 29)
    -0.091    0.042    0.030    0.082    0.102   -0.046    0.091   -0.101
    -0.037   -0.113    0.090    0.037    0.069    0.064    0.092    0.162
     0.164   -0.046    0.176   -0.206   -0.035    0.059   -0.066    0.125
    -0.060   -0.039    0.019   -0.097   -0.147    0.033   -0.038    0.119
     0.059   -0.121   -0.064    0.027   -0.187   -0.088    0.042

 ( 30)
     0.096   -0.006   -0.022    0.049    0.007    0.087   -0.041   -0.009
    -0.093    0.268    0.007   -0.043   -0.001   -0.018    0.251    0.169
     0.158    0.086   -0.142    0.124   -0.092   -0.002   -0.032   -0.231
    -0.113   -0.008    0.032    0.027   -0.025   -0.182   -0.055    0.011
     0.178   -0.271   -0.022    0.047   -0.076   -0.006   -0.012

 ( 31)
     0.076    0.018   -0.040    0.006   -0.018   -0.018    0.006   -0.028
    -0.004   -0.440   -0.311    0.003   -0.029    0.001   -0.008    0.004
    -0.010   -0.017    0.022   -0.028   -0.004    0.025   -0.011    0.015
    -0.069    0.016    0.023    0.299    0.386    0.448   -0.087    0.129
    -0.037   -0.014   -0.045    0.022   -0.166    0.003    0.109

 ( 32)
    -0.052   -0.020    0.005    0.013    0.018   -0.005    0.002    0.032
    -0.039   -0.269   -0.152    0.024    0.030   -0.008    0.039    0.051
     0.037   -0.006   -0.004    0.079   -0.040   -0.020    0.006   -0.080
     0.046   -0.019    0.018    0.036    0.042    0.203    0.194   -0.285
     0.422   -0.360    0.212    0.040    0.334   -0.025   -0.362

 ( 33)
    -0.079   -0.045   -0.072    0.021    0.058    0.055   -0.018    0.052
    -0.039   -0.179   -0.221   -0.071    0.051   -0.019    0.222    0.096
     0.217    0.056   -0.091    0.175   -0.039   -0.045   -0.010   -0.175
     0.080   -0.049    0.049   -0.042   -0.028    0.012    0.008    0.010
    -0.139    0.271   -0.266    0.045    0.038    0.028    0.312

 ( 34)
    -0.042    0.030   -0.065   -0.016    0.094    0.083   -0.019    0.049
     0.080   -0.048   -0.100   -0.072    0.000    0.042    0.203   -0.010
     0.236    0.088   -0.023   -0.093    0.085    0.002    0.099    0.196
    -0.040    0.120   -0.077   -0.040    0.063   -0.063   -0.041    0.087
    -0.074   -0.036    0.262   -0.085   -0.061    0.066   -0.196

 ( 35)
     0.004    0.012   -0.124   -0.004    0.015   -0.100    0.047    0.066
     0.023    0.090    0.044   -0.132    0.044    0.014   -0.180   -0.100
    -0.022   -0.095    0.144    0.103    0.017    0.039    0.066    0.035
    -0.016    0.069    0.138   -0.032   -0.022   -0.204    0.021    0.106
     0.226   -0.114    0.033    0.149   -0.006    0.072    0.133

 ( 36)
    -0.029   -0.079   -0.029    0.051   -0.047   -0.084    0.034    0.049
    -0.129   -0.064   -0.060   -0.024    0.093   -0.070   -0.091    0.088
    -0.072   -0.087    0.001    0.075   -0.128    0.097    0.069   -0.169
    -0.021    0.086   -0.124   -0.018   -0.142    0.000   -0.030    0.155
    -0.158    0.011    0.062   -0.125   -0.086    0.070   -0.085

 ( 37)
    -0.099   -0.014   -0.071   -0.127   -0.025   -0.051   -0.117   -0.053
    -0.028   -0.081   -0.018   -0.074   -0.137   -0.017   -0.055   -0.146
    -0.019   -0.050   -0.099   -0.059   -0.028   -0.139   -0.060   -0.013
    -0.104   -0.065   -0.021   -0.106    0.004   -0.087   -0.098   -0.085
    -0.003   -0.121   -0.060   -0.020   -0.081   -0.060   -0.034

 ( 38)
    -0.015   -0.163   -0.033    0.032   -0.104    0.057    0.046   -0.074
     0.090    0.005   -0.230   -0.040    0.082   -0.150    0.101    0.009
    -0.032    0.061    0.072   -0.145    0.091    0.082   -0.031    0.159
    -0.019   -0.009    0.035   -0.025   -0.181   -0.055   -0.007    0.014
     0.061   -0.047    0.064    0.033   -0.056   -0.051   -0.034

 ( 39)
    -0.085   -0.026    0.143   -0.028   -0.023    0.042   -0.038    0.078
     0.014   -0.106    0.042    0.150    0.004   -0.023   -0.016   -0.006
    -0.102    0.038   -0.056    0.157    0.012    0.007    0.076   -0.064
    -0.080    0.082    0.087   -0.079   -0.094    0.161   -0.085    0.156
     0.063   -0.062    0.005    0.089   -0.126    0.090    0.165


 ==============================================================================
                      STATISTICAL THERMODYNAMICS ANALYSIS
 ==============================================================================

  Structure name    : propylamine-g                                               
  Temperature       :   298.16 K
  Symmetry number   :   1
  Optical isomers   :   2
  Zero Point Energy :   73.561 Kcal/mol


                     ENERGY   ENTHALPY    ENTROPY  FREE ENERGY   HEAT CAPACITY
                  (Kcal/mol) (Kcal/mol)     (eu)   (Kcal/mol)    (cal/mol/deg)
  Translational       0.889      1.481     38.132     -9.888         4.967
     Rotational       0.889      0.889     24.550     -6.431         2.980
    Vibrational      75.345%    75.345%     9.967*    72.374%       13.447*
      Potential       2.415#     2.415#     0.000      2.415#        0.000
         Mixing       0.000      0.000      1.377     -0.411         0.000
          Total      79.538     80.130     74.026     58.059        21.395

  Enthalpy Function (H-Ho)/T     =   13.93 cal/mol/deg
  Free Energy Function -(G-Ho)/T =   60.09 cal/mol/deg

  % Includes zero point energy (ZPE).
  * Excludes contribution from frequencies lower than 40 (1/cm).
  # Includes steric energy (SE).
    Internal rotation contributions are not considered

  This structure has   0 imaginary frequencies,
                       0 free internal rotation (fir) frequencies
                         (>= 0,< 10 /cm),
                       0 restricted internal rotation (rir) frequencies
                         (>= 10,< 40 /cm),
                       6 zero frequencies, and
                      33 real frequencies.


      FINAL STERIC ENERGY IS      2.4153 KCAL/MOL.


                COMPRESSION       0.1227
                BENDING           0.2344
                BEND-BEND        -0.0076
                STRETCH-BEND      0.0344
                VANDERWAALS
                  1,4 ENERGY      3.1268
                  OTHER           0.0337
                H-BONDING         0.0000
                PI-COMPLX         0.0000

                TORSIONAL        -1.1285
                TORSION-STRETCH  -0.0005
                DIPOLE-DIPOLE     0.0000
                CHARGE-DIPOLE     0.0000
                CHARGE-CHARGE     0.0000

      -----------------------------------------------------------------

      COORDINATES TRANSLATED TO NEW ORIGIN WHICH IS CENTER OF MASS
         N(   1)     1.45184    -0.59345     0.10327   (  8)
         C(   2)     0.70165     0.60321    -0.28877   (  1)
         C(   3)    -0.71574     0.62844     0.29396   (  1)
         H(   4)     1.57771    -0.65954     1.10938   ( 23)
         H(   5)     1.26150     1.52502     0.03804   (  5)
         H(   6)     0.63668     0.64291    -1.39988   (  5)
         H(   7)    -0.66039     0.66394     1.40642   (  5)
         H(   8)    -1.22683     1.56594    -0.02603   (  5)
         C(   9)    -1.56243    -0.57574    -0.13296   (  1)
         H(  10)     2.38284    -0.61631    -0.30343   ( 23)
         H(  11)    -2.59300    -0.51419     0.28338   (  5)
         H(  12)    -1.65645    -0.63677    -1.24022   (  5)
         H(  13)    -1.12271    -1.53541     0.21875   (  5)

      MOMENT OF INERTIA WITH THE PRINCIPAL AXES

          (1)  UNIT = 10**(-39) GM*CM**2
               IX=    6.1347    IY=   17.1456    IZ=   20.1644

          (2)  UNIT = AU A**2
               IX=   36.9483    IY=  103.2644    IZ=  121.4459



      MOLECULAR POLARIZABILITIES (A**3)
        ALPHA(1)   =       8.32
        ALPHA(2)   =       8.67
        ALPHA(3)   =       7.26
        AVG. ALPHA =       8.08



      DIPOLE MOMENT =          1.287 D


        COMPONENTS WITH PRINCIPAL AXES

                          X = -1.0456    Y = -0.4379    Z = -0.6087


      E (INDP/INDP) =          0.188 KCAL/MOLE
      DIPOLE MOMENT =          1.164 D (INCLUDES INDUCED BOND MOMENTS)
      *NOTE*  E (INDP/INDP) IS NOT INCLUDED IN THE FINAL STERIC ENERGY

        COMPONENTS WITH PRINCIPAL AXES

                          X = -0.9741    Y = -0.2731    Z = -0.5760



      TOTAL ATOMIC CHARGE ON EACH ATOM (in ELECTRON CHARGE)

           N(    1):         -0.632
           C(    2):          0.109
           C(    3):         -0.026
           H(    4):          0.255
           H(    5):          0.013
           H(    6):          0.013
           H(    7):          0.003
           H(    8):          0.002
           C(    9):         -0.002
           H(   10):          0.255
           H(   11):          0.002
           H(   12):          0.003
           H(   13):          0.004

      -----------------------------------------------------------------

        END OF propylamine-g                                               


           TOTAL CPU TIME IS      0.04 SECONDS.

           THIS JOB COMPLETED AT    15:45:04
