1
               ---------------------------------------------
               WARNING : INCORRECT ATOM TYPES GIVEN IN INPUT
                         DATA ARE CORRECTED AS FOLLOWS
               ---------------------------------------------


             Atom type of atom    1 is replaced by   1 (was   0)
             Atom type of atom    2 is replaced by   8 (was   0)
             Atom type of atom    3 is replaced by   1 (was   0)
             Atom type of atom    4 is replaced by   1 (was   0)
             Atom type of atom    5 is replaced by   1 (was   0)
             Atom type of atom    6 is replaced by  23 (was   0)
             Atom type of atom    7 is replaced by   5 (was   0)
             Atom type of atom    8 is replaced by   5 (was   0)
             Atom type of atom    9 is replaced by   5 (was   0)
             Atom type of atom   10 is replaced by   5 (was   0)
             Atom type of atom   11 is replaced by   5 (was   0)
             Atom type of atom   12 is replaced by   5 (was   0)
             Atom type of atom   13 is replaced by   5 (was   0)
             Atom type of atom   14 is replaced by   5 (was   0)
1     pyrrolidine-eq                                              

               CHEMICAL FORMULA :  C(   4)  H(   9)  N(   1) 
               FORMULA WEIGHT   :     71.075
                                                               DATE 30-MAY-23
                                                               TIME  15:51:34


          THE COORDINATES OF   14 ATOMS ARE READ IN.
          SOME CONSTANTS WILL BE READ IN.

      CONFORMATIONAL ENERGY, PART 1:  GEOMETRY AND STERIC ENERGY
                                      OF INITIAL CONFORMATION.


      CONNECTED ATOMS
         1-   2-   3-   5-   4-   1-

      ATTACHED ATOMS
         1-   7,   1-   8,   2-   6,   3-   9,   3-  10,   4-  11,   4-  12,
         5-  13,   5-  14,

      INITIAL ATOMIC COORDINATES
           ATOM         X           Y           Z       TYPE
         C(   1)     1.17281     0.43317     0.19502   (  1)
         N(   2)     0.00000     1.17100    -0.31342   (  8)
         C(   3)    -1.17280     0.43317     0.19502   (  1)
         C(   4)     0.77946    -1.03888    -0.06552   (  1)
         C(   5)    -0.77946    -1.03888    -0.06552   (  1)
         H(   6)     0.00000     2.12875     0.07942   ( 23)
         H(   7)     1.45086     0.48698     1.28169   (  5)
         H(   8)     2.13702     0.62358    -0.33708   (  5)
         H(   9)    -2.13702     0.62359    -0.33708   (  5)
         H(  10)    -1.45086     0.48699     1.28169   (  5)
         H(  11)     1.19299    -1.72095     0.70718   (  5)
         H(  12)     1.15671    -1.37258    -1.05702   (  5)
         H(  13)    -1.15671    -1.37258    -1.05701   (  5)
         H(  14)    -1.19299    -1.72095     0.70718   (  5)

      THIS MOLECULE CONTAINS

                     1 5-MEMBERED RING(S)


          DIELECTRIC CONSTANT =  1.500


      INITIAL STERIC ENERGY IS     23.4437 KCAL/MOL.

                  COMPRESSION       1.1843
                  BENDING          10.4108
                  BEND-BEND         0.4362
                  STRETCH-BEND     -0.3390
                  VANDERWAALS
                    1,4 ENERGY      3.8295
                    OTHER          -0.2125
                  H-BONDING         0.0000
                  PI-COMPLX         0.0000

                  TORSIONAL         8.5903
                  TORSION-STRETCH  -0.4559
                  DIPOLE-DIPOLE     0.0000
                  CHARGE-DIPOLE     0.0000
                  CHARGE-CHARGE     0.0000


      MOLECULAR POLARIZABILITIES (A**3)
        ALPHA(1)   =      11.33
        ALPHA(2)   =      10.90
        ALPHA(3)   =       8.63
        AVG. ALPHA =      10.29



      DIPOLE MOMENT =          1.126 D


      E (INDP/INDP) =          1.229 KCAL/MOLE
      DIPOLE MOMENT =          1.004 D (INCLUDES INDUCED BOND MOMENTS)
      *NOTE*  E (INDP/INDP) IS NOT INCLUDED IN THE INITIAL STERIC ENERGY

      CPU TIME FOR INITIAL CALCULATION IS     0.02 SECONDS.


1     pyrrolidine-eq                                              


     CONFORMATIONAL ENERGY, PART 2: GEOMETRY MINIMIZATION

               GEOMETRY OPTIMIZATION IS CONTINUED UNTIL ATOM
               MOVEMENT CONVERGES WITHIN FOLLOWING VALUES:

                         AVERAGE MOVEMENT  0.00011 A
                         MAXIMUM MOVEMENT  0.00112 A



     <<<<<<<<<<<<<<<<<<<<<<<<<<  C Y C L E   1 >>>>>>>>>>>>>>>>>>>>>>>>>>

                              (CH)-MOVEMENT = 1

       ITER    1   AVG. MOVE = 0.03047 A   (MAX MOVE : ATOM    9   0.23161 A)  
       ITER    2   AVG. MOVE = 0.00511 A   (MAX MOVE : ATOM    9   0.03813 A)  
       ITER    3   AVG. MOVE = 0.00164 A   (MAX MOVE : ATOM    7   0.00891 A)  
       ITER    4   AVG. MOVE = 0.00096 A   (MAX MOVE : ATOM    6   0.00556 A)  
       ITER    5   AVG. MOVE = 0.00063 A   (MAX MOVE : ATOM    7   0.00360 A)  
       ITER    6   AVG. MOVE = 0.00042 A   (MAX MOVE : ATOM    7   0.00246 A)  
       ITER    7   AVG. MOVE = 0.00029 A   (MAX MOVE : ATOM    7   0.00170 A)  
       ITER    8   AVG. MOVE = 0.00019 A   (MAX MOVE : ATOM    7   0.00117 A)  
       ITER    9   AVG. MOVE = 0.00013 A   (MAX MOVE : ATOM    7   0.00080 A)  
       ITER   10   AVG. MOVE = 0.00009 A   (MAX MOVE : ATOM    7   0.00055 A)  


     <<<<<<<<<<<<<<<<<<<<<<<<<<  C Y C L E   2 >>>>>>>>>>>>>>>>>>>>>>>>>>

                              (CH)-MOVEMENT = 0

       ITER   11   AVG. MOVE = 0.00004 A   (MAX MOVE : ATOM    7   0.00031 A)  


              * * * * * * * * * GEOMETRY IS OPTIMIZED * * * * * * * * *

               WITHIN : AVERAGE MOVEMENT  0.00004 A (LIMIT  0.00011 A)
                        MAXIMUM MOVEMENT  0.00031 A (LIMIT  0.00112 A)

               GRADIENT
                  RMS GRADIENT                0.006965 KCAL/MOL/A

                  MAX GRADIENT
                    X-DIRECTION : ATOM #   3   0.014278 KCAL/MOL/A
                    Y-DIRECTION : ATOM #   6   0.013814 KCAL/MOL/A
                    Z-DIRECTION : ATOM #   2   0.024876 KCAL/MOL/A

        DELTA TIME =    0.00 SEC.       TOTAL CPU TIME =      0.02 SEC.


                            =====================
                            FULL-MATRIX OPTIMIZER
                            =====================


     iter.  rms force   max force   avg. move    max move  atom  convg  d-time

        0    0.012929    0.048195   0.00035 A   0.00203 A   12    [N]     0.0s
        1    0.001007    0.004345   0.00001 A   0.00004 A   11    [N]     0.0s
        2    0.000045    0.000111                                 [Y]     0.0s


      TOTAL ENERGY IS     17.1495 KCAL/MOL.

        COMPRESS    0.5471      VDW 1,4    3.8765      DIPL-DIPL    0.0000
        BENDING     4.1302        OTHER   -0.1714      CHRG-DIPL    0.0000
        STR-BEND   -0.2134      TORSION    9.1609      CHRG-CHRG    0.0000
        BEND-BEND   0.1698      TOR-STR   -0.3502      EPR          0.0000
        H-BONDING   0.0000      PI-CMPL    0.0000
0     DELTA(T) =     0.0 SEC.          ELAPSED TIME =     0.0 SEC.


    * * * ENERGY IS STATIONARY WITHIN RMS OF FORCES   0.00010  Kcal/mol/A * * *

                 * * * *  RMS FORCE IS   0.00004 Kcal/mol/A * * * *

1     pyrrolidine-eq                                              

               CHEMICAL FORMULA :  C(   4)  H(   9)  N(   1) 
               FORMULA WEIGHT   :     71.075
                                                               DATE : 30-MAY-23

           * M M 3 * * * * * * * * * * * 2 0 0 0 *
           *                                     *   PARAMETER RELIABILITY
           *                                     *
           *                                     *   BLANK = GOOD
           *                                     *       B = FAIR
           *                                     *       C = TRIAL
           *                                     *       R = READ IN
           *                                     *       S = SUBSTITUTED
           *                                     *       U = PARAMETER NOT EXIST
           *                                     *
           *                                     *   THIS IS SHOWN AT THE END 
           *                                     *   OF THE LINE.
           * * * * * * * * * * * * * * * * * * * * 


      CONFORMATIONAL ENERGY, PART 3:  GEOMETRY AND STERIC ENERGY
                                      OF FINAL CONFORMATION.

      CONNECTED ATOMS
         1-   2-   3-   5-   4-   1-

      ATTACHED ATOMS
         1-   7,   1-   8,   2-   6,   3-   9,   3-  10,   4-  11,   4-  12,
         5-  13,   5-  14,

      FINAL ATOMIC COORDINATE
           ATOM         X           Y           Z       TYPE
         C(   1)     0.42285    -1.17076     0.17387   (  1)
         N(   2)     1.17761     0.00000    -0.29064   (  8)
         C(   3)     0.42285     1.17076     0.17387   (  1)
         C(   4)    -1.04801    -0.77519    -0.05646   (  1)
         C(   5)    -1.04801     0.77519    -0.05646   (  1)
         H(   6)     2.11933     0.00000     0.09397   ( 23)
         H(   7)     0.60985    -1.34795     1.26944   (  5)
         H(   8)     0.70735    -2.08403    -0.39278   (  5)
         H(   9)     0.70735     2.08403    -0.39278   (  5)
         H(  10)     0.60985     1.34795     1.26944   (  5)
         H(  11)    -1.70875    -1.19031     0.73672   (  5)
         H(  12)    -1.40544    -1.15830    -1.03929   (  5)
         H(  13)    -1.40544     1.15830    -1.03929   (  5)
         H(  14)    -1.70875     1.19031     0.73672   (  5)

      THIS MOLECULE CONTAINS

                     1 5-MEMBERED RING(S)


          DIELECTRIC CONSTANT =  1.500


      BOND LENGTHS AND STRETCHING ENERGY   (   14 BONDS)

        ENERGY = 71.94(KS)(DR)(DR)(1-(CS)(DR)+(7/12)((CS)(DR))**2)
                          DR = R-RO
                          CS =  2.550
                                                         R(0)-CORR        CORR
          BOND        LENGTH   R(0)    K(S)  ENERGY   E-NEG   MISCEL       KS
    C(   1)- N(   2)  1.4684  1.4590  5.300  0.0327  0.0060                     
    C(   1)- C(   4)  1.5404  1.5208  4.490  0.1185 -0.0050                     
    C(   1)- H(   7)  1.1255  1.1225  4.336  0.0026 -0.0011  0.0116  BH -0.344  
    C(   1)- H(   8)  1.1118  1.1113  4.704  0.0001 -0.0011  0.0004  BH  0.024  
    N(   2)- C(   3)  1.4684  1.4590  5.300  0.0327  0.0060                     
    N(   2)- H(   6)  1.0172  1.0150  6.420  0.0023                             
    C(   3)- C(   5)  1.5404  1.5208  4.490  0.1185 -0.0050                     
    C(   3)- H(   9)  1.1118  1.1113  4.704  0.0001 -0.0011  0.0004  BH  0.024  
    C(   3)- H(  10)  1.1255  1.1225  4.336  0.0026 -0.0011  0.0116  BH -0.344  
    C(   4)- C(   5)  1.5504  1.5226  4.490  0.2329 -0.0032                     
    C(   4)- H(  11)  1.1127  1.1116  4.694  0.0004 -0.0004              0.014  
    C(   4)- H(  12)  1.1138  1.1116  4.694  0.0016 -0.0004              0.014  
    C(   5)- H(  13)  1.1138  1.1116  4.694  0.0016 -0.0004              0.014  
    C(   5)- H(  14)  1.1127  1.1116  4.694  0.0004 -0.0004              0.014  


      NON-BONDED DISTANCES, VDW AND EPR ENERGY   (     50 PAIRS)

              E(VDW) = KV*(1.84(10**5)EXP(-12.00/P) - 2.25(P**6))
              E(EPR) = C*KV*(1.84(10**5)EXP(-12.00/Q) - 2.25(Q**6))
              E(HBD) = EP1-EP2*COS(THETA)*RTH/RTH0
                            EP1 = KHB*1.84(10**5)*EXP(-12.0/P)
                            EP2 = KHB*2.25(P**6)

            IF P > 3.020, THEN,
              E(VDW) = KV(192.270)(P**2)
              E(HBD) = EP1-EP2*COS(THETA)*RTH/RTH0
                            EP1 = KHB*(192.270*P**2+1706.96)
                            EP2 = KHB*1706.96

               WHERE   RV = RVDW(I) + RVDW(K)
                       KV = SQRT(EPS(I)*EPS(K))
                      KHB = EPS/DIELEC  FOR HYDROGEN BOND
                        P = (RV/R) OR (RV/R#)
                        C = SCALE FACTOR
                        Q = RV/R, WHERE R IS MODIFIED DISTANCE
                    THETA = ANGLE H-X-Y IN HYDROGEN BOND X-H...Y
                      RTH = BOND LENGTH X-H IN X-H...Y
                     RTH0 = NATURAL BOND LENGTH X-H

          # IN THE VDW CALCULATIONS THE HYDROGEN ATOMS ARE RELOCATED
          SO THAT THE ATTACHED HYDROGEN DISTANCE IS REDUCED BY 0.923

          # IN THE VDW CALCULATIONS THE DEUTERIUM ATOMS ARE RELOCATED
          SO THAT THE ATTACHED DEUTERIUM DISTANCE IS REDUCED BY  0.923

         ATOM PAIR          R       R#       RV      KV       ENERGY
      C(   1), C(   3)   2.3415
      C(   1), C(   5)   2.4501
      C(   1), H(   6)   2.0628
      C(   1), H(   9)   3.3160   3.2378   3.560   0.0230    -0.0144  1,4       
      C(   1), H(  10)   2.7530   2.7070   3.560   0.0230     0.1933  1,4       
      C(   1), H(  11)   2.2047
      C(   1), H(  12)   2.1942
      C(   1), H(  13)   3.1998   3.1344   3.560   0.0230    -0.0019  1,4       
      C(   1), H(  14)   3.2304   3.1632   3.560   0.0230    -0.0061  1,4       
      N(   2), C(   4)   2.3684
      N(   2), C(   5)   2.3684
      N(   2), H(   7)   2.1385
      N(   2), H(   8)   2.1389
      N(   2), H(   9)   2.1389
      N(   2), H(  10)   2.1385
      N(   2), H(  11)   3.2868   3.2118   3.550   0.0293    -0.0163  1,4       
      N(   2), H(  12)   2.9282   2.8736   3.550   0.0293     0.0916  1,4       
      N(   2), H(  13)   2.9282   2.8736   3.550   0.0293     0.0916  1,4       
      N(   2), H(  14)   3.2868   3.2118   3.550   0.0293    -0.0163  1,4       
      C(   3), C(   4)   2.4501
      C(   3), H(   6)   2.0628
      C(   3), H(   7)   2.7530   2.7070   3.560   0.0230     0.1933  1,4       
      C(   3), H(   8)   3.3160   3.2378   3.560   0.0230    -0.0144  1,4       
      C(   3), H(  11)   3.2304   3.1632   3.560   0.0230    -0.0061  1,4       
      C(   3), H(  12)   3.1998   3.1344   3.560   0.0230    -0.0019  1,4       
      C(   3), H(  13)   2.1942
      C(   3), H(  14)   2.2047
      C(   4), H(   6)   3.2643   3.1927   3.640   0.0220     0.0000  1,4       
      C(   4), H(   7)   2.1988
      C(   4), H(   8)   2.2153
      C(   4), H(   9)   3.3719   3.2967   3.560   0.0230    -0.0189  1,4       
      C(   4), H(  10)   3.0024   2.9483   3.560   0.0230     0.0440  1,4       
      C(   4), H(  13)   2.1982
      C(   4), H(  14)   2.2201
      C(   5), H(   6)   3.2643   3.1927   3.640   0.0220     0.0000  1,4       
      C(   5), H(   7)   3.0024   2.9483   3.560   0.0230     0.0440  1,4       
      C(   5), H(   8)   3.3719   3.2967   3.560   0.0230    -0.0189  1,4       
      C(   5), H(   9)   2.2153
      C(   5), H(  10)   2.1988
      C(   5), H(  11)   2.2201
      C(   5), H(  12)   2.1982
      H(   6), H(   7)   2.3403   2.2678   3.220   0.0190     0.3959  1,4       
      H(   6), H(   8)   2.5639   2.4656   3.220   0.0190     0.1450  1,4       
      H(   6), H(   9)   2.5639   2.4656   3.220   0.0190     0.1450  1,4       
      H(   6), H(  10)   2.3403   2.2678   3.220   0.0190     0.3959  1,4       
      H(   6), H(  11)   4.0601   3.9294   3.220   0.0190    -0.0114            
      H(   6), H(  12)   3.8794   3.7496   3.220   0.0190    -0.0141            
      H(   6), H(  13)   3.8794   3.7496   3.220   0.0190    -0.0141            
      H(   6), H(  14)   4.0601   3.9294   3.220   0.0190    -0.0114            
      H(   7), H(   8)   1.8205
      H(   7), H(   9)   3.8146   3.6839   3.240   0.0200    -0.0165            
      H(   7), H(  10)   2.6959   2.6686   3.240   0.0200     0.0435            
      H(   7), H(  11)   2.3842   2.3169   3.240   0.0200     0.3539  1,4       
      H(   7), H(  12)   3.0704   2.9246   3.240   0.0200    -0.0105  1,4       
      H(   7), H(  13)   3.9589   3.8181   3.240   0.0200    -0.0141            
      H(   7), H(  14)   3.4789   3.3986   3.240   0.0200    -0.0212            
      H(   8), H(   9)   4.1681   4.0274   3.240   0.0200    -0.0110            
      H(   8), H(  10)   3.8146   3.6839   3.240   0.0200    -0.0165            
      H(   8), H(  11)   2.8128   2.6968   3.240   0.0200     0.0337  1,4       
      H(   8), H(  12)   2.3956   2.3277   3.240   0.0200     0.3361  1,4       
      H(   8), H(  13)   3.9236   3.8093   3.240   0.0200    -0.0143            
      H(   8), H(  14)   4.2231   4.0747   3.240   0.0200    -0.0103            
      H(   9), H(  10)   1.8205
      H(   9), H(  11)   4.2231   4.0747   3.240   0.0200    -0.0103            
      H(   9), H(  12)   3.9236   3.8093   3.240   0.0200    -0.0143            
      H(   9), H(  13)   2.3956   2.3277   3.240   0.0200     0.3361  1,4       
      H(   9), H(  14)   2.8128   2.6968   3.240   0.0200     0.0337  1,4       
      H(  10), H(  11)   3.4789   3.3986   3.240   0.0200    -0.0212            
      H(  10), H(  12)   3.9589   3.8181   3.240   0.0200    -0.0141            
      H(  10), H(  13)   3.0704   2.9246   3.240   0.0200    -0.0105  1,4       
      H(  10), H(  14)   2.3842   2.3169   3.240   0.0200     0.3539  1,4       
      H(  11), H(  12)   1.8020
      H(  11), H(  13)   2.9601   2.8278   3.240   0.0200     0.0023  1,4       
      H(  11), H(  14)   2.3806   2.3167   3.240   0.0200     0.3542  1,4       
      H(  12), H(  13)   2.3166   2.2576   3.240   0.0200     0.4668  1,4       
      H(  12), H(  14)   2.9601   2.8278   3.240   0.0200     0.0023  1,4       
      H(  13), H(  14)   1.8020


      BOND ANGLES, BENDING AND STRETCH-BEND ENERGIES   (   27 ANGLES)

          EB = 0.021914(KB)(DT)(DT)(1+CF*DT+QF*DT**2+PF*DT**3+SF*DT**4)
                          DT = THETA-TZERO
                          CF = -1400.000E-5
                          QF =     5.600E-5
                          PF =    -0.070E-5
                          SF =     0.022E-6
          ESB(J) = 2.51124(KSB(J))(DT)(DR1+DR2)
                          DR(I) = R(I) - R0(I)
          EBDBD  = -0.02191418(KBB1)(DT1)(KBB2)(DT2)

          A T O M S            THETA    TZERO     KB     EB     KSB    ESB
   N(   2)- C(   1)- C(   4)  103.813  109.700  0.780  0.6425  0.13 -0.0557     
   N(   2)- C(   1)- H(   7)  110.369  109.300  0.820  0.0202  0.08  0.0026     
   N(   2)- C(   1)- H(   8)  111.235  109.300  0.820  0.0655  0.08  0.0038     
   C(   4)- C(   1)- H(   7)  110.159  109.310  0.590  0.0092  0.08  0.0038     
   C(   4)- C(   1)- H(   8)  112.276  109.310  0.590  0.1090  0.08  0.0120     
   H(   7)- C(   1)- H(   8)  108.923  107.600  0.550  0.0207                   
   C(   1)- N(   2)- C(   3)  105.750  112.000  0.720  0.6718  0.10 -0.0294     
   C(   1)- N(   2)- H(   6)  110.870  108.100  0.600  0.0970  0.03  0.0024     
   C(   3)- N(   2)- H(   6)  110.870  108.100  0.600  0.0970  0.03  0.0024     
   N(   2)- C(   3)- C(   5)  103.813  109.700  0.780  0.6425  0.13 -0.0557     
   N(   2)- C(   3)- H(   9)  111.235  109.300  0.820  0.0655  0.08  0.0038     
   N(   2)- C(   3)- H(  10)  110.369  109.300  0.820  0.0202  0.08  0.0026     
   C(   5)- C(   3)- H(   9)  112.276  109.310  0.590  0.1090  0.08  0.0120     
   C(   5)- C(   3)- H(  10)  110.159  109.310  0.590  0.0092  0.08  0.0038     
   H(   9)- C(   3)- H(  10)  108.923  107.600  0.550  0.0207                   
   C(   1)- C(   4)- C(   5)  104.880  111.000  0.670  0.5983  0.13 -0.0948     
   C(   1)- C(   4)- H(  11)  111.384  109.310  0.590  0.0540  0.08  0.0086     
   C(   1)- C(   4)- H(  12)  110.489  109.310  0.590  0.0177  0.08  0.0052     
   C(   5)- C(   4)- H(  11)  111.906  109.310  0.590  0.0840  0.08  0.0151     
   C(   5)- C(   4)- H(  12)  110.120  109.310  0.590  0.0084  0.08  0.0049     
   H(  11)- C(   4)- H(  12)  108.068  107.600  0.550  0.0026                   
   C(   3)- C(   5)- C(   4)  104.880  111.000  0.670  0.5983  0.13 -0.0948     
   C(   3)- C(   5)- H(  13)  110.489  109.310  0.590  0.0177  0.08  0.0052     
   C(   3)- C(   5)- H(  14)  111.384  109.310  0.590  0.0540  0.08  0.0086     
   C(   4)- C(   5)- H(  13)  110.120  109.310  0.590  0.0084  0.08  0.0049     
   C(   4)- C(   5)- H(  14)  111.906  109.310  0.590  0.0840  0.08  0.0151     
   H(  13)- C(   5)- H(  14)  108.068  107.600  0.550  0.0026                   


     DIHEDRAL ANGLES, TORSIONAL ENERGY (ET)   (   39 ANGLES)

           ET = (V1/2)(1+COS(W))+(V2/2)(1-COS(2W))+(V3/2)(1+COS(3W))

           ETS = -11.995*(R-R0)((KTS1/2)(1+COS(W))+
                                (KTS2/2)(1-COS(2W)+
                                (KTS3/2)(1+COS(3W))

           SIGN OF ANGLE A-B-C-D : WHEN LOOKING THROUGH B TOWARD C,
           IF D IS COUNTERCLOCKWISE FROM A, NEGATIVE.

         A T O M S               OMEGA    V1     V2     V3     ET   KTS3   ETS
 C(   1) N(   2) C(   3) C(   5) -40.3  0.958 -0.155  1.360  1.111 0.061-0.002  
 C(   1) N(   2) C(   3) H(   9)-161.2  0.072 -0.012  0.563  0.126 0.061-0.002  
 C(   1) N(   2) C(   3) H(  10)  77.7  0.072 -0.012  0.563  0.145 0.061-0.001  
 C(   1) C(   4) C(   5) C(   3)   0.0  0.185  0.170  1.160  1.345 0.059-0.020  
 C(   1) C(   4) C(   5) H(  13) 118.9  0.000  0.000  0.280  0.280 0.059-0.020  
 C(   1) C(   4) C(   5) H(  14)-120.9  0.000  0.000  0.280  0.280 0.059-0.020  
 N(   2) C(   1) C(   4) C(   5) -23.8 -0.302  0.696  1.360  0.721 0.059-0.009  
 N(   2) C(   1) C(   4) H(  11)-145.1  0.000  0.000  0.374  0.235 0.059-0.009  
 N(   2) C(   1) C(   4) H(  12)  94.8  0.000  0.000  0.374  0.234 0.059-0.009  
 N(   2) C(   3) C(   5) C(   4)  23.8 -0.302  0.696  1.360  0.721 0.059-0.009  
 N(   2) C(   3) C(   5) H(  13) -94.8  0.000  0.000  0.374  0.234 0.059-0.009  
 N(   2) C(   3) C(   5) H(  14) 145.1  0.000  0.000  0.374  0.235 0.059-0.009  
 C(   3) N(   2) C(   1) C(   4)  40.3  0.958 -0.155  1.360  1.111 0.061-0.002  
 C(   3) N(   2) C(   1) H(   7) -77.7  0.072 -0.012  0.563  0.145 0.061-0.001  
 C(   3) N(   2) C(   1) H(   8) 161.2  0.072 -0.012  0.563  0.126 0.061-0.002  
 C(   3) C(   5) C(   4) H(  11) 120.9  0.000  0.000  0.280  0.280 0.059-0.020  
 C(   3) C(   5) C(   4) H(  12)-118.9  0.000  0.000  0.280  0.280 0.059-0.020  
 C(   4) C(   1) N(   2) H(   6) 160.5  0.073 -0.422  0.327  0.033 0.061-0.002  
 C(   4) C(   5) C(   3) H(   9) 144.1  0.000  0.000  0.280  0.183 0.059-0.009  
 C(   4) C(   5) C(   3) H(  10) -94.4  0.000  0.000  0.280  0.172 0.059-0.009  
 C(   5) C(   3) N(   2) H(   6)-160.5  0.073 -0.422  0.327  0.033 0.061-0.002  
 C(   5) C(   4) C(   1) H(   7)  94.4  0.000  0.000  0.280  0.172 0.059-0.009  
 C(   5) C(   4) C(   1) H(   8)-144.1  0.000  0.000  0.280  0.183 0.059-0.009  
 H(   6) N(   2) C(   1) H(   7)  42.5  0.121 -0.648  0.199 -0.152 0.061-0.001  
 H(   6) N(   2) C(   1) H(   8) -78.5  0.121 -0.648  0.199 -0.507 0.061-0.001  
 H(   6) N(   2) C(   3) H(   9)  78.5  0.121 -0.648  0.199 -0.507 0.061-0.001  
 H(   6) N(   2) C(   3) H(  10) -42.5  0.121 -0.648  0.199 -0.152 0.061-0.001  
 H(   7) C(   1) C(   4) H(  11) -26.9  0.000  0.000  0.238  0.138 0.059-0.008  
 H(   7) C(   1) C(   4) H(  12)-147.0  0.000  0.000  0.238  0.138 0.059-0.008  
 H(   8) C(   1) C(   4) H(  11)  94.7  0.000  0.000  0.238  0.148 0.059-0.009  
 H(   8) C(   1) C(   4) H(  12) -25.4  0.000  0.000  0.238  0.147 0.059-0.009  
 H(   9) C(   3) C(   5) H(  13)  25.4  0.000  0.000  0.238  0.147 0.059-0.009  
 H(   9) C(   3) C(   5) H(  14) -94.7  0.000  0.000  0.238  0.148 0.059-0.009  
 H(  10) C(   3) C(   5) H(  13) 147.0  0.000  0.000  0.238  0.138 0.059-0.008  
 H(  10) C(   3) C(   5) H(  14)  26.9  0.000  0.000  0.238  0.138 0.059-0.008  
 H(  11) C(   4) C(   5) H(  13)-120.2  0.000  0.000  0.238  0.238 0.059-0.020  
 H(  11) C(   4) C(   5) H(  14)   0.0  0.000  0.000  0.238  0.238 0.059-0.020  
 H(  12) C(   4) C(   5) H(  13)   0.0  0.000  0.000  0.238  0.238 0.059-0.020  
 H(  12) C(   4) C(   5) H(  14) 120.2  0.000  0.000  0.238  0.238 0.059-0.020  


 ==============================================================================
                        NORMAL MODE VIBRATIONAL ANALYSIS
 ==============================================================================


             Molecular Shape : ASYMMETRIC ROTOR WITH KAPPA = 0.943442
        Symmetry Point Group : Cs  
             Symmetry Number :  1
                   Chirality :  no



0       FUNDAMENTAL NORMAL VIBRATIONAL FREQUENCIES
                ( THEORETICALLY  36 VALUES )

             Frequency :  in 1/cm
             A(i)      :  IR intensity (vs,s,m,w,vw,-- or in 10**6 cm/mole)
             A(i) = -- :  IR inactive


             no       Frequency   Symmetry      A(i)

             1.          3381.8     (A`  )        s
             2.          2945.8     (A`  )        s
             3.          2940.8     (A"  )        w
             4.          2937.7     (A`  )        m
             5.          2935.8     (A"  )        m
             6.          2891.2     (A`  )        m
             7.          2879.7     (A"  )        m
             8.          2783.5     (A`  )        m
             9.          2783.3     (A"  )        w
            10.          1472.4     (A"  )        w
            11.          1468.3     (A`  )        w
            12.          1413.1     (A`  )        w
            13.          1392.9     (A"  )        w
            14.          1378.2     (A`  )        w
            15.          1362.0     (A"  )        s
            16.          1347.4     (A"  )        w
            17.          1313.2     (A`  )        w
            18.          1278.5     (A"  )       --
            19.          1274.1     (A`  )        w
            20.          1228.9     (A"  )        w
            21.          1166.6     (A`  )        w
            22.          1121.9     (A"  )        w
            23.          1096.3     (A"  )        w
            24.          1040.0     (A`  )        w
            25.          1001.5     (A"  )       vw
            26.           981.1     (A`  )        m
            27.           929.6     (A`  )        w
            28.           909.0     (A"  )        w
            29.           849.9     (A`  )        w
            30.           826.9     (A"  )       vw
            31.           775.3     (A`  )        s
            32.           768.0     (A`  )        w
            33.           583.6     (A"  )        w
            34.           562.3     (A`  )        m
            35.           295.8     (A`  )        w
            36.            62.9     (A"  )        w
            37.     (       0.0)    (t/r )
            38.     (       0.0)    (t/r )
            39.     (       0.0)    (t/r )
            40.     (       0.0)    (t/r )
            41.     (       0.0)    (t/r )
            42.     (       0.0)    (t/r )


0       CORRESPONDING EIGEN VECTOR MATRIX   42 BY  42



 (  1)
     0.002    0.001    0.000   -0.066    0.000   -0.026    0.002   -0.001
     0.000    0.000    0.000    0.000    0.000    0.000    0.000    0.890
     0.000    0.360   -0.003   -0.006    0.006   -0.001   -0.006   -0.001
    -0.001    0.006   -0.001   -0.003    0.006    0.006    0.000    0.000
     0.000    0.000    0.000    0.000    0.000    0.000    0.000    0.000
     0.000    0.000

 (  2)
     0.001   -0.006   -0.005    0.000    0.000    0.000    0.001    0.006
    -0.005    0.015    0.005   -0.061    0.015   -0.005   -0.061   -0.001
     0.000    0.000    0.011   -0.004    0.024   -0.026    0.074    0.044
    -0.026   -0.074    0.044    0.011    0.004    0.024   -0.308   -0.200
     0.363    0.134    0.147    0.363    0.134   -0.147    0.363   -0.308
     0.200    0.363

 (  3)
    -0.003    0.012    0.010    0.000   -0.001    0.000    0.003    0.012
    -0.010   -0.014   -0.004    0.061    0.014   -0.004   -0.061    0.000
     0.001    0.000   -0.012    0.005   -0.038    0.047   -0.140   -0.083
    -0.047   -0.140    0.083    0.012    0.005    0.038    0.301    0.184
    -0.353   -0.134   -0.135   -0.362    0.134   -0.135    0.362   -0.300
     0.184    0.353

 (  4)
    -0.014    0.047    0.037    0.000    0.000    0.000   -0.014   -0.047
     0.037    0.007    0.003   -0.007    0.007   -0.003   -0.007   -0.005
     0.000   -0.003   -0.017    0.008   -0.116    0.172   -0.540   -0.322
     0.171    0.539   -0.322   -0.017   -0.008   -0.116   -0.065   -0.043
     0.076   -0.003    0.006    0.011   -0.003   -0.006    0.011   -0.065
     0.043    0.076

 (  5)
     0.013   -0.046   -0.035    0.000    0.002    0.000   -0.013   -0.046
     0.035   -0.007   -0.002    0.016    0.007   -0.002   -0.016    0.000
    -0.003    0.000    0.015   -0.007    0.110   -0.167    0.528    0.316
     0.167    0.529   -0.316   -0.015   -0.007   -0.110    0.097    0.060
    -0.113   -0.019   -0.027   -0.069    0.018   -0.027    0.069   -0.097
     0.060    0.113

 (  6)
     0.001    0.003    0.005    0.000    0.000    0.000    0.001   -0.003
     0.005   -0.039   -0.033   -0.015   -0.039    0.033   -0.015    0.000
     0.000    0.000   -0.007    0.006   -0.035    0.009   -0.044   -0.028
     0.009    0.044   -0.028   -0.007   -0.006   -0.035    0.258    0.167
    -0.284    0.184    0.198    0.458    0.185   -0.198    0.458    0.258
    -0.167   -0.284

 (  7)
    -0.002   -0.002   -0.005    0.000    0.000    0.000    0.002   -0.002
     0.005    0.040    0.030    0.015   -0.040    0.030   -0.015    0.000
     0.000    0.000    0.007   -0.006    0.035   -0.005    0.029    0.019
     0.005    0.029   -0.019   -0.007   -0.006   -0.035   -0.262   -0.165
     0.289   -0.185   -0.189   -0.460    0.185   -0.189    0.460    0.262
    -0.165   -0.289

 (  8)
     0.013   -0.022    0.051    0.001    0.000   -0.002    0.013    0.022
     0.051    0.000    0.002   -0.001    0.000   -0.002   -0.001    0.008
     0.000    0.011   -0.117    0.123   -0.639   -0.037    0.118    0.054
    -0.037   -0.119    0.054   -0.117   -0.123   -0.640   -0.009   -0.012
     0.019   -0.008   -0.005   -0.013   -0.008    0.005   -0.013   -0.009
     0.012    0.019

 (  9)
    -0.013    0.022   -0.051    0.000   -0.004    0.000    0.013    0.022
     0.051   -0.001   -0.002    0.001    0.001   -0.002   -0.001    0.000
     0.014    0.000    0.117   -0.123    0.641    0.036   -0.115   -0.052
    -0.036   -0.115    0.052   -0.116   -0.123   -0.640    0.011    0.013
    -0.021    0.009    0.006    0.016   -0.009    0.006   -0.016   -0.011
     0.013    0.021

 ( 10)
     0.063    0.089   -0.030    0.000   -0.091    0.000   -0.063    0.089
     0.030   -0.017   -0.008    0.003    0.017   -0.008   -0.003    0.000
     0.241    0.000   -0.149   -0.358   -0.092   -0.103   -0.116    0.261
     0.103   -0.116   -0.261    0.149   -0.358    0.092   -0.031    0.009
     0.005    0.002    0.005   -0.012   -0.002    0.005    0.012    0.031
     0.009   -0.005

 ( 11)
     0.077    0.071   -0.028   -0.056    0.000    0.017    0.077   -0.071
    -0.028   -0.012   -0.007    0.001   -0.012    0.007    0.001   -0.057
     0.000   -0.015   -0.142   -0.372   -0.084   -0.175   -0.194    0.306
    -0.175    0.194    0.306   -0.142    0.372   -0.084   -0.033    0.022
     0.004    0.000    0.007   -0.012    0.000   -0.007   -0.012   -0.033
    -0.022    0.004

 ( 12)
     0.041   -0.010    0.001   -0.009    0.000    0.006    0.041    0.010
     0.001   -0.049   -0.050   -0.005   -0.049    0.050   -0.005   -0.015
     0.000    0.016   -0.111    0.122    0.058   -0.130    0.002   -0.125
    -0.130   -0.002   -0.125   -0.111   -0.122    0.058    0.144    0.198
     0.323    0.257    0.237   -0.257    0.257   -0.237   -0.257    0.144
    -0.198    0.323

 ( 13)
     0.080   -0.011    0.005    0.000    0.000    0.000   -0.080   -0.011
    -0.005   -0.078   -0.002   -0.005    0.078   -0.002    0.005    0.000
    -0.116    0.000   -0.217    0.132    0.095   -0.195   -0.006   -0.170
     0.195   -0.006    0.170    0.217    0.132   -0.095    0.171    0.029
     0.249    0.270    0.057   -0.175   -0.270    0.057    0.175   -0.171
     0.029   -0.249

 ( 14)
    -0.094    0.021    0.002    0.036    0.000   -0.013   -0.094   -0.021
     0.002    0.033   -0.071   -0.001    0.033    0.071   -0.001    0.051
     0.000   -0.034    0.231   -0.215   -0.109    0.225    0.015    0.207
     0.225   -0.015    0.207    0.231    0.215   -0.109    0.001    0.165
     0.104   -0.005    0.214   -0.107   -0.005   -0.214   -0.107    0.001
    -0.165    0.104

 ( 15)
     0.023   -0.020    0.010    0.000    0.126    0.000   -0.023   -0.020
    -0.010   -0.018    0.019   -0.009    0.018    0.019    0.009    0.000
    -0.640    0.000    0.049   -0.213   -0.023   -0.093   -0.194    0.232
     0.093   -0.194   -0.232   -0.049   -0.213    0.023    0.014   -0.066
    -0.029   -0.009   -0.077    0.025    0.009   -0.077   -0.025   -0.014
    -0.066    0.029

 ( 16)
     0.069    0.000    0.003    0.000   -0.019    0.000   -0.069    0.000
    -0.003   -0.008    0.039    0.000    0.008    0.039    0.000    0.000
    -0.029    0.000   -0.208    0.134    0.083   -0.164    0.024   -0.170
     0.164    0.024    0.170    0.208    0.134   -0.083   -0.146   -0.221
    -0.265   -0.214   -0.256    0.203    0.214   -0.256   -0.203    0.146
    -0.221    0.265

 ( 17)
    -0.018   -0.026    0.010    0.013    0.000   -0.027   -0.018    0.026
     0.010   -0.058    0.103   -0.009   -0.058   -0.103   -0.009    0.005
     0.000   -0.007    0.024   -0.191   -0.025    0.235   -0.005    0.104
     0.235    0.005    0.104    0.024    0.191   -0.025    0.266   -0.143
     0.133    0.280   -0.126   -0.042    0.280    0.126   -0.042    0.266
     0.143    0.133

 ( 18)
    -0.026   -0.016   -0.002    0.000   -0.020    0.000    0.026   -0.016
     0.002   -0.076    0.071   -0.017    0.076    0.071    0.017    0.000
     0.230    0.000    0.160   -0.052   -0.043    0.196    0.007    0.073
    -0.196    0.007   -0.073   -0.160   -0.052    0.043    0.187   -0.272
     0.025    0.200   -0.313    0.028   -0.200   -0.313   -0.028   -0.187
    -0.272   -0.025

 ( 19)
    -0.007   -0.006   -0.041   -0.017    0.000    0.076   -0.007    0.006
    -0.041   -0.015    0.019   -0.009   -0.015   -0.019   -0.009    0.014
     0.000    0.007    0.463    0.233   -0.090   -0.230   -0.200    0.158
    -0.230    0.200    0.158    0.463   -0.233   -0.090    0.009    0.026
     0.012    0.130   -0.113   -0.013    0.130    0.113   -0.013    0.009
    -0.026    0.012

 ( 20)
     0.006   -0.001   -0.030    0.000   -0.001    0.000   -0.006   -0.001
     0.030    0.000   -0.009   -0.027    0.000   -0.009    0.027    0.000
     0.217    0.000    0.371    0.231   -0.060   -0.414   -0.208    0.089
     0.414   -0.208   -0.089   -0.371    0.231    0.060   -0.064    0.113
    -0.022    0.053   -0.119   -0.010   -0.053   -0.119    0.010    0.064
     0.113    0.022

 ( 21)
     0.011   -0.007    0.032   -0.005    0.000    0.004    0.011    0.007
     0.032   -0.005    0.013   -0.036   -0.005   -0.013   -0.036   -0.014
     0.000    0.025    0.115    0.001    0.023   -0.122   -0.043    0.027
    -0.122    0.043    0.027    0.115   -0.001    0.023    0.290   -0.348
     0.012   -0.316    0.350   -0.061   -0.316   -0.350   -0.061    0.290
     0.348    0.012

 ( 22)
    -0.022   -0.043    0.015    0.000    0.064    0.000    0.022   -0.043
    -0.015    0.008    0.006    0.032   -0.008    0.006   -0.032    0.000
     0.381    0.000   -0.084   -0.020    0.034   -0.186   -0.134    0.078
     0.186   -0.134   -0.078    0.084   -0.020   -0.034    0.214   -0.341
     0.026   -0.180    0.297   -0.008    0.180    0.297    0.008   -0.214
    -0.341   -0.026

 ( 23)
    -0.040   -0.056   -0.004    0.000    0.093    0.000    0.040   -0.056
     0.004    0.042    0.006   -0.011   -0.042    0.006    0.011    0.000
     0.355    0.000   -0.332   -0.120    0.035   -0.057   -0.083    0.022
     0.057   -0.083   -0.022    0.332   -0.120   -0.035   -0.080    0.228
    -0.001    0.187   -0.249    0.036   -0.187   -0.249   -0.036    0.080
     0.228    0.001

 ( 24)
    -0.064    0.010    0.033    0.063    0.000   -0.037   -0.064   -0.010
     0.033    0.034   -0.072   -0.010    0.034    0.072   -0.010    0.073
     0.000   -0.056   -0.066   -0.130    0.010   -0.358   -0.019   -0.069
    -0.358    0.019   -0.069   -0.066    0.130    0.010    0.174   -0.186
     0.048    0.140   -0.271    0.028    0.140    0.271    0.028    0.174
     0.186    0.048

 ( 25)
     0.006   -0.016   -0.094    0.000   -0.002    0.000   -0.006   -0.016
     0.094   -0.008    0.009    0.102    0.008    0.009   -0.102    0.000
    -0.066    0.000   -0.101    0.250   -0.036    0.159   -0.140    0.183
    -0.159   -0.140   -0.183    0.101    0.250    0.036   -0.192   -0.086
    -0.100    0.207    0.102   -0.008   -0.207    0.102    0.008    0.192
    -0.086    0.100

 ( 26)
    -0.038    0.034   -0.090   -0.021    0.000    0.082   -0.038   -0.034
    -0.090    0.038   -0.023    0.042    0.038    0.023    0.042    0.095
     0.000   -0.206   -0.266    0.230   -0.023    0.150   -0.033    0.122
     0.150    0.033    0.122   -0.266   -0.230   -0.023    0.133   -0.238
     0.008    0.092    0.051   -0.004    0.092   -0.051   -0.004    0.133
     0.238    0.008

 ( 27)
     0.034    0.106    0.012   -0.089    0.000    0.034    0.034   -0.106
     0.012   -0.019   -0.050   -0.016   -0.019    0.050   -0.016   -0.117
     0.000    0.093    0.212   -0.023   -0.042    0.156    0.276   -0.194
     0.156   -0.276   -0.194    0.212    0.023   -0.042    0.075   -0.142
     0.014    0.052   -0.141   -0.010    0.052    0.141   -0.010    0.075
     0.142    0.014

 ( 28)
    -0.074    0.064   -0.023    0.000   -0.046    0.000    0.074    0.064
     0.023    0.095   -0.004    0.027   -0.095   -0.004   -0.027    0.000
    -0.282    0.000   -0.085    0.007   -0.033   -0.222    0.051   -0.073
     0.222    0.051    0.073    0.085    0.007    0.033    0.214   -0.189
     0.027    0.208   -0.119    0.033   -0.208   -0.119   -0.033   -0.214
    -0.189   -0.027

 ( 29)
    -0.048    0.077    0.009   -0.032    0.000    0.030   -0.048   -0.077
     0.009    0.074    0.111   -0.012    0.074   -0.111   -0.012    0.055
     0.000   -0.190   -0.030   -0.030   -0.015   -0.190    0.127   -0.136
    -0.190   -0.127   -0.136   -0.030    0.030   -0.015    0.091    0.229
     0.057    0.006    0.107    0.019    0.006   -0.107    0.019    0.091
    -0.229    0.057

 ( 30)
     0.012   -0.007   -0.050    0.000   -0.036    0.000   -0.012   -0.007
     0.050    0.037    0.018   -0.072   -0.037    0.018    0.072    0.000
    -0.084    0.000   -0.161    0.260    0.027    0.152   -0.130    0.226
    -0.152   -0.130   -0.226    0.161    0.260   -0.027    0.273    0.104
     0.172   -0.241   -0.075    0.070    0.241   -0.075   -0.070   -0.273
     0.104   -0.172

 ( 31)
     0.022    0.017    0.015    0.081    0.000    0.059    0.022   -0.017
     0.015   -0.077   -0.005   -0.006   -0.077    0.005   -0.006    0.382
     0.000   -0.680    0.056   -0.074   -0.009   -0.003    0.064   -0.075
    -0.003   -0.064   -0.075    0.056    0.074   -0.009   -0.117   -0.032
    -0.053   -0.043    0.016   -0.030   -0.043   -0.016   -0.030   -0.117
     0.032   -0.053

 ( 32)
     0.012   -0.015    0.005   -0.019    0.000    0.035    0.012    0.015
     0.005    0.000   -0.023   -0.067    0.000    0.023   -0.067    0.049
     0.000   -0.133   -0.072    0.082    0.038    0.116   -0.044    0.107
     0.116    0.044    0.107   -0.072   -0.082    0.038    0.234    0.224
     0.269   -0.312   -0.272    0.151   -0.312    0.272    0.151    0.234
    -0.224    0.269

 ( 33)
     0.082   -0.069    0.021    0.000   -0.063    0.000   -0.082   -0.069
    -0.021    0.101    0.103    0.014   -0.101    0.103   -0.014    0.000
     0.000    0.000    0.133   -0.112    0.005    0.025   -0.046   -0.048
    -0.025   -0.046    0.048   -0.133   -0.112   -0.005    0.064    0.070
    -0.039    0.137    0.118   -0.005   -0.137    0.118    0.005   -0.064
     0.070    0.039

 ( 34)
    -0.010    0.107   -0.018    0.153    0.000   -0.040   -0.010   -0.107
    -0.018   -0.063    0.023    0.009   -0.063   -0.023    0.009   -0.001
     0.000    0.352   -0.053    0.179    0.004   -0.025    0.031    0.103
    -0.025   -0.031    0.103   -0.053   -0.179    0.004   -0.006    0.029
     0.062   -0.107   -0.007    0.038   -0.107    0.007    0.038   -0.006
    -0.029    0.062

 ( 35)
     0.008    0.046    0.088   -0.056    0.000   -0.122    0.008   -0.046
     0.088    0.015   -0.003   -0.025    0.015    0.003   -0.025    0.016
     0.000   -0.302   -0.009    0.275    0.129    0.045   -0.055    0.272
     0.045    0.055    0.272   -0.009   -0.275    0.129   -0.044   -0.018
    -0.084    0.115   -0.003   -0.062    0.115    0.003   -0.062   -0.044
     0.018   -0.084

 ( 36)
    -0.016    0.015    0.069    0.000   -0.026    0.000    0.016    0.015
    -0.069    0.017   -0.006   -0.103   -0.017   -0.006    0.103    0.000
    -0.016    0.000   -0.106    0.140    0.104    0.034   -0.045    0.191
    -0.034   -0.045   -0.191    0.106    0.140   -0.104   -0.111   -0.141
    -0.281    0.203    0.127   -0.223   -0.203    0.127    0.223    0.111
    -0.141    0.281

 ( 37)
    -0.071    0.039   -0.099   -0.020    0.014   -0.079    0.029    0.039
    -0.060   -0.054    0.105   -0.095    0.012    0.105   -0.069   -0.021
    -0.032   -0.078   -0.080    0.012   -0.102   -0.109    0.036   -0.114
     0.068    0.036   -0.045    0.035    0.012   -0.057   -0.072    0.120
    -0.103   -0.069    0.136   -0.102    0.030    0.136   -0.063    0.029
     0.120   -0.063

 ( 38)
    -0.076   -0.007    0.140    0.000   -0.084    0.070    0.054   -0.007
    -0.035   -0.049    0.057    0.076    0.038    0.057   -0.040   -0.009
    -0.108    0.093   -0.112    0.064    0.158   -0.114   -0.066    0.215
     0.119   -0.066   -0.097    0.039    0.064   -0.044   -0.090    0.154
     0.092   -0.047    0.004    0.096    0.082    0.004   -0.077    0.042
     0.154   -0.086

 ( 39)
    -0.067   -0.095   -0.053   -0.002   -0.093    0.058    0.023   -0.095
     0.103   -0.042   -0.023   -0.091    0.018   -0.023    0.012   -0.019
    -0.154    0.099   -0.121   -0.175   -0.056   -0.077   -0.068   -0.101
     0.082   -0.068    0.176   -0.019   -0.175    0.123   -0.092   -0.051
    -0.147   -0.013    0.056   -0.132    0.075    0.056    0.022   -0.001
    -0.051    0.011

 ( 40)
    -0.095    0.001    0.016   -0.117    0.008   -0.002   -0.134    0.001
    -0.012   -0.103   -0.027    0.019   -0.129   -0.027    0.001   -0.115
     0.028   -0.007   -0.086    0.017    0.017   -0.082   -0.001    0.025
    -0.152   -0.001   -0.024   -0.131    0.017   -0.015   -0.091   -0.028
     0.028   -0.101   -0.044    0.026   -0.140   -0.044   -0.002   -0.131
    -0.028   -0.001

 ( 41)
    -0.013    0.068    0.022   -0.002    0.091    0.098   -0.014    0.068
     0.139   -0.008    0.079    0.006   -0.008    0.079    0.084   -0.012
     0.072    0.121   -0.040    0.014    0.018    0.000    0.096   -0.017
     0.000    0.096    0.191   -0.040    0.014    0.152   -0.027    0.040
    -0.030    0.016    0.128   -0.021    0.015    0.128    0.094   -0.027
     0.040    0.089

 ( 42)
    -0.023   -0.026   -0.043   -0.034   -0.038   -0.091    0.050   -0.026
     0.013   -0.034    0.025    0.116    0.014    0.025    0.153    0.005
    -0.076   -0.187    0.083   -0.058   -0.066   -0.108   -0.021   -0.093
     0.020   -0.021    0.006    0.166   -0.058   -0.002    0.034    0.026
     0.173   -0.145    0.059    0.143   -0.074    0.059    0.198    0.107
     0.026    0.230


 ==============================================================================
                      STATISTICAL THERMODYNAMICS ANALYSIS
 ==============================================================================

  Structure name    : pyrrolidine-eq                                              
  Temperature       :   298.16 K
  Symmetry number   :   1
  Optical isomers   :   1
  Zero Point Energy :   77.738 Kcal/mol


                     ENERGY   ENTHALPY    ENTROPY  FREE ENERGY   HEAT CAPACITY
                  (Kcal/mol) (Kcal/mol)     (eu)   (Kcal/mol)    (cal/mol/deg)
  Translational       0.889      1.481     38.683    -10.053         4.967
     Rotational       0.889      0.889     25.004     -6.566         2.980
    Vibrational      79.164%    79.164%     8.570*    76.609%       12.617*
      Potential      17.149#    17.149#     0.000     17.149#        0.000
         Mixing       0.000      0.000      0.000      0.000         0.000
          Total      98.091     98.683     72.256     77.139        20.565

  Enthalpy Function (H-Ho)/T     =   12.73 cal/mol/deg
  Free Energy Function -(G-Ho)/T =   59.53 cal/mol/deg

  % Includes zero point energy (ZPE).
  * Excludes contribution from frequencies lower than 40 (1/cm).
  # Includes steric energy (SE).
    Internal rotation contributions are not considered

  This structure has   0 imaginary frequencies,
                       0 free internal rotation (fir) frequencies
                         (>= 0,< 10 /cm),
                       0 restricted internal rotation (rir) frequencies
                         (>= 10,< 40 /cm),
                       6 zero frequencies, and
                      36 real frequencies.


      FINAL STERIC ENERGY IS     17.1495 KCAL/MOL.


                COMPRESSION       0.5471
                BENDING           4.1302
                BEND-BEND         0.1698
                STRETCH-BEND     -0.2134
                VANDERWAALS
                  1,4 ENERGY      3.8765
                  OTHER          -0.1714
                H-BONDING         0.0000
                PI-COMPLX         0.0000

                TORSIONAL         9.1609
                TORSION-STRETCH  -0.3502
                DIPOLE-DIPOLE     0.0000
                CHARGE-DIPOLE     0.0000
                CHARGE-CHARGE     0.0000

      -----------------------------------------------------------------

      COORDINATES TRANSLATED TO NEW ORIGIN WHICH IS CENTER OF MASS
         C(   1)     0.42285    -1.17076     0.17387   (  1)
         N(   2)     1.17761     0.00000    -0.29064   (  8)
         C(   3)     0.42285     1.17076     0.17387   (  1)
         C(   4)    -1.04801    -0.77519    -0.05646   (  1)
         C(   5)    -1.04801     0.77519    -0.05646   (  1)
         H(   6)     2.11933     0.00000     0.09397   ( 23)
         H(   7)     0.60985    -1.34795     1.26944   (  5)
         H(   8)     0.70735    -2.08403    -0.39278   (  5)
         H(   9)     0.70735     2.08403    -0.39278   (  5)
         H(  10)     0.60985     1.34795     1.26944   (  5)
         H(  11)    -1.70875    -1.19031     0.73672   (  5)
         H(  12)    -1.40544    -1.15830    -1.03929   (  5)
         H(  13)    -1.40544     1.15830    -1.03929   (  5)
         H(  14)    -1.70875     1.19031     0.73672   (  5)

      MOMENT OF INERTIA WITH THE PRINCIPAL AXES

          (1)  UNIT = 10**(-39) GM*CM**2
               IX=   12.3071    IY=   12.4609    IZ=   21.8374

          (2)  UNIT = AU A**2
               IX=   74.1233    IY=   75.0495    IZ=  131.5224



      MOLECULAR POLARIZABILITIES (A**3)
        ALPHA(1)   =      10.77
        ALPHA(2)   =      11.14
        ALPHA(3)   =       8.43
        AVG. ALPHA =      10.11



      DIPOLE MOMENT =          1.082 D


        COMPONENTS WITH PRINCIPAL AXES

                          X = -0.5415    Y =  0.0000    Z = -0.9369


      E (INDP/INDP) =          1.280 KCAL/MOLE
      DIPOLE MOMENT =          0.962 D (INCLUDES INDUCED BOND MOMENTS)
      *NOTE*  E (INDP/INDP) IS NOT INCLUDED IN THE FINAL STERIC ENERGY

        COMPONENTS WITH PRINCIPAL AXES

                          X =  0.2031    Y =  0.0000    Z = -0.9406



      TOTAL ATOMIC CHARGE ON EACH ATOM (in ELECTRON CHARGE)

           C(    1):          0.153
           N(    2):         -0.661
           C(    3):          0.153
           C(    4):          0.017
           C(    5):         -0.005
           H(    6):          0.282
           H(    7):          0.011
           H(    8):          0.011
           H(    9):          0.011
           H(   10):          0.011
           H(   11):          0.004
           H(   12):          0.005
           H(   13):          0.005
           H(   14):          0.004

      -----------------------------------------------------------------

        END OF pyrrolidine-eq                                              


           TOTAL CPU TIME IS      0.04 SECONDS.

           THIS JOB COMPLETED AT    15:51:34
