1
               ---------------------------------------------
               WARNING : INCORRECT ATOM TYPES GIVEN IN INPUT
                         DATA ARE CORRECTED AS FOLLOWS
               ---------------------------------------------


             Atom type of atom    1 is replaced by   1 (was   0)
             Atom type of atom    2 is replaced by   1 (was   0)
             Atom type of atom    3 is replaced by   1 (was   0)
             Atom type of atom    4 is replaced by   1 (was   0)
             Atom type of atom    5 is replaced by   1 (was   0)
             Atom type of atom    6 is replaced by   1 (was   0)
             Atom type of atom    7 is replaced by  11 (was   0)
             Atom type of atom    8 is replaced by  11 (was   0)
             Atom type of atom    9 is replaced by   5 (was   0)
             Atom type of atom   10 is replaced by   5 (was   0)
             Atom type of atom   11 is replaced by   5 (was   0)
             Atom type of atom   12 is replaced by   5 (was   0)
             Atom type of atom   13 is replaced by   5 (was   0)
             Atom type of atom   14 is replaced by   5 (was   0)
             Atom type of atom   15 is replaced by   5 (was   0)
             Atom type of atom   16 is replaced by   5 (was   0)
             Atom type of atom   17 is replaced by   5 (was   0)
             Atom type of atom   18 is replaced by   5 (was   0)
1     1,4-diF-cyclohexane-eq,eq                                   

               CHEMICAL FORMULA :  C(   6)  H(  10)  F(   2) 
               FORMULA WEIGHT   :    120.076
                                                               DATE 26-MAY-23
                                                               TIME  15:45:43


          THE COORDINATES OF   18 ATOMS ARE READ IN.
          SOME CONSTANTS WILL BE READ IN.

      CONFORMATIONAL ENERGY, PART 1:  GEOMETRY AND STERIC ENERGY
                                      OF INITIAL CONFORMATION.


      CONNECTED ATOMS
         1-   2-   3-   6-   5-   4-
         1-   4-

      ATTACHED ATOMS
         1-   9,   1-  10,   2-   7,   2-  11,   3-  12,   3-  13,   4-  14,
         4-  15,   5-   8,   5-  16,   6-  17,   6-  18,

      INITIAL ATOMIC COORDINATES
           ATOM         X           Y           Z       TYPE
         C(   1)     0.74472     1.25793    -0.18978   (  1)
         C(   2)     1.40726     0.00000     0.33842   (  1)
         C(   3)     0.74472    -1.25793    -0.18978   (  1)
         C(   4)    -0.74472     1.25793     0.18978   (  1)
         C(   5)    -1.40726     0.00000    -0.33842   (  1)
         C(   6)    -0.74472    -1.25793     0.18978   (  1)
         F(   7)     2.76919     0.00000    -0.05050   ( 11)
         F(   8)    -2.76919     0.00000     0.05050   ( 11)
         H(   9)     1.23727     2.16839     0.21543   (  5)
         H(  10)     0.85133     1.32207    -1.29429   (  5)
         H(  11)     1.38032     0.00000     1.44858   (  5)
         H(  12)     0.85133    -1.32207    -1.29429   (  5)
         H(  13)     1.23728    -2.16839     0.21543   (  5)
         H(  14)    -0.85133     1.32207     1.29429   (  5)
         H(  15)    -1.23728     2.16839    -0.21543   (  5)
         H(  16)    -1.38032     0.00000    -1.44858   (  5)
         H(  17)    -0.85133    -1.32207     1.29429   (  5)
         H(  18)    -1.23727    -2.16839    -0.21543   (  5)


          DIELECTRIC CONSTANT =  1.500


      INITIAL STERIC ENERGY IS     14.2342 KCAL/MOL.

                  COMPRESSION       0.7313
                  BENDING           0.6938
                  BEND-BEND        -0.0052
                  STRETCH-BEND      0.0423
                  VANDERWAALS
                    1,4 ENERGY      6.5196
                    OTHER          -0.2833
                  H-BONDING         0.0000
                  PI-COMPLX         0.0000

                  TORSIONAL         5.8258
                  TORSION-STRETCH  -0.0059
                  DIPOLE-DIPOLE     0.7159
                  CHARGE-DIPOLE     0.0000
                  CHARGE-CHARGE     0.0000


      MOLECULAR POLARIZABILITIES (A**3)
        ALPHA(1)   =      15.35
        ALPHA(2)   =      12.62
        ALPHA(3)   =      10.72
        AVG. ALPHA =      12.90



      DIPOLE MOMENT =          0.000 D


      E (INDP/INDP) =         -0.883 KCAL/MOLE
      DIPOLE MOMENT =          0.000 D (INCLUDES INDUCED BOND MOMENTS)
      *NOTE*  E (INDP/INDP) IS NOT INCLUDED IN THE INITIAL STERIC ENERGY

      CPU TIME FOR INITIAL CALCULATION IS     0.02 SECONDS.


1     1,4-diF-cyclohexane-eq,eq                                   


     CONFORMATIONAL ENERGY, PART 2: GEOMETRY MINIMIZATION

               GEOMETRY OPTIMIZATION IS CONTINUED UNTIL ATOM
               MOVEMENT CONVERGES WITHIN FOLLOWING VALUES:

                         AVERAGE MOVEMENT  0.00013 A
                         MAXIMUM MOVEMENT  0.00127 A



     <<<<<<<<<<<<<<<<<<<<<<<<<<  C Y C L E   1 >>>>>>>>>>>>>>>>>>>>>>>>>>

                              (CH)-MOVEMENT = 1

       ITER    1   AVG. MOVE = 0.00727 A   (MAX MOVE : ATOM    7   0.04040 A)  
       ITER    2   AVG. MOVE = 0.00273 A   (MAX MOVE : ATOM    7   0.02305 A)  
       ITER    3   AVG. MOVE = 0.00155 A   (MAX MOVE : ATOM    7   0.01117 A)  
       ITER    4   AVG. MOVE = 0.00094 A   (MAX MOVE : ATOM    7   0.00643 A)  
       ITER    5   AVG. MOVE = 0.00057 A   (MAX MOVE : ATOM    8   0.00400 A)  
       ITER    6   AVG. MOVE = 0.00035 A   (MAX MOVE : ATOM    8   0.00256 A)  
       ITER    7   AVG. MOVE = 0.00022 A   (MAX MOVE : ATOM    8   0.00168 A)  
       ITER    8   AVG. MOVE = 0.00014 A   (MAX MOVE : ATOM    8   0.00112 A)  
       ITER    9   AVG. MOVE = 0.00009 A   (MAX MOVE : ATOM    8   0.00076 A)  


     <<<<<<<<<<<<<<<<<<<<<<<<<<  C Y C L E   2 >>>>>>>>>>>>>>>>>>>>>>>>>>

                              (CH)-MOVEMENT = 0

       ITER   10   AVG. MOVE = 0.00004 A   (MAX MOVE : ATOM    8   0.00034 A)  


              * * * * * * * * * GEOMETRY IS OPTIMIZED * * * * * * * * *

               WITHIN : AVERAGE MOVEMENT  0.00004 A (LIMIT  0.00013 A)
                        MAXIMUM MOVEMENT  0.00034 A (LIMIT  0.00127 A)

               GRADIENT
                  RMS GRADIENT                0.010022 KCAL/MOL/A

                  MAX GRADIENT
                    X-DIRECTION : ATOM #   5   0.030281 KCAL/MOL/A
                    Y-DIRECTION : ATOM #   1   0.026654 KCAL/MOL/A
                    Z-DIRECTION : ATOM #   6   0.019331 KCAL/MOL/A

        DELTA TIME =    0.00 SEC.       TOTAL CPU TIME =      0.02 SEC.


                            =====================
                            FULL-MATRIX OPTIMIZER
                            =====================


     iter.  rms force   max force   avg. move    max move  atom  convg  d-time

        0    0.014979    0.054719   0.00032 A   0.00153 A   15    [N]     0.0s
        1    0.000149    0.000649   0.00000 A   0.00000 A   15    [N]     0.0s
        2    0.000039    0.000114                                 [Y]     0.0s


      TOTAL ENERGY IS     13.5725 KCAL/MOL.

        COMPRESS    0.3249      VDW 1,4    6.7828      DIPL-DIPL    0.6767
        BENDING     0.2667        OTHER   -0.3804      CHRG-DIPL    0.0000
        STR-BEND    0.0657      TORSION    5.8637      CHRG-CHRG    0.0000
        BEND-BEND  -0.0186      TOR-STR   -0.0089      EPR          0.0000
        H-BONDING   0.0000      PI-CMPL    0.0000
0     DELTA(T) =     0.0 SEC.          ELAPSED TIME =     0.0 SEC.


    * * * ENERGY IS MINIMIZED WITHIN RMS OF FORCES   0.00004  Kcal/mol/A * * *

                 * * * *  RMS FORCE IS   0.00004 Kcal/mol/A * * * *

1     1,4-diF-cyclohexane-eq,eq                                   

               CHEMICAL FORMULA :  C(   6)  H(  10)  F(   2) 
               FORMULA WEIGHT   :    120.076
                                                               DATE : 26-MAY-23

           * M M 3 * * * * * * * * * * * 2 0 0 0 *
           *                                     *   PARAMETER RELIABILITY
           *                                     *
           *                                     *   BLANK = GOOD
           *                                     *       B = FAIR
           *                                     *       C = TRIAL
           *                                     *       R = READ IN
           *                                     *       S = SUBSTITUTED
           *                                     *       U = PARAMETER NOT EXIST
           *                                     *
           *                                     *   THIS IS SHOWN AT THE END 
           *                                     *   OF THE LINE.
           * * * * * * * * * * * * * * * * * * * * 


      CONFORMATIONAL ENERGY, PART 3:  GEOMETRY AND STERIC ENERGY
                                      OF FINAL CONFORMATION.

      CONNECTED ATOMS
         1-   2-   3-   6-   5-   4-
         1-   4-

      ATTACHED ATOMS
         1-   9,   1-  10,   2-   7,   2-  11,   3-  12,   3-  13,   4-  14,
         4-  15,   5-   8,   5-  16,   6-  17,   6-  18,

      FINAL ATOMIC COORDINATE
           ATOM         X           Y           Z       TYPE
         C(   1)     0.74302     1.24613    -0.16422   (  1)
         C(   2)     1.42827     0.00000     0.35815   (  1)
         C(   3)     0.74302    -1.24613    -0.16422   (  1)
         C(   4)    -0.74302     1.24613     0.16422   (  1)
         C(   5)    -1.42827     0.00000    -0.35815   (  1)
         C(   6)    -0.74302    -1.24613     0.16422   (  1)
         F(   7)     2.77786     0.00000    -0.07042   ( 11)
         F(   8)    -2.77786     0.00000     0.07042   ( 11)
         H(   9)     1.22905     2.14954     0.26375   (  5)
         H(  10)     0.88381     1.31506    -1.26459   (  5)
         H(  11)     1.42174     0.00000     1.46947   (  5)
         H(  12)     0.88381    -1.31506    -1.26459   (  5)
         H(  13)     1.22905    -2.14953     0.26376   (  5)
         H(  14)    -0.88381     1.31506     1.26459   (  5)
         H(  15)    -1.22905     2.14953    -0.26376   (  5)
         H(  16)    -1.42174     0.00000    -1.46947   (  5)
         H(  17)    -0.88381    -1.31506     1.26459   (  5)
         H(  18)    -1.22905    -2.14953    -0.26375   (  5)


          DIELECTRIC CONSTANT =  1.500


      BOND LENGTHS AND STRETCHING ENERGY   (   18 BONDS)

        ENERGY = 71.94(KS)(DR)(DR)(1-(CS)(DR)+(7/12)((CS)(DR))**2)
                          DR = R-RO
                          CS =  2.550
                                                         R(0)-CORR        CORR
          BOND        LENGTH   R(0)    K(S)  ENERGY   E-NEG   MISCEL       KS
    C(   1)- C(   2)  1.5150  1.5022  4.490  0.0513 -0.0225                     
    C(   1)- C(   4)  1.5219  1.5101  4.490  0.0436 -0.0146                     
    C(   1)- H(   9)  1.1115  1.1090  4.779  0.0023 -0.0030              0.099  
    C(   1)- H(  10)  1.1115  1.1090  4.779  0.0022 -0.0030              0.099  
    C(   2)- C(   3)  1.5150  1.5022  4.490  0.0513 -0.0225                     
    C(   2)- F(   7)  1.4160  1.4127  5.900  0.0046  0.0227                     
    C(   2)- H(  11)  1.1113  1.1086  4.917  0.0026 -0.0076  0.0042  BH  0.107  
    C(   3)- C(   6)  1.5219  1.5101  4.490  0.0436 -0.0146                     
    C(   3)- H(  12)  1.1115  1.1090  4.779  0.0022 -0.0030              0.099  
    C(   3)- H(  13)  1.1115  1.1090  4.779  0.0023 -0.0030              0.099  
    C(   4)- C(   5)  1.5150  1.5022  4.490  0.0513 -0.0225                     
    C(   4)- H(  14)  1.1115  1.1090  4.779  0.0022 -0.0030              0.099  
    C(   4)- H(  15)  1.1115  1.1090  4.779  0.0023 -0.0030              0.099  
    C(   5)- C(   6)  1.5150  1.5022  4.490  0.0514 -0.0225                     
    C(   5)- F(   8)  1.4160  1.4127  5.900  0.0046  0.0227                     
    C(   5)- H(  16)  1.1113  1.1086  4.917  0.0026 -0.0076  0.0042  BH  0.107  
    C(   6)- H(  17)  1.1115  1.1090  4.779  0.0022 -0.0030              0.099  
    C(   6)- H(  18)  1.1115  1.1090  4.779  0.0023 -0.0030              0.099  


      NON-BONDED DISTANCES, VDW AND EPR ENERGY   (     99 PAIRS)

              E(VDW) = KV*(1.84(10**5)EXP(-12.00/P) - 2.25(P**6))
              E(EPR) = C*KV*(1.84(10**5)EXP(-12.00/Q) - 2.25(Q**6))
              E(HBD) = EP1-EP2*COS(THETA)*RTH/RTH0
                            EP1 = KHB*1.84(10**5)*EXP(-12.0/P)
                            EP2 = KHB*2.25(P**6)

            IF P > 3.020, THEN,
              E(VDW) = KV(192.270)(P**2)
              E(HBD) = EP1-EP2*COS(THETA)*RTH/RTH0
                            EP1 = KHB*(192.270*P**2+1706.96)
                            EP2 = KHB*1706.96

               WHERE   RV = RVDW(I) + RVDW(K)
                       KV = SQRT(EPS(I)*EPS(K))
                      KHB = EPS/DIELEC  FOR HYDROGEN BOND
                        P = (RV/R) OR (RV/R#)
                        C = SCALE FACTOR
                        Q = RV/R, WHERE R IS MODIFIED DISTANCE
                    THETA = ANGLE H-X-Y IN HYDROGEN BOND X-H...Y
                      RTH = BOND LENGTH X-H IN X-H...Y
                     RTH0 = NATURAL BOND LENGTH X-H

          # IN THE VDW CALCULATIONS THE HYDROGEN ATOMS ARE RELOCATED
          SO THAT THE ATTACHED HYDROGEN DISTANCE IS REDUCED BY 0.923

          # IN THE VDW CALCULATIONS THE DEUTERIUM ATOMS ARE RELOCATED
          SO THAT THE ATTACHED DEUTERIUM DISTANCE IS REDUCED BY  0.923

         ATOM PAIR          R       R#       RV      KV       ENERGY
      C(   1), C(   3)   2.4923
      C(   1), C(   5)   2.5110
      C(   1), C(   6)   2.9202            4.080   0.0270     0.4730  1,4       
      C(   1), F(   7)   2.3879
      C(   1), F(   8)   3.7423            3.750   0.0450    -0.0504  1,4       
      C(   1), H(  11)   2.1639
      C(   1), H(  12)   2.7911   2.7534   3.560   0.0230     0.1525  1,4       
      C(   1), H(  13)   3.4569   3.3794   3.560   0.0230    -0.0229  1,4       
      C(   1), H(  14)   2.1663
      C(   1), H(  15)   2.1714
      C(   1), H(  16)   2.8183   2.7801   3.560   0.0230     0.1322  1,4       
      C(   1), H(  17)   3.3538   3.3092   3.560   0.0230    -0.0197            
      C(   1), H(  18)   3.9280   3.8484   3.560   0.0230    -0.0226            
      C(   2), C(   4)   2.5110
      C(   2), C(   5)   2.9450            4.080   0.0270     0.4304  1,4       
      C(   2), C(   6)   2.5110
      C(   2), F(   8)   4.2160            3.750   0.0450    -0.0387            
      C(   2), H(   9)   2.1608
      C(   2), H(  10)   2.1585
      C(   2), H(  12)   2.1585
      C(   2), H(  13)   2.1608
      C(   2), H(  14)   2.8101   2.7724   3.560   0.0230     0.1378  1,4       
      C(   2), H(  15)   3.4740   3.3966   3.560   0.0230    -0.0235  1,4       
      C(   2), H(  16)   3.3857   3.3407   3.560   0.0230    -0.0213            
      C(   2), H(  17)   2.8101   2.7724   3.560   0.0230     0.1378  1,4       
      C(   2), H(  18)   3.4740   3.3966   3.560   0.0230    -0.0235  1,4       
      C(   3), C(   4)   2.9202            4.080   0.0270     0.4730  1,4       
      C(   3), C(   5)   2.5110
      C(   3), F(   7)   2.3879
      C(   3), F(   8)   3.7423            3.750   0.0450    -0.0504  1,4       
      C(   3), H(   9)   3.4569   3.3794   3.560   0.0230    -0.0229  1,4       
      C(   3), H(  10)   2.7911   2.7534   3.560   0.0230     0.1525  1,4       
      C(   3), H(  11)   2.1639
      C(   3), H(  14)   3.3538   3.3092   3.560   0.0230    -0.0197            
      C(   3), H(  15)   3.9280   3.8484   3.560   0.0230    -0.0226            
      C(   3), H(  16)   2.8183   2.7801   3.560   0.0230     0.1322  1,4       
      C(   3), H(  17)   2.1663
      C(   3), H(  18)   2.1714
      C(   4), C(   6)   2.4923
      C(   4), F(   7)   3.7423            3.750   0.0450    -0.0504  1,4       
      C(   4), F(   8)   2.3879
      C(   4), H(   9)   2.1714
      C(   4), H(  10)   2.1663
      C(   4), H(  11)   2.8183   2.7801   3.560   0.0230     0.1322  1,4       
      C(   4), H(  12)   3.3538   3.3092   3.560   0.0230    -0.0197            
      C(   4), H(  13)   3.9280   3.8484   3.560   0.0230    -0.0226            
      C(   4), H(  16)   2.1639
      C(   4), H(  17)   2.7911   2.7534   3.560   0.0230     0.1525  1,4       
      C(   4), H(  18)   3.4569   3.3794   3.560   0.0230    -0.0229  1,4       
      C(   5), F(   7)   4.2160            3.750   0.0450    -0.0387            
      C(   5), H(   9)   3.4740   3.3966   3.560   0.0230    -0.0235  1,4       
      C(   5), H(  10)   2.8101   2.7724   3.560   0.0230     0.1378  1,4       
      C(   5), H(  11)   3.3857   3.3407   3.560   0.0230    -0.0213            
      C(   5), H(  12)   2.8101   2.7724   3.560   0.0230     0.1378  1,4       
      C(   5), H(  13)   3.4740   3.3966   3.560   0.0230    -0.0235  1,4       
      C(   5), H(  14)   2.1585
      C(   5), H(  15)   2.1608
      C(   5), H(  17)   2.1585
      C(   5), H(  18)   2.1608
      C(   6), F(   7)   3.7423            3.750   0.0450    -0.0504  1,4       
      C(   6), F(   8)   2.3879
      C(   6), H(   9)   3.9280   3.8484   3.560   0.0230    -0.0226            
      C(   6), H(  10)   3.3538   3.3092   3.560   0.0230    -0.0197            
      C(   6), H(  11)   2.8183   2.7801   3.560   0.0230     0.1322  1,4       
      C(   6), H(  12)   2.1663
      C(   6), H(  13)   2.1714
      C(   6), H(  14)   2.7911   2.7534   3.560   0.0230     0.1525  1,4       
      C(   6), H(  15)   3.4569   3.3794   3.560   0.0230    -0.0229  1,4       
      C(   6), H(  16)   2.1639
      F(   7), F(   8)   5.5575            3.420   0.0750    -0.0091            
      F(   7), H(   9)   2.6704   2.6331   3.330   0.0387     0.1830  1,4       
      F(   7), H(  10)   2.5967   2.5642   3.330   0.0387     0.2736  1,4       
      F(   7), H(  11)   2.0519
      F(   7), H(  12)   2.5967   2.5642   3.330   0.0387     0.2736  1,4       
      F(   7), H(  13)   2.6704   2.6331   3.330   0.0387     0.1830  1,4       
      F(   7), H(  14)   4.1133   4.0752   3.330   0.0387    -0.0230            
      F(   7), H(  15)   4.5512   4.4843   3.330   0.0387    -0.0139            
      F(   7), H(  16)   4.4265   4.4007   3.330   0.0387    -0.0154            
      F(   7), H(  17)   4.1133   4.0752   3.330   0.0387    -0.0230            
      F(   7), H(  18)   4.5512   4.4843   3.330   0.0387    -0.0139            
      F(   8), H(   9)   4.5512   4.4843   3.330   0.0387    -0.0139            
      F(   8), H(  10)   4.1133   4.0752   3.330   0.0387    -0.0230            
      F(   8), H(  11)   4.4265   4.4007   3.330   0.0387    -0.0154            
      F(   8), H(  12)   4.1133   4.0752   3.330   0.0387    -0.0230            
      F(   8), H(  13)   4.5512   4.4843   3.330   0.0387    -0.0139            
      F(   8), H(  14)   2.5967   2.5642   3.330   0.0387     0.2736  1,4       
      F(   8), H(  15)   2.6704   2.6331   3.330   0.0387     0.1830  1,4       
      F(   8), H(  16)   2.0519
      F(   8), H(  17)   2.5967   2.5642   3.330   0.0387     0.2736  1,4       
      F(   8), H(  18)   2.6704   2.6331   3.330   0.0387     0.1830  1,4       
      H(   9), H(  10)   1.7752
      H(   9), H(  11)   2.4721   2.3894   3.240   0.0200     0.2481  1,4       
      H(   9), H(  12)   3.8024   3.6853   3.240   0.0200    -0.0164            
      H(   9), H(  13)   4.2991   4.1599   3.240   0.0200    -0.0093            
      H(   9), H(  14)   2.4824   2.3993   3.240   0.0200     0.2360  1,4       
      H(   9), H(  15)   2.5141   2.4275   3.240   0.0200     0.2039  1,4       
      H(   9), H(  16)   3.8277   3.7102   3.240   0.0200    -0.0160            
      H(   9), H(  17)   4.1796   4.0809   3.240   0.0200    -0.0103            
      H(   9), H(  18)   4.9802   4.8164   3.240   0.0200    -0.0041            
      H(  10), H(  11)   3.0812   2.9309   3.240   0.0200    -0.0111  1,4       
      H(  10), H(  12)   2.6301   2.6195   3.240   0.0200     0.0640            
      H(  10), H(  13)   3.8024   3.6853   3.240   0.0200    -0.0164            
      H(  10), H(  14)   3.0857   2.9354   3.240   0.0200    -0.0115  1,4       
      H(  10), H(  15)   2.4824   2.3993   3.240   0.0200     0.2360  1,4       
      H(  10), H(  16)   2.6621   2.6505   3.240   0.0200     0.0505            
      H(  10), H(  17)   4.0545   3.9343   3.240   0.0200    -0.0123            
      H(  10), H(  18)   4.1796   4.0809   3.240   0.0200    -0.0103            
      H(  11), H(  12)   3.0812   2.9309   3.240   0.0200    -0.0111  1,4       
      H(  11), H(  13)   2.4721   2.3894   3.240   0.0200     0.2481  1,4       
      H(  11), H(  14)   2.6621   2.6505   3.240   0.0200     0.0505            
      H(  11), H(  15)   3.8277   3.7102   3.240   0.0200    -0.0160            
      H(  11), H(  16)   4.0894   3.9689   3.240   0.0200    -0.0118            
      H(  11), H(  17)   2.6621   2.6505   3.240   0.0200     0.0505            
      H(  11), H(  18)   3.8277   3.7102   3.240   0.0200    -0.0160            
      H(  12), H(  13)   1.7752
      H(  12), H(  14)   4.0545   3.9343   3.240   0.0200    -0.0123            
      H(  12), H(  15)   4.1796   4.0809   3.240   0.0200    -0.0103            
      H(  12), H(  16)   2.6621   2.6505   3.240   0.0200     0.0505            
      H(  12), H(  17)   3.0857   2.9354   3.240   0.0200    -0.0115  1,4       
      H(  12), H(  18)   2.4824   2.3993   3.240   0.0200     0.2360  1,4       
      H(  13), H(  14)   4.1796   4.0809   3.240   0.0200    -0.0103            
      H(  13), H(  15)   4.9802   4.8164   3.240   0.0200    -0.0041            
      H(  13), H(  16)   3.8277   3.7102   3.240   0.0200    -0.0160            
      H(  13), H(  17)   2.4824   2.3993   3.240   0.0200     0.2360  1,4       
      H(  13), H(  18)   2.5141   2.4275   3.240   0.0200     0.2039  1,4       
      H(  14), H(  15)   1.7752
      H(  14), H(  16)   3.0812   2.9309   3.240   0.0200    -0.0111  1,4       
      H(  14), H(  17)   2.6301   2.6195   3.240   0.0200     0.0640            
      H(  14), H(  18)   3.8024   3.6853   3.240   0.0200    -0.0164            
      H(  15), H(  16)   2.4721   2.3894   3.240   0.0200     0.2481  1,4       
      H(  15), H(  17)   3.8024   3.6853   3.240   0.0200    -0.0164            
      H(  15), H(  18)   4.2991   4.1599   3.240   0.0200    -0.0093            
      H(  16), H(  17)   3.0812   2.9309   3.240   0.0200    -0.0111  1,4       
      H(  16), H(  18)   2.4721   2.3894   3.240   0.0200     0.2481  1,4       
      H(  17), H(  18)   1.7752


      BOND ANGLES, BENDING AND STRETCH-BEND ENERGIES   (   36 ANGLES)

          EB = 0.021914(KB)(DT)(DT)(1+CF*DT+QF*DT**2+PF*DT**3+SF*DT**4)
                          DT = THETA-TZERO
                          CF = -1400.000E-5
                          QF =     5.600E-5
                          PF =    -0.070E-5
                          SF =     0.022E-6
          ESB(J) = 2.51124(KSB(J))(DT)(DR1+DR2)
                          DR(I) = R(I) - R0(I)
          EBDBD  = -0.02191418(KBB1)(DT1)(KBB2)(DT2)

          A T O M S            THETA    TZERO     KB     EB     KSB    ESB
   C(   2)- C(   1)- C(   4)  111.545  111.000  0.670  0.0043  0.13  0.0044     
   C(   2)- C(   1)- H(   9)  109.754  109.310  0.590  0.0025  0.08  0.0014     
   C(   2)- C(   1)- H(  10)  109.576  109.310  0.590  0.0009  0.08  0.0008     
   C(   4)- C(   1)- H(   9)  110.112  109.310  0.590  0.0082  0.08  0.0023     
   C(   4)- C(   1)- H(  10)  109.714  109.310  0.590  0.0021  0.08  0.0012     
   H(   9)- C(   1)- H(  10)  105.985  107.600  0.550  0.0321                   
   C(   1)- C(   2)- C(   3)  110.676  110.200  0.670  0.0033  0.13  0.0040     
   C(   1)- C(   2)- F(   7)  109.071  108.300  0.920  0.0118  0.13  0.0041     
   C(   1)- C(   2)- H(  11)  110.007  109.800  0.590  0.0006  0.08  0.0006     
   C(   3)- C(   2)- F(   7)  109.071  108.300  0.920  0.0118  0.13  0.0041     
   C(   3)- C(   2)- H(  11)  110.007  109.800  0.590  0.0006  0.08  0.0006     
   F(   7)- C(   2)- H(  11)  107.954  108.500  0.720  0.0047  0.08 -0.0007     
   C(   2)- C(   3)- C(   6)  111.545  111.000  0.670  0.0043  0.13  0.0044     
   C(   2)- C(   3)- H(  12)  109.576  109.310  0.590  0.0009  0.08  0.0008     
   C(   2)- C(   3)- H(  13)  109.754  109.310  0.590  0.0025  0.08  0.0014     
   C(   6)- C(   3)- H(  12)  109.714  109.310  0.590  0.0021  0.08  0.0012     
   C(   6)- C(   3)- H(  13)  110.112  109.310  0.590  0.0082  0.08  0.0023     
   H(  12)- C(   3)- H(  13)  105.985  107.600  0.550  0.0321                   
   C(   1)- C(   4)- C(   5)  111.545  111.000  0.670  0.0043  0.13  0.0044     
   C(   1)- C(   4)- H(  14)  109.714  109.310  0.590  0.0021  0.08  0.0012     
   C(   1)- C(   4)- H(  15)  110.112  109.310  0.590  0.0082  0.08  0.0023     
   C(   5)- C(   4)- H(  14)  109.576  109.310  0.590  0.0009  0.08  0.0008     
   C(   5)- C(   4)- H(  15)  109.754  109.310  0.590  0.0025  0.08  0.0014     
   H(  14)- C(   4)- H(  15)  105.985  107.600  0.550  0.0321                   
   C(   4)- C(   5)- C(   6)  110.676  110.200  0.670  0.0033  0.13  0.0040     
   C(   4)- C(   5)- F(   8)  109.071  108.300  0.920  0.0118  0.13  0.0041     
   C(   4)- C(   5)- H(  16)  110.007  109.800  0.590  0.0006  0.08  0.0006     
   C(   6)- C(   5)- F(   8)  109.071  108.300  0.920  0.0118  0.13  0.0041     
   C(   6)- C(   5)- H(  16)  110.007  109.800  0.590  0.0006  0.08  0.0006     
   F(   8)- C(   5)- H(  16)  107.954  108.500  0.720  0.0047  0.08 -0.0007     
   C(   3)- C(   6)- C(   5)  111.545  111.000  0.670  0.0043  0.13  0.0044     
   C(   3)- C(   6)- H(  17)  109.714  109.310  0.590  0.0021  0.08  0.0012     
   C(   3)- C(   6)- H(  18)  110.112  109.310  0.590  0.0082  0.08  0.0023     
   C(   5)- C(   6)- H(  17)  109.576  109.310  0.590  0.0009  0.08  0.0008     
   C(   5)- C(   6)- H(  18)  109.754  109.310  0.590  0.0025  0.08  0.0014     
   H(  17)- C(   6)- H(  18)  105.985  107.600  0.550  0.0321                   


     DIHEDRAL ANGLES, TORSIONAL ENERGY (ET)   (   54 ANGLES)

           ET = (V1/2)(1+COS(W))+(V2/2)(1-COS(2W))+(V3/2)(1+COS(3W))

           ETS = -11.995*(R-R0)((KTS1/2)(1+COS(W))+
                                (KTS2/2)(1-COS(2W)+
                                (KTS3/2)(1+COS(3W))

           SIGN OF ANGLE A-B-C-D : WHEN LOOKING THROUGH B TOWARD C,
           IF D IS COUNTERCLOCKWISE FROM A, NEGATIVE.

         A T O M S               OMEGA    V1     V2     V3     ET   KTS3   ETS
 C(   1) C(   2) C(   3) C(   6) -55.2  0.185  0.170  0.520  0.268 0.059 0.000  
 C(   1) C(   2) C(   3) H(  12)  66.5  0.000  0.000  0.280  0.008 0.059 0.000  
 C(   1) C(   2) C(   3) H(  13)-177.5  0.000  0.000  0.280  0.001 0.059 0.000  
 C(   1) C(   4) C(   5) C(   6)  55.2  0.185  0.170  0.520  0.268 0.059 0.000  
 C(   1) C(   4) C(   5) F(   8) 175.2  0.200  0.000  0.300  0.005 0.059 0.000  
 C(   1) C(   4) C(   5) H(  16) -66.6  0.000  0.000  0.280  0.008 0.059 0.000  
 C(   2) C(   1) C(   4) C(   5) -55.7  0.185  0.170  0.520  0.267 0.059 0.000  
 C(   2) C(   1) C(   4) H(  14)  65.9  0.000  0.000  0.280  0.007 0.059 0.000  
 C(   2) C(   1) C(   4) H(  15)-177.8  0.000  0.000  0.280  0.001 0.059 0.000  
 C(   2) C(   3) C(   6) C(   5)  55.7  0.185  0.170  0.520  0.267 0.059 0.000  
 C(   2) C(   3) C(   6) H(  17) -65.9  0.000  0.000  0.280  0.007 0.059 0.000  
 C(   2) C(   3) C(   6) H(  18) 177.8  0.000  0.000  0.280  0.001 0.059 0.000  
 C(   3) C(   2) C(   1) C(   4)  55.2  0.185  0.170  0.520  0.268 0.059 0.000  
 C(   3) C(   2) C(   1) H(   9) 177.5  0.000  0.000  0.280  0.001 0.059 0.000  
 C(   3) C(   2) C(   1) H(  10) -66.5  0.000  0.000  0.280  0.008 0.059 0.000  
 C(   3) C(   6) C(   5) C(   4) -55.2  0.185  0.170  0.520  0.268 0.059 0.000  
 C(   3) C(   6) C(   5) F(   8)-175.2  0.200  0.000  0.300  0.005 0.059 0.000  
 C(   3) C(   6) C(   5) H(  16)  66.6  0.000  0.000  0.280  0.008 0.059 0.000  
 C(   4) C(   1) C(   2) F(   7) 175.2  0.200  0.000  0.300  0.005 0.059 0.000  
 C(   4) C(   1) C(   2) H(  11) -66.6  0.000  0.000  0.280  0.008 0.059 0.000  
 C(   4) C(   5) C(   6) H(  17)  66.5  0.000  0.000  0.280  0.008 0.059 0.000  
 C(   4) C(   5) C(   6) H(  18)-177.5  0.000  0.000  0.280  0.001 0.059 0.000  
 C(   5) C(   4) C(   1) H(   9)-177.8  0.000  0.000  0.280  0.001 0.059 0.000  
 C(   5) C(   4) C(   1) H(  10)  65.9  0.000  0.000  0.280  0.007 0.059 0.000  
 C(   5) C(   6) C(   3) H(  12) -65.9  0.000  0.000  0.280  0.007 0.059 0.000  
 C(   5) C(   6) C(   3) H(  13) 177.8  0.000  0.000  0.280  0.001 0.059 0.000  
 C(   6) C(   3) C(   2) F(   7)-175.2  0.200  0.000  0.300  0.005 0.059 0.000  
 C(   6) C(   3) C(   2) H(  11)  66.6  0.000  0.000  0.280  0.008 0.059 0.000  
 C(   6) C(   5) C(   4) H(  14) -66.5  0.000  0.000  0.280  0.008 0.059 0.000  
 C(   6) C(   5) C(   4) H(  15) 177.5  0.000  0.000  0.280  0.001 0.059 0.000  
 F(   7) C(   2) C(   1) H(   9) -62.5 -0.460  1.190  0.327  0.602 0.059 0.000  
 F(   7) C(   2) C(   1) H(  10)  53.5 -0.460  1.190  0.327  0.411 0.059 0.000  
 F(   7) C(   2) C(   3) H(  12) -53.5 -0.460  1.190  0.327  0.411 0.059 0.000  
 F(   7) C(   2) C(   3) H(  13)  62.5 -0.460  1.190  0.327  0.602 0.059 0.000  
 F(   8) C(   5) C(   4) H(  14)  53.5 -0.460  1.190  0.327  0.411 0.059 0.000  
 F(   8) C(   5) C(   4) H(  15) -62.5 -0.460  1.190  0.327  0.602 0.059 0.000  
 F(   8) C(   5) C(   6) H(  17) -53.5 -0.460  1.190  0.327  0.411 0.059 0.000  
 F(   8) C(   5) C(   6) H(  18)  62.5 -0.460  1.190  0.327  0.602 0.059 0.000  
 H(   9) C(   1) C(   2) H(  11)  55.7  0.000  0.000  0.238  0.003 0.059 0.000  
 H(   9) C(   1) C(   4) H(  14) -56.2  0.000  0.000  0.238  0.002 0.059 0.000  
 H(   9) C(   1) C(   4) H(  15)  60.1  0.000  0.000  0.238  0.000 0.059 0.000  
 H(  10) C(   1) C(   2) H(  11) 171.7  0.000  0.000  0.238  0.011 0.059 0.000  
 H(  10) C(   1) C(   4) H(  14)-172.4  0.000  0.000  0.238  0.009 0.059 0.000  
 H(  10) C(   1) C(   4) H(  15) -56.2  0.000  0.000  0.238  0.002 0.059 0.000  
 H(  11) C(   2) C(   3) H(  12)-171.7  0.000  0.000  0.238  0.011 0.059 0.000  
 H(  11) C(   2) C(   3) H(  13) -55.7  0.000  0.000  0.238  0.003 0.059 0.000  
 H(  12) C(   3) C(   6) H(  17) 172.4  0.000  0.000  0.238  0.009 0.059 0.000  
 H(  12) C(   3) C(   6) H(  18)  56.2  0.000  0.000  0.238  0.002 0.059 0.000  
 H(  13) C(   3) C(   6) H(  17)  56.2  0.000  0.000  0.238  0.002 0.059 0.000  
 H(  13) C(   3) C(   6) H(  18) -60.1  0.000  0.000  0.238  0.000 0.059 0.000  
 H(  14) C(   4) C(   5) H(  16) 171.7  0.000  0.000  0.238  0.011 0.059 0.000  
 H(  15) C(   4) C(   5) H(  16)  55.7  0.000  0.000  0.238  0.003 0.059 0.000  
 H(  16) C(   5) C(   6) H(  17)-171.7  0.000  0.000  0.238  0.011 0.059 0.000  
 H(  16) C(   5) C(   6) H(  18) -55.7  0.000  0.000  0.238  0.003 0.059 0.000  

     DIPOLE-DIPOLE INTERACTION ENERGY  (DIELECTRIC CONSTANT = 1.50)

          E = 14.388*MU1*MU2*(COSX-3*COSA*COSB)/(R12**3*DIELC)

               MU1 = BOND MOM OF BOND 1
               MU2 = BOND MOM OF BOND 2
               R12 = DISTANCE BETWEEN MID-POINTS OF TWO BONDS.

        BOND(1)       MU1           BOND(2)       MU2      R12        E
   C(   2)- F(   7)  1.820   + C(   5)- F(   8)  1.820   4.2160    0.6767       


 ==============================================================================
                        NORMAL MODE VIBRATIONAL ANALYSIS
 ==============================================================================


             Molecular Shape : ASYMMETRIC ROTOR WITH KAPPA =-0.865667
        Symmetry Point Group : C2h 
             Symmetry Number :  2
                   Chirality :  no



0       FUNDAMENTAL NORMAL VIBRATIONAL FREQUENCIES
                ( THEORETICALLY  48 VALUES )

             Frequency :  in 1/cm
             A(i)      :  IR intensity (vs,s,m,w,vw,-- or in 10**6 cm/mole)
             A(i) = -- :  IR inactive


             no       Frequency   Symmetry      A(i)

             1.          2968.6     (Bu  )        s
             2.          2968.1     (Ag  )       --
             3.          2956.4     (Bu  )        s
             4.          2955.7     (Bg  )       --
             5.          2954.6     (Ag  )       --
             6.          2953.3     (Au  )        m
             7.          2911.7     (Au  )        m
             8.          2911.5     (Ag  )       --
             9.          2899.8     (Bg  )       --
            10.          2899.5     (Bu  )        m
            11.          1538.1     (Ag  )       --
            12.          1508.0     (Bu  )        w
            13.          1474.9     (Au  )        w
            14.          1472.8     (Ag  )       --
            15.          1462.5     (Bg  )       --
            16.          1454.6     (Au  )        w
            17.          1453.1     (Bu  )        w
            18.          1416.1     (Bg  )       --
            19.          1368.0     (Ag  )       --
            20.          1343.0     (Bu  )        m
            21.          1332.4     (Au  )        w
            22.          1315.3     (Bg  )       --
            23.          1242.9     (Bu  )        w
            24.          1227.5     (Au  )        w
            25.          1219.4     (Ag  )       --
            26.          1204.9     (Bg  )       --
            27.          1118.1     (Bu  )        m
            28.          1111.3     (Ag  )       --
            29.          1086.9     (Bg  )       --
            30.          1052.6     (Au  )        w
            31.          1032.2     (Ag  )       --
            32.          1000.0     (Ag  )       --
            33.           972.4     (Au  )        w
            34.           901.4     (Au  )        w
            35.           879.2     (Bu  )        m
            36.           860.7     (Bu  )        w
            37.           782.1     (Bg  )       --
            38.           760.7     (Ag  )       --
            39.           541.6     (Bu  )        w
            40.           457.6     (Ag  )       --
            41.           457.5     (Bu  )        w
            42.           440.1     (Bg  )       --
            43.           390.9     (Bg  )       --
            44.           332.9     (Ag  )       --
            45.           305.3     (Au  )        w
            46.           265.5     (Ag  )       --
            47.           227.5     (Au  )        w
            48.           112.8     (Bu  )        w
            49.     (       0.0)    (t/r )
            50.     (       0.0)    (t/r )
            51.     (       0.0)    (t/r )
            52.     (       0.0)    (t/r )
            53.     (       0.0)    (t/r )
            54.     (       0.0)    (t/r )


0       CORRESPONDING EIGEN VECTOR MATRIX   54 BY  54



 (  1)
     0.003    0.008    0.008   -0.001    0.000    0.056    0.003   -0.008
     0.008    0.003   -0.008    0.008   -0.001    0.000    0.056    0.003
     0.008    0.008    0.001    0.000    0.000    0.001    0.000    0.000
    -0.044   -0.089   -0.037    0.006    0.007   -0.063    0.001    0.000
    -0.651    0.006   -0.007   -0.063   -0.044    0.089   -0.037    0.006
    -0.007   -0.063   -0.044    0.089   -0.038    0.001    0.000   -0.651
     0.006    0.007   -0.063   -0.044   -0.089   -0.038

 (  2)
     0.002    0.006    0.003   -0.001    0.000    0.058    0.002   -0.006
     0.003   -0.002    0.006   -0.003    0.001    0.000   -0.058   -0.002
    -0.006   -0.003    0.001    0.000    0.000   -0.001    0.000    0.000
    -0.031   -0.064   -0.025   -0.001    0.004   -0.018    0.001    0.000
    -0.666   -0.001   -0.004   -0.018   -0.031    0.064   -0.025    0.001
     0.004    0.018    0.031   -0.064    0.025   -0.001    0.000    0.666
     0.001   -0.004    0.018    0.031    0.064    0.025

 (  3)
    -0.008   -0.020   -0.038    0.000    0.000    0.015   -0.008    0.020
    -0.038   -0.008    0.020   -0.038    0.000    0.000    0.015   -0.008
    -0.020   -0.038    0.000    0.000    0.000    0.000    0.000    0.000
     0.138    0.254    0.119   -0.048   -0.021    0.330    0.004    0.000
    -0.169   -0.048    0.021    0.330    0.138   -0.254    0.119   -0.048
     0.021    0.330    0.138   -0.254    0.119    0.004    0.000   -0.169
    -0.048   -0.021    0.330    0.138    0.254    0.119

 (  4)
     0.008    0.021    0.039    0.000   -0.001    0.000   -0.008    0.021
    -0.039    0.008   -0.021    0.039    0.000    0.001    0.000   -0.008
    -0.021   -0.039    0.000    0.000    0.000    0.000    0.000    0.000
    -0.145   -0.270   -0.125    0.048    0.021   -0.334    0.000    0.008
     0.000   -0.048    0.021    0.334    0.145   -0.270    0.125    0.048
    -0.021   -0.334   -0.145    0.270   -0.126    0.000   -0.008    0.000
    -0.048   -0.021    0.334    0.145    0.270    0.125

 (  5)
    -0.010   -0.022   -0.038   -0.001    0.000    0.009   -0.010    0.022
    -0.038    0.010   -0.022    0.038    0.001    0.000   -0.009    0.010
     0.022    0.038    0.000    0.000    0.000    0.000    0.000    0.000
     0.150    0.277    0.130   -0.037   -0.021    0.317    0.004    0.000
    -0.095   -0.037    0.021    0.317    0.150   -0.277    0.130    0.037
    -0.021   -0.317   -0.150    0.277   -0.130   -0.004    0.000    0.095
     0.037    0.021   -0.317   -0.150   -0.277   -0.130

 (  6)
    -0.010   -0.022   -0.038    0.000    0.001    0.000    0.010   -0.022
     0.038    0.010   -0.022    0.038    0.000    0.001    0.000   -0.010
    -0.022   -0.038    0.000    0.000    0.000    0.000    0.000    0.000
     0.153    0.284    0.132   -0.037   -0.021    0.317    0.000   -0.008
     0.000    0.037   -0.021   -0.317   -0.153    0.284   -0.132    0.037
    -0.021   -0.317   -0.153    0.284   -0.132    0.000   -0.008    0.000
    -0.037   -0.021    0.317    0.153    0.284    0.132

 (  7)
     0.019    0.026   -0.021    0.000   -0.002    0.000   -0.019    0.026
     0.021   -0.019    0.026    0.021    0.000   -0.002    0.000    0.019
     0.026   -0.021    0.000    0.000    0.000    0.000    0.000    0.000
    -0.150   -0.266   -0.110   -0.052   -0.034    0.347    0.000    0.000
     0.000    0.052   -0.034   -0.348    0.150   -0.267    0.110    0.052
    -0.034   -0.347    0.150   -0.266    0.110    0.000    0.000    0.000
    -0.052   -0.034    0.348   -0.150   -0.267   -0.110

 (  8)
    -0.019   -0.026    0.021   -0.001    0.000    0.004   -0.019    0.026
     0.021    0.019   -0.026   -0.021    0.001    0.000   -0.004    0.019
     0.026   -0.021    0.000    0.000    0.000    0.000    0.000    0.000
     0.149    0.266    0.110    0.051    0.034   -0.347   -0.001    0.000
    -0.055    0.051   -0.034   -0.346    0.149   -0.265    0.110   -0.051
     0.034    0.347   -0.149    0.266   -0.110    0.001    0.000    0.055
    -0.051   -0.034    0.346   -0.149   -0.265   -0.110

 (  9)
    -0.016   -0.028    0.018    0.000    0.003    0.000    0.016   -0.028
    -0.018   -0.016    0.028    0.018    0.000   -0.003    0.000    0.016
     0.028   -0.018    0.000    0.000    0.000    0.000    0.000    0.000
     0.150    0.284    0.120    0.050    0.033   -0.331    0.000    0.000
     0.000   -0.050    0.033    0.332   -0.150    0.285   -0.120    0.050
    -0.033   -0.331    0.150   -0.284    0.120    0.000    0.000    0.000
    -0.050   -0.033    0.332   -0.150   -0.285   -0.120

 ( 10)
    -0.017   -0.028    0.018   -0.001    0.000    0.003   -0.017    0.028
     0.018   -0.017    0.028    0.018   -0.001    0.000    0.003   -0.017
    -0.028    0.018    0.000    0.000    0.000    0.000    0.000    0.000
     0.150    0.285    0.120    0.050    0.034   -0.330    0.000    0.000
    -0.048    0.050   -0.034   -0.329    0.150   -0.284    0.120    0.050
    -0.034   -0.330    0.150   -0.285    0.120    0.000    0.000   -0.048
     0.050    0.034   -0.329    0.150    0.284    0.120

 ( 11)
    -0.075    0.028   -0.002    0.115    0.000   -0.003   -0.075   -0.028
    -0.002    0.075    0.028    0.002   -0.115    0.000    0.003    0.075
    -0.028    0.002   -0.029    0.000    0.003    0.029    0.000   -0.003
     0.126   -0.090    0.012    0.137   -0.075    0.022   -0.268    0.000
    -0.006    0.137    0.075    0.022    0.126    0.090    0.012   -0.137
    -0.075   -0.022   -0.126   -0.090   -0.012    0.268    0.000    0.006
    -0.137    0.075   -0.022   -0.126    0.090   -0.012

 ( 12)
     0.038   -0.041    0.008   -0.122    0.000    0.002    0.038    0.041
     0.008    0.038    0.041    0.008   -0.122    0.000    0.002    0.038
    -0.041    0.008    0.033    0.000   -0.003    0.033    0.000   -0.003
    -0.133    0.093   -0.106   -0.055    0.147    0.015    0.313    0.000
     0.004   -0.055   -0.147    0.015   -0.133   -0.093   -0.106   -0.055
    -0.147    0.015   -0.133   -0.093   -0.106    0.313    0.000    0.004
    -0.055    0.147    0.015   -0.133    0.093   -0.106

 ( 13)
    -0.078    0.000    0.012    0.000   -0.022    0.000    0.078    0.000
    -0.012    0.078    0.000   -0.012    0.000   -0.022    0.000   -0.078
     0.000    0.012    0.000   -0.001    0.000    0.000   -0.001    0.000
     0.155   -0.030   -0.234    0.254    0.139    0.079    0.000    0.058
     0.000   -0.254    0.139   -0.079   -0.155   -0.030    0.234   -0.254
     0.139   -0.079   -0.155   -0.030    0.234    0.000    0.058    0.000
     0.254    0.139    0.079    0.155   -0.030   -0.234

 ( 14)
    -0.033   -0.029    0.019   -0.025    0.000    0.000   -0.033    0.029
     0.019    0.033   -0.029   -0.019    0.025    0.000    0.000    0.033
     0.029   -0.019    0.007    0.000    0.000   -0.007    0.000    0.000
     0.089    0.036   -0.309    0.176    0.267    0.081    0.076    0.000
     0.000    0.176   -0.267    0.081    0.089   -0.036   -0.309   -0.176
     0.267   -0.081   -0.089    0.036    0.309   -0.076    0.000    0.000
    -0.176   -0.267   -0.081   -0.089   -0.036    0.309

 ( 15)
     0.009   -0.056    0.020    0.000    0.048    0.000   -0.009   -0.056
    -0.020    0.009    0.056    0.020    0.000   -0.048    0.000   -0.009
     0.056   -0.020    0.000   -0.002    0.000    0.000    0.002    0.000
    -0.035    0.086   -0.279    0.077    0.297    0.066    0.000   -0.109
     0.000   -0.077    0.297   -0.066    0.035    0.086    0.279    0.077
    -0.297    0.066   -0.035   -0.086   -0.279    0.000    0.109    0.000
    -0.077   -0.297   -0.066    0.035   -0.086    0.279

 ( 16)
    -0.055    0.056   -0.018    0.000   -0.068    0.000    0.055    0.056
     0.018    0.055    0.056    0.018    0.000   -0.068    0.000   -0.055
     0.056   -0.018    0.000    0.002    0.000    0.000    0.002    0.000
     0.043   -0.090    0.206    0.065   -0.267   -0.032    0.000    0.170
     0.000   -0.065   -0.267    0.032   -0.043   -0.090   -0.206   -0.065
    -0.267    0.032   -0.043   -0.090   -0.206    0.000    0.170    0.000
     0.065   -0.267   -0.032    0.043   -0.090    0.206

 ( 17)
     0.026    0.021   -0.020   -0.036    0.000    0.003    0.026   -0.021
    -0.020    0.026   -0.021   -0.020   -0.036    0.000    0.003    0.026
     0.021   -0.020    0.011    0.000    0.000    0.011    0.000    0.000
    -0.088   -0.051    0.297   -0.187   -0.262   -0.080    0.157    0.000
     0.006   -0.188    0.262   -0.080   -0.088    0.051    0.297   -0.188
     0.262   -0.080   -0.088    0.051    0.297    0.157    0.000    0.006
    -0.188   -0.262   -0.080   -0.088   -0.051    0.297

 ( 18)
     0.053   -0.043   -0.009    0.000    0.075    0.000   -0.053   -0.043
     0.009    0.053    0.043   -0.009    0.000   -0.075    0.000   -0.053
     0.043    0.009    0.000   -0.002    0.000    0.000    0.002    0.000
    -0.205    0.019    0.151   -0.245   -0.039   -0.052    0.000   -0.236
     0.000    0.245   -0.039    0.052    0.205    0.019   -0.151   -0.245
     0.039   -0.052   -0.205   -0.019    0.151    0.000    0.236    0.000
     0.245    0.039    0.052    0.205   -0.019   -0.151

 ( 19)
     0.050   -0.022    0.019    0.064    0.000    0.001    0.050    0.022
     0.019   -0.050   -0.022   -0.019   -0.064    0.000   -0.001   -0.050
     0.022   -0.019   -0.022    0.000   -0.006    0.022    0.000    0.006
    -0.083    0.101   -0.082   -0.174    0.165    0.006   -0.442    0.000
    -0.003   -0.174   -0.165    0.006   -0.083   -0.101   -0.082    0.174
     0.165   -0.006    0.083    0.101    0.082    0.442    0.000    0.003
     0.174   -0.165   -0.006    0.083   -0.101    0.082

 ( 20)
    -0.043    0.040   -0.006   -0.048    0.000    0.002   -0.043   -0.040
    -0.006   -0.043   -0.040   -0.006   -0.048    0.000    0.002   -0.043
     0.040   -0.006    0.017    0.000    0.006    0.017    0.000    0.006
     0.233   -0.100   -0.020    0.207   -0.081    0.018    0.389    0.000
     0.007    0.207    0.081    0.018    0.233    0.100   -0.020    0.207
     0.081    0.018    0.233    0.100   -0.020    0.389    0.000    0.007
     0.207   -0.081    0.018    0.233   -0.100   -0.020

 ( 21)
     0.023    0.008    0.015    0.000   -0.104    0.000   -0.023    0.008
    -0.015   -0.023    0.008   -0.015    0.000   -0.104    0.000    0.023
     0.008    0.015    0.000    0.004    0.000    0.000    0.004    0.000
    -0.134    0.148   -0.088   -0.074    0.102    0.012    0.000    0.468
     0.000    0.074    0.102   -0.012    0.134    0.148    0.088    0.074
     0.102   -0.012    0.134    0.148    0.088    0.000    0.468    0.000
    -0.074    0.102    0.012   -0.134    0.148   -0.088

 ( 22)
     0.030   -0.008    0.011    0.000   -0.089    0.000   -0.030   -0.008
    -0.011    0.030    0.008    0.011    0.000    0.089    0.000   -0.030
     0.008   -0.011    0.000    0.004    0.000    0.000   -0.004    0.000
    -0.221    0.148   -0.028   -0.115    0.066   -0.001    0.000    0.443
     0.000    0.115    0.066    0.001    0.221    0.148    0.028   -0.115
    -0.066   -0.001   -0.221   -0.148   -0.028    0.000   -0.443    0.000
     0.115   -0.066    0.001    0.221   -0.148    0.028

 ( 23)
     0.001   -0.012    0.023   -0.001    0.000   -0.054    0.001    0.012
     0.023    0.001    0.012    0.023   -0.001    0.000   -0.054    0.001
    -0.012    0.023   -0.007    0.000    0.003   -0.007    0.000    0.003
    -0.240    0.130   -0.003    0.304   -0.224    0.053   -0.017    0.000
    -0.065    0.304    0.224    0.053   -0.240   -0.130   -0.003    0.304
     0.224    0.053   -0.240   -0.130   -0.003   -0.017    0.000   -0.065
     0.304   -0.224    0.053   -0.240    0.130   -0.003

 ( 24)
     0.005    0.013   -0.032    0.000   -0.025    0.000   -0.005    0.013
     0.032   -0.005    0.013    0.032    0.000   -0.025    0.000    0.005
     0.013   -0.032    0.000    0.002    0.000    0.000    0.002    0.000
    -0.300    0.186   -0.053    0.255   -0.082   -0.012    0.000   -0.246
     0.000   -0.255   -0.082    0.012    0.300    0.186    0.053   -0.255
    -0.082    0.012    0.300    0.186    0.053    0.000   -0.246    0.000
     0.255   -0.082   -0.012   -0.300    0.186   -0.053

 ( 25)
     0.009    0.003   -0.009    0.011    0.000   -0.039    0.009   -0.003
    -0.009   -0.009    0.003    0.009   -0.011    0.000    0.039   -0.009
    -0.003    0.009   -0.011    0.000    0.002    0.011    0.000   -0.002
    -0.312    0.201   -0.061    0.270   -0.136    0.013   -0.043    0.000
    -0.048    0.270    0.136    0.013   -0.312   -0.201   -0.061   -0.270
    -0.136   -0.013    0.312    0.201    0.061    0.043    0.000    0.048
    -0.270    0.136   -0.013    0.312   -0.201    0.061

 ( 26)
     0.001    0.009   -0.012    0.000   -0.007    0.000   -0.001    0.009
     0.012    0.001   -0.009   -0.012    0.000    0.007    0.000   -0.001
    -0.009    0.012    0.000    0.001    0.000    0.000   -0.001    0.000
     0.258   -0.132   -0.007   -0.328    0.213   -0.045    0.000    0.104
     0.000    0.328    0.213    0.045   -0.258   -0.132    0.007   -0.328
    -0.213   -0.045    0.258    0.132   -0.007    0.000   -0.104    0.000
     0.328   -0.213    0.045   -0.258    0.132    0.007

 ( 27)
    -0.004   -0.018   -0.009    0.106    0.000   -0.036   -0.004    0.018
    -0.009   -0.004    0.018   -0.009    0.106    0.000   -0.036   -0.004
    -0.018   -0.009   -0.069    0.000    0.039   -0.069    0.000    0.039
    -0.076    0.019   -0.012   -0.067    0.061   -0.014    0.433    0.000
    -0.040   -0.067   -0.061   -0.014   -0.076   -0.019   -0.012   -0.067
    -0.061   -0.014   -0.076   -0.019   -0.012    0.433    0.000   -0.040
    -0.067    0.061   -0.014   -0.076    0.019   -0.012

 ( 28)
    -0.003   -0.002    0.003   -0.105    0.000    0.027   -0.003    0.002
     0.003    0.003   -0.002   -0.003    0.105    0.000   -0.027    0.003
     0.002   -0.003    0.069    0.000   -0.038   -0.069    0.000    0.038
     0.060   -0.040    0.008    0.101   -0.098    0.011   -0.434    0.000
     0.031    0.101    0.098    0.011    0.060    0.040    0.008   -0.101
    -0.098   -0.011   -0.060   -0.040   -0.008    0.434    0.000   -0.031
    -0.101    0.098   -0.011   -0.060    0.040   -0.008

 ( 29)
     0.002   -0.057    0.027    0.000    0.102    0.000   -0.002   -0.057
    -0.027    0.002    0.057    0.027    0.000   -0.102    0.000   -0.002
     0.057   -0.027    0.000   -0.006    0.000    0.000    0.006    0.000
     0.069   -0.131    0.106    0.087   -0.057    0.044    0.000    0.432
     0.000   -0.087   -0.057   -0.044   -0.069   -0.131   -0.106    0.087
     0.057    0.044    0.069    0.131    0.106    0.000   -0.432    0.000
    -0.087    0.057   -0.044   -0.069    0.131   -0.106

 ( 30)
     0.050   -0.039    0.015    0.000    0.084    0.000   -0.050   -0.039
    -0.015   -0.050   -0.039   -0.015    0.000    0.084    0.000    0.050
    -0.039    0.015    0.000   -0.002    0.000    0.000   -0.002    0.000
     0.024   -0.024    0.011    0.251   -0.168    0.034    0.000    0.354
     0.000   -0.251   -0.168   -0.034   -0.024   -0.024   -0.011   -0.251
    -0.168   -0.034   -0.024   -0.024   -0.011    0.000    0.354    0.000
     0.251   -0.168    0.034    0.024   -0.024    0.011

 ( 31)
     0.052   -0.014    0.064   -0.002    0.000   -0.094    0.052    0.014
     0.064   -0.052   -0.014   -0.064    0.002    0.000    0.094   -0.052
     0.014   -0.064   -0.023    0.000    0.012    0.023    0.000   -0.012
     0.205   -0.019   -0.103    0.026   -0.211    0.051    0.012    0.000
    -0.102    0.026    0.211    0.051    0.205    0.019   -0.103   -0.026
    -0.211   -0.051   -0.205   -0.019    0.103   -0.012    0.000    0.102
    -0.026    0.211   -0.051   -0.205    0.019    0.103

 ( 32)
     0.085   -0.003   -0.069    0.026    0.000    0.031    0.085    0.003
    -0.069   -0.085   -0.003    0.069   -0.026    0.000   -0.031   -0.085
     0.003    0.069   -0.022    0.000   -0.002    0.022    0.000    0.002
     0.143   -0.085    0.042    0.232    0.074   -0.050   -0.008    0.000
     0.032    0.232   -0.074   -0.050    0.143    0.085    0.042   -0.232
     0.074    0.050   -0.143   -0.085   -0.042    0.008    0.000   -0.032
    -0.232   -0.074    0.050   -0.143    0.085   -0.042

 ( 33)
     0.082    0.025   -0.062    0.000   -0.070    0.000   -0.082    0.025
     0.062   -0.082    0.025    0.062    0.000   -0.070    0.000    0.082
     0.025   -0.062    0.000    0.015    0.000    0.000    0.015    0.000
     0.216   -0.073   -0.002    0.131    0.093   -0.057    0.000   -0.072
     0.000   -0.131    0.093    0.057   -0.216   -0.073    0.002   -0.131
     0.093    0.057   -0.216   -0.073    0.002    0.000   -0.072    0.000
     0.131    0.093   -0.057    0.216   -0.073   -0.002

 ( 34)
    -0.033   -0.032   -0.066    0.000    0.031    0.000    0.033   -0.032
     0.066    0.033   -0.032    0.066    0.000    0.031    0.000   -0.033
    -0.032   -0.066    0.000   -0.004    0.000    0.000   -0.004    0.000
    -0.141   -0.107    0.219    0.062    0.260   -0.036    0.000    0.162
     0.000   -0.062    0.260    0.036    0.141   -0.107   -0.219   -0.062
     0.260    0.036    0.141   -0.107   -0.219    0.000    0.162    0.000
     0.062    0.260   -0.036   -0.141   -0.107    0.219

 ( 35)
     0.026    0.019    0.058   -0.021    0.000   -0.102    0.026   -0.019
     0.058    0.026   -0.019    0.058   -0.021    0.000   -0.102    0.026
     0.019    0.058   -0.016    0.000    0.014   -0.016    0.000    0.014
     0.167    0.053   -0.178   -0.181   -0.155    0.020   -0.035    0.000
    -0.108   -0.181    0.155    0.020    0.167   -0.053   -0.178   -0.181
     0.155    0.020    0.167   -0.053   -0.178   -0.035    0.000   -0.108
    -0.181   -0.155    0.020    0.167    0.053   -0.178

 ( 36)
    -0.001    0.102   -0.014    0.017    0.000    0.063   -0.001   -0.102
    -0.014   -0.001   -0.102   -0.014    0.017    0.000    0.063   -0.001
     0.102   -0.014    0.005    0.000   -0.005    0.005    0.000   -0.005
    -0.111    0.230   -0.154   -0.056   -0.016   -0.032    0.055    0.000
     0.065   -0.056    0.016   -0.032   -0.111   -0.230   -0.154   -0.056
     0.016   -0.032   -0.111   -0.230   -0.154    0.055    0.000    0.065
    -0.056   -0.016   -0.032   -0.111    0.230   -0.154

 ( 37)
     0.026    0.027    0.062    0.000    0.041    0.000   -0.026    0.027
    -0.062    0.026   -0.027    0.062    0.000   -0.041    0.000   -0.026
    -0.027   -0.062    0.000   -0.005    0.000    0.000    0.005    0.000
     0.108    0.126   -0.247   -0.148   -0.255    0.020    0.000    0.024
     0.000    0.148   -0.255   -0.020   -0.108    0.126    0.247   -0.148
     0.255    0.020    0.108   -0.126   -0.247    0.000   -0.024    0.000
     0.148    0.255   -0.020   -0.108   -0.126    0.247

 ( 38)
    -0.022   -0.093   -0.003   -0.020    0.000   -0.078   -0.022    0.093
    -0.003    0.022   -0.093    0.003    0.020    0.000    0.078    0.022
     0.093    0.003   -0.018    0.000    0.013    0.018    0.000   -0.013
    -0.081   -0.163    0.208    0.060    0.096    0.021   -0.069    0.000
    -0.080    0.060   -0.096    0.021   -0.081    0.163    0.208   -0.060
     0.096   -0.021    0.081   -0.163   -0.208    0.069    0.000    0.080
    -0.060   -0.096   -0.021    0.081    0.163   -0.208

 ( 39)
     0.080    0.041   -0.011   -0.048    0.000   -0.009    0.080   -0.041
    -0.011    0.080   -0.041   -0.011   -0.048    0.000   -0.009    0.080
     0.041   -0.011   -0.091    0.000    0.007   -0.091    0.000    0.007
     0.070   -0.007    0.112    0.145    0.129    0.005   -0.063    0.000
    -0.009    0.145   -0.129    0.005    0.070    0.007    0.112    0.145
    -0.129    0.005    0.070    0.007    0.112   -0.063    0.000   -0.009
     0.145    0.129    0.005    0.070   -0.007    0.112

 ( 40)
    -0.011   -0.082   -0.009    0.004    0.000    0.104   -0.011    0.082
    -0.009    0.011   -0.082    0.009   -0.004    0.000   -0.104    0.011
     0.082    0.009   -0.050    0.000   -0.021    0.050    0.000    0.021
    -0.016   -0.023   -0.134   -0.044   -0.216   -0.023    0.036    0.000
     0.102   -0.044    0.216   -0.023   -0.016    0.023   -0.134    0.044
    -0.216    0.023    0.016   -0.023    0.134   -0.036    0.000   -0.102
     0.044    0.216    0.023    0.016    0.023    0.134

 ( 41)
    -0.032    0.053    0.013   -0.003    0.000   -0.105   -0.032   -0.053
     0.013   -0.032   -0.053    0.013   -0.003    0.000   -0.105   -0.032
     0.053    0.013    0.054    0.000    0.035    0.054    0.000    0.035
    -0.086    0.009    0.174   -0.008    0.227    0.029   -0.034    0.000
    -0.103   -0.008   -0.227    0.029   -0.086   -0.009    0.174   -0.008
    -0.227    0.029   -0.086   -0.009    0.174   -0.034    0.000   -0.103
    -0.008    0.227    0.029   -0.086    0.009    0.174

 ( 42)
    -0.113   -0.038    0.015    0.000   -0.012    0.000    0.113   -0.038
    -0.015   -0.113    0.038    0.015    0.000    0.012    0.000    0.113
     0.038   -0.015    0.000   -0.060    0.000    0.000    0.060    0.000
    -0.110   -0.015   -0.041   -0.151   -0.067    0.008    0.000   -0.024
     0.000    0.151   -0.067   -0.008    0.110   -0.015    0.041   -0.151
     0.067    0.008   -0.110    0.015   -0.041    0.000    0.024    0.000
     0.151    0.067   -0.008    0.110    0.015    0.041

 ( 43)
    -0.007    0.087   -0.008    0.000    0.090    0.000    0.007    0.087
     0.008   -0.007   -0.087   -0.008    0.000   -0.090    0.000    0.007
    -0.087    0.008    0.000   -0.081    0.000    0.000    0.081    0.000
    -0.087    0.102    0.054    0.015    0.139    0.000    0.000    0.104
     0.000   -0.015    0.139    0.000    0.087    0.102   -0.054    0.015
    -0.139    0.000   -0.087   -0.102    0.054    0.000   -0.104    0.000
    -0.015   -0.139    0.000    0.087   -0.102   -0.054

 ( 44)
     0.017   -0.041    0.017    0.106    0.000    0.014    0.017    0.041
     0.017   -0.017   -0.041   -0.017   -0.106    0.000   -0.014   -0.017
     0.041   -0.017    0.123    0.000   -0.005   -0.123    0.000    0.005
    -0.016   -0.020    0.008    0.027   -0.041    0.018    0.121    0.000
     0.014    0.027    0.041    0.018   -0.016    0.020    0.008   -0.027
    -0.041   -0.018    0.016   -0.020   -0.008   -0.121    0.000   -0.014
    -0.027    0.041   -0.018    0.016    0.020   -0.008

 ( 45)
     0.001    0.057   -0.042    0.000    0.059    0.000   -0.001    0.057
     0.042   -0.001    0.057    0.042    0.000    0.059    0.000    0.001
     0.057   -0.042    0.000   -0.122    0.000    0.000   -0.122    0.000
     0.026    0.072   -0.105   -0.050    0.002   -0.051    0.000    0.103
     0.000    0.050    0.002    0.051   -0.026    0.072    0.105    0.050
     0.002    0.051   -0.026    0.072    0.105    0.000    0.103    0.000
    -0.050    0.002   -0.051    0.026    0.072   -0.105

 ( 46)
     0.016    0.012    0.087    0.008    0.000    0.064    0.016   -0.012
     0.087   -0.016    0.012   -0.087   -0.008    0.000   -0.064   -0.016
    -0.012   -0.087   -0.033    0.000   -0.068    0.033    0.000    0.068
    -0.034   -0.006    0.186    0.127    0.081    0.105    0.083    0.000
     0.064    0.127   -0.081    0.105   -0.034    0.006    0.186   -0.127
     0.081   -0.105    0.034   -0.006   -0.186   -0.083    0.000   -0.064
    -0.127   -0.081   -0.105    0.034    0.006   -0.186

 ( 47)
    -0.024   -0.040   -0.083    0.000    0.015    0.000    0.024   -0.040
     0.083    0.024   -0.040    0.083    0.000    0.015    0.000   -0.024
    -0.040   -0.083    0.000    0.053    0.000    0.000    0.053    0.000
     0.014    0.006   -0.226   -0.136   -0.161   -0.105    0.000    0.093
     0.000    0.136   -0.161    0.105   -0.014    0.006    0.226    0.136
    -0.161    0.105   -0.014    0.006    0.226    0.000    0.093    0.000
    -0.136   -0.161   -0.105    0.014    0.006   -0.226

 ( 48)
    -0.005    0.012    0.075    0.027    0.000    0.011   -0.005   -0.012
     0.075   -0.005   -0.012    0.075    0.027    0.000    0.011   -0.005
     0.012    0.075   -0.014    0.000   -0.122   -0.014    0.000   -0.122
    -0.014    0.001    0.109   -0.014    0.061    0.077    0.129    0.000
     0.011   -0.014   -0.061    0.077   -0.014   -0.001    0.109   -0.014
    -0.061    0.077   -0.014   -0.001    0.109    0.129    0.000    0.011
    -0.014    0.061    0.077   -0.014    0.001    0.109

 ( 49)
     0.055    0.031   -0.043    0.016    0.035    0.018   -0.004    0.031
     0.054    0.049    0.079   -0.070    0.029    0.075   -0.033   -0.010
     0.079    0.028    0.024   -0.013    0.042    0.021    0.123   -0.057
     0.068    0.036   -0.070    0.076   -0.015   -0.043   -0.004    0.079
     0.018    0.014   -0.015    0.060   -0.033    0.036    0.098    0.031
     0.125   -0.075    0.078    0.074   -0.114    0.049    0.031   -0.033
    -0.031    0.125    0.028   -0.023    0.074    0.055

 ( 50)
     0.089   -0.060    0.011    0.067   -0.078   -0.006    0.037   -0.060
    -0.010    0.092   -0.032    0.024    0.061   -0.013    0.019    0.040
    -0.032    0.003    0.064   -0.103   -0.017    0.065    0.011    0.031
     0.111   -0.074    0.014    0.081   -0.053    0.010    0.077   -0.088
    -0.006    0.026   -0.053   -0.012    0.022   -0.074   -0.022    0.103
    -0.038    0.026    0.107   -0.018    0.036    0.052   -0.004    0.019
     0.048   -0.038    0.003    0.017   -0.018   -0.001

 ( 51)
    -0.024   -0.067   -0.088   -0.045   -0.054   -0.028   -0.062   -0.067
     0.027   -0.025   -0.030   -0.093   -0.042   -0.043   -0.038   -0.063
    -0.030    0.022   -0.043   -0.094   -0.023   -0.044   -0.003   -0.043
    -0.012   -0.055   -0.127   -0.019   -0.120   -0.090   -0.049   -0.002
    -0.028   -0.059   -0.120    0.031   -0.077   -0.055    0.071   -0.028
     0.023   -0.097   -0.010   -0.042   -0.136   -0.038   -0.095   -0.038
    -0.068    0.023    0.025   -0.075   -0.042    0.062

 ( 52)
     0.014    0.008   -0.025    0.016    0.001   -0.047    0.038    0.008
    -0.094    0.007   -0.016   -0.054    0.030   -0.008   -0.101    0.032
    -0.016   -0.122    0.024    0.026   -0.021    0.022   -0.034   -0.127
    -0.004    0.001    0.009    0.034    0.040   -0.021   -0.005   -0.030
    -0.047    0.060    0.040   -0.093    0.039    0.001   -0.110   -0.014
    -0.047   -0.055    0.006   -0.009   -0.038    0.051    0.022   -0.101
     0.012   -0.047   -0.127    0.049   -0.009   -0.156

 ( 53)
     0.000    0.022   -0.107    0.030    0.044   -0.092    0.020    0.022
    -0.024    0.012    0.020   -0.049    0.002   -0.003    0.019    0.033
     0.020    0.034    0.013    0.041   -0.144    0.019    0.001    0.071
     0.009    0.040   -0.156   -0.044   -0.014   -0.114    0.073    0.081
    -0.092   -0.022   -0.014   -0.027    0.044    0.040   -0.013    0.054
     0.056   -0.046   -0.012    0.002   -0.060   -0.041   -0.040    0.018
     0.076    0.056    0.041    0.024    0.002    0.082

 ( 54)
    -0.002    0.010    0.038   -0.026   -0.037   -0.042   -0.067    0.010
    -0.099    0.003    0.031    0.062   -0.038    0.077    0.004   -0.062
     0.031   -0.076   -0.033   -0.049   -0.063   -0.031    0.089    0.025
     0.029   -0.027    0.080   -0.017    0.067    0.040   -0.009   -0.098
    -0.041   -0.087    0.067   -0.106   -0.084   -0.027   -0.157    0.023
    -0.026    0.068    0.020    0.067    0.119   -0.055    0.139    0.004
    -0.046   -0.026   -0.077   -0.093    0.067   -0.118


 ==============================================================================
                      STATISTICAL THERMODYNAMICS ANALYSIS
 ==============================================================================

  Structure name    : 1,4-diF-cyclohexane-eq,eq                                   
  Temperature       :   298.16 K
  Symmetry number   :   2
  Optical isomers   :   1
  Zero Point Energy :   95.068 Kcal/mol


                     ENERGY   ENTHALPY    ENTROPY  FREE ENERGY   HEAT CAPACITY
                  (Kcal/mol) (Kcal/mol)     (eu)   (Kcal/mol)    (cal/mol/deg)
  Translational       0.889      1.481     40.245    -10.518         4.967
     Rotational       0.889      0.889     27.016     -7.166         2.980
    Vibrational      97.888%    97.888%    15.114*    93.382%       22.654*
      Potential      13.572#    13.572#     0.000     13.572#        0.000
         Mixing       0.000      0.000      0.000      0.000         0.000
          Total     113.238    113.831     82.375     89.270        30.602

  Enthalpy Function (H-Ho)/T     =   17.41 cal/mol/deg
  Free Energy Function -(G-Ho)/T =   64.97 cal/mol/deg

  % Includes zero point energy (ZPE).
  * Excludes contribution from frequencies lower than 40 (1/cm).
  # Includes steric energy (SE).
    Internal rotation contributions are not considered

  This structure has   0 imaginary frequencies,
                       0 free internal rotation (fir) frequencies
                         (>= 0,< 10 /cm),
                       0 restricted internal rotation (rir) frequencies
                         (>= 10,< 40 /cm),
                       6 zero frequencies, and
                      48 real frequencies.


      FINAL STERIC ENERGY IS     13.5725 KCAL/MOL.


                COMPRESSION       0.3249
                BENDING           0.2667
                BEND-BEND        -0.0186
                STRETCH-BEND      0.0657
                VANDERWAALS
                  1,4 ENERGY      6.7828
                  OTHER          -0.3804
                H-BONDING         0.0000
                PI-COMPLX         0.0000

                TORSIONAL         5.8637
                TORSION-STRETCH  -0.0089
                DIPOLE-DIPOLE     0.6767
                CHARGE-DIPOLE     0.0000
                CHARGE-CHARGE     0.0000

      -----------------------------------------------------------------

      COORDINATES TRANSLATED TO NEW ORIGIN WHICH IS CENTER OF MASS
         C(   1)     0.74302     1.24613    -0.16422   (  1)
         C(   2)     1.42827     0.00000     0.35815   (  1)
         C(   3)     0.74302    -1.24613    -0.16422   (  1)
         C(   4)    -0.74302     1.24613     0.16422   (  1)
         C(   5)    -1.42827     0.00000    -0.35815   (  1)
         C(   6)    -0.74302    -1.24613     0.16422   (  1)
         F(   7)     2.77786     0.00000    -0.07042   ( 11)
         F(   8)    -2.77786     0.00000     0.07042   ( 11)
         H(   9)     1.22905     2.14954     0.26375   (  5)
         H(  10)     0.88381     1.31506    -1.26459   (  5)
         H(  11)     1.42174     0.00000     1.46947   (  5)
         H(  12)     0.88381    -1.31506    -1.26459   (  5)
         H(  13)     1.22905    -2.14953     0.26376   (  5)
         H(  14)    -0.88381     1.31506     1.26459   (  5)
         H(  15)    -1.22905     2.14953    -0.26376   (  5)
         H(  16)    -1.42174     0.00000    -1.46947   (  5)
         H(  17)    -0.88381    -1.31506     1.26459   (  5)
         H(  18)    -1.22905    -2.14953    -0.26375   (  5)

      MOMENT OF INERTIA WITH THE PRINCIPAL AXES

          (1)  UNIT = 10**(-39) GM*CM**2
               IX=   19.2240    IY=   66.0180    IZ=   80.0474

          (2)  UNIT = AU A**2
               IX=  115.7825    IY=  397.6130    IZ=  482.1097



      MOLECULAR POLARIZABILITIES (A**3)
        ALPHA(1)   =      15.20
        ALPHA(2)   =      12.49
        ALPHA(3)   =      10.66
        AVG. ALPHA =      12.78



      DIPOLE MOMENT =          0.000 D


        COMPONENTS WITH PRINCIPAL AXES

                          X =  0.0000    Y =  0.0000    Z =  0.0000


      E (INDP/INDP) =         -0.875 KCAL/MOLE
      DIPOLE MOMENT =          0.000 D (INCLUDES INDUCED BOND MOMENTS)
      *NOTE*  E (INDP/INDP) IS NOT INCLUDED IN THE FINAL STERIC ENERGY

        COMPONENTS WITH PRINCIPAL AXES

                          X =  0.0000    Y =  0.0000    Z =  0.0000



      TOTAL ATOMIC CHARGE ON EACH ATOM (in ELECTRON CHARGE)

           C(    1):         -0.012
           C(    2):          0.189
           C(    3):          0.019
           C(    4):          0.019
           C(    5):          0.189
           C(    6):         -0.012
           F(    7):         -0.247
           F(    8):         -0.247
           H(    9):          0.010
           H(   10):          0.011
           H(   11):          0.009
           H(   12):          0.011
           H(   13):          0.010
           H(   14):          0.011
           H(   15):          0.010
           H(   16):          0.009
           H(   17):          0.011
           H(   18):          0.010

      -----------------------------------------------------------------

        END OF 1,4-diF-cyclohexane-eq,eq                                   


           TOTAL CPU TIME IS      0.05 SECONDS.

           THIS JOB COMPLETED AT    15:45:43
