1
               ---------------------------------------------
               WARNING : INCORRECT ATOM TYPES GIVEN IN INPUT
                         DATA ARE CORRECTED AS FOLLOWS
               ---------------------------------------------


             Atom type of atom    1 is replaced by   1 (was   0)
             Atom type of atom    2 is replaced by   1 (was   0)
             Atom type of atom    3 is replaced by   1 (was   0)
             Atom type of atom    4 is replaced by   1 (was   0)
             Atom type of atom    5 is replaced by   1 (was   0)
             Atom type of atom    6 is replaced by   1 (was   0)
             Atom type of atom    7 is replaced by   5 (was   0)
             Atom type of atom    8 is replaced by   5 (was   0)
             Atom type of atom    9 is replaced by   5 (was   0)
             Atom type of atom   10 is replaced by   5 (was   0)
             Atom type of atom   11 is replaced by   5 (was   0)
             Atom type of atom   12 is replaced by   5 (was   0)
             Atom type of atom   13 is replaced by   5 (was   0)
             Atom type of atom   14 is replaced by   5 (was   0)
             Atom type of atom   15 is replaced by   5 (was   0)
             Atom type of atom   16 is replaced by   5 (was   0)
             Atom type of atom   17 is replaced by   5 (was   0)
             Atom type of atom   18 is replaced by  12 (was   0)
1     chlorocyclohexane-ax                                        

               CHEMICAL FORMULA :  C(   6)  H(  11) Cl(   1) 
               FORMULA WEIGHT   :    118.057
                                                               DATE 26-MAY-23
                                                               TIME  16:05:46


          THE COORDINATES OF   18 ATOMS ARE READ IN.
          SOME CONSTANTS WILL BE READ IN.

      CONFORMATIONAL ENERGY, PART 1:  GEOMETRY AND STERIC ENERGY
                                      OF INITIAL CONFORMATION.


      CONNECTED ATOMS
         1-   2-   3-   5-   6-   4-
         1-   4-

      ATTACHED ATOMS
         1-   7,   1-   8,   2-   9,   2-  10,   3-  11,   3-  12,   4-  13,
         4-  14,   5-  15,   5-  16,   6-  17,   6-  18,

      INITIAL ATOMIC COORDINATES
           ATOM         X           Y           Z       TYPE
         C(   1)    -1.18130     1.26518    -0.41967   (  1)
         C(   2)    -2.05208     0.00000    -0.46602   (  1)
         C(   3)    -1.18130    -1.26518    -0.41967   (  1)
         C(   4)    -0.26884     1.26736     0.80989   (  1)
         C(   5)    -0.26884    -1.26736     0.80989   (  1)
         C(   6)     0.57358     0.00000     0.88809   (  1)
         H(   7)    -1.82723     2.17305    -0.41114   (  5)
         H(   8)    -0.56017     1.31889    -1.34312   (  5)
         H(   9)    -2.67415     0.00000    -1.39034   (  5)
         H(  10)    -2.75564     0.00000     0.39784   (  5)
         H(  11)    -0.56017    -1.31889    -1.34312   (  5)
         H(  12)    -1.82723    -2.17305    -0.41114   (  5)
         H(  13)    -0.89335     1.34999     1.72700   (  5)
         H(  14)     0.40177     2.15423     0.78115   (  5)
         H(  15)     0.40177    -2.15423     0.78115   (  5)
         H(  16)    -0.89335    -1.34999     1.72700   (  5)
         H(  17)     1.19854     0.00000     1.80024   (  5)
        Cl(  18)     1.76749     0.00000    -0.47324   ( 12)


          DIELECTRIC CONSTANT =  1.500


      INITIAL STERIC ENERGY IS      9.7690 KCAL/MOL.

                  COMPRESSION       0.2234
                  BENDING           0.4410
                  BEND-BEND        -0.0338
                  STRETCH-BEND      0.0627
                  VANDERWAALS
                    1,4 ENERGY      7.5047
                    OTHER           0.4273
                  H-BONDING         0.0000
                  PI-COMPLX         0.0000

                  TORSIONAL         1.1502
                  TORSION-STRETCH  -0.0064
                  DIPOLE-DIPOLE     0.0000
                  CHARGE-DIPOLE     0.0000
                  CHARGE-CHARGE     0.0000


      MOLECULAR POLARIZABILITIES (A**3)
        ALPHA(1)   =      14.47
        ALPHA(2)   =      14.12
        ALPHA(3)   =      14.00
        AVG. ALPHA =      14.20



      DIPOLE MOMENT =          2.090 D


      E (INDP/INDP) =         -0.027 KCAL/MOLE
      DIPOLE MOMENT =          1.950 D (INCLUDES INDUCED BOND MOMENTS)
      *NOTE*  E (INDP/INDP) IS NOT INCLUDED IN THE INITIAL STERIC ENERGY

      CPU TIME FOR INITIAL CALCULATION IS     0.02 SECONDS.


1     chlorocyclohexane-ax                                        


     CONFORMATIONAL ENERGY, PART 2: GEOMETRY MINIMIZATION

               GEOMETRY OPTIMIZATION IS CONTINUED UNTIL ATOM
               MOVEMENT CONVERGES WITHIN FOLLOWING VALUES:

                         AVERAGE MOVEMENT  0.00013 A
                         MAXIMUM MOVEMENT  0.00127 A



     <<<<<<<<<<<<<<<<<<<<<<<<<<  C Y C L E   1 >>>>>>>>>>>>>>>>>>>>>>>>>>

                              (CH)-MOVEMENT = 1

       ITER    1   AVG. MOVE = 0.00672 A   (MAX MOVE : ATOM   18   0.05164 A)  
       ITER    2   AVG. MOVE = 0.00303 A   (MAX MOVE : ATOM   17   0.02366 A)  
       ITER    3   AVG. MOVE = 0.00117 A   (MAX MOVE : ATOM   17   0.00933 A)  
       ITER    4   AVG. MOVE = 0.00051 A   (MAX MOVE : ATOM   17   0.00406 A)  
       ITER    5   AVG. MOVE = 0.00026 A   (MAX MOVE : ATOM   17   0.00189 A)  
       ITER    6   AVG. MOVE = 0.00014 A   (MAX MOVE : ATOM   18   0.00099 A)  
       ITER    7   AVG. MOVE = 0.00010 A   (MAX MOVE : ATOM   18   0.00060 A)  


     <<<<<<<<<<<<<<<<<<<<<<<<<<  C Y C L E   2 >>>>>>>>>>>>>>>>>>>>>>>>>>

                              (CH)-MOVEMENT = 0

       ITER    8   AVG. MOVE = 0.00004 A   (MAX MOVE : ATOM    7   0.00026 A)  


              * * * * * * * * * GEOMETRY IS OPTIMIZED * * * * * * * * *

               WITHIN : AVERAGE MOVEMENT  0.00004 A (LIMIT  0.00013 A)
                        MAXIMUM MOVEMENT  0.00026 A (LIMIT  0.00127 A)

               GRADIENT
                  RMS GRADIENT                0.009483 KCAL/MOL/A

                  MAX GRADIENT
                    X-DIRECTION : ATOM #   2   0.026635 KCAL/MOL/A
                    Y-DIRECTION : ATOM #   2   0.023884 KCAL/MOL/A
                    Z-DIRECTION : ATOM #   1   0.024703 KCAL/MOL/A

        DELTA TIME =    0.00 SEC.       TOTAL CPU TIME =      0.02 SEC.


                            =====================
                            FULL-MATRIX OPTIMIZER
                            =====================


     iter.  rms force   max force   avg. move    max move  atom  convg  d-time

        0    0.013231    0.041136   0.00024 A   0.00173 A    9    [N]     0.0s
        1    0.000094    0.000245                                 [Y]     0.0s


      TOTAL ENERGY IS      9.3610 KCAL/MOL.

        COMPRESS    0.3544      VDW 1,4    6.9780      DIPL-DIPL    0.0000
        BENDING     0.6957        OTHER   -0.0176      CHRG-DIPL    0.0000
        STR-BEND    0.1233      TORSION    1.2757      CHRG-CHRG    0.0000
        BEND-BEND  -0.0364      TOR-STR   -0.0122      EPR          0.0000
        H-BONDING   0.0000      PI-CMPL    0.0000
0     DELTA(T) =     0.0 SEC.          ELAPSED TIME =     0.0 SEC.


    * * * ENERGY IS STATIONARY WITHIN RMS OF FORCES   0.00010  Kcal/mol/A * * *

                 * * * *  RMS FORCE IS   0.00009 Kcal/mol/A * * * *

1     chlorocyclohexane-ax                                        

               CHEMICAL FORMULA :  C(   6)  H(  11) Cl(   1) 
               FORMULA WEIGHT   :    118.057
                                                               DATE : 26-MAY-23

           * M M 3 * * * * * * * * * * * 2 0 0 0 *
           *                                     *   PARAMETER RELIABILITY
           *                                     *
           *                                     *   BLANK = GOOD
           *                                     *       B = FAIR
           *                                     *       C = TRIAL
           *                                     *       R = READ IN
           *                                     *       S = SUBSTITUTED
           *                                     *       U = PARAMETER NOT EXIST
           *                                     *
           *                                     *   THIS IS SHOWN AT THE END 
           *                                     *   OF THE LINE.
           * * * * * * * * * * * * * * * * * * * * 


      CONFORMATIONAL ENERGY, PART 3:  GEOMETRY AND STERIC ENERGY
                                      OF FINAL CONFORMATION.

      CONNECTED ATOMS
         1-   2-   3-   5-   6-   4-
         1-   4-

      ATTACHED ATOMS
         1-   7,   1-   8,   2-   9,   2-  10,   3-  11,   3-  12,   4-  13,
         4-  14,   5-  15,   5-  16,   6-  17,   6-  18,

      FINAL ATOMIC COORDINATE
           ATOM         X           Y           Z       TYPE
         C(   1)    -1.20916    -1.26716     0.41635   (  1)
         C(   2)    -2.07587     0.00000     0.44730   (  1)
         C(   3)    -1.20916     1.26716     0.41635   (  1)
         C(   4)    -0.26239    -1.26452    -0.79118   (  1)
         C(   5)    -0.26239     1.26452    -0.79118   (  1)
         C(   6)     0.59553     0.00000    -0.87345   (  1)
         H(   7)    -1.86309    -2.16914     0.37961   (  5)
         H(   8)    -0.62303    -1.34171     1.36051   (  5)
         H(   9)    -2.71564     0.00000     1.35992   (  5)
         H(  10)    -2.76576     0.00000    -0.42801   (  5)
         H(  11)    -0.62303     1.34171     1.36051   (  5)
         H(  12)    -1.86309     2.16914     0.37961   (  5)
         H(  13)    -0.86998    -1.34323    -1.71916   (  5)
         H(  14)     0.38441    -2.16816    -0.76884   (  5)
         H(  15)     0.38441     2.16816    -0.76884   (  5)
         H(  16)    -0.86998     1.34323    -1.71916   (  5)
         H(  17)     1.19646     0.00000    -1.80449   (  5)
        Cl(  18)     1.81279     0.00000     0.47176   ( 12)


          DIELECTRIC CONSTANT =  1.500


      BOND LENGTHS AND STRETCHING ENERGY   (   18 BONDS)

        ENERGY = 71.94(KS)(DR)(DR)(1-(CS)(DR)+(7/12)((CS)(DR))**2)
                          DR = R-RO
                          CS =  2.550
                                                         R(0)-CORR        CORR
          BOND        LENGTH   R(0)    K(S)  ENERGY   E-NEG   MISCEL       KS
    C(   1)- C(   2)  1.5355  1.5247  4.490  0.0368                             
    C(   1)- C(   4)  1.5344  1.5213  4.490  0.0539 -0.0034                     
    C(   1)- H(   7)  1.1147  1.1120  4.680  0.0024                             
    C(   1)- H(   8)  1.1138  1.1120  4.680  0.0011                             
    C(   2)- C(   3)  1.5355  1.5247  4.490  0.0368                             
    C(   2)- H(   9)  1.1145  1.1120  4.680  0.0021                             
    C(   2)- H(  10)  1.1145  1.1120  4.680  0.0021                             
    C(   3)- C(   5)  1.5344  1.5213  4.490  0.0539 -0.0034                     
    C(   3)- H(  11)  1.1138  1.1120  4.680  0.0011                             
    C(   3)- H(  12)  1.1147  1.1120  4.680  0.0024                             
    C(   4)- C(   6)  1.5303  1.5162  4.490  0.0619 -0.0085                     
    C(   4)- H(  13)  1.1120  1.1090  4.777  0.0030 -0.0030              0.097  
    C(   4)- H(  14)  1.1115  1.1090  4.777  0.0021 -0.0030              0.097  
    C(   5)- C(   6)  1.5303  1.5162  4.490  0.0619 -0.0085                     
    C(   5)- H(  15)  1.1115  1.1090  4.777  0.0021 -0.0030              0.097  
    C(   5)- H(  16)  1.1120  1.1090  4.777  0.0030 -0.0030              0.097  
    C(   6)- H(  17)  1.1081  1.1055  5.020  0.0025 -0.0075  0.0010  BH  0.210  
    C(   6)-Cl(  18)  1.8142  1.8035  3.100  0.0249  0.0125                     


      NON-BONDED DISTANCES, VDW AND EPR ENERGY   (     99 PAIRS)

              E(VDW) = KV*(1.84(10**5)EXP(-12.00/P) - 2.25(P**6))
              E(EPR) = C*KV*(1.84(10**5)EXP(-12.00/Q) - 2.25(Q**6))
              E(HBD) = EP1-EP2*COS(THETA)*RTH/RTH0
                            EP1 = KHB*1.84(10**5)*EXP(-12.0/P)
                            EP2 = KHB*2.25(P**6)

            IF P > 3.020, THEN,
              E(VDW) = KV(192.270)(P**2)
              E(HBD) = EP1-EP2*COS(THETA)*RTH/RTH0
                            EP1 = KHB*(192.270*P**2+1706.96)
                            EP2 = KHB*1706.96

               WHERE   RV = RVDW(I) + RVDW(K)
                       KV = SQRT(EPS(I)*EPS(K))
                      KHB = EPS/DIELEC  FOR HYDROGEN BOND
                        P = (RV/R) OR (RV/R#)
                        C = SCALE FACTOR
                        Q = RV/R, WHERE R IS MODIFIED DISTANCE
                    THETA = ANGLE H-X-Y IN HYDROGEN BOND X-H...Y
                      RTH = BOND LENGTH X-H IN X-H...Y
                     RTH0 = NATURAL BOND LENGTH X-H

          # IN THE VDW CALCULATIONS THE HYDROGEN ATOMS ARE RELOCATED
          SO THAT THE ATTACHED HYDROGEN DISTANCE IS REDUCED BY 0.923

          # IN THE VDW CALCULATIONS THE DEUTERIUM ATOMS ARE RELOCATED
          SO THAT THE ATTACHED DEUTERIUM DISTANCE IS REDUCED BY  0.923

         ATOM PAIR          R       R#       RV      KV       ENERGY
      C(   1), C(   3)   2.5343
      C(   1), C(   5)   2.9604            4.080   0.0270     0.4055  1,4       
      C(   1), C(   6)   2.5546
      C(   1), H(   9)   2.1830
      C(   1), H(  10)   2.1775
      C(   1), H(  11)   2.8357   2.7979   3.560   0.0230     0.1198  1,4       
      C(   1), H(  12)   3.4982   3.4207   3.560   0.0230    -0.0242  1,4       
      C(   1), H(  13)   2.1636
      C(   1), H(  14)   2.1808
      C(   1), H(  15)   3.9681   3.8885   3.560   0.0230    -0.0219            
      C(   1), H(  16)   3.3896   3.3454   3.560   0.0230    -0.0215            
      C(   1), H(  17)   3.5107   3.4338   3.560   0.0230    -0.0245  1,4       
      C(   1),Cl(  18)   3.2773            4.110   0.0805     0.3304  1,4       
      C(   2), C(   4)   2.5341
      C(   2), C(   5)   2.5341
      C(   2), C(   6)   2.9801            4.080   0.0270     0.3755  1,4       
      C(   2), H(   7)   2.1806
      C(   2), H(   8)   2.1783
      C(   2), H(  11)   2.1783
      C(   2), H(  12)   2.1806
      C(   2), H(  13)   2.8199   2.7832   3.560   0.0230     0.1299  1,4       
      C(   2), H(  14)   3.4976   3.4202   3.560   0.0230    -0.0242  1,4       
      C(   2), H(  15)   3.4976   3.4202   3.560   0.0230    -0.0242  1,4       
      C(   2), H(  16)   2.8199   2.7832   3.560   0.0230     0.1299  1,4       
      C(   2), H(  17)   3.9722   3.8936   3.560   0.0230    -0.0218            
      C(   2),Cl(  18)   3.8887            4.110   0.0805    -0.0788            
      C(   3), C(   4)   2.9604            4.080   0.0270     0.4055  1,4       
      C(   3), C(   6)   2.5546
      C(   3), H(   7)   3.4982   3.4207   3.560   0.0230    -0.0242  1,4       
      C(   3), H(   8)   2.8357   2.7979   3.560   0.0230     0.1198  1,4       
      C(   3), H(   9)   2.1830
      C(   3), H(  10)   2.1775
      C(   3), H(  13)   3.3896   3.3454   3.560   0.0230    -0.0215            
      C(   3), H(  14)   3.9681   3.8885   3.560   0.0230    -0.0219            
      C(   3), H(  15)   2.1808
      C(   3), H(  16)   2.1636
      C(   3), H(  17)   3.5107   3.4338   3.560   0.0230    -0.0245  1,4       
      C(   3),Cl(  18)   3.2773            4.110   0.0805     0.3304  1,4       
      C(   4), C(   5)   2.5290
      C(   4), H(   7)   2.1798
      C(   4), H(   8)   2.1831
      C(   4), H(   9)   3.4992   3.4217   3.560   0.0230    -0.0242  1,4       
      C(   4), H(  10)   2.8280   2.7907   3.560   0.0230     0.1247  1,4       
      C(   4), H(  11)   3.3989   3.3540   3.560   0.0230    -0.0219            
      C(   4), H(  12)   3.9652   3.8857   3.560   0.0230    -0.0219            
      C(   4), H(  15)   3.4932   3.4157   3.560   0.0230    -0.0240  1,4       
      C(   4), H(  16)   2.8338   2.7959   3.560   0.0230     0.1211  1,4       
      C(   4), H(  17)   2.1804
      C(   4),Cl(  18)   2.7387
      C(   5), H(   7)   3.9652   3.8857   3.560   0.0230    -0.0219            
      C(   5), H(   8)   3.3989   3.3540   3.560   0.0230    -0.0219            
      C(   5), H(   9)   3.4992   3.4217   3.560   0.0230    -0.0242  1,4       
      C(   5), H(  10)   2.8280   2.7907   3.560   0.0230     0.1247  1,4       
      C(   5), H(  11)   2.1831
      C(   5), H(  12)   2.1798
      C(   5), H(  13)   2.8338   2.7959   3.560   0.0230     0.1211  1,4       
      C(   5), H(  14)   3.4932   3.4157   3.560   0.0230    -0.0240  1,4       
      C(   5), H(  17)   2.1804
      C(   5),Cl(  18)   2.7387
      C(   6), H(   7)   3.5100   3.4330   3.560   0.0230    -0.0245  1,4       
      C(   6), H(   8)   2.8767   2.8377   3.560   0.0230     0.0950  1,4       
      C(   6), H(   9)   3.9940   3.9140   3.560   0.0230    -0.0214            
      C(   6), H(  10)   3.3907   3.3477   3.560   0.0230    -0.0217            
      C(   6), H(  11)   2.8767   2.8377   3.560   0.0230     0.0950  1,4       
      C(   6), H(  12)   3.5100   3.4330   3.560   0.0230    -0.0245  1,4       
      C(   6), H(  13)   2.1604
      C(   6), H(  14)   2.1809
      C(   6), H(  15)   2.1809
      C(   6), H(  16)   2.1604
      H(   7), H(   8)   1.7845
      H(   7), H(   9)   2.5284   2.4414   3.240   0.0200     0.1895  1,4       
      H(   7), H(  10)   2.4844   2.4022   3.240   0.0200     0.2325  1,4       
      H(   7), H(  11)   3.8505   3.7328   3.240   0.0200    -0.0156            
      H(   7), H(  12)   4.3383   4.1994   3.240   0.0200    -0.0088            
      H(   7), H(  13)   2.4644   2.3837   3.240   0.0200     0.2553  1,4       
      H(   7), H(  14)   2.5239   2.4373   3.240   0.0200     0.1937  1,4       
      H(   7), H(  15)   5.0182   4.8545   3.240   0.0200    -0.0039            
      H(   7), H(  16)   4.2104   4.1125   3.240   0.0200    -0.0099            
      H(   7), H(  17)   4.3401   4.2026   3.240   0.0200    -0.0088            
      H(   7),Cl(  18)   4.2692   4.1906   3.690   0.0693    -0.0573            
      H(   8), H(   9)   2.4858   2.4037   3.240   0.0200     0.2307  1,4       
      H(   8), H(  10)   3.0968   2.9465   3.240   0.0200    -0.0125  1,4       
      H(   8), H(  11)   2.6834   2.6719   3.240   0.0200     0.0423            
      H(   8), H(  12)   3.8505   3.7328   3.240   0.0200    -0.0156            
      H(   8), H(  13)   3.0896   2.9396   3.240   0.0200    -0.0119  1,4       
      H(   8), H(  14)   2.4964   2.4133   3.240   0.0200     0.2196  1,4       
      H(   8), H(  15)   4.2271   4.1278   3.240   0.0200    -0.0097            
      H(   8), H(  16)   4.0932   3.9733   3.240   0.0200    -0.0117            
      H(   8), H(  17)   3.8895   3.7703   3.240   0.0200    -0.0150            
      H(   8),Cl(  18)   2.9195   2.9336   3.690   0.0693     0.2993            
      H(   9), H(  10)   1.7886
      H(   9), H(  11)   2.4858   2.4037   3.240   0.0200     0.2307  1,4       
      H(   9), H(  12)   2.5284   2.4414   3.240   0.0200     0.1895  1,4       
      H(   9), H(  13)   3.8329   3.7166   3.240   0.0200    -0.0159            
      H(   9), H(  14)   4.3408   4.2017   3.240   0.0200    -0.0088            
      H(   9), H(  15)   4.3408   4.2017   3.240   0.0200    -0.0088            
      H(   9), H(  16)   3.8329   3.7166   3.240   0.0200    -0.0159            
      H(   9), H(  17)   5.0317   4.8684   3.240   0.0200    -0.0039            
      H(   9),Cl(  18)   4.6147   4.5532   3.690   0.0693    -0.0394            
      H(  10), H(  11)   3.0968   2.9465   3.240   0.0200    -0.0125  1,4       
      H(  10), H(  12)   2.4844   2.4022   3.240   0.0200     0.2325  1,4       
      H(  10), H(  13)   2.6581   2.6485   3.240   0.0200     0.0513            
      H(  10), H(  14)   3.8394   3.7226   3.240   0.0200    -0.0158            
      H(  10), H(  15)   3.8394   3.7226   3.240   0.0200    -0.0158            
      H(  10), H(  16)   2.6581   2.6485   3.240   0.0200     0.0513            
      H(  10), H(  17)   4.1945   4.0993   3.240   0.0200    -0.0100            
      H(  10),Cl(  18)   4.6661   4.6013   3.690   0.0693    -0.0374            
      H(  11), H(  12)   1.7845
      H(  11), H(  13)   4.0932   3.9733   3.240   0.0200    -0.0117            
      H(  11), H(  14)   4.2271   4.1278   3.240   0.0200    -0.0097            
      H(  11), H(  15)   2.4964   2.4133   3.240   0.0200     0.2196  1,4       
      H(  11), H(  16)   3.0896   2.9396   3.240   0.0200    -0.0119  1,4       
      H(  11), H(  17)   3.8895   3.7703   3.240   0.0200    -0.0150            
      H(  11),Cl(  18)   2.9195   2.9336   3.690   0.0693     0.2993            
      H(  12), H(  13)   4.2104   4.1125   3.240   0.0200    -0.0099            
      H(  12), H(  14)   5.0182   4.8545   3.240   0.0200    -0.0039            
      H(  12), H(  15)   2.5239   2.4373   3.240   0.0200     0.1937  1,4       
      H(  12), H(  16)   2.4644   2.3837   3.240   0.0200     0.2553  1,4       
      H(  12), H(  17)   4.3401   4.2026   3.240   0.0200    -0.0088            
      H(  12),Cl(  18)   4.2692   4.1906   3.690   0.0693    -0.0573            
      H(  13), H(  14)   1.7768
      H(  13), H(  15)   3.8479   3.7302   3.240   0.0200    -0.0156            
      H(  13), H(  16)   2.6865   2.6743   3.240   0.0200     0.0414            
      H(  13), H(  17)   2.4661   2.3853   3.240   0.0200     0.2533  1,4       
      H(  13),Cl(  18)   3.7151   3.6371   3.690   0.0693    -0.0770  1,4       
      H(  14), H(  15)   4.3363   4.1972   3.240   0.0200    -0.0089            
      H(  14), H(  16)   3.8479   3.7302   3.240   0.0200    -0.0156            
      H(  14), H(  17)   2.5363   2.4485   3.240   0.0200     0.1825  1,4       
      H(  14),Cl(  18)   2.8775   2.8517   3.690   0.0693     0.4646  1,4       
      H(  15), H(  16)   1.7768
      H(  15), H(  17)   2.5363   2.4485   3.240   0.0200     0.1825  1,4       
      H(  15),Cl(  18)   2.8775   2.8517   3.690   0.0693     0.4646  1,4       
      H(  16), H(  17)   2.4661   2.3853   3.240   0.0200     0.2533  1,4       
      H(  16),Cl(  18)   3.7151   3.6371   3.690   0.0693    -0.0770  1,4       
      H(  17),Cl(  18)   2.3582


      BOND ANGLES, BENDING AND STRETCH-BEND ENERGIES   (   36 ANGLES)

          EB = 0.021914(KB)(DT)(DT)(1+CF*DT+QF*DT**2+PF*DT**3+SF*DT**4)
                          DT = THETA-TZERO
                          CF = -1400.000E-5
                          QF =     5.600E-5
                          PF =    -0.070E-5
                          SF =     0.022E-6
          ESB(J) = 2.51124(KSB(J))(DT)(DR1+DR2)
                          DR(I) = R(I) - R0(I)
          EBDBD  = -0.02191418(KBB1)(DT1)(KBB2)(DT2)

          A T O M S            THETA    TZERO     KB     EB     KSB    ESB
   C(   2)- C(   1)- C(   4)  111.266  111.000  0.670  0.0010  0.13  0.0021     
   C(   2)- C(   1)- H(   7)  109.712  109.310  0.590  0.0021  0.08  0.0011     
   C(   2)- C(   1)- H(   8)  109.584  109.310  0.590  0.0010  0.08  0.0007     
   C(   4)- C(   1)- H(   7)  109.720  109.310  0.590  0.0022  0.08  0.0013     
   C(   4)- C(   1)- H(   8)  110.030  109.310  0.590  0.0066  0.08  0.0022     
   H(   7)- C(   1)- H(   8)  106.410  107.600  0.550  0.0174                   
   C(   1)- C(   2)- C(   3)  111.223  111.000  0.670  0.0007  0.13  0.0016     
   C(   1)- C(   2)- H(   9)  109.908  109.310  0.590  0.0046  0.08  0.0016     
   C(   1)- C(   2)- H(  10)  109.485  109.310  0.590  0.0004  0.08  0.0005     
   C(   3)- C(   2)- H(   9)  109.908  109.310  0.590  0.0046  0.08  0.0016     
   C(   3)- C(   2)- H(  10)  109.485  109.310  0.590  0.0004  0.08  0.0005     
   H(   9)- C(   2)- H(  10)  106.725  107.600  0.550  0.0093                   
   C(   2)- C(   3)- C(   5)  111.266  111.000  0.670  0.0010  0.13  0.0021     
   C(   2)- C(   3)- H(  11)  109.584  109.310  0.590  0.0010  0.08  0.0007     
   C(   2)- C(   3)- H(  12)  109.712  109.310  0.590  0.0021  0.08  0.0011     
   C(   5)- C(   3)- H(  11)  110.030  109.310  0.590  0.0066  0.08  0.0022     
   C(   5)- C(   3)- H(  12)  109.720  109.310  0.590  0.0022  0.08  0.0013     
   H(  11)- C(   3)- H(  12)  106.410  107.600  0.550  0.0174                   
   C(   1)- C(   4)- C(   6)  112.932  111.000  0.670  0.0533  0.13  0.0172     
   C(   1)- C(   4)- H(  13)  108.631  109.310  0.590  0.0060  0.08 -0.0022     
   C(   1)- C(   4)- H(  14)  109.989  109.310  0.590  0.0059  0.08  0.0021     
   C(   6)- C(   4)- H(  13)  108.660  109.310  0.590  0.0055  0.08 -0.0022     
   C(   6)- C(   4)- H(  14)  110.282  109.310  0.590  0.0120  0.08  0.0032     
   H(  13)- C(   4)- H(  14)  106.092  107.600  0.550  0.0280                   
   C(   3)- C(   5)- C(   6)  112.932  111.000  0.670  0.0533  0.13  0.0172     
   C(   3)- C(   5)- H(  15)  109.989  109.310  0.590  0.0059  0.08  0.0021     
   C(   3)- C(   5)- H(  16)  108.631  109.310  0.590  0.0060  0.08 -0.0022     
   C(   6)- C(   5)- H(  15)  110.282  109.310  0.590  0.0120  0.08  0.0032     
   C(   6)- C(   5)- H(  16)  108.660  109.310  0.590  0.0055  0.08 -0.0022     
   H(  15)- C(   5)- H(  16)  106.092  107.600  0.550  0.0280                   
   C(   4)- C(   6)- C(   5)  111.446  110.200  0.670  0.0224  0.13  0.0115     
   C(   4)- C(   6)- H(  17)  110.438  109.800  0.590  0.0052  0.08  0.0021     
   C(   4)- C(   6)-Cl(  18)  109.651  106.400  0.800  0.1770  0.13  0.0263     
   C(   5)- C(   6)- H(  17)  110.438  109.800  0.590  0.0052  0.08  0.0021     
   C(   5)- C(   6)-Cl(  18)  109.651  106.400  0.800  0.1770  0.13  0.0263     
   H(  17)- C(   6)-Cl(  18)  105.019  105.660  0.750  0.0068  0.08 -0.0017     


     DIHEDRAL ANGLES, TORSIONAL ENERGY (ET)   (   54 ANGLES)

           ET = (V1/2)(1+COS(W))+(V2/2)(1-COS(2W))+(V3/2)(1+COS(3W))

           ETS = -11.995*(R-R0)((KTS1/2)(1+COS(W))+
                                (KTS2/2)(1-COS(2W)+
                                (KTS3/2)(1+COS(3W))

           SIGN OF ANGLE A-B-C-D : WHEN LOOKING THROUGH B TOWARD C,
           IF D IS COUNTERCLOCKWISE FROM A, NEGATIVE.

         A T O M S               OMEGA    V1     V2     V3     ET   KTS3   ETS
 C(   1) C(   2) C(   3) C(   5)  55.1  0.185  0.170  0.520  0.268 0.059 0.000  
 C(   1) C(   2) C(   3) H(  11) -66.8  0.000  0.000  0.280  0.009 0.059 0.000  
 C(   1) C(   2) C(   3) H(  12) 176.7  0.000  0.000  0.280  0.002 0.059 0.000  
 C(   1) C(   4) C(   6) C(   5) -51.9  0.185  0.170  0.520  0.278 0.059 0.000  
 C(   1) C(   4) C(   6) H(  17)-175.0  0.000  0.000  0.280  0.005 0.059 0.000  
 C(   1) C(   4) C(   6)Cl(  18)  69.7 -0.006 -0.463  1.145 -0.339 0.059-0.001  
 C(   2) C(   1) C(   4) C(   6)  53.9  0.185  0.170  0.520  0.271 0.059 0.000  
 C(   2) C(   1) C(   4) H(  13) -66.7  0.000  0.000  0.280  0.009 0.059 0.000  
 C(   2) C(   1) C(   4) H(  14) 177.6  0.000  0.000  0.280  0.001 0.059 0.000  
 C(   2) C(   3) C(   5) C(   6) -53.9  0.185  0.170  0.520  0.271 0.059 0.000  
 C(   2) C(   3) C(   5) H(  15)-177.6  0.000  0.000  0.280  0.001 0.059 0.000  
 C(   2) C(   3) C(   5) H(  16)  66.7  0.000  0.000  0.280  0.009 0.059 0.000  
 C(   3) C(   2) C(   1) C(   4) -55.1  0.185  0.170  0.520  0.268 0.059 0.000  
 C(   3) C(   2) C(   1) H(   7)-176.7  0.000  0.000  0.280  0.002 0.059 0.000  
 C(   3) C(   2) C(   1) H(   8)  66.8  0.000  0.000  0.280  0.009 0.059 0.000  
 C(   3) C(   5) C(   6) C(   4)  51.9  0.185  0.170  0.520  0.278 0.059 0.000  
 C(   3) C(   5) C(   6) H(  17) 175.0  0.000  0.000  0.280  0.005 0.059 0.000  
 C(   3) C(   5) C(   6)Cl(  18) -69.7 -0.006 -0.463  1.145 -0.339 0.059-0.001  
 C(   4) C(   1) C(   2) H(   9)-177.1  0.000  0.000  0.280  0.002 0.059 0.000  
 C(   4) C(   1) C(   2) H(  10)  66.0  0.000  0.000  0.280  0.007 0.059 0.000  
 C(   4) C(   6) C(   5) H(  15) 175.4  0.000  0.000  0.280  0.004 0.059 0.000  
 C(   4) C(   6) C(   5) H(  16) -68.7  0.000  0.000  0.280  0.014 0.059-0.001  
 C(   5) C(   3) C(   2) H(   9) 177.1  0.000  0.000  0.280  0.002 0.059 0.000  
 C(   5) C(   3) C(   2) H(  10) -66.0  0.000  0.000  0.280  0.007 0.059 0.000  
 C(   5) C(   6) C(   4) H(  13)  68.7  0.000  0.000  0.280  0.014 0.059-0.001  
 C(   5) C(   6) C(   4) H(  14)-175.4  0.000  0.000  0.280  0.004 0.059 0.000  
 C(   6) C(   4) C(   1) H(   7) 175.5  0.000  0.000  0.280  0.004 0.059 0.000  
 C(   6) C(   4) C(   1) H(   8) -67.8  0.000  0.000  0.280  0.011 0.059 0.000  
 C(   6) C(   5) C(   3) H(  11)  67.8  0.000  0.000  0.280  0.011 0.059 0.000  
 C(   6) C(   5) C(   3) H(  12)-175.5  0.000  0.000  0.280  0.004 0.059 0.000  
 H(   7) C(   1) C(   2) H(   9)  61.3  0.000  0.000  0.238  0.000 0.059 0.000  
 H(   7) C(   1) C(   2) H(  10) -55.6  0.000  0.000  0.238  0.003 0.059 0.000  
 H(   7) C(   1) C(   4) H(  13)  54.9  0.000  0.000  0.238  0.004 0.059 0.000  
 H(   7) C(   1) C(   4) H(  14) -60.8  0.000  0.000  0.238  0.000 0.059 0.000  
 H(   8) C(   1) C(   2) H(   9) -55.2  0.000  0.000  0.238  0.004 0.059 0.000  
 H(   8) C(   1) C(   2) H(  10)-172.1  0.000  0.000  0.238  0.010 0.059 0.000  
 H(   8) C(   1) C(   4) H(  13) 171.6  0.000  0.000  0.238  0.011 0.059 0.000  
 H(   8) C(   1) C(   4) H(  14)  55.9  0.000  0.000  0.238  0.003 0.059 0.000  
 H(   9) C(   2) C(   3) H(  11)  55.2  0.000  0.000  0.238  0.004 0.059 0.000  
 H(   9) C(   2) C(   3) H(  12) -61.3  0.000  0.000  0.238  0.000 0.059 0.000  
 H(  10) C(   2) C(   3) H(  11) 172.1  0.000  0.000  0.238  0.010 0.059 0.000  
 H(  10) C(   2) C(   3) H(  12)  55.6  0.000  0.000  0.238  0.003 0.059 0.000  
 H(  11) C(   3) C(   5) H(  15) -55.9  0.000  0.000  0.238  0.003 0.059 0.000  
 H(  11) C(   3) C(   5) H(  16)-171.6  0.000  0.000  0.238  0.011 0.059 0.000  
 H(  12) C(   3) C(   5) H(  15)  60.8  0.000  0.000  0.238  0.000 0.059 0.000  
 H(  12) C(   3) C(   5) H(  16) -54.9  0.000  0.000  0.238  0.004 0.059 0.000  
 H(  13) C(   4) C(   6) H(  17) -54.4  0.000  0.000  0.238  0.005 0.059 0.000  
 H(  13) C(   4) C(   6)Cl(  18)-169.7  0.000  0.000  0.520  0.037 0.059-0.001  
 H(  14) C(   4) C(   6) H(  17)  61.5  0.000  0.000  0.238  0.000 0.059 0.000  
 H(  14) C(   4) C(   6)Cl(  18) -53.8  0.000  0.000  0.520  0.014 0.059 0.000  
 H(  15) C(   5) C(   6) H(  17) -61.5  0.000  0.000  0.238  0.000 0.059 0.000  
 H(  15) C(   5) C(   6)Cl(  18)  53.8  0.000  0.000  0.520  0.014 0.059 0.000  
 H(  16) C(   5) C(   6) H(  17)  54.4  0.000  0.000  0.238  0.005 0.059 0.000  
 H(  16) C(   5) C(   6)Cl(  18) 169.7  0.000  0.000  0.520  0.037 0.059-0.001  


 ==============================================================================
                        NORMAL MODE VIBRATIONAL ANALYSIS
 ==============================================================================


             Molecular Shape : ASYMMETRIC ROTOR WITH KAPPA =-0.705255
        Symmetry Point Group : Cs  
             Symmetry Number :  1
                   Chirality :  no



0       FUNDAMENTAL NORMAL VIBRATIONAL FREQUENCIES
                ( THEORETICALLY  48 VALUES )

             Frequency :  in 1/cm
             A(i)      :  IR intensity (vs,s,m,w,vw,-- or in 10**6 cm/mole)
             A(i) = -- :  IR inactive


             no       Frequency   Symmetry      A(i)

             1.          3000.4     (A`  )        m
             2.          2953.8     (A`  )        s
             3.          2952.3     (A"  )        m
             4.          2930.8     (A`  )        s
             5.          2928.7     (A"  )        m
             6.          2925.8     (A`  )        m
             7.          2903.4     (A"  )        m
             8.          2903.0     (A`  )        w
             9.          2884.0     (A`  )        m
            10.          2876.7     (A"  )        m
            11.          2867.6     (A`  )        m
            12.          1480.7     (A`  )        w
            13.          1478.1     (A"  )        w
            14.          1470.3     (A"  )       vw
            15.          1466.6     (A`  )        w
            16.          1463.1     (A`  )        w
            17.          1457.1     (A"  )        w
            18.          1433.4     (A`  )        w
            19.          1418.4     (A"  )        w
            20.          1390.8     (A`  )        m
            21.          1374.5     (A`  )        w
            22.          1360.1     (A"  )        w
            23.          1333.6     (A"  )       vw
            24.          1245.0     (A`  )        w
            25.          1229.7     (A"  )       vw
            26.          1217.4     (A`  )        w
            27.          1205.7     (A"  )       vw
            28.          1202.9     (A"  )       vw
            29.          1084.7     (A"  )        w
            30.          1050.5     (A`  )        w
            31.          1041.3     (A"  )       vw
            32.          1020.8     (A`  )        w
            33.           922.3     (A"  )        w
            34.           909.7     (A`  )        m
            35.           866.9     (A`  )        w
            36.           852.7     (A"  )        w
            37.           839.4     (A`  )        w
            38.           789.8     (A"  )        w
            39.           782.1     (A`  )        w
            40.           678.9     (A`  )        m
            41.           577.6     (A`  )        w
            42.           458.6     (A`  )        w
            43.           429.8     (A"  )        w
            44.           373.1     (A`  )        w
            45.           335.1     (A"  )        w
            46.           274.4     (A`  )        w
            47.           199.2     (A"  )        w
            48.           145.4     (A`  )        w
            49.     (       0.0)    (t/r )
            50.     (       0.0)    (t/r )
            51.     (       0.0)    (t/r )
            52.     (       0.0)    (t/r )
            53.     (       0.0)    (t/r )
            54.     (       0.0)    (t/r )


0       CORRESPONDING EIGEN VECTOR MATRIX   54 BY  54



 (  1)
    -0.001   -0.001    0.000    0.000    0.000    0.000   -0.001    0.001
     0.000   -0.001   -0.004   -0.002   -0.001    0.004   -0.002    0.045
     0.000   -0.068    0.004    0.005    0.000    0.001    0.000    0.003
     0.000    0.000   -0.001    0.000    0.000    0.000    0.001    0.000
     0.003    0.004   -0.005    0.000    0.021    0.008    0.027   -0.014
     0.029   -0.001   -0.014   -0.029   -0.001    0.021   -0.008    0.027
    -0.519    0.000    0.798    0.000    0.000    0.000

 (  2)
     0.002    0.001    0.003   -0.001    0.000    0.004    0.002   -0.001
     0.003    0.045   -0.032    0.032    0.045    0.032    0.032   -0.001
     0.000    0.000   -0.007   -0.011    0.000   -0.014    0.002   -0.033
     0.017    0.000   -0.024   -0.016    0.000   -0.020   -0.014   -0.002
    -0.033   -0.007    0.010    0.000   -0.241   -0.031   -0.368   -0.291
     0.408   -0.007   -0.290   -0.407   -0.007   -0.240    0.031   -0.367
     0.002    0.000    0.000    0.000    0.000    0.000

 (  3)
    -0.002   -0.001   -0.002    0.000    0.000    0.000    0.002   -0.001
     0.002   -0.045    0.032   -0.032    0.045    0.032    0.032    0.000
    -0.001    0.000    0.008    0.011    0.000    0.013   -0.002    0.032
     0.000    0.000    0.000    0.000   -0.001    0.000   -0.013   -0.002
    -0.032   -0.008    0.011    0.000    0.241    0.031    0.369    0.290
    -0.407    0.007   -0.291   -0.408   -0.007   -0.242    0.031   -0.369
     0.000    0.000    0.000    0.000    0.000    0.000

 (  4)
    -0.041   -0.025   -0.035   -0.001    0.000   -0.034   -0.041    0.025
    -0.035    0.003   -0.003    0.001    0.003    0.003    0.001    0.000
     0.000    0.000    0.233    0.322    0.012    0.249   -0.036    0.397
    -0.144    0.000    0.200    0.167    0.000    0.203    0.250    0.036
     0.398    0.233   -0.323    0.012   -0.013   -0.001   -0.009   -0.025
     0.036   -0.001   -0.025   -0.036   -0.001   -0.013    0.001   -0.009
     0.006    0.000   -0.009    0.000    0.000    0.000

 (  5)
     0.044    0.026    0.038    0.000    0.000    0.000   -0.044    0.026
    -0.038   -0.003    0.003   -0.001    0.003    0.003    0.001    0.000
     0.000    0.000   -0.254   -0.351   -0.013   -0.267    0.036   -0.430
     0.000   -0.001    0.000    0.000    0.011    0.000    0.267    0.036
     0.430    0.254   -0.351    0.013    0.009    0.001    0.001    0.023
    -0.033    0.001   -0.023   -0.033   -0.001   -0.009    0.001   -0.001
     0.000    0.000    0.000    0.000    0.000    0.000

 (  6)
     0.017    0.012    0.014    0.000    0.000   -0.084    0.017   -0.012
     0.014    0.000    0.000    0.001    0.000    0.000    0.001    0.000
     0.000    0.000   -0.108   -0.149   -0.006   -0.090    0.006   -0.153
    -0.368    0.000    0.518    0.370    0.000    0.470   -0.090   -0.006
    -0.153   -0.108    0.149   -0.006   -0.009   -0.001   -0.019    0.000
    -0.001    0.000    0.000    0.001    0.000   -0.009    0.001   -0.019
    -0.003    0.000    0.005    0.000    0.000    0.000

 (  7)
    -0.001   -0.008    0.010    0.000    0.001    0.000    0.001   -0.008
    -0.010   -0.001   -0.036   -0.038    0.001   -0.036    0.037    0.000
     0.004    0.000    0.061    0.082   -0.006   -0.059    0.011   -0.098
     0.000   -0.003    0.000    0.000    0.000    0.000    0.059    0.011
     0.097   -0.060    0.081    0.006    0.264    0.053    0.421   -0.248
     0.361    0.009    0.246    0.358   -0.009   -0.262    0.052   -0.418
     0.000   -0.011    0.000    0.000    0.000    0.000

 (  8)
     0.001    0.009   -0.011    0.006    0.000    0.002    0.001   -0.009
    -0.011    0.001    0.035    0.037    0.001   -0.036    0.038    0.001
     0.000   -0.005   -0.066   -0.090    0.006    0.065   -0.012    0.108
    -0.022    0.000    0.026   -0.041    0.000   -0.049    0.066    0.012
     0.109   -0.066    0.091    0.006   -0.259   -0.051   -0.414    0.242
    -0.352   -0.009    0.244    0.356   -0.009   -0.261    0.052   -0.418
    -0.031    0.000    0.058    0.000    0.000    0.000

 (  9)
    -0.002   -0.030    0.023   -0.051    0.000   -0.002   -0.002    0.030
     0.023    0.000    0.009    0.007    0.000   -0.009    0.007    0.000
     0.000   -0.001    0.199    0.298    0.000   -0.162    0.033   -0.272
     0.265    0.000   -0.338    0.310    0.000    0.363   -0.162   -0.033
    -0.272    0.199   -0.298    0.000   -0.059   -0.012   -0.095    0.061
    -0.094    0.002    0.061    0.094    0.002   -0.059    0.012   -0.095
    -0.005    0.000    0.011    0.000    0.000    0.000

 ( 10)
     0.006    0.041   -0.032    0.000   -0.004    0.000   -0.006    0.041
     0.032   -0.001   -0.010   -0.006    0.001   -0.010    0.006    0.000
     0.001    0.000   -0.288   -0.416    0.000    0.217   -0.045    0.366
     0.000    0.011    0.000    0.000    0.001    0.000   -0.217   -0.045
    -0.366    0.288   -0.416    0.000    0.057    0.012    0.090   -0.059
     0.092   -0.003    0.059    0.092    0.003   -0.057    0.012   -0.090
     0.000   -0.002    0.000    0.000    0.000    0.000

 ( 11)
     0.006    0.026   -0.022   -0.055    0.000    0.003    0.006   -0.026
    -0.022   -0.001   -0.005   -0.003   -0.001    0.005   -0.003    0.000
     0.000    0.001   -0.203   -0.282    0.001    0.146   -0.031    0.246
     0.307    0.000   -0.405    0.326    0.000    0.378    0.146    0.031
     0.246   -0.203    0.282    0.001    0.029    0.006    0.046   -0.030
     0.048   -0.002   -0.030   -0.048   -0.002    0.029   -0.006    0.046
     0.002    0.000   -0.005    0.000    0.000    0.000

 ( 12)
     0.048   -0.003   -0.048   -0.023    0.000    0.010    0.048    0.003
    -0.048   -0.043    0.018    0.060   -0.043   -0.018    0.060    0.004
     0.000   -0.011   -0.013    0.049    0.217   -0.183   -0.094    0.077
     0.008    0.000    0.041    0.039    0.000   -0.045   -0.183    0.094
     0.077   -0.013   -0.049    0.217    0.274   -0.236   -0.103   -0.097
    -0.002   -0.338   -0.097    0.002   -0.338    0.274    0.236   -0.103
     0.064    0.000    0.025    0.001    0.000    0.000

 ( 13)
     0.039   -0.014   -0.038    0.000    0.029    0.000   -0.039   -0.014
     0.038   -0.024    0.040    0.053    0.024    0.040   -0.053    0.000
    -0.028    0.000   -0.030    0.038    0.163   -0.138   -0.039    0.063
     0.000   -0.004    0.000    0.000   -0.065    0.000    0.138   -0.039
    -0.063    0.030    0.038   -0.163    0.256   -0.316   -0.073   -0.165
    -0.039   -0.353    0.165   -0.039    0.353   -0.256   -0.316    0.073
     0.000    0.138    0.000    0.000    0.001    0.000

 ( 14)
    -0.008    0.069   -0.027    0.000   -0.095    0.000    0.008    0.069
     0.027   -0.027   -0.034    0.014    0.027   -0.034   -0.014    0.000
     0.029    0.000    0.200   -0.060    0.275   -0.162   -0.340    0.012
     0.000    0.235    0.000    0.000    0.195    0.000    0.162   -0.340
    -0.012   -0.200   -0.060   -0.275    0.036    0.115   -0.044    0.122
     0.067   -0.022   -0.122    0.067    0.022   -0.036    0.115    0.044
     0.000   -0.048    0.000    0.000    0.000    0.000

 ( 15)
    -0.015   -0.030    0.034   -0.012    0.000   -0.002   -0.015    0.030
     0.034    0.050    0.056   -0.011    0.050   -0.056   -0.011   -0.044
     0.000    0.005   -0.139    0.047   -0.226    0.186    0.226   -0.053
     0.065    0.000    0.059    0.042    0.000   -0.052    0.186   -0.226
    -0.053   -0.139   -0.047   -0.226    0.025   -0.312    0.053   -0.267
    -0.159   -0.131   -0.267    0.159   -0.131    0.025    0.312    0.053
     0.062    0.000    0.087    0.002    0.000    0.001

 ( 16)
    -0.047    0.047    0.014    0.085    0.000   -0.015   -0.047   -0.047
     0.014    0.032    0.023   -0.012    0.032   -0.023   -0.012   -0.021
     0.000    0.007    0.198   -0.121    0.090    0.003   -0.214   -0.048
    -0.306    0.000   -0.332   -0.329    0.000    0.347    0.003    0.214
    -0.048    0.198    0.121    0.090   -0.016   -0.153    0.040   -0.104
    -0.072   -0.077   -0.104    0.072   -0.077   -0.016    0.153    0.040
     0.015    0.000    0.037    0.001    0.000    0.000

 ( 17)
    -0.062    0.045    0.041    0.000   -0.094    0.000    0.062    0.045
    -0.041    0.067    0.056   -0.030   -0.067    0.056    0.030    0.000
    -0.057    0.000    0.077   -0.052   -0.060    0.153   -0.093   -0.104
     0.000    0.131    0.000    0.000    0.219    0.000   -0.153   -0.093
     0.104   -0.077   -0.052    0.060   -0.084   -0.265    0.107   -0.182
    -0.116   -0.074    0.182   -0.116    0.074    0.084   -0.265   -0.107
     0.000    0.077    0.000    0.000    0.001    0.000

 ( 18)
     0.021   -0.020    0.009    0.039    0.000    0.005    0.021    0.020
     0.009   -0.053   -0.033    0.035   -0.053    0.033    0.035    0.038
     0.000   -0.008   -0.113    0.078   -0.247    0.104    0.272   -0.008
    -0.300    0.000   -0.251   -0.286    0.000    0.284    0.104   -0.272
    -0.008   -0.113   -0.078   -0.247    0.164    0.069   -0.116    0.125
     0.092   -0.107    0.125   -0.092   -0.107    0.164   -0.069   -0.116
    -0.038    0.000   -0.068   -0.002    0.000    0.000

 ( 19)
    -0.008    0.020    0.030    0.000   -0.084    0.000    0.008    0.020
    -0.030   -0.049   -0.044    0.040    0.049   -0.044   -0.040    0.000
     0.054    0.000   -0.048    0.060   -0.294    0.198    0.180   -0.076
     0.000    0.183    0.000    0.000    0.242    0.000   -0.198    0.180
     0.076    0.048    0.060    0.294    0.233    0.018   -0.148    0.087
     0.047   -0.212   -0.087    0.047    0.212   -0.233    0.018    0.148
     0.000   -0.088    0.000    0.000   -0.001    0.000

 ( 20)
    -0.057    0.046    0.040    0.003    0.000   -0.018   -0.057   -0.046
     0.040   -0.023   -0.026    0.011   -0.023    0.026    0.011    0.077
     0.000    0.032    0.189   -0.123   -0.159    0.172   -0.098   -0.115
     0.226    0.000    0.139    0.168    0.000   -0.156    0.172    0.098
    -0.115    0.189    0.123   -0.159    0.100   -0.102   -0.064    0.103
     0.057   -0.217    0.103   -0.057   -0.217    0.100    0.102   -0.064
    -0.320    0.000   -0.231   -0.007    0.000    0.000

 ( 21)
    -0.029    0.027    0.022    0.004    0.000   -0.012   -0.029   -0.027
     0.022   -0.012   -0.020    0.033   -0.012    0.020    0.033   -0.092
     0.000   -0.073    0.110   -0.067   -0.098    0.131   -0.063   -0.084
     0.103    0.000    0.056    0.070    0.000   -0.066    0.131    0.063
    -0.084    0.110    0.067   -0.098    0.153    0.160   -0.086    0.055
     0.025   -0.056    0.055   -0.025   -0.056    0.153   -0.160   -0.086
     0.588    0.000    0.363    0.010    0.000    0.000

 ( 22)
     0.052   -0.024   -0.034    0.000   -0.093    0.000   -0.052   -0.024
     0.034    0.001    0.026    0.003   -0.001    0.026   -0.003    0.000
    -0.077    0.000   -0.249    0.192    0.062   -0.097    0.169    0.075
     0.000    0.390    0.000    0.000    0.280    0.000    0.097    0.169
    -0.075    0.249    0.192   -0.062   -0.090    0.064    0.061    0.029
     0.054    0.134   -0.029    0.054   -0.134    0.090    0.064   -0.061
     0.000    0.314    0.000    0.000    0.001    0.000

 ( 23)
     0.029   -0.019   -0.013    0.000   -0.032    0.000   -0.029   -0.019
     0.013    0.021   -0.003   -0.031   -0.021   -0.003    0.031    0.000
     0.127    0.000   -0.109    0.078    0.071   -0.113    0.068    0.083
     0.000    0.160    0.000    0.000    0.132    0.000    0.113    0.068
    -0.083    0.109    0.078   -0.071   -0.042   -0.103    0.014   -0.208
    -0.167    0.051    0.208   -0.167   -0.051    0.042   -0.103   -0.014
     0.000   -0.643    0.000    0.000   -0.001    0.000

 ( 24)
     0.012   -0.009    0.025   -0.020    0.000   -0.020    0.012    0.009
     0.025    0.014    0.007   -0.003    0.014   -0.007   -0.003   -0.031
     0.000   -0.021   -0.047    0.033    0.072    0.128   -0.135   -0.051
     0.005    0.000   -0.004   -0.058    0.000    0.004    0.128    0.135
    -0.051   -0.047   -0.033    0.072    0.338    0.241   -0.234   -0.262
    -0.188    0.186   -0.262    0.188    0.186    0.338   -0.241   -0.234
    -0.280    0.000   -0.184    0.000    0.000    0.006

 ( 25)
    -0.018    0.014   -0.040    0.000   -0.008    0.000    0.018    0.014
     0.040    0.001   -0.006    0.011   -0.001   -0.006   -0.011    0.000
     0.010    0.000   -0.058    0.041   -0.026    0.032    0.041   -0.081
     0.000    0.347    0.000    0.000   -0.493    0.000   -0.032    0.041
     0.081    0.058    0.041    0.026   -0.252   -0.168    0.192    0.241
     0.160   -0.204   -0.241    0.160    0.204    0.252   -0.168   -0.192
     0.000   -0.185    0.000    0.000   -0.001    0.000

 ( 26)
    -0.002   -0.001    0.003    0.039    0.000    0.030   -0.002    0.001
     0.003   -0.010   -0.008   -0.020   -0.010    0.008   -0.020   -0.011
     0.000   -0.005    0.308   -0.218   -0.199   -0.343    0.241    0.237
     0.052    0.000    0.040    0.092    0.000    0.002   -0.343   -0.241
     0.237    0.308    0.218   -0.199    0.081    0.035   -0.090   -0.148
    -0.104    0.069   -0.148    0.104    0.069    0.081   -0.035   -0.090
    -0.027    0.000   -0.014    0.002    0.000    0.001

 ( 27)
    -0.003    0.002    0.020    0.000   -0.006    0.000    0.003    0.002
    -0.020    0.002    0.005   -0.012   -0.002    0.005    0.012    0.000
    -0.016    0.000   -0.098    0.069    0.078   -0.085    0.040    0.077
     0.000   -0.545    0.000    0.000    0.467    0.000    0.085    0.040
    -0.077    0.098    0.069   -0.078   -0.148   -0.122    0.097    0.257
     0.184   -0.181   -0.257    0.184    0.181    0.148   -0.122   -0.097
     0.000   -0.177    0.000    0.000    0.000    0.000

 ( 28)
    -0.007    0.002    0.002    0.000   -0.011    0.000    0.007    0.002
    -0.002    0.019    0.011    0.015   -0.019    0.011   -0.015    0.000
    -0.001    0.000   -0.338    0.232    0.258    0.324   -0.218   -0.222
     0.000   -0.145    0.000    0.000   -0.119    0.000   -0.324   -0.218
     0.222    0.338    0.232   -0.258    0.111    0.105   -0.048    0.003
    -0.001    0.023   -0.003   -0.001   -0.023   -0.111    0.105    0.048
     0.000   -0.107    0.000    0.000   -0.001    0.000

 ( 29)
    -0.026    0.003    0.035    0.000   -0.017    0.000    0.026    0.003
    -0.035    0.038    0.058   -0.050   -0.038    0.058    0.050    0.000
    -0.125    0.000    0.004   -0.018    0.017   -0.132    0.083    0.110
     0.000    0.125    0.000    0.000   -0.192    0.000    0.132    0.083
    -0.110   -0.004   -0.018   -0.017    0.250    0.129   -0.196    0.123
     0.121   -0.030   -0.123    0.121    0.030   -0.250    0.129    0.196
     0.000   -0.397    0.000    0.000    0.002    0.000

 ( 30)
     0.070   -0.016   -0.008   -0.067    0.000   -0.023    0.070    0.016
    -0.008   -0.075   -0.017    0.013   -0.075    0.017    0.013    0.087
     0.000    0.028    0.142   -0.061   -0.193    0.114   -0.201   -0.048
    -0.049    0.000   -0.011   -0.103    0.000   -0.002    0.114    0.201
    -0.048    0.142    0.061   -0.193   -0.082   -0.173    0.030   -0.168
    -0.079    0.243   -0.168    0.079    0.243   -0.082    0.173    0.030
     0.198    0.000    0.101   -0.005    0.000   -0.010

 ( 31)
    -0.047    0.070    0.011    0.000   -0.112    0.000    0.047    0.070
    -0.011    0.010   -0.035   -0.016   -0.010   -0.035    0.016    0.000
     0.043    0.000   -0.144    0.141   -0.001   -0.224    0.133    0.123
     0.000   -0.331    0.000    0.000   -0.388    0.000    0.224    0.133
    -0.123    0.144    0.141    0.001    0.005    0.046   -0.022   -0.087
    -0.105   -0.043    0.087   -0.105    0.043   -0.005    0.046    0.022
     0.000    0.241    0.000    0.000    0.000    0.000

 ( 32)
     0.013    0.002    0.100   -0.022    0.000   -0.083    0.013   -0.002
     0.100   -0.006    0.012   -0.082   -0.006   -0.012   -0.082    0.008
     0.000    0.035   -0.113    0.096   -0.023   -0.149   -0.116    0.201
     0.214    0.000    0.084   -0.251    0.000    0.093   -0.149    0.116
     0.201   -0.113   -0.096   -0.023    0.090   -0.102   -0.140    0.131
     0.111   -0.002    0.131   -0.111   -0.002    0.090    0.102   -0.140
     0.110    0.000    0.102    0.000    0.000   -0.006

 ( 33)
    -0.054   -0.017   -0.063    0.000    0.000    0.000    0.054   -0.017
     0.063    0.063   -0.004    0.066   -0.063   -0.004   -0.066    0.000
    -0.012    0.000    0.093   -0.131    0.187    0.029    0.293   -0.093
     0.000   -0.042    0.000    0.000    0.127    0.000   -0.029    0.293
     0.093   -0.093   -0.131   -0.187   -0.015    0.288    0.096   -0.068
    -0.102   -0.184    0.068   -0.102    0.184    0.015    0.288   -0.096
     0.000   -0.069    0.000    0.000   -0.001    0.000

 ( 34)
     0.067    0.005    0.004   -0.095    0.000   -0.038    0.067   -0.005
     0.004    0.042   -0.011    0.035    0.042    0.011    0.035   -0.107
     0.000   -0.051    0.088   -0.001   -0.244   -0.060   -0.151    0.069
     0.011    0.000    0.041   -0.213    0.000    0.050   -0.060    0.151
     0.069    0.088    0.001   -0.244   -0.132    0.107    0.138    0.044
    -0.014   -0.205    0.044    0.014   -0.205   -0.132   -0.107    0.138
    -0.234    0.000   -0.133    0.011    0.000    0.019

 ( 35)
    -0.007    0.090    0.004    0.043    0.000   -0.007   -0.007   -0.090
     0.004    0.005   -0.098    0.007    0.005    0.098    0.007    0.057
     0.000    0.010   -0.187    0.225   -0.062   -0.108   -0.027    0.055
     0.089    0.000    0.025    0.014    0.000    0.018   -0.108    0.027
     0.055   -0.187   -0.225   -0.062   -0.101    0.085    0.057   -0.198
    -0.249   -0.112   -0.198    0.249   -0.112   -0.101   -0.085    0.057
     0.097    0.000    0.036   -0.005    0.000   -0.007

 ( 36)
    -0.038   -0.051    0.074    0.000    0.073    0.000    0.038   -0.051
    -0.074    0.046   -0.051   -0.067   -0.046   -0.051    0.067    0.000
     0.076    0.000   -0.094   -0.016    0.188   -0.026   -0.001    0.074
     0.000    0.311    0.000    0.000    0.084    0.000    0.026   -0.001
    -0.074    0.094   -0.016   -0.188    0.018    0.018   -0.058    0.093
    -0.023   -0.208   -0.093   -0.023    0.208   -0.018    0.018    0.058
     0.000    0.312    0.000    0.000   -0.001    0.000

 ( 37)
     0.025    0.043    0.011   -0.051    0.000    0.122    0.025   -0.043
     0.011    0.017   -0.012   -0.061    0.017    0.012   -0.061   -0.046
     0.000    0.054   -0.026    0.087   -0.142   -0.015   -0.133    0.020
    -0.472    0.000   -0.175    0.344    0.000   -0.195   -0.015    0.133
     0.020   -0.026   -0.087   -0.142    0.080   -0.059   -0.099    0.082
     0.033   -0.010    0.082   -0.033   -0.010    0.080    0.059   -0.099
    -0.021    0.000    0.072    0.002    0.000   -0.004

 ( 38)
    -0.064   -0.022   -0.024    0.000   -0.038    0.000    0.064   -0.022
     0.024   -0.059    0.019   -0.029    0.059    0.019    0.029    0.000
     0.047    0.000    0.059   -0.120    0.272    0.090    0.265   -0.096
     0.000   -0.042    0.000    0.000   -0.022    0.000   -0.090    0.265
     0.096   -0.059   -0.120   -0.272    0.097   -0.259   -0.105    0.072
     0.118    0.259   -0.072    0.118   -0.259   -0.097   -0.259    0.105
     0.000    0.072    0.000    0.000   -0.001    0.000

 ( 39)
    -0.019   -0.090    0.031   -0.105    0.000    0.024   -0.019    0.090
     0.031    0.047   -0.074   -0.030    0.047    0.074   -0.030    0.073
     0.000    0.020    0.072   -0.164    0.170    0.040    0.039    0.008
    -0.162    0.000   -0.011   -0.082    0.000    0.003    0.040   -0.039
     0.008    0.072    0.164    0.170   -0.013    0.104   -0.008   -0.019
    -0.130   -0.228   -0.019    0.130   -0.228   -0.013   -0.104   -0.008
     0.141    0.000    0.062   -0.010    0.000   -0.014

 ( 40)
     0.033    0.034   -0.047   -0.013    0.000   -0.023    0.033   -0.034
    -0.047    0.021    0.006    0.008    0.021   -0.006    0.008   -0.057
     0.000    0.210    0.096   -0.010    0.025    0.074    0.121   -0.065
     0.145    0.000    0.090   -0.149    0.000    0.087    0.074   -0.121
    -0.065    0.096    0.010    0.025    0.056    0.115   -0.024    0.015
     0.001   -0.037    0.015   -0.001   -0.037    0.056   -0.115   -0.024
    -0.044    0.000    0.223   -0.025    0.000   -0.043

 ( 41)
    -0.008   -0.032    0.029    0.043    0.000   -0.017   -0.008    0.032
     0.029    0.012    0.099    0.044    0.012   -0.099    0.044    0.085
     0.000    0.032   -0.060    0.010   -0.159   -0.099   -0.173    0.072
    -0.099    0.000   -0.121    0.165    0.000   -0.117   -0.099    0.173
     0.072   -0.060   -0.010   -0.159   -0.038    0.282    0.059   -0.076
     0.035   -0.130   -0.076   -0.035   -0.130   -0.038   -0.282    0.059
     0.090    0.000    0.036   -0.036    0.000   -0.040

 ( 42)
     0.008   -0.088    0.006    0.121    0.000   -0.064    0.008    0.088
     0.006   -0.059   -0.052   -0.018   -0.059    0.052   -0.018   -0.097
     0.000    0.074   -0.057   -0.042   -0.011    0.018   -0.131   -0.004
     0.007    0.000   -0.147    0.206    0.000   -0.134    0.018    0.131
    -0.004   -0.057    0.042   -0.011   -0.098    0.008    0.000   -0.048
    -0.045   -0.102   -0.048    0.045   -0.102   -0.098   -0.008    0.000
    -0.119    0.000    0.059    0.035    0.000    0.018

 ( 43)
     0.056    0.079   -0.063    0.000    0.056    0.000   -0.056    0.079
     0.063    0.026   -0.090   -0.084   -0.026   -0.090    0.084    0.000
    -0.081    0.000    0.068    0.067    0.057    0.114    0.144   -0.093
     0.000   -0.011    0.000    0.000    0.071    0.000   -0.114    0.144
     0.093   -0.068    0.067   -0.057    0.037   -0.104   -0.089    0.016
    -0.097   -0.028   -0.016   -0.097    0.028   -0.037   -0.104    0.089
     0.000   -0.016    0.000    0.000    0.015    0.000

 ( 44)
    -0.039   -0.062   -0.036    0.041    0.000    0.053   -0.039    0.062
    -0.036    0.067   -0.055    0.049    0.067    0.055    0.049   -0.017
     0.000    0.006   -0.112   -0.006   -0.179   -0.120   -0.212    0.003
     0.125    0.000    0.114   -0.055    0.000    0.129   -0.120    0.212
     0.003   -0.112    0.006   -0.179    0.155   -0.173    0.003    0.134
    -0.007    0.168    0.134    0.007    0.168    0.155    0.173    0.003
    -0.020    0.000    0.004   -0.032    0.000   -0.036

 ( 45)
     0.002   -0.029    0.034    0.000   -0.036    0.000   -0.002   -0.029
    -0.034   -0.118   -0.001   -0.051    0.118   -0.001    0.051    0.000
    -0.067    0.000    0.018   -0.043    0.117    0.082    0.027   -0.012
     0.000   -0.014    0.000    0.000   -0.064    0.000   -0.082    0.027
     0.012   -0.018   -0.043   -0.117   -0.218    0.156    0.000   -0.201
    -0.062   -0.205    0.201   -0.062    0.205    0.218    0.156    0.000
     0.000   -0.091    0.000    0.000    0.056    0.000

 ( 46)
     0.059    0.016    0.057    0.036    0.000   -0.096    0.059   -0.016
     0.057    0.034   -0.038    0.040    0.034    0.038    0.040   -0.029
     0.000   -0.039    0.086   -0.007    0.140    0.058    0.126    0.066
    -0.121    0.000   -0.207    0.191    0.000   -0.218    0.058   -0.126
     0.066    0.086    0.007    0.140    0.027   -0.126    0.054    0.073
    -0.010    0.095    0.073    0.010    0.095    0.027    0.126    0.054
    -0.029    0.000   -0.037   -0.082    0.000   -0.028

 ( 47)
     0.105    0.038    0.066    0.000   -0.034    0.000   -0.105    0.038
    -0.066    0.009    0.048   -0.006   -0.009    0.048    0.006    0.000
     0.048    0.000    0.183   -0.022    0.175    0.167    0.163    0.036
     0.000   -0.040    0.000    0.000   -0.140    0.000   -0.167    0.163
    -0.036   -0.183   -0.022   -0.175   -0.053    0.077    0.033    0.008
     0.045   -0.072   -0.008    0.045    0.072    0.053    0.077   -0.033
     0.000    0.060    0.000    0.000   -0.075    0.000

 ( 48)
     0.066   -0.016   -0.015    0.089    0.000    0.091    0.066    0.016
    -0.015   -0.002    0.008   -0.069   -0.002   -0.008   -0.069    0.006
     0.000   -0.041    0.047   -0.001   -0.012    0.116   -0.068   -0.051
     0.195    0.000    0.165   -0.015    0.000    0.173    0.116    0.068
    -0.051    0.047    0.001   -0.012   -0.047    0.055   -0.044   -0.011
     0.000   -0.133   -0.011    0.000   -0.133   -0.047   -0.055   -0.044
     0.057    0.000   -0.008   -0.090    0.000    0.045

 ( 49)
    -0.031    0.110   -0.008    0.008    0.137   -0.049    0.047    0.110
    -0.068   -0.015    0.052    0.005    0.063    0.052   -0.055    0.025
     0.023   -0.014   -0.058    0.129    0.005   -0.046    0.114    0.002
    -0.004    0.179   -0.058    0.019    0.138   -0.058    0.037    0.114
    -0.062    0.076    0.129   -0.098   -0.005    0.049   -0.001   -0.043
     0.032    0.035    0.091    0.032   -0.068    0.078    0.049   -0.065
     0.038   -0.017   -0.006    0.007    0.018    0.003

 ( 50)
     0.096   -0.001    0.036    0.090   -0.005    0.053    0.083   -0.001
     0.050    0.081    0.011    0.025    0.069    0.011    0.039    0.074
     0.015    0.022    0.100   -0.004    0.039    0.107   -0.003    0.029
     0.100   -0.014    0.061    0.079   -0.004    0.061    0.094   -0.003
     0.044    0.078   -0.004    0.063    0.071    0.013    0.032    0.086
     0.014    0.012    0.065    0.014    0.037    0.058    0.013    0.047
     0.063    0.023    0.015    0.090    0.014    0.008

 ( 51)
    -0.013   -0.029   -0.120    0.015   -0.011   -0.077    0.044   -0.029
    -0.005    0.009    0.005   -0.103    0.065    0.005    0.012    0.038
    -0.010   -0.030   -0.032   -0.012   -0.172   -0.031   -0.085   -0.113
    -0.001   -0.038   -0.089    0.030    0.045   -0.090    0.029   -0.085
     0.009    0.064   -0.012    0.025    0.023    0.061   -0.117   -0.012
    -0.010   -0.133    0.085   -0.010    0.065    0.083    0.061    0.005
     0.055    0.019   -0.020    0.014   -0.098   -0.009

 ( 52)
     0.015   -0.020    0.048    0.020   -0.014   -0.026    0.026   -0.020
    -0.102    0.013   -0.095    0.047    0.023   -0.095   -0.104    0.018
    -0.104   -0.030    0.011   -0.019    0.103    0.017    0.034    0.052
     0.022    0.043   -0.024    0.019   -0.064   -0.024    0.027    0.034
    -0.108    0.029   -0.019   -0.155    0.011   -0.148    0.052    0.010
    -0.097    0.099    0.027   -0.097   -0.159    0.022   -0.148   -0.108
     0.017   -0.162   -0.031    0.020   -0.029   -0.032

 ( 53)
     0.057   -0.022   -0.075    0.009   -0.054   -0.084   -0.039   -0.022
    -0.069    0.074    0.017   -0.062   -0.022    0.017   -0.056    0.027
     0.049   -0.047    0.092   -0.046   -0.086    0.047   -0.001   -0.067
    -0.004   -0.081   -0.093    0.021   -0.079   -0.093   -0.055   -0.001
    -0.061   -0.072   -0.046   -0.076    0.090   -0.004   -0.070    0.108
     0.041   -0.055   -0.056    0.041   -0.045   -0.012   -0.004   -0.064
     0.040    0.074   -0.039    0.008    0.093   -0.030

 ( 54)
     0.009    0.014    0.008    0.018    0.019    0.067    0.025    0.014
     0.036   -0.053    0.021   -0.040   -0.037    0.021   -0.013   -0.049
     0.016   -0.071    0.001    0.018    0.032    0.057    0.000   -0.022
     0.065    0.013    0.100   -0.027    0.033    0.102    0.074    0.000
     0.006    0.029    0.018    0.079   -0.102    0.034   -0.010   -0.058
     0.016   -0.083   -0.030    0.016   -0.036   -0.084    0.034    0.019
    -0.097    0.022   -0.102    0.020   -0.007   -0.133


 ==============================================================================
                      STATISTICAL THERMODYNAMICS ANALYSIS
 ==============================================================================

  Structure name    : chlorocyclohexane-ax                                        
  Temperature       :   298.16 K
  Symmetry number   :   1
  Optical isomers   :   1
  Zero Point Energy :   98.618 Kcal/mol


                     ENERGY   ENTHALPY    ENTROPY  FREE ENERGY   HEAT CAPACITY
                  (Kcal/mol) (Kcal/mol)     (eu)   (Kcal/mol)    (cal/mol/deg)
  Translational       0.889      1.481     40.195    -10.503         4.967
     Rotational       0.889      0.889     28.029     -7.469         2.980
    Vibrational     101.100%   101.100%    13.094*    97.196%       20.734*
      Potential       9.361#     9.361#     0.000      9.361#        0.000
         Mixing       0.000      0.000      0.000      0.000         0.000
          Total     112.238    112.830     81.318     88.585        28.682

  Enthalpy Function (H-Ho)/T     =   16.27 cal/mol/deg
  Free Energy Function -(G-Ho)/T =   65.05 cal/mol/deg

  % Includes zero point energy (ZPE).
  * Excludes contribution from frequencies lower than 40 (1/cm).
  # Includes steric energy (SE).
    Internal rotation contributions are not considered

  This structure has   0 imaginary frequencies,
                       0 free internal rotation (fir) frequencies
                         (>= 0,< 10 /cm),
                       0 restricted internal rotation (rir) frequencies
                         (>= 10,< 40 /cm),
                       6 zero frequencies, and
                      48 real frequencies.


      FINAL STERIC ENERGY IS      9.3610 KCAL/MOL.


                COMPRESSION       0.3544
                BENDING           0.6957
                BEND-BEND        -0.0364
                STRETCH-BEND      0.1233
                VANDERWAALS
                  1,4 ENERGY      6.9780
                  OTHER          -0.0176
                H-BONDING         0.0000
                PI-COMPLX         0.0000

                TORSIONAL         1.2757
                TORSION-STRETCH  -0.0122
                DIPOLE-DIPOLE     0.0000
                CHARGE-DIPOLE     0.0000
                CHARGE-CHARGE     0.0000

      -----------------------------------------------------------------

      COORDINATES TRANSLATED TO NEW ORIGIN WHICH IS CENTER OF MASS
         C(   1)    -1.20916    -1.26716     0.41635   (  1)
         C(   2)    -2.07587     0.00000     0.44730   (  1)
         C(   3)    -1.20916     1.26716     0.41635   (  1)
         C(   4)    -0.26239    -1.26452    -0.79118   (  1)
         C(   5)    -0.26239     1.26452    -0.79118   (  1)
         C(   6)     0.59553     0.00000    -0.87345   (  1)
         H(   7)    -1.86309    -2.16914     0.37961   (  5)
         H(   8)    -0.62303    -1.34171     1.36051   (  5)
         H(   9)    -2.71564     0.00000     1.35992   (  5)
         H(  10)    -2.76576     0.00000    -0.42801   (  5)
         H(  11)    -0.62303     1.34171     1.36051   (  5)
         H(  12)    -1.86309     2.16914     0.37961   (  5)
         H(  13)    -0.86998    -1.34323    -1.71916   (  5)
         H(  14)     0.38441    -2.16816    -0.76884   (  5)
         H(  15)     0.38441     2.16816    -0.76884   (  5)
         H(  16)    -0.86998     1.34323    -1.71916   (  5)
         H(  17)     1.19646     0.00000    -1.80449   (  5)
        Cl(  18)     1.81279     0.00000     0.47176   ( 12)

      MOMENT OF INERTIA WITH THE PRINCIPAL AXES

          (1)  UNIT = 10**(-39) GM*CM**2
               IX=   26.2614    IY=   47.9578    IZ=   55.9470

          (2)  UNIT = AU A**2
               IX=  158.1671    IY=  288.8400    IZ=  336.9573



      MOLECULAR POLARIZABILITIES (A**3)
        ALPHA(1)   =      14.62
        ALPHA(2)   =      14.19
        ALPHA(3)   =      14.00
        AVG. ALPHA =      14.27



      DIPOLE MOMENT =          2.090 D


        COMPONENTS WITH PRINCIPAL AXES

                          X =  1.4023    Y =  0.0000    Z =  1.5497


      E (INDP/INDP) =         -0.418 KCAL/MOLE
      DIPOLE MOMENT =          1.963 D (INCLUDES INDUCED BOND MOMENTS)
      *NOTE*  E (INDP/INDP) IS NOT INCLUDED IN THE FINAL STERIC ENERGY

        COMPONENTS WITH PRINCIPAL AXES

                          X =  1.5931    Y =  0.0000    Z =  1.1470



      TOTAL ATOMIC CHARGE ON EACH ATOM (in ELECTRON CHARGE)

           C(    1):          0.002
           C(    2):          0.007
           C(    3):          0.002
           C(    4):         -0.006
           C(    5):         -0.006
           C(    6):          0.157
           H(    7):          0.002
           H(    8):          0.003
           H(    9):          0.001
           H(   10):          0.002
           H(   11):          0.003
           H(   12):          0.002
           H(   13):          0.006
           H(   14):          0.008
           H(   15):          0.008
           H(   16):          0.006
           H(   17):          0.005
          CL(   18):         -0.200

      -----------------------------------------------------------------

        END OF chlorocyclohexane-ax                                        


           TOTAL CPU TIME IS      0.04 SECONDS.

           THIS JOB COMPLETED AT    16:05:46
