1
               ---------------------------------------------
               WARNING : INCORRECT ATOM TYPES GIVEN IN INPUT
                         DATA ARE CORRECTED AS FOLLOWS
               ---------------------------------------------


             Atom type of atom    1 is replaced by   1 (was   0)
             Atom type of atom    2 is replaced by   1 (was   0)
             Atom type of atom    3 is replaced by   1 (was   0)
             Atom type of atom    4 is replaced by   1 (was   0)
             Atom type of atom    5 is replaced by   1 (was   0)
             Atom type of atom    6 is replaced by   1 (was   0)
             Atom type of atom    7 is replaced by   5 (was   0)
             Atom type of atom    8 is replaced by   5 (was   0)
             Atom type of atom    9 is replaced by   5 (was   0)
             Atom type of atom   10 is replaced by   5 (was   0)
             Atom type of atom   11 is replaced by   5 (was   0)
             Atom type of atom   12 is replaced by   5 (was   0)
             Atom type of atom   13 is replaced by   5 (was   0)
             Atom type of atom   14 is replaced by   5 (was   0)
             Atom type of atom   15 is replaced by   5 (was   0)
             Atom type of atom   16 is replaced by   5 (was   0)
             Atom type of atom   17 is replaced by   5 (was   0)
             Atom type of atom   18 is replaced by  11 (was   0)
1     florocyclohexane-ax                                         

               CHEMICAL FORMULA :  C(   6)  H(  11)  F(   1) 
               FORMULA WEIGHT   :    102.086
                                                               DATE 26-MAY-23
                                                               TIME  16:45:55


          THE COORDINATES OF   18 ATOMS ARE READ IN.
          SOME CONSTANTS WILL BE READ IN.

      CONFORMATIONAL ENERGY, PART 1:  GEOMETRY AND STERIC ENERGY
                                      OF INITIAL CONFORMATION.


      CONNECTED ATOMS
         1-   2-   3-   5-   6-   4-
         1-   4-

      ATTACHED ATOMS
         1-   7,   1-   8,   2-   9,   2-  17,   3-  10,   3-  11,   4-  12,
         4-  18,   5-  13,   5-  14,   6-  15,   6-  16,

      INITIAL ATOMIC COORDINATES
           ATOM         X           Y           Z       TYPE
         C(   1)     0.24720    -1.26661     0.64671   (  1)
         C(   2)    -0.95607    -1.26411    -0.30871   (  1)
         C(   3)    -1.80981     0.00000    -0.13021   (  1)
         C(   4)     1.07266     0.00000     0.49106   (  1)
         C(   5)    -0.95607     1.26411    -0.30871   (  1)
         C(   6)     0.24720     1.26661     0.64670   (  1)
         H(   7)     0.86711    -2.17000     0.45736   (  5)
         H(   8)    -0.11456    -1.32911     1.69700   (  5)
         H(   9)    -1.57746    -2.17187    -0.13144   (  5)
         H(  10)    -2.26764     0.00000     0.88547   (  5)
         H(  11)    -2.64834     0.00000    -0.86379   (  5)
         H(  12)     1.89812     0.00000     1.23512   (  5)
         H(  13)    -1.57746     2.17187    -0.13144   (  5)
         H(  14)    -0.59392     1.32024    -1.36094   (  5)
         H(  15)    -0.11456     1.32911     1.69700   (  5)
         H(  16)     0.86712     2.17000     0.45736   (  5)
         H(  17)    -0.59392    -1.32024    -1.36094   (  5)
         F(  18)     1.67305     0.00000    -0.79245   ( 11)


          DIELECTRIC CONSTANT =  1.500


      INITIAL STERIC ENERGY IS     10.2233 KCAL/MOL.

                  COMPRESSION       0.5686
                  BENDING           0.2851
                  BEND-BEND         0.0044
                  STRETCH-BEND      0.0667
                  VANDERWAALS
                    1,4 ENERGY      6.5231
                    OTHER          -0.2087
                  H-BONDING         0.0000
                  PI-COMPLX         0.0000

                  TORSIONAL         2.9937
                  TORSION-STRETCH  -0.0095
                  DIPOLE-DIPOLE     0.0000
                  CHARGE-DIPOLE     0.0000
                  CHARGE-CHARGE     0.0000


      MOLECULAR POLARIZABILITIES (A**3)
        ALPHA(1)   =      12.87
        ALPHA(2)   =      12.82
        ALPHA(3)   =      12.04
        AVG. ALPHA =      12.58



      DIPOLE MOMENT =          1.820 D


      E (INDP/INDP) =          0.002 KCAL/MOLE
      DIPOLE MOMENT =          1.884 D (INCLUDES INDUCED BOND MOMENTS)
      *NOTE*  E (INDP/INDP) IS NOT INCLUDED IN THE INITIAL STERIC ENERGY

      CPU TIME FOR INITIAL CALCULATION IS     0.01 SECONDS.


1     florocyclohexane-ax                                         


     CONFORMATIONAL ENERGY, PART 2: GEOMETRY MINIMIZATION

               GEOMETRY OPTIMIZATION IS CONTINUED UNTIL ATOM
               MOVEMENT CONVERGES WITHIN FOLLOWING VALUES:

                         AVERAGE MOVEMENT  0.00013 A
                         MAXIMUM MOVEMENT  0.00127 A



     <<<<<<<<<<<<<<<<<<<<<<<<<<  C Y C L E   1 >>>>>>>>>>>>>>>>>>>>>>>>>>

                              (CH)-MOVEMENT = 1

       ITER    1   AVG. MOVE = 0.00365 A   (MAX MOVE : ATOM    1   0.02410 A)  
       ITER    2   AVG. MOVE = 0.00185 A   (MAX MOVE : ATOM   18   0.01228 A)  
       ITER    3   AVG. MOVE = 0.00100 A   (MAX MOVE : ATOM   18   0.00743 A)  
       ITER    4   AVG. MOVE = 0.00057 A   (MAX MOVE : ATOM   18   0.00484 A)  
       ITER    5   AVG. MOVE = 0.00038 A   (MAX MOVE : ATOM   18   0.00331 A)  
       ITER    6   AVG. MOVE = 0.00028 A   (MAX MOVE : ATOM   18   0.00234 A)  
       ITER    7   AVG. MOVE = 0.00022 A   (MAX MOVE : ATOM   18   0.00171 A)  
       ITER    8   AVG. MOVE = 0.00017 A   (MAX MOVE : ATOM   18   0.00128 A)  
       ITER    9   AVG. MOVE = 0.00014 A   (MAX MOVE : ATOM   18   0.00098 A)  
       ITER   10   AVG. MOVE = 0.00011 A   (MAX MOVE : ATOM   18   0.00076 A)  


     <<<<<<<<<<<<<<<<<<<<<<<<<<  C Y C L E   2 >>>>>>>>>>>>>>>>>>>>>>>>>>

                              (CH)-MOVEMENT = 0

       ITER   11   AVG. MOVE = 0.00005 A   (MAX MOVE : ATOM   12   0.00042 A)  


              * * * * * * * * * GEOMETRY IS OPTIMIZED * * * * * * * * *

               WITHIN : AVERAGE MOVEMENT  0.00005 A (LIMIT  0.00013 A)
                        MAXIMUM MOVEMENT  0.00042 A (LIMIT  0.00127 A)

               GRADIENT
                  RMS GRADIENT                0.007298 KCAL/MOL/A

                  MAX GRADIENT
                    X-DIRECTION : ATOM #  12   0.013268 KCAL/MOL/A
                    Y-DIRECTION : ATOM #   1   0.015912 KCAL/MOL/A
                    Z-DIRECTION : ATOM #   3   0.021964 KCAL/MOL/A

        DELTA TIME =    0.00 SEC.       TOTAL CPU TIME =      0.02 SEC.


                            =====================
                            FULL-MATRIX OPTIMIZER
                            =====================


     iter.  rms force   max force   avg. move    max move  atom  convg  d-time

        0    0.014926    0.057842   0.00036 A   0.00247 A   11    [N]     0.0s
        1    0.000202    0.000690   0.00000 A   0.00000 A   11    [N]     0.0s
        2    0.000034    0.000129                                 [Y]     0.0s


      TOTAL ENERGY IS     10.0161 KCAL/MOL.

        COMPRESS    0.3126      VDW 1,4    6.6510      DIPL-DIPL    0.0000
        BENDING     0.2486        OTHER   -0.3058      CHRG-DIPL    0.0000
        STR-BEND    0.0634      TORSION    3.0606      CHRG-CHRG    0.0000
        BEND-BEND  -0.0038      TOR-STR   -0.0105      EPR          0.0000
        H-BONDING   0.0000      PI-CMPL    0.0000
0     DELTA(T) =     0.0 SEC.          ELAPSED TIME =     0.0 SEC.


    * * * ENERGY IS MINIMIZED WITHIN RMS OF FORCES   0.00003  Kcal/mol/A * * *

                 * * * *  RMS FORCE IS   0.00003 Kcal/mol/A * * * *

1     florocyclohexane-ax                                         

               CHEMICAL FORMULA :  C(   6)  H(  11)  F(   1) 
               FORMULA WEIGHT   :    102.086
                                                               DATE : 26-MAY-23

           * M M 3 * * * * * * * * * * * 2 0 0 0 *
           *                                     *   PARAMETER RELIABILITY
           *                                     *
           *                                     *   BLANK = GOOD
           *                                     *       B = FAIR
           *                                     *       C = TRIAL
           *                                     *       R = READ IN
           *                                     *       S = SUBSTITUTED
           *                                     *       U = PARAMETER NOT EXIST
           *                                     *
           *                                     *   THIS IS SHOWN AT THE END 
           *                                     *   OF THE LINE.
           * * * * * * * * * * * * * * * * * * * * 


      CONFORMATIONAL ENERGY, PART 3:  GEOMETRY AND STERIC ENERGY
                                      OF FINAL CONFORMATION.

      CONNECTED ATOMS
         1-   2-   3-   5-   6-   4-
         1-   4-

      ATTACHED ATOMS
         1-   7,   1-   8,   2-   9,   2-  17,   3-  10,   3-  11,   4-  12,
         4-  18,   5-  13,   5-  14,   6-  15,   6-  16,

      FINAL ATOMIC COORDINATE
           ATOM         X           Y           Z       TYPE
         C(   1)    -0.23711    -1.25636    -0.63531   (  1)
         C(   2)     0.96426    -1.26296     0.30904   (  1)
         C(   3)     1.81791     0.00000     0.13185   (  1)
         C(   4)    -1.07369     0.00000    -0.49273   (  1)
         C(   5)     0.96426     1.26296     0.30904   (  1)
         C(   6)    -0.23711     1.25636    -0.63531   (  1)
         H(   7)    -0.86603    -2.15121    -0.43583   (  5)
         H(   8)     0.12262    -1.34207    -1.68368   (  5)
         H(   9)     1.58650    -2.16919     0.12460   (  5)
         H(  10)     2.27960     0.00000    -0.88247   (  5)
         H(  11)     2.65549     0.00000     0.86709   (  5)
         H(  12)    -1.87951     0.00000    -1.25937   (  5)
         H(  13)     1.58650     2.16919     0.12460   (  5)
         H(  14)     0.61122     1.32811     1.36408   (  5)
         H(  15)     0.12262     1.34207    -1.68368   (  5)
         H(  16)    -0.86603     2.15121    -0.43583   (  5)
         H(  17)     0.61122    -1.32811     1.36408   (  5)
         F(  18)    -1.70513     0.00000     0.77469   ( 11)


          DIELECTRIC CONSTANT =  1.500


      BOND LENGTHS AND STRETCHING ENERGY   (   18 BONDS)

        ENERGY = 71.94(KS)(DR)(DR)(1-(CS)(DR)+(7/12)((CS)(DR))**2)
                          DR = R-RO
                          CS =  2.550
                                                         R(0)-CORR        CORR
          BOND        LENGTH   R(0)    K(S)  ENERGY   E-NEG   MISCEL       KS
    C(   1)- C(   2)  1.5281  1.5157  4.490  0.0482 -0.0090                     
    C(   1)- C(   4)  1.5161  1.5022  4.490  0.0605 -0.0225                     
    C(   1)- H(   7)  1.1118  1.1090  4.779  0.0027 -0.0030              0.099  
    C(   1)- H(   8)  1.1117  1.1090  4.779  0.0025 -0.0030              0.099  
    C(   2)- C(   3)  1.5347  1.5247  4.490  0.0313                             
    C(   2)- H(   9)  1.1147  1.1120  4.680  0.0024                             
    C(   2)- H(  17)  1.1144  1.1120  4.680  0.0020                             
    C(   3)- C(   5)  1.5347  1.5247  4.490  0.0313                             
    C(   3)- H(  10)  1.1144  1.1120  4.680  0.0020                             
    C(   3)- H(  11)  1.1145  1.1120  4.680  0.0021                             
    C(   4)- C(   6)  1.5161  1.5022  4.490  0.0605 -0.0225                     
    C(   4)- H(  12)  1.1122  1.1086  4.917  0.0046 -0.0076  0.0042  BH  0.107  
    C(   4)- F(  18)  1.4160  1.4127  5.900  0.0046  0.0227                     
    C(   5)- C(   6)  1.5281  1.5157  4.490  0.0482 -0.0090                     
    C(   5)- H(  13)  1.1147  1.1120  4.680  0.0024                             
    C(   5)- H(  14)  1.1144  1.1120  4.680  0.0020                             
    C(   6)- H(  15)  1.1117  1.1090  4.779  0.0025 -0.0030              0.099  
    C(   6)- H(  16)  1.1118  1.1090  4.779  0.0027 -0.0030              0.099  


      NON-BONDED DISTANCES, VDW AND EPR ENERGY   (     99 PAIRS)

              E(VDW) = KV*(1.84(10**5)EXP(-12.00/P) - 2.25(P**6))
              E(EPR) = C*KV*(1.84(10**5)EXP(-12.00/Q) - 2.25(Q**6))
              E(HBD) = EP1-EP2*COS(THETA)*RTH/RTH0
                            EP1 = KHB*1.84(10**5)*EXP(-12.0/P)
                            EP2 = KHB*2.25(P**6)

            IF P > 3.020, THEN,
              E(VDW) = KV(192.270)(P**2)
              E(HBD) = EP1-EP2*COS(THETA)*RTH/RTH0
                            EP1 = KHB*(192.270*P**2+1706.96)
                            EP2 = KHB*1706.96

               WHERE   RV = RVDW(I) + RVDW(K)
                       KV = SQRT(EPS(I)*EPS(K))
                      KHB = EPS/DIELEC  FOR HYDROGEN BOND
                        P = (RV/R) OR (RV/R#)
                        C = SCALE FACTOR
                        Q = RV/R, WHERE R IS MODIFIED DISTANCE
                    THETA = ANGLE H-X-Y IN HYDROGEN BOND X-H...Y
                      RTH = BOND LENGTH X-H IN X-H...Y
                     RTH0 = NATURAL BOND LENGTH X-H

          # IN THE VDW CALCULATIONS THE HYDROGEN ATOMS ARE RELOCATED
          SO THAT THE ATTACHED HYDROGEN DISTANCE IS REDUCED BY 0.923

          # IN THE VDW CALCULATIONS THE DEUTERIUM ATOMS ARE RELOCATED
          SO THAT THE ATTACHED DEUTERIUM DISTANCE IS REDUCED BY  0.923

         ATOM PAIR          R       R#       RV      KV       ENERGY
      C(   1), C(   3)   2.5279
      C(   1), C(   5)   2.9465            4.080   0.0270     0.4278  1,4       
      C(   1), C(   6)   2.5127
      C(   1), H(   9)   2.1763
      C(   1), H(  10)   2.8237   2.7862   3.560   0.0230     0.1278  1,4       
      C(   1), H(  11)   3.4932   3.4157   3.560   0.0230    -0.0240  1,4       
      C(   1), H(  12)   2.1599
      C(   1), H(  13)   3.9544   3.8747   3.560   0.0230    -0.0221            
      C(   1), H(  14)   3.3759   3.3316   3.560   0.0230    -0.0209            
      C(   1), H(  15)   2.8249   2.7864   3.560   0.0230     0.1277  1,4       
      C(   1), H(  16)   3.4709   3.3938   3.560   0.0230    -0.0234  1,4       
      C(   1), H(  17)   2.1731
      C(   1), F(  18)   2.3920
      C(   2), C(   4)   2.5281
      C(   2), C(   5)   2.5259
      C(   2), C(   6)   2.9465            4.080   0.0270     0.4278  1,4       
      C(   2), H(   7)   2.1665
      C(   2), H(   8)   2.1646
      C(   2), H(  10)   2.1783
      C(   2), H(  11)   2.1833
      C(   2), H(  12)   3.4845   3.4075   3.560   0.0230    -0.0238  1,4       
      C(   2), H(  13)   3.4930   3.4153   3.560   0.0230    -0.0240  1,4       
      C(   2), H(  14)   2.8198   2.7825   3.560   0.0230     0.1305  1,4       
      C(   2), H(  15)   3.3861   3.3412   3.560   0.0230    -0.0214            
      C(   2), H(  16)   3.9448   3.8657   3.560   0.0230    -0.0223            
      C(   2), F(  18)   2.9896            3.750   0.0450     0.1854  1,4       
      C(   3), C(   4)   2.9583            4.080   0.0270     0.4088  1,4       
      C(   3), C(   6)   2.5279
      C(   3), H(   7)   3.4862   3.4091   3.560   0.0230    -0.0239  1,4       
      C(   3), H(   8)   2.8234   2.7860   3.560   0.0230     0.1280  1,4       
      C(   3), H(   9)   2.1815
      C(   3), H(  12)   3.9505   3.8718   3.560   0.0230    -0.0222            
      C(   3), H(  13)   2.1815
      C(   3), H(  14)   2.1768
      C(   3), H(  15)   2.8234   2.7860   3.560   0.0230     0.1280  1,4       
      C(   3), H(  16)   3.4862   3.4091   3.560   0.0230    -0.0239  1,4       
      C(   3), H(  17)   2.1768
      C(   3), F(  18)   3.5812            3.750   0.0450    -0.0462            
      C(   4), C(   5)   2.5281
      C(   4), H(   7)   2.1620
      C(   4), H(   8)   2.1565
      C(   4), H(   9)   3.4876   3.4103   3.560   0.0230    -0.0239  1,4       
      C(   4), H(  10)   3.3759   3.3323   3.560   0.0230    -0.0209            
      C(   4), H(  11)   3.9694   3.8895   3.560   0.0230    -0.0219            
      C(   4), H(  13)   3.4876   3.4103   3.560   0.0230    -0.0239  1,4       
      C(   4), H(  14)   2.8373   2.7990   3.560   0.0230     0.1190  1,4       
      C(   4), H(  15)   2.1565
      C(   4), H(  16)   2.1620
      C(   4), H(  17)   2.8373   2.7990   3.560   0.0230     0.1190  1,4       
      C(   5), H(   7)   3.9448   3.8657   3.560   0.0230    -0.0223            
      C(   5), H(   8)   3.3861   3.3412   3.560   0.0230    -0.0214            
      C(   5), H(   9)   3.4930   3.4153   3.560   0.0230    -0.0240  1,4       
      C(   5), H(  10)   2.1783
      C(   5), H(  11)   2.1833
      C(   5), H(  12)   3.4845   3.4075   3.560   0.0230    -0.0238  1,4       
      C(   5), H(  15)   2.1646
      C(   5), H(  16)   2.1665
      C(   5), H(  17)   2.8198   2.7825   3.560   0.0230     0.1305  1,4       
      C(   5), F(  18)   2.9896            3.750   0.0450     0.1854  1,4       
      C(   6), H(   7)   3.4709   3.3938   3.560   0.0230    -0.0234  1,4       
      C(   6), H(   8)   2.8249   2.7864   3.560   0.0230     0.1277  1,4       
      C(   6), H(   9)   3.9544   3.8747   3.560   0.0230    -0.0221            
      C(   6), H(  10)   2.8237   2.7862   3.560   0.0230     0.1278  1,4       
      C(   6), H(  11)   3.4932   3.4157   3.560   0.0230    -0.0240  1,4       
      C(   6), H(  12)   2.1599
      C(   6), H(  13)   2.1763
      C(   6), H(  14)   2.1731
      C(   6), H(  17)   3.3759   3.3316   3.560   0.0230    -0.0209            
      C(   6), F(  18)   2.3920
      H(   7), H(   8)   1.7859
      H(   7), H(   9)   2.5158   2.4290   3.240   0.0200     0.2024  1,4       
      H(   7), H(  10)   3.8369   3.7195   3.240   0.0200    -0.0158            
      H(   7), H(  11)   4.3274   4.1888   3.240   0.0200    -0.0090            
      H(   7), H(  12)   2.5166   2.4284   3.240   0.0200     0.2030  1,4       
      H(   7), H(  13)   4.9995   4.8360   3.240   0.0200    -0.0040            
      H(   7), H(  14)   4.1866   4.0894   3.240   0.0200    -0.0102            
      H(   7), H(  15)   3.8390   3.7203   3.240   0.0200    -0.0158            
      H(   7), H(  16)   4.3024   4.1646   3.240   0.0200    -0.0092            
      H(   7), H(  17)   2.4697   2.3881   3.240   0.0200     0.2497  1,4       
      H(   7), F(  18)   2.6071   2.5742   3.330   0.0387     0.2587  1,4       
      H(   8), H(   9)   2.4692   2.3878   3.240   0.0200     0.2501  1,4       
      H(   8), H(  10)   2.6638   2.6533   3.240   0.0200     0.0494            
      H(   8), H(  11)   3.8371   3.7200   3.240   0.0200    -0.0158            
      H(   8), H(  12)   2.4474   2.3670   3.240   0.0200     0.2775  1,4       
      H(   8), H(  13)   4.2121   4.1129   3.240   0.0200    -0.0099            
      H(   8), H(  14)   4.0814   3.9612   3.240   0.0200    -0.0119            
      H(   8), H(  15)   2.6841   2.6709   3.240   0.0200     0.0427            
      H(   8), H(  16)   3.8390   3.7203   3.240   0.0200    -0.0158            
      H(   8), H(  17)   3.0867   2.9366   3.240   0.0200    -0.0116  1,4       
      H(   8), F(  18)   3.3445   3.2675   3.330   0.0387    -0.0428  1,4       
      H(   9), H(  10)   2.4900   2.4072   3.240   0.0200     0.2266  1,4       
      H(   9), H(  11)   2.5297   2.4426   3.240   0.0200     0.1883  1,4       
      H(   9), H(  12)   4.3167   4.1790   3.240   0.0200    -0.0091            
      H(   9), H(  13)   4.3384   4.1988   3.240   0.0200    -0.0089            
      H(   9), H(  14)   3.8365   3.7192   3.240   0.0200    -0.0158            
      H(   9), H(  15)   4.2121   4.1129   3.240   0.0200    -0.0099            
      H(   9), H(  16)   4.9995   4.8360   3.240   0.0200    -0.0040            
      H(   9), H(  17)   1.7874
      H(   9), F(  18)   3.9954   3.9158   3.330   0.0387    -0.0277            
      H(  10), H(  11)   1.7895
      H(  10), H(  12)   4.1761   4.0808   3.240   0.0200    -0.0103            
      H(  10), H(  13)   2.4900   2.4072   3.240   0.0200     0.2266  1,4       
      H(  10), H(  14)   3.0975   2.9470   3.240   0.0200    -0.0125  1,4       
      H(  10), H(  15)   2.6638   2.6533   3.240   0.0200     0.0494            
      H(  10), H(  16)   3.8369   3.7195   3.240   0.0200    -0.0158            
      H(  10), H(  17)   3.0975   2.9470   3.240   0.0200    -0.0125  1,4       
      H(  10), F(  18)   4.3156   4.2532   3.330   0.0387    -0.0185            
      H(  11), H(  12)   5.0088   4.8454   3.240   0.0200    -0.0040            
      H(  11), H(  13)   2.5297   2.4426   3.240   0.0200     0.1883  1,4       
      H(  11), H(  14)   2.4879   2.4055   3.240   0.0200     0.2286  1,4       
      H(  11), H(  15)   3.8371   3.7200   3.240   0.0200    -0.0158            
      H(  11), H(  16)   4.3274   4.1888   3.240   0.0200    -0.0090            
      H(  11), H(  17)   2.4879   2.4055   3.240   0.0200     0.2286  1,4       
      H(  11), F(  18)   4.3616   4.2963   3.330   0.0387    -0.0175            
      H(  12), H(  13)   4.3167   4.1790   3.240   0.0200    -0.0091            
      H(  12), H(  14)   3.8536   3.7347   3.240   0.0200    -0.0156            
      H(  12), H(  15)   2.4474   2.3670   3.240   0.0200     0.2775  1,4       
      H(  12), H(  16)   2.5166   2.4284   3.240   0.0200     0.2030  1,4       
      H(  12), H(  17)   3.8536   3.7347   3.240   0.0200    -0.0156            
      H(  12), F(  18)   2.0415
      H(  13), H(  14)   1.7874
      H(  13), H(  15)   2.4692   2.3878   3.240   0.0200     0.2501  1,4       
      H(  13), H(  16)   2.5158   2.4290   3.240   0.0200     0.2024  1,4       
      H(  13), H(  17)   3.8365   3.7192   3.240   0.0200    -0.0158            
      H(  13), F(  18)   3.9954   3.9158   3.330   0.0387    -0.0277            
      H(  14), H(  15)   3.0867   2.9366   3.240   0.0200    -0.0116  1,4       
      H(  14), H(  16)   2.4697   2.3881   3.240   0.0200     0.2497  1,4       
      H(  14), H(  17)   2.6562   2.6462   3.240   0.0200     0.0523            
      H(  14), F(  18)   2.7344   2.7388   3.330   0.0387     0.0871            
      H(  15), H(  16)   1.7859
      H(  15), H(  17)   4.0814   3.9612   3.240   0.0200    -0.0119            
      H(  15), F(  18)   3.3445   3.2675   3.330   0.0387    -0.0428  1,4       
      H(  16), H(  17)   4.1866   4.0894   3.240   0.0200    -0.0102            
      H(  16), F(  18)   2.6071   2.5742   3.330   0.0387     0.2587  1,4       
      H(  17), F(  18)   2.7344   2.7388   3.330   0.0387     0.0871            


      BOND ANGLES, BENDING AND STRETCH-BEND ENERGIES   (   36 ANGLES)

          EB = 0.021914(KB)(DT)(DT)(1+CF*DT+QF*DT**2+PF*DT**3+SF*DT**4)
                          DT = THETA-TZERO
                          CF = -1400.000E-5
                          QF =     5.600E-5
                          PF =    -0.070E-5
                          SF =     0.022E-6
          ESB(J) = 2.51124(KSB(J))(DT)(DR1+DR2)
                          DR(I) = R(I) - R0(I)
          EBDBD  = -0.02191418(KBB1)(DT1)(KBB2)(DT2)

          A T O M S            THETA    TZERO     KB     EB     KSB    ESB
   C(   2)- C(   1)- C(   4)  112.288  111.000  0.670  0.0239  0.13  0.0111     
   C(   2)- C(   1)- H(   7)  109.291  109.310  0.590  0.0000  0.08 -0.0001     
   C(   2)- C(   1)- H(   8)  109.150  109.310  0.590  0.0003  0.08 -0.0005     
   C(   4)- C(   1)- H(   7)  109.753  109.310  0.590  0.0025  0.08  0.0015     
   C(   4)- C(   1)- H(   8)  109.337  109.310  0.590  0.0000  0.08  0.0001     
   H(   7)- C(   1)- H(   8)  106.870  107.600  0.550  0.0065                   
   C(   1)- C(   2)- C(   3)  111.248  111.000  0.670  0.0009  0.13  0.0018     
   C(   1)- C(   2)- H(   9)  109.885  109.310  0.590  0.0042  0.08  0.0017     
   C(   1)- C(   2)- H(  17)  109.648  109.310  0.590  0.0015  0.08  0.0010     
   C(   3)- C(   2)- H(   9)  109.844  109.310  0.590  0.0037  0.08  0.0014     
   C(   3)- C(   2)- H(  17)  109.489  109.310  0.590  0.0004  0.08  0.0004     
   H(   9)- C(   2)- H(  17)  106.617  107.600  0.550  0.0118                   
   C(   2)- C(   3)- C(   5)  110.764  111.000  0.670  0.0008  0.13 -0.0015     
   C(   2)- C(   3)- H(  10)  109.604  109.310  0.590  0.0011  0.08  0.0007     
   C(   2)- C(   3)- H(  11)  109.991  109.310  0.590  0.0059  0.08  0.0017     
   C(   5)- C(   3)- H(  10)  109.604  109.310  0.590  0.0011  0.08  0.0007     
   C(   5)- C(   3)- H(  11)  109.991  109.310  0.590  0.0059  0.08  0.0017     
   H(  10)- C(   3)- H(  11)  106.804  107.600  0.550  0.0077                   
   C(   1)- C(   4)- C(   6)  111.924  110.200  0.670  0.0426  0.13  0.0157     
   C(   1)- C(   4)- H(  12)  109.569  109.800  0.590  0.0007  0.08 -0.0008     
   C(   1)- C(   4)- F(  18)  109.283  108.300  0.920  0.0192  0.13  0.0055     
   C(   6)- C(   4)- H(  12)  109.569  109.800  0.590  0.0007  0.08 -0.0008     
   C(   6)- C(   4)- F(  18)  109.283  108.300  0.920  0.0192  0.13  0.0055     
   H(  12)- C(   4)- F(  18)  107.090  108.500  0.720  0.0320  0.08 -0.0020     
   C(   3)- C(   5)- C(   6)  111.248  111.000  0.670  0.0009  0.13  0.0018     
   C(   3)- C(   5)- H(  13)  109.844  109.310  0.590  0.0037  0.08  0.0014     
   C(   3)- C(   5)- H(  14)  109.489  109.310  0.590  0.0004  0.08  0.0004     
   C(   6)- C(   5)- H(  13)  109.885  109.310  0.590  0.0042  0.08  0.0017     
   C(   6)- C(   5)- H(  14)  109.648  109.310  0.590  0.0015  0.08  0.0010     
   H(  13)- C(   5)- H(  14)  106.617  107.600  0.550  0.0118                   
   C(   4)- C(   6)- C(   5)  112.288  111.000  0.670  0.0239  0.13  0.0111     
   C(   4)- C(   6)- H(  15)  109.337  109.310  0.590  0.0000  0.08  0.0001     
   C(   4)- C(   6)- H(  16)  109.753  109.310  0.590  0.0025  0.08  0.0015     
   C(   5)- C(   6)- H(  15)  109.150  109.310  0.590  0.0003  0.08 -0.0005     
   C(   5)- C(   6)- H(  16)  109.291  109.310  0.590  0.0000  0.08 -0.0001     
   H(  15)- C(   6)- H(  16)  106.870  107.600  0.550  0.0065                   


     DIHEDRAL ANGLES, TORSIONAL ENERGY (ET)   (   54 ANGLES)

           ET = (V1/2)(1+COS(W))+(V2/2)(1-COS(2W))+(V3/2)(1+COS(3W))

           ETS = -11.995*(R-R0)((KTS1/2)(1+COS(W))+
                                (KTS2/2)(1-COS(2W)+
                                (KTS3/2)(1+COS(3W))

           SIGN OF ANGLE A-B-C-D : WHEN LOOKING THROUGH B TOWARD C,
           IF D IS COUNTERCLOCKWISE FROM A, NEGATIVE.

         A T O M S               OMEGA    V1     V2     V3     ET   KTS3   ETS
 C(   1) C(   2) C(   3) C(   5)  55.1  0.185  0.170  0.520  0.268 0.059 0.000  
 C(   1) C(   2) C(   3) H(  10) -65.9  0.000  0.000  0.280  0.007 0.059 0.000  
 C(   1) C(   2) C(   3) H(  11) 177.0  0.000  0.000  0.280  0.002 0.059 0.000  
 C(   1) C(   4) C(   6) C(   5) -53.2  0.185  0.170  0.520  0.273 0.059 0.000  
 C(   1) C(   4) C(   6) H(  15)  68.1  0.000  0.000  0.280  0.012 0.059 0.000  
 C(   1) C(   4) C(   6) H(  16)-175.0  0.000  0.000  0.280  0.005 0.059 0.000  
 C(   2) C(   1) C(   4) C(   6)  53.2  0.185  0.170  0.520  0.273 0.059 0.000  
 C(   2) C(   1) C(   4) H(  12) 175.0  0.000  0.000  0.280  0.005 0.059 0.000  
 C(   2) C(   1) C(   4) F(  18) -68.0  0.200  0.000  0.300  0.150 0.059 0.000  
 C(   2) C(   3) C(   5) C(   6) -55.1  0.185  0.170  0.520  0.268 0.059 0.000  
 C(   2) C(   3) C(   5) H(  13)-177.0  0.000  0.000  0.280  0.002 0.059 0.000  
 C(   2) C(   3) C(   5) H(  14)  66.2  0.000  0.000  0.280  0.007 0.059 0.000  
 C(   3) C(   2) C(   1) C(   4) -54.4  0.185  0.170  0.520  0.270 0.059 0.000  
 C(   3) C(   2) C(   1) H(   7)-176.5  0.000  0.000  0.280  0.002 0.059 0.000  
 C(   3) C(   2) C(   1) H(   8)  67.0  0.000  0.000  0.280  0.009 0.059 0.000  
 C(   3) C(   5) C(   6) C(   4)  54.4  0.185  0.170  0.520  0.270 0.059 0.000  
 C(   3) C(   5) C(   6) H(  15) -67.0  0.000  0.000  0.280  0.009 0.059 0.000  
 C(   3) C(   5) C(   6) H(  16) 176.5  0.000  0.000  0.280  0.002 0.059 0.000  
 C(   4) C(   1) C(   2) H(   9)-176.3  0.000  0.000  0.280  0.003 0.059 0.000  
 C(   4) C(   1) C(   2) H(  17)  66.8  0.000  0.000  0.280  0.009 0.059 0.000  
 C(   4) C(   6) C(   5) H(  13) 176.3  0.000  0.000  0.280  0.003 0.059 0.000  
 C(   4) C(   6) C(   5) H(  14) -66.8  0.000  0.000  0.280  0.009 0.059 0.000  
 C(   5) C(   3) C(   2) H(   9) 177.0  0.000  0.000  0.280  0.002 0.059 0.000  
 C(   5) C(   3) C(   2) H(  17) -66.2  0.000  0.000  0.280  0.007 0.059 0.000  
 C(   5) C(   6) C(   4) H(  12)-175.0  0.000  0.000  0.280  0.005 0.059 0.000  
 C(   5) C(   6) C(   4) F(  18)  68.0  0.200  0.000  0.300  0.150 0.059 0.000  
 C(   6) C(   4) C(   1) H(   7) 175.0  0.000  0.000  0.280  0.005 0.059 0.000  
 C(   6) C(   4) C(   1) H(   8) -68.1  0.000  0.000  0.280  0.012 0.059 0.000  
 C(   6) C(   5) C(   3) H(  10)  65.9  0.000  0.000  0.280  0.007 0.059 0.000  
 C(   6) C(   5) C(   3) H(  11)-177.0  0.000  0.000  0.280  0.002 0.059 0.000  
 H(   7) C(   1) C(   2) H(   9)  61.7  0.000  0.000  0.238  0.000 0.059 0.000  
 H(   7) C(   1) C(   2) H(  17) -55.2  0.000  0.000  0.238  0.004 0.059 0.000  
 H(   7) C(   1) C(   4) H(  12) -63.2  0.000  0.000  0.238  0.002 0.059 0.000  
 H(   7) C(   1) C(   4) F(  18)  53.8 -0.460  1.190  0.327  0.418 0.059 0.000  
 H(   8) C(   1) C(   2) H(   9) -54.9  0.000  0.000  0.238  0.004 0.059 0.000  
 H(   8) C(   1) C(   2) H(  17)-171.8  0.000  0.000  0.238  0.011 0.059 0.000  
 H(   8) C(   1) C(   4) H(  12)  53.7  0.000  0.000  0.238  0.006 0.059 0.000  
 H(   8) C(   1) C(   4) F(  18) 170.7 -0.460  1.190  0.327  0.047 0.059-0.001  
 H(   9) C(   2) C(   3) H(  10)  56.0  0.000  0.000  0.238  0.003 0.059 0.000  
 H(   9) C(   2) C(   3) H(  11) -61.2  0.000  0.000  0.238  0.000 0.059 0.000  
 H(  10) C(   3) C(   2) H(  17) 172.7  0.000  0.000  0.238  0.009 0.059 0.000  
 H(  10) C(   3) C(   5) H(  13) -56.0  0.000  0.000  0.238  0.003 0.059 0.000  
 H(  10) C(   3) C(   5) H(  14)-172.7  0.000  0.000  0.238  0.009 0.059 0.000  
 H(  11) C(   3) C(   2) H(  17)  55.6  0.000  0.000  0.238  0.003 0.059 0.000  
 H(  11) C(   3) C(   5) H(  13)  61.2  0.000  0.000  0.238  0.000 0.059 0.000  
 H(  11) C(   3) C(   5) H(  14) -55.6  0.000  0.000  0.238  0.003 0.059 0.000  
 H(  12) C(   4) C(   6) H(  15) -53.7  0.000  0.000  0.238  0.006 0.059 0.000  
 H(  12) C(   4) C(   6) H(  16)  63.2  0.000  0.000  0.238  0.002 0.059 0.000  
 H(  13) C(   5) C(   6) H(  15)  54.9  0.000  0.000  0.238  0.004 0.059 0.000  
 H(  13) C(   5) C(   6) H(  16) -61.7  0.000  0.000  0.238  0.000 0.059 0.000  
 H(  14) C(   5) C(   6) H(  15) 171.8  0.000  0.000  0.238  0.011 0.059 0.000  
 H(  14) C(   5) C(   6) H(  16)  55.2  0.000  0.000  0.238  0.004 0.059 0.000  
 H(  15) C(   6) C(   4) F(  18)-170.7 -0.460  1.190  0.327  0.047 0.059-0.001  
 H(  16) C(   6) C(   4) F(  18) -53.8 -0.460  1.190  0.327  0.418 0.059 0.000  


 ==============================================================================
                        NORMAL MODE VIBRATIONAL ANALYSIS
 ==============================================================================


             Molecular Shape : ASYMMETRIC ROTOR WITH KAPPA =-0.216964
        Symmetry Point Group : Cs  
             Symmetry Number :  1
                   Chirality :  no



0       FUNDAMENTAL NORMAL VIBRATIONAL FREQUENCIES
                ( THEORETICALLY  48 VALUES )

             Frequency :  in 1/cm
             A(i)      :  IR intensity (vs,s,m,w,vw,-- or in 10**6 cm/mole)
             A(i) = -- :  IR inactive


             no       Frequency   Symmetry      A(i)

             1.          2959.3     (A`  )        m
             2.          2955.5     (A`  )        s
             3.          2954.0     (A"  )        m
             4.          2928.7     (A`  )        s
             5.          2925.5     (A`  )        m
             6.          2925.4     (A"  )        m
             7.          2902.6     (A"  )        m
             8.          2901.9     (A`  )        w
             9.          2882.7     (A`  )        m
            10.          2873.7     (A"  )        m
            11.          2866.4     (A`  )        m
            12.          1484.9     (A`  )        w
            13.          1470.5     (A`  )        w
            14.          1467.4     (A"  )        w
            15.          1465.2     (A"  )        w
            16.          1461.6     (A`  )        w
            17.          1452.0     (A"  )        w
            18.          1440.4     (A`  )        w
            19.          1424.3     (A`  )        w
            20.          1411.9     (A"  )        w
            21.          1381.1     (A`  )        m
            22.          1365.3     (A"  )        w
            23.          1341.6     (A"  )        w
            24.          1253.2     (A`  )        w
            25.          1228.5     (A"  )       vw
            26.          1219.9     (A`  )        w
            27.          1204.7     (A"  )       vw
            28.          1203.6     (A"  )       vw
            29.          1122.7     (A`  )        w
            30.          1094.0     (A"  )        w
            31.          1042.1     (A"  )       vw
            32.          1030.3     (A`  )        w
            33.           989.7     (A`  )        w
            34.           927.0     (A"  )        w
            35.           875.3     (A`  )        w
            36.           858.0     (A"  )        w
            37.           847.3     (A`  )        w
            38.           826.6     (A`  )        w
            39.           791.7     (A"  )        w
            40.           758.8     (A`  )        w
            41.           624.6     (A`  )        w
            42.           484.7     (A`  )        w
            43.           459.3     (A"  )        w
            44.           385.2     (A`  )        w
            45.           379.3     (A"  )        w
            46.           300.0     (A`  )        w
            47.           209.3     (A"  )        w
            48.           154.4     (A`  )        w
            49.     (       0.0)    (t/r )
            50.     (       0.0)    (t/r )
            51.     (       0.0)    (t/r )
            52.     (       0.0)    (t/r )
            53.     (       0.0)    (t/r )
            54.     (       0.0)    (t/r )


0       CORRESPONDING EIGEN VECTOR MATRIX   54 BY  54



 (  1)
     0.000   -0.006   -0.004    0.001   -0.001   -0.001    0.000    0.000
     0.000   -0.059    0.000   -0.057    0.001    0.001   -0.001    0.000
     0.006   -0.004    0.026    0.047   -0.007   -0.023    0.012    0.058
    -0.010    0.014    0.002   -0.001    0.000    0.001   -0.001    0.000
    -0.001    0.689    0.000    0.648   -0.010   -0.014    0.002   -0.003
     0.000    0.008   -0.023   -0.012    0.058    0.026   -0.047   -0.007
    -0.003    0.000    0.008   -0.001    0.000    0.001

 (  2)
    -0.036   -0.029    0.045   -0.001    0.001    0.002    0.001    0.000
     0.004    0.000    0.000   -0.002   -0.001   -0.001    0.002   -0.036
     0.029    0.045    0.267    0.381   -0.082    0.151   -0.038   -0.444
     0.007   -0.011   -0.002    0.011    0.000   -0.022   -0.021    0.000
    -0.018    0.005    0.000    0.008    0.007    0.011   -0.002    0.004
    -0.002   -0.029    0.151    0.038   -0.444    0.267   -0.381   -0.082
     0.004    0.002   -0.029    0.000    0.000    0.000

 (  3)
    -0.035   -0.029    0.045   -0.001    0.001    0.002    0.000    0.000
     0.000    0.000    0.001    0.000    0.001    0.001   -0.002    0.035
    -0.029   -0.045    0.266    0.380   -0.082    0.152   -0.037   -0.447
     0.008   -0.012   -0.002    0.000    0.001    0.000    0.000    0.000
     0.000    0.000    0.000    0.000   -0.008   -0.012    0.002   -0.003
     0.001    0.029   -0.152   -0.037    0.446   -0.266    0.380    0.082
     0.003    0.001   -0.029    0.000   -0.001    0.000

 (  4)
     0.002    0.002   -0.002   -0.023    0.019    0.030    0.014    0.000
     0.066   -0.001    0.000   -0.001   -0.023   -0.019    0.030    0.002
    -0.002   -0.002   -0.021   -0.029    0.007   -0.011    0.002    0.017
     0.169   -0.247   -0.048    0.214    0.000   -0.458   -0.372    0.000
    -0.322    0.014    0.000    0.013    0.169    0.247   -0.048    0.106
    -0.025   -0.305   -0.011   -0.002    0.017   -0.021    0.029    0.007
     0.106    0.025   -0.305    0.000    0.000    0.000

 (  5)
     0.001    0.002    0.001   -0.027    0.024    0.033   -0.015    0.000
    -0.059   -0.001    0.000   -0.001   -0.026   -0.024    0.032    0.001
    -0.002    0.001   -0.013   -0.018    0.004    0.001   -0.001   -0.018
     0.206   -0.301   -0.059   -0.170    0.000    0.381    0.355    0.000
     0.307    0.019    0.000    0.018    0.202    0.296   -0.058    0.103
    -0.015   -0.318    0.001    0.001   -0.018   -0.013    0.018    0.004
     0.104    0.016   -0.323    0.000    0.000    0.000

 (  6)
     0.003    0.003   -0.001   -0.035    0.030    0.044    0.000   -0.001
     0.000    0.000    0.000    0.000    0.035    0.030   -0.045   -0.003
     0.003    0.001   -0.025   -0.035    0.008   -0.006    0.000   -0.004
     0.262   -0.383   -0.075    0.001    0.011   -0.002   -0.002    0.000
    -0.002    0.000    0.000    0.000   -0.264   -0.386    0.076   -0.150
     0.029    0.448    0.006    0.000    0.005    0.025   -0.035   -0.008
     0.149    0.028   -0.444    0.000    0.000    0.000

 (  7)
     0.011    0.038    0.034   -0.002    0.006   -0.011    0.000   -0.001
     0.000    0.000   -0.004    0.000    0.002    0.006    0.011   -0.011
     0.038   -0.034   -0.262   -0.382    0.065    0.143   -0.053   -0.445
     0.047   -0.064   -0.005    0.000   -0.001    0.000    0.000    0.002
     0.000    0.000    0.011    0.000   -0.047   -0.064    0.005    0.037
    -0.011   -0.117   -0.143   -0.053    0.445    0.262   -0.382   -0.065
    -0.037   -0.011    0.117    0.000    0.000    0.000

 (  8)
     0.011    0.037    0.033   -0.002    0.007   -0.012   -0.005    0.000
     0.003   -0.005    0.000   -0.008   -0.002   -0.007   -0.012    0.011
    -0.037    0.033   -0.258   -0.375    0.063    0.140   -0.052   -0.440
     0.052   -0.072   -0.006    0.028    0.000   -0.057    0.026    0.000
     0.018    0.078    0.000    0.082    0.052    0.072   -0.006   -0.040
     0.012    0.128    0.140    0.052   -0.440   -0.258    0.375    0.063
    -0.040   -0.012    0.128    0.000    0.000    0.000

 (  9)
     0.002    0.009    0.006    0.004   -0.026    0.023    0.055    0.000
    -0.015   -0.001    0.000   -0.001    0.004    0.026    0.023    0.002
    -0.009    0.006   -0.056   -0.088    0.018    0.028   -0.011   -0.090
    -0.156    0.247    0.036   -0.237    0.000    0.470   -0.378    0.000
    -0.299    0.012    0.000    0.013   -0.156   -0.247    0.036    0.093
    -0.029   -0.299    0.028    0.011   -0.090   -0.056    0.088    0.018
     0.093    0.029   -0.299    0.000    0.000    0.000

 ( 10)
     0.001    0.009    0.005    0.010   -0.038    0.033    0.000    0.004
     0.000    0.000   -0.001    0.000   -0.010   -0.038   -0.033   -0.001
     0.009   -0.005   -0.056   -0.091    0.020    0.029   -0.011   -0.090
    -0.261    0.392    0.060    0.000    0.000    0.000    0.000   -0.011
     0.000    0.000    0.002    0.000    0.261    0.392   -0.060   -0.138
     0.044    0.442   -0.029   -0.011    0.090    0.056   -0.091   -0.020
     0.138    0.044   -0.442    0.000    0.000    0.000

 ( 11)
     0.000   -0.006   -0.003   -0.010    0.028   -0.024    0.048    0.000
    -0.009    0.000    0.000    0.001   -0.010   -0.028   -0.024    0.000
     0.006   -0.003    0.034    0.056   -0.013   -0.018    0.007    0.055
     0.205   -0.298   -0.047   -0.202    0.000    0.396   -0.356    0.000
    -0.292   -0.006    0.000   -0.007    0.205    0.298   -0.047   -0.101
     0.033    0.327   -0.018   -0.007    0.055    0.034   -0.056   -0.013
    -0.101   -0.033    0.327    0.000    0.000    0.000

 ( 12)
     0.041   -0.047   -0.020   -0.007    0.010   -0.006   -0.001    0.000
     0.002   -0.129    0.000    0.121   -0.007   -0.010   -0.006    0.041
     0.047   -0.020   -0.199    0.139    0.121    0.069    0.116   -0.039
    -0.038   -0.012    0.024    0.001    0.000    0.005    0.007    0.000
    -0.008    0.348    0.000   -0.388   -0.038    0.012    0.024    0.052
     0.032    0.007    0.069   -0.116   -0.039   -0.199   -0.139    0.121
     0.052   -0.032    0.007    0.033    0.000   -0.036

 ( 13)
     0.071    0.001    0.045   -0.075   -0.009   -0.042    0.044    0.000
     0.004   -0.018    0.000   -0.009   -0.075    0.009   -0.042    0.071
    -0.001    0.045   -0.055    0.045   -0.255   -0.262   -0.116   -0.045
     0.093    0.071    0.223   -0.138    0.000   -0.091   -0.041    0.000
     0.126   -0.048    0.000    0.015    0.093   -0.071    0.223    0.240
     0.082    0.047   -0.262    0.116   -0.045   -0.055   -0.045   -0.255
     0.240   -0.082    0.047    0.000    0.000   -0.001

 ( 14)
    -0.020   -0.037   -0.026    0.056    0.074    0.008    0.000   -0.118
     0.000    0.000    0.032    0.000   -0.056    0.074   -0.008    0.020
    -0.037    0.026   -0.092    0.040    0.190    0.145    0.194   -0.004
    -0.169   -0.080    0.094    0.000    0.249    0.000    0.000    0.207
     0.000    0.000   -0.138    0.000    0.169   -0.080   -0.094    0.056
    -0.240    0.060   -0.145    0.194    0.004    0.092    0.040   -0.190
    -0.056   -0.240   -0.060    0.000   -0.001    0.000

 ( 15)
     0.054    0.001    0.040   -0.040    0.033   -0.043    0.000   -0.036
     0.000    0.000    0.004    0.000    0.040    0.033    0.043   -0.054
     0.001   -0.040   -0.050    0.026   -0.258   -0.226   -0.127   -0.032
    -0.030   -0.005    0.329    0.000    0.064    0.000    0.000    0.149
     0.000    0.000    0.075    0.000    0.030   -0.005   -0.329   -0.232
    -0.253   -0.010    0.226   -0.127    0.032    0.050    0.026    0.258
     0.232   -0.253    0.010    0.000    0.000    0.000

 ( 16)
     0.000    0.001    0.006    0.026    0.054   -0.014   -0.080    0.000
     0.008    0.007    0.000   -0.005    0.026   -0.054   -0.014    0.000
    -0.001    0.006   -0.016   -0.004   -0.080   -0.034   -0.050    0.001
    -0.176   -0.114    0.242    0.386    0.000    0.250    0.223    0.000
    -0.388   -0.022    0.000    0.026   -0.176    0.114    0.242    0.081
     0.291   -0.034   -0.034    0.050    0.001   -0.016    0.004   -0.080
     0.081   -0.291   -0.034   -0.002    0.000    0.002

 ( 17)
     0.065   -0.074    0.001   -0.054   -0.027   -0.020    0.000    0.064
     0.000    0.000    0.086    0.000    0.054   -0.027    0.020   -0.065
    -0.074   -0.001   -0.181    0.125    0.191   -0.045    0.332   -0.086
     0.040    0.029    0.031    0.000   -0.147    0.000    0.000   -0.078
     0.000    0.000   -0.188    0.000   -0.040    0.029   -0.031   -0.144
     0.055   -0.051    0.045    0.332    0.086    0.181    0.125   -0.191
     0.144    0.055    0.051    0.000   -0.003    0.000

 ( 18)
     0.002   -0.034   -0.010   -0.011    0.016   -0.019    0.023    0.000
    -0.004    0.042    0.000   -0.069   -0.011   -0.016   -0.019    0.002
     0.034   -0.010   -0.090    0.082    0.300    0.115    0.365   -0.017
    -0.043   -0.040    0.206   -0.180    0.000   -0.107   -0.105    0.000
     0.154   -0.198    0.000    0.174   -0.043    0.040    0.206    0.127
     0.195    0.003    0.115   -0.365   -0.017   -0.090   -0.082    0.300
     0.127   -0.195    0.003   -0.017    0.000    0.018

 ( 19)
    -0.057    0.039   -0.021    0.037    0.027   -0.002    0.025    0.000
    -0.017   -0.005    0.000    0.053    0.037   -0.027   -0.002   -0.057
    -0.039   -0.021    0.144   -0.107   -0.061    0.141   -0.229    0.072
    -0.088   -0.093    0.191   -0.316    0.000   -0.189   -0.230    0.000
     0.291    0.164    0.000   -0.110   -0.088    0.093    0.191    0.021
     0.248   -0.033    0.141    0.229    0.072    0.144    0.107   -0.061
     0.021   -0.248   -0.033    0.010    0.000   -0.012

 ( 20)
    -0.051    0.038   -0.028   -0.015   -0.017   -0.027    0.000    0.077
     0.000    0.000   -0.065    0.000    0.015   -0.017    0.027    0.051
     0.038    0.028    0.105   -0.017    0.228    0.265    0.042    0.076
     0.011   -0.062    0.301    0.000   -0.223    0.000    0.000   -0.163
     0.000    0.000    0.138    0.000   -0.011   -0.062   -0.301   -0.205
    -0.193   -0.026   -0.265    0.042   -0.076   -0.105   -0.017   -0.228
     0.205   -0.193    0.026    0.000    0.003    0.000

 ( 21)
     0.042   -0.038    0.027    0.065    0.049    0.027   -0.011    0.000
    -0.017   -0.008    0.000   -0.028    0.065   -0.049    0.027    0.042
     0.038    0.027   -0.192    0.078   -0.182   -0.220    0.036   -0.066
    -0.233   -0.117   -0.158   -0.178    0.000   -0.099   -0.175    0.000
     0.168   -0.102    0.000    0.059   -0.233    0.117   -0.158   -0.246
     0.076   -0.083   -0.220   -0.036   -0.066   -0.192   -0.078   -0.182
    -0.246   -0.076   -0.083   -0.005    0.000    0.005

 ( 22)
     0.019    0.013    0.011   -0.041   -0.012   -0.014    0.000   -0.080
     0.000    0.000   -0.111    0.000    0.041   -0.012    0.014   -0.019
     0.013   -0.011   -0.099    0.128    0.140    0.059    0.138    0.015
     0.175    0.144   -0.043    0.000    0.230    0.000    0.000    0.311
     0.000    0.000    0.513    0.000   -0.175    0.144    0.043   -0.047
     0.143   -0.026   -0.059    0.138   -0.015    0.099    0.128   -0.140
     0.047    0.143    0.026    0.000    0.004    0.000

 ( 23)
    -0.034    0.016   -0.022   -0.049   -0.026   -0.014    0.000   -0.065
     0.000    0.000    0.079    0.000    0.049   -0.026    0.014    0.034
     0.016    0.022    0.214   -0.141    0.054    0.096   -0.086    0.028
     0.216    0.142    0.060    0.000    0.224    0.000    0.000    0.294
     0.000    0.000   -0.452    0.000   -0.216    0.142   -0.060   -0.166
     0.112   -0.067   -0.096   -0.086   -0.028   -0.214   -0.141   -0.054
     0.166    0.112    0.067    0.000   -0.003    0.000

 ( 24)
     0.013   -0.005   -0.002    0.005    0.008   -0.024   -0.012    0.000
     0.020   -0.017    0.000    0.045    0.005   -0.008   -0.024    0.013
     0.005   -0.002   -0.266    0.171   -0.095    0.361   -0.223    0.135
    -0.046   -0.023   -0.048   -0.048    0.000    0.008    0.005    0.000
     0.002   -0.322    0.000    0.375   -0.046    0.023   -0.048    0.112
    -0.113    0.013    0.361    0.223    0.135   -0.266   -0.171   -0.095
     0.112    0.113    0.013   -0.002    0.000   -0.030

 ( 25)
    -0.003   -0.001    0.010    0.009    0.013   -0.041    0.000   -0.009
     0.000    0.000    0.000    0.000   -0.009    0.013    0.041    0.003
    -0.001   -0.010   -0.318    0.184   -0.150    0.308   -0.176    0.132
     0.081    0.057   -0.024    0.000   -0.435    0.000    0.000    0.272
     0.000    0.000   -0.203    0.000   -0.081    0.057    0.024    0.046
     0.042    0.067   -0.308   -0.176   -0.132    0.318    0.184    0.150
    -0.046    0.042   -0.067    0.000   -0.001    0.000

 ( 26)
     0.004   -0.008   -0.022    0.006    0.002    0.001   -0.034    0.000
     0.040    0.009    0.000   -0.011    0.006   -0.002    0.001    0.004
     0.008   -0.022    0.131   -0.089    0.015   -0.075    0.017   -0.057
    -0.351   -0.220   -0.116   -0.096    0.000    0.023   -0.044    0.000
     0.054    0.045    0.000   -0.050   -0.351    0.220   -0.116    0.398
    -0.248    0.148   -0.075   -0.017   -0.057    0.131    0.089    0.015
     0.398    0.248    0.148   -0.003    0.000    0.008

 ( 27)
     0.002   -0.004    0.021   -0.006    0.000   -0.023    0.000    0.001
     0.000    0.000    0.022    0.000    0.006    0.000    0.023   -0.002
    -0.004   -0.021    0.243   -0.157    0.101   -0.156    0.130   -0.042
     0.039    0.024    0.003    0.000   -0.522    0.000    0.000    0.487
     0.000    0.000    0.124    0.000   -0.039    0.024   -0.003    0.235
    -0.112    0.110    0.156    0.130    0.042   -0.243   -0.157   -0.101
    -0.235   -0.112   -0.110    0.000   -0.002    0.000

 ( 28)
    -0.014    0.013    0.014    0.007    0.000    0.009    0.000   -0.010
     0.000    0.000   -0.010    0.000   -0.007    0.000   -0.009    0.014
     0.013   -0.014   -0.083    0.056   -0.005   -0.077    0.072   -0.008
     0.402    0.238    0.176    0.000    0.090    0.000    0.000   -0.350
     0.000    0.000   -0.138    0.000   -0.402    0.238   -0.176    0.305
    -0.193    0.105    0.077    0.072    0.008    0.083    0.056    0.005
    -0.305   -0.193   -0.105    0.000   -0.001    0.000

 ( 29)
    -0.040    0.008    0.023    0.029    0.010   -0.028   -0.024    0.000
     0.029    0.050    0.000   -0.110    0.029   -0.010   -0.028   -0.040
    -0.008    0.023   -0.245    0.109   -0.175    0.137    0.022    0.084
     0.073    0.024    0.053   -0.075    0.000    0.010    0.008    0.000
    -0.006    0.311    0.000   -0.395    0.073   -0.024    0.053    0.064
    -0.124   -0.014    0.137   -0.022    0.084   -0.245   -0.109   -0.175
     0.064    0.124   -0.014   -0.020    0.000    0.083

 ( 30)
     0.041   -0.058    0.039   -0.027    0.001   -0.027    0.000    0.009
     0.000    0.000    0.130    0.000    0.027    0.001    0.027   -0.041
    -0.058   -0.039    0.112   -0.120   -0.011    0.305   -0.131    0.137
     0.014    0.026   -0.016    0.000    0.178    0.000    0.000   -0.157
     0.000    0.000    0.421    0.000   -0.014    0.026    0.016    0.124
    -0.063    0.066   -0.305   -0.131   -0.137   -0.112   -0.120    0.011
    -0.124   -0.063   -0.066    0.000   -0.009    0.000

 ( 31)
    -0.020   -0.030   -0.016    0.051    0.069    0.002    0.000   -0.111
     0.000    0.000    0.035    0.000   -0.051    0.069   -0.002    0.020
    -0.030    0.016    0.062   -0.097   -0.063   -0.033    0.060   -0.030
     0.145    0.138   -0.024    0.000   -0.404    0.000    0.000   -0.321
     0.000    0.000    0.213    0.000   -0.145    0.138    0.024   -0.256
     0.140   -0.071    0.033    0.060    0.030   -0.062   -0.097    0.063
     0.256    0.140    0.071    0.000   -0.001    0.000

 ( 32)
    -0.048    0.016   -0.072    0.049    0.010    0.080   -0.033    0.000
    -0.048    0.034    0.000    0.035    0.049   -0.010    0.080   -0.048
    -0.016   -0.072   -0.185    0.117   -0.055   -0.189    0.015   -0.124
     0.196    0.115    0.062    0.155    0.000    0.039   -0.177    0.000
     0.117   -0.025    0.000    0.100    0.196   -0.115    0.062    0.209
    -0.011    0.139   -0.189   -0.015   -0.124   -0.185   -0.117   -0.055
     0.209    0.011    0.139   -0.002    0.000   -0.018

 ( 33)
     0.031    0.001   -0.023   -0.066   -0.011    0.059    0.072    0.000
    -0.090    0.010    0.000   -0.058   -0.066    0.011    0.059    0.031
    -0.001   -0.023   -0.045    0.071    0.053    0.125   -0.182    0.022
    -0.138   -0.006   -0.223    0.283    0.000   -0.002   -0.065    0.000
     0.069    0.069    0.000   -0.124   -0.138    0.006   -0.223    0.057
     0.234    0.089    0.125    0.182    0.022   -0.045   -0.071    0.053
     0.057   -0.234    0.089   -0.023    0.000    0.058

 ( 34)
    -0.048   -0.002    0.081    0.038   -0.019   -0.071    0.000    0.002
     0.000    0.000   -0.014    0.000   -0.038   -0.019    0.071    0.048
    -0.002   -0.081    0.011   -0.102   -0.193    0.034    0.300    0.088
    -0.047   -0.130    0.201    0.000    0.132    0.000    0.000   -0.033
     0.000    0.000   -0.067    0.000    0.047   -0.130   -0.201    0.044
     0.283    0.081   -0.034    0.300   -0.088   -0.011   -0.102    0.193
    -0.044    0.283   -0.081    0.000   -0.005    0.000

 ( 35)
     0.034    0.091   -0.032    0.018   -0.075   -0.009   -0.007    0.000
     0.019    0.003    0.000   -0.013    0.018    0.075   -0.009    0.034
    -0.091   -0.032   -0.094    0.245    0.254   -0.148   -0.179   -0.070
    -0.081   -0.179    0.162   -0.087    0.000   -0.017    0.055    0.000
    -0.054    0.006    0.000   -0.019   -0.081    0.179    0.162   -0.132
    -0.068   -0.047   -0.148    0.179   -0.070   -0.094   -0.245    0.254
    -0.132    0.068   -0.047   -0.013    0.000    0.022

 ( 36)
    -0.062   -0.046   -0.055    0.055   -0.052    0.064    0.000    0.073
     0.000    0.000    0.074    0.000   -0.055   -0.052   -0.064    0.062
    -0.046    0.055   -0.147   -0.013   -0.167   -0.044    0.012   -0.056
     0.135   -0.019    0.163    0.000    0.083    0.000    0.000    0.320
     0.000    0.000    0.307    0.000   -0.135   -0.019   -0.163   -0.042
    -0.003   -0.067    0.044    0.012    0.056    0.147   -0.013    0.167
     0.042   -0.003    0.067    0.000   -0.005    0.000

 ( 37)
    -0.042   -0.004   -0.044   -0.032    0.027    0.013    0.100    0.000
     0.094    0.087    0.000    0.047   -0.032   -0.027    0.013   -0.042
     0.004   -0.044   -0.116    0.048   -0.033   -0.094   -0.009   -0.062
    -0.060    0.039   -0.137   -0.325    0.000   -0.105    0.419    0.000
    -0.270    0.094    0.000    0.044   -0.060   -0.039   -0.137    0.001
     0.126    0.013   -0.094    0.009   -0.062   -0.116   -0.048   -0.033
     0.001   -0.126    0.013   -0.006    0.000   -0.010

 ( 38)
     0.058   -0.012   -0.042    0.015    0.087   -0.004   -0.092    0.000
     0.053   -0.042    0.000   -0.041    0.015   -0.087   -0.004    0.058
     0.012   -0.042    0.118   -0.001    0.201   -0.014   -0.220   -0.050
     0.160    0.207   -0.098   -0.247    0.000   -0.016   -0.001    0.000
    -0.056   -0.051    0.000   -0.034    0.160   -0.207   -0.098    0.047
     0.040   -0.004   -0.014    0.220   -0.050    0.118    0.001    0.201
     0.047   -0.040   -0.004   -0.025    0.000    0.051

 ( 39)
    -0.051   -0.020    0.040   -0.056    0.023    0.042    0.000    0.039
     0.000    0.000   -0.045    0.000    0.056    0.023   -0.042    0.051
    -0.020   -0.040    0.001   -0.122   -0.265    0.117    0.254    0.073
    -0.004    0.121   -0.280    0.000    0.020    0.000    0.000    0.047
     0.000    0.000   -0.065    0.000    0.004    0.121    0.280   -0.112
    -0.269   -0.078   -0.117    0.254   -0.073   -0.001   -0.122    0.265
     0.112   -0.269    0.078    0.000    0.002    0.000

 ( 40)
     0.016    0.085    0.047   -0.049    0.069   -0.039   -0.068    0.000
    -0.027    0.125    0.000    0.068   -0.049   -0.069   -0.039    0.016
    -0.085    0.047   -0.014    0.121    0.095   -0.022    0.082    0.036
    -0.065    0.083   -0.145    0.067    0.000    0.036   -0.188    0.000
     0.107    0.190    0.000    0.008   -0.065   -0.083   -0.145   -0.004
    -0.011   -0.029   -0.022   -0.082    0.036   -0.014   -0.121    0.095
    -0.004    0.011   -0.029    0.012    0.000   -0.039

 ( 41)
    -0.007    0.095    0.047    0.024   -0.023    0.039   -0.030    0.000
     0.011   -0.103    0.000   -0.070    0.024    0.023    0.039   -0.007
    -0.095    0.047    0.014    0.062   -0.051    0.035    0.159    0.056
     0.039    0.029   -0.193   -0.207    0.000   -0.073    0.108    0.000
    -0.151   -0.118    0.000   -0.055    0.039   -0.029   -0.193    0.151
     0.197    0.068    0.035   -0.159    0.056    0.014   -0.062   -0.051
     0.151   -0.197    0.068    0.049    0.000   -0.044

 ( 42)
     0.059   -0.016   -0.027    0.001   -0.086    0.014   -0.124    0.000
    -0.036    0.072    0.000    0.074    0.001    0.086    0.014    0.059
     0.016   -0.027    0.054   -0.045   -0.182    0.127    0.121   -0.017
     0.053   -0.039   -0.048   -0.246    0.000   -0.094   -0.017    0.000
    -0.163    0.104    0.000    0.039    0.053    0.039   -0.048    0.000
     0.146    0.008    0.127   -0.121   -0.017    0.054    0.045   -0.182
     0.000   -0.146    0.008   -0.058    0.000    0.029

 ( 43)
    -0.004   -0.093   -0.088   -0.046    0.052   -0.041    0.000    0.041
     0.000    0.000   -0.094    0.000    0.046    0.052    0.041    0.004
    -0.093    0.088    0.039   -0.126   -0.102    0.020   -0.051   -0.084
    -0.022    0.045    0.088    0.000    0.060    0.000    0.000   -0.008
     0.000    0.000   -0.054    0.000    0.022    0.045   -0.088    0.131
     0.122    0.064   -0.020   -0.051    0.084   -0.039   -0.126    0.102
    -0.131    0.122   -0.064    0.000    0.087    0.000

 ( 44)
    -0.041   -0.078    0.049    0.014   -0.072   -0.029   -0.063    0.000
     0.043    0.058    0.000   -0.027    0.014    0.072   -0.029   -0.041
     0.078    0.049   -0.096   -0.010    0.195   -0.121   -0.221    0.035
     0.062   -0.016   -0.153    0.004    0.000    0.074   -0.096    0.000
     0.083    0.063    0.000   -0.034    0.062    0.016   -0.153    0.086
     0.196   -0.013   -0.121    0.221    0.035   -0.096    0.010    0.195
     0.086   -0.196   -0.013    0.046    0.000   -0.049

 ( 45)
     0.105    0.027   -0.025    0.049   -0.066    0.039    0.000   -0.051
     0.000    0.000   -0.021    0.000   -0.049   -0.066   -0.039   -0.105
     0.027    0.025    0.133   -0.026   -0.185    0.194    0.157   -0.007
     0.053   -0.064    0.043    0.000   -0.067    0.000    0.000    0.001
     0.000    0.000   -0.078    0.000   -0.053   -0.064   -0.043   -0.012
    -0.063   -0.026   -0.194    0.157    0.007   -0.133   -0.026    0.185
     0.012   -0.063    0.026    0.000    0.102    0.000

 ( 46)
     0.000    0.034   -0.014    0.051   -0.021   -0.072    0.062    0.000
     0.096   -0.040    0.000    0.049    0.051    0.021   -0.072    0.000
    -0.034   -0.014    0.026    0.009   -0.046   -0.035    0.096   -0.032
     0.059    0.009   -0.199    0.256    0.000    0.185   -0.074    0.000
     0.253   -0.027    0.000    0.033    0.059   -0.009   -0.199    0.082
     0.161   -0.071   -0.035   -0.096   -0.032    0.026   -0.009   -0.046
     0.082   -0.161   -0.071   -0.100    0.000    0.028

 ( 47)
     0.021    0.038   -0.040   -0.081    0.034    0.082    0.000   -0.035
     0.000    0.000    0.011    0.000    0.081    0.034   -0.082   -0.021
     0.038    0.040    0.023    0.012   -0.148    0.116    0.115   -0.013
    -0.123   -0.024    0.228    0.000   -0.135    0.000    0.000   -0.041
     0.000    0.000    0.024    0.000    0.123   -0.024   -0.228    0.179
     0.167   -0.057   -0.116    0.115    0.013   -0.023    0.012    0.148
    -0.179    0.167    0.057    0.000   -0.096    0.000

 ( 48)
     0.007   -0.013    0.074    0.055    0.016    0.013    0.052    0.000
    -0.096    0.008    0.000    0.010    0.055   -0.016    0.013    0.007
     0.013    0.074    0.008    0.002    0.148   -0.032   -0.079    0.066
     0.038    0.003    0.021   -0.070    0.000   -0.152    0.137    0.000
    -0.194    0.080    0.000   -0.067    0.038   -0.003    0.021    0.110
    -0.070    0.035   -0.032    0.079    0.066    0.008   -0.002    0.148
     0.110    0.070    0.035   -0.136    0.000   -0.063

 ( 49)
    -0.005    0.031    0.009    0.029    0.027   -0.035    0.053    0.002
    -0.097    0.030    0.055    0.007    0.089    0.027   -0.098    0.054
     0.031   -0.054   -0.019    0.051    0.054   -0.045   -0.003   -0.002
     0.001    0.007   -0.034    0.016   -0.034   -0.114    0.079    0.001
    -0.127    0.002    0.054    0.037    0.103    0.007   -0.143    0.128
     0.062   -0.087    0.019   -0.003   -0.070    0.083    0.051   -0.054
     0.066    0.062   -0.020    0.076    0.101    0.030

 ( 50)
    -0.011    0.103   -0.047   -0.003    0.069   -0.056   -0.017    0.086
     0.000   -0.022    0.088    0.022   -0.029    0.069    0.069   -0.036
     0.103    0.078    0.000    0.087   -0.086   -0.018    0.159   -0.054
     0.004    0.084   -0.106   -0.025    0.141   -0.004   -0.012    0.058
    -0.006   -0.028    0.118    0.028   -0.039    0.084    0.109   -0.021
     0.013    0.075   -0.044    0.159    0.079   -0.043    0.087    0.127
     0.005    0.013   -0.057   -0.012    0.019    0.026

 ( 51)
    -0.067   -0.029    0.017   -0.016    0.002   -0.048   -0.047    0.015
    -0.107   -0.081   -0.042    0.048   -0.060    0.002   -0.075   -0.110
    -0.029   -0.010   -0.041   -0.038    0.060   -0.122   -0.034   -0.002
    -0.010    0.011   -0.071   -0.102    0.012   -0.132   -0.008    0.037
    -0.152   -0.122   -0.064    0.091   -0.085    0.011   -0.118   -0.004
     0.007   -0.057   -0.168   -0.034   -0.031   -0.115   -0.038    0.014
     0.042    0.007   -0.028   -0.013   -0.039    0.082

 ( 52)
    -0.115    0.015   -0.007   -0.118   -0.057   -0.004   -0.051   -0.100
     0.010   -0.049    0.059    0.001    0.016   -0.057    0.018    0.018
     0.015    0.014   -0.163    0.047   -0.017   -0.117    0.005   -0.007
    -0.166   -0.088   -0.010   -0.048   -0.116    0.011   -0.053   -0.151
     0.012   -0.047    0.108   -0.001    0.064   -0.088    0.028    0.016
    -0.047    0.018    0.026    0.005    0.016    0.065    0.047    0.020
    -0.125   -0.047   -0.005   -0.053    0.081   -0.001

 ( 53)
     0.010   -0.009   -0.041    0.036   -0.072   -0.075    0.044   -0.071
    -0.030    0.027   -0.008    0.049    0.061   -0.072    0.062    0.035
    -0.009    0.094    0.007   -0.013   -0.072   -0.019    0.044   -0.056
     0.022   -0.068   -0.140    0.016   -0.021   -0.042    0.064   -0.119
    -0.053    0.006    0.041    0.071    0.065   -0.068    0.093    0.091
    -0.125    0.075    0.007    0.044    0.089    0.050   -0.013    0.159
     0.064   -0.125   -0.068    0.061   -0.070    0.067

 ( 54)
    -0.004   -0.006    0.130    0.007    0.018    0.117    0.009    0.010
     0.070    0.002    0.000    0.102    0.015    0.018    0.042    0.004
    -0.006    0.055   -0.005    0.001    0.164   -0.016   -0.039    0.129
     0.002    0.010    0.137   -0.003   -0.022    0.064    0.017    0.029
     0.060   -0.007   -0.020    0.111    0.015    0.010    0.008    0.027
     0.050    0.044   -0.007   -0.039    0.049    0.009    0.001    0.036
     0.018    0.050    0.123    0.016    0.040    0.109


 ==============================================================================
                      STATISTICAL THERMODYNAMICS ANALYSIS
 ==============================================================================

  Structure name    : florocyclohexane-ax                                         
  Temperature       :   298.16 K
  Symmetry number   :   1
  Optical isomers   :   1
  Zero Point Energy :   99.371 Kcal/mol


                     ENERGY   ENTHALPY    ENTROPY  FREE ENERGY   HEAT CAPACITY
                  (Kcal/mol) (Kcal/mol)     (eu)   (Kcal/mol)    (cal/mol/deg)
  Translational       0.889      1.481     39.762    -10.374         4.967
     Rotational       0.889      0.889     27.265     -7.241         2.980
    Vibrational     101.681%   101.681%    12.040*    98.092%       19.858*
      Potential      10.016#    10.016#     0.000     10.016#        0.000
         Mixing       0.000      0.000      0.000      0.000         0.000
          Total     113.475    114.067     79.067     90.493        27.806

  Enthalpy Function (H-Ho)/T     =   15.70 cal/mol/deg
  Free Energy Function -(G-Ho)/T =   63.37 cal/mol/deg

  % Includes zero point energy (ZPE).
  * Excludes contribution from frequencies lower than 40 (1/cm).
  # Includes steric energy (SE).
    Internal rotation contributions are not considered

  This structure has   0 imaginary frequencies,
                       0 free internal rotation (fir) frequencies
                         (>= 0,< 10 /cm),
                       0 restricted internal rotation (rir) frequencies
                         (>= 10,< 40 /cm),
                       6 zero frequencies, and
                      48 real frequencies.


      FINAL STERIC ENERGY IS     10.0161 KCAL/MOL.


                COMPRESSION       0.3126
                BENDING           0.2486
                BEND-BEND        -0.0038
                STRETCH-BEND      0.0634
                VANDERWAALS
                  1,4 ENERGY      6.6510
                  OTHER          -0.3058
                H-BONDING         0.0000
                PI-COMPLX         0.0000

                TORSIONAL         3.0606
                TORSION-STRETCH  -0.0105
                DIPOLE-DIPOLE     0.0000
                CHARGE-DIPOLE     0.0000
                CHARGE-CHARGE     0.0000

      -----------------------------------------------------------------

      COORDINATES TRANSLATED TO NEW ORIGIN WHICH IS CENTER OF MASS
         C(   1)    -0.23711    -1.25636    -0.63531   (  1)
         C(   2)     0.96426    -1.26296     0.30904   (  1)
         C(   3)     1.81791     0.00000     0.13185   (  1)
         C(   4)    -1.07369     0.00000    -0.49273   (  1)
         C(   5)     0.96426     1.26296     0.30904   (  1)
         C(   6)    -0.23711     1.25636    -0.63531   (  1)
         H(   7)    -0.86603    -2.15121    -0.43583   (  5)
         H(   8)     0.12262    -1.34207    -1.68368   (  5)
         H(   9)     1.58650    -2.16919     0.12460   (  5)
         H(  10)     2.27960     0.00000    -0.88247   (  5)
         H(  11)     2.65549     0.00000     0.86709   (  5)
         H(  12)    -1.87951     0.00000    -1.25937   (  5)
         H(  13)     1.58650     2.16919     0.12460   (  5)
         H(  14)     0.61122     1.32811     1.36408   (  5)
         H(  15)     0.12262     1.34207    -1.68368   (  5)
         H(  16)    -0.86603     2.15121    -0.43583   (  5)
         H(  17)     0.61122    -1.32811     1.36408   (  5)
         F(  18)    -1.70513     0.00000     0.77469   ( 11)

      MOMENT OF INERTIA WITH THE PRINCIPAL AXES

          (1)  UNIT = 10**(-39) GM*CM**2
               IX=   23.5258    IY=   32.4090    IZ=   42.8100

          (2)  UNIT = AU A**2
               IX=  141.6914    IY=  195.1932    IZ=  257.8361



      MOLECULAR POLARIZABILITIES (A**3)
        ALPHA(1)   =      12.80
        ALPHA(2)   =      12.73
        ALPHA(3)   =      11.95
        AVG. ALPHA =      12.49



      DIPOLE MOMENT =          1.820 D


        COMPONENTS WITH PRINCIPAL AXES

                          X = -0.8116    Y =  0.0000    Z =  1.6290


      E (INDP/INDP) =         -0.505 KCAL/MOLE
      DIPOLE MOMENT =          1.892 D (INCLUDES INDUCED BOND MOMENTS)
      *NOTE*  E (INDP/INDP) IS NOT INCLUDED IN THE FINAL STERIC ENERGY

        COMPONENTS WITH PRINCIPAL AXES

                          X = -1.2201    Y =  0.0000    Z =  1.4461



      TOTAL ATOMIC CHARGE ON EACH ATOM (in ELECTRON CHARGE)

           C(    1):         -0.002
           C(    2):          0.012
           C(    3):         -0.013
           C(    4):          0.189
           C(    5):          0.012
           C(    6):         -0.002
           H(    7):          0.009
           H(    8):          0.008
           H(    9):          0.002
           H(   10):          0.002
           H(   11):          0.001
           H(   12):          0.008
           H(   13):          0.002
           H(   14):          0.003
           H(   15):          0.008
           H(   16):          0.009
           H(   17):          0.003
           F(   18):         -0.250

      -----------------------------------------------------------------

        END OF florocyclohexane-ax                                         


           TOTAL CPU TIME IS      0.04 SECONDS.

           THIS JOB COMPLETED AT    16:45:55
