1
               ---------------------------------------------
               WARNING : INCORRECT ATOM TYPES GIVEN IN INPUT
                         DATA ARE CORRECTED AS FOLLOWS
               ---------------------------------------------


             Atom type of atom    1 is replaced by   1 (was   0)
             Atom type of atom    2 is replaced by   1 (was   0)
             Atom type of atom    3 is replaced by   1 (was   0)
             Atom type of atom    4 is replaced by   1 (was   0)
             Atom type of atom    5 is replaced by   1 (was   0)
             Atom type of atom    6 is replaced by   1 (was   0)
             Atom type of atom    7 is replaced by   5 (was   0)
             Atom type of atom    8 is replaced by   5 (was   0)
             Atom type of atom    9 is replaced by   5 (was   0)
             Atom type of atom   10 is replaced by   5 (was   0)
             Atom type of atom   11 is replaced by   5 (was   0)
             Atom type of atom   12 is replaced by   5 (was   0)
             Atom type of atom   13 is replaced by   5 (was   0)
             Atom type of atom   14 is replaced by   5 (was   0)
             Atom type of atom   15 is replaced by   5 (was   0)
             Atom type of atom   16 is replaced by   5 (was   0)
             Atom type of atom   17 is replaced by   5 (was   0)
             Atom type of atom   18 is replaced by   6 (was   0)
             Atom type of atom   19 is replaced by  21 (was   0)
1     hydroxycyclohexane-eq                                       

               CHEMICAL FORMULA :  C(   6)  H(  12)  O(   1) 
               FORMULA WEIGHT   :    100.091
                                                               DATE 26-MAY-23
                                                               TIME  17:15:22


          THE COORDINATES OF   19 ATOMS ARE READ IN.
          SOME CONSTANTS WILL BE READ IN.

      CONFORMATIONAL ENERGY, PART 1:  GEOMETRY AND STERIC ENERGY
                                      OF INITIAL CONFORMATION.


      CONNECTED ATOMS
         1-   2-   3-   5-   6-  18-
         1-   4-   6-

      ATTACHED ATOMS
         1-   7,   1-   8,   2-   9,   2-  10,   3-  11,   3-  12,   4-  13,
         4-  14,   5-  15,   5-  16,   6-  17,  18-  19,

      INITIAL ATOMIC COORDINATES
           ATOM         X           Y           Z       TYPE
         C(   1)    -1.18460    -1.26880     0.21439   (  1)
         C(   2)    -1.90428    -0.00776    -0.28739   (  1)
         C(   3)    -1.19888     1.26338     0.20929   (  1)
         C(   4)     0.30043    -1.25474    -0.17811   (  1)
         C(   5)     0.28667     1.26775    -0.18410   (  1)
         C(   6)     0.97964     0.00933     0.34972   (  1)
         H(   7)    -1.67646    -2.17760    -0.20217   (  5)
         H(   8)    -1.27517    -1.33224     1.32304   (  5)
         H(   9)    -2.96485    -0.01296     0.05384   (  5)
         H(  10)    -1.92257    -0.01012    -1.40146   (  5)
         H(  11)    -1.28922     1.32939     1.31783   (  5)
         H(  12)    -1.70233     2.16472    -0.20974   (  5)
         H(  13)     0.40991    -1.29517    -1.28441   (  5)
         H(  14)     0.82287    -2.15027     0.22557   (  5)
         H(  15)     0.78993     2.17562     0.21597   (  5)
         H(  16)     0.39199     1.30626    -1.29080   (  5)
         H(  17)     0.96814     0.00631     1.46989   (  5)
         O(  18)     2.33767    -0.05652    -0.11316   (  6)
         H(  19)     2.76463     0.78388     0.10361   ( 21)


          DIELECTRIC CONSTANT =  1.500


      INITIAL STERIC ENERGY IS     10.4186 KCAL/MOL.

                  COMPRESSION       0.5821
                  BENDING           0.4554
                  BEND-BEND        -0.0023
                  STRETCH-BEND      0.0541
                  VANDERWAALS
                    1,4 ENERGY      7.4665
                    OTHER          -0.2138
                  H-BONDING         0.0000
                  PI-COMPLX         0.0000

                  TORSIONAL         2.0833
                  TORSION-STRETCH  -0.0067
                  DIPOLE-DIPOLE     0.0000
                  CHARGE-DIPOLE     0.0000
                  CHARGE-CHARGE     0.0000


      MOLECULAR POLARIZABILITIES (A**3)
        ALPHA(1)   =      14.70
        ALPHA(2)   =      13.40
        ALPHA(3)   =      11.37
        AVG. ALPHA =      13.16



      DIPOLE MOMENT =          1.722 D


      E (INDP/INDP) =          0.341 KCAL/MOLE
      DIPOLE MOMENT =          1.683 D (INCLUDES INDUCED BOND MOMENTS)
      *NOTE*  E (INDP/INDP) IS NOT INCLUDED IN THE INITIAL STERIC ENERGY

      CPU TIME FOR INITIAL CALCULATION IS     0.01 SECONDS.


1     hydroxycyclohexane-eq                                       


     CONFORMATIONAL ENERGY, PART 2: GEOMETRY MINIMIZATION

               GEOMETRY OPTIMIZATION IS CONTINUED UNTIL ATOM
               MOVEMENT CONVERGES WITHIN FOLLOWING VALUES:

                         AVERAGE MOVEMENT  0.00013 A
                         MAXIMUM MOVEMENT  0.00131 A



     <<<<<<<<<<<<<<<<<<<<<<<<<<  C Y C L E   1 >>>>>>>>>>>>>>>>>>>>>>>>>>

                              (CH)-MOVEMENT = 1

       ITER    1   AVG. MOVE = 0.00562 A   (MAX MOVE : ATOM   19   0.08847 A)  
       ITER    2   AVG. MOVE = 0.00587 A   (MAX MOVE : ATOM   19   0.42729 A)  
       ITER    3   AVG. MOVE = 0.00152 A   (MAX MOVE : ATOM   19   0.04120 A)  
       ITER    4   AVG. MOVE = 0.00222 A   (MAX MOVE : ATOM   19   0.15638 A)  
       ITER    5   AVG. MOVE = 0.00096 A   (MAX MOVE : ATOM   19   0.03471 A)  
       ITER    6   AVG. MOVE = 0.00062 A   (MAX MOVE : ATOM   19   0.01987 A)  
       ITER    7   AVG. MOVE = 0.00027 A   (MAX MOVE : ATOM   19   0.00244 A)  
       ITER    8   AVG. MOVE = 0.00020 A   (MAX MOVE : ATOM    9   0.00091 A)  
       ITER    9   AVG. MOVE = 0.00017 A   (MAX MOVE : ATOM    9   0.00084 A)  
       ITER   10   AVG. MOVE = 0.00015 A   (MAX MOVE : ATOM    9   0.00075 A)  
       ITER   11   AVG. MOVE = 0.00012 A   (MAX MOVE : ATOM    9   0.00066 A)  


     <<<<<<<<<<<<<<<<<<<<<<<<<<  C Y C L E   2 >>>>>>>>>>>>>>>>>>>>>>>>>>

                              (CH)-MOVEMENT = 0

       ITER   12   AVG. MOVE = 0.00007 A   (MAX MOVE : ATOM    9   0.00051 A)  


              * * * * * * * * * GEOMETRY IS OPTIMIZED * * * * * * * * *

               WITHIN : AVERAGE MOVEMENT  0.00007 A (LIMIT  0.00013 A)
                        MAXIMUM MOVEMENT  0.00051 A (LIMIT  0.00131 A)

               GRADIENT
                  RMS GRADIENT                0.013941 KCAL/MOL/A

                  MAX GRADIENT
                    X-DIRECTION : ATOM #   1   0.031671 KCAL/MOL/A
                    Y-DIRECTION : ATOM #   1   0.020473 KCAL/MOL/A
                    Z-DIRECTION : ATOM #   6   0.031995 KCAL/MOL/A

        DELTA TIME =    0.00 SEC.       TOTAL CPU TIME =      0.02 SEC.


                            =====================
                            FULL-MATRIX OPTIMIZER
                            =====================


     iter.  rms force   max force   avg. move    max move  atom  convg  d-time

        0    0.024221    0.090997   0.00068 A   0.00453 A    9    [N]     0.0s
        1    0.000605    0.002369   0.00000 A   0.00001 A    9    [N]     0.0s
        2    0.000044    0.000131                                 [Y]     0.0s


      TOTAL ENERGY IS      9.7336 KCAL/MOL.

        COMPRESS    0.3415      VDW 1,4    7.4211      DIPL-DIPL    0.0000
        BENDING     0.2101        OTHER   -0.3703      CHRG-DIPL    0.0000
        STR-BEND    0.0565      TORSION    2.0991      CHRG-CHRG    0.0000
        BEND-BEND  -0.0138      TOR-STR   -0.0105      EPR          0.0000
        H-BONDING   0.0000      PI-CMPL    0.0000
0     DELTA(T) =     0.0 SEC.          ELAPSED TIME =     0.0 SEC.


    * * * ENERGY IS MINIMIZED WITHIN RMS OF FORCES   0.00004  Kcal/mol/A * * *

                 * * * *  RMS FORCE IS   0.00004 Kcal/mol/A * * * *

1     hydroxycyclohexane-eq                                       

               CHEMICAL FORMULA :  C(   6)  H(  12)  O(   1) 
               FORMULA WEIGHT   :    100.091
                                                               DATE : 26-MAY-23

           * M M 3 * * * * * * * * * * * 2 0 0 0 *
           *                                     *   PARAMETER RELIABILITY
           *                                     *
           *                                     *   BLANK = GOOD
           *                                     *       B = FAIR
           *                                     *       C = TRIAL
           *                                     *       R = READ IN
           *                                     *       S = SUBSTITUTED
           *                                     *       U = PARAMETER NOT EXIST
           *                                     *
           *                                     *   THIS IS SHOWN AT THE END 
           *                                     *   OF THE LINE.
           * * * * * * * * * * * * * * * * * * * * 


      CONFORMATIONAL ENERGY, PART 3:  GEOMETRY AND STERIC ENERGY
                                      OF FINAL CONFORMATION.

      CONNECTED ATOMS
         1-   2-   3-   5-   6-  18-
         1-   4-   6-

      ATTACHED ATOMS
         1-   7,   1-   8,   2-   9,   2-  10,   3-  11,   3-  12,   4-  13,
         4-  14,   5-  15,   5-  16,   6-  17,  18-  19,

      FINAL ATOMIC COORDINATE
           ATOM         X           Y           Z       TYPE
         C(   1)    -1.20919     1.25703    -0.21381   (  1)
         C(   2)    -1.90463    -0.01629     0.28995   (  1)
         C(   3)    -1.18128    -1.27690    -0.20647   (  1)
         C(   4)     0.27608     1.26566     0.16789   (  1)
         C(   5)     0.30411    -1.25171     0.17452   (  1)
         C(   6)     0.98990     0.01399    -0.35012   (  1)
         H(   7)    -1.71456     2.15662     0.20765   (  5)
         H(   8)    -1.30937     1.32256    -1.32186   (  5)
         H(   9)    -2.96611    -0.02895    -0.04954   (  5)
         H(  10)    -1.92412    -0.01330     1.40428   (  5)
         H(  11)    -1.28014    -1.35085    -1.31412   (  5)
         H(  12)    -1.66701    -2.18487     0.22009   (  5)
         H(  13)     0.37156     1.32311     1.27578   (  5)
         H(  14)     0.76426     2.17787    -0.24394   (  5)
         H(  15)     0.80968    -2.15618    -0.23328   (  5)
         H(  16)     0.40146    -1.30155     1.28261   (  5)
         H(  17)     0.98575     0.01727    -1.46965   (  5)
         O(  18)     2.33930     0.04577     0.14047   (  6)
         H(  19)     2.84905    -0.59027    -0.34360   ( 21)


          DIELECTRIC CONSTANT =  1.500


      BOND LENGTHS AND STRETCHING ENERGY   (   19 BONDS)

        ENERGY = 71.94(KS)(DR)(DR)(1-(CS)(DR)+(7/12)((CS)(DR))**2)
                          DR = R-RO
                          CS =  2.550
                                                         R(0)-CORR        CORR
          BOND        LENGTH   R(0)    K(S)  ENERGY   E-NEG   MISCEL       KS
    C(   1)- C(   2)  1.5358  1.5247  4.490  0.0389                             
    C(   1)- C(   4)  1.5336  1.5219  4.490  0.0426 -0.0028                     
    C(   1)- H(   7)  1.1146  1.1120  4.680  0.0022                             
    C(   1)- H(   8)  1.1145  1.1120  4.680  0.0021                             
    C(   2)- C(   3)  1.5358  1.5247  4.490  0.0390                             
    C(   2)- H(   9)  1.1145  1.1120  4.680  0.0021                             
    C(   2)- H(  10)  1.1145  1.1120  4.680  0.0021                             
    C(   3)- C(   5)  1.5337  1.5219  4.490  0.0435 -0.0028                     
    C(   3)- H(  11)  1.1145  1.1120  4.680  0.0021                             
    C(   3)- H(  12)  1.1146  1.1120  4.680  0.0022                             
    C(   4)- C(   6)  1.5312  1.5177  4.490  0.0568 -0.0070                     
    C(   4)- H(  13)  1.1135  1.1109  4.716  0.0023 -0.0011              0.036  
    C(   4)- H(  14)  1.1136  1.1109  4.716  0.0024 -0.0011              0.036  
    C(   5)- C(   6)  1.5322  1.5177  4.490  0.0652 -0.0070                     
    C(   5)- H(  15)  1.1135  1.1109  4.716  0.0024 -0.0011              0.036  
    C(   5)- H(  16)  1.1135  1.1109  4.716  0.0023 -0.0011              0.036  
    C(   6)- H(  17)  1.1195  1.1153  4.699  0.0059 -0.0028  0.0061  BH -0.111  
    C(   6)- O(  18)  1.4362  1.4280  5.700  0.0268  0.0150                     
    O(  18)- H(  19)  0.9480  0.9470  7.630  0.0006                             


      NON-BONDED DISTANCES, VDW AND EPR ENERGY   (    115 PAIRS)

              E(VDW) = KV*(1.84(10**5)EXP(-12.00/P) - 2.25(P**6))
              E(EPR) = C*KV*(1.84(10**5)EXP(-12.00/Q) - 2.25(Q**6))
              E(HBD) = EP1-EP2*COS(THETA)*RTH/RTH0
                            EP1 = KHB*1.84(10**5)*EXP(-12.0/P)
                            EP2 = KHB*2.25(P**6)

            IF P > 3.020, THEN,
              E(VDW) = KV(192.270)(P**2)
              E(HBD) = EP1-EP2*COS(THETA)*RTH/RTH0
                            EP1 = KHB*(192.270*P**2+1706.96)
                            EP2 = KHB*1706.96

               WHERE   RV = RVDW(I) + RVDW(K)
                       KV = SQRT(EPS(I)*EPS(K))
                      KHB = EPS/DIELEC  FOR HYDROGEN BOND
                        P = (RV/R) OR (RV/R#)
                        C = SCALE FACTOR
                        Q = RV/R, WHERE R IS MODIFIED DISTANCE
                    THETA = ANGLE H-X-Y IN HYDROGEN BOND X-H...Y
                      RTH = BOND LENGTH X-H IN X-H...Y
                     RTH0 = NATURAL BOND LENGTH X-H

          # IN THE VDW CALCULATIONS THE HYDROGEN ATOMS ARE RELOCATED
          SO THAT THE ATTACHED HYDROGEN DISTANCE IS REDUCED BY 0.923

          # IN THE VDW CALCULATIONS THE DEUTERIUM ATOMS ARE RELOCATED
          SO THAT THE ATTACHED DEUTERIUM DISTANCE IS REDUCED BY  0.923

         ATOM PAIR          R       R#       RV      KV       ENERGY
      C(   1), C(   3)   2.5341
      C(   1), C(   5)   2.9554            4.080   0.0270     0.4133  1,4       
      C(   1), C(   6)   2.5298
      C(   1), H(   9)   2.1835
      C(   1), H(  10)   2.1779
      C(   1), H(  11)   2.8314   2.7939   3.560   0.0230     0.1225  1,4       
      C(   1), H(  12)   3.4992   3.4217   3.560   0.0230    -0.0242  1,4       
      C(   1), H(  13)   2.1730
      C(   1), H(  14)   2.1779
      C(   1), H(  15)   3.9656   3.8858   3.560   0.0230    -0.0219            
      C(   1), H(  16)   3.3734   3.3299   3.560   0.0230    -0.0208            
      C(   1), H(  17)   2.8164   2.7794   3.560   0.0230     0.1327  1,4       
      C(   1), O(  18)   3.7662            3.860   0.0399    -0.0437  1,4       
      C(   1), H(  19)   4.4608   4.4040   3.640   0.0208    -0.0130            
      C(   2), C(   4)   2.5326
      C(   2), C(   5)   2.5334
      C(   2), C(   6)   2.9646            4.080   0.0270     0.3989  1,4       
      C(   2), H(   7)   2.1828
      C(   2), H(   8)   2.1782
      C(   2), H(  11)   2.1781
      C(   2), H(  12)   2.1827
      C(   2), H(  13)   2.8190   2.7822   3.560   0.0230     0.1307  1,4       
      C(   2), H(  14)   3.4960   3.4186   3.560   0.0230    -0.0241  1,4       
      C(   2), H(  15)   3.4958   3.4184   3.560   0.0230    -0.0241  1,4       
      C(   2), H(  16)   2.8205   2.7837   3.560   0.0230     0.1296  1,4       
      C(   2), H(  17)   3.3840   3.3403   3.560   0.0230    -0.0213            
      C(   2), O(  18)   4.2470            3.860   0.0399    -0.0371            
      C(   2), H(  19)   4.8299   4.7809   3.640   0.0208    -0.0086            
      C(   3), C(   4)   2.9544            4.080   0.0270     0.4150  1,4       
      C(   3), C(   6)   2.5300
      C(   3), H(   7)   3.4993   3.4217   3.560   0.0230    -0.0242  1,4       
      C(   3), H(   8)   2.8315   2.7940   3.560   0.0230     0.1224  1,4       
      C(   3), H(   9)   2.1835
      C(   3), H(  10)   2.1778
      C(   3), H(  13)   3.3717   3.3282   3.560   0.0230    -0.0207            
      C(   3), H(  14)   3.9651   3.8853   3.560   0.0230    -0.0219            
      C(   3), H(  15)   2.1766
      C(   3), H(  16)   2.1733
      C(   3), H(  17)   2.8225   2.7851   3.560   0.0230     0.1286  1,4       
      C(   3), O(  18)   3.7768            3.860   0.0399    -0.0439  1,4       
      C(   3), H(  19)   4.0907   4.0595   3.640   0.0208    -0.0184            
      C(   4), C(   5)   2.5175
      C(   4), H(   7)   2.1813
      C(   4), H(   8)   2.1763
      C(   4), H(   9)   3.4979   3.4203   3.560   0.0230    -0.0242  1,4       
      C(   4), H(  10)   2.8294   2.7919   3.560   0.0230     0.1239  1,4       
      C(   4), H(  11)   3.3859   3.3415   3.560   0.0230    -0.0214            
      C(   4), H(  12)   3.9604   3.8808   3.560   0.0230    -0.0220            
      C(   4), H(  15)   3.4864   3.4086   3.560   0.0230    -0.0239  1,4       
      C(   4), H(  16)   2.8016   2.7649   3.560   0.0230     0.1435  1,4       
      C(   4), H(  17)   2.1780
      C(   4), O(  18)   2.3970
      C(   4), H(  19)   3.2135   3.1480   3.640   0.0208     0.0072  1,4       
      C(   5), H(   7)   3.9614   3.8819   3.560   0.0230    -0.0220            
      C(   5), H(   8)   3.3866   3.3422   3.560   0.0230    -0.0214            
      C(   5), H(   9)   3.4985   3.4210   3.560   0.0230    -0.0242  1,4       
      C(   5), H(  10)   2.8304   2.7929   3.560   0.0230     0.1232  1,4       
      C(   5), H(  11)   2.1762
      C(   5), H(  12)   2.1813
      C(   5), H(  13)   2.8012   2.7645   3.560   0.0230     0.1438  1,4       
      C(   5), H(  14)   3.4855   3.4078   3.560   0.0230    -0.0238  1,4       
      C(   5), H(  17)   2.1859
      C(   5), O(  18)   2.4138
      C(   5), H(  19)   2.6801   2.6485   3.640   0.0208     0.3023  1,4       
      C(   6), H(   7)   3.4952   3.4176   3.560   0.0230    -0.0241  1,4       
      C(   6), H(   8)   2.8184   2.7814   3.560   0.0230     0.1313  1,4       
      C(   6), H(   9)   3.9676   3.8883   3.560   0.0230    -0.0219            
      C(   6), H(  10)   3.4015   3.3567   3.560   0.0230    -0.0220            
      C(   6), H(  11)   2.8187   2.7817   3.560   0.0230     0.1310  1,4       
      C(   6), H(  12)   3.4956   3.4180   3.560   0.0230    -0.0241  1,4       
      C(   6), H(  13)   2.1771
      C(   6), H(  14)   2.1782
      C(   6), H(  15)   2.1808
      C(   6), H(  16)   2.1778
      C(   6), H(  19)   1.9549
      H(   7), H(   8)   1.7886
      H(   7), H(   9)   2.5317   2.4444   3.240   0.0200     0.1865  1,4       
      H(   7), H(  10)   2.4868   2.4045   3.240   0.0200     0.2297  1,4       
      H(   7), H(  11)   3.8480   3.7304   3.240   0.0200    -0.0156            
      H(   7), H(  12)   4.3418   4.2026   3.240   0.0200    -0.0088            
      H(   7), H(  13)   2.4875   2.4047   3.240   0.0200     0.2295  1,4       
      H(   7), H(  14)   2.5197   2.4334   3.240   0.0200     0.1977  1,4       
      H(   7), H(  15)   5.0166   4.8527   3.240   0.0200    -0.0039            
      H(   7), H(  16)   4.1943   4.0971   3.240   0.0200    -0.0101            
      H(   7), H(  17)   3.8317   3.7149   3.240   0.0200    -0.0159            
      H(   7), O(  18)   4.5710   4.5043   3.440   0.0344    -0.0144            
      H(   7), H(  19)   5.3550   5.2212   3.220   0.0179    -0.0022            
      H(   8), H(   9)   2.4880   2.4056   3.240   0.0200     0.2284  1,4       
      H(   8), H(  10)   3.0975   2.9471   3.240   0.0200    -0.0126  1,4       
      H(   8), H(  11)   2.6736   2.6628   3.240   0.0200     0.0457            
      H(   8), H(  12)   3.8481   3.7305   3.240   0.0200    -0.0156            
      H(   8), H(  13)   3.0941   2.9437   3.240   0.0200    -0.0123  1,4       
      H(   8), H(  14)   2.4886   2.4057   3.240   0.0200     0.2283  1,4       
      H(   8), H(  15)   4.2163   4.1174   3.240   0.0200    -0.0098            
      H(   8), H(  16)   4.0738   3.9545   3.240   0.0200    -0.0120            
      H(   8), H(  17)   2.6445   2.6356   3.240   0.0200     0.0568            
      H(   8), O(  18)   4.1330   4.0951   3.440   0.0344    -0.0232            
      H(   8), H(  19)   4.6806   4.6070   3.220   0.0179    -0.0046            
      H(   9), H(  10)   1.7887
      H(   9), H(  11)   2.4878   2.4054   3.240   0.0200     0.2287  1,4       
      H(   9), H(  12)   2.5315   2.4442   3.240   0.0200     0.1867  1,4       
      H(   9), H(  13)   3.8373   3.7203   3.240   0.0200    -0.0158            
      H(   9), H(  14)   4.3386   4.1995   3.240   0.0200    -0.0088            
      H(   9), H(  15)   4.3377   4.1988   3.240   0.0200    -0.0089            
      H(   9), H(  16)   3.8386   3.7215   3.240   0.0200    -0.0158            
      H(   9), H(  17)   4.1995   4.1027   3.240   0.0200    -0.0100            
      H(   9), O(  18)   5.3093   5.2268   3.440   0.0344    -0.0062            
      H(   9), H(  19)   5.8496   5.7243   3.220   0.0179    -0.0013            
      H(  10), H(  11)   3.0973   2.9470   3.240   0.0200    -0.0125  1,4       
      H(  10), H(  12)   2.4868   2.4045   3.240   0.0200     0.2298  1,4       
      H(  10), H(  13)   2.6594   2.6497   3.240   0.0200     0.0509            
      H(  10), H(  14)   3.8400   3.7231   3.240   0.0200    -0.0158            
      H(  10), H(  15)   3.8402   3.7233   3.240   0.0200    -0.0158            
      H(  10), H(  16)   2.6613   2.6515   3.240   0.0200     0.0501            
      H(  10), H(  17)   4.0900   3.9701   3.240   0.0200    -0.0118            
      H(  10), O(  18)   4.4472   4.4221   3.440   0.0344    -0.0159            
      H(  10), H(  19)   5.1158   5.0313   3.220   0.0179    -0.0027            
      H(  11), H(  12)   1.7886
      H(  11), H(  13)   4.0726   3.9532   3.240   0.0200    -0.0120            
      H(  11), H(  14)   4.2162   4.1173   3.240   0.0200    -0.0098            
      H(  11), H(  15)   2.4868   2.4040   3.240   0.0200     0.2303  1,4       
      H(  11), H(  16)   3.0941   2.9437   3.240   0.0200    -0.0123  1,4       
      H(  11), H(  17)   2.6514   2.6421   3.240   0.0200     0.0540            
      H(  11), O(  18)   4.1433   4.1055   3.440   0.0344    -0.0229            
      H(  11), H(  19)   4.3094   4.2618   3.220   0.0179    -0.0071            
      H(  12), H(  13)   4.1924   4.0953   3.240   0.0200    -0.0101            
      H(  12), H(  14)   5.0160   4.8520   3.240   0.0200    -0.0039            
      H(  12), H(  15)   2.5180   2.4319   3.240   0.0200     0.1993  1,4       
      H(  12), H(  16)   2.4875   2.4048   3.240   0.0200     0.2294  1,4       
      H(  12), H(  17)   3.8395   3.7221   3.240   0.0200    -0.0158            
      H(  12), O(  18)   4.5861   4.5192   3.440   0.0344    -0.0141            
      H(  12), H(  19)   4.8224   4.7359   3.220   0.0179    -0.0039            
      H(  13), H(  14)   1.7873
      H(  13), H(  15)   3.8177   3.7013   3.240   0.0200    -0.0162            
      H(  13), H(  16)   2.6248   2.6166   3.240   0.0200     0.0653            
      H(  13), H(  17)   3.1016   2.9506   3.240   0.0200    -0.0128  1,4       
      H(  13), O(  18)   2.6062   2.5737   3.440   0.0344     0.3567  1,4       
      H(  13), H(  19)   3.5244   3.4177   3.220   0.0179    -0.0185            
      H(  14), H(  15)   4.3343   4.1944   3.240   0.0200    -0.0089            
      H(  14), H(  16)   3.8168   3.7005   3.240   0.0200    -0.0162            
      H(  14), H(  17)   2.4939   2.4103   3.240   0.0200     0.2230  1,4       
      H(  14), O(  18)   2.6785   2.6413   3.440   0.0344     0.2527  1,4       
      H(  14), H(  19)   3.4668   3.3712   3.220   0.0179    -0.0191            
      H(  15), H(  16)   1.7874
      H(  15), H(  17)   2.5067   2.4223   3.240   0.0200     0.2096  1,4       
      H(  15), O(  18)   2.7070   2.6691   3.440   0.0344     0.2174  1,4       
      H(  15), H(  19)   2.5736   2.5605   3.220   0.0179     0.0770            
      H(  16), H(  17)   3.1073   2.9562   3.240   0.0200    -0.0133  1,4       
      H(  16), O(  18)   2.6220   2.5896   3.440   0.0344     0.3296  1,4       
      H(  16), H(  19)   3.0234   2.9444   3.220   0.0179    -0.0124            
      H(  17), O(  18)   2.1037
      H(  17), H(  19)   2.2603   2.1904   3.220   0.0179     0.5319  1,4       


      BOND ANGLES, BENDING AND STRETCH-BEND ENERGIES   (   37 ANGLES)

          EB = 0.021914(KB)(DT)(DT)(1+CF*DT+QF*DT**2+PF*DT**3+SF*DT**4)
                          DT = THETA-TZERO
                          CF = -1400.000E-5
                          QF =     5.600E-5
                          PF =    -0.070E-5
                          SF =     0.022E-6
          ESB(J) = 2.51124(KSB(J))(DT)(DR1+DR2)
                          DR(I) = R(I) - R0(I)
          EBDBD  = -0.02191418(KBB1)(DT1)(KBB2)(DT2)

          A T O M S            THETA    TZERO     KB     EB     KSB    ESB
   C(   2)- C(   1)- C(   4)  111.198  111.000  0.670  0.0006  0.13  0.0015     
   C(   2)- C(   1)- H(   7)  109.866  109.310  0.590  0.0040  0.08  0.0015     
   C(   2)- C(   1)- H(   8)  109.520  109.310  0.590  0.0006  0.08  0.0006     
   C(   4)- C(   1)- H(   7)  109.906  109.310  0.590  0.0046  0.08  0.0017     
   C(   4)- C(   1)- H(   8)  109.523  109.310  0.590  0.0006  0.08  0.0006     
   H(   7)- C(   1)- H(   8)  106.723  107.600  0.550  0.0094                   
   C(   1)- C(   2)- C(   3)  111.175  111.000  0.670  0.0004  0.13  0.0013     
   C(   1)- C(   2)- H(   9)  109.924  109.310  0.590  0.0048  0.08  0.0017     
   C(   1)- C(   2)- H(  10)  109.490  109.310  0.590  0.0004  0.08  0.0005     
   C(   3)- C(   2)- H(   9)  109.925  109.310  0.590  0.0048  0.08  0.0017     
   C(   3)- C(   2)- H(  10)  109.488  109.310  0.590  0.0004  0.08  0.0005     
   H(   9)- C(   2)- H(  10)  106.734  107.600  0.550  0.0091                   
   C(   2)- C(   3)- C(   5)  111.246  111.000  0.670  0.0009  0.13  0.0018     
   C(   2)- C(   3)- H(  11)  109.507  109.310  0.590  0.0005  0.08  0.0005     
   C(   2)- C(   3)- H(  12)  109.858  109.310  0.590  0.0039  0.08  0.0015     
   C(   5)- C(   3)- H(  11)  109.505  109.310  0.590  0.0005  0.08  0.0006     
   C(   5)- C(   3)- H(  12)  109.900  109.310  0.590  0.0045  0.08  0.0017     
   H(  11)- C(   3)- H(  12)  106.717  107.600  0.550  0.0095                   
   C(   1)- C(   4)- C(   6)  111.266  111.000  0.670  0.0010  0.13  0.0022     
   C(   1)- C(   4)- H(  13)  109.328  109.310  0.590  0.0000  0.08  0.0001     
   C(   1)- C(   4)- H(  14)  109.703  109.310  0.590  0.0020  0.08  0.0011     
   C(   6)- C(   4)- H(  13)  109.804  109.310  0.590  0.0031  0.08  0.0016     
   C(   6)- C(   4)- H(  14)  109.886  109.310  0.590  0.0043  0.08  0.0019     
   H(  13)- C(   4)- H(  14)  106.746  107.600  0.550  0.0089                   
   C(   3)- C(   5)- C(   6)  111.223  111.000  0.670  0.0007  0.13  0.0019     
   C(   3)- C(   5)- H(  15)  109.597  109.310  0.590  0.0011  0.08  0.0008     
   C(   3)- C(   5)- H(  16)  109.339  109.310  0.590  0.0000  0.08  0.0001     
   C(   6)- C(   5)- H(  15)  110.021  109.310  0.590  0.0065  0.08  0.0024     
   C(   6)- C(   5)- H(  16)  109.792  109.310  0.590  0.0030  0.08  0.0017     
   H(  15)- C(   5)- H(  16)  106.762  107.600  0.550  0.0086                   
   C(   4)- C(   6)- C(   5)  110.535  110.200  0.670  0.0016  0.13  0.0031     
   C(   4)- C(   6)- H(  17)  109.522  109.800  0.590  0.0010  0.08 -0.0010     
   C(   4)- C(   6)- O(  18)  107.720  107.000  0.830  0.0093  0.13  0.0051     
   C(   5)- C(   6)- H(  17)  110.070  109.800  0.590  0.0009  0.08  0.0010     
   C(   5)- C(   6)- O(  18)  108.776  107.000  0.830  0.0559  0.13  0.0131     
   H(  17)- C(   6)- O(  18)  110.183  110.000  0.820  0.0006  0.08  0.0005     
   C(   6)- O(  18)- H(  19)  108.418  106.800  0.750  0.0421  0.09  0.0034     


     DIHEDRAL ANGLES, TORSIONAL ENERGY (ET)   (   57 ANGLES)

           ET = (V1/2)(1+COS(W))+(V2/2)(1-COS(2W))+(V3/2)(1+COS(3W))

           ETS = -11.995*(R-R0)((KTS1/2)(1+COS(W))+
                                (KTS2/2)(1-COS(2W)+
                                (KTS3/2)(1+COS(3W))

           SIGN OF ANGLE A-B-C-D : WHEN LOOKING THROUGH B TOWARD C,
           IF D IS COUNTERCLOCKWISE FROM A, NEGATIVE.

         A T O M S               OMEGA    V1     V2     V3     ET   KTS3   ETS
 C(   1) C(   2) C(   3) C(   5)  54.8  0.185  0.170  0.520  0.269 0.059 0.000  
 C(   1) C(   2) C(   3) H(  11) -66.4  0.000  0.000  0.280  0.008 0.059 0.000  
 C(   1) C(   2) C(   3) H(  12) 176.7  0.000  0.000  0.280  0.002 0.059 0.000  
 C(   1) C(   4) C(   6) C(   5) -56.6  0.185  0.170  0.520  0.266 0.059 0.000  
 C(   1) C(   4) C(   6) H(  17)  64.8  0.000  0.000  0.280  0.004 0.059 0.000  
 C(   1) C(   4) C(   6) O(  18)-175.3  0.200  0.000  0.300  0.005 0.059 0.000  
 C(   2) C(   1) C(   4) C(   6)  55.9  0.185  0.170  0.520  0.267 0.059 0.000  
 C(   2) C(   1) C(   4) H(  13) -65.5  0.000  0.000  0.280  0.006 0.059 0.000  
 C(   2) C(   1) C(   4) H(  14) 177.7  0.000  0.000  0.280  0.001 0.059 0.000  
 C(   2) C(   3) C(   5) C(   6) -55.8  0.185  0.170  0.520  0.267 0.059 0.000  
 C(   2) C(   3) C(   5) H(  15)-177.7  0.000  0.000  0.280  0.001 0.059 0.000  
 C(   2) C(   3) C(   5) H(  16)  65.6  0.000  0.000  0.280  0.006 0.059 0.000  
 C(   3) C(   2) C(   1) C(   4) -54.8  0.185  0.170  0.520  0.269 0.059 0.000  
 C(   3) C(   2) C(   1) H(   7)-176.7  0.000  0.000  0.280  0.002 0.059 0.000  
 C(   3) C(   2) C(   1) H(   8)  66.4  0.000  0.000  0.280  0.008 0.059 0.000  
 C(   3) C(   5) C(   6) C(   4)  56.6  0.185  0.170  0.520  0.266 0.059 0.000  
 C(   3) C(   5) C(   6) H(  17) -64.6  0.000  0.000  0.280  0.004 0.059 0.000  
 C(   3) C(   5) C(   6) O(  18) 174.6  0.200  0.000  0.300  0.006 0.059 0.000  
 C(   4) C(   1) C(   2) H(   9)-176.7  0.000  0.000  0.280  0.002 0.059 0.000  
 C(   4) C(   1) C(   2) H(  10)  66.3  0.000  0.000  0.280  0.008 0.059 0.000  
 C(   4) C(   6) C(   5) H(  15) 178.2  0.000  0.000  0.280  0.001 0.059 0.000  
 C(   4) C(   6) C(   5) H(  16) -64.6  0.000  0.000  0.280  0.004 0.059 0.000  
 C(   4) C(   6) O(  18) H(  19)-165.7  0.400  0.000  0.100  0.020 0.100-0.001  
 C(   5) C(   3) C(   2) H(   9) 176.7  0.000  0.000  0.280  0.002 0.059 0.000  
 C(   5) C(   3) C(   2) H(  10) -66.4  0.000  0.000  0.280  0.008 0.059 0.000  
 C(   5) C(   6) C(   4) H(  13)  64.6  0.000  0.000  0.280  0.004 0.059 0.000  
 C(   5) C(   6) C(   4) H(  14)-178.3  0.000  0.000  0.280  0.001 0.059 0.000  
 C(   5) C(   6) O(  18) H(  19)  74.5  0.400  0.000  0.100  0.267 0.100-0.001  
 C(   6) C(   4) C(   1) H(   7) 177.8  0.000  0.000  0.280  0.001 0.059 0.000  
 C(   6) C(   4) C(   1) H(   8) -65.3  0.000  0.000  0.280  0.005 0.059 0.000  
 C(   6) C(   5) C(   3) H(  11)  65.3  0.000  0.000  0.280  0.005 0.059 0.000  
 C(   6) C(   5) C(   3) H(  12)-177.7  0.000  0.000  0.280  0.001 0.059 0.000  
 H(   7) C(   1) C(   2) H(   9)  61.4  0.000  0.000  0.238  0.000 0.059 0.000  
 H(   7) C(   1) C(   2) H(  10) -55.5  0.000  0.000  0.238  0.003 0.059 0.000  
 H(   7) C(   1) C(   4) H(  13)  56.3  0.000  0.000  0.238  0.002 0.059 0.000  
 H(   7) C(   1) C(   4) H(  14) -60.4  0.000  0.000  0.238  0.000 0.059 0.000  
 H(   8) C(   1) C(   2) H(   9) -55.5  0.000  0.000  0.238  0.003 0.059 0.000  
 H(   8) C(   1) C(   2) H(  10)-172.5  0.000  0.000  0.238  0.009 0.059 0.000  
 H(   8) C(   1) C(   4) H(  13) 173.3  0.000  0.000  0.238  0.007 0.059 0.000  
 H(   8) C(   1) C(   4) H(  14)  56.5  0.000  0.000  0.238  0.002 0.059 0.000  
 H(   9) C(   2) C(   3) H(  11)  55.5  0.000  0.000  0.238  0.003 0.059 0.000  
 H(   9) C(   2) C(   3) H(  12) -61.4  0.000  0.000  0.238  0.000 0.059 0.000  
 H(  10) C(   2) C(   3) H(  11) 172.5  0.000  0.000  0.238  0.009 0.059 0.000  
 H(  10) C(   2) C(   3) H(  12)  55.6  0.000  0.000  0.238  0.003 0.059 0.000  
 H(  11) C(   3) C(   5) H(  15) -56.5  0.000  0.000  0.238  0.002 0.059 0.000  
 H(  11) C(   3) C(   5) H(  16)-173.2  0.000  0.000  0.238  0.007 0.059 0.000  
 H(  12) C(   3) C(   5) H(  15)  60.4  0.000  0.000  0.238  0.000 0.059 0.000  
 H(  12) C(   3) C(   5) H(  16) -56.3  0.000  0.000  0.238  0.002 0.059 0.000  
 H(  13) C(   4) C(   6) H(  17)-174.0  0.000  0.000  0.238  0.006 0.059 0.000  
 H(  13) C(   4) C(   6) O(  18) -54.2  0.000  0.000  0.300  0.007 0.059 0.000  
 H(  14) C(   4) C(   6) H(  17) -56.9  0.000  0.000  0.238  0.002 0.059 0.000  
 H(  14) C(   4) C(   6) O(  18)  63.0  0.000  0.000  0.300  0.002 0.059 0.000  
 H(  15) C(   5) C(   6) H(  17)  57.1  0.000  0.000  0.238  0.001 0.059 0.000  
 H(  15) C(   5) C(   6) O(  18) -63.7  0.000  0.000  0.300  0.003 0.059 0.000  
 H(  16) C(   5) C(   6) H(  17) 174.3  0.000  0.000  0.238  0.005 0.059 0.000  
 H(  16) C(   5) C(   6) O(  18)  53.5  0.000  0.000  0.300  0.009 0.059 0.000  
 H(  17) C(   6) O(  18) H(  19) -46.3  0.000  0.000  0.200  0.025 0.100-0.001  


 ==============================================================================
                        NORMAL MODE VIBRATIONAL ANALYSIS
 ==============================================================================


             Molecular Shape : ASYMMETRIC ROTOR WITH KAPPA =-0.534832
        Symmetry Point Group : C1  
             Symmetry Number :  1
                   Chirality : yes



0       FUNDAMENTAL NORMAL VIBRATIONAL FREQUENCIES
                ( THEORETICALLY  51 VALUES )

             Frequency :  in 1/cm
             A(i)      :  IR intensity (vs,s,m,w,vw,-- or in 10**6 cm/mole)
             A(i) = -- :  IR inactive


             no       Frequency   Symmetry      A(i)

             1.          3680.7     (A   )       vs
             2.          2937.3     (A   )        s
             3.          2935.5     (A   )        m
             4.          2928.3     (A   )        m
             5.          2925.5     (A   )        m
             6.          2925.2     (A   )        m
             7.          2891.6     (A   )        w
             8.          2886.9     (A   )        m
             9.          2885.3     (A   )        m
            10.          2879.2     (A   )        m
            11.          2872.1     (A   )        w
            12.          2865.6     (A   )        m
            13.          1533.0     (A   )        m
            14.          1465.0     (A   )        w
            15.          1462.5     (A   )        w
            16.          1462.3     (A   )        w
            17.          1459.9     (A   )        w
            18.          1449.9     (A   )        w
            19.          1439.5     (A   )        w
            20.          1414.6     (A   )        w
            21.          1407.1     (A   )        w
            22.          1364.0     (A   )        w
            23.          1361.0     (A   )        m
            24.          1332.1     (A   )        m
            25.          1275.1     (A   )       vs
            26.          1233.8     (A   )        w
            27.          1229.1     (A   )        m
            28.          1214.5     (A   )        w
            29.          1204.8     (A   )        w
            30.          1198.7     (A   )       vw
            31.          1124.5     (A   )        m
            32.          1056.3     (A   )        w
            33.          1043.9     (A   )        w
            34.          1034.5     (A   )        w
            35.          1024.1     (A   )        w
            36.           925.7     (A   )        w
            37.           897.7     (A   )        w
            38.           893.3     (A   )        w
            39.           861.2     (A   )        w
            40.           824.7     (A   )        w
            41.           787.7     (A   )        w
            42.           767.5     (A   )        w
            43.           550.8     (A   )        w
            44.           458.5     (A   )        w
            45.           420.7     (A   )       vw
            46.           377.5     (A   )        w
            47.           346.4     (A   )        w
            48.           334.2     (A   )        w
            49.           235.2     (A   )        m
            50.           210.9     (A   )       vs
            51.           162.3     (A   )        w
            52.     (       0.0)    (t/r )
            53.     (       0.0)    (t/r )
            54.     (       0.0)    (t/r )
            55.     (       0.0)    (t/r )
            56.     (       0.0)    (t/r )
            57.     (       0.0)    (t/r )


0       CORRESPONDING EIGEN VECTOR MATRIX   57 BY  57



 (  1)
     0.000    0.000    0.000    0.000    0.000    0.000    0.000    0.000
     0.000    0.000    0.000    0.000    0.000    0.000    0.000   -0.001
     0.000   -0.001    0.000    0.000    0.000    0.000    0.000    0.000
     0.000    0.000    0.000    0.000    0.000    0.000    0.000    0.000
     0.000    0.000    0.000    0.000    0.000    0.000    0.000    0.000
     0.000    0.000    0.000    0.000    0.000    0.000    0.000    0.000
     0.005    0.000    0.006    0.034   -0.041   -0.030   -0.528    0.645
     0.488

 (  2)
    -0.001    0.003    0.007    0.007    0.000    0.008   -0.001   -0.003
     0.007   -0.014   -0.031    0.052   -0.015    0.032    0.054    0.000
     0.000    0.003    0.022   -0.040   -0.018   -0.012    0.005   -0.070
    -0.075   -0.001   -0.023    0.003    0.000   -0.076   -0.012   -0.006
    -0.072    0.022    0.041   -0.019   -0.040   -0.025   -0.448    0.204
     0.380   -0.168    0.218   -0.389   -0.172   -0.042    0.022   -0.465
     0.005    0.000   -0.045    0.000    0.000    0.000    0.000    0.000
     0.001

 (  3)
     0.001   -0.003   -0.007    0.000    0.000    0.000   -0.001   -0.003
     0.006    0.014    0.031   -0.055   -0.014    0.030    0.053    0.000
    -0.001    0.000   -0.022    0.039    0.018    0.012   -0.004    0.066
     0.002    0.000    0.001    0.000   -0.001    0.002   -0.012   -0.004
    -0.062    0.020    0.037   -0.017    0.042    0.025    0.471   -0.212
    -0.395    0.175    0.212   -0.378   -0.167   -0.042    0.021   -0.457
     0.000    0.011    0.001    0.000    0.000    0.000    0.000    0.000
     0.000

 (  4)
     0.012   -0.023   -0.042   -0.033    0.000   -0.047    0.011    0.022
    -0.040   -0.003   -0.006    0.009   -0.003    0.006    0.009   -0.001
     0.000    0.000   -0.163    0.289    0.133    0.029   -0.027    0.360
     0.401    0.005    0.125   -0.013    0.001    0.439    0.027    0.029
     0.346   -0.150   -0.281    0.129   -0.001   -0.004   -0.073    0.041
     0.077   -0.034    0.041   -0.073   -0.033   -0.001    0.003   -0.070
     0.001    0.000    0.001    0.000    0.000    0.000    0.000    0.000
     0.000

 (  5)
     0.016   -0.032   -0.058    0.006    0.001    0.008   -0.013   -0.027
     0.050   -0.003   -0.005    0.006    0.003   -0.004   -0.006    0.000
     0.000    0.000   -0.231    0.411    0.189    0.045   -0.029    0.488
    -0.072   -0.001   -0.023    0.001   -0.011   -0.069   -0.037   -0.030
    -0.424    0.190    0.355   -0.164    0.004   -0.002   -0.037    0.031
     0.057   -0.025   -0.032    0.056    0.025   -0.002   -0.002    0.043
     0.000   -0.001    0.001    0.000    0.000    0.000    0.000    0.000
     0.000

 (  6)
    -0.008    0.017    0.028   -0.042   -0.001   -0.054   -0.011   -0.025
     0.042    0.001    0.000    0.001    0.001   -0.001    0.000    0.001
     0.000    0.001    0.119   -0.213   -0.098   -0.024    0.008   -0.224
     0.504    0.006    0.157   -0.006    0.000    0.473   -0.035   -0.018
    -0.344    0.169    0.316   -0.146   -0.005   -0.001   -0.020   -0.001
     0.000    0.000   -0.009    0.015    0.007   -0.006    0.000   -0.010
     0.000    0.000   -0.009    0.000    0.000    0.000    0.000    0.000
     0.000

 (  7)
     0.008   -0.010    0.010    0.008    0.000   -0.008    0.007    0.010
     0.009   -0.015   -0.024   -0.022   -0.015    0.023   -0.021    0.000
     0.000    0.059   -0.062    0.105    0.041   -0.016    0.014   -0.147
    -0.079   -0.001   -0.020   -0.006    0.000    0.106   -0.015   -0.014
    -0.142   -0.058   -0.103    0.040    0.038    0.025    0.331    0.128
     0.241   -0.091    0.129   -0.232   -0.087    0.037   -0.021    0.321
    -0.003    0.003   -0.667   -0.001   -0.001   -0.001    0.005    0.005
     0.007

 (  8)
    -0.012    0.015   -0.014    0.000   -0.001    0.000    0.012    0.016
     0.014    0.021    0.034    0.026   -0.023    0.034   -0.027    0.000
    -0.003    0.000    0.093   -0.154   -0.062    0.024   -0.020    0.216
    -0.004    0.005   -0.001    0.000    0.000    0.005   -0.024   -0.023
    -0.226   -0.094   -0.163    0.065   -0.046   -0.038   -0.430   -0.189
    -0.345    0.136    0.203   -0.354   -0.139    0.048   -0.036    0.443
     0.000   -0.001    0.004    0.000    0.000    0.000   -0.001    0.001
     0.000

 (  9)
     0.013   -0.021    0.018    0.025    0.000   -0.022    0.012    0.020
     0.018   -0.010   -0.014   -0.009   -0.010    0.012   -0.009   -0.001
     0.000   -0.052   -0.112    0.200    0.078   -0.031    0.026   -0.283
    -0.262   -0.003   -0.067   -0.017    0.001    0.313   -0.030   -0.027
    -0.273   -0.103   -0.195    0.076    0.016    0.019    0.172    0.086
     0.147   -0.060    0.083   -0.135   -0.056    0.015   -0.016    0.158
     0.001   -0.002    0.599    0.001    0.000    0.001   -0.004   -0.004
    -0.006

 ( 10)
    -0.005    0.013   -0.009   -0.037    0.000    0.029   -0.005   -0.013
    -0.009   -0.015   -0.025   -0.017   -0.015    0.024   -0.016   -0.001
     0.000   -0.027    0.060   -0.124   -0.048    0.017   -0.014    0.148
     0.396    0.005    0.106    0.026   -0.001   -0.435    0.016    0.015
     0.148    0.058    0.125   -0.049    0.031    0.029    0.300    0.140
     0.261   -0.106    0.144   -0.257   -0.104    0.032   -0.026    0.296
     0.000   -0.001    0.317    0.001    0.000    0.000   -0.002   -0.002
    -0.003

 ( 11)
     0.021   -0.035    0.024    0.000    0.004    0.000   -0.020   -0.036
    -0.024    0.009    0.018    0.011   -0.009    0.018   -0.011    0.000
    -0.002    0.000   -0.199    0.358    0.148   -0.048    0.042   -0.427
     0.004   -0.010    0.001    0.000    0.000   -0.004    0.047    0.045
     0.426    0.190    0.359   -0.149   -0.022   -0.019   -0.203   -0.092
    -0.182    0.074    0.095   -0.180   -0.073    0.022   -0.017    0.201
     0.000    0.000   -0.002    0.000    0.000    0.000    0.000    0.000
     0.000

 ( 12)
     0.019   -0.027    0.018   -0.039    0.000    0.026    0.018    0.028
     0.018    0.004    0.010    0.006    0.005   -0.010    0.006    0.000
     0.000    0.004   -0.167    0.289    0.123   -0.038    0.033   -0.337
     0.424    0.005    0.120    0.026   -0.001   -0.427   -0.038   -0.036
    -0.342   -0.163   -0.296    0.127   -0.012   -0.011   -0.111   -0.051
    -0.103    0.042   -0.054    0.103    0.042   -0.012    0.010   -0.112
     0.000    0.000   -0.050    0.000    0.000    0.000    0.000    0.000
     0.001

 ( 13)
    -0.032   -0.003   -0.002    0.011    0.000   -0.001   -0.032    0.002
    -0.002    0.073   -0.038   -0.001    0.072    0.041   -0.002   -0.165
    -0.005    0.000    0.020    0.024    0.018    0.054    0.005   -0.014
     0.011    0.000    0.011   -0.023   -0.001   -0.004    0.055   -0.003
    -0.014    0.020   -0.023    0.019   -0.120    0.105    0.008   -0.157
     0.103    0.046   -0.157   -0.106    0.048   -0.117   -0.111    0.007
     0.552    0.009   -0.003    0.047    0.003    0.001    0.006   -0.020
    -0.025

 ( 14)
     0.016    0.081   -0.024    0.003   -0.124    0.000   -0.019    0.082
     0.024    0.013   -0.027   -0.003   -0.011   -0.027    0.002   -0.001
     0.026    0.001   -0.042   -0.066    0.288    0.046   -0.330   -0.071
    -0.004    0.274    0.006   -0.010    0.266   -0.002   -0.036   -0.337
     0.074    0.047   -0.071   -0.293   -0.012    0.072   -0.009   -0.086
     0.039    0.041    0.085    0.039   -0.038    0.011    0.071    0.008
     0.003   -0.058    0.002   -0.002   -0.002   -0.002    0.023    0.006
     0.014

 ( 15)
     0.108    0.041    0.001   -0.051   -0.034    0.024   -0.001   -0.013
    -0.008   -0.088   -0.013   -0.020    0.024    0.034   -0.008   -0.019
    -0.031    0.000   -0.230   -0.117   -0.089   -0.265   -0.032    0.037
     0.015    0.011   -0.258    0.276    0.084    0.047    0.035    0.071
    -0.022   -0.053    0.053    0.088    0.306    0.220   -0.087    0.124
    -0.002    0.322   -0.062   -0.054    0.100   -0.024   -0.138   -0.017
     0.086    0.076    0.000    0.008    0.002    0.001   -0.024   -0.011
    -0.020

 ( 16)
     0.029   -0.007    0.010    0.044   -0.041   -0.020   -0.112    0.039
    -0.002   -0.049    0.033    0.003    0.095   -0.002    0.018    0.016
    -0.040   -0.004   -0.001    0.032   -0.133   -0.110    0.084    0.036
    -0.015    0.012    0.224   -0.241    0.098   -0.041    0.276   -0.022
    -0.040    0.225   -0.105    0.099    0.105   -0.088   -0.003    0.102
    -0.058   -0.024   -0.137   -0.021   -0.285   -0.313    0.166    0.080
    -0.073    0.101   -0.005   -0.003    0.002    0.004   -0.038   -0.009
    -0.020

 ( 17)
     0.016   -0.042    0.023    0.044    0.005   -0.028    0.024    0.039
     0.023   -0.025   -0.016   -0.013   -0.034    0.012   -0.014   -0.011
     0.002    0.000   -0.020    0.068   -0.313   -0.140    0.278    0.074
    -0.050   -0.004    0.340   -0.336   -0.014   -0.054   -0.156   -0.276
     0.078   -0.032   -0.065   -0.319    0.125    0.175   -0.047    0.081
     0.012    0.209    0.095   -0.003    0.218    0.150   -0.171   -0.050
     0.065   -0.007    0.000    0.004    0.000   -0.001    0.002   -0.002
    -0.002

 ( 18)
     0.014    0.011   -0.006   -0.002   -0.027    0.001   -0.008    0.012
     0.008   -0.031    0.078    0.029    0.025    0.076   -0.027    0.001
    -0.087   -0.006    0.040   -0.005    0.066   -0.016   -0.071   -0.012
     0.000    0.049   -0.010    0.011    0.062    0.001   -0.006   -0.090
     0.019   -0.051   -0.006   -0.091   -0.048   -0.403    0.075    0.030
    -0.105   -0.367   -0.015   -0.091    0.355    0.054   -0.396   -0.070
    -0.002    0.198   -0.008    0.006    0.008    0.007   -0.090   -0.025
    -0.055

 ( 19)
    -0.028    0.022   -0.019    0.030    0.000   -0.020   -0.028   -0.022
    -0.018   -0.004   -0.023   -0.018   -0.002    0.028   -0.020    0.020
    -0.002    0.000    0.079   -0.048    0.297    0.191   -0.268   -0.071
    -0.049    0.001    0.273   -0.305   -0.002   -0.039    0.185    0.267
    -0.071    0.074    0.051    0.292    0.105    0.231   -0.053    0.020
     0.068    0.236    0.018   -0.075    0.265    0.114   -0.262   -0.057
    -0.185    0.006    0.003   -0.007   -0.001    0.003    0.004    0.005
     0.010

 ( 20)
    -0.033   -0.016   -0.018   -0.001    0.079   -0.001    0.035   -0.016
     0.018   -0.046    0.028   -0.012    0.043    0.026    0.013    0.001
    -0.066   -0.006    0.138   -0.057    0.289    0.234   -0.198   -0.065
     0.000   -0.157    0.005   -0.002   -0.230    0.000   -0.234   -0.195
     0.065   -0.137   -0.058   -0.283    0.217    0.088   -0.045    0.147
     0.008    0.178   -0.139    0.011   -0.186   -0.220    0.085    0.047
    -0.007    0.202   -0.007    0.006    0.006    0.007   -0.082   -0.023
    -0.051

 ( 21)
     0.074    0.043   -0.012   -0.005   -0.002   -0.021    0.075   -0.041
    -0.013   -0.038    0.020    0.017   -0.040   -0.022    0.017   -0.033
    -0.001    0.004   -0.149   -0.134    0.100   -0.178   -0.205   -0.008
    -0.112    0.004    0.325   -0.313    0.001   -0.037   -0.177    0.207
    -0.011   -0.149    0.135    0.108    0.066   -0.197    0.026    0.013
    -0.083   -0.154    0.019    0.087   -0.157    0.067    0.204    0.024
     0.341   -0.003    0.001    0.012    0.001   -0.007   -0.007   -0.009
    -0.018

 ( 22)
    -0.050   -0.039   -0.004    0.013   -0.012    0.005   -0.035    0.033
    -0.006   -0.060    0.047    0.006   -0.066   -0.045    0.009   -0.019
    -0.015    0.000    0.252    0.100    0.060    0.183    0.038   -0.022
     0.056    0.050   -0.126    0.108    0.038    0.008    0.154    0.019
    -0.024    0.205   -0.044    0.098    0.269   -0.068   -0.016    0.263
    -0.101    0.060    0.293    0.150    0.021    0.268    0.108   -0.013
     0.413    0.039   -0.005    0.011    0.005   -0.007   -0.058   -0.023
    -0.050

 ( 23)
     0.055    0.017   -0.010    0.001    0.093    0.001   -0.068    0.025
     0.008   -0.019   -0.009    0.009    0.002   -0.019   -0.010   -0.003
     0.074    0.013   -0.171   -0.177    0.128   -0.108   -0.184   -0.009
     0.012   -0.385   -0.016    0.018   -0.291    0.002    0.165   -0.189
     0.003    0.238   -0.195   -0.108    0.025   -0.114    0.014    0.031
    -0.091   -0.105    0.025   -0.070    0.120    0.076   -0.066   -0.021
     0.086   -0.253    0.016   -0.011   -0.012   -0.016    0.159    0.044
     0.094

 ( 24)
     0.034    0.021    0.001   -0.001    0.035   -0.001   -0.029    0.020
     0.001    0.044   -0.016   -0.005   -0.042   -0.018    0.012   -0.001
    -0.093   -0.030   -0.166   -0.085   -0.009   -0.119   -0.053    0.011
    -0.001   -0.181    0.005    0.000   -0.120   -0.001    0.090   -0.030
    -0.006    0.155   -0.072    0.014   -0.210    0.130    0.008   -0.257
     0.161    0.026    0.310    0.203   -0.039    0.121    0.066    0.003
    -0.064    0.336   -0.038    0.027    0.023    0.032   -0.347   -0.101
    -0.210

 ( 25)
     0.003    0.007    0.000    0.000    0.002    0.007   -0.009    0.001
    -0.012    0.013   -0.004   -0.030   -0.007    0.006    0.009    0.004
    -0.049    0.060   -0.068   -0.023   -0.021    0.073    0.054   -0.004
     0.003   -0.040    0.000   -0.011    0.027    0.008    0.023   -0.030
    -0.015    0.030   -0.015   -0.002    0.058   -0.071   -0.036   -0.196
     0.137    0.024   -0.037   -0.003    0.004    0.203    0.130   -0.001
     0.045    0.533    0.078   -0.043   -0.026   -0.048    0.512    0.149
     0.322

 ( 26)
    -0.006    0.013   -0.043   -0.007   -0.004    0.036    0.004   -0.002
     0.002    0.006   -0.004    0.002   -0.001    0.011   -0.034   -0.002
    -0.009    0.034   -0.081   -0.034   -0.034    0.127    0.167   -0.055
    -0.002    0.145    0.020   -0.057   -0.247    0.042    0.338   -0.186
    -0.015   -0.231    0.129    0.014    0.439   -0.241   -0.023   -0.369
     0.203    0.015   -0.082   -0.044   -0.015    0.128    0.139   -0.046
    -0.053   -0.196    0.039    0.005    0.009    0.012   -0.159   -0.042
    -0.098

 ( 27)
     0.008   -0.007    0.026   -0.005    0.008    0.023   -0.007   -0.015
    -0.049   -0.006   -0.006   -0.024    0.004   -0.001    0.008   -0.007
     0.014    0.007   -0.175   -0.119    0.046    0.275    0.108    0.014
     0.002   -0.283    0.015   -0.042    0.436    0.025    0.026   -0.116
    -0.056   -0.028   -0.002   -0.049   -0.110    0.007   -0.020    0.147
    -0.087   -0.021   -0.358   -0.207    0.012    0.415    0.215   -0.018
    -0.050    0.034    0.007    0.016    0.010    0.019   -0.194   -0.055
    -0.123

 ( 28)
    -0.005    0.003   -0.008    0.012    0.000   -0.034   -0.006   -0.005
    -0.011    0.005    0.006    0.019    0.005   -0.003    0.014    0.005
    -0.003    0.018    0.339    0.213   -0.042   -0.349   -0.189    0.010
     0.020   -0.031   -0.061    0.051    0.027   -0.042   -0.318    0.155
     0.003    0.305   -0.188   -0.048    0.214   -0.082    0.010   -0.267
     0.164    0.049   -0.288   -0.180    0.042    0.256    0.118    0.000
    -0.064   -0.055    0.022    0.001    0.006    0.010   -0.106   -0.025
    -0.064

 ( 29)
     0.011   -0.001    0.014    0.000   -0.009   -0.001   -0.012   -0.001
    -0.009   -0.004    0.013    0.018    0.005    0.015   -0.020    0.006
    -0.018    0.004    0.389    0.214    0.010   -0.245   -0.168    0.030
     0.004   -0.479    0.004   -0.001    0.261   -0.002    0.255   -0.158
    -0.025   -0.413    0.215   -0.007   -0.059    0.068    0.025   -0.083
     0.067    0.044    0.130    0.096   -0.044   -0.012    0.033   -0.023
     0.028   -0.104    0.005   -0.009   -0.004   -0.009    0.073    0.022
     0.046

 ( 30)
    -0.006   -0.003   -0.005    0.000    0.001    0.000    0.007   -0.002
     0.005    0.004    0.005    0.011   -0.007    0.003   -0.010   -0.002
    -0.006   -0.003    0.117    0.065   -0.004   -0.288   -0.158    0.011
    -0.004    0.338    0.000    0.004   -0.397    0.002    0.302   -0.155
    -0.010   -0.124    0.069    0.007   -0.299    0.188    0.029    0.281
    -0.148    0.000   -0.257   -0.141   -0.001    0.284    0.187   -0.030
    -0.006    0.153   -0.003    0.003    0.002    0.001   -0.002    0.000
    -0.002

 ( 31)
    -0.006    0.011    0.005    0.001    0.004    0.005   -0.006   -0.018
     0.002    0.001   -0.001    0.011    0.003    0.022    0.002    0.162
    -0.025    0.044   -0.048   -0.009    0.007    0.036    0.037    0.004
     0.001    0.034    0.005   -0.010    0.011    0.005    0.015   -0.019
     0.000    0.019   -0.042   -0.013   -0.155    0.139    0.020   -0.110
     0.067    0.031   -0.127   -0.048   -0.002   -0.064   -0.083    0.004
     0.496   -0.086    0.047   -0.106    0.006   -0.052   -0.200   -0.016
    -0.122

 ( 32)
    -0.036   -0.060    0.022    0.004    0.083   -0.016    0.025   -0.051
     0.004    0.024    0.055    0.018   -0.010    0.058   -0.049   -0.021
    -0.098    0.019   -0.181   -0.165    0.073   -0.170   -0.102    0.035
    -0.005    0.257    0.004    0.028    0.319   -0.018    0.156   -0.004
    -0.013    0.122   -0.154   -0.108   -0.039   -0.010    0.032    0.040
     0.097    0.130    0.065    0.118   -0.087    0.042    0.097   -0.059
    -0.059   -0.337    0.021    0.002    0.001   -0.005    0.125    0.037
     0.080

 ( 33)
    -0.040   -0.025   -0.022   -0.012    0.062    0.033    0.070   -0.035
    -0.031    0.038   -0.031    0.020   -0.069   -0.042    0.034    0.015
     0.073   -0.036    0.013   -0.023    0.039   -0.237   -0.059   -0.008
     0.002    0.074   -0.011   -0.067    0.273    0.034    0.258   -0.235
    -0.035    0.128   -0.032    0.043    0.234   -0.049    0.004   -0.014
    -0.037   -0.056   -0.136   -0.052   -0.030   -0.243   -0.239    0.043
     0.040    0.327   -0.039    0.003    0.003    0.005   -0.057   -0.014
    -0.036

 ( 34)
     0.053    0.008   -0.068   -0.027   -0.008    0.082    0.018   -0.007
    -0.068   -0.054    0.040    0.070   -0.014    0.015    0.051   -0.004
    -0.049   -0.078    0.171   -0.016    0.129    0.061    0.266   -0.056
     0.010    0.023   -0.036   -0.166   -0.049    0.086   -0.068   -0.164
    -0.053    0.173   -0.019    0.086   -0.116    0.265    0.068   -0.164
     0.035   -0.075   -0.090    0.054   -0.131    0.100   -0.132    0.036
    -0.016   -0.189   -0.085    0.016   -0.007    0.003    0.172    0.043
     0.105

 ( 35)
     0.082    0.005    0.057   -0.052   -0.002   -0.038    0.081   -0.002
     0.058   -0.075    0.014   -0.050   -0.074   -0.015   -0.051   -0.020
    -0.002    0.007    0.210    0.113   -0.021    0.265    0.002    0.046
    -0.123   -0.003    0.191    0.180   -0.001   -0.033    0.259    0.009
     0.047    0.212   -0.108   -0.021   -0.197   -0.022   -0.042   -0.167
     0.095    0.020   -0.161   -0.094    0.020   -0.194    0.021   -0.043
     0.009   -0.009    0.006    0.024    0.001    0.002    0.017   -0.003
    -0.003

 ( 36)
    -0.029    0.020   -0.089    0.000   -0.047    0.002    0.029    0.022
     0.087    0.043   -0.003    0.090   -0.043   -0.005   -0.091   -0.001
    -0.035    0.002   -0.045   -0.077    0.106   -0.087    0.241   -0.074
     0.004   -0.244   -0.002   -0.005    0.038    0.002    0.076    0.238
     0.072    0.051   -0.074   -0.100    0.135    0.242    0.072    0.090
    -0.127   -0.140   -0.081   -0.128    0.145   -0.148    0.240   -0.074
    -0.003    0.061    0.003   -0.001    0.009   -0.002    0.027    0.015
     0.020

 ( 37)
     0.014    0.006   -0.034   -0.018   -0.019    0.092    0.046    0.029
    -0.048    0.035    0.025   -0.073   -0.007   -0.010   -0.061   -0.022
    -0.015    0.096    0.101    0.009    0.065   -0.125    0.058   -0.019
     0.053   -0.076   -0.140   -0.268   -0.050    0.090   -0.142   -0.158
    -0.017    0.201    0.057    0.191   -0.186   -0.215   -0.040    0.198
     0.070    0.223    0.069   -0.052    0.131   -0.213    0.117   -0.038
    -0.041   -0.041    0.101   -0.009    0.007   -0.010   -0.073   -0.016
    -0.048

 ( 38)
    -0.064    0.059    0.027    0.006   -0.066   -0.027    0.045    0.055
    -0.005    0.067    0.031    0.009   -0.077    0.039    0.032    0.004
    -0.061   -0.028   -0.220    0.092   -0.233    0.069   -0.171   -0.001
    -0.013   -0.261    0.043    0.081   -0.154   -0.026    0.010   -0.112
     0.011    0.130    0.089    0.162    0.090   -0.086    0.015    0.173
     0.021    0.109   -0.247    0.057   -0.218    0.030   -0.190    0.010
     0.004   -0.148   -0.029    0.002    0.009    0.000    0.077    0.034
     0.049

 ( 39)
    -0.001    0.103   -0.001   -0.005    0.000    0.054    0.003   -0.102
    -0.001   -0.009   -0.098   -0.016   -0.011    0.097   -0.016   -0.016
     0.000    0.050    0.092    0.243   -0.187    0.093   -0.054   -0.023
     0.037   -0.001   -0.079   -0.160   -0.002    0.051    0.091    0.052
    -0.023    0.100   -0.240   -0.182    0.055    0.023   -0.031    0.090
    -0.219   -0.161    0.081    0.216   -0.160    0.054   -0.020   -0.031
    -0.046   -0.002    0.052    0.000    0.002   -0.002   -0.033   -0.013
    -0.019

 ( 40)
    -0.001    0.022   -0.036   -0.154   -0.002   -0.023    0.000   -0.021
    -0.036    0.075    0.003    0.016    0.076   -0.002    0.015   -0.004
     0.000    0.024    0.094    0.042    0.039   -0.029    0.129   -0.026
    -0.300   -0.002    0.431    0.292    0.003   -0.010   -0.027   -0.132
    -0.026    0.096   -0.038    0.041    0.097    0.005    0.015    0.160
    -0.041    0.012    0.157    0.040    0.016    0.095    0.000    0.015
    -0.031    0.001    0.026   -0.029    0.000   -0.003   -0.044   -0.005
    -0.012

 ( 41)
    -0.027    0.017    0.063    0.001    0.044   -0.002    0.028    0.022
    -0.063   -0.036   -0.027    0.059    0.035   -0.024   -0.058   -0.001
    -0.039    0.002   -0.101    0.113   -0.238    0.145   -0.258    0.029
     0.001    0.068   -0.001    0.003    0.024   -0.001   -0.141   -0.264
    -0.027    0.100    0.126    0.247    0.133    0.263    0.027   -0.117
    -0.123   -0.256    0.114   -0.114    0.246   -0.136    0.253   -0.028
    -0.003   -0.025    0.002   -0.001    0.001   -0.002    0.022    0.006
     0.017

 ( 42)
     0.026   -0.082   -0.010    0.048    0.000   -0.051    0.023    0.082
    -0.008   -0.024   -0.099   -0.006   -0.027    0.097   -0.003   -0.024
     0.001    0.085    0.093   -0.157    0.227   -0.086    0.113    0.015
     0.019    0.000    0.052    0.180    0.002   -0.049   -0.077   -0.103
     0.016    0.083    0.155    0.215    0.037    0.066   -0.022   -0.057
    -0.167   -0.189   -0.067    0.165   -0.197    0.042   -0.077   -0.019
    -0.077    0.000    0.088   -0.017    0.003   -0.011   -0.074   -0.018
    -0.045

 ( 43)
    -0.056    0.085   -0.023    0.084    0.001   -0.025   -0.054   -0.086
    -0.023   -0.050   -0.028    0.000   -0.051    0.028   -0.001    0.042
     0.001   -0.011   -0.037    0.019    0.151   -0.131    0.221   -0.005
     0.013    0.001    0.210    0.293    0.003   -0.018   -0.128   -0.226
    -0.004   -0.036   -0.019    0.152   -0.126   -0.151    0.015   -0.007
     0.016    0.158   -0.005   -0.014    0.158   -0.129    0.150    0.013
     0.054    0.000   -0.010    0.074    0.000    0.010    0.080   -0.002
     0.017

 ( 44)
     0.034   -0.028    0.000    0.014    0.000    0.024    0.036    0.028
     0.000    0.012   -0.087    0.019    0.011    0.092    0.017   -0.007
     0.001   -0.145    0.065   -0.008   -0.008    0.050   -0.038   -0.002
     0.013   -0.002    0.029    0.026    0.000    0.024    0.050    0.037
    -0.001    0.070    0.009   -0.005   -0.028   -0.294    0.035    0.039
    -0.019    0.209    0.041    0.025    0.208   -0.032    0.297    0.032
     0.046    0.006   -0.141   -0.096   -0.008    0.036   -0.012    0.038
     0.065

 ( 45)
     0.097   -0.084    0.024   -0.001   -0.056    0.000   -0.095   -0.084
    -0.023    0.092    0.067    0.016   -0.093    0.067   -0.017    0.001
     0.047    0.000    0.060   -0.071   -0.051    0.134   -0.129    0.017
    -0.001    0.027   -0.001   -0.001   -0.079    0.000   -0.132   -0.130
    -0.016   -0.058   -0.071    0.051    0.137    0.123    0.008    0.048
     0.055   -0.068   -0.049    0.055    0.068   -0.139    0.121   -0.009
     0.001    0.062    0.000    0.001    0.033    0.000   -0.009    0.025
     0.001

 ( 46)
     0.044    0.066   -0.003    0.129    0.001   -0.034    0.045   -0.067
    -0.003    0.017    0.063    0.013    0.017   -0.062    0.013   -0.106
    -0.001    0.014    0.017    0.029    0.044    0.042    0.109    0.000
     0.114    0.001    0.016    0.160    0.001   -0.032    0.043   -0.110
     0.000    0.017   -0.030    0.045    0.025    0.083    0.011    0.055
     0.028   -0.022    0.053   -0.028   -0.021    0.024   -0.081    0.011
    -0.122   -0.001    0.014   -0.128    0.000   -0.003   -0.133   -0.002
    -0.006

 ( 47)
    -0.041   -0.006   -0.013   -0.006   -0.031   -0.010    0.039   -0.016
     0.033   -0.030    0.087    0.012    0.035    0.085   -0.028    0.003
     0.095   -0.005   -0.100   -0.024   -0.046   -0.023   -0.034   -0.016
     0.001   -0.079   -0.032   -0.032   -0.011   -0.010    0.001   -0.089
     0.042    0.111   -0.019    0.110   -0.039    0.089    0.011   -0.069
     0.107    0.010    0.064    0.107   -0.043    0.066    0.076   -0.030
     0.014    0.124   -0.005    0.005   -0.165    0.014   -0.079   -0.161
    -0.083

 ( 48)
    -0.001    0.044    0.087   -0.055    0.003   -0.078   -0.009   -0.041
     0.081    0.034   -0.013   -0.054    0.026   -0.008   -0.048    0.021
    -0.012   -0.060    0.062   -0.003    0.268   -0.087    0.230    0.107
     0.003    0.009   -0.266   -0.265   -0.002   -0.081   -0.084   -0.215
     0.100    0.036    0.011    0.247    0.119    0.004   -0.061    0.019
    -0.022   -0.096    0.002   -0.004   -0.089    0.106   -0.021   -0.056
     0.075   -0.015   -0.059   -0.014    0.017    0.048    0.048    0.052
     0.070

 ( 49)
    -0.034    0.015    0.082    0.002   -0.040    0.003    0.032    0.017
    -0.085    0.018    0.030   -0.092   -0.020    0.028    0.087    0.000
    -0.025    0.001   -0.005   -0.033    0.223   -0.153    0.130    0.100
     0.000   -0.045    0.009    0.009   -0.118    0.003    0.147    0.140
    -0.104    0.003   -0.035   -0.230    0.133    0.162   -0.109   -0.022
    -0.017   -0.245    0.023   -0.014    0.236   -0.137    0.151    0.103
     0.004   -0.106    0.001   -0.003   -0.041    0.014    0.059    0.151
    -0.174

 ( 50)
     0.011   -0.006   -0.036    0.006    0.017    0.012   -0.017   -0.002
     0.026   -0.002   -0.007    0.006   -0.001   -0.015   -0.028   -0.001
    -0.003    0.004    0.006    0.015   -0.086    0.037   -0.055   -0.041
    -0.001    0.021    0.034    0.029    0.046    0.012   -0.055   -0.031
     0.031   -0.013    0.014    0.065   -0.030   -0.020    0.009    0.011
    -0.004    0.027   -0.010    0.001   -0.074    0.034   -0.055   -0.033
     0.016    0.019    0.003   -0.012   -0.027    0.053    0.218    0.658
    -0.603

 ( 51)
    -0.020   -0.016   -0.010    0.041    0.000    0.105   -0.020    0.016
    -0.014    0.001    0.019   -0.098    0.001   -0.019   -0.099    0.022
     0.001   -0.032   -0.006   -0.003   -0.021   -0.093   -0.075   -0.006
    -0.007    0.000    0.257    0.204    0.000    0.108   -0.092    0.079
    -0.012   -0.005    0.001   -0.030    0.050    0.098   -0.106   -0.033
     0.001   -0.179   -0.033   -0.001   -0.182    0.051   -0.099   -0.107
     0.131    0.002   -0.032   -0.029    0.003    0.115    0.004   -0.063
     0.237

 ( 52)
     0.007    0.031    0.011   -0.011   -0.001   -0.096    0.019    0.031
    -0.134   -0.012    0.017    0.083    0.000    0.017   -0.061    0.019
     0.050    0.045   -0.018    0.005    0.038    0.060    0.095    0.010
     0.005    0.013   -0.148   -0.065   -0.065   -0.097    0.073    0.095
    -0.143    0.003    0.004   -0.210   -0.066   -0.047    0.091    0.004
     0.043    0.159    0.025    0.043   -0.089   -0.053   -0.047   -0.059
     0.074    0.115    0.045   -0.004    0.029    0.112    0.022    0.059
     0.100

 ( 53)
    -0.001    0.029   -0.118   -0.011    0.059   -0.053    0.010    0.029
     0.054   -0.013    0.061   -0.073   -0.002    0.062    0.098    0.009
     0.030    0.033   -0.018    0.055   -0.194    0.032   -0.047   -0.125
     0.000    0.032   -0.084   -0.045    0.135   -0.054    0.044   -0.046
     0.056    0.001    0.056    0.101   -0.047    0.137   -0.074   -0.005
     0.036   -0.120    0.015    0.037    0.175   -0.035    0.137    0.104
     0.043   -0.046    0.033   -0.007    0.069    0.073    0.011    0.039
     0.131

 ( 54)
     0.102    0.044    0.009    0.094    0.049    0.011    0.076    0.043
    -0.002    0.107    0.026   -0.006    0.080    0.026   -0.018    0.088
     0.021   -0.020    0.116    0.047    0.019    0.091    0.049    0.011
     0.091    0.061    0.022    0.106    0.044    0.011    0.064    0.049
    -0.001    0.071    0.046   -0.001    0.119    0.021   -0.007    0.112
     0.023   -0.008    0.067    0.023   -0.027    0.092    0.020   -0.019
     0.076    0.026   -0.019    0.094    0.005   -0.034    0.082    0.002
    -0.042

 ( 55)
    -0.031   -0.059    0.069    0.024   -0.089    0.069    0.076   -0.058
     0.064   -0.030    0.003    0.063    0.076    0.004    0.058    0.021
     0.034    0.058   -0.068   -0.081    0.072   -0.038   -0.061    0.069
     0.024   -0.133    0.073    0.029   -0.092    0.069    0.074   -0.060
     0.064    0.116   -0.079    0.064   -0.028    0.005    0.062   -0.070
     0.025    0.063    0.113    0.027    0.054    0.083    0.006    0.057
     0.016    0.036    0.058    0.021    0.090    0.052    0.046    0.113
     0.049

 ( 56)
     0.061   -0.026   -0.002    0.013    0.000   -0.002   -0.008   -0.027
     0.034    0.051   -0.061    0.037   -0.017   -0.062    0.073    0.031
    -0.088    0.074    0.074   -0.007   -0.028    0.092   -0.039   -0.005
     0.022    0.024   -0.030   -0.016    0.016   -0.003    0.019   -0.040
     0.033   -0.044   -0.008    0.034    0.023   -0.048    0.039    0.087
    -0.080    0.037   -0.031   -0.081    0.099   -0.048   -0.049    0.077
     0.060   -0.103    0.074    0.019   -0.117    0.109    0.014   -0.138
     0.131

 ( 57)
     0.000   -0.085   -0.105    0.020   -0.092   -0.095    0.058   -0.084
    -0.060   -0.006   -0.045   -0.079    0.050   -0.044   -0.035    0.031
    -0.037   -0.045   -0.027   -0.089   -0.129    0.018   -0.106   -0.108
     0.027   -0.122   -0.113    0.001   -0.073   -0.095    0.078   -0.105
    -0.061    0.071   -0.088   -0.053   -0.027   -0.023   -0.078   -0.020
    -0.041   -0.086    0.078   -0.040   -0.010    0.032   -0.022   -0.032
     0.050   -0.057   -0.045    0.022    0.001   -0.022    0.044    0.005
    -0.002


 ==============================================================================
                      STATISTICAL THERMODYNAMICS ANALYSIS
 ==============================================================================

  Structure name    : hydroxycyclohexane-eq                                       
  Temperature       :   298.16 K
  Symmetry number   :   1
  Optical isomers   :   2
  Zero Point Energy :  106.441 Kcal/mol


                     ENERGY   ENTHALPY    ENTROPY  FREE ENERGY   HEAT CAPACITY
                  (Kcal/mol) (Kcal/mol)     (eu)   (Kcal/mol)    (cal/mol/deg)
  Translational       0.889      1.481     39.703    -10.357         4.967
     Rotational       0.889      0.889     27.440     -7.293         2.980
    Vibrational     109.120%   109.120%    14.078*   104.922%       22.023*
      Potential       9.734#     9.734#     0.000      9.734#        0.000
         Mixing       0.000      0.000      1.377     -0.411         0.000
          Total     120.631    121.223     82.598     96.596        29.971

  Enthalpy Function (H-Ho)/T     =   16.93 cal/mol/deg
  Free Energy Function -(G-Ho)/T =   65.66 cal/mol/deg

  % Includes zero point energy (ZPE).
  * Excludes contribution from frequencies lower than 40 (1/cm).
  # Includes steric energy (SE).
    Internal rotation contributions are not considered

  This structure has   0 imaginary frequencies,
                       0 free internal rotation (fir) frequencies
                         (>= 0,< 10 /cm),
                       0 restricted internal rotation (rir) frequencies
                         (>= 10,< 40 /cm),
                       6 zero frequencies, and
                      51 real frequencies.


      FINAL STERIC ENERGY IS      9.7336 KCAL/MOL.


                COMPRESSION       0.3415
                BENDING           0.2101
                BEND-BEND        -0.0138
                STRETCH-BEND      0.0565
                VANDERWAALS
                  1,4 ENERGY      7.4211
                  OTHER          -0.3703
                H-BONDING         0.0000
                PI-COMPLX         0.0000

                TORSIONAL         2.0991
                TORSION-STRETCH  -0.0105
                DIPOLE-DIPOLE     0.0000
                CHARGE-DIPOLE     0.0000
                CHARGE-CHARGE     0.0000

      -----------------------------------------------------------------

      COORDINATES TRANSLATED TO NEW ORIGIN WHICH IS CENTER OF MASS
         C(   1)    -1.20919     1.25703    -0.21381   (  1)
         C(   2)    -1.90463    -0.01629     0.28995   (  1)
         C(   3)    -1.18128    -1.27690    -0.20647   (  1)
         C(   4)     0.27608     1.26566     0.16789   (  1)
         C(   5)     0.30411    -1.25171     0.17452   (  1)
         C(   6)     0.98990     0.01399    -0.35012   (  1)
         H(   7)    -1.71456     2.15662     0.20765   (  5)
         H(   8)    -1.30937     1.32256    -1.32186   (  5)
         H(   9)    -2.96611    -0.02895    -0.04954   (  5)
         H(  10)    -1.92412    -0.01330     1.40428   (  5)
         H(  11)    -1.28014    -1.35085    -1.31412   (  5)
         H(  12)    -1.66701    -2.18487     0.22009   (  5)
         H(  13)     0.37156     1.32311     1.27578   (  5)
         H(  14)     0.76426     2.17787    -0.24394   (  5)
         H(  15)     0.80968    -2.15618    -0.23328   (  5)
         H(  16)     0.40146    -1.30155     1.28261   (  5)
         H(  17)     0.98575     0.01727    -1.46965   (  5)
         O(  18)     2.33930     0.04577     0.14047   (  6)
         H(  19)     2.84905    -0.59027    -0.34360   ( 21)

      MOMENT OF INERTIA WITH THE PRINCIPAL AXES

          (1)  UNIT = 10**(-39) GM*CM**2
               IX=   19.7315    IY=   37.7642    IZ=   52.2311

          (2)  UNIT = AU A**2
               IX=  118.8390    IY=  227.4459    IZ=  314.5775



      MOLECULAR POLARIZABILITIES (A**3)
        ALPHA(1)   =      14.63
        ALPHA(2)   =      13.35
        ALPHA(3)   =      11.32
        AVG. ALPHA =      13.10



      DIPOLE MOMENT =          1.710 D


        COMPONENTS WITH PRINCIPAL AXES

                          X =  0.2013    Y =  1.1463    Z =  1.2524


      E (INDP/INDP) =          0.362 KCAL/MOLE
      DIPOLE MOMENT =          1.568 D (INCLUDES INDUCED BOND MOMENTS)
      *NOTE*  E (INDP/INDP) IS NOT INCLUDED IN THE FINAL STERIC ENERGY

        COMPONENTS WITH PRINCIPAL AXES

                          X =  0.3688    Y =  1.1475    Z =  1.0024



      TOTAL ATOMIC CHARGE ON EACH ATOM (in ELECTRON CHARGE)

           C(    1):         -0.014
           C(    2):          0.004
           C(    3):          0.001
           C(    4):          0.011
           C(    5):         -0.005
           C(    6):          0.160
           H(    7):          0.001
           H(    8):          0.002
           H(    9):          0.001
           H(   10):          0.001
           H(   11):          0.002
           H(   12):          0.001
           H(   13):          0.007
           H(   14):          0.007
           H(   15):          0.006
           H(   16):          0.006
           H(   17):          0.008
           O(   18):         -0.617
           H(   19):          0.416

      -----------------------------------------------------------------

        END OF hydroxycyclohexane-eq                                       


           TOTAL CPU TIME IS      0.05 SECONDS.

           THIS JOB COMPLETED AT    17:15:22
