1
               ---------------------------------------------
               WARNING : INCORRECT ATOM TYPES GIVEN IN INPUT
                         DATA ARE CORRECTED AS FOLLOWS
               ---------------------------------------------


             Atom type of atom    1 is replaced by   1 (was   0)
             Atom type of atom    2 is replaced by   1 (was   0)
             Atom type of atom    3 is replaced by   1 (was   0)
             Atom type of atom    4 is replaced by   1 (was   0)
             Atom type of atom    5 is replaced by   1 (was   0)
             Atom type of atom    6 is replaced by   1 (was   0)
             Atom type of atom    7 is replaced by   5 (was   0)
             Atom type of atom    8 is replaced by   5 (was   0)
             Atom type of atom    9 is replaced by   5 (was   0)
             Atom type of atom   10 is replaced by   5 (was   0)
             Atom type of atom   11 is replaced by   5 (was   0)
             Atom type of atom   12 is replaced by   5 (was   0)
             Atom type of atom   13 is replaced by   5 (was   0)
             Atom type of atom   14 is replaced by   5 (was   0)
             Atom type of atom   15 is replaced by   5 (was   0)
             Atom type of atom   16 is replaced by   5 (was   0)
             Atom type of atom   17 is replaced by   5 (was   0)
             Atom type of atom   18 is replaced by   6 (was   0)
             Atom type of atom   19 is replaced by   1 (was   0)
             Atom type of atom   20 is replaced by   5 (was   0)
             Atom type of atom   21 is replaced by   5 (was   0)
             Atom type of atom   22 is replaced by   5 (was   0)
1     methoxycyclohexane-eq                                       

               CHEMICAL FORMULA :  C(   7)  H(  14)  O(   1) 
               FORMULA WEIGHT   :    114.107
                                                               DATE 26-MAY-23
                                                               TIME  17:41:55


          THE COORDINATES OF   22 ATOMS ARE READ IN.
          SOME CONSTANTS WILL BE READ IN.

      CONFORMATIONAL ENERGY, PART 1:  GEOMETRY AND STERIC ENERGY
                                      OF INITIAL CONFORMATION.


      CONNECTED ATOMS
         1-   2-   3-   5-   6-  18-  19-
         1-   4-   6-

      ATTACHED ATOMS
         1-   7,   1-   8,   2-   9,   2-  10,   3-  11,   3-  12,   4-  13,
         4-  14,   5-  15,   5-  16,   6-  17,  19-  20,  19-  21,  19-  22,

      INITIAL ATOMIC COORDINATES
           ATOM         X           Y           Z       TYPE
         C(   1)     1.75453     1.12111     0.31144   (  1)
         C(   2)     2.32714    -0.21270    -0.18907   (  1)
         C(   3)     1.40985    -1.38133     0.19893   (  1)
         C(   4)     0.32056     1.33261    -0.19539   (  1)
         C(   5)    -0.02647    -1.16117    -0.30231   (  1)
         C(   6)    -0.58141     0.17007     0.22937   (  1)
         H(   7)     2.40170     1.96293    -0.02603   (  5)
         H(   8)     1.76134     1.13492     1.42544   (  5)
         H(   9)     3.34653    -0.37247     0.23110   (  5)
         H(  10)     2.43517    -0.17762    -1.29745   (  5)
         H(  11)     1.40092    -1.49371     1.30746   (  5)
         H(  12)     1.81155    -2.33314    -0.21854   (  5)
         H(  13)     0.30961     1.41751    -1.30454   (  5)
         H(  14)    -0.09878     2.28486     0.19890   (  5)
         H(  15)    -0.67028    -2.00661     0.02276   (  5)
         H(  16)    -0.05054    -1.15100    -1.41427   (  5)
         H(  17)    -0.65755     0.14441     1.34889   (  5)
         O(  18)    -1.86911     0.46115    -0.32466   (  6)
         C(  19)    -2.91513    -0.30797     0.25647   (  1)
         H(  20)    -3.86236     0.03953    -0.20203   (  5)
         H(  21)    -2.77784    -1.39490     0.03234   (  5)
         H(  22)    -2.95695    -0.13938     1.36208   (  5)


          DIELECTRIC CONSTANT =  1.500


      INITIAL STERIC ENERGY IS     12.6524 KCAL/MOL.

                  COMPRESSION       0.5845
                  BENDING           1.4583
                  BEND-BEND         0.0096
                  STRETCH-BEND      0.1129
                  VANDERWAALS
                    1,4 ENERGY      7.8357
                    OTHER           0.2403
                  H-BONDING         0.0000
                  PI-COMPLX         0.0000

                  TORSIONAL         2.4272
                  TORSION-STRETCH  -0.0161
                  DIPOLE-DIPOLE     0.0000
                  CHARGE-DIPOLE     0.0000
                  CHARGE-CHARGE     0.0000


      MOLECULAR POLARIZABILITIES (A**3)
        ALPHA(1)   =      17.23
        ALPHA(2)   =      15.74
        ALPHA(3)   =      13.53
        AVG. ALPHA =      15.50



      DIPOLE MOMENT =          1.289 D


      E (INDP/INDP) =          0.216 KCAL/MOLE
      DIPOLE MOMENT =          1.253 D (INCLUDES INDUCED BOND MOMENTS)
      *NOTE*  E (INDP/INDP) IS NOT INCLUDED IN THE INITIAL STERIC ENERGY

      CPU TIME FOR INITIAL CALCULATION IS     0.01 SECONDS.


1     methoxycyclohexane-eq                                       


     CONFORMATIONAL ENERGY, PART 2: GEOMETRY MINIMIZATION

               GEOMETRY OPTIMIZATION IS CONTINUED UNTIL ATOM
               MOVEMENT CONVERGES WITHIN FOLLOWING VALUES:

                         AVERAGE MOVEMENT  0.00014 A
                         MAXIMUM MOVEMENT  0.00141 A



     <<<<<<<<<<<<<<<<<<<<<<<<<<  C Y C L E   1 >>>>>>>>>>>>>>>>>>>>>>>>>>

                              (CH)-MOVEMENT = 1

       ITER    1   AVG. MOVE = 0.00547 A   (MAX MOVE : ATOM   20   0.04590 A)  
       ITER    2   AVG. MOVE = 0.00162 A   (MAX MOVE : ATOM   19   0.01161 A)  
       ITER    3   AVG. MOVE = 0.00095 A   (MAX MOVE : ATOM   19   0.00688 A)  
       ITER    4   AVG. MOVE = 0.00063 A   (MAX MOVE : ATOM   19   0.00389 A)  
       ITER    5   AVG. MOVE = 0.00047 A   (MAX MOVE : ATOM   19   0.00248 A)  
       ITER    6   AVG. MOVE = 0.00038 A   (MAX MOVE : ATOM   20   0.00187 A)  
       ITER    7   AVG. MOVE = 0.00033 A   (MAX MOVE : ATOM   20   0.00182 A)  
       ITER    8   AVG. MOVE = 0.00029 A   (MAX MOVE : ATOM   20   0.00175 A)  
       ITER    9   AVG. MOVE = 0.00026 A   (MAX MOVE : ATOM   20   0.00166 A)  
       ITER   10   AVG. MOVE = 0.00023 A   (MAX MOVE : ATOM   20   0.00157 A)  
       ITER   11   AVG. MOVE = 0.00021 A   (MAX MOVE : ATOM   20   0.00148 A)  
       ITER   12   AVG. MOVE = 0.00019 A   (MAX MOVE : ATOM   20   0.00139 A)  
       ITER   13   AVG. MOVE = 0.00018 A   (MAX MOVE : ATOM   20   0.00131 A)  
       ITER   14   AVG. MOVE = 0.00016 A   (MAX MOVE : ATOM   20   0.00123 A)  
       ITER   15   AVG. MOVE = 0.00015 A   (MAX MOVE : ATOM   20   0.00116 A)  
       ITER   16   AVG. MOVE = 0.00014 A   (MAX MOVE : ATOM   20   0.00109 A)  


     <<<<<<<<<<<<<<<<<<<<<<<<<<  C Y C L E   2 >>>>>>>>>>>>>>>>>>>>>>>>>>

                              (CH)-MOVEMENT = 0

       ITER   17   AVG. MOVE = 0.00008 A   (MAX MOVE : ATOM   22   0.00104 A)  


              * * * * * * * * * GEOMETRY IS OPTIMIZED * * * * * * * * *

               WITHIN : AVERAGE MOVEMENT  0.00008 A (LIMIT  0.00014 A)
                        MAXIMUM MOVEMENT  0.00104 A (LIMIT  0.00141 A)

               GRADIENT
                  RMS GRADIENT                0.014093 KCAL/MOL/A

                  MAX GRADIENT
                    X-DIRECTION : ATOM #   3   0.014710 KCAL/MOL/A
                    Y-DIRECTION : ATOM #  19   0.037216 KCAL/MOL/A
                    Z-DIRECTION : ATOM #   4   0.040697 KCAL/MOL/A

        DELTA TIME =    0.00 SEC.       TOTAL CPU TIME =      0.02 SEC.


                            =====================
                            FULL-MATRIX OPTIMIZER
                            =====================


     iter.  rms force   max force   avg. move    max move  atom  convg  d-time

        0    0.021806    0.089574   0.00204 A   0.02919 A   22    [N]     0.0s
        1    0.036622    0.189182   0.00002 A   0.00030 A   22    [N]     0.0s
        2    0.000079    0.000316                                 [Y]     0.0s


      TOTAL ENERGY IS     12.2393 KCAL/MOL.

        COMPRESS    0.4118      VDW 1,4    7.8262      DIPL-DIPL    0.0000
        BENDING     1.2672        OTHER    0.1481      CHRG-DIPL    0.0000
        STR-BEND    0.0962      TORSION    2.5263      CHRG-CHRG    0.0000
        BEND-BEND  -0.0216      TOR-STR   -0.0149      EPR          0.0000
        H-BONDING   0.0000      PI-CMPL    0.0000
0     DELTA(T) =     0.0 SEC.          ELAPSED TIME =     0.0 SEC.


    * * * ENERGY IS STATIONARY WITHIN RMS OF FORCES   0.00014  Kcal/mol/A * * *

                 * * * *  RMS FORCE IS   0.00008 Kcal/mol/A * * * *

1     methoxycyclohexane-eq                                       

               CHEMICAL FORMULA :  C(   7)  H(  14)  O(   1) 
               FORMULA WEIGHT   :    114.107
                                                               DATE : 26-MAY-23

           * M M 3 * * * * * * * * * * * 2 0 0 0 *
           *                                     *   PARAMETER RELIABILITY
           *                                     *
           *                                     *   BLANK = GOOD
           *                                     *       B = FAIR
           *                                     *       C = TRIAL
           *                                     *       R = READ IN
           *                                     *       S = SUBSTITUTED
           *                                     *       U = PARAMETER NOT EXIST
           *                                     *
           *                                     *   THIS IS SHOWN AT THE END 
           *                                     *   OF THE LINE.
           * * * * * * * * * * * * * * * * * * * * 


      CONFORMATIONAL ENERGY, PART 3:  GEOMETRY AND STERIC ENERGY
                                      OF FINAL CONFORMATION.

      CONNECTED ATOMS
         1-   2-   3-   5-   6-  18-  19-
         1-   4-   6-

      ATTACHED ATOMS
         1-   7,   1-   8,   2-   9,   2-  10,   3-  11,   3-  12,   4-  13,
         4-  14,   5-  15,   5-  16,   6-  17,  19-  20,  19-  21,  19-  22,

      FINAL ATOMIC COORDINATE
           ATOM         X           Y           Z       TYPE
         C(   1)     1.77120     1.11363     0.30341   (  1)
         C(   2)     2.32364    -0.22601    -0.20279   (  1)
         C(   3)     1.40174    -1.38674     0.19607   (  1)
         C(   4)     0.33332     1.33478    -0.18013   (  1)
         C(   5)    -0.03723    -1.14884    -0.27965   (  1)
         C(   6)    -0.58763     0.18446     0.24318   (  1)
         H(   7)     2.42207     1.94816    -0.04618   (  5)
         H(   8)     1.79714     1.13129     1.41744   (  5)
         H(   9)     3.34657    -0.39466     0.20621   (  5)
         H(  10)     2.42244    -0.19311    -1.31240   (  5)
         H(  11)     1.41155    -1.50497     1.30431   (  5)
         H(  12)     1.78913    -2.34070    -0.23091   (  5)
         H(  13)     0.32961     1.43229    -1.28943   (  5)
         H(  14)    -0.05309     2.29691     0.22657   (  5)
         H(  15)    -0.67370    -1.99473     0.06225   (  5)
         H(  16)    -0.06385    -1.15608    -1.39273   (  5)
         H(  17)    -0.65837     0.16458     1.35924   (  5)
         O(  18)    -1.86296     0.44807    -0.33665   (  6)
         C(  19)    -2.92382    -0.29385     0.24347   (  1)
         H(  20)    -3.88073     0.01307    -0.22576   (  5)
         H(  21)    -2.79106    -1.38776     0.07214   (  5)
         H(  22)    -2.99359    -0.09376     1.33941   (  5)


          DIELECTRIC CONSTANT =  1.500


      BOND LENGTHS AND STRETCHING ENERGY   (   22 BONDS)

        ENERGY = 71.94(KS)(DR)(DR)(1-(CS)(DR)+(7/12)((CS)(DR))**2)
                          DR = R-RO
                          CS =  2.550
                                                         R(0)-CORR        CORR
          BOND        LENGTH   R(0)    K(S)  ENERGY   E-NEG   MISCEL       KS
    C(   1)- C(   2)  1.5349  1.5247  4.490  0.0330                             
    C(   1)- C(   4)  1.5330  1.5219  4.490  0.0390 -0.0028                     
    C(   1)- H(   7)  1.1146  1.1120  4.680  0.0022                             
    C(   1)- H(   8)  1.1145  1.1120  4.680  0.0020                             
    C(   2)- C(   3)  1.5350  1.5247  4.490  0.0335                             
    C(   2)- H(   9)  1.1145  1.1120  4.680  0.0021                             
    C(   2)- H(  10)  1.1145  1.1120  4.680  0.0021                             
    C(   3)- C(   5)  1.5341  1.5219  4.490  0.0468 -0.0028                     
    C(   3)- H(  11)  1.1146  1.1120  4.680  0.0022                             
    C(   3)- H(  12)  1.1146  1.1120  4.680  0.0023                             
    C(   4)- C(   6)  1.5332  1.5177  4.490  0.0742 -0.0070                     
    C(   4)- H(  13)  1.1136  1.1109  4.716  0.0025 -0.0011              0.036  
    C(   4)- H(  14)  1.1137  1.1109  4.716  0.0027 -0.0011              0.036  
    C(   5)- C(   6)  1.5343  1.5177  4.490  0.0850 -0.0070                     
    C(   5)- H(  15)  1.1124  1.1109  4.716  0.0008 -0.0011              0.036  
    C(   5)- H(  16)  1.1134  1.1109  4.716  0.0022 -0.0011              0.036  
    C(   6)- H(  17)  1.1185  1.1152  4.703  0.0035 -0.0028  0.0060  BH -0.107  
    C(   6)- O(  18)  1.4255  1.4130  5.700  0.0625                             
    O(  18)- C(  19)  1.4186  1.4130  5.700  0.0126                             
    C(  19)- H(  20)  1.1091  1.1092  4.840  0.0000 -0.0028  0.0000  BH  0.090  
    C(  19)- H(  21)  1.1152  1.1164  4.606  0.0005 -0.0028  0.0072  BH -0.144  
    C(  19)- H(  22)  1.1162  1.1161  4.616  0.0000 -0.0028  0.0069  BH -0.134  


      NON-BONDED DISTANCES, VDW AND EPR ENERGY   (    166 PAIRS)

              E(VDW) = KV*(1.84(10**5)EXP(-12.00/P) - 2.25(P**6))
              E(EPR) = C*KV*(1.84(10**5)EXP(-12.00/Q) - 2.25(Q**6))
              E(HBD) = EP1-EP2*COS(THETA)*RTH/RTH0
                            EP1 = KHB*1.84(10**5)*EXP(-12.0/P)
                            EP2 = KHB*2.25(P**6)

            IF P > 3.020, THEN,
              E(VDW) = KV(192.270)(P**2)
              E(HBD) = EP1-EP2*COS(THETA)*RTH/RTH0
                            EP1 = KHB*(192.270*P**2+1706.96)
                            EP2 = KHB*1706.96

               WHERE   RV = RVDW(I) + RVDW(K)
                       KV = SQRT(EPS(I)*EPS(K))
                      KHB = EPS/DIELEC  FOR HYDROGEN BOND
                        P = (RV/R) OR (RV/R#)
                        C = SCALE FACTOR
                        Q = RV/R, WHERE R IS MODIFIED DISTANCE
                    THETA = ANGLE H-X-Y IN HYDROGEN BOND X-H...Y
                      RTH = BOND LENGTH X-H IN X-H...Y
                     RTH0 = NATURAL BOND LENGTH X-H

          # IN THE VDW CALCULATIONS THE HYDROGEN ATOMS ARE RELOCATED
          SO THAT THE ATTACHED HYDROGEN DISTANCE IS REDUCED BY 0.923

          # IN THE VDW CALCULATIONS THE DEUTERIUM ATOMS ARE RELOCATED
          SO THAT THE ATTACHED DEUTERIUM DISTANCE IS REDUCED BY  0.923

         ATOM PAIR          R       R#       RV      KV       ENERGY
      C(   1), C(   3)   2.5298
      C(   1), C(   5)   2.9545            4.080   0.0270     0.4148  1,4       
      C(   1), C(   6)   2.5359
      C(   1), H(   9)   2.1832
      C(   1), H(  10)   2.1777
      C(   1), H(  11)   2.8263   2.7888   3.560   0.0230     0.1260  1,4       
      C(   1), H(  12)   3.4955   3.4179   3.560   0.0230    -0.0241  1,4       
      C(   1), H(  13)   2.1718
      C(   1), H(  14)   2.1758
      C(   1), H(  15)   3.9620   3.8824   3.560   0.0230    -0.0220            
      C(   1), H(  16)   3.3758   3.3320   3.560   0.0230    -0.0209            
      C(   1), H(  17)   2.8139   2.7776   3.560   0.0230     0.1340  1,4       
      C(   1), O(  18)   3.7496            3.860   0.0399    -0.0433  1,4       
      C(   1), C(  19)   4.9018            4.080   0.0270    -0.0175            
      C(   1), H(  20)   5.7823   5.7117   3.560   0.0230    -0.0030            
      C(   1), H(  21)   5.2081   5.1767   3.560   0.0230    -0.0054            
      C(   1), H(  22)   5.0234   5.0053   3.560   0.0230    -0.0065            
      C(   2), C(   4)   2.5294
      C(   2), C(   5)   2.5360
      C(   2), C(   6)   2.9737            4.080   0.0270     0.3850  1,4       
      C(   2), H(   7)   2.1820
      C(   2), H(   8)   2.1782
      C(   2), H(  11)   2.1769
      C(   2), H(  12)   2.1814
      C(   2), H(  13)   2.8119   2.7753   3.560   0.0230     0.1356  1,4       
      C(   2), H(  14)   3.4926   3.4152   3.560   0.0230    -0.0240  1,4       
      C(   2), H(  15)   3.4904   3.4135   3.560   0.0230    -0.0240  1,4       
      C(   2), H(  16)   2.8251   2.7881   3.560   0.0230     0.1265  1,4       
      C(   2), H(  17)   3.3889   3.3455   3.560   0.0230    -0.0216            
      C(   2), O(  18)   4.2426            3.860   0.0399    -0.0372            
      C(   2), C(  19)   5.2668            4.080   0.0270    -0.0122            
      C(   2), H(  20)   6.2090   6.1345   3.560   0.0230    -0.0020            
      C(   2), H(  21)   5.2522   5.2449   3.560   0.0230    -0.0050            
      C(   2), H(  22)   5.5379   5.5095   3.560   0.0230    -0.0037            
      C(   3), C(   4)   2.9478            4.080   0.0270     0.4257  1,4       
      C(   3), C(   6)   2.5354
      C(   3), H(   7)   3.4959   3.4183   3.560   0.0230    -0.0241  1,4       
      C(   3), H(   8)   2.8264   2.7889   3.560   0.0230     0.1259  1,4       
      C(   3), H(   9)   2.1833
      C(   3), H(  10)   2.1776
      C(   3), H(  13)   3.3620   3.3187   3.560   0.0230    -0.0202            
      C(   3), H(  14)   3.9606   3.8807   3.560   0.0230    -0.0220            
      C(   3), H(  15)   2.1668
      C(   3), H(  16)   2.1738
      C(   3), H(  17)   2.8291   2.7917   3.560   0.0230     0.1240  1,4       
      C(   3), O(  18)   3.7827            3.860   0.0399    -0.0440  1,4       
      C(   3), C(  19)   4.4617            4.080   0.0270    -0.0256            
      C(   3), H(  20)   5.4810   5.4013   3.560   0.0230    -0.0042            
      C(   3), H(  21)   4.1946   4.2053   3.560   0.0230    -0.0161            
      C(   3), H(  22)   4.7221   4.6931   3.560   0.0230    -0.0093            
      C(   4), C(   5)   2.5131
      C(   4), H(   7)   2.1811
      C(   4), H(   8)   2.1763
      C(   4), H(   9)   3.4957   3.4181   3.560   0.0230    -0.0241  1,4       
      C(   4), H(  10)   2.8251   2.7876   3.560   0.0230     0.1268  1,4       
      C(   4), H(  11)   3.3809   3.3363   3.560   0.0230    -0.0211            
      C(   4), H(  12)   3.9536   3.8741   3.560   0.0230    -0.0221            
      C(   4), H(  15)   3.4869   3.4089   3.560   0.0230    -0.0239  1,4       
      C(   4), H(  16)   2.7987   2.7618   3.560   0.0230     0.1459  1,4       
      C(   4), H(  17)   2.1731
      C(   4), O(  18)   2.3737
      C(   4), C(  19)   3.6662            4.080   0.0270    -0.0123  1,4       
      C(   4), H(  20)   4.4167   4.3535   3.560   0.0230    -0.0137            
      C(   4), H(  21)   4.1518   4.1057   3.560   0.0230    -0.0179            
      C(   4), H(  22)   3.9266   3.8958   3.560   0.0230    -0.0217            
      C(   5), H(   7)   3.9616   3.8819   3.560   0.0230    -0.0220            
      C(   5), H(   8)   3.3829   3.3387   3.560   0.0230    -0.0212            
      C(   5), H(   9)   3.5007   3.4232   3.560   0.0230    -0.0242  1,4       
      C(   5), H(  10)   2.8337   2.7962   3.560   0.0230     0.1209  1,4       
      C(   5), H(  11)   2.1759
      C(   5), H(  12)   2.1814
      C(   5), H(  13)   2.7958   2.7591   3.560   0.0230     0.1480  1,4       
      C(   5), H(  14)   3.4828   3.4050   3.560   0.0230    -0.0237  1,4       
      C(   5), H(  17)   2.1902
      C(   5), O(  18)   2.4262
      C(   5), C(  19)   3.0557            4.080   0.0270     0.2767  1,4       
      C(   5), H(  20)   4.0156   3.9389   3.560   0.0230    -0.0210            
      C(   5), H(  21)   2.7865   2.7923   3.560   0.0230     0.1236            
      C(   5), H(  22)   3.5319   3.4849   3.560   0.0230    -0.0253            
      C(   6), H(   7)   3.5004   3.4229   3.560   0.0230    -0.0242  1,4       
      C(   6), H(   8)   2.8218   2.7850   3.560   0.0230     0.1287  1,4       
      C(   6), H(   9)   3.9768   3.8974   3.560   0.0230    -0.0217            
      C(   6), H(  10)   3.4092   3.3646   3.560   0.0230    -0.0224            
      C(   6), H(  11)   2.8243   2.7874   3.560   0.0230     0.1270  1,4       
      C(   6), H(  12)   3.5000   3.4225   3.560   0.0230    -0.0242  1,4       
      C(   6), H(  13)   2.1788
      C(   6), H(  14)   2.1791
      C(   6), H(  15)   2.1884
      C(   6), H(  16)   2.1789
      C(   6), C(  19)   2.3847
      C(   6), H(  20)   3.3307   3.2542   3.560   0.0230    -0.0158  1,4       
      C(   6), H(  21)   2.7122   2.6719   3.560   0.0230     0.2294  1,4       
      C(   6), H(  22)   2.6585   2.6216   3.560   0.0230     0.2903  1,4       
      H(   7), H(   8)   1.7888
      H(   7), H(   9)   2.5312   2.4440   3.240   0.0200     0.1870  1,4       
      H(   7), H(  10)   2.4876   2.4052   3.240   0.0200     0.2290  1,4       
      H(   7), H(  11)   3.8431   3.7256   3.240   0.0200    -0.0157            
      H(   7), H(  12)   4.3392   4.1999   3.240   0.0200    -0.0088            
      H(   7), H(  13)   2.4880   2.4051   3.240   0.0200     0.2291  1,4       
      H(   7), H(  14)   2.5144   2.4286   3.240   0.0200     0.2028  1,4       
      H(   7), H(  15)   5.0142   4.8503   3.240   0.0200    -0.0039            
      H(   7), H(  16)   4.1987   4.1012   3.240   0.0200    -0.0100            
      H(   7), H(  17)   3.8269   3.7110   3.240   0.0200    -0.0160            
      H(   7), O(  18)   4.5493   4.4829   3.440   0.0344    -0.0148            
      H(   7), C(  19)   5.8042   5.7321   3.560   0.0230    -0.0030            
      H(   7), H(  20)   6.5956   6.4651   3.240   0.0200    -0.0007            
      H(   7), H(  21)   6.1902   6.0772   3.240   0.0200    -0.0010            
      H(   7), H(  22)   5.9514   5.8590   3.240   0.0200    -0.0013            
      H(   8), H(   9)   2.4892   2.4067   3.240   0.0200     0.2272  1,4       
      H(   8), H(  10)   3.0979   2.9475   3.240   0.0200    -0.0126  1,4       
      H(   8), H(  11)   2.6667   2.6562   3.240   0.0200     0.0483            
      H(   8), H(  12)   3.8434   3.7259   3.240   0.0200    -0.0157            
      H(   8), H(  13)   3.0938   2.9434   3.240   0.0200    -0.0122  1,4       
      H(   8), H(  14)   2.4900   2.4068   3.240   0.0200     0.2271  1,4       
      H(   8), H(  15)   4.2087   4.1104   3.240   0.0200    -0.0099            
      H(   8), H(  16)   4.0734   3.9540   3.240   0.0200    -0.0120            
      H(   8), H(  17)   2.6396   2.6316   3.240   0.0200     0.0585            
      H(   8), O(  18)   4.1158   4.0780   3.440   0.0344    -0.0237            
      H(   8), C(  19)   5.0692   5.0478   3.560   0.0230    -0.0062            
      H(   8), H(  20)   6.0157   5.9160   3.240   0.0200    -0.0012            
      H(   8), H(  21)   5.4043   5.3481   3.240   0.0200    -0.0022            
      H(   8), H(  22)   4.9455   4.9418   3.240   0.0200    -0.0035            
      H(   9), H(  10)   1.7891
      H(   9), H(  11)   2.4865   2.4042   3.240   0.0200     0.2301  1,4       
      H(   9), H(  12)   2.5306   2.4433   3.240   0.0200     0.1876  1,4       
      H(   9), H(  13)   3.8310   3.7142   3.240   0.0200    -0.0159            
      H(   9), H(  14)   4.3362   4.1971   3.240   0.0200    -0.0089            
      H(   9), H(  15)   4.3294   4.1913   3.240   0.0200    -0.0089            
      H(   9), H(  16)   3.8428   3.7257   3.240   0.0200    -0.0157            
      H(   9), H(  17)   4.2050   4.1084   3.240   0.0200    -0.0099            
      H(   9), O(  18)   5.3051   5.2225   3.440   0.0344    -0.0062            
      H(   9), C(  19)   6.2713   6.1926   3.560   0.0230    -0.0019            
      H(   9), H(  20)   7.2517   7.0939   3.240   0.0200    -0.0004            
      H(   9), H(  21)   6.2189   6.1393   3.240   0.0200    -0.0010            
      H(   9), H(  22)   6.4477   6.3545   3.240   0.0200    -0.0008            
      H(  10), H(  11)   3.0968   2.9464   3.240   0.0200    -0.0125  1,4       
      H(  10), H(  12)   2.4865   2.4042   3.240   0.0200     0.2302  1,4       
      H(  10), H(  13)   2.6500   2.6407   3.240   0.0200     0.0546            
      H(  10), H(  14)   3.8336   3.7170   3.240   0.0200    -0.0159            
      H(  10), H(  15)   3.8369   3.7202   3.240   0.0200    -0.0158            
      H(  10), H(  16)   2.6675   2.6573   3.240   0.0200     0.0478            
      H(  10), H(  17)   4.0935   3.9741   3.240   0.0200    -0.0117            
      H(  10), O(  18)   4.4416   4.4166   3.440   0.0344    -0.0160            
      H(  10), C(  19)   5.5690   5.5383   3.560   0.0230    -0.0036            
      H(  10), H(  20)   6.3995   6.3105   3.240   0.0200    -0.0008            
      H(  10), H(  21)   5.5249   5.4916   3.240   0.0200    -0.0019            
      H(  10), H(  22)   6.0312   5.9465   3.240   0.0200    -0.0012            
      H(  11), H(  12)   1.7883
      H(  11), H(  13)   4.0652   3.9458   3.240   0.0200    -0.0121            
      H(  11), H(  14)   4.2144   4.1150   3.240   0.0200    -0.0098            
      H(  11), H(  15)   2.4761   2.3939   3.240   0.0200     0.2425  1,4       
      H(  11), H(  16)   3.0940   2.9436   3.240   0.0200    -0.0123  1,4       
      H(  11), H(  17)   2.6599   2.6503   3.240   0.0200     0.0506            
      H(  11), O(  18)   4.1509   4.1129   3.440   0.0344    -0.0227            
      H(  11), C(  19)   4.6247   4.6028   3.560   0.0230    -0.0103            
      H(  11), H(  20)   5.7143   5.6050   3.240   0.0200    -0.0017            
      H(  11), H(  21)   4.3811   4.3662   3.240   0.0200    -0.0072            
      H(  11), H(  22)   4.6258   4.6125   3.240   0.0200    -0.0053            
      H(  12), H(  13)   4.1816   4.0849   3.240   0.0200    -0.0102            
      H(  12), H(  14)   5.0110   4.8470   3.240   0.0200    -0.0040            
      H(  12), H(  15)   2.5042   2.4191   3.240   0.0200     0.2131  1,4       
      H(  12), H(  16)   2.4873   2.4046   3.240   0.0200     0.2296  1,4       
      H(  12), H(  17)   3.8465   3.7289   3.240   0.0200    -0.0157            
      H(  12), O(  18)   4.5963   4.5291   3.440   0.0344    -0.0140            
      H(  12), C(  19)   5.1601   5.1011   3.560   0.0230    -0.0058            
      H(  12), H(  20)   6.1390   6.0064   3.240   0.0200    -0.0011            
      H(  12), H(  21)   4.6881   4.6699   3.240   0.0200    -0.0049            
      H(  12), H(  22)   5.5126   5.4136   3.240   0.0200    -0.0021            
      H(  13), H(  14)   1.7867
      H(  13), H(  15)   3.8181   3.7014   3.240   0.0200    -0.0161            
      H(  13), H(  16)   2.6201   2.6119   3.240   0.0200     0.0676            
      H(  13), H(  17)   3.0982   2.9474   3.240   0.0200    -0.0126  1,4       
      H(  13), O(  18)   2.5853   2.5524   3.440   0.0344     0.3956  1,4       
      H(  13), C(  19)   3.9893   3.9542   3.560   0.0230    -0.0207            
      H(  13), H(  20)   4.5686   4.4948   3.240   0.0200    -0.0061            
      H(  13), H(  21)   4.4210   4.3486   3.240   0.0200    -0.0073            
      H(  13), H(  22)   4.5037   4.4056   3.240   0.0200    -0.0068            
      H(  14), H(  15)   4.3394   4.1988   3.240   0.0200    -0.0089            
      H(  14), H(  16)   3.8138   3.6975   3.240   0.0200    -0.0162            
      H(  14), H(  17)   2.4892   2.4060   3.240   0.0200     0.2281  1,4       
      H(  14), O(  18)   2.6478   2.6109   3.440   0.0344     0.2960  1,4       
      H(  14), C(  19)   3.8670   3.8404   3.560   0.0230    -0.0227            
      H(  14), H(  20)   4.4801   4.4105   3.240   0.0200    -0.0068            
      H(  14), H(  21)   4.5932   4.4905   3.240   0.0200    -0.0061            
      H(  14), H(  22)   3.9497   3.9181   3.240   0.0200    -0.0126            
      H(  15), H(  16)   1.7867
      H(  15), H(  17)   2.5189   2.4339   3.240   0.0200     0.1972  1,4       
      H(  15), O(  18)   2.7460   2.7066   3.440   0.0344     0.1758  1,4       
      H(  15), C(  19)   2.8265   2.8293   3.560   0.0230     0.0999            
      H(  15), H(  20)   3.7946   3.7230   3.240   0.0200    -0.0158            
      H(  15), H(  21)   2.2027   2.2654   3.240   0.0200     0.4504            
      H(  15), H(  22)   3.2599   3.2228   3.240   0.0200    -0.0224            
      H(  16), H(  17)   3.1098   2.9588   3.240   0.0200    -0.0135  1,4       
      H(  16), O(  18)   2.6316   2.5995   3.440   0.0344     0.3137  1,4       
      H(  16), C(  19)   3.4059   3.3671   3.560   0.0230    -0.0225            
      H(  16), H(  20)   4.1590   4.0726   3.240   0.0200    -0.0104            
      H(  16), H(  21)   3.1044   3.0766   3.240   0.0200    -0.0200            
      H(  16), H(  22)   4.1445   4.0278   3.240   0.0200    -0.0110            
      H(  17), O(  18)   2.0994
      H(  17), C(  19)   2.5666   2.5356   3.560   0.0230     0.4253  1,4       
      H(  17), H(  20)   3.5943   3.4814   3.240   0.0200    -0.0200            
      H(  17), H(  21)   2.9351   2.8612   3.240   0.0200    -0.0029            
      H(  17), H(  22)   2.3495   2.3515   3.240   0.0200     0.2994            
      O(  18), H(  20)   2.0671
      O(  18), H(  21)   2.0973
      O(  18), H(  22)   2.0931
      H(  20), H(  21)   1.7996
      H(  20), H(  22)   1.8023
      H(  21), H(  22)   1.8225


      BOND ANGLES, BENDING AND STRETCH-BEND ENERGIES   (   43 ANGLES)

          EB = 0.021914(KB)(DT)(DT)(1+CF*DT+QF*DT**2+PF*DT**3+SF*DT**4)
                          DT = THETA-TZERO
                          CF = -1400.000E-5
                          QF =     5.600E-5
                          PF =    -0.070E-5
                          SF =     0.022E-6
          ESB(J) = 2.51124(KSB(J))(DT)(DR1+DR2)
                          DR(I) = R(I) - R0(I)
          EBDBD  = -0.02191418(KBB1)(DT1)(KBB2)(DT2)

          A T O M S            THETA    TZERO     KB     EB     KSB    ESB
   C(   2)- C(   1)- C(   4)  111.066  111.000  0.670  0.0001  0.13  0.0005     
   C(   2)- C(   1)- H(   7)  109.868  109.310  0.590  0.0040  0.08  0.0014     
   C(   2)- C(   1)- H(   8)  109.579  109.310  0.590  0.0009  0.08  0.0007     
   C(   4)- C(   1)- H(   7)  109.924  109.310  0.590  0.0048  0.08  0.0017     
   C(   4)- C(   1)- H(   8)  109.563  109.310  0.590  0.0008  0.08  0.0007     
   H(   7)- C(   1)- H(   8)  106.742  107.600  0.550  0.0090                   
   C(   1)- C(   2)- C(   3)  110.984  111.000  0.670  0.0000  0.13 -0.0001     
   C(   1)- C(   2)- H(   9)  109.961  109.310  0.590  0.0054  0.08  0.0017     
   C(   1)- C(   2)- H(  10)  109.541  109.310  0.590  0.0007  0.08  0.0006     
   C(   3)- C(   2)- H(   9)  109.965  109.310  0.590  0.0055  0.08  0.0017     
   C(   3)- C(   2)- H(  10)  109.528  109.310  0.590  0.0006  0.08  0.0006     
   H(   9)- C(   2)- H(  10)  106.767  107.600  0.550  0.0085                   
   C(   2)- C(   3)- C(   5)  111.438  111.000  0.670  0.0028  0.13  0.0032     
   C(   2)- C(   3)- H(  11)  109.468  109.310  0.590  0.0003  0.08  0.0004     
   C(   2)- C(   3)- H(  12)  109.810  109.310  0.590  0.0032  0.08  0.0013     
   C(   5)- C(   3)- H(  11)  109.453  109.310  0.590  0.0003  0.08  0.0004     
   C(   5)- C(   3)- H(  12)  109.872  109.310  0.590  0.0041  0.08  0.0017     
   H(  11)- C(   3)- H(  12)  106.681  107.600  0.550  0.0103                   
   C(   1)- C(   4)- C(   6)  111.597  111.000  0.670  0.0052  0.13  0.0052     
   C(   1)- C(   4)- H(  13)  109.266  109.310  0.590  0.0000  0.08 -0.0001     
   C(   1)- C(   4)- H(  14)  109.564  109.310  0.590  0.0008  0.08  0.0007     
   C(   6)- C(   4)- H(  13)  109.800  109.310  0.590  0.0031  0.08  0.0018     
   C(   6)- C(   4)- H(  14)  109.812  109.310  0.590  0.0032  0.08  0.0018     
   H(  13)- C(   4)- H(  14)  106.676  107.600  0.550  0.0104                   
   C(   3)- C(   5)- C(   6)  111.443  111.000  0.670  0.0029  0.13  0.0042     
   C(   3)- C(   5)- H(  15)  108.870  109.310  0.590  0.0025  0.08 -0.0012     
   C(   3)- C(   5)- H(  16)  109.355  109.310  0.590  0.0000  0.08  0.0001     
   C(   6)- C(   5)- H(  15)  110.537  109.310  0.590  0.0191  0.08  0.0045     
   C(   6)- C(   5)- H(  16)  109.739  109.310  0.590  0.0024  0.08  0.0016     
   H(  15)- C(   5)- H(  16)  106.776  107.600  0.550  0.0083                   
   C(   4)- C(   6)- C(   5)  110.026  110.200  0.670  0.0004  0.13 -0.0018     
   C(   4)- C(   6)- H(  17)  109.077  109.800  0.590  0.0068  0.08 -0.0027     
   C(   4)- C(   6)- O(  18)  106.639  107.000  0.830  0.0024  0.13 -0.0033     
   C(   5)- C(   6)- H(  17)  110.321  109.800  0.590  0.0035  0.08  0.0021     
   C(   5)- C(   6)- O(  18)  110.062  107.000  0.830  0.1633  0.13  0.0291     
   H(  17)- C(   6)- O(  18)  110.644  110.000  0.820  0.0074  0.08  0.0020     
   C(   6)- O(  18)- C(  19)  113.952  107.200  0.820  0.7438  0.10  0.0307     
   O(  18)- C(  19)- H(  20)  109.116  108.700  0.820  0.0031  0.08  0.0005     
   O(  18)- C(  19)- H(  21)  111.172  108.700  0.820  0.1060  0.08  0.0022     
   O(  18)- C(  19)- H(  22)  110.763  108.700  0.820  0.0743  0.08  0.0024     
   H(  20)- C(  19)- H(  21)  108.009  107.800  0.550  0.0005                   
   H(  20)- C(  19)- H(  22)  108.171  107.800  0.550  0.0016                   
   H(  21)- C(  19)- H(  22)  109.519  107.800  0.550  0.0348                   


     DIHEDRAL ANGLES, TORSIONAL ENERGY (ET)   (   60 ANGLES)

           ET = (V1/2)(1+COS(W))+(V2/2)(1-COS(2W))+(V3/2)(1+COS(3W))

           ETS = -11.995*(R-R0)((KTS1/2)(1+COS(W))+
                                (KTS2/2)(1-COS(2W)+
                                (KTS3/2)(1+COS(3W))

           SIGN OF ANGLE A-B-C-D : WHEN LOOKING THROUGH B TOWARD C,
           IF D IS COUNTERCLOCKWISE FROM A, NEGATIVE.

         A T O M S               OMEGA    V1     V2     V3     ET   KTS3   ETS
 C(   1) C(   2) C(   3) C(   5)  54.8  0.185  0.170  0.520  0.269 0.059 0.000  
 C(   1) C(   2) C(   3) H(  11) -66.5  0.000  0.000  0.280  0.008 0.059 0.000  
 C(   1) C(   2) C(   3) H(  12) 176.7  0.000  0.000  0.280  0.002 0.059 0.000  
 C(   1) C(   4) C(   6) C(   5) -56.6  0.185  0.170  0.520  0.266 0.059 0.000  
 C(   1) C(   4) C(   6) H(  17)  64.5  0.000  0.000  0.280  0.004 0.059 0.000  
 C(   1) C(   4) C(   6) O(  18)-176.0  0.200  0.000  0.300  0.004 0.059 0.000  
 C(   2) C(   1) C(   4) C(   6)  56.4  0.185  0.170  0.520  0.266 0.059 0.000  
 C(   2) C(   1) C(   4) H(  13) -65.2  0.000  0.000  0.280  0.005 0.059 0.000  
 C(   2) C(   1) C(   4) H(  14) 178.3  0.000  0.000  0.280  0.001 0.059 0.000  
 C(   2) C(   3) C(   5) C(   6) -55.8  0.185  0.170  0.520  0.267 0.059 0.000  
 C(   2) C(   3) C(   5) H(  15)-178.0  0.000  0.000  0.280  0.001 0.059 0.000  
 C(   2) C(   3) C(   5) H(  16)  65.7  0.000  0.000  0.280  0.006 0.059 0.000  
 C(   3) C(   2) C(   1) C(   4) -54.9  0.185  0.170  0.520  0.269 0.059 0.000  
 C(   3) C(   2) C(   1) H(   7)-176.7  0.000  0.000  0.280  0.002 0.059 0.000  
 C(   3) C(   2) C(   1) H(   8)  66.3  0.000  0.000  0.280  0.008 0.059 0.000  
 C(   3) C(   5) C(   6) C(   4)  56.2  0.185  0.170  0.520  0.266 0.059 0.000  
 C(   3) C(   5) C(   6) H(  17) -64.2  0.000  0.000  0.280  0.003 0.059 0.000  
 C(   3) C(   5) C(   6) O(  18) 173.4  0.200  0.000  0.300  0.009 0.059 0.000  
 C(   4) C(   1) C(   2) H(   9)-176.8  0.000  0.000  0.280  0.002 0.059 0.000  
 C(   4) C(   1) C(   2) H(  10)  66.2  0.000  0.000  0.280  0.007 0.059 0.000  
 C(   4) C(   6) C(   5) H(  15) 177.4  0.000  0.000  0.280  0.001 0.059 0.000  
 C(   4) C(   6) C(   5) H(  16) -65.1  0.000  0.000  0.280  0.005 0.059 0.000  
 C(   4) C(   6) O(  18) C(  19)-163.2  0.450  0.050  0.757  0.151 0.100-0.003  
 C(   5) C(   3) C(   2) H(   9) 176.6  0.000  0.000  0.280  0.002 0.059 0.000  
 C(   5) C(   3) C(   2) H(  10) -66.3  0.000  0.000  0.280  0.008 0.059 0.000  
 C(   5) C(   6) C(   4) H(  13)  64.7  0.000  0.000  0.280  0.004 0.059 0.000  
 C(   5) C(   6) C(   4) H(  14)-178.3  0.000  0.000  0.280  0.001 0.059 0.000  
 C(   5) C(   6) O(  18) C(  19)  77.5  0.450  0.050  0.757  0.469 0.100-0.003  
 C(   6) C(   4) C(   1) H(   7) 178.2  0.000  0.000  0.280  0.001 0.059 0.000  
 C(   6) C(   4) C(   1) H(   8) -64.8  0.000  0.000  0.280  0.004 0.059 0.000  
 C(   6) C(   5) C(   3) H(  11)  65.4  0.000  0.000  0.280  0.006 0.059 0.000  
 C(   6) C(   5) C(   3) H(  12)-177.8  0.000  0.000  0.280  0.001 0.059 0.000  
 C(   6) O(  18) C(  19) H(  20) 176.9  0.000  0.000  0.680  0.005 0.100 0.000  
 C(   6) O(  18) C(  19) H(  21) -64.1  0.000  0.000  0.680  0.008 0.100 0.000  
 C(   6) O(  18) C(  19) H(  22)  57.9  0.000  0.000  0.680  0.002 0.100 0.000  
 H(   7) C(   1) C(   2) H(   9)  61.4  0.000  0.000  0.238  0.000 0.059 0.000  
 H(   7) C(   1) C(   2) H(  10) -55.7  0.000  0.000  0.238  0.003 0.059 0.000  
 H(   7) C(   1) C(   4) H(  13)  56.6  0.000  0.000  0.238  0.002 0.059 0.000  
 H(   7) C(   1) C(   4) H(  14) -59.9  0.000  0.000  0.238  0.000 0.059 0.000  
 H(   8) C(   1) C(   2) H(   9) -55.6  0.000  0.000  0.238  0.003 0.059 0.000  
 H(   8) C(   1) C(   2) H(  10)-172.6  0.000  0.000  0.238  0.009 0.059 0.000  
 H(   8) C(   1) C(   4) H(  13) 173.6  0.000  0.000  0.238  0.007 0.059 0.000  
 H(   8) C(   1) C(   4) H(  14)  57.1  0.000  0.000  0.238  0.001 0.059 0.000  
 H(   9) C(   2) C(   3) H(  11)  55.4  0.000  0.000  0.238  0.003 0.059 0.000  
 H(   9) C(   2) C(   3) H(  12) -61.4  0.000  0.000  0.238  0.000 0.059 0.000  
 H(  10) C(   2) C(   3) H(  11) 172.5  0.000  0.000  0.238  0.009 0.059 0.000  
 H(  10) C(   2) C(   3) H(  12)  55.7  0.000  0.000  0.238  0.003 0.059 0.000  
 H(  11) C(   3) C(   5) H(  15) -56.8  0.000  0.000  0.238  0.002 0.059 0.000  
 H(  11) C(   3) C(   5) H(  16)-173.1  0.000  0.000  0.238  0.008 0.059 0.000  
 H(  12) C(   3) C(   5) H(  15)  60.1  0.000  0.000  0.238  0.000 0.059 0.000  
 H(  12) C(   3) C(   5) H(  16) -56.3  0.000  0.000  0.238  0.002 0.059 0.000  
 H(  13) C(   4) C(   6) H(  17)-174.2  0.000  0.000  0.238  0.005 0.059 0.000  
 H(  13) C(   4) C(   6) O(  18) -54.7  0.000  0.000  0.300  0.006 0.059 0.000  
 H(  14) C(   4) C(   6) H(  17) -57.2  0.000  0.000  0.238  0.001 0.059 0.000  
 H(  14) C(   4) C(   6) O(  18)  62.3  0.000  0.000  0.300  0.001 0.059 0.000  
 H(  15) C(   5) C(   6) H(  17)  57.0  0.000  0.000  0.238  0.001 0.059 0.000  
 H(  15) C(   5) C(   6) O(  18) -65.4  0.000  0.000  0.300  0.006 0.059 0.000  
 H(  16) C(   5) C(   6) H(  17) 174.5  0.000  0.000  0.238  0.005 0.059 0.000  
 H(  16) C(   5) C(   6) O(  18)  52.1  0.000  0.000  0.300  0.013 0.059 0.000  
 H(  17) C(   6) O(  18) C(  19) -44.7  0.000  0.000  0.680  0.103 0.100-0.002  


 ==============================================================================
                        NORMAL MODE VIBRATIONAL ANALYSIS
 ==============================================================================


             Molecular Shape : ASYMMETRIC ROTOR WITH KAPPA =-0.818751
        Symmetry Point Group : C1  
             Symmetry Number :  1
                   Chirality : yes



0       FUNDAMENTAL NORMAL VIBRATIONAL FREQUENCIES
                ( THEORETICALLY  60 VALUES )

             Frequency :  in 1/cm
             A(i)      :  IR intensity (vs,s,m,w,vw,-- or in 10**6 cm/mole)
             A(i) = -- :  IR inactive


             no       Frequency   Symmetry      A(i)

             1.          2995.1     (A   )        m
             2.          2945.7     (A   )        m
             3.          2942.6     (A   )        m
             4.          2934.8     (A   )        m
             5.          2928.3     (A   )        m
             6.          2925.6     (A   )        m
             7.          2925.0     (A   )        m
             8.          2898.0     (A   )        w
             9.          2890.8     (A   )        m
            10.          2886.4     (A   )        m
            11.          2880.2     (A   )        m
            12.          2872.1     (A   )        w
            13.          2865.7     (A   )        m
            14.          2858.3     (A   )        w
            15.          1544.8     (A   )        m
            16.          1489.7     (A   )        w
            17.          1471.0     (A   )        w
            18.          1465.6     (A   )       vw
            19.          1463.2     (A   )        w
            20.          1461.8     (A   )       vw
            21.          1459.9     (A   )        w
            22.          1447.6     (A   )        w
            23.          1440.2     (A   )        w
            24.          1425.5     (A   )        w
            25.          1413.4     (A   )        w
            26.          1409.6     (A   )        w
            27.          1371.6     (A   )        m
            28.          1357.4     (A   )        w
            29.          1321.2     (A   )        w
            30.          1247.6     (A   )        w
            31.          1235.4     (A   )        w
            32.          1219.0     (A   )        w
            33.          1205.6     (A   )       vw
            34.          1201.7     (A   )        w
            35.          1186.3     (A   )        m
            36.          1109.9     (A   )        w
            37.          1095.4     (A   )        m
            38.          1063.3     (A   )        w
            39.          1048.3     (A   )        w
            40.          1045.4     (A   )        w
            41.          1033.0     (A   )        w
            42.           998.7     (A   )        m
            43.           925.1     (A   )        w
            44.           904.8     (A   )        w
            45.           894.4     (A   )        w
            46.           860.9     (A   )        w
            47.           825.0     (A   )        w
            48.           787.2     (A   )       vw
            49.           770.8     (A   )        w
            50.           552.3     (A   )        w
            51.           462.2     (A   )        w
            52.           426.4     (A   )        w
            53.           416.5     (A   )        w
            54.           341.9     (A   )        w
            55.           340.8     (A   )        w
            56.           258.2     (A   )        w
            57.           238.4     (A   )        w
            58.           214.5     (A   )        w
            59.           135.1     (A   )        w
            60.            68.8     (A   )        w
            61.     (       0.0)    (t/r )
            62.     (       0.0)    (t/r )
            63.     (       0.0)    (t/r )
            64.     (       0.0)    (t/r )
            65.     (       0.0)    (t/r )
            66.     (       0.0)    (t/r )


0       CORRESPONDING EIGEN VECTOR MATRIX   66 BY  66



 (  1)
     0.000    0.000    0.000    0.000    0.000    0.000    0.000    0.000
     0.000    0.000    0.000    0.000   -0.001   -0.001    0.001    0.000
     0.000    0.001    0.000    0.000    0.000    0.000    0.000    0.000
     0.000    0.000    0.000    0.000    0.000    0.000    0.000    0.000
     0.000    0.000    0.000    0.000    0.000    0.000    0.000    0.000
     0.000    0.000    0.008    0.009   -0.003    0.000    0.000   -0.003
     0.000    0.000   -0.009   -0.001    0.000    0.000    0.069   -0.040
     0.045   -0.766    0.238   -0.366   -0.042    0.264    0.030    0.002
    -0.027   -0.205

 (  2)
     0.000    0.000    0.000    0.002    0.000    0.002    0.000    0.000
     0.003   -0.001    0.003    0.004   -0.024   -0.032    0.044    0.000
     0.001    0.001    0.001    0.002   -0.001    0.000    0.000   -0.005
    -0.020    0.003   -0.008    0.002    0.001   -0.018   -0.006    0.005
    -0.036    0.002   -0.007   -0.004    0.000    0.003   -0.031    0.012
    -0.029   -0.012    0.291    0.377   -0.148   -0.008   -0.001   -0.366
     0.004   -0.004   -0.018    0.000    0.000    0.000    0.003   -0.051
    -0.048    0.053   -0.006    0.035   -0.060    0.520    0.085   -0.035
     0.088    0.457

 (  3)
     0.000    0.000   -0.001   -0.003    0.001   -0.003    0.000   -0.001
    -0.004    0.002   -0.004   -0.007    0.026    0.035   -0.051    0.000
     0.000   -0.003   -0.003   -0.004    0.002    0.001    0.000    0.009
     0.028   -0.005    0.011   -0.003   -0.001    0.027    0.007   -0.006
     0.047   -0.006    0.016    0.007    0.000   -0.005    0.056   -0.021
     0.052    0.021   -0.316   -0.415    0.163    0.011    0.002    0.442
    -0.005    0.005    0.039    0.000    0.000    0.000    0.004   -0.044
    -0.042    0.026    0.001    0.022   -0.049    0.447    0.074   -0.032
     0.078    0.410

 (  4)
     0.004    0.006   -0.012   -0.006    0.001   -0.008    0.000   -0.001
    -0.001    0.019   -0.043   -0.075   -0.003   -0.005    0.007    0.000
     0.001   -0.002   -0.052   -0.067    0.027    0.011    0.001    0.118
     0.067   -0.011    0.026   -0.007   -0.001    0.072   -0.001   -0.002
     0.008   -0.003    0.008    0.003    0.004   -0.059    0.646   -0.228
     0.567    0.235    0.046    0.059   -0.024   -0.001    0.000   -0.063
    -0.007   -0.009    0.035    0.000    0.000    0.000    0.000    0.001
     0.001    0.000    0.000    0.000    0.001   -0.014   -0.002    0.001
    -0.003   -0.014

 (  5)
    -0.018   -0.022    0.040    0.032   -0.007    0.053   -0.009    0.018
     0.034    0.004   -0.008   -0.013    0.002    0.003   -0.003    0.000
     0.000    0.000    0.210    0.269   -0.110   -0.005   -0.013   -0.367
    -0.420    0.069   -0.164    0.047    0.012   -0.469    0.002    0.037
    -0.293    0.100   -0.246   -0.108   -0.005   -0.009    0.107   -0.044
     0.110    0.046   -0.028   -0.036    0.014   -0.004    0.001    0.019
    -0.001   -0.001   -0.001    0.000    0.000    0.000    0.000    0.000
     0.000    0.000    0.000    0.000    0.000    0.004    0.001    0.000
     0.001    0.004

 (  6)
    -0.027   -0.035    0.060   -0.028    0.006   -0.042    0.003   -0.006
    -0.013    0.002   -0.004   -0.004   -0.001   -0.002    0.002    0.000
     0.000    0.001    0.328    0.421   -0.173   -0.015   -0.005   -0.528
     0.356   -0.059    0.140   -0.030   -0.018    0.347   -0.002   -0.016
     0.117   -0.035    0.085    0.037   -0.007   -0.001    0.022   -0.021
     0.051    0.021    0.017    0.022   -0.009    0.001    0.000   -0.018
     0.000   -0.001   -0.007    0.000    0.000    0.000    0.000    0.000
     0.000    0.000    0.000    0.000    0.000   -0.002    0.000    0.000
     0.000   -0.002

 (  7)
     0.003    0.004   -0.009   -0.023    0.004   -0.034   -0.017    0.039
     0.068   -0.001    0.002    0.004    0.003    0.003   -0.001    0.000
     0.000    0.001   -0.043   -0.055    0.023    0.000    0.005    0.092
     0.293   -0.048    0.115   -0.021   -0.001    0.278   -0.008    0.059
    -0.568    0.212   -0.522   -0.229    0.001    0.003   -0.035    0.013
    -0.032   -0.013   -0.026   -0.034    0.013   -0.008    0.001   -0.009
     0.001    0.001   -0.010    0.000    0.000    0.000    0.000    0.000
     0.000    0.000    0.000    0.000    0.000    0.003    0.001    0.000
     0.001    0.004

 (  8)
     0.003    0.003    0.003    0.002    0.000   -0.002    0.003   -0.005
     0.005   -0.003    0.011   -0.012   -0.011   -0.015   -0.023   -0.005
    -0.001    0.075   -0.026   -0.031    0.011   -0.002   -0.002   -0.038
    -0.021    0.003   -0.006   -0.004   -0.001    0.029   -0.001    0.009
    -0.066   -0.023    0.050    0.018    0.007   -0.016    0.166    0.037
    -0.104   -0.034    0.108    0.146   -0.045    0.016    0.005    0.298
     0.058    0.015   -0.853   -0.001    0.000   -0.001   -0.001   -0.001
     0.000    0.016   -0.004    0.007   -0.002    0.013    0.002    0.001
    -0.002   -0.013

 (  9)
     0.001    0.000    0.000   -0.007    0.000    0.006   -0.009    0.019
    -0.018   -0.002    0.008   -0.007    0.030    0.035    0.044   -0.001
    -0.003    0.029   -0.005   -0.003    0.002    0.000    0.000    0.002
     0.070   -0.008    0.022    0.011    0.002   -0.093    0.005   -0.036
     0.258    0.076   -0.173   -0.064    0.003   -0.010    0.099    0.027
    -0.073   -0.025   -0.300   -0.383    0.131   -0.029   -0.025   -0.642
     0.024    0.005   -0.339   -0.001    0.001    0.000    0.001   -0.001
    -0.002   -0.005    0.002   -0.002    0.001    0.005    0.002   -0.002
     0.005    0.028

 ( 10)
     0.021    0.025    0.028    0.022   -0.004   -0.017    0.002   -0.008
     0.007   -0.017    0.042   -0.029    0.002    0.004    0.004    0.000
    -0.001   -0.016   -0.209   -0.264    0.090   -0.019   -0.018   -0.398
    -0.209    0.037   -0.070   -0.033   -0.007    0.260   -0.003    0.014
    -0.100   -0.026    0.074    0.027    0.008   -0.062    0.485    0.172
    -0.415   -0.152   -0.025   -0.036    0.012   -0.003   -0.001   -0.058
    -0.014   -0.004    0.189    0.001    0.000    0.000    0.000    0.000
     0.000   -0.004    0.001   -0.002    0.000   -0.003    0.000    0.000
     0.001    0.004

 ( 11)
     0.003    0.010    0.007    0.042   -0.004   -0.029    0.006   -0.024
     0.016    0.012   -0.032    0.020    0.009    0.013    0.012    0.000
     0.000    0.012   -0.055   -0.085    0.028   -0.005   -0.005   -0.109
    -0.411    0.065   -0.141   -0.061   -0.011    0.467   -0.007    0.039
    -0.271   -0.084    0.228    0.087   -0.006    0.045   -0.349   -0.126
     0.317    0.118   -0.100   -0.135    0.048   -0.009   -0.008   -0.196
     0.011    0.002   -0.146   -0.001    0.000    0.000    0.000    0.000
    -0.001   -0.003    0.001   -0.001    0.001   -0.001    0.000   -0.001
     0.002    0.011

 ( 12)
     0.023    0.031    0.027    0.002   -0.004   -0.001   -0.014    0.040
    -0.025    0.006   -0.022    0.013   -0.006   -0.011   -0.009    0.000
     0.002    0.002   -0.254   -0.331    0.119   -0.021   -0.021   -0.426
    -0.021    0.013   -0.008   -0.003    0.000    0.023    0.011   -0.065
     0.439    0.155   -0.387   -0.153   -0.005    0.030   -0.233   -0.083
     0.220    0.084    0.076    0.108   -0.039    0.007    0.006    0.149
     0.001    0.000   -0.020    0.000    0.000    0.000   -0.001    0.000
     0.001    0.006   -0.002    0.002   -0.001    0.007    0.001    0.001
    -0.002   -0.013

 ( 13)
     0.021    0.024    0.020   -0.040    0.005    0.023    0.013   -0.031
     0.019    0.003   -0.012    0.006    0.003    0.007    0.005    0.000
     0.000    0.003   -0.215   -0.270    0.101   -0.018   -0.017   -0.342
     0.409   -0.067    0.147    0.056    0.010   -0.422   -0.009    0.052
    -0.348   -0.132    0.315    0.128   -0.002    0.016   -0.120   -0.042
     0.117    0.045   -0.048   -0.069    0.025   -0.004   -0.004   -0.091
     0.002    0.000   -0.033    0.000    0.000    0.000    0.001    0.000
    -0.001   -0.006    0.002   -0.002    0.001   -0.009   -0.001   -0.001
     0.002    0.014

 ( 14)
     0.000    0.000    0.000    0.000    0.000    0.000    0.000    0.001
    -0.001    0.000    0.000    0.000   -0.002   -0.002   -0.001    0.001
     0.000    0.001    0.001    0.001   -0.001    0.000    0.000    0.002
    -0.004    0.001   -0.001   -0.001    0.000    0.004    0.000   -0.002
     0.010    0.004   -0.009   -0.004    0.000    0.000    0.001    0.000
     0.000    0.000    0.017    0.026   -0.009    0.001    0.001    0.017
     0.001    0.001   -0.014   -0.003   -0.002    0.002    0.031    0.036
    -0.041   -0.317    0.085   -0.135    0.057   -0.581   -0.075   -0.060
     0.105    0.675

 ( 15)
     0.025   -0.006    0.004   -0.009    0.002    0.000    0.026   -0.004
     0.004   -0.066   -0.023   -0.005   -0.059    0.048   -0.002    0.153
    -0.032    0.010   -0.011    0.021   -0.013   -0.040    0.011    0.008
    -0.009    0.000   -0.007    0.015   -0.004    0.004   -0.043    0.004
     0.010   -0.014   -0.016   -0.018    0.114    0.073    0.003    0.152
     0.071   -0.026    0.151   -0.122   -0.035    0.090   -0.115   -0.004
    -0.533    0.104   -0.033   -0.065   -0.002    0.009    0.040    0.029
    -0.019    0.000   -0.100    0.003   -0.163    0.003    0.064   -0.009
    -0.077   -0.012

 ( 16)
     0.022   -0.005    0.003   -0.009    0.000    0.002    0.016    0.003
     0.000   -0.034   -0.005   -0.005   -0.018    0.012    0.000    0.035
    -0.010    0.003   -0.026    0.024   -0.027   -0.049    0.000    0.008
    -0.002    0.009   -0.022    0.029   -0.003    0.007   -0.029   -0.007
     0.000   -0.022   -0.012   -0.002    0.073    0.009   -0.007    0.073
     0.030    0.019    0.005   -0.010   -0.020    0.027   -0.042    0.000
    -0.144    0.022   -0.009    0.020    0.028   -0.021   -0.111   -0.077
     0.054    0.191    0.417   -0.317    0.423   -0.023   -0.061    0.323
     0.138    0.071

 ( 17)
     0.023    0.006    0.007   -0.016   -0.020    0.004    0.015    0.022
    -0.005   -0.032   -0.008   -0.003   -0.001   -0.008    0.000    0.016
     0.007    0.004   -0.029    0.020   -0.080   -0.080   -0.052    0.017
     0.013    0.059   -0.052    0.066    0.034    0.017   -0.016   -0.084
    -0.022   -0.041   -0.027    0.070    0.080    0.010   -0.003    0.073
     0.025    0.024   -0.062    0.037   -0.004   -0.001    0.008    0.000
     0.015   -0.018    0.004   -0.011   -0.015   -0.010    0.022   -0.009
    -0.033   -0.081    0.398    0.454    0.430    0.006    0.134   -0.525
    -0.058   -0.082

 ( 18)
     0.026   -0.082   -0.021    0.021    0.127    0.004   -0.042   -0.082
     0.020   -0.006    0.022   -0.004    0.000    0.020    0.002   -0.001
    -0.013    0.000   -0.077    0.071    0.218    0.024    0.287   -0.042
    -0.043   -0.259    0.010   -0.060   -0.266   -0.016    0.027    0.345
     0.084    0.091    0.078   -0.286    0.042   -0.089   -0.020   -0.053
    -0.021    0.076    0.073   -0.040   -0.025   -0.013   -0.049    0.005
     0.023    0.028    0.003    0.000   -0.001   -0.003    0.002   -0.005
    -0.005   -0.014    0.097    0.094    0.100   -0.001    0.025   -0.111
    -0.006   -0.016

 ( 19)
     0.099   -0.041    0.012   -0.039    0.027    0.016   -0.003    0.015
    -0.008   -0.086    0.026   -0.028    0.024   -0.037   -0.006   -0.017
     0.033    0.001   -0.189    0.129   -0.160   -0.276    0.002    0.031
     0.024    0.022   -0.189    0.194   -0.086    0.047    0.037   -0.087
    -0.026   -0.051   -0.042    0.095    0.292   -0.275   -0.077    0.116
    -0.025    0.354   -0.065    0.059    0.087   -0.018    0.140   -0.011
     0.073   -0.092    0.005    0.009    0.000    0.004    0.006    0.010
     0.002   -0.016   -0.154   -0.052   -0.144    0.004   -0.045    0.074
     0.015    0.009

 ( 20)
     0.019    0.031    0.022    0.066    0.011   -0.026   -0.102   -0.027
    -0.006   -0.046   -0.020   -0.004    0.073   -0.011    0.017    0.017
     0.026    0.000    0.033   -0.069   -0.248   -0.149   -0.194    0.044
    -0.053    0.017    0.351   -0.368    0.007   -0.088    0.231    0.041
    -0.004    0.224    0.088    0.044    0.113    0.031   -0.001    0.122
     0.036    0.026   -0.092    0.050   -0.193   -0.240   -0.072    0.037
    -0.072   -0.066   -0.008   -0.005    0.000    0.001    0.000    0.001
    -0.001    0.007    0.009   -0.010    0.006    0.001    0.010    0.011
    -0.009    0.001

 ( 21)
     0.002    0.045    0.021    0.025   -0.032   -0.019    0.059   -0.030
     0.026    0.002    0.023   -0.011   -0.066    0.003   -0.021   -0.016
    -0.013   -0.002    0.009   -0.056   -0.264   -0.119   -0.245    0.044
    -0.054    0.023    0.243   -0.221    0.103   -0.051   -0.227    0.281
     0.082   -0.084    0.051   -0.345    0.040   -0.181   -0.038    0.022
    -0.038    0.182    0.133   -0.055    0.272    0.258    0.153   -0.045
     0.097    0.028    0.007    0.007    0.000   -0.003   -0.001   -0.002
     0.001   -0.010    0.002    0.023    0.004   -0.001   -0.007   -0.027
     0.008   -0.003

 ( 22)
     0.023   -0.010   -0.001   -0.001    0.026    0.003   -0.008   -0.012
     0.008   -0.049   -0.074    0.024    0.017   -0.075   -0.027    0.010
     0.076    0.001    0.015   -0.001    0.004   -0.061    0.029    0.001
    -0.001   -0.039   -0.028    0.024   -0.064    0.004   -0.004    0.104
     0.026   -0.047    0.019   -0.109    0.015    0.432    0.088    0.090
     0.126   -0.380   -0.038    0.088    0.344    0.097    0.382   -0.050
    -0.012   -0.186   -0.006    0.001   -0.004    0.001   -0.002    0.002
     0.000    0.005   -0.013   -0.026   -0.014    0.001    0.010    0.031
    -0.015    0.005

 ( 23)
    -0.031   -0.015   -0.021    0.030   -0.004   -0.016   -0.020    0.023
    -0.015    0.004    0.021   -0.017   -0.002   -0.040   -0.026    0.018
     0.004    0.002    0.067    0.022    0.295    0.230    0.229   -0.046
    -0.063   -0.006    0.250   -0.277    0.045   -0.055    0.130   -0.244
    -0.057    0.029   -0.058    0.243    0.064   -0.226   -0.049   -0.015
    -0.076    0.217   -0.006    0.086    0.324    0.159    0.315   -0.049
    -0.184    0.010   -0.010   -0.012    0.000    0.002    0.001    0.003
    -0.006    0.032    0.080   -0.025    0.042   -0.007    0.099    0.008
    -0.085    0.007

 ( 24)
     0.007   -0.009   -0.006    0.005   -0.002   -0.007    0.013    0.007
    -0.003   -0.021   -0.010    0.001   -0.015    0.007   -0.001    0.008
     0.003   -0.005    0.007    0.026    0.086    0.030    0.088   -0.011
    -0.036    0.003    0.107   -0.109    0.023   -0.022   -0.014   -0.071
    -0.013   -0.018   -0.029    0.055    0.049    0.038    0.005    0.049
     0.026   -0.020    0.028   -0.026    0.003    0.036   -0.014   -0.003
    -0.072    0.008   -0.012    0.028   -0.004    0.010   -0.011   -0.034
     0.028   -0.169   -0.212    0.258    0.049    0.052   -0.587   -0.098
     0.603   -0.079

 ( 25)
     0.023   -0.017    0.020    0.011    0.077    0.005   -0.036   -0.011
    -0.020    0.054    0.025    0.014   -0.043    0.034   -0.016   -0.008
    -0.059   -0.002   -0.114   -0.039   -0.303   -0.249   -0.178    0.040
    -0.015   -0.154   -0.027   -0.013   -0.224   -0.006    0.213   -0.229
    -0.056    0.111   -0.087    0.296   -0.220    0.066    0.025   -0.149
     0.011   -0.149    0.169   -0.043    0.201    0.238    0.064   -0.031
     0.022    0.198    0.004    0.001    0.003   -0.002   -0.002   -0.005
     0.003   -0.003    0.017    0.018    0.016   -0.002   -0.022   -0.019
     0.031   -0.004

 ( 26)
    -0.063    0.049    0.009    0.000   -0.008    0.020   -0.070   -0.027
     0.009    0.042    0.015   -0.013    0.042   -0.033   -0.014    0.030
    -0.004   -0.003    0.119   -0.134   -0.092    0.131   -0.214    0.012
     0.131    0.010   -0.311    0.307   -0.027    0.059    0.165    0.203
     0.037    0.144    0.119   -0.127   -0.097   -0.175   -0.036   -0.041
    -0.081    0.139   -0.057    0.103    0.138   -0.067    0.215   -0.020
    -0.362    0.053   -0.028   -0.010   -0.002    0.012   -0.001   -0.008
     0.002   -0.024    0.007    0.063    0.064    0.013   -0.110   -0.010
     0.138   -0.023

 ( 27)
     0.039   -0.044    0.006   -0.011    0.014   -0.006    0.059    0.031
     0.007    0.064    0.035    0.001    0.052   -0.052   -0.002    0.012
    -0.010   -0.001   -0.205    0.099   -0.103   -0.182    0.029    0.013
    -0.081   -0.036    0.145   -0.135   -0.018   -0.021   -0.203    0.006
     0.009   -0.257   -0.050   -0.096   -0.262   -0.032   -0.004   -0.266
    -0.065   -0.074   -0.308    0.193   -0.078   -0.236    0.090    0.004
    -0.361    0.079   -0.023   -0.012   -0.003    0.015    0.006    0.004
    -0.006   -0.004   -0.004    0.012    0.027    0.008   -0.006    0.028
     0.022   -0.008

 ( 28)
     0.066   -0.038   -0.005   -0.016   -0.097   -0.005   -0.063   -0.012
     0.004    0.007    0.023    0.010    0.006    0.016   -0.008   -0.009
    -0.060   -0.002   -0.231    0.238    0.095   -0.145    0.214   -0.005
     0.053    0.405    0.029    0.035    0.307    0.012    0.167    0.156
     0.021    0.249    0.158   -0.087   -0.074    0.065    0.017   -0.062
     0.049   -0.108    0.039    0.040    0.102    0.053    0.063   -0.012
     0.035    0.238    0.007   -0.001    0.005   -0.001    0.001   -0.002
     0.001    0.002    0.001    0.000   -0.008   -0.003    0.001   -0.008
     0.003    0.000

 ( 29)
    -0.021    0.020   -0.004    0.004    0.020    0.002    0.019    0.010
     0.002   -0.041   -0.001    0.015    0.031   -0.008   -0.013   -0.016
    -0.124    0.002    0.116   -0.071    0.032    0.068   -0.024   -0.006
    -0.013   -0.121   -0.013   -0.006   -0.073   -0.002   -0.045    0.007
     0.002   -0.091   -0.019   -0.030    0.178    0.077    0.024    0.310
     0.159   -0.018   -0.280    0.257    0.042   -0.075    0.088   -0.014
     0.166    0.582    0.028   -0.005    0.010   -0.006    0.005    0.001
     0.003    0.006   -0.039   -0.021   -0.035    0.000   -0.007   -0.004
    -0.007    0.004

 ( 30)
     0.002    0.006    0.012    0.005    0.004   -0.027    0.002   -0.011
     0.035   -0.009   -0.010    0.022    0.009    0.002    0.007    0.000
     0.002   -0.061    0.102   -0.069    0.017   -0.162    0.157    0.016
    -0.013   -0.045   -0.005    0.059    0.085   -0.025   -0.166   -0.131
     0.031    0.004   -0.008    0.034   -0.275   -0.146    0.015    0.241
     0.097    0.011    0.382   -0.294   -0.022   -0.480    0.351    0.018
     0.022    0.128   -0.070    0.021    0.001    0.006   -0.011   -0.005
    -0.002   -0.014    0.026    0.022   -0.007   -0.014    0.038   -0.010
    -0.013   -0.001

 ( 31)
     0.007    0.011    0.048    0.004   -0.008   -0.017   -0.003    0.008
    -0.031   -0.005    0.003   -0.016   -0.005    0.011    0.032   -0.001
    -0.013   -0.020   -0.031    0.040    0.049    0.034    0.078    0.056
     0.035    0.216   -0.003   -0.027   -0.394   -0.034   -0.257   -0.043
    -0.041    0.237    0.100   -0.022   -0.443   -0.140   -0.029    0.407
     0.156    0.011   -0.194    0.150    0.021    0.211   -0.080    0.033
    -0.018   -0.206   -0.028    0.006   -0.001    0.002   -0.001    0.005
    -0.002   -0.016   -0.033    0.005    0.012    0.007    0.006    0.013
    -0.018    0.003

 ( 32)
    -0.008   -0.003   -0.012    0.017    0.000   -0.043   -0.003   -0.002
     0.007    0.005   -0.007    0.022   -0.002    0.006    0.019    0.012
     0.001    0.014    0.289   -0.245   -0.037   -0.354    0.253   -0.011
     0.007   -0.114   -0.068    0.090    0.114   -0.043   -0.414   -0.177
    -0.007    0.421    0.171    0.007    0.186    0.028    0.029   -0.256
    -0.111    0.022   -0.140    0.120    0.040    0.080   -0.016    0.021
     0.001   -0.001    0.017   -0.016   -0.002   -0.002    0.007    0.003
     0.001    0.016    0.000   -0.018    0.008    0.008   -0.026    0.006
     0.016   -0.002

 ( 33)
    -0.010    0.000   -0.015   -0.004   -0.007    0.005    0.012   -0.006
     0.017    0.008    0.014   -0.020   -0.007    0.014    0.015   -0.006
    -0.017   -0.004   -0.389    0.291   -0.028    0.243   -0.218   -0.021
    -0.079   -0.511   -0.013    0.039    0.320    0.020   -0.184   -0.101
     0.013    0.353    0.118    0.050    0.019    0.043   -0.022    0.142
     0.076   -0.038   -0.044    0.050    0.032   -0.057    0.072    0.020
    -0.023   -0.133   -0.009    0.004    0.000    0.001   -0.001    0.002
    -0.001   -0.010   -0.014    0.006    0.007    0.002    0.005    0.005
    -0.009    0.002

 ( 34)
     0.005   -0.003    0.009    0.000   -0.001    0.001   -0.008    0.003
    -0.012   -0.002    0.009   -0.016    0.013    0.001    0.015    0.004
    -0.011    0.009   -0.145    0.109    0.000    0.302   -0.217    0.007
     0.050    0.333    0.013   -0.067   -0.433   -0.018   -0.354   -0.112
    -0.024    0.162    0.068   -0.003    0.295    0.145   -0.009   -0.261
    -0.092   -0.026    0.170   -0.119    0.016   -0.210    0.184    0.023
     0.030    0.114    0.015   -0.008    0.006   -0.006    0.004   -0.008
     0.005    0.026    0.038   -0.010   -0.033   -0.012   -0.009   -0.030
     0.022   -0.002

 ( 35)
     0.008    0.007   -0.006   -0.001    0.000    0.000    0.006   -0.008
    -0.006   -0.013   -0.009    0.000   -0.008    0.015   -0.003   -0.096
     0.011   -0.046    0.036   -0.008    0.004    0.005   -0.004   -0.007
     0.005    0.027   -0.005   -0.002   -0.030   -0.001   -0.032   -0.012
    -0.008    0.048    0.002    0.003    0.165    0.085    0.007    0.002
     0.004   -0.017    0.029   -0.015   -0.011    0.089   -0.096   -0.005
    -0.362    0.131   -0.070    0.118   -0.011    0.060   -0.061    0.016
    -0.048   -0.255   -0.163    0.216    0.135   -0.003    0.244    0.215
    -0.121   -0.010

 ( 36)
     0.000    0.000    0.002    0.003    0.003   -0.003   -0.008    0.000
    -0.002    0.001    0.006   -0.011    0.019   -0.002    0.003   -0.022
    -0.011    0.008    0.013   -0.015   -0.010   -0.009    0.022    0.002
     0.001   -0.013   -0.006    0.009    0.037   -0.002   -0.036   -0.010
    -0.004   -0.036   -0.009   -0.008    0.006    0.029   -0.010    0.033
     0.017   -0.003    0.005    0.015    0.022    0.050   -0.049    0.004
    -0.062   -0.059    0.005    0.016    0.065    0.008    0.022   -0.115
    -0.038    0.060    0.315    0.171   -0.510   -0.249    0.322    0.045
     0.356   -0.126

 ( 37)
     0.008   -0.006    0.008    0.002    0.010   -0.008   -0.003   -0.008
     0.007   -0.007    0.013   -0.026    0.008    0.011   -0.005   -0.031
    -0.026    0.006    0.053   -0.053   -0.023    0.020    0.025    0.008
    -0.003    0.022    0.008    0.028    0.050   -0.006   -0.017   -0.021
     0.006   -0.028   -0.015   -0.002    0.016    0.064   -0.025   -0.001
     0.011   -0.015    0.003    0.031    0.035   -0.007   -0.030   -0.004
    -0.257   -0.084   -0.011    0.091    0.053   -0.060   -0.028   -0.034
     0.112    0.083   -0.069   -0.134   -0.211   -0.022   -0.132   -0.514
    -0.283    0.135

 ( 38)
    -0.004    0.045    0.002   -0.011   -0.058    0.004    0.022    0.041
    -0.012   -0.015   -0.068    0.037   -0.006   -0.061   -0.031    0.008
     0.124   -0.013   -0.109    0.163    0.091   -0.078   -0.001    0.007
    -0.032   -0.229   -0.013   -0.046   -0.214   -0.003    0.074    0.011
    -0.019    0.169    0.123   -0.064   -0.122   -0.080    0.043   -0.056
    -0.109    0.093    0.000   -0.101   -0.116    0.133   -0.109   -0.040
    -0.001    0.457   -0.010    0.019    0.001   -0.001    0.002   -0.019
     0.024    0.069    0.063   -0.060   -0.117   -0.028   -0.022   -0.134
    -0.019    0.016

 ( 39)
    -0.077    0.053    0.028    0.021   -0.059   -0.045    0.005    0.018
     0.024    0.090    0.013   -0.022    0.008    0.005   -0.033   -0.062
    -0.028    0.041   -0.202    0.118   -0.053   -0.242    0.295    0.030
     0.006   -0.098   -0.024    0.032   -0.255   -0.054    0.115   -0.053
     0.016   -0.080    0.028   -0.079    0.268    0.208   -0.006    0.223
     0.021    0.088    0.120   -0.044    0.059   -0.088   -0.056   -0.032
    -0.136   -0.140    0.039   -0.021   -0.020    0.014    0.031    0.014
     0.001    0.078    0.061   -0.059    0.036    0.024   -0.060   -0.004
     0.023   -0.003

 ( 40)
    -0.002    0.022   -0.013   -0.038   -0.057    0.030    0.093    0.030
    -0.016   -0.002    0.009    0.019   -0.085    0.041    0.019    0.040
    -0.047   -0.032    0.083   -0.012    0.067   -0.128    0.019   -0.009
    -0.043   -0.096    0.027   -0.082   -0.253    0.024    0.332    0.197
    -0.001    0.222    0.051    0.054    0.081   -0.040    0.015   -0.126
    -0.011   -0.052   -0.168    0.069   -0.073   -0.234    0.277    0.022
     0.066   -0.223   -0.037    0.022    0.024   -0.017   -0.027   -0.019
    -0.001   -0.078   -0.059    0.073   -0.053   -0.035    0.077    0.012
    -0.009    0.000

 ( 41)
    -0.030    0.006   -0.089    0.012   -0.001    0.077   -0.024    0.002
    -0.085    0.038    0.003    0.074    0.026    0.003    0.078   -0.030
    -0.010   -0.075   -0.029    0.071    0.071   -0.212   -0.090   -0.089
     0.102    0.020   -0.145   -0.227    0.036    0.061   -0.155    0.167
    -0.072   -0.063   -0.090    0.085    0.181   -0.128    0.066    0.103
     0.095   -0.085    0.038   -0.063   -0.064    0.149    0.102    0.079
    -0.113   -0.049   -0.088   -0.007   -0.018    0.026    0.036    0.005
     0.016    0.132    0.101   -0.113   -0.029    0.013   -0.081   -0.098
     0.009    0.007

 ( 42)
    -0.058    0.012   -0.015    0.042   -0.020    0.011   -0.060    0.026
    -0.024    0.031    0.001    0.018    0.044   -0.029    0.022    0.112
    -0.013    0.049   -0.158    0.088   -0.011   -0.142    0.065   -0.015
     0.087   -0.064   -0.121   -0.093   -0.016   -0.003   -0.130   -0.007
    -0.029   -0.170   -0.006   -0.045    0.023   -0.029    0.018    0.012
    -0.009    0.026    0.060   -0.048    0.006    0.081    0.007    0.024
     0.156   -0.015    0.056    0.018    0.057   -0.063   -0.099   -0.021
    -0.001   -0.273   -0.233    0.205    0.033   -0.027    0.126    0.069
    -0.094    0.024

 ( 43)
     0.034    0.016    0.085   -0.013   -0.048    0.006   -0.015    0.027
    -0.093   -0.039    0.005   -0.095    0.041   -0.011    0.087   -0.019
    -0.035    0.003    0.073   -0.079   -0.078    0.100    0.202    0.084
    -0.039   -0.251   -0.013   -0.014    0.034    0.009   -0.048    0.262
    -0.071   -0.046   -0.071    0.105   -0.113    0.263   -0.076   -0.108
    -0.115    0.131    0.095   -0.133   -0.121    0.154    0.192    0.087
    -0.002    0.058    0.006   -0.008    0.000    0.007    0.010    0.012
    -0.005    0.013    0.007   -0.011    0.043    0.019   -0.022    0.018
     0.002   -0.003

 ( 44)
     0.056    0.017   -0.054   -0.033   -0.017    0.090    0.020    0.015
    -0.026   -0.006    0.003   -0.048    0.043    0.011   -0.073   -0.039
    -0.015    0.100    0.215    0.006    0.221   -0.166   -0.170   -0.045
     0.040   -0.073   -0.124   -0.273   -0.022    0.072   -0.095    0.051
    -0.022    0.117    0.024    0.042   -0.178    0.096   -0.040    0.062
    -0.025    0.085    0.184    0.020    0.219   -0.201   -0.185   -0.066
    -0.060   -0.035    0.105   -0.014    0.004   -0.017    0.002    0.008
    -0.006   -0.025   -0.019    0.031    0.045    0.012   -0.002    0.048
     0.003   -0.002

 ( 45)
    -0.052   -0.043   -0.002    0.006    0.061    0.035    0.053   -0.068
    -0.029    0.070   -0.051   -0.035   -0.069   -0.014   -0.016    0.007
     0.057    0.038   -0.126   -0.052   -0.161   -0.008    0.113   -0.007
     0.071    0.247   -0.053   -0.084    0.164    0.031   -0.055    0.186
     0.001    0.174   -0.142    0.249   -0.018    0.209   -0.009    0.218
    -0.110    0.245   -0.146    0.009   -0.101   -0.097    0.098   -0.018
     0.011    0.145    0.042    0.004   -0.002   -0.012   -0.010   -0.011
     0.002   -0.018   -0.012    0.017   -0.035   -0.017    0.022   -0.004
    -0.002    0.001

 ( 46)
     0.021    0.106    0.002    0.013   -0.002   -0.045   -0.017   -0.100
    -0.002   -0.009   -0.093    0.004    0.023    0.096    0.014    0.018
    -0.007   -0.042   -0.053    0.254    0.216   -0.118   -0.055    0.012
    -0.025   -0.009    0.048    0.129   -0.025   -0.036   -0.093    0.058
     0.019   -0.145   -0.229    0.164   -0.069    0.047    0.020   -0.133
    -0.206    0.150   -0.054    0.226    0.182   -0.079   -0.027    0.020
     0.043   -0.022   -0.042    0.002    0.002    0.004   -0.001   -0.002
     0.001    0.004   -0.002   -0.008   -0.010   -0.004    0.003   -0.011
     0.002    0.000

 ( 47)
    -0.008   -0.019   -0.038   -0.147    0.027   -0.037    0.004    0.018
    -0.034    0.074   -0.024    0.025    0.071   -0.007    0.024    0.006
     0.001    0.024    0.063   -0.043    0.042   -0.050   -0.122   -0.035
    -0.326    0.044    0.416    0.303   -0.039    0.006   -0.008    0.135
    -0.020    0.089    0.016    0.054    0.089   -0.025    0.026    0.155
     0.001    0.037    0.123   -0.048    0.014    0.099    0.002    0.024
    -0.022    0.008    0.024   -0.016    0.014   -0.017   -0.020   -0.004
     0.004   -0.048   -0.037    0.037    0.014   -0.001    0.008    0.008
    -0.017    0.008

 ( 48)
    -0.036   -0.021    0.059   -0.012   -0.042    0.002    0.028   -0.016
    -0.061   -0.033    0.022    0.055    0.049    0.031   -0.057    0.012
     0.037   -0.002   -0.100   -0.102   -0.261    0.176    0.236    0.047
    -0.014   -0.065   -0.004   -0.016   -0.022    0.002   -0.100    0.274
    -0.027    0.062   -0.131    0.231    0.088   -0.264    0.027   -0.073
     0.125   -0.234    0.111    0.121    0.288   -0.175   -0.244   -0.047
     0.013    0.019   -0.003    0.001   -0.004    0.001   -0.005    0.000
     0.001   -0.002    0.007   -0.002   -0.008   -0.001   -0.002   -0.007
     0.000    0.001

 ( 49)
    -0.030   -0.073   -0.001   -0.051    0.007    0.050   -0.015    0.085
     0.015    0.015   -0.095   -0.009    0.040    0.094    0.011    0.032
    -0.008   -0.084   -0.071   -0.126   -0.199    0.076    0.072   -0.008
    -0.013    0.002   -0.056   -0.186    0.024    0.038    0.068   -0.137
    -0.012   -0.054    0.182   -0.234   -0.037    0.120    0.012    0.030
    -0.186    0.215    0.065    0.155    0.202   -0.046   -0.062    0.016
     0.085   -0.025   -0.084    0.015   -0.009    0.023   -0.001    0.000
     0.001    0.022    0.023   -0.032   -0.019   -0.001   -0.004   -0.032
     0.002   -0.001

 ( 50)
     0.053    0.069    0.026   -0.081    0.014    0.016    0.037   -0.084
     0.021    0.035   -0.062    0.013    0.049    0.027    0.008   -0.047
     0.001    0.025    0.020    0.020   -0.166    0.160    0.203    0.019
     0.002    0.016   -0.200   -0.275    0.043   -0.003    0.093   -0.230
     0.002    0.037   -0.012   -0.150    0.089   -0.219   -0.004    0.007
    -0.001   -0.168    0.011   -0.014   -0.176    0.149    0.159    0.003
    -0.077    0.008    0.023   -0.049    0.037   -0.042   -0.003   -0.005
     0.007   -0.046   -0.057    0.062    0.044    0.000    0.007    0.046
    -0.012    0.012

 ( 51)
     0.033    0.052    0.011   -0.049    0.001    0.027    0.026   -0.073
     0.010    0.039    0.111   -0.005    0.019   -0.086    0.001    0.054
     0.009   -0.118    0.085    0.008   -0.001    0.036    0.067    0.011
    -0.024    0.003   -0.035   -0.095    0.006    0.022    0.039   -0.111
     0.005    0.068   -0.041   -0.029    0.043    0.265    0.010    0.026
     0.049    0.135    0.007   -0.025    0.136   -0.018   -0.230    0.004
     0.104   -0.007   -0.113   -0.041    0.003    0.045   -0.071   -0.012
     0.004   -0.055   -0.024   -0.041   -0.054   -0.011    0.012   -0.121
    -0.012    0.001

 ( 52)
    -0.060   -0.023    0.001   -0.061   -0.031   -0.012    0.007   -0.063
     0.017   -0.019    0.074   -0.055    0.058    0.085   -0.002    0.061
     0.052    0.058   -0.004   -0.034    0.084   -0.128   -0.075    0.004
    -0.036   -0.007   -0.068   -0.116   -0.029   -0.018    0.016   -0.102
     0.011   -0.031   -0.051   -0.045   -0.012    0.006   -0.061   -0.006
     0.097   -0.098   -0.014    0.086   -0.142    0.127    0.203   -0.007
     0.077    0.075    0.058    0.060   -0.095    0.035   -0.039    0.007
    -0.021    0.020    0.129   -0.064   -0.153   -0.005   -0.034   -0.068
     0.002   -0.022

 ( 53)
    -0.084   -0.075   -0.042    0.045   -0.048    0.002    0.095   -0.067
     0.019   -0.085    0.036    0.013    0.083    0.023    0.034   -0.045
     0.024   -0.023   -0.085   -0.057   -0.001   -0.092   -0.091   -0.041
     0.040    0.033    0.051    0.083   -0.076    0.005    0.127   -0.101
     0.014    0.074   -0.054   -0.032   -0.135    0.138    0.023   -0.045
     0.005    0.129    0.079    0.014    0.002    0.106    0.020    0.034
    -0.057    0.030   -0.023   -0.046    0.087   -0.023    0.031    0.008
     0.009   -0.013   -0.073    0.049    0.119    0.020    0.000    0.057
    -0.006    0.014

 ( 54)
    -0.036    0.067   -0.060   -0.056    0.003    0.069   -0.038   -0.061
    -0.053   -0.056    0.028    0.034   -0.043   -0.039    0.020    0.032
    -0.021    0.039   -0.064    0.026   -0.215    0.047    0.209   -0.065
    -0.094    0.015    0.171    0.070   -0.021    0.079   -0.009   -0.200
    -0.068   -0.033   -0.002   -0.183   -0.122    0.067    0.037   -0.076
    -0.003    0.092   -0.043   -0.024    0.060   -0.100   -0.045    0.021
     0.008   -0.021    0.037    0.086   -0.002   -0.024    0.094    0.018
    -0.012    0.096    0.029   -0.007    0.075    0.016   -0.006    0.105
     0.030   -0.013

 ( 55)
     0.068   -0.002   -0.030    0.081   -0.027    0.039    0.007   -0.004
    -0.064    0.029    0.034    0.035   -0.020    0.067    0.053   -0.038
     0.063    0.019    0.068   -0.026   -0.092    0.116    0.057   -0.032
     0.031   -0.060    0.156    0.209   -0.033    0.051    0.058   -0.133
    -0.079   -0.058    0.023   -0.187   -0.003    0.065    0.038    0.076
     0.040    0.067   -0.019    0.083    0.097   -0.088    0.044    0.054
    -0.084    0.088    0.016   -0.053   -0.085   -0.064   -0.066   -0.027
     0.016   -0.086    0.049    0.107   -0.155   -0.034   -0.016    0.037
    -0.046    0.026

 ( 56)
    -0.006   -0.027    0.062   -0.066   -0.008   -0.051   -0.040    0.004
     0.026    0.018    0.058    0.024   -0.029    0.010    0.027   -0.001
     0.047   -0.048    0.039   -0.024    0.155   -0.038   -0.130    0.065
    -0.024   -0.034   -0.168   -0.190    0.026   -0.061   -0.023    0.055
     0.032   -0.052   -0.015    0.059    0.051    0.116    0.030    0.032
     0.043    0.071   -0.037    0.037    0.080   -0.037   -0.053    0.027
    -0.049    0.068   -0.049    0.012   -0.031   -0.107    0.103   -0.040
     0.055    0.025   -0.024    0.227    0.062   -0.037    0.005    0.279
    -0.069    0.073

 ( 57)
     0.029    0.017   -0.067   -0.004   -0.018   -0.014   -0.008    0.021
     0.084   -0.029    0.010    0.088    0.041   -0.003   -0.068   -0.003
    -0.050   -0.008   -0.007   -0.007   -0.194    0.152    0.098   -0.072
     0.008   -0.008   -0.039   -0.042   -0.085   -0.019   -0.091    0.161
     0.100    0.020   -0.031    0.228   -0.115    0.151    0.101   -0.023
    -0.047    0.233    0.012   -0.033   -0.195    0.161    0.080   -0.072
    -0.024   -0.121   -0.011    0.006   -0.036   -0.024   -0.030    0.041
     0.008   -0.042    0.238    0.161   -0.192    0.046   -0.156    0.123
    -0.096    0.042

 ( 58)
    -0.041    0.006    0.045    0.009    0.049   -0.007    0.058   -0.005
    -0.035   -0.014   -0.042   -0.035    0.011   -0.059    0.053    0.002
    -0.038   -0.006   -0.053    0.045    0.117   -0.103   -0.049    0.047
     0.020    0.079   -0.022   -0.003    0.093   -0.006    0.117   -0.061
    -0.042    0.081    0.033   -0.099    0.031   -0.101   -0.040   -0.051
    -0.028   -0.101    0.039   -0.043    0.151   -0.063   -0.133    0.055
     0.000    0.003   -0.005    0.014   -0.007   -0.019   -0.034    0.085
     0.003   -0.055    0.394    0.247   -0.273    0.099   -0.288    0.199
    -0.165    0.063

 ( 59)
     0.015   -0.010   -0.005   -0.016    0.018   -0.105    0.041    0.009
    -0.005   -0.013    0.000    0.089    0.002   -0.028    0.095   -0.010
    -0.016    0.059   -0.011    0.009   -0.010    0.085   -0.061   -0.006
     0.034    0.025   -0.230   -0.152    0.039   -0.116    0.128    0.036
    -0.003    0.027    0.007   -0.012   -0.064    0.060    0.094    0.004
    -0.021    0.155    0.038   -0.024    0.172   -0.070   -0.080    0.097
    -0.076   -0.005    0.054    0.029   -0.026   -0.037   -0.038    0.046
    -0.073    0.024   -0.050   -0.262    0.010    0.020    0.129   -0.197
     0.228   -0.116

 ( 60)
    -0.027    0.003    0.043    0.013    0.021    0.037    0.018   -0.005
    -0.026   -0.015   -0.013   -0.002    0.029   -0.014   -0.065   -0.002
    -0.037   -0.042   -0.030    0.021    0.081   -0.066   -0.017    0.044
     0.000    0.030    0.074    0.057    0.047    0.042   -0.016   -0.038
    -0.029    0.047    0.013   -0.042    0.017    0.001   -0.001   -0.045
    -0.026    0.000    0.025   -0.031   -0.115    0.066    0.021   -0.066
    -0.018   -0.061   -0.044    0.002   -0.063   -0.063   -0.017    0.097
     0.106   -0.001   -0.046   -0.021    0.001    0.047    0.436   -0.062
     0.419    0.045

 ( 61)
     0.000   -0.063   -0.063   -0.021   -0.086   -0.027   -0.018   -0.065
     0.041   -0.011   -0.073   -0.035   -0.028   -0.075    0.068   -0.007
    -0.052    0.032   -0.004   -0.080   -0.111    0.028   -0.021   -0.064
    -0.012   -0.076   -0.046   -0.049   -0.128   -0.030    0.010   -0.023
     0.045   -0.034   -0.084    0.067   -0.039   -0.115   -0.039    0.005
    -0.055   -0.062   -0.025   -0.058    0.117   -0.056   -0.117    0.069
     0.021   -0.009    0.034   -0.020   -0.066    0.054   -0.010   -0.038
     0.109   -0.020   -0.050    0.122   -0.021   -0.045    0.147    0.019
     0.004    0.103

 ( 62)
     0.002    0.077   -0.023    0.034    0.055    0.071    0.051    0.063
     0.135    0.004    0.018   -0.055    0.053    0.005    0.101    0.021
     0.028    0.008   -0.009    0.067   -0.069   -0.012    0.150   -0.024
     0.032    0.101    0.095    0.048   -0.016    0.070    0.040    0.135
     0.143    0.075    0.043    0.202    0.016   -0.054   -0.062   -0.019
     0.037   -0.123    0.065    0.015    0.148    0.067   -0.068    0.102
     0.007    0.099    0.008    0.023   -0.034   -0.025    0.030   -0.016
     0.010    0.030   -0.065   -0.022    0.053   -0.025    0.082    0.012
     0.053   -0.004

 ( 63)
     0.042   -0.026    0.121    0.041   -0.008    0.071    0.038   -0.022
     0.023    0.044   -0.005    0.125    0.040   -0.001    0.027    0.041
    -0.020    0.077    0.044   -0.014    0.156    0.038   -0.070    0.122
     0.040   -0.025    0.068    0.045    0.035    0.073    0.034   -0.065
     0.018    0.038   -0.006   -0.013    0.048    0.038    0.129    0.044
    -0.021    0.161    0.038   -0.013   -0.008    0.044    0.042    0.027
     0.037   -0.064    0.076    0.043    0.004    0.083    0.040   -0.017
     0.051    0.042    0.003    0.060    0.039   -0.010    0.009    0.036
    -0.059    0.059

 ( 64)
     0.097   -0.043   -0.053    0.054   -0.070   -0.029    0.019   -0.034
    -0.003    0.102   -0.008   -0.051    0.025    0.002   -0.002    0.068
     0.029   -0.026    0.122   -0.070   -0.071    0.102   -0.022   -0.053
     0.050   -0.094   -0.030    0.050   -0.094   -0.030    0.020   -0.013
    -0.001   -0.012   -0.054    0.014    0.101   -0.029   -0.053    0.133
     0.012   -0.068    0.000    0.028    0.016    0.020   -0.019   -0.002
     0.072    0.053   -0.025    0.074    0.058   -0.026    0.053    0.102
    -0.008    0.061    0.122   -0.010    0.019    0.094    0.013    0.064
     0.125   -0.011

 ( 65)
     0.002   -0.047    0.031    0.030   -0.040    0.043    0.028   -0.050
     0.009    0.015   -0.058   -0.013    0.041   -0.061   -0.035    0.012
    -0.069   -0.047    0.005   -0.040    0.055   -0.033   -0.052    0.032
     0.019   -0.032    0.074    0.064   -0.034    0.046   -0.005   -0.055
     0.008    0.050   -0.045    0.016    0.049   -0.054   -0.012   -0.007
    -0.064   -0.020    0.038   -0.069   -0.059    0.076   -0.057   -0.036
    -0.023   -0.075   -0.049    0.028   -0.078   -0.085    0.017   -0.090
    -0.122    0.028   -0.097   -0.150    0.032   -0.088   -0.122   -0.020
    -0.096   -0.123

 ( 66)
     0.023    0.039   -0.062    0.044    0.063   -0.101    0.086    0.031
    -0.093    0.003    0.009   -0.016    0.066    0.001   -0.046    0.046
    -0.023   -0.008   -0.010    0.063   -0.068    0.055    0.022   -0.063
     0.060    0.083   -0.134    0.010    0.083   -0.103    0.122    0.013
    -0.095    0.099    0.049   -0.120   -0.033    0.027   -0.015   -0.011
    -0.008    0.011    0.099   -0.022   -0.041    0.033    0.018   -0.046
     0.079   -0.043   -0.006    0.022   -0.047    0.034    0.059   -0.085
     0.053    0.037   -0.103    0.086    0.083   -0.079    0.031    0.086
    -0.105    0.058


 ==============================================================================
                      STATISTICAL THERMODYNAMICS ANALYSIS
 ==============================================================================

  Structure name    : methoxycyclohexane-eq                                       
  Temperature       :   298.16 K
  Symmetry number   :   1
  Optical isomers   :   2
  Zero Point Energy :  123.519 Kcal/mol


                     ENERGY   ENTHALPY    ENTROPY  FREE ENERGY   HEAT CAPACITY
                  (Kcal/mol) (Kcal/mol)     (eu)   (Kcal/mol)    (cal/mol/deg)
  Translational       0.889      1.481     40.093    -10.473         4.967
     Rotational       0.889      0.889     28.389     -7.576         2.980
    Vibrational     127.037%   127.037%    20.238*   121.003%       26.567*
      Potential      12.239#    12.239#     0.000     12.239#        0.000
         Mixing       0.000      0.000      1.377     -0.411         0.000
          Total     141.054    141.646     90.098    114.782        34.515

  Enthalpy Function (H-Ho)/T     =   19.75 cal/mol/deg
  Free Energy Function -(G-Ho)/T =   70.35 cal/mol/deg

  % Includes zero point energy (ZPE).
  * Excludes contribution from frequencies lower than 40 (1/cm).
  # Includes steric energy (SE).
    Internal rotation contributions are not considered

  This structure has   0 imaginary frequencies,
                       0 free internal rotation (fir) frequencies
                         (>= 0,< 10 /cm),
                       0 restricted internal rotation (rir) frequencies
                         (>= 10,< 40 /cm),
                       6 zero frequencies, and
                      60 real frequencies.


      FINAL STERIC ENERGY IS     12.2393 KCAL/MOL.


                COMPRESSION       0.4118
                BENDING           1.2672
                BEND-BEND        -0.0216
                STRETCH-BEND      0.0962
                VANDERWAALS
                  1,4 ENERGY      7.8262
                  OTHER           0.1481
                H-BONDING         0.0000
                PI-COMPLX         0.0000

                TORSIONAL         2.5263
                TORSION-STRETCH  -0.0149
                DIPOLE-DIPOLE     0.0000
                CHARGE-DIPOLE     0.0000
                CHARGE-CHARGE     0.0000

      -----------------------------------------------------------------

      COORDINATES TRANSLATED TO NEW ORIGIN WHICH IS CENTER OF MASS
         C(   1)     1.77120     1.11363     0.30341   (  1)
         C(   2)     2.32364    -0.22601    -0.20279   (  1)
         C(   3)     1.40174    -1.38674     0.19607   (  1)
         C(   4)     0.33332     1.33478    -0.18013   (  1)
         C(   5)    -0.03723    -1.14884    -0.27965   (  1)
         C(   6)    -0.58763     0.18446     0.24318   (  1)
         H(   7)     2.42207     1.94816    -0.04618   (  5)
         H(   8)     1.79714     1.13129     1.41744   (  5)
         H(   9)     3.34657    -0.39466     0.20621   (  5)
         H(  10)     2.42244    -0.19311    -1.31240   (  5)
         H(  11)     1.41155    -1.50497     1.30431   (  5)
         H(  12)     1.78913    -2.34070    -0.23091   (  5)
         H(  13)     0.32961     1.43229    -1.28943   (  5)
         H(  14)    -0.05309     2.29691     0.22657   (  5)
         H(  15)    -0.67370    -1.99473     0.06225   (  5)
         H(  16)    -0.06385    -1.15608    -1.39273   (  5)
         H(  17)    -0.65837     0.16458     1.35924   (  5)
         O(  18)    -1.86296     0.44807    -0.33665   (  6)
         C(  19)    -2.92382    -0.29385     0.24347   (  1)
         H(  20)    -3.88073     0.01307    -0.22576   (  5)
         H(  21)    -2.79106    -1.38776     0.07214   (  5)
         H(  22)    -2.99359    -0.09376     1.33941   (  5)

      MOMENT OF INERTIA WITH THE PRINCIPAL AXES

          (1)  UNIT = 10**(-39) GM*CM**2
               IX=   21.2348    IY=   62.0810    IZ=   76.8038

          (2)  UNIT = AU A**2
               IX=  127.8927    IY=  373.9016    IZ=  462.5738



      MOLECULAR POLARIZABILITIES (A**3)
        ALPHA(1)   =      17.18
        ALPHA(2)   =      15.64
        ALPHA(3)   =      13.49
        AVG. ALPHA =      15.43



      DIPOLE MOMENT =          1.275 D


        COMPONENTS WITH PRINCIPAL AXES

                          X = -0.1718    Y =  0.8283    Z = -0.9544


      E (INDP/INDP) =          0.222 KCAL/MOLE
      DIPOLE MOMENT =          1.236 D (INCLUDES INDUCED BOND MOMENTS)
      *NOTE*  E (INDP/INDP) IS NOT INCLUDED IN THE FINAL STERIC ENERGY

        COMPONENTS WITH PRINCIPAL AXES

                          X = -0.4999    Y =  0.8393    Z = -0.7571



      TOTAL ATOMIC CHARGE ON EACH ATOM (in ELECTRON CHARGE)

           C(    1):         -0.014
           C(    2):          0.005
           C(    3):          0.001
           C(    4):          0.012
           C(    5):         -0.004
           C(    6):          0.166
           H(    7):          0.001
           H(    8):          0.002
           H(    9):          0.001
           H(   10):          0.001
           H(   11):          0.002
           H(   12):          0.001
           H(   13):          0.007
           H(   14):          0.007
           H(   15):          0.005
           H(   16):          0.006
           H(   17):          0.004
           O(   18):         -0.390
           C(   19):          0.175
           H(   20):          0.004
           H(   21):          0.004
           H(   22):          0.004

      -----------------------------------------------------------------

        END OF methoxycyclohexane-eq                                       


           TOTAL CPU TIME IS      0.05 SECONDS.

           THIS JOB COMPLETED AT    17:41:55
