1
               ---------------------------------------------
               WARNING : INCORRECT ATOM TYPES GIVEN IN INPUT
                         DATA ARE CORRECTED AS FOLLOWS
               ---------------------------------------------


             Atom type of atom    1 is replaced by   1 (was   0)
             Atom type of atom    2 is replaced by   1 (was   0)
             Atom type of atom    3 is replaced by   1 (was   0)
             Atom type of atom    4 is replaced by   1 (was   0)
             Atom type of atom    5 is replaced by   1 (was   0)
             Atom type of atom    6 is replaced by   1 (was   0)
             Atom type of atom    7 is replaced by   5 (was   0)
             Atom type of atom    8 is replaced by   5 (was   0)
             Atom type of atom    9 is replaced by   5 (was   0)
             Atom type of atom   10 is replaced by   5 (was   0)
             Atom type of atom   11 is replaced by   5 (was   0)
             Atom type of atom   12 is replaced by   5 (was   0)
             Atom type of atom   13 is replaced by   5 (was   0)
             Atom type of atom   14 is replaced by   5 (was   0)
             Atom type of atom   15 is replaced by   5 (was   0)
             Atom type of atom   16 is replaced by   5 (was   0)
             Atom type of atom   17 is replaced by   5 (was   0)
             Atom type of atom   18 is replaced by   6 (was   0)
             Atom type of atom   19 is replaced by   1 (was   0)
             Atom type of atom   20 is replaced by   5 (was   0)
             Atom type of atom   21 is replaced by   5 (was   0)
             Atom type of atom   22 is replaced by   5 (was   0)
1     methoxycyclohexane-ax                                       

               CHEMICAL FORMULA :  C(   7)  H(  14)  O(   1) 
               FORMULA WEIGHT   :    114.107
                                                               DATE 26-MAY-23
                                                               TIME  17:39:31


          THE COORDINATES OF   22 ATOMS ARE READ IN.
          SOME CONSTANTS WILL BE READ IN.

      CONFORMATIONAL ENERGY, PART 1:  GEOMETRY AND STERIC ENERGY
                                      OF INITIAL CONFORMATION.


      CONNECTED ATOMS
         1-   2-   3-   5-   6-  18-  19-
         1-   4-   6-

      ATTACHED ATOMS
         1-   7,   1-   8,   2-   9,   2-  10,   3-  11,   3-  12,   4-  13,
         4-  14,   5-  15,   5-  16,   6-  17,  19-  20,  19-  21,  19-  22,

      INITIAL ATOMIC COORDINATES
           ATOM         X           Y           Z       TYPE
         C(   1)    -0.96550     1.41739    -0.28748   (  1)
         C(   2)    -2.07101     0.35543    -0.38272   (  1)
         C(   3)    -1.46930    -1.05137    -0.51427   (  1)
         C(   4)     0.00264     1.10913     0.86447   (  1)
         C(   5)    -0.48963    -1.35196     0.63134   (  1)
         C(   6)     0.61518    -0.29321     0.71401   (  1)
         H(   7)    -1.41795     2.42467    -0.13906   (  5)
         H(   8)    -0.40106     1.45409    -1.24727   (  5)
         H(   9)    -2.73208     0.56995    -1.25346   (  5)
         H(  10)    -2.71019     0.40233     0.52864   (  5)
         H(  11)    -0.93714    -1.13650    -1.48940   (  5)
         H(  12)    -2.28194    -1.81358    -0.52244   (  5)
         H(  13)    -0.54009     1.14558     1.83558   (  5)
         H(  14)     0.79918     1.88142     0.91874   (  5)
         H(  15)    -0.02442    -2.35186     0.48075   (  5)
         H(  16)    -1.03527    -1.38736     1.60036   (  5)
         H(  17)     1.28364    -0.52111     1.58799   (  5)
         O(  18)     1.37465    -0.42481    -0.49889   (  6)
         C(  19)     2.63774     0.22651    -0.44206   (  1)
         H(  20)     3.15390     0.01058    -1.39869   (  5)
         H(  21)     2.50759     1.33233    -0.33862   (  5)
         H(  22)     3.24779    -0.17598     0.40546   (  5)


          DIELECTRIC CONSTANT =  1.500


      INITIAL STERIC ENERGY IS     13.4834 KCAL/MOL.

                  COMPRESSION       0.6998
                  BENDING           1.5512
                  BEND-BEND         0.0174
                  STRETCH-BEND      0.1395
                  VANDERWAALS
                    1,4 ENERGY      7.9350
                    OTHER           0.4618
                  H-BONDING         0.0000
                  PI-COMPLX         0.0000

                  TORSIONAL         2.6967
                  TORSION-STRETCH  -0.0180
                  DIPOLE-DIPOLE     0.0000
                  CHARGE-DIPOLE     0.0000
                  CHARGE-CHARGE     0.0000


      MOLECULAR POLARIZABILITIES (A**3)
        ALPHA(1)   =      16.58
        ALPHA(2)   =      15.36
        ALPHA(3)   =      14.65
        AVG. ALPHA =      15.53



      DIPOLE MOMENT =          1.288 D


      E (INDP/INDP) =          0.138 KCAL/MOLE
      DIPOLE MOMENT =          1.098 D (INCLUDES INDUCED BOND MOMENTS)
      *NOTE*  E (INDP/INDP) IS NOT INCLUDED IN THE INITIAL STERIC ENERGY

      CPU TIME FOR INITIAL CALCULATION IS     0.02 SECONDS.


1     methoxycyclohexane-ax                                       


     CONFORMATIONAL ENERGY, PART 2: GEOMETRY MINIMIZATION

               GEOMETRY OPTIMIZATION IS CONTINUED UNTIL ATOM
               MOVEMENT CONVERGES WITHIN FOLLOWING VALUES:

                         AVERAGE MOVEMENT  0.00014 A
                         MAXIMUM MOVEMENT  0.00141 A



     <<<<<<<<<<<<<<<<<<<<<<<<<<  C Y C L E   1 >>>>>>>>>>>>>>>>>>>>>>>>>>

                              (CH)-MOVEMENT = 1

       ITER    1   AVG. MOVE = 0.00615 A   (MAX MOVE : ATOM   20   0.04230 A)  
       ITER    2   AVG. MOVE = 0.00206 A   (MAX MOVE : ATOM    4   0.01521 A)  
       ITER    3   AVG. MOVE = 0.00075 A   (MAX MOVE : ATOM    1   0.00530 A)  
       ITER    4   AVG. MOVE = 0.00047 A   (MAX MOVE : ATOM   11   0.00354 A)  
       ITER    5   AVG. MOVE = 0.00040 A   (MAX MOVE : ATOM   19   0.00333 A)  
       ITER    6   AVG. MOVE = 0.00037 A   (MAX MOVE : ATOM   19   0.00335 A)  
       ITER    7   AVG. MOVE = 0.00034 A   (MAX MOVE : ATOM   19   0.00327 A)  
       ITER    8   AVG. MOVE = 0.00032 A   (MAX MOVE : ATOM   19   0.00314 A)  
       ITER    9   AVG. MOVE = 0.00030 A   (MAX MOVE : ATOM   19   0.00300 A)  
       ITER   10   AVG. MOVE = 0.00028 A   (MAX MOVE : ATOM   19   0.00286 A)  
       ITER   11   AVG. MOVE = 0.00026 A   (MAX MOVE : ATOM   19   0.00272 A)  
       ITER   12   AVG. MOVE = 0.00024 A   (MAX MOVE : ATOM   19   0.00259 A)  
       ITER   13   AVG. MOVE = 0.00023 A   (MAX MOVE : ATOM   19   0.00246 A)  
       ITER   14   AVG. MOVE = 0.00021 A   (MAX MOVE : ATOM   19   0.00234 A)  
       ITER   15   AVG. MOVE = 0.00020 A   (MAX MOVE : ATOM   19   0.00223 A)  
       ITER   16   AVG. MOVE = 0.00019 A   (MAX MOVE : ATOM   19   0.00212 A)  
       ITER   17   AVG. MOVE = 0.00018 A   (MAX MOVE : ATOM   19   0.00202 A)  
       ITER   18   AVG. MOVE = 0.00017 A   (MAX MOVE : ATOM   19   0.00192 A)  
       ITER   19   AVG. MOVE = 0.00016 A   (MAX MOVE : ATOM   19   0.00183 A)  
       ITER   20   AVG. MOVE = 0.00015 A   (MAX MOVE : ATOM   19   0.00175 A)  
       ITER   21   AVG. MOVE = 0.00014 A   (MAX MOVE : ATOM   19   0.00167 A)  
       ITER   22   AVG. MOVE = 0.00014 A   (MAX MOVE : ATOM   19   0.00159 A)  
       ITER   23   AVG. MOVE = 0.00013 A   (MAX MOVE : ATOM   19   0.00152 A)  
       ITER   24   AVG. MOVE = 0.00012 A   (MAX MOVE : ATOM   19   0.00145 A)  
       ITER   25   AVG. MOVE = 0.00012 A   (MAX MOVE : ATOM   19   0.00138 A)  


     <<<<<<<<<<<<<<<<<<<<<<<<<<  C Y C L E   2 >>>>>>>>>>>>>>>>>>>>>>>>>>

                              (CH)-MOVEMENT = 0

       ITER   26   AVG. MOVE = 0.00006 A   (MAX MOVE : ATOM   21   0.00087 A)  


              * * * * * * * * * GEOMETRY IS OPTIMIZED * * * * * * * * *

               WITHIN : AVERAGE MOVEMENT  0.00006 A (LIMIT  0.00014 A)
                        MAXIMUM MOVEMENT  0.00087 A (LIMIT  0.00141 A)

               GRADIENT
                  RMS GRADIENT                0.013634 KCAL/MOL/A

                  MAX GRADIENT
                    X-DIRECTION : ATOM #   1   0.045494 KCAL/MOL/A
                    Y-DIRECTION : ATOM #  22   0.024080 KCAL/MOL/A
                    Z-DIRECTION : ATOM #   4   0.027570 KCAL/MOL/A

        DELTA TIME =    0.00 SEC.       TOTAL CPU TIME =      0.03 SEC.


                            =====================
                            FULL-MATRIX OPTIMIZER
                            =====================


     iter.  rms force   max force   avg. move    max move  atom  convg  d-time

        0    0.021068    0.075429   0.00375 A   0.05000 A   21    [N]     0.0s
        1    0.079279    0.422100   0.00008 A   0.00098 A   21    [N]     0.0s
        2    0.000219    0.000862   0.00001 A   0.00014 A   21    [N]     0.0s
        3    0.000046    0.000194                                 [Y]     0.0s


      TOTAL ENERGY IS     13.0005 KCAL/MOL.

        COMPRESS    0.4378      VDW 1,4    7.8711      DIPL-DIPL    0.0000
        BENDING     1.4329        OTHER    0.3224      CHRG-DIPL    0.0000
        STR-BEND    0.1158      TORSION    2.8575      CHRG-CHRG    0.0000
        BEND-BEND  -0.0207      TOR-STR   -0.0162      EPR          0.0000
        H-BONDING   0.0000      PI-CMPL    0.0000
0     DELTA(T) =     0.0 SEC.          ELAPSED TIME =     0.0 SEC.


    * * * ENERGY IS STATIONARY WITHIN RMS OF FORCES   0.00014  Kcal/mol/A * * *

                 * * * *  RMS FORCE IS   0.00005 Kcal/mol/A * * * *

1     methoxycyclohexane-ax                                       

               CHEMICAL FORMULA :  C(   7)  H(  14)  O(   1) 
               FORMULA WEIGHT   :    114.107
                                                               DATE : 26-MAY-23

           * M M 3 * * * * * * * * * * * 2 0 0 0 *
           *                                     *   PARAMETER RELIABILITY
           *                                     *
           *                                     *   BLANK = GOOD
           *                                     *       B = FAIR
           *                                     *       C = TRIAL
           *                                     *       R = READ IN
           *                                     *       S = SUBSTITUTED
           *                                     *       U = PARAMETER NOT EXIST
           *                                     *
           *                                     *   THIS IS SHOWN AT THE END 
           *                                     *   OF THE LINE.
           * * * * * * * * * * * * * * * * * * * * 


      CONFORMATIONAL ENERGY, PART 3:  GEOMETRY AND STERIC ENERGY
                                      OF FINAL CONFORMATION.

      CONNECTED ATOMS
         1-   2-   3-   5-   6-  18-  19-
         1-   4-   6-

      ATTACHED ATOMS
         1-   7,   1-   8,   2-   9,   2-  10,   3-  11,   3-  12,   4-  13,
         4-  14,   5-  15,   5-  16,   6-  17,  19-  20,  19-  21,  19-  22,

      FINAL ATOMIC COORDINATE
           ATOM         X           Y           Z       TYPE
         C(   1)     0.97720    -1.41892    -0.27858   (  1)
         C(   2)     2.08505    -0.35943    -0.36299   (  1)
         C(   3)     1.49278     1.04925    -0.50988   (  1)
         C(   4)    -0.01288    -1.09587     0.84758   (  1)
         C(   5)     0.49059     1.35327     0.61176   (  1)
         C(   6)    -0.62477     0.30405     0.70273   (  1)
         H(   7)     1.42869    -2.42372    -0.10844   (  5)
         H(   8)     0.43639    -1.47351    -1.25118   (  5)
         H(   9)     2.75820    -0.58064    -1.22325   (  5)
         H(  10)     2.71355    -0.40448     0.55630   (  5)
         H(  11)     0.98897     1.14013    -1.49955   (  5)
         H(  12)     2.31157     1.80549    -0.49994   (  5)
         H(  13)     0.51929    -1.15686     1.82402   (  5)
         H(  14)    -0.80764    -1.87230     0.88707   (  5)
         H(  15)     0.04744     2.36306     0.45635   (  5)
         H(  16)     1.03289     1.39584     1.58352   (  5)
         H(  17)    -1.27224     0.53661     1.58524   (  5)
         O(  18)    -1.38015     0.39446    -0.50296   (  6)
         C(  19)    -2.66183    -0.20893    -0.42855   (  1)
         H(  20)    -3.19468    -0.04877    -1.38793   (  5)
         H(  21)    -2.58094    -1.30799    -0.25840   (  5)
         H(  22)    -3.26873     0.25097     0.38764   (  5)


          DIELECTRIC CONSTANT =  1.500


      BOND LENGTHS AND STRETCHING ENERGY   (   22 BONDS)

        ENERGY = 71.94(KS)(DR)(DR)(1-(CS)(DR)+(7/12)((CS)(DR))**2)
                          DR = R-RO
                          CS =  2.550
                                                         R(0)-CORR        CORR
          BOND        LENGTH   R(0)    K(S)  ENERGY   E-NEG   MISCEL       KS
    C(   1)- C(   2)  1.5352  1.5247  4.490  0.0350                             
    C(   1)- C(   4)  1.5339  1.5219  4.490  0.0452 -0.0028                     
    C(   1)- H(   7)  1.1146  1.1120  4.680  0.0023                             
    C(   1)- H(   8)  1.1142  1.1120  4.680  0.0016                             
    C(   2)- C(   3)  1.5352  1.5247  4.490  0.0345                             
    C(   2)- H(   9)  1.1145  1.1120  4.680  0.0021                             
    C(   2)- H(  10)  1.1145  1.1120  4.680  0.0021                             
    C(   3)- C(   5)  1.5346  1.5219  4.490  0.0502 -0.0028                     
    C(   3)- H(  11)  1.1142  1.1120  4.680  0.0017                             
    C(   3)- H(  12)  1.1146  1.1120  4.680  0.0023                             
    C(   4)- C(   6)  1.5347  1.5177  4.490  0.0890 -0.0070                     
    C(   4)- H(  13)  1.1137  1.1109  4.716  0.0027 -0.0011              0.036  
    C(   4)- H(  14)  1.1118  1.1109  4.716  0.0003 -0.0011              0.036  
    C(   5)- C(   6)  1.5340  1.5177  4.490  0.0824 -0.0070                     
    C(   5)- H(  15)  1.1137  1.1109  4.716  0.0026 -0.0011              0.036  
    C(   5)- H(  16)  1.1136  1.1109  4.716  0.0026 -0.0011              0.036  
    C(   6)- H(  17)  1.1190  1.1152  4.705  0.0048 -0.0028  0.0060  BH -0.105  
    C(   6)- O(  18)  1.4256  1.4130  5.700  0.0635                             
    O(  18)- C(  19)  1.4186  1.4130  5.700  0.0125                             
    C(  19)- H(  20)  1.1091  1.1092  4.840  0.0000 -0.0028  0.0000  BH  0.090  
    C(  19)- H(  21)  1.1151  1.1163  4.607  0.0005 -0.0028  0.0071  BH -0.143  
    C(  19)- H(  22)  1.1162  1.1161  4.615  0.0000 -0.0028  0.0069  BH -0.135  


      NON-BONDED DISTANCES, VDW AND EPR ENERGY   (    166 PAIRS)

              E(VDW) = KV*(1.84(10**5)EXP(-12.00/P) - 2.25(P**6))
              E(EPR) = C*KV*(1.84(10**5)EXP(-12.00/Q) - 2.25(Q**6))
              E(HBD) = EP1-EP2*COS(THETA)*RTH/RTH0
                            EP1 = KHB*1.84(10**5)*EXP(-12.0/P)
                            EP2 = KHB*2.25(P**6)

            IF P > 3.020, THEN,
              E(VDW) = KV(192.270)(P**2)
              E(HBD) = EP1-EP2*COS(THETA)*RTH/RTH0
                            EP1 = KHB*(192.270*P**2+1706.96)
                            EP2 = KHB*1706.96

               WHERE   RV = RVDW(I) + RVDW(K)
                       KV = SQRT(EPS(I)*EPS(K))
                      KHB = EPS/DIELEC  FOR HYDROGEN BOND
                        P = (RV/R) OR (RV/R#)
                        C = SCALE FACTOR
                        Q = RV/R, WHERE R IS MODIFIED DISTANCE
                    THETA = ANGLE H-X-Y IN HYDROGEN BOND X-H...Y
                      RTH = BOND LENGTH X-H IN X-H...Y
                     RTH0 = NATURAL BOND LENGTH X-H

          # IN THE VDW CALCULATIONS THE HYDROGEN ATOMS ARE RELOCATED
          SO THAT THE ATTACHED HYDROGEN DISTANCE IS REDUCED BY 0.923

          # IN THE VDW CALCULATIONS THE DEUTERIUM ATOMS ARE RELOCATED
          SO THAT THE ATTACHED DEUTERIUM DISTANCE IS REDUCED BY  0.923

         ATOM PAIR          R       R#       RV      KV       ENERGY
      C(   1), C(   3)   2.5320
      C(   1), C(   5)   2.9520            4.080   0.0270     0.4188  1,4       
      C(   1), C(   6)   2.5491
      C(   1), H(   9)   2.1834
      C(   1), H(  10)   2.1774
      C(   1), H(  11)   2.8354   2.7975   3.560   0.0230     0.1200  1,4       
      C(   1), H(  12)   3.4966   3.4191   3.560   0.0230    -0.0241  1,4       
      C(   1), H(  13)   2.1678
      C(   1), H(  14)   2.1794
      C(   1), H(  15)   3.9633   3.8835   3.560   0.0230    -0.0220            
      C(   1), H(  16)   3.3754   3.3315   3.560   0.0230    -0.0209            
      C(   1), H(  17)   3.5154   3.4377   3.560   0.0230    -0.0246  1,4       
      C(   1), O(  18)   2.9826            3.860   0.0399     0.2683  1,4       
      C(   1), C(  19)   3.8379            4.080   0.0270    -0.0255            
      C(   1), H(  20)   4.5291   4.4699   3.560   0.0230    -0.0120            
      C(   1), H(  21)   3.5599   3.5697   3.560   0.0230    -0.0257            
      C(   1), H(  22)   4.6109   4.5463   3.560   0.0230    -0.0110            
      C(   2), C(   4)   2.5316
      C(   2), C(   5)   2.5349
      C(   2), C(   6)   2.9865            4.080   0.0270     0.3661  1,4       
      C(   2), H(   7)   2.1810
      C(   2), H(   8)   2.1790
      C(   2), H(  11)   2.1776
      C(   2), H(  12)   2.1810
      C(   2), H(  13)   2.8054   2.7694   3.560   0.0230     0.1400  1,4       
      C(   2), H(  14)   3.4956   3.4182   3.560   0.0230    -0.0241  1,4       
      C(   2), H(  15)   3.4979   3.4205   3.560   0.0230    -0.0242  1,4       
      C(   2), H(  16)   2.8243   2.7873   3.560   0.0230     0.1270  1,4       
      C(   2), H(  17)   3.9837   3.9046   3.560   0.0230    -0.0216            
      C(   2), O(  18)   3.5490            3.860   0.0399    -0.0300            
      C(   2), C(  19)   4.7497            4.080   0.0270    -0.0201            
      C(   2), H(  20)   5.3873   5.3327   3.560   0.0230    -0.0045            
      C(   2), H(  21)   4.7626   4.7523   3.560   0.0230    -0.0087            
      C(   2), H(  22)   5.4405   5.3822   3.560   0.0230    -0.0043            
      C(   3), C(   4)   2.9515            4.080   0.0270     0.4197  1,4       
      C(   3), C(   6)   2.5514
      C(   3), H(   7)   3.4967   3.4192   3.560   0.0230    -0.0241  1,4       
      C(   3), H(   8)   2.8337   2.7959   3.560   0.0230     0.1211  1,4       
      C(   3), H(   9)   2.1833
      C(   3), H(  10)   2.1772
      C(   3), H(  13)   3.3558   3.3132   3.560   0.0230    -0.0199            
      C(   3), H(  14)   3.9723   3.8919   3.560   0.0230    -0.0218            
      C(   3), H(  15)   2.1792
      C(   3), H(  16)   2.1712
      C(   3), H(  17)   3.5068   3.4297   3.560   0.0230    -0.0244  1,4       
      C(   3), O(  18)   2.9466            3.860   0.0399     0.3181  1,4       
      C(   3), C(  19)   4.3417            4.080   0.0270    -0.0277            
      C(   3), H(  20)   4.8938   4.8445   3.560   0.0230    -0.0078            
      C(   3), H(  21)   4.7133   4.6763   3.560   0.0230    -0.0095            
      C(   3), H(  22)   4.9107   4.8601   3.560   0.0230    -0.0077            
      C(   4), C(   5)   2.5115
      C(   4), H(   7)   2.1807
      C(   4), H(   8)   2.1793
      C(   4), H(   9)   3.4975   3.4199   3.560   0.0230    -0.0241  1,4       
      C(   4), H(  10)   2.8278   2.7903   3.560   0.0230     0.1250  1,4       
      C(   4), H(  11)   3.3930   3.3479   3.560   0.0230    -0.0217            
      C(   4), H(  12)   3.9543   3.8750   3.560   0.0230    -0.0221            
      C(   4), H(  15)   3.4815   3.4037   3.560   0.0230    -0.0237  1,4       
      C(   4), H(  16)   2.8007   2.7636   3.560   0.0230     0.1445  1,4       
      C(   4), H(  17)   2.1898
      C(   4), O(  18)   2.4320
      C(   4), C(  19)   3.0712            4.080   0.0270     0.2593  1,4       
      C(   4), H(  20)   4.0271   3.9507   3.560   0.0230    -0.0207            
      C(   4), H(  21)   2.8041   2.8099   3.560   0.0230     0.1119            
      C(   4), H(  22)   3.5533   3.5059   3.560   0.0230    -0.0255            
      C(   5), H(   7)   3.9578   3.8783   3.560   0.0230    -0.0221            
      C(   5), H(   8)   3.3859   3.3413   3.560   0.0230    -0.0214            
      C(   5), H(   9)   3.4999   3.4224   3.560   0.0230    -0.0242  1,4       
      C(   5), H(  10)   2.8345   2.7968   3.560   0.0230     0.1205  1,4       
      C(   5), H(  11)   2.1798
      C(   5), H(  12)   2.1809
      C(   5), H(  13)   2.7877   2.7514   3.560   0.0230     0.1541  1,4       
      C(   5), H(  14)   3.4879   3.4098   3.560   0.0230    -0.0239  1,4       
      C(   5), H(  17)   2.1731
      C(   5), O(  18)   2.3794
      C(   5), C(  19)   3.6688            4.080   0.0270    -0.0126  1,4       
      C(   5), H(  20)   4.4210   4.3577   3.560   0.0230    -0.0136            
      C(   5), H(  21)   4.1562   4.1100   3.560   0.0230    -0.0178            
      C(   5), H(  22)   3.9240   3.8936   3.560   0.0230    -0.0218            
      C(   6), H(   7)   3.5093   3.4321   3.560   0.0230    -0.0244  1,4       
      C(   6), H(   8)   2.8467   2.8092   3.560   0.0230     0.1123  1,4       
      C(   6), H(   9)   3.9921   3.9125   3.560   0.0230    -0.0214            
      C(   6), H(  10)   3.4158   3.3716   3.560   0.0230    -0.0226            
      C(   6), H(  11)   2.8554   2.8175   3.560   0.0230     0.1071  1,4       
      C(   6), H(  12)   3.5104   3.4332   3.560   0.0230    -0.0245  1,4       
      C(   6), H(  13)   2.1680
      C(   6), H(  14)   2.1918
      C(   6), H(  15)   2.1799
      C(   6), H(  16)   2.1715
      C(   6), C(  19)   2.3859
      C(   6), H(  20)   3.3316   3.2552   3.560   0.0230    -0.0159  1,4       
      C(   6), H(  21)   2.7109   2.6708   3.560   0.0230     0.2306  1,4       
      C(   6), H(  22)   2.6632   2.6261   3.560   0.0230     0.2844  1,4       
      H(   7), H(   8)   1.7870
      H(   7), H(   9)   2.5313   2.4439   3.240   0.0200     0.1870  1,4       
      H(   7), H(  10)   2.4840   2.4018   3.240   0.0200     0.2329  1,4       
      H(   7), H(  11)   3.8509   3.7330   3.240   0.0200    -0.0156            
      H(   7), H(  12)   4.3381   4.1990   3.240   0.0200    -0.0088            
      H(   7), H(  13)   2.4832   2.4006   3.240   0.0200     0.2344  1,4       
      H(   7), H(  14)   2.5092   2.4243   3.240   0.0200     0.2074  1,4       
      H(   7), H(  15)   5.0140   4.8500   3.240   0.0200    -0.0039            
      H(   7), H(  16)   4.1962   4.0987   3.240   0.0200    -0.0100            
      H(   7), H(  17)   4.3505   4.2118   3.240   0.0200    -0.0087            
      H(   7), O(  18)   3.9984   3.9183   3.440   0.0344    -0.0281            
      H(   7), C(  19)   4.6626   4.5948   3.560   0.0230    -0.0104            
      H(   7), H(  20)   5.3529   5.2273   3.240   0.0200    -0.0025            
      H(   7), H(  21)   4.1647   4.1392   3.240   0.0200    -0.0095            
      H(   7), H(  22)   5.4282   5.2981   3.240   0.0200    -0.0023            
      H(   8), H(   9)   2.4877   2.4054   3.240   0.0200     0.2287  1,4       
      H(   8), H(  10)   3.0976   2.9473   3.240   0.0200    -0.0126  1,4       
      H(   8), H(  11)   2.6829   2.6713   3.240   0.0200     0.0425            
      H(   8), H(  12)   3.8513   3.7333   3.240   0.0200    -0.0156            
      H(   8), H(  13)   3.0926   2.9423   3.240   0.0200    -0.0121  1,4       
      H(   8), H(  14)   2.5057   2.4212   3.240   0.0200     0.2108  1,4       
      H(   8), H(  15)   4.2174   4.1181   3.240   0.0200    -0.0098            
      H(   8), H(  16)   4.0773   3.9576   3.240   0.0200    -0.0120            
      H(   8), H(  17)   3.8737   3.7549   3.240   0.0200    -0.0152            
      H(   8), O(  18)   2.7109   2.7166   3.440   0.0344     0.1657            
      H(   8), C(  19)   3.4460   3.4650   3.560   0.0230    -0.0251            
      H(   8), H(  20)   3.9030   3.8976   3.240   0.0200    -0.0129            
      H(   8), H(  21)   3.1808   3.2054   3.240   0.0200    -0.0223            
      H(   8), H(  22)   4.4031   4.3339   3.240   0.0200    -0.0075            
      H(   9), H(  10)   1.7888
      H(   9), H(  11)   2.4835   2.4016   3.240   0.0200     0.2332  1,4       
      H(   9), H(  12)   2.5330   2.4455   3.240   0.0200     0.1854  1,4       
      H(   9), H(  13)   3.8250   3.7087   3.240   0.0200    -0.0160            
      H(   9), H(  14)   4.3402   4.2009   3.240   0.0200    -0.0088            
      H(   9), H(  15)   4.3399   4.2009   3.240   0.0200    -0.0088            
      H(   9), H(  16)   3.8420   3.7249   3.240   0.0200    -0.0157            
      H(   9), H(  17)   5.0379   4.8743   3.240   0.0200    -0.0038            
      H(   9), O(  18)   4.3123   4.2480   3.440   0.0344    -0.0195            
      H(   9), C(  19)   5.4906   5.4290   3.560   0.0230    -0.0041            
      H(   9), H(  20)   5.9789   5.8836   3.240   0.0200    -0.0013            
      H(   9), H(  21)   5.4742   5.4075   3.240   0.0200    -0.0021            
      H(   9), H(  22)   6.2937   6.1602   3.240   0.0200    -0.0010            
      H(  10), H(  11)   3.0962   2.9459   3.240   0.0200    -0.0124  1,4       
      H(  10), H(  12)   2.4822   2.4003   3.240   0.0200     0.2348  1,4       
      H(  10), H(  13)   2.6435   2.6349   3.240   0.0200     0.0571            
      H(  10), H(  14)   3.8292   3.7135   3.240   0.0200    -0.0159            
      H(  10), H(  15)   3.8441   3.7271   3.240   0.0200    -0.0157            
      H(  10), H(  16)   2.6685   2.6582   3.240   0.0200     0.0475            
      H(  10), H(  17)   4.2227   4.1259   3.240   0.0200    -0.0097            
      H(  10), O(  18)   4.3033   4.2396   3.440   0.0344    -0.0197            
      H(  10), C(  19)   5.4683   5.4082   3.560   0.0230    -0.0042            
      H(  10), H(  20)   6.2301   6.1002   3.240   0.0200    -0.0010            
      H(  10), H(  21)   5.4325   5.3699   3.240   0.0200    -0.0022            
      H(  10), H(  22)   6.0204   5.9215   3.240   0.0200    -0.0012            
      H(  11), H(  12)   1.7864
      H(  11), H(  13)   4.0673   3.9481   3.240   0.0200    -0.0121            
      H(  11), H(  14)   4.2425   4.1411   3.240   0.0200    -0.0095            
      H(  11), H(  15)   2.4915   2.4086   3.240   0.0200     0.2250  1,4       
      H(  11), H(  16)   3.0940   2.9437   3.240   0.0200    -0.0123  1,4       
      H(  11), H(  17)   3.8721   3.7534   3.240   0.0200    -0.0152            
      H(  11), O(  18)   2.6762   2.6816   3.440   0.0344     0.2029            
      H(  11), C(  19)   4.0367   4.0502   3.560   0.0230    -0.0189            
      H(  11), H(  20)   4.3507   4.3500   3.240   0.0200    -0.0073            
      H(  11), H(  21)   4.5031   4.4663   3.240   0.0200    -0.0063            
      H(  11), H(  22)   4.7413   4.6860   3.240   0.0200    -0.0048            
      H(  12), H(  13)   4.1700   4.0744   3.240   0.0200    -0.0104            
      H(  12), H(  14)   5.0179   4.8538   3.240   0.0200    -0.0039            
      H(  12), H(  15)   2.5203   2.4340   3.240   0.0200     0.1971  1,4       
      H(  12), H(  16)   2.4786   2.3968   3.240   0.0200     0.2390  1,4       
      H(  12), H(  17)   4.3361   4.1987   3.240   0.0200    -0.0089            
      H(  12), O(  18)   3.9522   3.8726   3.440   0.0344    -0.0294            
      H(  12), C(  19)   5.3664   5.2862   3.560   0.0230    -0.0048            
      H(  12), H(  20)   5.8776   5.7546   3.240   0.0200    -0.0014            
      H(  12), H(  21)   5.8042   5.6799   3.240   0.0200    -0.0015            
      H(  12), H(  22)   5.8604   5.7406   3.240   0.0200    -0.0015            
      H(  13), H(  14)   1.7750
      H(  13), H(  15)   3.8057   3.6896   3.240   0.0200    -0.0164            
      H(  13), H(  16)   2.6149   2.6070   3.240   0.0200     0.0700            
      H(  13), H(  17)   2.4768   2.3954   3.240   0.0200     0.2407  1,4       
      H(  13), O(  18)   3.3807   3.3040   3.440   0.0344    -0.0360  1,4       
      H(  13), C(  19)   4.0115   3.9359   3.560   0.0230    -0.0210            
      H(  13), H(  20)   5.0337   4.8747   3.240   0.0200    -0.0038            
      H(  13), H(  21)   3.7377   3.6721   3.240   0.0200    -0.0167            
      H(  13), H(  22)   4.2889   4.1942   3.240   0.0200    -0.0089            
      H(  14), H(  15)   4.3422   4.2013   3.240   0.0200    -0.0088            
      H(  14), H(  16)   3.8149   3.6989   3.240   0.0200    -0.0162            
      H(  14), H(  17)   2.5507   2.4621   3.240   0.0200     0.1695  1,4       
      H(  14), O(  18)   2.7200   2.6826   3.440   0.0344     0.2017  1,4       
      H(  14), C(  19)   2.8170   2.8219   3.560   0.0230     0.1044            
      H(  14), H(  20)   3.7681   3.7005   3.240   0.0200    -0.0162            
      H(  14), H(  21)   2.1852   2.2518   3.240   0.0200     0.4794            
      H(  14), H(  22)   3.2886   3.2487   3.240   0.0200    -0.0224            
      H(  15), H(  16)   1.7825
      H(  15), H(  17)   2.5203   2.4334   3.240   0.0200     0.1977  1,4       
      H(  15), O(  18)   2.6141   2.5798   3.440   0.0344     0.3461  1,4       
      H(  15), C(  19)   3.8390   3.8147   3.560   0.0230    -0.0232            
      H(  15), H(  20)   4.4418   4.3760   3.240   0.0200    -0.0071            
      H(  15), H(  21)   4.5712   4.4699   3.240   0.0200    -0.0063            
      H(  15), H(  22)   3.9323   3.9010   3.240   0.0200    -0.0128            
      H(  16), H(  17)   2.4601   2.3798   3.240   0.0200     0.2604  1,4       
      H(  16), O(  18)   3.3435   3.2659   3.440   0.0344    -0.0343  1,4       
      H(  16), C(  19)   4.5027   4.4342   3.560   0.0230    -0.0125            
      H(  16), H(  20)   5.3655   5.2211   3.240   0.0200    -0.0026            
      H(  16), H(  21)   4.8747   4.7766   3.240   0.0200    -0.0043            
      H(  16), H(  22)   4.6092   4.5318   3.240   0.0200    -0.0058            
      H(  17), O(  18)   2.0958
      H(  17), C(  19)   2.5578   2.5274   3.560   0.0230     0.4404  1,4       
      H(  17), H(  20)   3.5886   3.4760   3.240   0.0200    -0.0201            
      H(  17), H(  21)   2.9179   2.8456   3.240   0.0200    -0.0006            
      H(  17), H(  22)   2.3456   2.3479   3.240   0.0200     0.3049            
      O(  18), H(  20)   2.0669
      O(  18), H(  21)   2.0976
      O(  18), H(  22)   2.0930
      H(  20), H(  21)   1.7995
      H(  20), H(  22)   1.8022
      H(  21), H(  22)   1.8223


      BOND ANGLES, BENDING AND STRETCH-BEND ENERGIES   (   43 ANGLES)

          EB = 0.021914(KB)(DT)(DT)(1+CF*DT+QF*DT**2+PF*DT**3+SF*DT**4)
                          DT = THETA-TZERO
                          CF = -1400.000E-5
                          QF =     5.600E-5
                          PF =    -0.070E-5
                          SF =     0.022E-6
          ESB(J) = 2.51124(KSB(J))(DT)(DR1+DR2)
                          DR(I) = R(I) - R0(I)
          EBDBD  = -0.02191418(KBB1)(DT1)(KBB2)(DT2)

          A T O M S            THETA    TZERO     KB     EB     KSB    ESB
   C(   2)- C(   1)- C(   4)  111.150  111.000  0.670  0.0003  0.13  0.0011     
   C(   2)- C(   1)- H(   7)  109.768  109.310  0.590  0.0027  0.08  0.0012     
   C(   2)- C(   1)- H(   8)  109.638  109.310  0.590  0.0014  0.08  0.0008     
   C(   4)- C(   1)- H(   7)  109.831  109.310  0.590  0.0035  0.08  0.0015     
   C(   4)- C(   1)- H(   8)  109.749  109.310  0.590  0.0025  0.08  0.0013     
   H(   7)- C(   1)- H(   8)  106.600  107.600  0.550  0.0122                   
   C(   1)- C(   2)- C(   3)  111.107  111.000  0.670  0.0002  0.13  0.0007     
   C(   1)- C(   2)- H(   9)  109.956  109.310  0.590  0.0054  0.08  0.0017     
   C(   1)- C(   2)- H(  10)  109.493  109.310  0.590  0.0004  0.08  0.0005     
   C(   3)- C(   2)- H(   9)  109.955  109.310  0.590  0.0053  0.08  0.0017     
   C(   3)- C(   2)- H(  10)  109.486  109.310  0.590  0.0004  0.08  0.0005     
   H(   9)- C(   2)- H(  10)  106.742  107.600  0.550  0.0090                   
   C(   2)- C(   3)- C(   5)  111.334  111.000  0.670  0.0016  0.13  0.0025     
   C(   2)- C(   3)- H(  11)  109.528  109.310  0.590  0.0006  0.08  0.0006     
   C(   2)- C(   3)- H(  12)  109.774  109.310  0.590  0.0028  0.08  0.0012     
   C(   5)- C(   3)- H(  11)  109.740  109.310  0.590  0.0024  0.08  0.0013     
   C(   5)- C(   3)- H(  12)  109.804  109.310  0.590  0.0031  0.08  0.0015     
   H(  11)- C(   3)- H(  12)  106.543  107.600  0.550  0.0137                   
   C(   1)- C(   4)- C(   6)  112.344  111.000  0.670  0.0260  0.13  0.0127     
   C(   1)- C(   4)- H(  13)  108.888  109.310  0.590  0.0023  0.08 -0.0013     
   C(   1)- C(   4)- H(  14)  109.902  109.310  0.590  0.0045  0.08  0.0015     
   C(   6)- C(   4)- H(  13)  108.858  109.310  0.590  0.0027  0.08 -0.0018     
   C(   6)- C(   4)- H(  14)  110.817  109.310  0.590  0.0288  0.08  0.0054     
   H(  13)- C(   4)- H(  14)  105.795  107.600  0.550  0.0403                   
   C(   3)- C(   5)- C(   6)  112.500  111.000  0.670  0.0324  0.13  0.0142     
   C(   3)- C(   5)- H(  15)  109.725  109.310  0.590  0.0022  0.08  0.0013     
   C(   3)- C(   5)- H(  16)  109.107  109.310  0.590  0.0005  0.08 -0.0006     
   C(   6)- C(   5)- H(  15)  109.824  109.310  0.590  0.0034  0.08  0.0020     
   C(   6)- C(   5)- H(  16)  109.175  109.310  0.590  0.0002  0.08 -0.0005     
   H(  15)- C(   5)- H(  16)  106.313  107.600  0.550  0.0203                   
   C(   4)- C(   6)- C(   5)  109.854  110.200  0.670  0.0018  0.13 -0.0038     
   C(   4)- C(   6)- H(  17)  110.233  109.800  0.590  0.0024  0.08  0.0018     
   C(   4)- C(   6)- O(  18)  110.422  107.000  0.830  0.2029  0.13  0.0331     
   C(   5)- C(   6)- H(  17)  108.986  109.800  0.590  0.0087  0.08 -0.0033     
   C(   5)- C(   6)- O(  18)  106.961  107.000  0.830  0.0000  0.13 -0.0004     
   H(  17)- C(   6)- O(  18)  110.318  110.000  0.820  0.0018  0.08  0.0011     
   C(   6)- O(  18)- C(  19)  114.040  107.200  0.820  0.7623  0.10  0.0313     
   O(  18)- C(  19)- H(  20)  109.104  108.700  0.820  0.0029  0.08  0.0004     
   O(  18)- C(  19)- H(  21)  111.205  108.700  0.820  0.1089  0.08  0.0022     
   O(  18)- C(  19)- H(  22)  110.753  108.700  0.820  0.0736  0.08  0.0024     
   H(  20)- C(  19)- H(  21)  108.010  107.800  0.550  0.0005                   
   H(  20)- C(  19)- H(  22)  108.167  107.800  0.550  0.0016                   
   H(  21)- C(  19)- H(  22)  109.509  107.800  0.550  0.0344                   


     DIHEDRAL ANGLES, TORSIONAL ENERGY (ET)   (   60 ANGLES)

           ET = (V1/2)(1+COS(W))+(V2/2)(1-COS(2W))+(V3/2)(1+COS(3W))

           ETS = -11.995*(R-R0)((KTS1/2)(1+COS(W))+
                                (KTS2/2)(1-COS(2W)+
                                (KTS3/2)(1+COS(3W))

           SIGN OF ANGLE A-B-C-D : WHEN LOOKING THROUGH B TOWARD C,
           IF D IS COUNTERCLOCKWISE FROM A, NEGATIVE.

         A T O M S               OMEGA    V1     V2     V3     ET   KTS3   ETS
 C(   1) C(   2) C(   3) C(   5)  54.4  0.185  0.170  0.520  0.270 0.059 0.000  
 C(   1) C(   2) C(   3) H(  11) -67.1  0.000  0.000  0.280  0.010 0.059 0.000  
 C(   1) C(   2) C(   3) H(  12) 176.2  0.000  0.000  0.280  0.003 0.059 0.000  
 C(   1) C(   4) C(   6) C(   5) -55.1  0.185  0.170  0.520  0.268 0.059 0.000  
 C(   1) C(   4) C(   6) H(  17)-175.2  0.000  0.000  0.280  0.004 0.059 0.000  
 C(   1) C(   4) C(   6) O(  18)  62.7  0.200  0.000  0.300  0.147 0.059 0.000  
 C(   2) C(   1) C(   4) C(   6)  55.9  0.185  0.170  0.520  0.267 0.059 0.000  
 C(   2) C(   1) C(   4) H(  13) -64.8  0.000  0.000  0.280  0.004 0.059 0.000  
 C(   2) C(   1) C(   4) H(  14) 179.7  0.000  0.000  0.280  0.000 0.059 0.000  
 C(   2) C(   3) C(   5) C(   6) -55.1  0.185  0.170  0.520  0.268 0.059 0.000  
 C(   2) C(   3) C(   5) H(  15)-177.7  0.000  0.000  0.280  0.001 0.059 0.000  
 C(   2) C(   3) C(   5) H(  16)  66.2  0.000  0.000  0.280  0.007 0.059 0.000  
 C(   3) C(   2) C(   1) C(   4) -54.8  0.185  0.170  0.520  0.269 0.059 0.000  
 C(   3) C(   2) C(   1) H(   7)-176.5  0.000  0.000  0.280  0.002 0.059 0.000  
 C(   3) C(   2) C(   1) H(   8)  66.7  0.000  0.000  0.280  0.009 0.059 0.000  
 C(   3) C(   5) C(   6) C(   4)  54.7  0.185  0.170  0.520  0.269 0.059 0.000  
 C(   3) C(   5) C(   6) H(  17) 175.6  0.000  0.000  0.280  0.004 0.059 0.000  
 C(   3) C(   5) C(   6) O(  18) -65.2  0.200  0.000  0.300  0.147 0.059 0.000  
 C(   4) C(   1) C(   2) H(   9)-176.7  0.000  0.000  0.280  0.002 0.059 0.000  
 C(   4) C(   1) C(   2) H(  10)  66.3  0.000  0.000  0.280  0.008 0.059 0.000  
 C(   4) C(   6) C(   5) H(  15) 177.2  0.000  0.000  0.280  0.001 0.059 0.000  
 C(   4) C(   6) C(   5) H(  16) -66.6  0.000  0.000  0.280  0.008 0.059 0.000  
 C(   4) C(   6) O(  18) C(  19)  78.2  0.450  0.050  0.757  0.478 0.100-0.003  
 C(   5) C(   3) C(   2) H(   9) 176.4  0.000  0.000  0.280  0.003 0.059 0.000  
 C(   5) C(   3) C(   2) H(  10) -66.7  0.000  0.000  0.280  0.008 0.059 0.000  
 C(   5) C(   6) C(   4) H(  13)  65.6  0.000  0.000  0.280  0.006 0.059 0.000  
 C(   5) C(   6) C(   4) H(  14)-178.5  0.000  0.000  0.280  0.000 0.059 0.000  
 C(   5) C(   6) O(  18) C(  19)-162.3  0.450  0.050  0.757  0.167 0.100-0.003  
 C(   6) C(   4) C(   1) H(   7) 177.5  0.000  0.000  0.280  0.001 0.059 0.000  
 C(   6) C(   4) C(   1) H(   8) -65.6  0.000  0.000  0.280  0.006 0.059 0.000  
 C(   6) C(   5) C(   3) H(  11)  66.3  0.000  0.000  0.280  0.008 0.059 0.000  
 C(   6) C(   5) C(   3) H(  12)-176.9  0.000  0.000  0.280  0.002 0.059 0.000  
 C(   6) O(  18) C(  19) H(  20) 177.3  0.000  0.000  0.680  0.003 0.100 0.000  
 C(   6) O(  18) C(  19) H(  21) -63.7  0.000  0.000  0.680  0.006 0.100 0.000  
 C(   6) O(  18) C(  19) H(  22)  58.3  0.000  0.000  0.680  0.001 0.100 0.000  
 H(   7) C(   1) C(   2) H(   9)  61.6  0.000  0.000  0.238  0.000 0.059 0.000  
 H(   7) C(   1) C(   2) H(  10) -55.4  0.000  0.000  0.238  0.003 0.059 0.000  
 H(   7) C(   1) C(   4) H(  13)  56.9  0.000  0.000  0.238  0.002 0.059 0.000  
 H(   7) C(   1) C(   4) H(  14) -58.6  0.000  0.000  0.238  0.000 0.059 0.000  
 H(   8) C(   1) C(   2) H(   9) -55.2  0.000  0.000  0.238  0.004 0.059 0.000  
 H(   8) C(   1) C(   2) H(  10)-172.2  0.000  0.000  0.238  0.010 0.059 0.000  
 H(   8) C(   1) C(   4) H(  13) 173.7  0.000  0.000  0.238  0.006 0.059 0.000  
 H(   8) C(   1) C(   4) H(  14)  58.3  0.000  0.000  0.238  0.000 0.059 0.000  
 H(   9) C(   2) C(   3) H(  11)  54.8  0.000  0.000  0.238  0.004 0.059 0.000  
 H(   9) C(   2) C(   3) H(  12) -61.8  0.000  0.000  0.238  0.001 0.059 0.000  
 H(  10) C(   2) C(   3) H(  11) 171.8  0.000  0.000  0.238  0.011 0.059 0.000  
 H(  10) C(   2) C(   3) H(  12)  55.1  0.000  0.000  0.238  0.004 0.059 0.000  
 H(  11) C(   3) C(   5) H(  15) -56.3  0.000  0.000  0.238  0.002 0.059 0.000  
 H(  11) C(   3) C(   5) H(  16)-172.4  0.000  0.000  0.238  0.009 0.059 0.000  
 H(  12) C(   3) C(   5) H(  15)  60.5  0.000  0.000  0.238  0.000 0.059 0.000  
 H(  12) C(   3) C(   5) H(  16) -55.6  0.000  0.000  0.238  0.003 0.059 0.000  
 H(  13) C(   4) C(   6) H(  17) -54.5  0.000  0.000  0.238  0.005 0.059 0.000  
 H(  13) C(   4) C(   6) O(  18)-176.7  0.000  0.000  0.300  0.002 0.059 0.000  
 H(  14) C(   4) C(   6) H(  17)  61.4  0.000  0.000  0.238  0.000 0.059 0.000  
 H(  14) C(   4) C(   6) O(  18) -60.7  0.000  0.000  0.300  0.000 0.059 0.000  
 H(  15) C(   5) C(   6) H(  17) -61.9  0.000  0.000  0.238  0.001 0.059 0.000  
 H(  15) C(   5) C(   6) O(  18)  57.4  0.000  0.000  0.300  0.001 0.059 0.000  
 H(  16) C(   5) C(   6) H(  17)  54.3  0.000  0.000  0.238  0.005 0.059 0.000  
 H(  16) C(   5) C(   6) O(  18) 173.6  0.000  0.000  0.300  0.008 0.059 0.000  
 H(  17) C(   6) O(  18) C(  19) -43.9  0.000  0.000  0.680  0.114 0.100-0.003  


 ==============================================================================
                        NORMAL MODE VIBRATIONAL ANALYSIS
 ==============================================================================


             Molecular Shape : ASYMMETRIC ROTOR WITH KAPPA =-0.737849
        Symmetry Point Group : C1  
             Symmetry Number :  1
                   Chirality : yes



0       FUNDAMENTAL NORMAL VIBRATIONAL FREQUENCIES
                ( THEORETICALLY  60 VALUES )

             Frequency :  in 1/cm
             A(i)      :  IR intensity (vs,s,m,w,vw,-- or in 10**6 cm/mole)
             A(i) = -- :  IR inactive


             no       Frequency   Symmetry      A(i)

             1.          2995.3     (A   )        m
             2.          2947.9     (A   )        m
             3.          2943.7     (A   )        m
             4.          2934.6     (A   )        m
             5.          2929.0     (A   )        s
             6.          2926.5     (A   )        m
             7.          2925.6     (A   )        m
             8.          2898.0     (A   )        m
             9.          2890.4     (A   )        m
            10.          2886.0     (A   )        m
            11.          2880.1     (A   )        m
            12.          2873.5     (A   )        w
            13.          2866.4     (A   )        m
            14.          2858.7     (A   )        w
            15.          1526.3     (A   )        m
            16.          1486.2     (A   )        w
            17.          1483.1     (A   )        w
            18.          1472.2     (A   )        w
            19.          1467.4     (A   )        w
            20.          1466.9     (A   )       vw
            21.          1462.5     (A   )        w
            22.          1458.7     (A   )        w
            23.          1452.2     (A   )        w
            24.          1428.6     (A   )        w
            25.          1424.3     (A   )        w
            26.          1412.0     (A   )        w
            27.          1381.8     (A   )        m
            28.          1360.0     (A   )        w
            29.          1335.1     (A   )        w
            30.          1264.7     (A   )        m
            31.          1225.4     (A   )       vw
            32.          1219.2     (A   )        w
            33.          1203.7     (A   )       vw
            34.          1201.6     (A   )       vw
            35.          1168.9     (A   )        m
            36.          1109.8     (A   )        w
            37.          1097.0     (A   )        m
            38.          1081.8     (A   )        w
            39.          1055.1     (A   )        m
            40.          1041.6     (A   )        w
            41.          1028.4     (A   )        w
            42.           967.4     (A   )        m
            43.           920.8     (A   )        w
            44.           873.0     (A   )        w
            45.           858.0     (A   )        w
            46.           848.7     (A   )        w
            47.           820.3     (A   )        w
            48.           788.0     (A   )       vw
            49.           767.1     (A   )        w
            50.           615.5     (A   )        w
            51.           485.7     (A   )        w
            52.           463.4     (A   )        w
            53.           400.7     (A   )        w
            54.           370.6     (A   )        w
            55.           315.1     (A   )        w
            56.           291.3     (A   )        w
            57.           250.0     (A   )        w
            58.           187.3     (A   )        w
            59.           134.0     (A   )        w
            60.            65.9     (A   )        w
            61.     (       0.0)    (t/r )
            62.     (       0.0)    (t/r )
            63.     (       0.0)    (t/r )
            64.     (       0.0)    (t/r )
            65.     (       0.0)    (t/r )
            66.     (       0.0)    (t/r )


0       CORRESPONDING EIGEN VECTOR MATRIX   66 BY  66



 (  1)
     0.000    0.000    0.000    0.000    0.000    0.000    0.000    0.000
     0.000   -0.001   -0.001    0.000    0.000    0.000    0.000   -0.001
     0.000    0.001    0.000    0.000    0.000    0.000    0.000    0.000
     0.000    0.000    0.000    0.000    0.000    0.000    0.000    0.000
     0.000    0.000    0.000    0.000    0.002    0.000    0.003    0.011
     0.010    0.000    0.000    0.000    0.000    0.000    0.000    0.000
     0.005   -0.002   -0.007   -0.001    0.000    0.000    0.031   -0.026
     0.082   -0.432    0.123   -0.758   -0.023    0.266   -0.056    0.104
    -0.075   -0.159

 (  2)
    -0.001    0.000   -0.004    0.001    0.000   -0.003    0.000    0.000
     0.000   -0.058   -0.039   -0.027   -0.003    0.003   -0.003    0.000
     0.001    0.001    0.000   -0.003    0.002    0.016    0.004    0.042
    -0.015    0.005    0.019    0.012   -0.001    0.017    0.002   -0.001
     0.004    0.001    0.001    0.000    0.197   -0.020    0.358    0.487
     0.471   -0.028    0.014   -0.033    0.005    0.016    0.002    0.029
     0.004   -0.003   -0.006    0.000    0.000    0.000    0.015   -0.044
    -0.020    0.025    0.001    0.053   -0.028    0.380   -0.056   -0.182
     0.139    0.238

 (  3)
    -0.001    0.001   -0.003    0.000    0.000   -0.003    0.000    0.000
     0.000   -0.037   -0.024   -0.019   -0.003    0.003   -0.003   -0.001
     0.001    0.001    0.003   -0.007    0.002    0.013    0.003    0.032
    -0.013    0.004    0.016    0.010   -0.001    0.015    0.002   -0.001
     0.005    0.001    0.001    0.000    0.136   -0.014    0.249    0.301
     0.295   -0.019    0.014   -0.032    0.005    0.015    0.001    0.028
     0.008   -0.004   -0.012    0.000    0.000    0.000   -0.026    0.068
     0.029   -0.020   -0.008   -0.050    0.040   -0.579    0.082    0.293
    -0.222   -0.381

 (  4)
     0.001   -0.001    0.001   -0.001    0.001    0.011    0.011    0.005
     0.010   -0.005   -0.003   -0.002    0.049   -0.049    0.055   -0.001
     0.001    0.000   -0.007    0.015   -0.002   -0.009   -0.001   -0.014
     0.047   -0.016   -0.059   -0.043    0.005   -0.062   -0.054    0.010
    -0.124   -0.073   -0.068    0.000    0.017   -0.001    0.030    0.046
     0.045   -0.003   -0.261    0.598   -0.088   -0.312   -0.026   -0.563
     0.004   -0.001   -0.003    0.000    0.000    0.000   -0.001    0.001
     0.000    0.000    0.000    0.000    0.001   -0.010    0.001    0.006
    -0.004   -0.007

 (  5)
     0.034   -0.031    0.039   -0.001    0.005    0.048    0.032    0.015
     0.025   -0.004   -0.003    0.000   -0.009    0.009   -0.009   -0.001
     0.000    0.002   -0.174    0.389   -0.063   -0.228   -0.027   -0.402
     0.216   -0.070   -0.271   -0.213    0.015   -0.302   -0.151    0.033
    -0.291   -0.227   -0.210   -0.001    0.006   -0.001   -0.002    0.037
     0.036   -0.002    0.049   -0.113    0.017    0.054    0.003    0.088
     0.012   -0.004   -0.016    0.000    0.000    0.000    0.000    0.001
     0.000    0.001    0.000    0.001    0.000   -0.004    0.000    0.003
    -0.002   -0.004

 (  6)
     0.034   -0.032    0.040    0.001   -0.001   -0.018   -0.046   -0.022
    -0.036   -0.002   -0.002    0.001    0.007   -0.007    0.007    0.000
     0.000    0.000   -0.181    0.404   -0.066   -0.224   -0.023   -0.406
    -0.081    0.027    0.102    0.070   -0.016    0.106    0.215   -0.042
     0.420    0.331    0.306    0.002    0.002   -0.001   -0.010    0.026
     0.025   -0.002   -0.039    0.089   -0.013   -0.041   -0.002   -0.060
     0.001   -0.001   -0.002    0.000    0.000    0.000    0.000    0.000
     0.000    0.000    0.000    0.000    0.000   -0.003    0.000    0.002
    -0.002   -0.003

 (  7)
     0.014   -0.015    0.017    0.004   -0.008   -0.073    0.035    0.018
     0.026    0.001    0.000    0.002    0.000    0.002    0.001   -0.001
     0.000    0.001   -0.082    0.184   -0.030   -0.083   -0.004   -0.161
    -0.344    0.113    0.434    0.289   -0.019    0.425   -0.147    0.021
    -0.296   -0.257   -0.239   -0.001   -0.009    0.001   -0.022   -0.006
    -0.006    0.000    0.006   -0.014    0.002   -0.003   -0.001   -0.014
     0.010   -0.004   -0.013    0.000    0.000    0.000    0.000    0.000
     0.000    0.000    0.000    0.000    0.000    0.001    0.000   -0.001
     0.000    0.001

 (  8)
     0.002    0.009    0.012   -0.005    0.001   -0.002    0.000   -0.004
     0.007   -0.002    0.024   -0.043   -0.003   -0.016   -0.012    0.034
    -0.013   -0.045    0.039   -0.086    0.005   -0.072   -0.011   -0.128
     0.024   -0.007   -0.025    0.032   -0.003    0.044   -0.034    0.008
    -0.069    0.033    0.031   -0.004    0.242   -0.046    0.464   -0.215
    -0.220    0.026   -0.064    0.164   -0.018    0.090    0.017    0.158
    -0.389    0.140    0.514    0.000    0.000    0.001    0.002    0.000
     0.000   -0.009    0.002   -0.015    0.001   -0.008    0.002   -0.012
     0.009    0.016

 (  9)
    -0.001   -0.015   -0.014    0.002    0.001    0.000   -0.003   -0.008
     0.012   -0.001   -0.024    0.045   -0.004   -0.028   -0.023    0.023
    -0.005   -0.032   -0.070    0.159   -0.015    0.090    0.016    0.163
    -0.014    0.001    0.015   -0.012    0.001   -0.016   -0.058    0.015
    -0.121    0.085    0.077   -0.007   -0.244    0.040   -0.478    0.241
     0.236   -0.029   -0.119    0.293   -0.031    0.162    0.028    0.293
    -0.264    0.085    0.354    0.000    0.000    0.001   -0.001    0.001
     0.001    0.001   -0.001    0.001    0.000   -0.007    0.000    0.011
    -0.008   -0.014

 ( 10)
     0.003    0.018    0.014   -0.034    0.007   -0.005   -0.009   -0.026
     0.031    0.001    0.001   -0.005   -0.002   -0.027   -0.025   -0.019
     0.008    0.028    0.075   -0.187    0.023   -0.097   -0.018   -0.179
     0.184   -0.060   -0.209    0.197   -0.016    0.266   -0.159    0.041
    -0.334    0.260    0.250   -0.015    0.020   -0.001    0.042   -0.019
    -0.013    0.004   -0.123    0.284   -0.027    0.158    0.024    0.297
     0.234   -0.088   -0.319    0.000    0.000   -0.001    0.000   -0.001
     0.000    0.003   -0.001    0.006    0.000    0.008   -0.001    0.001
    -0.001   -0.002

 ( 11)
    -0.004   -0.026   -0.017    0.043   -0.008    0.004   -0.001    0.005
    -0.002    0.001    0.013   -0.020   -0.003   -0.031   -0.025   -0.015
     0.006    0.023   -0.103    0.259   -0.035    0.130    0.024    0.241
    -0.240    0.073    0.276   -0.241    0.020   -0.324    0.018   -0.004
     0.037   -0.020   -0.031   -0.002    0.114   -0.019    0.226   -0.129
    -0.130    0.011   -0.138    0.330   -0.037    0.172    0.027    0.321
     0.183   -0.068   -0.252    0.000    0.000   -0.001    0.001   -0.001
     0.000    0.000    0.000    0.000    0.000    0.003    0.000   -0.006
     0.004    0.007

 ( 12)
     0.002    0.040    0.028    0.009   -0.005    0.001    0.011    0.031
    -0.032    0.000   -0.009    0.010   -0.003   -0.023   -0.016   -0.002
     0.002    0.003    0.179   -0.421    0.055   -0.201   -0.039   -0.372
    -0.052    0.027    0.063   -0.052    0.005   -0.069    0.172   -0.046
     0.363   -0.309   -0.299    0.011   -0.064    0.012   -0.125    0.076
     0.082   -0.004   -0.098    0.243   -0.031    0.121    0.020    0.224
     0.027   -0.014   -0.038    0.000    0.000    0.000   -0.001    0.000
     0.000    0.004   -0.001    0.006   -0.001    0.007   -0.001    0.008
    -0.005   -0.010

 ( 13)
     0.001   -0.028   -0.020   -0.048    0.010   -0.001    0.012    0.025
    -0.028    0.000    0.005   -0.006   -0.002   -0.012   -0.008   -0.002
     0.001    0.004   -0.133    0.301   -0.039    0.141    0.027    0.262
     0.289   -0.092   -0.343    0.269   -0.022    0.359    0.147   -0.040
     0.312   -0.278   -0.259    0.010    0.038   -0.007    0.075   -0.047
    -0.050    0.002   -0.051    0.129   -0.018    0.063    0.011    0.116
     0.030   -0.012   -0.043    0.000    0.000    0.000    0.001    0.000
     0.000   -0.002    0.001   -0.004    0.000   -0.006    0.001   -0.006
     0.004    0.008

 ( 14)
     0.000    0.001    0.000    0.000    0.000    0.000    0.000    0.000
     0.000   -0.001   -0.002    0.001    0.000    0.000    0.000    0.000
     0.001    0.001    0.004   -0.009    0.001   -0.004   -0.001   -0.008
    -0.002    0.001    0.003   -0.002    0.000   -0.003    0.000    0.000
    -0.001    0.001    0.001    0.000   -0.007    0.002   -0.014    0.020
     0.023   -0.003   -0.001    0.001    0.000    0.001    0.000    0.002
     0.009   -0.003   -0.012   -0.004   -0.002    0.000    0.052    0.025
    -0.026   -0.189    0.042   -0.298    0.023   -0.576    0.095   -0.392
     0.267    0.500

 ( 15)
    -0.004   -0.005    0.002    0.002    0.001    0.000    0.001    0.003
    -0.001   -0.014    0.037   -0.024   -0.023   -0.016   -0.011    0.114
    -0.027    0.085    0.026    0.003   -0.019   -0.005    0.006    0.001
    -0.001   -0.002   -0.002    0.000   -0.003    0.002   -0.009    0.002
     0.004    0.013   -0.009   -0.009   -0.108   -0.091    0.003    0.144
    -0.103    0.127    0.114    0.043    0.031   -0.044    0.029   -0.011
    -0.438    0.091   -0.358   -0.069   -0.004   -0.022    0.071    0.038
    -0.001   -0.055   -0.180    0.050   -0.271    0.020   -0.074   -0.027
    -0.115   -0.006

 ( 16)
     0.013    0.000   -0.010   -0.002   -0.009    0.002   -0.004    0.010
     0.002   -0.019   -0.001    0.011   -0.014   -0.018   -0.014    0.063
    -0.009    0.047   -0.008   -0.005    0.038   -0.043    0.017    0.018
    -0.004    0.008   -0.005    0.000    0.019    0.003   -0.007   -0.018
     0.000    0.024   -0.018   -0.005    0.106    0.130   -0.043   -0.041
     0.006   -0.151    0.097    0.035    0.066   -0.047    0.071   -0.010
    -0.284    0.015   -0.218    0.007    0.020   -0.019   -0.107   -0.052
     0.001    0.363    0.278   -0.238    0.307   -0.017    0.169    0.248
     0.114    0.205

 ( 17)
    -0.045   -0.006    0.032    0.015    0.018   -0.006   -0.007   -0.008
     0.007    0.034    0.042   -0.058    0.019    0.012   -0.005   -0.028
    -0.020   -0.015    0.074    0.026   -0.127    0.110   -0.030   -0.048
    -0.005   -0.024   -0.016   -0.023   -0.038    0.020    0.038    0.030
    -0.009   -0.017   -0.004   -0.035   -0.365   -0.389    0.101    0.208
    -0.070    0.466   -0.053   -0.015    0.013   -0.019   -0.012    0.021
     0.071    0.070    0.032    0.026    0.014    0.006   -0.060   -0.018
     0.006    0.202   -0.070   -0.163    0.013   -0.035   -0.077    0.219
     0.097    0.175

 ( 18)
    -0.026    0.017    0.024    0.026   -0.032   -0.007   -0.074    0.041
     0.062    0.032   -0.031   -0.017    0.063   -0.040   -0.071   -0.015
     0.020    0.007    0.001    0.014   -0.129    0.095   -0.106   -0.028
    -0.036    0.021   -0.084   -0.072    0.081    0.075    0.280    0.012
    -0.107    0.051   -0.115   -0.269   -0.061    0.090    0.042   -0.076
     0.084    0.020    0.048   -0.005    0.402   -0.278    0.324    0.076
    -0.041   -0.071    0.019   -0.002   -0.005    0.000    0.015    0.001
    -0.002   -0.074    0.062    0.061    0.030    0.011    0.045   -0.086
    -0.023   -0.071

 ( 19)
     0.035    0.012   -0.023   -0.013   -0.028    0.004   -0.016    0.017
     0.013   -0.019   -0.011    0.032    0.017   -0.009   -0.014   -0.020
     0.014   -0.020   -0.067   -0.020    0.066   -0.078   -0.009    0.041
     0.023    0.031    0.020    0.035    0.060   -0.027    0.057   -0.024
    -0.026    0.016   -0.020   -0.043    0.159    0.091   -0.045   -0.054
    -0.006   -0.155   -0.005   -0.010    0.083   -0.048    0.075    0.014
     0.044   -0.076    0.050    0.005    0.011    0.015   -0.013    0.026
     0.012    0.171   -0.530   -0.182   -0.324   -0.042   -0.356    0.343
     0.069    0.276

 ( 20)
    -0.021   -0.068   -0.019    0.015    0.105   -0.009   -0.001   -0.077
     0.031   -0.017    0.019    0.017    0.023    0.013   -0.016   -0.002
    -0.014    0.002    0.172    0.038    0.272   -0.072    0.346   -0.038
    -0.033   -0.249    0.048   -0.022   -0.223   -0.002    0.221    0.335
    -0.018   -0.186    0.084   -0.308    0.080   -0.004   -0.034    0.041
    -0.051   -0.105   -0.083   -0.019    0.082   -0.059   -0.009    0.030
    -0.002    0.010   -0.003   -0.001    0.001    0.000    0.001    0.001
     0.001    0.001   -0.011   -0.001   -0.006   -0.001   -0.008    0.004
     0.002    0.003

 ( 21)
    -0.049   -0.052    0.002    0.084   -0.006   -0.008   -0.018    0.050
    -0.010    0.008   -0.004   -0.001    0.005    0.002    0.001   -0.005
     0.001    0.001    0.255    0.096    0.187   -0.006    0.306   -0.061
    -0.294    0.005   -0.350   -0.340    0.074    0.320   -0.119   -0.233
     0.000    0.172   -0.136    0.185    0.012    0.050    0.002    0.001
     0.000   -0.060   -0.009   -0.012   -0.066    0.006   -0.056    0.006
     0.007    0.001    0.011    0.001    0.000    0.001    0.001    0.003
     0.001    0.006   -0.050   -0.009   -0.031   -0.003   -0.034    0.022
     0.005    0.017

 ( 22)
    -0.074    0.008    0.064    0.024    0.048   -0.009    0.015   -0.038
    -0.002    0.070   -0.076   -0.032   -0.004    0.023    0.016    0.005
     0.022    0.027   -0.001    0.000   -0.282    0.263   -0.192   -0.098
    -0.038   -0.047   -0.039   -0.080   -0.104    0.059    0.023    0.133
     0.016   -0.075    0.051   -0.059   -0.047    0.361    0.067   -0.205
     0.199   -0.109   -0.125   -0.048   -0.190    0.075   -0.241   -0.004
    -0.122    0.028   -0.058   -0.013    0.002   -0.004    0.002    0.008
     0.001    0.068   -0.096   -0.053   -0.079    0.002   -0.036    0.083
    -0.021    0.081

 ( 23)
     0.040    0.020   -0.018    0.000   -0.058    0.003   -0.052    0.032
     0.041   -0.031    0.034    0.012    0.089    0.066   -0.018   -0.008
    -0.056    0.028   -0.062   -0.022   -0.012   -0.082   -0.077    0.058
    -0.029    0.069   -0.057   -0.031    0.149    0.039    0.223   -0.002
    -0.094   -0.005   -0.029   -0.157    0.074   -0.065   -0.054    0.035
    -0.035   -0.023   -0.334   -0.137   -0.262   -0.092   -0.478    0.129
    -0.057    0.115   -0.045   -0.007    0.003   -0.008    0.002   -0.002
    -0.001    0.020    0.061   -0.001    0.007    0.007    0.060   -0.022
    -0.035   -0.003

 ( 24)
    -0.033   -0.020   -0.001   -0.032    0.006   -0.010   -0.023    0.031
    -0.006    0.044   -0.040   -0.027    0.060    0.018   -0.033   -0.019
     0.003    0.021    0.139    0.086    0.212   -0.014    0.279   -0.041
     0.279   -0.035    0.261    0.286   -0.082   -0.252   -0.124   -0.256
     0.008    0.099   -0.094    0.233   -0.136    0.134    0.081   -0.095
     0.109    0.050   -0.149   -0.059    0.057   -0.174   -0.076    0.103
    -0.042    0.014    0.014   -0.007    0.000   -0.009    0.010    0.009
    -0.006    0.082    0.033   -0.045   -0.106    0.026    0.126   -0.006
    -0.160    0.070

 ( 25)
     0.014    0.006   -0.005    0.007   -0.004    0.004    0.009   -0.010
     0.000   -0.009    0.005    0.010   -0.019   -0.009    0.012   -0.012
     0.012   -0.016   -0.043   -0.021   -0.020   -0.016   -0.052    0.016
    -0.082    0.015   -0.075   -0.079    0.032    0.070    0.031    0.074
     0.000   -0.030    0.032   -0.064    0.020   -0.049   -0.008    0.018
    -0.026    0.015    0.050    0.019    0.005    0.057    0.060   -0.034
     0.152   -0.055    0.123   -0.010   -0.001   -0.021    0.025    0.027
    -0.024    0.290    0.135   -0.165   -0.355    0.089    0.451   -0.031
    -0.557    0.244

 ( 26)
     0.004    0.011   -0.026   -0.017   -0.080    0.007   -0.004    0.022
     0.025    0.043   -0.057   -0.032   -0.061   -0.029    0.040    0.016
     0.057   -0.004    0.070    0.090    0.280   -0.135    0.236    0.028
     0.051    0.179   -0.006    0.061    0.229   -0.032    0.227    0.137
    -0.072   -0.022    0.043   -0.299   -0.231    0.090    0.124   -0.084
     0.084    0.182    0.108    0.006   -0.223    0.241   -0.060   -0.123
    -0.042   -0.095   -0.008   -0.001   -0.004    0.003   -0.003   -0.002
     0.000   -0.009    0.002    0.003    0.030   -0.003   -0.017    0.011
     0.031   -0.007

 ( 27)
     0.067    0.033   -0.043   -0.009   -0.004    0.020    0.052   -0.066
    -0.034    0.029   -0.047   -0.027    0.042    0.026   -0.032   -0.014
     0.004    0.020   -0.220   -0.052    0.204   -0.235   -0.017    0.127
    -0.201    0.053   -0.144   -0.155    0.068    0.129   -0.201    0.154
     0.114   -0.192    0.194    0.170   -0.192    0.074    0.098   -0.133
     0.129    0.196   -0.168   -0.026    0.214   -0.186    0.029    0.092
    -0.084    0.019   -0.026   -0.003    0.000   -0.001    0.001   -0.001
     0.001   -0.009   -0.002    0.007    0.012   -0.002   -0.012    0.003
     0.019   -0.008

 ( 28)
    -0.056   -0.010    0.032   -0.017   -0.087    0.007    0.043   -0.031
    -0.025    0.004    0.029   -0.006    0.002    0.025    0.003   -0.020
    -0.089    0.008    0.279    0.126   -0.063    0.131    0.133   -0.081
     0.082    0.358   -0.030    0.059    0.257   -0.028   -0.050    0.175
     0.042   -0.186    0.218    0.012    0.106    0.035   -0.063   -0.018
     0.051   -0.141    0.062    0.075    0.133   -0.074    0.106    0.043
     0.116    0.356   -0.008    0.001    0.005   -0.005    0.002    0.001
     0.003    0.008   -0.019   -0.004   -0.023   -0.002   -0.008   -0.006
    -0.010    0.003

 ( 29)
    -0.038   -0.013    0.018   -0.008   -0.038    0.003    0.028   -0.028
    -0.011   -0.025    0.011    0.030    0.028   -0.005   -0.029    0.024
     0.114   -0.014    0.154    0.056   -0.086    0.147    0.042   -0.089
     0.042    0.187   -0.016    0.031    0.148   -0.015   -0.109    0.105
     0.072   -0.113    0.124    0.068    0.068   -0.110   -0.024    0.172
    -0.199   -0.048   -0.252   -0.116    0.057   -0.064   -0.087    0.022
    -0.178   -0.570    0.015   -0.001   -0.006    0.008   -0.001    0.000
    -0.004   -0.013    0.028    0.006    0.024    0.004    0.018    0.006
     0.003   -0.001

 ( 30)
    -0.008   -0.008   -0.018    0.011   -0.001    0.014   -0.003    0.005
    -0.018   -0.018    0.009   -0.001   -0.018   -0.006   -0.007    0.051
     0.006    0.072    0.027    0.002   -0.053   -0.089   -0.068    0.026
    -0.005    0.003    0.001    0.038    0.002   -0.001   -0.076    0.117
     0.024    0.026   -0.027   -0.050   -0.244    0.291    0.140    0.200
    -0.222   -0.091    0.237    0.089   -0.120   -0.351   -0.147    0.184
     0.322   -0.092    0.308   -0.017    0.000   -0.061   -0.004   -0.005
     0.025    0.103    0.019   -0.028    0.010   -0.030   -0.122   -0.061
     0.060   -0.050

 ( 31)
     0.018    0.015    0.040   -0.002   -0.009    0.001   -0.013    0.013
    -0.044   -0.003   -0.004   -0.013    0.005   -0.003    0.013    0.000
     0.007   -0.002    0.084    0.038    0.013   -0.068    0.042    0.097
     0.076    0.370   -0.035   -0.111   -0.532    0.050    0.077   -0.007
    -0.103   -0.074    0.076   -0.014    0.186   -0.199   -0.130   -0.190
     0.196    0.139    0.266    0.082   -0.177   -0.272   -0.077    0.172
    -0.043   -0.176    0.014   -0.001   -0.004    0.003    0.002    0.004
    -0.003   -0.011   -0.020    0.001    0.018    0.008    0.006    0.014
    -0.005    0.012

 ( 32)
    -0.005    0.001   -0.001    0.040   -0.005    0.036   -0.006    0.003
    -0.001   -0.007    0.008   -0.020   -0.010   -0.008   -0.020   -0.011
    -0.001   -0.012    0.350    0.128   -0.190   -0.399   -0.150    0.227
     0.047   -0.011    0.045    0.100   -0.014    0.007   -0.321    0.357
     0.193    0.277   -0.302   -0.161    0.040   -0.030   -0.054   -0.101
     0.109    0.023   -0.105   -0.043    0.018    0.025   -0.016   -0.045
    -0.039    0.005   -0.035    0.011    0.000    0.014   -0.002    0.003
    -0.007   -0.039   -0.026    0.007   -0.001    0.009    0.029    0.012
    -0.026    0.018

 ( 33)
     0.007    0.000   -0.018   -0.002   -0.010    0.001   -0.007    0.006
     0.015   -0.009    0.013    0.001    0.015    0.008   -0.002   -0.006
    -0.015    0.000    0.296    0.101   -0.192   -0.108   -0.053    0.046
    -0.109   -0.517    0.048    0.066    0.316   -0.030    0.080   -0.098
    -0.036   -0.233    0.250    0.163    0.051   -0.076   -0.040   -0.194
     0.211    0.104    0.278    0.101   -0.145   -0.097   -0.031    0.063
    -0.048   -0.209    0.019    0.000   -0.002    0.003    0.002    0.005
    -0.002   -0.014   -0.025    0.002    0.019    0.009    0.007    0.011
    -0.009    0.012

 ( 34)
     0.000   -0.002    0.005    0.001   -0.005    0.002    0.000   -0.002
    -0.004   -0.012    0.008   -0.021    0.011    0.004    0.019    0.005
     0.010    0.002    0.290    0.095   -0.188   -0.383   -0.128    0.226
     0.024    0.103   -0.008   -0.050   -0.261    0.024    0.267   -0.279
    -0.166   -0.193    0.204    0.138   -0.159    0.217    0.066    0.135
    -0.151   -0.104   -0.198   -0.070    0.137    0.238    0.114   -0.108
     0.020    0.035    0.006   -0.003   -0.003   -0.003    0.000    0.000
     0.002    0.017    0.012   -0.005    0.003   -0.002   -0.009   -0.005
     0.005   -0.005

 ( 35)
    -0.019   -0.007   -0.020    0.013   -0.001    0.014   -0.015    0.008
    -0.021    0.014   -0.004    0.011    0.015    0.002    0.012   -0.026
    -0.002   -0.067   -0.052   -0.015    0.021   -0.055   -0.067   -0.001
    -0.012    0.010   -0.007    0.040   -0.007   -0.003   -0.007    0.061
    -0.025   -0.040    0.033    0.020   -0.179    0.157    0.127    0.204
    -0.210   -0.161    0.213    0.066   -0.151   -0.202   -0.025    0.136
    -0.152    0.076   -0.190    0.058    0.006    0.094   -0.027    0.000
    -0.071   -0.326   -0.100    0.071   -0.003    0.053    0.244    0.171
    -0.090    0.121

 ( 36)
     0.000    0.002   -0.003    0.003   -0.006    0.003   -0.008    0.006
     0.004    0.005   -0.002    0.008    0.011    0.004   -0.009   -0.020
    -0.013   -0.007    0.012    0.008    0.004   -0.002   -0.010   -0.001
     0.005    0.001    0.002   -0.001   -0.040    0.005   -0.027    0.034
     0.016   -0.018    0.017    0.012    0.000    0.031    0.015    0.001
    -0.001   -0.004    0.057    0.020   -0.041    0.037    0.018   -0.025
    -0.056   -0.066   -0.020    0.020    0.067    0.000    0.023   -0.121
     0.009    0.004    0.346    0.100   -0.632   -0.177    0.039    0.125
     0.310   -0.162

 ( 37)
    -0.001   -0.002   -0.007    0.006   -0.007    0.001   -0.019    0.010
     0.018    0.003    0.017    0.008    0.030    0.016   -0.032   -0.029
    -0.049   -0.005   -0.040   -0.015    0.021    0.018   -0.004   -0.018
     0.024    0.052    0.000   -0.014   -0.079    0.012   -0.063    0.065
     0.046   -0.037    0.030    0.029   -0.083    0.081    0.060    0.022
    -0.005   -0.046    0.128    0.054   -0.071    0.128    0.026   -0.090
    -0.206   -0.160   -0.109    0.104    0.033   -0.014   -0.080    0.003
     0.077    0.122   -0.114   -0.052   -0.060   -0.042   -0.200   -0.502
    -0.253   -0.082

 ( 38)
    -0.031    0.009    0.031    0.010    0.010    0.002    0.013   -0.004
    -0.030    0.035   -0.068   -0.037   -0.033   -0.039    0.044    0.011
     0.110   -0.029   -0.010    0.019    0.040   -0.149   -0.051    0.102
    -0.020   -0.124    0.014    0.044    0.154   -0.013    0.082   -0.061
    -0.073   -0.020    0.031    0.000    0.229   -0.178   -0.150    0.107
    -0.146   -0.031   -0.075   -0.068   -0.025   -0.267   -0.036    0.175
    -0.019    0.354   -0.118    0.034    0.007    0.002   -0.025   -0.014
     0.044    0.140    0.045   -0.037   -0.111   -0.049   -0.124   -0.228
    -0.055   -0.079

 ( 39)
    -0.048   -0.006   -0.025    0.049   -0.005    0.036   -0.050    0.017
    -0.020    0.046   -0.008    0.022    0.066    0.009    0.017   -0.070
    -0.009   -0.052   -0.087    0.001    0.124   -0.072   -0.145   -0.007
    -0.001    0.024   -0.011    0.118   -0.030   -0.007   -0.029    0.188
    -0.017   -0.061    0.029    0.132   -0.044   -0.108    0.067    0.083
    -0.056   -0.169    0.131    0.010   -0.166    0.086    0.153    0.002
    -0.108   -0.020   -0.078   -0.085   -0.040    0.009    0.082    0.030
     0.040    0.325    0.152   -0.069    0.120    0.011   -0.117    0.006
     0.093   -0.054

 ( 40)
    -0.061   -0.058    0.019    0.022    0.109   -0.012    0.034   -0.078
     0.000    0.019    0.026   -0.023   -0.006    0.035    0.011   -0.011
    -0.038    0.009   -0.174   -0.110    0.006   -0.262   -0.068    0.128
     0.071    0.318   -0.028    0.074    0.385   -0.034    0.196   -0.190
    -0.090    0.110   -0.161    0.018    0.012   -0.061   -0.028   -0.055
     0.100   -0.063    0.102    0.086    0.039   -0.022   -0.046    0.026
    -0.048   -0.226    0.031    0.004    0.005   -0.003    0.000   -0.004
     0.000   -0.018   -0.004    0.010   -0.020   -0.004    0.010    0.011
     0.007    0.001

 ( 41)
     0.025   -0.008   -0.091   -0.014    0.013    0.058    0.023   -0.025
    -0.087   -0.025    0.030    0.079   -0.029    0.002    0.078    0.020
    -0.012   -0.044    0.183    0.064   -0.079    0.169   -0.071   -0.175
    -0.189    0.051   -0.090    0.163   -0.031   -0.066    0.182   -0.043
    -0.175    0.145   -0.156   -0.053   -0.158    0.036    0.157   -0.150
     0.158    0.059   -0.173   -0.061    0.079   -0.144    0.048    0.145
    -0.048   -0.019   -0.095    0.004    0.004    0.014   -0.001   -0.003
     0.023    0.089    0.027   -0.021   -0.038   -0.018   -0.055   -0.092
    -0.013   -0.038

 ( 42)
     0.069   -0.004    0.037   -0.077    0.011   -0.071    0.057   -0.021
     0.040   -0.019    0.004   -0.001   -0.004    0.012    0.000   -0.041
    -0.006   -0.083    0.084   -0.041   -0.232   -0.007    0.223    0.068
     0.082    0.000    0.059   -0.255    0.062    0.047   -0.095   -0.153
     0.107    0.091   -0.057   -0.205   -0.112    0.160    0.058    0.044
    -0.061    0.005    0.088    0.051   -0.019   -0.128   -0.063    0.072
    -0.084    0.003   -0.121   -0.025   -0.028    0.056    0.053    0.017
     0.033    0.245    0.124   -0.053    0.021   -0.003   -0.085   -0.045
     0.039   -0.053

 ( 43)
     0.046   -0.018    0.068    0.000   -0.003    0.004   -0.055   -0.013
    -0.068   -0.057    0.002   -0.072    0.055   -0.006    0.072   -0.001
    -0.014    0.006   -0.106   -0.125   -0.175    0.031    0.299    0.060
    -0.021   -0.049   -0.001    0.037    0.116   -0.015    0.102    0.275
    -0.123    0.056   -0.132    0.213    0.078    0.265   -0.132    0.035
    -0.077    0.198   -0.071   -0.095   -0.161    0.049    0.288    0.066
    -0.014   -0.075    0.013    0.004   -0.003   -0.003   -0.007   -0.002
    -0.002   -0.018   -0.003    0.004   -0.005   -0.001    0.005    0.000
    -0.003    0.004

 ( 44)
    -0.006    0.083   -0.015    0.015    0.002   -0.001   -0.041   -0.079
     0.011   -0.056   -0.083   -0.004   -0.014    0.094   -0.031    0.011
    -0.004   -0.030    0.148    0.180    0.142    0.095   -0.113   -0.057
     0.006    0.018   -0.014    0.022   -0.001   -0.005    0.121    0.043
    -0.057    0.058   -0.190    0.185    0.148    0.140   -0.098    0.076
    -0.209    0.269    0.179    0.216    0.202    0.086   -0.196   -0.071
     0.022    0.002   -0.026   -0.002   -0.011    0.023    0.009    0.007
     0.003    0.051    0.034   -0.016    0.013    0.004   -0.018   -0.009
     0.006   -0.010

 ( 45)
    -0.006    0.061    0.051   -0.063   -0.045    0.045    0.068    0.018
    -0.062    0.067    0.003   -0.068   -0.013    0.059    0.035   -0.072
    -0.049    0.044   -0.001    0.074    0.107    0.009    0.033    0.047
    -0.246   -0.228   -0.051    0.071   -0.097   -0.052    0.035   -0.076
    -0.057    0.148   -0.064   -0.221    0.066   -0.047   -0.073    0.171
    -0.107   -0.188    0.000    0.081    0.129    0.017   -0.004    0.023
    -0.130   -0.235    0.054    0.000    0.003   -0.019    0.006    0.003
    -0.001   -0.030   -0.009    0.018    0.026    0.007    0.017    0.031
     0.002    0.019

 ( 46)
     0.047   -0.038   -0.029   -0.075    0.061    0.078    0.006   -0.024
     0.042    0.003   -0.039    0.001    0.055   -0.036   -0.064   -0.071
     0.061    0.057    0.133   -0.028   -0.192    0.056    0.077   -0.042
    -0.334    0.215   -0.164    0.205   -0.010   -0.121   -0.013   -0.093
     0.047    0.016   -0.035   -0.010    0.072   -0.018   -0.034    0.055
    -0.091    0.060    0.181    0.002   -0.164    0.088   -0.001   -0.086
    -0.063    0.192    0.033    0.000   -0.003   -0.020    0.000    0.002
    -0.005   -0.033   -0.008    0.012    0.017    0.005    0.010    0.027
     0.000    0.016

 ( 47)
    -0.023   -0.071    0.022    0.061   -0.014    0.069    0.006    0.080
    -0.004   -0.038    0.019   -0.051   -0.051    0.011   -0.045    0.023
    -0.014   -0.051   -0.198   -0.167   -0.083   -0.034    0.112    0.015
    -0.168    0.001   -0.118    0.310   -0.084   -0.105   -0.057   -0.056
     0.013   -0.098    0.195   -0.112    0.060    0.180   -0.096   -0.034
     0.026    0.162   -0.021    0.064    0.226   -0.002   -0.245   -0.061
     0.048   -0.035   -0.030    0.005   -0.018    0.055    0.025    0.008
     0.010    0.112    0.060   -0.029   -0.009   -0.001   -0.032   -0.019
     0.016   -0.028

 ( 48)
    -0.054    0.015   -0.035    0.023    0.036   -0.006    0.068    0.024
     0.022   -0.069   -0.018   -0.025    0.048   -0.023    0.038   -0.017
    -0.043    0.004    0.050    0.104    0.229    0.034   -0.270   -0.066
     0.035    0.044    0.001    0.015    0.023   -0.001   -0.152   -0.224
     0.109   -0.024    0.126   -0.299    0.153    0.237   -0.127    0.024
    -0.096    0.315   -0.078   -0.117   -0.229   -0.049    0.273    0.077
    -0.025   -0.061    0.003   -0.001    0.001   -0.001    0.002    0.004
     0.000   -0.002    0.002    0.002    0.018    0.005    0.003    0.006
     0.001    0.005

 ( 49)
     0.028   -0.087   -0.038    0.077   -0.021   -0.040    0.040    0.056
    -0.053   -0.032   -0.074    0.062   -0.015    0.081    0.032   -0.104
     0.037    0.072   -0.004   -0.127   -0.170   -0.008    0.013   -0.025
     0.227   -0.033    0.077   -0.046    0.016    0.048    0.023    0.040
    -0.047    0.033    0.069   -0.105    0.010   -0.057    0.042   -0.006
    -0.103    0.131    0.046    0.127    0.140    0.029   -0.007    0.014
    -0.174    0.068    0.020   -0.001    0.006   -0.038   -0.003    0.001
     0.000   -0.057   -0.021    0.027    0.025    0.005    0.017    0.029
    -0.006    0.027

 ( 50)
     0.011   -0.032   -0.038   -0.030    0.006   -0.002    0.021    0.018
    -0.039    0.001    0.096   -0.060   -0.035   -0.095   -0.038   -0.086
     0.025    0.063    0.072    0.029    0.185    0.094   -0.229   -0.070
     0.125   -0.012    0.129   -0.177    0.046    0.104    0.167    0.154
    -0.098    0.060   -0.022    0.185    0.065    0.176   -0.089    0.041
     0.065    0.064    0.024   -0.055    0.078   -0.006   -0.200   -0.048
    -0.091    0.037    0.057    0.032   -0.026    0.047    0.035    0.011
     0.010    0.077    0.058   -0.004    0.002    0.003   -0.019    0.024
     0.013    0.001

 ( 51)
     0.017    0.090    0.007    0.115   -0.027   -0.054   -0.018   -0.084
     0.022   -0.067    0.033   -0.023   -0.067   -0.019   -0.014   -0.069
     0.021    0.064   -0.054    0.053   -0.030    0.035    0.141   -0.007
    -0.011   -0.011   -0.160    0.220   -0.056   -0.130   -0.029   -0.139
     0.020   -0.072   -0.027   -0.025   -0.152   -0.060    0.014   -0.072
     0.030   -0.160   -0.079   -0.041   -0.137   -0.103    0.093   -0.002
    -0.101    0.035    0.037    0.047   -0.018    0.016    0.050    0.005
     0.021    0.053    0.026    0.024    0.023    0.002    0.008    0.060
     0.013    0.024

 ( 52)
    -0.030    0.066    0.040    0.008    0.036    0.002    0.037    0.031
    -0.044   -0.005   -0.063    0.089   -0.033   -0.114   -0.067   -0.033
    -0.088   -0.027   -0.039    0.043   -0.081   -0.089    0.153    0.067
     0.002   -0.007    0.009    0.007    0.052    0.004    0.119    0.076
    -0.081    0.027    0.041    0.083    0.031    0.007    0.075    0.044
    -0.112    0.127   -0.055   -0.118   -0.022   -0.046   -0.130   -0.059
    -0.020   -0.049   -0.026   -0.002    0.087   -0.029    0.046    0.021
     0.026    0.004   -0.052    0.038    0.130    0.033    0.066    0.045
     0.009    0.032

 ( 53)
    -0.009   -0.005    0.048   -0.037    0.036   -0.031    0.073    0.081
    -0.025   -0.104   -0.077   -0.015    0.020    0.032   -0.060    0.042
    -0.012    0.040    0.049    0.030    0.110    0.029   -0.099    0.032
    -0.074    0.003   -0.053    0.010    0.032   -0.063    0.150    0.172
    -0.055    0.120    0.032    0.090   -0.229   -0.232    0.041   -0.169
    -0.022   -0.207   -0.034    0.001   -0.116    0.011    0.123   -0.060
     0.064    0.017    0.049    0.017   -0.039    0.069    0.000   -0.010
    -0.018    0.078    0.012   -0.058   -0.055   -0.013   -0.022   -0.045
     0.008   -0.062

 ( 54)
     0.031   -0.102   -0.006   -0.039   -0.036   -0.023   -0.025   -0.007
     0.062    0.042   -0.027   -0.026   -0.109    0.069   -0.034    0.007
    -0.023   -0.010    0.081   -0.068    0.074    0.037   -0.190   -0.003
    -0.070    0.011   -0.060    0.009   -0.060   -0.057    0.061    0.057
     0.024    0.001   -0.035    0.147    0.064    0.009   -0.035    0.053
    -0.035    0.028   -0.197    0.007   -0.206   -0.187    0.248   -0.001
     0.006   -0.069    0.002    0.018    0.086    0.003    0.062    0.022
     0.030    0.050   -0.047    0.027    0.127    0.034    0.072    0.041
     0.019    0.017

 ( 55)
    -0.005   -0.018    0.024   -0.040    0.023    0.010   -0.038    0.021
    -0.003   -0.088   -0.007   -0.055    0.030   -0.007    0.049    0.000
     0.029   -0.059    0.030    0.012    0.111    0.054   -0.104   -0.005
    -0.031    0.025    0.017   -0.039    0.044    0.012   -0.086    0.012
     0.021   -0.040    0.024   -0.042   -0.176   -0.058   -0.011   -0.113
     0.016   -0.136    0.077    0.030    0.158    0.054   -0.138    0.042
    -0.034    0.038   -0.086    0.050    0.010   -0.091    0.080   -0.034
     0.107   -0.047   -0.129    0.164    0.123   -0.019    0.176    0.156
     0.005    0.144

 ( 56)
     0.061   -0.023    0.071    0.044   -0.012   -0.100    0.059    0.013
     0.052    0.000    0.038    0.006    0.024   -0.038    0.037   -0.037
     0.017   -0.043    0.099    0.015    0.198    0.069   -0.172    0.075
    -0.111    0.006   -0.228    0.211   -0.049   -0.217    0.085    0.125
     0.049    0.077   -0.006    0.144   -0.035    0.089    0.029    0.015
     0.024    0.015    0.077   -0.005    0.103    0.000   -0.132    0.056
    -0.029    0.017   -0.035   -0.082    0.033   -0.024   -0.065   -0.022
    -0.005   -0.074   -0.082   -0.011   -0.018   -0.012    0.036   -0.085
    -0.020   -0.021

 ( 57)
     0.038   -0.008   -0.005    0.028    0.003    0.035   -0.031   -0.035
    -0.047   -0.019   -0.013   -0.048    0.027   -0.017    0.002   -0.001
     0.012    0.023    0.042   -0.002    0.020    0.079   -0.017   -0.027
     0.085   -0.004    0.081   -0.028    0.053    0.075   -0.093   -0.127
    -0.024   -0.063    0.000   -0.146   -0.060   -0.067   -0.029   -0.021
    -0.012   -0.104    0.052   -0.001    0.036    0.070   -0.049   -0.021
     0.037   -0.006    0.056   -0.051    0.102    0.064    0.011   -0.040
    -0.026    0.183   -0.370   -0.176    0.092    0.018    0.294   -0.196
     0.119   -0.269

 ( 58)
     0.082   -0.039    0.074    0.007    0.035   -0.008   -0.093   -0.015
    -0.068    0.002   -0.037    0.006   -0.004   -0.031    0.012    0.003
    -0.032    0.017    0.157    0.011    0.172    0.115   -0.167    0.062
     0.003    0.036   -0.011    0.032    0.130   -0.020   -0.185   -0.114
    -0.030   -0.144    0.041   -0.187   -0.062   -0.058    0.040   -0.008
    -0.032   -0.060   -0.008   -0.024    0.071    0.056   -0.071   -0.020
     0.009   -0.039    0.023    0.011    0.035    0.017   -0.007    0.075
    -0.044   -0.061    0.327    0.028   -0.027    0.031   -0.313    0.060
    -0.101    0.105

 ( 59)
     0.040    0.007   -0.019    0.062   -0.011    0.089    0.064   -0.021
     0.004   -0.021   -0.004   -0.070    0.000    0.010   -0.061   -0.002
     0.009   -0.041    0.010   -0.007   -0.020    0.099    0.049   -0.054
     0.150   -0.023    0.161   -0.036    0.001    0.156    0.116   -0.060
    -0.026    0.059   -0.016    0.024   -0.070   -0.041   -0.045   -0.029
     0.001   -0.129   -0.001    0.000   -0.123   -0.041    0.060   -0.040
     0.046    0.004   -0.003   -0.082    0.042    0.012   -0.048   -0.030
     0.070   -0.192    0.147    0.179    0.028   -0.063   -0.177    0.042
    -0.233    0.251

 ( 60)
    -0.065    0.002   -0.001   -0.039   -0.027   -0.035   -0.002   -0.008
    -0.006   -0.020    0.032    0.029    0.031    0.014    0.019    0.004
     0.042    0.028   -0.086   -0.010   -0.012   -0.095    0.014    0.016
    -0.075   -0.042   -0.059   -0.009   -0.050   -0.057   -0.021    0.017
     0.006    0.021   -0.032   -0.018    0.013    0.037    0.011   -0.031
     0.047    0.073    0.056    0.027    0.036    0.052   -0.010    0.008
     0.014    0.057    0.032   -0.002    0.075    0.036    0.082   -0.117
    -0.063    0.026    0.045   -0.004    0.239   -0.148   -0.341    0.048
    -0.402    0.072

 ( 61)
    -0.061   -0.005    0.041   -0.068    0.005    0.061   -0.078   -0.001
     0.037   -0.092   -0.006    0.014   -0.108   -0.003    0.010   -0.101
    -0.012   -0.011   -0.056    0.001    0.059   -0.036   -0.016    0.028
    -0.045    0.005    0.079   -0.091    0.017    0.077   -0.054   -0.013
     0.024   -0.085    0.006    0.052   -0.116    0.006    0.027   -0.086
    -0.013   -0.001   -0.114   -0.008   -0.008   -0.133    0.009    0.023
    -0.125   -0.012   -0.029   -0.072   -0.027   -0.030   -0.068   -0.039
    -0.058   -0.046   -0.050   -0.073   -0.062   -0.037   -0.049   -0.093
    -0.038   -0.077

 ( 62)
    -0.054    0.018   -0.077   -0.059    0.019   -0.125   -0.068    0.019
    -0.095   -0.003    0.013   -0.032   -0.018    0.015   -0.049   -0.012
     0.013    0.000   -0.045    0.018   -0.100   -0.098    0.019   -0.053
    -0.098    0.022   -0.156   -0.018    0.018   -0.154   -0.113    0.020
    -0.072   -0.069    0.020   -0.130    0.041    0.012   -0.056    0.000
     0.012    0.003   -0.026    0.014   -0.026    0.027    0.013   -0.073
     0.028    0.010    0.030   -0.067    0.015    0.034   -0.063    0.012
     0.091   -0.107    0.014    0.116   -0.053    0.012    0.085   -0.026
     0.010    0.120

 ( 63)
     0.003   -0.038   -0.106    0.007   -0.039   -0.061    0.013   -0.033
    -0.023   -0.008   -0.071   -0.106    0.002   -0.065   -0.024   -0.002
    -0.064   -0.069   -0.002   -0.045   -0.133    0.013   -0.006   -0.113
     0.016   -0.015   -0.061   -0.003   -0.070   -0.056    0.024    0.000
    -0.026    0.016   -0.036    0.009   -0.018   -0.103   -0.102   -0.011
    -0.069   -0.139    0.007   -0.059    0.003   -0.008   -0.097   -0.017
    -0.010   -0.090   -0.068    0.011   -0.024   -0.074    0.008   -0.022
    -0.106    0.019    0.010   -0.107    0.003   -0.028   -0.139    0.001
    -0.046   -0.098

 ( 64)
     0.003   -0.055   -0.004   -0.006   -0.045    0.002   -0.018   -0.045
     0.046    0.021   -0.088    0.022    0.000   -0.079    0.071    0.009
    -0.089    0.066    0.013   -0.055   -0.036   -0.014   -0.035    0.005
    -0.020   -0.019   -0.016    0.011   -0.062   -0.011   -0.037   -0.025
     0.057   -0.024   -0.040    0.050    0.039   -0.108    0.011    0.027
    -0.095    0.017   -0.010   -0.079    0.103    0.017   -0.099    0.063
     0.023   -0.115    0.083   -0.014   -0.066    0.082   -0.008   -0.077
     0.091   -0.026   -0.057    0.104    0.003   -0.080    0.063    0.003
    -0.100    0.112

 ( 65)
     0.019    0.075   -0.076    0.004    0.096    0.000   -0.015    0.097
     0.091    0.008   -0.014   -0.060   -0.025    0.009    0.106   -0.011
    -0.013    0.030    0.032    0.070   -0.140    0.025    0.132   -0.082
     0.012    0.163   -0.011    0.000    0.044    0.001   -0.011    0.156
     0.095   -0.026    0.108    0.146    0.004   -0.072   -0.061    0.019
    -0.028   -0.115   -0.039    0.013    0.171   -0.031   -0.048    0.112
    -0.019   -0.081    0.042   -0.006    0.056    0.032    0.002    0.033
    -0.014    0.005    0.089   -0.007    0.017    0.023   -0.087   -0.008
    -0.030    0.013

 ( 66)
     0.086    0.038    0.011    0.035    0.089   -0.012   -0.033    0.058
    -0.039    0.072    0.012    0.006   -0.046    0.032   -0.044    0.004
    -0.020   -0.021    0.134    0.063    0.030    0.087   -0.008    0.013
     0.044    0.105   -0.009    0.038    0.138   -0.012   -0.039    0.014
    -0.040   -0.070    0.098   -0.055    0.076    0.057    0.006    0.109
    -0.025    0.022   -0.095    0.008   -0.063   -0.047    0.077   -0.045
    -0.005   -0.034   -0.025   -0.002   -0.080   -0.022    0.027   -0.140
    -0.008    0.018   -0.185   -0.010    0.081   -0.133    0.014    0.006
    -0.153   -0.016


 ==============================================================================
                      STATISTICAL THERMODYNAMICS ANALYSIS
 ==============================================================================

  Structure name    : methoxycyclohexane-ax                                       
  Temperature       :   298.16 K
  Symmetry number   :   1
  Optical isomers   :   2
  Zero Point Energy :  123.646 Kcal/mol


                     ENERGY   ENTHALPY    ENTROPY  FREE ENERGY   HEAT CAPACITY
                  (Kcal/mol) (Kcal/mol)     (eu)   (Kcal/mol)    (cal/mol/deg)
  Translational       0.889      1.481     40.093    -10.473         4.967
     Rotational       0.889      0.889     28.214     -7.524         2.980
    Vibrational     127.126%   127.126%    20.122*   121.127%       26.421*
      Potential      13.001#    13.001#     0.000     13.001#        0.000
         Mixing       0.000      0.000      1.377     -0.411         0.000
          Total     141.904    142.496     89.806    115.720        34.369

  Enthalpy Function (H-Ho)/T     =   19.62 cal/mol/deg
  Free Energy Function -(G-Ho)/T =   70.19 cal/mol/deg

  % Includes zero point energy (ZPE).
  * Excludes contribution from frequencies lower than 40 (1/cm).
  # Includes steric energy (SE).
    Internal rotation contributions are not considered

  This structure has   0 imaginary frequencies,
                       0 free internal rotation (fir) frequencies
                         (>= 0,< 10 /cm),
                       0 restricted internal rotation (rir) frequencies
                         (>= 10,< 40 /cm),
                       6 zero frequencies, and
                      60 real frequencies.


      FINAL STERIC ENERGY IS     13.0005 KCAL/MOL.


                COMPRESSION       0.4378
                BENDING           1.4329
                BEND-BEND        -0.0207
                STRETCH-BEND      0.1158
                VANDERWAALS
                  1,4 ENERGY      7.8711
                  OTHER           0.3224
                H-BONDING         0.0000
                PI-COMPLX         0.0000

                TORSIONAL         2.8575
                TORSION-STRETCH  -0.0162
                DIPOLE-DIPOLE     0.0000
                CHARGE-DIPOLE     0.0000
                CHARGE-CHARGE     0.0000

      -----------------------------------------------------------------

      COORDINATES TRANSLATED TO NEW ORIGIN WHICH IS CENTER OF MASS
         C(   1)     0.97720    -1.41892    -0.27858   (  1)
         C(   2)     2.08505    -0.35943    -0.36299   (  1)
         C(   3)     1.49278     1.04925    -0.50988   (  1)
         C(   4)    -0.01288    -1.09587     0.84758   (  1)
         C(   5)     0.49059     1.35327     0.61176   (  1)
         C(   6)    -0.62477     0.30405     0.70273   (  1)
         H(   7)     1.42869    -2.42372    -0.10844   (  5)
         H(   8)     0.43639    -1.47351    -1.25118   (  5)
         H(   9)     2.75820    -0.58064    -1.22325   (  5)
         H(  10)     2.71355    -0.40448     0.55630   (  5)
         H(  11)     0.98897     1.14013    -1.49955   (  5)
         H(  12)     2.31157     1.80549    -0.49994   (  5)
         H(  13)     0.51929    -1.15686     1.82402   (  5)
         H(  14)    -0.80764    -1.87230     0.88707   (  5)
         H(  15)     0.04744     2.36306     0.45635   (  5)
         H(  16)     1.03289     1.39584     1.58352   (  5)
         H(  17)    -1.27224     0.53661     1.58524   (  5)
         O(  18)    -1.38015     0.39446    -0.50296   (  6)
         C(  19)    -2.66183    -0.20893    -0.42855   (  1)
         H(  20)    -3.19468    -0.04877    -1.38793   (  5)
         H(  21)    -2.58094    -1.30799    -0.25840   (  5)
         H(  22)    -3.26873     0.25097     0.38764   (  5)

      MOMENT OF INERTIA WITH THE PRINCIPAL AXES

          (1)  UNIT = 10**(-39) GM*CM**2
               IX=   25.8392    IY=   52.6307    IZ=   62.3888

          (2)  UNIT = AU A**2
               IX=  155.6242    IY=  316.9843    IZ=  375.7554



      MOLECULAR POLARIZABILITIES (A**3)
        ALPHA(1)   =      16.54
        ALPHA(2)   =      15.28
        ALPHA(3)   =      14.50
        AVG. ALPHA =      15.44



      DIPOLE MOMENT =          1.274 D


        COMPONENTS WITH PRINCIPAL AXES

                          X =  0.4372    Y =  0.5719    Z = -1.0509


      E (INDP/INDP) =          0.156 KCAL/MOLE
      DIPOLE MOMENT =          1.081 D (INCLUDES INDUCED BOND MOMENTS)
      *NOTE*  E (INDP/INDP) IS NOT INCLUDED IN THE FINAL STERIC ENERGY

        COMPONENTS WITH PRINCIPAL AXES

                          X =  0.2147    Y =  0.5983    Z = -0.8748



      TOTAL ATOMIC CHARGE ON EACH ATOM (in ELECTRON CHARGE)

           C(    1):          0.000
           C(    2):         -0.003
           C(    3):          0.008
           C(    4):         -0.005
           C(    5):         -0.004
           C(    6):          0.166
           H(    7):          0.002
           H(    8):          0.003
           H(    9):          0.001
           H(   10):          0.001
           H(   11):          0.004
           H(   12):          0.002
           H(   13):          0.005
           H(   14):          0.005
           H(   15):          0.007
           H(   16):          0.005
           H(   17):          0.004
           O(   18):         -0.390
           C(   19):          0.176
           H(   20):          0.004
           H(   21):          0.004
           H(   22):          0.004

      -----------------------------------------------------------------

        END OF methoxycyclohexane-ax                                       


           TOTAL CPU TIME IS      0.06 SECONDS.

           THIS JOB COMPLETED AT    17:39:31
