1
               ---------------------------------------------
               WARNING : INCORRECT ATOM TYPES GIVEN IN INPUT
                         DATA ARE CORRECTED AS FOLLOWS
               ---------------------------------------------


             Atom type of atom    1 is replaced by   1 (was   0)
             Atom type of atom    2 is replaced by   1 (was   0)
             Atom type of atom    3 is replaced by  18 (was   0)
             Atom type of atom    4 is replaced by   1 (was   0)
             Atom type of atom    5 is replaced by   7 (was   0)
             Atom type of atom    6 is replaced by   7 (was   0)
             Atom type of atom    7 is replaced by   5 (was   0)
             Atom type of atom    8 is replaced by   5 (was   0)
             Atom type of atom    9 is replaced by   5 (was   0)
             Atom type of atom   10 is replaced by   5 (was   0)
             Atom type of atom   11 is replaced by   5 (was   0)
             Atom type of atom   12 is replaced by   5 (was   0)
             Atom type of atom   13 is replaced by   5 (was   0)
             Atom type of atom   14 is replaced by   5 (was   0)
1     meet-sulfone-g                                              

               CHEMICAL FORMULA :  C(   3)  H(   8)  O(   2)  S(   1) 
               FORMULA WEIGHT   :    108.026
                                                               DATE 28-MAY-23
                                                               TIME  12:02:10


          THE COORDINATES OF   14 ATOMS ARE READ IN.
          SOME CONSTANTS WILL BE READ IN.

      CONFORMATIONAL ENERGY, PART 1:  GEOMETRY AND STERIC ENERGY
                                      OF INITIAL CONFORMATION.


      CONNECTED ATOMS
         1-   2-   3-   4-

      ATTACHED ATOMS
         1-   7,   1-   8,   1-   9,   2-  10,   2-  11,   3-   5,   3-   6,
         4-  12,   4-  13,   4-  14,

      INITIAL ATOMIC COORDINATES
           ATOM         X           Y           Z       TYPE
         C(   1)    -2.34750    -0.09450     0.00419   (  1)
         C(   2)    -1.14098     0.59571     0.63426   (  1)
         S(   3)     0.43881     0.08470    -0.06219   ( 18)
         C(   4)     0.62104    -1.61231     0.46183   (  1)
         O(   5)     0.31256     0.09189    -1.51557   (  7)
         O(   6)     1.48068     0.85865     0.60434   (  7)
         H(   7)    -3.29757     0.31469     0.41002   (  5)
         H(   8)    -2.38522     0.04455    -1.09737   (  5)
         H(   9)    -2.36653    -1.18784     0.19568   (  5)
         H(  10)    -1.14925     1.68288     0.43510   (  5)
         H(  11)    -1.07666     0.43170     1.72268   (  5)
         H(  12)     1.60198    -1.93856     0.07371   (  5)
         H(  13)     0.60514    -1.66404     1.56277   (  5)
         H(  14)    -0.18525    -2.22564     0.02871   (  5)


          DIELECTRIC CONSTANT =  1.500


      INITIAL STERIC ENERGY IS      5.0122 KCAL/MOL.

                  COMPRESSION       0.6432
                  BENDING           3.4142
                  BEND-BEND        -0.0792
                  STRETCH-BEND      0.0711
                  VANDERWAALS
                    1,4 ENERGY      1.8027
                    OTHER           0.0005
                  H-BONDING         0.0000
                  PI-COMPLX         0.0000

                  TORSIONAL        -0.8403
                  TORSION-STRETCH  -0.0001
                  DIPOLE-DIPOLE     0.0000
                  CHARGE-DIPOLE     0.0000
                  CHARGE-CHARGE     0.0000


      MOLECULAR POLARIZABILITIES (A**3)
        ALPHA(1)   =      13.22
        ALPHA(2)   =      12.83
        ALPHA(3)   =      14.97
        AVG. ALPHA =      13.67



      DIPOLE MOMENT =          4.362 D


      CPU TIME FOR INITIAL CALCULATION IS     0.01 SECONDS.


1     meet-sulfone-g                                              


     CONFORMATIONAL ENERGY, PART 2: GEOMETRY MINIMIZATION

               GEOMETRY OPTIMIZATION IS CONTINUED UNTIL ATOM
               MOVEMENT CONVERGES WITHIN FOLLOWING VALUES:

                         AVERAGE MOVEMENT  0.00011 A
                         MAXIMUM MOVEMENT  0.00112 A



     <<<<<<<<<<<<<<<<<<<<<<<<<<  C Y C L E   1 >>>>>>>>>>>>>>>>>>>>>>>>>>

                              (CH)-MOVEMENT = 1

       ITER    1   AVG. MOVE = 0.01411 A   (MAX MOVE : ATOM   10   0.09199 A)  
       ITER    2   AVG. MOVE = 0.00388 A   (MAX MOVE : ATOM    7   0.03114 A)  
       ITER    3   AVG. MOVE = 0.00177 A   (MAX MOVE : ATOM    1   0.01449 A)  
       ITER    4   AVG. MOVE = 0.00107 A   (MAX MOVE : ATOM    1   0.00829 A)  
       ITER    5   AVG. MOVE = 0.00083 A   (MAX MOVE : ATOM    1   0.00501 A)  
       ITER    6   AVG. MOVE = 0.00068 A   (MAX MOVE : ATOM    7   0.00350 A)  
       ITER    7   AVG. MOVE = 0.00058 A   (MAX MOVE : ATOM   14   0.00282 A)  
       ITER    8   AVG. MOVE = 0.00051 A   (MAX MOVE : ATOM   12   0.00266 A)  
       ITER    9   AVG. MOVE = 0.00046 A   (MAX MOVE : ATOM   12   0.00251 A)  
       ITER   10   AVG. MOVE = 0.00042 A   (MAX MOVE : ATOM   12   0.00235 A)  
       ITER   11   AVG. MOVE = 0.00038 A   (MAX MOVE : ATOM   12   0.00219 A)  
       ITER   12   AVG. MOVE = 0.00035 A   (MAX MOVE : ATOM   12   0.00204 A)  
       ITER   13   AVG. MOVE = 0.00032 A   (MAX MOVE : ATOM   12   0.00189 A)  
       ITER   14   AVG. MOVE = 0.00030 A   (MAX MOVE : ATOM   12   0.00175 A)  
       ITER   15   AVG. MOVE = 0.00028 A   (MAX MOVE : ATOM   12   0.00161 A)  
       ITER   16   AVG. MOVE = 0.00026 A   (MAX MOVE : ATOM   12   0.00149 A)  
       ITER   17   AVG. MOVE = 0.00024 A   (MAX MOVE : ATOM   14   0.00137 A)  
       ITER   18   AVG. MOVE = 0.00022 A   (MAX MOVE : ATOM   14   0.00128 A)  
       ITER   19   AVG. MOVE = 0.00021 A   (MAX MOVE : ATOM   14   0.00119 A)  
       ITER   20   AVG. MOVE = 0.00020 A   (MAX MOVE : ATOM   14   0.00111 A)  
       ITER   21   AVG. MOVE = 0.00018 A   (MAX MOVE : ATOM   14   0.00104 A)  
       ITER   22   AVG. MOVE = 0.00017 A   (MAX MOVE : ATOM   14   0.00097 A)  
       ITER   23   AVG. MOVE = 0.00016 A   (MAX MOVE : ATOM   14   0.00091 A)  
       ITER   24   AVG. MOVE = 0.00015 A   (MAX MOVE : ATOM   14   0.00085 A)  
       ITER   25   AVG. MOVE = 0.00015 A   (MAX MOVE : ATOM   14   0.00080 A)  
       ITER   26   AVG. MOVE = 0.00014 A   (MAX MOVE : ATOM   14   0.00075 A)  
       ITER   27   AVG. MOVE = 0.00013 A   (MAX MOVE : ATOM   14   0.00070 A)  
       ITER   28   AVG. MOVE = 0.00013 A   (MAX MOVE : ATOM   14   0.00066 A)  
       ITER   29   AVG. MOVE = 0.00012 A   (MAX MOVE : ATOM   14   0.00062 A)  
       ITER   30   AVG. MOVE = 0.00012 A   (MAX MOVE : ATOM   14   0.00059 A)  
       ITER   31   AVG. MOVE = 0.00011 A   (MAX MOVE : ATOM    1   0.00056 A)  


     <<<<<<<<<<<<<<<<<<<<<<<<<<  C Y C L E   2 >>>>>>>>>>>>>>>>>>>>>>>>>>

                              (CH)-MOVEMENT = 0

       ITER   32   AVG. MOVE = 0.00006 A   (MAX MOVE : ATOM   13   0.00046 A)  


              * * * * * * * * * GEOMETRY IS OPTIMIZED * * * * * * * * *

               WITHIN : AVERAGE MOVEMENT  0.00006 A (LIMIT  0.00011 A)
                        MAXIMUM MOVEMENT  0.00046 A (LIMIT  0.00112 A)

               GRADIENT
                  RMS GRADIENT                0.008225 KCAL/MOL/A

                  MAX GRADIENT
                    X-DIRECTION : ATOM #  13   0.013565 KCAL/MOL/A
                    Y-DIRECTION : ATOM #   2   0.015923 KCAL/MOL/A
                    Z-DIRECTION : ATOM #   1   0.023219 KCAL/MOL/A

        DELTA TIME =    0.00 SEC.       TOTAL CPU TIME =      0.02 SEC.


                            =====================
                            FULL-MATRIX OPTIMIZER
                            =====================


     iter.  rms force   max force   avg. move    max move  atom  convg  d-time

        0    0.014899    0.052628   0.00200 A   0.01377 A    9    [N]     0.0s
        1    0.008798    0.030183   0.00001 A   0.00006 A    9    [N]     0.0s
        2    0.000044    0.000134                                 [Y]     0.0s


      TOTAL ENERGY IS      3.5043 KCAL/MOL.

        COMPRESS    0.1060      VDW 1,4    2.0608      DIPL-DIPL    0.0000
        BENDING     2.0955        OTHER    0.2811      CHRG-DIPL    0.0000
        STR-BEND    0.0843      TORSION   -0.9119      CHRG-CHRG    0.0000
        BEND-BEND  -0.2113      TOR-STR   -0.0001      EPR          0.0000
        H-BONDING   0.0000      PI-CMPL    0.0000
0     DELTA(T) =     0.0 SEC.          ELAPSED TIME =     0.0 SEC.


    * * * ENERGY IS STATIONARY WITHIN RMS OF FORCES   0.00010  Kcal/mol/A * * *

                 * * * *  RMS FORCE IS   0.00004 Kcal/mol/A * * * *

1     meet-sulfone-g                                              

               CHEMICAL FORMULA :  C(   3)  H(   8)  O(   2)  S(   1) 
               FORMULA WEIGHT   :    108.026
                                                               DATE : 28-MAY-23

           * M M 3 * * * * * * * * * * * 2 0 0 0 *
           *                                     *   PARAMETER RELIABILITY
           *                                     *
           *                                     *   BLANK = GOOD
           *                                     *       B = FAIR
           *                                     *       C = TRIAL
           *                                     *       R = READ IN
           *                                     *       S = SUBSTITUTED
           *                                     *       U = PARAMETER NOT EXIST
           *                                     *
           *                                     *   THIS IS SHOWN AT THE END 
           *                                     *   OF THE LINE.
           * * * * * * * * * * * * * * * * * * * * 


      CONFORMATIONAL ENERGY, PART 3:  GEOMETRY AND STERIC ENERGY
                                      OF FINAL CONFORMATION.

      CONNECTED ATOMS
         1-   2-   3-   4-

      ATTACHED ATOMS
         1-   7,   1-   8,   1-   9,   2-  10,   2-  11,   3-   5,   3-   6,
         4-  12,   4-  13,   4-  14,

      FINAL ATOMIC COORDINATE
           ATOM         X           Y           Z       TYPE
         C(   1)     2.29289    -0.10976     0.01587   (  1)
         C(   2)     1.12736     0.64460    -0.63484   (  1)
         S(   3)    -0.42636     0.08351     0.05346   ( 18)
         C(   4)    -0.56449    -1.62543    -0.42369   (  1)
         O(   5)    -0.33510     0.13691     1.49292   (  7)
         O(   6)    -1.48142     0.80475    -0.61685   (  7)
         H(   7)     3.26548     0.25630    -0.37997   (  5)
         H(   8)     2.32544     0.02970     1.11833   (  5)
         H(   9)     2.26109    -1.20134    -0.18746   (  5)
         H(  10)     1.19876     1.73611    -0.44709   (  5)
         H(  11)     1.09255     0.48426    -1.73204   (  5)
         H(  12)    -1.55214    -2.00464    -0.09187   (  5)
         H(  13)    -0.48173    -1.69843    -1.52677   (  5)
         H(  14)     0.24125    -2.20983     0.06224   (  5)


          DIELECTRIC CONSTANT =  1.500


      BOND LENGTHS AND STRETCHING ENERGY   (   13 BONDS)

        ENERGY = 71.94(KS)(DR)(DR)(1-(CS)(DR)+(7/12)((CS)(DR))**2)
                          DR = R-RO
                          CS =  2.550
                                                         R(0)-CORR        CORR
          BOND        LENGTH   R(0)    K(S)  ENERGY   E-NEG   MISCEL       KS
    C(   1)- C(   2)  1.5333  1.5247  4.490  0.0232                             
    C(   1)- H(   7)  1.1120  1.1108  4.789  0.0005 -0.0012              0.039  
    C(   1)- H(   8)  1.1117  1.1108  4.789  0.0003 -0.0012              0.039  
    C(   1)- H(   9)  1.1108  1.1108  4.789  0.0000 -0.0012              0.039  
    C(   2)- S(   3)  1.7896  1.7720  3.100  0.0660                             
    C(   2)- H(  10)  1.1098  1.1090  4.777  0.0002 -0.0030              0.097  
    C(   2)- H(  11)  1.1094  1.1090  4.777  0.0001 -0.0030              0.097  
    S(   3)- C(   4)  1.7797  1.7720  3.100  0.0129                             
    S(   3)- O(   5)  1.4433  1.4420  9.420  0.0012                             
    S(   3)- O(   6)  1.4431  1.4420  9.420  0.0009                             
    C(   4)- H(  12)  1.1088  1.1090  4.847  0.0000 -0.0030              0.097  
    C(   4)- H(  13)  1.1086  1.1090  4.847  0.0001 -0.0030              0.097  
    C(   4)- H(  14)  1.1076  1.1090  4.847  0.0006 -0.0030              0.097  


      NON-BONDED DISTANCES, VDW AND EPR ENERGY   (     54 PAIRS)

              E(VDW) = KV*(1.84(10**5)EXP(-12.00/P) - 2.25(P**6))
              E(EPR) = C*KV*(1.84(10**5)EXP(-12.00/Q) - 2.25(Q**6))
              E(HBD) = EP1-EP2*COS(THETA)*RTH/RTH0
                            EP1 = KHB*1.84(10**5)*EXP(-12.0/P)
                            EP2 = KHB*2.25(P**6)

            IF P > 3.020, THEN,
              E(VDW) = KV(192.270)(P**2)
              E(HBD) = EP1-EP2*COS(THETA)*RTH/RTH0
                            EP1 = KHB*(192.270*P**2+1706.96)
                            EP2 = KHB*1706.96

               WHERE   RV = RVDW(I) + RVDW(K)
                       KV = SQRT(EPS(I)*EPS(K))
                      KHB = EPS/DIELEC  FOR HYDROGEN BOND
                        P = (RV/R) OR (RV/R#)
                        C = SCALE FACTOR
                        Q = RV/R, WHERE R IS MODIFIED DISTANCE
                    THETA = ANGLE H-X-Y IN HYDROGEN BOND X-H...Y
                      RTH = BOND LENGTH X-H IN X-H...Y
                     RTH0 = NATURAL BOND LENGTH X-H

          # IN THE VDW CALCULATIONS THE HYDROGEN ATOMS ARE RELOCATED
          SO THAT THE ATTACHED HYDROGEN DISTANCE IS REDUCED BY 0.923

          # IN THE VDW CALCULATIONS THE DEUTERIUM ATOMS ARE RELOCATED
          SO THAT THE ATTACHED DEUTERIUM DISTANCE IS REDUCED BY  0.923

         ATOM PAIR          R       R#       RV      KV       ENERGY
      C(   1), S(   3)   2.7264
      C(   1), C(   4)   3.2642            4.080   0.0270     0.1046  1,4       
      C(   1), O(   5)   3.0247            3.860   0.0399     0.2177  1,4       
      C(   1), O(   6)   3.9347            3.860   0.0399    -0.0443  1,4       
      C(   1), H(  10)   2.1951
      C(   1), H(  11)   2.2020
      C(   1), H(  12)   4.2879   4.2076   3.560   0.0230    -0.0161            
      C(   1), H(  13)   3.5500   3.5164   3.560   0.0230    -0.0256            
      C(   1), H(  14)   2.9363   2.9481   3.560   0.0230     0.0441            
      C(   2), C(   4)   2.8390
      C(   2), O(   5)   2.6313
      C(   2), O(   6)   2.6138
      C(   2), H(   7)   2.1880
      C(   2), H(   8)   2.2107
      C(   2), H(   9)   2.2120
      C(   2), H(  12)   3.8070   3.7297   3.560   0.0230    -0.0245  1,4       
      C(   2), H(  13)   2.9790   2.9537   3.560   0.0230     0.0421  1,4       
      C(   2), H(  14)   3.0690   3.0376   3.560   0.0230     0.0172  1,4       
      S(   3), H(   7)   3.7212   3.6422   3.770   0.0636    -0.0680  1,4       
      S(   3), H(   8)   2.9511   2.9194   3.770   0.0636     0.4139  1,4       
      S(   3), H(   9)   2.9885   2.9544   3.770   0.0636     0.3463  1,4       
      S(   3), H(  10)   2.3712
      S(   3), H(  11)   2.3782
      S(   3), H(  12)   2.3767
      S(   3), H(  13)   2.3823
      S(   3), H(  14)   2.3886
      C(   4), O(   5)   2.6138
      C(   4), O(   6)   2.6046
      C(   4), H(   7)   4.2675   4.1883   3.560   0.0230    -0.0164            
      C(   4), H(   8)   3.6700   3.6283   3.560   0.0230    -0.0255            
      C(   4), H(   9)   2.8670   2.8843   3.560   0.0230     0.0706            
      C(   4), H(  10)   3.7960   3.7193   3.560   0.0230    -0.0246  1,4       
      C(   4), H(  11)   2.9847   2.9590   3.560   0.0230     0.0402  1,4       
      O(   5), O(   6)   2.4922
      O(   5), H(   7)   4.0603   3.9791   3.440   0.0344    -0.0263            
      O(   5), H(   8)   2.6889   2.7000   3.440   0.0344     0.1826            
      O(   5), H(   9)   3.3697   3.3313   3.440   0.0344    -0.0370            
      O(   5), H(  10)   2.9451   2.9072   3.440   0.0344     0.0370  1,4       
      O(   5), H(  11)   3.5439   3.4696   3.440   0.0344    -0.0384  1,4       
      O(   5), H(  12)   2.9290   2.8909   3.440   0.0344     0.0443  1,4       
      O(   5), H(  13)   3.5367   3.4618   3.440   0.0344    -0.0384  1,4       
      O(   5), H(  14)   2.8082   2.7781   3.440   0.0344     0.1122  1,4       
      O(   6), H(   7)   4.7843   4.7150   3.440   0.0344    -0.0112            
      O(   6), H(   8)   4.2548   4.2207   3.440   0.0344    -0.0201            
      O(   6), H(   9)   4.2679   4.2328   3.440   0.0344    -0.0198            
      O(   6), H(  10)   2.8425   2.8100   3.440   0.0344     0.0895  1,4       
      O(   6), H(  11)   2.8234   2.7922   3.440   0.0344     0.1018  1,4       
      O(   6), H(  12)   2.8589   2.8247   3.440   0.0344     0.0801  1,4       
      O(   6), H(  13)   2.8449   2.8116   3.440   0.0344     0.0885  1,4       
      O(   6), H(  14)   3.5379   3.4623   3.440   0.0344    -0.0384  1,4       
      H(   7), H(   8)   1.7832
      H(   7), H(   9)   1.7806
      H(   7), H(  10)   2.5428   2.4555   3.240   0.0200     0.1757  1,4       
      H(   7), H(  11)   2.5694   2.4794   3.240   0.0200     0.1541  1,4       
      H(   7), H(  12)   5.3296   5.1660   3.240   0.0200    -0.0027            
      H(   7), H(  13)   4.3792   4.2914   3.240   0.0200    -0.0079            
      H(   7), H(  14)   3.9272   3.8645   3.240   0.0200    -0.0134            
      H(   8), H(   9)   1.7957
      H(   8), H(  10)   2.5752   2.4856   3.240   0.0200     0.1489  1,4       
      H(   8), H(  11)   3.1387   2.9872   3.240   0.0200    -0.0156  1,4       
      H(   8), H(  12)   4.5430   4.4424   3.240   0.0200    -0.0065            
      H(   8), H(  13)   4.2265   4.1181   3.240   0.0200    -0.0098            
      H(   8), H(  14)   3.2365   3.2221   3.240   0.0200    -0.0224            
      H(   9), H(  10)   3.1344   2.9831   3.240   0.0200    -0.0153  1,4       
      H(   9), H(  11)   2.5676   2.4794   3.240   0.0200     0.1541  1,4       
      H(   9), H(  12)   3.8981   3.8372   3.240   0.0200    -0.0138            
      H(   9), H(  13)   3.0926   3.0848   3.240   0.0200    -0.0202            
      H(   9), H(  14)   2.2714   2.3410   3.240   0.0200     0.3151            
      H(  10), H(  11)   1.7971
      H(  10), H(  12)   4.6569   4.5169   3.240   0.0200    -0.0059            
      H(  10), H(  13)   3.9731   3.8699   3.240   0.0200    -0.0133            
      H(  10), H(  14)   4.0923   3.9791   3.240   0.0200    -0.0117            
      H(  11), H(  12)   3.9849   3.8812   3.240   0.0200    -0.0131            
      H(  11), H(  13)   2.6990   2.7098   3.240   0.0200     0.0296            
      H(  11), H(  14)   3.3470   3.2740   3.240   0.0200    -0.0223            
      H(  12), H(  13)   1.8162
      H(  12), H(  14)   1.8117
      H(  13), H(  14)   1.8191


      BOND ANGLES, BENDING AND STRETCH-BEND ENERGIES   (   24 ANGLES)

          EB = 0.021914(KB)(DT)(DT)(1+CF*DT+QF*DT**2+PF*DT**3+SF*DT**4)
                          DT = THETA-TZERO
                          CF = -1400.000E-5
                          QF =     5.600E-5
                          PF =    -0.070E-5
                          SF =     0.022E-6
          ESB(J) = 2.51124(KSB(J))(DT)(DR1+DR2)
                          DR(I) = R(I) - R0(I)
          EBDBD  = -0.02191418(KBB1)(DT1)(KBB2)(DT2)

          A T O M S            THETA    TZERO     KB     EB     KSB    ESB
   C(   2)- C(   1)- H(   7)  110.598  110.700  0.590  0.0001  0.08 -0.0002     
   C(   2)- C(   1)- H(   8)  112.420  110.700  0.590  0.0373  0.08  0.0033     
   C(   2)- C(   1)- H(   9)  112.584  110.700  0.590  0.0447  0.08  0.0032     
   H(   7)- C(   1)- H(   8)  106.624  107.800  0.550  0.0169                   
   H(   7)- C(   1)- H(   9)  106.461  107.800  0.550  0.0220                   
   H(   8)- C(   1)- H(   9)  107.796  107.800  0.550  0.0000                   
   C(   1)- C(   2)- S(   3)  110.028  103.000  0.870  0.8514  0.13  0.0600     
   C(   1)- C(   2)- H(  10)  111.295  109.310  0.590  0.0495  0.08  0.0038     
   C(   1)- C(   2)- H(  11)  111.868  109.310  0.590  0.0816  0.08  0.0046     
   S(   3)- C(   2)- H(  10)  107.406  106.000  0.690  0.0293  0.08  0.0052     
   S(   3)- C(   2)- H(  11)  107.928  106.000  0.690  0.0547  0.08  0.0070     
   H(  10)- C(   2)- H(  11)  108.148  107.600  0.550  0.0036                   
   C(   2)- S(   3)- C(   4)  105.387  101.600  0.850  0.2532 -0.04 -0.0096     
   C(   2)- S(   3)- O(   5)  108.487  106.900  1.100  0.0594 -0.04 -0.0030     
   C(   2)- S(   3)- O(   6)  107.421  106.900  1.100  0.0065 -0.04 -0.0010     
   C(   4)- S(   3)- O(   5)  107.928  106.900  1.100  0.0251 -0.04 -0.0009     
   C(   4)- S(   3)- O(   6)  107.376  106.900  1.100  0.0054 -0.04 -0.0004     
   O(   5)- S(   3)- O(   6)  119.404  119.500  1.485  0.0003 -0.04  0.0000     
   S(   3)- C(   4)- H(  12)  108.501  106.000  0.690  0.0913  0.08  0.0037     
   S(   3)- C(   4)- H(  13)  108.918  106.000  0.690  0.1236  0.08  0.0043     
   S(   3)- C(   4)- H(  14)  109.424  106.000  0.690  0.1689  0.08  0.0043     
   H(  12)- C(   4)- H(  13)  109.983  107.800  0.550  0.0557                   
   H(  12)- C(   4)- H(  14)  109.648  107.800  0.550  0.0401                   
   H(  13)- C(   4)- H(  14)  110.334  107.800  0.550  0.0747                   


     DIHEDRAL ANGLES, TORSIONAL ENERGY (ET)   (   27 ANGLES)

           ET = (V1/2)(1+COS(W))+(V2/2)(1-COS(2W))+(V3/2)(1+COS(3W))

           ETS = -11.995*(R-R0)((KTS1/2)(1+COS(W))+
                                (KTS2/2)(1-COS(2W)+
                                (KTS3/2)(1+COS(3W))

           SIGN OF ANGLE A-B-C-D : WHEN LOOKING THROUGH B TOWARD C,
           IF D IS COUNTERCLOCKWISE FROM A, NEGATIVE.

         A T O M S               OMEGA    V1     V2     V3     ET   KTS3   ETS
 C(   1) C(   2) S(   3) C(   4) -64.5 -0.880  0.000  0.200 -0.627              
 C(   1) C(   2) S(   3) O(   5)  50.9 -0.500  0.000  0.100 -0.402              
 C(   1) C(   2) S(   3) O(   6)-178.7 -0.500  0.000  0.100  0.000              
 C(   2) S(   3) C(   4) H(  12)-175.5  0.000  0.000  0.315  0.004              
 C(   2) S(   3) C(   4) H(  13) -55.8  0.000  0.000  0.315  0.004              
 C(   2) S(   3) C(   4) H(  14)  64.9  0.000  0.000  0.315  0.005              
 S(   3) C(   2) C(   1) H(   7)-178.1  0.000  0.000  0.650  0.002 0.059 0.000 B
 S(   3) C(   2) C(   1) H(   8) -59.0  0.000  0.000  0.650  0.000 0.059 0.000 B
 S(   3) C(   2) C(   1) H(   9)  63.0  0.000  0.000  0.650  0.004 0.059 0.000 B
 C(   4) S(   3) C(   2) H(  10) 174.2  0.000  0.000  0.315  0.007              
 C(   4) S(   3) C(   2) H(  11)  57.9  0.000  0.000  0.315  0.001              
 O(   5) S(   3) C(   2) H(  10) -70.4  0.000  0.000  0.320  0.023              
 O(   5) S(   3) C(   2) H(  11) 173.2  0.000  0.000  0.320  0.010              
 O(   5) S(   3) C(   4) H(  12)  68.7  0.000  0.000  0.320  0.016              
 O(   5) S(   3) C(   4) H(  13)-171.5  0.000  0.000  0.320  0.015              
 O(   5) S(   3) C(   4) H(  14) -50.9  0.000  0.000  0.320  0.018              
 O(   6) S(   3) C(   2) H(  10)  60.0  0.000  0.000  0.320  0.000              
 O(   6) S(   3) C(   2) H(  11) -56.4  0.000  0.000  0.320  0.003              
 O(   6) S(   3) C(   4) H(  12) -61.2  0.000  0.000  0.320  0.000              
 O(   6) S(   3) C(   4) H(  13)  58.5  0.000  0.000  0.320  0.000              
 O(   6) S(   3) C(   4) H(  14) 179.2  0.000  0.000  0.320  0.000              
 H(   7) C(   1) C(   2) H(  10) -59.1  0.000  0.000  0.238  0.000 0.059 0.000  
 H(   7) C(   1) C(   2) H(  11)  62.0  0.000  0.000  0.238  0.001 0.059 0.000  
 H(   8) C(   1) C(   2) H(  10)  59.9  0.000  0.000  0.238  0.000 0.059 0.000  
 H(   8) C(   1) C(   2) H(  11)-179.0  0.000  0.000  0.238  0.000 0.059 0.000  
 H(   9) C(   1) C(   2) H(  10)-178.1  0.000  0.000  0.238  0.001 0.059 0.000  
 H(   9) C(   1) C(   2) H(  11) -57.0  0.000  0.000  0.238  0.001 0.059 0.000  


 ==============================================================================
                        NORMAL MODE VIBRATIONAL ANALYSIS
 ==============================================================================


             Molecular Shape : ASYMMETRIC ROTOR WITH KAPPA =-0.896558
        Symmetry Point Group : C1  
             Symmetry Number :  1
                   Chirality : yes



0       FUNDAMENTAL NORMAL VIBRATIONAL FREQUENCIES
                ( THEORETICALLY  36 VALUES )

             Frequency :  in 1/cm
             A(i)      :  IR intensity (vs,s,m,w,vw,-- or in 10**6 cm/mole)
             A(i) = -- :  IR inactive


             no       Frequency   Symmetry      A(i)

             1.          3026.9     (A   )        m
             2.          3017.6     (A   )        m
             3.          2990.3     (A   )        m
             4.          2979.7     (A   )        m
             5.          2978.3     (A   )        m
             6.          2922.4     (A   )        m
             7.          2908.3     (A   )        w
             8.          2891.1     (A   )        m
             9.          1492.4     (A   )        w
            10.          1464.9     (A   )        w
            11.          1442.5     (A   )        w
            12.          1424.0     (A   )        w
            13.          1405.3     (A   )        w
            14.          1403.6     (A   )        w
            15.          1365.5     (A   )        m
            16.          1328.9     (A   )        w
            17.          1282.8     (A   )        w
            18.          1204.8     (A   )        w
            19.          1150.8     (A   )        m
            20.          1026.3     (A   )        w
            21.          1021.1     (A   )        w
            22.           981.1     (A   )        w
            23.           971.4     (A   )        w
            24.           970.5     (A   )        w
            25.           831.4     (A   )        w
            26.           749.1     (A   )        w
            27.           656.8     (A   )        w
            28.           498.0     (A   )        m
            29.           414.3     (A   )        m
            30.           381.6     (A   )        w
            31.           363.0     (A   )        w
            32.           320.7     (A   )        w
            33.           278.7     (A   )        w
            34.           254.0     (A   )        w
            35.           229.2     (A   )        w
            36.            83.8     (A   )        w
            37.     (       0.0)    (t/r )
            38.     (       0.0)    (t/r )
            39.     (       0.0)    (t/r )
            40.     (       0.0)    (t/r )
            41.     (       0.0)    (t/r )
            42.     (       0.0)    (t/r )


0       CORRESPONDING EIGEN VECTOR MATRIX   42 BY  42



 (  1)
     0.001    0.003    0.001    0.000    0.000    0.000    0.000    0.000
     0.000   -0.067    0.026   -0.061    0.000    0.000    0.000    0.000
     0.000    0.000   -0.008   -0.003    0.003   -0.001   -0.002   -0.010
    -0.002   -0.034   -0.005    0.000   -0.003    0.000    0.000    0.000
    -0.003    0.239    0.088   -0.063   -0.019    0.033    0.443    0.570
    -0.421    0.341

 (  2)
     0.000   -0.001    0.000    0.000   -0.001   -0.001    0.000    0.000
     0.000    0.065    0.012   -0.066    0.000    0.000    0.000    0.000
     0.000    0.000    0.002    0.001   -0.001    0.000    0.000    0.003
     0.000    0.007    0.001    0.001    0.011    0.002    0.000    0.001
     0.011   -0.624   -0.252    0.214   -0.056    0.050    0.608   -0.092
     0.057   -0.034

 (  3)
     0.019    0.077    0.045    0.001    0.010    0.012    0.000    0.000
     0.000    0.003    0.000    0.002    0.000    0.000    0.000    0.000
     0.000    0.000   -0.192   -0.083    0.062   -0.027   -0.066   -0.455
    -0.013   -0.763   -0.137   -0.001   -0.114   -0.015   -0.008   -0.014
    -0.121   -0.022   -0.008    0.006    0.001   -0.001   -0.017   -0.017
     0.015   -0.012

 (  4)
    -0.042   -0.029    0.047    0.004    0.039    0.045    0.000    0.000
     0.000    0.000    0.000   -0.001    0.000    0.000    0.000    0.000
     0.000    0.000    0.496    0.178   -0.197   -0.013   -0.033   -0.385
     0.015    0.202    0.026   -0.028   -0.400   -0.069   -0.019   -0.063
    -0.463   -0.003   -0.001    0.001   -0.001    0.001    0.009    0.001
    -0.002    0.001

 (  5)
    -0.033   -0.007    0.053   -0.004   -0.046   -0.049    0.000    0.000
     0.000   -0.001    0.000    0.001    0.000    0.000    0.000    0.000
     0.000    0.000    0.396    0.138   -0.161   -0.011   -0.051   -0.454
     0.003    0.000   -0.015    0.030    0.471    0.079    0.012    0.072
     0.496    0.009    0.003   -0.003    0.001    0.000   -0.006    0.002
    -0.001    0.001

 (  6)
     0.012   -0.008    0.009    0.000    0.054   -0.048    0.000    0.000
     0.000    0.000    0.000    0.000    0.000    0.000    0.000    0.000
     0.000    0.000   -0.109   -0.031    0.034   -0.008   -0.015   -0.143
     0.001    0.120    0.020   -0.043   -0.682   -0.090    0.020    0.066
     0.630    0.005    0.002   -0.002    0.000    0.000    0.006   -0.003
     0.002   -0.001

 (  7)
     0.002    0.000    0.001    0.000   -0.001    0.001    0.000    0.001
     0.000   -0.008   -0.049   -0.016    0.000    0.000    0.000    0.000
     0.000    0.000   -0.021   -0.008    0.008   -0.001   -0.002   -0.022
     0.001    0.007    0.000    0.001    0.011    0.001    0.000   -0.001
    -0.012    0.517    0.217   -0.167   -0.041    0.057    0.576   -0.379
     0.291   -0.223

 (  8)
     0.048   -0.023    0.026   -0.004   -0.011    0.010    0.000    0.000
     0.000    0.000    0.002    0.000    0.000    0.000    0.000    0.000
     0.000    0.000   -0.512   -0.175    0.190   -0.036   -0.058   -0.559
    -0.002    0.494    0.079    0.013    0.161    0.023   -0.003   -0.017
    -0.151   -0.016   -0.007    0.005    0.001   -0.002   -0.018    0.016
    -0.014    0.011

 (  9)
    -0.010    0.038    0.035    0.005    0.001    0.010   -0.001    0.000
    -0.002    0.000    0.003   -0.003    0.001    0.000    0.001    0.001
    -0.001    0.001    0.000   -0.522   -0.441   -0.415   -0.045    0.078
     0.520    0.078   -0.156    0.007    0.006   -0.013   -0.027    0.024
     0.012    0.027   -0.030    0.034    0.005    0.022   -0.006   -0.049
    -0.040    0.026

 ( 10)
     0.089   -0.015    0.021   -0.041    0.036   -0.032    0.005   -0.003
     0.006   -0.001   -0.002    0.003   -0.001    0.000   -0.006   -0.005
     0.004   -0.004   -0.175    0.315   -0.432   -0.415   -0.300    0.084
    -0.265   -0.058    0.283    0.113    0.005    0.186    0.087   -0.188
    -0.018   -0.026    0.026   -0.037   -0.010   -0.025    0.006    0.043
     0.038   -0.021

 ( 11)
     0.054   -0.060    0.053   -0.079    0.034   -0.029    0.010   -0.004
     0.009   -0.002    0.000    0.002   -0.002    0.000   -0.009   -0.009
     0.007   -0.007    0.026   -0.012    0.015   -0.078    0.552    0.007
    -0.109    0.028   -0.541    0.168   -0.011    0.220    0.151   -0.228
    -0.012   -0.020    0.018   -0.027    0.000   -0.026    0.006    0.031
     0.023   -0.023

 ( 12)
     0.006   -0.004   -0.001   -0.004    0.014   -0.013   -0.005    0.003
    -0.014   -0.004    0.018   -0.045    0.001    0.001    0.013    0.008
    -0.006    0.005   -0.004    0.060    0.024    0.031   -0.005   -0.003
    -0.032   -0.012    0.022    0.017   -0.008    0.142   -0.010   -0.147
     0.003    0.303   -0.293    0.488    0.174    0.330   -0.073   -0.429
    -0.291    0.260

 ( 13)
    -0.036    0.024   -0.019    0.024    0.033   -0.035   -0.012    0.004
    -0.004   -0.030   -0.003    0.010    0.001    0.000    0.005    0.010
    -0.006    0.005    0.054   -0.117    0.096    0.153   -0.114   -0.018
     0.163    0.007    0.099   -0.042   -0.028    0.455   -0.082   -0.447
     0.020   -0.082    0.213    0.151    0.388   -0.134    0.055    0.149
    -0.043   -0.353

 ( 14)
    -0.029    0.020   -0.017    0.009    0.027   -0.029    0.004   -0.002
     0.003    0.040   -0.002    0.003   -0.001    0.000   -0.004   -0.003
     0.003   -0.003    0.052   -0.096    0.096    0.140   -0.099   -0.016
     0.137    0.003    0.093   -0.003   -0.026    0.367   -0.030   -0.359
     0.013    0.006   -0.168   -0.343   -0.537    0.073   -0.046   -0.059
     0.130    0.358

 ( 15)
     0.013   -0.024    0.023    0.088   -0.004    0.004   -0.048    0.026
    -0.074    0.013   -0.009    0.014    0.010    0.001    0.085    0.068
    -0.046    0.047   -0.095    0.123   -0.117   -0.130    0.163    0.013
    -0.133    0.005   -0.154   -0.285    0.014    0.058   -0.349   -0.047
     0.023   -0.035    0.025   -0.091   -0.085    0.039    0.006    0.034
     0.005    0.005

 ( 16)
     0.009    0.019   -0.016   -0.115    0.004    0.012   -0.024    0.015
    -0.072    0.005    0.000    0.017    0.006    0.002    0.094    0.053
    -0.035    0.038    0.102   -0.101    0.098    0.081   -0.114   -0.007
     0.082   -0.002    0.113    0.459   -0.020   -0.079    0.328    0.030
    -0.002   -0.025    0.010   -0.061   -0.022    0.010    0.017    0.023
    -0.027   -0.043

 ( 17)
    -0.001    0.002   -0.001   -0.007   -0.003    0.000   -0.004    0.015
     0.006   -0.007   -0.130   -0.039    0.000   -0.003   -0.011    0.009
    -0.008    0.004    0.012   -0.029    0.004    0.000   -0.007   -0.001
     0.007    0.003    0.001    0.004   -0.004   -0.003    0.045    0.005
    -0.002   -0.149    0.408    0.227    0.045    0.511   -0.101    0.193
     0.362    0.268

 ( 18)
     0.002   -0.025   -0.027   -0.009    0.005    0.003   -0.024    0.030
     0.012    0.005    0.000   -0.001    0.002   -0.004   -0.026    0.043
    -0.030    0.023    0.007   -0.017   -0.008   -0.042    0.017   -0.037
     0.047   -0.042    0.027   -0.601    0.044    0.001    0.692   -0.043
    -0.013    0.009   -0.016   -0.012   -0.024   -0.051    0.001   -0.027
    -0.053   -0.012

 ( 19)
    -0.002   -0.014   -0.016   -0.001    0.007    0.018    0.062   -0.043
    -0.048   -0.018    0.003    0.011   -0.001    0.012    0.135   -0.102
     0.070   -0.051    0.006   -0.011    0.009   -0.044    0.020   -0.021
     0.020   -0.025    0.028   -0.300    0.031   -0.011    0.143   -0.068
     0.026   -0.013   -0.028   -0.003    0.062    0.104    0.010    0.058
     0.096   -0.004

 ( 20)
    -0.010   -0.073   -0.091    0.014    0.065    0.079   -0.007   -0.007
     0.002    0.004    0.001    0.000    0.004    0.001   -0.020    0.004
    -0.002    0.002    0.008    0.181    0.188   -0.362    0.359   -0.138
     0.331   -0.162    0.320    0.125    0.104   -0.156   -0.083   -0.178
     0.124   -0.012    0.046    0.006   -0.018   -0.001   -0.001   -0.012
    -0.019    0.004

 ( 21)
    -0.031   -0.088    0.079   -0.003    0.076   -0.066   -0.008   -0.012
     0.000    0.014   -0.001    0.001   -0.002    0.001    0.016    0.000
     0.006   -0.004   -0.303    0.289   -0.241    0.428   -0.015    0.059
     0.445   -0.093    0.006    0.021    0.089   -0.110    0.031    0.086
    -0.075   -0.024    0.106    0.012   -0.040    0.003   -0.003   -0.028
    -0.061    0.002

 ( 22)
     0.079   -0.050    0.031   -0.090    0.052   -0.036    0.016    0.020
    -0.002   -0.063   -0.015    0.046   -0.007   -0.007   -0.032    0.024
    -0.015    0.010    0.153   -0.130    0.138    0.042   -0.071    0.038
     0.101   -0.070    0.122   -0.234    0.070   -0.067   -0.277    0.073
    -0.035    0.010   -0.410   -0.186    0.174    0.276    0.045    0.137
     0.131   -0.113

 ( 23)
    -0.065    0.012   -0.010    0.054   -0.018    0.023    0.005    0.005
    -0.001   -0.092    0.015   -0.036    0.002    0.002    0.004    0.020
    -0.022    0.015   -0.165    0.139   -0.136    0.037    0.064   -0.021
     0.040    0.020   -0.060    0.165   -0.025    0.015    0.157   -0.051
     0.026    0.104   -0.443    0.025    0.224   -0.177    0.000    0.168
     0.532    0.147

 ( 24)
     0.066   -0.028    0.018   -0.061    0.035   -0.028   -0.002   -0.004
     0.001    0.003    0.027   -0.095    0.000    0.005    0.031    0.013
    -0.007    0.004    0.150   -0.132    0.128   -0.004   -0.057    0.026
     0.025   -0.042    0.085   -0.173    0.046   -0.037   -0.188    0.054
    -0.029    0.069    0.178    0.273   -0.051   -0.559   -0.061   -0.055
     0.261    0.281

 ( 25)
     0.009    0.009    0.012    0.012    0.086    0.067   -0.017   -0.038
    -0.005    0.003    0.036    0.010    0.004    0.006   -0.028    0.013
     0.001    0.009    0.025   -0.142   -0.087    0.162   -0.232    0.034
    -0.211    0.054   -0.209   -0.015    0.181   -0.500    0.001   -0.491
     0.147    0.005    0.038    0.014    0.002    0.058    0.009    0.010
     0.052    0.016

 ( 26)
    -0.019    0.000    0.003   -0.054   -0.030    0.077    0.058    0.096
    -0.005   -0.009   -0.123   -0.038   -0.008   -0.020    0.005   -0.030
    -0.013   -0.008   -0.095    0.085   -0.105    0.107   -0.055    0.005
     0.032    0.011   -0.072   -0.039   -0.001   -0.118   -0.121   -0.228
     0.109   -0.023   -0.077   -0.018   -0.053   -0.228   -0.036   -0.062
    -0.199   -0.035

 ( 27)
     0.029   -0.002   -0.001    0.090    0.077   -0.071   -0.059    0.026
     0.045   -0.014   -0.108   -0.026    0.045   -0.023    0.073   -0.021
     0.022   -0.075    0.114   -0.115    0.105   -0.074   -0.023    0.004
    -0.080    0.002   -0.003    0.152    0.085   -0.132    0.106    0.016
    -0.065    0.006   -0.199   -0.068    0.013   -0.085   -0.027    0.008
    -0.099   -0.050

 ( 28)
    -0.014   -0.002   -0.001    0.063    0.053   -0.071    0.043   -0.024
    -0.016   -0.003   -0.086   -0.027   -0.119    0.072   -0.015   -0.002
     0.019    0.131    0.041   -0.077    0.067   -0.089    0.007    0.000
    -0.079   -0.003    0.013    0.069    0.052   -0.067    0.081    0.038
    -0.070   -0.009   -0.066   -0.023   -0.014   -0.096   -0.028   -0.016
    -0.113   -0.036

 ( 29)
    -0.081    0.004   -0.008    0.007    0.038   -0.087    0.065    0.027
     0.034   -0.041    0.085    0.004   -0.048   -0.062    0.053    0.037
    -0.104   -0.040   -0.034   -0.022    0.088   -0.177   -0.016   -0.003
    -0.101    0.008   -0.030    0.024    0.048   -0.157   -0.016   -0.052
    -0.074   -0.066    0.155    0.010   -0.078    0.115   -0.001   -0.078
     0.009   -0.029

 ( 30)
     0.009   -0.012    0.004    0.041    0.016   -0.034   -0.003    0.040
    -0.044    0.045    0.009    0.128   -0.039   -0.143   -0.042   -0.045
     0.057    0.024    0.031   -0.054    0.021   -0.013    0.008    0.002
    -0.020   -0.015    0.024    0.064    0.016   -0.045    0.059    0.000
    -0.032    0.069    0.010    0.201    0.037   -0.121    0.139    0.068
     0.093    0.196

 ( 31)
     0.120   -0.019    0.018    0.090   -0.015    0.021   -0.004    0.031
    -0.014   -0.057    0.059   -0.024    0.000    0.018   -0.016   -0.131
    -0.106    0.032    0.120    0.000    0.032    0.111   -0.044    0.022
     0.129   -0.016   -0.003    0.110   -0.016    0.021    0.109   -0.007
     0.019   -0.088    0.102   -0.066   -0.024    0.070   -0.023   -0.096
     0.024   -0.004

 ( 32)
    -0.061   -0.012    0.028    0.009    0.121    0.061    0.025   -0.012
    -0.032   -0.064   -0.031    0.027    0.075    0.000   -0.040   -0.008
    -0.042   -0.011   -0.037   -0.270   -0.149    0.101    0.153    0.003
    -0.295   -0.037    0.204    0.013    0.092    0.232    0.036    0.271
     0.040   -0.064    0.027    0.098   -0.137   -0.071    0.024   -0.071
    -0.059    0.002

 ( 33)
     0.008   -0.050   -0.021    0.003   -0.030    0.004   -0.011    0.023
     0.022    0.093    0.036   -0.042   -0.062    0.009    0.028   -0.018
    -0.013   -0.009   -0.011   -0.305   -0.302    0.227    0.249   -0.065
    -0.176   -0.099    0.286    0.040   -0.027   -0.032   -0.025   -0.059
     0.008    0.211   -0.103    0.148   -0.141    0.112   -0.066    0.259
     0.090   -0.257

 ( 34)
     0.108    0.073   -0.078    0.014    0.010    0.033    0.001   -0.022
     0.017   -0.091   -0.019    0.031   -0.094   -0.038    0.025    0.066
     0.017   -0.039    0.048    0.020   -0.276    0.273    0.201   -0.099
     0.054    0.050    0.053   -0.017    0.010    0.048   -0.016    0.048
     0.028   -0.148    0.062   -0.044   -0.005   -0.043    0.039   -0.169
    -0.065    0.108

 ( 35)
     0.034    0.017   -0.001    0.015    0.014    0.026    0.003   -0.010
    -0.008   -0.055   -0.015    0.025   -0.018    0.003   -0.007    0.021
     0.000   -0.024    0.031    0.177    0.141   -0.068   -0.172    0.025
     0.152    0.050   -0.195    0.000    0.008    0.067    0.025    0.057
     0.019    0.130   -0.109    0.468   -0.552    0.015   -0.015    0.218
     0.046   -0.356

 ( 36)
    -0.007   -0.095   -0.102    0.003    0.065    0.067   -0.003    0.013
     0.012    0.073    0.000    0.037   -0.060    0.041    0.015   -0.002
    -0.035   -0.041   -0.003   -0.020   -0.021   -0.005   -0.345   -0.070
    -0.020   -0.048   -0.351    0.050    0.032    0.243   -0.033    0.246
     0.041    0.050   -0.011   -0.043    0.173   -0.023    0.046    0.037
     0.024    0.126

 ( 37)
    -0.012   -0.006    0.113    0.000   -0.038    0.054   -0.012    0.004
     0.062   -0.010   -0.022    0.154   -0.033    0.083    0.061    0.000
    -0.029    0.007   -0.005   -0.031    0.108   -0.028    0.054    0.106
    -0.012   -0.017    0.172    0.000   -0.028   -0.004    0.016   -0.098
     0.063   -0.016    0.000    0.160    0.006   -0.082    0.159   -0.019
     0.003    0.198

 ( 38)
    -0.022   -0.054   -0.122   -0.027   -0.036   -0.091   -0.013    0.041
     0.003   -0.095    0.029    0.067    0.058    0.086   -0.003   -0.021
     0.055    0.029   -0.028   -0.101   -0.181    0.036   -0.019   -0.128
    -0.069   -0.060   -0.084    0.019   -0.032   -0.131   -0.086   -0.072
    -0.084   -0.092    0.075    0.127   -0.151   -0.010    0.065   -0.092
     0.018    0.047

 ( 39)
     0.041    0.069   -0.006    0.037    0.009   -0.067    0.037    0.019
    -0.058    0.077   -0.011    0.039    0.014    0.105   -0.060    0.033
    -0.040   -0.116    0.040    0.065   -0.012    0.022    0.134   -0.013
     0.065    0.057    0.057    0.013    0.021   -0.129    0.056   -0.055
    -0.058    0.079   -0.010    0.046    0.095   -0.073    0.045    0.081
     0.033    0.085

 ( 40)
    -0.047   -0.018    0.075    0.001    0.019    0.032   -0.043    0.057
    -0.037   -0.071    0.064   -0.055   -0.102    0.044   -0.032    0.005
     0.091   -0.075   -0.020   -0.043    0.119   -0.089   -0.027    0.078
    -0.069   -0.016    0.066    0.024    0.015    0.043    0.042    0.028
     0.030   -0.095    0.089   -0.098   -0.027    0.070   -0.052   -0.107
     0.038   -0.025

 ( 41)
    -0.063   -0.011   -0.024   -0.075   -0.049   -0.045   -0.066   -0.058
    -0.034   -0.035   -0.073    0.010   -0.070   -0.020   -0.035   -0.078
    -0.094   -0.055   -0.069   -0.005   -0.031   -0.068    0.017   -0.027
    -0.043   -0.017    0.004   -0.095   -0.043   -0.073   -0.070   -0.077
    -0.041   -0.029   -0.082    0.017   -0.032   -0.100    0.012   -0.026
    -0.046    0.026

 ( 42)
    -0.028    0.159   -0.028   -0.074    0.114    0.000   -0.036    0.038
     0.022    0.031    0.036    0.007   -0.014    0.028    0.021   -0.080
    -0.003    0.047   -0.052    0.206   -0.041   -0.015    0.150   -0.027
     0.017    0.160   -0.038   -0.119    0.115    0.010   -0.086    0.123
    -0.001    0.054   -0.011    0.021    0.015    0.051    0.005    0.066
     0.067   -0.013


 ==============================================================================
                      STATISTICAL THERMODYNAMICS ANALYSIS
 ==============================================================================

  Structure name    : meet-sulfone-g                                              
  Temperature       :   298.16 K
  Symmetry number   :   1
  Optical isomers   :   2
  Zero Point Energy :   69.635 Kcal/mol


                     ENERGY   ENTHALPY    ENTROPY  FREE ENERGY   HEAT CAPACITY
                  (Kcal/mol) (Kcal/mol)     (eu)   (Kcal/mol)    (cal/mol/deg)
  Translational       0.889      1.481     39.930    -10.424         4.967
     Rotational       0.889      0.889     26.987     -7.158         2.980
    Vibrational      72.391%    72.391%    15.486*    67.774%       20.181*
      Potential       3.504#     3.504#     0.000      3.504#        0.000
         Mixing       0.000      0.000      1.377     -0.411         0.000
          Total      77.673     78.265     83.779     53.286        28.129

  Enthalpy Function (H-Ho)/T     =   17.19 cal/mol/deg
  Free Energy Function -(G-Ho)/T =   66.59 cal/mol/deg

  % Includes zero point energy (ZPE).
  * Excludes contribution from frequencies lower than 40 (1/cm).
  # Includes steric energy (SE).
    Internal rotation contributions are not considered

  This structure has   0 imaginary frequencies,
                       0 free internal rotation (fir) frequencies
                         (>= 0,< 10 /cm),
                       0 restricted internal rotation (rir) frequencies
                         (>= 10,< 40 /cm),
                       6 zero frequencies, and
                      36 real frequencies.


      FINAL STERIC ENERGY IS      3.5043 KCAL/MOL.


                COMPRESSION       0.1060
                BENDING           2.0955
                BEND-BEND        -0.2113
                STRETCH-BEND      0.0843
                VANDERWAALS
                  1,4 ENERGY      2.0608
                  OTHER           0.2811
                H-BONDING         0.0000
                PI-COMPLX         0.0000

                TORSIONAL        -0.9119
                TORSION-STRETCH  -0.0001
                DIPOLE-DIPOLE     0.0000
                CHARGE-DIPOLE     0.0000
                CHARGE-CHARGE     0.0000

      -----------------------------------------------------------------

      COORDINATES TRANSLATED TO NEW ORIGIN WHICH IS CENTER OF MASS
         C(   1)     2.29289    -0.10976     0.01587   (  1)
         C(   2)     1.12736     0.64460    -0.63484   (  1)
         S(   3)    -0.42636     0.08351     0.05346   ( 18)
         C(   4)    -0.56449    -1.62543    -0.42369   (  1)
         O(   5)    -0.33510     0.13691     1.49292   (  7)
         O(   6)    -1.48142     0.80475    -0.61685   (  7)
         H(   7)     3.26548     0.25630    -0.37997   (  5)
         H(   8)     2.32544     0.02970     1.11833   (  5)
         H(   9)     2.26109    -1.20134    -0.18746   (  5)
         H(  10)     1.19876     1.73611    -0.44709   (  5)
         H(  11)     1.09255     0.48426    -1.73204   (  5)
         H(  12)    -1.55214    -2.00464    -0.09187   (  5)
         H(  13)    -0.48173    -1.69843    -1.52677   (  5)
         H(  14)     0.24125    -2.20983     0.06224   (  5)

      MOMENT OF INERTIA WITH THE PRINCIPAL AXES

          (1)  UNIT = 10**(-39) GM*CM**2
               IX=   19.9648    IY=   34.4440    IZ=   35.8626

          (2)  UNIT = AU A**2
               IX=  120.2440    IY=  207.4494    IZ=  215.9932



      MOLECULAR POLARIZABILITIES (A**3)
        ALPHA(1)   =      13.14
        ALPHA(2)   =      12.83
        ALPHA(3)   =      14.73
        AVG. ALPHA =      13.57



      DIPOLE MOMENT =          4.411 D


        COMPONENTS WITH PRINCIPAL AXES

                          X = -2.9055    Y =  2.3488    Z =  2.3445


      -----------------------------------------------------------------

        END OF meet-sulfone-g                                              


           TOTAL CPU TIME IS      0.04 SECONDS.

           THIS JOB COMPLETED AT    12:02:10
