1
               ---------------------------------------------
               WARNING : INCORRECT ATOM TYPES GIVEN IN INPUT
                         DATA ARE CORRECTED AS FOLLOWS
               ---------------------------------------------


             Atom type of atom    1 is replaced by   1 (was   0)
             Atom type of atom    2 is replaced by  18 (was   0)
             Atom type of atom    3 is replaced by   7 (was   0)
             Atom type of atom    4 is replaced by   7 (was   0)
             Atom type of atom    5 is replaced by   1 (was   0)
             Atom type of atom    6 is replaced by   1 (was   0)
             Atom type of atom    7 is replaced by   1 (was   0)
             Atom type of atom    8 is replaced by   5 (was   0)
             Atom type of atom    9 is replaced by   5 (was   0)
             Atom type of atom   10 is replaced by   5 (was   0)
             Atom type of atom   11 is replaced by   5 (was   0)
             Atom type of atom   12 is replaced by   5 (was   0)
             Atom type of atom   13 is replaced by   5 (was   0)
             Atom type of atom   14 is replaced by   5 (was   0)
             Atom type of atom   15 is replaced by   5 (was   0)
1     sulfolane-envelope                                          

               CHEMICAL FORMULA :  C(   4)  H(   8)  O(   2)  S(   1) 
               FORMULA WEIGHT   :    120.026
                                                               DATE 28-MAY-23
                                                               TIME  12:20:30


          THE COORDINATES OF   15 ATOMS ARE READ IN.
          SOME CONSTANTS WILL BE READ IN.

      CONFORMATIONAL ENERGY, PART 1:  GEOMETRY AND STERIC ENERGY
                                      OF INITIAL CONFORMATION.


      CONNECTED ATOMS
         1-   2-   5-   6-   7-   1-

      ATTACHED ATOMS
         1-   8,   1-   9,   2-   3,   2-   4,   5-  10,   5-  11,   6-  12,
         6-  13,   7-  14,   7-  15,

      INITIAL ATOMIC COORDINATES
           ATOM         X           Y           Z       TYPE
         C(   1)    -0.58221    -1.39986     0.07252   (  1)
         S(   2)     0.68320    -0.14097    -0.07003   ( 18)
         O(   3)     1.57238    -0.51087    -1.16505   (  7)
         O(   4)     1.15427     0.15564     1.27826   (  7)
         C(   5)    -0.31368     1.24748    -0.60369   (  1)
         C(   6)    -1.75292     0.90743    -0.13696   (  1)
         C(   7)    -1.90729    -0.61442     0.25177   (  1)
         H(   8)    -0.32315    -2.06568     0.90992   (  5)
         H(   9)    -0.56849    -1.95796    -0.87907   (  5)
         H(  10)    -0.24081     1.27261    -1.70426   (  5)
         H(  11)     0.10635     2.16867    -0.17167   (  5)
         H(  12)    -2.48241     1.16532    -0.93594   (  5)
         H(  13)    -2.02278     1.52828     0.74620   (  5)
         H(  14)    -2.70995    -1.07800    -0.36292   (  5)
         H(  15)    -2.24653    -0.67767     1.30967   (  5)

      THIS MOLECULE CONTAINS

                     1 5-MEMBERED RING(S)


          DIELECTRIC CONSTANT =  1.500


      INITIAL STERIC ENERGY IS     13.6616 KCAL/MOL.

                  COMPRESSION       1.6346
                  BENDING           3.3197
                  BEND-BEND         0.0497
                  STRETCH-BEND     -0.0905
                  VANDERWAALS
                    1,4 ENERGY      3.1100
                    OTHER          -0.3335
                  H-BONDING         0.0000
                  PI-COMPLX         0.0000

                  TORSIONAL         6.5599
                  TORSION-STRETCH  -0.5882
                  DIPOLE-DIPOLE     0.0000
                  CHARGE-DIPOLE     0.0000
                  CHARGE-CHARGE     0.0000


      MOLECULAR POLARIZABILITIES (A**3)
        ALPHA(1)   =      16.38
        ALPHA(2)   =      15.23
        ALPHA(3)   =      14.95
        AVG. ALPHA =      15.52



      DIPOLE MOMENT =          4.543 D


      CPU TIME FOR INITIAL CALCULATION IS     0.02 SECONDS.


1     sulfolane-envelope                                          


     CONFORMATIONAL ENERGY, PART 2: GEOMETRY MINIMIZATION

                            =====================
                            FULL-MATRIX OPTIMIZER
                            =====================


     iter.  rms force   max force   avg. move    max move  atom  convg  d-time

        0    6.771774   20.409317   0.01026 A   0.05000 A   11    [N]     0.0s
        1    6.309671   18.987053   0.01025 A   0.05000 A   10    [N]     0.0s
        2    5.478823   16.765274   0.01030 A   0.05000 A   10    [N]     0.0s
        3    4.264925   13.262732   0.01045 A   0.05000 A   10    [N]     0.0s
        4    2.670595    8.436497   0.01072 A   0.05000 A    9    [N]     0.0s
        5    0.726764    2.404819   0.00348 A   0.01520 A    9    [N]     0.0s
        6    0.016679    0.039346   0.00008 A   0.00037 A   15    [N]     0.0s
        7    0.000024    0.000064                                 [Y]     0.0s


      TOTAL ENERGY IS     11.4100 KCAL/MOL.

        COMPRESS    0.8272      VDW 1,4    2.9093      DIPL-DIPL    0.0000
        BENDING     4.7834        OTHER   -0.3212      CHRG-DIPL    0.0000
        STR-BEND   -0.1127      TORSION    3.6846      CHRG-CHRG    0.0000
        BEND-BEND   0.0708      TOR-STR   -0.4313      EPR          0.0000
        H-BONDING   0.0000      PI-CMPL    0.0000
0     DELTA(T) =     0.0 SEC.          ELAPSED TIME =     0.0 SEC.


    * * * ENERGY IS STATIONARY WITHIN RMS OF FORCES   0.00010  Kcal/mol/A * * *

                 * * * *  RMS FORCE IS   0.00002 Kcal/mol/A * * * *

1     sulfolane-envelope                                          

               CHEMICAL FORMULA :  C(   4)  H(   8)  O(   2)  S(   1) 
               FORMULA WEIGHT   :    120.026
                                                               DATE : 28-MAY-23

           * M M 3 * * * * * * * * * * * 2 0 0 0 *
           *                                     *   PARAMETER RELIABILITY
           *                                     *
           *                                     *   BLANK = GOOD
           *                                     *       B = FAIR
           *                                     *       C = TRIAL
           *                                     *       R = READ IN
           *                                     *       S = SUBSTITUTED
           *                                     *       U = PARAMETER NOT EXIST
           *                                     *
           *                                     *   THIS IS SHOWN AT THE END 
           *                                     *   OF THE LINE.
           * * * * * * * * * * * * * * * * * * * * 


      CONFORMATIONAL ENERGY, PART 3:  GEOMETRY AND STERIC ENERGY
                                      OF FINAL CONFORMATION.

      CONNECTED ATOMS
         1-   2-   5-   6-   7-   1-

      ATTACHED ATOMS
         1-   8,   1-   9,   2-   3,   2-   4,   5-  10,   5-  11,   6-  12,
         6-  13,   7-  14,   7-  15,

      FINAL ATOMIC COORDINATE
           ATOM         X           Y           Z       TYPE
         C(   1)    -0.44290    -1.32135    -0.36581   (  1)
         S(   2)     0.69049     0.00000     0.03653   ( 18)
         O(   3)     1.79526     0.00000    -0.89268   (  7)
         O(   4)     0.91536     0.00000     1.46241   (  7)
         C(   5)    -0.44290     1.32135    -0.36580   (  1)
         C(   6)    -1.84310     0.78375     0.01548   (  1)
         C(   7)    -1.84310    -0.78375     0.01548   (  1)
         H(   8)    -0.14662    -2.24221     0.17471   (  5)
         H(   9)    -0.36986    -1.49486    -1.45962   (  5)
         H(  10)    -0.36986     1.49486    -1.45961   (  5)
         H(  11)    -0.14662     2.24221     0.17472   (  5)
         H(  12)    -2.61491     1.18324    -0.67881   (  5)
         H(  13)    -2.11094     1.14451     1.03472   (  5)
         H(  14)    -2.61491    -1.18324    -0.67882   (  5)
         H(  15)    -2.11094    -1.14451     1.03471   (  5)

      THIS MOLECULE CONTAINS

                     1 5-MEMBERED RING(S)


          DIELECTRIC CONSTANT =  1.500


      BOND LENGTHS AND STRETCHING ENERGY   (   15 BONDS)

        ENERGY = 71.94(KS)(DR)(DR)(1-(CS)(DR)+(7/12)((CS)(DR))**2)
                          DR = R-RO
                          CS =  2.550
                                                         R(0)-CORR        CORR
          BOND        LENGTH   R(0)    K(S)  ENERGY   E-NEG   MISCEL       KS
    C(   1)- S(   2)  1.7867  1.7800  3.100  0.0099                             
    C(   1)- C(   7)  1.5476  1.5258  4.490  0.1447                             
    C(   1)- H(   8)  1.1081  1.1090  4.777  0.0003 -0.0030              0.097  
    C(   1)- H(   9)  1.1099  1.1090  4.777  0.0003 -0.0030              0.097  
    S(   2)- O(   3)  1.4436  1.4420  9.420  0.0017                             
    S(   2)- O(   4)  1.4435  1.4420  9.420  0.0015                             
    S(   2)- C(   5)  1.7867  1.7800  3.100  0.0099                             
    C(   5)- C(   6)  1.5476  1.5258  4.490  0.1447                             
    C(   5)- H(  10)  1.1099  1.1090  4.777  0.0003 -0.0030              0.097  
    C(   5)- H(  11)  1.1081  1.1090  4.777  0.0003 -0.0030              0.097  
    C(   6)- C(   7)  1.5675  1.5258  4.490  0.5055                             
    C(   6)- H(  12)  1.1124  1.1108  4.719  0.0008 -0.0012              0.039  
    C(   6)- H(  13)  1.1139  1.1108  4.719  0.0032 -0.0012              0.039  
    C(   7)- H(  14)  1.1124  1.1108  4.719  0.0008 -0.0012              0.039  
    C(   7)- H(  15)  1.1139  1.1108  4.719  0.0032 -0.0012              0.039  


      NON-BONDED DISTANCES, VDW AND EPR ENERGY   (     60 PAIRS)

              E(VDW) = KV*(1.84(10**5)EXP(-12.00/P) - 2.25(P**6))
              E(EPR) = C*KV*(1.84(10**5)EXP(-12.00/Q) - 2.25(Q**6))
              E(HBD) = EP1-EP2*COS(THETA)*RTH/RTH0
                            EP1 = KHB*1.84(10**5)*EXP(-12.0/P)
                            EP2 = KHB*2.25(P**6)

            IF P > 3.020, THEN,
              E(VDW) = KV(192.270)(P**2)
              E(HBD) = EP1-EP2*COS(THETA)*RTH/RTH0
                            EP1 = KHB*(192.270*P**2+1706.96)
                            EP2 = KHB*1706.96

               WHERE   RV = RVDW(I) + RVDW(K)
                       KV = SQRT(EPS(I)*EPS(K))
                      KHB = EPS/DIELEC  FOR HYDROGEN BOND
                        P = (RV/R) OR (RV/R#)
                        C = SCALE FACTOR
                        Q = RV/R, WHERE R IS MODIFIED DISTANCE
                    THETA = ANGLE H-X-Y IN HYDROGEN BOND X-H...Y
                      RTH = BOND LENGTH X-H IN X-H...Y
                     RTH0 = NATURAL BOND LENGTH X-H

          # IN THE VDW CALCULATIONS THE HYDROGEN ATOMS ARE RELOCATED
          SO THAT THE ATTACHED HYDROGEN DISTANCE IS REDUCED BY 0.923

          # IN THE VDW CALCULATIONS THE DEUTERIUM ATOMS ARE RELOCATED
          SO THAT THE ATTACHED DEUTERIUM DISTANCE IS REDUCED BY  0.923

         ATOM PAIR          R       R#       RV      KV       ENERGY
      C(   1), O(   3)   2.6520
      C(   1), O(   4)   2.6331
      C(   1), C(   5)   2.6427
      C(   1), C(   6)   2.5568
      C(   1), H(  10)   3.0221   2.9799   3.560   0.0230     0.0333  1,4       
      C(   1), H(  11)   3.6165   3.5387   3.560   0.0230    -0.0257  1,4       
      C(   1), H(  12)   3.3300   3.2635   3.560   0.0230    -0.0166  1,4       
      C(   1), H(  13)   3.2900   3.2258   3.560   0.0230    -0.0133  1,4       
      C(   1), H(  14)   2.1988
      C(   1), H(  15)   2.1852
      S(   2), C(   6)   2.6521
      S(   2), C(   7)   2.6521
      S(   2), H(   8)   2.3974
      S(   2), H(   9)   2.3659
      S(   2), H(  10)   2.3659
      S(   2), H(  11)   2.3974
      S(   2), H(  12)   3.5829   3.5075   3.770   0.0636    -0.0548  1,4       
      S(   2), H(  13)   3.1866   3.1346   3.770   0.0636     0.1102  1,4       
      S(   2), H(  14)   3.5829   3.5075   3.770   0.0636    -0.0548  1,4       
      S(   2), H(  15)   3.1866   3.1346   3.770   0.0636     0.1102  1,4       
      O(   3), O(   4)   2.5141
      O(   3), C(   5)   2.6520
      O(   3), C(   6)   3.8310            3.860   0.0399    -0.0446  1,4       
      O(   3), C(   7)   3.8310            3.860   0.0399    -0.0446  1,4       
      O(   3), H(   8)   3.1524   3.1027   3.440   0.0344    -0.0176  1,4       
      O(   3), H(   9)   2.6914   2.6721   3.440   0.0344     0.2139  1,4       
      O(   3), H(  10)   2.6914   2.6721   3.440   0.0344     0.2139  1,4       
      O(   3), H(  11)   3.1524   3.1027   3.440   0.0344    -0.0176  1,4       
      O(   3), H(  12)   4.5711   4.5087   3.440   0.0344    -0.0143            
      O(   3), H(  13)   4.5037   4.4456   3.440   0.0344    -0.0154            
      O(   3), H(  14)   4.5711   4.5087   3.440   0.0344    -0.0143            
      O(   3), H(  15)   4.5037   4.4456   3.440   0.0344    -0.0154            
      O(   4), C(   5)   2.6331
      O(   4), C(   6)   3.2120            3.860   0.0399     0.0678  1,4       
      O(   4), C(   7)   3.2120            3.860   0.0399     0.0678  1,4       
      O(   4), H(   8)   2.7953   2.7674   3.440   0.0344     0.1206  1,4       
      O(   4), H(   9)   3.5249   3.4517   3.440   0.0344    -0.0384  1,4       
      O(   4), H(  10)   3.5249   3.4517   3.440   0.0344    -0.0384  1,4       
      O(   4), H(  11)   2.7953   2.7674   3.440   0.0344     0.1206  1,4       
      O(   4), H(  12)   4.2951   4.2111   3.440   0.0344    -0.0203            
      O(   4), H(  13)   3.2636   3.2461   3.440   0.0344    -0.0331            
      O(   4), H(  14)   4.2951   4.2111   3.440   0.0344    -0.0203            
      O(   4), H(  15)   3.2636   3.2461   3.440   0.0344    -0.0331            
      C(   5), C(   7)   2.5568
      C(   5), H(   8)   3.6165   3.5387   3.560   0.0230    -0.0257  1,4       
      C(   5), H(   9)   3.0221   2.9799   3.560   0.0230     0.0333  1,4       
      C(   5), H(  12)   2.1988
      C(   5), H(  13)   2.1852
      C(   5), H(  14)   3.3300   3.2635   3.560   0.0230    -0.0166  1,4       
      C(   5), H(  15)   3.2900   3.2258   3.560   0.0230    -0.0133  1,4       
      C(   6), H(   8)   3.4727   3.3981   3.560   0.0230    -0.0235  1,4       
      C(   6), H(   9)   3.0884   3.0364   3.560   0.0230     0.0175  1,4       
      C(   6), H(  10)   2.2027
      C(   6), H(  11)   2.2429
      C(   6), H(  14)   2.2241
      C(   6), H(  15)   2.1974
      C(   7), H(   8)   2.2429
      C(   7), H(   9)   2.2027
      C(   7), H(  10)   3.0884   3.0364   3.560   0.0230     0.0175  1,4       
      C(   7), H(  11)   3.4727   3.3981   3.560   0.0230    -0.0235  1,4       
      C(   7), H(  12)   2.2241
      C(   7), H(  13)   2.1974
      H(   8), H(   9)   1.8109
      H(   8), H(  10)   4.0849   3.9574   3.240   0.0200    -0.0120            
      H(   8), H(  11)   4.4844   4.3426   3.240   0.0200    -0.0074            
      H(   8), H(  12)   4.3075   4.1612   3.240   0.0200    -0.0093            
      H(   8), H(  13)   4.0085   3.8960   3.240   0.0200    -0.0129            
      H(   8), H(  14)   2.8182   2.7030   3.240   0.0200     0.0317  1,4       
      H(   8), H(  15)   2.4090   2.3408   3.240   0.0200     0.3155  1,4       
      H(   9), H(  10)   2.9897   2.9630   3.240   0.0200    -0.0139            
      H(   9), H(  11)   4.0849   3.9574   3.240   0.0200    -0.0120            
      H(   9), H(  12)   3.5808   3.5004   3.240   0.0200    -0.0197            
      H(   9), H(  13)   4.0273   3.8895   3.240   0.0200    -0.0130            
      H(   9), H(  14)   2.3973   2.3288   3.240   0.0200     0.3343  1,4       
      H(   9), H(  15)   3.0620   2.9172   3.240   0.0200    -0.0097  1,4       
      H(  10), H(  11)   1.8109
      H(  10), H(  12)   2.3973   2.3288   3.240   0.0200     0.3343  1,4       
      H(  10), H(  13)   3.0620   2.9172   3.240   0.0200    -0.0097  1,4       
      H(  10), H(  14)   3.5808   3.5004   3.240   0.0200    -0.0197            
      H(  10), H(  15)   4.0273   3.8895   3.240   0.0200    -0.0130            
      H(  11), H(  12)   2.8182   2.7030   3.240   0.0200     0.0317  1,4       
      H(  11), H(  13)   2.4090   2.3408   3.240   0.0200     0.3155  1,4       
      H(  11), H(  14)   4.3075   4.1612   3.240   0.0200    -0.0093            
      H(  11), H(  15)   4.0085   3.8960   3.240   0.0200    -0.0129            
      H(  12), H(  13)   1.7865
      H(  12), H(  14)   2.3665   2.3050   3.240   0.0200     0.3745  1,4       
      H(  12), H(  15)   2.9340   2.8048   3.240   0.0200     0.0064  1,4       
      H(  13), H(  14)   2.9340   2.8048   3.240   0.0200     0.0064  1,4       
      H(  13), H(  15)   2.2890   2.2335   3.240   0.0200     0.5210  1,4       
      H(  14), H(  15)   1.7865


      BOND ANGLES, BENDING AND STRETCH-BEND ENERGIES   (   30 ANGLES)

          EB = 0.021914(KB)(DT)(DT)(1+CF*DT+QF*DT**2+PF*DT**3+SF*DT**4)
                          DT = THETA-TZERO
                          CF = -1400.000E-5
                          QF =     5.600E-5
                          PF =    -0.070E-5
                          SF =     0.022E-6
          ESB(J) = 2.51124(KSB(J))(DT)(DR1+DR2)
                          DR(I) = R(I) - R0(I)
          EBDBD  = -0.02191418(KBB1)(DT1)(KBB2)(DT2)

          A T O M S            THETA    TZERO     KB     EB     KSB    ESB
   S(   2)- C(   1)- C(   7)  105.162  109.800  0.870  0.4373  0.13 -0.0431     
   S(   2)- C(   1)- H(   8)  109.580  106.000  0.690  0.1842  0.08  0.0042     
   S(   2)- C(   1)- H(   9)  107.204  106.000  0.690  0.0216  0.08  0.0018     
   C(   7)- C(   1)- H(   8)  114.231  109.310  0.590  0.2919  0.08  0.0206     
   C(   7)- C(   1)- H(   9)  110.895  109.310  0.590  0.0318  0.08  0.0072     
   H(   8)- C(   1)- H(   9)  109.464  107.600  0.550  0.0408                   
   C(   1)- S(   2)- O(   3)  109.908  106.900  1.100  0.2090 -0.04 -0.0025     
   C(   1)- S(   2)- O(   4)  108.739  106.900  1.100  0.0794 -0.04 -0.0015     
   C(   1)- S(   2)- C(   5)   95.384  105.000  0.850  1.9647  0.28 -0.0911     
   O(   3)- S(   2)- O(   4)  121.104  119.500  1.485  0.0819 -0.04 -0.0005     
   O(   3)- S(   2)- C(   5)  109.908  106.900  1.100  0.2090 -0.04 -0.0025     
   O(   4)- S(   2)- C(   5)  108.739  106.900  1.100  0.0794 -0.04 -0.0015     
   S(   2)- C(   5)- C(   6)  105.162  109.800  0.870  0.4373  0.13 -0.0431     
   S(   2)- C(   5)- H(  10)  107.204  106.000  0.690  0.0216  0.08  0.0018     
   S(   2)- C(   5)- H(  11)  109.580  106.000  0.690  0.1842  0.08  0.0042     
   C(   6)- C(   5)- H(  10)  110.895  109.310  0.590  0.0318  0.08  0.0072     
   C(   6)- C(   5)- H(  11)  114.231  109.310  0.590  0.2919  0.08  0.0206     
   H(  10)- C(   5)- H(  11)  109.464  107.600  0.550  0.0408                   
   C(   5)- C(   6)- C(   7)  110.328  111.000  0.670  0.0067  0.13 -0.0139     
   C(   5)- C(   6)- H(  12)  110.441  109.310  0.590  0.0163  0.08  0.0053     
   C(   5)- C(   6)- H(  13)  109.299  109.310  0.590  0.0000  0.08 -0.0001     
   C(   7)- C(   6)- H(  12)  111.048  109.310  0.590  0.0381  0.08  0.0151     
   C(   7)- C(   6)- H(  13)  108.898  109.310  0.590  0.0022  0.08 -0.0037     
   H(  12)- C(   6)- H(  13)  106.737  107.600  0.550  0.0091                   
   C(   1)- C(   7)- C(   6)  110.328  111.000  0.670  0.0067  0.13 -0.0139     
   C(   1)- C(   7)- H(  14)  110.441  109.310  0.590  0.0163  0.08  0.0053     
   C(   1)- C(   7)- H(  15)  109.299  109.310  0.590  0.0000  0.08 -0.0001     
   C(   6)- C(   7)- H(  14)  111.047  109.310  0.590  0.0381  0.08  0.0151     
   C(   6)- C(   7)- H(  15)  108.898  109.310  0.590  0.0022  0.08 -0.0037     
   H(  14)- C(   7)- H(  15)  106.737  107.600  0.550  0.0091                   


     DIHEDRAL ANGLES, TORSIONAL ENERGY (ET)   (   45 ANGLES)

           ET = (V1/2)(1+COS(W))+(V2/2)(1-COS(2W))+(V3/2)(1+COS(3W))

           ETS = -11.995*(R-R0)((KTS1/2)(1+COS(W))+
                                (KTS2/2)(1-COS(2W)+
                                (KTS3/2)(1+COS(3W))

           SIGN OF ANGLE A-B-C-D : WHEN LOOKING THROUGH B TOWARD C,
           IF D IS COUNTERCLOCKWISE FROM A, NEGATIVE.

         A T O M S               OMEGA    V1     V2     V3     ET   KTS3   ETS
 C(   1) S(   2) C(   5) C(   6)  33.7 -0.870 -0.580  0.890 -0.615              
 C(   1) S(   2) C(   5) H(  10) -84.4  0.000  0.000  0.315  0.112              
 C(   1) S(   2) C(   5) H(  11) 156.9  0.000  0.000  0.315  0.102              
 C(   1) C(   7) C(   6) C(   5)   0.0  0.185  0.170  1.160  1.345 0.059-0.030  
 C(   1) C(   7) C(   6) H(  12) 122.8  0.000  0.000  0.280  0.279 0.059-0.029  
 C(   1) C(   7) C(   6) H(  13)-120.0  0.000  0.000  0.280  0.280 0.059-0.030  
 S(   2) C(   1) C(   7) C(   6)  23.4 -1.500  0.320  0.100 -1.321 0.059-0.010  
 S(   2) C(   1) C(   7) H(  14) 146.6  0.000  0.000  0.650  0.383 0.059-0.009 B
 S(   2) C(   1) C(   7) H(  15) -96.3  0.000  0.000  0.650  0.430 0.059-0.010 B
 S(   2) C(   5) C(   6) C(   7) -23.4 -1.500  0.320  0.100 -1.321 0.059-0.010  
 S(   2) C(   5) C(   6) H(  12)-146.6  0.000  0.000  0.650  0.383 0.059-0.009 B
 S(   2) C(   5) C(   6) H(  13)  96.3  0.000  0.000  0.650  0.430 0.059-0.010 B
 O(   3) S(   2) C(   1) C(   7)-147.1 -0.500  0.000  0.100  0.017              
 O(   3) S(   2) C(   1) H(   8)  89.7  0.000  0.000  0.320  0.157              
 O(   3) S(   2) C(   1) H(   9) -29.0  0.000  0.000  0.320  0.168              
 O(   3) S(   2) C(   5) C(   6) 147.1 -0.500  0.000  0.100  0.017              
 O(   3) S(   2) C(   5) H(  10)  29.0  0.000  0.000  0.320  0.168              
 O(   3) S(   2) C(   5) H(  11) -89.7  0.000  0.000  0.320  0.157              
 O(   4) S(   2) C(   1) C(   7)  78.2 -0.500  0.000  0.100 -0.280              
 O(   4) S(   2) C(   1) H(   8) -45.0  0.000  0.000  0.320  0.047              
 O(   4) S(   2) C(   1) H(   9)-163.7  0.000  0.000  0.320  0.055              
 O(   4) S(   2) C(   5) C(   6) -78.2 -0.500  0.000  0.100 -0.280              
 O(   4) S(   2) C(   5) H(  10) 163.7  0.000  0.000  0.320  0.055              
 O(   4) S(   2) C(   5) H(  11)  45.0  0.000  0.000  0.320  0.047              
 C(   5) S(   2) C(   1) C(   7) -33.7 -0.870 -0.580  0.890 -0.615              
 C(   5) S(   2) C(   1) H(   8)-156.9  0.000  0.000  0.315  0.102              
 C(   5) S(   2) C(   1) H(   9)  84.4  0.000  0.000  0.315  0.112              
 C(   5) C(   6) C(   7) H(  14)-122.8  0.000  0.000  0.280  0.279 0.059-0.029  
 C(   5) C(   6) C(   7) H(  15) 120.0  0.000  0.000  0.280  0.280 0.059-0.030  
 C(   6) C(   7) C(   1) H(   8) 143.6  0.000  0.000  0.280  0.186 0.059-0.010  
 C(   6) C(   7) C(   1) H(   9) -92.1  0.000  0.000  0.280  0.156 0.059-0.009  
 C(   7) C(   6) C(   5) H(  10)  92.1  0.000  0.000  0.280  0.156 0.059-0.009  
 C(   7) C(   6) C(   5) H(  11)-143.6  0.000  0.000  0.280  0.186 0.059-0.010  
 H(   8) C(   1) C(   7) H(  14) -93.2  0.000  0.000  0.238  0.139 0.059-0.009  
 H(   8) C(   1) C(   7) H(  15)  23.9  0.000  0.000  0.238  0.156 0.059-0.010  
 H(   9) C(   1) C(   7) H(  14)  31.0  0.000  0.000  0.238  0.113 0.059-0.007  
 H(   9) C(   1) C(   7) H(  15) 148.2  0.000  0.000  0.238  0.130 0.059-0.008  
 H(  10) C(   5) C(   6) H(  12) -31.0  0.000  0.000  0.238  0.113 0.059-0.007  
 H(  10) C(   5) C(   6) H(  13)-148.2  0.000  0.000  0.238  0.130 0.059-0.008  
 H(  11) C(   5) C(   6) H(  12)  93.2  0.000  0.000  0.238  0.139 0.059-0.009  
 H(  11) C(   5) C(   6) H(  13) -23.9  0.000  0.000  0.238  0.156 0.059-0.010  
 H(  12) C(   6) C(   7) H(  14)   0.0  0.000  0.000  0.238  0.238 0.059-0.030  
 H(  12) C(   6) C(   7) H(  15)-117.2  0.000  0.000  0.238  0.237 0.059-0.029  
 H(  13) C(   6) C(   7) H(  14) 117.2  0.000  0.000  0.238  0.237 0.059-0.029  
 H(  13) C(   6) C(   7) H(  15)   0.0  0.000  0.000  0.238  0.238 0.059-0.030  


 ==============================================================================
                        NORMAL MODE VIBRATIONAL ANALYSIS
 ==============================================================================


             Molecular Shape : ASYMMETRIC ROTOR WITH KAPPA =-0.842538
        Symmetry Point Group : Cs  
             Symmetry Number :  1
                   Chirality :  no



0       FUNDAMENTAL NORMAL VIBRATIONAL FREQUENCIES
                ( THEORETICALLY  39 VALUES )

             Frequency :  in 1/cm
             A(i)      :  IR intensity (vs,s,m,w,vw,-- or in 10**6 cm/mole)
             A(i) = -- :  IR inactive


             no       Frequency   Symmetry      A(i)

             1.          2990.8     (A`  )        m
             2.          2989.4     (A"  )        m
             3.          2944.4     (A`  )        s
             4.          2939.1     (A"  )        w
             5.          2924.2     (A`  )        w
             6.          2923.4     (A"  )        m
             7.          2891.2     (A`  )        m
             8.          2880.1     (A"  )        w
             9.          1430.3     (A`  )        w
            10.          1411.7     (A"  )       vw
            11.          1400.5     (A`  )        w
            12.          1373.8     (A"  )        w
            13.          1368.1     (A`  )        m
            14.          1347.6     (A"  )        w
            15.          1346.3     (A`  )        m
            16.          1280.9     (A`  )        w
            17.          1280.5     (A"  )       vw
            18.          1219.6     (A`  )        w
            19.          1186.7     (A"  )       vw
            20.          1162.0     (A`  )        w
            21.          1133.7     (A"  )       vw
            22.          1122.7     (A`  )        w
            23.          1020.6     (A`  )        w
            24.           950.9     (A"  )        w
            25.           944.8     (A"  )        w
            26.           881.7     (A`  )        w
            27.           842.4     (A"  )        w
            28.           811.8     (A`  )        w
            29.           746.5     (A"  )        w
            30.           743.5     (A`  )        w
            31.           689.5     (A`  )        w
            32.           540.2     (A`  )        w
            33.           539.0     (A"  )        w
            34.           397.2     (A`  )        w
            35.           359.1     (A`  )        w
            36.           349.6     (A"  )        m
            37.           317.7     (A"  )        w
            38.           154.4     (A`  )        w
            39.           -67.2     (imag)        w
            40.     (       0.0)    (t/r )
            41.     (       0.0)    (t/r )
            42.     (       0.0)    (t/r )
            43.     (       0.0)    (t/r )
            44.     (       0.0)    (t/r )
            45.     (       0.0)    (t/r )


0       CORRESPONDING EIGEN VECTOR MATRIX   45 BY  45



 (  1)
    -0.011    0.034   -0.054    0.000    0.000    0.000    0.000    0.000
     0.000    0.000    0.000    0.000   -0.011   -0.035   -0.054    0.001
     0.000   -0.002    0.001    0.000   -0.002    0.147   -0.456    0.261
    -0.025    0.059    0.378   -0.025   -0.059    0.378    0.148    0.456
     0.261    0.010   -0.003    0.006   -0.012    0.005    0.023    0.010
     0.003    0.006   -0.012   -0.005    0.023

 (  2)
    -0.010    0.034   -0.054    0.000    0.000    0.000    0.000    0.000
     0.000    0.000    0.001    0.000    0.010    0.034    0.054    0.000
     0.000    0.002    0.000    0.000   -0.002    0.147   -0.454    0.260
    -0.026    0.060    0.382    0.026    0.060   -0.382   -0.147   -0.454
    -0.259   -0.013    0.004   -0.008    0.012   -0.004   -0.021    0.013
     0.004    0.008   -0.012   -0.004    0.021

 (  3)
     0.002   -0.005   -0.001    0.000    0.000    0.000    0.000    0.000
     0.000    0.000    0.000    0.000    0.002    0.005   -0.001   -0.025
     0.007   -0.057   -0.025   -0.007   -0.057   -0.013    0.047   -0.026
    -0.009    0.009    0.036   -0.009   -0.009    0.036   -0.013   -0.047
    -0.026    0.382   -0.205    0.336   -0.089    0.127    0.344    0.382
     0.205    0.336   -0.089   -0.127    0.344

 (  4)
    -0.002    0.006    0.001    0.000    0.000    0.000    0.000    0.000
     0.000    0.000    0.000    0.000    0.002    0.006   -0.001   -0.025
     0.006   -0.058    0.025    0.006    0.058    0.016   -0.055    0.031
     0.010   -0.011   -0.046   -0.010   -0.011    0.046   -0.016   -0.055
    -0.031    0.382   -0.192    0.335   -0.091    0.118    0.350   -0.382
    -0.192   -0.335    0.091    0.118   -0.350

 (  5)
     0.014   -0.038   -0.032    0.000    0.000    0.000    0.000    0.000
     0.000    0.000    0.000    0.000    0.014    0.038   -0.032   -0.005
     0.003    0.010   -0.005   -0.003    0.010   -0.107    0.326   -0.172
    -0.042    0.103    0.536   -0.042   -0.103    0.537   -0.107   -0.326
    -0.172    0.013   -0.003    0.003    0.033   -0.043   -0.111    0.013
     0.003    0.003    0.033    0.043   -0.111

 (  6)
     0.014   -0.038   -0.031    0.000    0.001    0.000    0.000    0.000
     0.000    0.000    0.000    0.000   -0.014   -0.038    0.031    0.003
    -0.002   -0.010   -0.003   -0.002    0.010   -0.108    0.332   -0.175
    -0.042    0.103    0.536    0.042    0.103   -0.535    0.108    0.331
     0.175    0.006   -0.007    0.012   -0.029    0.035    0.099   -0.006
    -0.007   -0.012    0.029    0.035   -0.099

 (  7)
    -0.001    0.007    0.004    0.000    0.000    0.000    0.000    0.000
     0.000    0.000    0.000    0.000   -0.001   -0.007    0.004   -0.037
     0.031    0.022   -0.037   -0.031    0.022    0.017   -0.064    0.036
     0.006   -0.016   -0.080    0.006    0.016   -0.080    0.017    0.064
     0.036    0.279   -0.151    0.230    0.146   -0.191   -0.489    0.279
     0.151    0.230    0.146    0.191   -0.489

 (  8)
     0.000   -0.005   -0.003    0.000    0.000    0.000    0.000    0.000
     0.000    0.000    0.000    0.000    0.000   -0.005    0.003   -0.038
     0.028    0.022    0.038    0.028   -0.022   -0.011    0.047   -0.027
    -0.004    0.012    0.060    0.004    0.012   -0.060    0.011    0.047
     0.027    0.285   -0.149    0.235    0.148   -0.182   -0.493   -0.285
    -0.149   -0.235   -0.148   -0.182    0.493

 (  9)
     0.015   -0.006   -0.004    0.000    0.000    0.000    0.000    0.000
     0.000    0.000    0.000    0.000    0.015    0.006   -0.004   -0.039
     0.058    0.009   -0.039   -0.058    0.009   -0.048    0.014    0.076
    -0.057    0.064   -0.024   -0.057   -0.064   -0.024   -0.048   -0.014
     0.076    0.103   -0.232   -0.356    0.283   -0.292    0.246    0.103
     0.232   -0.356    0.283    0.292    0.246

 ( 10)
    -0.045    0.031    0.012    0.000    0.000    0.000    0.000    0.001
     0.000    0.000    0.000    0.000    0.045    0.031   -0.012   -0.080
    -0.015    0.015    0.080   -0.015   -0.015    0.083   -0.033   -0.200
     0.148   -0.187    0.073   -0.148   -0.187   -0.073   -0.083   -0.033
     0.200    0.192    0.028   -0.296    0.349    0.003    0.141   -0.192
     0.028    0.296   -0.349    0.003   -0.141

 ( 11)
    -0.048    0.053    0.017    0.007    0.000   -0.012   -0.009    0.000
     0.011    0.001    0.000    0.012   -0.048   -0.053    0.017    0.049
     0.080   -0.008    0.049   -0.080   -0.008    0.061   -0.055   -0.272
     0.176   -0.271    0.101    0.176    0.271    0.101    0.061    0.055
    -0.272   -0.131   -0.177    0.047   -0.165   -0.210    0.040   -0.131
     0.177    0.047   -0.165    0.210    0.040

 ( 12)
    -0.028    0.035    0.014    0.000   -0.002    0.000    0.000    0.001
     0.000    0.000    0.000    0.000    0.028    0.035   -0.014   -0.011
    -0.057    0.004    0.011   -0.057   -0.004    0.047   -0.062   -0.221
     0.104   -0.237    0.079   -0.104   -0.237   -0.079   -0.047   -0.062
     0.221   -0.053    0.269    0.255   -0.185    0.308   -0.182    0.053
     0.269   -0.255    0.185    0.308    0.182

 ( 13)
    -0.025   -0.020    0.009    0.044    0.000   -0.103   -0.085    0.000
     0.076    0.011    0.000    0.107   -0.025    0.020    0.009    0.011
     0.012   -0.003    0.011   -0.012   -0.003   -0.008    0.044    0.122
     0.114    0.231   -0.025    0.114   -0.231   -0.025   -0.008   -0.044
     0.122   -0.029   -0.015    0.027   -0.029    0.001   -0.011   -0.029
     0.015    0.027   -0.029   -0.001   -0.011

 ( 14)
     0.015    0.024    0.010    0.000   -0.001    0.000    0.000    0.000
     0.000    0.000    0.001    0.000   -0.015    0.024   -0.010    0.062
     0.060   -0.021   -0.062    0.060    0.021    0.026   -0.137   -0.290
     0.069   -0.334    0.082   -0.069   -0.334   -0.082   -0.026   -0.137
     0.290   -0.114   -0.231    0.010   -0.132   -0.282    0.045    0.114
    -0.231   -0.010    0.132   -0.282   -0.045

 ( 15)
    -0.012    0.012    0.017    0.009    0.000   -0.032   -0.024    0.000
     0.023    0.004    0.000    0.037   -0.012   -0.012    0.017   -0.045
    -0.070    0.013   -0.045    0.070    0.013    0.073   -0.121   -0.273
     0.145   -0.269    0.083    0.145    0.269    0.083    0.073    0.121
    -0.273    0.190    0.113   -0.146    0.281    0.159    0.020    0.190
    -0.113   -0.146    0.281   -0.159    0.020

 ( 16)
    -0.105   -0.038   -0.010    0.017    0.000    0.039    0.009    0.000
    -0.013   -0.012    0.000   -0.063   -0.105    0.037   -0.010    0.017
    -0.011    0.007    0.017    0.011    0.007    0.299    0.135    0.067
     0.333    0.164   -0.016    0.333   -0.164   -0.016    0.299   -0.135
     0.067    0.126    0.072   -0.059    0.029   -0.050    0.024    0.126
    -0.073   -0.059    0.029    0.050    0.024

 ( 17)
     0.105    0.043    0.000    0.000   -0.009    0.000    0.000    0.000
     0.000    0.000    0.002    0.000   -0.106    0.043    0.000    0.008
    -0.022    0.011   -0.008   -0.022   -0.011   -0.267   -0.095   -0.038
    -0.420   -0.182    0.001    0.420   -0.182   -0.001    0.268   -0.095
     0.038    0.120    0.062   -0.060    0.111    0.086    0.001   -0.120
     0.062    0.060   -0.111    0.086   -0.001

 ( 18)
     0.015   -0.001   -0.030    0.003    0.000   -0.010   -0.012    0.000
     0.010    0.004    0.000    0.019    0.015    0.001   -0.030   -0.003
    -0.018    0.026   -0.003    0.018    0.026   -0.012    0.000   -0.020
    -0.094   -0.078   -0.032   -0.094    0.078   -0.032   -0.012    0.000
    -0.020    0.271    0.380   -0.043   -0.284   -0.374    0.082    0.271
    -0.380   -0.043   -0.284    0.374    0.082

 ( 19)
     0.018    0.007    0.016    0.000    0.002    0.000    0.000    0.000
     0.000    0.000    0.000    0.000   -0.018    0.007   -0.016   -0.009
    -0.012   -0.042    0.009   -0.012    0.042   -0.266   -0.084    0.022
     0.213    0.079    0.023   -0.213    0.079   -0.023    0.266   -0.084
    -0.022    0.201    0.379   -0.059   -0.177   -0.340    0.021   -0.201
     0.379    0.059    0.177   -0.340   -0.021

 ( 20)
    -0.010    0.000    0.004    0.067    0.000    0.014   -0.091    0.000
     0.068   -0.021    0.000   -0.066   -0.010    0.000    0.004    0.004
     0.000   -0.022    0.004    0.000   -0.022    0.293    0.094   -0.001
    -0.396   -0.129    0.000   -0.396    0.129    0.000    0.293   -0.094
    -0.001   -0.031   -0.033   -0.007    0.032    0.017   -0.025   -0.031
     0.033   -0.007    0.032   -0.017   -0.025

 ( 21)
     0.022    0.001   -0.024    0.000    0.008    0.000    0.000   -0.003
     0.000    0.000    0.002    0.000   -0.022    0.001    0.024    0.017
    -0.006   -0.014   -0.017   -0.006    0.014   -0.421   -0.134   -0.014
     0.363    0.070   -0.016   -0.363    0.070    0.016    0.421   -0.134
     0.014   -0.122   -0.208    0.026    0.187    0.215   -0.051    0.122
    -0.208   -0.026   -0.187    0.215    0.051

 ( 22)
    -0.022   -0.003    0.012   -0.057    0.000   -0.026    0.083    0.000
    -0.056    0.027    0.000    0.121   -0.022    0.003    0.012    0.010
    -0.011   -0.020    0.010    0.011   -0.020    0.384    0.123    0.003
    -0.224   -0.013    0.001   -0.224    0.013    0.001    0.384   -0.123
     0.003   -0.013   -0.036   -0.009    0.023   -0.032   -0.013   -0.013
     0.036   -0.009    0.023    0.032   -0.013

 ( 23)
    -0.069    0.047    0.012   -0.001    0.000    0.000    0.017    0.000
    -0.009    0.002    0.000    0.012   -0.069   -0.047    0.012    0.057
     0.099   -0.012    0.057   -0.099   -0.012   -0.182    0.055    0.081
    -0.152   -0.028    0.021   -0.152    0.028    0.021   -0.182   -0.055
     0.081    0.196    0.259   -0.075    0.142    0.223   -0.034    0.196
    -0.259   -0.075    0.142   -0.223   -0.034

 ( 24)
     0.079    0.009   -0.054    0.000   -0.028    0.000    0.000   -0.005
     0.000    0.000    0.007    0.000   -0.079    0.009    0.054    0.090
     0.003   -0.058   -0.090    0.003    0.058    0.282    0.139    0.058
     0.199   -0.066   -0.037   -0.199   -0.066    0.037   -0.282    0.139
    -0.058    0.131    0.147   -0.017    0.203    0.068   -0.056   -0.131
     0.147    0.017   -0.203    0.068    0.056

 ( 25)
    -0.040    0.010   -0.072    0.000    0.007    0.000    0.000   -0.002
     0.000    0.000    0.004    0.000    0.040    0.010    0.072   -0.060
    -0.006   -0.095    0.060   -0.006    0.095   -0.096    0.127    0.157
    -0.105   -0.228   -0.041    0.105   -0.228    0.041    0.096    0.127
    -0.157   -0.255    0.074    0.165    0.165   -0.154    0.015    0.255
     0.074   -0.165   -0.165   -0.154   -0.015

 ( 26)
    -0.015   -0.026    0.106   -0.003    0.000   -0.007    0.015    0.000
    -0.005   -0.014    0.000   -0.038   -0.015    0.026    0.106    0.024
    -0.014   -0.056    0.024    0.014   -0.056   -0.033   -0.242   -0.259
    -0.123    0.309    0.046   -0.123   -0.309    0.046   -0.033    0.242
    -0.259   -0.013    0.110    0.060    0.093   -0.162    0.013   -0.013
    -0.110    0.060    0.093    0.162    0.013

 ( 27)
    -0.017    0.123    0.002    0.000   -0.073    0.000    0.000    0.013
     0.000    0.000    0.010    0.000    0.017    0.123   -0.002    0.004
    -0.038    0.038   -0.004   -0.038   -0.038   -0.070    0.242    0.231
     0.099   -0.069    0.046   -0.099   -0.069   -0.046    0.070    0.242
    -0.231    0.026   -0.168   -0.062   -0.155   -0.046   -0.003   -0.026
    -0.168    0.062    0.155   -0.046    0.003

 ( 28)
    -0.075   -0.003   -0.013    0.006    0.000    0.004    0.005    0.000
    -0.002    0.001    0.000    0.014   -0.075    0.003   -0.013    0.089
    -0.108    0.009    0.089    0.108    0.009   -0.242   -0.021    0.047
    -0.140   -0.057   -0.009   -0.140    0.057   -0.009   -0.242    0.021
     0.047    0.110   -0.273   -0.106   -0.047   -0.068   -0.046    0.110
     0.273   -0.106   -0.047    0.068   -0.046

 ( 29)
     0.022    0.061    0.073    0.000   -0.066    0.000    0.000    0.018
     0.000    0.000    0.006    0.000   -0.022    0.061   -0.073   -0.019
    -0.006   -0.051    0.019   -0.006    0.051    0.085   -0.074   -0.205
    -0.058    0.333    0.023    0.058    0.333   -0.023   -0.085   -0.074
     0.205   -0.190    0.027    0.162    0.191   -0.079    0.032    0.190
     0.027   -0.162   -0.191   -0.079   -0.033

 ( 30)
    -0.001   -0.103   -0.011    0.018    0.000    0.006    0.008    0.000
    -0.023   -0.007    0.000    0.021   -0.001    0.103   -0.011   -0.008
     0.056    0.049   -0.008   -0.056    0.049    0.045   -0.197   -0.195
    -0.085    0.047   -0.045   -0.085   -0.047   -0.045    0.045    0.197
    -0.195    0.125   -0.118   -0.209   -0.262    0.222   -0.081    0.125
     0.118   -0.209   -0.262   -0.222   -0.081

 ( 31)
    -0.038   -0.110   -0.035    0.046    0.000    0.023    0.009    0.000
    -0.047   -0.016    0.000    0.061   -0.038    0.110   -0.035   -0.009
     0.015   -0.033   -0.009   -0.015   -0.033   -0.118   -0.084    0.064
    -0.021   -0.223   -0.016   -0.021    0.223   -0.016   -0.118    0.084
     0.064   -0.166    0.112    0.203    0.191   -0.115    0.071   -0.166
    -0.112    0.203    0.191    0.115    0.071

 ( 32)
    -0.003   -0.071   -0.026   -0.087    0.000   -0.015    0.001    0.000
     0.130    0.113    0.000   -0.059   -0.003    0.071   -0.026    0.036
     0.016   -0.005    0.036   -0.016   -0.005    0.014   -0.048    0.007
    -0.001   -0.091   -0.023   -0.001    0.091   -0.023    0.014    0.048
     0.007   -0.006    0.019    0.045    0.078   -0.007    0.015   -0.006
    -0.019    0.045    0.078    0.007    0.015

 ( 33)
    -0.079    0.034    0.026    0.000    0.068    0.000    0.000   -0.001
     0.000    0.000   -0.031    0.000    0.079    0.034   -0.026    0.107
    -0.097   -0.027   -0.107   -0.097    0.027   -0.039    0.018   -0.025
    -0.115    0.064    0.018    0.115    0.064   -0.018    0.039    0.018
     0.025    0.091   -0.057    0.018    0.144   -0.095   -0.018   -0.091
    -0.057   -0.018   -0.144   -0.095    0.018

 ( 34)
    -0.044   -0.011    0.053    0.036    0.000   -0.060    0.147    0.000
     0.053   -0.011    0.000   -0.064   -0.044    0.011    0.053   -0.072
    -0.004    0.016   -0.072    0.004    0.016   -0.064    0.036    0.149
    -0.045   -0.129    0.074   -0.045    0.129    0.074   -0.064   -0.036
     0.149   -0.048   -0.012   -0.017   -0.121    0.000    0.002   -0.048
     0.012   -0.017   -0.121    0.000    0.002

 ( 35)
    -0.059    0.053   -0.061    0.037    0.000    0.041    0.027    0.000
     0.029    0.132    0.000    0.033   -0.059   -0.053   -0.061   -0.074
    -0.006   -0.013   -0.074    0.006   -0.013   -0.070   -0.025   -0.192
    -0.086    0.185   -0.086   -0.086   -0.185   -0.086   -0.070    0.025
    -0.192   -0.092    0.005    0.012   -0.028   -0.002   -0.003   -0.092
    -0.005    0.012   -0.028    0.002   -0.003

 ( 36)
     0.062    0.037    0.066    0.000    0.065    0.000    0.000   -0.052
     0.000    0.000   -0.163    0.000   -0.062    0.037   -0.066   -0.037
     0.016   -0.009    0.037    0.016    0.009    0.079    0.086    0.143
     0.094   -0.045    0.083   -0.094   -0.045   -0.083   -0.079    0.086
    -0.143   -0.083   -0.019    0.023    0.001    0.017    0.001    0.083
    -0.019   -0.023   -0.001    0.017   -0.001

 ( 37)
     0.030    0.048   -0.060    0.000    0.040    0.000    0.000   -0.181
     0.000    0.000    0.072    0.000   -0.030    0.048    0.060   -0.025
    -0.031    0.025    0.025   -0.031   -0.025    0.069    0.014   -0.142
     0.018    0.133   -0.076   -0.018    0.133    0.076   -0.069    0.014
     0.142   -0.031   -0.039    0.026   -0.060   -0.078    0.033    0.031
    -0.039   -0.026    0.060   -0.078   -0.033

 ( 38)
    -0.004    0.020   -0.082   -0.002    0.000   -0.024    0.068    0.000
     0.058   -0.114    0.000   -0.007   -0.004   -0.020   -0.082    0.032
     0.003    0.081    0.032   -0.003    0.081    0.040   -0.030   -0.192
    -0.082    0.135   -0.106   -0.082   -0.135   -0.105    0.040    0.030
    -0.192   -0.046    0.009    0.172    0.157    0.003    0.114   -0.046
    -0.009    0.172    0.157   -0.004    0.114

 ( 39)
     0.011   -0.022    0.039    0.000    0.003    0.000    0.000   -0.012
     0.000    0.000    0.046    0.000   -0.011   -0.022   -0.039    0.031
     0.003    0.112   -0.031    0.003   -0.112   -0.028    0.024    0.137
     0.090   -0.119    0.060   -0.090   -0.119   -0.060    0.028    0.024
    -0.137   -0.076    0.145    0.313    0.235   -0.139    0.216    0.076
     0.145   -0.313   -0.235   -0.139   -0.216

 ( 40)
     0.014   -0.019   -0.015    0.018   -0.003   -0.077   -0.032    0.011
    -0.136    0.094    0.002   -0.089   -0.022   -0.019   -0.019    0.006
    -0.038    0.057    0.027   -0.038    0.059    0.056   -0.014   -0.030
    -0.042   -0.020   -0.019   -0.082   -0.020   -0.023   -0.005   -0.014
    -0.036   -0.036   -0.049    0.098    0.056   -0.040    0.071   -0.004
    -0.049    0.101    0.087   -0.040    0.074

 ( 41)
     0.092   -0.062    0.040    0.059   -0.033    0.039    0.067   -0.015
     0.048    0.047   -0.017    0.041    0.032   -0.062    0.019    0.041
    -0.090    0.012    0.077   -0.090    0.024    0.108   -0.051    0.049
     0.105   -0.068    0.042    0.037   -0.068    0.019    0.007   -0.051
     0.015    0.038   -0.113    0.003    0.025   -0.089    0.007    0.092
    -0.113    0.021    0.077   -0.089    0.025

 ( 42)
    -0.020    0.000    0.023    0.040   -0.038   -0.021    0.043   -0.122
    -0.018    0.036    0.003   -0.020    0.102    0.000   -0.071    0.076
     0.078   -0.056    0.004    0.078    0.000   -0.064    0.006    0.057
    -0.025   -0.042    0.030    0.113   -0.042   -0.077    0.143    0.006
    -0.104    0.096    0.089   -0.073    0.090    0.127   -0.070   -0.013
     0.089    0.012   -0.016    0.127    0.012

 ( 43)
     0.076    0.058   -0.012    0.045    0.083   -0.009    0.055    0.099
     0.002    0.031    0.098   -0.007    0.023    0.058   -0.030    0.030
     0.033   -0.041    0.061    0.033   -0.030    0.089    0.068   -0.003
     0.091    0.052   -0.010    0.031    0.052   -0.031   -0.001    0.068
    -0.034    0.029    0.012   -0.052    0.012    0.034   -0.046    0.076
     0.012   -0.035    0.058    0.034   -0.030

 ( 44)
     0.015   -0.050   -0.004   -0.024   -0.007   -0.034   -0.001   -0.022
    -0.006   -0.060    0.061   -0.028   -0.044   -0.050   -0.120   -0.042
    -0.065   -0.132   -0.006   -0.065   -0.063    0.023   -0.019    0.044
     0.047   -0.096    0.005   -0.021   -0.096   -0.126   -0.079   -0.019
    -0.153   -0.033   -0.113   -0.169   -0.075   -0.026   -0.154    0.020
    -0.113   -0.065   -0.024   -0.026   -0.054

 ( 45)
     0.019    0.007   -0.140    0.018   -0.025   -0.033    0.036    0.029
    -0.011   -0.010   -0.117   -0.028    0.033    0.007    0.030    0.022
    -0.010   -0.032    0.014   -0.010   -0.133    0.004   -0.029   -0.193
     0.040    0.077   -0.150    0.055    0.077    0.042    0.026   -0.029
     0.094    0.038    0.038   -0.022    0.004   -0.074   -0.015    0.026
     0.038   -0.174   -0.008   -0.074   -0.162


 ==============================================================================
                      STATISTICAL THERMODYNAMICS ANALYSIS
 ==============================================================================

  Structure name    : sulfolane-envelope                                          
  Temperature       :   298.16 K
  Symmetry number   :   1
  Optical isomers   :   1
  Zero Point Energy :   74.102 Kcal/mol


                     ENERGY   ENTHALPY    ENTROPY  FREE ENERGY   HEAT CAPACITY
                  (Kcal/mol) (Kcal/mol)     (eu)   (Kcal/mol)    (cal/mol/deg)
  Translational       0.889      1.481     40.244    -10.518         4.967
     Rotational       0.889      0.889     27.479     -7.305         2.980
    Vibrational      76.149%    76.149%    10.446*    73.034%       18.025*
      Potential      11.410#    11.410#     0.000     11.410#        0.000
         Mixing       0.000      0.000      0.000      0.000         0.000
          Total      89.336     89.929     78.170     66.622        25.973

  Enthalpy Function (H-Ho)/T     =   14.81 cal/mol/deg
  Free Energy Function -(G-Ho)/T =   63.36 cal/mol/deg

  % Includes zero point energy (ZPE).
  * Excludes contribution from frequencies lower than 40 (1/cm).
  # Includes steric energy (SE).
    Internal rotation contributions are not considered

  This structure has   1 imaginary frequencies,
                       0 free internal rotation (fir) frequencies
                         (>= 0,< 10 /cm),
                       0 restricted internal rotation (rir) frequencies
                         (>= 10,< 40 /cm),
                       6 zero frequencies, and
                      38 real frequencies.


      FINAL STERIC ENERGY IS     11.4100 KCAL/MOL.


                COMPRESSION       0.8272
                BENDING           4.7834
                BEND-BEND         0.0708
                STRETCH-BEND     -0.1127
                VANDERWAALS
                  1,4 ENERGY      2.9093
                  OTHER          -0.3212
                H-BONDING         0.0000
                PI-COMPLX         0.0000

                TORSIONAL         3.6846
                TORSION-STRETCH  -0.4313
                DIPOLE-DIPOLE     0.0000
                CHARGE-DIPOLE     0.0000
                CHARGE-CHARGE     0.0000

      -----------------------------------------------------------------

      COORDINATES TRANSLATED TO NEW ORIGIN WHICH IS CENTER OF MASS
         C(   1)    -0.44290    -1.32135    -0.36581   (  1)
         S(   2)     0.69049     0.00000     0.03653   ( 18)
         O(   3)     1.79526     0.00000    -0.89268   (  7)
         O(   4)     0.91536     0.00000     1.46241   (  7)
         C(   5)    -0.44290     1.32135    -0.36580   (  1)
         C(   6)    -1.84310     0.78375     0.01548   (  1)
         C(   7)    -1.84310    -0.78375     0.01548   (  1)
         H(   8)    -0.14662    -2.24221     0.17471   (  5)
         H(   9)    -0.36986    -1.49486    -1.45962   (  5)
         H(  10)    -0.36986     1.49486    -1.45961   (  5)
         H(  11)    -0.14662     2.24221     0.17472   (  5)
         H(  12)    -2.61491     1.18324    -0.67881   (  5)
         H(  13)    -2.11094     1.14451     1.03472   (  5)
         H(  14)    -2.61491    -1.18324    -0.67882   (  5)
         H(  15)    -2.11094    -1.14451     1.03471   (  5)

      MOMENT OF INERTIA WITH THE PRINCIPAL AXES

          (1)  UNIT = 10**(-39) GM*CM**2
               IX=   22.3163    IY=   41.0402    IZ=   44.2102

          (2)  UNIT = AU A**2
               IX=  134.4068    IY=  247.1771    IZ=  266.2692



      MOLECULAR POLARIZABILITIES (A**3)
        ALPHA(1)   =      16.53
        ALPHA(2)   =      14.90
        ALPHA(3)   =      14.69
        AVG. ALPHA =      15.38



      DIPOLE MOMENT =          4.725 D


        COMPONENTS WITH PRINCIPAL AXES

                          X =  4.4368    Y =  0.0000    Z =  1.6252


      -----------------------------------------------------------------

        END OF sulfolane-envelope                                          


           TOTAL CPU TIME IS      0.04 SECONDS.

           THIS JOB COMPLETED AT    12:20:30
