                      Atom    1 should be a PI atom
                      Atom    2 should be a PI atom
                      Atom    3 should be a PI atom
                      Atom    4 should be a PI atom
1
               ---------------------------------------------
               WARNING : INCORRECT ATOM TYPES GIVEN IN INPUT
                         DATA ARE CORRECTED AS FOLLOWS
               ---------------------------------------------


             Atom type of atom    1 is replaced by   2 (was   0)
             Atom type of atom    2 is replaced by   2 (was   0)
             Atom type of atom    3 is replaced by   2 (was   0)
             Atom type of atom    4 is replaced by   2 (was   0)
             Atom type of atom    5 is replaced by   5 (was   0)
             Atom type of atom    6 is replaced by   5 (was   0)
             Atom type of atom    7 is replaced by   1 (was   0)
             Atom type of atom    8 is replaced by   5 (was   0)
             Atom type of atom    9 is replaced by   5 (was   0)
             Atom type of atom   10 is replaced by   5 (was   0)
             Atom type of atom   11 is replaced by   5 (was   0)
             Atom type of atom   12 is replaced by   5 (was   0)
             Atom type of atom   13 is replaced by   5 (was   0)
1     2-me-1,3-butadiene-trans                                    

               CHEMICAL FORMULA :  C(   5)  H(   8) 
               FORMULA WEIGHT   :     68.064
                                                               DATE 26-MAY-23
                                                               TIME  12:39:33


          THE COORDINATES OF   13 ATOMS ARE READ IN.
          SOME CONSTANTS WILL BE READ IN.

      CONFORMATIONAL ENERGY, PART 1:  GEOMETRY AND STERIC ENERGY
                                      OF INITIAL CONFORMATION.


      CONNECTED ATOMS
         1-   2-   3-   4-
         2-   7-

      ATTACHED ATOMS
         1-   5,   1-   6,   3-   8,   4-   9,   4-  10,   7-  11,   7-  12,
         7-  13,

      INITIAL ATOMIC COORDINATES
           ATOM         X           Y           Z       TYPE
         C(   1)    -1.58182    -0.89767     0.00000   (  2) PI-ATOM
         C(   2)    -0.50557    -0.08322     0.00000   (  2) PI-ATOM
         C(   3)     0.85031    -0.66293     0.00000   (  2) PI-ATOM
         C(   4)     1.98091     0.06609     0.00000   (  2) PI-ATOM
         H(   5)    -2.60573    -0.49127     0.00000   (  5)
         H(   6)    -1.46950    -1.99378     0.00000   (  5)
         C(   7)    -0.70454     1.41407     0.00000   (  1)
         H(   8)     0.94948    -1.76297     0.00000   (  5)
         H(   9)     2.96577    -0.42919     0.00000   (  5)
         H(  10)     1.96420     1.16666     0.00000   (  5)
         H(  11)    -0.24606     1.88039     0.90006   (  5)
         H(  12)    -0.24606     1.88039    -0.90006   (  5)
         H(  13)    -1.77982     1.69804     0.00000   (  5)

      VESCF CALCULATION FOR PLANAR SYSTEM

           ITER  1 VO=  -1.823136( -1144.40KCAL/MOL)
           ITER  2 VO=  -1.830303( -1148.90KCAL/MOL)     DIFF =   0.007168
           ITER  3 VO=  -1.831911( -1149.91KCAL/MOL)     DIFF =   0.001607
           ITER  4 VO=  -1.832290( -1150.15KCAL/MOL)     DIFF =   0.000379
           ITER  5 VO=  -1.832376( -1150.20KCAL/MOL)     DIFF =   0.000086
           ITER  6 VO=  -1.832396( -1150.21KCAL/MOL)     DIFF =   0.000020
           ITER  7 VO=  -1.832400( -1150.22KCAL/MOL)     DIFF =   0.000004

                VESCF SEQUENCE REQUIRES   0.00 SECONDS.


          DIELECTRIC CONSTANT =  1.500


      INITIAL STERIC ENERGY IS      5.8650 KCAL/MOL.

                  COMPRESSION       0.2745
                  BENDING           0.5311
                  BEND-BEND        -0.0191
                  STRETCH-BEND     -0.0365
                  VANDERWAALS
                    1,4 ENERGY      2.6214
                    OTHER           0.7263
                  H-BONDING         0.0000
                  PI-COMPLX         0.0000

                  TORSIONAL        -1.7800
                  TORSION-STRETCH   0.0000
                  DIPOLE-DIPOLE     3.5474
                  CHARGE-DIPOLE     0.0000
                  CHARGE-CHARGE     0.0000


      MOLECULAR POLARIZABILITIES (A**3)
        ALPHA(1)   =      11.72
        ALPHA(2)   =       9.60
        ALPHA(3)   =       7.00
        AVG. ALPHA =       9.44



      DIPOLE MOMENT =          0.255 D


        PI-DIPOLE MOMENT    =  0.0174

        SIGMA-DIPOLE MOMENT =  0.2518


      E (INDP/INDP) =         -2.787 KCAL/MOLE
      DIPOLE MOMENT =          0.370 D (INCLUDES INDUCED BOND MOMENTS)
      *NOTE*  E (INDP/INDP) IS NOT INCLUDED IN THE INITIAL STERIC ENERGY

        SIGMA-DIPOLE MOMENT =  0.3655 (INCLUDES INDUCED BOND MOMENTS)

      PLANAR
      ------
      F-MATRIX
       -0.20608 -0.21160 -0.01260  0.01677
       -0.20705 -0.09823 -0.01100
       -0.20674 -0.21235
       -0.20552

      H-CORE MATRIX
       -1.01863 -0.07506 -0.01200 -0.00106
       -1.15341 -0.06265 -0.01101
       -1.15659 -0.07559
       -1.01589

      GAMMA MATRIX
        0.40874  0.28311  0.19142  0.13530
        0.40971  0.26995  0.18855
        0.40966  0.28357
        0.40864

      MOLECULAR ORBITALS
        0.43326  0.55887  0.56016  0.43146
        0.56335  0.42628 -0.42524 -0.56577
        0.56624 -0.43922 -0.42546  0.55267
        0.41748 -0.55950  0.56954 -0.43393

      EIGENVALUES
       -0.47833 -0.37363 -0.01602  0.04256

      DENSITY MATRIX
        1.01016
        0.96457  0.98811
        0.00628  0.26358  0.98923
       -0.26357 -0.00008  0.96456  1.01251

      ELECTRON DENSITIES
         1.0102   0.9881   0.9892   1.0125

      ORIGINAL EFFECTIVE NUCLEAR CHARGES
        3.25000  3.25000  3.25000  3.25000

      FINAL EFFECTIVE NUCLEAR CHARGES
        3.24645  3.25416  3.25377  3.24562

      BOND ORDERS  (P) AND RESONANCE INTEGRALS (B) FOR PI-BONDS
           BOND        P(W)      P(0)      B(0)     P*B(0)
           1-   2    0.9646    0.9646    0.9944    0.9591
           2-   3    0.2636    0.2636    0.8300    0.2188
           3-   4    0.9646    0.9646    1.0013    0.9658

      BOND ENERGY FROM VESCF CALCULATION(KCAL/MOL)
           SIGMA-BOND   -233.75
           PI-BOND      -120.37
           TOTAL ENERGY -354.12

      CPU TIME FOR INITIAL CALCULATION IS     0.02 SECONDS.


1     2-me-1,3-butadiene-trans                                    


     CONFORMATIONAL ENERGY, PART 2: GEOMETRY MINIMIZATION

               GEOMETRY OPTIMIZATION IS CONTINUED UNTIL ATOM
               MOVEMENT CONVERGES WITHIN FOLLOWING VALUES:

                         AVERAGE MOVEMENT  0.00011 A
                         MAXIMUM MOVEMENT  0.00108 A



     <<<<<<<<<<<<<<<<<<<<<<<<<<  C Y C L E   1 >>>>>>>>>>>>>>>>>>>>>>>>>>

                              (CH)-MOVEMENT = 1

       ITER    1   AVG. MOVE = 0.00005 A   (MAX MOVE : ATOM    2   0.00035 A)  
       ITER    2   AVG. MOVE = 0.00001 A   (MAX MOVE : ATOM    1   0.00018 A)  


     <<<<<<<<<<<<<<<<<<<<<<<<<<  C Y C L E   2 >>>>>>>>>>>>>>>>>>>>>>>>>>

                              (CH)-MOVEMENT = 0

       ITER    3   AVG. MOVE = 0.00000 A   (MAX MOVE : ATOM    9   0.00002 A)  


              * * * * * * * * * GEOMETRY IS OPTIMIZED * * * * * * * * *

               WITHIN : AVERAGE MOVEMENT  0.00000 A (LIMIT  0.00011 A)
                        MAXIMUM MOVEMENT  0.00002 A (LIMIT  0.00108 A)

               GRADIENT
                  RMS GRADIENT                0.001140 KCAL/MOL/A

                  MAX GRADIENT
                    X-DIRECTION : ATOM #   1   0.005056 KCAL/MOL/A
                    Y-DIRECTION : ATOM #   2   0.002409 KCAL/MOL/A
                    Z-DIRECTION : ATOM #  11   0.000208 KCAL/MOL/A

        DELTA TIME =    0.00 SEC.       TOTAL CPU TIME =      0.02 SEC.


                            =====================
                            FULL-MATRIX OPTIMIZER
                            =====================


     iter.  rms force   max force   avg. move    max move  atom  convg  d-time

        0    0.001251    0.004870   0.00001 A   0.00005 A    9    [N]     0.0s
        1    0.000044    0.000093                                 [Y]     0.0s


      TOTAL ENERGY IS      5.8649 KCAL/MOL.

        COMPRESS    0.2784      VDW 1,4    2.6193      DIPL-DIPL    3.5473
        BENDING     0.5306        OTHER    0.7252      CHRG-DIPL    0.0000
        STR-BEND   -0.0369      TORSION   -1.7800      CHRG-CHRG    0.0000
        BEND-BEND  -0.0191      TOR-STR    0.0000      EPR          0.0000
        H-BONDING   0.0000      PI-CMPL    0.0000
0     DELTA(T) =     0.0 SEC.          ELAPSED TIME =     0.0 SEC.


    * * * ENERGY IS STATIONARY WITHIN RMS OF FORCES   0.00010  Kcal/mol/A * * *

                 * * * *  RMS FORCE IS   0.00004 Kcal/mol/A * * * *

1     2-me-1,3-butadiene-trans                                    

               CHEMICAL FORMULA :  C(   5)  H(   8) 
               FORMULA WEIGHT   :     68.064
                                                               DATE : 26-MAY-23

           * M M 3 * * * * * * * * * * * 2 0 0 0 *
           *                                     *   PARAMETER RELIABILITY
           *                                     *
           *                                     *   BLANK = GOOD
           *                                     *       B = FAIR
           *                                     *       C = TRIAL
           *                                     *       R = READ IN
           *                                     *       S = SUBSTITUTED
           *                                     *       U = PARAMETER NOT EXIST
           *                                     *
           *                                     *   THIS IS SHOWN AT THE END 
           *                                     *   OF THE LINE.
           * * * * *  P I - S Y S T E M  * * * * * 


      CONFORMATIONAL ENERGY, PART 3:  GEOMETRY AND STERIC ENERGY
                                      OF FINAL CONFORMATION.

      CONNECTED ATOMS
         1-   2-   3-   4-
         2-   7-

      ATTACHED ATOMS
         1-   5,   1-   6,   3-   8,   4-   9,   4-  10,   7-  11,   7-  12,
         7-  13,

      FINAL ATOMIC COORDINATE
           ATOM         X           Y           Z       TYPE  PI #
         C(   1)    -1.58169    -0.89790     0.00000   (  2)    1
         C(   2)    -0.50576    -0.08327     0.00000   (  2)    2
         C(   3)     0.85075    -0.66286     0.00000   (  2)    3
         C(   4)     1.98102     0.06640     0.00000   (  2)    4
         H(   5)    -2.60570    -0.49177     0.00000   (  5)
         H(   6)    -1.46907    -1.99398     0.00000   (  5)
         C(   7)    -0.70500     1.41398     0.00000   (  1)
         H(   8)     0.95017    -1.76288     0.00000   (  5)
         H(   9)     2.96602    -0.42858     0.00000   (  5)
         H(  10)     1.96397     1.16696     0.00000   (  5)
         H(  11)    -0.24659     1.88037     0.90006   (  5)
         H(  12)    -0.24659     1.88037    -0.90006   (  5)
         H(  13)    -1.78033     1.69776     0.00000   (  5)

      PLANAR
      ------
      F-MATRIX
       -0.20608 -0.21160 -0.01260  0.01677
       -0.20705 -0.09823 -0.01100
       -0.20674 -0.21235
       -0.20552

      H-CORE MATRIX
       -1.01863 -0.07506 -0.01200 -0.00106
       -1.15341 -0.06265 -0.01101
       -1.15659 -0.07559
       -1.01589

      GAMMA MATRIX
        0.40874  0.28311  0.19142  0.13530
        0.40971  0.26995  0.18855
        0.40966  0.28357
        0.40864

      MOLECULAR ORBITALS
        0.43326  0.55887  0.56016  0.43146
        0.56335  0.42628 -0.42524 -0.56577
        0.56624 -0.43922 -0.42546  0.55267
        0.41748 -0.55950  0.56954 -0.43393

      EIGENVALUES
       -0.47833 -0.37363 -0.01602  0.04256

      DENSITY MATRIX
        1.01016
        0.96457  0.98811
        0.00628  0.26358  0.98923
       -0.26357 -0.00008  0.96456  1.01251

      ELECTRON DENSITIES
         1.0102   0.9881   0.9892   1.0125

      ORIGINAL EFFECTIVE NUCLEAR CHARGES
        3.25000  3.25000  3.25000  3.25000

      FINAL EFFECTIVE NUCLEAR CHARGES
        3.24645  3.25416  3.25377  3.24562

      BOND ORDERS  (P) AND RESONANCE INTEGRALS (B) FOR PI-BONDS
           BOND        P(W)      P(0)      B(0)     P*B(0)
           1-   2    0.9646    0.9646    0.9944    0.9591
           2-   3    0.2636    0.2636    0.8300    0.2188
           3-   4    0.9646    0.9646    1.0013    0.9658

      BOND ENERGY FROM VESCF CALCULATION(KCAL/MOL)
           SIGMA-BOND   -233.75
           PI-BOND      -120.37
           TOTAL ENERGY -354.12


          DIELECTRIC CONSTANT =  1.500


      BOND LENGTHS AND STRETCHING ENERGY   (   12 BONDS)

        ENERGY = 71.94(KS)(DR)(DR)(1-(CS)(DR)+(7/12)((CS)(DR))**2)
                          DR = R-RO
                          CS =  2.550
                                                         R(0)-CORR        CORR
          BOND        LENGTH   R(0)    K(S)  ENERGY   E-NEG   MISCEL       KS
    C(   1)- C(   2)  1.3495  1.3380  7.400  0.0686                             
    C(   1)- H(   5)  1.1016  1.1010  5.150  0.0001                             
    C(   1)- H(   6)  1.1018  1.1010  5.150  0.0003                             
    C(   2)- C(   3)  1.4751  1.4572  5.423  0.1201                             
    C(   2)- C(   7)  1.5104  1.4990  6.300  0.0577                             
    C(   3)- C(   4)  1.3451  1.3380  7.400  0.0263                             
    C(   3)- H(   8)  1.1045  1.1010  5.150  0.0045                             
    C(   4)- H(   9)  1.1024  1.1010  5.150  0.0007                             
    C(   4)- H(  10)  1.1007  1.1010  5.150  0.0000                             
    C(   7)- H(  11)  1.1126  1.1120  4.750  0.0001                             
    C(   7)- H(  12)  1.1126  1.1120  4.750  0.0001                             
    C(   7)- H(  13)  1.1121  1.1120  4.750  0.0000                             


      NON-BONDED DISTANCES, VDW AND EPR ENERGY   (     48 PAIRS)

              E(VDW) = KV*(1.84(10**5)EXP(-12.00/P) - 2.25(P**6))
              E(EPR) = C*KV*(1.84(10**5)EXP(-12.00/Q) - 2.25(Q**6))
              E(HBD) = EP1-EP2*COS(THETA)*RTH/RTH0
                            EP1 = KHB*1.84(10**5)*EXP(-12.0/P)
                            EP2 = KHB*2.25(P**6)

            IF P > 3.020, THEN,
              E(VDW) = KV(192.270)(P**2)
              E(HBD) = EP1-EP2*COS(THETA)*RTH/RTH0
                            EP1 = KHB*(192.270*P**2+1706.96)
                            EP2 = KHB*1706.96

               WHERE   RV = RVDW(I) + RVDW(K)
                       KV = SQRT(EPS(I)*EPS(K))
                      KHB = EPS/DIELEC  FOR HYDROGEN BOND
                        P = (RV/R) OR (RV/R#)
                        C = SCALE FACTOR
                        Q = RV/R, WHERE R IS MODIFIED DISTANCE
                    THETA = ANGLE H-X-Y IN HYDROGEN BOND X-H...Y
                      RTH = BOND LENGTH X-H IN X-H...Y
                     RTH0 = NATURAL BOND LENGTH X-H

          # IN THE VDW CALCULATIONS THE HYDROGEN ATOMS ARE RELOCATED
          SO THAT THE ATTACHED HYDROGEN DISTANCE IS REDUCED BY 0.923

          # IN THE VDW CALCULATIONS THE DEUTERIUM ATOMS ARE RELOCATED
          SO THAT THE ATTACHED DEUTERIUM DISTANCE IS REDUCED BY  0.923

         ATOM PAIR          R       R#       RV      KV       ENERGY
      C(   1), C(   3)   2.4438
      C(   1), C(   4)   3.6909            3.920   0.0560    -0.0532  1,4       
      C(   1), C(   7)   2.4725
      C(   1), H(   8)   2.6755   2.6421   3.580   0.0335     0.4115  1,4       
      C(   1), H(   9)   4.5719   4.5006   3.580   0.0335    -0.0173            
      C(   1), H(  10)   4.1031   4.0623   3.580   0.0335    -0.0278            
      C(   1), H(  11)   3.2111   3.1464   3.580   0.0335    -0.0015  1,4       
      C(   1), H(  12)   3.2111   3.1464   3.580   0.0335    -0.0015  1,4       
      C(   1), H(  13)   2.6033   2.5764   3.580   0.0335     0.5516  1,4       
      C(   2), C(   4)   2.4913
      C(   2), H(   5)   2.1393
      C(   2), H(   6)   2.1398
      C(   2), H(   8)   2.2228
      C(   2), H(   9)   3.4889   3.4098   3.580   0.0335    -0.0339  1,4       
      C(   2), H(  10)   2.7681   2.7321   3.580   0.0335     0.2678  1,4       
      C(   2), H(  11)   2.1756
      C(   2), H(  12)   2.1756
      C(   2), H(  13)   2.1901
      C(   3), H(   5)   3.4607   3.3805   3.580   0.0335    -0.0324  1,4       
      C(   3), H(   6)   2.6746   2.6412   3.580   0.0335     0.4131  1,4       
      C(   3), C(   7)   2.5949
      C(   3), H(   9)   2.1282
      C(   3), H(  10)   2.1419
      C(   3), H(  11)   2.9124   2.8740   3.580   0.0335     0.1220  1,4       
      C(   3), H(  12)   2.9124   2.8740   3.580   0.0335     0.1220  1,4       
      C(   3), H(  13)   3.5348   3.4588   3.580   0.0335    -0.0358  1,4       
      C(   4), H(   5)   4.6206   4.5462   3.580   0.0335    -0.0165            
      C(   4), H(   6)   4.0185   3.9834   3.580   0.0335    -0.0299            
      C(   4), C(   7)   3.0051            4.000   0.0389     0.3829  1,4       
      C(   4), H(   8)   2.0997
      C(   4), H(  11)   3.0105   2.9954   3.580   0.0335     0.0490            
      C(   4), H(  12)   3.0105   2.9954   3.580   0.0335     0.0490            
      C(   4), H(  13)   4.0999   4.0153   3.580   0.0335    -0.0290            
      H(   5), H(   6)   1.8838
      H(   5), C(   7)   2.6916   2.6592   3.560   0.0230     0.2437  1,4       
      H(   5), H(   8)   3.7762   3.6566   3.240   0.0200    -0.0169            
      H(   5), H(   9)   5.5721   5.4186   3.240   0.0200    -0.0020            
      H(   5), H(  10)   4.8614   4.7703   3.240   0.0200    -0.0043            
      H(   5), H(  11)   3.4645   3.3668   3.240   0.0200    -0.0216            
      H(   5), H(  12)   3.4645   3.3668   3.240   0.0200    -0.0216            
      H(   5), H(  13)   2.3399   2.3501   3.240   0.0200     0.3015            
      H(   6), C(   7)   3.4926   3.4122   3.560   0.0230    -0.0239  1,4       
      H(   6), H(   8)   2.4303   2.4313   3.240   0.0200     0.1999            
      H(   6), H(   9)   4.7032   4.6245   3.240   0.0200    -0.0052            
      H(   6), H(  10)   4.6666   4.5613   3.240   0.0200    -0.0056            
      H(   6), H(  11)   4.1611   4.0265   3.240   0.0200    -0.0110            
      H(   6), H(  12)   4.1611   4.0265   3.240   0.0200    -0.0110            
      H(   6), H(  13)   3.7048   3.5922   3.240   0.0200    -0.0181            
      C(   7), H(   8)   3.5822   3.5037   3.560   0.0230    -0.0255  1,4       
      C(   7), H(   9)   4.1075   4.0226   3.560   0.0230    -0.0194            
      C(   7), H(  10)   2.6804   2.6908   3.560   0.0230     0.2094            
      H(   8), H(   9)   2.4174   2.3349   3.240   0.0200     0.3247  1,4       
      H(   8), H(  10)   3.1003   2.9438   3.240   0.0200    -0.0123  1,4       
      H(   8), H(  11)   3.9390   3.8208   3.240   0.0200    -0.0141            
      H(   8), H(  12)   3.9390   3.8208   3.240   0.0200    -0.0141            
      H(   8), H(  13)   4.4081   4.2685   3.240   0.0200    -0.0081            
      H(   9), H(  10)   1.8841
      H(   9), H(  11)   4.0574   3.9683   3.240   0.0200    -0.0118            
      H(   9), H(  12)   4.0574   3.9683   3.240   0.0200    -0.0118            
      H(   9), H(  13)   5.2009   5.0316   3.240   0.0200    -0.0032            
      H(  10), H(  11)   2.4911   2.5141   3.240   0.0200     0.1264            
      H(  10), H(  12)   2.4911   2.5141   3.240   0.0200     0.1264            
      H(  10), H(  13)   3.7817   3.7106   3.240   0.0200    -0.0160            
      H(  11), H(  12)   1.8001
      H(  11), H(  13)   1.7877
      H(  12), H(  13)   1.7877


      BOND ANGLES, BENDING AND STRETCH-BEND ENERGIES   (   18 ANGLES)

          EB = 0.021914(KB)(DT)(DT)(1+CF*DT+QF*DT**2+PF*DT**3+SF*DT**4)
                          DT = THETA-TZERO
                          CF = -1400.000E-5
                          QF =     5.600E-5
                          PF =    -0.070E-5
                          SF =     0.022E-6
          ESB(J) = 2.51124(KSB(J))(DT)(DR1+DR2)
                          DR(I) = R(I) - R0(I)
          EBDBD  = -0.02191418(KBB1)(DT1)(KBB2)(DT2)

          A T O M S            THETA    TZERO     KB     EB     KSB    ESB
   C(   2)- C(   1)- H(   5)  121.235  120.500                 0.08  0.0018     
      IN-PLN    2-   1-   5   121.235  120.500  0.490  0.0057                   
      OUT-PL    1-   6-   1     0.021           0.110  0.0000                   
   C(   2)- C(   1)- H(   6)  121.265  120.500                 0.08  0.0019     
      IN-PLN    2-   1-   6   121.265  120.500  0.490  0.0062                   
      OUT-PL    1-   5-   1     0.000           0.110  0.0000                   
   H(   5)- C(   1)- H(   6)  117.500  119.000
      IN-PLN    5-   1-   6   117.500  119.000  0.450  0.0227                   
      OUT-PL    1-   2-   1     0.000           0.200  0.0000                   
   C(   1)- C(   2)- C(   3)  119.733  122.000                 0.13 -0.0218     
      IN-PLN    1-   2-   3   119.733  122.000  0.760  0.0883                   
      OUT-PL    2-   7-   2     0.000           0.100  0.0000                   
   C(   1)- C(   2)- C(   7)  119.551  122.300                 0.13 -0.0206     
      IN-PLN    1-   2-   7   119.551  122.300  0.470  0.0809                   
      OUT-PL    2-   3-   2     0.000           0.200  0.0000                   
   C(   3)- C(   2)- C(   7)  120.716  122.300                 0.13 -0.0152     
      IN-PLN    3-   2-   7   120.716  122.300  0.470  0.0264                   
      OUT-PL    2-   1-   2     0.000           0.200  0.0000                   
   C(   2)- C(   3)- C(   4)  124.034  121.700                 0.13  0.0191     
      IN-PLN    2-   3-   4   124.034  121.700  0.760  0.0878                   
      OUT-PL    3-   8-   3     0.000           0.110  0.0000                   
   C(   2)- C(   3)- H(   8)  118.300  120.000                 0.08 -0.0073     
      IN-PLN    2-   3-   8   118.300  120.000  0.490  0.0318                   
      OUT-PL    3-   4-   3     0.001           0.200  0.0000                   
   C(   4)- C(   3)- H(   8)  117.666  120.000                 0.08 -0.0050     
      IN-PLN    4-   3-   8   117.666  120.000  0.490  0.0604                   
      OUT-PL    3-   2-   3     0.000           0.200  0.0000                   
   C(   3)- C(   4)- H(   9)  120.489  120.500                 0.08  0.0000     
      IN-PLN    3-   4-   9   120.489  120.500  0.490  0.0000                   
      OUT-PL    4-  10-   4     0.016           0.110  0.0000                   
   C(   3)- C(   4)- H(  10)  121.943  120.500                 0.08  0.0020     
      IN-PLN    3-   4-  10   121.943  120.500  0.490  0.0219                   
      OUT-PL    4-   9-   4     0.012           0.110  0.0000                   
   H(   9)- C(   4)- H(  10)  117.568  119.000
      IN-PLN    9-   4-  10   117.568  119.000  0.450  0.0206                   
      OUT-PL    4-   3-   4     0.013           0.200  0.0000                   
   C(   2)- C(   7)- H(  11)  111.173  110.400  0.550  0.0071  0.08  0.0019     
   C(   2)- C(   7)- H(  12)  111.173  110.400  0.550  0.0071  0.08  0.0019     
   C(   2)- C(   7)- H(  13)  112.364  110.400  0.550  0.0452  0.08  0.0046     
   H(  11)- C(   7)- H(  12)  107.998  107.800  0.550  0.0005                   
   H(  11)- C(   7)- H(  13)  106.944  107.800  0.550  0.0089                   
   H(  12)- C(   7)- H(  13)  106.944  107.800  0.550  0.0089                   


     DIHEDRAL ANGLES, TORSIONAL ENERGY (ET)   (   18 ANGLES)

           ET = (V1/2)(1+COS(W))+(V2/2)(1-COS(2W))+(V3/2)(1+COS(3W))

           ETS = -11.995*(R-R0)((KTS1/2)(1+COS(W))+
                                (KTS2/2)(1-COS(2W)+
                                (KTS3/2)(1+COS(3W))

           SIGN OF ANGLE A-B-C-D : WHEN LOOKING THROUGH B TOWARD C,
           IF D IS COUNTERCLOCKWISE FROM A, NEGATIVE.

         A T O M S               OMEGA    V1     V2     V3     ET   KTS3   ETS
 C(   1) C(   2) C(   3) C(   4)-180.0 -0.670  1.488  0.000  0.000              
 C(   1) C(   2) C(   3) H(   8)   0.0  0.250  1.969 -0.550 -0.300              
 C(   1) C(   2) C(   7) H(  11) 119.8  0.000  0.000 -0.090 -0.090              
 C(   1) C(   2) C(   7) H(  12)-119.8  0.000  0.000 -0.090 -0.090              
 C(   1) C(   2) C(   7) H(  13)   0.0  0.000  0.000 -0.090 -0.090              
 C(   2) C(   3) C(   4) H(   9) 180.0  0.250  8.693 -0.550  0.000              
 C(   2) C(   3) C(   4) H(  10)   0.0  0.250  8.693 -0.550 -0.300              
 C(   3) C(   2) C(   1) H(   5) 180.0  0.250  8.632 -0.550  0.000              
 C(   3) C(   2) C(   1) H(   6)   0.0  0.250  8.632 -0.550 -0.300              
 C(   3) C(   2) C(   7) H(  11) -60.2  0.000  0.000 -0.090  0.000              
 C(   3) C(   2) C(   7) H(  12)  60.2  0.000  0.000 -0.090  0.000              
 C(   3) C(   2) C(   7) H(  13) 180.0  0.000  0.000 -0.090  0.000              
 C(   4) C(   3) C(   2) C(   7)   0.0 -0.610  1.531  0.000 -0.610              
 H(   5) C(   1) C(   2) C(   7)   0.0  0.000  9.591  0.000  0.000              
 H(   6) C(   1) C(   2) C(   7) 180.0  0.000  9.591  0.000  0.000              
 C(   7) C(   2) C(   3) H(   8)-180.0  0.000  2.188  0.000  0.000              
 H(   8) C(   3) C(   4) H(   9)   0.0  0.000 11.107  0.000  0.000              
 H(   8) C(   3) C(   4) H(  10)-180.0  0.000 11.107  0.000  0.000              

     DIPOLE-DIPOLE INTERACTION ENERGY  (DIELECTRIC CONSTANT = 1.50)

          E = 14.388*MU1*MU2*(COSX-3*COSA*COSB)/(R12**3*DIELC)

               MU1 = BOND MOM OF BOND 1
               MU2 = BOND MOM OF BOND 2
               R12 = DISTANCE BETWEEN MID-POINTS OF TWO BONDS.

        BOND(1)       MU1           BOND(2)       MU2      R12        E
   C(   1)- H(   5) -0.600   + C(   2)- C(   7) -0.900   2.0162    0.7823       
   C(   1)- H(   5) -0.600   + C(   3)- H(   8) -0.600   3.0386    0.0379       
   C(   1)- H(   5) -0.600   + C(   4)- H(   9) -0.600   4.5960    0.0435       
   C(   1)- H(   5) -0.600   + C(   4)- H(  10) -0.600   4.2725    0.0469       
   C(   1)- H(   6) -0.600   + C(   2)- C(   7) -0.900   2.3030    0.5248       
   C(   1)- H(   6) -0.600   + C(   3)- H(   8) -0.600   2.4370    0.2386       
   C(   1)- H(   6) -0.600   + C(   4)- H(   9) -0.600   4.1942    0.0456       
   C(   1)- H(   6) -0.600   + C(   4)- H(  10) -0.600   4.0607   -0.0195       
   C(   2)- C(   7) -0.900   + C(   3)- H(   8) -0.600   2.4073    0.4235       
   C(   2)- C(   7) -0.900   + C(   4)- H(   9) -0.600   3.1931    0.0929       
   C(   2)- C(   7) -0.900   + C(   4)- H(  10) -0.600   2.5783    0.2954       
   C(   3)- H(   8) -0.600   + C(   4)- H(   9) -0.600   1.8812    0.6407       
   C(   3)- H(   8) -0.600   + C(   4)- H(  10) -0.600   2.1205    0.3947       


 ==============================================================================
                        NORMAL MODE VIBRATIONAL ANALYSIS
 ==============================================================================


             Molecular Shape : ASYMMETRIC ROTOR WITH KAPPA =-0.538687
        Symmetry Point Group : Cs  
             Symmetry Number :  1
                   Chirality :  no



0       FUNDAMENTAL NORMAL VIBRATIONAL FREQUENCIES
                ( THEORETICALLY  33 VALUES )

             Frequency :  in 1/cm
             A(i)      :  IR intensity (vs,s,m,w,vw,-- or in 10**6 cm/mole)
             A(i) = -- :  IR inactive


             no       Frequency   Symmetry      A(i)

             1.          3113.8     (A`  )        m
             2.          3109.3     (A`  )        m
             3.          3034.7     (A`  )        w
             4.          3014.7     (A`  )        m
             5.          3013.4     (A`  )        m
             6.          2974.0     (A`  )        m
             7.          2973.0     (A"  )        m
             8.          2882.9     (A`  )        w
             9.          1668.1     (A`  )        w
            10.          1589.8     (A`  )        w
            11.          1505.6     (A`  )        w
            12.          1480.1     (A`  )        w
            13.          1455.9     (A"  )        w
            14.          1433.6     (A`  )        w
            15.          1332.1     (A`  )        m
            16.          1314.2     (A`  )        w
            17.          1238.1     (A`  )        w
            18.          1085.5     (A"  )        w
            19.          1062.6     (A`  )        w
            20.           985.5     (A"  )        w
            21.           970.2     (A`  )        w
            22.           957.9     (A"  )        m
            23.           939.7     (A`  )        w
            24.           918.1     (A"  )        m
            25.           780.0     (A`  )        w
            26.           686.9     (A"  )       vw
            27.           615.5     (A"  )        w
            28.           517.3     (A`  )        w
            29.           438.7     (A`  )        w
            30.           366.1     (A"  )        m
            31.           301.3     (A`  )        w
            32.           148.4     (A"  )       vw
            33.            94.6     (A"  )       vw
            34.     (       0.0)    (t/r )
            35.     (       0.0)    (t/r )
            36.     (       0.0)    (t/r )
            37.     (       0.0)    (t/r )
            38.     (       0.0)    (t/r )
            39.     (       0.0)    (t/r )


0       CORRESPONDING EIGEN VECTOR MATRIX   39 BY  39



 (  1)
     0.000    0.000    0.000    0.000   -0.001    0.000    0.000    0.001
     0.000    0.046   -0.085    0.000    0.002   -0.001    0.000    0.000
    -0.003    0.000    0.000    0.000    0.000    0.009    0.009    0.000
    -0.530    0.269    0.000   -0.013    0.726    0.000    0.001    0.000
     0.000    0.001    0.000    0.000    0.000    0.000    0.000

 (  2)
    -0.059    0.077    0.000    0.001   -0.002    0.000    0.000    0.002
     0.000    0.000    0.000    0.000    0.623   -0.249    0.000    0.068
    -0.652    0.000   -0.001    0.000    0.000    0.002   -0.021    0.000
     0.004   -0.002    0.000    0.000   -0.001    0.000    0.001    0.001
     0.002    0.001    0.001   -0.002    0.009   -0.003    0.000

 (  3)
    -0.001    0.001    0.000   -0.002    0.002    0.000    0.002   -0.078
     0.000    0.032    0.017    0.000    0.021   -0.008    0.000    0.001
    -0.007    0.000   -0.001    0.000    0.000   -0.072    0.842    0.000
    -0.306    0.131    0.000   -0.002   -0.280    0.000    0.002    0.002
     0.004    0.002    0.002   -0.004    0.006   -0.002    0.000

 (  4)
     0.056    0.044    0.000   -0.007   -0.005    0.000    0.001    0.000
     0.000    0.001    0.000    0.000   -0.636    0.225    0.000    0.044
    -0.688    0.000    0.001    0.001    0.000   -0.001    0.004    0.000
    -0.010    0.004    0.000    0.000   -0.010    0.000   -0.002   -0.002
    -0.004   -0.002   -0.002    0.004   -0.006    0.001    0.000

 (  5)
    -0.001   -0.001    0.000    0.002   -0.001    0.000   -0.010    0.035
     0.000    0.057    0.025    0.000    0.002   -0.001    0.000   -0.001
     0.013    0.000    0.001    0.000    0.000    0.043   -0.433    0.000
    -0.603    0.280    0.000   -0.015   -0.548    0.000   -0.002   -0.002
    -0.002   -0.002   -0.002    0.002   -0.004    0.001    0.000

 (  6)
     0.001    0.000    0.000    0.001    0.000    0.000    0.000    0.001
     0.000    0.000    0.000    0.000   -0.014    0.005    0.000    0.000
     0.001    0.000   -0.092   -0.009    0.000    0.001   -0.012    0.000
     0.000    0.000    0.000    0.001   -0.001    0.000    0.166    0.162
     0.291    0.166    0.162   -0.291    0.755   -0.209    0.000

 (  7)
     0.000    0.000    0.000    0.000    0.000    0.000    0.000    0.000
     0.000    0.000    0.000    0.000    0.000    0.000   -0.002    0.000
     0.000    0.002    0.000    0.000    0.092    0.000    0.000    0.000
     0.000    0.000    0.000    0.000    0.000    0.000   -0.264   -0.287
    -0.541    0.264    0.287   -0.541    0.000    0.000   -0.019

 (  8)
     0.000    0.000    0.000    0.001   -0.007    0.000    0.000    0.000
     0.000    0.000    0.000    0.000    0.001   -0.001    0.000    0.000
     0.005    0.000   -0.006    0.063    0.000   -0.001    0.004    0.000
     0.000    0.000    0.000    0.000    0.001    0.000   -0.229   -0.259
    -0.453   -0.229   -0.259    0.453    0.518   -0.158    0.000

 (  9)
    -0.064   -0.050    0.000    0.109    0.063    0.000   -0.159   -0.039
     0.000    0.095    0.049    0.000   -0.012    0.145    0.000    0.142
    -0.054    0.000   -0.004   -0.022    0.000    0.349   -0.003    0.000
     0.010   -0.200    0.000   -0.213    0.072    0.000   -0.011   -0.013
    -0.008   -0.011   -0.013    0.008    0.021    0.054    0.000

 ( 10)
     0.088    0.080    0.000   -0.037   -0.136    0.000   -0.079   -0.008
     0.000    0.073    0.036    0.000   -0.051   -0.354    0.000   -0.288
     0.076    0.000   -0.009    0.079    0.000    0.107    0.004    0.000
    -0.022   -0.211    0.000   -0.233    0.050    0.000    0.063   -0.040
     0.046    0.063   -0.040   -0.046   -0.074   -0.096    0.000

 ( 11)
    -0.054   -0.012    0.000    0.066   -0.128    0.000   -0.025    0.034
     0.000   -0.018   -0.020    0.000    0.043    0.283    0.000    0.422
     0.023    0.000   -0.026    0.128    0.000   -0.084    0.040    0.000
     0.063    0.160    0.000    0.126   -0.026    0.000    0.132   -0.149
     0.093    0.132   -0.149   -0.093   -0.142   -0.205    0.000

 ( 12)
     0.011    0.015    0.000    0.061   -0.004    0.000   -0.080    0.013
     0.000   -0.041   -0.048    0.000   -0.092   -0.265    0.000   -0.244
    -0.003    0.000    0.005    0.003    0.000    0.364    0.061    0.000
     0.200    0.468    0.000    0.466   -0.060    0.000   -0.109   -0.044
     0.086   -0.109   -0.044   -0.086    0.045    0.135    0.000

 ( 13)
     0.000    0.000   -0.001    0.000    0.000    0.013    0.000    0.000
    -0.001    0.000    0.000    0.000    0.000    0.000   -0.005    0.000
     0.000    0.008    0.000    0.000    0.048    0.000    0.000    0.005
     0.000    0.000    0.000    0.000    0.000    0.006    0.433   -0.245
    -0.021   -0.433    0.245   -0.021    0.000    0.000   -0.683

 ( 14)
    -0.009    0.001    0.000    0.018   -0.034    0.000    0.020    0.008
     0.000    0.009    0.012    0.000   -0.008    0.010    0.000    0.081
     0.009    0.000    0.046    0.019    0.000   -0.192   -0.009    0.000
    -0.056   -0.124    0.000   -0.118    0.016    0.000   -0.430   -0.176
     0.359   -0.430   -0.176   -0.359    0.161    0.378    0.000

 ( 15)
    -0.057   -0.036    0.000    0.139    0.073    0.000    0.044    0.016
     0.000   -0.027    0.003    0.000   -0.186   -0.350    0.000   -0.344
    -0.069    0.000   -0.029    0.037    0.000   -0.323   -0.012    0.000
    -0.079   -0.088    0.000   -0.105    0.004    0.000    0.143   -0.226
     0.059    0.143   -0.226   -0.059   -0.087   -0.139    0.000

 ( 16)
    -0.031    0.023    0.000    0.100   -0.097    0.000   -0.034    0.032
     0.000    0.012    0.008    0.000   -0.112   -0.173    0.000    0.096
     0.037    0.000   -0.020   -0.047    0.000   -0.414    0.006    0.000
     0.036    0.059    0.000   -0.009    0.011    0.000   -0.008    0.333
    -0.221   -0.008    0.333    0.221    0.093    0.355    0.000

 ( 17)
    -0.031    0.007    0.000    0.040   -0.035    0.000    0.072    0.117
     0.000   -0.077   -0.097    0.000   -0.061   -0.056    0.000    0.037
     0.014    0.000   -0.006    0.002    0.000    0.512    0.175    0.000
    -0.120   -0.179    0.000   -0.388   -0.117    0.000    0.004    0.066
    -0.040    0.004    0.066    0.040    0.025    0.116    0.000

 ( 18)
     0.000    0.000    0.020    0.000    0.000   -0.026    0.000    0.000
     0.110    0.000    0.000   -0.058    0.000    0.000   -0.024    0.000
     0.000   -0.083    0.000    0.000    0.006    0.000    0.000   -0.749
     0.000    0.000    0.446    0.000    0.000   -0.165    0.003    0.024
    -0.008   -0.003   -0.024   -0.008    0.000    0.000   -0.024

 ( 19)
     0.034   -0.023    0.000   -0.022    0.025    0.000   -0.054    0.082
     0.000    0.064   -0.083    0.000    0.109    0.160    0.000   -0.163
    -0.044    0.000    0.022   -0.028    0.000   -0.249    0.077    0.000
     0.322    0.429    0.000   -0.501   -0.096    0.000   -0.016   -0.041
     0.025   -0.016   -0.041   -0.025    0.002   -0.114    0.000

 ( 20)
     0.000    0.000    0.075    0.000    0.000   -0.108    0.000    0.000
     0.015    0.000    0.000   -0.036    0.000    0.000   -0.281    0.000
     0.000   -0.257    0.000    0.000    0.099    0.000    0.000    0.151
     0.000    0.000    0.007    0.000    0.000    0.282    0.001    0.406
    -0.111   -0.001   -0.406   -0.111    0.000    0.000   -0.224

 ( 21)
     0.049   -0.097    0.000    0.031   -0.042    0.000   -0.003    0.011
     0.000   -0.025    0.013    0.000    0.273    0.464    0.000   -0.554
    -0.162    0.000   -0.035    0.063    0.000   -0.004    0.011    0.000
    -0.095   -0.125    0.000    0.110    0.015    0.000    0.030    0.076
    -0.038    0.030    0.076    0.038    0.016    0.266    0.000

 ( 22)
     0.000    0.000    0.026    0.000    0.000   -0.020    0.000    0.000
    -0.033    0.000    0.000    0.130    0.000    0.000   -0.110    0.000
     0.000   -0.077    0.000    0.000    0.035    0.000    0.000   -0.195
     0.000    0.000   -0.369    0.000    0.000   -0.708   -0.003    0.151
    -0.041    0.003   -0.151   -0.041    0.000    0.000   -0.092

 ( 23)
    -0.046   -0.042    0.000    0.024   -0.015    0.000   -0.008    0.018
     0.000   -0.012    0.006    0.000   -0.038   -0.014    0.000   -0.153
    -0.056    0.000    0.109    0.037    0.000   -0.022    0.019    0.000
    -0.056   -0.082    0.000    0.064    0.008    0.000   -0.276    0.333
     0.043   -0.276    0.333   -0.043   -0.054   -0.590    0.000

 ( 24)
     0.000    0.000    0.123    0.000    0.000   -0.008    0.000    0.000
     0.003    0.000    0.000    0.008    0.000    0.000   -0.410    0.000
     0.000   -0.582    0.000    0.000   -0.070    0.000    0.000    0.043
     0.000    0.000   -0.063    0.000    0.000    0.013    0.007   -0.313
     0.089   -0.007    0.313    0.089    0.000    0.000    0.162

 ( 25)
     0.084    0.066    0.000    0.048   -0.007    0.000   -0.087    0.110
     0.000   -0.063    0.004    0.000    0.122    0.155    0.000    0.019
     0.063    0.000    0.017   -0.135    0.000   -0.147    0.111    0.000
    -0.197   -0.261    0.000    0.204    0.007    0.000    0.004   -0.161
     0.017    0.004   -0.161   -0.017   -0.002   -0.218    0.000

 ( 26)
     0.000    0.000   -0.019    0.000    0.000   -0.023    0.000    0.000
     0.063    0.000    0.000    0.010    0.000    0.000    0.738    0.000
     0.000   -0.566    0.000    0.000   -0.021    0.000    0.000    0.001
     0.000    0.000   -0.223    0.000    0.000    0.063    0.005    0.035
    -0.044   -0.005   -0.035   -0.044    0.000    0.000   -0.050

 ( 27)
     0.000    0.000    0.001    0.000    0.000   -0.116    0.000    0.000
     0.123    0.000    0.000    0.002    0.000    0.000   -0.088    0.000
     0.000    0.340    0.000    0.000   -0.002    0.000    0.000   -0.205
     0.000    0.000   -0.609    0.000    0.000    0.251    0.014   -0.135
     0.062   -0.014    0.135    0.062    0.000    0.000    0.087

 ( 28)
     0.111    0.063    0.000    0.096    0.030    0.000   -0.010   -0.136
     0.000   -0.129   -0.006    0.000    0.120    0.079    0.000    0.099
     0.063    0.000   -0.032    0.027    0.000   -0.001   -0.135    0.000
    -0.048    0.167    0.000   -0.329   -0.009    0.000   -0.100    0.088
     0.003   -0.100    0.088   -0.003   -0.064   -0.087    0.000

 ( 29)
    -0.093    0.125    0.000    0.048   -0.058    0.000    0.090   -0.035
     0.000    0.065    0.032    0.000   -0.021    0.317    0.000   -0.302
     0.107    0.000   -0.073   -0.087    0.000    0.126   -0.032    0.000
     0.102    0.106    0.000   -0.012    0.032    0.000   -0.115   -0.054
     0.002   -0.115   -0.054   -0.002   -0.093   -0.157    0.000

 ( 30)
     0.000    0.000    0.052    0.000    0.000   -0.196    0.000    0.000
    -0.018    0.000    0.000    0.026    0.000    0.000    0.260    0.000
     0.000    0.156    0.000    0.000    0.038    0.000    0.000    0.279
     0.000    0.000    0.373    0.000    0.000   -0.251    0.018   -0.168
     0.117   -0.018    0.168    0.117    0.000    0.000    0.122

 ( 31)
    -0.060   -0.008    0.000   -0.016   -0.065    0.000   -0.008   -0.022
     0.000   -0.096    0.120    0.000   -0.035    0.056    0.000   -0.119
    -0.014    0.000    0.157   -0.047    0.000    0.073   -0.014    0.000
    -0.035    0.245    0.000   -0.212    0.118    0.000    0.205   -0.098
     0.003    0.205   -0.098   -0.003    0.190    0.073    0.000

 ( 32)
     0.000    0.000   -0.042    0.000    0.000    0.024    0.000    0.000
     0.090    0.000    0.000   -0.098    0.000    0.000   -0.089    0.000
     0.000   -0.054    0.000    0.000    0.035    0.000    0.000    0.264
     0.000    0.000   -0.062    0.000    0.000   -0.296   -0.366   -0.069
     0.258    0.366    0.069    0.258    0.000    0.000   -0.397

 ( 33)
     0.000    0.000    0.090    0.000    0.000   -0.016    0.000    0.000
    -0.120    0.000    0.000    0.068    0.000    0.000    0.174    0.000
     0.000    0.107    0.000    0.000   -0.035    0.000    0.000   -0.323
     0.000    0.000   -0.002    0.000    0.000    0.313   -0.312   -0.037
     0.143    0.312    0.037    0.143    0.000    0.000   -0.411

 ( 34)
    -0.035    0.124    0.006   -0.011    0.092    0.004   -0.028    0.051
     0.093   -0.007    0.018    0.098   -0.023    0.155   -0.060   -0.068
     0.121    0.074    0.034    0.098   -0.091   -0.061    0.048    0.161
    -0.021   -0.012    0.167    0.026    0.018    0.034    0.010    0.136
    -0.098    0.085    0.032   -0.098    0.042    0.130   -0.151

 ( 35)
    -0.009   -0.066    0.032   -0.057   -0.002    0.019   -0.023    0.078
     0.040   -0.066    0.145    0.030   -0.033   -0.126    0.017    0.056
    -0.059    0.058   -0.145   -0.014   -0.016    0.042    0.084    0.066
    -0.037    0.203    0.047   -0.131    0.144    0.004   -0.178    0.034
    -0.025   -0.168   -0.008   -0.025   -0.162   -0.077   -0.029

 ( 36)
     0.111   -0.034    0.121    0.091   -0.009    0.052    0.105    0.023
     0.061    0.088    0.050   -0.004    0.101   -0.058    0.116    0.137
    -0.031    0.185    0.056   -0.013   -0.034    0.131    0.026    0.125
     0.100    0.073    0.007    0.062    0.050   -0.070    0.062    0.052
    -0.071    0.028   -0.057   -0.071    0.049   -0.039   -0.031

 ( 37)
    -0.001    0.087    0.058    0.003    0.081    0.044    0.000    0.075
    -0.062    0.003    0.069   -0.084    0.001    0.091    0.136   -0.007
     0.086   -0.008    0.010    0.082    0.136   -0.005    0.074   -0.128
     0.001    0.064   -0.165    0.009    0.069   -0.023    0.061    0.031
     0.137   -0.037    0.129    0.137    0.011    0.087    0.211

 ( 38)
     0.034   -0.018   -0.070    0.027   -0.008    0.041    0.032    0.003
     0.062    0.025    0.013    0.169    0.030   -0.026   -0.089    0.043
    -0.017   -0.146    0.014   -0.010    0.142    0.041    0.004   -0.014
     0.030    0.021    0.179    0.016    0.013    0.250   -0.033   -0.073
     0.198    0.052    0.060    0.198    0.012   -0.019    0.112

 ( 39)
     0.067    0.005   -0.157    0.048    0.030   -0.101    0.061    0.062
    -0.079    0.044    0.089   -0.024    0.057   -0.019   -0.174    0.093
     0.008   -0.186    0.012    0.026   -0.063    0.087    0.065   -0.108
     0.056    0.112   -0.010    0.018    0.089    0.008   -0.025    0.010
    -0.035    0.027    0.063   -0.035    0.006    0.000   -0.085


 ==============================================================================
                      STATISTICAL THERMODYNAMICS ANALYSIS
 ==============================================================================

  Structure name    : 2-me-1,3-butadiene-trans                                    
  Temperature       :   298.16 K
  Symmetry number   :   1
  Optical isomers   :   1
  Zero Point Energy :   68.621 Kcal/mol


                     ENERGY   ENTHALPY    ENTROPY  FREE ENERGY   HEAT CAPACITY
                  (Kcal/mol) (Kcal/mol)     (eu)   (Kcal/mol)    (cal/mol/deg)
  Translational       0.889      1.481     38.554    -10.014         4.967
     Rotational       0.889      0.889     25.581     -6.738         2.980
    Vibrational      70.711%    70.711%    12.032*    67.123%       15.840*
      Potential       5.865#     5.865#     0.000      5.865#        0.000
         Mixing       0.000      0.000      0.000      0.000         0.000
          Total      78.353     78.946     76.167     56.236        23.788

  Enthalpy Function (H-Ho)/T     =   14.96 cal/mol/deg
  Free Energy Function -(G-Ho)/T =   61.21 cal/mol/deg

  % Includes zero point energy (ZPE).
  * Excludes contribution from frequencies lower than 40 (1/cm).
  # Includes steric energy (SE).
    Internal rotation contributions are not considered

  This structure has   0 imaginary frequencies,
                       0 free internal rotation (fir) frequencies
                         (>= 0,< 10 /cm),
                       0 restricted internal rotation (rir) frequencies
                         (>= 10,< 40 /cm),
                       6 zero frequencies, and
                      33 real frequencies.


      FINAL STERIC ENERGY IS      5.8649 KCAL/MOL.
      (WITHOUT ELECTRONIC ENERGY CORR.)


                COMPRESSION       0.2784
                BENDING           0.5306
                BEND-BEND        -0.0191
                STRETCH-BEND     -0.0369
                VANDERWAALS
                  1,4 ENERGY      2.6193
                  OTHER           0.7252
                H-BONDING         0.0000
                PI-COMPLX         0.0000

                TORSIONAL        -1.7800
                TORSION-STRETCH   0.0000
                DIPOLE-DIPOLE     3.5473
                CHARGE-DIPOLE     0.0000
                CHARGE-CHARGE     0.0000


      FINAL ENERGY (WITH SCF) IS          -348.4738 KCAL/MOL

                STERIC            5.8649
                SIGMA-STRETCH    -0.2149
                E(RHF)         -354.1238

      -----------------------------------------------------------------

      COORDINATES TRANSLATED TO NEW ORIGIN WHICH IS CENTER OF MASS
         C(   1)    -1.58169    -0.89790     0.00000   (  2)
         C(   2)    -0.50576    -0.08327     0.00000   (  2)
         C(   3)     0.85075    -0.66286     0.00000   (  2)
         C(   4)     1.98102     0.06640     0.00000   (  2)
         H(   5)    -2.60570    -0.49177     0.00000   (  5)
         H(   6)    -1.46907    -1.99398     0.00000   (  5)
         C(   7)    -0.70500     1.41398     0.00000   (  1)
         H(   8)     0.95017    -1.76288     0.00000   (  5)
         H(   9)     2.96602    -0.42858     0.00000   (  5)
         H(  10)     1.96397     1.16696     0.00000   (  5)
         H(  11)    -0.24659     1.88037     0.90006   (  5)
         H(  12)    -0.24659     1.88037    -0.90006   (  5)
         H(  13)    -1.78033     1.69776     0.00000   (  5)

      MOMENT OF INERTIA WITH THE PRINCIPAL AXES

          (1)  UNIT = 10**(-39) GM*CM**2
               IX=    9.9097    IY=   20.3342    IZ=   29.7016

          (2)  UNIT = AU A**2
               IX=   59.6843    IY=  122.4690    IZ=  178.8870



      MOLECULAR POLARIZABILITIES (A**3)
        ALPHA(1)   =      11.73
        ALPHA(2)   =       9.61
        ALPHA(3)   =       7.00
        AVG. ALPHA =       9.44



      DIPOLE MOMENT =          0.255 D


        PI-DIPOLE MOMENT    =  0.0174

            COMPONENTS    X =  0.0174    Y = -0.0005    Z =  0.0000


        SIGMA-DIPOLE MOMENT =  0.2518


            COMPONENTS    X =  0.0343    Y = -0.2494    Z =  0.0000


      E (INDP/INDP) =         -2.787 KCAL/MOLE
      DIPOLE MOMENT =          0.371 D (INCLUDES INDUCED BOND MOMENTS)
      *NOTE*  E (INDP/INDP) IS NOT INCLUDED IN THE FINAL STERIC ENERGY

        SIGMA-DIPOLE MOMENT =  0.3656 (INCLUDES INDUCED BOND MOMENTS)


            COMPONENTS    X =  0.0875    Y = -0.3550    Z =  0.0000



      TOTAL ATOMIC CHARGE ON EACH ATOM (in ELECTRON CHARGE)

           C(    1):         -0.111
           C(    2):         -0.045
           C(    3):         -0.062
           C(    4):         -0.104
           H(    5):          0.049
           H(    6):          0.049
           C(    7):          0.069
           H(    8):          0.052
           H(    9):          0.049
           H(   10):          0.050
           H(   11):          0.001
           H(   12):          0.001
           H(   13):          0.001

      -----------------------------------------------------------------

        END OF 2-me-1,3-butadiene-trans                                    


           TOTAL CPU TIME IS      0.06 SECONDS.

           THIS JOB COMPLETED AT    12:39:34
