                      Atom    1 should be a PI atom
                      Atom    2 should be a PI atom
                      Atom    3 should be a PI atom
                      Atom    4 should be a PI atom
1
               ---------------------------------------------
               WARNING : INCORRECT ATOM TYPES GIVEN IN INPUT
                         DATA ARE CORRECTED AS FOLLOWS
               ---------------------------------------------


             Atom type of atom    1 is replaced by   2 (was   0)
             Atom type of atom    2 is replaced by   2 (was   0)
             Atom type of atom    3 is replaced by   3 (was   0)
             Atom type of atom    4 is replaced by  81 (was   0)
             Atom type of atom    5 is replaced by   1 (was   0)
             Atom type of atom    6 is replaced by   5 (was   0)
             Atom type of atom    7 is replaced by   5 (was   0)
             Atom type of atom    8 is replaced by   5 (was   0)
             Atom type of atom    9 is replaced by   5 (was   0)
             Atom type of atom   10 is replaced by   5 (was   0)
             Atom type of atom   11 is replaced by   5 (was   0)
1     2-me-propenal-t1                                            

               CHEMICAL FORMULA :  C(   4)  H(   6)  O(   1) 
               FORMULA WEIGHT   :     70.043
                                                               DATE 26-MAY-23
                                                               TIME  13:05:01


          THE COORDINATES OF   11 ATOMS ARE READ IN.
          SOME CONSTANTS WILL BE READ IN.

      CONFORMATIONAL ENERGY, PART 1:  GEOMETRY AND STERIC ENERGY
                                      OF INITIAL CONFORMATION.


      CONNECTED ATOMS
         1-   2-   3-
         2-   5-

      ATTACHED ATOMS
         1-   6,   1-   7,   3-   4,   3-   8,   5-   9,   5-  10,   5-  11,

      INITIAL ATOMIC COORDINATES
           ATOM         X           Y           Z       TYPE
         C(   1)    -1.58243     0.92308     0.00000   (  2) PI-ATOM
         C(   2)    -0.55020     0.06436     0.00000   (  2) PI-ATOM
         C(   3)     0.83290     0.62017     0.00000   (  3) PI-ATOM
         O(   4)     1.84390    -0.05510     0.00000   ( 81) PI-ATOM
         C(   5)    -0.70662    -1.43295     0.00000   (  1)
         H(   6)    -2.62034     0.55468     0.00000   (  5)
         H(   7)    -1.43049     2.01423     0.00000   (  5)
         H(   8)     0.91704     1.73446     0.00000   (  5)
         H(   9)    -0.23333    -1.88436     0.89753   (  5)
         H(  10)    -1.77362    -1.73970     0.00000   (  5)
         H(  11)    -0.23333    -1.88436    -0.89753   (  5)

  NOTE: PI-ATOM PARAMETER (KPI) OF (  2-  7) IS USED FOR TYPE (  2- 81).

  NOTE: PI-ATOM PARAMETER (KPI) OF (  2-  7) IS USED FOR TYPE (  2- 81).

      VESCF CALCULATION FOR PLANAR SYSTEM

           ITER  1 VO=  -1.882009( -1181.36KCAL/MOL)
           ITER  2 VO=  -2.132795( -1338.78KCAL/MOL)     DIFF =   0.250787
           ITER  3 VO=  -2.137908( -1341.99KCAL/MOL)     DIFF =   0.005113
           ITER  4 VO=  -2.140536( -1343.64KCAL/MOL)     DIFF =   0.002628
           ITER  5 VO=  -2.140698( -1343.74KCAL/MOL)     DIFF =   0.000162
           ITER  6 VO=  -2.140780( -1343.79KCAL/MOL)     DIFF =   0.000081
           ITER  7 VO=  -2.140797( -1343.80KCAL/MOL)     DIFF =   0.000018
           ITER  8 VO=  -2.140805( -1343.80KCAL/MOL)     DIFF =   0.000008

                VESCF SEQUENCE REQUIRES   0.00 SECONDS.


          DIELECTRIC CONSTANT =  1.500


      INITIAL STERIC ENERGY IS      4.0008 KCAL/MOL.

                  COMPRESSION       0.0573
                  BENDING           0.3653
                  BEND-BEND        -0.0248
                  STRETCH-BEND      0.0366
                  VANDERWAALS
                    1,4 ENERGY      2.0060
                    OTHER           0.3301
                  H-BONDING         0.0000
                  PI-COMPLX         0.0000

                  TORSIONAL         1.4500
                  TORSION-STRETCH   0.0000
                  DIPOLE-DIPOLE    -0.2196
                  CHARGE-DIPOLE     0.0000
                  CHARGE-CHARGE     0.0000


      MOLECULAR POLARIZABILITIES (A**3)
        ALPHA(1)   =       8.54
        ALPHA(2)   =       6.81
        ALPHA(3)   =       5.24
        AVG. ALPHA =       6.86



      DIPOLE MOMENT =          2.946 D


        PI-DIPOLE MOMENT    =  1.0081

        SIGMA-DIPOLE MOMENT =  1.9559


      PLANAR
      ------
      F-MATRIX
       -0.22017 -0.21462 -0.02018  0.01394
       -0.22164 -0.09204 -0.00308
       -0.20347 -0.28660
       -0.32012

      H-CORE MATRIX
       -1.03119 -0.07613 -0.01201 -0.00049
       -1.16366 -0.06266 -0.00721
       -1.21721 -0.13473
       -1.23405

      GAMMA MATRIX
        0.41017  0.28407  0.19247  0.14144
        0.40942  0.26937  0.19931
        0.41769  0.31876
        0.52457

      MOLECULAR ORBITALS
        0.17838  0.27992  0.62686  0.70489
        0.67604  0.64727 -0.10260 -0.33688
        0.67207 -0.57474 -0.31849  0.34139
        0.24387 -0.41515  0.70362 -0.52259

      EIGENVALUES
       -0.57259 -0.42957 -0.01999  0.05677

      DENSITY MATRIX
        0.97769
        0.97503  0.99463
        0.08492  0.21812  0.80697
       -0.20400 -0.04148  0.95286  1.22071

      ELECTRON DENSITIES
         0.9777   0.9946   0.8070   1.2207

      ORIGINAL EFFECTIVE NUCLEAR CHARGES
        3.25000  3.25000  3.25000  4.55000

      FINAL EFFECTIVE NUCLEAR CHARGES
        3.25781  3.25188  3.31756  4.47275

      BOND ORDERS  (P) AND RESONANCE INTEGRALS (B) FOR PI-BONDS
           BOND        P(W)      P(0)      B(0)     P*B(0)
           1-   2    0.9750    0.9750    1.0086    0.9834
           2-   3    0.2181    0.2181    0.8301    0.1811
           3-   4    0.9529    0.9529    1.7849    1.7008

      BOND ENERGY FROM VESCF CALCULATION(KCAL/MOL)
           SIGMA-BOND   -167.42
           PI-BOND      -187.38
           TOTAL ENERGY -354.80

      CPU TIME FOR INITIAL CALCULATION IS     0.02 SECONDS.


1     2-me-propenal-t1                                            


     CONFORMATIONAL ENERGY, PART 2: GEOMETRY MINIMIZATION

               GEOMETRY OPTIMIZATION IS CONTINUED UNTIL ATOM
               MOVEMENT CONVERGES WITHIN FOLLOWING VALUES:

                         AVERAGE MOVEMENT  0.00010 A
                         MAXIMUM MOVEMENT  0.00099 A



     <<<<<<<<<<<<<<<<<<<<<<<<<<  C Y C L E   1 >>>>>>>>>>>>>>>>>>>>>>>>>>

                              (CH)-MOVEMENT = 1

       ITER    1   AVG. MOVE = 0.00000 A   (MAX MOVE : ATOM    7   0.00001 A)  
       ITER    2   AVG. MOVE = 0.00000 A   (MAX MOVE : ATOM    1   0.00000 A)  


     <<<<<<<<<<<<<<<<<<<<<<<<<<  C Y C L E   2 >>>>>>>>>>>>>>>>>>>>>>>>>>

                              (CH)-MOVEMENT = 0

       ITER    3   AVG. MOVE = 0.00000 A   (MAX MOVE : ATOM    9   0.00000 A)  


              * * * * * * * * * GEOMETRY IS OPTIMIZED * * * * * * * * *

               WITHIN : AVERAGE MOVEMENT  0.00000 A (LIMIT  0.00010 A)
                        MAXIMUM MOVEMENT  0.00000 A (LIMIT  0.00099 A)

               GRADIENT
                  RMS GRADIENT                0.000024 KCAL/MOL/A

                  MAX GRADIENT
                    X-DIRECTION : ATOM #   3   0.000060 KCAL/MOL/A
                    Y-DIRECTION : ATOM #   1   0.000093 KCAL/MOL/A
                    Z-DIRECTION : ATOM #   2   0.000007 KCAL/MOL/A

        DELTA TIME =    0.00 SEC.       TOTAL CPU TIME =      0.02 SEC.


                            =====================
                            FULL-MATRIX OPTIMIZER
                            =====================


     iter.  rms force   max force   avg. move    max move  atom  convg  d-time

        0    0.000325    0.000960   0.00000 A   0.00000 A   11    [N]     0.0s
        1    0.000030    0.000088                                 [Y]     0.0s


      TOTAL ENERGY IS      4.0008 KCAL/MOL.

        COMPRESS    0.0573      VDW 1,4    2.0060      DIPL-DIPL   -0.2196
        BENDING     0.3654        OTHER    0.3301      CHRG-DIPL    0.0000
        STR-BEND    0.0366      TORSION    1.4500      CHRG-CHRG    0.0000
        BEND-BEND  -0.0248      TOR-STR    0.0000      EPR          0.0000
        H-BONDING   0.0000      PI-CMPL    0.0000
0     DELTA(T) =     0.0 SEC.          ELAPSED TIME =     0.0 SEC.


    * * * ENERGY IS MINIMIZED WITHIN RMS OF FORCES   0.00003  Kcal/mol/A * * *

                 * * * *  RMS FORCE IS   0.00003 Kcal/mol/A * * * *

1     2-me-propenal-t1                                            

               CHEMICAL FORMULA :  C(   4)  H(   6)  O(   1) 
               FORMULA WEIGHT   :     70.043
                                                               DATE : 26-MAY-23

           * M M 3 * * * * * * * * * * * 2 0 0 0 *
           *                                     *   PARAMETER RELIABILITY
           *                                     *
           *                                     *   BLANK = GOOD
           *                                     *       B = FAIR
           *                                     *       C = TRIAL
           *                                     *       R = READ IN
           *                                     *       S = SUBSTITUTED
           *                                     *       U = PARAMETER NOT EXIST
           *                                     *
           *                                     *   THIS IS SHOWN AT THE END 
           *                                     *   OF THE LINE.
           * * * * *  P I - S Y S T E M  * * * * * 


      CONFORMATIONAL ENERGY, PART 3:  GEOMETRY AND STERIC ENERGY
                                      OF FINAL CONFORMATION.

      CONNECTED ATOMS
         1-   2-   3-
         2-   5-

      ATTACHED ATOMS
         1-   6,   1-   7,   3-   4,   3-   8,   5-   9,   5-  10,   5-  11,

      FINAL ATOMIC COORDINATE
           ATOM         X           Y           Z       TYPE  PI #
         C(   1)    -1.58242     0.92309     0.00000   (  2)    1
         C(   2)    -0.55020     0.06436     0.00000   (  2)    2
         C(   3)     0.83290     0.62017     0.00000   (  3)    3
         O(   4)     1.84390    -0.05510     0.00000   ( 81)    4
         C(   5)    -0.70662    -1.43295     0.00000   (  1)
         H(   6)    -2.62034     0.55469     0.00000   (  5)
         H(   7)    -1.43049     2.01423     0.00000   (  5)
         H(   8)     0.91704     1.73446     0.00000   (  5)
         H(   9)    -0.23333    -1.88436     0.89753   (  5)
         H(  10)    -1.77362    -1.73970     0.00000   (  5)
         H(  11)    -0.23333    -1.88436    -0.89753   (  5)

      PLANAR
      ------
      F-MATRIX
       -0.22017 -0.21462 -0.02018  0.01394
       -0.22164 -0.09204 -0.00308
       -0.20347 -0.28660
       -0.32012

      H-CORE MATRIX
       -1.03119 -0.07613 -0.01201 -0.00049
       -1.16366 -0.06266 -0.00721
       -1.21721 -0.13473
       -1.23405

      GAMMA MATRIX
        0.41017  0.28407  0.19247  0.14144
        0.40942  0.26937  0.19931
        0.41769  0.31876
        0.52457

      MOLECULAR ORBITALS
        0.17838  0.27992  0.62686  0.70489
        0.67604  0.64727 -0.10260 -0.33688
        0.67207 -0.57474 -0.31849  0.34139
        0.24387 -0.41515  0.70362 -0.52259

      EIGENVALUES
       -0.57259 -0.42957 -0.01999  0.05677

      DENSITY MATRIX
        0.97769
        0.97503  0.99463
        0.08492  0.21812  0.80697
       -0.20400 -0.04148  0.95286  1.22071

      ELECTRON DENSITIES
         0.9777   0.9946   0.8070   1.2207

      ORIGINAL EFFECTIVE NUCLEAR CHARGES
        3.25000  3.25000  3.25000  4.55000

      FINAL EFFECTIVE NUCLEAR CHARGES
        3.25781  3.25188  3.31756  4.47275

      BOND ORDERS  (P) AND RESONANCE INTEGRALS (B) FOR PI-BONDS
           BOND        P(W)      P(0)      B(0)     P*B(0)
           1-   2    0.9750    0.9750    1.0086    0.9834
           2-   3    0.2181    0.2181    0.8301    0.1811
           3-   4    0.9529    0.9529    1.7849    1.7008

      BOND ENERGY FROM VESCF CALCULATION(KCAL/MOL)
           SIGMA-BOND   -167.42
           PI-BOND      -187.38
           TOTAL ENERGY -354.80


          DIELECTRIC CONSTANT =  1.500


      BOND LENGTHS AND STRETCHING ENERGY   (   10 BONDS)

        ENERGY = 71.94(KS)(DR)(DR)(1-(CS)(DR)+(7/12)((CS)(DR))**2)
                          DR = R-RO
                          CS =  2.550
                                                         R(0)-CORR        CORR
          BOND        LENGTH   R(0)    K(S)  ENERGY   E-NEG   MISCEL       KS
    C(   1)- C(   2)  1.3427  1.3362  7.430  0.0220                             
    C(   1)- H(   6)  1.1014  1.1010  5.150  0.0000                             
    C(   1)- H(   7)  1.1017  1.1010  5.150  0.0002                             
    C(   2)- C(   3)  1.4906  1.4838  4.903  0.0161                             
    C(   2)- C(   5)  1.5055  1.4990  6.300  0.0186                             
    C(   3)- O(   4)  1.2158  1.2156  9.480  0.0000                             
    C(   3)- H(   8)  1.1175  1.1180  4.370  0.0001                             
    C(   5)- H(   9)  1.1106  1.1100  4.815  0.0001 -0.0020              0.065  
    C(   5)- H(  10)  1.1102  1.1100  4.815  0.0000 -0.0020              0.065  
    C(   5)- H(  11)  1.1106  1.1100  4.815  0.0001 -0.0020              0.065  


      NON-BONDED DISTANCES, VDW AND EPR ENERGY   (     30 PAIRS)

              E(VDW) = KV*(1.84(10**5)EXP(-12.00/P) - 2.25(P**6))
              E(EPR) = C*KV*(1.84(10**5)EXP(-12.00/Q) - 2.25(Q**6))
              E(HBD) = EP1-EP2*COS(THETA)*RTH/RTH0
                            EP1 = KHB*1.84(10**5)*EXP(-12.0/P)
                            EP2 = KHB*2.25(P**6)

            IF P > 3.020, THEN,
              E(VDW) = KV(192.270)(P**2)
              E(HBD) = EP1-EP2*COS(THETA)*RTH/RTH0
                            EP1 = KHB*(192.270*P**2+1706.96)
                            EP2 = KHB*1706.96

               WHERE   RV = RVDW(I) + RVDW(K)
                       KV = SQRT(EPS(I)*EPS(K))
                      KHB = EPS/DIELEC  FOR HYDROGEN BOND
                        P = (RV/R) OR (RV/R#)
                        C = SCALE FACTOR
                        Q = RV/R, WHERE R IS MODIFIED DISTANCE
                    THETA = ANGLE H-X-Y IN HYDROGEN BOND X-H...Y
                      RTH = BOND LENGTH X-H IN X-H...Y
                     RTH0 = NATURAL BOND LENGTH X-H

          # IN THE VDW CALCULATIONS THE HYDROGEN ATOMS ARE RELOCATED
          SO THAT THE ATTACHED HYDROGEN DISTANCE IS REDUCED BY 0.923

          # IN THE VDW CALCULATIONS THE DEUTERIUM ATOMS ARE RELOCATED
          SO THAT THE ATTACHED DEUTERIUM DISTANCE IS REDUCED BY  0.923

         ATOM PAIR          R       R#       RV      KV       ENERGY
      C(   1), C(   3)   2.4342
      C(   1), O(   4)   3.5632            3.780   0.0575    -0.0550  1,4       
      C(   1), C(   5)   2.5135
      C(   1), H(   8)   2.6279   2.5964   3.580   0.0335     0.5052  1,4       
      C(   1), H(   9)   3.2415   3.1776   3.580   0.0335    -0.0082  1,4       
      C(   1), H(  10)   2.6696   2.6414   3.580   0.0335     0.4127  1,4       
      C(   1), H(  11)   3.2415   3.1776   3.580   0.0335    -0.0082  1,4       
      C(   2), O(   4)   2.3971
      C(   2), H(   6)   2.1274
      C(   2), H(   7)   2.1394
      C(   2), H(   8)   2.2231
      C(   2), H(   9)   2.1687
      C(   2), H(  10)   2.1798
      C(   2), H(  11)   2.1687
      C(   3), C(   5)   2.5662
      C(   3), H(   6)   3.4539   3.3735   3.560   0.0335    -0.0331  1,4       
      C(   3), H(   7)   2.6583   2.6253   3.560   0.0335     0.4153  1,4       
      C(   3), H(   9)   2.8662   2.8288   3.560   0.0335     0.1458  1,4       
      C(   3), H(  10)   3.5161   3.4395   3.560   0.0335    -0.0358  1,4       
      C(   3), H(  11)   2.8662   2.8288   3.560   0.0335     0.1458  1,4       
      O(   4), C(   5)   2.8989            3.860   0.0399     0.3949  1,4       
      O(   4), H(   6)   4.5057   4.4305   3.440   0.0344    -0.0157            
      O(   4), H(   7)   3.8735   3.8392   3.440   0.0344    -0.0303            
      O(   4), H(   8)   2.0153
      O(   4), H(   9)   2.9097   2.8938   3.440   0.0344     0.0429            
      O(   4), H(  10)   3.9905   3.9061   3.440   0.0344    -0.0284            
      O(   4), H(  11)   2.9097   2.8938   3.440   0.0344     0.0429            
      C(   5), H(   6)   2.7592   2.7253   3.560   0.0230     0.1764  1,4       
      C(   5), H(   7)   3.5224   3.4427   3.560   0.0230    -0.0247  1,4       
      C(   5), H(   8)   3.5593   3.4802   3.560   0.0230    -0.0253  1,4       
      H(   6), H(   7)   1.8831
      H(   6), H(   8)   3.7289   3.6118   3.240   0.0200    -0.0177            
      H(   6), H(   9)   3.5288   3.4293   3.240   0.0200    -0.0208            
      H(   6), H(  10)   2.4456   2.4509   3.240   0.0200     0.1802            
      H(   6), H(  11)   3.5288   3.4293   3.240   0.0200    -0.0208            
      H(   7), H(   8)   2.3641   2.3695   3.240   0.0200     0.2740            
      H(   7), H(   9)   4.1758   4.0432   3.240   0.0200    -0.0108            
      H(   7), H(  10)   3.7696   3.6548   3.240   0.0200    -0.0170            
      H(   7), H(  11)   4.1758   4.0432   3.240   0.0200    -0.0108            
      H(   8), H(   9)   3.9019   3.7838   3.240   0.0200    -0.0147            
      H(   8), H(  10)   4.3942   4.2535   3.240   0.0200    -0.0083            
      H(   8), H(  11)   3.9019   3.7838   3.240   0.0200    -0.0147            
      H(   9), H(  10)   1.7886
      H(   9), H(  11)   1.7951
      H(  10), H(  11)   1.7886


      BOND ANGLES, BENDING AND STRETCH-BEND ENERGIES   (   15 ANGLES)

          EB = 0.021914(KB)(DT)(DT)(1+CF*DT+QF*DT**2+PF*DT**3+SF*DT**4)
                          DT = THETA-TZERO
                          CF = -1400.000E-5
                          QF =     5.600E-5
                          PF =    -0.070E-5
                          SF =     0.022E-6
          ESB(J) = 2.51124(KSB(J))(DT)(DR1+DR2)
                          DR(I) = R(I) - R0(I)
          EBDBD  = -0.02191418(KBB1)(DT1)(KBB2)(DT2)

          A T O M S            THETA    TZERO     KB     EB     KSB    ESB
   C(   2)- C(   1)- H(   6)  120.701  120.500                 0.08  0.0003     
      IN-PLN    2-   1-   6   120.701  120.500  0.490  0.0004                   
      OUT-PL    1-   7-   1     0.024           0.110  0.0000                   
   C(   2)- C(   1)- H(   7)  121.830  120.500                 0.08  0.0019     
      IN-PLN    2-   1-   7   121.830  120.500  0.490  0.0186                   
      OUT-PL    1-   6-   1     0.000           0.110  0.0000                   
   H(   6)- C(   1)- H(   7)  117.469  119.000
      IN-PLN    6-   1-   7   117.469  119.000  0.450  0.0236                   
      OUT-PL    1-   2-   1     0.014           0.200  0.0000                   
   C(   1)- C(   2)- C(   3)  118.349  115.500                 0.13  0.0124     
      IN-PLN    1-   2-   3   118.349  115.500  0.500  0.0854                   
      OUT-PL    2-   5-   2     0.000           0.100  0.0000                   
   C(   1)- C(   2)- C(   5)  123.794  122.300                 0.13  0.0063     
      IN-PLN    1-   2-   5   123.794  122.300  0.470  0.0225                   
      OUT-PL    2-   3-   2     0.000           0.050  0.0000                   
   C(   3)- C(   2)- C(   5)  117.857  117.000                 0.13  0.0037     
      IN-PLN    3-   2-   5   117.857  117.000  0.500  0.0080                   
      OUT-PL    2-   1-   2     0.014           0.200  0.0000                   
   C(   2)- C(   3)- O(   4)  124.367  123.500                 0.13  0.0020     
      IN-PLN    2-   3-   4   124.367  123.500  1.300  0.0212                   
      OUT-PL    3-   8-   3     0.025           1.180  0.0000                   
   C(   2)- C(   3)- H(   8)  116.211  111.500                 0.08  0.0059     
      IN-PLN    2-   3-   8   116.211  111.500  0.300  0.1365                   
      OUT-PL    3-   4-   3     0.019           0.650  0.0000                   
   O(   4)- C(   3)- H(   8)  119.422  119.200                 0.08  0.0000     
      IN-PLN    4-   3-   8   119.422  119.200  0.850  0.0009                   
      OUT-PL    3-   2-   3     0.000           0.800  0.0000                   
   C(   2)- C(   5)- H(   9)  111.100  110.400  0.550  0.0058  0.08  0.0010     
   C(   2)- C(   5)- H(  10)  112.003  110.400  0.550  0.0303  0.08  0.0021     
   C(   2)- C(   5)- H(  11)  111.100  110.400  0.550  0.0058  0.08  0.0010     
   H(   9)- C(   5)- H(  10)  107.294  107.800  0.550  0.0031                   
   H(   9)- C(   5)- H(  11)  107.837  107.800  0.550  0.0000                   
   H(  10)- C(   5)- H(  11)  107.294  107.800  0.550  0.0031                   


     DIHEDRAL ANGLES, TORSIONAL ENERGY (ET)   (   14 ANGLES)

           ET = (V1/2)(1+COS(W))+(V2/2)(1-COS(2W))+(V3/2)(1+COS(3W))

           ETS = -11.995*(R-R0)((KTS1/2)(1+COS(W))+
                                (KTS2/2)(1-COS(2W)+
                                (KTS3/2)(1+COS(3W))

           SIGN OF ANGLE A-B-C-D : WHEN LOOKING THROUGH B TOWARD C,
           IF D IS COUNTERCLOCKWISE FROM A, NEGATIVE.

         A T O M S               OMEGA    V1     V2     V3     ET   KTS3   ETS
 C(   1) C(   2) C(   3) O(   4) 180.0  0.000  1.449  0.000  0.000              
 C(   1) C(   2) C(   3) H(   8)   0.0 -0.300  1.449  0.000 -0.300              
 C(   1) C(   2) C(   5) H(   9)-120.0  0.000  0.000 -0.090 -0.090              
 C(   1) C(   2) C(   5) H(  10)   0.0  0.000  0.000 -0.090 -0.090              
 C(   1) C(   2) C(   5) H(  11) 120.0  0.000  0.000 -0.090 -0.090              
 C(   3) C(   2) C(   1) H(   6)-180.0  0.000 10.227  0.000  0.000              
 C(   3) C(   2) C(   1) H(   7)   0.0  0.000 10.227  0.000  0.000              
 C(   3) C(   2) C(   5) H(   9)  60.0  0.000  0.000  0.274  0.000              
 C(   3) C(   2) C(   5) H(  10)-180.0  0.000  0.000  0.274  0.000              
 C(   3) C(   2) C(   5) H(  11) -60.0  0.000  0.000  0.274  0.000              
 O(   4) C(   3) C(   2) C(   5)   0.0  2.020  2.173  0.000  2.020              
 C(   5) C(   2) C(   1) H(   6)   0.0  0.000  9.834  0.000  0.000              
 C(   5) C(   2) C(   1) H(   7) 180.0  0.000  9.834  0.000  0.000              
 C(   5) C(   2) C(   3) H(   8) 180.0  3.250  2.173  0.000  0.000              

     DIPOLE-DIPOLE INTERACTION ENERGY  (DIELECTRIC CONSTANT = 1.50)

          E = 14.388*MU1*MU2*(COSX-3*COSA*COSB)/(R12**3*DIELC)

               MU1 = BOND MOM OF BOND 1
               MU2 = BOND MOM OF BOND 2
               R12 = DISTANCE BETWEEN MID-POINTS OF TWO BONDS.

        BOND(1)       MU1           BOND(2)       MU2      R12        E
   C(   1)- H(   6) -0.600   + C(   2)- C(   3)  0.500   2.2775   -0.2961       
   C(   1)- H(   6) -0.600   + C(   2)- C(   5) -0.900   2.0482    0.7560       
   C(   1)- H(   6) -0.600   + C(   3)- O(   4)  1.075   3.4699   -0.2664       
   C(   1)- H(   6) -0.600   + C(   3)- H(   8) -0.600   3.0085    0.0307       
   C(   1)- H(   7) -0.600   + C(   2)- C(   3)  0.500   1.9960   -0.4484       
   C(   1)- H(   7) -0.600   + C(   2)- C(   5) -0.900   2.3251    0.5310       
   C(   1)- H(   7) -0.600   + C(   3)- O(   4)  1.075   3.0822   -0.0659       
   C(   1)- H(   7) -0.600   + C(   3)- H(   8) -0.600   2.3992    0.2501       
   C(   2)- C(   5) -0.900   + C(   3)- O(   4)  1.075   2.1916   -1.1161       
   C(   2)- C(   5) -0.900   + C(   3)- H(   8) -0.600   2.3929    0.4054       


 ==============================================================================
                        NORMAL MODE VIBRATIONAL ANALYSIS
 ==============================================================================


             Molecular Shape : ASYMMETRIC ROTOR WITH KAPPA =-0.509371
        Symmetry Point Group : Cs  
             Symmetry Number :  1
                   Chirality :  no



0       FUNDAMENTAL NORMAL VIBRATIONAL FREQUENCIES
                ( THEORETICALLY  27 VALUES )

             Frequency :  in 1/cm
             A(i)      :  IR intensity (vs,s,m,w,vw,-- or in 10**6 cm/mole)
             A(i) = -- :  IR inactive


             no       Frequency   Symmetry      A(i)

             1.          3111.0     (A`  )        m
             2.          3018.3     (A`  )        m
             3.          2994.7     (A`  )        m
             4.          2993.5     (A"  )        m
             5.          2902.2     (A`  )        w
             6.          2836.7     (A`  )        s
             7.          1703.4     (A`  )        s
             8.          1623.1     (A`  )        m
             9.          1494.7     (A`  )        m
            10.          1451.5     (A"  )        w
            11.          1439.9     (A`  )        w
            12.          1355.9     (A`  )        m
            13.          1344.1     (A`  )        m
            14.          1278.9     (A`  )        w
            15.          1004.3     (A"  )        m
            16.           977.3     (A`  )        w
            17.           939.8     (A`  )        w
            18.           939.6     (A"  )        m
            19.           896.8     (A"  )        w
            20.           839.6     (A`  )        w
            21.           712.9     (A"  )       vw
            22.           580.9     (A`  )        w
            23.           427.7     (A"  )        m
            24.           385.3     (A`  )        w
            25.           271.7     (A`  )        w
            26.           151.2     (A"  )        w
            27.           139.8     (A"  )        w
            28.     (       0.0)    (t/r )
            29.     (       0.0)    (t/r )
            30.     (       0.0)    (t/r )
            31.     (       0.0)    (t/r )
            32.     (       0.0)    (t/r )
            33.     (       0.0)    (t/r )


0       CORRESPONDING EIGEN VECTOR MATRIX   33 BY  33



 (  1)
    -0.062   -0.074    0.000    0.001    0.001    0.000    0.000   -0.001
     0.000    0.000    0.000    0.000   -0.001    0.000    0.000    0.636
     0.227    0.000    0.091    0.646    0.000    0.001    0.005    0.000
     0.001   -0.001    0.002    0.008    0.003    0.000    0.001   -0.001
    -0.002

 (  2)
     0.054   -0.047    0.000   -0.007    0.006    0.000    0.001    0.000
     0.000    0.000    0.000    0.000    0.001   -0.001    0.000   -0.641
    -0.199    0.000    0.069    0.689    0.000    0.000    0.002    0.000
    -0.003    0.002   -0.005   -0.004    0.000    0.000   -0.003    0.002
     0.005

 (  3)
     0.001    0.000    0.000    0.000    0.000    0.000    0.000    0.001
     0.000    0.000    0.000    0.000   -0.092    0.008    0.000   -0.012
    -0.004    0.000    0.000   -0.001    0.000    0.000   -0.004    0.000
     0.173   -0.159    0.294    0.746    0.225    0.000    0.173   -0.158
    -0.294

 (  4)
     0.000    0.000    0.000    0.000    0.000    0.000    0.000    0.000
     0.000    0.000    0.000    0.000    0.000    0.000    0.092    0.000
     0.000   -0.002    0.000    0.000    0.002    0.000    0.000    0.001
    -0.273    0.279   -0.541    0.000    0.000   -0.019    0.273   -0.279
    -0.541

 (  5)
     0.000    0.000    0.000    0.001    0.007    0.000    0.000   -0.001
     0.000    0.000    0.000    0.000   -0.005   -0.063    0.000    0.003
     0.002    0.000    0.000   -0.006    0.000    0.000    0.007    0.000
    -0.236    0.251   -0.451    0.520    0.171    0.000   -0.236    0.251
     0.451

 (  6)
     0.000    0.000    0.000    0.002    0.003    0.000   -0.002   -0.088
     0.000   -0.005    0.005    0.000    0.000    0.000    0.000   -0.003
    -0.001    0.000   -0.001   -0.006    0.000    0.077    0.945    0.000
     0.003   -0.002    0.005   -0.001    0.000    0.000    0.003   -0.002
    -0.005

 (  7)
    -0.047    0.036    0.000    0.100   -0.032    0.000   -0.203    0.050
     0.000    0.090   -0.046    0.000   -0.005    0.009    0.000   -0.024
    -0.084    0.000    0.097    0.036    0.000    0.339    0.032    0.000
    -0.008    0.015    0.002    0.011   -0.040    0.000   -0.008    0.015
    -0.002

 (  8)
    -0.097    0.092    0.000    0.057   -0.160    0.000    0.076    0.000
     0.000   -0.040    0.011    0.000    0.006    0.088    0.000    0.017
    -0.340    0.000    0.277    0.079    0.000   -0.137    0.013    0.000
    -0.053   -0.036   -0.055    0.079   -0.093    0.000   -0.053   -0.036
     0.055

 (  9)
    -0.053    0.025    0.000    0.034    0.112    0.000    0.006   -0.029
     0.000   -0.012    0.010    0.000   -0.020   -0.125    0.000    0.072
    -0.388    0.000    0.505   -0.035    0.000   -0.112   -0.031    0.000
     0.130    0.145    0.085   -0.144    0.212    0.000    0.130    0.145
    -0.085

 ( 10)
     0.000    0.000   -0.001    0.000    0.000    0.012    0.000    0.000
    -0.001    0.000    0.000    0.000    0.000    0.000    0.049    0.000
     0.000   -0.005    0.000    0.000    0.009    0.000    0.000    0.004
     0.423    0.252   -0.021    0.000    0.000   -0.690   -0.423   -0.252
    -0.021

 ( 11)
     0.008    0.000    0.000   -0.031   -0.025    0.000   -0.006    0.016
     0.000    0.010   -0.008    0.000   -0.047    0.026    0.000    0.022
    -0.038    0.000   -0.016    0.003    0.000    0.031    0.019    0.000
     0.439   -0.208   -0.392   -0.161    0.351    0.000    0.439   -0.208
     0.392

 ( 12)
     0.048   -0.027    0.000   -0.117    0.039    0.000   -0.030    0.093
     0.000    0.067   -0.070    0.000    0.024    0.044    0.000    0.139
    -0.272    0.000    0.271   -0.060    0.000   -0.405    0.149    0.000
    -0.132   -0.175   -0.039    0.087   -0.135    0.000   -0.132   -0.175
     0.039

 ( 13)
     0.023   -0.017    0.000   -0.081    0.047    0.000   -0.001   -0.077
     0.000   -0.024    0.064    0.000    0.020    0.045    0.000    0.110
    -0.264    0.000    0.228   -0.046    0.000    0.641   -0.144    0.000
    -0.102   -0.197   -0.068    0.087   -0.150    0.000   -0.102   -0.197
     0.068

 ( 14)
     0.043    0.021    0.000   -0.130   -0.110    0.000    0.014    0.055
     0.000    0.022   -0.012    0.000    0.025   -0.021    0.000    0.135
    -0.228    0.000   -0.116    0.043    0.000    0.271    0.050    0.000
     0.010    0.294    0.179   -0.097    0.387    0.000    0.010    0.294
    -0.179

 ( 15)
     0.000    0.000    0.098    0.000    0.000   -0.113    0.000    0.000
     0.051    0.000    0.000   -0.011    0.000    0.000    0.087    0.000
     0.000   -0.381    0.000    0.000   -0.341    0.000    0.000   -0.189
     0.014   -0.353   -0.097    0.000    0.000   -0.190   -0.014    0.353
    -0.097

 ( 16)
     0.055    0.101    0.000    0.026    0.033    0.000   -0.022   -0.036
     0.000   -0.003    0.006    0.000   -0.023   -0.050    0.000    0.266
    -0.490    0.000   -0.579    0.192    0.000   -0.122   -0.032    0.000
     0.021   -0.068   -0.030    0.021   -0.208    0.000    0.021   -0.068
     0.030

 ( 17)
     0.042   -0.041    0.000   -0.017   -0.011    0.000    0.020    0.032
     0.000    0.000   -0.006    0.000   -0.115    0.028    0.000    0.044
    -0.037    0.000    0.118   -0.055    0.000    0.088    0.030    0.000
     0.261    0.330   -0.047    0.066   -0.607    0.000    0.261    0.330
     0.047

 ( 18)
     0.000    0.000    0.104    0.000    0.000    0.016    0.000    0.000
     0.013    0.000    0.000   -0.002    0.000    0.000   -0.089    0.000
     0.000   -0.384    0.000    0.000   -0.486    0.000    0.000   -0.057
    -0.003    0.395    0.112    0.000    0.000    0.200    0.003   -0.395
     0.112

 ( 19)
     0.000    0.000   -0.036    0.000    0.000   -0.029    0.000    0.000
     0.167    0.000    0.000   -0.040    0.000    0.000   -0.026    0.000
     0.000    0.303    0.000    0.000    0.037    0.000    0.000   -0.697
     0.006    0.099    0.020    0.000    0.000    0.043   -0.006   -0.099
     0.020

 ( 20)
    -0.073    0.054    0.000   -0.019    0.010    0.000    0.100    0.145
     0.000    0.000   -0.035    0.000   -0.018   -0.137    0.000   -0.094
     0.103    0.000   -0.051    0.054    0.000    0.323    0.140    0.000
    -0.027   -0.198   -0.023   -0.001   -0.210    0.000   -0.027   -0.198
     0.023

 ( 21)
     0.000    0.000   -0.001    0.000    0.000    0.008    0.000    0.000
    -0.004    0.000    0.000    0.011    0.000    0.000   -0.015    0.000
     0.000    0.658    0.000    0.000   -0.699    0.000    0.000    0.198
     0.002   -0.080   -0.058    0.000    0.000   -0.076   -0.002    0.080
    -0.058

 ( 22)
    -0.102    0.088    0.000   -0.115    0.001    0.000    0.012   -0.112
     0.000    0.142    0.026    0.000    0.018   -0.019    0.000   -0.137
     0.183    0.000   -0.022    0.080    0.000   -0.111   -0.105    0.000
     0.090    0.045   -0.005    0.059   -0.156    0.000    0.090    0.045
     0.005

 ( 23)
     0.000    0.000    0.044    0.000    0.000   -0.224    0.000    0.000
     0.037    0.000    0.000    0.009    0.000    0.000    0.034    0.000
     0.000    0.223    0.000    0.000    0.186    0.000    0.000    0.346
     0.045    0.198    0.112    0.000    0.000    0.177   -0.045   -0.198
     0.112

 ( 24)
    -0.115   -0.110    0.000    0.037    0.069    0.000    0.088    0.005
     0.000    0.077   -0.033    0.000   -0.067    0.089    0.000   -0.050
    -0.300    0.000   -0.308   -0.086    0.000    0.109    0.003    0.000
    -0.103    0.059    0.002   -0.087    0.155    0.000   -0.103    0.059
    -0.002

 ( 25)
    -0.067    0.020    0.000   -0.024    0.073    0.000   -0.007   -0.005
     0.000   -0.081   -0.118    0.000    0.159    0.058    0.000   -0.048
    -0.037    0.000   -0.116    0.027    0.000    0.092   -0.013    0.000
     0.218    0.117    0.000    0.199   -0.074    0.000    0.218    0.117
     0.000

 ( 26)
     0.000    0.000    0.073    0.000    0.000   -0.029    0.000    0.000
    -0.086    0.000    0.000    0.041    0.000    0.000   -0.012    0.000
     0.000    0.156    0.000    0.000    0.090    0.000    0.000   -0.242
    -0.415    0.063    0.239    0.000    0.000   -0.494    0.415   -0.063
     0.239

 ( 27)
     0.000    0.000    0.064    0.000    0.000   -0.039    0.000    0.000
    -0.131    0.000    0.000    0.125    0.000    0.000   -0.035    0.000
     0.000    0.149    0.000    0.000    0.077    0.000    0.000   -0.421
     0.248   -0.030   -0.181    0.000    0.000    0.253   -0.248    0.030
    -0.181

 ( 28)
     0.070    0.084    0.127    0.046    0.054    0.075    0.061    0.015
     0.116    0.042   -0.014    0.076    0.003    0.059   -0.024    0.060
     0.114    0.099    0.101    0.080    0.198    0.093    0.012    0.189
    -0.013   -0.013   -0.051   -0.006    0.089   -0.048   -0.007    0.104
    -0.051

 ( 29)
    -0.030   -0.048   -0.031    0.023    0.016    0.000   -0.011    0.101
     0.038    0.031    0.164    0.068    0.116    0.006   -0.003   -0.007
    -0.112   -0.060   -0.097   -0.038   -0.028   -0.080    0.107    0.039
     0.118    0.037    0.011    0.135   -0.060   -0.033    0.169    0.034
     0.011

 ( 30)
     0.042   -0.025   -0.138    0.029   -0.040   -0.032    0.037   -0.060
     0.055    0.027   -0.075    0.154    0.007   -0.038    0.005    0.036
    -0.010   -0.204    0.058   -0.027   -0.162    0.053   -0.061    0.026
    -0.067   -0.015    0.056    0.003   -0.022   -0.066    0.069   -0.074
     0.056

 ( 31)
    -0.001    0.093   -0.053   -0.018    0.072    0.029   -0.007    0.045
    -0.029   -0.020    0.024    0.034   -0.048    0.075    0.176   -0.008
     0.113   -0.014    0.021    0.090   -0.160    0.015    0.043   -0.138
    -0.054    0.154    0.219   -0.054    0.097    0.208   -0.059   -0.022
     0.219

 ( 32)
     0.106    0.039   -0.056    0.095    0.027   -0.053    0.102    0.009
    -0.089    0.094   -0.003   -0.089    0.077    0.029   -0.015    0.101
     0.052   -0.031    0.120    0.038   -0.085    0.116    0.008   -0.116
     0.086    0.044   -0.012    0.073    0.042    0.010    0.057    0.001
    -0.012

 ( 33)
    -0.021    0.093   -0.091   -0.038    0.073   -0.082   -0.027    0.046
    -0.004   -0.040    0.026    0.011   -0.067    0.076   -0.147   -0.028
     0.114   -0.148    0.001    0.090   -0.041   -0.005    0.044    0.044
    -0.113    0.031   -0.146   -0.073    0.097   -0.203   -0.039    0.102
    -0.146


 ==============================================================================
                      STATISTICAL THERMODYNAMICS ANALYSIS
 ==============================================================================

  Structure name    : 2-me-propenal-t1                                            
  Temperature       :   298.16 K
  Symmetry number   :   1
  Optical isomers   :   1
  Zero Point Energy :   54.059 Kcal/mol


                     ENERGY   ENTHALPY    ENTROPY  FREE ENERGY   HEAT CAPACITY
                  (Kcal/mol) (Kcal/mol)     (eu)   (Kcal/mol)    (cal/mol/deg)
  Translational       0.889      1.481     38.639    -10.040         4.967
     Rotational       0.889      0.889     25.487     -6.711         2.980
    Vibrational      55.934%    55.934%    10.585*    52.778%       13.833*
      Potential       4.001#     4.001#     0.000      4.001#        0.000
         Mixing       0.000      0.000      0.000      0.000         0.000
          Total      61.712     62.305     74.711     40.029        21.781

  Enthalpy Function (H-Ho)/T     =   14.24 cal/mol/deg
  Free Energy Function -(G-Ho)/T =   60.47 cal/mol/deg

  % Includes zero point energy (ZPE).
  * Excludes contribution from frequencies lower than 40 (1/cm).
  # Includes steric energy (SE).
    Internal rotation contributions are not considered

  This structure has   0 imaginary frequencies,
                       0 free internal rotation (fir) frequencies
                         (>= 0,< 10 /cm),
                       0 restricted internal rotation (rir) frequencies
                         (>= 10,< 40 /cm),
                       6 zero frequencies, and
                      27 real frequencies.


      FINAL STERIC ENERGY IS      4.0008 KCAL/MOL.
      (WITHOUT ELECTRONIC ENERGY CORR.)


                COMPRESSION       0.0573
                BENDING           0.3654
                BEND-BEND        -0.0248
                STRETCH-BEND      0.0366
                VANDERWAALS
                  1,4 ENERGY      2.0060
                  OTHER           0.3301
                H-BONDING         0.0000
                PI-COMPLX         0.0000

                TORSIONAL         1.4500
                TORSION-STRETCH   0.0000
                DIPOLE-DIPOLE    -0.2196
                CHARGE-DIPOLE     0.0000
                CHARGE-CHARGE     0.0000


      FINAL ENERGY (WITH SCF) IS          -350.8343 KCAL/MOL

                STERIC            4.0008
                SIGMA-STRETCH    -0.0381
                E(RHF)         -354.7970

      -----------------------------------------------------------------

      COORDINATES TRANSLATED TO NEW ORIGIN WHICH IS CENTER OF MASS
         C(   1)    -1.58242     0.92309     0.00000   (  2)
         C(   2)    -0.55020     0.06436     0.00000   (  2)
         C(   3)     0.83290     0.62017     0.00000   (  3)
         O(   4)     1.84390    -0.05510     0.00000   ( 81)
         C(   5)    -0.70662    -1.43295     0.00000   (  1)
         H(   6)    -2.62034     0.55469     0.00000   (  5)
         H(   7)    -1.43049     2.01423     0.00000   (  5)
         H(   8)     0.91704     1.73446     0.00000   (  5)
         H(   9)    -0.23333    -1.88436     0.89753   (  5)
         H(  10)    -1.77362    -1.73970     0.00000   (  5)
         H(  11)    -0.23333    -1.88436    -0.89753   (  5)

      MOMENT OF INERTIA WITH THE PRINCIPAL AXES

          (1)  UNIT = 10**(-39) GM*CM**2
               IX=    9.7702    IY=   19.4456    IZ=   28.6765

          (2)  UNIT = AU A**2
               IX=   58.8440    IY=  117.1167    IZ=  172.7127



      MOLECULAR POLARIZABILITIES (A**3)
        ALPHA(1)   =       8.54
        ALPHA(2)   =       6.81
        ALPHA(3)   =       5.24
        AVG. ALPHA =       6.86



      DIPOLE MOMENT =          2.946 D


        PI-DIPOLE MOMENT    =  1.0081

            COMPONENTS    X =  0.8880    Y = -0.4771    Z =  0.0000


        SIGMA-DIPOLE MOMENT =  1.9559


            COMPONENTS    X =  1.8889    Y = -0.5074    Z =  0.0000


      -----------------------------------------------------------------

        END OF 2-me-propenal-t1                                            


           TOTAL CPU TIME IS      0.04 SECONDS.

           THIS JOB COMPLETED AT    13:05:01
