                      Atom    1 should be a PI atom
                      Atom    2 should be a PI atom
                      Atom    3 should be a PI atom
                      Atom    4 should be a PI atom
1
               ---------------------------------------------
               WARNING : INCORRECT ATOM TYPES GIVEN IN INPUT
                         DATA ARE CORRECTED AS FOLLOWS
               ---------------------------------------------


             Atom type of atom    1 is replaced by  81 (was   0)
             Atom type of atom    2 is replaced by   3 (was   0)
             Atom type of atom    3 is replaced by   2 (was   0)
             Atom type of atom    4 is replaced by   2 (was   0)
             Atom type of atom    5 is replaced by   5 (was   0)
             Atom type of atom    6 is replaced by   5 (was   0)
             Atom type of atom    7 is replaced by   5 (was   0)
             Atom type of atom    8 is replaced by   5 (was   0)
1     acrolein-cis                                                

               CHEMICAL FORMULA :  C(   3)  H(   4)  O(   1) 
               FORMULA WEIGHT   :     56.027
                                                               DATE 26-MAY-23
                                                               TIME  14:22:07


          THE COORDINATES OF    8 ATOMS ARE READ IN.
          SOME CONSTANTS WILL BE READ IN.

      CONFORMATIONAL ENERGY, PART 1:  GEOMETRY AND STERIC ENERGY
                                      OF INITIAL CONFORMATION.


      CONNECTED ATOMS
         2-   3-   4-

      ATTACHED ATOMS
         1-   2,   2-   5,   3-   6,   4-   7,   4-   8,

      INITIAL ATOMIC COORDINATES
           ATOM         X           Y           Z       TYPE
         O(   1)     1.37870    -0.51180     0.00000   ( 81) PI-ATOM
         C(   2)     0.72884     0.51656     0.00000   (  3) PI-ATOM
         C(   3)    -0.75533     0.59068     0.00000   (  2) PI-ATOM
         C(   4)    -1.50638    -0.51901     0.00000   (  2) PI-ATOM
         H(   5)     1.25033     1.50529     0.00000   (  5)
         H(   6)    -1.22346     1.58921     0.00000   (  5)
         H(   7)    -2.60651    -0.45480     0.00000   (  5)
         H(   8)    -1.04917    -1.52113     0.00000   (  5)

  NOTE: PI-ATOM PARAMETER (KPI) OF (  7-  2) IS USED FOR TYPE ( 81-  2).

  NOTE: PI-ATOM PARAMETER (KPI) OF (  7-  2) IS USED FOR TYPE ( 81-  2).

      VESCF CALCULATION FOR PLANAR SYSTEM

           ITER  1 VO=  -1.892145( -1187.72KCAL/MOL)
           ITER  2 VO=  -2.135041( -1340.19KCAL/MOL)     DIFF =   0.242896
           ITER  3 VO=  -2.139101( -1342.73KCAL/MOL)     DIFF =   0.004059
           ITER  4 VO=  -2.140762( -1343.78KCAL/MOL)     DIFF =   0.001662
           ITER  5 VO=  -2.141041( -1343.95KCAL/MOL)     DIFF =   0.000279
           ITER  6 VO=  -2.141123( -1344.00KCAL/MOL)     DIFF =   0.000082
           ITER  7 VO=  -2.141146( -1344.02KCAL/MOL)     DIFF =   0.000024
           ITER  8 VO=  -2.141155( -1344.02KCAL/MOL)     DIFF =   0.000009

                VESCF SEQUENCE REQUIRES   0.00 SECONDS.


          DIELECTRIC CONSTANT =  1.500


      INITIAL STERIC ENERGY IS      4.5254 KCAL/MOL.

                  COMPRESSION       0.0117
                  BENDING           0.4091
                  BEND-BEND        -0.0302
                  STRETCH-BEND      0.0165
                  VANDERWAALS
                    1,4 ENERGY      1.1784
                    OTHER           0.2090
                  H-BONDING         0.0000
                  PI-COMPLX         0.0000

                  TORSIONAL         2.7500
                  TORSION-STRETCH   0.0000
                  DIPOLE-DIPOLE    -0.0192
                  CHARGE-DIPOLE     0.0000
                  CHARGE-CHARGE     0.0000


      MOLECULAR POLARIZABILITIES (A**3)
        ALPHA(1)   =       5.22
        ALPHA(2)   =       5.61
        ALPHA(3)   =       3.56
        AVG. ALPHA =       4.80



      DIPOLE MOMENT =          2.945 D


        PI-DIPOLE MOMENT    =  0.8990

        SIGMA-DIPOLE MOMENT =  2.0483


      PLANAR
      ------
      F-MATRIX
       -0.31997 -0.28617 -0.00280  0.01533
       -0.20225 -0.09306 -0.01952
       -0.22154 -0.21494
       -0.21409

      H-CORE MATRIX
       -1.26231 -0.13460 -0.00715 -0.00241
       -1.21590 -0.06291 -0.01137
       -1.16221 -0.07649
       -1.06087

      GAMMA MATRIX
        0.52447  0.31865  0.19895  0.17059
        0.41774  0.26978  0.19070
        0.40884  0.28438
        0.41081

      MOLECULAR ORBITALS
        0.70687  0.62744  0.27815  0.17118
       -0.33455 -0.09610  0.65311  0.67252
        0.34995 -0.32863 -0.56237  0.67326
       -0.51571  0.69935 -0.42406  0.25521

      EIGENVALUES
       -0.57124 -0.42771 -0.01704  0.05816

      DENSITY MATRIX
        1.22316
        0.95133  0.80582
       -0.04377  0.22350  1.00783
       -0.20799  0.08554  0.97369  0.96318

      ELECTRON DENSITIES
         1.2232   0.8058   1.0078   0.9632

      ORIGINAL EFFECTIVE NUCLEAR CHARGES
        4.55000  3.25000  3.25000  3.25000

      FINAL EFFECTIVE NUCLEAR CHARGES
        4.47189  3.31796  3.24726  3.26289

      BOND ORDERS  (P) AND RESONANCE INTEGRALS (B) FOR PI-BONDS
           BOND        P(W)      P(0)      B(0)     P*B(0)
           1-   2    0.9513    0.9513    1.7832    1.6964
           2-   3    0.2235    0.2235    0.8335    0.1863
           3-   4    0.9737    0.9737    1.0134    0.9867

      BOND ENERGY FROM VESCF CALCULATION(KCAL/MOL)
           SIGMA-BOND   -167.11
           PI-BOND      -187.60
           TOTAL ENERGY -354.71

      CPU TIME FOR INITIAL CALCULATION IS     0.01 SECONDS.


1     acrolein-cis                                                


     CONFORMATIONAL ENERGY, PART 2: GEOMETRY MINIMIZATION

               GEOMETRY OPTIMIZATION IS CONTINUED UNTIL ATOM
               MOVEMENT CONVERGES WITHIN FOLLOWING VALUES:

                         AVERAGE MOVEMENT  0.00008 A
                         MAXIMUM MOVEMENT  0.00085 A



     <<<<<<<<<<<<<<<<<<<<<<<<<<  C Y C L E   1 >>>>>>>>>>>>>>>>>>>>>>>>>>

                              (CH)-MOVEMENT = 1

       ITER    1   AVG. MOVE = 0.00000 A   (MAX MOVE : ATOM    7   0.00002 A)  
       ITER    2   AVG. MOVE = 0.00000 A   (MAX MOVE : ATOM    2   0.00001 A)  


     <<<<<<<<<<<<<<<<<<<<<<<<<<  C Y C L E   2 >>>>>>>>>>>>>>>>>>>>>>>>>>

                              (CH)-MOVEMENT = 0

       ITER    3   AVG. MOVE = 0.00000 A   (MAX MOVE : ATOM    1   0.00000 A)  


              * * * * * * * * * GEOMETRY IS OPTIMIZED * * * * * * * * *

               WITHIN : AVERAGE MOVEMENT  0.00000 A (LIMIT  0.00008 A)
                        MAXIMUM MOVEMENT  0.00000 A (LIMIT  0.00085 A)

               GRADIENT
                  RMS GRADIENT                0.000040 KCAL/MOL/A

                  MAX GRADIENT
                    X-DIRECTION : ATOM #   3   0.000086 KCAL/MOL/A
                    Y-DIRECTION : ATOM #   2   0.000109 KCAL/MOL/A
                    Z-DIRECTION : ATOM #   0   0.000000 KCAL/MOL/A

        DELTA TIME =    0.00 SEC.       TOTAL CPU TIME =      0.02 SEC.


                            =====================
                            FULL-MATRIX OPTIMIZER
                            =====================


     iter.  rms force   max force   avg. move    max move  atom  convg  d-time

        0    0.000413    0.001081   0.00000 A   0.00000 A    6    [N]     0.0s
        1    0.000044    0.000142                                 [Y]     0.0s


      TOTAL ENERGY IS      4.5254 KCAL/MOL.

        COMPRESS    0.0117      VDW 1,4    1.1785      DIPL-DIPL   -0.0192
        BENDING     0.4092        OTHER    0.2090      CHRG-DIPL    0.0000
        STR-BEND    0.0165      TORSION    2.7500      CHRG-CHRG    0.0000
        BEND-BEND  -0.0302      TOR-STR    0.0000      EPR          0.0000
        H-BONDING   0.0000      PI-CMPL    0.0000
0     DELTA(T) =     0.0 SEC.          ELAPSED TIME =     0.0 SEC.


    * * * ENERGY IS MINIMIZED WITHIN RMS OF FORCES   0.00004  Kcal/mol/A * * *

                 * * * *  RMS FORCE IS   0.00004 Kcal/mol/A * * * *

1     acrolein-cis                                                

               CHEMICAL FORMULA :  C(   3)  H(   4)  O(   1) 
               FORMULA WEIGHT   :     56.027
                                                               DATE : 26-MAY-23

           * M M 3 * * * * * * * * * * * 2 0 0 0 *
           *                                     *   PARAMETER RELIABILITY
           *                                     *
           *                                     *   BLANK = GOOD
           *                                     *       B = FAIR
           *                                     *       C = TRIAL
           *                                     *       R = READ IN
           *                                     *       S = SUBSTITUTED
           *                                     *       U = PARAMETER NOT EXIST
           *                                     *
           *                                     *   THIS IS SHOWN AT THE END 
           *                                     *   OF THE LINE.
           * * * * *  P I - S Y S T E M  * * * * * 


      CONFORMATIONAL ENERGY, PART 3:  GEOMETRY AND STERIC ENERGY
                                      OF FINAL CONFORMATION.

      CONNECTED ATOMS
         2-   3-   4-

      ATTACHED ATOMS
         1-   2,   2-   5,   3-   6,   4-   7,   4-   8,

      FINAL ATOMIC COORDINATE
           ATOM         X           Y           Z       TYPE  PI #
         O(   1)     1.37870    -0.51180     0.00000   ( 81)    1
         C(   2)     0.72884     0.51656     0.00000   (  3)    2
         C(   3)    -0.75533     0.59067     0.00000   (  2)    3
         C(   4)    -1.50637    -0.51901     0.00000   (  2)    4
         H(   5)     1.25033     1.50530     0.00000   (  5)
         H(   6)    -1.22347     1.58920     0.00000   (  5)
         H(   7)    -2.60651    -0.45481     0.00000   (  5)
         H(   8)    -1.04917    -1.52114     0.00000   (  5)

      PLANAR
      ------
      F-MATRIX
       -0.31997 -0.28617 -0.00280  0.01533
       -0.20225 -0.09306 -0.01952
       -0.22154 -0.21494
       -0.21409

      H-CORE MATRIX
       -1.26231 -0.13460 -0.00715 -0.00241
       -1.21590 -0.06291 -0.01137
       -1.16221 -0.07649
       -1.06087

      GAMMA MATRIX
        0.52447  0.31865  0.19895  0.17059
        0.41774  0.26978  0.19070
        0.40884  0.28438
        0.41081

      MOLECULAR ORBITALS
        0.70687  0.62744  0.27815  0.17118
       -0.33455 -0.09610  0.65311  0.67252
        0.34995 -0.32863 -0.56237  0.67326
       -0.51571  0.69935 -0.42406  0.25521

      EIGENVALUES
       -0.57124 -0.42771 -0.01704  0.05816

      DENSITY MATRIX
        1.22316
        0.95133  0.80582
       -0.04377  0.22350  1.00783
       -0.20799  0.08554  0.97369  0.96318

      ELECTRON DENSITIES
         1.2232   0.8058   1.0078   0.9632

      ORIGINAL EFFECTIVE NUCLEAR CHARGES
        4.55000  3.25000  3.25000  3.25000

      FINAL EFFECTIVE NUCLEAR CHARGES
        4.47189  3.31796  3.24726  3.26289

      BOND ORDERS  (P) AND RESONANCE INTEGRALS (B) FOR PI-BONDS
           BOND        P(W)      P(0)      B(0)     P*B(0)
           1-   2    0.9513    0.9513    1.7832    1.6964
           2-   3    0.2235    0.2235    0.8335    0.1863
           3-   4    0.9737    0.9737    1.0134    0.9867

      BOND ENERGY FROM VESCF CALCULATION(KCAL/MOL)
           SIGMA-BOND   -167.11
           PI-BOND      -187.60
           TOTAL ENERGY -354.71


          DIELECTRIC CONSTANT =  1.500


      BOND LENGTHS AND STRETCHING ENERGY   (    7 BONDS)

        ENERGY = 71.94(KS)(DR)(DR)(1-(CS)(DR)+(7/12)((CS)(DR))**2)
                          DR = R-RO
                          CS =  2.550
                                                         R(0)-CORR        CORR
          BOND        LENGTH   R(0)    K(S)  ENERGY   E-NEG   MISCEL       KS
    O(   1)- C(   2)  1.2165  1.2160  9.470  0.0001                             
    C(   2)- C(   3)  1.4860  1.4829  4.928  0.0034                             
    C(   2)- H(   5)  1.1178  1.1180  4.370  0.0000                             
    C(   3)- C(   4)  1.3400  1.3365  7.426  0.0064                             
    C(   3)- H(   6)  1.1028  1.1010  5.150  0.0012                             
    C(   4)- H(   7)  1.1020  1.1010  5.150  0.0004                             
    C(   4)- H(   8)  1.1015  1.1010  5.150  0.0001                             


      NON-BONDED DISTANCES, VDW AND EPR ENERGY   (     12 PAIRS)

              E(VDW) = KV*(1.84(10**5)EXP(-12.00/P) - 2.25(P**6))
              E(EPR) = C*KV*(1.84(10**5)EXP(-12.00/Q) - 2.25(Q**6))
              E(HBD) = EP1-EP2*COS(THETA)*RTH/RTH0
                            EP1 = KHB*1.84(10**5)*EXP(-12.0/P)
                            EP2 = KHB*2.25(P**6)

            IF P > 3.020, THEN,
              E(VDW) = KV(192.270)(P**2)
              E(HBD) = EP1-EP2*COS(THETA)*RTH/RTH0
                            EP1 = KHB*(192.270*P**2+1706.96)
                            EP2 = KHB*1706.96

               WHERE   RV = RVDW(I) + RVDW(K)
                       KV = SQRT(EPS(I)*EPS(K))
                      KHB = EPS/DIELEC  FOR HYDROGEN BOND
                        P = (RV/R) OR (RV/R#)
                        C = SCALE FACTOR
                        Q = RV/R, WHERE R IS MODIFIED DISTANCE
                    THETA = ANGLE H-X-Y IN HYDROGEN BOND X-H...Y
                      RTH = BOND LENGTH X-H IN X-H...Y
                     RTH0 = NATURAL BOND LENGTH X-H

          # IN THE VDW CALCULATIONS THE HYDROGEN ATOMS ARE RELOCATED
          SO THAT THE ATTACHED HYDROGEN DISTANCE IS REDUCED BY 0.923

          # IN THE VDW CALCULATIONS THE DEUTERIUM ATOMS ARE RELOCATED
          SO THAT THE ATTACHED DEUTERIUM DISTANCE IS REDUCED BY  0.923

         ATOM PAIR          R       R#       RV      KV       ENERGY
      O(   1), C(   3)   2.4020
      O(   1), C(   4)   2.8851            3.780   0.0575     0.4592  1,4       
      O(   1), H(   5)   2.0212
      O(   1), H(   6)   3.3445   3.2683   3.440   0.0344    -0.0344  1,4       
      O(   1), H(   7)   3.9856   3.9009   3.440   0.0344    -0.0286            
      O(   1), H(   8)   2.6293   2.6336   3.440   0.0344     0.2632            
      C(   2), C(   4)   2.4634
      C(   2), H(   6)   2.2276
      C(   2), H(   7)   3.4739   3.3941   3.560   0.0335    -0.0341  1,4       
      C(   2), H(   8)   2.7043   2.6705   3.560   0.0335     0.3361  1,4       
      C(   3), H(   5)   2.2044
      C(   3), H(   7)   2.1260
      C(   3), H(   8)   2.1322
      C(   4), H(   5)   3.4201   3.3429   3.580   0.0335    -0.0298  1,4       
      C(   4), H(   6)   2.1271
      H(   5), H(   6)   2.4752   2.3990   3.240   0.0200     0.2363  1,4       
      H(   5), H(   7)   4.3263   4.1828   3.240   0.0200    -0.0090            
      H(   5), H(   8)   3.8009   3.6769   3.240   0.0200    -0.0166            
      H(   6), H(   7)   2.4680   2.3811   3.240   0.0200     0.2587  1,4       
      H(   6), H(   8)   3.1152   2.9581   3.240   0.0200    -0.0135  1,4       
      H(   7), H(   8)   1.8874


      BOND ANGLES, BENDING AND STRETCH-BEND ENERGIES   (    9 ANGLES)

          EB = 0.021914(KB)(DT)(DT)(1+CF*DT+QF*DT**2+PF*DT**3+SF*DT**4)
                          DT = THETA-TZERO
                          CF = -1400.000E-5
                          QF =     5.600E-5
                          PF =    -0.070E-5
                          SF =     0.022E-6
          ESB(J) = 2.51124(KSB(J))(DT)(DR1+DR2)
                          DR(I) = R(I) - R0(I)
          EBDBD  = -0.02191418(KBB1)(DT1)(KBB2)(DT2)

          A T O M S            THETA    TZERO     KB     EB     KSB    ESB
   O(   1)- C(   2)- C(   3)  125.149  123.500                 0.13  0.0019     
      IN-PLN    1-   2-   3   125.149  123.500  1.300  0.0757                   
      OUT-PL    2-   5-   2     0.019           1.180  0.0000                   
   O(   1)- C(   2)- H(   5)  119.901  119.200                 0.08  0.0000     
      IN-PLN    1-   2-   5   119.901  119.200  0.850  0.0091                   
      OUT-PL    2-   3-   2     0.015           0.800  0.0000                   
   C(   3)- C(   2)- H(   5)  114.950  111.500                 0.08  0.0020     
      IN-PLN    3-   2-   5   114.950  111.500  0.300  0.0745                   
      OUT-PL    2-   1-   2     0.016           0.650  0.0000                   
   C(   2)- C(   3)- C(   4)  121.232  116.700                 0.13  0.0098     
      IN-PLN    2-   3-   4   121.232  116.700  0.500  0.2110                   
      OUT-PL    3-   6-   3     0.019           0.110  0.0000                   
   C(   2)- C(   3)- H(   6)  117.977  117.000                 0.08  0.0010     
      IN-PLN    2-   3-   6   117.977  117.000  0.500  0.0103                   
      OUT-PL    3-   4-   3     0.000           0.200  0.0000                   
   C(   4)- C(   3)- H(   6)  120.792  120.000                 0.08  0.0008     
      IN-PLN    4-   3-   6   120.792  120.000  0.490  0.0067                   
      OUT-PL    3-   2-   3     0.014           0.050  0.0000                   
   C(   3)- C(   4)- H(   7)  120.750  120.500                 0.08  0.0002     
      IN-PLN    3-   4-   7   120.750  120.500  0.490  0.0007                   
      OUT-PL    4-   8-   4     0.000           0.110  0.0000                   
   C(   3)- C(   4)- H(   8)  121.385  120.500                 0.08  0.0007     
      IN-PLN    3-   4-   8   121.385  120.500  0.490  0.0083                   
      OUT-PL    4-   7-   4     0.023           0.110  0.0000                   
   H(   7)- C(   4)- H(   8)  117.864  119.000
      IN-PLN    7-   4-   8   117.864  119.000  0.450  0.0129                   
      OUT-PL    4-   3-   4     0.000           0.200  0.0000                   


     DIHEDRAL ANGLES, TORSIONAL ENERGY (ET)   (    8 ANGLES)

           ET = (V1/2)(1+COS(W))+(V2/2)(1-COS(2W))+(V3/2)(1+COS(3W))

           ETS = -11.995*(R-R0)((KTS1/2)(1+COS(W))+
                                (KTS2/2)(1-COS(2W)+
                                (KTS3/2)(1+COS(3W))

           SIGN OF ANGLE A-B-C-D : WHEN LOOKING THROUGH B TOWARD C,
           IF D IS COUNTERCLOCKWISE FROM A, NEGATIVE.

         A T O M S               OMEGA    V1     V2     V3     ET   KTS3   ETS
 O(   1) C(   2) C(   3) C(   4)   0.0  0.000  1.490  0.000  0.000              
 O(   1) C(   2) C(   3) H(   6)-180.0  2.100  1.863  0.000  0.000              
 C(   2) C(   3) C(   4) H(   7) 180.0  0.000 10.262  0.000  0.000              
 C(   2) C(   3) C(   4) H(   8)   0.0  0.000 10.262  0.000  0.000              
 C(   4) C(   3) C(   2) H(   5)-180.0 -0.300  1.490  0.000  0.000              
 H(   5) C(   2) C(   3) H(   6)   0.0  2.750  1.863  0.000  2.750              
 H(   6) C(   3) C(   4) H(   7)   0.0  0.000 11.347  0.000  0.000              
 H(   6) C(   3) C(   4) H(   8) 180.0  0.000 11.347  0.000  0.000              

     DIPOLE-DIPOLE INTERACTION ENERGY  (DIELECTRIC CONSTANT = 1.50)

          E = 14.388*MU1*MU2*(COSX-3*COSA*COSB)/(R12**3*DIELC)

               MU1 = BOND MOM OF BOND 1
               MU2 = BOND MOM OF BOND 2
               R12 = DISTANCE BETWEEN MID-POINTS OF TWO BONDS.

        BOND(1)       MU1           BOND(2)       MU2      R12        E
   O(   1)- C(   2) -1.075   + C(   3)- H(   6) -0.600   2.3146   -0.5455       
   O(   1)- C(   2) -1.075   + C(   4)- H(   7) -0.600   3.1485   -0.1148       
   O(   1)- C(   2) -1.075   + C(   4)- H(   8) -0.600   2.5459   -0.3690       
   C(   2)- C(   3) -0.500   + C(   4)- H(   7) -0.600   2.2929   -0.2974       
   C(   2)- C(   3) -0.500   + C(   4)- H(   8) -0.600   2.0188   -0.4374       
   C(   2)- H(   5) -0.600   + C(   3)- H(   6) -0.600   1.9806    0.5324       
   C(   2)- H(   5) -0.600   + C(   4)- H(   7) -0.600   3.3944    0.1499       
   C(   2)- H(   5) -0.600   + C(   4)- H(   8) -0.600   3.0440    0.0278       
   C(   3)- H(   6) -0.600   + C(   4)- H(   7) -0.600   1.9040    0.6313       
   C(   3)- H(   6) -0.600   + C(   4)- H(   8) -0.600   2.1296    0.4036       


 ==============================================================================
                        NORMAL MODE VIBRATIONAL ANALYSIS
 ==============================================================================


             Molecular Shape : PLANAR
        Symmetry Point Group : Cs  
             Symmetry Number :  1
                   Chirality :  no



0       FUNDAMENTAL NORMAL VIBRATIONAL FREQUENCIES
                ( THEORETICALLY  18 VALUES )

             Frequency :  in 1/cm
             A(i)      :  IR intensity (vs,s,m,w,vw,-- or in 10**6 cm/mole)
             A(i) = -- :  IR inactive


             no       Frequency   Symmetry      A(i)

             1.          3109.9     (A`  )        m
             2.          3053.6     (A`  )        w
             3.          3014.5     (A`  )        m
             4.          2834.4     (A`  )        s
             5.          1698.5     (A`  )        s
             6.          1609.0     (A`  )        w
             7.          1440.3     (A`  )        m
             8.          1322.1     (A`  )        m
             9.          1212.9     (A`  )        w
            10.          1101.7     (A"  )        w
            11.          1071.7     (A`  )        m
            12.           978.5     (A"  )        m
            13.           895.4     (A`  )        w
            14.           886.4     (A"  )        w
            15.           660.1     (A`  )        w
            16.           576.3     (A"  )        m
            17.           301.4     (A`  )        w
            18.           185.8     (A"  )        w
            19.     (       0.0)    (t/r )
            20.     (       0.0)    (t/r )
            21.     (       0.0)    (t/r )
            22.     (       0.0)    (t/r )
            23.     (       0.0)    (t/r )
            24.     (       0.0)    (t/r )


0       CORRESPONDING EIGEN VECTOR MATRIX   24 BY  24



 (  1)
     0.000    0.000    0.000    0.000   -0.001    0.000    0.000   -0.002
     0.000    0.079   -0.056    0.000    0.001    0.002    0.000   -0.005
     0.031    0.000   -0.647    0.037    0.000   -0.282    0.617    0.000

 (  2)
     0.000    0.000    0.000   -0.003    0.001    0.000    0.032   -0.077
     0.000    0.009    0.020    0.000    0.012    0.010    0.000   -0.393
     0.836    0.000   -0.143   -0.006    0.000    0.070   -0.158    0.000

 (  3)
     0.000    0.000    0.000   -0.002    0.000    0.000    0.014   -0.012
     0.000   -0.041   -0.055    0.000    0.005    0.006    0.000   -0.100
     0.204    0.000    0.682   -0.014    0.000   -0.242    0.597    0.000

 (  4)
    -0.002    0.006    0.000   -0.037   -0.080    0.000    0.003    0.004
     0.000    0.000    0.000    0.000    0.450    0.834    0.000   -0.003
    -0.017    0.000   -0.002    0.000    0.000    0.003   -0.005    0.000

 (  5)
    -0.065    0.075    0.000    0.174   -0.114    0.000   -0.105   -0.038
     0.000    0.041    0.045    0.000   -0.289    0.114    0.000    0.085
     0.056    0.000    0.055   -0.068    0.000   -0.117   -0.009    0.000

 (  6)
     0.033   -0.050    0.000   -0.048    0.087    0.000   -0.098   -0.105
     0.000    0.085    0.112    0.000    0.183   -0.005    0.000    0.269
     0.044    0.000    0.102   -0.315    0.000   -0.348   -0.045    0.000

 (  7)
     0.011   -0.035    0.000    0.018    0.059    0.000   -0.104   -0.058
     0.000   -0.003   -0.035    0.000    0.003    0.091    0.000    0.393
     0.176    0.000    0.019    0.544    0.000    0.473    0.162    0.000

 (  8)
    -0.011    0.098    0.000   -0.030   -0.091    0.000   -0.036   -0.031
     0.000    0.017    0.020    0.000    0.654   -0.482    0.000   -0.030
    -0.035    0.000    0.025    0.130    0.000    0.103    0.059    0.000

 (  9)
    -0.001   -0.029    0.000    0.018    0.026    0.000   -0.003   -0.102
     0.000    0.020    0.111    0.000   -0.070    0.075    0.000   -0.610
    -0.403    0.000    0.022    0.138    0.000    0.264    0.237    0.000

 ( 10)
     0.000    0.000   -0.002    0.000    0.000    0.015    0.000    0.000
    -0.103    0.000    0.000    0.067    0.000    0.000   -0.083    0.000
     0.000    0.720    0.000    0.000   -0.512    0.000    0.000    0.154

 ( 11)
     0.028   -0.036    0.000    0.033    0.029    0.000   -0.092    0.071
     0.000    0.071   -0.064    0.000    0.110   -0.006    0.000   -0.369
    -0.043    0.000    0.101    0.482    0.000   -0.433   -0.296    0.000

 ( 12)
     0.000    0.000   -0.006    0.000    0.000    0.031    0.000    0.000
    -0.028    0.000    0.000    0.128    0.000    0.000   -0.075    0.000
     0.000   -0.281    0.000    0.000   -0.334    0.000    0.000   -0.761

 ( 13)
    -0.010    0.043    0.000   -0.147   -0.086    0.000    0.076   -0.045
     0.000    0.105    0.044    0.000   -0.385    0.025    0.000    0.157
    -0.011    0.000    0.130    0.394    0.000   -0.138   -0.064    0.000

 ( 14)
     0.000    0.000    0.042    0.000    0.000   -0.174    0.000    0.000
     0.056    0.000    0.000    0.027    0.000    0.000    0.696    0.000
     0.000    0.004    0.000    0.000   -0.268    0.000    0.000   -0.012

 ( 15)
    -0.126    0.033    0.000    0.067    0.110    0.000    0.118   -0.113
     0.000   -0.021   -0.040    0.000    0.188    0.049    0.000    0.121
    -0.115    0.000   -0.010    0.198    0.000   -0.243   -0.141    0.000

 ( 16)
     0.000    0.000    0.023    0.000    0.000   -0.001    0.000    0.000
    -0.133    0.000    0.000    0.021    0.000    0.000    0.335    0.000
     0.000    0.330    0.000    0.000    0.654    0.000    0.000   -0.346

 ( 17)
     0.141    0.049    0.000    0.021   -0.025    0.000    0.003   -0.084
     0.000   -0.170    0.032    0.000   -0.074    0.026    0.000    0.060
    -0.054    0.000   -0.162    0.211    0.000   -0.322   -0.037    0.000

 ( 18)
     0.000    0.000   -0.085    0.000    0.000    0.124    0.000    0.000
    -0.104    0.000    0.000    0.060    0.000    0.000    0.494    0.000
     0.000   -0.367    0.000    0.000   -0.096    0.000    0.000    0.367

 ( 19)
     0.037   -0.133   -0.078    0.090   -0.100    0.043    0.093   -0.025
     0.070    0.037    0.013   -0.043    0.140   -0.127    0.146    0.144
    -0.001    0.186    0.040    0.069   -0.023   -0.014   -0.010   -0.159

 ( 20)
    -0.013   -0.011    0.082   -0.051   -0.035    0.105   -0.054   -0.091
    -0.001   -0.012   -0.120   -0.134   -0.089   -0.016    0.212   -0.092
    -0.109    0.033   -0.015   -0.161   -0.211    0.025   -0.102   -0.169

 ( 21)
     0.134    0.068    0.025    0.076    0.032   -0.020    0.072   -0.053
    -0.022    0.134   -0.095    0.027    0.020    0.061   -0.063    0.015
    -0.079   -0.065    0.131   -0.157    0.025    0.191   -0.069    0.070

 ( 22)
     0.006   -0.049    0.198    0.051   -0.021    0.072    0.054    0.044
    -0.015    0.006    0.076    0.042    0.093   -0.043    0.013    0.097
     0.064   -0.129    0.008    0.124   -0.023   -0.038    0.056    0.156

 ( 23)
    -0.024   -0.105    0.012   -0.012   -0.097   -0.121   -0.011   -0.080
    -0.118   -0.024   -0.072    0.040   -0.001   -0.103   -0.260    0.000
    -0.075   -0.249   -0.023   -0.059    0.041   -0.035   -0.077    0.172

 ( 24)
     0.016    0.015   -0.014    0.036    0.028   -0.057    0.038    0.057
    -0.145    0.016    0.072   -0.184    0.056    0.018   -0.031    0.057
     0.066   -0.178    0.017    0.093   -0.249   -0.004    0.063   -0.152


 ==============================================================================
                      STATISTICAL THERMODYNAMICS ANALYSIS
 ==============================================================================

  Structure name    : acrolein-cis                                                
  Temperature       :   298.16 K
  Symmetry number   :   1
  Optical isomers   :   1
  Zero Point Energy :   37.100 Kcal/mol


                     ENERGY   ENTHALPY    ENTROPY  FREE ENERGY   HEAT CAPACITY
                  (Kcal/mol) (Kcal/mol)     (eu)   (Kcal/mol)    (cal/mol/deg)
  Translational       0.889      1.481     37.974     -9.841         4.967
     Rotational       0.889      0.889     23.660     -6.166         2.980
    Vibrational      38.071%    38.071%     5.142*    36.538%        8.038*
      Potential       4.525#     4.525#     0.000      4.525#        0.000
         Mixing       0.000      0.000      0.000      0.000         0.000
          Total      44.374     44.966     66.776     25.056        15.986

  Enthalpy Function (H-Ho)/T     =   11.20 cal/mol/deg
  Free Energy Function -(G-Ho)/T =   55.57 cal/mol/deg

  % Includes zero point energy (ZPE).
  * Excludes contribution from frequencies lower than 40 (1/cm).
  # Includes steric energy (SE).
    Internal rotation contributions are not considered

  This structure has   0 imaginary frequencies,
                       0 free internal rotation (fir) frequencies
                         (>= 0,< 10 /cm),
                       0 restricted internal rotation (rir) frequencies
                         (>= 10,< 40 /cm),
                       6 zero frequencies, and
                      18 real frequencies.


      FINAL STERIC ENERGY IS      4.5254 KCAL/MOL.
      (WITHOUT ELECTRONIC ENERGY CORR.)


                COMPRESSION       0.0117
                BENDING           0.4092
                BEND-BEND        -0.0302
                STRETCH-BEND      0.0165
                VANDERWAALS
                  1,4 ENERGY      1.1785
                  OTHER           0.2090
                H-BONDING         0.0000
                PI-COMPLX         0.0000

                TORSIONAL         2.7500
                TORSION-STRETCH   0.0000
                DIPOLE-DIPOLE    -0.0192
                CHARGE-DIPOLE     0.0000
                CHARGE-CHARGE     0.0000


      FINAL ENERGY (WITH SCF) IS          -350.1908 KCAL/MOL

                STERIC            4.5254
                SIGMA-STRETCH    -0.0100
                E(RHF)         -354.7062

      -----------------------------------------------------------------

      COORDINATES TRANSLATED TO NEW ORIGIN WHICH IS CENTER OF MASS
         O(   1)     1.37870    -0.51180     0.00000   ( 81)
         C(   2)     0.72884     0.51656     0.00000   (  3)
         C(   3)    -0.75533     0.59067     0.00000   (  2)
         C(   4)    -1.50637    -0.51901     0.00000   (  2)
         H(   5)     1.25033     1.50530     0.00000   (  5)
         H(   6)    -1.22347     1.58920     0.00000   (  5)
         H(   7)    -2.60651    -0.45481     0.00000   (  5)
         H(   8)    -1.04917    -1.52114     0.00000   (  5)

      MOMENT OF INERTIA WITH THE PRINCIPAL AXES

          (1)  UNIT = 10**(-39) GM*CM**2
               IX=    3.6829    IY=   13.5978    IZ=   17.2807

          (2)  UNIT = AU A**2
               IX=   22.1817    IY=   81.8968    IZ=  104.0785



      MOLECULAR POLARIZABILITIES (A**3)
        ALPHA(1)   =       5.22
        ALPHA(2)   =       5.61
        ALPHA(3)   =       3.56
        AVG. ALPHA =       4.80



      DIPOLE MOMENT =          2.945 D


        PI-DIPOLE MOMENT    =  0.8990

            COMPONENTS    X =  0.6734    Y = -0.5956    Z =  0.0000


        SIGMA-DIPOLE MOMENT =  2.0483


            COMPONENTS    X =  1.3984    Y = -1.4967    Z =  0.0000


      -----------------------------------------------------------------

        END OF acrolein-cis                                                


           TOTAL CPU TIME IS      0.03 SECONDS.

           THIS JOB COMPLETED AT    14:22:07
