1
               ---------------------------------------------
               WARNING : INCORRECT ATOM TYPES GIVEN IN INPUT
                         DATA ARE CORRECTED AS FOLLOWS
               ---------------------------------------------


             Atom type of atom    1 is replaced by   4 (was   0)
             Atom type of atom    2 is replaced by  10 (was   0)
             Atom type of atom    3 is replaced by   1 (was   0)
             Atom type of atom    4 is replaced by   4 (was   0)
             Atom type of atom    5 is replaced by  10 (was   0)
             Atom type of atom    6 is replaced by   1 (was   0)
             Atom type of atom    7 is replaced by   5 (was   0)
             Atom type of atom    8 is replaced by   5 (was   0)
             Atom type of atom    9 is replaced by   5 (was   0)
             Atom type of atom   10 is replaced by   5 (was   0)
1     DCE-g                                                       

               CHEMICAL FORMULA :  C(   4)  H(   4)  N(   2) 
               FORMULA WEIGHT   :     80.038
                                                               DATE 26-MAY-23
                                                               TIME  14:49:48


          THE COORDINATES OF   10 ATOMS ARE READ IN.
          SOME CONSTANTS WILL BE READ IN.

      CONFORMATIONAL ENERGY, PART 1:  GEOMETRY AND STERIC ENERGY
                                      OF INITIAL CONFORMATION.


      CONNECTED ATOMS
         1-   3-   6-   4-

      ATTACHED ATOMS
         1-   2,   3-   7,   3-   8,   4-   5,   6-   9,   6-  10,

      INITIAL ATOMIC COORDINATES
           ATOM         X           Y           Z       TYPE
         C(   1)    -1.52073    -0.11355     0.09105   (  4)
         N(   2)    -2.21802    -0.99563    -0.18884   ( 10)
         C(   3)    -0.64295     1.02659     0.42816   (  1)
         C(   4)     1.52073    -0.11355    -0.09105   (  4)
         N(   5)     2.21802    -0.99563     0.18884   ( 10)
         C(   6)     0.64295     1.02659    -0.42816   (  1)
         H(   7)    -1.20378     1.96870     0.25701   (  5)
         H(   8)    -0.38727     0.99282     1.50694   (  5)
         H(   9)     1.20378     1.96870    -0.25701   (  5)
         H(  10)     0.38727     0.99282    -1.50694   (  5)


          DIELECTRIC CONSTANT =  1.500


      INITIAL STERIC ENERGY IS      8.3876 KCAL/MOL.

                  COMPRESSION       0.1568
                  BENDING           0.1762
                  BEND-BEND        -0.0010
                  STRETCH-BEND      0.0317
                  VANDERWAALS
                    1,4 ENERGY      1.3706
                    OTHER          -0.2394
                  H-BONDING         0.0000
                  PI-COMPLX         0.0000

                  TORSIONAL         0.7956
                  TORSION-STRETCH  -0.0042
                  DIPOLE-DIPOLE     6.1012
                  CHARGE-DIPOLE     0.0000
                  CHARGE-CHARGE     0.0000


      MOLECULAR POLARIZABILITIES (A**3)
        ALPHA(1)   =       7.37
        ALPHA(2)   =       7.97
        ALPHA(3)   =       4.97
        AVG. ALPHA =       6.77



      DIPOLE MOMENT =          6.337 D


      CPU TIME FOR INITIAL CALCULATION IS     0.01 SECONDS.


1     DCE-g                                                       


     CONFORMATIONAL ENERGY, PART 2: GEOMETRY MINIMIZATION

               GEOMETRY OPTIMIZATION IS CONTINUED UNTIL ATOM
               MOVEMENT CONVERGES WITHIN FOLLOWING VALUES:

                         AVERAGE MOVEMENT  0.00009 A
                         MAXIMUM MOVEMENT  0.00095 A



     <<<<<<<<<<<<<<<<<<<<<<<<<<  C Y C L E   1 >>>>>>>>>>>>>>>>>>>>>>>>>>

                              (CH)-MOVEMENT = 1

       ITER    1   AVG. MOVE = 0.00000 A   (MAX MOVE : ATOM    2   0.00001 A)  
       ITER    2   AVG. MOVE = 0.00000 A   (MAX MOVE : ATOM    1   0.00001 A)  


     <<<<<<<<<<<<<<<<<<<<<<<<<<  C Y C L E   2 >>>>>>>>>>>>>>>>>>>>>>>>>>

                              (CH)-MOVEMENT = 0

       ITER    3   AVG. MOVE = 0.00000 A   (MAX MOVE : ATOM    2   0.00000 A)  


              * * * * * * * * * GEOMETRY IS OPTIMIZED * * * * * * * * *

               WITHIN : AVERAGE MOVEMENT  0.00000 A (LIMIT  0.00009 A)
                        MAXIMUM MOVEMENT  0.00000 A (LIMIT  0.00095 A)

               GRADIENT
                  RMS GRADIENT                0.000038 KCAL/MOL/A

                  MAX GRADIENT
                    X-DIRECTION : ATOM #   4   0.000047 KCAL/MOL/A
                    Y-DIRECTION : ATOM #   4   0.000122 KCAL/MOL/A
                    Z-DIRECTION : ATOM #   6   0.000074 KCAL/MOL/A

        DELTA TIME =    0.00 SEC.       TOTAL CPU TIME =      0.02 SEC.


                            =====================
                            FULL-MATRIX OPTIMIZER
                            =====================


     iter.  rms force   max force   avg. move    max move  atom  convg  d-time

        0    0.000058    0.000157                                 [Y]     0.0s


      TOTAL ENERGY IS      8.3876 KCAL/MOL.

        COMPRESS    0.1569      VDW 1,4    1.3706      DIPL-DIPL    6.1012
        BENDING     0.1761        OTHER   -0.2394      CHRG-DIPL    0.0000
        STR-BEND    0.0318      TORSION    0.7956      CHRG-CHRG    0.0000
        BEND-BEND  -0.0010      TOR-STR   -0.0042      EPR          0.0000
        H-BONDING   0.0000      PI-CMPL    0.0000
0     DELTA(T) =     0.0 SEC.          ELAPSED TIME =     0.0 SEC.


    * * * ENERGY IS STATIONARY WITHIN RMS OF FORCES   0.00010  Kcal/mol/A * * *

                 * * * *  RMS FORCE IS   0.00006 Kcal/mol/A * * * *

1     DCE-g                                                       

               CHEMICAL FORMULA :  C(   4)  H(   4)  N(   2) 
               FORMULA WEIGHT   :     80.038
                                                               DATE : 26-MAY-23

           * M M 3 * * * * * * * * * * * 2 0 0 0 *
           *                                     *   PARAMETER RELIABILITY
           *                                     *
           *                                     *   BLANK = GOOD
           *                                     *       B = FAIR
           *                                     *       C = TRIAL
           *                                     *       R = READ IN
           *                                     *       S = SUBSTITUTED
           *                                     *       U = PARAMETER NOT EXIST
           *                                     *
           *                                     *   THIS IS SHOWN AT THE END 
           *                                     *   OF THE LINE.
           * * * * * * * * * * * * * * * * * * * * 


      CONFORMATIONAL ENERGY, PART 3:  GEOMETRY AND STERIC ENERGY
                                      OF FINAL CONFORMATION.

      CONNECTED ATOMS
         1-   3-   6-   4-

      ATTACHED ATOMS
         1-   2,   3-   7,   3-   8,   4-   5,   6-   9,   6-  10,

      FINAL ATOMIC COORDINATE
           ATOM         X           Y           Z       TYPE
         C(   1)    -1.52073    -0.11355     0.09105   (  4)
         N(   2)    -2.21802    -0.99563    -0.18883   ( 10)
         C(   3)    -0.64295     1.02659     0.42816   (  1)
         C(   4)     1.52073    -0.11355    -0.09105   (  4)
         N(   5)     2.21802    -0.99563     0.18883   ( 10)
         C(   6)     0.64295     1.02659    -0.42816   (  1)
         H(   7)    -1.20378     1.96870     0.25701   (  5)
         H(   8)    -0.38727     0.99282     1.50694   (  5)
         H(   9)     1.20378     1.96871    -0.25701   (  5)
         H(  10)     0.38727     0.99282    -1.50694   (  5)


          DIELECTRIC CONSTANT =  1.500


      BOND LENGTHS AND STRETCHING ENERGY   (    9 BONDS)

        ENERGY = 71.94(KS)(DR)(DR)(1-(CS)(DR)+(7/12)((CS)(DR))**2)
                          DR = R-RO
                          CS =  2.550
                                                         R(0)-CORR        CORR
          BOND        LENGTH   R(0)    K(S)  ENERGY   E-NEG   MISCEL       KS
    C(   1)- N(   2)  1.1587  1.1580 17.330  0.0006                             
    C(   1)- C(   3)  1.4779  1.4720  5.500  0.0134  0.0020                     
    C(   3)- C(   6)  1.5449  1.5247  4.490  0.1257                             
    C(   3)- H(   7)  1.1097  1.1079  4.812  0.0011 -0.0041              0.132  
    C(   3)- H(   8)  1.1092  1.1079  4.812  0.0005 -0.0041              0.132  
    C(   4)- N(   5)  1.1587  1.1580 17.330  0.0006                             
    C(   4)- C(   6)  1.4779  1.4720  5.500  0.0134  0.0020                     
    C(   6)- H(   9)  1.1097  1.1079  4.812  0.0011 -0.0041              0.132  
    C(   6)- H(  10)  1.1092  1.1079  4.812  0.0005 -0.0041              0.132  


      NON-BONDED DISTANCES, VDW AND EPR ENERGY   (     22 PAIRS)

              E(VDW) = KV*(1.84(10**5)EXP(-12.00/P) - 2.25(P**6))
              E(EPR) = C*KV*(1.84(10**5)EXP(-12.00/Q) - 2.25(Q**6))
              E(HBD) = EP1-EP2*COS(THETA)*RTH/RTH0
                            EP1 = KHB*1.84(10**5)*EXP(-12.0/P)
                            EP2 = KHB*2.25(P**6)

            IF P > 3.020, THEN,
              E(VDW) = KV(192.270)(P**2)
              E(HBD) = EP1-EP2*COS(THETA)*RTH/RTH0
                            EP1 = KHB*(192.270*P**2+1706.96)
                            EP2 = KHB*1706.96

               WHERE   RV = RVDW(I) + RVDW(K)
                       KV = SQRT(EPS(I)*EPS(K))
                      KHB = EPS/DIELEC  FOR HYDROGEN BOND
                        P = (RV/R) OR (RV/R#)
                        C = SCALE FACTOR
                        Q = RV/R, WHERE R IS MODIFIED DISTANCE
                    THETA = ANGLE H-X-Y IN HYDROGEN BOND X-H...Y
                      RTH = BOND LENGTH X-H IN X-H...Y
                     RTH0 = NATURAL BOND LENGTH X-H

          # IN THE VDW CALCULATIONS THE HYDROGEN ATOMS ARE RELOCATED
          SO THAT THE ATTACHED HYDROGEN DISTANCE IS REDUCED BY 0.923

          # IN THE VDW CALCULATIONS THE DEUTERIUM ATOMS ARE RELOCATED
          SO THAT THE ATTACHED DEUTERIUM DISTANCE IS REDUCED BY  0.923

         ATOM PAIR          R       R#       RV      KV       ENERGY
      C(   1), C(   4)   3.0469            3.880   0.0560     0.2954  1,4       
      C(   1), N(   5)   3.8426            3.870   0.0491    -0.0548            
      C(   1), C(   6)   2.5002
      C(   1), H(   7)   2.1128
      C(   1), H(   8)   2.1245
      C(   1), H(   9)   3.4467   3.3703   3.560   0.0335    -0.0329  1,4       
      C(   1), H(  10)   2.7236   2.6909   3.560   0.0335     0.3045  1,4       
      N(   2), C(   3)   2.6365
      N(   2), C(   4)   3.8426            3.870   0.0491    -0.0548            
      N(   2), N(   5)   4.4521            3.860   0.0430    -0.0334            
      N(   2), C(   6)   3.5117            3.970   0.0341    -0.0061  1,4       
      N(   2), H(   7)   3.1646   3.1131   3.550   0.0293     0.0001  1,4       
      N(   2), H(   8)   3.1908   3.1377   3.550   0.0293    -0.0048  1,4       
      N(   2), H(   9)   4.5278   4.4479   3.550   0.0293    -0.0155            
      N(   2), H(  10)   3.5325   3.5185   3.550   0.0293    -0.0327            
      C(   3), C(   4)   2.5002
      C(   3), N(   5)   3.5117            3.970   0.0341    -0.0061  1,4       
      C(   3), H(   9)   2.1834
      C(   3), H(  10)   2.1925
      C(   4), H(   7)   3.4467   3.3703   3.560   0.0335    -0.0329  1,4       
      C(   4), H(   8)   2.7236   2.6909   3.560   0.0335     0.3045  1,4       
      C(   4), H(   9)   2.1128
      C(   4), H(  10)   2.1245
      N(   5), C(   6)   2.6365
      N(   5), H(   7)   4.5278   4.4479   3.550   0.0293    -0.0155            
      N(   5), H(   8)   3.5325   3.5185   3.550   0.0293    -0.0327            
      N(   5), H(   9)   3.1646   3.1131   3.550   0.0293     0.0001  1,4       
      N(   5), H(  10)   3.1908   3.1377   3.550   0.0293    -0.0048  1,4       
      C(   6), H(   7)   2.1834
      C(   6), H(   8)   2.1925
      H(   7), H(   8)   1.7836
      H(   7), H(   9)   2.4618   2.3833   3.240   0.0200     0.2559  1,4       
      H(   7), H(  10)   2.5681   2.4776   3.240   0.0200     0.1557  1,4       
      H(   8), H(   9)   2.5681   2.4776   3.240   0.0200     0.1557  1,4       
      H(   8), H(  10)   3.1118   2.9618   3.240   0.0200    -0.0138  1,4       
      H(   9), H(  10)   1.7836


      BOND ANGLES, BENDING AND STRETCH-BEND ENERGIES   (   14 ANGLES)

          EB = 0.021914(KB)(DT)(DT)(1+CF*DT+QF*DT**2+PF*DT**3+SF*DT**4)
                          DT = THETA-TZERO
                          CF = -1400.000E-5
                          QF =     5.600E-5
                          PF =    -0.070E-5
                          SF =     0.022E-6
          ESB(J) = 2.51124(KSB(J))(DT)(DR1+DR2)
                          DR(I) = R(I) - R0(I)
          EBDBD  = -0.02191418(KBB1)(DT1)(KBB2)(DT2)

          A T O M S            THETA    TZERO     KB     EB     KSB    ESB
   N(   2)- C(   1)- C(   3)  178.934  180.000  0.335  0.0085  0.13 -0.0023     
   C(   1)- C(   3)- C(   6)  111.588  110.000  0.960  0.0519  0.13  0.0135     
   C(   1)- C(   3)- H(   7)  108.640  109.410  0.680  0.0089  0.08 -0.0012     
   C(   1)- C(   3)- H(   8)  109.590  109.410  0.680  0.0005  0.08  0.0003     
   C(   6)- C(   3)- H(   7)  109.583  109.310  0.590  0.0010  0.08  0.0012     
   C(   6)- C(   3)- H(   8)  110.318  109.310  0.590  0.0129  0.08  0.0044     
   H(   7)- C(   3)- H(   8)  106.999  107.600  0.550  0.0044                   
   N(   5)- C(   4)- C(   6)  178.934  180.000  0.335  0.0085  0.13 -0.0023     
   C(   3)- C(   6)- C(   4)  111.588  110.000  0.960  0.0519  0.13  0.0135     
   C(   3)- C(   6)- H(   9)  109.583  109.310  0.590  0.0010  0.08  0.0012     
   C(   3)- C(   6)- H(  10)  110.318  109.310  0.590  0.0129  0.08  0.0044     
   C(   4)- C(   6)- H(   9)  108.640  109.410  0.680  0.0089  0.08 -0.0012     
   C(   4)- C(   6)- H(  10)  109.590  109.410  0.680  0.0005  0.08  0.0003     
   H(   9)- C(   6)- H(  10)  106.999  107.600  0.550  0.0044                   


     DIHEDRAL ANGLES, TORSIONAL ENERGY (ET)   (   15 ANGLES)

           ET = (V1/2)(1+COS(W))+(V2/2)(1-COS(2W))+(V3/2)(1+COS(3W))

           ETS = -11.995*(R-R0)((KTS1/2)(1+COS(W))+
                                (KTS2/2)(1-COS(2W)+
                                (KTS3/2)(1+COS(3W))

           SIGN OF ANGLE A-B-C-D : WHEN LOOKING THROUGH B TOWARD C,
           IF D IS COUNTERCLOCKWISE FROM A, NEGATIVE.

         A T O M S               OMEGA    V1     V2     V3     ET   KTS3   ETS
 C(   1) C(   3) C(   6) C(   4) -67.9  1.000  0.000  0.093  0.692 0.059-0.001 C
 C(   1) C(   3) C(   6) H(   9) 171.8  0.000  0.000  0.560  0.026 0.059-0.001  
 C(   1) C(   3) C(   6) H(  10)  54.2  0.000  0.000  0.560  0.013 0.059 0.000  
 N(   2) C(   1) C(   3) C(   6)  NONE  
 N(   2) C(   1) C(   3) H(   7)  NONE  
 N(   2) C(   1) C(   3) H(   8)  NONE  
 C(   3) C(   6) C(   4) N(   5)  NONE  
 C(   4) C(   6) C(   3) H(   7) 171.8  0.000  0.000  0.560  0.026 0.059-0.001  
 C(   4) C(   6) C(   3) H(   8)  54.2  0.000  0.000  0.560  0.013 0.059 0.000  
 N(   5) C(   4) C(   6) H(   9)  NONE  
 N(   5) C(   4) C(   6) H(  10)  NONE  
 H(   7) C(   3) C(   6) H(   9)  51.4  0.000  0.000  0.238  0.012 0.059-0.001  
 H(   7) C(   3) C(   6) H(  10) -66.2  0.000  0.000  0.238  0.006 0.059 0.000  
 H(   8) C(   3) C(   6) H(   9) -66.2  0.000  0.000  0.238  0.006 0.059 0.000  
 H(   8) C(   3) C(   6) H(  10) 176.3  0.000  0.000  0.238  0.002 0.059 0.000  

     DIPOLE-DIPOLE INTERACTION ENERGY  (DIELECTRIC CONSTANT = 1.50)

          E = 14.388*MU1*MU2*(COSX-3*COSA*COSB)/(R12**3*DIELC)

               MU1 = BOND MOM OF BOND 1
               MU2 = BOND MOM OF BOND 2
               R12 = DISTANCE BETWEEN MID-POINTS OF TWO BONDS.

        BOND(1)       MU1           BOND(2)       MU2      R12        E
   C(   1)- N(   2)  2.500   + C(   4)- N(   5)  2.500   3.7400    1.4526       
   C(   1)- N(   2)  2.500   + C(   4)- C(   6) -1.640   3.1267    1.1357       
   C(   1)- C(   3) -1.640   + C(   4)- N(   5)  2.500   3.1267    1.1357       
   C(   1)- C(   3) -1.640   + C(   4)- C(   6) -1.640   2.2251    2.3772       


 ==============================================================================
                        NORMAL MODE VIBRATIONAL ANALYSIS
 ==============================================================================


             Molecular Shape : ASYMMETRIC ROTOR WITH KAPPA =-0.817267
        Symmetry Point Group : C2  
             Symmetry Number :  2
                   Chirality : yes



0       FUNDAMENTAL NORMAL VIBRATIONAL FREQUENCIES
                ( THEORETICALLY  24 VALUES )

             Frequency :  in 1/cm
             A(i)      :  IR intensity (vs,s,m,w,vw,-- or in 10**6 cm/mole)
             A(i) = -- :  IR inactive


             no       Frequency   Symmetry      A(i)

             1.          2978.4     (B   )        m
             2.          2976.6     (A   )        m
             3.          2929.8     (A   )        w
             4.          2919.5     (B   )        m
             5.          2244.3     (A   )        s
             6.          2242.6     (B   )        s
             7.          1475.6     (A   )        m
             8.          1467.2     (B   )        m
             9.          1438.7     (A   )        w
            10.          1388.7     (B   )        w
            11.          1252.6     (A   )        w
            12.          1245.5     (B   )        w
            13.          1002.9     (A   )        s
            14.           976.5     (A   )        w
            15.           968.5     (B   )        s
            16.           825.6     (B   )        m
            17.           799.2     (A   )        s
            18.           572.1     (B   )        w
            19.           449.4     (A   )        w
            20.           395.0     (A   )        w
            21.           369.5     (B   )        m
            22.           240.9     (B   )        m
            23.           199.6     (A   )        w
            24.            82.7     (A   )        w
            25.     (       0.0)    (t/r )
            26.     (       0.0)    (t/r )
            27.     (       0.0)    (t/r )
            28.     (       0.0)    (t/r )
            29.     (       0.0)    (t/r )
            30.     (       0.0)    (t/r )


0       CORRESPONDING EIGEN VECTOR MATRIX   30 BY  30



 (  1)
    -0.001    0.000    0.000    0.000    0.000    0.000    0.029   -0.033
     0.047   -0.001    0.000    0.000    0.000    0.000    0.000    0.029
     0.033    0.047   -0.224    0.374   -0.067   -0.108    0.014   -0.491
    -0.224   -0.374   -0.067   -0.108   -0.014   -0.491

 (  2)
     0.000    0.000    0.001    0.000    0.000    0.000   -0.029    0.033
    -0.047    0.000    0.000   -0.001    0.000    0.000    0.000    0.029
     0.033    0.047    0.233   -0.385    0.069    0.115   -0.013    0.475
    -0.233   -0.385   -0.069   -0.115   -0.013   -0.475

 (  3)
     0.003    0.003    0.001   -0.001   -0.001    0.000    0.014   -0.038
    -0.036   -0.003    0.003   -0.001    0.001   -0.001    0.000   -0.014
    -0.038    0.036   -0.254    0.424   -0.054    0.098    0.002    0.452
     0.254    0.424    0.054   -0.098    0.002   -0.452

 (  4)
    -0.003   -0.004   -0.001    0.001    0.001    0.001   -0.012    0.040
     0.033   -0.003    0.004   -0.001    0.001   -0.001    0.001   -0.012
    -0.040    0.033    0.252   -0.439    0.063   -0.094   -0.003   -0.440
     0.252    0.439    0.063   -0.094    0.003   -0.440

 (  5)
     0.096    0.122    0.038   -0.068   -0.086   -0.027   -0.021   -0.021
    -0.004   -0.096    0.122   -0.038    0.068   -0.086    0.027    0.021
    -0.021    0.004    0.014   -0.013    0.006    0.004    0.006   -0.021
    -0.014   -0.013   -0.006   -0.004    0.006    0.021

 (  6)
     0.096    0.122    0.038   -0.068   -0.087   -0.027   -0.018   -0.022
    -0.004    0.096   -0.122    0.038   -0.068    0.087   -0.027   -0.018
     0.022   -0.004    0.022   -0.014    0.002   -0.004    0.006   -0.022
     0.022    0.014    0.002   -0.004   -0.006   -0.022

 (  7)
     0.012   -0.008   -0.011    0.017    0.024    0.007   -0.117   -0.062
     0.009   -0.012   -0.008    0.011   -0.017    0.024   -0.007    0.117
    -0.062   -0.009    0.272    0.188    0.125    0.225    0.303   -0.069
    -0.272    0.188   -0.125   -0.225    0.303    0.069

 (  8)
    -0.009    0.006    0.005   -0.015   -0.020   -0.006    0.051    0.080
     0.022   -0.009   -0.006    0.005   -0.015    0.020   -0.006    0.051
    -0.080    0.022   -0.317   -0.169   -0.281    0.013   -0.403    0.036
    -0.317    0.169   -0.281    0.013    0.403    0.036

 (  9)
     0.003   -0.001   -0.002    0.001    0.002    0.001   -0.060    0.024
     0.054   -0.003   -0.001    0.002   -0.001    0.002   -0.001    0.060
     0.024   -0.054    0.041    0.022   -0.460    0.298   -0.328   -0.018
    -0.041    0.022    0.460   -0.298   -0.328    0.018

 ( 10)
    -0.008    0.003    0.005   -0.009   -0.014   -0.004    0.073    0.035
    -0.038   -0.008   -0.003    0.005   -0.009    0.014   -0.004    0.073
    -0.035   -0.038   -0.252   -0.089    0.387   -0.387    0.145    0.062
    -0.252    0.089    0.387   -0.387   -0.145    0.062

 ( 11)
     0.016   -0.022    0.021   -0.006   -0.006   -0.003    0.007    0.021
     0.009   -0.016   -0.022   -0.021    0.006   -0.006    0.003   -0.007
     0.021   -0.009    0.458    0.286   -0.031   -0.366   -0.198    0.092
    -0.458    0.286    0.031    0.366   -0.198   -0.092

 ( 12)
    -0.015    0.019   -0.029   -0.003   -0.005    0.000    0.009   -0.002
     0.028   -0.015   -0.019   -0.029   -0.003    0.005    0.000    0.009
     0.002    0.028   -0.333   -0.199    0.079    0.445    0.332   -0.059
    -0.333    0.199    0.079    0.445   -0.332   -0.059

 ( 13)
     0.020    0.016    0.030    0.033    0.048    0.012   -0.116   -0.041
     0.005   -0.020    0.016   -0.030   -0.033    0.048   -0.012    0.116
    -0.041   -0.005   -0.243   -0.093    0.148   -0.285   -0.273    0.037
     0.243   -0.094   -0.148    0.285   -0.273   -0.037

 ( 14)
     0.007   -0.007    0.041    0.009    0.013   -0.003    0.011    0.007
    -0.149   -0.007   -0.007   -0.041   -0.009    0.013    0.003   -0.011
     0.007    0.149    0.063    0.087    0.140    0.227   -0.275   -0.216
    -0.063    0.087   -0.140   -0.227   -0.275    0.216

 ( 15)
     0.012   -0.053   -0.016   -0.043   -0.051   -0.015    0.008    0.132
     0.018    0.012    0.053   -0.016   -0.043    0.051   -0.015    0.008
    -0.132    0.018    0.165    0.265    0.202    0.200    0.003   -0.025
     0.165   -0.265    0.202    0.200   -0.003   -0.025

 ( 16)
     0.043    0.006    0.046    0.032    0.051    0.008   -0.079    0.007
    -0.070    0.043   -0.006    0.046    0.032   -0.051    0.008   -0.079
    -0.007   -0.070   -0.173    0.018    0.314    0.161   -0.300   -0.136
    -0.173   -0.018    0.314    0.161    0.300   -0.136

 ( 17)
    -0.005   -0.059   -0.013   -0.049   -0.054   -0.015   -0.054    0.117
     0.044    0.005   -0.059    0.013    0.049   -0.054    0.015    0.054
     0.117   -0.044   -0.122    0.131    0.328    0.098   -0.074    0.007
     0.122    0.131   -0.328   -0.098   -0.074   -0.007

 ( 18)
    -0.103    0.003    0.089   -0.008   -0.044   -0.029    0.084   -0.053
    -0.055   -0.103   -0.003    0.089   -0.008    0.044   -0.029    0.084
     0.053   -0.055    0.135   -0.001    0.079    0.199   -0.115   -0.082
     0.135    0.001    0.079    0.199    0.115   -0.082

 ( 19)
    -0.133    0.020    0.119    0.002   -0.040   -0.045   -0.041    0.014
    -0.018    0.133    0.020   -0.119   -0.002   -0.040    0.045    0.041
     0.014    0.018   -0.018    0.013   -0.116   -0.071    0.133   -0.008
     0.018    0.013    0.116    0.071    0.133    0.008

 ( 20)
     0.100   -0.097    0.087   -0.040    0.052   -0.043   -0.006    0.023
    -0.018   -0.100   -0.097   -0.087    0.040    0.052    0.043    0.006
     0.023    0.018   -0.084   -0.050   -0.174   -0.046    0.196   -0.004
     0.084   -0.050    0.174    0.046    0.196    0.004

 ( 21)
     0.058   -0.090    0.115   -0.039    0.041   -0.068   -0.005    0.013
    -0.019    0.058    0.090    0.115   -0.039   -0.041   -0.068   -0.005
    -0.013   -0.019   -0.070   -0.054   -0.187   -0.024    0.210   -0.010
    -0.070    0.054   -0.187   -0.024   -0.210   -0.010

 ( 22)
     0.059   -0.081   -0.056   -0.100    0.007    0.057    0.051   -0.079
    -0.015    0.059    0.081   -0.056   -0.100   -0.007    0.057    0.051
     0.079   -0.015    0.010   -0.087    0.080    0.071   -0.152   -0.021
     0.010    0.087    0.080    0.071    0.152   -0.021

 ( 23)
     0.023    0.012    0.068    0.077    0.019   -0.085    0.059   -0.024
     0.087   -0.023    0.012   -0.068   -0.077    0.019    0.085   -0.059
    -0.023   -0.087    0.058   -0.001    0.223    0.190   -0.119    0.053
    -0.058   -0.001   -0.223   -0.190   -0.119   -0.053

 ( 24)
     0.058    0.001    0.001    0.139   -0.071    0.027   -0.018    0.068
    -0.029   -0.058    0.001   -0.001   -0.139   -0.071   -0.027    0.018
     0.068    0.029   -0.053    0.033   -0.105   -0.061    0.137   -0.016
     0.053    0.033    0.105    0.061    0.137    0.016

 ( 25)
     0.099    0.042    0.028    0.101    0.041    0.028    0.098    0.043
     0.028    0.099    0.051    0.017    0.102    0.052    0.012    0.095
     0.049    0.023    0.095    0.042    0.032    0.102    0.041    0.027
     0.093    0.050    0.024    0.091    0.051    0.024

 ( 26)
     0.026    0.014    0.007   -0.018    0.051    0.002    0.082   -0.031
     0.013    0.025   -0.132   -0.003   -0.017   -0.168   -0.012    0.079
    -0.087    0.009    0.127   -0.002    0.022    0.084   -0.052    0.012
     0.126   -0.115    0.015    0.074   -0.066    0.010

 ( 27)
    -0.006   -0.042    0.130   -0.009   -0.038    0.126   -0.003   -0.046
     0.137   -0.014   -0.001   -0.010    0.008   -0.005   -0.079   -0.042
     0.003    0.078   -0.021   -0.045    0.202    0.047   -0.088    0.124
    -0.045    0.002    0.091   -0.092    0.045    0.088

 ( 28)
    -0.001    0.000   -0.066    0.003    0.031   -0.174   -0.007   -0.036
     0.074    0.002    0.020   -0.011   -0.003   -0.011   -0.095    0.008
     0.057    0.097   -0.004   -0.018    0.166   -0.027   -0.154    0.075
     0.005    0.038    0.209    0.027    0.174    0.089

 ( 29)
    -0.045    0.124    0.036   -0.073    0.147    0.032   -0.008    0.094
     0.041   -0.044    0.023    0.047   -0.074   -0.001    0.048   -0.005
     0.052    0.046    0.024    0.113    0.041   -0.013    0.084    0.042
     0.026    0.034    0.049   -0.002    0.063    0.045

 ( 30)
     0.002    0.047   -0.003   -0.021    0.054    0.029    0.029    0.038
    -0.044   -0.007    0.015   -0.144   -0.003    0.008   -0.176   -0.011
     0.024   -0.103    0.031    0.044   -0.018    0.078    0.035   -0.055
     0.007    0.019   -0.129   -0.061    0.027   -0.091


 ==============================================================================
                      STATISTICAL THERMODYNAMICS ANALYSIS
 ==============================================================================

  Structure name    : DCE-g                                                       
  Temperature       :   298.16 K
  Symmetry number   :   2
  Optical isomers   :   2
  Zero Point Energy :   44.947 Kcal/mol


                     ENERGY   ENTHALPY    ENTROPY  FREE ENERGY   HEAT CAPACITY
                  (Kcal/mol) (Kcal/mol)     (eu)   (Kcal/mol)    (cal/mol/deg)
  Translational       0.889      1.481     39.037    -10.158         4.967
     Rotational       0.889      0.889     25.384     -6.680         2.980
    Vibrational      46.983%    46.983%    11.943*    43.422%       14.217*
      Potential       8.388#     8.388#     0.000      8.388#        0.000
         Mixing       0.000      0.000      1.377     -0.411         0.000
          Total      57.148     57.740     77.740     34.561        22.165

  Enthalpy Function (H-Ho)/T     =   14.78 cal/mol/deg
  Free Energy Function -(G-Ho)/T =   62.96 cal/mol/deg

  % Includes zero point energy (ZPE).
  * Excludes contribution from frequencies lower than 40 (1/cm).
  # Includes steric energy (SE).
    Internal rotation contributions are not considered

  This structure has   0 imaginary frequencies,
                       0 free internal rotation (fir) frequencies
                         (>= 0,< 10 /cm),
                       0 restricted internal rotation (rir) frequencies
                         (>= 10,< 40 /cm),
                       6 zero frequencies, and
                      24 real frequencies.


      FINAL STERIC ENERGY IS      8.3876 KCAL/MOL.


                COMPRESSION       0.1569
                BENDING           0.1761
                BEND-BEND        -0.0010
                STRETCH-BEND      0.0318
                VANDERWAALS
                  1,4 ENERGY      1.3706
                  OTHER          -0.2394
                H-BONDING         0.0000
                PI-COMPLX         0.0000

                TORSIONAL         0.7956
                TORSION-STRETCH  -0.0042
                DIPOLE-DIPOLE     6.1012
                CHARGE-DIPOLE     0.0000
                CHARGE-CHARGE     0.0000

      -----------------------------------------------------------------

      COORDINATES TRANSLATED TO NEW ORIGIN WHICH IS CENTER OF MASS
         C(   1)    -1.52073    -0.11355     0.09105   (  4)
         N(   2)    -2.21802    -0.99563    -0.18883   ( 10)
         C(   3)    -0.64295     1.02659     0.42816   (  1)
         C(   4)     1.52073    -0.11355    -0.09105   (  4)
         N(   5)     2.21802    -0.99563     0.18883   ( 10)
         C(   6)     0.64295     1.02659    -0.42816   (  1)
         H(   7)    -1.20378     1.96870     0.25701   (  5)
         H(   8)    -0.38727     0.99282     1.50694   (  5)
         H(   9)     1.20378     1.96871    -0.25701   (  5)
         H(  10)     0.38727     0.99282    -1.50694   (  5)

      MOMENT OF INERTIA WITH THE PRINCIPAL AXES

          (1)  UNIT = 10**(-39) GM*CM**2
               IX=   12.1993    IY=   35.9857    IZ=   44.7618

          (2)  UNIT = AU A**2
               IX=   73.4739    IY=  216.7349    IZ=  269.5916



      MOLECULAR POLARIZABILITIES (A**3)
        ALPHA(1)   =       7.37
        ALPHA(2)   =       7.97
        ALPHA(3)   =       4.97
        AVG. ALPHA =       6.77



      DIPOLE MOMENT =          6.337 D


        COMPONENTS WITH PRINCIPAL AXES

                          X =  0.0000    Y = -6.3368    Z =  0.0000


      -----------------------------------------------------------------

        END OF DCE-g                                                       


           TOTAL CPU TIME IS      0.03 SECONDS.

           THIS JOB COMPLETED AT    14:49:48
