 
               ---------------------------------------------
               WARNING : INCORRECT ATOM TYPES GIVEN IN INPUT
                         DATA ARE CORRECTED AS FOLLOWS
               ---------------------------------------------


             Atom type of atom    1 is replaced by   1 (was   0)
             Atom type of atom    2 is replaced by   1 (was   0)
             Atom type of atom    3 is replaced by  11 (was   0)
             Atom type of atom    4 is replaced by   5 (was   0)
             Atom type of atom    5 is replaced by   5 (was   0)
             Atom type of atom    6 is replaced by   5 (was   0)
             Atom type of atom    7 is replaced by   5 (was   0)
             Atom type of atom    8 is replaced by   1 (was   0)
             Atom type of atom    9 is replaced by   5 (was   0)
             Atom type of atom   10 is replaced by   5 (was   0)
             Atom type of atom   11 is replaced by   5 (was   0)
 
     floropropane-a                                              

               CHEMICAL FORMULA :  C(    3)  H(    7)  F(    1) 
               FORMULA WEIGHT   :     62.054
                                                               DATE 27-MAY-23
                                                               TIME  17:10:22


          THE COORDINATES OF    11 ATOMS ARE READ IN.
          SOME CONSTANTS WILL BE READ IN.

      CONFORMATIONAL ENERGY, PART 1:  GEOMETRY AND STERIC ENERGY
                                      OF INITIAL CONFORMATION.


      CONNECTED ATOMS
          1-    2-    8-

      ATTACHED ATOMS
          1-    3,    1-    4,    1-    5,    2-    6,    2-    7,    8-    9,
          8-   10,    8-   11,

      INITIAL ATOMIC COORDINATES
           ATOM          X           Y           Z      TYPE
         C(    1)     0.60291     0.67807     0.00003   (  1)
         C(    2)    -0.56052    -0.34011     0.00003   (  1)
         F(    3)     1.81164     0.02517    -0.00004   ( 11)
         H(    4)     0.55220     1.31091    -0.88826   (  5)
         H(    5)     0.55227     1.31081     0.88840   (  5)
         H(    6)    -0.47922    -0.97681    -0.88516   (  5)
         H(    7)    -0.47928    -0.97676     0.88526   (  5)
         C(    8)    -1.94922     0.33653    -0.00003   (  1)
         H(    9)    -2.73087    -0.42556    -0.00016   (  5)
         H(   10)    -2.07002     0.95880     0.88899   (  5)
         H(   11)    -2.06989     0.95895    -0.88896   (  5)

        %=%=%=%=%=%=%=%=%=%=%=%=%=%=%=%=%=%=%=%=%=%=%=%=%=%=%=

        MM4(08)-v010108: (Const:V010108-00)

        The Parameters Used in This Calculation Can be Found
        in the Publication(s) Listed in the PART 3

        %=%=%=%=%=%=%=%=%=%=%=%=%=%=%=%=%=%=%=%=%=%=%=%=%=%=%=


          DIELECTRIC CONSTANT =  1.500


      INITIAL STERIC ENERGY IS              4.2722 KCAL/MOL.

                  COMPRESSION               1.8962
                  STRETCH-STRETCH          -0.0984
                  BENDING                   0.2735
                  BEND-BEND                 0.0043
                  STRETCH-BEND              0.0574
                  VANDERWAALS
                    1,4 ENERGY              1.1988
                    OTHER                  -0.0090
                  H-BONDING                 0.0000
                  PI-COMPLX                 0.0000
                  TORSIONAL                 1.1431
                  TORSION-STRETCH           0.0926
                  TORSION-BEND             -0.0661
                  BEND-TORSION-BEND        -0.0096
                  TORSION-IMPT              0.0000
                  IMPT-TORSION-IMPT         0.0000
                  TORSION-TORSION           0.0000
                  DIPOLE-DIPOLE             0.0000
                  CHARGE-DIPOLE             0.0000
                  IND_DIP CORR.            -0.2106
                  CHARGE-CHARGE             0.0000


      MOMENT OF INERTIA ( R(g) ) WITH THE PRINCIPAL AXES

          (1)  UNIT = 10**(-39) GM*CM**2
               IX=    3.0870    IY=   22.8664    IZ=   24.3715

          (2)  UNIT = AU A**2
               IX=   18.5931    IY=  137.7242    IZ=  146.7894


      MOLECULAR POLARIZABILITIES (A**3)

        ALPHA(1)   =       8.16
        ALPHA(2)   =       6.59
        ALPHA(3)   =       5.39
        AVG. ALPHA =       6.71


      DIPOLE MOMENT =          1.8200 D

        SIGMA-DIPOLE MOMENT =  1.8200 (X =  1.6013    Y = -0.8650    Z = -0.0001)


      DIPOLE MOMENT =          1.8450 D (INCLUDES INDUCED BOND MOMENTS)

        SIGMA-DIPOLE MOMENT =  1.8450 (X =  1.7603    Y = -0.5527    Z = -0.0001)


      OTHER MOLECULAR PROPERTIES:

        Molar Polarizability:    17.2660 cm**3/mole
        Molar Refraction:        16.9305 cm**3/mole
        Radius of Gyration:       2.2111 A
        Molecular VDW Surface:  134.3840 A**2
        Molecular VDW Volume:   110.3220 A**3
        Dispersion Energy:       -3.7302 Kcal/mole
        Density (gas):          0.002536 g/cm**3 (@  298.2 K, 1 atm)
        Density (cdn):            0.7950 g/cm**3 (@STP Estd.)
        Ref. Index (gas):       1.001039 (@  298.2 K, 1 atm)
        Ref. Index (cdn):         1.3535 (@STP Estd.)
        Diel. Constant (gas):     1.0098 (@  298.2 K, 1 atm)
        Diel. Constant (cdn):    19.9369 (@STP Estd.)



      CPU TIME FOR INITIAL CALCULATION IS     0.02 SECONDS.
 


     floropropane-a                                              


     CONFORMATIONAL ENERGY, PART 2: GEOMETRY MINIMIZATION

               GEOMETRY OPTIMIZATION IS CONTINUED UNTIL ATOM
               MOVEMENT CONVERGES WITHIN FOLLOWING VALUES:

                         AVERAGE MOVEMENT  0.00010 A
                         MAXIMUM MOVEMENT  0.00099 A



     <<<<<<<<<<<<<<<<<<<<<<<<<<  C Y C L E   1 >>>>>>>>>>>>>>>>>>>>>>>>>>

                              (CH)-MOVEMENT = 0

     ITER    1  AVG. MOVE = 0.01103 A  (MAX MOVE: ATOM     3   0.06913 A)
     ITER    2  AVG. MOVE = 0.00459 A  (MAX MOVE: ATOM     3   0.02732 A)
     ITER    3  AVG. MOVE = 0.00196 A  (MAX MOVE: ATOM     3   0.01538 A)
     ITER    4  AVG. MOVE = 0.00119 A  (MAX MOVE: ATOM     3   0.00678 A)
     ITER    5  AVG. MOVE = 0.00087 A  (MAX MOVE: ATOM     3   0.00349 A)
     ITER    6  AVG. MOVE = 0.00069 A  (MAX MOVE: ATOM    11   0.00283 A)
     ITER    7  AVG. MOVE = 0.00057 A  (MAX MOVE: ATOM    11   0.00237 A)
     ITER    8  AVG. MOVE = 0.00048 A  (MAX MOVE: ATOM    11   0.00199 A)
     ITER    9  AVG. MOVE = 0.00040 A  (MAX MOVE: ATOM    11   0.00168 A)
     ITER   10  AVG. MOVE = 0.00034 A  (MAX MOVE: ATOM    11   0.00141 A)
     ITER   11  AVG. MOVE = 0.00029 A  (MAX MOVE: ATOM    11   0.00118 A)
     ITER   12  AVG. MOVE = 0.00024 A  (MAX MOVE: ATOM    11   0.00100 A)
     ITER   13  AVG. MOVE = 0.00020 A  (MAX MOVE: ATOM    11   0.00084 A)
     ITER   14  AVG. MOVE = 0.00017 A  (MAX MOVE: ATOM    11   0.00071 A)
     ITER   15  AVG. MOVE = 0.00015 A  (MAX MOVE: ATOM    11   0.00060 A)
     ITER   16  AVG. MOVE = 0.00012 A  (MAX MOVE: ATOM    11   0.00051 A)
     ITER   17  AVG. MOVE = 0.00010 A  (MAX MOVE: ATOM    11   0.00043 A)
     ITER   18  AVG. MOVE = 0.00009 A  (MAX MOVE: ATOM    11   0.00037 A)


              * * * * * * * * * GEOMETRY IS OPTIMIZED * * * * * * * * *

               WITHIN : AVERAGE MOVEMENT  0.00009 A (LIMIT  0.00010 A)
                        MAXIMUM MOVEMENT  0.00037 A (LIMIT  0.00099 A)

               GRADIENT
                 RMS GRADIENT                  0.035782 KCAL/MOL/A

                 MAX GRADIENT
                   X-DIRECTION : ATOM #    1   0.106263 KCAL/MOL/A
                   Y-DIRECTION : ATOM #    2   0.112491 KCAL/MOL/A
                   Z-DIRECTION : ATOM #    7   0.024951 KCAL/MOL/A

        DELTA TIME =    0.00 SEC.       TOTAL CPU TIME =      0.03 SEC.


                            =====================
                            FULL-MATRIX OPTIMIZER
                            =====================


     iter.  rms force   max force   avg. move    max move  atom  convg  d-time

        0    0.051336    0.178060   0.00041 A   0.00203 A   11    [N]     0.0s
        1    0.000258    0.000615   0.00000 A   0.00000 A   10    [N]     0.0s
        2    0.000024    0.000071                                 [Y]     0.0s


      TOTAL ENERGY IS      2.0350 KCAL/MOL.

        COMPRESS    0.0251      VDW 1,4    1.1255      DIPL-DIPL    0.0000
        STR-STR    -0.0001        OTHER    0.0484      CHRG-DIPL    0.0000
        BENDING     0.2335      TORSION    1.1261      CHRG-CHRG    0.0000
        BEND-BEND  -0.0208      TOR-STR    0.0023      EPR          0.0000
        STR-BEND    0.0113      TOR-BEND  -0.2761      TOR-BENBEN   0.0023
        TOR-IMPT    0.0000      TOR-IPIP   0.0000      TORS-TORS    0.0000
        IND-DIP    -0.2426      H-BOND     0.0000      PI-COMPLX    0.0000
0     DELTA(T) =     0.0 SEC.          ELAPSED TIME =     0.0 SEC.


    * * * ENERGY IS MINIMIZED WITHIN RMS OF FORCES   0.00002  Kcal/mol/A * * *

                 * * * *  RMS FORCE IS   0.00002 Kcal/mol/A * * * *

 
     floropropane-a                                              


     %=%=%=%=%=%=%=%=%=%=%=%=%=%=%=%=%=%=%=%=%=%=%=%=%=%=%=%=%=%=%=%=%=%=%=

     The Parameters Used in This Calculation Can be Found in the Following
     Publication(s):

     The MM4 Program is Developed by Dr. N. L. Allinger and co-workers at  
     the University of Georgia, Athens, Georgia 30602-2556 USA.            
     (c) Copyright 2003 by N. L. Allinger. All rights reserved.            
                                                                           
     MM4 General Description and Alkanes:                                  
      Allinger,N.L.; Chen,K.; Lii,J.-H. J. Comput. Chem. 1996, 17, 642.    
     Fluorides:                                                            
      Chen,K.-H.; Lii,J.-H.; Walker,G.A.; Xie,Y.; Schaefer,H.F.III;        
      Allinger,N.L. J. Phys. Chem. A 2006, 110, 7202.                      

     %=%=%=%=%=%=%=%=%=%=%=%=%=%=%=%=%=%=%=%=%=%=%=%=%=%=%=%=%=%=%=%=%=%=%=

               CHEMICAL FORMULA :  C(    3)  H(    7)  F(    1) 
               FORMULA WEIGHT   :     62.054
                                                               DATE : 27-MAY-23

           * M M 4 * * * * * * * * * * * 2 0 0 8 *
           *                                     *   PARAMETER RELIABILITY
           *                                     *
           *                                     *   BLANK = GOOD
           *                                     *       B = FAIR
           *                                     *       C = TRIAL
           *                                     *       R = READ IN
           *                                     *       S = SUBSTITUTED
           *                                     *       U = PARAMETER NOT EXIST
           *                                     *
           *                                     *   THIS IS SHOWN AT THE END 
           *                                     *   OF THE LINE.
           * * * * * * * * * * * * * * * * * * * * 


      CONFORMATIONAL ENERGY, PART 3:  GEOMETRY AND STERIC ENERGY
                                      OF FINAL CONFORMATION.

      CONNECTED ATOMS
          1-    2-    8-

      ATTACHED ATOMS
          1-    3,    1-    4,    1-    5,    2-    6,    2-    7,    8-    9,
          8-   10,    8-   11,

      FINAL ATOMIC COORDINATE
           ATOM          X           Y           Z      TYPE
         C(    1)    -0.47936    -0.50473     0.00000   (  1)
         C(    2)     0.61788     0.53080     0.00000   (  1)
         F(    3)    -1.73687     0.12067     0.00000   ( 11)
         H(    4)    -0.42271    -1.14745    -0.90176   (  5)
         H(    5)    -0.42271    -1.14745     0.90176   (  5)
         H(    6)     0.52835     1.19493    -0.88740   (  5)
         H(    7)     0.52835     1.19493     0.88740   (  5)
         C(    8)     1.99592    -0.14412     0.00000   (  1)
         H(    9)     2.81433     0.61026     0.00000   (  5)
         H(   10)     2.13816    -0.78649     0.89739   (  5)
         H(   11)     2.13816    -0.78649    -0.89739   (  5)


          DIELECTRIC CONSTANT =  1.500


      BOND LENGTHS AND STRETCHING ENERGY   (   10 BONDS)

        ENERGY = 71.94(KS)(DR)(DR)(1-(CS)(DR)+(7/12)((CS)(DR))**2)-
                       (1/4)((CS)(DR))**3)+(31/360)((CS)(DR))**4))
                         DR =  R-RO
                         CS =  3.000 FOR X-Y BONDS
                            =  2.200 FOR X-H BONDS
                                                            R(0)-CORR        CORR
             BOND          R(g)    R(0)    K(S)  ENERGY   E-NEG  MISCEL       KS
      C(    1)- C(    2)  1.5087  1.5077  5.710  0.0004 -0.0193             1.160  
      C(    1)- F(    3)  1.4044  1.4037  6.100  0.0003  0.0178                    
      C(    1)- H(    4)  1.1088  1.1079  4.793  0.0003 -0.0052             0.123  
      C(    1)- H(    5)  1.1088  1.1079  4.793  0.0003 -0.0052             0.123  
      C(    2)- H(    6)  1.1120  1.1104  4.717  0.0008 -0.0016             0.047  
      C(    2)- H(    7)  1.1120  1.1104  4.717  0.0008 -0.0016             0.047  
      C(    2)- C(    8)  1.5344  1.5260  4.323  0.0214 -0.0010            -0.227  
      C(    8)- H(    9)  1.1131  1.1120  4.740  0.0004                            
      C(    8)- H(   10)  1.1127  1.1120  4.740  0.0002                            
      C(    8)- H(   11)  1.1127  1.1120  4.740  0.0002                            


      NON-BONDED DISTANCES, VDW AND EPR ENERGY   (    27 PAIRS)

              E(VDW) = KV*(1.84(10**5)EXP(-12.00/P) - 2.25(P**6))
              E(EPR) = C*KV*(1.84(10**5)EXP(-12.00/Q) - 2.25(Q**6))
              E(HBD) = EP1-EP2*F(THET1,THET2)*RTH/RTH0
                            EP1 = KHB*2.76(10**5)*EXP(-12.0/P)
                            EP2 = KHB*2.25(P**6)
                              F = FAC*(1+COS(THET1)^N*(1+COS(THET2))^N

            IF P > 3.020, THEN,
              E(VDW) = KV(192.270)(P**2)
              E(HBD) = EP1-EP2*F(THET1,THET2)*RTH/RTH0
                            EP1 = KHB*569.14*P**2
                            EP2 = KHB*187.16*P**2

                       RV = RVDW(I) + RVDW(K)
                       KV = SQRT(EPS(I)*EPS(K))
                      KHB = HYDROGEN BOND ENERGY PARAMETER
                        P = (RV/R) OR (RV/R#)
                        C = SCALE FACTOR
                        Q = RV/R, WHERE R IS MODIFIED DISTANCE
                        N = 1 WHEN Y IS NITROGEN, AND 2 FOR OTHERS
                      FAC = 1/4 WHEN N=1, AND 1/16 WHEN N=2
                    THET1 = ANGLE H-X-Y IN HYDROGEN BOND X-H...Y
                    THET2 = ANGLE X-Y-LP IN HYDROGEN BOND X...Y-LP
                      RTH = BOND LENGTH X-H IN X-H...Y
                     RTH0 = NATURAL BOND LENGTH X-H

          # IN THE VDW CALCULATIONS THE HYDROGEN ATOMS ARE RELOCATED
          SO THAT THE ATTACHED HYDROGEN DISTANCE IS REDUCED BY 0.940

          # IN THE VDW CALCULATIONS THE DEUTERIUM ATOMS ARE RELOCATED
          SO THAT THE ATTACHED DEUTERIUM DISTANCE IS REDUCED BY  0.940

           ATOM PAIR          R       R#       RV      KV       ENERGY
      C(    1), H(    6)   2.1660
      C(    1), H(    7)   2.1660
      C(    1), C(    8)   2.5014
      C(    1), H(    9)   3.4773   3.4164   3.440   0.0240    -0.0268  1,4    
      C(    1), H(   10)   2.7814   2.7527   3.440   0.0240     0.0927  1,4    
      C(    1), H(   11)   2.7814   2.7527   3.440   0.0240     0.0927  1,4    
      C(    2), F(    3)   2.3902
      C(    2), H(    4)   2.1708
      C(    2), H(    5)   2.1708
      C(    2), H(    9)   2.1979
      C(    2), H(   10)   2.2027
      C(    2), H(   11)   2.2027
      F(    3), H(    4)   2.0367
      F(    3), H(    5)   2.0367
      F(    3), H(    6)   2.6595   2.6309   2.870   0.0920    -0.0662  1,4    
      F(    3), H(    7)   2.6595   2.6309   2.870   0.0920    -0.0662  1,4    
      F(    3), C(    8)   3.7422            3.620   0.0498    -0.0543  1,4    
      F(    3), H(    9)   4.5775   4.5240   2.870   0.0920    -0.0134         
      F(    3), H(   10)   4.0797   4.0517   2.870   0.0920    -0.0254         
      F(    3), H(   11)   4.0797   4.0517   2.870   0.0920    -0.0254         
      H(    4), H(    5)   1.8035
      H(    4), H(    6)   2.5281   2.4591   3.280   0.0170     0.1719  1,4    
      H(    4), H(    7)   3.0971   2.9791   3.280   0.0170    -0.0104  1,4    
      H(    4), C(    8)   2.7694   2.7414   3.440   0.0240     0.0995  1,4    
      H(    4), H(    9)   3.7923   3.7020   3.280   0.0170    -0.0144         
      H(    4), H(   10)   3.1504   3.0858   3.280   0.0170    -0.0161         
      H(    4), H(   11)   2.5862   2.5811   3.280   0.0170     0.0868         
      H(    5), H(    6)   3.0971   2.9791   3.280   0.0170    -0.0104  1,4    
      H(    5), H(    7)   2.5281   2.4591   3.280   0.0170     0.1719  1,4    
      H(    5), C(    8)   2.7694   2.7414   3.440   0.0240     0.0995  1,4    
      H(    5), H(    9)   3.7923   3.7020   3.280   0.0170    -0.0144         
      H(    5), H(   10)   2.5862   2.5811   3.280   0.0170     0.0868         
      H(    5), H(   11)   3.1504   3.0858   3.280   0.0170    -0.0161         
      H(    6), H(    7)   1.7748
      H(    6), C(    8)   2.1758
      H(    6), H(    9)   2.5209   2.4543   3.280   0.0170     0.1762  1,4    
      H(    6), H(   10)   3.1150   2.9972   3.280   0.0170    -0.0116  1,4    
      H(    6), H(   11)   2.5530   2.4836   3.280   0.0170     0.1511  1,4    
      H(    7), C(    8)   2.1758
      H(    7), H(    9)   2.5209   2.4543   3.280   0.0170     0.1762  1,4    
      H(    7), H(   10)   2.5530   2.4836   3.280   0.0170     0.1511  1,4    
      H(    7), H(   11)   3.1150   2.9972   3.280   0.0170    -0.0116  1,4    
      H(    9), H(   10)   1.7926
      H(    9), H(   11)   1.7926
      H(   10), H(   11)   1.7948


      BOND ANGLES, BENDING AND STRETCH-BEND ENERGIES   (   18 ANGLES)

          EB = 0.02191418(KB)(DT)(DT)(1+CF*DT+QF*DT**2+PF*DT**3+SF*DT**4)
                          DT = THETA-TZERO
                          CF = -1800.000E-5
                          QF =     7.200E-5
                          PF =     0.135E-5
                          SF =     0.004E-6
          ESS =  143.88(KSTST)(DR1)(DR2)
          ESB =  2.51118(KSB)(DT)(DR1+DR2)
          EBB = -0.02191418(KBB)(DT1)(DT2)
                          DR1 = R1 - R1(0)
                          DR2 = R2 - R2(0)

               A T O M S             THETA    TZERO     KB     EB    KSB   ESB   KSS   ESS
      C(    2)- C(    1)- F(    3)  110.215  110.350  0.920  0.0004 0.16-0.0001 0.22 0.0000 B
      C(    2)- C(    1)- H(    4)  111.143  110.070  0.560  0.0139 0.10 0.0005              
      C(    2)- C(    1)- H(    5)  111.143  110.070  0.560  0.0139 0.10 0.0005              
      F(    3)- C(    1)- H(    4)  107.689  107.900  0.880  0.0009 0.16-0.0001-0.45 0.0000 B
      F(    3)- C(    1)- H(    5)  107.689  107.900  0.880  0.0009 0.16-0.0001-0.45 0.0000 B
      H(    4)- C(    1)- H(    5)  108.832  108.950  0.540  0.0002                          
      C(    1)- C(    2)- H(    6)  110.571  108.670  0.560  0.0428 0.10 0.0012              
      C(    1)- C(    2)- H(    7)  110.571  108.670  0.560  0.0428 0.10 0.0012              
      C(    1)- C(    2)- C(    8)  110.563  109.350  0.740  0.0233 0.14 0.0040              
      H(    6)- C(    2)- H(    7)  105.882  108.200  0.540  0.0663                          
      H(    6)- C(    2)- C(    8)  109.572  109.710  0.560  0.0002 0.10-0.0003              
      H(    7)- C(    2)- C(    8)  109.572  109.710  0.560  0.0002 0.10-0.0003              
      C(    2)- C(    8)- H(    9)  111.237  110.800  0.600  0.0025 0.10 0.0010              
      C(    2)- C(    8)- H(   10)  111.637  110.800  0.600  0.0091 0.10 0.0019              
      C(    2)- C(    8)- H(   11)  111.637  110.800  0.600  0.0091 0.10 0.0019              
      H(    9)- C(    8)- H(   10)  107.293  107.800  0.540  0.0031                          
      H(    9)- C(    8)- H(   11)  107.293  107.800  0.540  0.0031                          
      H(   10)- C(    8)- H(   11)  107.505  107.800  0.540  0.0010                          


     DIHEDRAL ANGLES, TORSIONAL ENERGY (ET)   (    18 ANGLES)

           ET = (V1/2)(1+COS(W))+(V2/2)(1-COS(2W))+(V3/2)(1+COS(3W))+
                                 (V4/2)(1-COS(4W))+(V6/2)(1+COS(6W))
         EBTB =  0.043828*(KBTB)(DTH1)(COS(W))(DTH2)
         ETS1 = -0.5*(RC-RC0)[KTSC1*(1+COS(W))+KTSC2*(1-COS(2W))+KTSC3*(1+COS(3W))]
         ETS2 = -0.5*(RT-RT0)[KTST1*(1+COS(W))+KTST2*(1-COS(2W))+KTST3*(1+COS(3W))]
          ETB =  2.51124*(DTH)[KTB1(1+COS(W))+KTB2*(1-COS(2W))+KTB3*(1+COS(3W))]
                      RC   = CENTRAL BOND LENGTH
                      RT   = TERMINAL BOND LENGTH
                      DTH1 = THETA1 - TZERO1
                      DTH2 = THETA2 - TZERO2

           SIGN OF ANGLE A-B-C-D : WHEN LOOKING THROUGH B TOWARD C,
           IF D IS COUNTERCLOCKWISE FROM A, NEGATIVE.

                A T O M S                OMEGA    V1     V2     V3     V4     V6     E    KBTB   EBTB
    C(    1) C(    2) C(    8) H(    9)  180.0  0.000  0.000  0.290  0.000  0.000  0.000 -0.060  0.001 
       TYPE-1-TS                         0.000  0.000  0.660                       0.000
    C(    1) C(    2) C(    8) H(   10)  -60.2  0.000  0.000  0.290  0.000  0.000  0.000 -0.060 -0.001 
       TYPE-1-TS                         0.000  0.000  0.660                       0.000
    C(    1) C(    2) C(    8) H(   11)   60.2  0.000  0.000  0.290  0.000  0.000  0.000 -0.060 -0.001 
       TYPE-1-TS                         0.000  0.000  0.660                       0.000
    F(    3) C(    1) C(    2) H(    6)  -58.5 -0.460  1.190  0.420  0.000  0.000  0.515  0.060  0.000 
       TYPE-1-TS                         0.000 -1.650  2.400                       0.001
       TYPE-2-TS    0.000  0.000  0.550                       0.000  0.000  0.000  0.000
       TORS-BEND    0.000  0.000 -0.001                       0.002 -0.022  0.000 -0.138
    F(    3) C(    1) C(    2) H(    7)   58.5 -0.460  1.190  0.420  0.000  0.000  0.515  0.060  0.000 
       TYPE-1-TS                         0.000 -1.650  2.400                       0.001
       TYPE-2-TS    0.000  0.000  0.550                       0.000  0.000  0.000  0.000
       TORS-BEND    0.000  0.000 -0.001                       0.002 -0.022  0.000 -0.138
    F(    3) C(    1) C(    2) C(    8) -180.0 -0.360  0.380  0.978  0.240  0.010  0.010 -0.060  0.000 
       TYPE-1-TS                         5.300 -4.800  4.500                       0.000
       TORS-BEND    0.005  0.004  0.003                       0.000 -0.012 -0.009  0.000
    H(    4) C(    1) C(    2) H(    6)   60.8  0.000  0.000  0.260  0.000  0.008  0.008 -0.090 -0.004 
       TYPE-1-TS                         0.000  0.000  0.660                       0.000
    H(    4) C(    1) C(    2) H(    7)  177.8  0.000  0.000  0.260  0.000  0.008  0.009 -0.090  0.008 
       TYPE-1-TS                         0.000  0.000  0.660                       0.000
    H(    4) C(    1) C(    2) C(    8)  -60.7  0.000  0.000  0.290  0.000  0.000  0.000 -0.060 -0.002 
       TYPE-1-TS                         0.000  0.000  0.660                       0.000
    H(    5) C(    1) C(    2) H(    6) -177.8  0.000  0.000  0.260  0.000  0.008  0.009 -0.090  0.008 
       TYPE-1-TS                         0.000  0.000  0.660                       0.000
    H(    5) C(    1) C(    2) H(    7)  -60.8  0.000  0.000  0.260  0.000  0.008  0.008 -0.090 -0.004 
       TYPE-1-TS                         0.000  0.000  0.660                       0.000
    H(    5) C(    1) C(    2) C(    8)   60.7  0.000  0.000  0.290  0.000  0.000  0.000 -0.060 -0.002 
       TYPE-1-TS                         0.000  0.000  0.660                       0.000
    H(    6) C(    2) C(    8) H(    9)   57.9  0.000  0.000  0.260  0.000  0.008  0.009 -0.090  0.000 
       TYPE-1-TS                         0.000  0.000  0.660                       0.000
    H(    6) C(    2) C(    8) H(   10)  177.7  0.000  0.000  0.260  0.000  0.008  0.009 -0.090  0.000 
       TYPE-1-TS                         0.000  0.000  0.660                       0.000
    H(    6) C(    2) C(    8) H(   11)  -61.9  0.000  0.000  0.260  0.000  0.008  0.009 -0.090  0.000 
       TYPE-1-TS                         0.000  0.000  0.660                       0.000
    H(    7) C(    2) C(    8) H(    9)  -57.9  0.000  0.000  0.260  0.000  0.008  0.009 -0.090  0.000 
       TYPE-1-TS                         0.000  0.000  0.660                       0.000
    H(    7) C(    2) C(    8) H(   10)   61.9  0.000  0.000  0.260  0.000  0.008  0.009 -0.090  0.000 
       TYPE-1-TS                         0.000  0.000  0.660                       0.000
    H(    7) C(    2) C(    8) H(   11) -177.7  0.000  0.000  0.260  0.000  0.008  0.009 -0.090  0.000 
       TYPE-1-TS                         0.000  0.000  0.660                       0.000


 ==============================================================================
                        NORMAL MODE VIBRATIONAL ANALYSIS
 ==============================================================================


             Molecular Shape : ASYMMETRIC ROTOR WITH KAPPA =-0.979343
        Symmetry Point Group : Cs  
             Symmetry Number :  1
                   Chirality :  no



0       FUNDAMENTAL NORMAL VIBRATIONAL FREQUENCIES
                ( THEORETICALLY  27 VALUES )

             Frequency :  in 1/cm
             A(i)      :  IR intensity (vs,s,m,w,vw,-- or in 10**6 cm/mole)
             A(i) = -- :  IR inactive


             no       Frequency   Symmetry      A(i)

             1.          2976.2     (A"  )        m
             2.          2969.5     (A"  )        m
             3.          2967.2     (A`  )        m
             4.          2947.8     (A"  )        m
             5.          2946.3     (A`  )        w
             6.          2904.1     (A`  )        m
             7.          2875.8     (A`  )        m
             8.          1561.9     (A`  )        w
             9.          1493.3     (A`  )        w
            10.          1464.4     (A`  )        w
            11.          1451.8     (A"  )        w
            12.          1436.7     (A`  )        w
            13.          1370.5     (A`  )        w
            14.          1317.6     (A"  )       vw
            15.          1300.5     (A`  )        w
            16.          1216.8     (A"  )        w
            17.          1126.7     (A"  )        w
            18.          1115.5     (A`  )        w
            19.          1087.6     (A`  )        w
            20.          1005.4     (A`  )        w
            21.           915.4     (A`  )        w
            22.           861.7     (A"  )        w
            23.           740.4     (A"  )        w
            24.           410.0     (A`  )        w
            25.           296.8     (A`  )        w
            26.           227.5     (A"  )       vw
            27.           139.5     (A"  )        w
            28.     (       0.0)    (t/r )
            29.     (       0.0)    (t/r )
            30.     (       0.0)    (t/r )
            31.     (       0.0)    (t/r )
            32.     (       0.0)    (t/r )
            33.     (       0.0)    (t/r )


0       CORRESPONDING EIGEN VECTOR MATRIX   33 BY  33



 (  1)
     0.000    0.000    0.090    0.000    0.000    0.006    0.000    0.000
     0.001    0.039   -0.391   -0.537   -0.039    0.391   -0.537    0.002
     0.039   -0.041   -0.002   -0.039   -0.041    0.000    0.000    0.005
     0.000    0.000   -0.001   -0.006    0.020   -0.028    0.006   -0.020
    -0.028

 (  2)
     0.000    0.000    0.006    0.000    0.000   -0.008    0.000    0.000
     0.000    0.003   -0.023   -0.033   -0.003    0.023   -0.033    0.014
    -0.042    0.050   -0.014    0.042    0.050    0.000    0.000   -0.092
     0.000    0.000    0.019    0.099   -0.378    0.535   -0.099    0.378
     0.535

 (  3)
    -0.002    0.004    0.000   -0.001    0.001    0.000    0.000    0.000
     0.000    0.002   -0.019   -0.025    0.002   -0.019    0.025    0.007
    -0.010    0.010    0.007   -0.010   -0.010    0.040    0.083    0.000
    -0.570   -0.508    0.000    0.049   -0.240    0.304    0.049   -0.240
    -0.304

 (  4)
     0.000    0.000   -0.008    0.000    0.000    0.090    0.000    0.000
     0.000   -0.011    0.025    0.043    0.011   -0.025    0.043   -0.053
     0.399   -0.527    0.053   -0.399   -0.527    0.000    0.000   -0.010
     0.000    0.000    0.002    0.001   -0.036    0.058   -0.001    0.036
     0.058

 (  5)
    -0.021    0.079    0.000   -0.001   -0.012    0.000    0.010   -0.004
     0.000    0.048   -0.415   -0.522    0.048   -0.415    0.522   -0.008
     0.052   -0.062   -0.008    0.052    0.062   -0.002   -0.003    0.000
     0.032    0.026    0.000   -0.002    0.007   -0.008   -0.002    0.007
     0.008

 (  6)
    -0.006    0.007    0.000   -0.009    0.074    0.000    0.001    0.000
     0.000    0.005   -0.052   -0.065    0.005   -0.052    0.065    0.055
    -0.418    0.503    0.055   -0.418   -0.503    0.013   -0.009    0.000
    -0.087   -0.061    0.000   -0.020    0.078   -0.105   -0.020    0.078
     0.105

 (  7)
    -0.001    0.000    0.000    0.002    0.016    0.000    0.000    0.000
     0.000    0.001   -0.007   -0.008    0.001   -0.007    0.008    0.011
    -0.096    0.116    0.011   -0.096   -0.116   -0.054    0.024    0.000
     0.427    0.361    0.000    0.092   -0.319    0.429    0.092   -0.319
    -0.429

 (  8)
    -0.166   -0.030    0.000    0.120    0.071    0.000    0.030   -0.002
     0.000    0.314   -0.058    0.087    0.314   -0.058   -0.087   -0.176
    -0.144   -0.158   -0.176   -0.144    0.158   -0.025    0.002    0.000
    -0.072    0.048    0.000    0.041   -0.052   -0.056    0.041   -0.052
     0.056

 (  9)
     0.039   -0.071    0.000    0.022    0.072    0.000   -0.015    0.000
     0.000   -0.203    0.309   -0.344   -0.203    0.309    0.344   -0.017
    -0.277   -0.291   -0.017   -0.277    0.291    0.000   -0.004    0.000
    -0.042    0.044    0.000    0.012   -0.033   -0.023    0.012   -0.033
     0.023

 ( 10)
     0.011    0.046    0.000   -0.091    0.029    0.000    0.003    0.003
     0.000    0.056   -0.201    0.205    0.056   -0.201   -0.205    0.200
    -0.317   -0.316    0.200   -0.317    0.316    0.035   -0.019    0.000
     0.112   -0.099    0.000   -0.070    0.202    0.190   -0.070    0.202
    -0.190

 ( 11)
     0.000    0.000    0.000    0.000    0.000   -0.022    0.000    0.000
     0.002    0.042    0.003    0.000   -0.042   -0.003    0.000   -0.049
     0.028   -0.002    0.049   -0.028   -0.002    0.000    0.000   -0.039
     0.000    0.000    0.678    0.452    0.211    0.014   -0.452   -0.211
     0.014

 ( 12)
     0.033    0.028    0.000   -0.046    0.018    0.000   -0.005    0.003
     0.000   -0.029   -0.135    0.121   -0.029   -0.135   -0.121    0.082
    -0.077   -0.095    0.082   -0.077    0.095    0.053    0.027    0.000
    -0.220    0.371    0.000   -0.133   -0.435   -0.306   -0.133   -0.435
     0.306

 ( 13)
    -0.045   -0.026    0.000   -0.015    0.003    0.000    0.010   -0.001
     0.000    0.108    0.122   -0.097    0.108    0.122    0.097   -0.001
     0.100    0.071   -0.001    0.100   -0.071    0.114   -0.060    0.000
    -0.239    0.364    0.000   -0.406    0.105    0.238   -0.406    0.105
    -0.238

 ( 14)
     0.000    0.000    0.010    0.000    0.000    0.047    0.000    0.000
    -0.032   -0.664   -0.013   -0.034    0.664    0.013   -0.034   -0.127
    -0.105   -0.010    0.127    0.105   -0.010    0.000    0.000   -0.006
     0.000    0.000    0.065    0.006    0.024    0.009   -0.006   -0.024
     0.009

 ( 15)
     0.081    0.024    0.000    0.096    0.045    0.000   -0.025    0.002
     0.000   -0.299   -0.239    0.156   -0.299   -0.239   -0.156   -0.368
    -0.031   -0.015   -0.368   -0.031    0.015   -0.005   -0.055    0.000
    -0.201    0.152    0.000   -0.023    0.091    0.119   -0.023    0.091
    -0.119

 ( 16)
     0.000    0.000   -0.051    0.000    0.000   -0.042    0.000    0.000
     0.010    0.063   -0.098    0.018   -0.063    0.098    0.018   -0.566
     0.003    0.013    0.566   -0.003    0.013    0.000    0.000    0.095
     0.000    0.000   -0.174    0.183   -0.175   -0.047   -0.183    0.175
    -0.047

 ( 17)
     0.000    0.000   -0.117    0.000    0.000    0.123    0.000    0.000
     0.025    0.123   -0.267    0.080   -0.123    0.267    0.080   -0.140
    -0.301   -0.081    0.140    0.301   -0.081    0.000    0.000   -0.070
     0.000    0.000    0.162   -0.201    0.148    0.065    0.201   -0.148
     0.065

 ( 18)
     0.034   -0.150    0.000   -0.001    0.115    0.000   -0.061    0.047
     0.000    0.090   -0.188   -0.004    0.090   -0.188    0.004    0.262
     0.187    0.018    0.262    0.187   -0.018   -0.013   -0.053    0.000
    -0.158    0.104    0.000    0.189    0.035    0.032    0.189    0.035
    -0.032

 ( 19)
    -0.130    0.019    0.000    0.008    0.064    0.000    0.088   -0.060
     0.000   -0.419   -0.025    0.047   -0.419   -0.025   -0.047    0.242
     0.120    0.012    0.242    0.120   -0.012    0.004   -0.012    0.000
    -0.051    0.053    0.000    0.071    0.021    0.012    0.071    0.021
    -0.012

 ( 20)
    -0.005    0.062    0.000   -0.136    0.041    0.000    0.036   -0.011
     0.000    0.104    0.122   -0.021    0.104    0.122    0.021   -0.229
     0.032   -0.002   -0.229    0.032    0.002    0.054   -0.115    0.000
    -0.150    0.108    0.000    0.380   -0.030    0.012    0.380   -0.030
    -0.012

 ( 21)
     0.030    0.078    0.000    0.056   -0.089    0.000    0.004   -0.013
     0.000    0.090    0.096   -0.004    0.090    0.096    0.004    0.228
    -0.097   -0.021    0.228   -0.097    0.021   -0.127   -0.017    0.000
    -0.474    0.363    0.000    0.125    0.115    0.050    0.125    0.115
    -0.050

 ( 22)
     0.000    0.000   -0.082    0.000    0.000    0.035    0.000    0.000
     0.016   -0.071   -0.281    0.121    0.071    0.281    0.121    0.344
    -0.089   -0.070   -0.344    0.089   -0.070    0.000    0.000    0.055
     0.000    0.000   -0.209    0.341   -0.195   -0.146   -0.341    0.195
    -0.146

 ( 23)
     0.000    0.000    0.053    0.000    0.000    0.061    0.000    0.000
    -0.014    0.105    0.344   -0.197   -0.105   -0.344   -0.197   -0.015
    -0.418   -0.263    0.015    0.418   -0.263    0.000    0.000    0.008
     0.000    0.000   -0.078    0.143   -0.101   -0.091   -0.143    0.101
    -0.091

 ( 24)
     0.057   -0.074    0.000   -0.084    0.034    0.000    0.143    0.031
     0.000    0.043   -0.058   -0.008    0.043   -0.058    0.008   -0.114
     0.025   -0.003   -0.114    0.025    0.003   -0.147    0.002    0.000
    -0.101   -0.052    0.000   -0.198   -0.010    0.000   -0.198   -0.010
     0.000

 ( 25)
     0.060    0.105    0.000    0.038    0.131    0.000   -0.031   -0.093
     0.000    0.139    0.106    0.003    0.139    0.106   -0.003    0.091
     0.128   -0.006    0.091    0.128    0.006   -0.063   -0.087    0.000
     0.083   -0.249    0.000   -0.186   -0.119   -0.002   -0.186   -0.119
     0.002

 ( 26)
     0.000    0.000    0.030    0.000    0.000   -0.073    0.000    0.000
     0.016   -0.021   -0.080    0.086    0.021    0.080    0.086    0.018
    -0.070   -0.126   -0.018    0.070   -0.126    0.000    0.000    0.015
     0.000    0.000    0.567   -0.242   -0.388   -0.225    0.242    0.388
    -0.225

 ( 27)
     0.000    0.000   -0.131    0.000    0.000   -0.107    0.000    0.000
     0.105   -0.100    0.119   -0.222    0.100   -0.119   -0.222    0.099
    -0.049   -0.153   -0.099    0.049   -0.153    0.000    0.000    0.096
     0.000    0.000    0.077   -0.080    0.113    0.190    0.080   -0.113
     0.190

 ( 28)
    -0.005    0.003    0.054   -0.002   -0.001    0.103   -0.004    0.006
    -0.049    0.055   -0.021    0.074   -0.070    0.025    0.074    0.061
    -0.023    0.080   -0.062    0.022    0.080   -0.004   -0.005    0.215
    -0.002   -0.007    0.253   -0.068    0.018    0.242    0.056   -0.028
     0.242

 ( 29)
    -0.028   -0.025    0.114   -0.013   -0.041   -0.120   -0.019   -0.007
    -0.004   -0.048   -0.218    0.250   -0.026    0.166    0.250   -0.015
    -0.228   -0.261    0.007    0.150   -0.261   -0.023   -0.060    0.007
    -0.012   -0.071   -0.164   -0.021    0.129    0.142   -0.043   -0.253
     0.142

 ( 30)
     0.122    0.023    0.018    0.118    0.028   -0.034    0.120    0.017
    -0.021    0.129   -0.026    0.053    0.122    0.072    0.053    0.118
    -0.021   -0.070    0.111    0.076   -0.070    0.121    0.034    0.008
     0.118    0.037   -0.030    0.120    0.083    0.044    0.127   -0.014
     0.044

 ( 31)
     0.033   -0.056    0.101   -0.005   -0.015    0.069    0.010   -0.103
     0.158    0.021   -0.043    0.091    0.093   -0.064    0.091   -0.066
    -0.008    0.081    0.005   -0.029    0.081    0.020    0.037    0.006
    -0.008    0.067   -0.018    0.080    0.032   -0.007    0.008    0.053
    -0.007

 ( 32)
    -0.029    0.116    0.069   -0.012    0.098    0.013   -0.019    0.136
     0.082   -0.061    0.090    0.085   -0.017    0.140    0.085   -0.023
     0.075   -0.004    0.020    0.125   -0.004   -0.023    0.076   -0.002
    -0.011    0.063   -0.043   -0.011    0.099    0.013   -0.055    0.049
     0.013

 ( 33)
     0.012    0.003   -0.014   -0.062    0.080   -0.051   -0.033   -0.086
    -0.067    0.072   -0.041    0.021    0.043    0.054    0.021   -0.095
     0.028   -0.087   -0.123    0.121   -0.087   -0.014    0.178    0.006
    -0.067    0.236   -0.021    0.018    0.235    0.042    0.046    0.141
     0.042


                VIBRATIONAL AMPLITUDE AND CENTRIFUGAL DISTORTION
                 CONTRIBUTIONS TO THE BOND LENGTH AT   298.16 K

                 Note: Excludes contributions from frequencies
                       lower than 40 (1/cm).

                R(e)   = r(mm4) - 1.5 * anh * <Z**2>(298.16)
                R(z)   = R(e) + 1.5 * anh * <Z**2>(0) - <K>(0))
                R(s)   = [R(e) + R(z)] / 2
                R(alp) = R(e) + 1.5 * anh * <Z**2>(T) - <K>(T) - <C>(T)
                R(g)   = R(e) + 1.5 * anh * <Z**2>(T)
                R(a)   = [R(g) + sqrt(R(g)**2-4*<Z**2>(T))] / 2

                       anh = anharmonicity (2.00)
                    <Z**2> = mean-square vibrational amplitude
                       <K> = perpendicular vibrational amplitude
                       <C> = centrifugal correction

        BOND          R(g)      R(z)      R(e)     R(alp)     R(s)      R(a)
    2( C)-  1( C)    1.5087    1.5070    1.5022    1.5065    1.5046    1.5073
    3( F)-  1( C)    1.4044    1.4005    1.3987    1.3996    1.3996    1.4031
    4( H)-  1( C)    1.1088    1.0961    1.0904    1.0955    1.0932    1.1032
    5( H)-  1( C)    1.1088    1.0961    1.0904    1.0955    1.0932    1.1032
    6( H)-  2( C)    1.1120    1.0995    1.0934    1.0991    1.0964    1.1064
    7( H)-  2( C)    1.1120    1.0995    1.0934    1.0991    1.0964    1.1064
    8( C)-  2( C)    1.5344    1.5309    1.5267    1.5300    1.5288    1.5328
    9( H)-  8( C)    1.1131    1.0957    1.0945    1.0944    1.0951    1.1075
   10( H)-  8( C)    1.1127    1.0956    1.0942    1.0943    1.0949    1.1072
   11( H)-  8( C)    1.1127    1.0956    1.0942    1.0943    1.0949    1.1072


                  Non-Bonded Atom Pair Distance Table
        (Distance greater than 82% of VDW distance are not printed)

        PAIR        Dist(g)   Dist(z)
    6( H),  3( F)    2.6595    2.6527       1,4
    6( H),  4( H)    2.5281    2.5166       1,4
    7( H),  3( F)    2.6595    2.6527       1,4
    7( H),  5( H)    2.5281    2.5166       1,4
    8( C),  4( H)    2.7694    2.7602       1,4
    8( C),  5( H)    2.7694    2.7602       1,4
    9( H),  6( H)    2.5209    2.5075       1,4
    9( H),  7( H)    2.5209    2.5075       1,4
   10( H),  1( C)    2.7814    2.7710       1,4
   10( H),  5( H)    2.5862    2.5829          
   10( H),  7( H)    2.5530    2.5387       1,4
   11( H),  1( C)    2.7814    2.7710       1,4
   11( H),  4( H)    2.5862    2.5829          
   11( H),  6( H)    2.5530    2.5387       1,4


         THE MOMENTS OF INERTIA CALCULATED FROM R(g), R(z) VALUES
                  (also from R(e), R(alpha), R(s) VALUES)

         Note: (1) All calculations are based on principle isotopes.
               (2) R(z) values include harmonic vibration (Coriolis)
                   contribution indicated in parentheses.


   (1)  UNIT = 10**(-39) GM*CM**2

                    IX                   IY                   IZ

   R(e)         3.0976              22.1749              23.7054
   R(z)         3.0943(-0.0108)     22.3788( 0.0050)     23.9202( 0.0072)

   (2)  UNIT = AU A**2

                    IX                   IY                   IZ

   R(e)        18.6560             133.5550             142.7731
   R(z)        18.6365(-0.0651)    134.7830( 0.0303)    144.0669( 0.0433)


 ==============================================================================
                      STATISTICAL THERMODYNAMICS ANALYSIS
 ==============================================================================

  Structure name    : floropropane-a                                              
  Temperature       :   298.16 K
  Symmetry number   :   1
  Optical isomers   :   1
  Zero Point Energy :   58.798 Kcal/mol


                     ENERGY** ENTHALPY**  ENTROPY  FREE ENERGY** HEAT CAPACITY**
                  (Kcal/mol) (Kcal/mol)     (eu)   (Kcal/mol)    (cal/mol/deg)
  Translational       0.889      0.889     38.299    -10.530         2.981
     Rotational       0.889      0.889     24.344     -6.370         2.981
    Vibrational*     60.239%    60.239%     8.074     57.832%       10.812
         PV(RT)       0.000      0.593      0.000      0.593         1.987
      Potential       2.035#     2.035#     0.000      2.035#        0.000
         Mixing       0.000      0.000      0.000      0.000         0.000
          Total*     64.052     64.644     70.717     43.559        18.761

  Enthalpy Function (H-Ho)/T     =   12.78 cal/mol/deg
  Free Energy Function -(G-Ho)/T =   57.94 cal/mol/deg

  % Includes zero point energy (ZPE).
  * Excludes contribution from frequencies lower than 10 (1/cm).
  # Includes steric energy (SE).
    Internal rotation contributions are not considered
 ** These quantities are relative to the R(e) values (
    bottom of potential well) and do NOT include bonding

  This structure has   0 imaginary frequencies,
                       0 free internal rotation (fir) frequencies
                         (>= 0,< 10 /cm),
                       0 restricted internal rotation (rir) frequencies
                         (>= 10,< 40 /cm),
                       6 zero frequencies, and
                      27 real frequencies.


      FINAL STERIC ENERGY IS                2.0350 KCAL/MOL.


                  COMPRESSION               0.0251
                  STRETCH-STRETCH          -0.0001
                  BENDING                   0.2335
                  BEND-BEND                -0.0208
                  STRETCH-BEND              0.0113
                  VANDERWAALS
                    1,4 ENERGY              1.1255
                    OTHER                   0.0484
                  H-BONDING                 0.0000
                  PI-COMPLX                 0.0000
                  TORSIONAL                 1.1261
                  TORSION-STRETCH           0.0023
                  TORSION-BEND             -0.2761
                  BEND-TORSION-BEND         0.0023
                  TORSION-IMPT              0.0000
                  IMPT-TORSION-IMPT         0.0000
                  TORSION-TORSION           0.0000
                  DIPOLE-DIPOLE             0.0000
                  CHARGE-DIPOLE             0.0000
                  IND-DIP CORR.            -0.2426
                  CHARGE-CHARGE             0.0000


      MOLECULAR POLARIZABILITIES (A**3)

        ALPHA(1)   =       8.48
        ALPHA(2)   =       6.87
        ALPHA(3)   =       5.76
        AVG. ALPHA =       7.04


      DIPOLE MOMENT =          1.8200 D

        SIGMA-DIPOLE MOMENT =  1.8200 (X = -1.6296    Y =  0.8104    Z =  0.0000)


      DIPOLE MOMENT =          1.8468 D (INCLUDES INDUCED BOND MOMENTS)

        SIGMA-DIPOLE MOMENT =  1.8468 (X = -1.7762    Y =  0.5060    Z =  0.0000)


      OTHER MOLECULAR PROPERTIES:

        Molar Polarizability:    18.0806 cm**3/mole
        Molar Refraction:        17.7445 cm**3/mole
        Radius of Gyration:       2.1968 A
        Molecular VDW Surface:  134.8427 A**2
        Molecular VDW Volume:   111.0505 A**3
        Dispersion Energy:       -3.7542 Kcal/mole
        Density (gas):          0.002536 g/cm**3 (@  298.2 K, 1 atm)
        Density (cdn):            0.7900 g/cm**3 (@STP Estd.)
        Ref. Index (gas):       1.001089 (@  298.2 K, 1 atm)
        Ref. Index (cdn):         1.3698 (@STP Estd.)
        Diel. Constant (gas):     1.0099 (@  298.2 K, 1 atm)
        Diel. Constant (cdn):    20.3189 (@STP Estd.)



      TOTAL ATOMIC CHARGE ON EACH ATOM (in ELECTRON CHARGE)

           C(    1):          0.194
           C(    2):          0.000
           F(    3):         -0.236
           H(    4):          0.007
           H(    5):          0.007
           H(    6):          0.008
           H(    7):          0.008
           C(    8):          0.003
           H(    9):          0.002
           H(   10):          0.003
           H(   11):          0.003

      -----------------------------------------------------------------

        END OF floropropane-a                                              


           TOTAL CPU TIME IS      0.07 SECONDS.

           THIS JOB COMPLETED AT    17:10:22
