 
               ---------------------------------------------
               WARNING : INCORRECT ATOM TYPES GIVEN IN INPUT
                         DATA ARE CORRECTED AS FOLLOWS
               ---------------------------------------------


             Atom type of atom    1 is replaced by   1 (was   0)
             Atom type of atom    2 is replaced by   1 (was   0)
             Atom type of atom    3 is replaced by   1 (was   0)
             Atom type of atom    4 is replaced by   1 (was   0)
             Atom type of atom    5 is replaced by   1 (was   0)
             Atom type of atom    6 is replaced by   1 (was   0)
             Atom type of atom    7 is replaced by   5 (was   0)
             Atom type of atom    8 is replaced by   5 (was   0)
             Atom type of atom    9 is replaced by   5 (was   0)
             Atom type of atom   10 is replaced by   5 (was   0)
             Atom type of atom   11 is replaced by   5 (was   0)
             Atom type of atom   12 is replaced by   5 (was   0)
             Atom type of atom   13 is replaced by   5 (was   0)
             Atom type of atom   14 is replaced by   5 (was   0)
             Atom type of atom   15 is replaced by   5 (was   0)
             Atom type of atom   16 is replaced by   5 (was   0)
             Atom type of atom   17 is replaced by   5 (was   0)
             Atom type of atom   18 is replaced by   5 (was   0)
             Atom type of atom   19 is replaced by   5 (was   0)
             Atom type of atom   20 is replaced by   5 (was   0)
 
     2,3-dimethylbutane-anti                                     

               CHEMICAL FORMULA :  C(    6)  H(   14) 
               FORMULA WEIGHT   :     86.112
                                                               DATE 27-MAY-23
                                                               TIME  17:21:52


          THE COORDINATES OF    20 ATOMS ARE READ IN.
          SOME CONSTANTS WILL BE READ IN.

      CONFORMATIONAL ENERGY, PART 1:  GEOMETRY AND STERIC ENERGY
                                      OF INITIAL CONFORMATION.


      CONNECTED ATOMS
          1-    2-    3-    4-
          2-    5-
          3-    6-

      ATTACHED ATOMS
          1-    7,    1-    8,    1-    9,    2-   10,    3-   11,    4-   12,
          4-   13,    4-   14,    5-   15,    5-   16,    5-   17,    6-   18,
          6-   19,    6-   20,

      INITIAL ATOMIC COORDINATES
           ATOM          X           Y           Z      TYPE
         C(    1)    -3.19325    -1.27708    -0.05893   (  1)
         C(    2)    -2.36415    -0.01003     0.31460   (  1)
         C(    3)    -0.91577    -0.01001    -0.31468   (  1)
         C(    4)    -0.08674     1.25708     0.05891   (  1)
         C(    5)    -3.19305     1.25716    -0.05888   (  1)
         C(    6)    -0.08688    -1.27721     0.05895   (  1)
         H(    7)    -4.20976    -1.20956     0.33507   (  5)
         H(    8)    -3.24909    -1.39374    -1.14334   (  5)
         H(    9)    -2.74774    -2.17506     0.36997   (  5)
         H(   10)    -2.25834    -0.00996     1.40458   (  5)
         H(   11)    -1.02169    -0.01008    -1.40450   (  5)
         H(   12)     0.92972     1.18955    -0.33510   (  5)
         H(   13)    -0.53230     2.15507    -0.37004   (  5)
         H(   14)    -0.03093     1.37379     1.14334   (  5)
         H(   15)    -2.74749     2.15518     0.37005   (  5)
         H(   16)    -3.24891     1.37394    -1.14330   (  5)
         H(   17)    -4.20964     1.18988     0.33509   (  5)
         H(   18)     0.92964    -1.20981    -0.33499   (  5)
         H(   19)    -0.03114    -1.39394     1.14341   (  5)
         H(   20)    -0.53249    -2.17521    -0.37002   (  5)

        %=%=%=%=%=%=%=%=%=%=%=%=%=%=%=%=%=%=%=%=%=%=%=%=%=%=%=

        MM4(08)-v010108: (Const:V010108-00)

        The Parameters Used in This Calculation Can be Found
        in the Publication(s) Listed in the PART 3

        %=%=%=%=%=%=%=%=%=%=%=%=%=%=%=%=%=%=%=%=%=%=%=%=%=%=%=


          DIELECTRIC CONSTANT =  1.500


      INITIAL STERIC ENERGY IS              9.7779 KCAL/MOL.

                  COMPRESSION               4.0173
                  STRETCH-STRETCH           0.0000
                  BENDING                   0.9232
                  BEND-BEND                 0.0180
                  STRETCH-BEND              0.1930
                  VANDERWAALS
                    1,4 ENERGY              3.0471
                    OTHER                   0.6514
                  H-BONDING                 0.0000
                  PI-COMPLX                 0.0000
                  TORSIONAL                 0.9267
                  TORSION-STRETCH          -0.0321
                  TORSION-BEND              0.0000
                  BEND-TORSION-BEND         0.0332
                  TORSION-IMPT              0.0000
                  IMPT-TORSION-IMPT         0.0000
                  TORSION-TORSION           0.0000
                  DIPOLE-DIPOLE             0.0000
                  CHARGE-DIPOLE             0.0000
                  IND_DIP CORR.             0.0000
                  CHARGE-CHARGE             0.0000


      MOMENT OF INERTIA ( R(g) ) WITH THE PRINCIPAL AXES

          (1)  UNIT = 10**(-39) GM*CM**2
               IX=   20.3044    IY=   30.5429    IZ=   46.5990

          (2)  UNIT = AU A**2
               IX=  122.2932    IY=  183.9601    IZ=  280.6658


      MOLECULAR POLARIZABILITIES (A**3)

        ALPHA(1)   =      12.79
        ALPHA(2)   =      13.48
        ALPHA(3)   =      10.87
        AVG. ALPHA =      12.38


      DIPOLE MOMENT =          0.0000 D

        SIGMA-DIPOLE MOMENT =  0.0000 (X =  0.0000    Y =  0.0000    Z =  0.0000)


      DIPOLE MOMENT =          0.0000 D (INCLUDES INDUCED BOND MOMENTS)

        SIGMA-DIPOLE MOMENT =  0.0000 (X =  0.0000    Y =  0.0000    Z =  0.0000)


      OTHER MOLECULAR PROPERTIES:

        Molar Polarizability:    31.2207 cm**3/mole
        Molar Refraction:        31.2207 cm**3/mole
        Radius of Gyration:       2.6124 A
        Molecular VDW Surface:  196.4700 A**2
        Molecular VDW Volume:   185.4472 A**3
        Dispersion Energy:      -11.3017 Kcal/mole
        Density (gas):          0.003517 g/cm**3 (@  298.2 K, 1 atm)
        Density (cdn):            0.6698 g/cm**3 (@STP Estd.)
        Ref. Index (gas):       1.001916 (@  298.2 K, 1 atm)
        Ref. Index (cdn):         1.4014 (@STP Estd.)
        Diel. Constant (gas):     1.0038 (@  298.2 K, 1 atm)
        Diel. Constant (cdn):     1.9639 (@STP Estd.)



      CPU TIME FOR INITIAL CALCULATION IS     0.03 SECONDS.
 


     2,3-dimethylbutane-anti                                     


     CONFORMATIONAL ENERGY, PART 2: GEOMETRY MINIMIZATION

               GEOMETRY OPTIMIZATION IS CONTINUED UNTIL ATOM
               MOVEMENT CONVERGES WITHIN FOLLOWING VALUES:

                         AVERAGE MOVEMENT  0.00013 A
                         MAXIMUM MOVEMENT  0.00134 A



     <<<<<<<<<<<<<<<<<<<<<<<<<<  C Y C L E   1 >>>>>>>>>>>>>>>>>>>>>>>>>>

                              (CH)-MOVEMENT = 1

     ITER    1  AVG. MOVE = 0.01389 A  (MAX MOVE: ATOM     5   0.06787 A)
     ITER    2  AVG. MOVE = 0.00351 A  (MAX MOVE: ATOM     5   0.02133 A)
     ITER    3  AVG. MOVE = 0.00147 A  (MAX MOVE: ATOM     1   0.01488 A)
     ITER    4  AVG. MOVE = 0.00082 A  (MAX MOVE: ATOM    19   0.00444 A)
     ITER    5  AVG. MOVE = 0.00063 A  (MAX MOVE: ATOM    19   0.00344 A)
     ITER    6  AVG. MOVE = 0.00052 A  (MAX MOVE: ATOM    19   0.00281 A)
     ITER    7  AVG. MOVE = 0.00045 A  (MAX MOVE: ATOM    19   0.00237 A)
     ITER    8  AVG. MOVE = 0.00038 A  (MAX MOVE: ATOM    18   0.00207 A)
     ITER    9  AVG. MOVE = 0.00033 A  (MAX MOVE: ATOM    18   0.00182 A)
     ITER   10  AVG. MOVE = 0.00028 A  (MAX MOVE: ATOM    18   0.00159 A)
     ITER   11  AVG. MOVE = 0.00025 A  (MAX MOVE: ATOM    18   0.00139 A)
     ITER   12  AVG. MOVE = 0.00021 A  (MAX MOVE: ATOM    18   0.00121 A)
     ITER   13  AVG. MOVE = 0.00018 A  (MAX MOVE: ATOM    19   0.00107 A)
     ITER   14  AVG. MOVE = 0.00016 A  (MAX MOVE: ATOM    19   0.00095 A)
     ITER   15  AVG. MOVE = 0.00014 A  (MAX MOVE: ATOM    19   0.00084 A)
     ITER   16  AVG. MOVE = 0.00012 A  (MAX MOVE: ATOM    19   0.00075 A)


     <<<<<<<<<<<<<<<<<<<<<<<<<<  C Y C L E   2 >>>>>>>>>>>>>>>>>>>>>>>>>>

                              (CH)-MOVEMENT = 0

     ITER   17  AVG. MOVE = 0.00008 A  (MAX MOVE: ATOM    19   0.00065 A)


              * * * * * * * * * GEOMETRY IS OPTIMIZED * * * * * * * * *

               WITHIN : AVERAGE MOVEMENT  0.00008 A (LIMIT  0.00013 A)
                        MAXIMUM MOVEMENT  0.00065 A (LIMIT  0.00134 A)

               GRADIENT
                 RMS GRADIENT                  0.010397 KCAL/MOL/A

                 MAX GRADIENT
                   X-DIRECTION : ATOM #   19   0.018008 KCAL/MOL/A
                   Y-DIRECTION : ATOM #   19   0.009914 KCAL/MOL/A
                   Z-DIRECTION : ATOM #    1   0.032071 KCAL/MOL/A

        DELTA TIME =    0.00 SEC.       TOTAL CPU TIME =      0.04 SEC.


                            =====================
                            FULL-MATRIX OPTIMIZER
                            =====================


     iter.  rms force   max force   avg. move    max move  atom  convg  d-time

        0    0.014384    0.058741   0.00112 A   0.00766 A   20    [N]     0.0s
        1    0.002724    0.009947   0.00001 A   0.00007 A   20    [N]     0.0s
        2    0.000037    0.000139                                 [Y]     0.0s


      TOTAL ENERGY IS      6.2046 KCAL/MOL.

        COMPRESS    0.3795      VDW 1,4    3.2292      DIPL-DIPL    0.0000
        STR-STR     0.0000        OTHER    1.3125      CHRG-DIPL    0.0000
        BENDING     0.5337      TORSION    0.7458      CHRG-CHRG    0.0000
        BEND-BEND  -0.0219      TOR-STR   -0.0076      EPR          0.0000
        STR-BEND    0.0535      TOR-BEND   0.0000      TOR-BENBEN  -0.0201
        TOR-IMPT    0.0000      TOR-IPIP   0.0000      TORS-TORS    0.0000
        IND-DIP     0.0000      H-BOND     0.0000      PI-COMPLX    0.0000
0     DELTA(T) =     0.0 SEC.          ELAPSED TIME =     0.1 SEC.


    * * * ENERGY IS STATIONARY WITHIN RMS OF FORCES   0.00010  Kcal/mol/A * * *

                 * * * *  RMS FORCE IS   0.00004 Kcal/mol/A * * * *

 
     2,3-dimethylbutane-anti                                     


     %=%=%=%=%=%=%=%=%=%=%=%=%=%=%=%=%=%=%=%=%=%=%=%=%=%=%=%=%=%=%=%=%=%=%=

     The Parameters Used in This Calculation Can be Found in the Following
     Publication(s):

     The MM4 Program is Developed by Dr. N. L. Allinger and co-workers at  
     the University of Georgia, Athens, Georgia 30602-2556 USA.            
     (c) Copyright 2003 by N. L. Allinger. All rights reserved.            
                                                                           
     MM4 General Description and Alkanes:                                  
      Allinger,N.L.; Chen,K.; Lii,J.-H. J. Comput. Chem. 1996, 17, 642.    

     %=%=%=%=%=%=%=%=%=%=%=%=%=%=%=%=%=%=%=%=%=%=%=%=%=%=%=%=%=%=%=%=%=%=%=

               CHEMICAL FORMULA :  C(    6)  H(   14) 
               FORMULA WEIGHT   :     86.112
                                                               DATE : 27-MAY-23

           * M M 4 * * * * * * * * * * * 2 0 0 8 *
           *                                     *   PARAMETER RELIABILITY
           *                                     *
           *                                     *   BLANK = GOOD
           *                                     *       B = FAIR
           *                                     *       C = TRIAL
           *                                     *       R = READ IN
           *                                     *       S = SUBSTITUTED
           *                                     *       U = PARAMETER NOT EXIST
           *                                     *
           *                                     *   THIS IS SHOWN AT THE END 
           *                                     *   OF THE LINE.
           * * * * * * * * * * * * * * * * * * * * 


      CONFORMATIONAL ENERGY, PART 3:  GEOMETRY AND STERIC ENERGY
                                      OF FINAL CONFORMATION.

      CONNECTED ATOMS
          1-    2-    3-    4-
          2-    5-
          3-    6-

      ATTACHED ATOMS
          1-    7,    1-    8,    1-    9,    2-   10,    3-   11,    4-   12,
          4-   13,    4-   14,    5-   15,    5-   16,    5-   17,    6-   18,
          6-   19,    6-   20,

      FINAL ATOMIC COORDINATE
           ATOM          X           Y           Z      TYPE
         C(    1)     1.51136     1.25280    -0.06334   (  1)
         C(    2)     0.70327     0.00000     0.32397   (  1)
         C(    3)    -0.70327     0.00000    -0.32397   (  1)
         C(    4)    -1.51136    -1.25280     0.06334   (  1)
         C(    5)     1.51136    -1.25281    -0.06334   (  1)
         C(    6)    -1.51136     1.25281     0.06334   (  1)
         H(    7)     2.54306     1.21002     0.35126   (  5)
         H(    8)     1.60390     1.35909    -1.16680   (  5)
         H(    9)     1.05354     2.18695     0.32764   (  5)
         H(   10)     0.58075     0.00000     1.43344   (  5)
         H(   11)    -0.58075     0.00000    -1.43344   (  5)
         H(   12)    -2.54306    -1.21002    -0.35126   (  5)
         H(   13)    -1.05354    -2.18696    -0.32764   (  5)
         H(   14)    -1.60390    -1.35909     1.16680   (  5)
         H(   15)     1.05354    -2.18696     0.32764   (  5)
         H(   16)     1.60389    -1.35910    -1.16680   (  5)
         H(   17)     2.54306    -1.21002     0.35126   (  5)
         H(   18)    -2.54306     1.21002    -0.35126   (  5)
         H(   19)    -1.60389     1.35910     1.16680   (  5)
         H(   20)    -1.05354     2.18696    -0.32764   (  5)


          DIELECTRIC CONSTANT =  1.500


      BOND LENGTHS AND STRETCHING ENERGY   (   19 BONDS)

        ENERGY = 71.94(KS)(DR)(DR)(1-(CS)(DR)+(7/12)((CS)(DR))**2)-
                       (1/4)((CS)(DR))**3)+(31/360)((CS)(DR))**4))
                         DR =  R-RO
                         CS =  3.000 FOR X-Y BONDS
                            =  2.200 FOR X-H BONDS
                                                            R(0)-CORR        CORR
             BOND          R(g)    R(0)    K(S)  ENERGY   E-NEG  MISCEL       KS
      C(    1)- C(    2)  1.5403  1.5270  4.550  0.0557                            
      C(    1)- H(    7)  1.1127  1.1120  4.740  0.0002                            
      C(    1)- H(    8)  1.1124  1.1120  4.740  0.0001                            
      C(    1)- H(    9)  1.1113  1.1120  4.740  0.0001                            
      C(    2)- C(    3)  1.5486  1.5270  4.550  0.1432                            
      C(    2)- C(    5)  1.5403  1.5270  4.550  0.0557                            
      C(    2)- H(   10)  1.1162  1.1120  4.740  0.0060                            
      C(    3)- C(    4)  1.5403  1.5270  4.550  0.0557                            
      C(    3)- C(    6)  1.5403  1.5270  4.550  0.0557                            
      C(    3)- H(   11)  1.1162  1.1120  4.740  0.0060                            
      C(    4)- H(   12)  1.1127  1.1120  4.740  0.0002                            
      C(    4)- H(   13)  1.1113  1.1120  4.740  0.0001                            
      C(    4)- H(   14)  1.1124  1.1120  4.740  0.0001                            
      C(    5)- H(   15)  1.1113  1.1120  4.740  0.0001                            
      C(    5)- H(   16)  1.1124  1.1120  4.740  0.0001                            
      C(    5)- H(   17)  1.1127  1.1120  4.740  0.0002                            
      C(    6)- H(   18)  1.1127  1.1120  4.740  0.0002                            
      C(    6)- H(   19)  1.1124  1.1120  4.740  0.0001                            
      C(    6)- H(   20)  1.1113  1.1120  4.740  0.0001                            


      NON-BONDED DISTANCES, VDW AND EPR ENERGY   (   135 PAIRS)

              E(VDW) = KV*(1.84(10**5)EXP(-12.00/P) - 2.25(P**6))
              E(EPR) = C*KV*(1.84(10**5)EXP(-12.00/Q) - 2.25(Q**6))
              E(HBD) = EP1-EP2*F(THET1,THET2)*RTH/RTH0
                            EP1 = KHB*2.76(10**5)*EXP(-12.0/P)
                            EP2 = KHB*2.25(P**6)
                              F = FAC*(1+COS(THET1)^N*(1+COS(THET2))^N

            IF P > 3.020, THEN,
              E(VDW) = KV(192.270)(P**2)
              E(HBD) = EP1-EP2*F(THET1,THET2)*RTH/RTH0
                            EP1 = KHB*569.14*P**2
                            EP2 = KHB*187.16*P**2

                       RV = RVDW(I) + RVDW(K)
                       KV = SQRT(EPS(I)*EPS(K))
                      KHB = HYDROGEN BOND ENERGY PARAMETER
                        P = (RV/R) OR (RV/R#)
                        C = SCALE FACTOR
                        Q = RV/R, WHERE R IS MODIFIED DISTANCE
                        N = 1 WHEN Y IS NITROGEN, AND 2 FOR OTHERS
                      FAC = 1/4 WHEN N=1, AND 1/16 WHEN N=2
                    THET1 = ANGLE H-X-Y IN HYDROGEN BOND X-H...Y
                    THET2 = ANGLE X-Y-LP IN HYDROGEN BOND X...Y-LP
                      RTH = BOND LENGTH X-H IN X-H...Y
                     RTH0 = NATURAL BOND LENGTH X-H

          # IN THE VDW CALCULATIONS THE HYDROGEN ATOMS ARE RELOCATED
          SO THAT THE ATTACHED HYDROGEN DISTANCE IS REDUCED BY 0.940

          # IN THE VDW CALCULATIONS THE DEUTERIUM ATOMS ARE RELOCATED
          SO THAT THE ATTACHED DEUTERIUM DISTANCE IS REDUCED BY  0.940

           ATOM PAIR          R       R#       RV      KV       ENERGY
      C(    1), C(    3)   2.5577
      C(    1), C(    4)   3.9282            3.920   0.0370    -0.0414  1,4    
      C(    1), C(    5)   2.5056
      C(    1), C(    6)   3.0254            3.920   0.0370     0.2530  1,4    
      C(    1), H(   10)   2.1624
      C(    1), H(   11)   2.7971   2.7706   3.440   0.0240     0.0824  1,4    
      C(    1), H(   12)   4.7526   4.6997   3.440   0.0240    -0.0080         
      C(    1), H(   13)   4.2989   4.2694   3.440   0.0240    -0.0133         
      C(    1), H(   14)   4.2474   4.2206   3.440   0.0240    -0.0140         
      C(    1), H(   15)   3.4920   3.4307   3.440   0.0240    -0.0269  1,4    
      C(    1), H(   16)   2.8369   2.8057   3.440   0.0240     0.0645  1,4    
      C(    1), H(   17)   2.7022   2.6778   3.440   0.0240     0.1448  1,4    
      C(    1), H(   18)   4.0649   4.0014   3.440   0.0240    -0.0180         
      C(    1), H(   19)   3.3510   3.3219   3.440   0.0240    -0.0256         
      C(    1), H(   20)   2.7425   2.7476   3.440   0.0240     0.0957         
      C(    2), C(    4)   2.5577
      C(    2), C(    6)   2.5577
      C(    2), H(    7)   2.2022
      C(    2), H(    8)   2.2092
      C(    2), H(    9)   2.2148
      C(    2), H(   11)   2.1765
      C(    2), H(   12)   3.5297   3.4690   3.440   0.0240    -0.0268  1,4    
      C(    2), H(   13)   2.8799   2.8494   3.440   0.0240     0.0457  1,4    
      C(    2), H(   14)   2.8072   2.7804   3.440   0.0240     0.0772  1,4    
      C(    2), H(   15)   2.2148
      C(    2), H(   16)   2.2092
      C(    2), H(   17)   2.2022
      C(    2), H(   18)   3.5297   3.4690   3.440   0.0240    -0.0268  1,4    
      C(    2), H(   19)   2.8072   2.7804   3.440   0.0240     0.0772  1,4    
      C(    2), H(   20)   2.8799   2.8494   3.440   0.0240     0.0457  1,4    
      C(    3), C(    5)   2.5577
      C(    3), H(    7)   3.5297   3.4690   3.440   0.0240    -0.0268  1,4    
      C(    3), H(    8)   2.8072   2.7804   3.440   0.0240     0.0772  1,4    
      C(    3), H(    9)   2.8799   2.8494   3.440   0.0240     0.0457  1,4    
      C(    3), H(   10)   2.1765
      C(    3), H(   12)   2.2022
      C(    3), H(   13)   2.2148
      C(    3), H(   14)   2.2092
      C(    3), H(   15)   2.8799   2.8494   3.440   0.0240     0.0457  1,4    
      C(    3), H(   16)   2.8072   2.7804   3.440   0.0240     0.0772  1,4    
      C(    3), H(   17)   3.5297   3.4690   3.440   0.0240    -0.0268  1,4    
      C(    3), H(   18)   2.2022
      C(    3), H(   19)   2.2092
      C(    3), H(   20)   2.2148
      C(    4), C(    5)   3.0254            3.920   0.0370     0.2530  1,4    
      C(    4), C(    6)   2.5056
      C(    4), H(    7)   4.7526   4.6997   3.440   0.0240    -0.0080         
      C(    4), H(    8)   4.2474   4.2206   3.440   0.0240    -0.0140         
      C(    4), H(    9)   4.2989   4.2694   3.440   0.0240    -0.0133         
      C(    4), H(   10)   2.7971   2.7706   3.440   0.0240     0.0824  1,4    
      C(    4), H(   11)   2.1624
      C(    4), H(   15)   2.7425   2.7476   3.440   0.0240     0.0957         
      C(    4), H(   16)   3.3510   3.3219   3.440   0.0240    -0.0256         
      C(    4), H(   17)   4.0649   4.0014   3.440   0.0240    -0.0180         
      C(    4), H(   18)   2.7022   2.6778   3.440   0.0240     0.1448  1,4    
      C(    4), H(   19)   2.8369   2.8057   3.440   0.0240     0.0645  1,4    
      C(    4), H(   20)   3.4920   3.4307   3.440   0.0240    -0.0269  1,4    
      C(    5), C(    6)   3.9282            3.920   0.0370    -0.0414  1,4    
      C(    5), H(    7)   2.7022   2.6778   3.440   0.0240     0.1448  1,4    
      C(    5), H(    8)   2.8369   2.8057   3.440   0.0240     0.0645  1,4    
      C(    5), H(    9)   3.4920   3.4307   3.440   0.0240    -0.0269  1,4    
      C(    5), H(   10)   2.1624
      C(    5), H(   11)   2.7971   2.7706   3.440   0.0240     0.0824  1,4    
      C(    5), H(   12)   4.0649   4.0014   3.440   0.0240    -0.0180         
      C(    5), H(   13)   2.7425   2.7476   3.440   0.0240     0.0957         
      C(    5), H(   14)   3.3510   3.3219   3.440   0.0240    -0.0256         
      C(    5), H(   18)   4.7526   4.6997   3.440   0.0240    -0.0080         
      C(    5), H(   19)   4.2474   4.2206   3.440   0.0240    -0.0140         
      C(    5), H(   20)   4.2989   4.2694   3.440   0.0240    -0.0133         
      C(    6), H(    7)   4.0649   4.0014   3.440   0.0240    -0.0180         
      C(    6), H(    8)   3.3510   3.3219   3.440   0.0240    -0.0256         
      C(    6), H(    9)   2.7425   2.7476   3.440   0.0240     0.0957         
      C(    6), H(   10)   2.7971   2.7706   3.440   0.0240     0.0824  1,4    
      C(    6), H(   11)   2.1624
      C(    6), H(   12)   2.7022   2.6778   3.440   0.0240     0.1448  1,4    
      C(    6), H(   13)   3.4920   3.4307   3.440   0.0240    -0.0269  1,4    
      C(    6), H(   14)   2.8369   2.8057   3.440   0.0240     0.0645  1,4    
      C(    6), H(   15)   4.2989   4.2694   3.440   0.0240    -0.0133         
      C(    6), H(   16)   4.2474   4.2206   3.440   0.0240    -0.0140         
      C(    6), H(   17)   4.7526   4.6997   3.440   0.0240    -0.0080         
      H(    7), H(    8)   1.7913
      H(    7), H(    9)   1.7815
      H(    7), H(   10)   2.5467   2.4772   3.280   0.0170     0.1563  1,4    
      H(    7), H(   11)   3.7957   3.7092   3.280   0.0170    -0.0143         
      H(    7), H(   12)   5.6762   5.5617   3.280   0.0170    -0.0016         
      H(    7), H(   13)   4.9936   4.9260   3.280   0.0170    -0.0033         
      H(    7), H(   14)   4.9460   4.8808   3.280   0.0170    -0.0035         
      H(    7), H(   15)   3.7093   3.6249   3.280   0.0170    -0.0156         
      H(    7), H(   16)   3.1284   3.0654   3.280   0.0170    -0.0153         
      H(    7), H(   17)   2.4200   2.4252   3.280   0.0170     0.2044         
      H(    7), H(   18)   5.1344   5.0051   3.280   0.0170    -0.0030         
      H(    7), H(   19)   4.2290   4.1547   3.280   0.0170    -0.0085         
      H(    7), H(   20)   3.7883   3.7323   3.280   0.0170    -0.0139         
      H(    8), H(    9)   1.7949
      H(    8), H(   10)   3.1073   2.9898   3.280   0.0170    -0.0111  1,4    
      H(    8), H(   11)   2.5867   2.5848   3.280   0.0170     0.0848         
      H(    8), H(   12)   4.9460   4.8808   3.280   0.0170    -0.0035         
      H(    8), H(   13)   4.5101   4.4664   3.280   0.0170    -0.0057         
      H(    8), H(   14)   4.8088   4.7311   3.280   0.0170    -0.0042         
      H(    8), H(   15)   3.8872   3.7917   3.280   0.0170    -0.0131         
      H(    8), H(   16)   2.7182   2.7054   3.280   0.0170     0.0358         
      H(    8), H(   17)   3.1284   3.0654   3.280   0.0170    -0.0153         
      H(    8), H(   18)   4.2290   4.1547   3.280   0.0170    -0.0085         
      H(    8), H(   19)   3.9668   3.8812   3.280   0.0170    -0.0118         
      H(    8), H(   20)   2.9072   2.9015   3.280   0.0170    -0.0031         
      H(    9), H(   10)   2.4958   2.4317   3.280   0.0170     0.1978  1,4    
      H(    9), H(   11)   3.2489   3.1811   3.280   0.0170    -0.0184         
      H(    9), H(   12)   4.9936   4.9260   3.280   0.0170    -0.0033         
      H(    9), H(   13)   4.8990   4.8174   3.280   0.0170    -0.0037         
      H(    9), H(   14)   4.5101   4.4664   3.280   0.0170    -0.0057         
      H(    9), H(   15)   4.3739   4.2618   3.280   0.0170    -0.0074         
      H(    9), H(   16)   3.8872   3.7917   3.280   0.0170    -0.0131         
      H(    9), H(   17)   3.7093   3.6249   3.280   0.0170    -0.0156         
      H(    9), H(   18)   3.7883   3.7323   3.280   0.0170    -0.0139         
      H(    9), H(   19)   2.9072   2.9015   3.280   0.0170    -0.0031         
      H(    9), H(   20)   2.2066   2.2460   3.280   0.0170     0.4736         
      H(   10), H(   11)   3.0932   2.9760   3.280   0.0170    -0.0101  1,4    
      H(   10), H(   12)   3.7957   3.7092   3.280   0.0170    -0.0143         
      H(   10), H(   13)   3.2489   3.1811   3.280   0.0170    -0.0184         
      H(   10), H(   14)   2.5867   2.5848   3.280   0.0170     0.0848         
      H(   10), H(   15)   2.4958   2.4317   3.280   0.0170     0.1978  1,4    
      H(   10), H(   16)   3.1073   2.9898   3.280   0.0170    -0.0111  1,4    
      H(   10), H(   17)   2.5467   2.4772   3.280   0.0170     0.1563  1,4    
      H(   10), H(   18)   3.7957   3.7092   3.280   0.0170    -0.0143         
      H(   10), H(   19)   2.5867   2.5848   3.280   0.0170     0.0848         
      H(   10), H(   20)   3.2489   3.1811   3.280   0.0170    -0.0184         
      H(   11), H(   12)   2.5467   2.4772   3.280   0.0170     0.1563  1,4    
      H(   11), H(   13)   2.4958   2.4317   3.280   0.0170     0.1978  1,4    
      H(   11), H(   14)   3.1073   2.9898   3.280   0.0170    -0.0111  1,4    
      H(   11), H(   15)   3.2489   3.1811   3.280   0.0170    -0.0184         
      H(   11), H(   16)   2.5867   2.5848   3.280   0.0170     0.0848         
      H(   11), H(   17)   3.7957   3.7092   3.280   0.0170    -0.0143         
      H(   11), H(   18)   2.5467   2.4772   3.280   0.0170     0.1563  1,4    
      H(   11), H(   19)   3.1073   2.9898   3.280   0.0170    -0.0111  1,4    
      H(   11), H(   20)   2.4958   2.4317   3.280   0.0170     0.1978  1,4    
      H(   12), H(   13)   1.7815
      H(   12), H(   14)   1.7913
      H(   12), H(   15)   3.7883   3.7323   3.280   0.0170    -0.0139         
      H(   12), H(   16)   4.2290   4.1547   3.280   0.0170    -0.0085         
      H(   12), H(   17)   5.1344   5.0051   3.280   0.0170    -0.0030         
      H(   12), H(   18)   2.4200   2.4252   3.280   0.0170     0.2044         
      H(   12), H(   19)   3.1284   3.0654   3.280   0.0170    -0.0153         
      H(   12), H(   20)   3.7093   3.6249   3.280   0.0170    -0.0156         
      H(   13), H(   14)   1.7949
      H(   13), H(   15)   2.2066   2.2460   3.280   0.0170     0.4736         
      H(   13), H(   16)   2.9072   2.9015   3.280   0.0170    -0.0031         
      H(   13), H(   17)   3.7883   3.7323   3.280   0.0170    -0.0139         
      H(   13), H(   18)   3.7093   3.6249   3.280   0.0170    -0.0156         
      H(   13), H(   19)   3.8872   3.7917   3.280   0.0170    -0.0131         
      H(   13), H(   20)   4.3739   4.2618   3.280   0.0170    -0.0074         
      H(   14), H(   15)   2.9072   2.9015   3.280   0.0170    -0.0031         
      H(   14), H(   16)   3.9668   3.8812   3.280   0.0170    -0.0118         
      H(   14), H(   17)   4.2290   4.1547   3.280   0.0170    -0.0085         
      H(   14), H(   18)   3.1284   3.0654   3.280   0.0170    -0.0153         
      H(   14), H(   19)   2.7182   2.7054   3.280   0.0170     0.0358         
      H(   14), H(   20)   3.8872   3.7917   3.280   0.0170    -0.0131         
      H(   15), H(   16)   1.7949
      H(   15), H(   17)   1.7815
      H(   15), H(   18)   4.9936   4.9260   3.280   0.0170    -0.0033         
      H(   15), H(   19)   4.5101   4.4664   3.280   0.0170    -0.0057         
      H(   15), H(   20)   4.8990   4.8174   3.280   0.0170    -0.0037         
      H(   16), H(   17)   1.7913
      H(   16), H(   18)   4.9460   4.8808   3.280   0.0170    -0.0035         
      H(   16), H(   19)   4.8088   4.7311   3.280   0.0170    -0.0042         
      H(   16), H(   20)   4.5101   4.4664   3.280   0.0170    -0.0057         
      H(   17), H(   18)   5.6762   5.5617   3.280   0.0170    -0.0016         
      H(   17), H(   19)   4.9460   4.8808   3.280   0.0170    -0.0035         
      H(   17), H(   20)   4.9936   4.9260   3.280   0.0170    -0.0033         
      H(   18), H(   19)   1.7913
      H(   18), H(   20)   1.7815
      H(   19), H(   20)   1.7949


      BOND ANGLES, BENDING AND STRETCH-BEND ENERGIES   (   36 ANGLES)

          EB = 0.02191418(KB)(DT)(DT)(1+CF*DT+QF*DT**2+PF*DT**3+SF*DT**4)
                          DT = THETA-TZERO
                          CF = -1800.000E-5
                          QF =     7.200E-5
                          PF =     0.135E-5
                          SF =     0.004E-6
          ESS =  143.88(KSTST)(DR1)(DR2)
          ESB =  2.51118(KSB)(DT)(DR1+DR2)
          EBB = -0.02191418(KBB)(DT1)(DT2)
                          DR1 = R1 - R1(0)
                          DR2 = R2 - R2(0)

               A T O M S             THETA    TZERO     KB     EB    KSB   ESB   KSS   ESS
      C(    2)- C(    1)- H(    7)  111.190  110.800  0.600  0.0020 0.10 0.0014              
      C(    2)- C(    1)- H(    8)  111.764  110.800  0.600  0.0120 0.10 0.0033              
      C(    2)- C(    1)- H(    9)  112.277  110.800  0.600  0.0279 0.10 0.0047              
      H(    7)- C(    1)- H(    8)  107.226  107.800  0.540  0.0039                          
      H(    7)- C(    1)- H(    9)  106.451  107.800  0.540  0.0221                          
      H(    8)- C(    1)- H(    9)  107.633  107.800  0.540  0.0003                          
      C(    1)- C(    2)- C(    3)  111.796  110.400  0.740  0.0308 0.14 0.0171              
      C(    1)- C(    2)- C(    5)  108.849  110.400  0.740  0.0401 0.14-0.0145              
      C(    1)- C(    2)- H(   10)  107.910  108.900  0.590  0.0129 0.10-0.0044              
      C(    3)- C(    2)- C(    5)  111.796  110.400  0.740  0.0308 0.14 0.0171              
      C(    3)- C(    2)- H(   10)  108.432  108.900  0.590  0.0029 0.10-0.0030              
      C(    5)- C(    2)- H(   10)  107.910  108.900  0.590  0.0129 0.10-0.0044              
      C(    2)- C(    3)- C(    4)  111.796  110.400  0.740  0.0308 0.14 0.0171              
      C(    2)- C(    3)- C(    6)  111.795  110.400  0.740  0.0308 0.14 0.0171              
      C(    2)- C(    3)- H(   11)  108.432  108.900  0.590  0.0029 0.10-0.0030              
      C(    4)- C(    3)- C(    6)  108.849  110.400  0.740  0.0401 0.14-0.0145              
      C(    4)- C(    3)- H(   11)  107.910  108.900  0.590  0.0129 0.10-0.0044              
      C(    6)- C(    3)- H(   11)  107.910  108.900  0.590  0.0129 0.10-0.0044              
      C(    3)- C(    4)- H(   12)  111.190  110.800  0.600  0.0020 0.10 0.0014              
      C(    3)- C(    4)- H(   13)  112.277  110.800  0.600  0.0279 0.10 0.0047              
      C(    3)- C(    4)- H(   14)  111.764  110.800  0.600  0.0120 0.10 0.0033              
      H(   12)- C(    4)- H(   13)  106.451  107.800  0.540  0.0221                          
      H(   12)- C(    4)- H(   14)  107.226  107.800  0.540  0.0039                          
      H(   13)- C(    4)- H(   14)  107.633  107.800  0.540  0.0003                          
      C(    2)- C(    5)- H(   15)  112.277  110.800  0.600  0.0279 0.10 0.0047              
      C(    2)- C(    5)- H(   16)  111.764  110.800  0.600  0.0120 0.10 0.0033              
      C(    2)- C(    5)- H(   17)  111.190  110.800  0.600  0.0020 0.10 0.0014              
      H(   15)- C(    5)- H(   16)  107.633  107.800  0.540  0.0003                          
      H(   15)- C(    5)- H(   17)  106.451  107.800  0.540  0.0221                          
      H(   16)- C(    5)- H(   17)  107.226  107.800  0.540  0.0039                          
      C(    3)- C(    6)- H(   18)  111.190  110.800  0.600  0.0020 0.10 0.0014              
      C(    3)- C(    6)- H(   19)  111.764  110.800  0.600  0.0120 0.10 0.0033              
      C(    3)- C(    6)- H(   20)  112.277  110.800  0.600  0.0279 0.10 0.0047              
      H(   18)- C(    6)- H(   19)  107.226  107.800  0.540  0.0039                          
      H(   18)- C(    6)- H(   20)  106.451  107.800  0.540  0.0221                          
      H(   19)- C(    6)- H(   20)  107.633  107.800  0.540  0.0003                          


     DIHEDRAL ANGLES, TORSIONAL ENERGY (ET)   (    45 ANGLES)

           ET = (V1/2)(1+COS(W))+(V2/2)(1-COS(2W))+(V3/2)(1+COS(3W))+
                                 (V4/2)(1-COS(4W))+(V6/2)(1+COS(6W))
         EBTB =  0.043828*(KBTB)(DTH1)(COS(W))(DTH2)
         ETS1 = -0.5*(RC-RC0)[KTSC1*(1+COS(W))+KTSC2*(1-COS(2W))+KTSC3*(1+COS(3W))]
         ETS2 = -0.5*(RT-RT0)[KTST1*(1+COS(W))+KTST2*(1-COS(2W))+KTST3*(1+COS(3W))]
          ETB =  2.51124*(DTH)[KTB1(1+COS(W))+KTB2*(1-COS(2W))+KTB3*(1+COS(3W))]
                      RC   = CENTRAL BOND LENGTH
                      RT   = TERMINAL BOND LENGTH
                      DTH1 = THETA1 - TZERO1
                      DTH2 = THETA2 - TZERO2

           SIGN OF ANGLE A-B-C-D : WHEN LOOKING THROUGH B TOWARD C,
           IF D IS COUNTERCLOCKWISE FROM A, NEGATIVE.

                A T O M S                OMEGA    V1     V2     V3     V4     V6     E    KBTB   EBTB
    C(    1) C(    2) C(    3) C(    4) -180.0  0.239  0.024  0.637  0.000  0.000  0.000               
       TYPE-1-TS                         0.000  0.000  0.660                       0.000
    C(    1) C(    2) C(    3) C(    6)  -57.7  0.239  0.024  0.637  0.000  0.000  0.203               
       TYPE-1-TS                         0.000  0.000  0.660                       0.000
    C(    1) C(    2) C(    3) H(   11)   61.2  0.000  0.000  0.290  0.000  0.000  0.000 -0.060  0.001 
       TYPE-1-TS                         0.000  0.000  0.660                       0.000
    C(    1) C(    2) C(    5) H(   15)  171.3  0.000  0.000  0.290  0.000  0.000  0.015 -0.060 -0.006 
       TYPE-1-TS                         0.000  0.000  0.660                       0.000
    C(    1) C(    2) C(    5) H(   16)  -67.6  0.000  0.000  0.290  0.000  0.000  0.011 -0.060  0.001 
       TYPE-1-TS                         0.000  0.000  0.660                       0.000
    C(    1) C(    2) C(    5) H(   17)   52.2  0.000  0.000  0.290  0.000  0.000  0.012 -0.060  0.001 
       TYPE-1-TS                         0.000  0.000  0.660                       0.000
    C(    2) C(    3) C(    4) H(   12)  176.2  0.000  0.000  0.290  0.000  0.000  0.003 -0.060  0.001 
       TYPE-1-TS                         0.000  0.000  0.660                       0.000
    C(    2) C(    3) C(    4) H(   13)  -64.7  0.000  0.000  0.290  0.000  0.000  0.004 -0.060 -0.002 
       TYPE-1-TS                         0.000  0.000  0.660                       0.000
    C(    2) C(    3) C(    4) H(   14)   56.4  0.000  0.000  0.290  0.000  0.000  0.003 -0.060 -0.002 
       TYPE-1-TS                         0.000  0.000  0.660                       0.000
    C(    2) C(    3) C(    6) H(   18) -176.2  0.000  0.000  0.290  0.000  0.000  0.003 -0.060  0.001 
       TYPE-1-TS                         0.000  0.000  0.660                       0.000
    C(    2) C(    3) C(    6) H(   19)  -56.4  0.000  0.000  0.290  0.000  0.000  0.003 -0.060 -0.002 
       TYPE-1-TS                         0.000  0.000  0.660                       0.000
    C(    2) C(    3) C(    6) H(   20)   64.7  0.000  0.000  0.290  0.000  0.000  0.004 -0.060 -0.002 
       TYPE-1-TS                         0.000  0.000  0.660                       0.000
    C(    3) C(    2) C(    1) H(    7) -176.2  0.000  0.000  0.290  0.000  0.000  0.003 -0.060  0.001 
       TYPE-1-TS                         0.000  0.000  0.660                       0.000
    C(    3) C(    2) C(    1) H(    8)  -56.4  0.000  0.000  0.290  0.000  0.000  0.003 -0.060 -0.002 
       TYPE-1-TS                         0.000  0.000  0.660                       0.000
    C(    3) C(    2) C(    1) H(    9)   64.7  0.000  0.000  0.290  0.000  0.000  0.004 -0.060 -0.002 
       TYPE-1-TS                         0.000  0.000  0.660                       0.000
    C(    3) C(    2) C(    5) H(   15)  -64.7  0.000  0.000  0.290  0.000  0.000  0.004 -0.060 -0.002 
       TYPE-1-TS                         0.000  0.000  0.660                       0.000
    C(    3) C(    2) C(    5) H(   16)   56.4  0.000  0.000  0.290  0.000  0.000  0.003 -0.060 -0.002 
       TYPE-1-TS                         0.000  0.000  0.660                       0.000
    C(    3) C(    2) C(    5) H(   17)  176.2  0.000  0.000  0.290  0.000  0.000  0.003 -0.060  0.001 
       TYPE-1-TS                         0.000  0.000  0.660                       0.000
    C(    4) C(    3) C(    2) C(    5)   57.7  0.239  0.024  0.637  0.000  0.000  0.203               
       TYPE-1-TS                         0.000  0.000  0.660                       0.000
    C(    4) C(    3) C(    2) H(   10)  -61.2  0.000  0.000  0.290  0.000  0.000  0.000 -0.060  0.001 
       TYPE-1-TS                         0.000  0.000  0.660                       0.000
    C(    4) C(    3) C(    6) H(   18)  -52.2  0.000  0.000  0.290  0.000  0.000  0.012 -0.060  0.001 
       TYPE-1-TS                         0.000  0.000  0.660                       0.000
    C(    4) C(    3) C(    6) H(   19)   67.6  0.000  0.000  0.290  0.000  0.000  0.011 -0.060  0.001 
       TYPE-1-TS                         0.000  0.000  0.660                       0.000
    C(    4) C(    3) C(    6) H(   20) -171.3  0.000  0.000  0.290  0.000  0.000  0.015 -0.060 -0.006 
       TYPE-1-TS                         0.000  0.000  0.660                       0.000
    C(    5) C(    2) C(    1) H(    7)  -52.2  0.000  0.000  0.290  0.000  0.000  0.012 -0.060  0.001 
       TYPE-1-TS                         0.000  0.000  0.660                       0.000
    C(    5) C(    2) C(    1) H(    8)   67.6  0.000  0.000  0.290  0.000  0.000  0.011 -0.060  0.001 
       TYPE-1-TS                         0.000  0.000  0.660                       0.000
    C(    5) C(    2) C(    1) H(    9) -171.3  0.000  0.000  0.290  0.000  0.000  0.015 -0.060 -0.006 
       TYPE-1-TS                         0.000  0.000  0.660                       0.000
    C(    5) C(    2) C(    3) C(    6) -180.0  0.239  0.024  0.637  0.000  0.000  0.000               
       TYPE-1-TS                         0.000  0.000  0.660                       0.000
    C(    5) C(    2) C(    3) H(   11)  -61.2  0.000  0.000  0.290  0.000  0.000  0.000 -0.060  0.001 
       TYPE-1-TS                         0.000  0.000  0.660                       0.000
    C(    6) C(    3) C(    2) H(   10)   61.2  0.000  0.000  0.290  0.000  0.000  0.000 -0.060  0.001 
       TYPE-1-TS                         0.000  0.000  0.660                       0.000
    C(    6) C(    3) C(    4) H(   12)   52.2  0.000  0.000  0.290  0.000  0.000  0.012 -0.060  0.001 
       TYPE-1-TS                         0.000  0.000  0.660                       0.000
    C(    6) C(    3) C(    4) H(   13)  171.3  0.000  0.000  0.290  0.000  0.000  0.015 -0.060 -0.006 
       TYPE-1-TS                         0.000  0.000  0.660                       0.000
    C(    6) C(    3) C(    4) H(   14)  -67.6  0.000  0.000  0.290  0.000  0.000  0.011 -0.060  0.001 
       TYPE-1-TS                         0.000  0.000  0.660                       0.000
    H(    7) C(    1) C(    2) H(   10)   64.7  0.000  0.000  0.260  0.000  0.008  0.011 -0.090  0.001 
       TYPE-1-TS                         0.000  0.000  0.660                       0.000
    H(    8) C(    1) C(    2) H(   10) -175.6  0.000  0.000  0.260  0.000  0.008  0.011 -0.090 -0.004 
       TYPE-1-TS                         0.000  0.000  0.660                       0.000
    H(    9) C(    1) C(    2) H(   10)  -54.5  0.000  0.000  0.260  0.000  0.008  0.013 -0.090  0.003 
       TYPE-1-TS                         0.000  0.000  0.660                       0.000
    H(   10) C(    2) C(    3) H(   11) -180.0  0.000  0.000  0.260  0.000  0.008  0.008 -0.090  0.001 
       TYPE-1-TS                         0.000  0.000  0.660                       0.000
    H(   10) C(    2) C(    5) H(   15)   54.5  0.000  0.000  0.260  0.000  0.008  0.013 -0.090  0.003 
       TYPE-1-TS                         0.000  0.000  0.660                       0.000
    H(   10) C(    2) C(    5) H(   16)  175.6  0.000  0.000  0.260  0.000  0.008  0.011 -0.090 -0.004 
       TYPE-1-TS                         0.000  0.000  0.660                       0.000
    H(   10) C(    2) C(    5) H(   17)  -64.7  0.000  0.000  0.260  0.000  0.008  0.011 -0.090  0.001 
       TYPE-1-TS                         0.000  0.000  0.660                       0.000
    H(   11) C(    3) C(    4) H(   12)  -64.7  0.000  0.000  0.260  0.000  0.008  0.011 -0.090  0.001 
       TYPE-1-TS                         0.000  0.000  0.660                       0.000
    H(   11) C(    3) C(    4) H(   13)   54.5  0.000  0.000  0.260  0.000  0.008  0.013 -0.090  0.003 
       TYPE-1-TS                         0.000  0.000  0.660                       0.000
    H(   11) C(    3) C(    4) H(   14)  175.6  0.000  0.000  0.260  0.000  0.008  0.011 -0.090 -0.004 
       TYPE-1-TS                         0.000  0.000  0.660                       0.000
    H(   11) C(    3) C(    6) H(   18)   64.7  0.000  0.000  0.260  0.000  0.008  0.011 -0.090  0.001 
       TYPE-1-TS                         0.000  0.000  0.660                       0.000
    H(   11) C(    3) C(    6) H(   19) -175.6  0.000  0.000  0.260  0.000  0.008  0.011 -0.090 -0.004 
       TYPE-1-TS                         0.000  0.000  0.660                       0.000
    H(   11) C(    3) C(    6) H(   20)  -54.5  0.000  0.000  0.260  0.000  0.008  0.013 -0.090  0.003 
       TYPE-1-TS                         0.000  0.000  0.660                       0.000


 ==============================================================================
                        NORMAL MODE VIBRATIONAL ANALYSIS
 ==============================================================================


             Molecular Shape : ASYMMETRIC ROTOR WITH KAPPA =-0.131234
        Symmetry Point Group : C2h 
             Symmetry Number :  2
                   Chirality :  no



0       FUNDAMENTAL NORMAL VIBRATIONAL FREQUENCIES
                ( THEORETICALLY  54 VALUES )

             Frequency :  in 1/cm
             A(i)      :  IR intensity (vs,s,m,w,vw,-- or in 10**6 cm/mole)
             A(i) = -- :  IR inactive


             no       Frequency   Symmetry      A(i)

             1.          2980.8     (Ag  )       --
             2.          2978.4     (Au  )        m
             3.          2978.2     (Bu  )        s
             4.          2975.9     (Bg  )       --
             5.          2969.9     (Ag  )       vw
             6.          2969.9     (Bu  )       vs
             7.          2968.8     (Au  )        w
             8.          2968.5     (Bg  )       --
             9.          2905.7     (Ag  )       --
            10.          2904.5     (Bu  )        m
            11.          2883.5     (Au  )        m
            12.          2882.5     (Bg  )       --
            13.          2882.1     (Ag  )       --
            14.          2881.1     (Bu  )        m
            15.          1516.3     (Ag  )       --
            16.          1496.6     (Ag  )       --
            17.          1490.8     (Au  )        w
            18.          1480.8     (Bu  )        w
            19.          1473.7     (Bg  )       --
            20.          1453.0     (Bg  )       --
            21.          1446.3     (Au  )       vw
            22.          1443.7     (Bu  )        w
            23.          1432.3     (Ag  )       --
            24.          1427.9     (Bg  )       --
            25.          1417.1     (Au  )        w
            26.          1387.7     (Bu  )        w
            27.          1376.9     (Ag  )       --
            28.          1354.1     (Bg  )       --
            29.          1346.1     (Au  )        m
            30.          1325.9     (Bu  )        w
            31.          1176.8     (Ag  )       --
            32.          1138.8     (Ag  )       --
            33.          1134.6     (Bu  )        w
            34.          1121.3     (Bg  )       --
            35.          1081.2     (Au  )        w
            36.          1014.8     (Bu  )        m
            37.           958.1     (Au  )        w
            38.           947.2     (Bg  )       --
            39.           936.2     (Bg  )       --
            40.           936.2     (Au  )        w
            41.           923.8     (Ag  )       --
            42.           847.2     (Bu  )        w
            43.           739.8     (Ag  )       --
            44.           482.1     (Ag  )       --
            45.           410.2     (Bu  )        w
            46.           385.7     (Bg  )       --
            47.           369.1     (Ag  )       --
            48.           349.4     (Bu  )        w
            49.           307.0     (Au  )       vw
            50.           244.7     (Ag  )       --
            51.           219.1     (Bu  )       vw
            52.           215.3     (Au  )       vw
            53.           207.8     (Bg  )       --
            54.            76.9     (Au  )       --
            55.     (       0.0)    (t/r )
            56.     (       0.0)    (t/r )
            57.     (       0.0)    (t/r )
            58.     (       0.0)    (t/r )
            59.     (       0.0)    (t/r )
            60.     (       0.0)    (t/r )


0       CORRESPONDING EIGEN VECTOR MATRIX   60 BY  60



 (  1)
    -0.026    0.028    0.027    0.000    0.000    0.001    0.000    0.000
    -0.001    0.026   -0.028   -0.027   -0.026   -0.028    0.027    0.026
     0.028   -0.027    0.120   -0.008    0.039    0.026    0.019   -0.215
     0.162   -0.338   -0.137    0.006    0.000   -0.019   -0.006    0.000
     0.019   -0.120    0.008   -0.039   -0.162    0.338    0.137   -0.026
    -0.019    0.215    0.162    0.338   -0.137    0.026   -0.019   -0.215
     0.120    0.008    0.039   -0.120   -0.008   -0.039   -0.026    0.019
     0.215   -0.162   -0.338    0.137

 (  2)
     0.023   -0.027   -0.029    0.000    0.001    0.000    0.000    0.001
     0.000    0.023   -0.027   -0.029   -0.023   -0.027    0.029   -0.023
    -0.027    0.029   -0.089    0.007   -0.026   -0.028   -0.022    0.240
    -0.159    0.334    0.136    0.000   -0.008    0.000    0.000   -0.008
     0.000   -0.089    0.007   -0.026   -0.159    0.334    0.136   -0.028
    -0.022    0.240    0.159    0.334   -0.136    0.028   -0.022   -0.240
     0.089    0.007    0.026    0.089    0.007    0.026    0.028   -0.022
    -0.240    0.159    0.334   -0.136

 (  3)
     0.025   -0.027   -0.029    0.000    0.000   -0.001    0.000    0.000
    -0.001    0.025   -0.027   -0.029    0.025    0.027   -0.029    0.025
     0.027   -0.029   -0.107    0.008   -0.033   -0.028   -0.022    0.235
    -0.157    0.331    0.136   -0.006    0.000    0.020   -0.006    0.000
     0.020   -0.107    0.008   -0.033   -0.157    0.331    0.136   -0.028
    -0.022    0.235   -0.157   -0.331    0.136   -0.028    0.022    0.235
    -0.107   -0.008   -0.033   -0.107   -0.008   -0.033   -0.028    0.022
     0.235   -0.157   -0.331    0.136

 (  4)
    -0.021    0.026    0.032    0.000   -0.001    0.000    0.000    0.001
     0.000    0.021   -0.026   -0.032    0.021    0.026   -0.032   -0.021
    -0.026    0.032    0.066   -0.006    0.017    0.030    0.025   -0.267
     0.152   -0.323   -0.133    0.000    0.009    0.000    0.000   -0.009
     0.000   -0.066    0.006   -0.017   -0.152    0.323    0.133   -0.030
    -0.025    0.267   -0.152   -0.323    0.133   -0.030    0.025    0.267
    -0.066   -0.006   -0.017    0.066    0.006    0.017    0.030   -0.025
    -0.267    0.152    0.323   -0.133

 (  5)
    -0.028    0.008   -0.036    0.000    0.000    0.000    0.000    0.000
     0.000    0.028   -0.008    0.036   -0.028   -0.008   -0.036    0.028
     0.008    0.036    0.324   -0.007    0.131   -0.023   -0.037    0.302
     0.028   -0.048   -0.011   -0.007    0.000    0.012    0.007    0.000
    -0.012   -0.330    0.007   -0.133   -0.029    0.050    0.011    0.024
     0.037   -0.307    0.028    0.048   -0.011   -0.023    0.037    0.302
     0.324    0.007    0.131   -0.330   -0.007   -0.133    0.024   -0.037
    -0.307   -0.029   -0.050    0.011

 (  6)
    -0.030    0.009   -0.035    0.001    0.000   -0.002    0.001    0.000
    -0.002   -0.029    0.009   -0.034   -0.030   -0.009   -0.035   -0.029
    -0.009   -0.034    0.337   -0.008    0.136   -0.022   -0.036    0.294
     0.037   -0.066   -0.019   -0.008    0.000    0.027   -0.008    0.000
     0.027    0.331   -0.007    0.133    0.036   -0.065   -0.018   -0.022
    -0.035    0.288    0.037    0.066   -0.019   -0.022    0.036    0.294
     0.337    0.008    0.136    0.331    0.007    0.133   -0.022    0.035
     0.288    0.036    0.065   -0.018

 (  7)
     0.030   -0.010    0.034    0.000   -0.001    0.000    0.000   -0.001
     0.000    0.030   -0.010    0.034   -0.030   -0.010   -0.034   -0.030
    -0.010   -0.034   -0.335    0.008   -0.134    0.021    0.035   -0.286
    -0.043    0.080    0.024    0.000    0.006    0.000    0.000    0.006
     0.000   -0.335    0.008   -0.134   -0.043    0.080    0.024    0.021
     0.035   -0.287    0.043    0.080   -0.024   -0.021    0.035    0.286
     0.334    0.008    0.134    0.335    0.008    0.134   -0.021    0.035
     0.286    0.043    0.080   -0.024

 (  8)
    -0.032    0.012   -0.031    0.000   -0.001    0.000    0.000    0.001
     0.000    0.032   -0.012    0.031    0.032    0.012    0.031   -0.032
    -0.012   -0.031    0.342   -0.008    0.137   -0.019   -0.033    0.264
     0.055   -0.107   -0.035    0.000   -0.006    0.000    0.000    0.006
     0.000   -0.342    0.008   -0.137   -0.055    0.107    0.035    0.019
     0.033   -0.264   -0.055   -0.107    0.035    0.019   -0.033   -0.264
    -0.342   -0.008   -0.137    0.342    0.008    0.136   -0.019    0.033
     0.264    0.055    0.107   -0.035

 (  9)
     0.005    0.006   -0.005   -0.006    0.000    0.057    0.006    0.000
    -0.057   -0.005   -0.006    0.005    0.005   -0.006   -0.005   -0.005
     0.006    0.005   -0.070   -0.003   -0.024   -0.006   -0.006    0.085
     0.018   -0.050   -0.016    0.080    0.000   -0.646   -0.080    0.000
     0.645    0.070    0.003    0.024   -0.018    0.050    0.016    0.006
     0.006   -0.085    0.018    0.050   -0.016   -0.006    0.006    0.085
    -0.070    0.003   -0.024    0.070   -0.003    0.024    0.006   -0.006
    -0.085   -0.018   -0.050    0.016

 ( 10)
    -0.005   -0.006    0.005    0.007    0.000   -0.056    0.007    0.000
    -0.056   -0.005   -0.006    0.005   -0.005    0.006    0.005   -0.005
     0.006    0.005    0.058    0.003    0.020    0.006    0.007   -0.089
    -0.018    0.052    0.017   -0.067    0.000    0.649   -0.067    0.000
     0.649    0.058    0.003    0.020   -0.018    0.052    0.017    0.006
     0.007   -0.090   -0.018   -0.052    0.017    0.006   -0.007   -0.089
     0.058   -0.003    0.020    0.058   -0.003    0.020    0.006   -0.007
    -0.090   -0.018   -0.052    0.017

 ( 11)
     0.019    0.023   -0.009    0.000   -0.003    0.000    0.000   -0.003
     0.000    0.019    0.023   -0.009   -0.019    0.023    0.009   -0.019
     0.023    0.009   -0.278    0.001   -0.104   -0.032   -0.038    0.287
     0.097   -0.217   -0.082    0.000    0.002    0.000    0.000    0.002
     0.000   -0.279    0.001   -0.105    0.097   -0.217   -0.082   -0.032
    -0.038    0.287   -0.097   -0.217    0.082    0.032   -0.038   -0.287
     0.278    0.001    0.104    0.278    0.001    0.105    0.032   -0.038
    -0.287   -0.097   -0.217    0.082

 ( 12)
    -0.018   -0.023    0.008    0.000    0.003    0.000    0.000   -0.003
     0.000    0.018    0.023   -0.008    0.019   -0.024   -0.008   -0.019
     0.024    0.008    0.276    0.000    0.104    0.031    0.038   -0.283
    -0.098    0.222    0.086    0.000   -0.002    0.000    0.000    0.002
     0.000   -0.276    0.000   -0.104    0.098   -0.222   -0.086   -0.031
    -0.038    0.283    0.099    0.223   -0.086   -0.031    0.038    0.284
    -0.276    0.000   -0.104    0.276    0.000    0.104    0.031   -0.038
    -0.284   -0.099   -0.223    0.086

 ( 13)
    -0.018   -0.022    0.008    0.001    0.000    0.015   -0.001    0.000
    -0.015    0.018    0.022   -0.008   -0.018    0.022    0.008    0.018
    -0.022   -0.008    0.267   -0.002    0.101    0.031    0.038   -0.275
    -0.096    0.214    0.082    0.020    0.000   -0.173   -0.020    0.000
     0.173   -0.267    0.002   -0.101    0.096   -0.214   -0.082   -0.031
    -0.038    0.275   -0.096   -0.213    0.082    0.031   -0.038   -0.275
     0.267    0.002    0.101   -0.267   -0.002   -0.101   -0.031    0.038
     0.275    0.096    0.213   -0.082

 ( 14)
     0.017    0.023   -0.007    0.000    0.000   -0.014    0.000    0.000
    -0.014    0.017    0.023   -0.007    0.017   -0.023   -0.007    0.017
    -0.023   -0.007   -0.266    0.001   -0.101   -0.031   -0.037    0.272
     0.098   -0.219   -0.085   -0.016    0.000    0.169   -0.016    0.000
     0.169   -0.266    0.001   -0.101    0.098   -0.219   -0.085   -0.031
    -0.037    0.272    0.098    0.219   -0.085   -0.031    0.037    0.272
    -0.266   -0.001   -0.101   -0.266   -0.001   -0.101   -0.031    0.037
     0.272    0.098    0.219   -0.085

 ( 15)
    -0.013   -0.010    0.003    0.122    0.000    0.014   -0.122    0.000
    -0.014    0.013    0.010   -0.003   -0.013    0.010    0.003    0.013
    -0.010   -0.003   -0.013   -0.177   -0.011   -0.006    0.143    0.025
    -0.067    0.021   -0.150   -0.383    0.000   -0.042    0.383    0.000
     0.042    0.013    0.177    0.011    0.067   -0.021    0.150    0.006
    -0.143   -0.025   -0.067   -0.021   -0.150   -0.006   -0.143    0.025
    -0.013    0.177   -0.011    0.013   -0.177    0.011    0.006    0.143
    -0.025    0.067    0.021    0.150

 ( 16)
    -0.017   -0.025   -0.015    0.058    0.000   -0.014   -0.058    0.000
     0.014    0.017    0.025    0.015   -0.017    0.025   -0.015    0.017
    -0.025    0.015   -0.094    0.216    0.175   -0.090   -0.048   -0.030
     0.288    0.060    0.112   -0.178    0.000   -0.049    0.178    0.000
     0.049    0.094   -0.216   -0.175   -0.288   -0.060   -0.112    0.090
     0.048    0.030    0.288   -0.060    0.112   -0.090    0.048   -0.030
    -0.094   -0.216    0.175    0.094    0.216   -0.175    0.090   -0.048
     0.030   -0.288    0.060   -0.112

 ( 17)
     0.003    0.008    0.016    0.000    0.020    0.000    0.000    0.020
     0.000    0.003    0.008    0.016   -0.003    0.008   -0.016   -0.003
     0.008   -0.016    0.083   -0.232   -0.194    0.112    0.117    0.046
    -0.281   -0.050   -0.165    0.000   -0.111    0.000    0.000   -0.111
     0.000    0.083   -0.232   -0.194   -0.281   -0.050   -0.165    0.112
     0.117    0.046    0.281   -0.050    0.165   -0.112    0.117   -0.046
    -0.083   -0.232    0.194   -0.083   -0.232    0.194   -0.112    0.117
    -0.046    0.281   -0.050    0.165

 ( 18)
    -0.006   -0.012   -0.015   -0.011    0.000   -0.020   -0.011    0.000
    -0.020   -0.006   -0.012   -0.015   -0.006    0.012   -0.015   -0.006
     0.012   -0.015   -0.076    0.274    0.168   -0.092   -0.140   -0.044
     0.253    0.025    0.179    0.095    0.000   -0.015    0.095    0.000
    -0.015   -0.076    0.274    0.168    0.253    0.025    0.179   -0.092
    -0.140   -0.044    0.253   -0.025    0.179   -0.092    0.140   -0.044
    -0.076   -0.274    0.168   -0.076   -0.274    0.168   -0.092    0.140
    -0.044    0.253   -0.025    0.179

 ( 19)
    -0.011   -0.014    0.015    0.000    0.067    0.000    0.000   -0.067
     0.000    0.011    0.014   -0.015    0.011   -0.014   -0.015   -0.011
     0.014    0.015    0.084   -0.127   -0.243    0.196    0.114    0.058
    -0.202   -0.058   -0.101    0.000   -0.217    0.000    0.000    0.217
     0.000   -0.084    0.127    0.243    0.202    0.058    0.101   -0.196
    -0.114   -0.058    0.202   -0.058    0.101   -0.196    0.114   -0.058
    -0.084   -0.127    0.243    0.084    0.127   -0.243    0.196   -0.114
     0.058   -0.202    0.058   -0.101

 ( 20)
    -0.028   -0.038   -0.011    0.000    0.077    0.000    0.000   -0.077
     0.000    0.028    0.038    0.011    0.028   -0.038    0.011   -0.028
     0.038   -0.011   -0.025    0.268   -0.038    0.138   -0.073    0.000
     0.171   -0.035    0.191    0.000   -0.194    0.000    0.000    0.194
     0.000    0.025   -0.268    0.038   -0.171    0.035   -0.191   -0.138
     0.073    0.000   -0.171   -0.035   -0.191   -0.138   -0.073    0.000
     0.025    0.268    0.038   -0.025   -0.268   -0.038    0.138    0.073
     0.000    0.171    0.035    0.191

 ( 21)
     0.035    0.028    0.002    0.000   -0.060    0.000    0.000   -0.060
     0.000    0.035    0.028    0.002   -0.035    0.028   -0.002   -0.035
     0.028   -0.002   -0.031   -0.174    0.198   -0.280    0.052   -0.028
    -0.061    0.049   -0.158    0.000    0.197    0.000    0.000    0.197
     0.000   -0.031   -0.174    0.198   -0.061    0.049   -0.158   -0.280
     0.052   -0.028    0.061    0.049    0.158    0.280    0.052    0.028
     0.031   -0.174   -0.198    0.031   -0.174   -0.198    0.280    0.052
     0.028    0.061    0.049    0.158

 ( 22)
    -0.016    0.013    0.003   -0.023    0.000   -0.003   -0.023    0.000
    -0.003   -0.016    0.013    0.003   -0.016   -0.013    0.003   -0.016
    -0.013    0.003    0.074    0.088   -0.239    0.287   -0.183    0.010
    -0.056   -0.080    0.207    0.035    0.000    0.004    0.035    0.000
     0.004    0.074    0.088   -0.239   -0.056   -0.080    0.207    0.287
    -0.183    0.010   -0.056    0.080    0.207    0.287    0.183    0.010
     0.074   -0.088   -0.239    0.074   -0.088   -0.239    0.287    0.183
     0.010   -0.056    0.080    0.207

 ( 23)
    -0.032   -0.003    0.003    0.031    0.000   -0.003   -0.031    0.000
     0.003    0.032    0.003   -0.003   -0.032    0.003    0.003    0.032
    -0.003   -0.003    0.056    0.099   -0.246    0.312   -0.117    0.025
     0.004   -0.047    0.168   -0.165    0.000   -0.028    0.165    0.000
     0.028   -0.056   -0.099    0.246   -0.004    0.047   -0.168   -0.312
     0.117   -0.025    0.004    0.047    0.168    0.312    0.117    0.025
     0.056   -0.099   -0.246   -0.056    0.099    0.246   -0.312   -0.117
    -0.025   -0.004   -0.047   -0.168

 ( 24)
    -0.004    0.043    0.004    0.000   -0.061    0.000    0.000    0.061
     0.000    0.004   -0.043   -0.004    0.004    0.043   -0.004   -0.004
    -0.043    0.004    0.059   -0.016   -0.162    0.194   -0.239   -0.011
    -0.082   -0.056    0.198    0.000    0.242    0.000    0.000   -0.242
     0.000   -0.059    0.016    0.162    0.082    0.056   -0.198   -0.194
     0.239    0.011    0.082   -0.056   -0.198   -0.194   -0.239    0.011
    -0.059   -0.016    0.162    0.059    0.016   -0.162    0.194    0.239
    -0.011   -0.082    0.056    0.198

 ( 25)
    -0.010   -0.053   -0.003    0.000    0.066    0.000    0.000    0.066
     0.000   -0.010   -0.053   -0.003    0.010   -0.053    0.003    0.010
    -0.053    0.003   -0.049    0.061    0.092   -0.097    0.265    0.028
     0.109    0.058   -0.183    0.000   -0.293    0.000    0.000   -0.293
     0.000   -0.049    0.061    0.092    0.109    0.058   -0.183   -0.097
     0.265    0.028   -0.109    0.058    0.183    0.097    0.265   -0.028
     0.049    0.061   -0.092    0.049    0.061   -0.092    0.097    0.265
    -0.028   -0.109    0.058    0.183

 ( 26)
    -0.039   -0.053    0.013    0.036    0.000    0.005    0.036    0.000
     0.005   -0.039   -0.053    0.013   -0.039    0.053    0.013   -0.039
     0.053    0.013    0.009    0.176   -0.126    0.150    0.223    0.071
     0.170    0.088   -0.120   -0.149    0.000   -0.018   -0.149    0.000
    -0.018    0.009    0.176   -0.126    0.170    0.088   -0.120    0.150
     0.223    0.071    0.170   -0.088   -0.120    0.150   -0.223    0.071
     0.009   -0.176   -0.126    0.009   -0.176   -0.126    0.150   -0.223
     0.071    0.170   -0.088   -0.120

 ( 27)
    -0.023   -0.049    0.025   -0.017    0.000    0.000    0.017    0.000
     0.000    0.023    0.049   -0.025   -0.023    0.049    0.025    0.023
    -0.049   -0.025    0.034    0.154   -0.121    0.083    0.260    0.082
     0.129    0.103   -0.200    0.176    0.000    0.020   -0.176    0.000
    -0.020   -0.034   -0.154    0.121   -0.129   -0.103    0.200   -0.083
    -0.260   -0.082    0.129   -0.103   -0.200    0.083   -0.260    0.082
     0.034   -0.154   -0.121   -0.034    0.154    0.121   -0.083    0.260
    -0.082   -0.129    0.103    0.200

 ( 28)
     0.026    0.030   -0.032    0.000    0.047    0.000    0.000   -0.047
     0.000   -0.026   -0.030    0.032   -0.026    0.030    0.032    0.026
    -0.030   -0.032   -0.042   -0.146    0.143   -0.100   -0.160   -0.078
    -0.145   -0.123    0.154    0.000   -0.340    0.000    0.000    0.340
     0.000    0.042    0.146   -0.143    0.145    0.123   -0.154    0.100
     0.160    0.078    0.145   -0.123   -0.154    0.100   -0.160    0.078
     0.042   -0.146   -0.143   -0.042    0.146    0.143   -0.100    0.160
    -0.078   -0.145    0.123    0.154

 ( 29)
     0.019    0.022   -0.038    0.000    0.051    0.000    0.000    0.051
     0.000    0.019    0.022   -0.038   -0.019    0.022    0.038   -0.019
     0.022    0.038   -0.056   -0.110    0.152   -0.080   -0.129   -0.077
    -0.112   -0.118    0.157    0.000   -0.418    0.000    0.000   -0.418
     0.000   -0.056   -0.110    0.152   -0.112   -0.118    0.157   -0.080
    -0.129   -0.077    0.112   -0.118   -0.157    0.080   -0.129    0.077
     0.056   -0.110   -0.152    0.056   -0.110   -0.152    0.080   -0.129
     0.077    0.112   -0.118   -0.157

 ( 30)
     0.010   -0.011    0.037   -0.067    0.000   -0.045   -0.067    0.000
    -0.045    0.010   -0.011    0.037    0.010    0.011    0.037    0.010
     0.011    0.037    0.068    0.074   -0.092   -0.045    0.035    0.046
    -0.012    0.049   -0.137    0.539    0.000    0.016    0.539    0.000
     0.016    0.068    0.074   -0.092   -0.012    0.049   -0.137   -0.045
     0.035    0.046   -0.012   -0.049   -0.137   -0.045   -0.035    0.046
     0.068   -0.074   -0.092    0.068   -0.074   -0.092   -0.045   -0.035
     0.046   -0.012   -0.049   -0.137

 ( 31)
     0.038   -0.011    0.014   -0.079    0.000   -0.074    0.079    0.000
     0.074   -0.038    0.011   -0.014    0.038    0.011    0.014   -0.038
    -0.011   -0.014    0.080    0.168   -0.070   -0.112    0.009    0.003
    -0.092   -0.041   -0.073   -0.404    0.000   -0.122    0.404    0.000
     0.122   -0.080   -0.168    0.070    0.092    0.041    0.073    0.112
    -0.009   -0.003   -0.092    0.041   -0.073   -0.112   -0.009    0.003
     0.080   -0.168   -0.070   -0.080    0.168    0.070    0.112    0.009
    -0.003    0.092   -0.041    0.073

 ( 32)
     0.022   -0.009   -0.061   -0.047    0.000    0.094    0.047    0.000
    -0.094   -0.022    0.009    0.061    0.022    0.009   -0.061   -0.022
    -0.009    0.061   -0.036    0.071    0.092    0.107    0.244   -0.032
    -0.053   -0.119    0.111   -0.147    0.000    0.094    0.147    0.000
    -0.094    0.036   -0.071   -0.092    0.053    0.119   -0.111   -0.107
    -0.244    0.032   -0.053    0.119    0.111    0.107   -0.244   -0.032
    -0.036   -0.071    0.092    0.036    0.071   -0.092   -0.107    0.244
     0.032    0.053   -0.119   -0.111

 ( 33)
     0.059   -0.012   -0.031   -0.093    0.000    0.050   -0.093    0.000
     0.050    0.059   -0.012   -0.031    0.059    0.012   -0.031    0.059
     0.012   -0.031    0.049    0.206    0.023   -0.010    0.191   -0.019
    -0.129   -0.135    0.038   -0.118    0.000    0.056   -0.118    0.000
     0.056    0.049    0.206    0.023   -0.129   -0.135    0.038   -0.010
     0.191   -0.019   -0.129    0.135    0.038   -0.010   -0.191   -0.019
     0.049   -0.206    0.023    0.049   -0.206    0.023   -0.010   -0.191
    -0.019   -0.129    0.135    0.038

 ( 34)
    -0.014    0.039   -0.039    0.000   -0.105    0.000    0.000    0.105
     0.000    0.014   -0.039    0.039    0.014    0.039    0.039   -0.014
    -0.039   -0.039   -0.037   -0.057    0.004    0.171    0.112   -0.020
     0.143    0.101   -0.003    0.000   -0.363    0.000    0.000    0.363
     0.000    0.037    0.057   -0.004   -0.143   -0.101    0.003   -0.171
    -0.112    0.020   -0.143    0.101    0.003   -0.171    0.112    0.020
     0.037   -0.057   -0.004   -0.037    0.057    0.004    0.171   -0.112
    -0.020    0.143   -0.101   -0.003

 ( 35)
     0.007   -0.053    0.028    0.000    0.104    0.000    0.000    0.104
     0.000    0.007   -0.053    0.028   -0.007   -0.053   -0.028   -0.007
    -0.053   -0.028    0.022    0.107    0.004   -0.168   -0.081    0.014
    -0.181   -0.146    0.025    0.000    0.278    0.000    0.000    0.278
     0.000    0.022    0.107    0.004   -0.181   -0.146    0.025   -0.168
    -0.081    0.014    0.181   -0.146   -0.025    0.168   -0.081   -0.014
    -0.022    0.107   -0.004   -0.022    0.107   -0.004    0.168   -0.081
    -0.014    0.181   -0.146   -0.025

 ( 36)
     0.025   -0.004    0.048    0.003    0.000   -0.047    0.003    0.000
    -0.047    0.025   -0.004    0.048    0.025    0.004    0.048    0.025
     0.004    0.048    0.104    0.150   -0.135   -0.198   -0.190    0.010
    -0.063    0.021   -0.116   -0.319    0.000   -0.089   -0.319    0.000
    -0.089    0.104    0.150   -0.135   -0.063    0.021   -0.116   -0.198
    -0.190    0.010   -0.063   -0.021   -0.116   -0.198    0.190    0.010
     0.104   -0.150   -0.135    0.104   -0.150   -0.135   -0.198    0.190
     0.010   -0.063   -0.021   -0.116

 ( 37)
    -0.062   -0.019   -0.015    0.000    0.059    0.000    0.000    0.059
     0.000   -0.062   -0.019   -0.015    0.062   -0.019    0.015    0.062
    -0.019    0.015   -0.128   -0.293    0.121    0.119    0.034    0.008
     0.085    0.014    0.083    0.000    0.240    0.000    0.000    0.240
     0.000   -0.128   -0.293    0.121    0.085    0.014    0.083    0.119
     0.034    0.008   -0.085    0.014   -0.083   -0.119    0.034   -0.008
     0.128   -0.293   -0.121    0.128   -0.293   -0.121   -0.119    0.034
    -0.008   -0.085    0.014   -0.083

 ( 38)
     0.032    0.022    0.039    0.000   -0.028    0.000    0.000    0.028
     0.000   -0.032   -0.022   -0.039   -0.032    0.022   -0.039    0.032
    -0.022    0.039    0.120    0.176   -0.166   -0.163   -0.198   -0.001
     0.008    0.088   -0.151    0.000   -0.277    0.000    0.000    0.277
     0.000   -0.120   -0.176    0.166   -0.008   -0.088    0.151    0.163
     0.198    0.001   -0.008    0.088    0.151    0.163   -0.198    0.001
    -0.120    0.176    0.166    0.120   -0.176   -0.166   -0.163    0.198
    -0.001    0.008   -0.088   -0.151

 ( 39)
    -0.060    0.003    0.030    0.000    0.053    0.000    0.000   -0.052
     0.000    0.059   -0.003   -0.030    0.060    0.003   -0.030   -0.059
    -0.003    0.030   -0.057   -0.257   -0.005    0.000   -0.211    0.015
     0.184    0.162   -0.070    0.000   -0.001    0.000    0.000    0.000
     0.000    0.057    0.257    0.005   -0.184   -0.161    0.069   -0.001
     0.211   -0.015   -0.184    0.162    0.070    0.000   -0.211   -0.015
     0.057   -0.257    0.005   -0.057    0.257   -0.005    0.001    0.211
     0.015    0.184   -0.161   -0.069

 ( 40)
     0.029   -0.006   -0.052    0.000   -0.040    0.000    0.000   -0.040
     0.000    0.029   -0.006   -0.052   -0.029   -0.006    0.052   -0.029
    -0.006    0.052   -0.027    0.103    0.101    0.121    0.296   -0.014
    -0.127   -0.160    0.140    0.000    0.142    0.000    0.000    0.142
     0.000   -0.027    0.104    0.101   -0.127   -0.161    0.140    0.121
     0.297   -0.014    0.127   -0.160   -0.140   -0.121    0.296    0.014
     0.027    0.103   -0.101    0.027    0.104   -0.101   -0.121    0.297
     0.014    0.127   -0.161   -0.140

 ( 41)
     0.014   -0.060    0.015    0.087    0.000    0.008   -0.087    0.000
    -0.008   -0.014    0.060   -0.015    0.014    0.060    0.015   -0.014
    -0.060   -0.015    0.029    0.178   -0.001   -0.114   -0.022    0.009
    -0.222   -0.193    0.050    0.198    0.000    0.022   -0.198    0.000
    -0.022   -0.029   -0.178    0.001    0.222    0.193   -0.050    0.114
     0.022   -0.009   -0.222    0.193    0.050   -0.114    0.022    0.009
     0.029   -0.178   -0.001   -0.029    0.178    0.001    0.114   -0.022
    -0.009    0.222   -0.193   -0.050

 ( 42)
     0.019    0.086   -0.007   -0.078    0.000    0.037   -0.078    0.000
     0.037    0.019    0.086   -0.007    0.019   -0.086   -0.007    0.019
    -0.086   -0.007    0.031   -0.027   -0.043    0.065   -0.011   -0.015
     0.200    0.215   -0.097   -0.116    0.000    0.035   -0.116    0.000
     0.035    0.031   -0.027   -0.043    0.200    0.215   -0.097    0.065
    -0.011   -0.015    0.200   -0.215   -0.097    0.065    0.011   -0.015
     0.031    0.027   -0.043    0.031    0.027   -0.043    0.065    0.011
    -0.015    0.200   -0.215   -0.097

 ( 43)
     0.039    0.058    0.007    0.035    0.000    0.115   -0.035    0.000
    -0.115   -0.039   -0.058   -0.007    0.039   -0.058    0.007   -0.039
     0.058   -0.007    0.096    0.171   -0.125   -0.092   -0.094   -0.022
     0.034    0.106   -0.112   -0.036    0.000    0.107    0.036    0.000
    -0.107   -0.096   -0.171    0.125   -0.034   -0.106    0.112    0.092
     0.094    0.022    0.034   -0.106   -0.112   -0.092    0.094   -0.022
     0.096   -0.171   -0.125   -0.096    0.171    0.125    0.092   -0.094
     0.022   -0.034    0.106    0.112

 ( 44)
    -0.032   -0.085   -0.005   -0.059    0.000    0.084    0.059    0.000
    -0.084    0.032    0.085    0.005   -0.032    0.085   -0.005    0.032
    -0.085    0.005   -0.003   -0.125   -0.085   -0.107   -0.190   -0.023
     0.056   -0.023   -0.055   -0.117    0.000    0.074    0.117    0.000
    -0.074    0.003    0.125    0.085   -0.056    0.023    0.055    0.107
     0.190    0.023    0.056    0.023   -0.055   -0.107    0.190   -0.023
    -0.003    0.125   -0.085    0.003   -0.125    0.085    0.107   -0.190
     0.023   -0.056   -0.023    0.055

 ( 45)
    -0.029    0.088   -0.003    0.088    0.000    0.006    0.088    0.000
     0.006   -0.029    0.088   -0.003   -0.029   -0.088   -0.003   -0.029
    -0.088   -0.003   -0.026    0.227    0.000   -0.047    0.110   -0.002
    -0.164    0.025   -0.002    0.106    0.000    0.008    0.106    0.000
     0.008   -0.026    0.227    0.000   -0.164    0.025   -0.002   -0.047
     0.110   -0.002   -0.164   -0.025   -0.002   -0.047   -0.110   -0.002
    -0.026   -0.227    0.000   -0.026   -0.227    0.000   -0.047   -0.110
    -0.002   -0.164   -0.025   -0.002

 ( 46)
     0.083    0.068    0.005    0.000    0.088    0.000    0.000   -0.088
     0.000   -0.083   -0.068   -0.005   -0.083    0.068   -0.005    0.083
    -0.068    0.005    0.073   -0.011    0.028    0.122    0.073    0.010
     0.150    0.101    0.004    0.000    0.102    0.000    0.000   -0.102
     0.000   -0.073    0.011   -0.028   -0.150   -0.101   -0.004   -0.122
    -0.073   -0.010   -0.150    0.101   -0.004   -0.122    0.073   -0.010
    -0.073   -0.011   -0.028    0.073    0.011    0.028    0.122   -0.073
     0.010    0.150   -0.101    0.004

 ( 47)
    -0.101    0.035   -0.011   -0.025    0.000    0.011    0.025    0.000
    -0.011    0.101   -0.035    0.011   -0.101   -0.035   -0.011    0.101
     0.035    0.011   -0.134    0.155    0.078   -0.020   -0.040   -0.012
    -0.201    0.029   -0.116   -0.039    0.000    0.009    0.039    0.000
    -0.009    0.134   -0.155   -0.078    0.201   -0.029    0.116    0.020
     0.040    0.012   -0.201   -0.029   -0.116   -0.020    0.040   -0.012
    -0.134   -0.155    0.078    0.134    0.155   -0.078    0.020   -0.040
     0.012    0.201    0.029    0.116

 ( 48)
    -0.013   -0.029   -0.045    0.029    0.000    0.133    0.029    0.000
     0.133   -0.013   -0.029   -0.045   -0.013    0.029   -0.045   -0.013
     0.029   -0.045    0.010    0.051   -0.097   -0.072   -0.187   -0.067
    -0.016    0.018   -0.162    0.123    0.000    0.140    0.123    0.000
     0.140    0.010    0.051   -0.097   -0.016    0.018   -0.162   -0.072
    -0.187   -0.067   -0.016   -0.018   -0.162   -0.072    0.187   -0.067
     0.010   -0.051   -0.097    0.010   -0.051   -0.097   -0.072    0.187
    -0.067   -0.016   -0.018   -0.162

 ( 49)
     0.085   -0.013    0.014    0.000    0.037    0.000    0.000    0.037
     0.000    0.085   -0.013    0.014   -0.085   -0.013   -0.014   -0.085
    -0.013   -0.014    0.137   -0.168   -0.129   -0.053    0.093    0.013
     0.215   -0.010    0.169    0.000    0.033    0.000    0.000    0.033
     0.000    0.137   -0.168   -0.129    0.215   -0.010    0.169   -0.053
     0.093    0.013   -0.215   -0.010   -0.169    0.053    0.093   -0.013
    -0.137   -0.168    0.129   -0.137   -0.168    0.129    0.053    0.093
    -0.013   -0.215   -0.010   -0.169

 ( 50)
    -0.046    0.027    0.025   -0.008    0.000    0.010    0.008    0.000
    -0.010    0.046   -0.027   -0.025   -0.046   -0.027    0.025    0.046
     0.027   -0.025    0.034   -0.047   -0.183   -0.262    0.185    0.023
     0.037   -0.025    0.252   -0.015    0.000    0.010    0.015    0.000
    -0.010   -0.034    0.047    0.183   -0.037    0.025   -0.252    0.262
    -0.185   -0.023    0.037    0.025    0.252   -0.262   -0.185    0.023
     0.034    0.047   -0.183   -0.034   -0.047    0.183    0.262    0.185
    -0.023   -0.037   -0.025   -0.252

 ( 51)
     0.005   -0.006    0.007   -0.013    0.000   -0.021   -0.013    0.000
    -0.021    0.005   -0.006    0.007    0.005    0.006    0.007    0.005
     0.006    0.007   -0.091    0.095    0.258    0.260   -0.146    0.015
    -0.131    0.023   -0.226   -0.038    0.000   -0.023   -0.038    0.000
    -0.023   -0.091    0.095    0.258   -0.131    0.023   -0.226    0.260
    -0.146    0.015   -0.131   -0.023   -0.226    0.260    0.146    0.015
    -0.091   -0.095    0.258   -0.091   -0.095    0.258    0.260    0.146
     0.015   -0.131   -0.023   -0.226

 ( 52)
     0.065   -0.007    0.049    0.000    0.023    0.000    0.000    0.023
     0.000    0.065   -0.007    0.049   -0.065   -0.007   -0.049   -0.065
    -0.007   -0.049   -0.013    0.020    0.250    0.275   -0.096    0.058
    -0.003    0.026   -0.113    0.000    0.001    0.000    0.000    0.001
     0.000   -0.013    0.020    0.250   -0.003    0.026   -0.113    0.275
    -0.096    0.058    0.003    0.026    0.113   -0.275   -0.096   -0.058
     0.013    0.020   -0.250    0.013    0.020   -0.250   -0.275   -0.096
    -0.058    0.003    0.026    0.113

 ( 53)
     0.005   -0.004    0.021    0.000   -0.004    0.000    0.000    0.004
     0.000   -0.005    0.004   -0.021   -0.005   -0.004   -0.021    0.005
     0.004    0.021   -0.088    0.116    0.265    0.251   -0.146    0.028
    -0.142    0.021   -0.212    0.000   -0.016    0.000    0.000    0.016
     0.000    0.088   -0.116   -0.265    0.142   -0.021    0.212   -0.251
     0.146   -0.028    0.142    0.021    0.212   -0.251   -0.146   -0.028
     0.088    0.116   -0.265   -0.088   -0.116    0.265    0.251    0.146
     0.028   -0.142   -0.021   -0.212

 ( 54)
    -0.034    0.016    0.104    0.000   -0.037    0.000    0.000   -0.037
     0.000   -0.034    0.016    0.104    0.034    0.016   -0.104    0.034
     0.016   -0.104   -0.024   -0.004    0.077   -0.061    0.128    0.112
    -0.044   -0.032    0.209    0.000   -0.127    0.000    0.000   -0.127
     0.000   -0.024   -0.004    0.077   -0.044   -0.032    0.209   -0.061
     0.128    0.112    0.044   -0.032   -0.209    0.061    0.128   -0.112
     0.024   -0.004   -0.077    0.024   -0.004   -0.077    0.061    0.128
    -0.112    0.044   -0.032   -0.209

 ( 55)
    -0.007   -0.005    0.068   -0.026    0.012    0.085    0.009   -0.022
     0.008   -0.009   -0.005    0.025   -0.002   -0.005    0.189   -0.014
    -0.005   -0.096   -0.030    0.017    0.127    0.053   -0.058    0.068
    -0.030    0.013   -0.001   -0.086    0.065    0.078    0.070   -0.075
     0.015    0.013   -0.027   -0.033    0.014   -0.023    0.095   -0.069
     0.048    0.025   -0.022    0.013    0.209    0.058   -0.058    0.199
    -0.025    0.017    0.243    0.008   -0.027   -0.150   -0.074    0.048
    -0.106    0.005   -0.023   -0.116

 ( 56)
    -0.015    0.033    0.078   -0.020    0.033    0.068   -0.034    0.062
     0.097   -0.039    0.062    0.087   -0.041    0.033    0.024   -0.013
     0.062    0.140   -0.007    0.014    0.055   -0.037    0.056    0.078
     0.003    0.030    0.107    0.003    0.011    0.070   -0.057    0.084
     0.094   -0.047    0.081    0.109   -0.057    0.065    0.057   -0.017
     0.039    0.087   -0.043    0.030    0.014   -0.065    0.056    0.020
    -0.032    0.014    0.004   -0.022    0.081    0.161    0.011    0.039
     0.144   -0.011    0.065    0.151

 ( 57)
    -0.024    0.001   -0.088    0.028   -0.004    0.002    0.000   -0.072
     0.062    0.051   -0.078    0.152    0.046    0.001    0.023   -0.019
    -0.078    0.041   -0.005    0.048   -0.130   -0.074   -0.045   -0.097
    -0.033    0.006   -0.110    0.075    0.042    0.007   -0.047   -0.118
     0.057    0.033   -0.125    0.194    0.061   -0.082    0.174    0.101
    -0.031    0.160    0.089    0.006    0.084    0.002   -0.045    0.024
     0.062    0.048   -0.023   -0.035   -0.125    0.086    0.025   -0.031
     0.040   -0.061   -0.082   -0.020

 ( 58)
    -0.086    0.113   -0.063   -0.046    0.096   -0.035   -0.047    0.037
    -0.033   -0.007    0.020   -0.004   -0.007    0.113   -0.009   -0.086
     0.020   -0.059   -0.084    0.155   -0.064   -0.091    0.092   -0.066
    -0.115    0.107   -0.083   -0.044    0.117   -0.035   -0.048    0.017
    -0.033   -0.008   -0.021   -0.004    0.023    0.026    0.015   -0.002
     0.042   -0.002    0.023    0.107    0.013   -0.005    0.092   -0.006
    -0.008    0.155   -0.011   -0.085   -0.021   -0.057   -0.088    0.042
    -0.062   -0.116    0.026   -0.080

 ( 59)
     0.070   -0.023   -0.115    0.030    0.028   -0.033    0.018    0.047
    -0.006   -0.022    0.098    0.077   -0.024   -0.023    0.019    0.072
     0.098   -0.057    0.076   -0.039   -0.133    0.053   -0.085   -0.123
     0.113    0.015   -0.157    0.051    0.093   -0.030   -0.004   -0.018
    -0.008   -0.028    0.114    0.094   -0.065    0.060    0.118   -0.005
     0.160    0.084   -0.052    0.015    0.078   -0.050   -0.085    0.023
    -0.015   -0.039   -0.003    0.063    0.114   -0.035    0.097    0.160
    -0.061    0.100    0.060   -0.116

 ( 60)
    -0.065   -0.075   -0.042   -0.086   -0.054   -0.019   -0.092   -0.035
    -0.005   -0.112   -0.015    0.018   -0.114   -0.075   -0.012   -0.064
    -0.015   -0.012   -0.062   -0.090   -0.051   -0.074   -0.089   -0.044
    -0.043   -0.061   -0.048   -0.075   -0.039   -0.018   -0.103   -0.050
    -0.006   -0.116    0.000    0.027   -0.134   -0.028    0.024   -0.104
     0.000    0.020   -0.128   -0.061    0.004   -0.127   -0.089   -0.012
    -0.109   -0.090   -0.023   -0.069    0.000   -0.001   -0.051    0.000
    -0.012   -0.050   -0.028   -0.027


                VIBRATIONAL AMPLITUDE AND CENTRIFUGAL DISTORTION
                 CONTRIBUTIONS TO THE BOND LENGTH AT   298.16 K

                 Note: Excludes contributions from frequencies
                       lower than 40 (1/cm).

                R(e)   = r(mm4) - 1.5 * anh * <Z**2>(298.16)
                R(z)   = R(e) + 1.5 * anh * <Z**2>(0) - <K>(0))
                R(s)   = [R(e) + R(z)] / 2
                R(alp) = R(e) + 1.5 * anh * <Z**2>(T) - <K>(T) - <C>(T)
                R(g)   = R(e) + 1.5 * anh * <Z**2>(T)
                R(a)   = [R(g) + sqrt(R(g)**2-4*<Z**2>(T))] / 2

                       anh = anharmonicity (2.00)
                    <Z**2> = mean-square vibrational amplitude
                       <K> = perpendicular vibrational amplitude
                       <C> = centrifugal correction

        BOND          R(g)      R(z)      R(e)     R(alp)     R(s)      R(a)
    2( C)-  1( C)    1.5403    1.5368    1.5326    1.5362    1.5347    1.5386
    3( C)-  2( C)    1.5486    1.5464    1.5407    1.5460    1.5436    1.5469
    4( C)-  3( C)    1.5403    1.5368    1.5326    1.5362    1.5347    1.5386
    5( C)-  2( C)    1.5403    1.5368    1.5326    1.5362    1.5347    1.5386
    6( C)-  3( C)    1.5403    1.5368    1.5326    1.5362    1.5347    1.5386
    7( H)-  1( C)    1.1127    1.0952    1.0942    1.0939    1.0947    1.1071
    8( H)-  1( C)    1.1124    1.0942    1.0939    1.0928    1.0940    1.1069
    9( H)-  1( C)    1.1113    1.0935    1.0929    1.0922    1.0932    1.1058
   10( H)-  2( C)    1.1162    1.1046    1.0975    1.1044    1.1011    1.1106
   11( H)-  3( C)    1.1162    1.1046    1.0975    1.1044    1.1011    1.1106
   12( H)-  4( C)    1.1127    1.0952    1.0942    1.0939    1.0947    1.1071
   13( H)-  4( C)    1.1113    1.0935    1.0929    1.0922    1.0932    1.1058
   14( H)-  4( C)    1.1124    1.0942    1.0939    1.0928    1.0940    1.1069
   15( H)-  5( C)    1.1113    1.0935    1.0929    1.0922    1.0932    1.1058
   16( H)-  5( C)    1.1124    1.0942    1.0939    1.0928    1.0940    1.1069
   17( H)-  5( C)    1.1127    1.0952    1.0942    1.0939    1.0947    1.1071
   18( H)-  6( C)    1.1127    1.0952    1.0942    1.0939    1.0947    1.1071
   19( H)-  6( C)    1.1124    1.0942    1.0939    1.0928    1.0940    1.1069
   20( H)-  6( C)    1.1113    1.0935    1.0929    1.0922    1.0932    1.1058


                  Non-Bonded Atom Pair Distance Table
        (Distance greater than 82% of VDW distance are not printed)

        PAIR        Dist(g)   Dist(z)
    5( C),  4( C)    3.0254    3.0210       1,4
    6( C),  1( C)    3.0254    3.0210       1,4
    7( H),  5( C)    2.7022    2.6962       1,4
    8( H),  3( C)    2.8072    2.7977       1,4
    8( H),  5( C)    2.8369    2.8259       1,4
    9( H),  3( C)    2.8799    2.8693       1,4
    9( H),  6( C)    2.7425    2.7411          
   10( H),  4( C)    2.7971    2.7896       1,4
   10( H),  6( C)    2.7971    2.7896       1,4
   10( H),  7( H)    2.5467    2.5350       1,4
   10( H),  9( H)    2.4958    2.4829       1,4
   11( H),  1( C)    2.7971    2.7896       1,4
   11( H),  5( C)    2.7971    2.7896       1,4
   11( H),  8( H)    2.5867    2.5848          
   12( H),  6( C)    2.7022    2.6962       1,4
   12( H), 11( H)    2.5467    2.5350       1,4
   13( H),  2( C)    2.8799    2.8693       1,4
   13( H),  5( C)    2.7425    2.7411          
   13( H), 11( H)    2.4958    2.4829       1,4
   14( H),  2( C)    2.8072    2.7977       1,4
   14( H),  6( C)    2.8369    2.8259       1,4
   14( H), 10( H)    2.5867    2.5848          
   15( H),  3( C)    2.8799    2.8693       1,4
   15( H),  4( C)    2.7425    2.7411          
   15( H), 10( H)    2.4958    2.4829       1,4
   15( H), 13( H)    2.2066    2.2122          
   16( H),  1( C)    2.8369    2.8259       1,4
   16( H),  3( C)    2.8072    2.7977       1,4
   16( H), 11( H)    2.5867    2.5848          
   17( H),  1( C)    2.7022    2.6962       1,4
   17( H),  7( H)    2.4200    2.4276          
   17( H), 10( H)    2.5467    2.5350       1,4
   18( H),  4( C)    2.7022    2.6962       1,4
   18( H), 11( H)    2.5467    2.5350       1,4
   18( H), 12( H)    2.4200    2.4276          
   19( H),  2( C)    2.8072    2.7977       1,4
   19( H),  4( C)    2.8369    2.8259       1,4
   19( H), 10( H)    2.5867    2.5848          
   20( H),  1( C)    2.7425    2.7411          
   20( H),  2( C)    2.8799    2.8693       1,4
   20( H),  9( H)    2.2066    2.2122          
   20( H), 11( H)    2.4958    2.4829       1,4


         THE MOMENTS OF INERTIA CALCULATED FROM R(g), R(z) VALUES
                  (also from R(e), R(alpha), R(s) VALUES)

         Note: (1) All calculations are based on principle isotopes.
               (2) R(z) values include harmonic vibration (Coriolis)
                   contribution indicated in parentheses.


   (1)  UNIT = 10**(-39) GM*CM**2

                    IX                   IY                   IZ

   R(e)        19.8633              28.8136              44.3669
   R(z)        19.9536(-0.0291)     29.1056(-0.0195)     44.7989(-0.0111)

   (2)  UNIT = AU A**2

                    IX                   IY                   IZ

   R(e)       119.6326             173.5388             267.2127
   R(z)       120.1766(-0.1755)    175.2969(-0.1176)    269.8150(-0.0666)


 ==============================================================================
                      STATISTICAL THERMODYNAMICS ANALYSIS
 ==============================================================================

  Structure name    : 2,3-dimethylbutane-anti                                     
  Temperature       :   298.16 K
  Symmetry number   :   2
  Optical isomers   :   1
  Zero Point Energy :  114.692 Kcal/mol


                     ENERGY** ENTHALPY**  ENTROPY  FREE ENERGY** HEAT CAPACITY**
                  (Kcal/mol) (Kcal/mol)     (eu)   (Kcal/mol)    (cal/mol/deg)
  Translational       0.889      0.889     39.276    -10.822         2.981
     Rotational       0.889      0.889     25.697     -6.773         2.981
    Vibrational*    118.153%   118.153%    19.699    112.280%       24.958
         PV(RT)       0.000      0.593      0.000      0.593         1.987
      Potential       6.205#     6.205#     0.000      6.205#        0.000
         Mixing       0.000      0.000      0.000      0.000         0.000
          Total*    126.135    126.728     84.672    101.482        32.907

  Enthalpy Function (H-Ho)/T     =   19.56 cal/mol/deg
  Free Energy Function -(G-Ho)/T =   65.11 cal/mol/deg

  % Includes zero point energy (ZPE).
  * Excludes contribution from frequencies lower than 10 (1/cm).
  # Includes steric energy (SE).
    Internal rotation contributions are not considered
 ** These quantities are relative to the R(e) values (
    bottom of potential well) and do NOT include bonding

  This structure has   0 imaginary frequencies,
                       0 free internal rotation (fir) frequencies
                         (>= 0,< 10 /cm),
                       0 restricted internal rotation (rir) frequencies
                         (>= 10,< 40 /cm),
                       6 zero frequencies, and
                      54 real frequencies.


      FINAL STERIC ENERGY IS                6.2046 KCAL/MOL.


                  COMPRESSION               0.3795
                  STRETCH-STRETCH           0.0000
                  BENDING                   0.5337
                  BEND-BEND                -0.0219
                  STRETCH-BEND              0.0535
                  VANDERWAALS
                    1,4 ENERGY              3.2292
                    OTHER                   1.3125
                  H-BONDING                 0.0000
                  PI-COMPLX                 0.0000
                  TORSIONAL                 0.7458
                  TORSION-STRETCH          -0.0076
                  TORSION-BEND              0.0000
                  BEND-TORSION-BEND        -0.0201
                  TORSION-IMPT              0.0000
                  IMPT-TORSION-IMPT         0.0000
                  TORSION-TORSION           0.0000
                  DIPOLE-DIPOLE             0.0000
                  CHARGE-DIPOLE             0.0000
                  IND-DIP CORR.             0.0000
                  CHARGE-CHARGE             0.0000


      MOLECULAR POLARIZABILITIES (A**3)

        ALPHA(1)   =      13.22
        ALPHA(2)   =      13.95
        ALPHA(3)   =      11.55
        AVG. ALPHA =      12.91


      DIPOLE MOMENT =          0.0000 D

        SIGMA-DIPOLE MOMENT =  0.0000 (X =  0.0000    Y =  0.0000    Z =  0.0000)


      DIPOLE MOMENT =          0.0000 D (INCLUDES INDUCED BOND MOMENTS)

        SIGMA-DIPOLE MOMENT =  0.0000 (X =  0.0000    Y =  0.0000    Z =  0.0000)


      OTHER MOLECULAR PROPERTIES:

        Molar Polarizability:    32.5474 cm**3/mole
        Molar Refraction:        32.5474 cm**3/mole
        Radius of Gyration:       2.5724 A
        Molecular VDW Surface:  197.0692 A**2
        Molecular VDW Volume:   185.5671 A**3
        Dispersion Energy:      -12.0132 Kcal/mole
        Density (gas):          0.003517 g/cm**3 (@  298.2 K, 1 atm)
        Density (cdn):            0.6698 g/cm**3 (@STP Estd.)
        Ref. Index (gas):       1.001997 (@  298.2 K, 1 atm)
        Ref. Index (cdn):         1.4208 (@STP Estd.)
        Diel. Constant (gas):     1.0040 (@  298.2 K, 1 atm)
        Diel. Constant (cdn):     2.0188 (@STP Estd.)



      TOTAL ATOMIC CHARGE ON EACH ATOM (in ELECTRON CHARGE)

           C(    1):          0.000
           C(    2):          0.000
           C(    3):          0.000
           C(    4):          0.000
           C(    5):          0.000
           C(    6):          0.000
           H(    7):          0.000
           H(    8):          0.000
           H(    9):          0.000
           H(   10):          0.000
           H(   11):          0.000
           H(   12):          0.000
           H(   13):          0.000
           H(   14):          0.000
           H(   15):          0.000
           H(   16):          0.000
           H(   17):          0.000
           H(   18):          0.000
           H(   19):          0.000
           H(   20):          0.000

      -----------------------------------------------------------------

        END OF 2,3-dimethylbutane-anti                                     


           TOTAL CPU TIME IS      0.12 SECONDS.

           THIS JOB COMPLETED AT    17:21:52
