 
               ---------------------------------------------
               WARNING : INCORRECT ATOM TYPES GIVEN IN INPUT
                         DATA ARE CORRECTED AS FOLLOWS
               ---------------------------------------------


             Atom type of atom    1 is replaced by   1 (was   0)
             Atom type of atom    2 is replaced by   1 (was   0)
             Atom type of atom    3 is replaced by   1 (was   0)
             Atom type of atom    4 is replaced by   1 (was   0)
             Atom type of atom    5 is replaced by   1 (was   0)
             Atom type of atom    6 is replaced by   1 (was   0)
             Atom type of atom    7 is replaced by   5 (was   0)
             Atom type of atom    8 is replaced by   5 (was   0)
             Atom type of atom    9 is replaced by   5 (was   0)
             Atom type of atom   10 is replaced by   5 (was   0)
             Atom type of atom   11 is replaced by   5 (was   0)
             Atom type of atom   12 is replaced by   5 (was   0)
             Atom type of atom   13 is replaced by   5 (was   0)
             Atom type of atom   14 is replaced by   5 (was   0)
             Atom type of atom   15 is replaced by   5 (was   0)
             Atom type of atom   16 is replaced by   5 (was   0)
             Atom type of atom   17 is replaced by   5 (was   0)
             Atom type of atom   18 is replaced by   5 (was   0)
             Atom type of atom   19 is replaced by   5 (was   0)
             Atom type of atom   20 is replaced by   5 (was   0)
 
     2,3-dimethylbutane-g                                        

               CHEMICAL FORMULA :  C(    6)  H(   14) 
               FORMULA WEIGHT   :     86.112
                                                               DATE 27-MAY-23
                                                               TIME  17:24:53


          THE COORDINATES OF    20 ATOMS ARE READ IN.
          SOME CONSTANTS WILL BE READ IN.

      CONFORMATIONAL ENERGY, PART 1:  GEOMETRY AND STERIC ENERGY
                                      OF INITIAL CONFORMATION.


      CONNECTED ATOMS
          1-    2-    3-    4-
          2-    5-
          3-    6-

      ATTACHED ATOMS
          1-    7,    1-    8,    1-    9,    2-   10,    3-   11,    4-   12,
          4-   13,    4-   14,    5-   15,    5-   16,    5-   17,    6-   18,
          6-   19,    6-   20,

      INITIAL ATOMIC COORDINATES
           ATOM          X           Y           Z      TYPE
         C(    1)    -2.41867     1.81906    -0.56552   (  1)
         C(    2)    -1.31711     0.73698    -0.36747   (  1)
         C(    3)     0.13711     1.34300    -0.36747   (  1)
         C(    4)     0.47286     2.23096     0.86607   (  1)
         C(    5)    -1.65288    -0.15095     0.86609   (  1)
         C(    6)     1.23867     0.26093    -0.56551   (  1)
         H(    7)    -3.39112     1.34572    -0.71924   (  5)
         H(    8)    -2.49178     2.47240     0.30522   (  5)
         H(    9)    -2.20253     2.43042    -1.44405   (  5)
         H(   10)    -1.38985     0.08480    -1.24462   (  5)
         H(   11)     0.20986     1.99518    -1.24462   (  5)
         H(   12)     1.45625     2.69032     0.74383   (  5)
         H(   13)    -0.25509     3.03503     0.97719   (  5)
         H(   14)     0.48478     1.63964     1.78309   (  5)
         H(   15)    -0.92491    -0.95504     0.97720   (  5)
         H(   16)    -1.66476     0.44042     1.78311   (  5)
         H(   17)    -2.63629    -0.61030     0.74385   (  5)
         H(   18)     2.21114     0.73429    -0.71926   (  5)
         H(   19)     1.31180    -0.39241     0.30526   (  5)
         H(   20)     1.02251    -0.35045    -1.44404   (  5)

        %=%=%=%=%=%=%=%=%=%=%=%=%=%=%=%=%=%=%=%=%=%=%=%=%=%=%=

        MM4(08)-v010108: (Const:V010108-00)

        The Parameters Used in This Calculation Can be Found
        in the Publication(s) Listed in the PART 3

        %=%=%=%=%=%=%=%=%=%=%=%=%=%=%=%=%=%=%=%=%=%=%=%=%=%=%=


          DIELECTRIC CONSTANT =  1.500


      INITIAL STERIC ENERGY IS              9.9303 KCAL/MOL.

                  COMPRESSION               3.7089
                  STRETCH-STRETCH           0.0000
                  BENDING                   1.4383
                  BEND-BEND                 0.0342
                  STRETCH-BEND              0.2783
                  VANDERWAALS
                    1,4 ENERGY              3.2204
                    OTHER                   0.2961
                  H-BONDING                 0.0000
                  PI-COMPLX                 0.0000
                  TORSIONAL                 1.0757
                  TORSION-STRETCH          -0.0273
                  TORSION-BEND              0.0000
                  BEND-TORSION-BEND        -0.0943
                  TORSION-IMPT              0.0000
                  IMPT-TORSION-IMPT         0.0000
                  TORSION-TORSION           0.0000
                  DIPOLE-DIPOLE             0.0000
                  CHARGE-DIPOLE             0.0000
                  IND_DIP CORR.             0.0000
                  CHARGE-CHARGE             0.0000


      MOMENT OF INERTIA ( R(g) ) WITH THE PRINCIPAL AXES

          (1)  UNIT = 10**(-39) GM*CM**2
               IX=   20.2605    IY=   34.4725    IZ=   39.1526

          (2)  UNIT = AU A**2
               IX=  122.0291    IY=  207.6279    IZ=  235.8159


      MOLECULAR POLARIZABILITIES (A**3)

        ALPHA(1)   =      12.99
        ALPHA(2)   =      12.13
        ALPHA(3)   =      11.86
        AVG. ALPHA =      12.33


      DIPOLE MOMENT =          0.0000 D

        SIGMA-DIPOLE MOMENT =  0.0000 (X =  0.0000    Y =  0.0000    Z =  0.0000)


      DIPOLE MOMENT =          0.0000 D (INCLUDES INDUCED BOND MOMENTS)

        SIGMA-DIPOLE MOMENT =  0.0000 (X =  0.0000    Y =  0.0000    Z =  0.0000)


      OTHER MOLECULAR PROPERTIES:

        Molar Polarizability:    31.0795 cm**3/mole
        Molar Refraction:        31.0795 cm**3/mole
        Radius of Gyration:       2.5642 A
        Molecular VDW Surface:  195.5735 A**2
        Molecular VDW Volume:   185.0874 A**3
        Dispersion Energy:      -11.2677 Kcal/mole
        Density (gas):          0.003517 g/cm**3 (@  298.2 K, 1 atm)
        Density (cdn):            0.6715 g/cm**3 (@STP Estd.)
        Ref. Index (gas):       1.001907 (@  298.2 K, 1 atm)
        Ref. Index (cdn):         1.4005 (@STP Estd.)
        Diel. Constant (gas):     1.0038 (@  298.2 K, 1 atm)
        Diel. Constant (cdn):     1.9614 (@STP Estd.)



      CPU TIME FOR INITIAL CALCULATION IS     0.03 SECONDS.
 


     2,3-dimethylbutane-g                                        


     CONFORMATIONAL ENERGY, PART 2: GEOMETRY MINIMIZATION

               GEOMETRY OPTIMIZATION IS CONTINUED UNTIL ATOM
               MOVEMENT CONVERGES WITHIN FOLLOWING VALUES:

                         AVERAGE MOVEMENT  0.00013 A
                         MAXIMUM MOVEMENT  0.00134 A



     <<<<<<<<<<<<<<<<<<<<<<<<<<  C Y C L E   1 >>>>>>>>>>>>>>>>>>>>>>>>>>

                              (CH)-MOVEMENT = 1

     ITER    1  AVG. MOVE = 0.01499 A  (MAX MOVE: ATOM     5   0.07068 A)
     ITER    2  AVG. MOVE = 0.00387 A  (MAX MOVE: ATOM     1   0.02349 A)
     ITER    3  AVG. MOVE = 0.00168 A  (MAX MOVE: ATOM     1   0.01642 A)
     ITER    4  AVG. MOVE = 0.00103 A  (MAX MOVE: ATOM     1   0.00718 A)
     ITER    5  AVG. MOVE = 0.00082 A  (MAX MOVE: ATOM     1   0.00435 A)
     ITER    6  AVG. MOVE = 0.00071 A  (MAX MOVE: ATOM    16   0.00312 A)
     ITER    7  AVG. MOVE = 0.00063 A  (MAX MOVE: ATOM    16   0.00314 A)
     ITER    8  AVG. MOVE = 0.00058 A  (MAX MOVE: ATOM    16   0.00307 A)
     ITER    9  AVG. MOVE = 0.00054 A  (MAX MOVE: ATOM    16   0.00297 A)
     ITER   10  AVG. MOVE = 0.00051 A  (MAX MOVE: ATOM    15   0.00289 A)
     ITER   11  AVG. MOVE = 0.00047 A  (MAX MOVE: ATOM    15   0.00278 A)
     ITER   12  AVG. MOVE = 0.00045 A  (MAX MOVE: ATOM    15   0.00267 A)
     ITER   13  AVG. MOVE = 0.00042 A  (MAX MOVE: ATOM    15   0.00256 A)
     ITER   14  AVG. MOVE = 0.00040 A  (MAX MOVE: ATOM    15   0.00245 A)
     ITER   15  AVG. MOVE = 0.00038 A  (MAX MOVE: ATOM    15   0.00234 A)
     ITER   16  AVG. MOVE = 0.00036 A  (MAX MOVE: ATOM    15   0.00223 A)
     ITER   17  AVG. MOVE = 0.00034 A  (MAX MOVE: ATOM    15   0.00213 A)
     ITER   18  AVG. MOVE = 0.00033 A  (MAX MOVE: ATOM    15   0.00203 A)
     ITER   19  AVG. MOVE = 0.00032 A  (MAX MOVE: ATOM    15   0.00193 A)
     ITER   20  AVG. MOVE = 0.00030 A  (MAX MOVE: ATOM    15   0.00184 A)
     ITER   21  AVG. MOVE = 0.00029 A  (MAX MOVE: ATOM    15   0.00176 A)
     ITER   22  AVG. MOVE = 0.00028 A  (MAX MOVE: ATOM    15   0.00168 A)
     ITER   23  AVG. MOVE = 0.00027 A  (MAX MOVE: ATOM    15   0.00160 A)
     ITER   24  AVG. MOVE = 0.00026 A  (MAX MOVE: ATOM    15   0.00153 A)
     ITER   25  AVG. MOVE = 0.00025 A  (MAX MOVE: ATOM    15   0.00146 A)
     ITER   26  AVG. MOVE = 0.00024 A  (MAX MOVE: ATOM    15   0.00140 A)
     ITER   27  AVG. MOVE = 0.00024 A  (MAX MOVE: ATOM    15   0.00134 A)
     ITER   28  AVG. MOVE = 0.00023 A  (MAX MOVE: ATOM    15   0.00128 A)
     ITER   29  AVG. MOVE = 0.00022 A  (MAX MOVE: ATOM    15   0.00122 A)
     ITER   30  AVG. MOVE = 0.00021 A  (MAX MOVE: ATOM    15   0.00117 A)
     ITER   31  AVG. MOVE = 0.00021 A  (MAX MOVE: ATOM    15   0.00112 A)
     ITER   32  AVG. MOVE = 0.00020 A  (MAX MOVE: ATOM    15   0.00108 A)
     ITER   33  AVG. MOVE = 0.00019 A  (MAX MOVE: ATOM    15   0.00103 A)
     ITER   34  AVG. MOVE = 0.00019 A  (MAX MOVE: ATOM    15   0.00099 A)
     ITER   35  AVG. MOVE = 0.00018 A  (MAX MOVE: ATOM    15   0.00095 A)
     ITER   36  AVG. MOVE = 0.00018 A  (MAX MOVE: ATOM    15   0.00091 A)
     ITER   37  AVG. MOVE = 0.00017 A  (MAX MOVE: ATOM    15   0.00088 A)
     ITER   38  AVG. MOVE = 0.00016 A  (MAX MOVE: ATOM    15   0.00085 A)
     ITER   39  AVG. MOVE = 0.00016 A  (MAX MOVE: ATOM    15   0.00081 A)
     ITER   40  AVG. MOVE = 0.00015 A  (MAX MOVE: ATOM    15   0.00078 A)
     ITER   41  AVG. MOVE = 0.00015 A  (MAX MOVE: ATOM    15   0.00075 A)
     ITER   42  AVG. MOVE = 0.00014 A  (MAX MOVE: ATOM    15   0.00072 A)
     ITER   43  AVG. MOVE = 0.00014 A  (MAX MOVE: ATOM    15   0.00070 A)
     ITER   44  AVG. MOVE = 0.00014 A  (MAX MOVE: ATOM    15   0.00067 A)
     ITER   45  AVG. MOVE = 0.00013 A  (MAX MOVE: ATOM    15   0.00065 A)


     <<<<<<<<<<<<<<<<<<<<<<<<<<  C Y C L E   2 >>>>>>>>>>>>>>>>>>>>>>>>>>

                              (CH)-MOVEMENT = 0

     ITER   46  AVG. MOVE = 0.00008 A  (MAX MOVE: ATOM    15   0.00060 A)


              * * * * * * * * * GEOMETRY IS OPTIMIZED * * * * * * * * *

               WITHIN : AVERAGE MOVEMENT  0.00008 A (LIMIT  0.00013 A)
                        MAXIMUM MOVEMENT  0.00060 A (LIMIT  0.00134 A)

               GRADIENT
                 RMS GRADIENT                  0.008759 KCAL/MOL/A

                 MAX GRADIENT
                   X-DIRECTION : ATOM #   16   0.013839 KCAL/MOL/A
                   Y-DIRECTION : ATOM #    4   0.021155 KCAL/MOL/A
                   Z-DIRECTION : ATOM #    1   0.023104 KCAL/MOL/A

        DELTA TIME =    0.00 SEC.       TOTAL CPU TIME =      0.05 SEC.


                            =====================
                            FULL-MATRIX OPTIMIZER
                            =====================


     iter.  rms force   max force   avg. move    max move  atom  convg  d-time

        0    0.014207    0.050772   0.00316 A   0.01865 A   15    [N]     0.0s
        1    0.015074    0.034319   0.00002 A   0.00010 A   19    [N]     0.0s
        2    0.000034    0.000096                                 [Y]     0.0s


      TOTAL ENERGY IS      6.3484 KCAL/MOL.

        COMPRESS    0.3344      VDW 1,4    3.3033      DIPL-DIPL    0.0000
        STR-STR     0.0000        OTHER    0.9639      CHRG-DIPL    0.0000
        BENDING     0.8997      TORSION    0.8790      CHRG-CHRG    0.0000
        BEND-BEND  -0.0103      TOR-STR   -0.0056      EPR          0.0000
        STR-BEND    0.0695      TOR-BEND   0.0000      TOR-BENBEN  -0.0854
        TOR-IMPT    0.0000      TOR-IPIP   0.0000      TORS-TORS    0.0000
        IND-DIP     0.0000      H-BOND     0.0000      PI-COMPLX    0.0000
0     DELTA(T) =     0.0 SEC.          ELAPSED TIME =     0.1 SEC.


    * * * ENERGY IS STATIONARY WITHIN RMS OF FORCES   0.00014  Kcal/mol/A * * *

                 * * * *  RMS FORCE IS   0.00003 Kcal/mol/A * * * *

 
     2,3-dimethylbutane-g                                        


     %=%=%=%=%=%=%=%=%=%=%=%=%=%=%=%=%=%=%=%=%=%=%=%=%=%=%=%=%=%=%=%=%=%=%=

     The Parameters Used in This Calculation Can be Found in the Following
     Publication(s):

     The MM4 Program is Developed by Dr. N. L. Allinger and co-workers at  
     the University of Georgia, Athens, Georgia 30602-2556 USA.            
     (c) Copyright 2003 by N. L. Allinger. All rights reserved.            
                                                                           
     MM4 General Description and Alkanes:                                  
      Allinger,N.L.; Chen,K.; Lii,J.-H. J. Comput. Chem. 1996, 17, 642.    

     %=%=%=%=%=%=%=%=%=%=%=%=%=%=%=%=%=%=%=%=%=%=%=%=%=%=%=%=%=%=%=%=%=%=%=

               CHEMICAL FORMULA :  C(    6)  H(   14) 
               FORMULA WEIGHT   :     86.112
                                                               DATE : 27-MAY-23

           * M M 4 * * * * * * * * * * * 2 0 0 8 *
           *                                     *   PARAMETER RELIABILITY
           *                                     *
           *                                     *   BLANK = GOOD
           *                                     *       B = FAIR
           *                                     *       C = TRIAL
           *                                     *       R = READ IN
           *                                     *       S = SUBSTITUTED
           *                                     *       U = PARAMETER NOT EXIST
           *                                     *
           *                                     *   THIS IS SHOWN AT THE END 
           *                                     *   OF THE LINE.
           * * * * * * * * * * * * * * * * * * * * 


      CONFORMATIONAL ENERGY, PART 3:  GEOMETRY AND STERIC ENERGY
                                      OF FINAL CONFORMATION.

      CONNECTED ATOMS
          1-    2-    3-    4-
          2-    5-
          3-    6-

      ATTACHED ATOMS
          1-    7,    1-    8,    1-    9,    2-   10,    3-   11,    4-   12,
          4-   13,    4-   14,    5-   15,    5-   16,    5-   17,    6-   18,
          6-   19,    6-   20,

      FINAL ATOMIC COORDINATE
           ATOM          X           Y           Z      TYPE
         C(    1)    -1.80529     0.75633    -0.50637   (  1)
         C(    2)    -0.70693    -0.31489    -0.38103   (  1)
         C(    3)     0.70693     0.31489    -0.38103   (  1)
         C(    4)     0.98304     1.20925     0.83975   (  1)
         C(    5)    -0.98304    -1.20925     0.83975   (  1)
         C(    6)     1.80529    -0.75633    -0.50637   (  1)
         H(    7)    -2.80592     0.28919    -0.64460   (  5)
         H(    8)    -1.87072     1.40137     0.39637   (  5)
         H(    9)    -1.63274     1.42153    -1.38132   (  5)
         H(   10)    -0.77712    -0.96107    -1.29034   (  5)
         H(   11)     0.77712     0.96107    -1.29034   (  5)
         H(   12)     1.98671     1.68411     0.76364   (  5)
         H(   13)     0.24431     2.03453     0.93110   (  5)
         H(   14)     0.96691     0.63793     1.79299   (  5)
         H(   15)    -0.24431    -2.03453     0.93110   (  5)
         H(   16)    -0.96691    -0.63793     1.79299   (  5)
         H(   17)    -1.98671    -1.68411     0.76364   (  5)
         H(   18)     2.80592    -0.28919    -0.64460   (  5)
         H(   19)     1.87072    -1.40137     0.39637   (  5)
         H(   20)     1.63274    -1.42153    -1.38132   (  5)


          DIELECTRIC CONSTANT =  1.500


      BOND LENGTHS AND STRETCHING ENERGY   (   19 BONDS)

        ENERGY = 71.94(KS)(DR)(DR)(1-(CS)(DR)+(7/12)((CS)(DR))**2)-
                       (1/4)((CS)(DR))**3)+(31/360)((CS)(DR))**4))
                         DR =  R-RO
                         CS =  3.000 FOR X-Y BONDS
                            =  2.200 FOR X-H BONDS
                                                            R(0)-CORR        CORR
             BOND          R(g)    R(0)    K(S)  ENERGY   E-NEG  MISCEL       KS
      C(    1)- C(    2)  1.5394  1.5270  4.550  0.0482                            
      C(    1)- H(    7)  1.1129  1.1120  4.740  0.0003                            
      C(    1)- H(    8)  1.1114  1.1120  4.740  0.0001                            
      C(    1)- H(    9)  1.1126  1.1120  4.740  0.0001                            
      C(    2)- C(    3)  1.5478  1.5270  4.550  0.1327                            
      C(    2)- C(    5)  1.5383  1.5270  4.550  0.0405                            
      C(    2)- H(   10)  1.1177  1.1120  4.740  0.0111                            
      C(    3)- C(    4)  1.5383  1.5270  4.550  0.0405                            
      C(    3)- C(    6)  1.5394  1.5270  4.550  0.0482                            
      C(    3)- H(   11)  1.1177  1.1120  4.740  0.0111                            
      C(    4)- H(   12)  1.1129  1.1120  4.740  0.0003                            
      C(    4)- H(   13)  1.1114  1.1120  4.740  0.0001                            
      C(    4)- H(   14)  1.1115  1.1120  4.740  0.0001                            
      C(    5)- H(   15)  1.1114  1.1120  4.740  0.0001                            
      C(    5)- H(   16)  1.1115  1.1120  4.740  0.0001                            
      C(    5)- H(   17)  1.1129  1.1120  4.740  0.0003                            
      C(    6)- H(   18)  1.1129  1.1120  4.740  0.0003                            
      C(    6)- H(   19)  1.1114  1.1120  4.740  0.0001                            
      C(    6)- H(   20)  1.1126  1.1120  4.740  0.0001                            


      NON-BONDED DISTANCES, VDW AND EPR ENERGY   (   135 PAIRS)

              E(VDW) = KV*(1.84(10**5)EXP(-12.00/P) - 2.25(P**6))
              E(EPR) = C*KV*(1.84(10**5)EXP(-12.00/Q) - 2.25(Q**6))
              E(HBD) = EP1-EP2*F(THET1,THET2)*RTH/RTH0
                            EP1 = KHB*2.76(10**5)*EXP(-12.0/P)
                            EP2 = KHB*2.25(P**6)
                              F = FAC*(1+COS(THET1)^N*(1+COS(THET2))^N

            IF P > 3.020, THEN,
              E(VDW) = KV(192.270)(P**2)
              E(HBD) = EP1-EP2*F(THET1,THET2)*RTH/RTH0
                            EP1 = KHB*569.14*P**2
                            EP2 = KHB*187.16*P**2

                       RV = RVDW(I) + RVDW(K)
                       KV = SQRT(EPS(I)*EPS(K))
                      KHB = HYDROGEN BOND ENERGY PARAMETER
                        P = (RV/R) OR (RV/R#)
                        C = SCALE FACTOR
                        Q = RV/R, WHERE R IS MODIFIED DISTANCE
                        N = 1 WHEN Y IS NITROGEN, AND 2 FOR OTHERS
                      FAC = 1/4 WHEN N=1, AND 1/16 WHEN N=2
                    THET1 = ANGLE H-X-Y IN HYDROGEN BOND X-H...Y
                    THET2 = ANGLE X-Y-LP IN HYDROGEN BOND X...Y-LP
                      RTH = BOND LENGTH X-H IN X-H...Y
                     RTH0 = NATURAL BOND LENGTH X-H

          # IN THE VDW CALCULATIONS THE HYDROGEN ATOMS ARE RELOCATED
          SO THAT THE ATTACHED HYDROGEN DISTANCE IS REDUCED BY 0.940

          # IN THE VDW CALCULATIONS THE DEUTERIUM ATOMS ARE RELOCATED
          SO THAT THE ATTACHED DEUTERIUM DISTANCE IS REDUCED BY  0.940

           ATOM PAIR          R       R#       RV      KV       ENERGY
      C(    1), C(    3)   2.5538
      C(    1), C(    4)   3.1292            3.920   0.0370     0.1490  1,4    
      C(    1), C(    5)   2.5202
      C(    1), C(    6)   3.9146            3.920   0.0370    -0.0414  1,4    
      C(    1), H(   10)   2.1497
      C(    1), H(   11)   2.7065   2.6845   3.440   0.0240     0.1394  1,4    
      C(    1), H(   12)   4.1052   4.0447   3.440   0.0240    -0.0171         
      C(    1), H(   13)   2.8109   2.8187   3.440   0.0240     0.0586         
      C(    1), H(   14)   3.6036   3.5672   3.440   0.0240    -0.0260         
      C(    1), H(   15)   3.5060   3.4447   3.440   0.0240    -0.0269  1,4    
      C(    1), H(   16)   2.8167   2.7873   3.440   0.0240     0.0736  1,4    
      C(    1), H(   17)   2.7571   2.7307   3.440   0.0240     0.1063  1,4    
      C(    1), H(   18)   4.7303   4.6779   3.440   0.0240    -0.0082         
      C(    1), H(   19)   4.3570   4.3237   3.440   0.0240    -0.0125         
      C(    1), H(   20)   4.1628   4.1399   3.440   0.0240    -0.0154         
      C(    2), C(    4)   2.5825
      C(    2), C(    6)   2.5538
      C(    2), H(    7)   2.2000
      C(    2), H(    8)   2.2146
      C(    2), H(    9)   2.2075
      C(    2), H(   11)   2.1581
      C(    2), H(   12)   3.5443   3.4840   3.440   0.0240    -0.0268  1,4    
      C(    2), H(   13)   2.8542   2.8263   3.440   0.0240     0.0552  1,4    
      C(    2), H(   14)   2.9045   2.8741   3.440   0.0240     0.0366  1,4    
      C(    2), H(   15)   2.2120
      C(    2), H(   16)   2.2132
      C(    2), H(   17)   2.1961
      C(    2), H(   18)   3.5228   3.4622   3.440   0.0240    -0.0268  1,4    
      C(    2), H(   19)   2.9033   2.8714   3.440   0.0240     0.0375  1,4    
      C(    2), H(   20)   2.7748   2.7493   3.440   0.0240     0.0947  1,4    
      C(    3), C(    5)   2.5825
      C(    3), H(    7)   3.5228   3.4622   3.440   0.0240    -0.0268  1,4    
      C(    3), H(    8)   2.9033   2.8714   3.440   0.0240     0.0375  1,4    
      C(    3), H(    9)   2.7748   2.7493   3.440   0.0240     0.0947  1,4    
      C(    3), H(   10)   2.1581
      C(    3), H(   12)   2.1961
      C(    3), H(   13)   2.2120
      C(    3), H(   14)   2.2132
      C(    3), H(   15)   2.8542   2.8263   3.440   0.0240     0.0552  1,4    
      C(    3), H(   16)   2.9045   2.8741   3.440   0.0240     0.0366  1,4    
      C(    3), H(   17)   3.5443   3.4840   3.440   0.0240    -0.0268  1,4    
      C(    3), H(   18)   2.2000
      C(    3), H(   19)   2.2146
      C(    3), H(   20)   2.2075
      C(    4), C(    5)   3.1168            3.920   0.0370     0.1595  1,4    
      C(    4), C(    6)   2.5202
      C(    4), H(    7)   4.1721   4.1084   3.440   0.0240    -0.0160         
      C(    4), H(    8)   2.8944   2.8970   3.440   0.0240     0.0290         
      C(    4), H(    9)   3.4381   3.4101   3.440   0.0240    -0.0268         
      C(    4), H(   10)   3.5137   3.4547   3.440   0.0240    -0.0269  1,4    
      C(    4), H(   11)   2.1544
      C(    4), H(   15)   3.4694   3.4392   3.440   0.0240    -0.0269         
      C(    4), H(   16)   2.8501   2.8546   3.440   0.0240     0.0437         
      C(    4), H(   17)   4.1469   4.0839   3.440   0.0240    -0.0164         
      C(    4), H(   18)   2.7877   2.7598   3.440   0.0240     0.0885  1,4    
      C(    4), H(   19)   2.7928   2.7647   3.440   0.0240     0.0858  1,4    
      C(    4), H(   20)   3.5037   3.4425   3.440   0.0240    -0.0269  1,4    
      C(    5), C(    6)   3.1292            3.920   0.0370     0.1490  1,4    
      C(    5), H(    7)   2.7877   2.7598   3.440   0.0240     0.0885  1,4    
      C(    5), H(    8)   2.7928   2.7647   3.440   0.0240     0.0858  1,4    
      C(    5), H(    9)   3.5037   3.4425   3.440   0.0240    -0.0269  1,4    
      C(    5), H(   10)   2.1544
      C(    5), H(   11)   3.5137   3.4547   3.440   0.0240    -0.0269  1,4    
      C(    5), H(   12)   4.1469   4.0839   3.440   0.0240    -0.0164         
      C(    5), H(   13)   3.4694   3.4392   3.440   0.0240    -0.0269         
      C(    5), H(   14)   2.8501   2.8546   3.440   0.0240     0.0437         
      C(    5), H(   18)   4.1721   4.1084   3.440   0.0240    -0.0160         
      C(    5), H(   19)   2.8944   2.8970   3.440   0.0240     0.0290         
      C(    5), H(   20)   3.4381   3.4101   3.440   0.0240    -0.0268         
      C(    6), H(    7)   4.7303   4.6779   3.440   0.0240    -0.0082         
      C(    6), H(    8)   4.3570   4.3237   3.440   0.0240    -0.0125         
      C(    6), H(    9)   4.1628   4.1399   3.440   0.0240    -0.0154         
      C(    6), H(   10)   2.7065   2.6845   3.440   0.0240     0.1394  1,4    
      C(    6), H(   11)   2.1497
      C(    6), H(   12)   2.7571   2.7307   3.440   0.0240     0.1063  1,4    
      C(    6), H(   13)   3.5060   3.4447   3.440   0.0240    -0.0269  1,4    
      C(    6), H(   14)   2.8167   2.7873   3.440   0.0240     0.0736  1,4    
      C(    6), H(   15)   2.8109   2.8187   3.440   0.0240     0.0586         
      C(    6), H(   16)   3.6036   3.5672   3.440   0.0240    -0.0260         
      C(    6), H(   17)   4.1052   4.0447   3.440   0.0240    -0.0171         
      H(    7), H(    8)   1.7875
      H(    7), H(    9)   1.7892
      H(    7), H(   10)   2.4690   2.4059   3.280   0.0170     0.2249  1,4    
      H(    7), H(   11)   3.7022   3.6204   3.280   0.0170    -0.0156         
      H(    7), H(   12)   5.1863   5.0591   3.280   0.0170    -0.0028         
      H(    7), H(   13)   3.8514   3.7986   3.280   0.0170    -0.0130         
      H(    7), H(   14)   4.5053   4.4210   3.280   0.0170    -0.0061         
      H(    7), H(   15)   3.8006   3.7119   3.280   0.0170    -0.0143         
      H(    7), H(   16)   3.1911   3.1252   3.280   0.0170    -0.0173         
      H(    7), H(   17)   2.5589   2.5566   3.280   0.0170     0.1005         
      H(    7), H(   18)   5.6416   5.5283   3.280   0.0170    -0.0017         
      H(    7), H(   19)   5.0806   5.0056   3.280   0.0170    -0.0030         
      H(    7), H(   20)   4.8136   4.7570   3.280   0.0170    -0.0040         
      H(    8), H(    9)   1.7937
      H(    8), H(   10)   3.1020   2.9846   3.280   0.0170    -0.0107  1,4    
      H(    8), H(   11)   3.1702   3.1068   3.280   0.0170    -0.0167         
      H(    8), H(   12)   3.8852   3.8284   3.280   0.0170    -0.0125         
      H(    8), H(   13)   2.2716   2.3181   3.280   0.0170     0.3418         
      H(    8), H(   14)   3.2535   3.2333   3.280   0.0170    -0.0189         
      H(    8), H(   15)   3.8388   3.7467   3.280   0.0170    -0.0137         
      H(    8), H(   16)   2.6318   2.6250   3.280   0.0170     0.0655         
      H(    8), H(   17)   3.1094   3.0488   3.280   0.0170    -0.0145         
      H(    8), H(   18)   5.0806   5.0056   3.280   0.0170    -0.0030         
      H(    8), H(   19)   4.6748   4.6225   3.280   0.0170    -0.0047         
      H(    8), H(   20)   4.8377   4.7584   3.280   0.0170    -0.0040         
      H(    9), H(   10)   2.5332   2.4645   3.280   0.0170     0.1671  1,4    
      H(    9), H(   11)   2.4551   2.4610   3.280   0.0170     0.1702         
      H(    9), H(   12)   4.2155   4.1490   3.280   0.0170    -0.0085         
      H(    9), H(   13)   3.0408   3.0296   3.280   0.0170    -0.0136         
      H(    9), H(   14)   4.1771   4.0881   3.280   0.0170    -0.0092         
      H(    9), H(   15)   4.3840   4.2722   3.280   0.0170    -0.0073         
      H(    9), H(   16)   3.8420   3.7505   3.280   0.0170    -0.0137         
      H(    9), H(   17)   3.7909   3.7017   3.280   0.0170    -0.0144         
      H(    9), H(   18)   4.8136   4.7570   3.280   0.0170    -0.0040         
      H(    9), H(   19)   4.8377   4.7584   3.280   0.0170    -0.0040         
      H(    9), H(   20)   4.3297   4.2935   3.280   0.0170    -0.0071         
      H(   10), H(   11)   2.4719   2.4067   3.280   0.0170     0.2241  1,4    
      H(   10), H(   12)   4.3422   4.2366   3.280   0.0170    -0.0077         
      H(   10), H(   13)   3.8668   3.7751   3.280   0.0170    -0.0133         
      H(   10), H(   14)   3.8866   3.7951   3.280   0.0170    -0.0130         
      H(   10), H(   15)   2.5241   2.4567   3.280   0.0170     0.1740  1,4    
      H(   10), H(   16)   3.1060   2.9884   3.280   0.0170    -0.0110  1,4    
      H(   10), H(   17)   2.4909   2.4258   3.280   0.0170     0.2037  1,4    
      H(   10), H(   18)   3.7022   3.6204   3.280   0.0170    -0.0156         
      H(   10), H(   19)   3.1702   3.1068   3.280   0.0170    -0.0167         
      H(   10), H(   20)   2.4551   2.4610   3.280   0.0170     0.1702         
      H(   11), H(   12)   2.4909   2.4258   3.280   0.0170     0.2037  1,4    
      H(   11), H(   13)   2.5241   2.4567   3.280   0.0170     0.1740  1,4    
      H(   11), H(   14)   3.1060   2.9884   3.280   0.0170    -0.0110  1,4    
      H(   11), H(   15)   3.8668   3.7751   3.280   0.0170    -0.0133         
      H(   11), H(   16)   3.8866   3.7951   3.280   0.0170    -0.0130         
      H(   11), H(   17)   4.3422   4.2366   3.280   0.0170    -0.0077         
      H(   11), H(   18)   2.4690   2.4059   3.280   0.0170     0.2249  1,4    
      H(   11), H(   19)   3.1020   2.9846   3.280   0.0170    -0.0107  1,4    
      H(   11), H(   20)   2.5332   2.4645   3.280   0.0170     0.1671  1,4    
      H(   12), H(   13)   1.7852
      H(   12), H(   14)   1.7872
      H(   12), H(   15)   4.3398   4.2645   3.280   0.0170    -0.0074         
      H(   12), H(   16)   3.8955   3.8383   3.280   0.0170    -0.0124         
      H(   12), H(   17)   5.2089   5.0803   3.280   0.0170    -0.0027         
      H(   12), H(   18)   2.5589   2.5566   3.280   0.0170     0.1005         
      H(   12), H(   19)   3.1094   3.0488   3.280   0.0170    -0.0145         
      H(   12), H(   20)   3.7909   3.7017   3.280   0.0170    -0.0144         
      H(   13), H(   14)   1.7932
      H(   13), H(   15)   4.0983   4.0118   3.280   0.0170    -0.0101         
      H(   13), H(   16)   3.0581   3.0489   3.280   0.0170    -0.0145         
      H(   13), H(   17)   4.3398   4.2645   3.280   0.0170    -0.0074         
      H(   13), H(   18)   3.8006   3.7119   3.280   0.0170    -0.0143         
      H(   13), H(   19)   3.8388   3.7467   3.280   0.0170    -0.0137         
      H(   13), H(   20)   4.3840   4.2722   3.280   0.0170    -0.0073         
      H(   14), H(   15)   3.0581   3.0489   3.280   0.0170    -0.0145         
      H(   14), H(   16)   2.3168   2.3568   3.280   0.0170     0.2851         
      H(   14), H(   17)   3.8955   3.8383   3.280   0.0170    -0.0124         
      H(   14), H(   18)   3.1911   3.1252   3.280   0.0170    -0.0173         
      H(   14), H(   19)   2.6318   2.6250   3.280   0.0170     0.0655         
      H(   14), H(   20)   3.8420   3.7505   3.280   0.0170    -0.0137         
      H(   15), H(   16)   1.7932
      H(   15), H(   17)   1.7852
      H(   15), H(   18)   3.8514   3.7986   3.280   0.0170    -0.0130         
      H(   15), H(   19)   2.2716   2.3181   3.280   0.0170     0.3418         
      H(   15), H(   20)   3.0408   3.0296   3.280   0.0170    -0.0136         
      H(   16), H(   17)   1.7872
      H(   16), H(   18)   4.5053   4.4210   3.280   0.0170    -0.0061         
      H(   16), H(   19)   3.2535   3.2333   3.280   0.0170    -0.0189         
      H(   16), H(   20)   4.1771   4.0881   3.280   0.0170    -0.0092         
      H(   17), H(   18)   5.1863   5.0591   3.280   0.0170    -0.0028         
      H(   17), H(   19)   3.8852   3.8284   3.280   0.0170    -0.0125         
      H(   17), H(   20)   4.2155   4.1490   3.280   0.0170    -0.0085         
      H(   18), H(   19)   1.7875
      H(   18), H(   20)   1.7892
      H(   19), H(   20)   1.7937


      BOND ANGLES, BENDING AND STRETCH-BEND ENERGIES   (   36 ANGLES)

          EB = 0.02191418(KB)(DT)(DT)(1+CF*DT+QF*DT**2+PF*DT**3+SF*DT**4)
                          DT = THETA-TZERO
                          CF = -1800.000E-5
                          QF =     7.200E-5
                          PF =     0.135E-5
                          SF =     0.004E-6
          ESS =  143.88(KSTST)(DR1)(DR2)
          ESB =  2.51118(KSB)(DT)(DR1+DR2)
          EBB = -0.02191418(KBB)(DT1)(DT2)
                          DR1 = R1 - R1(0)
                          DR2 = R2 - R2(0)

               A T O M S             THETA    TZERO     KB     EB    KSB   ESB   KSS   ESS
      C(    2)- C(    1)- H(    7)  111.072  110.800  0.600  0.0010 0.10 0.0009              
      C(    2)- C(    1)- H(    8)  112.317  110.800  0.600  0.0294 0.10 0.0045              
      C(    2)- C(    1)- H(    9)  111.681  110.800  0.600  0.0100 0.10 0.0029              
      H(    7)- C(    1)- H(    8)  106.951  107.800  0.540  0.0087                          
      H(    7)- C(    1)- H(    9)  107.021  107.800  0.540  0.0073                          
      H(    8)- C(    1)- H(    9)  107.511  107.800  0.540  0.0010                          
      C(    1)- C(    2)- C(    3)  111.632  110.400  0.740  0.0240 0.14 0.0143              
      C(    1)- C(    2)- C(    5)  109.946  110.400  0.740  0.0034 0.14-0.0038              
      C(    1)- C(    2)- H(   10)  106.933  108.900  0.590  0.0518 0.10-0.0089              
      C(    3)- C(    2)- C(    5)  113.611  110.400  0.740  0.1576 0.14 0.0362              
      C(    3)- C(    2)- H(   10)  107.014  108.900  0.590  0.0476 0.10-0.0126              
      C(    5)- C(    2)- H(   10)  107.350  108.900  0.590  0.0319 0.10-0.0066              
      C(    2)- C(    3)- C(    4)  113.611  110.400  0.740  0.1576 0.14 0.0362              
      C(    2)- C(    3)- C(    6)  111.632  110.400  0.740  0.0240 0.14 0.0143              
      C(    2)- C(    3)- H(   11)  107.014  108.900  0.590  0.0476 0.10-0.0126              
      C(    4)- C(    3)- C(    6)  109.946  110.400  0.740  0.0034 0.14-0.0038              
      C(    4)- C(    3)- H(   11)  107.350  108.900  0.590  0.0319 0.10-0.0066              
      C(    6)- C(    3)- H(   11)  106.933  108.900  0.590  0.0518 0.10-0.0089              
      C(    3)- C(    4)- H(   12)  110.834  110.800  0.600  0.0000 0.10 0.0001              
      C(    3)- C(    4)- H(   13)  112.188  110.800  0.600  0.0247 0.10 0.0037              
      C(    3)- C(    4)- H(   14)  112.282  110.800  0.600  0.0281 0.10 0.0040              
      H(   12)- C(    4)- H(   13)  106.751  107.800  0.540  0.0133                          
      H(   12)- C(    4)- H(   14)  106.921  107.800  0.540  0.0093                          
      H(   13)- C(    4)- H(   14)  107.551  107.800  0.540  0.0007                          
      C(    2)- C(    5)- H(   15)  112.188  110.800  0.600  0.0247 0.10 0.0037              
      C(    2)- C(    5)- H(   16)  112.282  110.800  0.600  0.0281 0.10 0.0040              
      C(    2)- C(    5)- H(   17)  110.834  110.800  0.600  0.0000 0.10 0.0001              
      H(   15)- C(    5)- H(   16)  107.551  107.800  0.540  0.0007                          
      H(   15)- C(    5)- H(   17)  106.751  107.800  0.540  0.0133                          
      H(   16)- C(    5)- H(   17)  106.921  107.800  0.540  0.0093                          
      C(    3)- C(    6)- H(   18)  111.072  110.800  0.600  0.0010 0.10 0.0009              
      C(    3)- C(    6)- H(   19)  112.317  110.800  0.600  0.0294 0.10 0.0045              
      C(    3)- C(    6)- H(   20)  111.681  110.800  0.600  0.0100 0.10 0.0029              
      H(   18)- C(    6)- H(   19)  106.951  107.800  0.540  0.0087                          
      H(   18)- C(    6)- H(   20)  107.021  107.800  0.540  0.0073                          
      H(   19)- C(    6)- H(   20)  107.511  107.800  0.540  0.0010                          


     DIHEDRAL ANGLES, TORSIONAL ENERGY (ET)   (    45 ANGLES)

           ET = (V1/2)(1+COS(W))+(V2/2)(1-COS(2W))+(V3/2)(1+COS(3W))+
                                 (V4/2)(1-COS(4W))+(V6/2)(1+COS(6W))
         EBTB =  0.043828*(KBTB)(DTH1)(COS(W))(DTH2)
         ETS1 = -0.5*(RC-RC0)[KTSC1*(1+COS(W))+KTSC2*(1-COS(2W))+KTSC3*(1+COS(3W))]
         ETS2 = -0.5*(RT-RT0)[KTST1*(1+COS(W))+KTST2*(1-COS(2W))+KTST3*(1+COS(3W))]
          ETB =  2.51124*(DTH)[KTB1(1+COS(W))+KTB2*(1-COS(2W))+KTB3*(1+COS(3W))]
                      RC   = CENTRAL BOND LENGTH
                      RT   = TERMINAL BOND LENGTH
                      DTH1 = THETA1 - TZERO1
                      DTH2 = THETA2 - TZERO2

           SIGN OF ANGLE A-B-C-D : WHEN LOOKING THROUGH B TOWARD C,
           IF D IS COUNTERCLOCKWISE FROM A, NEGATIVE.

                A T O M S                OMEGA    V1     V2     V3     V4     V6     E    KBTB   EBTB
    C(    1) C(    2) C(    3) C(    4)   65.0  0.239  0.024  0.637  0.000  0.000  0.201               
       TYPE-1-TS                         0.000  0.000  0.660                       0.000
    C(    1) C(    2) C(    3) C(    6) -169.9  0.239  0.024  0.637  0.000  0.000  0.046               
       TYPE-1-TS                         0.000  0.000  0.660                      -0.001
    C(    1) C(    2) C(    3) H(   11)  -53.3  0.000  0.000  0.290  0.000  0.000  0.009 -0.060  0.004 
       TYPE-1-TS                         0.000  0.000  0.660                       0.000
    C(    1) C(    2) C(    5) H(   15)  176.6  0.000  0.000  0.290  0.000  0.000  0.002 -0.060 -0.002 
       TYPE-1-TS                         0.000  0.000  0.660                       0.000
    C(    1) C(    2) C(    5) H(   16)  -62.1  0.000  0.000  0.290  0.000  0.000  0.001 -0.060  0.001 
       TYPE-1-TS                         0.000  0.000  0.660                       0.000
    C(    1) C(    2) C(    5) H(   17)   57.4  0.000  0.000  0.290  0.000  0.000  0.001 -0.060  0.000 
       TYPE-1-TS                         0.000  0.000  0.660                       0.000
    C(    2) C(    3) C(    4) H(   12) -176.7  0.000  0.000  0.290  0.000  0.000  0.002 -0.060  0.000 
       TYPE-1-TS                         0.000  0.000  0.660                       0.000
    C(    2) C(    3) C(    4) H(   13)  -57.5  0.000  0.000  0.290  0.000  0.000  0.001 -0.060 -0.006 
       TYPE-1-TS                         0.000  0.000  0.660                       0.000
    C(    2) C(    3) C(    4) H(   14)   63.8  0.000  0.000  0.290  0.000  0.000  0.003 -0.060 -0.006 
       TYPE-1-TS                         0.000  0.000  0.660                       0.000
    C(    2) C(    3) C(    6) H(   18)  172.3  0.000  0.000  0.290  0.000  0.000  0.012 -0.060  0.001 
       TYPE-1-TS                         0.000  0.000  0.660                       0.000
    C(    2) C(    3) C(    6) H(   19)  -68.0  0.000  0.000  0.290  0.000  0.000  0.012 -0.060 -0.002 
       TYPE-1-TS                         0.000  0.000  0.660                       0.000
    C(    2) C(    3) C(    6) H(   20)   52.9  0.000  0.000  0.290  0.000  0.000  0.010 -0.060 -0.002 
       TYPE-1-TS                         0.000  0.000  0.660                       0.000
    C(    3) C(    2) C(    1) H(    7)  172.3  0.000  0.000  0.290  0.000  0.000  0.012 -0.060  0.001 
       TYPE-1-TS                         0.000  0.000  0.660                       0.000
    C(    3) C(    2) C(    1) H(    8)  -68.0  0.000  0.000  0.290  0.000  0.000  0.012 -0.060 -0.002 
       TYPE-1-TS                         0.000  0.000  0.660                       0.000
    C(    3) C(    2) C(    1) H(    9)   52.9  0.000  0.000  0.290  0.000  0.000  0.010 -0.060 -0.002 
       TYPE-1-TS                         0.000  0.000  0.660                       0.000
    C(    3) C(    2) C(    5) H(   15)  -57.5  0.000  0.000  0.290  0.000  0.000  0.001 -0.060 -0.006 
       TYPE-1-TS                         0.000  0.000  0.660                       0.000
    C(    3) C(    2) C(    5) H(   16)   63.8  0.000  0.000  0.290  0.000  0.000  0.003 -0.060 -0.006 
       TYPE-1-TS                         0.000  0.000  0.660                       0.000
    C(    3) C(    2) C(    5) H(   17) -176.7  0.000  0.000  0.290  0.000  0.000  0.002 -0.060  0.000 
       TYPE-1-TS                         0.000  0.000  0.660                       0.000
    C(    4) C(    3) C(    2) C(    5)  -60.0  0.239  0.024  0.637  0.000  0.000  0.197               
       TYPE-1-TS                         0.000  0.000  0.660                       0.000
    C(    4) C(    3) C(    2) H(   10) -178.3  0.000  0.000  0.290  0.000  0.000  0.001 -0.060 -0.016 
       TYPE-1-TS                         0.000  0.000  0.660                       0.000
    C(    4) C(    3) C(    6) H(   18)  -60.7  0.000  0.000  0.290  0.000  0.000  0.000 -0.060  0.000 
       TYPE-1-TS                         0.000  0.000  0.660                       0.000
    C(    4) C(    3) C(    6) H(   19)   59.0  0.000  0.000  0.290  0.000  0.000  0.000 -0.060  0.001 
       TYPE-1-TS                         0.000  0.000  0.660                       0.000
    C(    4) C(    3) C(    6) H(   20)  179.9  0.000  0.000  0.290  0.000  0.000  0.000 -0.060 -0.001 
       TYPE-1-TS                         0.000  0.000  0.660                       0.000
    C(    5) C(    2) C(    1) H(    7)  -60.7  0.000  0.000  0.290  0.000  0.000  0.000 -0.060  0.000 
       TYPE-1-TS                         0.000  0.000  0.660                       0.000
    C(    5) C(    2) C(    1) H(    8)   59.0  0.000  0.000  0.290  0.000  0.000  0.000 -0.060  0.001 
       TYPE-1-TS                         0.000  0.000  0.660                       0.000
    C(    5) C(    2) C(    1) H(    9)  179.9  0.000  0.000  0.290  0.000  0.000  0.000 -0.060 -0.001 
       TYPE-1-TS                         0.000  0.000  0.660                       0.000
    C(    5) C(    2) C(    3) C(    6)   65.0  0.239  0.024  0.637  0.000  0.000  0.201               
       TYPE-1-TS                         0.000  0.000  0.660                       0.000
    C(    5) C(    2) C(    3) H(   11) -178.3  0.000  0.000  0.290  0.000  0.000  0.001 -0.060 -0.016 
       TYPE-1-TS                         0.000  0.000  0.660                       0.000
    C(    6) C(    3) C(    2) H(   10)  -53.3  0.000  0.000  0.290  0.000  0.000  0.009 -0.060  0.004 
       TYPE-1-TS                         0.000  0.000  0.660                       0.000
    C(    6) C(    3) C(    4) H(   12)   57.4  0.000  0.000  0.290  0.000  0.000  0.001 -0.060  0.000 
       TYPE-1-TS                         0.000  0.000  0.660                       0.000
    C(    6) C(    3) C(    4) H(   13)  176.6  0.000  0.000  0.290  0.000  0.000  0.002 -0.060 -0.002 
       TYPE-1-TS                         0.000  0.000  0.660                       0.000
    C(    6) C(    3) C(    4) H(   14)  -62.1  0.000  0.000  0.290  0.000  0.000  0.001 -0.060  0.001 
       TYPE-1-TS                         0.000  0.000  0.660                       0.000
    H(    7) C(    1) C(    2) H(   10)   55.6  0.000  0.000  0.260  0.000  0.008  0.011 -0.090  0.001 
       TYPE-1-TS                         0.000  0.000  0.660                       0.000
    H(    8) C(    1) C(    2) H(   10)  175.3  0.000  0.000  0.260  0.000  0.008  0.011 -0.090 -0.012 
       TYPE-1-TS                         0.000  0.000  0.660                       0.000
    H(    9) C(    1) C(    2) H(   10)  -63.8  0.000  0.000  0.260  0.000  0.008  0.010 -0.090  0.003 
       TYPE-1-TS                         0.000  0.000  0.660                       0.000
    H(   10) C(    2) C(    3) H(   11)   63.4  0.000  0.000  0.260  0.000  0.008  0.010 -0.090 -0.006 
       TYPE-1-TS                         0.000  0.000  0.660                       0.000
    H(   10) C(    2) C(    5) H(   15)   60.6  0.000  0.000  0.260  0.000  0.008  0.008 -0.090  0.004 
       TYPE-1-TS                         0.000  0.000  0.660                       0.000
    H(   10) C(    2) C(    5) H(   16) -178.1  0.000  0.000  0.260  0.000  0.008  0.009 -0.090 -0.009 
       TYPE-1-TS                         0.000  0.000  0.660                       0.000
    H(   10) C(    2) C(    5) H(   17)  -58.6  0.000  0.000  0.260  0.000  0.008  0.008 -0.090  0.000 
       TYPE-1-TS                         0.000  0.000  0.660                       0.000
    H(   11) C(    3) C(    4) H(   12)  -58.6  0.000  0.000  0.260  0.000  0.008  0.008 -0.090  0.000 
       TYPE-1-TS                         0.000  0.000  0.660                       0.000
    H(   11) C(    3) C(    4) H(   13)   60.6  0.000  0.000  0.260  0.000  0.008  0.008 -0.090  0.004 
       TYPE-1-TS                         0.000  0.000  0.660                       0.000
    H(   11) C(    3) C(    4) H(   14) -178.1  0.000  0.000  0.260  0.000  0.008  0.009 -0.090 -0.009 
       TYPE-1-TS                         0.000  0.000  0.660                       0.000
    H(   11) C(    3) C(    6) H(   18)   55.6  0.000  0.000  0.260  0.000  0.008  0.011 -0.090  0.001 
       TYPE-1-TS                         0.000  0.000  0.660                       0.000
    H(   11) C(    3) C(    6) H(   19)  175.3  0.000  0.000  0.260  0.000  0.008  0.011 -0.090 -0.012 
       TYPE-1-TS                         0.000  0.000  0.660                       0.000
    H(   11) C(    3) C(    6) H(   20)  -63.8  0.000  0.000  0.260  0.000  0.008  0.010 -0.090  0.003 
       TYPE-1-TS                         0.000  0.000  0.660                       0.000


 ==============================================================================
                        NORMAL MODE VIBRATIONAL ANALYSIS
 ==============================================================================


             Molecular Shape : ASYMMETRIC ROTOR WITH KAPPA =-0.641857
        Symmetry Point Group : C2  
             Symmetry Number :  2
                   Chirality : yes



0       FUNDAMENTAL NORMAL VIBRATIONAL FREQUENCIES
                ( THEORETICALLY  54 VALUES )

             Frequency :  in 1/cm
             A(i)      :  IR intensity (vs,s,m,w,vw,-- or in 10**6 cm/mole)
             A(i) = -- :  IR inactive


             no       Frequency   Symmetry      A(i)

             1.          2982.7     (A   )        m
             2.          2982.2     (B   )        s
             3.          2977.3     (A   )        s
             4.          2976.6     (B   )        w
             5.          2971.5     (A   )        w
             6.          2970.7     (B   )        s
             7.          2967.7     (B   )        m
             8.          2967.6     (A   )        w
             9.          2895.6     (A   )        m
            10.          2890.9     (B   )        m
            11.          2884.4     (A   )        m
            12.          2884.2     (B   )        w
            13.          2879.7     (A   )        w
            14.          2877.9     (B   )        m
            15.          1510.0     (A   )       vw
            16.          1493.3     (B   )        w
            17.          1486.2     (A   )       vw
            18.          1476.2     (B   )        w
            19.          1467.6     (A   )        w
            20.          1457.3     (B   )        w
            21.          1447.3     (A   )        w
            22.          1446.7     (B   )        w
            23.          1443.9     (A   )        w
            24.          1442.3     (B   )        w
            25.          1431.2     (A   )        w
            26.          1408.6     (B   )        w
            27.          1378.5     (A   )        w
            28.          1374.6     (B   )        w
            29.          1362.9     (A   )        w
            30.          1354.5     (B   )        m
            31.          1200.8     (A   )        w
            32.          1132.8     (B   )        w
            33.          1132.3     (A   )        w
            34.          1109.7     (B   )        w
            35.          1052.6     (A   )        w
            36.          1051.2     (B   )        w
            37.           955.9     (B   )        w
            38.           954.6     (A   )       vw
            39.           941.3     (A   )        w
            40.           933.1     (B   )        w
            41.           923.4     (A   )        w
            42.           852.8     (B   )        w
            43.           705.1     (A   )        w
            44.           510.9     (B   )        w
            45.           446.0     (A   )        w
            46.           398.2     (B   )        w
            47.           335.6     (A   )        w
            48.           283.6     (A   )        w
            49.           278.7     (B   )        w
            50.           264.7     (A   )       vw
            51.           236.4     (B   )       vw
            52.           232.5     (A   )       vw
            53.           203.9     (B   )       vw
            54.            74.6     (A   )       --
            55.     (       0.0)    (t/r )
            56.     (       0.0)    (t/r )
            57.     (       0.0)    (t/r )
            58.     (       0.0)    (t/r )
            59.     (       0.0)    (t/r )
            60.     (       0.0)    (t/r )


0       CORRESPONDING EIGEN VECTOR MATRIX   60 BY  60



 (  1)
    -0.003   -0.004   -0.002    0.000    0.000    0.001    0.000    0.000
     0.001    0.027   -0.051    0.031   -0.027    0.051    0.031    0.003
     0.004   -0.002    0.037    0.017    0.005   -0.001    0.026    0.034
     0.002    0.007   -0.008    0.000    0.000   -0.014    0.000    0.000
    -0.014   -0.009    0.009   -0.006   -0.310    0.358    0.041    0.001
     0.235   -0.400    0.311   -0.358    0.041   -0.001   -0.235   -0.400
     0.009   -0.009   -0.006   -0.037   -0.017    0.005    0.001   -0.026
     0.034   -0.002   -0.007   -0.008

 (  2)
     0.000   -0.005   -0.024    0.000    0.000   -0.001    0.000    0.000
     0.001    0.030   -0.046    0.026    0.030   -0.046   -0.026    0.000
    -0.005    0.024    0.038    0.017    0.010   -0.013    0.120    0.165
    -0.017   -0.076    0.103   -0.002    0.006    0.016   -0.002    0.006
    -0.016   -0.047   -0.010   -0.003   -0.310    0.355    0.042   -0.002
     0.201   -0.343   -0.310    0.355   -0.042   -0.002    0.201    0.342
    -0.047   -0.010    0.003    0.038    0.017   -0.010   -0.013    0.120
    -0.165   -0.017   -0.076   -0.103

 (  3)
    -0.007   -0.018   -0.062    0.000   -0.001   -0.001    0.000    0.001
    -0.001    0.002    0.004   -0.004   -0.002   -0.004   -0.004    0.007
     0.018   -0.062    0.161    0.073    0.035   -0.038    0.327    0.449
    -0.039   -0.182    0.251   -0.006    0.014    0.011    0.006   -0.014
     0.011   -0.031   -0.016    0.002    0.000   -0.003    0.001   -0.001
    -0.028    0.049    0.000    0.003    0.001    0.001    0.028    0.049
     0.031    0.016    0.002   -0.161   -0.073    0.035    0.038   -0.327
     0.449    0.039    0.182    0.251

 (  4)
    -0.007   -0.018   -0.057    0.000   -0.001    0.000    0.000   -0.001
     0.000   -0.004    0.020   -0.014   -0.004    0.020    0.014   -0.007
    -0.018    0.057    0.160    0.073    0.034   -0.036    0.304    0.417
    -0.035   -0.163    0.225   -0.005    0.011    0.001   -0.005    0.011
    -0.001   -0.040   -0.024    0.005    0.095   -0.113   -0.012   -0.001
    -0.104    0.178    0.095   -0.113    0.012   -0.001   -0.104   -0.178
    -0.040   -0.024   -0.005    0.160    0.073   -0.034   -0.036    0.304
    -0.417   -0.035   -0.163   -0.225

 (  5)
     0.009    0.009   -0.009    0.000    0.001    0.001    0.000   -0.001
     0.001   -0.055   -0.013    0.028    0.055    0.013    0.028   -0.009
    -0.009   -0.009   -0.088   -0.039   -0.010   -0.004    0.011    0.020
    -0.018   -0.075    0.095    0.001   -0.003   -0.012   -0.001    0.003
    -0.012    0.447    0.215   -0.027    0.194   -0.205   -0.034    0.016
     0.150   -0.264   -0.194    0.205   -0.034   -0.016   -0.150   -0.265
    -0.447   -0.215   -0.027    0.088    0.039   -0.010    0.004   -0.011
     0.020    0.018    0.075    0.095

 (  6)
    -0.010   -0.011   -0.004    0.001    0.000    0.000    0.001    0.000
     0.000   -0.054   -0.016    0.029   -0.054   -0.016   -0.029   -0.010
    -0.011    0.004    0.114    0.051    0.016   -0.005    0.051    0.066
     0.009    0.031   -0.037   -0.002    0.001    0.008   -0.002    0.001
    -0.008    0.448    0.217   -0.028    0.176   -0.185   -0.032    0.015
     0.160   -0.281    0.176   -0.185    0.032    0.015    0.160    0.281
     0.448    0.217    0.028    0.114    0.051   -0.016   -0.005    0.051
    -0.066    0.009    0.031    0.037

 (  7)
     0.043    0.043   -0.020   -0.001    0.001    0.001   -0.001    0.001
    -0.001   -0.012   -0.001    0.005   -0.012   -0.001   -0.005    0.043
     0.043    0.020   -0.435   -0.194   -0.054   -0.005   -0.047   -0.047
    -0.066   -0.270    0.337    0.001   -0.007   -0.009    0.001   -0.007
     0.009    0.093    0.044   -0.005    0.053   -0.058   -0.009    0.003
     0.024   -0.042    0.053   -0.058    0.009    0.003    0.024    0.042
     0.093    0.044    0.005   -0.435   -0.194    0.054   -0.005   -0.047
     0.047   -0.066   -0.270   -0.338

 (  8)
    -0.043   -0.044    0.017    0.000    0.001    0.000    0.000   -0.001
     0.000   -0.014    0.000    0.004    0.014    0.000    0.004    0.043
     0.044    0.017    0.441    0.197    0.055    0.003    0.061    0.067
     0.064    0.260   -0.324   -0.002   -0.002   -0.005    0.002    0.002
    -0.005    0.103    0.049   -0.006    0.066   -0.072   -0.011    0.004
     0.019   -0.035   -0.066    0.072   -0.011   -0.004   -0.019   -0.035
    -0.103   -0.049   -0.006   -0.441   -0.197    0.055   -0.003   -0.061
     0.067   -0.064   -0.260   -0.324

 (  9)
     0.010   -0.009    0.001    0.003    0.029    0.041   -0.003   -0.029
     0.041   -0.005   -0.010   -0.015    0.005    0.010   -0.015   -0.010
     0.009    0.001   -0.117   -0.044   -0.016   -0.006    0.068    0.095
     0.011    0.073   -0.089   -0.038   -0.337   -0.470    0.038    0.337
    -0.470    0.153    0.078   -0.002   -0.095    0.114    0.021   -0.003
    -0.084    0.144    0.095   -0.114    0.021    0.003    0.084    0.144
    -0.153   -0.078   -0.002    0.117    0.044   -0.016    0.006   -0.068
     0.095   -0.011   -0.073   -0.089

 ( 10)
    -0.010    0.011   -0.001   -0.001   -0.025   -0.038   -0.001   -0.025
     0.038   -0.007   -0.014   -0.020   -0.007   -0.014    0.020   -0.010
     0.011    0.001    0.113    0.043    0.015    0.008   -0.075   -0.103
    -0.013   -0.083    0.101    0.027    0.295    0.419    0.027    0.295
    -0.419    0.218    0.110   -0.004   -0.129    0.154    0.026   -0.002
    -0.110    0.192   -0.129    0.154   -0.026   -0.002   -0.110   -0.192
     0.218    0.110    0.004    0.113    0.043   -0.015    0.008   -0.075
     0.103   -0.013   -0.083   -0.101

 ( 11)
    -0.012    0.010   -0.001   -0.001   -0.013   -0.012    0.001    0.013
    -0.012   -0.012   -0.024   -0.028    0.012    0.024   -0.028    0.012
    -0.010   -0.001    0.133    0.053    0.018    0.012   -0.080   -0.108
    -0.015   -0.084    0.105    0.013    0.121    0.164   -0.013   -0.120
     0.164    0.351    0.174   -0.013   -0.214    0.250    0.037   -0.002
    -0.156    0.290    0.215   -0.250    0.038    0.002    0.156    0.291
    -0.352   -0.175   -0.013   -0.133   -0.053    0.018   -0.012    0.080
    -0.108    0.015    0.084    0.104

 ( 12)
    -0.021    0.018   -0.004    0.000   -0.012   -0.011    0.000   -0.012
     0.011    0.010    0.019    0.023    0.010    0.019   -0.023   -0.021
     0.018    0.004    0.242    0.099    0.034    0.019   -0.138   -0.183
    -0.030   -0.160    0.200    0.009    0.108    0.148    0.009    0.108
    -0.148   -0.286   -0.141    0.011    0.173   -0.201   -0.030    0.001
     0.131   -0.244    0.172   -0.200    0.030    0.001    0.131    0.243
    -0.285   -0.141   -0.011    0.242    0.099   -0.034    0.019   -0.139
     0.183   -0.030   -0.160   -0.200

 ( 13)
    -0.029    0.024   -0.007    0.004    0.013    0.019   -0.004   -0.013
     0.019    0.003    0.006    0.006   -0.003   -0.006    0.006    0.029
    -0.024   -0.007    0.340    0.143    0.048    0.030   -0.194   -0.251
    -0.044   -0.225    0.284   -0.020   -0.160   -0.225    0.020    0.160
    -0.225   -0.087   -0.042    0.005    0.050   -0.056   -0.008    0.000
     0.034   -0.067   -0.050    0.056   -0.008    0.000   -0.034   -0.067
     0.087    0.042    0.005   -0.340   -0.143    0.048   -0.030    0.194
    -0.252    0.044    0.225    0.284

 ( 14)
    -0.023    0.019   -0.005    0.003    0.019    0.028    0.003    0.019
    -0.028   -0.005   -0.011   -0.012   -0.005   -0.011    0.012   -0.023
     0.019    0.005    0.275    0.117    0.038    0.026   -0.155   -0.200
    -0.036   -0.176    0.223   -0.023   -0.228   -0.324   -0.023   -0.228
     0.324    0.153    0.075   -0.008   -0.100    0.116    0.016    0.000
    -0.067    0.129   -0.100    0.116   -0.016    0.000   -0.067   -0.129
     0.153    0.075    0.008    0.275    0.117   -0.038    0.026   -0.155
     0.200   -0.035   -0.176   -0.223

 ( 15)
     0.033   -0.021    0.009   -0.111    0.035   -0.029    0.111   -0.035
    -0.029   -0.002    0.006    0.013    0.002   -0.006    0.013   -0.033
     0.021    0.009    0.028   -0.026    0.131   -0.153    0.081   -0.089
     0.073    0.052    0.082    0.368   -0.116    0.037   -0.368    0.116
     0.037   -0.015    0.019   -0.186    0.040    0.030    0.122   -0.165
    -0.021   -0.003   -0.040   -0.030    0.122    0.165    0.021   -0.003
     0.015   -0.019   -0.186   -0.028    0.026    0.131    0.153   -0.081
    -0.089   -0.073   -0.052    0.082

 ( 16)
     0.015   -0.013   -0.001    0.022    0.071   -0.072    0.022    0.071
     0.072   -0.010   -0.035   -0.028   -0.010   -0.035    0.028    0.015
    -0.013    0.001   -0.059    0.107    0.188   -0.217   -0.061    0.008
     0.144   -0.067   -0.021   -0.229   -0.286    0.194   -0.229   -0.286
    -0.194   -0.004   -0.060    0.065   -0.004   -0.049    0.042    0.052
     0.142    0.069   -0.004   -0.049   -0.042    0.052    0.142   -0.069
    -0.004   -0.060   -0.065   -0.059    0.107   -0.188   -0.217   -0.061
    -0.008    0.144   -0.067    0.021

 ( 17)
     0.007   -0.001   -0.004    0.053    0.050   -0.016   -0.053   -0.050
    -0.016    0.012   -0.001    0.019   -0.012    0.001    0.019   -0.007
     0.001   -0.004   -0.077    0.162    0.116   -0.174   -0.128    0.072
     0.061   -0.112   -0.085   -0.107   -0.123    0.127    0.107    0.123
     0.127   -0.135    0.299   -0.056    0.212    0.184   -0.059   -0.113
    -0.212   -0.096   -0.212   -0.184   -0.059    0.113    0.212   -0.096
     0.135   -0.299   -0.056    0.077   -0.162    0.116    0.174    0.128
     0.072   -0.061    0.112   -0.085

 ( 18)
    -0.002   -0.003    0.016    0.003    0.016    0.004    0.003    0.016
    -0.004   -0.003    0.024   -0.006   -0.003    0.024    0.006   -0.002
    -0.003   -0.016    0.028    0.007   -0.241    0.192    0.029    0.014
    -0.155   -0.025   -0.020   -0.049   -0.041    0.055   -0.049   -0.041
    -0.055    0.188   -0.353    0.070   -0.296   -0.229    0.017    0.117
     0.170    0.070   -0.296   -0.229   -0.017    0.117    0.170   -0.070
     0.188   -0.353   -0.070    0.028    0.007    0.241    0.192    0.029
    -0.014   -0.155   -0.025    0.020

 ( 19)
     0.003    0.004   -0.018    0.020    0.017   -0.022   -0.020   -0.017
    -0.022   -0.009    0.024   -0.001    0.009   -0.024   -0.001   -0.003
    -0.004   -0.018   -0.062    0.042    0.346   -0.274   -0.083    0.015
     0.253   -0.023   -0.005    0.031   -0.067    0.034   -0.031    0.067
     0.034    0.114   -0.206    0.186   -0.147   -0.071   -0.099    0.248
     0.050    0.014    0.147    0.071   -0.099   -0.248   -0.050    0.014
    -0.114    0.206    0.186    0.062   -0.042    0.346    0.274    0.083
     0.015   -0.253    0.023   -0.005

 ( 20)
     0.000    0.010    0.010    0.037    0.005   -0.002    0.037    0.005
     0.002    0.016   -0.010    0.003    0.016   -0.010   -0.003    0.000
     0.010   -0.010   -0.036    0.164   -0.197    0.060   -0.154    0.144
    -0.171   -0.185   -0.172   -0.166    0.007    0.012   -0.166    0.007
    -0.012   -0.044    0.096   -0.269    0.051   -0.016    0.205   -0.327
     0.031    0.024    0.051   -0.016   -0.205   -0.327    0.031   -0.024
    -0.044    0.096    0.269   -0.036    0.164    0.197    0.060   -0.154
    -0.144   -0.171   -0.185    0.172

 ( 21)
    -0.029    0.004   -0.024    0.003   -0.044    0.021   -0.003    0.044
     0.021   -0.012   -0.038   -0.015    0.012    0.038   -0.015    0.029
    -0.004   -0.024    0.044   -0.259    0.194    0.036    0.157   -0.136
     0.223    0.230    0.189   -0.043    0.081   -0.067    0.043   -0.081
    -0.067   -0.126    0.185    0.091    0.196    0.142   -0.062    0.075
    -0.022   -0.002   -0.196   -0.141   -0.062   -0.075    0.022   -0.002
     0.126   -0.185    0.091   -0.044    0.259    0.194   -0.036   -0.157
    -0.136   -0.223   -0.230    0.189

 ( 22)
    -0.011    0.014   -0.028    0.006   -0.029    0.029    0.006   -0.029
    -0.029    0.021    0.035    0.012    0.021    0.035   -0.012   -0.011
     0.014    0.028   -0.030   -0.056    0.307   -0.158   -0.059    0.006
     0.233    0.045    0.026    0.067    0.112   -0.074    0.067    0.112
     0.074    0.123   -0.169   -0.200   -0.199   -0.173    0.167   -0.218
     0.069    0.026   -0.199   -0.173   -0.167   -0.218    0.069   -0.026
     0.123   -0.169    0.200   -0.030   -0.056   -0.307   -0.158   -0.059
    -0.006    0.233    0.045   -0.026

 ( 23)
    -0.020    0.019   -0.026    0.034   -0.035    0.014   -0.034    0.035
     0.014    0.030   -0.005   -0.002   -0.030    0.005   -0.002    0.020
    -0.019   -0.026   -0.027   -0.048    0.194   -0.071   -0.083    0.042
     0.164    0.003   -0.020   -0.173    0.112   -0.078    0.173   -0.112
    -0.078    0.037   -0.026   -0.260   -0.100   -0.160    0.230   -0.363
     0.114    0.058    0.100    0.160    0.230    0.363   -0.114    0.058
    -0.037    0.026   -0.260    0.027    0.048    0.194    0.071    0.083
     0.042   -0.164   -0.003   -0.020

 ( 24)
    -0.027   -0.015    0.006    0.012    0.018   -0.026    0.012    0.018
     0.026    0.010   -0.019   -0.006    0.010   -0.019    0.006   -0.027
    -0.015   -0.006    0.078   -0.257   -0.075    0.223    0.266   -0.181
     0.081    0.222    0.218   -0.118   -0.130    0.084   -0.118   -0.130
    -0.084   -0.042    0.074   -0.144    0.038   -0.025    0.133   -0.202
     0.052    0.034    0.038   -0.025   -0.133   -0.202    0.052   -0.034
    -0.042    0.074    0.144    0.078   -0.257    0.075    0.223    0.266
     0.181    0.081    0.222   -0.218

 ( 25)
    -0.028   -0.012    0.010    0.051    0.055   -0.034   -0.051   -0.055
    -0.034    0.022    0.053    0.038   -0.022   -0.053    0.038    0.028
     0.012    0.010    0.038   -0.162   -0.059    0.177    0.183   -0.115
     0.101    0.124    0.145   -0.099   -0.212    0.168    0.099    0.212
     0.168    0.093   -0.078   -0.117   -0.158   -0.073   -0.096   -0.077
    -0.163   -0.084    0.158    0.073   -0.096    0.077    0.163   -0.084
    -0.093    0.078   -0.117   -0.038    0.162   -0.059   -0.177   -0.183
    -0.115   -0.101   -0.124    0.145

 ( 26)
    -0.064    0.041   -0.022    0.063   -0.024    0.002    0.063   -0.024
    -0.002   -0.017    0.009    0.004   -0.017    0.009   -0.004   -0.064
     0.041    0.022    0.013   -0.189    0.029    0.194   -0.122    0.126
     0.223   -0.071   -0.075   -0.374    0.107   -0.066   -0.374    0.107
     0.066    0.003   -0.032    0.064    0.021    0.061   -0.086    0.137
    -0.067   -0.037    0.021    0.061    0.086    0.137   -0.067    0.037
     0.003   -0.032   -0.064    0.013   -0.189   -0.029    0.194   -0.122
    -0.126    0.223   -0.071    0.075

 ( 27)
    -0.042    0.063    0.002   -0.026   -0.019   -0.004    0.026    0.019
    -0.004   -0.005    0.008    0.037    0.005   -0.008    0.037    0.042
    -0.063    0.002    0.087   -0.236   -0.017    0.161   -0.172    0.209
     0.196   -0.199   -0.174    0.195    0.056   -0.081   -0.195   -0.056
    -0.081   -0.002   -0.017   -0.119   -0.016    0.032   -0.184    0.034
    -0.161   -0.050    0.016   -0.032   -0.184   -0.034    0.161   -0.050
     0.002    0.017   -0.119   -0.087    0.236   -0.017   -0.161    0.172
     0.209   -0.196    0.199   -0.174

 ( 28)
     0.017   -0.028   -0.001    0.014    0.013   -0.006    0.014    0.013
     0.006    0.005    0.035    0.072    0.005    0.035   -0.072    0.017
    -0.028    0.001   -0.047    0.119    0.009   -0.069    0.058   -0.080
    -0.067    0.064    0.061   -0.185   -0.078    0.076   -0.185   -0.078
    -0.076    0.049   -0.080   -0.274   -0.111   -0.003   -0.319   -0.005
    -0.318   -0.113   -0.111   -0.003    0.319   -0.005   -0.318    0.113
     0.049   -0.080    0.274   -0.047    0.119   -0.009   -0.069    0.058
     0.080   -0.067    0.064   -0.061

 ( 29)
     0.030   -0.030   -0.016   -0.011   -0.035    0.016    0.011    0.035
     0.016    0.000    0.013    0.061    0.000   -0.013    0.061   -0.030
     0.030   -0.016   -0.055    0.149    0.062   -0.125    0.033   -0.088
    -0.138    0.112    0.067   -0.052    0.260   -0.194    0.052   -0.260
    -0.194    0.024   -0.065   -0.218   -0.079   -0.002   -0.295    0.024
    -0.238   -0.067    0.079    0.002   -0.295   -0.024    0.238   -0.067
    -0.024    0.065   -0.218    0.055   -0.149    0.062    0.125   -0.033
    -0.088    0.138   -0.112    0.067

 ( 30)
    -0.023    0.052    0.024   -0.036    0.022   -0.020   -0.036    0.022
     0.020    0.010   -0.002    0.029    0.010   -0.002   -0.029   -0.023
     0.052   -0.024    0.104   -0.216   -0.037    0.098   -0.085    0.153
     0.164   -0.187   -0.134    0.305   -0.268    0.161    0.305   -0.268
    -0.161   -0.004    0.013   -0.115   -0.042   -0.028   -0.131   -0.040
    -0.092   -0.014   -0.042   -0.028    0.131   -0.040   -0.092    0.014
    -0.004    0.013    0.115    0.104   -0.216    0.037    0.098   -0.085
    -0.153    0.164   -0.187    0.134

 ( 31)
     0.030    0.018   -0.029   -0.081   -0.035    0.052    0.081    0.035
     0.052   -0.033    0.013   -0.035    0.033   -0.013   -0.035   -0.030
    -0.018   -0.029    0.082   -0.123    0.084   -0.025   -0.124    0.069
    -0.117    0.060   -0.029   -0.320   -0.210    0.198    0.320    0.210
     0.198    0.028   -0.124   -0.090    0.013    0.053    0.031    0.052
    -0.132   -0.125   -0.013   -0.053    0.031   -0.052    0.132   -0.125
    -0.028    0.124   -0.090   -0.082    0.123    0.084    0.025    0.124
     0.069    0.117   -0.060   -0.029

 ( 32)
     0.021   -0.003   -0.056   -0.028    0.024    0.098   -0.028    0.024
    -0.098    0.012   -0.036    0.057    0.012   -0.036   -0.057    0.021
    -0.003    0.056    0.013   -0.039    0.125    0.121   -0.186    0.080
    -0.112    0.151    0.033   -0.076   -0.042    0.162   -0.076   -0.042
    -0.162   -0.057    0.092   -0.038    0.024   -0.006   -0.130    0.036
     0.215    0.213    0.024   -0.006    0.130    0.036    0.215   -0.213
    -0.057    0.092    0.038    0.013   -0.039   -0.125    0.121   -0.186
    -0.080   -0.112    0.151   -0.033

 ( 33)
     0.004    0.061    0.037    0.037   -0.103   -0.011   -0.037    0.103
    -0.011    0.028   -0.029   -0.007   -0.028    0.029   -0.007   -0.004
    -0.061    0.037    0.067   -0.044   -0.046   -0.261    0.153   -0.042
    -0.135   -0.014   -0.046    0.117   -0.259    0.085   -0.117    0.259
     0.085   -0.019    0.074   -0.026   -0.064   -0.092   -0.185   -0.063
     0.039    0.030    0.064    0.092   -0.185    0.063   -0.039    0.030
     0.019   -0.074   -0.026   -0.067    0.044   -0.046    0.261   -0.153
    -0.042    0.135    0.014   -0.046

 ( 34)
    -0.045    0.022    0.011    0.080   -0.039    0.042    0.080   -0.039
    -0.042   -0.065    0.004    0.033   -0.065    0.004   -0.033   -0.045
     0.022   -0.011   -0.082    0.108   -0.017   -0.056    0.087   -0.032
    -0.015    0.035    0.028    0.169   -0.157    0.121    0.169   -0.157
    -0.121    0.000   -0.172   -0.168    0.155    0.191    0.155    0.181
     0.064    0.076    0.155    0.191   -0.155    0.181    0.064   -0.076
     0.000   -0.172    0.168   -0.082    0.108    0.017   -0.056    0.087
     0.032   -0.015    0.035   -0.028

 ( 35)
     0.009   -0.007    0.039   -0.022    0.002   -0.073    0.022   -0.002
    -0.073   -0.031   -0.014    0.058    0.031    0.014    0.058   -0.009
     0.007    0.039    0.057   -0.073   -0.101   -0.115    0.112   -0.055
     0.098   -0.151   -0.053   -0.289   -0.012   -0.053    0.289    0.012
    -0.053   -0.023   -0.069   -0.214    0.121    0.130    0.006    0.161
     0.199    0.191   -0.121   -0.130    0.006   -0.161   -0.199    0.191
     0.023    0.069   -0.214   -0.057    0.073   -0.101    0.115   -0.112
    -0.055   -0.098    0.151   -0.053

 ( 36)
     0.034    0.069   -0.001   -0.004   -0.072    0.000   -0.004   -0.072
     0.000    0.015    0.033    0.013    0.015    0.033   -0.013    0.034
     0.069    0.001    0.173   -0.239    0.028   -0.256    0.023    0.014
    -0.282    0.073   -0.061   -0.171   -0.181    0.082   -0.171   -0.181
    -0.082    0.034    0.012    0.128   -0.001    0.008    0.113   -0.022
    -0.051   -0.035   -0.001    0.008   -0.113   -0.022   -0.051    0.035
     0.034    0.012   -0.128    0.173   -0.239   -0.028   -0.256    0.023
    -0.014   -0.282    0.074    0.061

 ( 37)
    -0.064    0.004   -0.010    0.024   -0.048    0.021    0.024   -0.048
    -0.021    0.056    0.034    0.014    0.056    0.034   -0.014   -0.064
     0.004    0.010   -0.183    0.254    0.006    0.104    0.010    0.000
     0.057    0.056    0.054    0.041   -0.206    0.130    0.041   -0.206
    -0.130    0.007    0.184    0.310   -0.099   -0.105    0.008   -0.124
    -0.066   -0.046   -0.099   -0.105   -0.008   -0.124   -0.066    0.046
     0.007    0.184   -0.310   -0.183    0.254   -0.006    0.104    0.010
     0.000    0.057    0.056   -0.054

 ( 38)
     0.057    0.022    0.012   -0.001    0.034   -0.032    0.001   -0.034
    -0.032    0.033    0.048    0.013   -0.033   -0.048    0.013   -0.057
    -0.022    0.012    0.212   -0.306   -0.007   -0.202    0.031   -0.015
    -0.137   -0.037   -0.072   -0.092    0.182   -0.132    0.092   -0.182
    -0.132    0.031    0.094    0.259   -0.038   -0.026    0.117   -0.078
    -0.103   -0.077    0.038    0.026    0.117    0.078    0.103   -0.077
    -0.031   -0.094    0.259   -0.211    0.306   -0.007    0.202   -0.031
    -0.015    0.137    0.037   -0.072

 ( 39)
     0.037   -0.009   -0.047   -0.015    0.034   -0.026    0.015   -0.034
    -0.026    0.036   -0.025    0.047   -0.036    0.025    0.047   -0.037
     0.009   -0.047    0.055   -0.100    0.136    0.139   -0.219    0.110
    -0.179    0.157    0.039   -0.019   -0.073    0.050    0.019    0.073
     0.050   -0.057    0.166    0.002   -0.066   -0.084   -0.233   -0.010
     0.247    0.210    0.066    0.084   -0.233    0.010   -0.247    0.210
     0.057   -0.166    0.002   -0.055    0.100    0.136   -0.139    0.219
     0.110    0.179   -0.157    0.039

 ( 40)
     0.016   -0.017   -0.056   -0.009    0.031   -0.024   -0.009    0.031
     0.024   -0.029    0.023   -0.047   -0.029    0.023    0.047    0.016
    -0.017    0.056   -0.017    0.000    0.144    0.231   -0.245    0.124
    -0.143    0.188    0.071    0.084   -0.083    0.051    0.084   -0.083
    -0.051    0.044   -0.126    0.003    0.051    0.064    0.209    0.006
    -0.234   -0.200    0.051    0.064   -0.209    0.006   -0.234    0.200
     0.044   -0.126   -0.003   -0.017    0.000   -0.144    0.231   -0.245
    -0.124   -0.143    0.188   -0.071

 ( 41)
     0.014   -0.058    0.036   -0.079   -0.008    0.013    0.079    0.008
     0.013    0.046   -0.030   -0.031   -0.046    0.030   -0.031   -0.014
     0.058    0.036   -0.026    0.059   -0.071    0.037    0.051   -0.045
     0.258   -0.192   -0.016   -0.185    0.005    0.011    0.185   -0.005
     0.011   -0.028    0.153    0.152   -0.142   -0.180   -0.215   -0.113
    -0.020   -0.030    0.142    0.180   -0.215    0.113    0.020   -0.030
     0.028   -0.153    0.152    0.026   -0.059   -0.071   -0.037   -0.051
    -0.045   -0.258    0.192   -0.016

 ( 42)
    -0.045    0.067   -0.030    0.063   -0.011   -0.056    0.063   -0.011
     0.056    0.007   -0.070   -0.053    0.007   -0.070    0.053   -0.045
     0.067    0.030   -0.037    0.017    0.069   -0.037   -0.012    0.030
    -0.225    0.173    0.014    0.140    0.037   -0.096    0.140    0.037
     0.096   -0.042    0.023   -0.101   -0.082   -0.128   -0.266   -0.023
     0.057    0.018   -0.082   -0.128    0.266   -0.023    0.057   -0.018
    -0.042    0.023    0.101   -0.037    0.017   -0.069   -0.037   -0.012
    -0.030   -0.225    0.173   -0.014

 ( 43)
     0.054   -0.034    0.020    0.060    0.073    0.070   -0.060   -0.073
     0.070   -0.026   -0.070   -0.061    0.026    0.070   -0.061   -0.054
     0.034    0.020    0.132   -0.192   -0.010   -0.088    0.015   -0.026
     0.007   -0.093   -0.033    0.084    0.086    0.061   -0.084   -0.086
     0.061   -0.023   -0.102   -0.204   -0.001   -0.041   -0.135    0.023
     0.032   -0.001    0.001    0.041   -0.135   -0.023   -0.032   -0.001
     0.023    0.102   -0.204   -0.132    0.192   -0.010    0.088   -0.015
    -0.026   -0.007    0.093   -0.033

 ( 44)
    -0.006    0.007   -0.008    0.054    0.074    0.112    0.054    0.074
    -0.112   -0.025   -0.052   -0.044   -0.025   -0.052    0.044   -0.006
     0.007    0.008    0.048   -0.094   -0.061   -0.144    0.082   -0.073
     0.006   -0.062   -0.059    0.026    0.053    0.125    0.026    0.053
    -0.125   -0.032   -0.019    0.121   -0.072   -0.102    0.024   -0.103
    -0.213   -0.140   -0.072   -0.102   -0.024   -0.103   -0.213    0.140
    -0.032   -0.019   -0.121    0.048   -0.094    0.061   -0.144    0.082
     0.073    0.006   -0.062    0.059

 ( 45)
    -0.101    0.064   -0.040   -0.045    0.076    0.059    0.045   -0.076
     0.059   -0.024    0.025    0.003    0.024   -0.025    0.003    0.101
    -0.064   -0.040   -0.070    0.003   -0.076   -0.201    0.133   -0.097
    -0.084    0.004   -0.084   -0.053    0.081    0.053    0.053   -0.081
     0.053   -0.056    0.090   -0.002   -0.089   -0.017   -0.119   -0.038
     0.120    0.059    0.089    0.017   -0.119    0.038   -0.120    0.059
     0.056   -0.090   -0.002    0.070   -0.003   -0.076    0.201   -0.133
    -0.097    0.084   -0.004   -0.084

 ( 46)
     0.007   -0.072    0.063    0.083    0.016   -0.017    0.083    0.016
     0.017   -0.061    0.060    0.028   -0.061    0.060   -0.028    0.007
    -0.072   -0.063    0.039   -0.174    0.160    0.019   -0.088    0.075
    -0.146   -0.054    0.050    0.095    0.024   -0.023    0.095    0.024
     0.023   -0.113    0.177    0.089   -0.163   -0.020   -0.046   -0.071
     0.083    0.041   -0.163   -0.020    0.046   -0.071    0.083   -0.041
    -0.113    0.177   -0.089    0.039   -0.174   -0.160    0.019   -0.088
    -0.075   -0.146   -0.054   -0.050

 ( 47)
     0.105    0.040   -0.048    0.021   -0.021    0.045   -0.021    0.021
     0.045   -0.054    0.077    0.019    0.054   -0.077    0.019   -0.105
    -0.040   -0.048    0.073    0.119   -0.063    0.120    0.111   -0.099
     0.204   -0.036   -0.089    0.043   -0.012    0.036   -0.043    0.012
     0.036   -0.091    0.150   -0.020   -0.108    0.031    0.002    0.001
     0.115    0.042    0.108   -0.031    0.002   -0.001   -0.115    0.042
     0.091   -0.150   -0.020   -0.073   -0.119   -0.063   -0.120   -0.111
    -0.099   -0.204    0.036   -0.089

 ( 48)
    -0.009   -0.040   -0.023    0.000   -0.017    0.055    0.000    0.017
     0.055    0.131    0.074   -0.014   -0.131   -0.074   -0.014    0.009
     0.040   -0.023    0.009   -0.058   -0.090   -0.071   -0.036   -0.029
     0.039   -0.042   -0.015    0.057   -0.001    0.036   -0.057    0.001
     0.036    0.138    0.044   -0.143    0.157    0.095    0.007    0.199
     0.122    0.016   -0.157   -0.095    0.007   -0.199   -0.122    0.016
    -0.138   -0.044   -0.143   -0.009    0.058   -0.090    0.071    0.036
    -0.029   -0.039    0.042   -0.015

 ( 49)
    -0.091   -0.059   -0.027    0.012    0.052   -0.016    0.012    0.052
     0.016    0.079    0.023    0.024    0.079    0.023   -0.024   -0.091
    -0.059    0.027   -0.019   -0.172   -0.174   -0.250   -0.154    0.031
    -0.082    0.046    0.055    0.063    0.049   -0.019    0.063    0.049
     0.019    0.130   -0.081    0.044    0.151    0.093   -0.002   -0.001
     0.029    0.026    0.151    0.093    0.002   -0.001    0.029   -0.026
     0.130   -0.081   -0.044   -0.019   -0.172    0.174   -0.250   -0.154
    -0.031   -0.082    0.046   -0.055

 ( 50)
    -0.008    0.022    0.047   -0.006    0.012   -0.017    0.006   -0.012
    -0.017    0.012    0.007   -0.035   -0.012   -0.007   -0.035    0.008
    -0.022    0.047   -0.031    0.024    0.209    0.104    0.087    0.008
    -0.112   -0.041   -0.021   -0.022    0.036   -0.032    0.022   -0.036
    -0.032   -0.127    0.272   -0.215   -0.178   -0.188    0.168    0.347
    -0.058   -0.066    0.178    0.188    0.168   -0.347    0.058   -0.066
     0.127   -0.272   -0.215    0.031   -0.024    0.209   -0.104   -0.087
     0.008    0.112    0.041   -0.021

 ( 51)
    -0.039   -0.011   -0.040   -0.005    0.028   -0.016   -0.005    0.028
     0.016    0.041   -0.009    0.037    0.041   -0.009   -0.037   -0.039
    -0.011    0.040   -0.058   -0.053    0.237    0.110    0.186   -0.172
    -0.200   -0.203   -0.219    0.014    0.034   -0.023    0.014    0.034
     0.023   -0.025    0.115   -0.072   -0.044   -0.104    0.199    0.244
    -0.072    0.003   -0.044   -0.104   -0.199    0.244   -0.072   -0.003
    -0.025    0.115    0.072   -0.058   -0.053   -0.237    0.110    0.186
     0.172   -0.200   -0.203    0.219

 ( 52)
    -0.004   -0.011    0.006    0.000   -0.005    0.003    0.000    0.005
     0.003    0.010    0.020   -0.008   -0.010   -0.020   -0.008    0.004
     0.011    0.006   -0.051   -0.016    0.370    0.233    0.222   -0.144
    -0.199   -0.241   -0.208   -0.002   -0.003    0.002    0.002    0.003
     0.002    0.075   -0.108    0.056    0.110    0.121   -0.106   -0.137
     0.066    0.016   -0.110   -0.121   -0.106    0.137   -0.066    0.016
    -0.075    0.108    0.056    0.051    0.016    0.370   -0.233   -0.222
    -0.144    0.199    0.241   -0.208

 ( 53)
     0.002   -0.004   -0.012   -0.001   -0.007    0.002   -0.001   -0.007
    -0.002   -0.002    0.009   -0.014   -0.002    0.009    0.014    0.002
    -0.004    0.012    0.031    0.000   -0.235   -0.148   -0.138    0.074
     0.124    0.128    0.113   -0.003   -0.014    0.007   -0.003   -0.014
    -0.007   -0.138    0.272   -0.186   -0.196   -0.186    0.172    0.331
    -0.043   -0.039   -0.196   -0.186   -0.172    0.331   -0.043    0.039
    -0.138    0.272    0.186    0.031    0.000    0.235   -0.148   -0.138
    -0.074    0.124    0.128   -0.113

 ( 54)
     0.006    0.036    0.096   -0.005    0.011   -0.019    0.005   -0.011
    -0.019   -0.017    0.079   -0.080    0.017   -0.079   -0.080   -0.006
    -0.036    0.096    0.002    0.061    0.042    0.009   -0.066    0.170
     0.016    0.133    0.172   -0.041    0.079   -0.065    0.041   -0.079
    -0.065    0.021    0.003   -0.055    0.036    0.140   -0.207   -0.124
     0.168   -0.029   -0.036   -0.140   -0.207    0.124   -0.168   -0.029
    -0.021   -0.003   -0.055   -0.002   -0.061    0.042   -0.009    0.066
     0.170   -0.016   -0.133    0.171

 ( 55)
    -0.066    0.088   -0.023   -0.075    0.080   -0.018   -0.070    0.069
    -0.020   -0.063    0.073   -0.024   -0.082    0.088   -0.013   -0.078
     0.060   -0.014   -0.070    0.095   -0.022   -0.062    0.093   -0.027
    -0.060    0.082   -0.027   -0.079    0.076   -0.014   -0.064    0.064
    -0.023   -0.059    0.065   -0.026   -0.057    0.079   -0.029   -0.068
     0.078   -0.021   -0.089    0.083   -0.009   -0.078    0.093   -0.016
    -0.086    0.096   -0.011   -0.074    0.051   -0.016   -0.084    0.064
    -0.011   -0.083    0.057   -0.011

 ( 56)
    -0.020   -0.067   -0.092   -0.015   -0.056   -0.048   -0.017   -0.051
    -0.103   -0.003    0.018   -0.156    0.006    0.011    0.006   -0.015
    -0.053   -0.058   -0.021   -0.079   -0.052   -0.010   -0.017   -0.127
    -0.035   -0.115   -0.131   -0.025   -0.107   -0.011   -0.032   -0.101
    -0.140   -0.006    0.018   -0.197   -0.005    0.021   -0.192    0.012
     0.071   -0.124    0.011    0.019    0.041    0.017    0.064   -0.026
     0.007    0.003    0.046   -0.018   -0.057   -0.098    0.001   -0.003
    -0.023   -0.024   -0.103   -0.019

 ( 57)
    -0.054   -0.060   -0.005   -0.013   -0.025   -0.064   -0.037    0.030
    -0.023   -0.075   -0.030    0.029    0.018   -0.106   -0.116    0.004
     0.079   -0.082   -0.035   -0.091   -0.035   -0.081   -0.115    0.032
    -0.077   -0.003    0.034    0.015    0.025   -0.101   -0.059    0.085
     0.014   -0.093    0.013    0.059   -0.107   -0.064    0.074   -0.056
    -0.086   -0.004    0.050   -0.083   -0.162   -0.007   -0.160   -0.083
     0.037   -0.140   -0.147   -0.013    0.126   -0.052    0.027    0.030
    -0.119    0.033    0.123   -0.121

 ( 58)
    -0.053   -0.108   -0.020   -0.010   -0.056    0.047   -0.037    0.004
     0.050   -0.100    0.066    0.019    0.002   -0.017    0.079    0.011
     0.045    0.117   -0.030   -0.156   -0.021   -0.099   -0.073   -0.048
    -0.063   -0.137   -0.044    0.036   -0.097    0.073   -0.045   -0.031
     0.025   -0.118    0.105    0.020   -0.136    0.039   -0.031   -0.095
     0.105    0.042    0.035    0.018    0.128   -0.041    0.023    0.055
     0.024   -0.063    0.078   -0.006    0.081    0.119    0.020    0.085
     0.146    0.057    0.001    0.142

 ( 59)
     0.053    0.021   -0.150    0.029    0.005   -0.075    0.038   -0.015
     0.018   -0.030   -0.017    0.035   -0.065    0.011   -0.093    0.032
    -0.030    0.093    0.056    0.035   -0.216    0.002    0.023   -0.155
     0.121    0.017   -0.139    0.081    0.005   -0.079    0.108   -0.017
     0.022   -0.019   -0.031    0.102   -0.025   -0.006   -0.015   -0.102
    -0.016    0.035   -0.082    0.000   -0.043   -0.120    0.012   -0.092
    -0.066    0.025   -0.159    0.047   -0.045    0.159   -0.038   -0.030
     0.098    0.080   -0.029    0.082

 ( 60)
    -0.046   -0.008    0.032   -0.077   -0.041    0.020   -0.059   -0.081
     0.025   -0.032   -0.102    0.035   -0.101   -0.046    0.010   -0.089
    -0.111    0.013   -0.059    0.022    0.028   -0.027   -0.016    0.039
    -0.028   -0.004    0.039   -0.096   -0.029    0.013   -0.041   -0.073
     0.032   -0.019   -0.130    0.039   -0.008   -0.082    0.044   -0.048
    -0.112    0.029   -0.125   -0.068    0.001   -0.084   -0.057    0.016
    -0.115   -0.017    0.006   -0.076   -0.138    0.017   -0.107   -0.123
     0.006   -0.109   -0.097    0.006


                VIBRATIONAL AMPLITUDE AND CENTRIFUGAL DISTORTION
                 CONTRIBUTIONS TO THE BOND LENGTH AT   298.16 K

                 Note: Excludes contributions from frequencies
                       lower than 40 (1/cm).

                R(e)   = r(mm4) - 1.5 * anh * <Z**2>(298.16)
                R(z)   = R(e) + 1.5 * anh * <Z**2>(0) - <K>(0))
                R(s)   = [R(e) + R(z)] / 2
                R(alp) = R(e) + 1.5 * anh * <Z**2>(T) - <K>(T) - <C>(T)
                R(g)   = R(e) + 1.5 * anh * <Z**2>(T)
                R(a)   = [R(g) + sqrt(R(g)**2-4*<Z**2>(T))] / 2

                       anh = anharmonicity (2.00)
                    <Z**2> = mean-square vibrational amplitude
                       <K> = perpendicular vibrational amplitude
                       <C> = centrifugal correction

        BOND          R(g)      R(z)      R(e)     R(alp)     R(s)      R(a)
    2( C)-  1( C)    1.5394    1.5358    1.5317    1.5352    1.5338    1.5377
    3( C)-  2( C)    1.5478    1.5455    1.5399    1.5451    1.5427    1.5461
    4( C)-  3( C)    1.5383    1.5350    1.5307    1.5344    1.5328    1.5367
    5( C)-  2( C)    1.5383    1.5350    1.5307    1.5344    1.5328    1.5367
    6( C)-  3( C)    1.5394    1.5358    1.5317    1.5352    1.5338    1.5377
    7( H)-  1( C)    1.1129    1.0953    1.0944    1.0939    1.0948    1.1073
    8( H)-  1( C)    1.1114    1.0933    1.0930    1.0920    1.0932    1.1059
    9( H)-  1( C)    1.1126    1.0944    1.0941    1.0930    1.0942    1.1070
   10( H)-  2( C)    1.1177    1.1064    1.0989    1.1061    1.1026    1.1121
   11( H)-  3( C)    1.1177    1.1064    1.0989    1.1061    1.1026    1.1121
   12( H)-  4( C)    1.1129    1.0952    1.0944    1.0938    1.0948    1.1074
   13( H)-  4( C)    1.1114    1.0930    1.0930    1.0916    1.0930    1.1058
   14( H)-  4( C)    1.1115    1.0931    1.0930    1.0917    1.0930    1.1059
   15( H)-  5( C)    1.1114    1.0930    1.0930    1.0916    1.0930    1.1058
   16( H)-  5( C)    1.1115    1.0931    1.0930    1.0917    1.0930    1.1059
   17( H)-  5( C)    1.1129    1.0952    1.0944    1.0938    1.0948    1.1074
   18( H)-  6( C)    1.1129    1.0953    1.0944    1.0939    1.0948    1.1073
   19( H)-  6( C)    1.1114    1.0933    1.0930    1.0920    1.0932    1.1059
   20( H)-  6( C)    1.1126    1.0944    1.0941    1.0930    1.0942    1.1070


                  Non-Bonded Atom Pair Distance Table
        (Distance greater than 82% of VDW distance are not printed)

        PAIR        Dist(g)   Dist(z)
    4( C),  1( C)    3.1292    3.1236       1,4
    5( C),  4( C)    3.1168    3.1118       1,4
    6( C),  5( C)    3.1292    3.1236       1,4
    7( H),  5( C)    2.7877    2.7797       1,4
    8( H),  3( C)    2.9033    2.8915       1,4
    8( H),  4( C)    2.8944    2.8901          
    8( H),  5( C)    2.7928    2.7815       1,4
    9( H),  3( C)    2.7748    2.7671       1,4
   10( H),  6( C)    2.7065    2.7017       1,4
   10( H),  7( H)    2.4690    2.4600       1,4
   10( H),  9( H)    2.5332    2.5195       1,4
   11( H),  1( C)    2.7065    2.7017       1,4
   11( H),  9( H)    2.4551    2.4580          
   11( H), 10( H)    2.4719    2.4606       1,4
   12( H),  6( C)    2.7571    2.7498       1,4
   12( H), 11( H)    2.4909    2.4810       1,4
   13( H),  1( C)    2.8109    2.8086          
   13( H),  2( C)    2.8542    2.8429       1,4
   13( H),  8( H)    2.2716    2.2788          
   13( H), 11( H)    2.5241    2.5092       1,4
   14( H),  2( C)    2.9045    2.8919       1,4
   14( H),  5( C)    2.8501    2.8467          
   14( H),  6( C)    2.8167    2.8035       1,4
   15( H),  3( C)    2.8542    2.8429       1,4
   15( H),  6( C)    2.8109    2.8086          
   15( H), 10( H)    2.5241    2.5092       1,4
   16( H),  1( C)    2.8167    2.8035       1,4
   16( H),  3( C)    2.9045    2.8919       1,4
   16( H),  4( C)    2.8501    2.8467          
   16( H),  8( H)    2.6318    2.6276          
   16( H), 14( H)    2.3168    2.3218          
   17( H),  1( C)    2.7571    2.7498       1,4
   17( H),  7( H)    2.5589    2.5646          
   17( H), 10( H)    2.4909    2.4810       1,4
   18( H),  4( C)    2.7877    2.7797       1,4
   18( H), 11( H)    2.4690    2.4600       1,4
   18( H), 12( H)    2.5589    2.5646          
   19( H),  2( C)    2.9033    2.8915       1,4
   19( H),  4( C)    2.7928    2.7815       1,4
   19( H),  5( C)    2.8944    2.8901          
   19( H), 14( H)    2.6318    2.6276          
   19( H), 15( H)    2.2716    2.2788          
   20( H),  2( C)    2.7748    2.7671       1,4
   20( H), 10( H)    2.4551    2.4580          
   20( H), 11( H)    2.5332    2.5195       1,4


         THE MOMENTS OF INERTIA CALCULATED FROM R(g), R(z) VALUES
                  (also from R(e), R(alpha), R(s) VALUES)

         Note: (1) All calculations are based on principle isotopes.
               (2) R(z) values include harmonic vibration (Coriolis)
                   contribution indicated in parentheses.


   (1)  UNIT = 10**(-39) GM*CM**2

                    IX                   IY                   IZ

   R(e)        19.6556              32.2206              37.4586
   R(z)        19.8097(-0.0287)     32.5586(-0.0053)     37.8370(-0.0061)

   (2)  UNIT = AU A**2

                    IX                   IY                   IZ

   R(e)       118.3819             194.0582             225.6058
   R(z)       119.3099(-0.1728)    196.0939(-0.0322)    227.8845(-0.0367)


 ==============================================================================
                      STATISTICAL THERMODYNAMICS ANALYSIS
 ==============================================================================

  Structure name    : 2,3-dimethylbutane-g                                        
  Temperature       :   298.16 K
  Symmetry number   :   2
  Optical isomers   :   2
  Zero Point Energy :  114.804 Kcal/mol


                     ENERGY** ENTHALPY**  ENTROPY  FREE ENERGY** HEAT CAPACITY**
                  (Kcal/mol) (Kcal/mol)     (eu)   (Kcal/mol)    (cal/mol/deg)
  Translational       0.889      0.889     39.276    -10.822         2.981
     Rotational       0.889      0.889     25.634     -6.754         2.981
    Vibrational*    118.279%   118.279%    19.815    112.371%       24.950
         PV(RT)       0.000      0.593      0.000      0.593         1.987
      Potential       6.348#     6.348#     0.000      6.348#        0.000
         Mixing       0.000      0.000      1.377     -0.411         0.000
          Total*    126.405    126.998     86.102    101.326        32.899

  Enthalpy Function (H-Ho)/T     =   19.61 cal/mol/deg
  Free Energy Function -(G-Ho)/T =   66.50 cal/mol/deg

  % Includes zero point energy (ZPE).
  * Excludes contribution from frequencies lower than 10 (1/cm).
  # Includes steric energy (SE).
    Internal rotation contributions are not considered
 ** These quantities are relative to the R(e) values (
    bottom of potential well) and do NOT include bonding

  This structure has   0 imaginary frequencies,
                       0 free internal rotation (fir) frequencies
                         (>= 0,< 10 /cm),
                       0 restricted internal rotation (rir) frequencies
                         (>= 10,< 40 /cm),
                       6 zero frequencies, and
                      54 real frequencies.


      FINAL STERIC ENERGY IS                6.3484 KCAL/MOL.


                  COMPRESSION               0.3344
                  STRETCH-STRETCH           0.0000
                  BENDING                   0.8997
                  BEND-BEND                -0.0103
                  STRETCH-BEND              0.0695
                  VANDERWAALS
                    1,4 ENERGY              3.3033
                    OTHER                   0.9639
                  H-BONDING                 0.0000
                  PI-COMPLX                 0.0000
                  TORSIONAL                 0.8790
                  TORSION-STRETCH          -0.0056
                  TORSION-BEND              0.0000
                  BEND-TORSION-BEND        -0.0854
                  TORSION-IMPT              0.0000
                  IMPT-TORSION-IMPT         0.0000
                  TORSION-TORSION           0.0000
                  DIPOLE-DIPOLE             0.0000
                  CHARGE-DIPOLE             0.0000
                  IND-DIP CORR.             0.0000
                  CHARGE-CHARGE             0.0000


      MOLECULAR POLARIZABILITIES (A**3)

        ALPHA(1)   =      13.55
        ALPHA(2)   =      12.68
        ALPHA(3)   =      12.46
        AVG. ALPHA =      12.89


      DIPOLE MOMENT =          0.0000 D

        SIGMA-DIPOLE MOMENT =  0.0000 (X =  0.0000    Y =  0.0000    Z =  0.0000)


      DIPOLE MOMENT =          0.0000 D (INCLUDES INDUCED BOND MOMENTS)

        SIGMA-DIPOLE MOMENT =  0.0000 (X =  0.0000    Y =  0.0000    Z =  0.0000)


      OTHER MOLECULAR PROPERTIES:

        Molar Polarizability:    32.5111 cm**3/mole
        Molar Refraction:        32.5111 cm**3/mole
        Radius of Gyration:       2.5222 A
        Molecular VDW Surface:  194.6378 A**2
        Molecular VDW Volume:   185.0758 A**3
        Dispersion Energy:      -12.0090 Kcal/mole
        Density (gas):          0.003517 g/cm**3 (@  298.2 K, 1 atm)
        Density (cdn):            0.6718 g/cm**3 (@STP Estd.)
        Ref. Index (gas):       1.001995 (@  298.2 K, 1 atm)
        Ref. Index (cdn):         1.4217 (@STP Estd.)
        Diel. Constant (gas):     1.0040 (@  298.2 K, 1 atm)
        Diel. Constant (cdn):     2.0213 (@STP Estd.)



      TOTAL ATOMIC CHARGE ON EACH ATOM (in ELECTRON CHARGE)

           C(    1):          0.000
           C(    2):          0.000
           C(    3):          0.000
           C(    4):          0.000
           C(    5):          0.000
           C(    6):          0.000
           H(    7):          0.000
           H(    8):          0.000
           H(    9):          0.000
           H(   10):          0.000
           H(   11):          0.000
           H(   12):          0.000
           H(   13):          0.000
           H(   14):          0.000
           H(   15):          0.000
           H(   16):          0.000
           H(   17):          0.000
           H(   18):          0.000
           H(   19):          0.000
           H(   20):          0.000

      -----------------------------------------------------------------

        END OF 2,3-dimethylbutane-g                                        


           TOTAL CPU TIME IS      0.13 SECONDS.

           THIS JOB COMPLETED AT    17:24:53
